 Diffraction intensities for potential:3x3unpristine10001.in                   
#    -27     7       1.0227723325E-005
#    -27     8       7.4794033762E-006
#    -27     9       3.6427952650E-006
#    -27    10       5.1574568897E-006
#    -26     3       2.9147041627E-006
#    -26     4       9.1593605436E-007
#    -26     5       5.1934575797E-006
#    -26     6       1.2768747060E-006
#    -26     7       1.3779450662E-006
#    -26     8       9.2656135560E-006
#    -26     9       4.0148415953E-006
#    -26    10       7.0866570213E-006
#    -26    11       9.3029636995E-006
#    -26    12       2.9508959895E-006
#    -26    13       2.8788953900E-005
#    -25     1       4.0691668050E-007
#    -25     2       1.4217819159E-006
#    -25     3       9.5281815131E-006
#    -25     4       9.3458118033E-006
#    -25     5       6.9805231680E-006
#    -25     6       3.4625794766E-006
#    -25     7       3.4039086304E-006
#    -25     8       3.9020910268E-005
#    -25     9       1.2937178133E-006
#    -25    10       8.5468661322E-006
#    -25    11       2.6415909850E-005
#    -25    12       7.7324887342E-006
#    -25    13       1.0755477035E-005
#    -25    14       7.3506909304E-006
#    -24    -1       2.3481949931E-006
#    -24     0       4.3575902627E-006
#    -24     1       7.2673255948E-006
#    -24     2       3.1763661217E-006
#    -24     3       1.6387921279E-005
#    -24     4       8.7099151530E-006
#    -24     5       1.5905783027E-005
#    -24     6       2.3900686445E-005
#    -24     7       1.3905237867E-005
#    -24     8       1.5032427318E-005
#    -24     9       7.0970076116E-006
#    -24    10       6.9332838129E-005
#    -24    11       5.4140822567E-005
#    -24    12       9.6274314277E-006
#    -24    13       1.8974737372E-005
#    -24    14       1.4350381891E-005
#    -24    15       1.9046404025E-005
#    -23    -3       1.7910484962E-008
#    -23    -2       5.4521102982E-006
#    -23    -1       2.8630288615E-005
#    -23     0       4.3588925387E-006
#    -23     1       4.6766044232E-006
#    -23     2       3.7464407654E-005
#    -23     3       3.5471402053E-006
#    -23     4       3.7812111997E-006
#    -23     5       8.6075503340E-005
#    -23     6       2.5294326111E-005
#    -23     7       3.0728435513E-006
#    -23     8       8.0353201481E-005
#    -23     9       1.8039714278E-005
#    -23    10       6.6110717120E-005
#    -23    11       1.3053948380E-005
#    -23    12       1.1531880011E-005
#    -23    13       1.4336002803E-004
#    -23    14       1.5080073027E-005
#    -23    15       1.4761177517E-005
#    -22    -4       4.7664015463E-006
#    -22    -3       2.7433988313E-005
#    -22    -2       3.4617199197E-006
#    -22    -1       2.0207976236E-005
#    -22     0       7.1368511162E-005
#    -22     1       1.4189972717E-005
#    -22     2       2.6966899337E-005
#    -22     3       2.4044758492E-005
#    -22     4       2.2964997909E-005
#    -22     5       9.4087270897E-005
#    -22     6       1.0664158688E-006
#    -22     7       8.1011381695E-005
#    -22     8       2.4557842511E-004
#    -22     9       9.9316765398E-006
#    -22    10       2.3703948135E-005
#    -22    11       1.0601022558E-004
#    -22    12       5.1300245903E-005
#    -22    13       9.0263426583E-005
#    -22    14       1.8215635864E-005
#    -22    15       4.5569213888E-005
#    -22    16       7.1274633975E-005
#    -21    -5       5.4523888347E-006
#    -21    -4       1.7336408452E-005
#    -21    -3       3.2990330405E-005
#    -21    -2       4.5770921644E-005
#    -21    -1       9.2651935382E-006
#    -21     0       6.8932924282E-005
#    -21     1       7.3150655802E-005
#    -21     2       1.5572683260E-005
#    -21     3       1.1557387645E-004
#    -21     4       7.8471376407E-005
#    -21     5       9.7173326592E-005
#    -21     6       9.1953942443E-005
#    -21     7       9.8810303190E-005
#    -21     8       6.2874730595E-005
#    -21     9       2.6062316487E-005
#    -21    10       2.3922353992E-004
#    -21    11       1.7119412727E-004
#    -21    12       1.0787515602E-004
#    -21    13       7.0108669808E-005
#    -21    14       4.7353541498E-005
#    -21    15       1.2975797779E-004
#    -21    16       6.4373869034E-006
#    -20    -7       7.7933050564E-006
#    -20    -6       8.9695525180E-006
#    -20    -5       1.9836973161E-005
#    -20    -4       6.5974831687E-005
#    -20    -3       2.9298613171E-005
#    -20    -2       7.6999921239E-005
#    -20    -1       2.1109619499E-004
#    -20     0       1.2476490564E-006
#    -20     1       6.0341807358E-005
#    -20     2       1.7522230181E-004
#    -20     3       9.3341443324E-005
#    -20     4       2.9343617844E-006
#    -20     5       2.4563279608E-004
#    -20     6       7.5437684555E-005
#    -20     7       3.9219815225E-005
#    -20     8       2.1819855199E-004
#    -20     9       4.1218939200E-005
#    -20    10       3.1842068944E-004
#    -20    11       2.1237713399E-005
#    -20    12       3.7362079050E-005
#    -20    13       4.4911116665E-004
#    -20    14       4.2196247538E-005
#    -20    15       1.7924806468E-005
#    -20    16       1.7204290061E-004
#    -19    -8       3.0156268694E-006
#    -19    -7       8.2219203611E-006
#    -19    -6       8.9875792556E-005
#    -19    -5       3.7093184415E-005
#    -19    -4       4.2707656524E-005
#    -19    -3       2.5554143533E-004
#    -19    -2       2.9684538857E-005
#    -19    -1       2.1515371307E-004
#    -19     0       1.5928802708E-004
#    -19     1       1.1048240695E-004
#    -19     2       1.0690751503E-004
#    -19     3       1.6135632490E-005
#    -19     4       1.0893289905E-004
#    -19     5       3.2550507365E-004
#    -19     6       1.3725104296E-006
#    -19     7       2.0150571368E-004
#    -19     8       4.3983462933E-004
#    -19     9       6.8190630249E-005
#    -19    10       7.3959221719E-005
#    -19    11       9.1586647793E-005
#    -19    12       7.9967355570E-005
#    -19    13       1.3433366933E-004
#    -19    14       3.9661136494E-005
#    -19    15       8.4340024410E-005
#    -19    16       2.6065834778E-004
#    -18    -9       1.0146777281E-006
#    -18    -8       2.3301801747E-005
#    -18    -7       2.0344283092E-005
#    -18    -6       8.5906992580E-005
#    -18    -5       2.4691615243E-004
#    -18    -4       8.0665837931E-005
#    -18    -3       1.0100120470E-004
#    -18    -2       1.9400287188E-004
#    -18    -1       1.4975001279E-005
#    -18     0       1.3994136004E-004
#    -18     1       4.1584288478E-004
#    -18     2       2.1206128580E-004
#    -18     3       3.4541429421E-004
#    -18     4       1.0940802763E-004
#    -18     5       1.9575143057E-004
#    -18     6       3.4027848807E-004
#    -18     7       3.0976519208E-004
#    -18     8       2.4227045909E-004
#    -18     9       2.6091157672E-004
#    -18    10       5.2016873653E-004
#    -18    11       2.8919759347E-004
#    -18    12       6.1653938875E-004
#    -18    13       2.5305202567E-005
#    -18    14       9.7337588155E-006
#    -18    15       2.0704357419E-004
#    -18    16       4.9967804084E-005
#    -17   -10       6.3386679613E-006
#    -17    -9       2.1633533863E-005
#    -17    -8       2.9674137786E-005
#    -17    -7       1.1713949387E-004
#    -17    -6       4.0795172038E-005
#    -17    -5       3.1315143065E-004
#    -17    -4       6.0187793140E-004
#    -17    -3       9.0513624141E-005
#    -17    -2       1.0598506893E-004
#    -17    -1       2.8377065812E-004
#    -17     0       1.2596730577E-004
#    -17     1       2.1536050723E-004
#    -17     2       3.6910240519E-004
#    -17     3       1.8286743064E-004
#    -17     4       2.9862424345E-005
#    -17     5       3.2778922607E-004
#    -17     6       5.9368417429E-005
#    -17     7       3.7049127220E-004
#    -17     8       2.6757581538E-004
#    -17     9       3.1354361372E-005
#    -17    10       4.8601991946E-004
#    -17    11       2.6504513133E-005
#    -17    12       1.1272741517E-004
#    -17    13       4.2120031007E-004
#    -17    14       1.3992561558E-004
#    -17    15       6.6947692409E-005
#    -17    16       3.1086386185E-004
#    -16   -10       5.5546113391E-006
#    -16    -9       8.3316697322E-005
#    -16    -8       9.8774203725E-005
#    -16    -7       9.0861494411E-005
#    -16    -6       4.1999729014E-004
#    -16    -5       3.1570094399E-005
#    -16    -4       6.6496539892E-004
#    -16    -3       7.5665048324E-004
#    -16    -2       9.1431651547E-005
#    -16    -1       2.0830376365E-004
#    -16     0       7.5707543929E-005
#    -16     1       3.7860760747E-004
#    -16     2       3.5538217972E-004
#    -16     3       9.4337937337E-005
#    -16     4       5.2633437719E-004
#    -16     5       3.4247363250E-004
#    -16     6       6.3285419901E-005
#    -16     7       3.7839572188E-004
#    -16     8       4.3719418359E-004
#    -16     9       2.0401258586E-004
#    -16    10       2.3521627954E-004
#    -16    11       1.1889152441E-005
#    -16    12       9.2804614448E-005
#    -16    13       4.0278401777E-004
#    -16    14       6.1171695532E-004
#    -16    15       9.0761225697E-005
#    -16    16       6.6239974413E-004
#    -15   -11       1.8565626411E-005
#    -15   -10       2.0230963576E-005
#    -15    -9       2.6766071252E-005
#    -15    -8       2.8837019237E-004
#    -15    -7       1.0960094316E-004
#    -15    -6       2.2377496375E-004
#    -15    -5       6.1696670179E-004
#    -15    -4       1.2899436476E-005
#    -15    -3       2.0668514119E-004
#    -15    -2       1.2822803835E-003
#    -15    -1       3.7427148115E-005
#    -15     0       1.1929849169E-003
#    -15     1       3.5831005468E-004
#    -15     2       5.9488425026E-004
#    -15     3       1.0227299946E-003
#    -15     4       6.1038100423E-004
#    -15     5       2.4431213243E-004
#    -15     6       9.5750370176E-004
#    -15     7       7.8869314610E-004
#    -15     8       5.3652547050E-004
#    -15     9       1.3425333689E-003
#    -15    10       2.6398203565E-004
#    -15    11       7.1652691531E-005
#    -15    12       1.2708810814E-003
#    -15    13       7.1245258150E-005
#    -15    14       4.5767369100E-004
#    -15    15       2.4880214322E-004
#    -15    16       5.0808520310E-005
#    -14   -12       7.9085757099E-006
#    -14   -11       2.9032707758E-005
#    -14   -10       8.0501719822E-005
#    -14    -9       6.4941501372E-005
#    -14    -8       1.3837843963E-004
#    -14    -7       4.7255718808E-004
#    -14    -6       1.2307838710E-004
#    -14    -5       4.7352922350E-004
#    -14    -4       8.9880047170E-004
#    -14    -3       1.6382167093E-005
#    -14    -2       1.1752406451E-003
#    -14    -1       7.6623140006E-004
#    -14     0       8.4143577371E-004
#    -14     1       4.2605835024E-005
#    -14     2       3.1225852934E-005
#    -14     3       9.6138430095E-006
#    -14     4       1.0186822876E-004
#    -14     5       9.7029364145E-004
#    -14     6       2.3697328899E-005
#    -14     7       3.8487474023E-004
#    -14     8       4.3671910417E-004
#    -14     9       2.3604695908E-004
#    -14    10       4.8789770006E-004
#    -14    11       6.4853526768E-005
#    -14    12       5.3414664372E-004
#    -14    13       1.1818075980E-003
#    -14    14       7.6344956014E-004
#    -14    15       5.9507354917E-005
#    -14    16       3.8677641653E-004
#    -13   -13       3.0921248362E-006
#    -13   -12       1.7989185285E-005
#    -13   -11       6.1020798473E-005
#    -13   -10       8.7925399108E-005
#    -13    -9       3.8845876017E-004
#    -13    -8       2.5595157048E-004
#    -13    -7       4.5834225131E-004
#    -13    -6       7.3570873168E-004
#    -13    -5       1.0646577726E-004
#    -13    -4       1.2065065474E-003
#    -13    -3       4.3691421526E-004
#    -13    -2       9.4049293773E-004
#    -13    -1       8.5901249056E-004
#    -13     0       1.6015577220E-003
#    -13     1       7.6052365377E-004
#    -13     2       2.2854562609E-004
#    -13     3       1.3938873417E-004
#    -13     4       2.0106229496E-003
#    -13     5       2.2613888532E-004
#    -13     6       6.9018444827E-006
#    -13     7       5.8666264802E-004
#    -13     8       5.2896352993E-004
#    -13     9       4.3633334138E-004
#    -13    10       2.8997707933E-004
#    -13    11       4.7630159346E-004
#    -13    12       3.7613205320E-005
#    -13    13       5.6238018340E-004
#    -13    14       1.5523534795E-003
#    -13    15       1.1190788206E-005
#    -12   -13       1.0864303447E-005
#    -12   -12       9.2166912599E-006
#    -12   -11       1.4937073516E-004
#    -12   -10       3.1185890728E-005
#    -12    -9       3.7332455140E-004
#    -12    -8       1.2263991642E-003
#    -12    -7       1.6032034498E-004
#    -12    -6       5.9028220003E-004
#    -12    -5       9.0227829894E-004
#    -12    -4       2.2169129429E-004
#    -12    -3       5.9021673120E-004
#    -12    -2       1.9174474733E-003
#    -12    -1       2.1923774419E-004
#    -12     0       3.5469551323E-003
#    -12     1       5.2492405408E-004
#    -12     2       6.4928228152E-004
#    -12     3       4.2057548082E-003
#    -12     4       1.0078402751E-003
#    -12     5       6.5031955819E-004
#    -12     6       3.0587616152E-003
#    -12     7       5.1732385527E-004
#    -12     8       5.1177771618E-004
#    -12     9       2.0407336578E-003
#    -12    10       1.2894829882E-005
#    -12    11       3.2248643381E-004
#    -12    12       2.2464568043E-003
#    -12    13       4.2421875115E-004
#    -12    14       1.0441707708E-003
#    -12    15       7.4875169946E-005
#    -11   -14       1.8601237722E-005
#    -11   -13       4.3782188505E-005
#    -11   -12       2.4392276801E-005
#    -11   -11       1.3374052388E-004
#    -11   -10       4.1388484592E-004
#    -11    -9       2.2790604550E-005
#    -11    -8       6.2595697629E-004
#    -11    -7       1.5215260675E-003
#    -11    -6       3.0841187339E-004
#    -11    -5       5.5948567132E-004
#    -11    -4       3.9362014805E-004
#    -11    -3       3.1361307602E-004
#    -11    -2       1.2511792050E-003
#    -11    -1       1.4507235363E-003
#    -11     0       5.6997809767E-004
#    -11     1       3.0737674972E-004
#    -11     2       1.2357615120E-003
#    -11     3       9.0365098659E-004
#    -11     4       3.0571132099E-004
#    -11     5       1.2922097462E-003
#    -11     6       5.6261983797E-004
#    -11     7       6.7058182850E-004
#    -11     8       8.2062313007E-004
#    -11     9       5.5114282826E-004
#    -11    10       2.9503433773E-004
#    -11    11       1.2798243893E-003
#    -11    12       1.7513154338E-003
#    -11    13       1.2078743591E-003
#    -11    14       8.1614805846E-004
#    -10   -14       6.1254896871E-005
#    -10   -13       3.5542736247E-005
#    -10   -12       2.5205697581E-005
#    -10   -11       2.5534128018E-004
#    -10   -10       5.9830059395E-004
#    -10    -9       4.3144923390E-004
#    -10    -8       1.1520289698E-004
#    -10    -7       1.8290541564E-003
#    -10    -6       2.1790395224E-003
#    -10    -5       2.3158697257E-005
#    -10    -4       6.1912153783E-004
#    -10    -3       1.4912173036E-003
#    -10    -2       2.4649350977E-003
#    -10    -1       6.0974672951E-004
#    -10     0       1.2608139955E-003
#    -10     1       2.1105586689E-003
#    -10     2       6.6686141907E-005
#    -10     3       9.7500974381E-004
#    -10     4       3.6780958505E-003
#    -10     5       4.4148761320E-004
#    -10     6       5.6121184246E-004
#    -10     7       2.2581992020E-004
#    -10     8       1.4468633064E-003
#    -10     9       4.6346384070E-004
#    -10    10       2.2324824024E-005
#    -10    11       2.8591532895E-003
#    -10    12       3.0973427969E-004
#    -10    13       1.6294206400E-004
#    -10    14       8.2423384986E-004
#     -9   -15       2.4619749675E-006
#     -9   -14       6.5422422005E-005
#     -9   -13       1.3991932225E-004
#     -9   -12       4.3706443067E-005
#     -9   -11       3.9287842479E-004
#     -9   -10       1.7773014733E-004
#     -9    -9       1.2500892961E-003
#     -9    -8       1.9924008962E-003
#     -9    -7       2.5454181470E-006
#     -9    -6       4.0222624955E-003
#     -9    -5       2.6653497920E-003
#     -9    -4       2.6410285244E-004
#     -9    -3       7.7140547335E-003
#     -9    -2       1.7979354949E-004
#     -9    -1       9.0150569640E-004
#     -9     0       8.3408427909E-003
#     -9     1       1.1170339261E-003
#     -9     2       4.0202128536E-004
#     -9     3       9.1327670950E-003
#     -9     4       9.6479148934E-004
#     -9     5       6.6046382301E-004
#     -9     6       3.1896841894E-003
#     -9     7       9.3197546049E-004
#     -9     8       4.2471340399E-004
#     -9     9       2.4649394036E-003
#     -9    10       1.4312194330E-004
#     -9    11       1.8634421676E-003
#     -9    12       1.7957137099E-003
#     -9    13       1.5666149383E-003
#     -8   -15       1.7179780080E-005
#     -8   -14       4.0975159297E-005
#     -8   -13       3.4154190890E-004
#     -8   -12       1.0497101378E-005
#     -8   -11       2.6789520098E-004
#     -8   -10       6.2394230444E-004
#     -8    -9       3.8228054991E-005
#     -8    -8       7.9719897872E-004
#     -8    -7       9.1295075128E-004
#     -8    -6       3.9603102003E-004
#     -8    -5       1.9883180248E-003
#     -8    -4       1.3904557707E-003
#     -8    -3       3.0317596447E-003
#     -8    -2       4.1934994078E-004
#     -8    -1       1.7758082177E-004
#     -8     0       9.4144067193E-004
#     -8     1       3.6283164968E-004
#     -8     2       3.7172464687E-003
#     -8     3       7.2336101403E-004
#     -8     4       1.4201111880E-003
#     -8     5       3.3412192231E-003
#     -8     6       4.6060251520E-003
#     -8     7       3.4116016616E-004
#     -8     8       2.1120797320E-003
#     -8     9       3.3133666204E-003
#     -8    10       2.9449162086E-004
#     -8    11       1.7333457891E-003
#     -8    12       1.0295676313E-003
#     -8    13       7.8512609504E-004
#     -7   -15       2.4682378506E-005
#     -7   -14       1.3865713321E-004
#     -7   -13       2.3211253160E-004
#     -7   -12       1.2085876174E-004
#     -7   -11       6.2032175380E-004
#     -7   -10       9.9897047728E-004
#     -7    -9       1.2621175362E-004
#     -7    -8       3.6235738833E-005
#     -7    -7       2.1373372350E-003
#     -7    -6       2.1702133866E-003
#     -7    -5       5.3502270349E-004
#     -7    -4       1.4876421082E-003
#     -7    -3       5.6119193591E-003
#     -7    -2       2.3252855634E-003
#     -7    -1       7.5086413404E-005
#     -7     0       6.6588688556E-004
#     -7     1       7.1133721746E-003
#     -7     2       6.1708454203E-004
#     -7     3       1.2620632392E-004
#     -7     4       9.2660294387E-004
#     -7     5       2.4731061285E-003
#     -7     6       2.3014545430E-003
#     -7     7       7.4041003618E-004
#     -7     8       3.9763348786E-003
#     -7     9       2.5904188285E-003
#     -7    10       7.3912629839E-004
#     -7    11       2.0915157446E-003
#     -7    12       3.5785643923E-005
#     -6   -16       5.4149755822E-005
#     -6   -15       1.1217160948E-004
#     -6   -14       7.7804132109E-005
#     -6   -13       2.7696820474E-004
#     -6   -12       1.3811790695E-004
#     -6   -11       8.3760431751E-004
#     -6   -10       6.2800624715E-004
#     -6    -9       2.5971189835E-003
#     -6    -8       1.0466464353E-003
#     -6    -7       2.2221959348E-004
#     -6    -6       1.1013184181E-002
#     -6    -5       1.9661677753E-003
#     -6    -4       3.1693812509E-004
#     -6    -3       2.0105136238E-002
#     -6    -2       2.3331466168E-003
#     -6    -1       7.8690576002E-004
#     -6     0       1.5987153793E-002
#     -6     1       4.5216696765E-004
#     -6     2       1.0107385259E-003
#     -6     3       9.7280653790E-003
#     -6     4       1.1043795775E-003
#     -6     5       5.5268013938E-005
#     -6     6       3.7658208071E-003
#     -6     7       1.3734884956E-004
#     -6     8       7.9291906316E-004
#     -6     9       7.1429243294E-003
#     -6    10       3.4135468655E-004
#     -6    11       2.4388363945E-003
#     -5   -16       1.3555507247E-005
#     -5   -15       3.7576435872E-005
#     -5   -14       1.1780483772E-004
#     -5   -13       9.3820369579E-004
#     -5   -12       4.5975270679E-006
#     -5   -11       3.0832434397E-004
#     -5   -10       1.6466879560E-003
#     -5    -9       1.4337333185E-005
#     -5    -8       6.7606495932E-004
#     -5    -7       9.3748720843E-006
#     -5    -6       5.4631972911E-004
#     -5    -5       1.6953791624E-003
#     -5    -4       1.7167362357E-003
#     -5    -3       2.6930695684E-003
#     -5    -2       2.7016276105E-004
#     -5    -1       3.4894308386E-003
#     -5     0       8.6517392484E-003
#     -5     1       1.7240544243E-003
#     -5     2       2.8016148873E-004
#     -5     3       2.3164131609E-003
#     -5     4       5.4593632262E-004
#     -5     5       2.2701517416E-003
#     -5     6       2.5158926659E-003
#     -5     7       3.1876164180E-003
#     -5     8       2.5499338735E-003
#     -5     9       8.8703361337E-003
#     -5    10       1.7286253149E-004
#     -5    11       1.6593923975E-003
#     -4   -16       3.8655476156E-005
#     -4   -15       5.1337284275E-005
#     -4   -14       3.2283462679E-004
#     -4   -13       9.5826795659E-004
#     -4   -12       1.6895900322E-004
#     -4   -11       1.3244140208E-003
#     -4   -10       1.0471619041E-003
#     -4    -9       2.6699842208E-004
#     -4    -8       9.9557717835E-004
#     -4    -7       4.0937584770E-004
#     -4    -6       1.1931115772E-004
#     -4    -5       1.4876503296E-003
#     -4    -4       8.1795204721E-005
#     -4    -3       5.0102570924E-004
#     -4    -2       9.8690442784E-004
#     -4    -1       7.2148601980E-005
#     -4     0       6.0071440244E-004
#     -4     1       9.6906578029E-004
#     -4     2       7.2859845943E-004
#     -4     3       8.7233631021E-004
#     -4     4       6.6412380996E-005
#     -4     5       9.3617870569E-004
#     -4     6       6.7375599942E-003
#     -4     7       4.3174504622E-003
#     -4     8       5.4013916591E-003
#     -4     9       2.2516937264E-003
#     -4    10       5.1057275957E-004
#     -3   -16       3.5541552446E-004
#     -3   -15       1.9554824593E-004
#     -3   -14       1.1757667049E-004
#     -3   -13       5.1677796182E-004
#     -3   -12       1.9798954693E-004
#     -3   -11       2.3197369345E-003
#     -3   -10       4.5117366836E-004
#     -3    -9       2.1729360273E-003
#     -3    -8       2.9382717564E-003
#     -3    -7       7.2881456480E-004
#     -3    -6       1.4334291465E-002
#     -3    -5       1.9380979256E-003
#     -3    -4       2.8876114608E-003
#     -3    -3       2.0538681430E-002
#     -3    -2       1.1333561640E-003
#     -3    -1       3.0629359363E-003
#     -3     0       3.0815433450E-003
#     -3     1       5.7939712841E-004
#     -3     2       8.2631204183E-005
#     -3     3       1.0196618189E-003
#     -3     4       8.3998295746E-004
#     -3     5       4.3993787451E-004
#     -3     6       8.5777775020E-003
#     -3     7       1.8543478871E-003
#     -3     8       1.9351844542E-003
#     -3     9       4.6954395692E-003
#     -2   -16       1.6471391808E-004
#     -2   -15       4.1567252276E-004
#     -2   -14       4.2227642321E-004
#     -2   -13       7.8688134104E-004
#     -2   -12       4.5757008528E-004
#     -2   -11       1.6056692870E-003
#     -2   -10       7.6378998635E-004
#     -2    -9       4.9401344870E-004
#     -2    -8       2.1813039715E-003
#     -2    -7       3.0587658026E-003
#     -2    -6       2.7550048945E-003
#     -2    -5       5.4591933070E-004
#     -2    -4       3.9087871121E-003
#     -2    -3       2.0969240364E-004
#     -2    -2       9.4221527935E-004
#     -2    -1       3.3905844661E-003
#     -2     0       4.5365552164E-003
#     -2     1       1.9755979670E-003
#     -2     2       2.4472747924E-003
#     -2     3       2.6943003178E-003
#     -2     4       4.1297362068E-003
#     -2     5       1.0759338940E-003
#     -2     6       1.6682268260E-002
#     -2     7       9.1932676455E-004
#     -2     8       5.8656007972E-003
#     -1   -16       1.2051180376E-004
#     -1   -15       1.6090340299E-004
#     -1   -14       6.1277059786E-004
#     -1   -13       9.9306882448E-004
#     -1   -12       2.0086552980E-004
#     -1   -11       2.0983286031E-003
#     -1   -10       8.9806316954E-004
#     -1    -9       6.4157440113E-005
#     -1    -8       2.1754300038E-003
#     -1    -7       9.8860988536E-004
#     -1    -6       9.0089756920E-005
#     -1    -5       1.9582971716E-003
#     -1    -4       1.1698233958E-003
#     -1    -3       9.1399594149E-004
#     -1    -2       4.4968635832E-003
#     -1    -1       1.6687605195E-003
#     -1     0       5.1052036114E-003
#     -1     1       6.8338448983E-003
#     -1     2       7.5517142023E-004
#     -1     3       1.2470667685E-002
#     -1     4       9.0777235487E-004
#     -1     5       2.2695397523E-003
#     -1     6       7.2653681501E-003
#     -1     7       1.9153699854E-004
#      0   -16       1.5490393513E-004
#      0   -15       3.2626549634E-004
#      0   -14       5.0903916494E-004
#      0   -13       5.6391374736E-004
#      0   -12       2.0433725721E-003
#      0   -11       7.6841273521E-004
#      0   -10       8.4870388537E-004
#      0    -9       1.5638597320E-002
#      0    -8       5.9747081593E-004
#      0    -7       8.3354987736E-004
#      0    -6       1.7778799249E-002
#      0    -5       3.3559624666E-003
#      0    -4       6.8269003823E-004
#      0    -3       1.1613170027E-002
#      0    -2       3.7605348434E-003
#      0    -1       1.0166718570E-004
#      0     0       1.1796180165E-002
#      0     1       1.7721568709E-003
#      0     2       1.1556755130E-003
#      0     3       3.4964413949E-003
#      0     4       2.5870162848E-003
#      0     5       7.7397980163E-004
#      0     6       1.7469159674E-004
#      1   -16       1.8317251571E-005
#      1   -15       1.8178123983E-004
#      1   -14       1.6579398058E-004
#      1   -13       1.5106466173E-004
#      1   -12       2.0415480202E-004
#      1   -11       2.2506711694E-004
#      1   -10       1.0426378196E-004
#      1    -9       1.0616791961E-003
#      1    -8       1.3806297540E-003
#      1    -7       3.2538595204E-004
#      1    -6       4.3208174816E-003
#      1    -5       5.1840889724E-003
#      1    -4       6.5755351578E-004
#      1    -3       2.3292376577E-003
#      1    -2       3.8627998044E-004
#      1    -1       2.5900431808E-004
#      1     0       2.5607355795E-003
#      1     1       1.2947076716E-003
#      1     2       4.2106450609E-003
#      1     3       1.4834399019E-004
#      1     4       2.3914509048E-003
#      1     5       5.8530588452E-003
#      2   -16       1.4166486554E-004
#      2   -15       2.6068019171E-004
#      2   -14       4.7842900049E-004
#      2   -13       9.2484134002E-004
#      2   -12       1.4878254001E-004
#      2   -11       3.4078330915E-004
#      2   -10       1.0156541566E-004
#      2    -9       1.4312782691E-005
#      2    -8       1.3631725424E-004
#      2    -7       2.3638283892E-004
#      2    -6       9.7555876137E-003
#      2    -5       2.5352344447E-003
#      2    -4       9.3217138161E-004
#      2    -3       7.5609606361E-003
#      2    -2       5.9476661327E-003
#      2    -1       6.0282614841E-003
#      2     0       9.6140709887E-004
#      2     1       1.6909708842E-005
#      2     2       3.7029761397E-003
#      2     3       8.0235573876E-003
#      3   -15       6.2201953249E-005
#      3   -14       2.1198465852E-004
#      3   -13       5.1133759975E-004
#      3   -12       2.7656165133E-003
#      3   -11       3.8906956198E-006
#      3   -10       7.6659668962E-004
#      3    -9       1.4255533125E-002
#      3    -8       3.5026636740E-004
#      3    -7       8.3789751147E-004
#      3    -6       2.1234595325E-002
#      3    -5       2.6894550982E-003
#      3    -4       1.9660670311E-003
#      3    -3       1.9390725031E-003
#      3    -2       2.9952597217E-003
#      3    -1       3.4091866503E-003
#      3     0       6.0213575799E-002
#      3     1       1.7754683774E-003
#      3     2       2.9787775377E-005
#      4   -14       1.6967542628E-005
#      4   -13       3.1658747627E-003
#      4   -12       3.9489412821E-003
#      4   -11       5.1242187716E-004
#      4   -10       7.6900176812E-004
#      4    -9       7.3055401673E-003
#      4    -8       1.8138765799E-004
#      4    -7       1.4129097756E-003
#      4    -6       1.8953318909E-003
#      4    -5       1.6852591967E-003
#      4    -4       3.8627009638E-004
#      4    -3       2.3187453379E-003
#      4    -2       3.0189332393E-003
#      4    -1       4.3336655953E-003
#      4     0       6.4351764608E-004
#      5   -13       3.8104936816E-005
#      5   -12       4.5114075475E-004
#      5   -11       1.1278348179E-003
#      5   -10       6.3387203286E-004
#      5    -9       1.5868386131E-003
#      5    -8       7.4532915259E-004
#      5    -7       1.9172949388E-003
#      5    -6       1.7234351796E-002
#      5    -5       2.1655901208E-003
#      5    -4       6.9150503532E-004
#      5    -3       8.8674467501E-003
#      5    -2       1.1267076765E-003
#      6   -11       1.0241055105E-003
#      6   -10       6.7679961361E-004
#      6    -9       4.8743113766E-003
#      6    -8       3.7461235531E-003
#      6    -7       3.2717883515E-003
#      6    -6       8.1161392142E-003
#      6    -5       3.0316185014E-003
