 Diffraction intensities for potential:5x5MoS210001.in                         
#    -45    11       7.9393486533E-007
#    -45    12       1.5773614390E-005
#    -45    13       1.0854994484E-005
#    -45    14       1.6465937256E-005
#    -45    15       1.0524660879E-005
#    -45    16       1.4088223514E-005
#    -44     7       6.9659641560E-006
#    -44     8       6.5567333094E-006
#    -44     9       1.1876826679E-005
#    -44    10       5.4518591404E-006
#    -44    11       8.1408913180E-006
#    -44    12       2.2603644039E-005
#    -44    13       1.0514814850E-005
#    -44    14       2.0921066515E-005
#    -44    15       1.2251833555E-005
#    -44    16       2.2123639562E-005
#    -44    17       9.0377507038E-006
#    -44    18       1.5913112512E-005
#    -44    19       7.8686231779E-006
#    -44    20       6.1936312135E-006
#    -43     4       5.5245821912E-006
#    -43     5       5.8377794411E-006
#    -43     6       7.0621313306E-006
#    -43     7       1.0063497173E-005
#    -43     8       1.2354567055E-005
#    -43     9       1.2495911051E-005
#    -43    10       1.2289924560E-005
#    -43    11       1.8738322342E-005
#    -43    12       2.2281555994E-005
#    -43    13       1.4314428268E-005
#    -43    14       2.2540481459E-005
#    -43    15       1.7968959616E-005
#    -43    16       1.3821440095E-005
#    -43    17       1.7622218703E-005
#    -43    18       4.9293588134E-005
#    -43    19       1.8424324912E-005
#    -43    20       1.7709211937E-005
#    -43    21       8.3903301312E-006
#    -43    22       1.9049151843E-005
#    -42     2       6.4998677061E-006
#    -42     3       7.2769738147E-006
#    -42     4       7.3374174170E-006
#    -42     5       5.7809895108E-006
#    -42     6       1.6517428550E-006
#    -42     7       5.5355830449E-006
#    -42     8       2.3357970046E-005
#    -42     9       1.4847146523E-005
#    -42    10       1.8960121241E-005
#    -42    11       2.1305380836E-005
#    -42    12       3.2249060330E-005
#    -42    13       4.9558573655E-005
#    -42    14       2.0354131539E-005
#    -42    15       2.1676380757E-005
#    -42    16       2.4563444132E-005
#    -42    17       2.6480649699E-005
#    -42    18       2.1592936095E-005
#    -42    19       2.9882831776E-005
#    -42    20       2.2626194947E-005
#    -42    21       1.7669838639E-005
#    -42    22       1.6265763192E-005
#    -42    23       2.8871482872E-005
#    -41     0       6.4411870683E-006
#    -41     1       5.9995771271E-006
#    -41     2       5.0118554245E-006
#    -41     3       1.1757645597E-005
#    -41     4       7.4462055987E-006
#    -41     5       9.9770138920E-006
#    -41     6       1.1200727715E-005
#    -41     7       1.5368203301E-005
#    -41     8       1.3196150634E-005
#    -41     9       1.9859463660E-005
#    -41    10       2.0971267540E-005
#    -41    11       3.2197864771E-005
#    -41    12       2.3389662717E-005
#    -41    13       2.6976939899E-005
#    -41    14       2.7394038740E-005
#    -41    15       2.9873846664E-005
#    -41    16       3.7538221148E-005
#    -41    17       2.8464044947E-005
#    -41    18       4.1357306655E-005
#    -41    19       3.2221833997E-005
#    -41    20       3.2007385331E-005
#    -41    21       3.0319938210E-005
#    -41    22       2.9326430097E-005
#    -41    23       1.6197259625E-005
#    -41    24       1.5133612014E-005
#    -40    -2       6.5017742511E-006
#    -40    -1       6.0017268371E-006
#    -40     0       1.3399073980E-005
#    -40     1       1.5061802053E-005
#    -40     2       2.6273362336E-005
#    -40     3       8.7022391146E-006
#    -40     4       1.6981558766E-005
#    -40     5       1.6435242976E-005
#    -40     6       1.4824188547E-005
#    -40     7       3.7435796420E-005
#    -40     8       2.2361808238E-005
#    -40     9       1.1366612867E-005
#    -40    10       4.0051484775E-005
#    -40    11       2.6205034168E-005
#    -40    12       3.7908967162E-005
#    -40    13       3.9334492418E-005
#    -40    14       6.1925355986E-005
#    -40    15       2.4671644110E-005
#    -40    16       3.8324588969E-005
#    -40    17       4.9130908614E-005
#    -40    18       4.5015924056E-005
#    -40    19       4.5478094755E-005
#    -40    20       2.0314408221E-005
#    -40    21       4.7231273402E-005
#    -40    22       4.8521747448E-006
#    -40    23       1.2916489320E-005
#    -40    24       2.6895401847E-005
#    -40    25       5.0438323920E-006
#    -39    -4       5.5253163619E-006
#    -39    -3       7.2763939265E-006
#    -39    -2       5.0118562070E-006
#    -39    -1       1.5061138830E-005
#    -39     0       4.3947458587E-006
#    -39     1       1.2320497613E-005
#    -39     2       1.1488716759E-005
#    -39     3       8.7696487269E-006
#    -39     4       1.9307760205E-005
#    -39     5       1.2779414212E-005
#    -39     6       1.6246815386E-005
#    -39     7       2.2211696996E-005
#    -39     8       1.8218880778E-005
#    -39     9       2.7024977552E-005
#    -39    10       2.3587385168E-005
#    -39    11       3.9686535359E-005
#    -39    12       4.3836513233E-005
#    -39    13       3.3259947198E-005
#    -39    14       4.4299229490E-005
#    -39    15       4.6333053436E-005
#    -39    16       5.2640448891E-005
#    -39    17       4.3034405044E-005
#    -39    18       6.5623032580E-005
#    -39    19       4.8974356785E-005
#    -39    20       2.9593516506E-005
#    -39    21       3.1090855909E-005
#    -39    22       2.6485448145E-005
#    -39    23       4.3148196419E-005
#    -39    24       4.1679768267E-005
#    -39    25       5.4677023754E-005
#    -39    26       1.2106127331E-005
#    -38    -5       5.8393127096E-006
#    -38    -4       7.3386336179E-006
#    -38    -3       1.1760043048E-005
#    -38    -2       2.6275523758E-005
#    -38    -1       1.2320937758E-005
#    -38     0       1.0195128240E-005
#    -38     1       6.5205543832E-006
#    -38     2       1.5103837034E-005
#    -38     3       2.4350772377E-005
#    -38     4       2.0540321515E-005
#    -38     5       2.0212181002E-005
#    -38     6       1.6351586007E-005
#    -38     7       2.1832369170E-005
#    -38     8       1.6950704827E-005
#    -38     9       2.9064425549E-005
#    -38    10       3.0855179216E-005
#    -38    11       3.7944047107E-005
#    -38    12       3.8123497268E-005
#    -38    13       5.9169598995E-005
#    -38    14       4.2729791485E-005
#    -38    15       4.6554563201E-005
#    -38    16       3.6952587271E-005
#    -38    17       5.1260336631E-005
#    -38    18       9.9291921598E-005
#    -38    19       5.1269807425E-005
#    -38    20       4.4885174632E-005
#    -38    21       4.0165403860E-005
#    -38    22       4.3719547764E-005
#    -38    23       1.2112317892E-005
#    -38    24       5.3289201822E-005
#    -38    25       1.5245945233E-005
#    -38    26       1.9303544476E-005
#    -37    -7       6.9687023535E-006
#    -37    -6       7.0631904882E-006
#    -37    -5       5.7821790675E-006
#    -37    -4       7.4476047030E-006
#    -37    -3       8.7020891476E-006
#    -37    -2       1.1488449948E-005
#    -37    -1       6.5199450553E-006
#    -37     0       9.2742075095E-006
#    -37     1       1.0340019870E-005
#    -37     2       1.5363084228E-005
#    -37     3       2.0266290575E-005
#    -37     4       2.2352651092E-005
#    -37     5       2.0903673520E-005
#    -37     6       1.7378832303E-005
#    -37     7       2.3100411251E-005
#    -37     8       3.4517594751E-005
#    -37     9       2.6227904182E-005
#    -37    10       3.0747995028E-005
#    -37    11       3.3838229870E-005
#    -37    12       3.9048450481E-005
#    -37    13       4.0397344113E-005
#    -37    14       3.6037974081E-005
#    -37    15       3.9702855644E-005
#    -37    16       4.4962854494E-005
#    -37    17       4.7693261417E-005
#    -37    18       4.3534761997E-005
#    -37    19       5.0515245833E-005
#    -37    20       4.4032827023E-005
#    -37    21       3.6609725645E-005
#    -37    22       2.5604798717E-005
#    -37    23       4.5572561615E-005
#    -37    24       3.0241712292E-005
#    -37    25       1.5196066380E-005
#    -37    26       1.2012099293E-005
#    -37    27       3.0416124668E-005
#    -36    -8       6.5591214555E-006
#    -36    -7       1.0067140166E-005
#    -36    -6       1.6522500522E-006
#    -36    -5       9.9769355074E-006
#    -36    -4       1.6981829504E-005
#    -36    -3       8.7686417658E-006
#    -36    -2       1.5101730650E-005
#    -36    -1       1.0338881108E-005
#    -36     0       1.1805458435E-005
#    -36     1       1.3897460972E-005
#    -36     2       1.8139354188E-005
#    -36     3       2.6599155958E-005
#    -36     4       2.4877455087E-005
#    -36     5       2.3550426534E-005
#    -36     6       2.4176442611E-005
#    -36     7       2.3388433096E-005
#    -36     8       2.2309071889E-005
#    -36     9       2.5249047712E-005
#    -36    10       2.3126569124E-005
#    -36    11       2.7977672014E-005
#    -36    12       2.2870078261E-005
#    -36    13       3.0145336863E-005
#    -36    14       2.9754975902E-005
#    -36    15       4.0331934107E-005
#    -36    16       4.5365450418E-005
#    -36    17       4.7161018133E-005
#    -36    18       4.8943461545E-005
#    -36    19       4.7307446334E-005
#    -36    20       4.0948149955E-005
#    -36    21       4.6027824884E-005
#    -36    22       3.6895866435E-005
#    -36    23       3.4745834456E-005
#    -36    24       4.5581730305E-005
#    -36    25       1.7437428741E-005
#    -36    26       1.2136305019E-005
#    -36    27       1.9010219299E-005
#    -35    -9       1.1881705683E-005
#    -35    -8       1.2359415137E-005
#    -35    -7       5.5358511538E-006
#    -35    -6       1.1197816005E-005
#    -35    -5       1.6429559938E-005
#    -35    -4       1.9303138894E-005
#    -35    -3       2.4346623417E-005
#    -35    -2       1.5360903894E-005
#    -35    -1       1.3896173491E-005
#    -35     0       5.0411571680E-005
#    -35     1       2.4270720562E-005
#    -35     2       4.1138295747E-005
#    -35     3       2.6873282023E-005
#    -35     4       2.1956705159E-005
#    -35     5       2.7464718512E-006
#    -35     6       2.2807812393E-005
#    -35     7       2.5946593728E-005
#    -35     8       2.1751539108E-005
#    -35     9       2.0323286935E-005
#    -35    10       1.6043231278E-004
#    -35    11       1.5235545532E-005
#    -35    12       2.5636863039E-005
#    -35    13       2.1470542492E-005
#    -35    14       3.2404351274E-005
#    -35    15       1.7165188581E-004
#    -35    16       3.9099753360E-005
#    -35    17       2.3799580430E-005
#    -35    18       2.9332252347E-005
#    -35    19       4.5704416232E-005
#    -35    20       8.1504966914E-005
#    -35    21       6.6126065449E-005
#    -35    22       3.2223089105E-005
#    -35    23       5.9585923945E-005
#    -35    24       4.9282675724E-005
#    -35    25       3.6472538123E-005
#    -35    26       6.3215898035E-005
#    -35    27       6.2266177161E-005
#    -34   -11       7.9542299512E-007
#    -34   -10       5.4540049928E-006
#    -34    -9       1.2498879601E-005
#    -34    -8       2.3353357486E-005
#    -34    -7       1.5363494439E-005
#    -34    -6       1.4817369675E-005
#    -34    -5       1.2772244603E-005
#    -34    -4       2.0532582773E-005
#    -34    -3       2.0258538980E-005
#    -34    -2       1.8136699861E-005
#    -34    -1       2.4268162028E-005
#    -34     0       2.1730587529E-005
#    -34     1       2.7963490840E-005
#    -34     2       2.8425086629E-005
#    -34     3       2.7557477281E-005
#    -34     4       2.7412969456E-005
#    -34     5       1.8441101177E-005
#    -34     6       1.8758632191E-005
#    -34     7       1.6130221904E-005
#    -34     8       8.0878228223E-006
#    -34     9       1.1897612423E-005
#    -34    10       1.2311529208E-005
#    -34    11       1.5868885668E-005
#    -34    12       1.4880429399E-005
#    -34    13       2.2102535524E-005
#    -34    14       2.4151701526E-005
#    -34    15       2.2891305697E-005
#    -34    16       2.5653476745E-005
#    -34    17       3.3895711992E-005
#    -34    18       4.7763074593E-005
#    -34    19       2.3183890179E-005
#    -34    20       3.8395674839E-005
#    -34    21       2.7744516821E-005
#    -34    22       4.1360705090E-005
#    -34    23       6.0576226969E-005
#    -34    24       8.4806846866E-005
#    -34    25       1.5518561269E-005
#    -34    26       4.9451559001E-005
#    -34    27       1.4400942812E-005
#    -33   -12       1.5783400146E-005
#    -33   -11       8.1436013375E-006
#    -33   -10       1.2290972394E-005
#    -33    -9       1.4846459783E-005
#    -33    -8       1.3190036178E-005
#    -33    -7       3.7424013647E-005
#    -33    -6       1.6235721097E-005
#    -33    -5       2.0201828224E-005
#    -33    -4       2.2344985300E-005
#    -33    -3       2.6594267629E-005
#    -33    -2       4.1139236145E-005
#    -33    -1       2.7963890681E-005
#    -33     0       2.8626048097E-005
#    -33     1       2.5485337835E-005
#    -33     2       3.3662022468E-005
#    -33     3       3.3073957350E-005
#    -33     4       2.3692657277E-005
#    -33     5       1.6877073089E-005
#    -33     6       1.1935154904E-005
#    -33     7       8.5526337961E-006
#    -33     8       9.0547648847E-006
#    -33     9       8.7082907310E-006
#    -33    10       1.1344415456E-005
#    -33    11       1.0353731831E-005
#    -33    12       1.3405735471E-005
#    -33    13       2.1318603537E-005
#    -33    14       2.0905821088E-005
#    -33    15       1.8195559444E-005
#    -33    16       2.4760132713E-005
#    -33    17       3.3308994983E-005
#    -33    18       1.7612910466E-005
#    -33    19       2.0978916760E-005
#    -33    20       1.5778077295E-005
#    -33    21       2.8345798659E-005
#    -33    22       4.6935576853E-005
#    -33    23       4.3037382504E-005
#    -33    24       2.2493861616E-005
#    -33    25       6.7068552892E-005
#    -33    26       3.8698734843E-005
#    -33    27       2.3797002247E-005
#    -32   -13       1.0859698403E-005
#    -32   -12       2.2608893454E-005
#    -32   -11       1.8735342825E-005
#    -32   -10       1.8955162194E-005
#    -32    -9       1.9847349982E-005
#    -32    -8       2.2344094060E-005
#    -32    -7       2.2195365791E-005
#    -32    -6       1.6342161772E-005
#    -32    -5       2.0895456825E-005
#    -32    -4       2.4873735129E-005
#    -32    -3       2.6874409615E-005
#    -32    -2       2.8429607541E-005
#    -32    -1       2.5488385362E-005
#    -32     0       2.9919241813E-005
#    -32     1       2.9745424626E-005
#    -32     2       2.4527023467E-005
#    -32     3       2.2444761004E-005
#    -32     4       1.5355925097E-005
#    -32     5       1.1150896502E-005
#    -32     6       7.7401392772E-006
#    -32     7       7.3111660784E-006
#    -32     8       9.4846858446E-006
#    -32     9       6.4529044323E-006
#    -32    10       6.5818629581E-006
#    -32    11       7.4001956460E-006
#    -32    12       7.2021437731E-006
#    -32    13       8.6509884905E-006
#    -32    14       1.1364318108E-005
#    -32    15       1.1321071035E-005
#    -32    16       1.3083913136E-005
#    -32    17       9.2974783918E-006
#    -32    18       2.8355248677E-005
#    -32    19       9.4612979108E-006
#    -32    20       1.1395709937E-005
#    -32    21       1.5018404217E-005
#    -32    22       3.1554904342E-005
#    -32    23       5.8718559483E-005
#    -32    24       4.2824746977E-005
#    -32    25       5.0626423277E-005
#    -32    26       4.5272820631E-005
#    -32    27       4.9802571839E-005
#    -32    28       7.4039371328E-005
#    -31   -14       1.6464600122E-005
#    -31   -13       1.0518747234E-005
#    -31   -12       2.2284869762E-005
#    -31   -11       2.1296860063E-005
#    -31   -10       2.0954376247E-005
#    -31    -9       1.1350409297E-005
#    -31    -8       1.8201422513E-005
#    -31    -7       2.1818315395E-005
#    -31    -6       1.7372446435E-005
#    -31    -5       2.3549910471E-005
#    -31    -4       2.1960052879E-005
#    -31    -3       2.7566438835E-005
#    -31    -2       3.3671264785E-005
#    -31    -1       2.9750641754E-005
#    -31     0       2.8748239579E-005
#    -31     1       2.3415014212E-005
#    -31     2       2.2395022418E-005
#    -31     3       1.6537965626E-005
#    -31     4       1.2470569729E-005
#    -31     5       8.3531961845E-006
#    -31     6       8.8839146884E-006
#    -31     7       6.9610859617E-006
#    -31     8       5.7056038319E-006
#    -31     9       3.1182514388E-006
#    -31    10       3.1595308237E-006
#    -31    11       3.7807006099E-006
#    -31    12       3.3073167940E-006
#    -31    13       3.3745174550E-006
#    -31    14       1.6597615270E-006
#    -31    15       2.6272405680E-006
#    -31    16       6.7997606551E-006
#    -31    17       6.0441607955E-006
#    -31    18       3.6582808144E-006
#    -31    19       5.9732866317E-006
#    -31    20       4.9955806834E-006
#    -31    21       2.5953818046E-005
#    -31    22       4.6796933617E-005
#    -31    23       3.2914017415E-005
#    -31    24       4.7818504682E-005
#    -31    25       4.3112975739E-005
#    -31    26       2.8855013882E-005
#    -31    27       8.7886742966E-006
#    -31    28       4.1980000236E-005
#    -30   -15       1.0529173735E-005
#    -30   -14       2.0922600650E-005
#    -30   -13       1.4311258443E-005
#    -30   -12       3.2234742302E-005
#    -30   -11       3.2172983484E-005
#    -30   -10       4.0019898532E-005
#    -30    -9       2.7003423253E-005
#    -30    -8       1.6938567894E-005
#    -30    -7       2.3098908547E-005
#    -30    -6       2.4187896923E-005
#    -30    -5       2.7435524135E-006
#    -30    -4       2.7427642361E-005
#    -30    -3       3.3090592578E-005
#    -30    -2       2.4537879435E-005
#    -30    -1       2.3420227034E-005
#    -30     0       3.9857272305E-004
#    -30     1       2.0400406727E-005
#    -30     2       1.9902603600E-005
#    -30     3       1.1069534616E-005
#    -30     4       6.4897969997E-006
#    -30     5       7.9449410120E-004
#    -30     6       1.2022289173E-005
#    -30     7       1.3216814504E-005
#    -30     8       6.1106182475E-006
#    -30     9       1.5260298502E-006
#    -30    10       9.0320953878E-004
#    -30    11       5.0324620075E-006
#    -30    12       5.2295377075E-006
#    -30    13       7.6299090890E-006
#    -30    14       2.1201780326E-006
#    -30    15       6.3510106702E-004
#    -30    16       4.2927154688E-006
#    -30    17       3.8077696876E-006
#    -30    18       5.1184417989E-006
#    -30    19       1.7471442057E-007
#    -30    20       4.5319340864E-005
#    -30    21       4.9583195646E-005
#    -30    22       4.6338274411E-005
#    -30    23       1.1482884616E-004
#    -30    24       8.6087606149E-005
#    -30    25       4.3469260064E-005
#    -30    26       3.0384509233E-005
#    -30    27       3.2093070241E-005
#    -30    28       2.5671782889E-006
#    -29   -16       1.4088747792E-005
#    -29   -15       1.2253009655E-005
#    -29   -14       2.2536196713E-005
#    -29   -13       4.9548765620E-005
#    -29   -12       2.3369588340E-005
#    -29   -11       2.6181997812E-005
#    -29   -10       2.3568213858E-005
#    -29    -9       2.9054264261E-005
#    -29    -8       3.4523637756E-005
#    -29    -7       2.3399491019E-005
#    -29    -6       2.2826010537E-005
#    -29    -5       1.8458888532E-005
#    -29    -4       2.3713779100E-005
#    -29    -3       2.2460843911E-005
#    -29    -2       2.2407144783E-005
#    -29    -1       2.0403659704E-005
#    -29     0       1.6586838775E-005
#    -29     1       1.4562577185E-005
#    -29     2       1.2473232860E-005
#    -29     3       1.1194894495E-005
#    -29     4       1.2378053378E-005
#    -29     5       1.4619851296E-005
#    -29     6       1.8816617406E-005
#    -29     7       1.2664168130E-005
#    -29     8       3.7012271128E-006
#    -29     9       2.2716031817E-006
#    -29    10       5.9159720613E-006
#    -29    11       1.5819792026E-005
#    -29    12       1.7924720020E-005
#    -29    13       1.6404159782E-005
#    -29    14       2.5712910430E-005
#    -29    15       7.9106466648E-006
#    -29    16       4.2027939881E-006
#    -29    17       2.9802257524E-006
#    -29    18       1.9897203101E-006
#    -29    19       7.1581377289E-007
#    -29    20       1.3120300870E-005
#    -29    21       4.1500562880E-005
#    -29    22       3.9540610804E-005
#    -29    23       6.9227741066E-005
#    -29    24       7.1207288413E-005
#    -29    25       3.4706098676E-005
#    -29    26       2.4236985279E-005
#    -29    27       1.6901627783E-005
#    -28   -16       2.2124810744E-005
#    -28   -15       1.7965710367E-005
#    -28   -14       2.0343089071E-005
#    -28   -13       2.6957242201E-005
#    -28   -12       3.7881911378E-005
#    -28   -11       3.9662823425E-005
#    -28   -10       3.0850186267E-005
#    -28    -9       2.6236504022E-005
#    -28    -8       2.2327361379E-005
#    -28    -7       2.5974892101E-005
#    -28    -6       1.8784236451E-005
#    -28    -5       1.6901469693E-005
#    -28    -4       1.5377397346E-005
#    -28    -3       1.6553699161E-005
#    -28    -2       1.9910618602E-005
#    -28    -1       1.4562433689E-005
#    -28     0       1.3689517935E-005
#    -28     1       1.4276433875E-005
#    -28     2       1.5179626677E-005
#    -28     3       1.3035437330E-005
#    -28     4       1.7448577645E-005
#    -28     5       2.1970537138E-005
#    -28     6       2.1987422281E-005
#    -28     7       1.7896168315E-005
#    -28     8       8.2117739496E-006
#    -28     9       8.5529564012E-006
#    -28    10       2.1231951777E-005
#    -28    11       3.6211834684E-005
#    -28    12       4.7076991670E-005
#    -28    13       4.6940607060E-005
#    -28    14       4.4593448759E-005
#    -28    15       2.5036058436E-005
#    -28    16       1.4359665468E-005
#    -28    17       5.4652790741E-006
#    -28    18       1.3861948252E-005
#    -28    19       6.9918294077E-006
#    -28    20       1.1894755661E-005
#    -28    21       2.6600523592E-005
#    -28    22       6.2728584100E-005
#    -28    23       4.8201376717E-005
#    -28    24       6.2293034124E-005
#    -28    25       6.6107077607E-005
#    -28    26       3.8236736306E-005
#    -28    27       1.2388253075E-005
#    -27   -17       9.0384670339E-006
#    -27   -16       1.3818404365E-005
#    -27   -15       2.1668095713E-005
#    -27   -14       2.7375595782E-005
#    -27   -13       3.9306029430E-005
#    -27   -12       4.3814409513E-005
#    -27   -11       3.7941654861E-005
#    -27   -10       3.0763131233E-005
#    -27    -9       2.5273671075E-005
#    -27    -8       2.1783441686E-005
#    -27    -7       1.6161746944E-005
#    -27    -6       1.1962440019E-005
#    -27    -5       1.1174450218E-005
#    -27    -4       1.2488601088E-005
#    -27    -3       1.1075521638E-005
#    -27    -2       1.2469538005E-005
#    -27    -1       1.4271417686E-005
#    -27     0       1.6470197094E-005
#    -27     1       1.5990752399E-005
#    -27     2       1.3623864132E-005
#    -27     3       1.7122233527E-005
#    -27     4       1.9402160931E-005
#    -27     5       2.7562645169E-005
#    -27     6       2.8372122403E-005
#    -27     7       2.5015669424E-005
#    -27     8       1.9403046757E-005
#    -27     9       2.2826460409E-005
#    -27    10       3.9633758463E-005
#    -27    11       5.8335839257E-005
#    -27    12       8.1389708035E-005
#    -27    13       5.4689548926E-005
#    -27    14       5.0789975737E-005
#    -27    15       2.9222425704E-005
#    -27    16       1.6059298054E-005
#    -27    17       5.7043001157E-006
#    -27    18       1.1870843132E-005
#    -27    19       7.1470869447E-006
#    -27    20       1.3317050809E-005
#    -27    21       3.4378558964E-005
#    -27    22       5.4378912971E-005
#    -27    23       6.7377853225E-005
#    -27    24       6.9098025235E-005
#    -27    25       5.1786771287E-005
#    -27    26       3.4832204284E-005
#    -27    27       4.6241253412E-005
#    -26   -18       1.5909195060E-005
#    -26   -17       1.7618980101E-005
#    -26   -16       2.4557188558E-005
#    -26   -15       2.9858716474E-005
#    -26   -14       6.1901555123E-005
#    -26   -13       3.3242651154E-005
#    -26   -12       3.8123200272E-005
#    -26   -11       3.3859376695E-005
#    -26   -10       2.3159710251E-005
#    -26    -9       2.0362552169E-005
#    -26    -8       8.1140906066E-006
#    -26    -7       8.5776409422E-006
#    -26    -6       7.7605368398E-006
#    -26    -5       8.3683207086E-006
#    -26    -4       6.4934954551E-006
#    -26    -3       1.1188361180E-005
#    -26    -2       1.5166082548E-005
#    -26    -1       1.5982415139E-005
#    -26     0       1.5409884530E-005
#    -26     1       1.1075386680E-005
#    -26     2       1.0229649138E-005
#    -26     3       1.2246876756E-005
#    -26     4       2.1650905839E-005
#    -26     5       2.5488317202E-005
#    -26     6       2.7169714580E-005
#    -26     7       2.5196412071E-005
#    -26     8       2.0013895853E-005
#    -26     9       2.7794788534E-005
#    -26    10       3.2882800563E-005
#    -26    11       4.3382540702E-005
#    -26    12       5.3487972265E-005
#    -26    13       5.0606931341E-005
#    -26    14       2.8842666526E-005
#    -26    15       2.0867399623E-005
#    -26    16       1.3517088764E-005
#    -26    17       4.7242645124E-006
#    -26    18       8.5593451748E-006
#    -26    19       2.5694232522E-005
#    -26    20       2.4114899360E-005
#    -26    21       1.8141063229E-005
#    -26    22       3.6987019361E-005
#    -26    23       4.1875995694E-005
#    -26    24       1.1647832591E-004
#    -26    25       3.4841265503E-005
#    -26    26       9.5257243694E-005
#    -26    27       6.5017288994E-005
#    -25   -19       7.8679921225E-006
#    -25   -18       4.9294345609E-005
#    -25   -17       2.6478835775E-005
#    -25   -16       3.7528789370E-005
#    -25   -15       2.4658676162E-005
#    -25   -14       4.4286560085E-005
#    -25   -13       5.9181854319E-005
#    -25   -12       3.9074815995E-005
#    -25   -11       2.8021684311E-005
#    -25   -10       1.6053084840E-004
#    -25    -9       1.1926355147E-005
#    -25    -8       9.0633269725E-006
#    -25    -7       7.3244580907E-006
#    -25    -6       8.8891739990E-006
#    -25    -5       7.9475346544E-004
#    -25    -4       1.2366278854E-005
#    -25    -3       1.3016376923E-005
#    -25    -2       1.3607241670E-005
#    -25    -1       1.1067867404E-005
#    -25     0       2.3413939728E-003
#    -25     1       2.6163914765E-006
#    -25     2       4.1953752885E-006
#    -25     3       8.4934673131E-006
#    -25     4       1.2491418591E-005
#    -25     5       4.4793881982E-003
#    -25     6       1.9192186512E-005
#    -25     7       1.3482906527E-005
#    -25     8       1.4274818041E-005
#    -25     9       9.8242800754E-006
#    -25    10       4.8689481732E-003
#    -25    11       1.4738557954E-005
#    -25    12       3.3891791566E-005
#    -25    13       2.7850431475E-005
#    -25    14       1.9234956189E-005
#    -25    15       2.2847253897E-003
#    -25    16       1.4498511720E-005
#    -25    17       4.3099223349E-006
#    -25    18       1.0493414868E-005
#    -25    19       2.4111775813E-005
#    -25    20       7.7396624077E-004
#    -25    21       4.0575303129E-005
#    -25    22       5.0005602598E-005
#    -25    23       5.1942439814E-005
#    -25    24       3.1519801050E-005
#    -25    25       1.2774677380E-004
#    -25    26       5.0398632150E-005
#    -25    27       1.6601818405E-005
#    -24   -20       6.1913013521E-006
#    -24   -19       1.8423801619E-005
#    -24   -18       2.1591576178E-005
#    -24   -17       2.8459574449E-005
#    -24   -16       3.8314166731E-005
#    -24   -15       4.6325011151E-005
#    -24   -14       4.2734941450E-005
#    -24   -13       4.0426556126E-005
#    -24   -12       2.2907480901E-005
#    -24   -11       1.5267723474E-005
#    -24   -10       1.2331321978E-005
#    -24    -9       8.7145731411E-006
#    -24    -8       9.4877127064E-006
#    -24    -7       6.9602000695E-006
#    -24    -6       1.2019171783E-005
#    -24    -5       1.4606531305E-005
#    -24    -4       1.7426810686E-005
#    -24    -3       1.7097736246E-005
#    -24    -2       1.0216088732E-005
#    -24    -1       2.6129352796E-006
#    -24     0       9.0690255830E-007
#    -24     1       5.8264819343E-006
#    -24     2       1.1319251429E-005
#    -24     3       1.5573820969E-005
#    -24     4       9.6421113614E-006
#    -24     5       5.1122467988E-006
#    -24     6       2.8599503246E-006
#    -24     7       2.2639809288E-006
#    -24     8       3.7011159619E-006
#    -24     9       5.0407693080E-006
#    -24    10       1.2460112175E-005
#    -24    11       2.3262407884E-005
#    -24    12       3.8919393257E-005
#    -24    13       4.5896173337E-005
#    -24    14       2.8847120033E-005
#    -24    15       2.3029060875E-005
#    -24    16       2.3227534750E-005
#    -24    17       6.2546268318E-006
#    -24    18       1.2039886822E-005
#    -24    19       2.2169875234E-005
#    -24    20       4.4179683007E-005
#    -24    21       5.7283430700E-005
#    -24    22       5.4905623769E-005
#    -24    23       3.9295570395E-005
#    -24    24       9.8190953587E-005
#    -24    25       3.2141419401E-005
#    -24    26       4.2780945905E-005
#    -23   -20       1.7711925483E-005
#    -23   -19       2.9886678920E-005
#    -23   -18       4.1361066189E-005
#    -23   -17       4.9131077166E-005
#    -23   -16       5.2640160107E-005
#    -23   -15       4.6565884796E-005
#    -23   -14       3.6064982375E-005
#    -23   -13       3.0184787311E-005
#    -23   -12       2.5674836625E-005
#    -23   -11       1.5885368914E-005
#    -23   -10       1.1336830699E-005
#    -23    -9       6.4382199363E-006
#    -23    -8       5.6932264817E-006
#    -23    -7       1.3203769871E-005
#    -23    -6       1.8797072272E-005
#    -23    -5       2.1944790012E-005
#    -23    -4       1.9377097654E-005
#    -23    -3       1.2229815826E-005
#    -23    -2       4.1909712089E-006
#    -23    -1       5.8305630201E-006
#    -23     0       1.9647646547E-005
#    -23     1       3.3020244393E-005
#    -23     2       3.1123203192E-005
#    -23     3       2.2139696851E-005
#    -23     4       6.6576435465E-006
#    -23     5       1.1763857023E-006
#    -23     6       6.6131821819E-006
#    -23     7       1.7183160076E-005
#    -23     8       3.3847675448E-005
#    -23     9       3.7783492194E-005
#    -23    10       4.9544332824E-005
#    -23    11       6.0532341701E-005
#    -23    12       7.3727498447E-005
#    -23    13       8.8280820580E-005
#    -23    14       5.6513853495E-005
#    -23    15       3.9021372023E-005
#    -23    16       2.7124272592E-005
#    -23    17       1.7909722576E-005
#    -23    18       1.6683864826E-005
#    -23    19       3.0132339576E-005
#    -23    20       7.3853131173E-005
#    -23    21       4.8795448028E-005
#    -23    22       5.4185325128E-005
#    -23    23       7.7402326989E-005
#    -23    24       6.9747532907E-005
#    -23    25       2.5456129986E-005
#    -23    26       3.0394973254E-005
#    -22   -21       8.3924150035E-006
#    -22   -20       2.2630363603E-005
#    -22   -19       3.2228349756E-005
#    -22   -18       4.5022486365E-005
#    -22   -17       4.3041933710E-005
#    -22   -16       3.6962088715E-005
#    -22   -15       3.9726638405E-005
#    -22   -14       2.9786075695E-005
#    -22   -13       2.1498458856E-005
#    -22   -12       1.4887066686E-005
#    -22   -11       1.0335403542E-005
#    -22   -10       6.5578815231E-006
#    -22    -9       3.1020041138E-006
#    -22    -8       6.1008179509E-006
#    -22    -7       1.2651290610E-005
#    -22    -6       2.1965766299E-005
#    -22    -5       2.7533561252E-005
#    -22    -4       2.1628585943E-005
#    -22    -3       8.4878836682E-006
#    -22    -2       1.1328375814E-005
#    -22    -1       3.3031377979E-005
#    -22     0       5.2668507247E-005
#    -22     1       5.2315361780E-005
#    -22     2       3.4232376074E-005
#    -22     3       1.7744949964E-005
#    -22     4       1.0660020160E-005
#    -22     5       1.8146024635E-005
#    -22     6       3.5639357705E-005
#    -22     7       4.9199706812E-005
#    -22     8       7.1075113520E-005
#    -22     9       8.2965851397E-005
#    -22    10       9.5782810608E-005
#    -22    11       1.0568516163E-004
#    -22    12       1.0797419148E-004
#    -22    13       1.0864723958E-004
#    -22    14       7.5872628646E-005
#    -22    15       5.4475683161E-005
#    -22    16       4.3357123928E-005
#    -22    17       2.7811913147E-005
#    -22    18       3.1603393692E-005
#    -22    19       3.7677898945E-005
#    -22    20       5.8687644837E-005
#    -22    21       4.8793241931E-005
#    -22    22       1.2888727903E-004
#    -22    23       3.7646828385E-005
#    -22    24       4.3534191780E-005
#    -22    25       5.3431430421E-006
#    -22    26       2.9144114023E-005
#    -21   -22       1.9050953903E-005
#    -21   -21       1.7673818474E-005
#    -21   -20       3.2017395730E-005
#    -21   -19       4.5492076419E-005
#    -21   -18       6.5637153506E-005
#    -21   -17       5.1274753787E-005
#    -21   -16       4.4982592406E-005
#    -21   -15       4.0360019798E-005
#    -21   -14       3.2429109565E-005
#    -21   -13       2.2098228964E-005
#    -21   -12       1.3382367410E-005
#    -21   -11       7.3711742313E-006
#    -21   -10       3.1376225115E-006
#    -21    -9       1.5128909035E-006
#    -21    -8       3.7023106315E-006
#    -21    -7       1.7885620940E-005
#    -21    -6       2.8345907556E-005
#    -21    -5       2.5464463624E-005
#    -21    -4       1.2485398629E-005
#    -21    -3       1.5586213778E-005
#    -21    -2       3.1143681392E-005
#    -21    -1       5.2332147981E-005
#    -21     0       5.7423289713E-005
#    -21     1       4.0844047032E-005
#    -21     2       2.0375500047E-005
#    -21     3       1.2163664426E-005
#    -21     4       1.7631765200E-005
#    -21     5       3.6821425811E-005
#    -21     6       5.7257695098E-005
#    -21     7       7.8084039266E-005
#    -21     8       7.5955215326E-005
#    -21     9       8.6879878649E-005
#    -21    10       9.4278984822E-005
#    -21    11       1.1771944249E-004
#    -21    12       1.3398081271E-004
#    -21    13       1.0107253279E-004
#    -21    14       1.0678931888E-004
#    -21    15       6.7441446003E-005
#    -21    16       2.8699698919E-005
#    -21    17       1.0672310011E-005
#    -21    18       2.7932436545E-005
#    -21    19       3.5152352585E-005
#    -21    20       2.0093985001E-005
#    -21    21       6.3127369523E-005
#    -21    22       1.5555248957E-004
#    -21    23       8.2453430603E-005
#    -21    24       8.8424937434E-005
#    -21    25       4.7356753418E-005
#    -20   -22       1.6269658951E-005
#    -20   -21       3.0333101225E-005
#    -20   -20       2.0326588633E-005
#    -20   -19       4.8991194982E-005
#    -20   -18       9.9321199925E-005
#    -20   -17       4.7706417909E-005
#    -20   -16       4.5381538976E-005
#    -20   -15       1.7170991760E-004
#    -20   -14       2.4150263574E-005
#    -20   -13       2.1303565006E-005
#    -20   -12       7.1756664833E-006
#    -20   -11       3.7627204909E-006
#    -20   -10       9.0335088048E-004
#    -20    -9       2.2799674149E-006
#    -20    -8       8.2070450550E-006
#    -20    -7       2.4999238634E-005
#    -20    -6       2.7145712936E-005
#    -20    -5       4.4789391442E-003
#    -20    -4       9.6488243745E-006
#    -20    -3       2.2169311194E-005
#    -20    -2       3.4260293131E-005
#    -20    -1       4.0860448506E-005
#    -20     0       1.3074067305E-002
#    -20     1       9.6474559971E-006
#    -20     2       3.1369365056E-006
#    -20     3       8.5771420493E-006
#    -20     4       1.9200559455E-005
#    -20     5       1.5298767897E-002
#    -20     6       4.3748883429E-005
#    -20     7       3.8578306476E-005
#    -20     8       2.9562995091E-005
#    -20     9       3.9879606648E-005
#    -20    10       1.1492968304E-002
#    -20    11       1.0063821821E-004
#    -20    12       8.2326978373E-005
#    -20    13       7.8823217809E-005
#    -20    14       8.5792291257E-005
#    -20    15       2.9596715168E-003
#    -20    16       1.0153509043E-005
#    -20    17       3.0507220176E-005
#    -20    18       2.6843851004E-005
#    -20    19       1.1490157615E-005
#    -20    20       2.3441958776E-003
#    -20    21       9.0944519970E-005
#    -20    22       5.0785266853E-005
#    -20    23       5.2091844269E-005
#    -20    24       7.4826051927E-005
#    -20    25       4.9752631332E-004
#    -19   -23       2.8877246266E-005
#    -19   -22       2.9339663721E-005
#    -19   -21       4.7244049497E-005
#    -19   -20       2.9604433670E-005
#    -19   -19       5.1280887465E-005
#    -19   -18       4.3538420798E-005
#    -19   -17       4.7164009415E-005
#    -19   -16       3.9092186759E-005
#    -19   -15       2.2883898084E-005
#    -19   -14       2.0884032606E-005
#    -19   -13       8.6259565082E-006
#    -19   -12       3.2949662881E-006
#    -19   -11       5.0474298323E-006
#    -19   -10       5.9460876858E-006
#    -19    -9       8.5783462638E-006
#    -19    -8       1.9413590048E-005
#    -19    -7       2.5184462845E-005
#    -19    -6       1.9176994791E-005
#    -19    -5       5.1093592827E-006
#    -19    -4       6.6813353817E-006
#    -19    -3       1.7779503800E-005
#    -19    -2       2.0401329677E-005
#    -19    -1       9.6563689221E-006
#    -19     0       4.0725324524E-007
#    -19     1       5.1902369950E-006
#    -19     2       1.4072989295E-005
#    -19     3       2.0600954198E-005
#    -19     4       2.3569657423E-005
#    -19     5       1.1947044582E-005
#    -19     6       3.1217811873E-006
#    -19     7       4.6972622613E-006
#    -19     8       2.0207652901E-005
#    -19     9       4.3775332009E-005
#    -19    10       4.6472870497E-005
#    -19    11       4.6447965860E-005
#    -19    12       5.1062707141E-005
#    -19    13       4.3519396385E-005
#    -19    14       4.9952202411E-005
#    -19    15       7.1682617242E-005
#    -19    16       4.0376874102E-005
#    -19    17       4.7981389671E-005
#    -19    18       4.0109857082E-005
#    -19    19       8.3987484608E-006
#    -19    20       1.6450644968E-006
#    -19    21       1.7764690624E-005
#    -19    22       1.1954815800E-004
#    -19    23       1.7628921591E-004
#    -19    24       1.9881518001E-005
#    -19    25       7.0561568426E-005
#    -18   -23       1.6208821920E-005
#    -18   -22       4.8554748046E-006
#    -18   -21       3.1107650526E-005
#    -18   -20       4.4898973663E-005
#    -18   -19       5.0516512905E-005
#    -18   -18       4.8936490358E-005
#    -18   -17       2.3791175584E-005
#    -18   -16       2.5645245054E-005
#    -18   -15       1.8180552554E-005
#    -18   -14       1.1342984417E-005
#    -18   -13       3.3621199891E-006
#    -18   -12       5.2491409394E-006
#    -18   -11       1.5864991839E-005
#    -18   -10       2.1280355204E-005
#    -18    -9       2.2857644302E-005
#    -18    -8       2.0018069388E-005
#    -18    -7       1.3460375571E-005
#    -18    -6       2.8420065411E-006
#    -18    -5       1.1889747137E-006
#    -18    -4       1.0697423641E-005
#    -18    -3       1.2197841290E-005
#    -18    -2       3.1494081940E-006
#    -18    -1       5.1843787885E-006
#    -18     0       3.1315729747E-005
#    -18     1       6.5260443121E-005
#    -18     2       7.4362610469E-005
#    -18     3       4.8328928869E-005
#    -18     4       2.3060567068E-005
#    -18     5       1.1329021900E-005
#    -18     6       2.5054616110E-005
#    -18     7       4.6992227642E-005
#    -18     8       6.5346441115E-005
#    -18     9       5.9117532731E-005
#    -18    10       4.2714974452E-005
#    -18    11       1.5093840824E-005
#    -18    12       1.4046491330E-005
#    -18    13       3.0590599403E-005
#    -18    14       4.0525266126E-005
#    -18    15       2.2177068472E-005
#    -18    16       3.2415194513E-005
#    -18    17       2.5833466574E-005
#    -18    18       4.8665716655E-006
#    -18    19       3.2571527999E-006
#    -18    20       3.3609322246E-006
#    -18    21       6.4189266547E-005
#    -18    22       1.1324718927E-004
#    -18    23       2.4601381017E-005
#    -18    24       3.6487325536E-005
#    -17   -24       1.5142768559E-005
#    -17   -23       1.2928009179E-005
#    -17   -22       2.6497829432E-005
#    -17   -21       4.0174968376E-005
#    -17   -20       4.4034738955E-005
#    -17   -19       4.7291447185E-005
#    -17   -18       2.9319321862E-005
#    -17   -17       3.3878128038E-005
#    -17   -16       2.4742171029E-005
#    -17   -15       1.1304174003E-005
#    -17   -14       1.6531271059E-006
#    -17   -13       7.6525790514E-006
#    -17   -12       1.7966510636E-005
#    -17   -11       3.6270832047E-005
#    -17   -10       3.9682989069E-005
#    -17    -9       2.7813716117E-005
#    -17    -8       1.4255940913E-005
#    -17    -7       2.2419431921E-006
#    -17    -6       6.6159221373E-006
#    -17    -5       1.8185324798E-005
#    -17    -4       1.7675545252E-005
#    -17    -3       8.5940308825E-006
#    -17    -2       1.4062737152E-005
#    -17    -1       6.5238212127E-005
#    -17     0       1.3523280099E-004
#    -17     1       1.7106505722E-004
#    -17     2       1.4670045618E-004
#    -17     3       1.0544531206E-004
#    -17     4       7.3635440169E-005
#    -17     5       8.1944995611E-005
#    -17     6       9.9229314890E-005
#    -17     7       1.0592357332E-004
#    -17     8       1.1520587322E-004
#    -17     9       6.5415986402E-005
#    -17    10       2.0901376895E-005
#    -17    11       2.6053507676E-006
#    -17    12       1.5415050355E-005
#    -17    13       2.1474280540E-005
#    -17    14       1.3448633009E-005
#    -17    15       8.9734163387E-006
#    -17    16       2.8590684905E-006
#    -17    17       8.5217085022E-007
#    -17    18       1.9887102153E-006
#    -17    19       2.2533492871E-005
#    -17    20       5.9354036458E-005
#    -17    21       3.4478171669E-005
#    -17    22       4.1160109091E-006
#    -17    23       4.0576729842E-005
#    -17    24       4.5606418870E-005
#    -16   -24       2.6905496489E-005
#    -16   -23       4.3174283221E-005
#    -16   -22       4.3735409472E-005
#    -16   -21       3.6608744202E-005
#    -16   -20       4.0940211880E-005
#    -16   -19       4.5681400656E-005
#    -16   -18       4.7744027629E-005
#    -16   -17       3.3289430823E-005
#    -16   -16       1.3068993467E-005
#    -16   -15       2.6188462520E-006
#    -16   -14       2.1292430392E-006
#    -16   -13       1.6434957729E-005
#    -16   -12       4.7132230424E-005
#    -16   -11       5.8386148863E-005
#    -16   -10       3.2904814709E-005
#    -16    -9       9.8109965163E-006
#    -16    -8       3.6788258874E-006
#    -16    -7       1.7183541273E-005
#    -16    -6       3.5677269423E-005
#    -16    -5       3.6877501932E-005
#    -16    -4       1.9233469221E-005
#    -16    -3       2.0594548354E-005
#    -16    -2       7.4324706329E-005
#    -16    -1       1.7103262977E-004
#    -16     0       2.5500919982E-004
#    -16     1       2.5709650088E-004
#    -16     2       2.1726857353E-004
#    -16     3       1.6023454592E-004
#    -16     4       1.2621478416E-004
#    -16     5       1.3429688530E-004
#    -16     6       1.3576643643E-004
#    -16     7       1.5150246605E-004
#    -16     8       7.6315518647E-005
#    -16     9       3.2284327933E-005
#    -16    10       2.0559022425E-006
#    -16    11       1.0868846186E-005
#    -16    12       4.0390516595E-005
#    -16    13       8.2505654216E-006
#    -16    14       6.2928665865E-006
#    -16    15       2.8756749521E-006
#    -16    16       2.8470290933E-006
#    -16    17       3.6206336589E-006
#    -16    18       5.4679173580E-005
#    -16    19       1.6266583241E-005
#    -16    20       1.0177736232E-004
#    -16    21       1.2110408272E-004
#    -16    22       1.7812223110E-004
#    -16    23       6.8651355690E-005
#    -15   -25       5.0473343438E-006
#    -15   -24       4.1699720372E-005
#    -15   -23       1.2125381131E-005
#    -15   -22       2.5600117511E-005
#    -15   -21       4.6016572758E-005
#    -15   -20       8.1488265495E-005
#    -15   -19       2.3164017409E-005
#    -15   -18       1.7598538303E-005
#    -15   -17       9.2874784139E-006
#    -15   -16       6.7930266851E-006
#    -15   -15       6.3511568326E-004
#    -15   -14       2.5739068541E-005
#    -15   -13       4.6969232724E-005
#    -15   -12       8.1432407155E-005
#    -15   -11       4.3402191191E-005
#    -15   -10       4.8680922416E-003
#    -15    -9       5.0106318878E-006
#    -15    -8       3.3841055870E-005
#    -15    -7       4.9226717362E-005
#    -15    -6       5.7327486049E-005
#    -15    -5       1.5298134384E-002
#    -15    -4       2.3582304472E-005
#    -15    -3       4.8294717651E-005
#    -15    -2       1.4664578255E-004
#    -15    -1       2.5706031426E-004
#    -15     0       3.4619568221E-002
#    -15     1       3.2147093821E-004
#    -15     2       2.1868526785E-004
#    -15     3       1.3375883105E-004
#    -15     4       9.9644179735E-005
#    -15     5       2.8151023314E-002
#    -15     6       9.7238594172E-005
#    -15     7       5.5794209746E-005
#    -15     8       2.0961546522E-005
#    -15     9       2.7726203053E-007
#    -15    10       1.4683338320E-002
#    -15    11       7.6941419535E-005
#    -15    12       3.4112276571E-005
#    -15    13       1.6964213209E-005
#    -15    14       2.8348775697E-005
#    -15    15       1.5302666155E-002
#    -15    16       2.3552980760E-007
#    -15    17       5.0246212661E-005
#    -15    18       5.8178428221E-005
#    -15    19       1.7108457117E-005
#    -15    20       1.7622936647E-003
#    -15    21       2.1302416285E-004
#    -15    22       6.7579666185E-005
#    -15    23       1.2153989002E-004
#    -14   -25       5.4687495115E-005
#    -14   -24       5.3302879021E-005
#    -14   -23       4.5561633560E-005
#    -14   -22       3.6884323794E-005
#    -14   -21       6.6097198812E-005
#    -14   -20       3.8367433387E-005
#    -14   -19       2.0959040283E-005
#    -14   -18       2.8337379590E-005
#    -14   -17       6.0415739425E-006
#    -14   -16       4.2980951844E-006
#    -14   -15       7.9162124125E-006
#    -14   -14       4.4604798801E-005
#    -14   -13       5.4707780803E-005
#    -14   -12       5.3500250934E-005
#    -14   -11       1.4732485665E-005
#    -14   -10       1.2417471338E-005
#    -14    -9       3.7750699241E-005
#    -14    -8       7.1096131293E-005
#    -14    -7       7.8148967170E-005
#    -14    -6       4.3813832267E-005
#    -14    -5       1.1971590106E-005
#    -14    -4       2.3026131801E-005
#    -14    -3       1.0537449235E-004
#    -14    -2       2.1721094503E-004
#    -14    -1       3.2144026268E-004
#    -14     0       2.8419832324E-004
#    -14     1       1.7627063115E-004
#    -14     2       1.0993678164E-004
#    -14     3       4.7595068590E-005
#    -14     4       3.5860241354E-005
#    -14     5       2.5004764104E-005
#    -14     6       2.4880156910E-005
#    -14     7       1.2647205010E-005
#    -14     8       1.1125447140E-005
#    -14     9       3.8990713247E-005
#    -14    10       7.9698092335E-005
#    -14    11       6.9244672484E-005
#    -14    12       6.5359346150E-005
#    -14    13       2.1274711553E-005
#    -14    14       2.7688346775E-005
#    -14    15       6.9418492560E-005
#    -14    16       4.5528205694E-005
#    -14    17       7.7538742157E-005
#    -14    18       6.3641355513E-005
#    -14    19       2.9224522156E-005
#    -14    20       7.6200057188E-006
#    -14    21       4.6737078969E-004
#    -14    22       3.8974393798E-004
#    -13   -26       1.2111480271E-005
#    -13   -25       1.5249483690E-005
#    -13   -24       3.0246920458E-005
#    -13   -23       3.4738417645E-005
#    -13   -22       3.2201221032E-005
#    -13   -21       2.7722700584E-005
#    -13   -20       1.5759677338E-005
#    -13   -19       9.4502563083E-006
#    -13   -18       3.6557811330E-006
#    -13   -17       3.8171412298E-006
#    -13   -16       4.2089528962E-006
#    -13   -15       2.5037746722E-005
#    -13   -14       5.0784477398E-005
#    -13   -13       5.0594285499E-005
#    -13   -12       3.3864553228E-005
#    -13   -11       2.3214202574E-005
#    -13   -10       4.9498435829E-005
#    -13    -9       8.2954825347E-005
#    -13    -8       7.5991980240E-005
#    -13    -7       3.8627221321E-005
#    -13    -6       3.1366168915E-006
#    -13    -5       1.1287462795E-005
#    -13    -4       7.3548053886E-005
#    -13    -3       1.6015145959E-004
#    -13    -2       2.1864014504E-004
#    -13    -1       1.7626082863E-004
#    -13     0       9.7286557958E-005
#    -13     1       3.1819475613E-005
#    -13     2       4.9942684655E-006
#    -13     3       3.1389065390E-007
#    -13     4       1.1250703660E-005
#    -13     5       5.4492432246E-005
#    -13     6       9.5008641159E-005
#    -13     7       8.7979839463E-005
#    -13     8       1.1706082187E-004
#    -13     9       1.1659461070E-004
#    -13    10       1.3581374913E-004
#    -13    11       1.1427873411E-004
#    -13    12       9.0780349834E-005
#    -13    13       2.8205853816E-005
#    -13    14       4.6529650768E-005
#    -13    15       2.9230993010E-005
#    -13    16       6.0666662189E-005
#    -13    17       7.0417972793E-006
#    -13    18       1.0141685814E-005
#    -13    19       4.7090789865E-006
#    -13    20       9.2762851589E-005
#    -13    21       1.1240883967E-004
#    -12   -26       1.9310318761E-005
#    -12   -25       1.5194564944E-005
#    -12   -24       4.5580059267E-005
#    -12   -23       5.9563505778E-005
#    -12   -22       4.1336527982E-005
#    -12   -21       2.8321843740E-005
#    -12   -20       1.1381059636E-005
#    -12   -19       5.9697045237E-006
#    -12   -18       5.1278760217E-006
#    -12   -17       2.9782755165E-006
#    -12   -16       1.4353416666E-005
#    -12   -15       2.9209161110E-005
#    -12   -14       2.8823059299E-005
#    -12   -13       2.7823572956E-005
#    -12   -12       3.8874171844E-005
#    -12   -11       6.0482623629E-005
#    -12   -10       9.5755740348E-005
#    -12    -9       8.6896678173E-005
#    -12    -8       2.9582072153E-005
#    -12    -7       4.6947166475E-006
#    -12    -6       2.4987210364E-005
#    -12    -5       8.1837687726E-005
#    -12    -4       1.2611602139E-004
#    -12    -3       1.3370359876E-004
#    -12    -2       1.0992404724E-004
#    -12    -1       3.1820975539E-005
#    -12     0       6.7877624858E-007
#    -12     1       1.5384043513E-005
#    -12     2       5.2916234016E-005
#    -12     3       8.8749205232E-005
#    -12     4       1.6012820762E-004
#    -12     5       2.3023037964E-004
#    -12     6       2.7169459495E-004
#    -12     7       2.3328586616E-004
#    -12     8       2.2696436171E-004
#    -12     9       1.8452604031E-004
#    -12    10       1.9713942446E-004
#    -12    11       1.2716785485E-004
#    -12    12       7.7637336733E-005
#    -12    13       3.5326018638E-005
#    -12    14       3.4141261749E-005
#    -12    15       3.5229391118E-005
#    -12    16       6.4322817772E-005
#    -12    17       5.6083948129E-005
#    -12    18       4.7731674210E-005
#    -12    19       2.7863546404E-005
#    -12    20       7.0919746484E-005
#    -12    21       2.1588399781E-004
#    -11   -26       1.2010934768E-005
#    -11   -25       1.7426964517E-005
#    -11   -24       4.9265590637E-005
#    -11   -23       6.0555851159E-005
#    -11   -22       4.6902739412E-005
#    -11   -21       1.4999966543E-005
#    -11   -20       4.9853357453E-006
#    -11   -19       1.7579411171E-007
#    -11   -18       1.9821742387E-006
#    -11   -17       5.4554664394E-006
#    -11   -16       1.6042594453E-005
#    -11   -15       2.0846529986E-005
#    -11   -14       1.9214357960E-005
#    -11   -13       4.5864652093E-005
#    -11   -12       7.3692872228E-005
#    -11   -11       1.0566136380E-004
#    -11   -10       9.4268163035E-005
#    -11    -9       3.9875921775E-005
#    -11    -8       2.0172120757E-005
#    -11    -7       4.6911782676E-005
#    -11    -6       9.9111187010E-005
#    -11    -5       1.3418278685E-004
#    -11    -4       9.9578114823E-005
#    -11    -3       4.7577701079E-005
#    -11    -2       4.9963791430E-006
#    -11    -1       1.5384038454E-005
#    -11     0       8.7151541816E-005
#    -11     1       1.5764755380E-004
#    -11     2       2.2245325465E-004
#    -11     3       2.8818832262E-004
#    -11     4       3.5637008702E-004
#    -11     5       3.6663577365E-004
#    -11     6       2.9284498538E-004
#    -11     7       2.7495465984E-004
#    -11     8       1.8240258002E-004
#    -11     9       1.7622628223E-004
#    -11    10       1.7112912068E-004
#    -11    11       1.0488876571E-004
#    -11    12       1.0434051663E-005
#    -11    13       7.0094475590E-005
#    -11    14       7.5682149437E-005
#    -11    15       6.2442104340E-005
#    -11    16       4.7591535664E-005
#    -11    17       8.0449185507E-006
#    -11    18       1.3571655291E-004
#    -11    19       1.3298724971E-004
#    -11    20       6.1066074339E-005
#    -10   -27       3.0416688577E-005
#    -10   -26       1.2133240026E-005
#    -10   -25       3.6463864495E-005
#    -10   -24       8.4779629954E-005
#    -10   -23       4.3018736572E-005
#    -10   -22       3.1534049958E-005
#    -10   -21       2.5930956484E-005
#    -10   -20       4.5358775416E-005
#    -10   -19       7.1557541259E-007
#    -10   -18       1.3838927878E-005
#    -10   -17       5.6916795447E-006
#    -10   -16       1.3500657758E-005
#    -10   -15       2.2845731277E-003
#    -10   -14       2.8844142945E-005
#    -10   -13       8.8276846351E-005
#    -10   -12       1.0797317704E-004
#    -10   -11       1.1771215302E-004
#    -10   -10       1.1493320774E-002
#    -10    -9       4.3742869239E-005
#    -10    -8       6.5273748728E-005
#    -10    -7       1.0581666578E-004
#    -10    -6       1.3566502440E-004
#    -10    -5       2.8152740375E-002
#    -10    -4       3.5836745799E-005
#    -10    -3       3.1674902320E-007
#    -10    -2       5.2917515538E-005
#    -10    -1       1.5763868947E-004
#    -10     0       4.5623802544E-002
#    -10     1       4.1778812612E-004
#    -10     2       3.6591301236E-004
#    -10     3       3.0246882069E-004
#    -10     4       3.0515054037E-004
#    -10     5       2.2825717930E-002
#    -10     6       3.0441833144E-004
#    -10     7       1.7591249164E-004
#    -10     8       1.5718761905E-004
#    -10     9       1.4193326263E-004
#    -10    10       1.8596852756E-002
#    -10    11       2.4736980383E-005
#    -10    12       4.1591053062E-005
#    -10    13       7.6217891106E-005
#    -10    14       1.6408995480E-004
#    -10    15       2.5549329362E-002
#    -10    16       8.2526245671E-005
#    -10    17       1.7913146194E-004
#    -10    18       1.1864518925E-004
#    -10    19       1.5481419867E-004
#     -9   -27       1.9005163383E-005
#     -9   -26       6.3218726814E-005
#     -9   -25       1.5510932335E-005
#     -9   -24       2.2485001022E-005
#     -9   -23       5.8680272445E-005
#     -9   -22       4.6771287483E-005
#     -9   -21       4.9565301435E-005
#     -9   -20       1.3098771920E-005
#     -9   -19       6.9716519303E-006
#     -9   -18       1.1847842704E-005
#     -9   -17       4.7200238349E-006
#     -9   -16       1.4507228921E-005
#     -9   -15       2.3039300550E-005
#     -9   -14       5.6536008476E-005
#     -9   -13       1.0867453706E-004
#     -9   -12       1.3400055063E-004
#     -9   -11       1.0064155222E-004
#     -9   -10       4.6464364582E-005
#     -9    -9       5.9075429530E-005
#     -9    -8       1.1512357831E-004
#     -9    -7       1.5141106487E-004
#     -9    -6       9.7177452663E-005
#     -9    -5       2.5002812375E-005
#     -9    -4       1.1270848488E-005
#     -9    -3       8.8748972287E-005
#     -9    -2       2.2243552155E-004
#     -9    -1       4.1776889314E-004
#     -9     0       3.8805232862E-004
#     -9     1       3.3791953305E-004
#     -9     2       2.7017113305E-004
#     -9     3       1.4485295296E-004
#     -9     4       1.6034878368E-004
#     -9     5       1.2992383279E-004
#     -9     6       4.5203344777E-005
#     -9     7       1.0621846635E-004
#     -9     8       1.1226462924E-004
#     -9     9       8.0047965148E-005
#     -9    10       4.3216574167E-005
#     -9    11       1.4723605213E-004
#     -9    12       1.6338563297E-005
#     -9    13       2.5072098570E-005
#     -9    14       6.0579709705E-005
#     -9    15       2.0853412847E-004
#     -9    16       1.0040140271E-004
#     -9    17       3.4260972427E-004
#     -9    18       2.3458143184E-004
#     -9    19       3.6512812749E-006
#     -8   -27       6.2262974695E-005
#     -8   -26       4.9438741810E-005
#     -8   -25       6.7047383322E-005
#     -8   -24       4.2797823875E-005
#     -8   -23       3.2899007717E-005
#     -8   -22       4.6335342029E-005
#     -8   -21       4.1493725614E-005
#     -8   -20       1.1878268088E-005
#     -8   -19       7.1332115764E-006
#     -8   -18       8.5454500849E-006
#     -8   -17       4.3127129397E-006
#     -8   -16       2.3245737131E-005
#     -8   -15       3.9057502756E-005
#     -8   -14       7.5925093661E-005
#     -8   -13       1.0112457280E-004
#     -8   -12       8.2364692157E-005
#     -8   -11       4.6467254662E-005
#     -8   -10       4.2706592306E-005
#     -8    -9       6.5378029254E-005
#     -8    -8       7.6271630302E-005
#     -8    -7       5.5771694024E-005
#     -8    -6       2.4912616433E-005
#     -8    -5       5.4535368703E-005
#     -8    -4       1.6014268500E-004
#     -8    -3       2.8816369248E-004
#     -8    -2       3.6587484539E-004
#     -8    -1       3.3790025971E-004
#     -8     0       2.5309232112E-004
#     -8     1       1.3556500764E-004
#     -8     2       6.7202701463E-005
#     -8     3       3.5328429821E-005
#     -8     4       1.5554532939E-005
#     -8     5       1.0973721487E-005
#     -8     6       2.6590160256E-005
#     -8     7       5.1204354169E-005
#     -8     8       3.0450228745E-005
#     -8     9       2.6218998501E-005
#     -8    10       5.4906694388E-005
#     -8    11       6.6298685453E-005
#     -8    12       1.5367598423E-004
#     -8    13       1.6366293773E-005
#     -8    14       3.5555673067E-005
#     -8    15       8.5909613086E-005
#     -8    16       2.7938232894E-004
#     -8    17       2.8860906153E-004
#     -8    18       1.0002430348E-004
#     -7   -27       1.4396134493E-005
#     -7   -26       3.8687645406E-005
#     -7   -25       5.0608749656E-005
#     -7   -24       4.7790852722E-005
#     -7   -23       1.1481686403E-004
#     -7   -22       3.9548212616E-005
#     -7   -21       2.6612366599E-005
#     -7   -20       1.3316910652E-005
#     -7   -19       2.5685714395E-005
#     -7   -18       1.0515993555E-005
#     -7   -17       6.2779024306E-006
#     -7   -16       2.7173420890E-005
#     -7   -15       5.4540904859E-005
#     -7   -14       1.0687158563E-004
#     -7   -13       7.8881980702E-005
#     -7   -12       5.1105011802E-005
#     -7   -11       1.5114348407E-005
#     -7   -10       2.0893553069E-005
#     -7    -9       3.2273766373E-005
#     -7    -8       2.0964324660E-005
#     -7    -7       1.2671341434E-005
#     -7    -6       9.5053504097E-005
#     -7    -5       2.3024549539E-004
#     -7    -4       3.5634362392E-004
#     -7    -3       3.0242582750E-004
#     -7    -2       2.7013846349E-004
#     -7    -1       1.3555909194E-004
#     -7     0       7.7344368758E-005
#     -7     1       2.3922677899E-005
#     -7     2       1.1843948243E-005
#     -7     3       2.4249823360E-006
#     -7     4       5.5356169656E-005
#     -7     5       9.3582507935E-005
#     -7     6       1.1562647609E-004
#     -7     7       8.1814676953E-005
#     -7     8       2.8412681941E-005
#     -7     9       1.6766762891E-005
#     -7    10       1.2660734954E-004
#     -7    11       2.3353323584E-004
#     -7    12       1.7395910604E-004
#     -7    13       2.4687631193E-006
#     -7    14       5.7494407410E-005
#     -7    15       1.5879944244E-004
#     -7    16       2.3789744285E-004
#     -7    17       3.8508171833E-005
#     -6   -27       2.3793137310E-005
#     -6   -26       4.5259908686E-005
#     -6   -25       4.3100851644E-005
#     -6   -24       8.6090920769E-005
#     -6   -23       6.9249443949E-005
#     -6   -22       6.2763122403E-005
#     -6   -21       3.4409290834E-005
#     -6   -20       2.4146104668E-005
#     -6   -19       2.4155027433E-005
#     -6   -18       1.2077335437E-005
#     -6   -17       1.7957766268E-005
#     -6   -16       4.3429073522E-005
#     -6   -15       6.7524134979E-005
#     -6   -14       8.5872253568E-005
#     -6   -13       4.3558269874E-005
#     -6   -12       1.4069935591E-005
#     -6   -11       2.6165478004E-006
#     -6   -10       2.0457314012E-006
#     -6    -9       2.8117124723E-007
#     -6    -8       1.1131156980E-005
#     -6    -7       8.8002155087E-005
#     -6    -6       2.7169918872E-004
#     -6    -5       3.6660530161E-004
#     -6    -4       3.0510200578E-004
#     -6    -3       1.4481951964E-004
#     -6    -2       6.7191149753E-005
#     -6    -1       2.3922187394E-005
#     -6     0       1.4842953364E-005
#     -6     1       4.0838232061E-005
#     -6     2       8.6828318878E-005
#     -6     3       1.2282287309E-004
#     -6     4       2.1465397658E-004
#     -6     5       2.2747076686E-004
#     -6     6       1.0137369314E-004
#     -6     7       1.7465123850E-005
#     -6     8       2.4552887905E-005
#     -6     9       1.2606118953E-004
#     -6    10       4.3486748780E-004
#     -6    11       5.9753421982E-004
#     -6    12       2.7241156058E-004
#     -6    13       1.0258793566E-004
#     -6    14       2.6649405351E-005
#     -6    15       2.2563872660E-004
#     -6    16       3.6186463712E-004
#     -5   -27       4.9791876463E-005
#     -5   -26       2.8849344871E-005
#     -5   -25       4.3493659353E-005
#     -5   -24       7.1212505871E-005
#     -5   -23       4.8238312094E-005
#     -5   -22       5.4419646740E-005
#     -5   -21       1.8180216379E-005
#     -5   -20       7.7419414395E-004
#     -5   -19       2.2222863317E-005
#     -5   -18       1.6731509115E-005
#     -5   -17       2.7875603352E-005
#     -5   -16       2.8761913875E-005
#     -5   -15       2.9590586679E-003
#     -5   -14       5.0011140643E-005
#     -5   -13       3.0619544150E-005
#     -5   -12       1.5429806168E-005
#     -5   -11       1.0848718521E-005
#     -5   -10       1.4684239293E-002
#     -5    -9       3.8965844580E-005
#     -5    -8       1.1704010809E-004
#     -5    -7       2.3327398120E-004
#     -5    -6       2.9280455269E-004
#     -5    -5       2.2826069412E-002
#     -5    -4       1.6030420451E-004
#     -5    -3       3.5312075857E-005
#     -5    -2       1.1850422210E-005
#     -5    -1       4.0845854286E-005
#     -5     0       1.0065030408E-002
#     -5     1       7.9070334394E-005
#     -5     2       1.3283268482E-004
#     -5     3       1.3156491888E-004
#     -5     4       1.6263020786E-004
#     -5     5       3.7859106619E-003
#     -5     6       1.8655400993E-004
#     -5     7       3.5290243961E-005
#     -5     8       2.4625916856E-004
#     -5     9       4.0680358901E-004
#     -5    10       7.5698165485E-002
#     -5    11       1.9334584298E-004
#     -5    12       2.1128781846E-004
#     -5    13       9.3978981342E-005
#     -5    14       1.8197075672E-004
#     -5    15       2.4587224085E-002
#     -4   -28       7.4028776957E-005
#     -4   -27       8.7856688717E-006
#     -4   -26       3.0382396671E-005
#     -4   -25       3.4721961798E-005
#     -4   -24       6.2327280102E-005
#     -4   -23       6.7432622951E-005
#     -4   -22       3.7035101513E-005
#     -4   -21       4.0640509122E-005
#     -4   -20       4.4245920985E-005
#     -4   -19       3.0193808042E-005
#     -4   -18       3.1672241032E-005
#     -4   -17       1.0715637718E-005
#     -4   -16       1.0188784100E-005
#     -4   -15       7.1762970136E-005
#     -4   -14       4.0575031516E-005
#     -4   -13       2.1478114414E-005
#     -4   -12       4.0335481172E-005
#     -4   -11       7.6867356679E-005
#     -4   -10       7.9630574884E-005
#     -4    -9       1.1653014993E-004
#     -4    -8       2.2690036753E-004
#     -4    -7       2.7488405860E-004
#     -4    -6       3.0435264322E-004
#     -4    -5       1.2987861083E-004
#     -4    -4       1.5542045309E-005
#     -4    -3       2.4285777959E-006
#     -4    -2       8.6848153149E-005
#     -4    -1       7.9080747477E-005
#     -4     0       3.5838079763E-005
#     -4     1       3.6387597037E-005
#     -4     2       3.6393467237E-005
#     -4     3       6.4457356029E-005
#     -4     4       6.8523655962E-005
#     -4     5       9.1230280781E-005
#     -4     6       3.2710275038E-005
#     -4     7       1.8471575494E-004
#     -4     8       3.6881398815E-004
#     -4     9       4.5084275029E-004
#     -4    10       3.1516371798E-004
#     -4    11       7.4613826888E-004
#     -4    12       5.9582308618E-005
#     -4    13       2.1583332054E-005
#     -4    14       2.6225278169E-005
#     -3   -28       4.1982101497E-005
#     -3   -27       3.2091264188E-005
#     -3   -26       2.4238903382E-005
#     -3   -25       6.6136411375E-005
#     -3   -24       6.9144697962E-005
#     -3   -23       4.1923142830E-005
#     -3   -22       5.0060627330E-005
#     -3   -21       5.7320261785E-005
#     -3   -20       7.3899793344E-005
#     -3   -19       3.7723267181E-005
#     -3   -18       2.7989688144E-005
#     -3   -17       3.0567890426E-005
#     -3   -16       4.0421794684E-005
#     -3   -15       2.2217502234E-005
#     -3   -14       1.3467898815E-005
#     -3   -13       8.2415742583E-006
#     -3   -12       3.4052851561E-005
#     -3   -11       6.9163498393E-005
#     -3   -10       1.3571218248E-004
#     -3    -9       1.8443089292E-004
#     -3    -8       1.8232349447E-004
#     -3    -7       1.7584562029E-004
#     -3    -6       4.5176196671E-005
#     -3    -5       1.0975806698E-005
#     -3    -4       5.5384264975E-005
#     -3    -3       1.2285208507E-004
#     -3    -2       1.3285168666E-004
#     -3    -1       3.6392669614E-005
#     -3     0       6.8489228201E-007
#     -3     1       1.0661804006E-005
#     -3     2       4.5565602689E-006
#     -3     3       2.4095084948E-006
#     -3     4       1.4053481033E-005
#     -3     5       5.2928807046E-005
#     -3     6       9.5937498001E-005
#     -3     7       1.0600733410E-004
#     -3     8       1.1565659242E-004
#     -3     9       1.8350072871E-004
#     -3    10       2.8304530916E-004
#     -3    11       2.0627955451E-004
#     -3    12       1.8340472992E-005
#     -3    13       4.1059295923E-005
#     -2   -28       2.5649932079E-006
#     -2   -27       1.6899356383E-005
#     -2   -26       3.8249118893E-005
#     -2   -25       5.1816584934E-005
#     -2   -24       1.1654084305E-004
#     -2   -23       5.1984052093E-005
#     -2   -22       5.4958132534E-005
#     -2   -21       4.8837841758E-005
#     -2   -20       5.8724357493E-005
#     -2   -19       3.5127406427E-005
#     -2   -18       2.6871466076E-005
#     -2   -17       4.8070285541E-005
#     -2   -16       3.2481437157E-005
#     -2   -15       8.9994735820E-006
#     -2   -14       6.2771041665E-006
#     -2   -13       1.6924485841E-005
#     -2   -12       6.5277036343E-005
#     -2   -11       1.1417948010E-004
#     -2   -10       1.9702390826E-004
#     -2    -9       1.7613573853E-004
#     -2    -8       1.5711657796E-004
#     -2    -7       1.0617344440E-004
#     -2    -6       2.6601230033E-005
#     -2    -5       9.3622343645E-005
#     -2    -4       2.1469916724E-004
#     -2    -3       1.3159494844E-004
#     -2    -2       3.6395132613E-005
#     -2    -1       1.0661330155E-005
#     -2     0       3.5800042655E-005
#     -2     1       1.0340993069E-004
#     -2     2       1.4861463581E-004
#     -2     3       7.7091421840E-006
#     -2     4       2.1505798754E-005
#     -2     5       3.8292231127E-006
#     -2     6       3.5762289493E-006
#     -2     7       2.2675551657E-006
#     -2     8       1.0371341159E-004
#     -2     9       9.1396729523E-005
#     -2    10       1.4128671872E-004
#     -2    11       8.9271994464E-005
#     -2    12       9.1566099114E-005
#     -1   -27       1.2377291822E-005
#     -1   -26       3.4853445594E-005
#     -1   -25       3.4863424061E-005
#     -1   -24       3.1531381780E-005
#     -1   -23       3.9334461759E-005
#     -1   -22       5.4218000942E-005
#     -1   -21       4.8789065093E-005
#     -1   -20       2.0106905501E-005
#     -1   -19       1.1469773337E-005
#     -1   -18       4.0180529626E-005
#     -1   -17       2.5884940870E-005
#     -1   -16       2.8799928193E-006
#     -1   -15       2.8958943107E-006
#     -1   -14       2.8337651964E-005
#     -1   -13       2.1226477421E-005
#     -1   -12       9.0691466803E-005
#     -1   -11       1.2707910916E-004
#     -1   -10       1.7103417643E-004
#     -1    -9       1.4186759767E-004
#     -1    -8       1.1222927260E-004
#     -1    -7       5.1216580453E-005
#     -1    -6       1.1567790360E-004
#     -1    -5       2.2753075982E-004
#     -1    -4       1.6266800128E-004
#     -1    -3       6.4485415719E-005
#     -1    -2       4.5545266602E-006
#     -1    -1       1.0340123017E-004
#     -1     0       2.4826105648E-004
#     -1     1       3.7893389803E-004
#     -1     2       3.1690495764E-004
#     -1     3       5.6419118456E-005
#     -1     4       1.6931663198E-005
#     -1     5       5.9717267109E-005
#     -1     6       1.0660013718E-004
#     -1     7       5.8557643415E-005
#     -1     8       1.7815697291E-005
#     -1     9       4.5146159455E-005
#     -1    10       1.1214956665E-004
#     -1    11       9.6605216691E-005
#      0   -27       4.6259988713E-005
#      0   -26       9.5281602849E-005
#      0   -25       1.2776335074E-004
#      0   -24       9.8230903589E-005
#      0   -23       7.7429320274E-005
#      0   -22       1.2886651694E-004
#      0   -21       6.3122347085E-005
#      0   -20       2.3436892744E-003
#      0   -19       8.3956012296E-006
#      0   -18       4.8840818782E-006
#      0   -17       8.4633755389E-007
#      0   -16       2.8656221564E-006
#      0   -15       1.5302427326E-002
#      0   -14       2.7672562895E-005
#      0   -13       2.8180248814E-005
#      0   -12       7.7594468923E-005
#      0   -11       1.0481688872E-004
#      0   -10       1.8597667482E-002
#      0    -9       8.0019529113E-005
#      0    -8       3.0461976811E-005
#      0    -7       8.1859871794E-005
#      0    -6       1.0141555871E-004
#      0    -5       3.7856104740E-003
#      0    -4       6.8549399690E-005
#      0    -3       2.4158963618E-006
#      0    -2       1.4858457041E-004
#      0    -1       3.7890772983E-004
#      0     0       6.0381731668E-002
#      0     1       3.5637967515E-004
#      0     2       2.2416299977E-004
#      0     3       9.0738862100E-006
#      0     4       7.5056602480E-005
#      0     5       1.1477256351E-002
#      0     6       3.7968336776E-004
#      0     7       1.1513774946E-004
#      0     8       1.0741745092E-004
#      0     9       8.0950625298E-005
#      0    10       1.7511306616E-002
#      1   -27       6.5031533879E-005
#      1   -26       5.0410510423E-005
#      1   -25       3.2153730802E-005
#      1   -24       6.9750403008E-005
#      1   -23       3.7635673583E-005
#      1   -22       1.5552065936E-004
#      1   -21       9.0919309487E-005
#      1   -20       1.6369288435E-006
#      1   -19       3.2418333439E-006
#      1   -18       1.9805176262E-006
#      1   -17       3.6169030776E-006
#      1   -16       2.3999338790E-007
#      1   -15       6.9410256372E-005
#      1   -14       4.6516819221E-005
#      1   -13       3.5312900640E-005
#      1   -12       1.0416088963E-005
#      1   -11       2.4723145100E-005
#      1   -10       4.3195006519E-005
#      1    -9       2.6215237080E-005
#      1    -8       2.8435013328E-005
#      1    -7       1.7475668735E-005
#      1    -6       1.8659386716E-004
#      1    -5       9.1238272033E-005
#      1    -4       1.4048466731E-005
#      1    -3       7.7009759580E-006
#      1    -2       3.1685624717E-004
#      1    -1       3.5634955222E-004
#      1     0       3.6386646209E-004
#      1     1       2.2891607092E-004
#      1     2       6.3013477695E-005
#      1     3       3.6121608507E-005
#      1     4       9.9211797706E-005
#      1     5       4.8845208014E-004
#      1     6       1.8964058042E-004
#      1     7       9.2968962516E-005
#      1     8       1.9617623582E-004
#      1     9       1.1246390159E-004
#      2   -27       1.6610184142E-005
#      2   -26       4.2804237858E-005
#      2   -25       2.5470389130E-005
#      2   -24       4.3539494404E-005
#      2   -23       8.2430926854E-005
#      2   -22       5.0757032332E-005
#      2   -21       1.7796348516E-005
#      2   -20       3.3551304712E-006
#      2   -19       2.2512661706E-005
#      2   -18       5.4671968329E-005
#      2   -17       5.0232997827E-005
#      2   -16       4.5532572558E-005
#      2   -15       2.9212353817E-005
#      2   -14       3.4124340086E-005
#      2   -13       7.0062688192E-005
#      2   -12       4.1567835353E-005
#      2   -11       1.4718441849E-004
#      2   -10       5.4872292844E-005
#      2    -9       1.6749546017E-005
#      2    -8       2.4533766391E-005
#      2    -7       3.5281275926E-005
#      2    -6       3.2706837220E-005
#      2    -5       5.2911962416E-005
#      2    -4       2.1487656597E-005
#      2    -3       5.6395145964E-005
#      2    -2       2.2413553305E-004
#      2    -1       2.2889760738E-004
#      2     0       1.2127293429E-004
#      2     1       1.2587002732E-004
#      2     2       1.4864425990E-005
#      2     3       2.6673723680E-005
#      2     4       2.3969739548E-004
#      2     5       4.5766836717E-004
#      2     6       1.8146938410E-004
#      2     7       1.0648296398E-004
#      2     8       1.3531221477E-004
#      3   -26       3.0390721878E-005
#      3   -25       5.3425290714E-006
#      3   -24       8.8454884016E-005
#      3   -23       5.2088732383E-005
#      3   -22       1.1948247984E-004
#      3   -21       6.4133143236E-005
#      3   -20       5.9321838644E-005
#      3   -19       1.6249805857E-005
#      3   -18       5.8153205889E-005
#      3   -17       7.7489219083E-005
#      3   -16       6.0625134055E-005
#      3   -15       3.5197750469E-005
#      3   -14       7.5631013129E-005
#      3   -13       7.6179195904E-005
#      3   -12       1.6321481942E-005
#      3   -11       6.6270278746E-005
#      3   -10       1.2657406345E-004
#      3    -9       1.2603052464E-004
#      3    -8       2.4620839530E-004
#      3    -7       1.8467807707E-004
#      3    -6       9.5912026518E-005
#      3    -5       3.8358422057E-006
#      3    -4       1.6933394065E-005
#      3    -3       9.0666791318E-006
#      3    -2       6.3003146396E-005
#      3    -1       1.2585808553E-004
#      3     0       2.3584044724E-004
#      3     1       3.2042347599E-004
#      3     2       4.2401244792E-004
#      3     3       1.6638606164E-005
#      3     4       2.1702856811E-004
#      3     5       2.4918338611E-005
#      3     6       8.9037278285E-005
#      4   -26       2.9142376055E-005
#      4   -25       4.7335422042E-005
#      4   -24       7.4835925642E-005
#      4   -23       1.7624152861E-004
#      4   -22       1.1318385846E-004
#      4   -21       3.4440219304E-005
#      4   -20       1.0173428468E-004
#      4   -19       1.7085888239E-005
#      4   -18       6.3640790288E-005
#      4   -17       7.0341971613E-006
#      4   -16       6.4279887388E-005
#      4   -15       6.2404727327E-005
#      4   -14       1.6403527765E-004
#      4   -13       2.5063055448E-005
#      4   -12       1.5366722488E-004
#      4   -11       2.3351190942E-004
#      4   -10       4.3482914034E-004
#      4    -9       4.0675875707E-004
#      4    -8       3.6876676801E-004
#      4    -7       1.0598279637E-004
#      4    -6       3.5804335410E-006
#      4    -5       5.9738248479E-005
#      4    -4       7.5078715554E-005
#      4    -3       3.6125790997E-005
#      4    -2       1.4858981971E-005
#      4    -1       3.2041364276E-004
#      4     0       6.2072629146E-004
#      4     1       6.3106871199E-004
#      4     2       5.7988290807E-004
#      4     3       1.2448744688E-004
#      4     4       1.2564209928E-004
#      4     5       5.5341300445E-005
#      5   -25       4.9747688651E-004
#      5   -24       1.9865232292E-005
#      5   -23       2.4580652695E-005
#      5   -22       4.1196336842E-006
#      5   -21       1.2107826658E-004
#      5   -20       1.7623849580E-003
#      5   -19       2.9212022830E-005
#      5   -18       1.0128550004E-005
#      5   -17       5.6059916111E-005
#      5   -16       4.7561863052E-005
#      5   -15       2.5550107829E-002
#      5   -14       6.0558988053E-005
#      5   -13       1.6364566424E-005
#      5   -12       1.7395676384E-004
#      5   -11       5.9753034069E-004
#      5   -10       7.5698514584E-002
#      5    -9       4.5079176718E-004
#      5    -8       1.1563175902E-004
#      5    -7       2.2694217917E-006
#      5    -6       1.0662716855E-004
#      5    -5       1.1477127769E-002
#      5    -4       9.9231288821E-005
#      5    -3       2.6677838860E-005
#      5    -2       4.2402271150E-004
#      5    -1       6.3106940252E-004
#      5     0       9.1396951139E-002
#      5     1       4.4875227489E-004
#      5     2       2.4330085382E-004
#      5     3       2.3992862199E-005
#      6   -25       7.0531740382E-005
#      6   -24       3.6467150948E-005
#      6   -23       4.0591777167E-005
#      6   -22       1.7815838248E-004
#      6   -21       2.1305359224E-004
#      6   -20       7.6055955497E-006
#      6   -19       4.7180679943E-006
#      6   -18       4.7721380138E-005
#      6   -17       8.0321824161E-006
#      6   -16       8.2497376567E-005
#      6   -15       2.0847800655E-004
#      6   -14       3.5535387000E-005
#      6   -13       2.4719083290E-006
#      6   -12       2.7243480260E-004
#      6   -11       1.9335203471E-004
#      6   -10       3.1514845339E-004
#      6    -9       1.8347009865E-004
#      6    -8       1.0371968454E-004
#      6    -7       5.8575207695E-005
#      6    -6       3.7968822307E-004
#      6    -5       4.8849914701E-004
#      6    -4       2.3972360488E-004
#      6    -3       1.6640376672E-005
#      6    -2       5.7989735359E-004
#      6    -1       4.4873484908E-004
#      6     0       3.9428550223E-004
#      6     1       2.9297339751E-004
#      6     2       8.6379650978E-005
#      7   -24       4.5581969732E-005
#      7   -23       6.8663826294E-005
#      7   -22       6.7591417219E-005
#      7   -21       4.6732194011E-004
#      7   -20       9.2777432085E-005
#      7   -19       2.7882442206E-005
#      7   -18       1.3569379919E-004
#      7   -17       1.7909363116E-004
#      7   -16       1.0037248147E-004
#      7   -15       8.5889666246E-005
#      7   -14       5.7485745896E-005
#      7   -13       1.0259736325E-004
#      7   -12       2.1128376428E-004
#      7   -11       7.4612253743E-004
#      7   -10       2.8301386056E-004
#      7    -9       9.1371640182E-005
#      7    -8       1.7825913975E-005
#      7    -7       1.1516297786E-004
#      7    -6       1.8965723777E-004
#      7    -5       4.5770370502E-004
#      7    -4       2.1705230829E-004
#      7    -3       1.2449649721E-004
#      7    -2       2.4330947967E-004
#      7    -1       2.9297278138E-004
#      7     0       9.6888794027E-005
#      8   -23       1.2154263452E-004
#      8   -22       3.8981928262E-004
#      8   -21       1.1244611891E-004
#      8   -20       7.0948991456E-005
#      8   -19       1.3300837646E-004
#      8   -18       1.1862877928E-004
#      8   -17       3.4256565932E-004
#      8   -16       2.7933579206E-004
#      8   -15       1.5877688661E-004
#      8   -14       2.6640381607E-005
#      8   -13       9.3986328845E-005
#      8   -12       5.9571249909E-005
#      8   -11       2.0625822503E-004
#      8   -10       1.4125978283E-004
#      8    -9       4.5130124965E-005
#      8    -8       1.0744057295E-004
#      8    -7       9.2983543076E-005
#      8    -6       1.8148942938E-004
#      8    -5       2.4921772326E-005
#      8    -4       1.2564939331E-004
#      8    -3       2.3993589657E-005
#      8    -2       8.6383505375E-005
#      9   -21       2.1591518995E-004
#      9   -20       6.1081457811E-005
#      9   -19       1.5484399413E-004
#      9   -18       2.3456212237E-004
#      9   -17       2.8859480290E-004
#      9   -16       2.3786969926E-004
#      9   -15       2.2561375596E-004
#      9   -14       1.8195079162E-004
#      9   -13       2.1573670510E-005
#      9   -12       1.8334538127E-005
#      9   -11       8.9259244552E-005
#      9   -10       1.1213687153E-004
#      9    -9       8.0944148998E-005
#      9    -8       1.9616999722E-004
#      9    -7       1.0647814973E-004
#      9    -6       8.9042179836E-005
#      9    -5       5.5342573268E-005
#     10   -19       3.6485849718E-006
#     10   -18       1.0001600692E-004
#     10   -17       3.8498955538E-005
#     10   -16       3.6187138419E-004
#     10   -15       2.4587444574E-002
#     10   -14       2.6218892376E-005
#     10   -13       4.1050242374E-005
#     10   -12       9.1565072953E-005
#     10   -11       9.6608998642E-005
#     10   -10       1.7511306168E-002
#     10    -9       1.1246037432E-004
#     10    -8       1.3531338260E-004
