 Diffraction intensities for potential:_5x5_05D10004.in                        
#    -45    11       7.6407046555E-006
#    -45    12       5.0139337639E-005
#    -45    13       8.9280947013E-005
#    -45    14       7.3101634579E-006
#    -45    15       3.5023859895E-004
#    -45    16       2.2504730902E-005
#    -44     7       3.1961474527E-005
#    -44     8       1.0291202446E-005
#    -44     9       7.2954001409E-006
#    -44    10       5.2495142075E-006
#    -44    11       1.3922570180E-005
#    -44    12       4.9006537691E-005
#    -44    13       1.9799587313E-005
#    -44    14       1.0905562910E-005
#    -44    15       1.3615377658E-007
#    -44    16       5.3644068141E-005
#    -44    17       3.6092649066E-005
#    -44    18       1.1680905793E-005
#    -44    19       7.9766834090E-006
#    -44    20       1.5932217511E-005
#    -43     4       3.3836443684E-006
#    -43     5       7.1272541899E-005
#    -43     6       1.0425023326E-005
#    -43     7       1.0078811699E-004
#    -43     8       7.1286053159E-005
#    -43     9       1.5260398964E-005
#    -43    10       1.4873391257E-004
#    -43    11       8.7370165379E-005
#    -43    12       3.0653932565E-004
#    -43    13       6.8409486845E-005
#    -43    14       4.6777541070E-005
#    -43    15       1.5854050807E-004
#    -43    16       4.9462729592E-005
#    -43    17       2.4810563331E-004
#    -43    18       3.6867162483E-005
#    -43    19       6.4228470066E-005
#    -43    20       1.4969703826E-004
#    -43    21       2.0215676122E-005
#    -43    22       1.7351509885E-004
#    -42     2       3.2705332195E-005
#    -42     3       7.3098784858E-005
#    -42     4       2.6017418664E-005
#    -42     5       4.3272667839E-005
#    -42     6       1.6207649338E-005
#    -42     7       4.5498434879E-005
#    -42     8       1.9611587516E-004
#    -42     9       5.2731983323E-005
#    -42    10       2.2028777838E-004
#    -42    11       8.3501974856E-006
#    -42    12       6.0187007637E-005
#    -42    13       3.8244131417E-004
#    -42    14       1.1900135641E-004
#    -42    15       2.0571267216E-004
#    -42    16       2.8522440996E-005
#    -42    17       8.9479884096E-005
#    -42    18       3.1686454210E-004
#    -42    19       1.4867627937E-004
#    -42    20       2.3134761678E-004
#    -42    21       7.6158739899E-006
#    -42    22       6.3299144296E-005
#    -42    23       1.2664674886E-004
#    -41     0       8.2932745359E-006
#    -41     1       1.7071150497E-006
#    -41     2       3.7700654253E-006
#    -41     3       4.2039991616E-005
#    -41     4       1.9424635428E-005
#    -41     5       1.2706882022E-006
#    -41     6       4.1530377193E-006
#    -41     7       1.3167086169E-005
#    -41     8       6.4906108386E-005
#    -41     9       2.5499954032E-005
#    -41    10       2.5247642090E-005
#    -41    11       2.4938847475E-005
#    -41    12       2.0925200143E-005
#    -41    13       1.6932014816E-004
#    -41    14       6.5108817776E-005
#    -41    15       1.3634483834E-005
#    -41    16       2.9945543741E-005
#    -41    17       6.1711151649E-005
#    -41    18       7.1345649757E-005
#    -41    19       5.0027782381E-005
#    -41    20       3.8647276823E-006
#    -41    21       6.3202403826E-005
#    -41    22       3.6066476492E-005
#    -41    23       8.8093201822E-005
#    -41    24       2.5137259575E-005
#    -40    -2       3.0828993634E-005
#    -40    -1       1.7293485230E-006
#    -40     0       3.8194277623E-004
#    -40     1       1.1342836759E-005
#    -40     2       7.9281104462E-005
#    -40     3       4.3773157793E-005
#    -40     4       1.6625761219E-005
#    -40     5       2.8972713793E-004
#    -40     6       3.8065743165E-006
#    -40     7       1.9455322955E-004
#    -40     8       2.5974534425E-004
#    -40     9       1.2607804865E-005
#    -40    10       8.4323765343E-004
#    -40    11       5.0457868651E-005
#    -40    12       3.1680942401E-004
#    -40    13       3.6988295038E-004
#    -40    14       3.2476096192E-005
#    -40    15       1.0634541864E-003
#    -40    16       2.7071299434E-005
#    -40    17       2.9318327693E-004
#    -40    18       6.1966821513E-004
#    -40    19       3.1904075280E-005
#    -40    20       8.5207399805E-004
#    -40    21       1.7268601304E-005
#    -40    22       1.8941078184E-004
#    -40    23       2.8091029746E-004
#    -40    24       2.1316390706E-005
#    -40    25       2.4332108202E-004
#    -39    -4       8.8101214913E-006
#    -39    -3       3.2794685753E-005
#    -39    -2       6.0081695442E-006
#    -39    -1       1.7906112663E-005
#    -39     0       1.8337428048E-006
#    -39     1       1.7042702025E-005
#    -39     2       3.6396698975E-005
#    -39     3       1.6200000132E-005
#    -39     4       3.1938325229E-005
#    -39     5       1.7264237753E-005
#    -39     6       4.2708526442E-005
#    -39     7       1.0002492158E-004
#    -39     8       3.4817491075E-005
#    -39     9       3.5097855701E-006
#    -39    10       8.4802791963E-006
#    -39    11       9.4791472634E-005
#    -39    12       1.3234454912E-004
#    -39    13       7.3131123449E-005
#    -39    14       9.6689127135E-005
#    -39    15       1.8851154938E-005
#    -39    16       1.5361573765E-004
#    -39    17       1.7089327918E-004
#    -39    18       6.8924049149E-005
#    -39    19       2.6899136189E-005
#    -39    20       4.1506409328E-005
#    -39    21       4.7725390521E-005
#    -39    22       1.1764341957E-004
#    -39    23       4.3905214509E-005
#    -39    24       4.8405962950E-005
#    -39    25       2.3690387291E-005
#    -39    26       5.0775219452E-005
#    -38    -5       5.6202080111E-005
#    -38    -4       1.8026492034E-005
#    -38    -3       1.3308045641E-004
#    -38    -2       3.7637006378E-005
#    -38    -1       1.4614866387E-005
#    -38     0       1.1962122486E-004
#    -38     1       3.5192808882E-005
#    -38     2       1.4253853901E-004
#    -38     3       5.9647507665E-005
#    -38     4       2.2305720152E-005
#    -38     5       1.6980774771E-004
#    -38     6       6.7989888443E-005
#    -38     7       2.7881682991E-004
#    -38     8       7.9937538024E-005
#    -38     9       2.3332715493E-005
#    -38    10       3.6204207870E-004
#    -38    11       1.8533633876E-004
#    -38    12       5.3643777526E-004
#    -38    13       2.2644416991E-004
#    -38    14       1.0368460538E-004
#    -38    15       3.6620037360E-004
#    -38    16       1.4101058214E-004
#    -38    17       6.7830025586E-004
#    -38    18       1.3135289100E-004
#    -38    19       5.7555938184E-005
#    -38    20       5.0193900008E-004
#    -38    21       1.4446092021E-004
#    -38    22       6.4866231176E-004
#    -38    23       3.7079508854E-004
#    -38    24       3.0599559662E-005
#    -38    25       2.2869152194E-004
#    -38    26       4.4291383706E-005
#    -37    -7       6.4081803042E-005
#    -37    -6       2.1701648162E-005
#    -37    -5       2.9857851294E-005
#    -37    -4       1.8321433947E-005
#    -37    -3       1.0492096042E-005
#    -37    -2       1.2438709672E-004
#    -37    -1       3.1917699261E-005
#    -37     0       9.7173227515E-005
#    -37     1       1.5256254992E-005
#    -37     2       5.5388359865E-005
#    -37     3       2.8473960852E-004
#    -37     4       9.6859411159E-005
#    -37     5       2.5590292316E-004
#    -37     6       2.2858189655E-005
#    -37     7       9.9461948029E-005
#    -37     8       3.7982683449E-004
#    -37     9       6.4753041593E-005
#    -37    10       3.9568260602E-004
#    -37    11       4.3295579390E-005
#    -37    12       1.2907683605E-004
#    -37    13       4.9734147835E-004
#    -37    14       2.2805935120E-004
#    -37    15       3.3432931972E-004
#    -37    16       8.5641200240E-005
#    -37    17       1.6032588814E-004
#    -37    18       6.8365418687E-004
#    -37    19       1.3206122539E-004
#    -37    20       4.2615849838E-004
#    -37    21       2.5195838309E-005
#    -37    22       1.8070678438E-004
#    -37    23       3.1887274784E-004
#    -37    24       1.1864698327E-004
#    -37    25       2.3131568602E-004
#    -37    26       5.6561038320E-005
#    -37    27       2.7198575047E-005
#    -36    -8       7.6962488513E-006
#    -36    -7       2.9393879202E-005
#    -36    -6       3.9134214810E-006
#    -36    -5       2.5003693502E-006
#    -36    -4       3.4819888478E-005
#    -36    -3       8.3884455935E-006
#    -36    -2       3.1872307597E-005
#    -36    -1       2.9456047866E-005
#    -36     0       6.6332369595E-006
#    -36     1       2.7602424966E-005
#    -36     2       2.6302374294E-005
#    -36     3       9.0659601159E-005
#    -36     4       4.5398456980E-005
#    -36     5       3.6344215763E-005
#    -36     6       1.1436824742E-005
#    -36     7       3.0706291314E-005
#    -36     8       8.0450081721E-005
#    -36     9       4.4326494619E-005
#    -36    10       1.0902339000E-005
#    -36    11       2.5968992822E-005
#    -36    12       2.0630905994E-005
#    -36    13       1.5607744876E-004
#    -36    14       5.9491365644E-005
#    -36    15       2.6937328514E-005
#    -36    16       5.9600366431E-005
#    -36    17       1.1073631452E-004
#    -36    18       9.4539040831E-005
#    -36    19       9.7396436143E-005
#    -36    20       2.0213871465E-005
#    -36    21       6.9983042246E-005
#    -36    22       6.9981018158E-005
#    -36    23       1.8914498071E-004
#    -36    24       7.7182492098E-005
#    -36    25       3.0262608951E-005
#    -36    26       1.5759953878E-005
#    -36    27       4.0862185327E-005
#    -35    -9       2.1320181644E-006
#    -35    -8       1.2782068249E-004
#    -35    -7       8.8684160447E-005
#    -35    -6       4.2897599606E-006
#    -35    -5       2.9680901732E-004
#    -35    -4       4.4092307988E-006
#    -35    -3       1.4843921845E-004
#    -35    -2       1.6254347905E-004
#    -35    -1       2.5138593817E-005
#    -35     0       5.0831510297E-004
#    -35     1       1.0498627485E-005
#    -35     2       1.5961641109E-004
#    -35     3       2.2626727762E-004
#    -35     4       1.4211546871E-005
#    -35     5       3.6795790510E-004
#    -35     6       1.9237433399E-005
#    -35     7       2.1816803462E-004
#    -35     8       2.5897404293E-004
#    -35     9       1.9723592267E-005
#    -35    10       1.1042520663E-003
#    -35    11       7.2192371059E-005
#    -35    12       2.5378150669E-004
#    -35    13       2.6272262073E-004
#    -35    14       2.8645410359E-005
#    -35    15       1.0405547853E-003
#    -35    16       1.5107164642E-005
#    -35    17       2.4474273592E-004
#    -35    18       5.4617720220E-004
#    -35    19       3.3224310251E-005
#    -35    20       1.0340213219E-003
#    -35    21       3.5213196640E-005
#    -35    22       3.2405546445E-004
#    -35    23       1.7804428147E-004
#    -35    24       1.0095502061E-005
#    -35    25       7.1000540227E-004
#    -35    26       6.6029372484E-005
#    -35    27       1.8486907089E-004
#    -34   -11       7.3862463412E-006
#    -34   -10       6.1568928328E-006
#    -34    -9       1.3900570193E-005
#    -34    -8       6.9437822314E-005
#    -34    -7       1.9653679031E-005
#    -34    -6       7.3487220537E-006
#    -34    -5       2.0846278228E-005
#    -34    -4       6.0988150856E-005
#    -34    -3       9.8664947454E-005
#    -34    -2       2.2583784434E-005
#    -34    -1       1.6469985612E-005
#    -34     0       1.1807748507E-005
#    -34     1       7.6128615902E-005
#    -34     2       1.0100100311E-004
#    -34     3       3.4201183565E-005
#    -34     4       1.5996539045E-005
#    -34     5       1.6267247968E-005
#    -34     6       1.8333463891E-005
#    -34     7       8.8176233054E-005
#    -34     8       3.4353312990E-005
#    -34     9       4.7164579007E-006
#    -34    10       9.3518153541E-006
#    -34    11       4.3448069285E-005
#    -34    12       6.1500028452E-005
#    -34    13       6.9956435219E-005
#    -34    14       4.6981928487E-005
#    -34    15       3.2402647659E-005
#    -34    16       1.3501422846E-004
#    -34    17       1.4941279456E-004
#    -34    18       6.7196814103E-005
#    -34    19       1.2427586955E-005
#    -34    20       2.1799154593E-005
#    -34    21       5.5147196385E-006
#    -34    22       1.1420926872E-004
#    -34    23       3.0107319391E-005
#    -34    24       1.1714530641E-004
#    -34    25       8.3661337150E-005
#    -34    26       1.3790668535E-004
#    -34    27       4.1267381282E-005
#    -33   -12       3.5864802842E-005
#    -33   -11       3.3568722951E-005
#    -33   -10       1.3451577252E-004
#    -33    -9       6.3382282173E-005
#    -33    -8       2.2939826012E-004
#    -33    -7       8.2209994060E-005
#    -33    -6       3.7229631139E-005
#    -33    -5       2.0037452788E-004
#    -33    -4       1.1281200596E-004
#    -33    -3       3.9107930236E-004
#    -33    -2       4.8682525312E-005
#    -33    -1       1.4380036405E-005
#    -33     0       2.3348787432E-004
#    -33     1       9.4157164501E-005
#    -33     2       3.2167069066E-004
#    -33     3       9.2427008655E-005
#    -33     4       2.2768932739E-005
#    -33     5       1.7182432709E-004
#    -33     6       3.3797047337E-005
#    -33     7       1.5018994841E-004
#    -33     8       8.6133634481E-005
#    -33     9       1.3722216494E-005
#    -33    10       1.9174996913E-004
#    -33    11       8.2925809081E-005
#    -33    12       2.7123538810E-004
#    -33    13       1.2282673253E-004
#    -33    14       3.6584221602E-005
#    -33    15       2.0215068962E-004
#    -33    16       8.5110429972E-005
#    -33    17       4.7221787049E-004
#    -33    18       1.5801163512E-004
#    -33    19       1.3676802793E-005
#    -33    20       2.4836783103E-004
#    -33    21       9.0592701560E-005
#    -33    22       6.9770688133E-004
#    -33    23       2.1205502416E-004
#    -33    24       8.5632481991E-005
#    -33    25       3.5471554006E-004
#    -33    26       1.3105943996E-004
#    -33    27       2.0254280040E-004
#    -32   -13       2.8193653993E-005
#    -32   -12       1.8642081952E-004
#    -32   -11       5.3592502690E-005
#    -32   -10       1.8652720071E-004
#    -32    -9       3.4730219071E-005
#    -32    -8       8.5474921001E-005
#    -32    -7       2.5985363150E-004
#    -32    -6       7.6651751580E-005
#    -32    -5       2.0680081386E-004
#    -32    -4       5.5973879378E-005
#    -32    -3       7.2416753784E-005
#    -32    -2       3.4509203402E-004
#    -32    -1       1.2801774598E-004
#    -32     0       1.8652854961E-004
#    -32     1       8.0675660120E-005
#    -32     2       9.7215175407E-005
#    -32     3       1.7246077773E-004
#    -32     4       8.6280998396E-005
#    -32     5       1.1202589874E-004
#    -32     6       2.0045269970E-005
#    -32     7       4.2431926810E-005
#    -32     8       1.5318545251E-004
#    -32     9       2.6383182036E-005
#    -32    10       2.6544062220E-004
#    -32    11       1.6076959061E-005
#    -32    12       4.1654374771E-005
#    -32    13       1.8458150742E-004
#    -32    14       4.9736820932E-005
#    -32    15       1.4209673119E-005
#    -32    16       6.8058392235E-005
#    -32    17       1.0614865553E-004
#    -32    18       2.3578035300E-004
#    -32    19       3.8435772303E-005
#    -32    20       1.2631529756E-004
#    -32    21       2.8036063450E-005
#    -32    22       7.8197970694E-005
#    -32    23       9.5155355264E-004
#    -32    24       2.4236976796E-004
#    -32    25       3.4325156872E-004
#    -32    26       8.7875550098E-005
#    -32    27       1.4929565767E-004
#    -32    28       2.5291700051E-005
#    -31   -14       1.8245403681E-005
#    -31   -13       1.0806624354E-005
#    -31   -12       7.5325706415E-005
#    -31   -11       3.3476266510E-005
#    -31   -10       1.5708529222E-005
#    -31    -9       4.0524303283E-005
#    -31    -8       3.1629660412E-005
#    -31    -7       9.9180068332E-005
#    -31    -6       4.3446036645E-005
#    -31    -5       2.5258848863E-005
#    -31    -4       6.6888436253E-005
#    -31    -3       5.4820348302E-005
#    -31    -2       1.2405113801E-004
#    -31    -1       7.7398103990E-005
#    -31     0       1.1843179097E-005
#    -31     1       5.5896787513E-005
#    -31     2       1.5741840104E-005
#    -31     3       1.4690871313E-005
#    -31     4       1.2395124674E-005
#    -31     5       1.5457282721E-005
#    -31     6       2.1895183528E-006
#    -31     7       6.2531316049E-006
#    -31     8       2.7764328625E-005
#    -31     9       1.0944400544E-007
#    -31    10       3.2147962682E-005
#    -31    11       1.4175211378E-006
#    -31    12       6.2642286842E-006
#    -31    13       4.2121261203E-005
#    -31    14       3.5129774472E-005
#    -31    15       1.3961809919E-005
#    -31    16       7.3210976055E-006
#    -31    17       3.8706334145E-005
#    -31    18       4.2753733004E-006
#    -31    19       1.7307497486E-006
#    -31    20       4.3345145471E-005
#    -31    21       1.7222842469E-005
#    -31    22       7.2737420282E-005
#    -31    23       1.9860849281E-004
#    -31    24       2.6294738844E-004
#    -31    25       1.0254563271E-005
#    -31    26       8.8321365325E-005
#    -31    27       6.9721958356E-005
#    -31    28       1.1367965675E-004
#    -30   -15       3.8256789915E-004
#    -30   -14       8.1348334986E-006
#    -30   -13       1.9806164936E-004
#    -30   -12       2.0360036657E-004
#    -30   -11       9.8844242381E-006
#    -30   -10       8.4956800205E-004
#    -30    -9       2.8439249583E-006
#    -30    -8       1.7046788532E-004
#    -30    -7       2.7187786719E-004
#    -30    -6       1.9718192635E-006
#    -30    -5       4.4000560010E-004
#    -30    -4       5.0021002418E-007
#    -30    -3       2.3616298435E-004
#    -30    -2       2.6990807974E-004
#    -30    -1       4.1007805572E-005
#    -30     0       1.0473339310E-003
#    -30     1       9.1214578601E-007
#    -30     2       4.9374825647E-005
#    -30     3       8.4531067623E-005
#    -30     4       8.7192169177E-005
#    -30     5       1.2874269822E-003
#    -30     6       3.9470514006E-005
#    -30     7       1.6988088481E-004
#    -30     8       8.0157087044E-005
#    -30     9       1.7338949101E-005
#    -30    10       9.9508313817E-004
#    -30    11       5.1900790840E-005
#    -30    12       8.8382799525E-005
#    -30    13       7.4943894462E-005
#    -30    14       1.6427744762E-005
#    -30    15       5.9775074798E-004
#    -30    16       2.3003983642E-005
#    -30    17       5.4914488287E-006
#    -30    18       2.7782980112E-005
#    -30    19       3.9309952944E-006
#    -30    20       3.9448303370E-005
#    -30    21       3.2361929457E-005
#    -30    22       4.4904252338E-004
#    -30    23       8.9033183266E-004
#    -30    24       3.7952688983E-005
#    -30    25       1.3876752539E-003
#    -30    26       3.4773238351E-005
#    -30    27       3.4455520277E-004
#    -30    28       8.4040261465E-005
#    -29   -16       4.9658941263E-005
#    -29   -15       4.9096564955E-007
#    -29   -14       5.0283181871E-005
#    -29   -13       8.8387877763E-005
#    -29   -12       3.9962798905E-005
#    -29   -11       5.0703306122E-005
#    -29   -10       6.6241337127E-006
#    -29    -9       2.6094020428E-005
#    -29    -8       1.2149339244E-004
#    -29    -7       2.2875414620E-005
#    -29    -6       1.8684397016E-005
#    -29    -5       3.9751747557E-005
#    -29    -4       3.1897869420E-005
#    -29    -3       7.3825079580E-005
#    -29    -2       2.5054849021E-005
#    -29    -1       7.2594034814E-006
#    -29     0       4.1926753069E-005
#    -29     1       4.5254817792E-005
#    -29     2       8.5734007252E-005
#    -29     3       1.6951556987E-005
#    -29     4       7.6402000460E-006
#    -29     5       8.7524919106E-006
#    -29     6       2.5705758171E-006
#    -29     7       6.1753032593E-005
#    -29     8       8.8915694059E-006
#    -29     9       4.6839398141E-005
#    -29    10       1.7859519735E-005
#    -29    11       1.4528715103E-006
#    -29    12       7.4814519884E-005
#    -29    13       1.3957066189E-005
#    -29    14       1.0075893733E-004
#    -29    15       1.3130140377E-005
#    -29    16       5.1765232930E-005
#    -29    17       1.0097452522E-005
#    -29    18       6.6000183521E-006
#    -29    19       4.0038674177E-005
#    -29    20       5.1506481630E-005
#    -29    21       2.2278089480E-004
#    -29    22       1.9625711905E-004
#    -29    23       1.6360890075E-004
#    -29    24       2.6393237150E-005
#    -29    25       2.4768809680E-005
#    -29    26       5.4593813030E-005
#    -29    27       1.3591092170E-004
#    -28   -16       1.5661446438E-005
#    -28   -15       1.5604984546E-004
#    -28   -14       9.8900249973E-005
#    -28   -13       4.9866711628E-004
#    -28   -12       1.4654072721E-004
#    -28   -11       4.4526177884E-005
#    -28   -10       3.2377466505E-004
#    -28    -9       1.0602778389E-004
#    -28    -8       3.2750599647E-004
#    -28    -7       8.2685956053E-005
#    -28    -6       4.9661735960E-005
#    -28    -5       3.2102965579E-004
#    -28    -4       6.7896157921E-005
#    -28    -3       1.5817381177E-004
#    -28    -2       2.7674335080E-005
#    -28    -1       5.0629762746E-005
#    -28     0       9.3729818548E-005
#    -28     1       5.0860688813E-005
#    -28     2       1.8332918376E-004
#    -28     3       1.2201432651E-005
#    -28     4       9.6976069735E-006
#    -28     5       1.4760986083E-004
#    -28     6       3.4353351818E-005
#    -28     7       1.9868973810E-004
#    -28     8       1.6892737312E-005
#    -28     9       5.5649303055E-005
#    -28    10       1.8588778468E-004
#    -28    11       1.4821675743E-004
#    -28    12       5.0825544042E-004
#    -28    13       3.5276186735E-004
#    -28    14       6.2479059928E-005
#    -28    15       9.5505672940E-005
#    -28    16       1.2964272419E-004
#    -28    17       4.2644213302E-005
#    -28    18       5.7466868955E-006
#    -28    19       4.4247990761E-005
#    -28    20       1.6950372785E-004
#    -28    21       6.1165483540E-005
#    -28    22       6.0537540796E-004
#    -28    23       1.7147898668E-004
#    -28    24       1.2448954523E-004
#    -28    25       3.6986188054E-004
#    -28    26       1.4423903045E-004
#    -28    27       4.6333477872E-004
#    -27   -17       1.6648534312E-004
#    -27   -16       8.4202125468E-005
#    -27   -15       2.1489338439E-004
#    -27   -14       2.1906396594E-005
#    -27   -13       1.6457088583E-004
#    -27   -12       5.0382027310E-004
#    -27   -11       1.8636229933E-004
#    -27   -10       2.7092040976E-004
#    -27    -9       2.2473052383E-005
#    -27    -8       1.1815042595E-004
#    -27    -7       2.1237375817E-004
#    -27    -6       7.8800428252E-005
#    -27    -5       5.3809732353E-005
#    -27    -4       4.9244460226E-005
#    -27    -3       3.6669146399E-005
#    -27    -2       1.3727156079E-004
#    -27    -1       6.2736288671E-005
#    -27     0       6.3812729114E-005
#    -27     1       1.3293432282E-005
#    -27     2       9.2282549707E-005
#    -27     3       7.8855403689E-005
#    -27     4       1.5820171672E-004
#    -27     5       2.1497320526E-004
#    -27     6       9.3879483777E-005
#    -27     7       4.0345073265E-005
#    -27     8       2.1530064320E-004
#    -27     9       4.4313840804E-005
#    -27    10       3.1934052835E-004
#    -27    11       3.2893461356E-005
#    -27    12       2.7760714736E-004
#    -27    13       7.0626311149E-004
#    -27    14       1.0986616121E-004
#    -27    15       3.5113944441E-004
#    -27    16       1.5359980466E-004
#    -27    17       7.8971367654E-006
#    -27    18       1.9102168514E-004
#    -27    19       3.4963307245E-005
#    -27    20       1.8489907715E-004
#    -27    21       8.2505443832E-005
#    -27    22       3.2298749223E-004
#    -27    23       8.0217849306E-004
#    -27    24       1.8132524229E-004
#    -27    25       4.9586418451E-004
#    -27    26       6.2850811290E-005
#    -27    27       1.7507734624E-004
#    -26   -18       2.9080757721E-005
#    -26   -17       6.7260182274E-005
#    -26   -16       2.4992676876E-005
#    -26   -15       1.2089854051E-005
#    -26   -14       7.5931500651E-005
#    -26   -13       4.8041129206E-005
#    -26   -12       1.6359293158E-004
#    -26   -11       2.3316050205E-005
#    -26   -10       7.0501842949E-006
#    -26    -9       1.1211366964E-004
#    -26    -8       1.1785317968E-005
#    -26    -7       8.8613663736E-005
#    -26    -6       2.3730382616E-005
#    -26    -5       1.6784421144E-005
#    -26    -4       5.8236357410E-005
#    -26    -3       5.9528471455E-005
#    -26    -2       6.7235285883E-005
#    -26    -1       4.7235459985E-005
#    -26     0       4.1716752287E-006
#    -26     1       2.7766996723E-005
#    -26     2       1.2654171043E-006
#    -26     3       3.3955059597E-005
#    -26     4       2.4212202415E-005
#    -26     5       8.9587019556E-006
#    -26     6       1.9158588368E-005
#    -26     7       6.2448785766E-005
#    -26     8       9.7502102113E-005
#    -26     9       3.3673518777E-005
#    -26    10       2.1807531506E-005
#    -26    11       6.5245646663E-005
#    -26    12       7.1690785252E-005
#    -26    13       2.6065332736E-004
#    -26    14       9.8778708145E-005
#    -26    15       4.9157276155E-005
#    -26    16       1.8441109961E-005
#    -26    17       6.6292920472E-006
#    -26    18       7.0842447041E-005
#    -26    19       7.2483475076E-005
#    -26    20       2.5042943787E-005
#    -26    21       8.8405213121E-005
#    -26    22       5.2491191302E-005
#    -26    23       1.2559291945E-005
#    -26    24       1.2791132334E-004
#    -26    25       1.3760124946E-005
#    -26    26       2.5590436268E-004
#    -26    27       5.7828274302E-005
#    -25   -19       2.1748990163E-005
#    -25   -18       1.3476522180E-004
#    -25   -17       1.7532908976E-004
#    -25   -16       1.8114651632E-005
#    -25   -15       9.8981028951E-004
#    -25   -14       3.3106582268E-005
#    -25   -13       5.3343493243E-004
#    -25   -12       3.4740583173E-004
#    -25   -11       2.7604496339E-005
#    -25   -10       1.0800700882E-003
#    -25    -9       4.6219658759E-006
#    -25    -8       1.0515310512E-004
#    -25    -7       1.3772371763E-004
#    -25    -6       1.1601149686E-005
#    -25    -5       1.4062818132E-003
#    -25    -4       1.6939893592E-005
#    -25    -3       2.8221572685E-005
#    -25    -2       1.9430635567E-004
#    -25    -1       8.0071285780E-006
#    -25     0       1.9677659457E-003
#    -25     1       8.4750468790E-006
#    -25     2       1.6605857270E-004
#    -25     3       5.8752451267E-005
#    -25     4       1.3334511162E-005
#    -25     5       3.1508280430E-003
#    -25     6       4.2221048826E-005
#    -25     7       5.7499704889E-005
#    -25     8       2.7080303829E-004
#    -25     9       1.3296101815E-005
#    -25    10       5.5601224155E-003
#    -25    11       1.1428799038E-004
#    -25    12       4.2021017419E-004
#    -25    13       2.7828040831E-004
#    -25    14       4.7831766945E-006
#    -25    15       4.3335082255E-003
#    -25    16       1.8216063760E-006
#    -25    17       1.1471714592E-004
#    -25    18       1.3645401395E-004
#    -25    19       3.3723104433E-006
#    -25    20       2.3148811129E-003
#    -25    21       8.7426015089E-006
#    -25    22       2.7041322844E-004
#    -25    23       4.7186275009E-004
#    -25    24       3.4128465924E-005
#    -25    25       6.3827021292E-004
#    -25    26       2.6474492704E-005
#    -25    27       3.2507122321E-004
#    -24   -20       3.7643069731E-005
#    -24   -19       8.9838256531E-005
#    -24   -18       1.0501354548E-004
#    -24   -17       4.4643274273E-005
#    -24   -16       5.8330146718E-005
#    -24   -15       1.9755886605E-005
#    -24   -14       1.2405291600E-004
#    -24   -13       1.1760677729E-004
#    -24   -12       2.4638931348E-005
#    -24   -11       4.5077866458E-005
#    -24   -10       1.5993054651E-005
#    -24    -9       3.1528929125E-006
#    -24    -8       5.5881618694E-005
#    -24    -7       9.3306595170E-006
#    -24    -6       1.5732617902E-005
#    -24    -5       1.8834568121E-005
#    -24    -4       2.5822299570E-005
#    -24    -3       6.0477264908E-005
#    -24    -2       5.6778649787E-006
#    -24    -1       6.9451324719E-006
#    -24     0       1.8175115560E-005
#    -24     1       5.7790041493E-005
#    -24     2       4.2759866217E-005
#    -24     3       5.1592930348E-005
#    -24     4       1.1684876355E-004
#    -24     5       2.9353492106E-005
#    -24     6       9.5810788904E-005
#    -24     7       5.4183273805E-006
#    -24     8       2.3445167334E-005
#    -24     9       2.0613969938E-006
#    -24    10       1.2035286983E-005
#    -24    11       3.5581706370E-006
#    -24    12       2.0834508391E-004
#    -24    13       8.2836340828E-005
#    -24    14       2.3907698850E-004
#    -24    15       1.6490127165E-006
#    -24    16       1.0141952060E-004
#    -24    17       5.6557744829E-005
#    -24    18       5.9967289973E-005
#    -24    19       6.4910520829E-006
#    -24    20       6.6980789260E-005
#    -24    21       1.8370622565E-004
#    -24    22       3.3406848944E-004
#    -24    23       1.2873444131E-004
#    -24    24       1.8672690461E-004
#    -24    25       2.3728897352E-005
#    -24    26       3.9141400768E-004
#    -23   -20       1.9943047346E-004
#    -23   -19       1.1126764407E-004
#    -23   -18       3.8656775176E-004
#    -23   -17       1.0790536338E-004
#    -23   -16       1.1529869392E-004
#    -23   -15       4.3108204811E-004
#    -23   -14       1.4141445034E-004
#    -23   -13       4.7662822425E-004
#    -23   -12       1.4751201945E-004
#    -23   -11       4.2643334803E-006
#    -23   -10       1.9412703669E-004
#    -23    -9       5.7729628624E-005
#    -23    -8       1.5399566732E-004
#    -23    -7       1.0294397309E-004
#    -23    -6       5.7129958469E-006
#    -23    -5       3.8698291486E-004
#    -23    -4       7.3274713301E-005
#    -23    -3       6.8698886509E-005
#    -23    -2       1.1726008879E-004
#    -23    -1       4.2938462840E-005
#    -23     0       8.8220678558E-005
#    -23     1       2.0399377915E-004
#    -23     2       5.3213811383E-004
#    -23     3       6.1910144285E-005
#    -23     4       3.2612878650E-005
#    -23     5       1.0599075476E-004
#    -23     6       1.2178289805E-005
#    -23     7       1.4038296057E-004
#    -23     8       1.2392582734E-005
#    -23     9       1.5892427081E-004
#    -23    10       4.1454205407E-004
#    -23    11       4.1874252531E-004
#    -23    12       5.9911183772E-004
#    -23    13       4.0803681172E-004
#    -23    14       7.3847100387E-005
#    -23    15       3.1702399278E-004
#    -23    16       1.2594031022E-004
#    -23    17       3.0467787403E-004
#    -23    18       6.8761133969E-005
#    -23    19       1.3201140898E-004
#    -23    20       4.6335084056E-004
#    -23    21       2.2376046236E-004
#    -23    22       7.4954544401E-004
#    -23    23       2.3501144881E-004
#    -23    24       8.7804383298E-005
#    -23    25       9.7459459737E-004
#    -23    26       1.2765366055E-004
#    -22   -21       1.3234884292E-005
#    -22   -20       2.2134628325E-004
#    -22   -19       5.1447355493E-005
#    -22   -18       1.7231464224E-004
#    -22   -17       5.3782001343E-004
#    -22   -16       1.4315841963E-004
#    -22   -15       3.9663948409E-004
#    -22   -14       3.3743630718E-005
#    -22   -13       9.7017963138E-005
#    -22   -12       1.5290271385E-004
#    -22   -11       7.6092975511E-005
#    -22   -10       9.1106740450E-005
#    -22    -9       2.6541115470E-006
#    -22    -8       7.1938557845E-005
#    -22    -7       1.7845369686E-004
#    -22    -6       4.8157285879E-005
#    -22    -5       2.4147846541E-004
#    -22    -4       7.3579418369E-005
#    -22    -3       7.9893965415E-005
#    -22    -2       2.0028649898E-004
#    -22    -1       1.0849358070E-004
#    -22     0       8.0006681488E-004
#    -22     1       8.3743595376E-005
#    -22     2       4.4108797940E-005
#    -22     3       3.8666940411E-004
#    -22     4       7.7886502052E-005
#    -22     5       2.1660087598E-004
#    -22     6       1.0488615295E-005
#    -22     7       1.6066418167E-004
#    -22     8       6.0813960173E-004
#    -22     9       1.8626265956E-004
#    -22    10       9.5174507413E-004
#    -22    11       2.1374961652E-004
#    -22    12       3.3189737660E-004
#    -22    13       1.3764011043E-003
#    -22    14       2.6338951207E-004
#    -22    15       5.2464482899E-004
#    -22    16       1.8415455778E-004
#    -22    17       1.1948794232E-004
#    -22    18       7.5909416504E-004
#    -22    19       1.3752300394E-004
#    -22    20       7.0056073753E-004
#    -22    21       4.8752364556E-005
#    -22    22       4.7078564317E-004
#    -22    23       3.7765380465E-004
#    -22    24       2.6410800883E-004
#    -22    25       3.1283279162E-004
#    -22    26       1.5857825275E-004
#    -21   -22       6.3636195545E-005
#    -21   -21       2.5310086327E-005
#    -21   -20       2.7137761481E-006
#    -21   -19       6.9357889289E-005
#    -21   -18       6.6401259446E-005
#    -21   -17       1.6476350887E-004
#    -21   -16       1.0865669330E-004
#    -21   -15       3.6418369143E-005
#    -21   -14       1.7301933320E-005
#    -21   -13       3.8076464660E-005
#    -21   -12       8.2763798783E-005
#    -21   -11       1.3846670821E-005
#    -21   -10       2.1263926008E-005
#    -21    -9       5.9271131574E-005
#    -21    -8       2.6790039219E-006
#    -21    -7       8.1147141950E-005
#    -21    -6       3.5275271395E-005
#    -21    -5       1.3596807501E-005
#    -21    -4       1.3726354804E-006
#    -21    -3       7.9618370324E-006
#    -21    -2       9.9043204079E-005
#    -21    -1       1.3211353248E-004
#    -21     0       7.8313556978E-005
#    -21     1       1.1703697272E-004
#    -21     2       1.8410215530E-005
#    -21     3       2.6032708087E-005
#    -21     4       2.1750575660E-005
#    -21     5       2.9237259212E-005
#    -21     6       2.7389358951E-005
#    -21     7       1.2743494891E-004
#    -21     8       1.9617899288E-004
#    -21     9       6.8328218522E-005
#    -21    10       8.9968553649E-005
#    -21    11       1.2157988520E-004
#    -21    12       2.3370007939E-004
#    -21    13       4.0022957673E-004
#    -21    14       2.8203514597E-004
#    -21    15       2.1019070797E-005
#    -21    16       1.4915832469E-004
#    -21    17       2.0264119702E-005
#    -21    18       1.1646534788E-004
#    -21    19       4.1418306456E-005
#    -21    20       1.7028778312E-005
#    -21    21       2.7634869109E-004
#    -21    22       1.4489138770E-004
#    -21    23       4.3412821239E-004
#    -21    24       5.3899002213E-005
#    -21    25       3.9977960843E-005
#    -20   -22       1.6458274311E-004
#    -20   -21       2.2077070589E-005
#    -20   -20       7.2770460950E-004
#    -20   -19       1.6461620629E-005
#    -20   -18       4.8011841309E-004
#    -20   -17       4.0430852492E-004
#    -20   -16       1.6721166557E-005
#    -20   -15       9.5015982777E-004
#    -20   -14       1.3764271617E-005
#    -20   -13       2.2699767844E-004
#    -20   -12       1.4558037844E-004
#    -20   -11       1.4284476292E-005
#    -20   -10       1.0063792266E-003
#    -20    -9       2.1457759215E-005
#    -20    -8       6.6547743164E-005
#    -20    -7       1.5021874802E-004
#    -20    -6       1.6950950063E-005
#    -20    -5       4.0066277671E-003
#    -20    -4       3.0872265668E-005
#    -20    -3       1.9588873712E-004
#    -20    -2       1.7752182090E-004
#    -20    -1       2.9506454283E-005
#    -20     0       1.3414987716E-002
#    -20     1       4.2294813977E-005
#    -20     2       1.6206501436E-005
#    -20     3       4.4821518953E-005
#    -20     4       2.0330186151E-005
#    -20     5       1.0808370523E-002
#    -20     6       2.0809913497E-005
#    -20     7       1.9794017275E-004
#    -20     8       5.6163290987E-004
#    -20     9       2.1777392582E-005
#    -20    10       5.1889766132E-003
#    -20    11       1.7389275772E-004
#    -20    12       5.4372030108E-004
#    -20    13       5.7356312845E-004
#    -20    14       3.8504626048E-005
#    -20    15       8.4214045263E-004
#    -20    16       2.1139538463E-005
#    -20    17       1.8726356273E-004
#    -20    18       4.0819213271E-004
#    -20    19       2.9563719067E-005
#    -20    20       2.9536011780E-003
#    -20    21       9.6177040999E-005
#    -20    22       4.3258615515E-004
#    -20    23       4.8497682497E-004
#    -20    24       3.2989226557E-004
#    -20    25       3.1051359161E-003
#    -19   -23       2.1447925195E-005
#    -19   -22       4.1275399979E-005
#    -19   -21       4.6570644748E-005
#    -19   -20       3.4820845647E-005
#    -19   -19       7.4298536613E-005
#    -19   -18       2.3054234203E-004
#    -19   -17       6.0584899131E-005
#    -19   -16       5.1650135124E-005
#    -19   -15       9.7941852429E-006
#    -19   -14       3.3697135600E-005
#    -19   -13       5.1824386520E-005
#    -19   -12       2.0478553431E-005
#    -19   -11       7.7347036200E-006
#    -19   -10       3.1621644946E-006
#    -19    -9       7.8262764200E-005
#    -19    -8       5.3229998458E-005
#    -19    -7       9.1157611452E-005
#    -19    -6       2.4089587968E-006
#    -19    -5       7.0549429899E-006
#    -19    -4       1.2229986613E-005
#    -19    -3       6.3655093254E-005
#    -19    -2       1.7958396700E-005
#    -19    -1       2.7135060743E-005
#    -19     0       2.2502066749E-007
#    -19     1       1.4784001784E-004
#    -19     2       3.0496958872E-005
#    -19     3       7.2723294022E-005
#    -19     4       1.4296453325E-004
#    -19     5       6.3098024148E-006
#    -19     6       1.0765892856E-004
#    -19     7       1.7364488196E-005
#    -19     8       2.6273883821E-005
#    -19     9       9.7357224444E-005
#    -19    10       3.0720934400E-005
#    -19    11       3.3372473533E-004
#    -19    12       1.5658664814E-004
#    -19    13       1.0868960239E-004
#    -19    14       7.9109082275E-005
#    -19    15       2.3894835745E-005
#    -19    16       2.3677632210E-005
#    -19    17       1.2728640824E-004
#    -19    18       1.7052264371E-005
#    -19    19       5.8580942288E-005
#    -19    20       1.4583228863E-006
#    -19    21       4.0687169043E-005
#    -19    22       5.1767486089E-005
#    -19    23       1.8983816242E-004
#    -19    24       1.1704426759E-004
#    -19    25       8.0776695155E-005
#    -18   -23       2.0453480176E-004
#    -18   -22       7.2003392941E-005
#    -18   -21       3.6069017682E-005
#    -18   -20       4.4155275158E-004
#    -18   -19       1.8528854505E-004
#    -18   -18       4.4432162815E-004
#    -18   -17       5.6774075478E-005
#    -18   -16       1.5415458262E-004
#    -18   -15       1.4934894635E-004
#    -18   -14       8.5271596372E-006
#    -18   -13       2.6521197312E-005
#    -18   -12       3.8013689873E-005
#    -18   -11       1.3646091736E-005
#    -18   -10       2.2658102642E-004
#    -18    -9       5.7528504104E-005
#    -18    -8       2.0424469052E-004
#    -18    -7       2.0476435433E-005
#    -18    -6       3.9072025498E-005
#    -18    -5       1.1046572022E-004
#    -18    -4       4.7047885792E-005
#    -18    -3       1.3604980651E-004
#    -18    -2       3.7084141062E-005
#    -18    -1       1.0555174804E-004
#    -18     0       3.6305307945E-004
#    -18     1       2.9047432133E-004
#    -18     2       1.2686933389E-003
#    -18     3       1.5250913498E-004
#    -18     4       3.4288133685E-005
#    -18     5       3.4705437995E-004
#    -18     6       9.6646098567E-005
#    -18     7       1.0894892933E-003
#    -18     8       2.3318200907E-004
#    -18     9       1.3393464668E-004
#    -18    10       3.1622370196E-004
#    -18    11       1.0602199490E-004
#    -18    12       9.8412486512E-005
#    -18    13       6.2320517330E-006
#    -18    14       9.9424339817E-006
#    -18    15       4.6451655293E-004
#    -18    16       1.8515490064E-004
#    -18    17       3.0505219623E-004
#    -18    18       1.0434829953E-004
#    -18    19       7.9624226129E-006
#    -18    20       1.0880095923E-004
#    -18    21       2.6011876605E-004
#    -18    22       5.7318019847E-004
#    -18    23       6.3089155974E-005
#    -18    24       2.2991829647E-005
#    -17   -24       2.2544895616E-005
#    -17   -23       6.7660443920E-005
#    -17   -22       4.0029916577E-004
#    -17   -21       1.5788190001E-004
#    -17   -20       3.9268807997E-004
#    -17   -19       6.7892389575E-005
#    -17   -18       1.4921072812E-004
#    -17   -17       4.1483561215E-004
#    -17   -16       1.2178551382E-004
#    -17   -15       4.5585529836E-005
#    -17   -14       2.8578224839E-005
#    -17   -13       4.8140752895E-005
#    -17   -12       4.5067749461E-004
#    -17   -11       1.2454767567E-004
#    -17   -10       3.5264529036E-004
#    -17    -9       4.1983290897E-005
#    -17    -8       9.3050221112E-006
#    -17    -7       2.9185233418E-006
#    -17    -6       1.4759514507E-005
#    -17    -5       3.0732344661E-004
#    -17    -4       1.4610806781E-004
#    -17    -3       1.5503430548E-004
#    -17    -2       2.2213463812E-004
#    -17    -1       2.3353273075E-004
#    -17     0       1.5818834983E-003
#    -17     1       5.6287547292E-004
#    -17     2       4.2803050301E-004
#    -17     3       1.7827807047E-003
#    -17     4       6.2468285340E-004
#    -17     5       7.6826213571E-004
#    -17     6       1.1387642199E-004
#    -17     7       7.1107201824E-004
#    -17     8       1.2549361692E-003
#    -17     9       3.0070366660E-004
#    -17    10       5.3776604649E-005
#    -17    11       5.7700847699E-005
#    -17    12       1.1877082102E-005
#    -17    13       2.3906446806E-004
#    -17    14       5.3804772471E-005
#    -17    15       3.7340462232E-005
#    -17    16       6.9075776562E-006
#    -17    17       1.9204742841E-005
#    -17    18       1.1383181832E-004
#    -17    19       1.0354871105E-004
#    -17    20       2.1296637874E-004
#    -17    21       6.5654147590E-006
#    -17    22       1.9515961395E-005
#    -17    23       2.5729803998E-004
#    -17    24       2.2335433966E-004
#    -16   -24       2.0091722803E-005
#    -16   -23       4.9243056136E-005
#    -16   -22       2.2365441893E-004
#    -16   -21       5.1202471569E-005
#    -16   -20       1.1865517400E-005
#    -16   -19       1.1569506412E-004
#    -16   -18       3.3453596508E-005
#    -16   -17       1.3129332709E-004
#    -16   -16       5.7812575437E-005
#    -16   -15       5.6452781590E-007
#    -16   -14       1.3284207067E-005
#    -16   -13       3.9023443510E-005
#    -16   -12       1.7632042885E-004
#    -16   -11       1.5983105279E-004
#    -16   -10       2.5415283059E-007
#    -16    -9       5.8536579724E-005
#    -16    -8       3.6614802527E-007
#    -16    -7       4.1914342061E-005
#    -16    -6       3.0114230090E-006
#    -16    -5       3.5835840502E-005
#    -16    -4       2.2972199180E-006
#    -16    -3       2.6665515098E-006
#    -16    -2       3.3977764787E-004
#    -16    -1       5.5765640331E-004
#    -16     0       1.7403421975E-004
#    -16     1       5.7140755868E-004
#    -16     2       2.6038605853E-004
#    -16     3       4.8717848626E-004
#    -16     4       1.2429196874E-004
#    -16     5       1.0933658054E-004
#    -16     6       2.0099725877E-004
#    -16     7       1.0479258454E-004
#    -16     8       1.5508773943E-004
#    -16     9       1.5538160849E-004
#    -16    10       4.1575826333E-005
#    -16    11       2.2561594961E-005
#    -16    12       1.5735061122E-004
#    -16    13       1.5904416575E-005
#    -16    14       1.6643324771E-005
#    -16    15       4.0215952704E-005
#    -16    16       7.4093614606E-005
#    -16    17       1.3288166423E-005
#    -16    18       2.7306007192E-004
#    -16    19       1.8102296394E-005
#    -16    20       1.4304433443E-004
#    -16    21       1.5985419095E-004
#    -16    22       7.8208839891E-005
#    -16    23       4.6460920250E-004
#    -15   -25       3.3553384570E-004
#    -15   -24       2.4214014939E-005
#    -15   -23       4.4474917549E-004
#    -15   -22       3.9700791572E-004
#    -15   -21       3.5507417594E-005
#    -15   -20       9.6855458407E-004
#    -15   -19       2.3650650595E-005
#    -15   -18       2.1455689995E-004
#    -15   -17       1.6791221385E-004
#    -15   -16       9.1340816764E-007
#    -15   -15       4.4395431926E-004
#    -15   -14       6.7230695740E-005
#    -15   -13       4.4172503545E-004
#    -15   -12       7.3394619173E-004
#    -15   -11       4.2792397093E-005
#    -15   -10       5.9530095757E-003
#    -15    -9       1.1118826414E-005
#    -15    -8       1.0698112996E-004
#    -15    -7       3.5427942965E-004
#    -15    -6       5.0216058406E-006
#    -15    -5       1.1709940512E-002
#    -15    -4       6.7828269805E-005
#    -15    -3       5.7609824501E-004
#    -15    -2       1.3995609420E-003
#    -15    -1       1.2309403146E-004
#    -15     0       1.4792394643E-002
#    -15     1       1.5830183993E-004
#    -15     2       1.4190167515E-003
#    -15     3       9.6165969297E-004
#    -15     4       1.6971900603E-004
#    -15     5       1.9558748610E-002
#    -15     6       9.1385723877E-006
#    -15     7       5.8449880961E-004
#    -15     8       7.3328466468E-005
#    -15     9       2.9106300312E-005
#    -15    10       1.2185902065E-002
#    -15    11       8.3764661481E-005
#    -15    12       1.3336002070E-004
#    -15    13       4.5450811986E-005
#    -15    14       2.9728828224E-005
#    -15    15       1.4015092527E-002
#    -15    16       4.7607856485E-006
#    -15    17       3.4987177574E-004
#    -15    18       1.2135161750E-003
#    -15    19       1.7169387668E-004
#    -15    20       6.5920134009E-004
#    -15    21       2.1363795894E-004
#    -15    22       7.2231249611E-004
#    -15    23       6.8185042091E-004
#    -14   -25       1.8688850580E-005
#    -14   -24       1.2286632040E-004
#    -14   -23       9.3053618112E-005
#    -14   -22       4.5697649450E-005
#    -14   -21       5.8371150681E-005
#    -14   -20       2.8622442964E-005
#    -14   -19       4.9689925458E-006
#    -14   -18       6.1758063647E-005
#    -14   -17       8.5301403721E-006
#    -14   -16       1.2698568184E-005
#    -14   -15       2.7870798971E-006
#    -14   -14       7.5826876618E-005
#    -14   -13       1.9389945342E-004
#    -14   -12       1.6831989125E-004
#    -14   -11       6.2133777204E-006
#    -14   -10       2.9352371211E-005
#    -14    -9       1.6219416098E-004
#    -14    -8       1.0780164374E-004
#    -14    -7       1.5600809418E-004
#    -14    -6       1.8129287373E-005
#    -14    -5       1.6541306618E-005
#    -14    -4       4.3454081884E-005
#    -14    -3       4.6551154660E-004
#    -14    -2       2.9032784066E-004
#    -14    -1       3.0982963626E-004
#    -14     0       1.7782100996E-004
#    -14     1       3.0342515829E-004
#    -14     2       4.6165650850E-004
#    -14     3       3.2665359657E-005
#    -14     4       3.5166744672E-004
#    -14     5       5.7779582671E-005
#    -14     6       3.1976597242E-005
#    -14     7       6.4279876798E-005
#    -14     8       1.2983028040E-006
#    -14     9       1.7466653216E-004
#    -14    10       1.2335321926E-004
#    -14    11       5.1992683924E-004
#    -14    12       1.6850724449E-004
#    -14    13       1.2868062193E-004
#    -14    14       2.6691507696E-005
#    -14    15       4.6984224743E-007
#    -14    16       2.7583665093E-005
#    -14    17       2.1976198578E-004
#    -14    18       9.0994900133E-007
#    -14    19       2.2816435479E-004
#    -14    20       4.5292025132E-005
#    -14    21       4.2228982532E-004
#    -14    22       1.8042311708E-004
#    -13   -26       6.3530754261E-006
#    -13   -25       2.7578065778E-004
#    -13   -24       9.0939303329E-005
#    -13   -23       6.3718528672E-004
#    -13   -22       1.9232100899E-004
#    -13   -21       2.8634753076E-005
#    -13   -20       2.6465206586E-004
#    -13   -19       6.3021087525E-005
#    -13   -18       2.4841177514E-005
#    -13   -17       2.1604013340E-005
#    -13   -16       4.3063545579E-005
#    -13   -15       1.4907641629E-004
#    -13   -14       1.6102611226E-004
#    -13   -13       5.6236765367E-004
#    -13   -12       1.4259571607E-004
#    -13   -11       1.9897251908E-005
#    -13   -10       4.2105519608E-004
#    -13    -9       2.1663466246E-004
#    -13    -8       7.0055275367E-004
#    -13    -7       3.0421691369E-005
#    -13    -6       2.5657871989E-005
#    -13    -5       4.3332036007E-004
#    -13    -4       4.4101798383E-004
#    -13    -3       2.5153974285E-003
#    -13    -2       8.0387865527E-004
#    -13    -1       3.1140713025E-005
#    -13     0       9.1637918593E-004
#    -13     1       3.3307561196E-005
#    -13     2       3.0459716068E-006
#    -13     3       3.7332742994E-005
#    -13     4       3.0356401663E-005
#    -13     5       5.6718249612E-004
#    -13     6       2.0466380902E-004
#    -13     7       1.6883899709E-003
#    -13     8       3.7990476626E-004
#    -13     9       1.2013499338E-004
#    -13    10       1.2867433102E-003
#    -13    11       4.1487602240E-004
#    -13    12       1.1571094743E-003
#    -13    13       2.2758856437E-005
#    -13    14       1.1089743578E-004
#    -13    15       5.9069299906E-004
#    -13    16       3.2667747577E-004
#    -13    17       3.2490331255E-004
#    -13    18       1.7632347144E-004
#    -13    19       3.4122093094E-005
#    -13    20       8.6061111224E-004
#    -13    21       4.0106237307E-004
#    -12   -26       5.3857343282E-005
#    -12   -25       2.9384920448E-004
#    -12   -24       2.5729058048E-005
#    -12   -23       9.9187119346E-005
#    -12   -22       5.8778565505E-004
#    -12   -21       8.4289579552E-005
#    -12   -20       1.7417465424E-004
#    -12   -19       8.3957476715E-006
#    -12   -18       2.2339683063E-006
#    -12   -17       2.7227168182E-005
#    -12   -16       1.0554355742E-004
#    -12   -15       2.7025071236E-004
#    -12   -14       2.4756955909E-005
#    -12   -13       1.5460603066E-004
#    -12   -12       8.8339236276E-004
#    -12   -11       2.2681382612E-004
#    -12   -10       1.1445131418E-003
#    -12    -9       1.0762490099E-004
#    -12    -8       1.4746109281E-004
#    -12    -7       5.1938954293E-005
#    -12    -6       2.1799793113E-004
#    -12    -5       1.0202011817E-003
#    -12    -4       5.1830605989E-004
#    -12    -3       8.6342763202E-004
#    -12    -2       1.5232469836E-003
#    -12    -1       2.9263083842E-005
#    -12     0       2.9038790317E-006
#    -12     1       1.7498154364E-004
#    -12     2       2.8315922815E-004
#    -12     3       1.0609203410E-003
#    -12     4       9.8898977276E-004
#    -12     5       1.8816824910E-003
#    -12     6       3.4885080820E-004
#    -12     7       1.2725022771E-003
#    -12     8       2.3906267730E-003
#    -12     9       7.8030419577E-004
#    -12    10       1.0739053552E-003
#    -12    11       1.9695408049E-004
#    -12    12       1.2052665758E-004
#    -12    13       2.6122619964E-004
#    -12    14       2.8237773612E-004
#    -12    15       9.5294366493E-004
#    -12    16       1.8935660355E-004
#    -12    17       8.4175690519E-005
#    -12    18       1.2368729352E-004
#    -12    19       4.2432549020E-004
#    -12    20       1.3753696654E-003
#    -12    21       6.6826758244E-005
#    -11   -26       1.8058344888E-005
#    -11   -25       4.9851020535E-005
#    -11   -24       7.9092409429E-005
#    -11   -23       5.8385833145E-005
#    -11   -22       2.6695947120E-004
#    -11   -21       8.0228965621E-005
#    -11   -20       2.8096340731E-005
#    -11   -19       1.2254441101E-005
#    -11   -18       6.6470591407E-006
#    -11   -17       1.3464714860E-005
#    -11   -16       5.2007385122E-005
#    -11   -15       2.3600566209E-005
#    -11   -14       2.9254055012E-005
#    -11   -13       8.6101577719E-005
#    -11   -12       1.3137026782E-004
#    -11   -11       2.6887712236E-004
#    -11   -10       1.5649110286E-005
#    -11    -9       1.4232457846E-004
#    -11    -8       4.6637940940E-005
#    -11    -7       4.0990377100E-004
#    -11    -6       1.6430921445E-004
#    -11    -5       1.5841582140E-004
#    -11    -4       3.7533247557E-005
#    -11    -3       1.3914631624E-004
#    -11    -2       3.8203755863E-006
#    -11    -1       1.1689761078E-004
#    -11     0       1.5118330935E-004
#    -11     1       4.6629912805E-004
#    -11     2       3.8921249366E-004
#    -11     3       7.9759260408E-004
#    -11     4       3.6340789593E-004
#    -11     5       3.8586471371E-004
#    -11     6       5.2539118471E-004
#    -11     7       2.7045034037E-004
#    -11     8       7.7726454363E-004
#    -11     9       5.8697555439E-004
#    -11    10       4.2366109805E-005
#    -11    11       1.8022914898E-004
#    -11    12       1.3523864771E-004
#    -11    13       1.9411836956E-004
#    -11    14       1.2087825363E-004
#    -11    15       7.9078000693E-005
#    -11    16       3.1682641967E-004
#    -11    17       1.9298005956E-004
#    -11    18       4.2685235681E-004
#    -11    19       5.5339421109E-004
#    -11    20       7.6417308283E-005
#    -10   -27       8.9065890274E-005
#    -10   -26       1.1196724865E-005
#    -10   -25       1.0595290360E-003
#    -10   -24       5.4569294181E-005
#    -10   -23       6.5944125973E-004
#    -10   -22       2.4229305821E-004
#    -10   -21       6.8368365669E-006
#    -10   -20       9.1068135521E-005
#    -10   -19       2.5144605479E-005
#    -10   -18       1.2872669768E-004
#    -10   -17       7.4059555801E-006
#    -10   -16       4.0156063450E-005
#    -10   -15       4.0284390559E-003
#    -10   -14       9.4845279764E-005
#    -10   -13       6.4463082415E-004
#    -10   -12       9.6415937461E-004
#    -10   -11       1.4210026192E-004
#    -10   -10       5.7792795013E-003
#    -10    -9       9.7192203103E-008
#    -10    -8       6.9186897721E-004
#    -10    -7       1.7671221896E-003
#    -10    -6       2.7122157200E-005
#    -10    -5       1.9687813189E-002
#    -10    -4       5.8836086736E-005
#    -10    -3       1.0815766091E-004
#    -10    -2       7.1516555709E-004
#    -10    -1       1.1051766409E-004
#    -10     0       2.2822692499E-002
#    -10     1       1.2347234626E-004
#    -10     2       2.8367489461E-003
#    -10     3       2.3453908226E-003
#    -10     4       1.1031315163E-004
#    -10     5       6.3008184666E-003
#    -10     6       1.5228386992E-004
#    -10     7       2.6621995336E-003
#    -10     8       1.7477966701E-003
#    -10     9       1.8838136413E-004
#    -10    10       1.5581001779E-002
#    -10    11       9.9039522979E-006
#    -10    12       3.2192659028E-004
#    -10    13       4.9636582402E-004
#    -10    14       2.1549383991E-005
#    -10    15       1.2136853500E-002
#    -10    16       1.7225556963E-004
#    -10    17       8.2400103158E-004
#    -10    18       9.4782343659E-004
#    -10    19       9.9810816058E-005
#     -9   -27       3.9814327431E-005
#     -9   -26       1.1088598670E-004
#     -9   -25       5.2484165869E-005
#     -9   -24       1.1505060290E-004
#     -9   -23       3.0913242801E-004
#     -9   -22       9.9813286312E-005
#     -9   -21       1.0803322876E-004
#     -9   -20       1.8974573281E-005
#     -9   -19       9.1788248890E-005
#     -9   -18       5.0613552793E-005
#     -9   -17       1.8954114345E-005
#     -9   -16       2.0999083589E-005
#     -9   -15       3.9855413616E-006
#     -9   -14       1.7228050349E-004
#     -9   -13       3.5169409674E-004
#     -9   -12       3.8541784874E-004
#     -9   -11       8.6050005518E-005
#     -9   -10       9.8697149847E-007
#     -9    -9       3.0627599588E-005
#     -9    -8       3.3700472283E-004
#     -9    -7       1.2523867218E-004
#     -9    -6       2.2459935604E-004
#     -9    -5       1.5006822385E-004
#     -9    -4       9.1893926836E-006
#     -9    -3       2.8876287024E-004
#     -9    -2       8.8101815557E-005
#     -9    -1       7.1400777028E-004
#     -9     0       5.2023700277E-004
#     -9     1       5.1512760071E-004
#     -9     2       9.0165825067E-004
#     -9     3       8.2093096317E-005
#     -9     4       6.7464298326E-004
#     -9     5       2.4750171708E-005
#     -9     6       3.1978848670E-004
#     -9     7       4.6708184585E-004
#     -9     8       1.0496228577E-004
#     -9     9       1.2890098831E-005
#     -9    10       3.5342935708E-005
#     -9    11       8.5344760550E-006
#     -9    12       1.1293862953E-004
#     -9    13       8.8752373710E-005
#     -9    14       3.3960443329E-004
#     -9    15       2.6532632334E-005
#     -9    16       4.8996589326E-004
#     -9    17       6.4607716543E-004
#     -9    18       6.8211326642E-006
#     -9    19       2.8442577815E-004
#     -8   -27       3.5713148079E-005
#     -8   -26       1.0196166476E-004
#     -8   -25       3.8295667865E-004
#     -8   -24       2.6002407176E-004
#     -8   -23       8.9046096210E-004
#     -8   -22       8.4093843335E-005
#     -8   -21       2.1569780285E-004
#     -8   -20       1.4922489212E-004
#     -8   -19       1.4967036836E-005
#     -8   -18       1.7326567928E-004
#     -8   -17       3.0289774314E-005
#     -8   -16       9.1606376786E-005
#     -8   -15       2.6335206970E-004
#     -8   -14       1.9088086010E-004
#     -8   -13       1.0699254373E-003
#     -8   -12       1.4133045246E-004
#     -8   -11       7.0999239837E-005
#     -8   -10       2.9729945995E-004
#     -8    -9       3.3538344875E-004
#     -8    -8       6.7740675398E-004
#     -8    -7       1.5541762524E-004
#     -8    -6       6.2673553925E-005
#     -8    -5       7.4656557908E-004
#     -8    -4       7.4490145160E-004
#     -8    -3       3.3493086564E-003
#     -8    -2       1.2772860236E-003
#     -8    -1       2.0517789061E-004
#     -8     0       2.8290638777E-003
#     -8     1       3.8425128590E-004
#     -8     2       5.0717244186E-004
#     -8     3       3.8343465676E-004
#     -8     4       1.2044666851E-004
#     -8     5       9.6663420353E-005
#     -8     6       2.5386062098E-004
#     -8     7       7.2195063899E-004
#     -8     8       1.3337278606E-004
#     -8     9       4.3065403337E-005
#     -8    10       1.3919482477E-004
#     -8    11       4.8656439840E-004
#     -8    12       2.6680719277E-003
#     -8    13       3.0992467731E-006
#     -8    14       7.7390991052E-005
#     -8    15       1.9240518043E-003
#     -8    16       8.8803435887E-004
#     -8    17       2.3590756703E-003
#     -8    18       8.1659244068E-004
#     -7   -27       8.6032344270E-005
#     -7   -26       1.7898622930E-004
#     -7   -25       4.0000548448E-004
#     -7   -24       1.7667305439E-004
#     -7   -23       2.6082145167E-004
#     -7   -22       6.5290696250E-004
#     -7   -21       1.0722145706E-004
#     -7   -20       2.0849111968E-004
#     -7   -19       1.2898714293E-004
#     -7   -18       3.0541949828E-005
#     -7   -17       1.1431960464E-004
#     -7   -16       1.4842297549E-004
#     -7   -15       3.7939351010E-004
#     -7   -14       6.2063774613E-005
#     -7   -13       1.8646097960E-004
#     -7   -12       3.8387966173E-004
#     -7   -11       6.8189645091E-006
#     -7   -10       2.8651458059E-005
#     -7    -9       7.6677138458E-005
#     -7    -8       8.9203732292E-007
#     -7    -7       2.1161700438E-004
#     -7    -6       4.2358625965E-004
#     -7    -5       2.3477446714E-003
#     -7    -4       4.1814632356E-004
#     -7    -3       1.4691260410E-003
#     -7    -2       3.1491928792E-003
#     -7    -1       6.4424401250E-004
#     -7     0       3.2290123991E-004
#     -7     1       4.0252674221E-005
#     -7     2       1.4576612121E-004
#     -7     3       4.7913038467E-005
#     -7     4       2.0076574534E-004
#     -7     5       5.1705987104E-004
#     -7     6       1.9445015773E-004
#     -7     7       3.5319113281E-004
#     -7     8       4.8309077633E-005
#     -7     9       1.2592824025E-004
#     -7    10       2.1338320289E-003
#     -7    11       5.7731066924E-004
#     -7    12       6.7247158422E-004
#     -7    13       2.9888721493E-004
#     -7    14       1.3235515031E-004
#     -7    15       1.1409105120E-003
#     -7    16       1.9254799124E-004
#     -7    17       4.5842740370E-004
#     -6   -27       3.5064527982E-005
#     -6   -26       8.2582009436E-005
#     -6   -25       6.6980225990E-007
#     -6   -24       1.7828045797E-004
#     -6   -23       1.6406711470E-004
#     -6   -22       1.4061201979E-004
#     -6   -21       1.2875364763E-004
#     -6   -20       1.4279599026E-005
#     -6   -19       4.6875398040E-005
#     -6   -18       2.7477789858E-005
#     -6   -17       5.9278793028E-005
#     -6   -16       1.2964324456E-004
#     -6   -15       2.3706521296E-005
#     -6   -14       1.1160102292E-004
#     -6   -13       1.2257082596E-004
#     -6   -12       2.5354509238E-005
#     -6   -11       3.4438146554E-006
#     -6   -10       3.4873529472E-005
#     -6    -9       2.4419260145E-005
#     -6    -8       1.8179506088E-005
#     -6    -7       5.5610178569E-004
#     -6    -6       4.1619453062E-004
#     -6    -5       4.9595861417E-004
#     -6    -4       1.5780895029E-004
#     -6    -3       1.4141611043E-004
#     -6    -2       1.4116522493E-004
#     -6    -1       5.2421063657E-005
#     -6     0       1.2743011558E-005
#     -6     1       1.2835264257E-004
#     -6     2       5.8937832774E-005
#     -6     3       1.9611453918E-004
#     -6     4       1.2529669625E-004
#     -6     5       3.4336302089E-004
#     -6     6       1.1761095790E-004
#     -6     7       3.2068675001E-006
#     -6     8       1.5755714314E-004
#     -6     9       4.2457358342E-004
#     -6    10       4.8715662802E-004
#     -6    11       8.8127433741E-004
#     -6    12       2.5580729048E-004
#     -6    13       4.7694067997E-005
#     -6    14       3.0389890450E-004
#     -6    15       6.0530564487E-005
#     -6    16       2.4692769320E-006
#     -5   -27       3.8962397247E-004
#     -5   -26       3.9838704264E-005
#     -5   -25       1.0505862505E-003
#     -5   -24       1.5695123400E-005
#     -5   -23       4.8080490163E-004
#     -5   -22       7.9551176611E-004
#     -5   -21       7.1543304772E-007
#     -5   -20       2.2537771718E-003
#     -5   -19       2.3627285908E-006
#     -5   -18       3.9242113587E-004
#     -5   -17       3.4699336792E-004
#     -5   -16       1.5864791486E-005
#     -5   -15       9.3269548331E-004
#     -5   -14       4.1794809865E-007
#     -5   -13       7.5339021342E-005
#     -5   -12       6.9586429801E-005
#     -5   -11       4.3056233892E-005
#     -5   -10       1.0891680853E-002
#     -5    -9       9.6722818208E-006
#     -5    -8       1.2112297539E-003
#     -5    -7       2.5889471850E-003
#     -5    -6       1.5049843295E-004
#     -5    -5       6.3410971507E-003
#     -5    -4       3.7436047023E-004
#     -5    -3       1.0990054273E-003
#     -5    -2       1.5503576678E-004
#     -5    -1       4.7120546855E-005
#     -5     0       6.8788863840E-003
#     -5     1       1.0718221383E-004
#     -5     2       1.7717137797E-003
#     -5     3       1.0793473399E-003
#     -5     4       9.6650239799E-005
#     -5     5       2.6206169781E-004
#     -5     6       2.3591706921E-004
#     -5     7       4.0346583338E-004
#     -5     8       2.2229713905E-003
#     -5     9       3.1012680393E-004
#     -5    10       2.6088568137E-002
#     -5    11       2.6653543957E-004
#     -5    12       1.7430196785E-003
#     -5    13       1.9565701481E-004
#     -5    14       4.0652404009E-005
#     -5    15       1.7893141749E-002
#     -4   -28       5.6703407822E-006
#     -4   -27       1.4319096304E-006
#     -4   -26       7.0282399437E-005
#     -4   -25       2.2401212286E-005
#     -4   -24       1.8865018466E-004
#     -4   -23       1.4260669460E-004
#     -4   -22       6.2047513097E-005
#     -4   -21       7.5214140228E-005
#     -4   -20       3.5497214125E-005
#     -4   -19       1.6362881699E-004
#     -4   -18       3.1772692102E-004
#     -4   -17       1.4561064415E-005
#     -4   -16       2.2030808739E-005
#     -4   -15       5.4017837590E-005
#     -4   -14       2.8520538476E-005
#     -4   -13       3.9391721578E-007
#     -4   -12       6.0320930049E-005
#     -4   -11       1.9159352607E-004
#     -4   -10       5.4465624404E-005
#     -4    -9       1.7521984984E-004
#     -4    -8       6.4548989971E-004
#     -4    -7       3.1782679555E-004
#     -4    -6       5.0438073692E-004
#     -4    -5       3.5271169552E-005
#     -4    -4       1.3652553901E-004
#     -4    -3       1.3259028917E-005
#     -4    -2       4.8938226446E-006
#     -4    -1       2.9255962787E-004
#     -4     0       5.0326545285E-005
#     -4     1       8.1695387680E-005
#     -4     2       1.1116455733E-004
#     -4     3       6.5062500707E-005
#     -4     4       1.5163583922E-004
#     -4     5       6.8084726590E-005
#     -4     6       8.6685744986E-005
#     -4     7       4.5179907974E-004
#     -4     8       3.6611014978E-004
#     -4     9       6.3966712963E-004
#     -4    10       3.3517801312E-004
#     -4    11       1.0555604918E-003
#     -4    12       3.8068384247E-004
#     -4    13       2.1299456868E-004
#     -4    14       4.9090568227E-005
#     -3   -28       2.6653327131E-004
#     -3   -27       1.0850997809E-004
#     -3   -26       2.9040035754E-006
#     -3   -25       6.0539404877E-004
#     -3   -24       1.3306737087E-004
#     -3   -23       3.6493814603E-004
#     -3   -22       1.0696700204E-004
#     -3   -21       1.2249454112E-004
#     -3   -20       5.7723762509E-004
#     -3   -19       1.4292452381E-004
#     -3   -18       3.2121941692E-004
#     -3   -17       1.4188395587E-004
#     -3   -16       4.5448304778E-005
#     -3   -15       3.6197464215E-004
#     -3   -14       4.8252434467E-005
#     -3   -13       9.0584932421E-006
#     -3   -12       1.1771852202E-005
#     -3   -11       2.5458181864E-004
#     -3   -10       1.1822210513E-003
#     -3    -9       7.3612803839E-004
#     -3    -8       2.5053782304E-003
#     -3    -7       8.8964609494E-004
#     -3    -6       2.3676424383E-004
#     -3    -5       1.1588892628E-004
#     -3    -4       4.6486319648E-005
#     -3    -3       9.5486483753E-004
#     -3    -2       6.8381585262E-004
#     -3    -1       4.7083089943E-005
#     -3     0       1.3607509660E-004
#     -3     1       1.1764348794E-005
#     -3     2       1.1308646870E-005
#     -3     3       5.8397216847E-005
#     -3     4       1.7447328598E-005
#     -3     5       1.0827321969E-004
#     -3     6       2.1911916550E-004
#     -3     7       1.1034425791E-003
#     -3     8       4.9985604572E-004
#     -3     9       3.4797036108E-004
#     -3    10       2.7468729648E-003
#     -3    11       1.2051561796E-003
#     -3    12       8.1542527262E-005
#     -3    13       1.2055936902E-004
#     -2   -28       2.7389443110E-005
#     -2   -27       4.9287198172E-004
#     -2   -26       1.9255772176E-004
#     -2   -25       4.9576531492E-004
#     -2   -24       1.5268583639E-004
#     -2   -23       5.7681602804E-005
#     -2   -22       9.4863268013E-004
#     -2   -21       1.3842412299E-004
#     -2   -20       9.3663965312E-004
#     -2   -19       7.4017000252E-005
#     -2   -18       1.2804446705E-004
#     -2   -17       6.2740166687E-004
#     -2   -16       1.6893364448E-004
#     -2   -15       1.5817480256E-004
#     -2   -14       9.1824779250E-007
#     -2   -13       8.4234230527E-006
#     -2   -12       4.9009261901E-004
#     -2   -11       3.5175769451E-004
#     -2   -10       1.0630912715E-003
#     -2    -9       4.2857666233E-004
#     -2    -8       3.9154133703E-004
#     -2    -7       1.5070142605E-003
#     -2    -6       9.0799400033E-005
#     -2    -5       7.5705803086E-004
#     -2    -4       2.6969847706E-004
#     -2    -3       6.7281860417E-004
#     -2    -2       2.6191189703E-004
#     -2    -1       2.5682701945E-005
#     -2     0       2.7820503583E-004
#     -2     1       7.3763606919E-005
#     -2     2       9.0992908535E-004
#     -2     3       3.0408053186E-004
#     -2     4       1.7060816852E-005
#     -2     5       1.2149307812E-004
#     -2     6       3.4797857210E-005
#     -2     7       2.4062504056E-005
#     -2     8       1.2085368155E-004
#     -2     9       1.4497966410E-004
#     -2    10       1.3938963738E-003
#     -2    11       2.4929126390E-004
#     -2    12       3.9812898693E-004
#     -1   -27       1.2322808402E-004
#     -1   -26       7.5876545515E-005
#     -1   -25       3.3869421562E-005
#     -1   -24       5.9054216120E-005
#     -1   -23       7.3873758673E-005
#     -1   -22       2.0816797297E-004
#     -1   -21       1.1030672662E-004
#     -1   -20       1.2126383391E-006
#     -1   -19       6.6012360220E-005
#     -1   -18       3.5966736071E-005
#     -1   -17       1.0703698186E-004
#     -1   -16       3.8993553394E-006
#     -1   -15       8.8233151737E-006
#     -1   -14       4.0085590448E-005
#     -1   -13       5.6880776403E-005
#     -1   -12       3.5681933865E-004
#     -1   -11       3.0289616001E-004
#     -1   -10       4.4314005657E-005
#     -1    -9       1.3254528652E-004
#     -1    -8       2.3681884060E-004
#     -1    -7       1.2950563479E-004
#     -1    -6       1.5601214524E-004
#     -1    -5       2.0340478560E-004
#     -1    -4       1.8192487697E-005
#     -1    -3       6.6784998857E-005
#     -1    -2       1.6092184108E-005
#     -1    -1       3.5200084256E-005
#     -1     0       2.4332637612E-004
#     -1     1       2.5947553717E-004
#     -1     2       2.2070421265E-004
#     -1     3       2.3935859868E-004
#     -1     4       8.1843872766E-005
#     -1     5       1.8514492789E-004
#     -1     6       2.9842013288E-004
#     -1     7       2.1007613091E-004
#     -1     8       2.9810997829E-004
#     -1     9       7.2441545827E-005
#     -1    10       4.0263076644E-005
#     -1    11       8.3598476747E-006
#      0   -27       2.8251963715E-004
#      0   -26       1.3845924447E-004
#      0   -25       8.6351454719E-004
#      0   -24       3.9379516110E-005
#      0   -23       3.4353816105E-004
#      0   -22       8.5680946910E-004
#      0   -21       9.1976627629E-005
#      0   -20       2.9931699633E-003
#      0   -19       6.7393222379E-006
#      0   -18       5.1191099447E-006
#      0   -17       1.7922511634E-006
#      0   -16       3.6982969227E-005
#      0   -15       1.6581105855E-002
#      0   -14       6.3760905782E-006
#      0   -13       7.8323948224E-005
#      0   -12       4.7597076519E-004
#      0   -11       7.3844271296E-005
#      0   -10       1.4535295452E-002
#      0    -9       5.4538019872E-005
#      0    -8       1.0898907403E-004
#      0    -7       5.6939292718E-004
#      0    -6       1.1555527236E-004
#      0    -5       1.1839778749E-004
#      0    -4       6.2428930363E-006
#      0    -3       9.2028865331E-005
#      0    -2       1.2106102251E-003
#      0    -1       3.7606357269E-004
#      0     0       2.3678163333E-002
#      0     1       2.6355181626E-004
#      0     2       2.5919295386E-003
#      0     3       1.2453425757E-004
#      0     4       6.1641119131E-004
#      0     5       7.7364668165E-003
#      0     6       4.5964392468E-005
#      0     7       1.0706939288E-003
#      0     8       4.6691044789E-004
#      0     9       1.0488185031E-004
#      0    10       1.0775169475E-002
#      1   -27       4.1138656290E-005
#      1   -26       1.1857209928E-004
#      1   -25       2.9489737471E-005
#      1   -24       7.9763175778E-005
#      1   -23       5.1509617456E-005
#      1   -22       2.5754599212E-004
#      1   -21       6.8619841516E-005
#      1   -20       3.2568872675E-006
#      1   -19       2.9709726020E-005
#      1   -18       1.2143843445E-004
#      1   -17       8.9241251966E-006
#      1   -16       2.3385977125E-005
#      1   -15       5.0357461244E-005
#      1   -14       3.4880282875E-005
#      1   -13       4.8647317096E-005
#      1   -12       5.4226400999E-005
#      1   -11       3.7815794033E-005
#      1   -10       4.6313372604E-005
#      1    -9       4.7746767425E-005
#      1    -8       5.3476796768E-005
#      1    -7       7.5723796718E-005
#      1    -6       5.1709155395E-005
#      1    -5       1.5439538185E-005
#      1    -4       6.0252274830E-005
#      1    -3       3.9261016483E-005
#      1    -2       4.2279396348E-004
#      1    -1       7.6220019816E-004
#      1     0       1.9521063743E-004
#      1     1       1.0158416646E-003
#      1     2       1.0996781972E-004
#      1     3       6.3386708194E-005
#      1     4       8.7534094192E-005
#      1     5       5.8595929319E-005
#      1     6       2.5505870782E-004
#      1     7       6.5844389576E-005
#      1     8       6.3565031924E-005
#      1     9       6.1475938925E-005
#      2   -27       1.4925324150E-004
#      2   -26       1.8493746938E-004
#      2   -25       6.5082897988E-004
#      2   -24       3.4350466501E-004
#      2   -23       1.0347344408E-003
#      2   -22       2.6173114160E-004
#      2   -21       7.5093650139E-006
#      2   -20       7.4666033798E-005
#      2   -19       6.2900313073E-005
#      2   -18       5.0114000567E-004
#      2   -17       2.1355363447E-004
#      2   -16       2.2953643877E-005
#      2   -15       5.9592850058E-004
#      2   -14       3.0768815939E-004
#      2   -13       9.1369252685E-004
#      2   -12       1.9862484654E-004
#      2   -11       1.4085800745E-004
#      2   -10       4.9210272628E-004
#      2    -9       1.4945470627E-004
#      2    -8       4.7266573625E-004
#      2    -7       3.8640913868E-004
#      2    -6       2.0185248444E-004
#      2    -5       1.1150082886E-004
#      2    -4       3.9585642356E-005
#      2    -3       7.5514654748E-004
#      2    -2       1.0640658821E-003
#      2    -1       6.5383542098E-004
#      2     0       1.7894327695E-003
#      2     1       8.3795433893E-004
#      2     2       2.5626083001E-004
#      2     3       1.1943174450E-004
#      2     4       6.6187900125E-004
#      2     5       3.6198462557E-003
#      2     6       5.6357039972E-004
#      2     7       1.1409427727E-003
#      2     8       1.0641600863E-003
#      3   -26       1.6402562206E-004
#      3   -25       3.1976288566E-004
#      3   -24       4.5375666953E-006
#      3   -23       2.8141166847E-004
#      3   -22       2.5805676550E-004
#      3   -21       5.8421848803E-005
#      3   -20       4.7990973885E-004
#      3   -19       3.2762852310E-005
#      3   -18       6.0962929483E-004
#      3   -17       9.1038931625E-004
#      3   -16       3.6668248874E-004
#      3   -15       1.2632360711E-003
#      3   -14       5.0489919442E-005
#      3   -13       3.6837499124E-004
#      3   -12       3.7423363818E-004
#      3   -11       3.6315848352E-004
#      3   -10       2.0733323726E-003
#      3    -9       3.3211350079E-004
#      3    -8       9.6345687056E-004
#      3    -7       2.9124633567E-003
#      3    -6       1.8102976420E-004
#      3    -5       1.1658275000E-004
#      3    -4       4.5160345508E-005
#      3    -3       5.2713316478E-005
#      3    -2       9.5586560987E-004
#      3    -1       6.8325196162E-004
#      3     0       1.8408987551E-003
#      3     1       5.3827743504E-004
#      3     2       1.7135704531E-003
#      3     3       7.8154032835E-004
#      3     4       3.5105706166E-004
#      3     5       2.8118325377E-004
#      3     6       3.6501752761E-004
#      4   -26       2.8227939102E-005
#      4   -25       3.5472816782E-005
#      4   -24       8.4833554563E-005
#      4   -23       1.7873063693E-004
#      4   -22       1.9958177578E-004
#      4   -21       9.8368007313E-006
#      4   -20       1.6564115601E-005
#      4   -19       7.5253734955E-005
#      4   -18       8.9922549545E-005
#      4   -17       9.2135563138E-005
#      4   -16       1.5362570090E-004
#      4   -15       8.9222832549E-005
#      4   -14       4.8234618695E-004
#      4   -13       1.0935929077E-004
#      4   -12       7.2367972420E-004
#      4   -11       6.6404025061E-004
#      4   -10       4.4493529407E-004
#      4    -9       6.5169891111E-004
#      4    -8       4.3918017928E-004
#      4    -7       2.8913982686E-004
#      4    -6       6.9578833787E-005
#      4    -5       1.4192698572E-004
#      4    -4       3.3396664921E-005
#      4    -3       1.3650075246E-004
#      4    -2       3.1622154482E-005
#      4    -1       6.7558178050E-004
#      4     0       3.1163413415E-004
#      4     1       2.8771201879E-004
#      4     2       4.1540267985E-004
#      4     3       8.7696820030E-004
#      4     4       3.1324597335E-004
#      4     5       2.7583592559E-004
#      5   -25       3.9186506900E-003
#      5   -24       2.3235535827E-006
#      5   -23       1.4974690009E-004
#      5   -22       7.1436463645E-006
#      5   -21       6.9913787029E-005
#      5   -20       5.7320076181E-004
#      5   -19       8.8043119481E-006
#      5   -18       2.0126467606E-004
#      5   -17       3.6343195497E-004
#      5   -16       3.9898591072E-005
#      5   -15       1.5138760863E-002
#      5   -14       9.3154712963E-005
#      5   -13       2.3696251902E-007
#      5   -12       1.6541903557E-003
#      5   -11       3.3683493517E-004
#      5   -10       2.7733846530E-002
#      5    -9       3.6795001306E-004
#      5    -8       1.5700813380E-003
#      5    -7       3.5786267110E-005
#      5    -6       3.4668512037E-004
#      5    -5       7.9877433177E-003
#      5    -4       2.5465115002E-004
#      5    -3       3.6448882091E-004
#      5    -2       2.8407143606E-003
#      5    -1       5.9477824922E-004
#      5     0       4.1537779372E-002
#      5     1       3.6352954910E-004
#      5     2       2.4397493747E-003
#      5     3       1.7572166554E-004
#      6   -25       4.7481089060E-005
#      6   -24       1.0098738262E-004
#      6   -23       3.5678160589E-004
#      6   -22       2.6690118510E-004
#      6   -21       3.5830665283E-004
#      6   -20       7.9209268374E-005
#      6   -19       3.1789237298E-006
#      6   -18       1.4190948034E-005
#      6   -17       3.2130847566E-005
#      6   -16       2.7702773577E-004
#      6   -15       1.8639832875E-005
#      6   -14       3.7364503548E-005
#      6   -13       1.9653535262E-004
#      6   -12       3.7702036307E-004
#      6   -11       6.6490952297E-004
#      6   -10       3.0300422733E-004
#      6    -9       9.2773607651E-004
#      6    -8       2.3418446173E-005
#      6    -7       1.3523674212E-004
#      6    -6       2.9075443608E-004
#      6    -5       1.4372382554E-004
#      6    -4       6.5591935247E-004
#      6    -3       2.2327337596E-004
#      6    -2       4.2151035864E-004
#      6    -1       6.5202635314E-004
#      6     0       1.8505502718E-004
#      6     1       4.4103725109E-004
#      6     2       6.8665071879E-004
#      7   -24       4.4867990234E-004
#      7   -23       1.1158266670E-003
#      7   -22       1.4259987424E-004
#      7   -21       6.0095441685E-005
#      7   -20       5.1197686365E-004
#      7   -19       3.9316468389E-004
#      7   -18       8.0014664150E-004
#      7   -17       4.3505030125E-004
#      7   -16       7.2556042183E-005
#      7   -15       5.0362625761E-004
#      7   -14       1.3840666356E-004
#      7   -13       3.5151188376E-004
#      7   -12       3.8880409139E-004
#      7   -11       7.4853009267E-004
#      7   -10       2.1809238966E-003
#      7    -9       3.1228675930E-004
#      7    -8       2.5267553765E-004
#      7    -7       1.9805944492E-004
#      7    -6       4.9253716783E-004
#      7    -5       2.5981456066E-003
#      7    -4       2.4036486708E-004
#      7    -3       2.7210695641E-003
#      7    -2       1.7631741375E-003
#      7    -1       9.7544148072E-004
#      7     0       2.4962113926E-004
#      8   -23       5.0369083964E-004
#      8   -22       4.2079145727E-004
#      8   -21       2.6109839122E-004
#      8   -20       1.0252899050E-003
#      8   -19       1.9562644671E-005
#      8   -18       6.3800749771E-004
#      8   -17       2.0838610818E-003
#      8   -16       7.5027350994E-004
#      8   -15       5.9547791182E-004
#      8   -14       2.6670263638E-005
#      8   -13       1.0268184269E-004
#      8   -12       6.7287961457E-004
#      8   -11       1.2955449891E-003
#      8   -10       1.1158547021E-003
#      8    -9       2.3161673443E-005
#      8    -8       2.1709005184E-004
#      8    -7       2.8343163841E-004
#      8    -6       5.6993469116E-004
#      8    -5       4.3488222601E-004
#      8    -4       1.5280703540E-004
#      8    -3       8.8365756152E-005
#      8    -2       2.2687769671E-003
#      9   -21       3.0674696056E-004
#      9   -20       8.8566448886E-006
#      9   -19       1.9859705433E-004
#      9   -18       3.4387644775E-005
#      9   -17       1.0293915463E-003
#      9   -16       2.1828321560E-004
#      9   -15       7.2722661913E-005
#      9   -14       1.0849487543E-004
#      9   -13       1.7142996525E-005
#      9   -12       5.0327330994E-006
#      9   -11       1.0082745725E-004
#      9   -10       4.1983267897E-006
#      9    -9       1.0815447297E-004
#      9    -8       1.2017026852E-004
#      9    -7       5.3345224744E-004
#      9    -6       7.5142875258E-004
#      9    -5       2.3727711534E-004
#     10   -19       2.2873076137E-004
#     10   -18       1.2711823383E-003
#     10   -17       1.0818889354E-003
#     10   -16       1.8552214208E-004
#     10   -15       1.3839326044E-002
#     10   -14       2.7445747819E-005
#     10   -13       3.2268668480E-004
#     10   -12       6.7008446618E-004
#     10   -11       1.0403074804E-004
#     10   -10       1.1042665103E-002
#     10    -9       6.8893229350E-006
#     10    -8       1.4405381471E-003
