 Diffraction intensities for potential:_5x5_03D10009.in                        
#    -45    11       4.0422349486E-006
#    -45    12       1.5484917364E-005
#    -45    13       9.3187341398E-006
#    -45    14       2.9196522906E-005
#    -45    15       1.2080809816E-004
#    -45    16       3.7741973515E-005
#    -44     7       4.8146544258E-005
#    -44     8       4.2060323951E-005
#    -44     9       5.9988895169E-006
#    -44    10       1.4701410157E-005
#    -44    11       1.9960943910E-006
#    -44    12       1.2080395732E-004
#    -44    13       9.5688798369E-005
#    -44    14       1.0050172623E-005
#    -44    15       2.8225394401E-005
#    -44    16       4.8093217135E-006
#    -44    17       7.0246769221E-005
#    -44    18       8.1849066502E-005
#    -44    19       5.5941205179E-006
#    -44    20       2.2310382034E-006
#    -43     4       1.2481099196E-005
#    -43     5       3.3431945495E-005
#    -43     6       7.5469694831E-006
#    -43     7       3.1179681625E-005
#    -43     8       3.7883020137E-005
#    -43     9       1.2244088774E-005
#    -43    10       6.2308833184E-005
#    -43    11       4.9808743693E-005
#    -43    12       6.4586581069E-005
#    -43    13       4.9137301299E-005
#    -43    14       3.9048577839E-005
#    -43    15       1.4432337714E-004
#    -43    16       3.6993733573E-005
#    -43    17       6.5456133139E-005
#    -43    18       8.5022507109E-005
#    -43    19       4.4786706644E-005
#    -43    20       1.2127221254E-004
#    -43    21       2.1841795033E-005
#    -43    22       3.9387601512E-005
#    -42     2       1.8447653915E-005
#    -42     3       1.5658931150E-005
#    -42     4       1.6921602390E-005
#    -42     5       3.6765763794E-005
#    -42     6       6.8987273532E-006
#    -42     7       1.1472412772E-005
#    -42     8       2.9323036483E-005
#    -42     9       1.9078011459E-005
#    -42    10       9.8236015743E-005
#    -42    11       2.6379317623E-005
#    -42    12       6.9176728336E-005
#    -42    13       1.0801117956E-004
#    -42    14       5.9452994567E-005
#    -42    15       1.8448617307E-004
#    -42    16       5.5648373361E-005
#    -42    17       6.9173541998E-005
#    -42    18       9.1380985969E-005
#    -42    19       5.2622893713E-005
#    -42    20       1.2211721630E-004
#    -42    21       1.8091573182E-005
#    -42    22       4.1614428885E-005
#    -42    23       2.3903274619E-005
#    -41     0       1.2027864129E-005
#    -41     1       3.5714364929E-006
#    -41     2       1.9567452472E-005
#    -41     3       7.4139168316E-005
#    -41     4       1.5595450876E-006
#    -41     5       1.6289987409E-005
#    -41     6       6.3505289452E-007
#    -41     7       7.5876055101E-005
#    -41     8       1.0713187346E-004
#    -41     9       1.4100564390E-005
#    -41    10       4.0759007409E-005
#    -41    11       1.2093507515E-005
#    -41    12       1.5170821137E-004
#    -41    13       1.9157164629E-004
#    -41    14       1.2980479458E-005
#    -41    15       4.5668552201E-005
#    -41    16       2.0279666929E-005
#    -41    17       2.2423925047E-004
#    -41    18       2.5474840896E-004
#    -41    19       1.6930514989E-005
#    -41    20       7.7414630763E-005
#    -41    21       8.7735761793E-006
#    -41    22       1.6752399677E-004
#    -41    23       7.9958261457E-005
#    -41    24       1.8586408178E-006
#    -40    -2       1.4183900098E-006
#    -40    -1       7.8809358031E-006
#    -40     0       1.2760161778E-004
#    -40     1       2.3727580603E-005
#    -40     2       1.3484120202E-005
#    -40     3       2.6856864660E-006
#    -40     4       4.3642149270E-005
#    -40     5       1.4179526095E-004
#    -40     6       5.6550169923E-005
#    -40     7       2.2795447703E-005
#    -40     8       1.3991738211E-005
#    -40     9       2.4657454252E-005
#    -40    10       2.5376063723E-004
#    -40    11       6.7436239926E-005
#    -40    12       8.5336140463E-006
#    -40    13       1.3989848676E-005
#    -40    14       1.3591667647E-004
#    -40    15       3.5265414291E-004
#    -40    16       1.2741536985E-004
#    -40    17       1.6445809964E-005
#    -40    18       2.2955502701E-005
#    -40    19       1.2813656068E-004
#    -40    20       2.4619302225E-004
#    -40    21       6.0283157660E-005
#    -40    22       9.5872157349E-006
#    -40    23       1.9298324630E-005
#    -40    24       4.8418244054E-005
#    -40    25       1.0055073020E-004
#    -39    -4       1.9483911272E-006
#    -39    -3       5.9090103652E-005
#    -39    -2       1.0340690551E-005
#    -39    -1       6.9820723508E-006
#    -39     0       9.4717278760E-006
#    -39     1       3.3221855559E-006
#    -39     2       8.0010491308E-005
#    -39     3       7.6691045839E-005
#    -39     4       1.3133418948E-005
#    -39     5       2.7082101964E-005
#    -39     6       8.6211476970E-006
#    -39     7       1.4429906278E-004
#    -39     8       1.2796924394E-004
#    -39     9       1.1333987517E-005
#    -39    10       4.9767636827E-005
#    -39    11       1.1562755787E-005
#    -39    12       2.4420619852E-004
#    -39    13       2.4372463964E-004
#    -39    14       3.3852946626E-005
#    -39    15       6.3137308656E-005
#    -39    16       1.3757916791E-005
#    -39    17       2.7437625194E-004
#    -39    18       3.2782684564E-004
#    -39    19       1.7686903819E-005
#    -39    20       5.9599523823E-005
#    -39    21       1.7490090490E-005
#    -39    22       1.8042239983E-004
#    -39    23       2.9285216142E-004
#    -39    24       8.8441773013E-006
#    -39    25       6.7294087032E-005
#    -39    26       4.2204097221E-006
#    -38    -5       3.6559577323E-005
#    -38    -4       5.7160065565E-006
#    -38    -3       3.5027907853E-005
#    -38    -2       5.9303587737E-005
#    -38    -1       2.1432185464E-005
#    -38     0       6.7420148327E-005
#    -38     1       1.7569876694E-005
#    -38     2       4.4527000557E-005
#    -38     3       6.5788931312E-005
#    -38     4       3.0594127623E-005
#    -38     5       1.4170819655E-004
#    -38     6       3.6091561931E-005
#    -38     7       7.0589138484E-005
#    -38     8       5.6845146313E-005
#    -38     9       5.1501642422E-005
#    -38    10       2.0707818442E-004
#    -38    11       9.6781162234E-005
#    -38    12       7.8450958736E-005
#    -38    13       1.2130465807E-004
#    -38    14       6.4816048741E-005
#    -38    15       3.2520410128E-004
#    -38    16       1.0298300421E-004
#    -38    17       1.6561762201E-004
#    -38    18       1.6351560776E-004
#    -38    19       1.0960692838E-004
#    -38    20       2.1266046241E-004
#    -38    21       4.7486294968E-005
#    -38    22       1.2584926054E-004
#    -38    23       7.4282852933E-005
#    -38    24       4.8875317753E-005
#    -38    25       1.7843096658E-004
#    -38    26       3.5835016214E-005
#    -37    -7       1.7764012523E-005
#    -37    -6       1.4763788574E-005
#    -37    -5       3.4850626598E-005
#    -37    -4       7.2868975743E-006
#    -37    -3       2.2565665993E-005
#    -37    -2       2.9393143067E-005
#    -37    -1       1.3874577584E-005
#    -37     0       7.9129816945E-005
#    -37     1       1.9685042093E-005
#    -37     2       3.5833500936E-005
#    -37     3       5.6839741349E-005
#    -37     4       4.3662314502E-005
#    -37     5       1.4532585003E-004
#    -37     6       2.8722934448E-005
#    -37     7       5.3323564643E-005
#    -37     8       7.8949115032E-005
#    -37     9       4.6916848624E-005
#    -37    10       1.8244306414E-004
#    -37    11       6.7411555813E-005
#    -37    12       9.4388664537E-005
#    -37    13       1.4153619483E-004
#    -37    14       8.4918742376E-005
#    -37    15       2.7759859276E-004
#    -37    16       6.5518545178E-005
#    -37    17       1.3876999802E-004
#    -37    18       1.2218203455E-004
#    -37    19       9.9937262704E-005
#    -37    20       2.1640635804E-004
#    -37    21       5.5669476158E-005
#    -37    22       6.9757540902E-005
#    -37    23       7.8434948205E-005
#    -37    24       3.4111782880E-005
#    -37    25       1.6407649054E-004
#    -37    26       1.6943816529E-005
#    -37    27       7.7145851596E-005
#    -36    -8       4.2405408479E-005
#    -36    -7       4.3577831916E-005
#    -36    -6       9.5859601833E-007
#    -36    -5       1.8860466237E-005
#    -36    -4       4.1319590555E-006
#    -36    -3       6.1037557897E-005
#    -36    -2       9.8335273424E-005
#    -36    -1       5.2072215466E-006
#    -36     0       1.3749821602E-005
#    -36     1       3.5771983393E-006
#    -36     2       1.0854289489E-004
#    -36     3       2.0840001686E-004
#    -36     4       8.2786881095E-006
#    -36     5       4.4318328274E-005
#    -36     6       1.0191396340E-005
#    -36     7       1.3040551123E-004
#    -36     8       1.4612668999E-004
#    -36     9       1.8055416733E-005
#    -36    10       4.7344520100E-005
#    -36    11       1.0820394521E-005
#    -36    12       1.2514880125E-004
#    -36    13       1.8613333044E-004
#    -36    14       9.9056226771E-006
#    -36    15       9.6068733173E-005
#    -36    16       3.9378138907E-005
#    -36    17       3.4521598469E-004
#    -36    18       2.7759038078E-004
#    -36    19       1.4436807321E-005
#    -36    20       5.4471270674E-005
#    -36    21       5.2026668827E-006
#    -36    22       2.1454820516E-004
#    -36    23       2.4409712031E-004
#    -36    24       1.5641858976E-005
#    -36    25       4.0200282595E-005
#    -36    26       1.6481414272E-005
#    -36    27       1.1137104517E-004
#    -35    -9       1.9182883834E-005
#    -35    -8       7.6807033728E-006
#    -35    -7       2.0018229124E-006
#    -35    -6       1.7314459091E-005
#    -35    -5       1.2207744668E-004
#    -35    -4       4.5917198102E-005
#    -35    -3       1.3461844943E-005
#    -35    -2       6.2943620618E-006
#    -35    -1       4.8643699990E-005
#    -35     0       2.3131332211E-004
#    -35     1       7.1003920505E-005
#    -35     2       1.9813906862E-005
#    -35     3       2.7685613573E-005
#    -35     4       3.8047528183E-005
#    -35     5       6.1944431005E-005
#    -35     6       6.1149460139E-005
#    -35     7       1.0081848337E-005
#    -35     8       8.6482226755E-006
#    -35     9       5.3168325810E-005
#    -35    10       4.1283626276E-004
#    -35    11       5.9088948740E-005
#    -35    12       3.3797082756E-007
#    -35    13       8.5741794154E-006
#    -35    14       6.6547792995E-005
#    -35    15       5.7372356808E-004
#    -35    16       9.8066449882E-005
#    -35    17       2.6128813538E-005
#    -35    18       1.1736791617E-005
#    -35    19       1.2717265619E-004
#    -35    20       2.9778332862E-004
#    -35    21       5.5999394041E-005
#    -35    22       2.1288152052E-005
#    -35    23       1.0273374562E-005
#    -35    24       1.4301445976E-004
#    -35    25       3.5810572617E-004
#    -35    26       2.0090062299E-004
#    -35    27       1.9464352066E-005
#    -34   -11       9.1948458126E-006
#    -34   -10       8.3288494136E-006
#    -34    -9       3.7495024805E-006
#    -34    -8       7.5050878688E-005
#    -34    -7       1.0335931438E-004
#    -34    -6       5.6583648280E-006
#    -34    -5       2.3401552288E-005
#    -34    -4       8.7835486142E-006
#    -34    -3       1.1780345634E-004
#    -34    -2       7.3342508533E-005
#    -34    -1       9.7847921415E-006
#    -34     0       4.2555611791E-005
#    -34     1       9.5775842644E-006
#    -34     2       1.8753340684E-004
#    -34     3       1.8959951875E-004
#    -34     4       5.5555340370E-006
#    -34     5       3.7383776336E-005
#    -34     6       5.1573333112E-006
#    -34     7       1.2217932304E-004
#    -34     8       9.3484881722E-005
#    -34     9       1.8073892601E-005
#    -34    10       4.9031098187E-006
#    -34    11       2.4831668378E-006
#    -34    12       7.1572501205E-005
#    -34    13       1.1120432869E-004
#    -34    14       1.2409126951E-005
#    -34    15       5.1779760807E-005
#    -34    16       4.7458277958E-006
#    -34    17       2.7562786861E-004
#    -34    18       3.0598259226E-004
#    -34    19       1.1129468295E-005
#    -34    20       4.7647766961E-005
#    -34    21       1.4318275399E-005
#    -34    22       2.5385032300E-004
#    -34    23       3.9601445745E-004
#    -34    24       1.6649915953E-005
#    -34    25       8.5751796155E-005
#    -34    26       1.8324190271E-005
#    -34    27       5.8483215731E-005
#    -33   -12       3.8286750501E-005
#    -33   -11       7.3452210668E-006
#    -33   -10       6.2073031260E-005
#    -33    -9       2.6290485380E-005
#    -33    -8       3.5482994077E-005
#    -33    -7       7.6885009727E-005
#    -33    -6       1.9488379404E-005
#    -33    -5       1.1453436738E-004
#    -33    -4       2.5958483155E-005
#    -33    -3       8.0950635542E-005
#    -33    -2       8.6629240355E-005
#    -33    -1       5.2196413058E-005
#    -33     0       2.0952583544E-004
#    -33     1       4.6831551042E-005
#    -33     2       1.0520369591E-004
#    -33     3       1.1180924024E-004
#    -33     4       3.3880132085E-005
#    -33     5       1.0998443790E-004
#    -33     6       4.0078746512E-005
#    -33     7       2.9238504834E-005
#    -33     8       2.1888898761E-005
#    -33     9       2.0943215188E-005
#    -33    10       1.2410276978E-004
#    -33    11       5.2031296622E-005
#    -33    12       1.1629474492E-005
#    -33    13       2.7190234473E-005
#    -33    14       1.5369716118E-005
#    -33    15       1.0037184358E-004
#    -33    16       5.8756622714E-005
#    -33    17       1.4579595721E-004
#    -33    18       6.8236570138E-005
#    -33    19       3.4477395499E-005
#    -33    20       6.3391117048E-005
#    -33    21       1.4920274943E-005
#    -33    22       1.2567072710E-004
#    -33    23       1.2744554114E-004
#    -33    24       1.3436709420E-004
#    -33    25       3.6630069178E-004
#    -33    26       1.1831626153E-004
#    -33    27       1.9579002802E-005
#    -32   -13       2.5251773156E-005
#    -32   -12       4.9776762900E-005
#    -32   -11       2.3418642369E-005
#    -32   -10       1.0240458564E-004
#    -32    -9       2.5852819189E-005
#    -32    -8       5.2925121697E-005
#    -32    -7       5.9643942199E-005
#    -32    -6       2.6796850698E-005
#    -32    -5       1.2718825088E-004
#    -32    -4       3.2560826812E-005
#    -32    -3       6.0240967994E-005
#    -32    -2       6.8653252903E-005
#    -32    -1       6.6247190853E-005
#    -32     0       2.4338689556E-004
#    -32     1       4.8734087235E-005
#    -32     2       5.7853176647E-005
#    -32     3       3.9085493626E-005
#    -32     4       2.1543003332E-005
#    -32     5       8.4517462486E-005
#    -32     6       1.8741401535E-005
#    -32     7       3.0442284294E-005
#    -32     8       7.3840969624E-005
#    -32     9       1.3904074818E-005
#    -32    10       3.3145799227E-005
#    -32    11       1.4629209132E-005
#    -32    12       1.8654177223E-005
#    -32    13       2.0642464710E-005
#    -32    14       2.5463958835E-005
#    -32    15       7.1511187511E-005
#    -32    16       1.5662350808E-005
#    -32    17       5.0967276659E-005
#    -32    18       6.2186878566E-005
#    -32    19       3.1064147138E-005
#    -32    20       4.9707181856E-005
#    -32    21       2.1019335418E-005
#    -32    22       1.2733525395E-004
#    -32    23       2.5423755666E-004
#    -32    24       1.4548157620E-004
#    -32    25       2.6951530269E-004
#    -32    26       6.4627854372E-005
#    -32    27       9.9810325687E-005
#    -32    28       7.6047329010E-005
#    -31   -14       7.7207236221E-006
#    -31   -13       7.0281377084E-005
#    -31   -12       1.2613959921E-004
#    -31   -11       8.4761900701E-006
#    -31   -10       3.1255993524E-005
#    -31    -9       7.3697405222E-006
#    -31    -8       1.2503394703E-004
#    -31    -7       1.3560511685E-004
#    -31    -6       7.4625716806E-006
#    -31    -5       3.8744487191E-005
#    -31    -4       2.4765582928E-006
#    -31    -3       1.6240992620E-004
#    -31    -2       1.9623576870E-004
#    -31    -1       2.8362979735E-006
#    -31     0       5.1669278696E-005
#    -31     1       4.2368475219E-006
#    -31     2       1.1308053928E-004
#    -31     3       8.7054829051E-005
#    -31     4       3.5011694713E-006
#    -31     5       2.3283463175E-005
#    -31     6       7.9090369230E-006
#    -31     7       5.5716231992E-005
#    -31     8       6.4570474037E-005
#    -31     9       1.5628680946E-005
#    -31    10       3.2425993242E-005
#    -31    11       6.8476155391E-006
#    -31    12       3.5095087718E-006
#    -31    13       1.2358459560E-005
#    -31    14       2.8204465597E-006
#    -31    15       6.0205356890E-006
#    -31    16       1.0159507053E-005
#    -31    17       6.9218992161E-005
#    -31    18       1.6882021422E-005
#    -31    19       2.6870223135E-007
#    -31    20       1.3777063432E-005
#    -31    21       1.7029546750E-006
#    -31    22       3.3058583162E-004
#    -31    23       3.2869164159E-004
#    -31    24       5.4754630553E-005
#    -31    25       1.1615281291E-004
#    -31    26       4.6388769622E-005
#    -31    27       4.1888462747E-005
#    -31    28       1.2018818283E-004
#    -30   -15       1.1522659774E-004
#    -30   -14       5.6050471494E-005
#    -30   -13       1.1801236910E-005
#    -30   -12       5.3495880763E-006
#    -30   -11       7.9174879433E-005
#    -30   -10       2.5827434809E-004
#    -30    -9       8.1493396312E-005
#    -30    -8       6.2177286079E-006
#    -30    -7       9.0578758722E-006
#    -30    -6       4.1396070050E-005
#    -30    -5       4.6386149520E-005
#    -30    -4       4.7585561902E-005
#    -30    -3       1.9360514888E-005
#    -30    -2       1.3582702646E-005
#    -30    -1       4.4643017824E-005
#    -30     0       7.2433229628E-004
#    -30     1       3.0794899932E-005
#    -30     2       1.8911389354E-005
#    -30     3       1.3176512822E-005
#    -30     4       1.2289158581E-005
#    -30     5       9.7294335377E-004
#    -30     6       3.9213219866E-005
#    -30     7       2.6776812644E-006
#    -30     8       4.9549132406E-006
#    -30     9       1.6637410405E-005
#    -30    10       8.2611080004E-004
#    -30    11       4.2724638426E-006
#    -30    12       1.3187881451E-005
#    -30    13       5.7567336347E-006
#    -30    14       7.5955305689E-006
#    -30    15       5.8035205361E-004
#    -30    16       1.1499564723E-005
#    -30    17       1.2310713272E-005
#    -30    18       7.6023214807E-006
#    -30    19       5.4717635545E-006
#    -30    20       1.7501097855E-006
#    -30    21       9.4017986140E-005
#    -30    22       4.9271746632E-005
#    -30    23       6.9709485459E-005
#    -30    24       2.4051372585E-004
#    -30    25       4.9029792776E-004
#    -30    26       7.3910430773E-005
#    -30    27       1.2319955405E-005
#    -30    28       6.1580757080E-006
#    -29   -16       6.3471332553E-006
#    -29   -15       2.8254975915E-005
#    -29   -14       6.0156190300E-006
#    -29   -13       1.9861693086E-004
#    -29   -12       1.7931870021E-004
#    -29   -11       2.1688491107E-005
#    -29   -10       4.0856761412E-005
#    -29    -9       7.6369495639E-006
#    -29    -8       1.6319384199E-004
#    -29    -7       1.4878022494E-004
#    -29    -6       3.0678335767E-006
#    -29    -5       3.7701505813E-005
#    -29    -4       1.0666166748E-005
#    -29    -3       8.9076831582E-005
#    -29    -2       9.6275450379E-005
#    -29    -1       6.2121210893E-006
#    -29     0       5.1141215695E-005
#    -29     1       1.0436423741E-005
#    -29     2       4.5505251907E-005
#    -29     3       4.4673454563E-005
#    -29     4       3.8254987726E-006
#    -29     5       2.1830700057E-005
#    -29     6       1.4988737650E-005
#    -29     7       1.2815863695E-004
#    -29     8       4.3404691521E-005
#    -29     9       1.6589439821E-005
#    -29    10       3.6302902343E-005
#    -29    11       4.4260140426E-006
#    -29    12       1.5357630371E-004
#    -29    13       1.3843712127E-004
#    -29    14       1.5467344073E-005
#    -29    15       1.3161710183E-005
#    -29    16       6.8020962738E-006
#    -29    17       1.0725756257E-006
#    -29    18       2.0102879233E-005
#    -29    19       5.5519040422E-006
#    -29    20       3.3070432129E-005
#    -29    21       1.5581054534E-005
#    -29    22       3.3574317886E-004
#    -29    23       6.0180808745E-004
#    -29    24       2.6768549719E-005
#    -29    25       7.4666670950E-005
#    -29    26       1.1136445421E-005
#    -29    27       1.4844738556E-004
#    -28   -16       5.7304248239E-005
#    -28   -15       1.2441942254E-004
#    -28   -14       5.0983833500E-005
#    -28   -13       7.3095693743E-005
#    -28   -12       7.7662988698E-005
#    -28   -11       7.8523153186E-005
#    -28   -10       2.2115239580E-004
#    -28    -9       6.6503642663E-005
#    -28    -8       4.7046005991E-005
#    -28    -7       5.2413131860E-005
#    -28    -6       3.4160306827E-005
#    -28    -5       6.8493562963E-005
#    -28    -4       7.6901864662E-006
#    -28    -3       3.9713425072E-005
#    -28    -2       5.7759648474E-005
#    -28    -1       7.5350454508E-006
#    -28     0       5.7865420790E-005
#    -28     1       9.3298468492E-006
#    -28     2       6.5205549970E-005
#    -28     3       3.9714004420E-005
#    -28     4       2.6521065767E-005
#    -28     5       1.2938001980E-004
#    -28     6       5.2388164932E-005
#    -28     7       9.0526151786E-005
#    -28     8       4.6021730750E-005
#    -28     9       1.2001342369E-005
#    -28    10       1.3511487205E-004
#    -28    11       5.3048740920E-005
#    -28    12       9.3258638522E-005
#    -28    13       1.1316407575E-004
#    -28    14       7.8060730802E-005
#    -28    15       9.9243519431E-005
#    -28    16       4.1223238916E-005
#    -28    17       8.3805789025E-006
#    -28    18       4.8140784166E-005
#    -28    19       5.0281263545E-006
#    -28    20       2.0244750247E-004
#    -28    21       9.6053946400E-005
#    -28    22       1.3440049796E-004
#    -28    23       1.8689453245E-004
#    -28    24       1.3846642703E-004
#    -28    25       4.2137873448E-004
#    -28    26       1.2744163859E-005
#    -28    27       8.4386523680E-005
#    -27   -17       2.8948167870E-005
#    -27   -16       5.0303728339E-005
#    -27   -15       1.4376690440E-004
#    -27   -14       4.2872076515E-005
#    -27   -13       1.1297135437E-004
#    -27   -12       1.0951878189E-004
#    -27   -11       9.9038080822E-005
#    -27   -10       1.9403468943E-004
#    -27    -9       3.2743721164E-005
#    -27    -8       7.2841724326E-005
#    -27    -7       3.7157787645E-005
#    -27    -6       2.2474517249E-005
#    -27    -5       7.0826834463E-005
#    -27    -4       1.7028593820E-005
#    -27    -3       1.9862621738E-005
#    -27    -2       1.7399311394E-005
#    -27    -1       2.7603986605E-005
#    -27     0       1.5636799493E-004
#    -27     1       3.7630745605E-005
#    -27     2       1.9581805342E-005
#    -27     3       3.4551846506E-005
#    -27     4       4.3008260137E-005
#    -27     5       1.5347605850E-004
#    -27     6       4.7545458575E-005
#    -27     7       4.1348617888E-005
#    -27     8       1.0366991938E-005
#    -27     9       4.3030376849E-005
#    -27    10       2.4200588922E-004
#    -27    11       8.6707205744E-005
#    -27    12       2.1739119660E-004
#    -27    13       1.8697519062E-004
#    -27    14       6.5878387673E-005
#    -27    15       1.3726388620E-004
#    -27    16       5.3354220162E-005
#    -27    17       5.1829981356E-006
#    -27    18       4.7559090173E-005
#    -27    19       1.1370455445E-005
#    -27    20       1.3879467596E-004
#    -27    21       1.0489095191E-004
#    -27    22       1.7686407592E-004
#    -27    23       1.8654498818E-004
#    -27    24       1.5195661329E-004
#    -27    25       3.4893400795E-004
#    -27    26       2.7527064739E-005
#    -27    27       1.0090623127E-004
#    -26   -18       1.0076476834E-004
#    -26   -17       1.3371133160E-004
#    -26   -16       1.3213082109E-005
#    -26   -15       4.9831641784E-005
#    -26   -14       2.4630737237E-005
#    -26   -13       2.4650724042E-004
#    -26   -12       2.5699415532E-004
#    -26   -11       1.2235791602E-005
#    -26   -10       4.7045750760E-005
#    -26    -9       2.3133165782E-005
#    -26    -8       6.5897198919E-005
#    -26    -7       6.3496865341E-005
#    -26    -6       6.3892866851E-006
#    -26    -5       1.3958824944E-005
#    -26    -4       9.5306435675E-007
#    -26    -3       5.8635785644E-005
#    -26    -2       9.2977126098E-005
#    -26    -1       3.8346944097E-007
#    -26     0       2.8580391602E-005
#    -26     1       1.6896643959E-006
#    -26     2       2.0319934402E-005
#    -26     3       3.1062885420E-005
#    -26     4       7.8406239413E-006
#    -26     5       1.8498895250E-005
#    -26     6       3.3679751003E-005
#    -26     7       2.0241133904E-004
#    -26     8       1.1237667015E-004
#    -26     9       4.4498332615E-006
#    -26    10       1.0668528633E-004
#    -26    11       2.4189948908E-005
#    -26    12       2.5904676427E-004
#    -26    13       3.2421670193E-004
#    -26    14       2.5533061539E-005
#    -26    15       2.3082202138E-005
#    -26    16       2.2467365855E-006
#    -26    17       2.9135028705E-005
#    -26    18       9.2160644860E-005
#    -26    19       3.6459312853E-005
#    -26    20       7.5159540919E-005
#    -26    21       1.9120888887E-005
#    -26    22       2.2217182174E-004
#    -26    23       1.9466307835E-004
#    -26    24       1.6031888685E-005
#    -26    25       3.6580576644E-005
#    -26    26       3.2454257444E-005
#    -26    27       2.8686736836E-004
#    -25   -19       3.5939843540E-005
#    -25   -18       1.2142807006E-005
#    -25   -17       2.5770138963E-006
#    -25   -16       1.1490097403E-004
#    -25   -15       3.4617794581E-004
#    -25   -14       1.1820462821E-004
#    -25   -13       2.8293397813E-005
#    -25   -12       2.3812146179E-006
#    -25   -11       1.0251143934E-004
#    -25   -10       4.2592706124E-004
#    -25    -9       4.9141174635E-005
#    -25    -8       2.8401170460E-006
#    -25    -7       8.8976574709E-007
#    -25    -6       2.9827528029E-005
#    -25    -5       9.1854619388E-004
#    -25    -4       5.7264096436E-006
#    -25    -3       2.3530496388E-005
#    -25    -2       2.3328404136E-005
#    -25    -1       1.6474564048E-005
#    -25     0       2.4621639039E-003
#    -25     1       3.3760234396E-006
#    -25     2       8.1258592340E-006
#    -25     3       3.0624054043E-006
#    -25     4       5.0164544596E-005
#    -25     5       4.1540340170E-003
#    -25     6       3.3640598185E-005
#    -25     7       2.9915627264E-005
#    -25     8       2.9675175327E-005
#    -25     9       8.3426290102E-006
#    -25    10       5.3137604185E-003
#    -25    11       7.8194775860E-005
#    -25    12       4.2403417012E-006
#    -25    13       1.2946367099E-005
#    -25    14       3.4332196166E-005
#    -25    15       3.0353118922E-003
#    -25    16       4.9944857334E-005
#    -25    17       2.3394216367E-006
#    -25    18       2.0443681752E-005
#    -25    19       4.4915101287E-005
#    -25    20       1.6657480460E-003
#    -25    21       1.6421058895E-004
#    -25    22       1.5257534928E-005
#    -25    23       1.3051576624E-005
#    -25    24       1.1820426313E-004
#    -25    25       9.5717089075E-005
#    -25    26       1.0572880675E-004
#    -25    27       1.9915678942E-005
#    -24   -20       1.1771044785E-006
#    -24   -19       1.7976783808E-005
#    -24   -18       1.8728329329E-004
#    -24   -17       2.2321748260E-004
#    -24   -16       9.9506061226E-006
#    -24   -15       6.3996761946E-005
#    -24   -14       2.6500286614E-005
#    -24   -13       2.9511608876E-004
#    -24   -12       1.6996258389E-004
#    -24   -11       1.7679106072E-005
#    -24   -10       2.6257861987E-006
#    -24    -9       1.8239903522E-006
#    -24    -8       5.4519245083E-005
#    -24    -7       3.3703423534E-005
#    -24    -6       1.6522719646E-006
#    -24    -5       1.7747128986E-005
#    -24    -4       6.9596592561E-007
#    -24    -3       4.2369891760E-005
#    -24    -2       1.4214957187E-005
#    -24    -1       1.9019563164E-005
#    -24     0       1.4065190350E-005
#    -24     1       2.2070980584E-005
#    -24     2       1.2863867981E-004
#    -24     3       1.1550530063E-004
#    -24     4       8.1235559660E-006
#    -24     5       2.7544231742E-005
#    -24     6       1.1161073390E-005
#    -24     7       9.2130155397E-006
#    -24     8       1.1862127056E-005
#    -24     9       8.6525182408E-006
#    -24    10       4.3188758474E-005
#    -24    11       1.0093408743E-005
#    -24    12       2.4755065876E-004
#    -24    13       3.3406421718E-004
#    -24    14       3.1814153784E-005
#    -24    15       4.6315133353E-005
#    -24    16       1.1491387326E-005
#    -24    17       5.6909568300E-005
#    -24    18       1.5561971557E-004
#    -24    19       9.3486819566E-006
#    -24    20       7.7808309534E-005
#    -24    21       2.8492766119E-005
#    -24    22       4.3954095341E-004
#    -24    23       1.8282059945E-004
#    -24    24       9.3516611669E-005
#    -24    25       1.4619820433E-004
#    -24    26       6.2579587764E-005
#    -23   -20       1.1386468427E-004
#    -23   -19       4.9558404556E-005
#    -23   -18       1.2949506619E-004
#    -23   -17       1.0367466381E-004
#    -23   -16       1.0167564264E-004
#    -23   -15       3.1280831885E-004
#    -23   -14       5.8186983508E-005
#    -23   -13       9.8930469676E-005
#    -23   -12       3.6017140787E-005
#    -23   -11       3.3329381153E-005
#    -23   -10       9.8776549352E-005
#    -23    -9       2.0241886036E-005
#    -23    -8       6.4067283505E-006
#    -23    -7       1.4951138573E-005
#    -23    -6       2.1460960125E-005
#    -23    -5       7.3824455111E-005
#    -23    -4       1.5144462053E-005
#    -23    -3       5.4462205844E-006
#    -23    -2       3.6797832073E-006
#    -23    -1       5.8599237872E-005
#    -23     0       2.5707203101E-004
#    -23     1       1.7022786523E-004
#    -23     2       1.4036252354E-004
#    -23     3       1.0477948208E-004
#    -23     4       9.7022808284E-007
#    -23     5       2.6072882214E-005
#    -23     6       4.3328993901E-005
#    -23     7       6.8977846584E-005
#    -23     8       1.1114707661E-004
#    -23     9       3.8008401924E-005
#    -23    10       2.8301901979E-004
#    -23    11       1.1953100011E-004
#    -23    12       9.6583623881E-005
#    -23    13       1.9855778095E-004
#    -23    14       8.0369320409E-005
#    -23    15       2.0765929514E-004
#    -23    16       6.5943731441E-005
#    -23    17       4.9492086377E-005
#    -23    18       1.4716964829E-004
#    -23    19       8.0958445095E-005
#    -23    20       6.1680044870E-004
#    -23    21       1.0244680724E-004
#    -23    22       2.1877563665E-004
#    -23    23       1.6596249881E-004
#    -23    24       8.7893074320E-005
#    -23    25       3.9136776585E-004
#    -23    26       4.2234392253E-005
#    -22   -21       7.1927611890E-006
#    -22   -20       1.6325703054E-004
#    -22   -19       8.0484080324E-005
#    -22   -18       1.3455050424E-004
#    -22   -17       1.2127993366E-004
#    -22   -16       5.4854393969E-005
#    -22   -15       2.7659156471E-004
#    -22   -14       6.1290407656E-005
#    -22   -13       6.9833361915E-005
#    -22   -12       5.9881518639E-005
#    -22   -11       1.5284045025E-005
#    -22   -10       2.8949964443E-005
#    -22    -9       1.0138573520E-005
#    -22    -8       1.8688408647E-005
#    -22    -7       2.3278757558E-005
#    -22    -6       3.1343372790E-005
#    -22    -5       9.4530267233E-005
#    -22    -4       1.0514780686E-005
#    -22    -3       4.1606349533E-005
#    -22    -2       7.8895260495E-005
#    -22    -1       1.6411979452E-004
#    -22     0       5.6525973935E-004
#    -22     1       2.0646747473E-004
#    -22     2       6.1781091281E-005
#    -22     3       5.8669498855E-005
#    -22     4       1.3946154486E-005
#    -22     5       9.3823752347E-005
#    -22     6       1.0568759951E-004
#    -22     7       7.1314183244E-005
#    -22     8       8.5169582868E-005
#    -22     9       9.2098584510E-005
#    -22    10       5.0274164404E-004
#    -22    11       2.0084280363E-004
#    -22    12       3.3257737798E-004
#    -22    13       3.4316775227E-004
#    -22    14       1.2031610219E-004
#    -22    15       3.9514648091E-004
#    -22    16       1.1748491504E-004
#    -22    17       7.3229053931E-005
#    -22    18       1.3393199815E-004
#    -22    19       9.8968589718E-005
#    -22    20       4.4119097530E-004
#    -22    21       8.8426603839E-005
#    -22    22       2.6514860109E-004
#    -22    23       4.1967826355E-005
#    -22    24       1.5674370911E-005
#    -22    25       9.6503900191E-005
#    -22    26       1.9623408127E-004
#    -21   -22       1.0070806007E-004
#    -21   -21       1.6853743804E-005
#    -21   -20       6.5623764929E-005
#    -21   -19       1.4104228418E-005
#    -21   -18       3.5005893121E-004
#    -21   -17       3.1423877159E-004
#    -21   -16       4.3377683243E-005
#    -21   -15       8.3132140451E-005
#    -21   -14       1.9067572221E-005
#    -21   -13       1.4801774133E-004
#    -21   -12       6.9106089229E-005
#    -21   -11       1.4312681268E-005
#    -21   -10       2.0955670714E-005
#    -21    -9       2.7212235074E-006
#    -21    -8       3.6868317020E-005
#    -21    -7       1.2982426996E-004
#    -21    -6       1.1079822264E-005
#    -21    -5       3.3142093245E-005
#    -21    -4       2.5840535504E-005
#    -21    -3       1.7078032381E-004
#    -21    -2       3.5212875800E-004
#    -21    -1       5.4735561337E-005
#    -21     0       8.0363516570E-005
#    -21     1       1.5066501026E-005
#    -21     2       1.2315330720E-004
#    -21     3       4.0116688235E-005
#    -21     4       1.7481516794E-005
#    -21     5       4.7692789272E-005
#    -21     6       3.1869926691E-005
#    -21     7       4.3844045785E-004
#    -21     8       4.0143002808E-004
#    -21     9       1.9097546065E-005
#    -21    10       2.6649788780E-004
#    -21    11       9.1384067888E-005
#    -21    12       6.8815432963E-004
#    -21    13       7.1275353988E-004
#    -21    14       5.6390486191E-005
#    -21    15       8.1318508227E-005
#    -21    16       7.3875997375E-006
#    -21    17       1.3311609107E-004
#    -21    18       2.5499934758E-004
#    -21    19       3.0242831731E-005
#    -21    20       3.9834003730E-005
#    -21    21       4.5077734892E-005
#    -21    22       7.0342883289E-004
#    -21    23       3.8104268372E-004
#    -21    24       1.5598732922E-004
#    -21    25       4.8784695638E-005
#    -20   -22       7.9985894153E-006
#    -20   -21       1.0476667543E-004
#    -20   -20       2.6635833670E-004
#    -20   -19       1.2039328562E-004
#    -20   -18       3.8325588580E-006
#    -20   -17       1.2421275111E-005
#    -20   -16       1.6766328885E-004
#    -20   -15       6.0688020588E-004
#    -20   -14       4.1922917746E-005
#    -20   -13       8.5211515549E-007
#    -20   -12       8.2633884970E-006
#    -20   -11       1.6530614618E-005
#    -20   -10       7.7434022372E-004
#    -20    -9       3.3449444910E-005
#    -20    -8       1.4074366388E-005
#    -20    -7       1.4154906790E-005
#    -20    -6       6.6233071050E-005
#    -20    -5       3.8478877728E-003
#    -20    -4       2.6608299820E-005
#    -20    -3       8.0552807130E-006
#    -20    -2       1.6062650478E-005
#    -20    -1       1.5486363646E-004
#    -20     0       1.2755810621E-002
#    -20     1       7.0035405646E-005
#    -20     2       1.2286889793E-005
#    -20     3       4.6417070412E-006
#    -20     4       9.9787869630E-005
#    -20     5       1.2419333985E-002
#    -20     6       1.6431304539E-004
#    -20     7       2.3239010410E-005
#    -20     8       4.5491319830E-005
#    -20     9       7.2933126194E-005
#    -20    10       8.0774070067E-003
#    -20    11       4.0806238563E-004
#    -20    12       1.6588743047E-006
#    -20    13       2.5762468279E-005
#    -20    14       1.8574975093E-004
#    -20    15       1.6906432771E-003
#    -20    16       3.8114890671E-005
#    -20    17       1.6419394827E-005
#    -20    18       1.7230186115E-005
#    -20    19       7.6135414671E-006
#    -20    20       2.5610647986E-003
#    -20    21       2.0881450135E-004
#    -20    22       2.2237405310E-005
#    -20    23       6.9409450581E-005
#    -20    24       2.3294428213E-004
#    -20    25       1.5451836565E-003
#    -19   -23       7.2766635472E-005
#    -19   -22       2.2936582513E-004
#    -19   -21       1.4367852692E-005
#    -19   -20       5.3083901257E-005
#    -19   -19       4.3119841074E-005
#    -19   -18       3.2749951805E-004
#    -19   -17       3.5895566627E-004
#    -19   -16       5.3448689948E-006
#    -19   -15       4.7380158027E-005
#    -19   -14       3.5213407409E-005
#    -19   -13       6.2235090127E-005
#    -19   -12       2.0427215415E-005
#    -19   -11       9.6538783009E-007
#    -19   -10       5.1171696684E-005
#    -19    -9       2.3211592116E-005
#    -19    -8       8.9159795276E-005
#    -19    -7       1.4554973638E-004
#    -19    -6       3.1069062792E-005
#    -19    -5       1.3885545935E-005
#    -19    -4       2.7181305225E-005
#    -19    -3       1.2924163724E-004
#    -19    -2       1.0619429512E-004
#    -19    -1       2.2475757532E-005
#    -19     0       3.3956034404E-005
#    -19     1       3.5574290465E-005
#    -19     2       1.2987208999E-004
#    -19     3       1.5386879349E-004
#    -19     4       1.9757372189E-005
#    -19     5       6.2604459545E-005
#    -19     6       1.7423191598E-005
#    -19     7       1.9688068526E-005
#    -19     8       1.4288437319E-004
#    -19     9       3.1145437528E-005
#    -19    10       4.6581539575E-005
#    -19    11       9.6423679630E-006
#    -19    12       2.8662165918E-004
#    -19    13       4.4623980130E-004
#    -19    14       8.3118642702E-005
#    -19    15       1.4877433739E-004
#    -19    16       2.3769599534E-006
#    -19    17       2.6088673760E-004
#    -19    18       2.3294649583E-004
#    -19    19       1.5113503228E-006
#    -19    20       7.2112624852E-006
#    -19    21       1.1482212150E-005
#    -19    22       5.1043271105E-005
#    -19    23       3.3031374685E-004
#    -19    24       1.8422723279E-005
#    -19    25       3.2421762363E-005
#    -18   -23       1.8901426160E-005
#    -18   -22       3.6440570869E-005
#    -18   -21       7.3766364017E-005
#    -18   -20       2.2906771985E-004
#    -18   -19       9.4404628257E-005
#    -18   -18       9.2818736640E-005
#    -18   -17       1.0921039766E-004
#    -18   -16       1.1100800689E-004
#    -18   -15       1.0390281024E-004
#    -18   -14       1.4865038394E-005
#    -18   -13       7.9929438308E-006
#    -18   -12       8.8204708153E-006
#    -18   -11       2.3561205550E-006
#    -18   -10       1.1311285754E-004
#    -18    -9       3.4107242277E-005
#    -18    -8       8.9847420901E-005
#    -18    -7       5.0711397739E-005
#    -18    -6       1.4283318273E-006
#    -18    -5       6.4907125753E-006
#    -18    -4       7.2441564703E-006
#    -18    -3       4.5672977172E-005
#    -18    -2       2.5002245805E-005
#    -18    -1       5.6159633146E-005
#    -18     0       2.7032252615E-004
#    -18     1       1.3361768102E-004
#    -18     2       2.2293284690E-004
#    -18     3       2.7522177241E-004
#    -18     4       1.2542011194E-005
#    -18     5       8.9891173434E-005
#    -18     6       4.8161631148E-005
#    -18     7       1.1631702311E-004
#    -18     8       1.4585940112E-004
#    -18     9       1.6137532378E-004
#    -18    10       2.3700056710E-004
#    -18    11       9.1431531026E-005
#    -18    12       8.3813038501E-005
#    -18    13       1.2624205799E-004
#    -18    14       3.0181970661E-005
#    -18    15       1.8323657401E-004
#    -18    16       6.5175946985E-005
#    -18    17       4.9561382381E-005
#    -18    18       1.3379586716E-005
#    -18    19       5.6955831936E-006
#    -18    20       4.7422770826E-005
#    -18    21       8.8534850278E-005
#    -18    22       2.6838262546E-004
#    -18    23       3.3642403918E-005
#    -18    24       1.1546769573E-004
#    -17   -24       3.8639357882E-005
#    -17   -23       4.1210331676E-005
#    -17   -22       7.4938088126E-005
#    -17   -21       7.6041281812E-005
#    -17   -20       2.5167793053E-004
#    -17   -19       1.0684188073E-004
#    -17   -18       9.9527454440E-005
#    -17   -17       9.0686016899E-005
#    -17   -16       6.0231628892E-005
#    -17   -15       5.8133951879E-005
#    -17   -14       2.7831565943E-006
#    -17   -13       1.8098228481E-005
#    -17   -12       8.4266879165E-005
#    -17   -11       2.4613109227E-005
#    -17   -10       2.1481514049E-004
#    -17    -9       4.3214713472E-005
#    -17    -8       2.8598871202E-005
#    -17    -7       1.5424294038E-006
#    -17    -6       4.1236371173E-006
#    -17    -5       7.6469620249E-005
#    -17    -4       2.7025186683E-005
#    -17    -3       4.2343013588E-005
#    -17    -2       7.9378944990E-005
#    -17    -1       1.7820482985E-004
#    -17     0       1.0252568876E-003
#    -17     1       4.7153361231E-004
#    -17     2       3.3265599522E-004
#    -17     3       3.4174347623E-004
#    -17     4       1.0606445813E-004
#    -17     5       4.5853993258E-004
#    -17     6       1.7074683461E-004
#    -17     7       4.1493295442E-004
#    -17     8       2.3806426327E-004
#    -17     9       1.7207506164E-004
#    -17    10       1.4330074797E-004
#    -17    11       1.4503346480E-005
#    -17    12       1.3374418988E-005
#    -17    13       4.4222621164E-005
#    -17    14       4.9551972438E-005
#    -17    15       5.3748958127E-005
#    -17    16       7.7050013284E-006
#    -17    17       9.7728367607E-006
#    -17    18       1.0777189473E-005
#    -17    19       4.2824811716E-005
#    -17    20       2.5247748863E-004
#    -17    21       1.1375066662E-004
#    -17    22       5.1197550258E-006
#    -17    23       3.4818257742E-006
#    -17    24       2.2159398346E-004
#    -16   -24       5.2505938152E-006
#    -16   -23       1.9619636089E-004
#    -16   -22       2.8319040159E-004
#    -16   -21       1.6766840952E-005
#    -16   -20       6.9365703884E-005
#    -16   -19       2.1088592058E-005
#    -16   -18       2.4574313641E-004
#    -16   -17       2.0436054905E-004
#    -16   -16       1.8827691837E-005
#    -16   -15       8.6202206352E-006
#    -16   -14       4.4234241593E-006
#    -16   -13       7.3170505512E-005
#    -16   -12       2.3503402617E-004
#    -16   -11       1.1432371651E-005
#    -16   -10       1.2199537587E-004
#    -16    -9       8.1689522202E-006
#    -16    -8       2.9000013890E-005
#    -16    -7       1.9308205977E-004
#    -16    -6       5.7397410716E-005
#    -16    -5       8.4634177073E-005
#    -16    -4       3.9285776361E-005
#    -16    -3       2.3000119380E-004
#    -16    -2       6.3763229569E-004
#    -16    -1       8.4725209609E-005
#    -16     0       4.5247320941E-004
#    -16     1       8.4353101476E-005
#    -16     2       1.2233031071E-003
#    -16     3       9.9517213062E-004
#    -16     4       6.2119046576E-005
#    -16     5       3.2705148829E-004
#    -16     6       5.3035710662E-005
#    -16     7       8.6366073335E-004
#    -16     8       4.4269866290E-004
#    -16     9       8.7038893693E-006
#    -16    10       2.4937901807E-005
#    -16    11       4.2606161754E-005
#    -16    12       1.4437696323E-004
#    -16    13       5.5790710920E-005
#    -16    14       3.5323585935E-005
#    -16    15       1.9486696742E-005
#    -16    16       7.1945334590E-006
#    -16    17       3.0275153774E-005
#    -16    18       2.6348319197E-004
#    -16    19       7.5978258382E-006
#    -16    20       2.0806040982E-004
#    -16    21       7.4464191881E-005
#    -16    22       5.2102490673E-004
#    -16    23       5.5838805251E-004
#    -15   -25       1.0848865566E-004
#    -15   -24       1.7080860089E-004
#    -15   -23       1.4782589422E-005
#    -15   -22       1.9189879402E-005
#    -15   -21       1.2858354952E-004
#    -15   -20       3.9317244908E-004
#    -15   -19       9.5533047443E-005
#    -15   -18       1.5851698960E-005
#    -15   -17       3.1179975585E-006
#    -15   -16       3.3697133600E-005
#    -15   -15       6.3603655059E-004
#    -15   -14       8.7112485321E-005
#    -15   -13       1.1214272437E-005
#    -15   -12       6.7155366947E-005
#    -15   -11       5.1670158303E-005
#    -15   -10       5.0491561224E-003
#    -15    -9       1.6994399397E-005
#    -15    -8       1.2859165075E-005
#    -15    -7       2.5534015059E-005
#    -15    -6       1.4224965798E-004
#    -15    -5       1.2244558843E-002
#    -15    -4       9.7842500812E-005
#    -15    -3       2.7134334064E-005
#    -15    -2       5.4235730384E-005
#    -15    -1       6.4523916606E-004
#    -15     0       2.2766429591E-002
#    -15     1       9.2517441697E-004
#    -15     2       1.0065463140E-004
#    -15     3       5.9813152208E-005
#    -15     4       3.9376851975E-004
#    -15     5       2.3142414346E-002
#    -15     6       3.0310165020E-004
#    -15     7       2.2209239783E-005
#    -15     8       1.0242889583E-005
#    -15     9       1.4401833599E-005
#    -15    10       1.3222699004E-002
#    -15    11       3.5742136695E-004
#    -15    12       2.2102235650E-007
#    -15    13       2.0222725121E-005
#    -15    14       2.1785898921E-005
#    -15    15       1.4144759615E-002
#    -15    16       1.0055365561E-007
#    -15    17       3.9070812352E-005
#    -15    18       7.6897709555E-005
#    -15    19       9.2621691615E-005
#    -15    20       6.9491358608E-004
#    -15    21       4.1958812983E-004
#    -15    22       5.2711042285E-005
#    -15    23       4.2319439870E-005
#    -14   -25       7.9232602567E-005
#    -14   -24       8.3121621900E-006
#    -14   -23       1.6909544030E-004
#    -14   -22       2.3611748190E-004
#    -14   -21       2.6167262182E-005
#    -14   -20       3.7574802915E-005
#    -14   -19       1.1030829019E-005
#    -14   -18       1.8012244063E-004
#    -14   -17       3.7649893276E-005
#    -14   -16       6.0875540440E-006
#    -14   -15       1.4275125431E-005
#    -14   -14       3.3748259618E-006
#    -14   -13       3.1035125161E-004
#    -14   -12       3.3550034999E-004
#    -14   -11       4.8406330051E-006
#    -14   -10       7.6528710546E-005
#    -14    -9       5.3133293243E-005
#    -14    -8       3.4594231173E-004
#    -14    -7       4.4141748091E-004
#    -14    -6       4.4731865585E-005
#    -14    -5       2.9843465730E-005
#    -14    -4       3.4670286268E-005
#    -14    -3       7.4567277140E-004
#    -14    -2       1.3096270035E-003
#    -14    -1       1.5403041753E-004
#    -14     0       4.7379558690E-004
#    -14     1       1.3698762140E-005
#    -14     2       6.9234722625E-004
#    -14     3       3.3319176669E-004
#    -14     4       7.0187842331E-006
#    -14     5       4.4621076971E-005
#    -14     6       2.8908321140E-005
#    -14     7       1.4274579016E-004
#    -14     8       8.6568136089E-005
#    -14     9       5.5231878473E-005
#    -14    10       1.4564860411E-004
#    -14    11       6.9323810526E-006
#    -14    12       4.9709272929E-004
#    -14    13       2.2752235097E-004
#    -14    14       5.4597019671E-005
#    -14    15       1.3699933672E-004
#    -14    16       2.3381260276E-005
#    -14    17       2.6310455168E-004
#    -14    18       3.1151056530E-004
#    -14    19       1.1945054282E-006
#    -14    20       7.2349984905E-005
#    -14    21       1.0463928885E-005
#    -14    22       4.0805610676E-004
#    -13   -26       1.1894361390E-005
#    -13   -25       1.8256798786E-004
#    -13   -24       6.1932063443E-005
#    -13   -23       1.1277230963E-004
#    -13   -22       7.5660163888E-005
#    -13   -21       1.7452377388E-005
#    -13   -20       9.8015232934E-005
#    -13   -19       2.0170596896E-005
#    -13   -18       2.3079401710E-007
#    -13   -17       1.5838976933E-006
#    -13   -16       1.3557955360E-005
#    -13   -15       9.9969457093E-005
#    -13   -14       1.3740869158E-004
#    -13   -13       9.8662360341E-005
#    -13   -12       3.1125092128E-005
#    -13   -11       3.6522697206E-006
#    -13   -10       2.4589953308E-004
#    -13    -9       9.9022893038E-005
#    -13    -8       2.4364783943E-004
#    -13    -7       1.0243612449E-004
#    -13    -6       1.2946172998E-005
#    -13    -5       7.5650990752E-005
#    -13    -4       3.6727247836E-005
#    -13    -3       5.0984456500E-004
#    -13    -2       5.3906032567E-004
#    -13    -1       2.1957053047E-004
#    -13     0       6.3536454029E-004
#    -13     1       1.0182360618E-004
#    -13     2       8.0222205257E-006
#    -13     3       1.9950973874E-005
#    -13     4       3.0977336927E-005
#    -13     5       3.6910185084E-004
#    -13     6       1.0339948007E-004
#    -13     7       2.7650733425E-004
#    -13     8       3.0523906815E-004
#    -13     9       2.3468788767E-004
#    -13    10       9.8303584557E-004
#    -13    11       3.8170677389E-004
#    -13    12       3.5024019330E-004
#    -13    13       1.4407040349E-004
#    -13    14       3.7114629909E-005
#    -13    15       2.9250815257E-004
#    -13    16       8.7031863019E-005
#    -13    17       1.1509649043E-005
#    -13    18       2.2756051149E-005
#    -13    19       6.1172631980E-006
#    -13    20       3.6769591518E-004
#    -13    21       1.3440367020E-004
#    -12   -26       5.1418174363E-005
#    -12   -25       1.5712057100E-004
#    -12   -24       7.3201950730E-005
#    -12   -23       1.1983848940E-004
#    -12   -22       1.3327003651E-004
#    -12   -21       3.7251297582E-005
#    -12   -20       8.0284534916E-005
#    -12   -19       2.8170007150E-005
#    -12   -18       5.1116996756E-005
#    -12   -17       1.4671035379E-006
#    -12   -16       7.5856563818E-005
#    -12   -15       1.5541428353E-004
#    -12   -14       2.3051468208E-005
#    -12   -13       6.9261123824E-005
#    -12   -12       1.5393635447E-004
#    -12   -11       4.2794109034E-005
#    -12   -10       5.2701070961E-004
#    -12    -9       9.2248293752E-005
#    -12    -8       9.4175198484E-005
#    -12    -7       7.2259123211E-006
#    -12    -6       2.1513809408E-005
#    -12    -5       4.8036562042E-004
#    -12    -4       1.9748927076E-004
#    -12    -3       3.9318240163E-004
#    -12    -2       2.7877726327E-004
#    -12    -1       6.6569491978E-005
#    -12     0       6.3983490043E-006
#    -12     1       5.0879832998E-005
#    -12     2       1.2902878062E-004
#    -12     3       2.8572225321E-004
#    -12     4       2.6281310473E-004
#    -12     5       1.3627174416E-003
#    -12     6       4.9981316443E-004
#    -12     7       8.3283429602E-004
#    -12     8       4.3176778549E-004
#    -12     9       4.8373267375E-004
#    -12    10       1.2803049481E-003
#    -12    11       1.3605658591E-004
#    -12    12       2.1763105932E-004
#    -12    13       1.4687077071E-004
#    -12    14       8.4368546599E-005
#    -12    15       2.0855792946E-004
#    -12    16       1.6528453211E-004
#    -12    17       1.7561694612E-004
#    -12    18       2.3214659192E-005
#    -12    19       1.4377561907E-004
#    -12    20       5.6352574099E-004
#    -12    21       2.1078036928E-004
#    -11   -26       6.9960974504E-006
#    -11   -25       2.8269091206E-005
#    -11   -24       1.3863292666E-005
#    -11   -23       3.0005928379E-004
#    -11   -22       2.8664842114E-004
#    -11   -21       6.7623404908E-006
#    -11   -20       7.0981877646E-006
#    -11   -19       1.0970945277E-006
#    -11   -18       2.4840200764E-005
#    -11   -17       2.1705435936E-005
#    -11   -16       1.7414656414E-006
#    -11   -15       2.7551192446E-005
#    -11   -14       2.9533668273E-005
#    -11   -13       1.9778094403E-004
#    -11   -12       3.4828631814E-004
#    -11   -11       3.6039613267E-005
#    -11   -10       2.7731471683E-004
#    -11    -9       3.6418553844E-005
#    -11    -8       1.4412662152E-004
#    -11    -7       3.9246154069E-004
#    -11    -6       1.3213422791E-004
#    -11    -5       3.6451371447E-004
#    -11    -4       2.0821837307E-005
#    -11    -3       2.3273589279E-004
#    -11    -2       7.8345910244E-006
#    -11    -1       1.5914709304E-006
#    -11     0       2.8456182862E-004
#    -11     1       1.0278674179E-004
#    -11     2       1.3947498117E-003
#    -11     3       1.6098581459E-003
#    -11     4       2.0106367600E-004
#    -11     5       7.0701903972E-004
#    -11     6       6.5963781859E-005
#    -11     7       1.5130603571E-003
#    -11     8       9.9318573916E-004
#    -11     9       3.2426063820E-005
#    -11    10       2.7684076605E-004
#    -11    11       7.0643781993E-005
#    -11    12       3.4242423383E-004
#    -11    13       4.1329974786E-004
#    -11    14       7.4472383852E-005
#    -11    15       1.3238892268E-004
#    -11    16       4.0689368848E-005
#    -11    17       2.0902301908E-004
#    -11    18       8.2846754672E-004
#    -11    19       6.3805060610E-005
#    -11    20       5.4389611370E-005
#    -10   -27       2.7971100664E-006
#    -10   -26       3.1002008230E-005
#    -10   -25       2.3166977401E-004
#    -10   -24       1.9349616951E-004
#    -10   -23       1.7266951710E-005
#    -10   -22       1.9385773721E-005
#    -10   -21       6.8575681798E-005
#    -10   -20       2.2617238152E-006
#    -10   -19       1.1768713390E-005
#    -10   -18       2.8524876164E-005
#    -10   -17       3.5398469091E-006
#    -10   -16       5.0511415786E-005
#    -10   -15       3.0489205532E-003
#    -10   -14       7.6250748260E-005
#    -10   -13       1.3776923509E-005
#    -10   -12       6.1904182645E-005
#    -10   -11       2.8416011065E-004
#    -10   -10       8.1026305089E-003
#    -10    -9       1.3682799888E-004
#    -10    -8       1.8666073849E-005
#    -10    -7       5.9004966450E-005
#    -10    -6       3.0055453804E-004
#    -10    -5       2.3507068918E-002
#    -10    -4       1.0924817810E-004
#    -10    -3       8.5265826421E-006
#    -10    -2       5.9534267241E-005
#    -10    -1       3.7719009347E-004
#    -10     0       3.3375492170E-002
#    -10     1       1.1075049967E-003
#    -10     2       1.6269855965E-004
#    -10     3       5.1809490047E-005
#    -10     4       9.8172042321E-004
#    -10     5       1.2877274624E-002
#    -10     6       1.0449628842E-003
#    -10     7       1.2526979239E-004
#    -10     8       9.9731158735E-005
#    -10     9       3.2293541569E-004
#    -10    10       1.6727704004E-002
#    -10    11       4.3624617361E-006
#    -10    12       2.0473878683E-005
#    -10    13       1.1860884833E-005
#    -10    14       3.5183421869E-004
#    -10    15       1.8625565266E-002
#    -10    16       2.8289390108E-004
#    -10    17       5.9820552928E-005
#    -10    18       7.7753858093E-005
#    -10    19       1.9493026623E-004
#     -9   -27       1.1982530126E-004
#     -9   -26       2.5092274809E-005
#     -9   -25       9.0227350528E-005
#     -9   -24       1.1179497801E-005
#     -9   -23       5.8627315680E-004
#     -9   -22       2.8749783713E-004
#     -9   -21       4.9480788941E-005
#     -9   -20       4.9409940037E-005
#     -9   -19       2.9856126008E-006
#     -9   -18       5.4708728518E-005
#     -9   -17       1.4305164212E-005
#     -9   -16       3.2915230832E-005
#     -9   -15       4.7083190519E-005
#     -9   -14       1.3144422468E-005
#     -9   -13       6.1696053891E-004
#     -9   -12       7.5360166431E-004
#     -9   -11       7.1421278266E-005
#     -9   -10       4.2086094063E-005
#     -9    -9       7.1423735417E-005
#     -9    -8       7.5700875896E-004
#     -9    -7       9.4561327252E-004
#     -9    -6       2.5653960550E-005
#     -9    -5       3.9511188733E-005
#     -9    -4       5.3062828652E-006
#     -9    -3       5.3353180347E-004
#     -9    -2       1.4106192844E-003
#     -9    -1       1.5784671701E-004
#     -9     0       6.4461466515E-004
#     -9     1       1.1355362326E-004
#     -9     2       2.0042500246E-003
#     -9     3       1.0702774166E-003
#     -9     4       1.0451789487E-004
#     -9     5       2.9948284370E-004
#     -9     6       3.8676812221E-005
#     -9     7       4.4654338238E-004
#     -9     8       4.4536535821E-004
#     -9     9       3.2747273293E-006
#     -9    10       2.7551555626E-005
#     -9    11       8.8963727489E-005
#     -9    12       1.0713731410E-004
#     -9    13       1.4375722650E-004
#     -9    14       9.2118487140E-005
#     -9    15       3.3721675117E-004
#     -9    16       7.2525690078E-005
#     -9    17       1.2272837633E-003
#     -9    18       7.7164896334E-004
#     -9    19       6.3708028470E-006
#     -8   -27       4.7708801789E-005
#     -8   -26       8.4709868778E-005
#     -8   -25       2.3559230225E-004
#     -8   -24       1.2422203422E-004
#     -8   -23       1.3011111459E-004
#     -8   -22       1.0149833873E-004
#     -8   -21       1.0192152318E-004
#     -8   -20       1.7083602894E-004
#     -8   -19       3.6025018560E-006
#     -8   -18       2.6942912222E-005
#     -8   -17       2.2239824464E-005
#     -8   -16       5.2413636048E-005
#     -8   -15       2.5922313383E-004
#     -8   -14       1.4914636351E-004
#     -8   -13       2.4909570466E-004
#     -8   -12       1.1102249307E-004
#     -8   -11       1.3665795259E-004
#     -8   -10       2.6975732305E-004
#     -8    -9       1.0313447616E-004
#     -8    -8       2.2736358591E-004
#     -8    -7       1.5808248779E-004
#     -8    -6       3.1871774192E-005
#     -8    -5       3.4139621058E-004
#     -8    -4       1.9207859441E-004
#     -8    -3       6.7927626534E-004
#     -8    -2       7.3031470663E-004
#     -8    -1       6.8748012762E-004
#     -8     0       2.1577463451E-003
#     -8     1       4.9325184083E-004
#     -8     2       2.2498841217E-004
#     -8     3       2.9884213608E-004
#     -8     4       5.1771431885E-005
#     -8     5       9.1814888613E-005
#     -8     6       5.4515952890E-005
#     -8     7       6.4192912544E-005
#     -8     8       2.9425815074E-005
#     -8     9       5.2984410422E-005
#     -8    10       1.7788042596E-004
#     -8    11       1.9371223889E-004
#     -8    12       3.7672313722E-004
#     -8    13       3.4936482451E-005
#     -8    14       8.5607157102E-006
#     -8    15       4.3620746561E-004
#     -8    16       5.6153382044E-004
#     -8    17       5.9921114070E-004
#     -8    18       1.5966725207E-004
#     -7   -27       1.6206317441E-005
#     -7   -26       1.3079325444E-004
#     -7   -25       2.7746782608E-004
#     -7   -24       8.8920656874E-005
#     -7   -23       4.3869789721E-004
#     -7   -22       7.5468797037E-005
#     -7   -21       8.7013069054E-005
#     -7   -20       1.0609923650E-004
#     -7   -19       2.2533427991E-005
#     -7   -18       2.8304325230E-005
#     -7   -17       1.7431341211E-005
#     -7   -16       9.5824895671E-005
#     -7   -15       3.8287824256E-004
#     -7   -14       1.2457513609E-004
#     -7   -13       2.3654770454E-004
#     -7   -12       1.3914659139E-004
#     -7   -11       1.0334280829E-004
#     -7   -10       2.3200424099E-004
#     -7    -9       5.3348963999E-005
#     -7    -8       2.7305850291E-005
#     -7    -7       6.7547649763E-005
#     -7    -6       7.6049188905E-005
#     -7    -5       1.3657883525E-003
#     -7    -4       4.9875110906E-004
#     -7    -3       1.0434949175E-003
#     -7    -2       8.6618972345E-004
#     -7    -1       4.8811186885E-004
#     -7     0       4.7204402823E-004
#     -7     1       5.3402537336E-005
#     -7     2       1.3937457923E-004
#     -7     3       3.9179412350E-005
#     -7     4       7.2819296337E-005
#     -7     5       3.0072330796E-004
#     -7     6       2.4226233269E-004
#     -7     7       1.5803969209E-004
#     -7     8       1.4389571965E-005
#     -7     9       8.8493124684E-005
#     -7    10       1.1979107687E-003
#     -7    11       4.8523640659E-004
#     -7    12       6.0318833024E-004
#     -7    13       6.5549800881E-005
#     -7    14       5.8344220981E-005
#     -7    15       1.0239425041E-003
#     -7    16       1.5490123258E-004
#     -7    17       2.0004817681E-004
#     -6   -27       1.2308087391E-004
#     -6   -26       1.7159451211E-005
#     -6   -25       1.1645571198E-004
#     -6   -24       7.8528023229E-005
#     -6   -23       5.7388481287E-004
#     -6   -22       3.2857426770E-004
#     -6   -21       6.3611602024E-006
#     -6   -20       6.2638817775E-005
#     -6   -19       1.1179094530E-005
#     -6   -18       1.6874093089E-004
#     -6   -17       1.1782891305E-004
#     -6   -16       1.9116460692E-005
#     -6   -15       1.2392861608E-004
#     -6   -14       6.9949206614E-005
#     -6   -13       4.1558203619E-004
#     -6   -12       1.2785031936E-004
#     -6   -11       1.4736549500E-005
#     -6   -10       3.9032623225E-005
#     -6    -9       8.7373980956E-006
#     -6    -8       1.1160268501E-004
#     -6    -7       7.4420580141E-004
#     -6    -6       1.3513132935E-004
#     -6    -5       8.3626685865E-004
#     -6    -4       1.5900909840E-004
#     -6    -3       9.0326230215E-004
#     -6    -2       2.7064396124E-004
#     -6    -1       3.0063696745E-006
#     -6     0       1.8460604424E-004
#     -6     1       2.3746291126E-004
#     -6     2       6.2494043222E-004
#     -6     3       4.9508165426E-004
#     -6     4       1.9100567783E-004
#     -6     5       1.6279749288E-004
#     -6     6       1.5565851161E-005
#     -6     7       6.4207383270E-005
#     -6     8       1.6629791272E-004
#     -6     9       5.2342058359E-005
#     -6    10       1.1123645802E-003
#     -6    11       3.9340877293E-004
#     -6    12       1.8241514874E-003
#     -6    13       1.9879183069E-004
#     -6    14       6.1160954419E-006
#     -6    15       3.8979124705E-004
#     -6    16       2.4354605697E-004
#     -5   -27       3.2311108252E-006
#     -5   -26       1.2950102720E-004
#     -5   -25       5.0333191834E-004
#     -5   -24       2.0688604066E-004
#     -5   -23       5.3173935707E-005
#     -5   -22       2.0258741144E-005
#     -5   -21       6.6728808665E-005
#     -5   -20       1.4746010590E-003
#     -5   -19       3.3214328559E-005
#     -5   -18       4.9454997172E-005
#     -5   -17       3.8764751498E-005
#     -5   -16       9.6593086662E-005
#     -5   -15       1.7239092424E-003
#     -5   -14       7.7371944253E-005
#     -5   -13       7.9917325522E-006
#     -5   -12       5.5372265683E-006
#     -5   -11       9.5037916542E-005
#     -5   -10       1.3856834312E-002
#     -5    -9       1.3659860609E-004
#     -5    -8       4.6517249099E-005
#     -5    -7       1.8233997973E-004
#     -5    -6       5.6719723512E-004
#     -5    -5       1.3227729602E-002
#     -5    -4       5.7020842619E-004
#     -5    -3       1.3151310233E-005
#     -5    -2       4.1861159209E-005
#     -5    -1       1.2580107749E-004
#     -5     0       9.1279288416E-003
#     -5     1       3.4059302321E-004
#     -5     2       7.8338346417E-005
#     -5     3       8.2491415453E-007
#     -5     4       5.3896106369E-004
#     -5     5       1.5828783033E-003
#     -5     6       4.1717412542E-004
#     -5     7       3.9232984337E-005
#     -5     8       1.2219757305E-004
#     -5     9       1.0133453704E-003
#     -5    10       4.8396049084E-002
#     -5    11       5.9428130996E-004
#     -5    12       5.4911670461E-005
#     -5    13       1.9376886058E-005
#     -5    14       5.5262780041E-004
#     -5    15       2.1451702248E-002
#     -4   -28       2.4531143120E-004
#     -4   -27       1.1266278952E-004
#     -4   -26       2.1154999759E-006
#     -4   -25       6.1883895239E-005
#     -4   -24       6.2427290927E-005
#     -4   -23       4.1049948620E-004
#     -4   -22       2.2653085564E-004
#     -4   -21       8.3986387199E-006
#     -4   -20       1.0853260466E-004
#     -4   -19       1.3675418234E-005
#     -4   -18       2.4932984702E-004
#     -4   -17       1.3787851972E-004
#     -4   -16       1.1762984066E-005
#     -4   -15       1.2448535121E-004
#     -4   -14       4.6018283204E-005
#     -4   -13       2.0461436045E-004
#     -4   -12       2.1032730794E-004
#     -4   -11       2.6881715666E-005
#     -4   -10       1.1127388931E-004
#     -4    -9       1.1719244038E-004
#     -4    -8       1.1871611847E-003
#     -4    -7       1.7366800696E-003
#     -4    -6       1.6396241290E-004
#     -4    -5       2.3742966999E-004
#     -4    -4       3.3785366868E-006
#     -4    -3       1.7157072538E-005
#     -4    -2       7.1565642550E-004
#     -4    -1       9.9015109503E-005
#     -4     0       4.3650829899E-005
#     -4     1       4.6983406682E-005
#     -4     2       5.2642486576E-004
#     -4     3       3.0493387843E-004
#     -4     4       2.8889376621E-005
#     -4     5       8.5997222144E-005
#     -4     6       1.2935798453E-004
#     -4     7       6.6887918351E-004
#     -4     8       2.1194234841E-003
#     -4     9       1.1237210852E-004
#     -4    10       9.8719073984E-004
#     -4    11       9.8876420715E-005
#     -4    12       4.8114012780E-004
#     -4    13       3.0456654714E-004
#     -4    14       6.8377626187E-005
#     -3   -28       9.1517284392E-005
#     -3   -27       9.5626846541E-005
#     -3   -26       5.2455547114E-005
#     -3   -25       4.0869697793E-004
#     -3   -24       4.2455243855E-005
#     -3   -23       1.2576733598E-004
#     -3   -22       1.1705883136E-004
#     -3   -21       7.3817870815E-005
#     -3   -20       4.2559983159E-004
#     -3   -19       2.7898699465E-005
#     -3   -18       4.7002364956E-005
#     -3   -17       6.7013535118E-005
#     -3   -16       9.9214374605E-005
#     -3   -15       2.0385111627E-004
#     -3   -14       1.3024602060E-005
#     -3   -13       3.2780080267E-005
#     -3   -12       5.1497699253E-005
#     -3   -11       2.0004640796E-004
#     -3   -10       9.7936330171E-004
#     -3    -9       3.1208895827E-004
#     -3    -8       5.4555458777E-004
#     -3    -7       6.5852043423E-004
#     -3    -6       3.8901301674E-005
#     -3    -5       1.2916679036E-004
#     -3    -4       3.8249409053E-006
#     -3    -3       2.7331376661E-004
#     -3    -2       3.4601380297E-004
#     -3    -1       1.5659955393E-004
#     -3     0       1.7299668020E-004
#     -3     1       1.1034715417E-004
#     -3     2       5.9600219172E-006
#     -3     3       7.5803268727E-005
#     -3     4       4.3117792431E-005
#     -3     5       2.6867506358E-005
#     -3     6       1.4360292279E-005
#     -3     7       2.6795280145E-004
#     -3     8       3.2656695960E-004
#     -3     9       2.4129249313E-004
#     -3    10       1.3946549475E-003
#     -3    11       4.5681033184E-004
#     -3    12       2.2704823347E-005
#     -3    13       1.9385684863E-004
#     -2   -28       1.9907484694E-005
#     -2   -27       1.7525893126E-004
#     -2   -26       6.2700179146E-005
#     -2   -25       4.4791987564E-004
#     -2   -24       3.4915852761E-005
#     -2   -23       2.8573224510E-004
#     -2   -22       1.4324761496E-004
#     -2   -21       6.9990912062E-005
#     -2   -20       3.7694179601E-004
#     -2   -19       8.4000634745E-006
#     -2   -18       7.8344615569E-005
#     -2   -17       1.9653819522E-004
#     -2   -16       4.1538978514E-005
#     -2   -15       2.3704918093E-005
#     -2   -14       1.1918148681E-005
#     -2   -13       8.5467336877E-005
#     -2   -12       2.7959390779E-004
#     -2   -11       4.0705408646E-004
#     -2   -10       1.4988730971E-003
#     -2    -9       3.4483771031E-004
#     -2    -8       2.6312875918E-004
#     -2    -7       2.4687340939E-004
#     -2    -6       9.1220441862E-006
#     -2    -5       2.6526588590E-004
#     -2    -4       2.0137635935E-004
#     -2    -3       3.2487170294E-004
#     -2    -2       1.7514183184E-004
#     -2    -1       2.8383175553E-005
#     -2     0       7.2910201914E-005
#     -2     1       1.8713277325E-004
#     -2     2       5.1677536016E-004
#     -2     3       1.3383333937E-004
#     -2     4       2.1559930381E-005
#     -2     5       1.1661439954E-004
#     -2     6       6.5668603867E-005
#     -2     7       1.5907976061E-004
#     -2     8       7.2789181191E-005
#     -2     9       4.0035838729E-005
#     -2    10       9.5243785337E-004
#     -2    11       2.2401872605E-004
#     -2    12       1.5204881404E-004
#     -1   -27       1.1003103176E-004
#     -1   -26       3.7259484322E-005
#     -1   -25       1.8027744607E-005
#     -1   -24       4.5306953349E-005
#     -1   -23       2.5076897775E-004
#     -1   -22       2.8693920609E-004
#     -1   -21       3.1170542065E-005
#     -1   -20       3.9532365931E-005
#     -1   -19       1.3295136521E-005
#     -1   -18       1.0792524388E-004
#     -1   -17       2.2013993221E-004
#     -1   -16       5.5438960646E-005
#     -1   -15       1.1840944056E-005
#     -1   -14       1.1470778301E-005
#     -1   -13       2.3611324922E-004
#     -1   -12       6.0854053048E-004
#     -1   -11       1.7931901394E-005
#     -1   -10       1.8513563168E-004
#     -1    -9       6.1985186160E-005
#     -1    -8       5.2047637328E-004
#     -1    -7       2.6853016222E-004
#     -1    -6       6.8027922769E-005
#     -1    -5       2.1329411295E-004
#     -1    -4       6.0657643432E-006
#     -1    -3       2.5501659527E-004
#     -1    -2       8.8955790168E-006
#     -1    -1       7.8007789699E-005
#     -1     0       3.9091278581E-004
#     -1     1       1.5057606204E-004
#     -1     2       1.9426315868E-003
#     -1     3       5.3345029189E-004
#     -1     4       1.2800494331E-005
#     -1     5       1.7419471814E-004
#     -1     6       1.2543136308E-004
#     -1     7       6.0565803255E-004
#     -1     8       8.7268611194E-005
#     -1     9       2.1251761351E-005
#     -1    10       2.3230073936E-004
#     -1    11       6.6372951000E-005
#      0   -27       7.5469850918E-006
#      0   -26       2.3915346673E-004
#      0   -25       1.4560244280E-004
#      0   -24       2.2873649366E-004
#      0   -23       5.9573439508E-005
#      0   -22       9.7180647731E-006
#      0   -21       1.2508680681E-004
#      0   -20       2.4678815803E-003
#      0   -19       4.9486224646E-005
#      0   -18       2.5727381180E-005
#      0   -17       1.1385088525E-005
#      0   -16       2.3145094635E-005
#      0   -15       1.4836430329E-002
#      0   -14       4.6993013943E-005
#      0   -13       3.2310200510E-005
#      0   -12       2.1658690659E-005
#      0   -11       3.2459776015E-004
#      0   -10       1.7352364722E-002
#      0    -9       1.5221321705E-004
#      0    -8       5.6117213345E-006
#      0    -7       1.8320081588E-005
#      0    -6       1.5267589932E-004
#      0    -5       1.9019280343E-003
#      0    -4       1.0976271745E-004
#      0    -3       1.7734543318E-005
#      0    -2       2.7121062023E-005
#      0    -1       1.0000834912E-003
#      0     0       4.0472216295E-002
#      0     1       1.5220389020E-003
#      0     2       8.4954907984E-005
#      0     3       1.3396797783E-006
#      0     4       5.5403090276E-004
#      0     5       8.6764777831E-003
#      0     6       1.4566665312E-003
#      0     7       2.3715731183E-005
#      0     8       2.6046164454E-005
#      0     9       5.6565657559E-004
#      0    10       1.0958418249E-002
#      1   -27       4.1856114592E-004
#      1   -26       1.5059444133E-004
#      1   -25       1.6231286791E-004
#      1   -24       5.9689576575E-005
#      1   -23       2.1246570022E-004
#      1   -22       6.4707511819E-004
#      1   -21       7.9210983744E-005
#      1   -20       2.8194930629E-006
#      1   -19       1.4738353397E-005
#      1   -18       2.0425500258E-005
#      1   -17       1.3308267928E-005
#      1   -16       1.9426918527E-005
#      1   -15       1.4997758358E-004
#      1   -14       3.9268521892E-005
#      1   -13       3.4558437900E-004
#      1   -12       2.1282455781E-004
#      1   -11       1.1856539796E-004
#      1   -10       4.5601311338E-005
#      1    -9       5.7291083749E-006
#      1    -8       6.5685884501E-005
#      1    -7       6.7656832494E-005
#      1    -6       2.9235624130E-005
#      1    -5       4.1125217489E-005
#      1    -4       9.5728924622E-006
#      1    -3       1.4582983822E-004
#      1    -2       1.7860874026E-003
#      1    -1       3.2147758718E-004
#      1     0       8.7768375963E-004
#      1     1       3.1984676913E-004
#      1     2       7.8586549321E-004
#      1     3       1.5110357471E-004
#      1     4       1.2498487332E-004
#      1     5       1.2238664088E-003
#      1     6       1.4523011229E-004
#      1     7       3.0731877161E-004
#      1     8       1.1453303812E-003
#      1     9       3.3897517543E-005
#      2   -27       3.5543680972E-005
#      2   -26       4.6542499406E-004
#      2   -25       2.6029805815E-004
#      2   -24       1.6735626973E-004
#      2   -23       2.4420122850E-004
#      2   -22       1.3965354135E-004
#      2   -21       7.7138204635E-006
#      2   -20       2.4291028659E-005
#      2   -19       5.9166561416E-006
#      2   -18       7.8612988847E-005
#      2   -17       1.3078570324E-004
#      2   -16       1.2818534058E-004
#      2   -15       3.2867357968E-004
#      2   -14       1.5080706298E-004
#      2   -13       2.1512516643E-004
#      2   -12       1.0838846513E-004
#      2   -11       1.9491024004E-004
#      2   -10       9.3446010970E-005
#      2    -9       8.7680075651E-005
#      2    -8       5.2881238208E-005
#      2    -7       1.1973176374E-004
#      2    -6       9.2201363597E-006
#      2    -5       3.2615327473E-005
#      2    -4       5.2487215433E-005
#      2    -3       1.5365252636E-004
#      2    -2       4.7967199794E-004
#      2    -1       2.6964877377E-004
#      2     0       1.2184506663E-003
#      2     1       3.2492697097E-004
#      2     2       7.8324294324E-006
#      2     3       4.6843022913E-006
#      2     4       4.3420601816E-004
#      2     5       2.4703272374E-003
#      2     6       8.2258189447E-005
#      2     7       2.1891366633E-004
#      2     8       7.2339972958E-004
#      3   -26       7.1606179364E-005
#      3   -25       7.6119327261E-005
#      3   -24       3.1205555350E-004
#      3   -23       4.5798613265E-005
#      3   -22       1.1482205482E-005
#      3   -21       8.3445933577E-005
#      3   -20       1.2880273809E-004
#      3   -19       6.3327868463E-005
#      3   -18       8.6505368328E-005
#      3   -17       1.7467232538E-004
#      3   -16       8.5907159231E-005
#      3   -15       3.2181727940E-004
#      3   -14       2.5619356917E-004
#      3   -13       1.8260661370E-004
#      3   -12       7.0778820544E-005
#      3   -11       5.0799621571E-005
#      3   -10       1.0426139131E-003
#      3    -9       5.2497623005E-004
#      3    -8       6.1478181202E-004
#      3    -7       3.3929429959E-004
#      3    -6       1.2506040804E-005
#      3    -5       2.7165344991E-004
#      3    -4       1.7558960956E-004
#      3    -3       2.9710334737E-005
#      3    -2       1.9492441934E-004
#      3    -1       3.5673757944E-004
#      3     0       1.6616679282E-003
#      3     1       5.7321972431E-004
#      3     2       3.9792662311E-004
#      3     3       2.5731036624E-004
#      3     4       2.2397928812E-004
#      3     5       2.0174010543E-004
#      3     6       2.1582860611E-004
#      4   -26       2.8215404225E-005
#      4   -25       5.2716693785E-005
#      4   -24       8.0624584170E-005
#      4   -23       3.4158959032E-004
#      4   -22       4.5859542460E-004
#      4   -21       2.4033477461E-005
#      4   -20       1.3030074625E-004
#      4   -19       8.8881644055E-005
#      4   -18       9.7939726392E-005
#      4   -17       2.2944467193E-004
#      4   -16       8.4336164208E-005
#      4   -15       1.4444326830E-004
#      4   -14       1.4400324461E-004
#      4   -13       1.7420085183E-004
#      4   -12       9.5521794176E-004
#      4   -11       9.5752896598E-005
#      4   -10       9.6447267693E-004
#      4    -9       2.3107424761E-004
#      4    -8       2.1555324706E-003
#      4    -7       5.6174092040E-004
#      4    -6       1.2945987194E-005
#      4    -5       1.6225784579E-004
#      4    -4       8.9694034165E-006
#      4    -3       2.2810326680E-004
#      4    -2       6.8382934173E-005
#      4    -1       1.4585546030E-004
#      4     0       9.2268378232E-004
#      4     1       3.3696893627E-004
#      4     2       2.8033873016E-003
#      4     3       8.5562069956E-004
#      4     4       9.1142148330E-005
#      4     5       3.2970594583E-006
#      5   -25       1.4393426030E-003
#      5   -24       1.1310855398E-004
#      5   -23       2.2789472088E-005
#      5   -22       3.1969835758E-005
#      5   -21       1.5064980560E-004
#      5   -20       8.7255500534E-004
#      5   -19       2.1125040539E-004
#      5   -18       4.0651554225E-005
#      5   -17       1.1552617405E-006
#      5   -16       3.2025051952E-004
#      5   -15       1.8394661186E-002
#      5   -14       1.9379460500E-004
#      5   -13       1.1327981331E-005
#      5   -12       6.1311100588E-005
#      5   -11       1.6901980123E-003
#      5   -10       4.7341976004E-002
#      5    -9       1.4853562324E-003
#      5    -8       2.6410386970E-005
#      5    -7       1.5620775493E-005
#      5    -6       6.2778901161E-004
#      5    -5       8.7111598062E-003
#      5    -4       6.2932755340E-004
#      5    -3       1.2627362948E-004
#      5    -2       1.1051969060E-004
#      5    -1       2.1219274811E-003
#      5     0       6.1706326329E-002
#      5     1       1.0463590056E-003
#      5     2       1.4536826208E-004
#      5     3       1.2487082293E-005
#      6   -25       6.9792584645E-005
#      6   -24       1.9778262463E-005
#      6   -23       2.8777403235E-004
#      6   -22       3.7874586999E-004
#      6   -21       2.0191355367E-004
#      6   -20       1.8091792559E-004
#      6   -19       1.1055866751E-005
#      6   -18       3.2220119321E-004
#      6   -17       2.4191209907E-004
#      6   -16       1.5264581919E-004
#      6   -15       4.4287067928E-004
#      6   -14       6.1273050287E-006
#      6   -13       3.2234752635E-005
#      6   -12       1.5090211473E-003
#      6   -11       3.9226248440E-004
#      6   -10       9.1413425592E-004
#      6    -9       7.7048803063E-005
#      6    -8       4.8586346322E-006
#      6    -7       3.5560235618E-004
#      6    -6       1.3668129825E-004
#      6    -5       1.4605817185E-003
#      6    -4       2.4196449703E-004
#      6    -3       1.2019790035E-003
#      6    -2       3.1943782706E-003
#      6    -1       1.6588916477E-004
#      6     0       4.2356362788E-004
#      6     1       2.3566145581E-004
#      6     2       7.1403028113E-004
#      7   -24       3.2570527788E-004
#      7   -23       2.6975646310E-004
#      7   -22       2.6059164994E-004
#      7   -21       5.9450312915E-004
#      7   -20       4.2992437976E-004
#      7   -19       1.4052492692E-004
#      7   -18       3.9373576323E-004
#      7   -17       5.4287676658E-004
#      7   -16       1.6123849027E-004
#      7   -15       6.8440244371E-004
#      7   -14       8.6793509204E-005
#      7   -13       2.4409693181E-004
#      7   -12       5.1474600792E-004
#      7   -11       1.2863039247E-003
#      7   -10       1.6149713598E-003
#      7    -9       2.1881044435E-004
#      7    -8       6.7419489867E-005
#      7    -7       4.0638394517E-004
#      7    -6       1.7885536197E-004
#      7    -5       2.7937417840E-003
#      7    -4       1.5470040201E-004
#      7    -3       2.7679606891E-004
#      7    -2       8.6291155454E-004
#      7    -1       2.3476118870E-004
#      7     0       3.5345046774E-004
#      8   -23       2.6856009345E-004
#      8   -22       2.2785101023E-004
#      8   -21       2.6470529513E-004
#      8   -20       8.6088267583E-004
#      8   -19       3.2622753893E-004
#      8   -18       1.0444008559E-004
#      8   -17       2.8122573039E-004
#      8   -16       4.8920413616E-004
#      8   -15       9.5051636122E-004
#      8   -14       1.1267954769E-004
#      8   -13       3.2812320066E-005
#      8   -12       2.1456446388E-004
#      8   -11       5.2387627462E-004
#      8   -10       1.1808348131E-003
#      8    -9       7.5191657378E-005
#      8    -8       5.1011228557E-005
#      8    -7       1.3342484718E-005
#      8    -6       2.9157415068E-004
#      8    -5       1.4321094078E-004
#      8    -4       1.4800290386E-004
#      8    -3       4.0600082832E-004
#      8    -2       5.1696210049E-004
#      9   -21       4.7815772897E-005
#      9   -20       5.5845795157E-005
#      9   -19       4.3200314253E-004
#      9   -18       2.5038791656E-004
#      9   -17       6.5623373363E-004
#      9   -16       3.7816952206E-004
#      9   -15       5.2068322198E-004
#      9   -14       4.4430251976E-005
#      9   -13       3.9934011204E-004
#      9   -12       1.1355004837E-004
#      9   -11       6.2815102845E-005
#      9   -10       1.9417287791E-004
#      9    -9       5.8409044849E-005
#      9    -8       9.3939310097E-004
#      9    -7       5.0685989520E-004
#      9    -6       4.4290630366E-005
#      9    -5       7.1330577650E-006
#     10   -19       1.4973881353E-004
#     10   -18       6.0694768855E-005
#     10   -17       8.2507521910E-005
#     10   -16       6.5878381326E-004
#     10   -15       2.1565941554E-002
#     10   -14       9.8364081872E-006
#     10   -13       2.7031021576E-004
#     10   -12       4.9862459636E-005
#     10   -11       2.6660316935E-004
#     10   -10       1.1932865795E-002
#     10    -9       2.3750037783E-004
#     10    -8       3.6702577218E-004
