 Diffraction intensities for potential:_5x5_05D10008.in                        
#    -45    11       5.4419046208E-006
#    -45    12       1.0350742625E-006
#    -45    13       2.9982145334E-006
#    -45    14       1.1499535998E-006
#    -45    15       3.7393440540E-004
#    -45    16       6.8187190189E-006
#    -44     7       5.7765334512E-005
#    -44     8       4.7124321317E-005
#    -44     9       1.4338952535E-005
#    -44    10       1.3681597452E-005
#    -44    11       6.9087713593E-005
#    -44    12       1.5690608040E-004
#    -44    13       5.7954667200E-005
#    -44    14       2.5847430596E-005
#    -44    15       2.3504183535E-005
#    -44    16       1.3808462729E-004
#    -44    17       1.2734463152E-004
#    -44    18       9.3104012937E-005
#    -44    19       9.0715735943E-006
#    -44    20       4.9460327839E-006
#    -43     4       3.0151080371E-006
#    -43     5       1.5625153930E-005
#    -43     6       3.2486806175E-005
#    -43     7       5.7123413733E-005
#    -43     8       5.8144255103E-005
#    -43     9       1.1564449302E-005
#    -43    10       4.2655539136E-005
#    -43    11       1.2010425429E-004
#    -43    12       2.3193792857E-004
#    -43    13       9.8796005542E-005
#    -43    14       1.1539698078E-005
#    -43    15       9.7890986385E-005
#    -43    16       1.6979425297E-004
#    -43    17       1.8807054805E-004
#    -43    18       4.9551769799E-005
#    -43    19       1.2624082063E-005
#    -43    20       7.8604413920E-005
#    -43    21       5.1494358573E-005
#    -43    22       1.1147067467E-004
#    -42     2       1.5579108447E-005
#    -42     3       7.3191002212E-005
#    -42     4       4.4316389164E-005
#    -42     5       1.8532733759E-005
#    -42     6       2.2045407600E-006
#    -42     7       1.3557048642E-005
#    -42     8       9.1039099850E-005
#    -42     9       1.2709700406E-004
#    -42    10       4.6502165367E-005
#    -42    11       7.3812822972E-006
#    -42    12       1.0899555124E-004
#    -42    13       2.2017059731E-004
#    -42    14       2.2200814625E-004
#    -42    15       9.7797979952E-005
#    -42    16       1.4900765181E-005
#    -42    17       1.0259178303E-004
#    -42    18       2.5035843231E-004
#    -42    19       2.4898993220E-004
#    -42    20       9.7063016507E-005
#    -42    21       3.4139744653E-006
#    -42    22       3.2597885949E-005
#    -42    23       3.1941413162E-005
#    -41     0       1.0619192175E-005
#    -41     1       7.4458600498E-006
#    -41     2       1.1368692196E-005
#    -41     3       1.2030281140E-004
#    -41     4       3.7468498680E-005
#    -41     5       9.1045865686E-006
#    -41     6       1.5546991040E-005
#    -41     7       8.1519799250E-005
#    -41     8       1.5184335392E-004
#    -41     9       1.4626621514E-004
#    -41    10       3.2351149476E-005
#    -41    11       3.0810191753E-005
#    -41    12       2.3305676183E-004
#    -41    13       3.2645136145E-004
#    -41    14       1.9685541009E-004
#    -41    15       3.5591169623E-005
#    -41    16       6.0674231309E-005
#    -41    17       1.9599016089E-004
#    -41    18       3.9676366927E-004
#    -41    19       1.8964564186E-004
#    -41    20       4.9762862712E-005
#    -41    21       5.5183650259E-005
#    -41    22       2.2371925626E-004
#    -41    23       8.4473988526E-005
#    -41    24       1.2216231956E-004
#    -40    -2       2.2365530650E-006
#    -40    -1       3.4005683693E-006
#    -40     0       4.0467462888E-004
#    -40     1       2.7254359762E-006
#    -40     2       5.3931240797E-007
#    -40     3       3.6942996683E-006
#    -40     4       5.1600719308E-006
#    -40     5       3.6910825359E-004
#    -40     6       3.1260819433E-006
#    -40     7       7.8861176757E-007
#    -40     8       1.3325804992E-006
#    -40     9       4.1157287069E-006
#    -40    10       7.5125574392E-004
#    -40    11       3.5618228749E-007
#    -40    12       6.3212111959E-008
#    -40    13       2.4161035562E-007
#    -40    14       5.8139016535E-007
#    -40    15       1.0338035111E-003
#    -40    16       1.3333411281E-006
#    -40    17       1.7627677857E-006
#    -40    18       1.6157015383E-006
#    -40    19       3.0371290019E-006
#    -40    20       8.3721879111E-004
#    -40    21       1.5283009796E-006
#    -40    22       1.8657444442E-007
#    -40    23       4.1457445048E-006
#    -40    24       1.0236652405E-005
#    -40    25       2.1188761153E-004
#    -39    -4       1.5516479062E-005
#    -39    -3       5.0076338446E-005
#    -39    -2       1.9311293859E-005
#    -39    -1       7.9859360944E-006
#    -39     0       3.7844943598E-006
#    -39     1       5.4785598663E-005
#    -39     2       1.0585245169E-004
#    -39     3       6.8714842929E-005
#    -39     4       9.7381498021E-006
#    -39     5       1.9400182170E-005
#    -39     6       9.3881433783E-005
#    -39     7       1.9537031588E-004
#    -39     8       1.2589761096E-004
#    -39     9       5.5608288918E-005
#    -39    10       3.6761281067E-005
#    -39    11       2.7296008616E-004
#    -39    12       4.3561028063E-004
#    -39    13       2.1208539959E-004
#    -39    14       5.7297238981E-005
#    -39    15       6.5258918378E-005
#    -39    16       3.1951105814E-004
#    -39    17       3.8341191106E-004
#    -39    18       3.8960906061E-004
#    -39    19       2.1921248194E-005
#    -39    20       1.5908628168E-005
#    -39    21       2.8661629067E-004
#    -39    22       3.6042758168E-004
#    -39    23       2.2566647311E-004
#    -39    24       7.3720682183E-005
#    -39    25       5.1156743684E-005
#    -39    26       3.6008624241E-005
#    -38    -5       1.3081133149E-005
#    -38    -4       6.5249544677E-005
#    -38    -3       6.6275042320E-005
#    -38    -2       4.3441043054E-005
#    -38    -1       1.3404051768E-005
#    -38     0       3.1933359922E-005
#    -38     1       9.1071905417E-005
#    -38     2       1.3761266520E-004
#    -38     3       7.9233729055E-005
#    -38     4       2.7384419198E-005
#    -38     5       1.0459395878E-004
#    -38     6       1.5969560903E-004
#    -38     7       1.9304334122E-004
#    -38     8       8.1906677387E-005
#    -38     9       2.5932790042E-005
#    -38    10       1.2752662985E-004
#    -38    11       3.2596252153E-004
#    -38    12       3.6044550011E-004
#    -38    13       1.6305967420E-004
#    -38    14       1.8926527729E-005
#    -38    15       2.1667183639E-004
#    -38    16       3.3088939904E-004
#    -38    17       4.1256687353E-004
#    -38    18       2.5014463425E-004
#    -38    19       6.0953644973E-005
#    -38    20       1.5757619495E-004
#    -38    21       2.9785810773E-004
#    -38    22       4.0821113972E-004
#    -38    23       1.0097495465E-004
#    -38    24       2.0268275382E-005
#    -38    25       1.0160271915E-004
#    -38    26       2.1612599885E-004
#    -37    -7       4.4000708235E-005
#    -37    -6       1.9439562635E-005
#    -37    -5       2.1162586420E-005
#    -37    -4       6.9928105740E-006
#    -37    -3       3.3968409435E-005
#    -37    -2       7.7112494585E-005
#    -37    -1       7.8649129197E-005
#    -37     0       4.7455435859E-005
#    -37     1       2.7486685089E-006
#    -37     2       7.1893853465E-005
#    -37     3       1.9332303834E-004
#    -37     4       1.9811308141E-004
#    -37     5       7.7016971569E-005
#    -37     6       2.6406396143E-006
#    -37     7       9.0946407807E-005
#    -37     8       1.7472141720E-004
#    -37     9       2.0236214906E-004
#    -37    10       1.1069122498E-004
#    -37    11       2.4429001523E-005
#    -37    12       1.5059517001E-004
#    -37    13       3.8614836797E-004
#    -37    14       4.0180599330E-004
#    -37    15       1.6086888606E-004
#    -37    16       4.8013398431E-005
#    -37    17       1.7168537147E-004
#    -37    18       4.0634412425E-004
#    -37    19       3.4331799618E-004
#    -37    20       1.2468861926E-004
#    -37    21       1.6445217539E-005
#    -37    22       1.1601105856E-004
#    -37    23       2.4049718666E-004
#    -37    24       2.7504400134E-004
#    -37    25       1.2195530857E-004
#    -37    26       1.9756284370E-005
#    -37    27       5.0262442892E-005
#    -36    -8       3.7191214120E-005
#    -36    -7       8.9397841719E-005
#    -36    -6       2.8253720360E-005
#    -36    -5       4.1692316870E-006
#    -36    -4       4.1746915800E-005
#    -36    -3       8.9144609383E-005
#    -36    -2       1.2578045370E-004
#    -36    -1       6.4364968138E-005
#    -36     0       2.2971028843E-005
#    -36     1       8.7028379450E-006
#    -36     2       9.1308237412E-005
#    -36     3       2.9557324509E-004
#    -36     4       1.5131797925E-004
#    -36     5       1.5207123943E-005
#    -36     6       2.6187440155E-005
#    -36     7       1.7015077531E-004
#    -36     8       1.5812695822E-004
#    -36     9       1.5403866439E-004
#    -36    10       3.7394462233E-005
#    -36    11       5.2621655333E-005
#    -36    12       2.0561740922E-004
#    -36    13       3.5979272016E-004
#    -36    14       2.2005732483E-004
#    -36    15       3.8799894846E-005
#    -36    16       8.9469728840E-005
#    -36    17       2.9479209055E-004
#    -36    18       3.3194407410E-004
#    -36    19       3.7608666895E-004
#    -36    20       9.3236216875E-005
#    -36    21       5.4490041771E-005
#    -36    22       2.6426579065E-004
#    -36    23       4.3703070123E-004
#    -36    24       1.6862789888E-004
#    -36    25       2.6052646993E-005
#    -36    26       4.1696254715E-005
#    -36    27       1.1453433942E-004
#    -35    -9       1.8072473715E-006
#    -35    -8       4.2520370660E-007
#    -35    -7       4.0772736336E-006
#    -35    -6       2.5966665726E-007
#    -35    -5       3.7772439866E-004
#    -35    -4       1.9658782876E-006
#    -35    -3       1.8701191913E-006
#    -35    -2       6.6033694181E-006
#    -35    -1       1.3888852617E-006
#    -35     0       5.1813892341E-004
#    -35     1       3.6906722534E-006
#    -35     2       1.9889240042E-006
#    -35     3       8.4290476679E-006
#    -35     4       1.2796145213E-006
#    -35     5       3.1436062542E-004
#    -35     6       1.4890044846E-006
#    -35     7       6.6620087807E-007
#    -35     8       1.1294568823E-006
#    -35     9       1.3579559898E-005
#    -35    10       9.4072731080E-004
#    -35    11       1.1258151919E-006
#    -35    12       1.4116388643E-006
#    -35    13       1.2684931200E-006
#    -35    14       5.5093484105E-006
#    -35    15       1.1933412518E-003
#    -35    16       4.6630991206E-008
#    -35    17       5.7852739696E-006
#    -35    18       5.7330237349E-006
#    -35    19       2.2403257635E-005
#    -35    20       9.7434769628E-004
#    -35    21       7.9871544880E-006
#    -35    22       5.2994672892E-006
#    -35    23       3.3084013861E-006
#    -35    24       2.7605807765E-006
#    -35    25       8.0057740083E-004
#    -35    26       9.8342793136E-007
#    -35    27       7.9803213677E-007
#    -34   -11       5.1313045811E-006
#    -34   -10       9.6867077266E-006
#    -34    -9       6.2919457646E-005
#    -34    -8       1.3365426180E-004
#    -34    -7       7.0806690482E-005
#    -34    -6       3.0495780006E-005
#    -34    -5       1.6892959571E-005
#    -34    -4       1.0208180998E-004
#    -34    -3       1.9455659440E-004
#    -34    -2       8.4801244461E-005
#    -34    -1       4.1929431979E-005
#    -34     0       3.0152749372E-005
#    -34     1       9.7512762399E-005
#    -34     2       2.8306707284E-004
#    -34     3       1.5617466236E-004
#    -34     4       3.1978825321E-005
#    -34     5       2.6472148157E-005
#    -34     6       1.0390012346E-004
#    -34     7       2.0463076521E-004
#    -34     8       8.5196721034E-005
#    -34     9       1.9846078494E-005
#    -34    10       1.3893510936E-005
#    -34    11       9.0541278236E-005
#    -34    12       1.3467687271E-004
#    -34    13       1.4392101560E-004
#    -34    14       1.9807021672E-005
#    -34    15       4.5699583949E-005
#    -34    16       2.8334317436E-004
#    -34    17       3.7851223636E-004
#    -34    18       3.2234799170E-004
#    -34    19       3.3665635889E-005
#    -34    20       3.4183239025E-005
#    -34    21       1.0495545846E-004
#    -34    22       3.4537598117E-004
#    -34    23       2.9279419043E-004
#    -34    24       7.6864516329E-005
#    -34    25       4.1419503525E-005
#    -34    26       4.1886493653E-004
#    -34    27       1.2522206511E-004
#    -33   -12       2.1384521630E-005
#    -33   -11       5.0079256130E-006
#    -33   -10       4.8932050960E-005
#    -33    -9       1.2172433500E-004
#    -33    -8       1.7376006275E-004
#    -33    -7       1.1580003617E-004
#    -33    -6       2.9131806340E-005
#    -33    -5       9.7875853256E-005
#    -33    -4       2.2440924658E-004
#    -33    -3       2.0953101646E-004
#    -33    -2       7.2868173897E-005
#    -33    -1       3.2778177150E-005
#    -33     0       1.4527978379E-004
#    -33     1       2.7075036658E-004
#    -33     2       2.5826367501E-004
#    -33     3       1.0566960667E-004
#    -33     4       1.5894965168E-005
#    -33     5       4.0091122012E-005
#    -33     6       1.0924978784E-004
#    -33     7       1.2508337116E-004
#    -33     8       3.8054156127E-005
#    -33     9       1.3017528661E-005
#    -33    10       7.3516030073E-005
#    -33    11       1.1257116696E-004
#    -33    12       1.2322278017E-004
#    -33    13       7.2442283041E-005
#    -33    14       1.7524502141E-005
#    -33    15       1.2592946812E-004
#    -33    16       1.4687959389E-004
#    -33    17       2.2529053358E-004
#    -33    18       1.7321523564E-004
#    -33    19       2.8732909791E-005
#    -33    20       3.2887474963E-005
#    -33    21       3.6613485775E-004
#    -33    22       4.3930123241E-004
#    -33    23       1.7850908963E-004
#    -33    24       8.5306051126E-006
#    -33    25       1.5281448890E-004
#    -33    26       3.3742989174E-004
#    -33    27       1.8203240381E-004
#    -32   -13       4.0829870869E-005
#    -32   -12       1.1216464678E-004
#    -32   -11       1.5418808773E-004
#    -32   -10       4.1707832609E-005
#    -32    -9       1.0660091642E-005
#    -32    -8       9.9780576730E-005
#    -32    -7       1.5541642669E-004
#    -32    -6       1.5727019365E-004
#    -32    -5       7.7621348040E-005
#    -32    -4       7.5467976409E-006
#    -32    -3       1.3123583468E-004
#    -32    -2       2.0212702560E-004
#    -32    -1       2.6380995218E-004
#    -32     0       1.2074409287E-004
#    -32     1       1.4260699837E-005
#    -32     2       1.1675577821E-004
#    -32     3       1.6116692639E-004
#    -32     4       6.9236575631E-005
#    -32     5       5.3265968394E-005
#    -32     6       1.6282494227E-006
#    -32     7       3.0506181099E-005
#    -32     8       9.9062150522E-005
#    -32     9       1.0077476448E-004
#    -32    10       2.9067582814E-005
#    -32    11       7.3157262671E-006
#    -32    12       3.2046926597E-005
#    -32    13       1.2574543164E-004
#    -32    14       6.2503741980E-005
#    -32    15       2.8095723877E-005
#    -32    16       7.4605805570E-005
#    -32    17       4.2240131498E-005
#    -32    18       1.3369339241E-004
#    -32    19       9.5264711051E-005
#    -32    20       3.1215399028E-005
#    -32    21       1.2663784344E-005
#    -32    22       1.5424125029E-004
#    -32    23       7.0922761063E-004
#    -32    24       4.2845723159E-004
#    -32    25       2.1956795455E-004
#    -32    26       3.0745752957E-005
#    -32    27       1.7938346193E-004
#    -32    28       1.5042618826E-005
#    -31   -14       2.3503979770E-005
#    -31   -13       1.2128779250E-004
#    -31   -12       1.7644476089E-004
#    -31   -11       1.1669560504E-004
#    -31   -10       3.8049470120E-005
#    -31    -9       4.7063126585E-005
#    -31    -8       1.5929487435E-004
#    -31    -7       2.2123091561E-004
#    -31    -6       1.3324350732E-004
#    -31    -5       2.5319289467E-005
#    -31    -4       5.8279396388E-005
#    -31    -3       1.6469128889E-004
#    -31    -2       3.0400152005E-004
#    -31    -1       1.8876962287E-004
#    -31     0       3.5827985774E-005
#    -31     1       6.1578269153E-005
#    -31     2       5.5013031055E-005
#    -31     3       1.2036025729E-004
#    -31     4       3.4460647622E-005
#    -31     5       1.7887620900E-005
#    -31     6       9.7557460020E-006
#    -31     7       9.3269117030E-005
#    -31     8       3.5041156918E-005
#    -31     9       2.5970519965E-005
#    -31    10       9.5603163609E-006
#    -31    11       2.9091255069E-005
#    -31    12       3.3937987415E-005
#    -31    13       3.3734506186E-005
#    -31    14       3.5754209917E-005
#    -31    15       4.2854755220E-006
#    -31    16       5.7926518811E-007
#    -31    17       7.2729981272E-005
#    -31    18       1.7394166497E-007
#    -31    19       3.0137886052E-005
#    -31    20       4.2757090433E-006
#    -31    21       4.7978171471E-005
#    -31    22       1.9793574063E-004
#    -31    23       5.3507987304E-004
#    -31    24       4.5242527505E-004
#    -31    25       1.1433914978E-004
#    -31    26       2.2016436365E-005
#    -31    27       1.5638285955E-004
#    -31    28       3.2030366916E-004
#    -30   -15       3.2492673121E-004
#    -30   -14       2.7249866316E-006
#    -30   -13       1.3901390553E-006
#    -30   -12       5.1656459869E-007
#    -30   -11       1.3249883572E-006
#    -30   -10       7.3167262222E-004
#    -30    -9       1.6458272484E-007
#    -30    -8       4.5572141516E-006
#    -30    -7       5.8342552093E-007
#    -30    -6       7.6457284249E-007
#    -30    -5       3.4271354913E-004
#    -30    -4       2.1460923227E-007
#    -30    -3       9.0079323135E-007
#    -30    -2       1.0301285492E-005
#    -30    -1       5.2292955839E-007
#    -30     0       1.1094738717E-003
#    -30     1       5.9352258477E-006
#    -30     2       9.7064300225E-007
#    -30     3       1.2024305849E-005
#    -30     4       8.7855626601E-007
#    -30     5       1.1480442355E-003
#    -30     6       7.9240332315E-006
#    -30     7       3.6864767607E-006
#    -30     8       3.9165037275E-007
#    -30     9       2.0919282775E-005
#    -30    10       8.9982492536E-004
#    -30    11       3.0339026678E-005
#    -30    12       1.1096646062E-005
#    -30    13       1.1019553068E-006
#    -30    14       1.5647979019E-005
#    -30    15       6.2067685357E-004
#    -30    16       1.9997005427E-005
#    -30    17       1.0619072843E-005
#    -30    18       3.5377218350E-005
#    -30    19       5.3072301080E-005
#    -30    20       8.8291829798E-005
#    -30    21       2.8132274155E-005
#    -30    22       1.7942467244E-006
#    -30    23       1.5813441364E-005
#    -30    24       2.2351084738E-006
#    -30    25       1.3137563500E-003
#    -30    26       2.4328951535E-005
#    -30    27       4.1212549686E-005
#    -30    28       3.3840760626E-006
#    -29   -16       2.0134339167E-005
#    -29   -15       1.1322214442E-005
#    -29   -14       1.9331997693E-004
#    -29   -13       3.0767540426E-004
#    -29   -12       2.0883623804E-004
#    -29   -11       2.2127207352E-005
#    -29   -10       3.4427814024E-005
#    -29    -9       1.7906667682E-004
#    -29    -8       3.1824267272E-004
#    -29    -7       1.5102175142E-004
#    -29    -6       2.4892803913E-005
#    -29    -5       2.9647809198E-005
#    -29    -4       8.0775690312E-005
#    -29    -3       1.8975518865E-004
#    -29    -2       8.2843946521E-005
#    -29    -1       1.8191873494E-005
#    -29     0       3.3400703705E-005
#    -29     1       4.6786232706E-005
#    -29     2       8.1768414286E-005
#    -29     3       4.7819663852E-005
#    -29     4       6.6527405050E-006
#    -29     5       1.9331316297E-005
#    -29     6       5.7170375087E-005
#    -29     7       1.6657458731E-004
#    -29     8       1.9603363885E-005
#    -29     9       5.5198115668E-005
#    -29    10       1.6864539167E-005
#    -29    11       4.8548188558E-005
#    -29    12       2.4122333102E-004
#    -29    13       9.3125651251E-005
#    -29    14       1.2237548321E-004
#    -29    15       1.4150994390E-005
#    -29    16       4.4764729422E-005
#    -29    17       7.2642010601E-007
#    -29    18       1.5653782492E-005
#    -29    19       4.7380301628E-005
#    -29    20       1.3290872467E-004
#    -29    21       5.7108355653E-004
#    -29    22       3.5766206699E-004
#    -29    23       4.8541371440E-004
#    -29    24       5.5889640902E-005
#    -29    25       3.7983805708E-005
#    -29    26       9.5963908288E-005
#    -29    27       5.0534944438E-004
#    -28   -16       1.2864344747E-005
#    -28   -15       6.7252646578E-005
#    -28   -14       2.3187013845E-004
#    -28   -13       3.4269977747E-004
#    -28   -12       1.0875932852E-004
#    -28   -11       2.5493028464E-005
#    -28   -10       1.3265751700E-004
#    -28    -9       2.3714457309E-004
#    -28    -8       2.3334347360E-004
#    -28    -7       8.8957258824E-005
#    -28    -6       1.9172550951E-005
#    -28    -5       5.2020754634E-005
#    -28    -4       1.0013626476E-004
#    -28    -3       8.2557164058E-005
#    -28    -2       2.9168606404E-005
#    -28    -1       2.3466974093E-005
#    -28     0       4.2846231812E-005
#    -28     1       1.4337708523E-004
#    -28     2       1.1759477288E-004
#    -28     3       2.7999848082E-005
#    -28     4       6.1192546964E-006
#    -28     5       9.3135379026E-005
#    -28     6       1.7981512535E-004
#    -28     7       9.1138060784E-005
#    -28     8       1.9410856525E-005
#    -28     9       8.5578957775E-007
#    -28    10       1.1711172232E-004
#    -28    11       2.7447259716E-004
#    -28    12       4.0408892453E-004
#    -28    13       1.1945184225E-004
#    -28    14       4.1161721040E-006
#    -28    15       8.9926814054E-006
#    -28    16       2.0641002695E-004
#    -28    17       2.8252313262E-005
#    -28    18       3.6125846232E-005
#    -28    19       1.4680801471E-005
#    -28    20       1.7803734028E-004
#    -28    21       2.5765084513E-004
#    -28    22       5.5626611991E-004
#    -28    23       2.1228856391E-004
#    -28    24       1.1071949809E-004
#    -28    25       1.4857382751E-004
#    -28    26       4.2697671800E-004
#    -28    27       3.7120749147E-004
#    -27   -17       1.1026870247E-004
#    -27   -16       2.0792614410E-004
#    -27   -15       1.2873446030E-004
#    -27   -14       3.7867369438E-006
#    -27   -13       1.0988647107E-004
#    -27   -12       3.8292152263E-004
#    -27   -11       4.4963376212E-004
#    -27   -10       1.3424857255E-004
#    -27    -9       1.7565022669E-005
#    -27    -8       1.0292941588E-004
#    -27    -7       1.6547402338E-004
#    -27    -6       9.5547670599E-005
#    -27    -5       4.4205630816E-005
#    -27    -4       2.0362338945E-006
#    -27    -3       6.9680453839E-005
#    -27    -2       7.2765673902E-005
#    -27    -1       9.2683401919E-005
#    -27     0       4.4582719101E-005
#    -27     1       7.1638555210E-006
#    -27     2       5.6779219453E-005
#    -27     3       1.3550788012E-004
#    -27     4       7.3274115932E-005
#    -27     5       9.0487468863E-005
#    -27     6       1.0665928347E-005
#    -27     7       4.7971978279E-005
#    -27     8       8.3078374895E-005
#    -27     9       1.4663753606E-004
#    -27    10       1.5726469559E-004
#    -27    11       2.8367362647E-005
#    -27    12       1.5398722505E-004
#    -27    13       4.8430013533E-004
#    -27    14       4.2103933904E-004
#    -27    15       6.9328211612E-005
#    -27    16       7.0615548100E-005
#    -27    17       7.2930081903E-005
#    -27    18       5.3956701856E-005
#    -27    19       6.8233515546E-005
#    -27    20       1.0506119653E-004
#    -27    21       8.6748282329E-005
#    -27    22       3.6905147845E-004
#    -27    23       5.5440652189E-004
#    -27    24       3.5082742977E-004
#    -27    25       2.2612158153E-004
#    -27    26       6.7986550681E-006
#    -27    27       1.0233843929E-004
#    -26   -18       6.8726079538E-005
#    -26   -17       2.4428763528E-004
#    -26   -16       9.5207870572E-005
#    -26   -15       4.8725389564E-005
#    -26   -14       7.1332653971E-005
#    -26   -13       3.2327490660E-004
#    -26   -12       3.4312751220E-004
#    -26   -11       2.5861700223E-004
#    -26   -10       4.9667425463E-005
#    -26    -9       4.3641003965E-005
#    -26    -8       1.3168027320E-004
#    -26    -7       1.3137332852E-004
#    -26    -6       3.7603740741E-005
#    -26    -5       2.8075057350E-005
#    -26    -4       1.7212429219E-005
#    -26    -3       2.3951563654E-005
#    -26    -2       1.7584990718E-004
#    -26    -1       7.4242266589E-005
#    -26     0       1.7598355697E-005
#    -26     1       3.9287546791E-005
#    -26     2       7.8339745799E-007
#    -26     3       3.7429841317E-005
#    -26     4       1.0677200308E-004
#    -26     5       7.3821566836E-005
#    -26     6       9.0715165961E-006
#    -26     7       7.8487902158E-005
#    -26     8       2.4213598758E-004
#    -26     9       1.4670119896E-004
#    -26    10       6.1234489946E-005
#    -26    11       1.1957455192E-004
#    -26    12       3.9196927822E-004
#    -26    13       4.0905494257E-004
#    -26    14       8.7529189141E-005
#    -26    15       2.1308119834E-005
#    -26    16       3.7939488815E-005
#    -26    17       2.3900495978E-006
#    -26    18       1.9565311373E-004
#    -26    19       1.5282417397E-004
#    -26    20       3.1765106749E-005
#    -26    21       9.3399986562E-006
#    -26    22       2.6433762110E-004
#    -26    23       4.8158999216E-004
#    -26    24       3.0717929044E-004
#    -26    25       5.5739694645E-005
#    -26    26       1.2867105787E-004
#    -26    27       1.1835784638E-004
#    -25   -19       8.1514088176E-007
#    -25   -18       3.2538306346E-006
#    -25   -17       3.1720219160E-007
#    -25   -16       7.6353810133E-006
#    -25   -15       1.0680768111E-003
#    -25   -14       1.5856506901E-005
#    -25   -13       1.1789735868E-006
#    -25   -12       8.4959832232E-007
#    -25   -11       1.2477905722E-005
#    -25   -10       1.0821409580E-003
#    -25    -9       1.0363566681E-006
#    -25    -8       4.9164988644E-006
#    -25    -7       1.8759285855E-007
#    -25    -6       8.0160459200E-006
#    -25    -5       1.1799875865E-003
#    -25    -4       5.3204160766E-006
#    -25    -3       2.8804904162E-006
#    -25    -2       5.4785625731E-005
#    -25    -1       1.5325890273E-007
#    -25     0       2.5649852813E-003
#    -25     1       1.0149960216E-005
#    -25     2       2.8144648018E-006
#    -25     3       3.7518727272E-005
#    -25     4       1.9892318134E-005
#    -25     5       3.5387260480E-003
#    -25     6       1.2723931241E-005
#    -25     7       5.5479965170E-006
#    -25     8       3.0673975455E-006
#    -25     9       1.6117878962E-005
#    -25    10       5.4353317871E-003
#    -25    11       1.2159035421E-005
#    -25    12       1.2939989942E-005
#    -25    13       1.3784737079E-006
#    -25    14       1.3467395849E-005
#    -25    15       3.9836208361E-003
#    -25    16       8.1409439378E-005
#    -25    17       2.3323765093E-005
#    -25    18       2.8524775576E-005
#    -25    19       9.7622897127E-005
#    -25    20       2.2722090509E-003
#    -25    21       1.9058965689E-005
#    -25    22       1.6893586936E-005
#    -25    23       2.4457876736E-005
#    -25    24       5.0205135942E-005
#    -25    25       6.8414572428E-004
#    -25    26       1.2907789719E-004
#    -25    27       2.6799478291E-005
#    -24   -20       2.9343853263E-006
#    -24   -19       2.0267996393E-004
#    -24   -18       2.2760798375E-004
#    -24   -17       2.5407595065E-004
#    -24   -16       1.1851120356E-004
#    -24   -15       4.6479449953E-005
#    -24   -14       4.0329551535E-004
#    -24   -13       4.6467957636E-004
#    -24   -12       1.9095061335E-004
#    -24   -11       3.8250719136E-005
#    -24   -10       1.0830119345E-005
#    -24    -9       7.0862674284E-005
#    -24    -8       1.3982417740E-004
#    -24    -7       5.7449310805E-005
#    -24    -6       1.3841847895E-005
#    -24    -5       2.7158909420E-005
#    -24    -4       3.0255760397E-005
#    -24    -3       7.6741678775E-005
#    -24    -2       9.2868478144E-006
#    -24    -1       2.3839066298E-005
#    -24     0       4.5493862833E-007
#    -24     1       2.1206819882E-004
#    -24     2       1.4743229327E-004
#    -24     3       1.5298237737E-004
#    -24     4       1.3439403557E-005
#    -24     5       3.7098125099E-006
#    -24     6       6.1049084838E-005
#    -24     7       1.2419485529E-005
#    -24     8       3.0692524122E-006
#    -24     9       5.6736124326E-005
#    -24    10       1.6539271458E-005
#    -24    11       6.7979887660E-005
#    -24    12       5.1671705032E-004
#    -24    13       3.0699330515E-004
#    -24    14       1.2607031371E-004
#    -24    15       2.9566068716E-005
#    -24    16       1.9251086133E-004
#    -24    17       4.0187203437E-005
#    -24    18       1.2437295931E-004
#    -24    19       3.5286329111E-005
#    -24    20       2.2550599709E-004
#    -24    21       5.0888238109E-004
#    -24    22       6.6972147036E-004
#    -24    23       2.1318934605E-004
#    -24    24       1.5604402144E-004
#    -24    25       2.2827198350E-004
#    -24    26       7.6016544807E-004
#    -23   -20       8.2208700887E-005
#    -23   -19       2.4981122923E-004
#    -23   -18       3.1127082483E-004
#    -23   -17       1.1518992488E-004
#    -23   -16       3.9276141981E-005
#    -23   -15       1.8116455445E-004
#    -23   -14       4.3167243210E-004
#    -23   -13       4.4949346040E-004
#    -23   -12       1.0841026741E-004
#    -23   -11       1.2098772494E-005
#    -23   -10       1.0405676061E-004
#    -23    -9       5.6654650505E-005
#    -23    -8       8.6909986685E-005
#    -23    -7       2.2577800268E-005
#    -23    -6       2.8618120431E-006
#    -23    -5       7.1198518145E-005
#    -23    -4       8.8706130175E-005
#    -23    -3       5.1947485958E-005
#    -23    -2       3.9356929135E-005
#    -23    -1       2.2201530119E-005
#    -23     0       1.2995133954E-004
#    -23     1       4.9297346309E-004
#    -23     2       4.9145899076E-004
#    -23     3       1.0391311329E-004
#    -23     4       1.1022345586E-004
#    -23     5       3.3202136587E-005
#    -23     6       4.6436280891E-005
#    -23     7       1.6705819873E-004
#    -23     8       2.1472981919E-005
#    -23     9       4.5251495265E-005
#    -23    10       1.4980578385E-004
#    -23    11       5.3325816632E-004
#    -23    12       5.6639728400E-004
#    -23    13       2.8664999672E-004
#    -23    14       1.4874668430E-005
#    -23    15       1.1156013369E-004
#    -23    16       2.5228277761E-004
#    -23    17       2.0009501105E-004
#    -23    18       1.4182073132E-004
#    -23    19       4.1841705665E-005
#    -23    20       3.7418527142E-004
#    -23    21       2.1606293252E-004
#    -23    22       8.0757371695E-004
#    -23    23       2.9142633335E-004
#    -23    24       6.4452628410E-005
#    -23    25       1.8904315981E-004
#    -23    26       2.3362255798E-004
#    -22   -21       3.4398120649E-005
#    -22   -20       5.7824875519E-005
#    -22   -19       1.2359106543E-005
#    -22   -18       1.9831134477E-004
#    -22   -17       3.3456089379E-004
#    -22   -16       4.5673018514E-004
#    -22   -15       2.2408945885E-004
#    -22   -14       3.0548656443E-008
#    -22   -13       7.8147105300E-005
#    -22   -12       1.7894425031E-004
#    -22   -11       2.0209894515E-004
#    -22   -10       4.1196708041E-005
#    -22    -9       9.1836898944E-006
#    -22    -8       4.9613051826E-006
#    -22    -7       1.3545089027E-004
#    -22    -6       1.1864018338E-004
#    -22    -5       8.0360216138E-005
#    -22    -4       2.6673299433E-005
#    -22    -3       5.7842488074E-006
#    -22    -2       1.5795848619E-004
#    -22    -1       6.2985821784E-004
#    -22     0       3.4249734737E-004
#    -22     1       3.9764044653E-005
#    -22     2       3.3060802083E-004
#    -22     3       3.7382159401E-005
#    -22     4       6.1162554466E-005
#    -22     5       5.0802830870E-005
#    -22     6       9.5231453416E-006
#    -22     7       9.7851128704E-005
#    -22     8       3.2776301294E-004
#    -22     9       5.6778696789E-004
#    -22    10       3.7581465274E-004
#    -22    11       8.2141563089E-005
#    -22    12       1.5318848426E-004
#    -22    13       8.9975762443E-004
#    -22    14       8.4048376066E-004
#    -22    15       2.5494045069E-004
#    -22    16       1.5606307779E-004
#    -22    17       2.7644249738E-004
#    -22    18       2.4152159589E-004
#    -22    19       2.8249757093E-004
#    -22    20       2.1148015538E-004
#    -22    21       5.4480636620E-005
#    -22    22       2.6277349563E-004
#    -22    23       1.0766901307E-004
#    -22    24       7.5687974926E-004
#    -22    25       2.7390508098E-004
#    -22    26       1.8614062588E-005
#    -21   -22       7.6690922356E-005
#    -21   -21       1.4016441380E-004
#    -21   -20       8.2224649699E-005
#    -21   -19       5.4546304071E-005
#    -21   -18       3.1961156394E-004
#    -21   -17       6.2674187419E-004
#    -21   -16       1.8678847793E-004
#    -21   -15       5.2985834583E-005
#    -21   -14       7.4790234283E-005
#    -21   -13       1.9599705327E-004
#    -21   -12       1.5754734633E-004
#    -21   -11       1.2349440280E-004
#    -21   -10       3.6251923100E-005
#    -21    -9       9.9671188623E-006
#    -21    -8       4.1523643268E-005
#    -21    -7       1.1850252305E-004
#    -21    -6       1.0042952821E-004
#    -21    -5       5.8685507404E-005
#    -21    -4       2.6610662289E-006
#    -21    -3       2.5619973952E-004
#    -21    -2       4.0002627232E-004
#    -21    -1       4.4623996926E-004
#    -21     0       2.8125712834E-005
#    -21     1       6.7165274888E-005
#    -21     2       1.3477253312E-004
#    -21     3       1.1620607134E-004
#    -21     4       3.1210825440E-005
#    -21     5       1.0599371994E-004
#    -21     6       5.0076676816E-005
#    -21     7       3.7204383993E-004
#    -21     8       7.4592132687E-004
#    -21     9       3.6286664706E-004
#    -21    10       1.5577648348E-004
#    -21    11       4.5630058902E-004
#    -21    12       7.2929825872E-004
#    -21    13       8.7117766060E-004
#    -21    14       5.5763249598E-004
#    -21    15       1.8698481705E-005
#    -21    16       7.4259694878E-005
#    -21    17       2.3800990634E-004
#    -21    18       2.4828844819E-004
#    -21    19       6.8051486543E-005
#    -21    20       1.0701765499E-004
#    -21    21       9.5116192118E-005
#    -21    22       4.5178002713E-004
#    -21    23       6.9036493106E-004
#    -21    24       1.2056770228E-004
#    -21    25       3.7082115443E-005
#    -20   -22       3.7890789371E-006
#    -20   -21       1.6214898175E-006
#    -20   -20       7.2977325683E-004
#    -20   -19       1.6585592373E-005
#    -20   -18       6.2663986206E-006
#    -20   -17       2.4008554354E-006
#    -20   -16       4.3522670571E-006
#    -20   -15       1.2029040885E-003
#    -20   -14       2.3092065943E-005
#    -20   -13       2.6111677620E-006
#    -20   -12       1.3512928086E-007
#    -20   -11       4.9894477263E-006
#    -20   -10       8.7260994348E-004
#    -20    -9       3.0229543001E-006
#    -20    -8       8.0503627681E-006
#    -20    -7       1.9870478935E-005
#    -20    -6       2.6434280584E-005
#    -20    -5       3.4383490353E-003
#    -20    -4       1.4208623786E-005
#    -20    -3       9.7494315416E-007
#    -20    -2       4.4573160998E-005
#    -20    -1       1.4288814168E-005
#    -20     0       1.3291794828E-002
#    -20     1       1.7987997267E-005
#    -20     2       9.2839986201E-006
#    -20     3       3.2699975113E-005
#    -20     4       1.0482358039E-005
#    -20     5       1.1142595714E-002
#    -20     6       8.7858517675E-006
#    -20     7       2.8723563694E-006
#    -20     8       8.3288871561E-006
#    -20     9       1.8640063128E-005
#    -20    10       5.2737253711E-003
#    -20    11       2.0122273805E-006
#    -20    12       5.8927428601E-005
#    -20    13       9.3106332577E-006
#    -20    14       1.1910259233E-005
#    -20    15       8.3443650306E-004
#    -20    16       8.8624165590E-005
#    -20    17       4.2459935882E-006
#    -20    18       8.8064973118E-006
#    -20    19       7.3101199731E-005
#    -20    20       2.8085498218E-003
#    -20    21       1.3932406521E-004
#    -20    22       3.6660268445E-005
#    -20    23       2.4559042246E-005
#    -20    24       2.0384938382E-004
#    -20    25       2.6534477550E-003
#    -19   -23       8.6333808329E-005
#    -19   -22       1.3246238030E-004
#    -19   -21       2.3127411413E-005
#    -19   -20       3.6402682671E-005
#    -19   -19       2.0123669228E-004
#    -19   -18       3.8560653329E-004
#    -19   -17       4.1461740882E-004
#    -19   -16       1.2006684926E-004
#    -19   -15       4.1366170795E-005
#    -19   -14       1.5451234242E-004
#    -19   -13       1.6348371035E-004
#    -19   -12       1.9568276051E-005
#    -19   -11       1.6089946226E-005
#    -19   -10       2.6411107506E-006
#    -19    -9       4.5714127178E-005
#    -19    -8       5.7469918297E-005
#    -19    -7       9.0486496187E-005
#    -19    -6       8.3639391341E-005
#    -19    -5       9.6067233112E-006
#    -19    -4       8.3209086262E-005
#    -19    -3       2.2696044359E-004
#    -19    -2       7.4856330766E-005
#    -19    -1       5.9510685082E-005
#    -19     0       1.4615798920E-005
#    -19     1       2.1646328398E-004
#    -19     2       2.0529658347E-004
#    -19     3       1.0702514592E-004
#    -19     4       1.3654282546E-005
#    -19     5       6.7711931399E-006
#    -19     6       9.3779139586E-005
#    -19     7       1.4452232307E-004
#    -19     8       1.8000055526E-004
#    -19     9       6.4248880901E-006
#    -19    10       1.1013566682E-004
#    -19    11       2.6377482799E-004
#    -19    12       2.7745782141E-004
#    -19    13       5.3828598751E-004
#    -19    14       4.4058061309E-005
#    -19    15       2.0117152948E-005
#    -19    16       1.2268575699E-004
#    -19    17       6.8982537947E-004
#    -19    18       1.9466777538E-004
#    -19    19       1.6176831398E-005
#    -19    20       1.3761422264E-005
#    -19    21       6.0558352856E-005
#    -19    22       2.1527893296E-004
#    -19    23       2.2494169965E-004
#    -19    24       5.9454220064E-005
#    -19    25       3.1567974157E-004
#    -18   -23       1.4864415899E-004
#    -18   -22       5.8390759566E-005
#    -18   -21       1.1778396150E-005
#    -18   -20       1.4782594811E-004
#    -18   -19       4.4175126698E-004
#    -18   -18       2.8537867435E-004
#    -18   -17       9.0644224124E-005
#    -18   -16       2.9937426361E-005
#    -18   -15       7.0094552845E-005
#    -18   -14       1.8090521355E-004
#    -18   -13       1.4396984142E-004
#    -18   -12       4.4168079969E-005
#    -18   -11       9.4863023273E-006
#    -18   -10       1.1649134296E-004
#    -18    -9       1.0426454056E-004
#    -18    -8       7.6711161062E-005
#    -18    -7       5.6294109719E-005
#    -18    -6       3.7480089887E-005
#    -18    -5       4.7086646774E-005
#    -18    -4       6.6564642193E-005
#    -18    -3       2.4198860647E-005
#    -18    -2       1.0087164346E-005
#    -18    -1       8.5856147650E-005
#    -18     0       1.8250586311E-004
#    -18     1       6.0090054654E-004
#    -18     2       9.7359078429E-004
#    -18     3       3.0141662265E-004
#    -18     4       1.1425855473E-004
#    -18     5       1.6737134638E-004
#    -18     6       2.7822477437E-004
#    -18     7       6.2522289985E-004
#    -18     8       2.3110652761E-004
#    -18     9       1.5126375807E-005
#    -18    10       1.0920875070E-004
#    -18    11       8.6372878831E-005
#    -18    12       7.2602071265E-005
#    -18    13       5.7409380923E-005
#    -18    14       2.3786401357E-004
#    -18    15       2.1382401581E-004
#    -18    16       4.5518196614E-004
#    -18    17       1.8757575458E-004
#    -18    18       2.4381953756E-005
#    -18    19       1.0872940827E-004
#    -18    20       9.0397840125E-005
#    -18    21       1.0307933513E-004
#    -18    22       4.4319309004E-004
#    -18    23       1.4559134567E-004
#    -18    24       6.5871122260E-006
#    -17   -24       3.1119871560E-005
#    -17   -23       1.7033120764E-004
#    -17   -22       3.5966698325E-004
#    -17   -21       1.9640923874E-004
#    -17   -20       9.4049709631E-005
#    -17   -19       2.7508130539E-005
#    -17   -18       1.5445488296E-004
#    -17   -17       2.6354859358E-004
#    -17   -16       2.4348614379E-004
#    -17   -15       6.0981767315E-005
#    -17   -14       1.3151138876E-005
#    -17   -13       1.4233653041E-005
#    -17   -12       2.0959918363E-004
#    -17   -11       2.9455729481E-004
#    -17   -10       8.0892232732E-005
#    -17    -9       4.2400361778E-005
#    -17    -8       1.0014260249E-004
#    -17    -7       4.0352974645E-006
#    -17    -6       5.3723513271E-005
#    -17    -5       2.8015592853E-005
#    -17    -4       3.0130457434E-005
#    -17    -3       2.5629580063E-005
#    -17    -2       2.0784212102E-004
#    -17    -1       9.0976653215E-004
#    -17     0       5.2323762806E-004
#    -17     1       1.2075373939E-004
#    -17     2       7.5468853382E-004
#    -17     3       5.7019971644E-004
#    -17     4       9.1947831374E-004
#    -17     5       3.2262086806E-004
#    -17     6       5.5811817919E-005
#    -17     7       4.5946001504E-004
#    -17     8       1.1356419426E-003
#    -17     9       4.2563791286E-004
#    -17    10       1.5148126074E-004
#    -17    11       3.6239346289E-005
#    -17    12       5.2075933516E-005
#    -17    13       7.3963698615E-005
#    -17    14       6.8083128973E-005
#    -17    15       1.1971499176E-005
#    -17    16       8.1186360116E-005
#    -17    17       2.7511840294E-005
#    -17    18       1.8635852540E-005
#    -17    19       1.1300843280E-004
#    -17    20       2.2813887832E-005
#    -17    21       1.1017712028E-006
#    -17    22       1.8690793832E-005
#    -17    23       3.4548308444E-004
#    -17    24       5.4367848490E-004
#    -16   -24       1.8185904012E-005
#    -16   -23       2.2650838398E-004
#    -16   -22       3.3044397476E-004
#    -16   -21       2.9463642250E-004
#    -16   -20       6.0239937872E-005
#    -16   -19       8.0469623862E-005
#    -16   -18       2.6155485486E-004
#    -16   -17       3.2743731463E-004
#    -16   -16       1.1933281423E-005
#    -16   -15       2.0148169260E-005
#    -16   -14       7.8592812504E-006
#    -16   -13       1.6488052515E-004
#    -16   -12       3.2226401024E-004
#    -16   -11       3.7944868400E-004
#    -16   -10       7.8194712901E-005
#    -16    -9       1.4671883565E-005
#    -16    -8       1.9849050090E-005
#    -16    -7       1.1387330664E-004
#    -16    -6       1.1939342599E-004
#    -16    -5       7.2792539147E-005
#    -16    -4       8.6264103765E-006
#    -16    -3       4.0302869154E-004
#    -16    -2       1.0323010771E-003
#    -16    -1       1.8240282073E-003
#    -16     0       3.0155174288E-004
#    -16     1       5.4727008900E-004
#    -16     2       1.5967333048E-003
#    -16     3       1.5993357559E-003
#    -16     4       8.8429924409E-004
#    -16     5       3.3895798710E-004
#    -16     6       3.4432341860E-004
#    -16     7       7.0871034479E-004
#    -16     8       8.0376818532E-004
#    -16     9       1.8341657081E-005
#    -16    10       5.8133503511E-007
#    -16    11       1.8148989422E-004
#    -16    12       1.5953906668E-004
#    -16    13       3.8106873686E-005
#    -16    14       1.8979211065E-005
#    -16    15       1.5944302029E-005
#    -16    16       4.3158277394E-005
#    -16    17       4.6160222558E-005
#    -16    18       3.2212328027E-004
#    -16    19       1.0075995371E-004
#    -16    20       1.2312526857E-004
#    -16    21       1.0889997884E-004
#    -16    22       2.2648522343E-004
#    -16    23       6.1793244135E-004
#    -15   -25       3.7389648125E-004
#    -15   -24       5.9105435908E-006
#    -15   -23       6.2478432739E-006
#    -15   -22       2.6095015719E-006
#    -15   -21       2.3043304062E-005
#    -15   -20       1.0069962074E-003
#    -15   -19       2.8771337920E-005
#    -15   -18       3.5839040875E-007
#    -15   -17       7.2982636609E-006
#    -15   -16       2.3218777942E-005
#    -15   -15       7.9102150564E-004
#    -15   -14       3.5706896097E-005
#    -15   -13       5.3042235029E-006
#    -15   -12       2.8126546540E-005
#    -15   -11       1.6856460970E-005
#    -15   -10       4.7016460181E-003
#    -15    -9       1.2017618432E-005
#    -15    -8       4.3464472841E-006
#    -15    -7       6.9643122365E-006
#    -15    -6       4.3436183231E-006
#    -15    -5       1.0878016674E-002
#    -15    -4       2.5313464353E-005
#    -15    -3       6.8067269195E-006
#    -15    -2       8.7386271704E-005
#    -15    -1       4.5313170161E-006
#    -15     0       1.4237095974E-002
#    -15     1       1.0242870704E-004
#    -15     2       1.8252437055E-006
#    -15     3       8.0157030941E-006
#    -15     4       5.3394250591E-005
#    -15     5       1.9270540222E-002
#    -15     6       1.3661405843E-005
#    -15     7       8.9112390616E-006
#    -15     8       3.9673802285E-005
#    -15     9       1.7843230414E-005
#    -15    10       1.1211896538E-002
#    -15    11       2.3353483204E-005
#    -15    12       8.3907236416E-005
#    -15    13       5.8217308304E-005
#    -15    14       2.5027853192E-005
#    -15    15       1.5525266277E-002
#    -15    16       3.9909898077E-006
#    -15    17       6.1308011339E-006
#    -15    18       2.5880245869E-005
#    -15    19       3.6016944977E-005
#    -15    20       8.3994178579E-004
#    -15    21       1.5652406020E-004
#    -15    22       9.6980795734E-006
#    -15    23       3.3874687862E-005
#    -14   -25       9.9377842674E-005
#    -14   -24       3.3027669722E-004
#    -14   -23       3.0139555334E-004
#    -14   -22       2.4886823792E-004
#    -14   -21       1.6087263440E-005
#    -14   -20       7.6791585056E-005
#    -14   -19       1.3046548067E-004
#    -14   -18       6.1576736664E-005
#    -14   -17       9.0351220340E-005
#    -14   -16       3.4712282065E-005
#    -14   -15       1.6756621923E-005
#    -14   -14       3.9051445280E-004
#    -14   -13       7.1817215266E-004
#    -14   -12       3.0396129251E-004
#    -14   -11       6.8408777226E-005
#    -14   -10       2.1877545225E-005
#    -14    -9       2.0232144913E-004
#    -14    -8       3.2756993651E-004
#    -14    -7       2.7242816835E-004
#    -14    -6       1.0627111294E-004
#    -14    -5       2.1278610183E-005
#    -14    -4       1.8936943071E-004
#    -14    -3       1.2643903356E-003
#    -14    -2       1.3681057670E-003
#    -14    -1       4.3805168161E-004
#    -14     0       5.4599582740E-004
#    -14     1       6.2113790381E-004
#    -14     2       8.6012389723E-004
#    -14     3       5.0532999588E-004
#    -14     4       7.5859107631E-005
#    -14     5       3.5075016961E-005
#    -14     6       1.7655906356E-004
#    -14     7       3.0348898182E-004
#    -14     8       7.0048319677E-005
#    -14     9       1.0120681196E-005
#    -14    10       2.8574349326E-004
#    -14    11       6.2276830456E-004
#    -14    12       6.3829617048E-004
#    -14    13       3.7006164473E-004
#    -14    14       1.2872068440E-005
#    -14    15       1.2294300268E-005
#    -14    16       1.5863871556E-004
#    -14    17       9.6108626107E-004
#    -14    18       2.8212601196E-004
#    -14    19       1.3384708901E-005
#    -14    20       7.2550728389E-005
#    -14    21       4.7107372853E-004
#    -14    22       8.3626025083E-004
#    -13   -26       2.6195782144E-005
#    -13   -25       9.0453713895E-005
#    -13   -24       2.7361399298E-004
#    -13   -23       4.9000570046E-004
#    -13   -22       6.2718448130E-005
#    -13   -21       8.1535717285E-006
#    -13   -20       4.1152672313E-005
#    -13   -19       1.2575044917E-004
#    -13   -18       5.9798723888E-006
#    -13   -17       1.0642273242E-005
#    -13   -16       7.0815298668E-006
#    -13   -15       3.5250869669E-005
#    -13   -14       2.1101268365E-004
#    -13   -13       6.8004148604E-004
#    -13   -12       1.4817864129E-004
#    -13   -11       5.9499654582E-006
#    -13   -10       1.8418055399E-004
#    -13    -9       3.8995994020E-004
#    -13    -8       4.9838600620E-004
#    -13    -7       1.3211722182E-004
#    -13    -6       7.5360357920E-005
#    -13    -5       1.4825706095E-004
#    -13    -4       8.8575540054E-004
#    -13    -3       1.1529558349E-003
#    -13    -2       4.4498794054E-004
#    -13    -1       7.6899460729E-006
#    -13     0       4.8401142482E-004
#    -13     1       2.6285698798E-004
#    -13     2       3.2658547585E-005
#    -13     3       7.8207405806E-006
#    -13     4       9.7794130595E-006
#    -13     5       2.4246038608E-004
#    -13     6       7.7155862271E-004
#    -13     7       9.2158540491E-004
#    -13     8       1.6131468498E-004
#    -13     9       1.1779996214E-004
#    -13    10       5.1654423452E-004
#    -13    11       1.3017610120E-003
#    -13    12       8.3322113240E-004
#    -13    13       1.0445301251E-004
#    -13    14       1.1836338734E-004
#    -13    15       3.0723676178E-004
#    -13    16       9.6157425638E-004
#    -13    17       2.8743022155E-004
#    -13    18       5.4908375579E-005
#    -13    19       1.5292300274E-004
#    -13    20       2.6300610775E-005
#    -13    21       5.9392688510E-004
#    -12   -26       2.1902389163E-004
#    -12   -25       2.0953989270E-004
#    -12   -24       3.3569634293E-005
#    -12   -23       1.0097498618E-004
#    -12   -22       4.1220312424E-004
#    -12   -21       2.4334911924E-004
#    -12   -20       3.9586905013E-005
#    -12   -19       5.5875017766E-006
#    -12   -18       5.1690974794E-007
#    -12   -17       9.2830768638E-006
#    -12   -16       3.2319744280E-004
#    -12   -15       7.3894810158E-005
#    -12   -14       3.2596240113E-005
#    -12   -13       9.2676674578E-005
#    -12   -12       3.4518574375E-004
#    -12   -11       6.4253512986E-004
#    -12   -10       1.7845580914E-004
#    -12    -9       1.0662606054E-004
#    -12    -8       2.2331252098E-004
#    -12    -7       8.7856348284E-005
#    -12    -6       2.9749710188E-004
#    -12    -5       1.5557267223E-004
#    -12    -4       1.1601373232E-004
#    -12    -3       2.6568716376E-004
#    -12    -2       8.0431206949E-004
#    -12    -1       1.7868840764E-004
#    -12     0       1.5282710324E-005
#    -12     1       1.6077795308E-005
#    -12     2       3.2465689374E-004
#    -12     3       5.4305137080E-004
#    -12     4       1.4457039283E-003
#    -12     5       8.6546032437E-004
#    -12     6       5.5622367986E-005
#    -12     7       7.1145191436E-004
#    -12     8       1.5099621608E-003
#    -12     9       1.1694721344E-003
#    -12    10       5.2600235416E-004
#    -12    11       1.1025880051E-005
#    -12    12       1.3876558973E-004
#    -12    13       3.4649567651E-004
#    -12    14       4.8022762440E-004
#    -12    15       2.4938812650E-004
#    -12    16       1.1956456391E-005
#    -12    17       2.1349703097E-004
#    -12    18       8.5836445763E-005
#    -12    19       4.8316308163E-004
#    -12    20       4.4872754222E-004
#    -12    21       3.2415300122E-004
#    -11   -26       8.4464371975E-005
#    -11   -25       5.4713802102E-005
#    -11   -24       1.7827380326E-005
#    -11   -23       4.6490268476E-004
#    -11   -22       5.8116694098E-004
#    -11   -21       1.9013665547E-004
#    -11   -20       1.9565113572E-005
#    -11   -19       8.7052423479E-006
#    -11   -18       2.3694134862E-005
#    -11   -17       4.3431870130E-005
#    -11   -16       1.8922488169E-004
#    -11   -15       9.3390389734E-005
#    -11   -14       1.5360088482E-005
#    -11   -13       3.8110838057E-004
#    -11   -12       5.3948337717E-004
#    -11   -11       9.6395909055E-004
#    -11   -10       2.7840801090E-004
#    -11    -9       1.0290330504E-004
#    -11    -8       4.1187594502E-004
#    -11    -7       5.7104561439E-004
#    -11    -6       6.8791884561E-004
#    -11    -5       3.8326551944E-004
#    -11    -4       1.9861175628E-004
#    -11    -3       2.1795192608E-004
#    -11    -2       4.3853538950E-006
#    -11    -1       3.1406665009E-004
#    -11     0       1.2689729052E-004
#    -11     1       5.2584993494E-004
#    -11     2       1.9644870992E-003
#    -11     3       2.7899812174E-003
#    -11     4       1.9013516374E-003
#    -11     5       9.1524155729E-004
#    -11     6       7.1039050671E-004
#    -11     7       1.3815908360E-003
#    -11     8       1.7384888799E-003
#    -11     9       7.9697946900E-004
#    -11    10       2.1771809553E-004
#    -11    11       2.8922675595E-005
#    -11    12       4.9921641665E-004
#    -11    13       5.8794587034E-004
#    -11    14       8.6651971273E-004
#    -11    15       3.3454162089E-004
#    -11    16       1.7305220711E-004
#    -11    17       3.5091418751E-004
#    -11    18       6.7139073270E-004
#    -11    19       9.0105643428E-004
#    -11    20       2.8913590867E-004
#    -10   -27       1.9743314065E-005
#    -10   -26       6.6770702622E-007
#    -10   -25       8.5731933887E-004
#    -10   -24       2.8302513826E-005
#    -10   -23       3.8627039909E-006
#    -10   -22       4.4640331478E-006
#    -10   -21       3.6517076973E-005
#    -10   -20       1.0509121759E-004
#    -10   -19       3.6447662298E-006
#    -10   -18       1.5309861503E-005
#    -10   -17       7.0690422585E-006
#    -10   -16       4.3495534727E-005
#    -10   -15       4.4790519557E-003
#    -10   -14       2.6777454836E-005
#    -10   -13       1.2772658828E-006
#    -10   -12       7.4983567272E-005
#    -10   -11       3.0112680646E-005
#    -10   -10       4.3558579327E-003
#    -10    -9       5.1027467605E-005
#    -10    -8       9.0356838957E-007
#    -10    -7       2.7587505577E-005
#    -10    -6       1.4821677096E-005
#    -10    -5       1.8719149082E-002
#    -10    -4       6.8917176055E-006
#    -10    -3       2.9682362511E-007
#    -10    -2       1.2095647729E-004
#    -10    -1       4.5240230943E-005
#    -10     0       2.2364151556E-002
#    -10     1       8.1393439994E-005
#    -10     2       2.3415205140E-006
#    -10     3       1.7940722746E-005
#    -10     4       4.1785299853E-005
#    -10     5       5.6910206008E-003
#    -10     6       3.9381407254E-005
#    -10     7       2.6380300094E-005
#    -10     8       2.3494759510E-005
#    -10     9       6.1597704561E-005
#    -10    10       1.6160635606E-002
#    -10    11       8.8673016587E-005
#    -10    12       5.5962074043E-005
#    -10    13       3.3689342335E-005
#    -10    14       7.6948858330E-006
#    -10    15       1.3277271579E-002
#    -10    16       8.3256595078E-005
#    -10    17       1.7196588064E-005
#    -10    18       7.4973375139E-005
#    -10    19       1.5423829494E-004
#     -9   -27       1.3197091683E-004
#     -9   -26       2.0557643153E-004
#     -9   -25       5.8236745033E-005
#     -9   -24       3.7076770286E-004
#     -9   -23       7.3702509255E-004
#     -9   -22       3.9155307616E-004
#     -9   -21       7.1857236126E-005
#     -9   -20       2.9888684125E-005
#     -9   -19       9.6236961689E-005
#     -9   -18       1.0346313675E-004
#     -9   -17       3.0228570438E-005
#     -9   -16       6.8435190507E-006
#     -9   -15       1.0718252216E-005
#     -9   -14       6.2467662364E-004
#     -9   -13       9.8702435587E-004
#     -9   -12       8.5439864538E-004
#     -9   -11       3.9951966949E-004
#     -9   -10       4.4093882661E-005
#     -9    -9       2.0892097835E-004
#     -9    -8       8.5972196233E-004
#     -9    -7       7.9745545080E-004
#     -9    -6       4.3310124753E-005
#     -9    -5       8.4306446187E-006
#     -9    -4       2.7291827701E-005
#     -9    -3       7.2962985472E-004
#     -9    -2       1.6670015750E-003
#     -9    -1       5.8617773516E-004
#     -9     0       5.3574193938E-004
#     -9     1       1.9354133087E-003
#     -9     2       2.4269090623E-003
#     -9     3       1.3187820347E-003
#     -9     4       3.5969704216E-004
#     -9     5       2.3738050624E-004
#     -9     6       5.6301225488E-004
#     -9     7       8.1069449110E-004
#     -9     8       4.0551016785E-004
#     -9     9       1.4722457418E-004
#     -9    10       3.4128132067E-005
#     -9    11       3.7431929110E-004
#     -9    12       3.0516200422E-004
#     -9    13       1.8035122605E-004
#     -9    14       6.6458008692E-005
#     -9    15       2.7731435912E-004
#     -9    16       6.6669205488E-004
#     -9    17       1.7042155849E-003
#     -9    18       3.7694736884E-004
#     -9    19       1.6538667217E-004
#     -8   -27       1.3105001869E-004
#     -8   -26       1.7620594296E-005
#     -8   -25       1.0995581244E-004
#     -8   -24       5.1118820851E-004
#     -8   -23       3.7859866456E-004
#     -8   -22       2.4034546473E-004
#     -8   -21       2.3775499362E-005
#     -8   -20       1.4716307502E-004
#     -8   -19       7.8117369434E-005
#     -8   -18       1.2033231758E-004
#     -8   -17       1.6110922781E-004
#     -8   -16       2.9861287522E-005
#     -8   -15       1.2447954434E-004
#     -8   -14       5.5912006925E-004
#     -8   -13       1.3400756674E-003
#     -8   -12       2.8864169488E-004
#     -8   -11       1.1345330010E-004
#     -8   -10       7.8682417941E-005
#     -8    -9       6.6502560733E-004
#     -8    -8       3.0416209138E-004
#     -8    -7       2.1587656659E-004
#     -8    -6       4.7926036117E-005
#     -8    -5       2.2864132624E-004
#     -8    -4       9.6946736828E-004
#     -8    -3       1.6181231137E-003
#     -8    -2       7.3890325222E-004
#     -8    -1       2.9764581789E-005
#     -8     0       1.6402831695E-003
#     -8     1       2.1259408989E-003
#     -8     2       3.7768489063E-004
#     -8     3       6.0563268572E-004
#     -8     4       5.2483056884E-006
#     -8     5       1.1517340272E-004
#     -8     6       2.4195033911E-005
#     -8     7       4.7888025055E-004
#     -8     8       3.9655396663E-005
#     -8     9       4.6081167355E-005
#     -8    10       2.7894350273E-004
#     -8    11       5.0595496838E-004
#     -8    12       1.2875211443E-003
#     -8    13       5.8896634650E-005
#     -8    14       1.1097342271E-005
#     -8    15       4.8280541215E-004
#     -8    16       1.3306683172E-003
#     -8    17       1.2437647881E-003
#     -8    18       3.4575339344E-004
#     -7   -27       1.4728155799E-004
#     -7   -26       2.8182558241E-004
#     -7   -25       2.9273589729E-004
#     -7   -24       5.8052628523E-005
#     -7   -23       4.0865848251E-004
#     -7   -22       3.4506965068E-004
#     -7   -21       3.2352280037E-004
#     -7   -20       3.1010821449E-005
#     -7   -19       3.0147655613E-005
#     -7   -18       5.5221490060E-005
#     -7   -17       3.1687152870E-005
#     -7   -16       4.2429861795E-004
#     -7   -15       1.4239250454E-004
#     -7   -14       5.1186078745E-005
#     -7   -13       2.5432249146E-004
#     -7   -12       2.3178380234E-004
#     -7   -11       3.3894156739E-004
#     -7   -10       1.6394468905E-004
#     -7    -9       2.9849080341E-005
#     -7    -8       4.5594682334E-005
#     -7    -7       2.1999751315E-004
#     -7    -6       4.4949792266E-004
#     -7    -5       4.4996132744E-004
#     -7    -4       2.1341293713E-004
#     -7    -3       4.7928202845E-004
#     -7    -2       1.9478507980E-003
#     -7    -1       1.4718463712E-003
#     -7     0       5.3909286697E-004
#     -7     1       9.2486130468E-005
#     -7     2       3.5600241217E-005
#     -7     3       7.3247280944E-005
#     -7     4       9.7810078563E-006
#     -7     5       1.3291580430E-004
#     -7     6       3.4217126319E-005
#     -7     7       2.7170844817E-004
#     -7     8       1.5394962477E-005
#     -7     9       2.2942754916E-004
#     -7    10       4.0310010378E-004
#     -7    11       4.3509561413E-005
#     -7    12       4.0642566404E-004
#     -7    13       4.9057734414E-004
#     -7    14       4.0883375593E-004
#     -7    15       4.3774047104E-004
#     -7    16       5.9804873371E-004
#     -7    17       1.9139277256E-004
#     -6   -27       1.6322288585E-004
#     -6   -26       2.4961888293E-004
#     -6   -25       1.0732423884E-004
#     -6   -24       8.1882328197E-005
#     -6   -23       4.3687711297E-004
#     -6   -22       4.7481027208E-004
#     -6   -21       1.4495518493E-004
#     -6   -20       1.9529056632E-005
#     -6   -19       8.3846836930E-005
#     -6   -18       1.6499651943E-004
#     -6   -17       9.6767090473E-005
#     -6   -16       2.9401738101E-004
#     -6   -15       5.3965712665E-005
#     -6   -14       1.4005451394E-004
#     -6   -13       7.1203609168E-004
#     -6   -12       2.0374260163E-004
#     -6   -11       2.4182547987E-005
#     -6   -10       8.7122189376E-005
#     -6    -9       8.5022882076E-006
#     -6    -8       2.3852177100E-004
#     -6    -7       8.0784094248E-004
#     -6    -6       1.6469573929E-003
#     -6    -5       8.7896092312E-004
#     -6    -4       4.4307442437E-004
#     -6    -3       9.3216983554E-004
#     -6    -2       3.3719826124E-004
#     -6    -1       2.7480174240E-005
#     -6     0       1.1250345063E-004
#     -6     1       3.2978619793E-004
#     -6     2       1.1953708574E-003
#     -6     3       7.8799193442E-004
#     -6     4       5.2194051986E-004
#     -6     5       1.5175370327E-004
#     -6     6       1.4477897453E-004
#     -6     7       7.5092043906E-005
#     -6     8       2.6527118884E-004
#     -6     9       1.3546244903E-003
#     -6    10       1.0961658729E-003
#     -6    11       5.3729365910E-004
#     -6    12       2.1087077470E-003
#     -6    13       6.1055855355E-004
#     -6    14       3.4683485320E-004
#     -6    15       2.9116927572E-004
#     -6    16       1.3297410857E-004
#     -5   -27       1.1223921282E-005
#     -5   -26       2.5812628884E-005
#     -5   -25       1.2646299586E-003
#     -5   -24       3.7454156052E-005
#     -5   -23       4.9505390777E-006
#     -5   -22       2.7937878398E-005
#     -5   -21       2.7780987800E-005
#     -5   -20       2.1629855891E-003
#     -5   -19       1.9298905331E-005
#     -5   -18       4.4404270919E-006
#     -5   -17       1.3124872151E-005
#     -5   -16       2.5856634744E-005
#     -5   -15       8.4244853577E-004
#     -5   -14       3.6835302838E-005
#     -5   -13       9.7178931761E-006
#     -5   -12       5.4142469365E-005
#     -5   -11       5.4616358540E-005
#     -5   -10       1.1852723666E-002
#     -5    -9       4.1344772966E-005
#     -5    -8       4.2575608354E-006
#     -5    -7       1.7876268634E-005
#     -5    -6       4.4191646706E-006
#     -5    -5       5.7412894082E-003
#     -5    -4       1.9888076262E-005
#     -5    -3       1.1951186253E-005
#     -5    -2       8.0069724816E-005
#     -5    -1       9.5778315370E-005
#     -5     0       8.8822623912E-003
#     -5     1       5.9475125292E-005
#     -5     2       6.4698575761E-005
#     -5     3       3.6329286747E-005
#     -5     4       3.0719008888E-005
#     -5     5       4.0795865729E-004
#     -5     6       4.6629445879E-006
#     -5     7       7.8115179138E-005
#     -5     8       2.6983051913E-006
#     -5     9       3.6229373393E-005
#     -5    10       2.8551864652E-002
#     -5    11       8.3796201903E-005
#     -5    12       6.9278972383E-005
#     -5    13       4.8656754645E-005
#     -5    14       8.2302137475E-005
#     -5    15       1.4282039177E-002
#     -4   -28       1.8292455102E-005
#     -4   -27       6.2431119734E-005
#     -4   -26       3.6458008423E-005
#     -4   -25       4.9634317188E-005
#     -4   -24       2.4752058040E-004
#     -4   -23       4.8175857841E-004
#     -4   -22       1.7646263407E-004
#     -4   -21       3.5688691589E-005
#     -4   -20       3.2777810364E-005
#     -4   -19       1.5303717456E-004
#     -4   -18       5.0661639088E-004
#     -4   -17       2.9961851813E-004
#     -4   -16       1.8696629641E-005
#     -4   -15       9.1413127363E-005
#     -4   -14       1.0166297207E-004
#     -4   -13       1.1902672636E-005
#     -4   -12       5.4593563688E-004
#     -4   -11       3.6911936528E-004
#     -4   -10       6.9742337494E-005
#     -4    -9       6.2586377991E-004
#     -4    -8       1.7499887919E-003
#     -4    -7       1.2902521160E-003
#     -4    -6       1.6378341024E-004
#     -4    -5       2.1323956812E-004
#     -4    -4       6.2329485290E-004
#     -4    -3       1.8159244631E-006
#     -4    -2       8.1476618702E-004
#     -4    -1       1.2007737075E-004
#     -4     0       2.9331802297E-005
#     -4     1       4.2469535748E-004
#     -4     2       4.4638981588E-004
#     -4     3       1.7403650596E-004
#     -4     4       5.6862079439E-005
#     -4     5       1.7158838739E-004
#     -4     6       3.7436017362E-004
#     -4     7       9.0001882067E-004
#     -4     8       2.1380198076E-003
#     -4     9       6.5655651091E-004
#     -4    10       1.2136918826E-004
#     -4    11       2.7033525739E-003
#     -4    12       7.3384146213E-004
#     -4    13       2.5339341962E-004
#     -4    14       2.5417683720E-004
#     -3   -28       3.8282774948E-004
#     -3   -27       1.3563544875E-004
#     -3   -26       2.5034986331E-005
#     -3   -25       9.6451604284E-005
#     -3   -24       4.3221303649E-004
#     -3   -23       2.4265958034E-004
#     -3   -22       1.5095215011E-004
#     -3   -21       3.0083817193E-005
#     -3   -20       3.5069331141E-004
#     -3   -19       2.8039983672E-004
#     -3   -18       2.2435200431E-004
#     -3   -17       4.4366848390E-005
#     -3   -16       3.6734111361E-007
#     -3   -15       1.4390259258E-004
#     -3   -14       2.4593602885E-004
#     -3   -13       1.2281794444E-004
#     -3   -12       1.1876939180E-004
#     -3   -11       7.5171621035E-005
#     -3   -10       4.0333918680E-004
#     -3    -9       2.0496878370E-003
#     -3    -8       1.1969195683E-003
#     -3    -7       1.0675277233E-003
#     -3    -6       4.2208096905E-005
#     -3    -5       1.5422045484E-004
#     -3    -4       1.3512798048E-004
#     -3    -3       3.2672080981E-004
#     -3    -2       4.3742984044E-004
#     -3    -1       1.4993891868E-005
#     -3     0       5.3468998290E-004
#     -3     1       1.8517405024E-004
#     -3     2       8.4962411226E-005
#     -3     3       1.7200114562E-004
#     -3     4       2.7030754519E-005
#     -3     5       2.2882861720E-004
#     -3     6       1.2839192762E-004
#     -3     7       1.1065518944E-003
#     -3     8       4.7634443408E-004
#     -3     9       2.1862015034E-004
#     -3    10       8.6755776861E-004
#     -3    11       1.7005784462E-003
#     -3    12       1.3126539028E-004
#     -3    13       3.9755077510E-004
#     -2   -28       5.3003140361E-005
#     -2   -27       3.5848283250E-004
#     -2   -26       2.4602088514E-004
#     -2   -25       1.7825535904E-004
#     -2   -24       2.1189443132E-006
#     -2   -23       2.4243560500E-004
#     -2   -22       5.6270061339E-004
#     -2   -21       4.2689458301E-004
#     -2   -20       1.4519837941E-004
#     -2   -19       1.5124890812E-005
#     -2   -18       4.4122373374E-005
#     -2   -17       4.2801865975E-004
#     -2   -16       2.7653735755E-004
#     -2   -15       4.5948510284E-005
#     -2   -14       2.8449472624E-005
#     -2   -13       4.2275165568E-005
#     -2   -12       5.5415522483E-004
#     -2   -11       1.5712361022E-003
#     -2   -10       1.1609236763E-003
#     -2    -9       1.3175853160E-004
#     -2    -8       9.2649713358E-004
#     -2    -7       8.3388758675E-004
#     -2    -6       6.6606984215E-004
#     -2    -5       1.6158125268E-005
#     -2    -4       1.6457539476E-004
#     -2    -3       3.8254115564E-004
#     -2    -2       5.1729385252E-004
#     -2    -1       1.1324714175E-004
#     -2     0       2.5671657067E-004
#     -2     1       2.7663399855E-004
#     -2     2       2.5906489479E-004
#     -2     3       6.0613727720E-004
#     -2     4       1.3729290667E-004
#     -2     5       2.4508371456E-004
#     -2     6       2.2587201361E-004
#     -2     7       4.0771024493E-005
#     -2     8       1.9733707005E-004
#     -2     9       8.4474873029E-004
#     -2    10       5.4601558001E-004
#     -2    11       4.8091578651E-005
#     -2    12       3.2684867874E-004
#     -1   -27       2.5907508466E-004
#     -1   -26       2.9215369212E-004
#     -1   -25       1.3467104119E-004
#     -1   -24       1.3239929197E-004
#     -1   -23       8.8119898891E-005
#     -1   -22       5.2174787361E-004
#     -1   -21       1.1413481439E-004
#     -1   -20       3.4653438409E-005
#     -1   -19       2.1662756920E-004
#     -1   -18       2.8841272431E-004
#     -1   -17       4.1887763396E-004
#     -1   -16       4.7601178593E-005
#     -1   -15       4.6223417730E-005
#     -1   -14       1.2130028615E-004
#     -1   -13       4.3057825340E-004
#     -1   -12       1.0366325061E-003
#     -1   -11       4.0016779607E-004
#     -1   -10       9.6890742412E-005
#     -1    -9       9.0830972785E-005
#     -1    -8       1.7624981436E-004
#     -1    -7       5.4272923644E-004
#     -1    -6       5.5873626462E-004
#     -1    -5       2.3080806856E-004
#     -1    -4       1.0886467551E-004
#     -1    -3       4.6762903416E-004
#     -1    -2       4.1961529846E-007
#     -1    -1       2.0764594957E-004
#     -1     0       1.1292770878E-004
#     -1     1       9.9317595886E-004
#     -1     2       2.7217355680E-003
#     -1     3       4.0873307154E-004
#     -1     4       9.7405412728E-005
#     -1     5       1.0944598665E-004
#     -1     6       3.9655195165E-004
#     -1     7       7.4404603999E-004
#     -1     8       3.0925968560E-004
#     -1     9       2.8854202737E-004
#     -1    10       6.2865510764E-004
#     -1    11       1.7415503461E-005
#      0   -27       1.4021255395E-005
#      0   -26       9.9125452748E-005
#      0   -25       5.4004047969E-004
#      0   -24       2.3438610345E-005
#      0   -23       3.2317004228E-005
#      0   -22       3.0389207356E-005
#      0   -21       6.2764464301E-006
#      0   -20       2.8579210086E-003
#      0   -19       5.9777194487E-005
#      0   -18       2.3167258989E-006
#      0   -17       5.5462059984E-005
#      0   -16       1.7364230861E-005
#      0   -15       1.3731017476E-002
#      0   -14       6.9962816106E-005
#      0   -13       8.4659560553E-006
#      0   -12       2.3459749034E-006
#      0   -11       6.5404922423E-005
#      0   -10       1.7093113438E-002
#      0    -9       5.2502264665E-005
#      0    -8       8.0198336011E-005
#      0    -7       5.6091195514E-007
#      0    -6       8.1981438817E-005
#      0    -5       5.8221326596E-004
#      0    -4       3.5369171879E-005
#      0    -3       1.2175971294E-004
#      0    -2       5.8833415848E-005
#      0    -1       1.0397893402E-005
#      0     0       2.4198816502E-002
#      0     1       2.1455889467E-004
#      0     2       2.3331515493E-005
#      0     3       3.3702110231E-005
#      0     4       2.7392014619E-004
#      0     5       6.7582161360E-003
#      0     6       1.4378467176E-004
#      0     7       2.1616993951E-004
#      0     8       1.2957512697E-004
#      0     9       8.6551630375E-004
#      0    10       1.0115685678E-002
#      1   -27       2.9883678624E-004
#      1   -26       4.3583445528E-005
#      1   -25       1.2245538666E-004
#      1   -24       5.2370699930E-004
#      1   -23       4.3426342768E-004
#      1   -22       4.7806264594E-004
#      1   -21       1.1776590685E-004
#      1   -20       8.4490075267E-006
#      1   -19       1.0497839407E-005
#      1   -18       7.2781320199E-005
#      1   -17       3.6094041378E-005
#      1   -16       2.6017773781E-006
#      1   -15       1.2229559170E-004
#      1   -14       1.3016934568E-004
#      1   -13       1.7887155379E-004
#      1   -12       6.6781665752E-004
#      1   -11       4.6716657062E-005
#      1   -10       3.8717148514E-005
#      1    -9       3.2960248362E-004
#      1    -8       6.2605984635E-005
#      1    -7       4.0592412323E-005
#      1    -6       3.3815573458E-005
#      1    -5       2.8662041436E-004
#      1    -4       3.5942786830E-004
#      1    -3       1.8642424628E-004
#      1    -2       1.5258043427E-003
#      1    -1       3.1497289333E-004
#      1     0       3.7177410710E-004
#      1     1       1.7448485855E-003
#      1     2       5.2711544900E-004
#      1     3       8.5189825341E-004
#      1     4       2.0636585658E-004
#      1     5       6.2273830151E-004
#      1     6       9.0757783213E-004
#      1     7       5.2255179017E-005
#      1     8       1.7311916591E-003
#      1     9       5.2474345598E-004
#      2   -27       7.3771227705E-005
#      2   -26       6.3001981026E-005
#      2   -25       5.4226842456E-004
#      2   -24       2.8755258083E-004
#      2   -23       4.9412348977E-004
#      2   -22       1.1219139254E-004
#      2   -21       1.4591733488E-005
#      2   -20       3.8980438201E-005
#      2   -19       2.6921783399E-004
#      2   -18       2.1039517052E-004
#      2   -17       3.4808060144E-005
#      2   -16       1.2150036041E-007
#      2   -15       3.3487221808E-004
#      2   -14       7.3012724578E-004
#      2   -13       1.0705820103E-004
#      2   -12       2.9156494801E-004
#      2   -11       2.1496599801E-005
#      2   -10       1.1927256672E-004
#      2    -9       2.6931366961E-004
#      2    -8       2.2988788880E-006
#      2    -7       2.6858917226E-004
#      2    -6       5.5301700192E-005
#      2    -5       1.6286058567E-004
#      2    -4       1.6586896387E-005
#      2    -3       8.5662084815E-004
#      2    -2       1.5278628736E-003
#      2    -1       3.3020602266E-004
#      2     0       1.5977027060E-003
#      2     1       1.3590610705E-003
#      2     2       3.0986600654E-004
#      2     3       1.8878290380E-004
#      2     4       1.9794255510E-004
#      2     5       1.0957813200E-003
#      2     6       6.0722115575E-004
#      2     7       1.9890490000E-004
#      2     8       1.0776781111E-004
#      3   -26       2.4222441970E-004
#      3   -25       3.3791175326E-004
#      3   -24       2.7596910039E-004
#      3   -23       1.6031966069E-004
#      3   -22       1.1303045404E-004
#      3   -21       2.9248540826E-004
#      3   -20       1.7600780361E-005
#      3   -19       3.6119423739E-006
#      3   -18       2.3098892533E-004
#      3   -17       5.3520223397E-004
#      3   -16       5.2137873657E-004
#      3   -15       1.7434201344E-004
#      3   -14       1.5496817962E-004
#      3   -13       1.5706159295E-004
#      3   -12       4.2349855317E-004
#      3   -11       1.4336082704E-003
#      3   -10       1.1400974220E-003
#      3    -9       1.8762511285E-004
#      3    -8       4.9623652764E-004
#      3    -7       1.4949889926E-003
#      3    -6       6.8861113020E-004
#      3    -5       3.3922969058E-004
#      3    -4       4.3300724051E-005
#      3    -3       1.5036896108E-004
#      3    -2       8.6188546892E-004
#      3    -1       2.2591376046E-003
#      3     0       6.2749857341E-004
#      3     1       5.4706926035E-005
#      3     2       9.0859759872E-004
#      3     3       1.9961348201E-003
#      3     4       1.0780771488E-003
#      3     5       1.7916415177E-004
#      3     6       2.4731753622E-005
#      4   -26       2.6741624639E-004
#      4   -25       1.1605665044E-005
#      4   -24       6.2851124465E-005
#      4   -23       1.1648933122E-004
#      4   -22       6.4034051048E-004
#      4   -21       1.1068071236E-004
#      4   -20       2.4369579644E-005
#      4   -19       1.2236977115E-004
#      4   -18       2.7777045199E-004
#      4   -17       4.0036194013E-004
#      4   -16       7.6765380732E-004
#      4   -15       4.1151254883E-004
#      4   -14       3.2730143444E-004
#      4   -13       1.5997406840E-004
#      4   -12       2.2172853580E-003
#      4   -11       1.9531557810E-003
#      4   -10       8.4082291245E-004
#      4    -9       3.6527401333E-004
#      4    -8       1.8557223224E-003
#      4    -7       9.7960878005E-004
#      4    -6       1.4985242731E-004
#      4    -5       4.1770703272E-005
#      4    -4       4.0712800174E-004
#      4    -3       2.2545977467E-005
#      4    -2       3.2078274136E-004
#      4    -1       1.2334027779E-003
#      4     0       7.0523485925E-004
#      4     1       4.1162140317E-004
#      4     2       3.1526869001E-003
#      4     3       1.7198696635E-003
#      4     4       7.6639497021E-004
#      4     5       1.3199949190E-004
#      5   -25       2.9706010472E-003
#      5   -24       5.2510360429E-006
#      5   -23       7.3656844292E-005
#      5   -22       2.8684625846E-005
#      5   -21       9.4393145876E-005
#      5   -20       3.9321266572E-004
#      5   -19       6.0145963756E-005
#      5   -18       5.0000958984E-005
#      5   -17       2.2067185669E-005
#      5   -16       5.9846434366E-005
#      5   -15       1.1411016550E-002
#      5   -14       7.3865509220E-005
#      5   -13       8.9093010925E-005
#      5   -12       1.9465865738E-006
#      5   -11       9.8846613610E-006
#      5   -10       2.7307916811E-002
#      5    -9       5.4781331859E-005
#      5    -8       5.4586638201E-005
#      5    -7       9.9748819151E-005
#      5    -6       8.1904941584E-005
#      5    -5       7.2978854935E-003
#      5    -4       5.7072252419E-005
#      5    -3       7.1143034627E-006
#      5    -2       1.6528118642E-005
#      5    -1       6.2016895458E-004
#      5     0       4.2967131235E-002
#      5     1       3.7445481502E-004
#      5     2       3.4259233699E-005
#      5     3       3.8149076089E-004
#      6   -25       1.8898268984E-004
#      6   -24       6.6617706015E-004
#      6   -23       7.7931188497E-005
#      6   -22       2.5687231573E-004
#      6   -21       2.8873474594E-004
#      6   -20       9.4750088922E-005
#      6   -19       1.3921541160E-004
#      6   -18       2.7825167449E-005
#      6   -17       6.6586935182E-004
#      6   -16       2.1159919758E-004
#      6   -15       2.5704024929E-004
#      6   -14       4.6587327920E-004
#      6   -13       4.5353055183E-004
#      6   -12       1.5842356585E-003
#      6   -11       7.0680801806E-004
#      6   -10       3.0719642348E-004
#      6    -9       1.4168981518E-003
#      6    -8       2.3268810036E-005
#      6    -7       6.2284666361E-004
#      6    -6       5.2574094744E-004
#      6    -5       5.9699401805E-004
#      6    -4       1.2955921711E-003
#      6    -3       1.0974412911E-003
#      6    -2       3.0445602172E-003
#      6    -1       8.1643843993E-004
#      6     0       4.4447330940E-004
#      6     1       2.2728510059E-003
#      6     2       1.3669389186E-003
#      7   -24       3.7214817912E-004
#      7   -23       6.2560671364E-004
#      7   -22       4.6921093381E-004
#      7   -21       1.5072186830E-004
#      7   -20       6.6499079512E-005
#      7   -19       1.3323148935E-003
#      7   -18       1.5554813285E-004
#      7   -17       7.7962360184E-005
#      7   -16       1.7584521188E-004
#      7   -15       5.1387150380E-004
#      7   -14       4.3618267975E-004
#      7   -13       1.1887807595E-004
#      7   -12       1.1082839836E-003
#      7   -11       5.0218068964E-004
#      7   -10       1.3241069005E-003
#      7    -9       3.7627671738E-004
#      7    -8       5.9558339289E-006
#      7    -7       5.6473726691E-004
#      7    -6       3.3094193594E-004
#      7    -5       1.4421446662E-003
#      7    -4       1.1250824594E-003
#      7    -3       1.7328861626E-003
#      7    -2       4.9053917122E-004
#      7    -1       2.0348129726E-004
#      7     0       5.6287444035E-005
#      8   -23       6.5987077452E-004
#      8   -22       1.1838180320E-003
#      8   -21       9.1097513816E-004
#      8   -20       8.9015366921E-004
#      8   -19       1.4696638651E-004
#      8   -18       6.2635828781E-005
#      8   -17       1.3267153644E-003
#      8   -16       2.5069803116E-003
#      8   -15       7.1745486279E-004
#      8   -14       6.5055398382E-007
#      8   -13       8.2636586565E-005
#      8   -12       6.9488400740E-004
#      8   -11       1.9941864535E-003
#      8   -10       5.7758590047E-004
#      8    -9       6.9064879500E-006
#      8    -8       2.2782451155E-004
#      8    -7       2.2351404289E-004
#      8    -6       5.5785189885E-004
#      8    -5       4.4049848008E-005
#      8    -4       1.2767986394E-004
#      8    -3       3.9729498822E-004
#      8    -2       2.0234643190E-003
#      9   -21       1.1171650767E-003
#      9   -20       5.2744043736E-005
#      9   -19       1.5574742514E-004
#      9   -18       4.2687468981E-004
#      9   -17       1.9806502247E-003
#      9   -16       9.9212367360E-004
#      9   -15       5.0923091186E-005
#      9   -14       2.1760111627E-004
#      9   -13       5.7388737098E-004
#      9   -12       1.2548692486E-004
#      9   -11       1.7718753299E-004
#      9   -10       8.9954861516E-005
#      9    -9       1.4270597502E-004
#      9    -8       9.9280198473E-004
#      9    -7       7.0494933730E-004
#      9    -6       9.5135370859E-004
#      9    -5       3.4946369391E-004
#     10   -19       4.9721135698E-005
#     10   -18       5.5924601831E-005
#     10   -17       3.0230240905E-005
#     10   -16       1.4970943826E-004
#     10   -15       1.6822002401E-002
#     10   -14       1.1301556806E-004
#     10   -13       1.5327238421E-005
#     10   -12       1.8747626117E-004
#     10   -11       3.3493196593E-004
#     10   -10       9.5179171420E-003
#     10    -9       2.4459337821E-005
#     10    -8       4.8948285473E-004
