 Diffraction intensities for potential:_5x5_04D10005.in                        
#    -45    11       7.1941025776E-006
#    -45    12       2.9901115752E-005
#    -45    13       5.4678955821E-005
#    -45    14       1.1013177161E-005
#    -45    15       2.3748719893E-004
#    -45    16       1.6608570359E-005
#    -44     7       2.0420092719E-005
#    -44     8       5.4018337982E-006
#    -44     9       3.0000845187E-005
#    -44    10       3.1208909232E-006
#    -44    11       3.1341101743E-005
#    -44    12       7.2429781345E-005
#    -44    13       3.3320833794E-005
#    -44    14       4.2774564252E-005
#    -44    15       2.4364626587E-005
#    -44    16       5.2396904031E-005
#    -44    17       4.0287321817E-005
#    -44    18       9.3249218266E-006
#    -44    19       1.0382745697E-005
#    -44    20       3.8990134275E-006
#    -43     4       9.8725163036E-006
#    -43     5       1.7513661277E-005
#    -43     6       4.5671631247E-005
#    -43     7       3.4628395070E-005
#    -43     8       6.4665171583E-005
#    -43     9       2.1591592686E-005
#    -43    10       8.0907708746E-006
#    -43    11       1.8170213577E-004
#    -43    12       1.1136522843E-004
#    -43    13       1.1750015863E-004
#    -43    14       4.9876820390E-005
#    -43    15       2.3916535857E-005
#    -43    16       1.6360674115E-004
#    -43    17       9.6499775081E-005
#    -43    18       9.7838937837E-005
#    -43    19       6.5481860899E-005
#    -43    20       2.2622417692E-005
#    -43    21       8.8005363448E-005
#    -43    22       4.1533593673E-005
#    -42     2       3.1852848243E-005
#    -42     3       5.3556990239E-005
#    -42     4       7.1487623475E-005
#    -42     5       3.1335394708E-006
#    -42     6       6.8955574607E-006
#    -42     7       4.5002845830E-005
#    -42     8       6.7000965674E-005
#    -42     9       1.6518704591E-004
#    -42    10       2.6005422111E-005
#    -42    11       4.9808916931E-005
#    -42    12       9.2700971967E-005
#    -42    13       1.5125876544E-004
#    -42    14       2.6711060908E-004
#    -42    15       1.7720129420E-005
#    -42    16       6.2750082377E-005
#    -42    17       1.0720161706E-004
#    -42    18       1.1088538223E-004
#    -42    19       3.5906310727E-004
#    -42    20       2.9147773405E-005
#    -42    21       6.4356807647E-005
#    -42    22       6.4180608230E-005
#    -42    23       4.8929112271E-005
#    -41     0       8.5809620308E-006
#    -41     1       6.7860973401E-006
#    -41     2       5.2705183181E-006
#    -41     3       5.4096467535E-005
#    -41     4       2.5248121062E-005
#    -41     5       5.8625886813E-006
#    -41     6       2.9272602822E-005
#    -41     7       1.7294742378E-005
#    -41     8       6.4655206119E-005
#    -41     9       5.4992057227E-005
#    -41    10       2.6166640775E-005
#    -41    11       8.1949942752E-005
#    -41    12       4.7888528290E-005
#    -41    13       1.7404887783E-004
#    -41    14       5.8285584977E-005
#    -41    15       2.8290933389E-005
#    -41    16       1.2790435639E-004
#    -41    17       2.6357739080E-005
#    -41    18       1.7614237700E-004
#    -41    19       4.1334893178E-005
#    -41    20       2.5007068898E-005
#    -41    21       9.8970657384E-005
#    -41    22       3.2199081796E-005
#    -41    23       8.9129808911E-005
#    -41    24       7.7978895078E-005
#    -40    -2       1.8815840653E-005
#    -40    -1       1.2569687881E-005
#    -40     0       2.6114643070E-004
#    -40     1       2.2060300442E-005
#    -40     2       4.3487191963E-005
#    -40     3       3.7647222489E-005
#    -40     4       5.1742197808E-005
#    -40     5       2.1608563981E-004
#    -40     6       4.1840601314E-005
#    -40     7       8.7318268230E-005
#    -40     8       1.2411750088E-004
#    -40     9       6.2827856451E-005
#    -40    10       5.7209127759E-004
#    -40    11       5.5328114211E-005
#    -40    12       1.9187285399E-004
#    -40    13       2.1147565521E-004
#    -40    14       5.8343944940E-005
#    -40    15       6.4961153649E-004
#    -40    16       8.9854353014E-005
#    -40    17       1.8067270694E-004
#    -40    18       2.5322674545E-004
#    -40    19       1.2668910195E-004
#    -40    20       4.8700206068E-004
#    -40    21       1.0516115137E-004
#    -40    22       6.1419997195E-005
#    -40    23       1.1034542275E-004
#    -40    24       2.9312096455E-005
#    -40    25       1.6889010541E-004
#    -39    -4       1.0059395615E-005
#    -39    -3       2.2370652990E-005
#    -39    -2       8.6509864200E-007
#    -39    -1       1.8932477694E-005
#    -39     0       4.0052547293E-006
#    -39     1       4.2716725654E-005
#    -39     2       4.9241290531E-005
#    -39     3       1.1962078029E-005
#    -39     4       3.7481241485E-005
#    -39     5       1.5487196540E-005
#    -39     6       7.4511419248E-005
#    -39     7       9.5697268012E-005
#    -39     8       4.0194081789E-005
#    -39     9       6.2262071633E-005
#    -39    10       3.3525083856E-005
#    -39    11       7.0161799511E-005
#    -39    12       1.9895950507E-004
#    -39    13       6.4259750225E-005
#    -39    14       1.3696844049E-004
#    -39    15       4.9710665353E-005
#    -39    16       1.7464127683E-004
#    -39    17       1.6250469690E-004
#    -39    18       8.3409575172E-005
#    -39    19       4.3559280291E-005
#    -39    20       1.6255481116E-005
#    -39    21       7.3034540504E-005
#    -39    22       1.5743567781E-004
#    -39    23       1.0686208074E-004
#    -39    24       9.6415813881E-005
#    -39    25       8.3492643821E-005
#    -39    26       1.9354154040E-005
#    -38    -5       7.3044111437E-006
#    -38    -4       6.3263180950E-005
#    -38    -3       6.7893737777E-005
#    -38    -2       5.3473242417E-005
#    -38    -1       2.4356476081E-005
#    -38     0       1.6576032251E-005
#    -38     1       9.1114197975E-005
#    -38     2       4.9538625913E-005
#    -38     3       8.8792542853E-005
#    -38     4       2.3656080177E-005
#    -38     5       3.2469759861E-005
#    -38     6       2.1364354422E-004
#    -38     7       1.1386141619E-004
#    -38     8       8.9283721340E-005
#    -38     9       7.5329379179E-005
#    -38    10       3.4972252831E-005
#    -38    11       4.0736942563E-004
#    -38    12       2.0557638793E-004
#    -38    13       2.8524081908E-004
#    -38    14       1.4294642940E-004
#    -38    15       5.7396696715E-005
#    -38    16       3.9922171314E-004
#    -38    17       2.3883357937E-004
#    -38    18       2.4371811908E-004
#    -38    19       8.2997540164E-005
#    -38    20       4.2210168103E-005
#    -38    21       4.5953879874E-004
#    -38    22       2.0402163055E-004
#    -38    23       1.3024382015E-004
#    -38    24       1.7598603415E-004
#    -38    25       5.7476285004E-005
#    -38    26       1.2805687473E-004
#    -37    -7       3.6510240399E-005
#    -37    -6       3.8672057977E-005
#    -37    -5       2.0252885413E-006
#    -37    -4       9.2091065453E-006
#    -37    -3       2.5521483122E-005
#    -37    -2       5.5666755807E-005
#    -37    -1       9.2707832252E-005
#    -37     0       9.7185585394E-006
#    -37     1       2.1077773434E-005
#    -37     2       5.3658973380E-005
#    -37     3       1.1339318311E-004
#    -37     4       2.9557770166E-004
#    -37     5       1.6473747959E-005
#    -37     6       3.6111915634E-005
#    -37     7       1.3101654205E-004
#    -37     8       1.5159982080E-004
#    -37     9       2.6995812062E-004
#    -37    10       3.2087826964E-005
#    -37    11       1.2573773641E-004
#    -37    12       1.4971822964E-004
#    -37    13       1.5085138005E-004
#    -37    14       5.0574750463E-004
#    -37    15       1.7567876165E-005
#    -37    16       8.1722974911E-005
#    -37    17       2.9293853639E-004
#    -37    18       2.4655317943E-004
#    -37    19       4.2954462692E-004
#    -37    20       4.4977381654E-005
#    -37    21       1.2553600985E-004
#    -37    22       1.6777606163E-004
#    -37    23       9.4294970899E-005
#    -37    24       4.4506527647E-004
#    -37    25       1.6799514672E-006
#    -37    26       1.8025842009E-005
#    -37    27       1.2667495029E-004
#    -36    -8       1.5447031189E-005
#    -36    -7       4.3715143747E-005
#    -36    -6       9.7365513441E-006
#    -36    -5       2.6903464152E-006
#    -36    -4       3.2011111390E-005
#    -36    -3       7.0677388360E-006
#    -36    -2       3.9987299245E-005
#    -36    -1       1.7421903679E-005
#    -36     0       5.6075777466E-006
#    -36     1       2.2331544128E-005
#    -36     2       1.3005998291E-005
#    -36     3       1.0431482462E-004
#    -36     4       7.0439824396E-005
#    -36     5       2.8152256194E-005
#    -36     6       7.7526359116E-005
#    -36     7       4.3933163360E-005
#    -36     8       1.0430843636E-004
#    -36     9       3.9546555053E-005
#    -36    10       2.4265510061E-005
#    -36    11       7.5525566858E-005
#    -36    12       5.7285426943E-005
#    -36    13       1.8143548756E-004
#    -36    14       6.9059515213E-005
#    -36    15       6.0261941304E-005
#    -36    16       1.8462020194E-004
#    -36    17       3.1190727082E-005
#    -36    18       1.9022486241E-004
#    -36    19       1.1866582145E-004
#    -36    20       5.2715499187E-005
#    -36    21       1.0690942205E-004
#    -36    22       9.7890160077E-005
#    -36    23       2.3006722176E-004
#    -36    24       5.9545465527E-005
#    -36    25       4.4221650005E-005
#    -36    26       5.5087089163E-005
#    -36    27       2.7634664296E-006
#    -35    -9       1.7487568556E-005
#    -35    -8       4.6441151648E-005
#    -35    -7       7.0939133729E-005
#    -35    -6       1.5575888848E-005
#    -35    -5       2.0786189730E-004
#    -35    -4       2.8712647715E-005
#    -35    -3       6.1829801163E-005
#    -35    -2       7.9177844978E-005
#    -35    -1       3.2129287359E-005
#    -35     0       3.4409699854E-004
#    -35     1       5.9101510111E-005
#    -35     2       9.6919464334E-005
#    -35     3       1.0959362326E-004
#    -35     4       7.7605725111E-005
#    -35     5       2.2676686916E-004
#    -35     6       5.4976800511E-005
#    -35     7       7.7881376104E-005
#    -35     8       1.6110550354E-004
#    -35     9       8.1155188240E-005
#    -35    10       7.9032445350E-004
#    -35    11       4.1462208021E-005
#    -35    12       1.8337782318E-004
#    -35    13       1.4074940638E-004
#    -35    14       2.6024030957E-005
#    -35    15       7.6694955108E-004
#    -35    16       8.8298701780E-005
#    -35    17       8.5513226856E-005
#    -35    18       1.8361218203E-004
#    -35    19       1.7657473461E-004
#    -35    20       6.9894280139E-004
#    -35    21       6.3927807552E-005
#    -35    22       1.6782532173E-004
#    -35    23       1.8183297364E-004
#    -35    24       7.1975642611E-005
#    -35    25       6.1685801872E-004
#    -35    26       2.0703714885E-004
#    -35    27       1.1155618705E-004
#    -34   -11       2.3632648649E-006
#    -34   -10       1.2634753418E-006
#    -34    -9       3.8149626761E-005
#    -34    -8       5.8605409250E-005
#    -34    -7       2.3101745235E-005
#    -34    -6       2.6790391653E-005
#    -34    -5       2.1377029070E-005
#    -34    -4       7.1195021481E-005
#    -34    -3       8.6760624046E-005
#    -34    -2       2.1148080024E-005
#    -34    -1       3.1376417142E-005
#    -34     0       3.0810796864E-005
#    -34     1       7.5094311950E-005
#    -34     2       1.0900855292E-004
#    -34     3       5.4659528685E-005
#    -34     4       5.4822847475E-005
#    -34     5       2.1176191459E-005
#    -34     6       6.3791357832E-005
#    -34     7       1.0063566130E-004
#    -34     8       2.9062433853E-005
#    -34     9       3.7750061347E-005
#    -34    10       3.2918827549E-005
#    -34    11       3.3388972797E-005
#    -34    12       7.9056457939E-005
#    -34    13       3.4668753780E-005
#    -34    14       5.7841053826E-005
#    -34    15       1.6631063307E-005
#    -34    16       1.4010070476E-004
#    -34    17       1.4286009253E-004
#    -34    18       7.1725211780E-005
#    -34    19       3.7996027133E-005
#    -34    20       5.5409003651E-005
#    -34    21       5.0923224965E-005
#    -34    22       1.2826479594E-004
#    -34    23       1.8346773051E-004
#    -34    24       1.1829198400E-004
#    -34    25       7.6615894421E-006
#    -34    26       9.9689978767E-005
#    -34    27       5.2898724255E-005
#    -33   -12       3.7891216086E-005
#    -33   -11       1.6470996542E-005
#    -33   -10       1.8735993330E-005
#    -33    -9       1.8860287354E-004
#    -33    -8       6.0193283753E-005
#    -33    -7       1.1921932688E-004
#    -33    -6       2.0590782932E-005
#    -33    -5       3.1593549254E-005
#    -33    -4       2.5297071085E-004
#    -33    -3       1.1201923994E-004
#    -33    -2       1.0160404337E-004
#    -33    -1       4.5761561567E-005
#    -33     0       3.5037251884E-005
#    -33     1       2.1617026894E-004
#    -33     2       1.2381341025E-004
#    -33     3       1.3716259432E-004
#    -33     4       2.9581006202E-005
#    -33     5       1.1900108426E-005
#    -33     6       1.5179995530E-004
#    -33     7       8.0466907999E-005
#    -33     8       3.3307996032E-005
#    -33     9       5.6526753802E-005
#    -33    10       3.0546368759E-005
#    -33    11       2.3723456367E-004
#    -33    12       8.1685087234E-005
#    -33    13       1.3536143667E-004
#    -33    14       7.3860697615E-005
#    -33    15       2.0910446798E-005
#    -33    16       1.7034726035E-004
#    -33    17       1.6095336323E-004
#    -33    18       5.4365181277E-005
#    -33    19       1.2664063947E-004
#    -33    20       4.7686465594E-005
#    -33    21       3.4288951056E-004
#    -33    22       2.7800376302E-004
#    -33    23       2.7839814977E-004
#    -33    24       8.4769826640E-005
#    -33    25       7.3542747837E-005
#    -33    26       3.1907935292E-004
#    -33    27       1.3451988496E-004
#    -32   -13       7.0538546116E-005
#    -32   -12       7.2999924372E-005
#    -32   -11       2.0265611709E-004
#    -32   -10       2.0962232145E-005
#    -32    -9       5.0569267660E-005
#    -32    -8       1.0516835931E-004
#    -32    -7       1.2783140214E-004
#    -32    -6       2.0897077878E-004
#    -32    -5       1.9419351250E-005
#    -32    -4       5.2894645123E-005
#    -32    -3       1.2054122283E-004
#    -32    -2       1.6910027113E-004
#    -32    -1       2.3163506730E-004
#    -32     0       2.4901509511E-005
#    -32     1       3.9165831861E-005
#    -32     2       9.3798244800E-005
#    -32     3       8.7412365443E-005
#    -32     4       1.3809478914E-004
#    -32     5       2.0174135812E-005
#    -32     6       1.5862411518E-005
#    -32     7       5.3347777673E-005
#    -32     8       5.2720669444E-005
#    -32     9       1.5444093782E-004
#    -32    10       1.2488045210E-006
#    -32    11       6.4332906938E-005
#    -32    12       1.1004548098E-004
#    -32    13       4.4583006065E-005
#    -32    14       1.4018936495E-004
#    -32    15       1.3427005086E-006
#    -32    16       5.9044349733E-006
#    -32    17       9.0740315444E-005
#    -32    18       7.7055762505E-005
#    -32    19       1.2148713599E-004
#    -32    20       2.2984454579E-006
#    -32    21       4.8923967400E-005
#    -32    22       1.7995929047E-004
#    -32    23       3.9606572225E-004
#    -32    24       5.3056398128E-004
#    -32    25       7.4064198574E-005
#    -32    26       9.9937439550E-005
#    -32    27       2.3171933181E-004
#    -32    28       3.8606977215E-005
#    -31   -14       5.7737133963E-005
#    -31   -13       1.0897795280E-005
#    -31   -12       1.2084660135E-004
#    -31   -11       4.4936965494E-005
#    -31   -10       3.4609741192E-005
#    -31    -9       5.1111719131E-005
#    -31    -8       4.6333122066E-005
#    -31    -7       1.0375280968E-004
#    -31    -6       3.9395741250E-005
#    -31    -5       2.0921154578E-005
#    -31    -4       6.6776122738E-005
#    -31    -3       4.9128818008E-005
#    -31    -2       8.2185146882E-005
#    -31    -1       6.7573502856E-005
#    -31     0       7.7267310138E-006
#    -31     1       4.0157020717E-005
#    -31     2       1.4878922502E-005
#    -31     3       2.6076558654E-005
#    -31     4       1.4716165482E-005
#    -31     5       1.8432575336E-006
#    -31     6       2.3629549779E-005
#    -31     7       1.0986140667E-005
#    -31     8       6.0443612788E-005
#    -31     9       8.7355216441E-006
#    -31    10       1.4232791907E-005
#    -31    11       4.2274155264E-005
#    -31    12       3.4466977211E-005
#    -31    13       3.0206423057E-005
#    -31    14       1.1060770772E-005
#    -31    15       1.8242585120E-005
#    -31    16       2.2438608053E-005
#    -31    17       1.0610759544E-005
#    -31    18       4.7604678452E-005
#    -31    19       2.1845089674E-005
#    -31    20       6.8816215641E-005
#    -31    21       5.3332533612E-005
#    -31    22       2.3816404675E-005
#    -31    23       1.7800041185E-004
#    -31    24       2.5906279027E-004
#    -31    25       2.8200022665E-005
#    -31    26       1.1259627821E-004
#    -31    27       5.9668070494E-005
#    -31    28       3.2035290043E-004
#    -30   -15       2.2486743730E-004
#    -30   -14       6.7207953385E-005
#    -30   -13       7.5388504789E-005
#    -30   -12       9.4459017486E-005
#    -30   -11       4.3317316393E-005
#    -30   -10       5.6236229718E-004
#    -30    -9       5.9871158506E-005
#    -30    -8       6.9401813554E-005
#    -30    -7       1.3376591281E-004
#    -30    -6       3.8139632958E-005
#    -30    -5       2.1055474083E-004
#    -30    -4       4.8310448442E-005
#    -30    -3       1.1654098545E-004
#    -30    -2       1.1009796823E-004
#    -30    -1       8.3285183318E-005
#    -30     0       9.4625738719E-004
#    -30     1       3.2614715668E-005
#    -30     2       2.8427103755E-005
#    -30     3       3.8610610445E-005
#    -30     4       3.0776230262E-005
#    -30     5       1.0618164003E-003
#    -30     6       3.2797538164E-005
#    -30     7       5.7679598941E-005
#    -30     8       9.3435304726E-005
#    -30     9       1.8096296026E-005
#    -30    10       7.8113626235E-004
#    -30    11       1.2523439708E-006
#    -30    12       1.8126322215E-005
#    -30    13       4.7113780606E-005
#    -30    14       8.5091563002E-006
#    -30    15       5.8935903566E-004
#    -30    16       1.8333076589E-006
#    -30    17       5.8810026618E-006
#    -30    18       1.9617362873E-005
#    -30    19       1.8332471928E-006
#    -30    20       6.2618351077E-005
#    -30    21       1.4630729244E-004
#    -30    22       2.1567546026E-004
#    -30    23       4.3346157120E-004
#    -30    24       1.5986685511E-004
#    -30    25       7.3794901306E-004
#    -30    26       7.6176322836E-005
#    -30    27       1.3184214387E-004
#    -30    28       3.6285143333E-005
#    -29   -16       2.9715952758E-005
#    -29   -15       1.6177528840E-006
#    -29   -14       7.3913227518E-005
#    -29   -13       8.9782375079E-005
#    -29   -12       5.7225935193E-005
#    -29   -11       7.2957740379E-005
#    -29   -10       1.8738377314E-005
#    -29    -9       6.9179174058E-005
#    -29    -8       1.2185335053E-004
#    -29    -7       4.9205592267E-005
#    -29    -6       3.9463234677E-005
#    -29    -5       3.5259008267E-005
#    -29    -4       3.9431711447E-005
#    -29    -3       1.2470404628E-004
#    -29    -2       3.4688694906E-005
#    -29    -1       3.3529112908E-006
#    -29     0       4.3150265606E-005
#    -29     1       6.8096801089E-005
#    -29     2       5.9342612796E-005
#    -29     3       2.3198560815E-005
#    -29     4       1.4067957854E-005
#    -29     5       1.4877410723E-005
#    -29     6       1.9355063362E-005
#    -29     7       5.6388042505E-005
#    -29     8       9.7740663824E-006
#    -29     9       2.4037244146E-006
#    -29    10       9.8793046873E-006
#    -29    11       5.9923385526E-006
#    -29    12       1.4016275087E-004
#    -29    13       1.7086196155E-006
#    -29    14       1.6093752814E-004
#    -29    15       2.1171395974E-006
#    -29    16       1.5615117387E-005
#    -29    17       4.4868702272E-006
#    -29    18       2.3145741414E-005
#    -29    19       8.3701359812E-007
#    -29    20       2.2442105605E-005
#    -29    21       1.6686809171E-004
#    -29    22       2.7095849123E-004
#    -29    23       1.5844005199E-004
#    -29    24       1.6052976229E-004
#    -29    25       3.3591416603E-005
#    -29    26       1.0176187450E-004
#    -29    27       2.0307146423E-004
#    -28   -16       5.5749947146E-005
#    -28   -15       2.3377955262E-005
#    -28   -14       2.3262643177E-004
#    -28   -13       2.0452106962E-004
#    -28   -12       1.6230482622E-004
#    -28   -11       1.2920805063E-004
#    -28   -10       4.8063181777E-005
#    -28    -9       2.8550337770E-004
#    -28    -8       1.0524557018E-004
#    -28    -7       8.5825186908E-005
#    -28    -6       6.5033491797E-005
#    -28    -5       3.2929260545E-005
#    -28    -4       1.6064304143E-004
#    -28    -3       2.1659690367E-005
#    -28    -2       3.6261144686E-005
#    -28    -1       2.5976505452E-006
#    -28     0       1.5100580967E-005
#    -28     1       1.2730490946E-004
#    -28     2       5.4057633271E-005
#    -28     3       3.3192116587E-005
#    -28     4       1.0659710967E-005
#    -28     5       8.7215112595E-006
#    -28     6       2.0935933116E-004
#    -28     7       1.1470232697E-004
#    -28     8       4.7218038091E-005
#    -28     9       5.6785938492E-008
#    -28    10       1.9644848331E-005
#    -28    11       4.3236489761E-004
#    -28    12       1.4389826100E-004
#    -28    13       2.3098265029E-004
#    -28    14       1.3555848923E-004
#    -28    15       3.9811165817E-006
#    -28    16       1.1538988527E-004
#    -28    17       4.7767829370E-005
#    -28    18       1.0538691600E-004
#    -28    19       3.2221764335E-006
#    -28    20       1.4345659147E-005
#    -28    21       2.0965796080E-004
#    -28    22       2.2848482855E-004
#    -28    23       2.5851860195E-004
#    -28    24       6.7623873960E-005
#    -28    25       2.1423778927E-005
#    -28    26       5.8201206714E-004
#    -28    27       7.3025514764E-005
#    -27   -17       6.8066749584E-005
#    -27   -16       1.6450902881E-004
#    -27   -15       4.4096165532E-005
#    -27   -14       7.8918130905E-005
#    -27   -13       1.9017148475E-004
#    -27   -12       1.8225170948E-004
#    -27   -11       4.2265442492E-004
#    -27   -10       3.8054642575E-005
#    -27    -9       5.9336641135E-005
#    -27    -8       1.3922363459E-004
#    -27    -7       8.1745934056E-005
#    -27    -6       1.3820957220E-004
#    -27    -5       3.7956364081E-006
#    -27    -4       4.5793112023E-005
#    -27    -3       4.9001681446E-005
#    -27    -2       7.1637469900E-005
#    -27    -1       1.2780099337E-004
#    -27     0       1.5085819583E-005
#    -27     1       2.1355060012E-005
#    -27     2       4.7597246912E-005
#    -27     3       9.3108370471E-005
#    -27     4       1.0120809950E-004
#    -27     5       5.3011562427E-005
#    -27     6       5.5845766501E-005
#    -27     7       4.9040760979E-005
#    -27     8       5.2082500509E-005
#    -27     9       1.5277646141E-004
#    -27    10       7.4320963634E-005
#    -27    11       1.1455613116E-004
#    -27    12       2.3046187826E-004
#    -27    13       2.9270198589E-004
#    -27    14       4.1674789062E-004
#    -27    15       3.4158637251E-005
#    -27    16       4.7567553200E-005
#    -27    17       1.1042680990E-005
#    -27    18       3.3486849796E-005
#    -27    19       1.1295383332E-004
#    -27    20       7.7058438297E-005
#    -27    21       8.2843626637E-005
#    -27    22       3.0497918156E-004
#    -27    23       3.2285891152E-004
#    -27    24       5.4982849564E-004
#    -27    25       8.2079351208E-005
#    -27    26       3.7360193049E-005
#    -27    27       1.6130654852E-004
#    -26   -18       3.2205889248E-005
#    -26   -17       7.8307444377E-005
#    -26   -16       5.9757162890E-005
#    -26   -15       2.1176128155E-005
#    -26   -14       1.0527121950E-004
#    -26   -13       5.9905274849E-005
#    -26   -12       2.4571262918E-004
#    -26   -11       5.9947740330E-005
#    -26   -10       2.0050319925E-005
#    -26    -9       8.8460506739E-005
#    -26    -8       2.7973261445E-005
#    -26    -7       6.5472976727E-005
#    -26    -6       6.8794515213E-006
#    -26    -5       1.0255197912E-005
#    -26    -4       1.5114104444E-005
#    -26    -3       1.9084030577E-005
#    -26    -2       3.0721567763E-005
#    -26    -1       4.3877930683E-005
#    -26     0       8.6203231565E-006
#    -26     1       9.1942795544E-006
#    -26     2       7.1095114827E-006
#    -26     3       1.8215127119E-005
#    -26     4       4.8164142296E-005
#    -26     5       5.1151804695E-005
#    -26     6       1.2571141962E-005
#    -26     7       3.6714422532E-005
#    -26     8       7.9112627153E-005
#    -26     9       9.8694645798E-005
#    -26    10       1.9664211031E-005
#    -26    11       1.3775940014E-004
#    -26    12       1.6838428635E-004
#    -26    13       2.7728226658E-004
#    -26    14       3.5703082796E-005
#    -26    15       7.3280639339E-005
#    -26    16       1.9321295536E-005
#    -26    17       6.2574793310E-007
#    -26    18       1.6790232080E-005
#    -26    19       1.4168117034E-004
#    -26    20       3.8450632976E-005
#    -26    21       9.6476624537E-005
#    -26    22       6.6844510800E-005
#    -26    23       1.5589398746E-004
#    -26    24       6.1314088728E-005
#    -26    25       4.6024144352E-005
#    -26    26       1.6146053227E-004
#    -26    27       3.4810390485E-005
#    -25   -19       2.6996910456E-005
#    -25   -18       7.0881337223E-005
#    -25   -17       4.9423633362E-005
#    -25   -16       1.2462494176E-004
#    -25   -15       6.2041524143E-004
#    -25   -14       1.7678488765E-004
#    -25   -13       1.8935882539E-004
#    -25   -12       1.8235183104E-004
#    -25   -11       9.5845280666E-005
#    -25   -10       7.5162741668E-004
#    -25    -9       4.3164307514E-005
#    -25    -8       1.2437992663E-005
#    -25    -7       6.9228352601E-005
#    -25    -6       1.4541269609E-005
#    -25    -5       1.1523116659E-003
#    -25    -4       8.5680079744E-006
#    -25    -3       2.4183899214E-005
#    -25    -2       5.5312159009E-005
#    -25    -1       3.5086428371E-005
#    -25     0       2.1727486370E-003
#    -25     1       2.2809921862E-008
#    -25     2       6.5042738011E-005
#    -25     3       2.9444988957E-005
#    -25     4       2.3744490075E-005
#    -25     5       3.6696784298E-003
#    -25     6       1.7958175514E-005
#    -25     7       2.3278247446E-005
#    -25     8       5.1540911877E-005
#    -25     9       1.8492529174E-005
#    -25    10       5.1824492096E-003
#    -25    11       5.3369408661E-006
#    -25    12       1.7406457321E-004
#    -25    13       1.9123406620E-004
#    -25    14       2.2468601214E-005
#    -25    15       3.5028963165E-003
#    -25    16       5.6022302426E-005
#    -25    17       3.3617455276E-005
#    -25    18       9.1868200302E-006
#    -25    19       7.9631868753E-005
#    -25    20       1.7034637938E-003
#    -25    21       7.0713579145E-005
#    -25    22       1.5121784824E-004
#    -25    23       2.5254084688E-004
#    -25    24       1.2832293197E-004
#    -25    25       4.9060707915E-004
#    -25    26       1.4645307108E-004
#    -25    27       8.5334775164E-005
#    -24   -20       2.4914419225E-005
#    -24   -19       6.4118207706E-005
#    -24   -18       1.7265582392E-004
#    -24   -17       4.5796983603E-005
#    -24   -16       7.7428810287E-005
#    -24   -15       2.6089750617E-005
#    -24   -14       1.7328307573E-004
#    -24   -13       1.5097840548E-004
#    -24   -12       5.5941568722E-005
#    -24   -11       5.7374947554E-005
#    -24   -10       1.5288622316E-005
#    -24    -9       3.0193190000E-005
#    -24    -8       5.3211092583E-005
#    -24    -7       5.9167835089E-006
#    -24    -6       2.3665429385E-005
#    -24    -5       2.9080626548E-005
#    -24    -4       7.8441384631E-006
#    -24    -3       7.6522980443E-005
#    -24    -2       1.3392790080E-005
#    -24    -1       2.3364600666E-005
#    -24     0       1.2149732819E-005
#    -24     1       4.5041306719E-005
#    -24     2       5.3364386805E-005
#    -24     3       3.3975238842E-005
#    -24     4       3.2808903235E-005
#    -24     5       1.7797017401E-005
#    -24     6       2.6496392080E-005
#    -24     7       3.6553480207E-006
#    -24     8       1.0945435976E-005
#    -24     9       3.9986382824E-005
#    -24    10       2.9848469894E-006
#    -24    11       8.4568895041E-006
#    -24    12       2.9821109798E-004
#    -24    13       3.4823188211E-005
#    -24    14       1.7258793515E-004
#    -24    15       2.0894140696E-005
#    -24    16       8.0998876333E-005
#    -24    17       7.0427174622E-005
#    -24    18       6.3607256792E-005
#    -24    19       3.7871162251E-005
#    -24    20       5.9785059057E-005
#    -24    21       2.8676502255E-004
#    -24    22       4.7718198916E-004
#    -24    23       3.8149430307E-005
#    -24    24       3.0856407036E-004
#    -24    25       8.7478773183E-005
#    -24    26       2.5302874154E-004
#    -23   -20       2.5169790619E-005
#    -23   -19       3.3482646307E-004
#    -23   -18       1.3490788771E-004
#    -23   -17       1.5497520344E-004
#    -23   -16       7.7300010578E-005
#    -23   -15       8.1535659940E-005
#    -23   -14       4.8124830052E-004
#    -23   -13       2.6281407163E-004
#    -23   -12       8.3421364103E-005
#    -23   -11       7.9466168693E-005
#    -23   -10       6.3154245056E-005
#    -23    -9       1.1112659534E-004
#    -23    -8       5.2616642892E-005
#    -23    -7       2.9705814505E-005
#    -23    -6       8.8736143172E-005
#    -23    -5       2.2775960636E-005
#    -23    -4       1.5169951559E-004
#    -23    -3       4.6741440437E-005
#    -23    -2       2.1754273702E-005
#    -23    -1       9.9948455897E-005
#    -23     0       5.8821592902E-005
#    -23     1       5.1240745768E-004
#    -23     2       2.4247538287E-004
#    -23     3       1.6591012263E-004
#    -23     4       4.3506106914E-006
#    -23     5       1.8121906280E-005
#    -23     6       7.9839446655E-005
#    -23     7       1.2291963071E-004
#    -23     8       8.0758521213E-005
#    -23     9       4.7212966963E-006
#    -23    10       2.6199105517E-005
#    -23    11       8.2812311011E-004
#    -23    12       3.4933947838E-004
#    -23    13       4.2200189453E-004
#    -23    14       1.5766853705E-004
#    -23    15       3.4985759634E-005
#    -23    16       1.6610877210E-004
#    -23    17       5.5519039318E-005
#    -23    18       1.5558912037E-004
#    -23    19       1.4793974705E-005
#    -23    20       1.1795399950E-005
#    -23    21       5.0277329706E-004
#    -23    22       9.7718781658E-005
#    -23    23       2.2444852051E-004
#    -23    24       2.1098136173E-004
#    -23    25       9.0831171391E-005
#    -23    26       2.2382245712E-004
#    -22   -21       4.3532725768E-005
#    -22   -20       1.1913784043E-005
#    -22   -19       1.0458040315E-004
#    -22   -18       2.4963561569E-004
#    -22   -17       3.0579189905E-004
#    -22   -16       3.7002467986E-004
#    -22   -15       3.8136431679E-005
#    -22   -14       5.0564748249E-005
#    -22   -13       1.3841826319E-004
#    -22   -12       8.4485363445E-005
#    -22   -11       1.8216700185E-004
#    -22   -10       9.1793821670E-007
#    -22    -9       1.4615855497E-005
#    -22    -8       5.4970811199E-005
#    -22    -7       7.4168275447E-005
#    -22    -6       2.0667166553E-004
#    -22    -5       3.8425965371E-005
#    -22    -4       1.2114593091E-004
#    -22    -3       2.9048134764E-005
#    -22    -2       4.0117949732E-005
#    -22    -1       5.6448600498E-004
#    -22     0       2.6637640455E-005
#    -22     1       1.0759956927E-004
#    -22     2       2.5261218310E-004
#    -22     3       1.0057697614E-004
#    -22     4       1.3114721312E-004
#    -22     5       2.5765172315E-005
#    -22     6       8.2243116219E-005
#    -22     7       1.0454112654E-004
#    -22     8       1.7615405523E-004
#    -22     9       5.9973720114E-004
#    -22    10       2.5771302210E-004
#    -22    11       3.3469008019E-004
#    -22    12       3.4583291680E-004
#    -22    13       3.6679230304E-004
#    -22    14       8.0142458571E-004
#    -22    15       6.6395894852E-005
#    -22    16       8.6598432388E-005
#    -22    17       1.0103958239E-004
#    -22    18       3.5569729962E-004
#    -22    19       2.6404575516E-004
#    -22    20       1.1575124718E-004
#    -22    21       9.1817831941E-005
#    -22    22       3.7601347409E-004
#    -22    23       1.0174260432E-004
#    -22    24       6.8433567303E-004
#    -22    25       2.7360203607E-005
#    -22    26       8.9889941484E-005
#    -21   -22       1.0223522381E-004
#    -21   -21       3.3594007396E-005
#    -21   -20       2.6747503257E-005
#    -21   -19       1.0416431251E-004
#    -21   -18       1.1167703388E-004
#    -21   -17       1.7803427302E-004
#    -21   -16       1.2934130021E-004
#    -21   -15       2.7042110389E-005
#    -21   -14       4.5286427634E-005
#    -21   -13       5.2660827272E-005
#    -21   -12       1.9338870186E-004
#    -21   -11       2.0305487089E-006
#    -21   -10       6.2797586739E-006
#    -21    -9       3.8852117580E-005
#    -21    -8       2.0482467574E-005
#    -21    -7       8.6945454684E-005
#    -21    -6       5.6418870496E-005
#    -21    -5       6.1359164592E-005
#    -21    -4       4.4562149649E-005
#    -21    -3       2.3994627434E-005
#    -21    -2       3.6747194759E-004
#    -21    -1       1.1084660920E-004
#    -21     0       1.1266320325E-004
#    -21     1       6.6078509634E-005
#    -21     2       2.3329857474E-008
#    -21     3       5.3267464912E-006
#    -21     4       8.0703360384E-006
#    -21     5       5.6253730846E-005
#    -21     6       7.2808859857E-005
#    -21     7       7.2733908070E-005
#    -21     8       2.1897626972E-004
#    -21     9       1.5001831203E-004
#    -21    10       1.1252021179E-004
#    -21    11       4.4528483398E-004
#    -21    12       2.7271711884E-004
#    -21    13       6.2303862196E-004
#    -21    14       1.9192287555E-004
#    -21    15       3.9113228136E-005
#    -21    16       1.1639790973E-004
#    -21    17       6.5731188765E-005
#    -21    18       7.6510946168E-005
#    -21    19       5.5609939985E-005
#    -21    20       3.7983715503E-005
#    -21    21       2.3180239631E-004
#    -21    22       6.7365274521E-005
#    -21    23       3.1047019618E-004
#    -21    24       1.3122012330E-004
#    -21    25       1.1604788993E-004
#    -20   -22       1.1392273868E-004
#    -20   -21       9.2368774570E-005
#    -20   -20       4.8361425573E-004
#    -20   -19       4.9370647167E-005
#    -20   -18       3.3276688387E-004
#    -20   -17       2.0212653332E-004
#    -20   -16       1.8673260213E-004
#    -20   -15       7.3926875048E-004
#    -20   -14       1.1532530083E-004
#    -20   -13       8.2945401482E-005
#    -20   -12       1.2972878725E-004
#    -20   -11       3.3111107080E-005
#    -20   -10       7.9357540154E-004
#    -20    -9       3.2853902406E-005
#    -20    -8       7.2789991253E-005
#    -20    -7       3.9544855164E-005
#    -20    -6       2.7847548944E-005
#    -20    -5       3.7416212313E-003
#    -20    -4       2.3944519181E-005
#    -20    -3       7.4336371285E-005
#    -20    -2       2.3396259145E-004
#    -20    -1       1.1350135797E-004
#    -20     0       1.3710105263E-002
#    -20     1       3.5803212994E-005
#    -20     2       9.5696542137E-006
#    -20     3       8.1115707857E-005
#    -20     4       3.6553490464E-005
#    -20     5       1.2380499134E-002
#    -20     6       6.7181192529E-005
#    -20     7       9.7211413089E-005
#    -20     8       1.3485476458E-004
#    -20     9       1.0815702502E-004
#    -20    10       6.3065814211E-003
#    -20    11       1.1609544064E-004
#    -20    12       3.4834021277E-004
#    -20    13       3.6739097913E-004
#    -20    14       1.3579780150E-004
#    -20    15       1.2979098027E-003
#    -20    16       1.4730589412E-005
#    -20    17       1.8842109114E-004
#    -20    18       1.6962423722E-004
#    -20    19       4.7660683009E-005
#    -20    20       2.6733116463E-003
#    -20    21       1.0002577315E-004
#    -20    22       9.3858751730E-005
#    -20    23       3.0411978119E-004
#    -20    24       2.6772265888E-004
#    -20    25       1.4755381558E-003
#    -19   -23       2.5560343307E-005
#    -19   -22       6.4094807273E-005
#    -19   -21       6.3921086385E-005
#    -19   -20       1.1051644225E-004
#    -19   -19       4.9999646527E-005
#    -19   -18       3.4903677143E-004
#    -19   -17       6.0070880453E-005
#    -19   -16       4.8745522073E-005
#    -19   -15       5.3978754350E-005
#    -19   -14       5.4240361817E-005
#    -19   -13       3.8252662416E-005
#    -19   -12       3.1227208718E-005
#    -19   -11       2.7870833086E-005
#    -19   -10       1.4269498297E-005
#    -19    -9       3.3241678090E-005
#    -19    -8       6.4432362166E-005
#    -19    -7       2.4074383014E-005
#    -19    -6       4.5069244027E-005
#    -19    -5       1.7466007781E-005
#    -19    -4       8.0843455424E-005
#    -19    -3       2.8581240893E-005
#    -19    -2       9.4026306420E-006
#    -19    -1       3.7654516480E-005
#    -19     0       5.1039324168E-007
#    -19     1       7.5871617951E-005
#    -19     2       8.1461166434E-005
#    -19     3       4.9133847209E-005
#    -19     4       1.1875690441E-004
#    -19     5       2.4072753523E-005
#    -19     6       6.8008401997E-005
#    -19     7       7.7098042132E-005
#    -19     8       2.2101733373E-005
#    -19     9       2.6397898924E-004
#    -19    10       6.1913186525E-005
#    -19    11       2.4520859319E-004
#    -19    12       1.3097220228E-004
#    -19    13       5.7301598399E-005
#    -19    14       1.1137939860E-004
#    -19    15       2.5892945040E-005
#    -19    16       2.8694371622E-005
#    -19    17       2.9697256758E-004
#    -19    18       3.9046388769E-005
#    -19    19       7.6335960131E-005
#    -19    20       1.4507413427E-005
#    -19    21       1.2535462947E-004
#    -19    22       1.5291181523E-004
#    -19    23       1.4649215425E-004
#    -19    24       1.8584814889E-004
#    -19    25       7.8889112390E-005
#    -18   -23       9.3308519673E-005
#    -18   -22       9.2021431083E-005
#    -18   -21       1.3406035529E-004
#    -18   -20       2.5843277070E-005
#    -18   -19       4.7969650435E-004
#    -18   -18       1.0115670151E-004
#    -18   -17       1.6845140806E-004
#    -18   -16       2.4505083757E-005
#    -18   -15       2.7106580163E-005
#    -18   -14       1.2751891322E-004
#    -18   -13       5.4577999219E-005
#    -18   -12       2.5705807909E-005
#    -18   -11       6.4857184243E-006
#    -18   -10       3.3241980960E-005
#    -18    -9       8.9155068663E-005
#    -18    -8       3.9757355827E-005
#    -18    -7       1.3647355185E-004
#    -18    -6       2.9749451776E-005
#    -18    -5       1.8718094839E-005
#    -18    -4       8.2999950796E-005
#    -18    -3       1.8111966996E-005
#    -18    -2       2.4704891088E-005
#    -18    -1       3.7544769591E-005
#    -18     0       5.8247635590E-005
#    -18     1       1.0942767743E-003
#    -18     2       4.8717812076E-004
#    -18     3       3.4804605837E-004
#    -18     4       2.3155353917E-005
#    -18     5       6.1456659458E-005
#    -18     6       5.0347328477E-004
#    -18     7       2.4436909253E-004
#    -18     8       2.5335394496E-004
#    -18     9       2.3573658007E-004
#    -18    10       6.4851689675E-005
#    -18    11       1.2217582880E-004
#    -18    12       7.0481419284E-005
#    -18    13       7.9434329413E-005
#    -18    14       5.2861295019E-005
#    -18    15       6.9469836804E-005
#    -18    16       7.5188866956E-004
#    -18    17       2.8748286797E-004
#    -18    18       5.6344129912E-005
#    -18    19       2.2620089744E-005
#    -18    20       5.7810756019E-006
#    -18    21       3.8780329173E-004
#    -18    22       2.9000244879E-004
#    -18    23       4.6115389968E-005
#    -18    24       3.4740516902E-004
#    -17   -24       5.1197512199E-005
#    -17   -23       8.2110643734E-005
#    -17   -22       9.3242589811E-005
#    -17   -21       4.2696639548E-004
#    -17   -20       5.3773848890E-005
#    -17   -19       1.9526106120E-004
#    -17   -18       1.7097602012E-004
#    -17   -17       2.2427358220E-004
#    -17   -16       1.4845630131E-004
#    -17   -15       2.8579465404E-005
#    -17   -14       4.5785784803E-006
#    -17   -13       2.2898623978E-005
#    -17   -12       4.5361659132E-005
#    -17   -11       4.2752340203E-004
#    -17   -10       4.2422355158E-005
#    -17    -9       6.1284186073E-005
#    -17    -8       2.2054757006E-005
#    -17    -7       8.5954732212E-006
#    -17    -6       8.8197738131E-005
#    -17    -5       1.6445079740E-005
#    -17    -4       1.4525082229E-004
#    -17    -3       1.1867945274E-005
#    -17    -2       1.2485092554E-004
#    -17    -1       1.1258551866E-003
#    -17     0       1.4238567174E-004
#    -17     1       4.8223033994E-004
#    -17     2       9.5977448644E-004
#    -17     3       4.0821732399E-004
#    -17     4       1.0486570014E-003
#    -17     5       9.3736043165E-005
#    -17     6       4.0846189984E-004
#    -17     7       8.2379050570E-004
#    -17     8       4.8475035979E-004
#    -17     9       4.9005158295E-004
#    -17    10       6.9249125404E-005
#    -17    11       3.5068967933E-005
#    -17    12       7.0549649512E-005
#    -17    13       9.4495518485E-006
#    -17    14       8.5450390500E-005
#    -17    15       3.6633377067E-005
#    -17    16       3.3697258710E-005
#    -17    17       7.7102799840E-006
#    -17    18       8.4900650599E-005
#    -17    19       1.6622143597E-004
#    -17    20       3.4789289815E-005
#    -17    21       7.5519705169E-005
#    -17    22       5.6659464921E-006
#    -17    23       6.2554891538E-004
#    -17    24       4.1847653254E-004
#    -16   -24       4.4262982084E-005
#    -16   -23       3.1357082275E-005
#    -16   -22       2.8388701795E-004
#    -16   -21       5.2208735755E-005
#    -16   -20       6.3478301273E-005
#    -16   -19       1.9142597418E-004
#    -16   -18       8.6909473591E-005
#    -16   -17       5.9188535744E-005
#    -16   -16       4.5831234787E-005
#    -16   -15       2.2591912504E-005
#    -16   -14       1.3078255951E-005
#    -16   -13       1.1839157692E-005
#    -16   -12       3.0478968557E-004
#    -16   -11       8.5377704713E-005
#    -16   -10       3.0631090656E-005
#    -16    -9       6.5725065884E-005
#    -16    -8       1.4768617230E-005
#    -16    -7       8.5914974773E-005
#    -16    -6       4.2918103396E-005
#    -16    -5       8.9105158668E-005
#    -16    -4       2.9478731997E-005
#    -16    -3       4.3249105359E-005
#    -16    -2       6.3383320698E-004
#    -16    -1       5.5312679503E-004
#    -16     0       3.3038979106E-004
#    -16     1       6.6269873428E-004
#    -16     2       7.0632763406E-005
#    -16     3       4.7617690484E-004
#    -16     4       3.2818884641E-004
#    -16     5       2.7991157252E-005
#    -16     6       4.5280716489E-004
#    -16     7       2.2220089382E-004
#    -16     8       1.7551826331E-004
#    -16     9       2.8660873840E-005
#    -16    10       3.8311692365E-005
#    -16    11       1.2266970041E-004
#    -16    12       1.4625862822E-004
#    -16    13       4.5614640863E-005
#    -16    14       4.2088881892E-006
#    -16    15       2.4259199599E-005
#    -16    16       1.5522819795E-006
#    -16    17       2.6567606894E-005
#    -16    18       9.3589450689E-005
#    -16    19       1.2479604869E-005
#    -16    20       2.0107995851E-004
#    -16    21       2.3550234198E-004
#    -16    22       9.3373314775E-006
#    -16    23       3.1612046436E-004
#    -15   -25       1.8310413388E-004
#    -15   -24       1.3946429568E-004
#    -15   -23       1.9444638204E-004
#    -15   -22       2.2765309799E-004
#    -15   -21       8.9480770351E-005
#    -15   -20       7.8350842964E-004
#    -15   -19       2.1871618819E-005
#    -15   -18       1.6499938063E-004
#    -15   -17       8.2411275741E-005
#    -15   -16       2.3129753456E-005
#    -15   -15       4.8622804113E-004
#    -15   -14       1.4744210314E-004
#    -15   -13       1.9569406475E-004
#    -15   -12       2.7657290067E-004
#    -15   -11       2.3840051887E-005
#    -15   -10       5.1377984605E-003
#    -15    -9       1.4210860280E-005
#    -15    -8       1.4490616166E-004
#    -15    -7       2.0321475567E-004
#    -15    -6       6.9502810022E-005
#    -15    -5       1.2036042909E-002
#    -15    -4       1.0454546829E-004
#    -15    -3       1.7388313472E-004
#    -15    -2       8.0346353570E-004
#    -15    -1       7.1674492577E-004
#    -15     0       1.9475704130E-002
#    -15     1       7.4549986259E-004
#    -15     2       7.3475969917E-004
#    -15     3       4.9226373276E-004
#    -15     4       4.4486472626E-004
#    -15     5       2.0468053789E-002
#    -15     6       2.5360435539E-004
#    -15     7       3.7913435612E-004
#    -15     8       4.5351023429E-005
#    -15     9       8.8571184698E-006
#    -15    10       1.1728956030E-002
#    -15    11       7.7571805351E-005
#    -15    12       2.1450615546E-004
#    -15    13       8.7133316177E-005
#    -15    14       1.8102082079E-005
#    -15    15       1.5336579983E-002
#    -15    16       8.4723259936E-006
#    -15    17       1.0873698145E-004
#    -15    18       5.1466686191E-004
#    -15    19       2.7630156869E-005
#    -15    20       8.8121601654E-004
#    -15    21       2.8094209196E-004
#    -15    22       3.1090797586E-004
#    -15    23       5.6294215625E-004
#    -14   -25       3.2505045310E-005
#    -14   -24       1.9784483382E-004
#    -14   -23       9.2929178877E-005
#    -14   -22       1.0409083253E-004
#    -14   -21       1.1358899551E-004
#    -14   -20       6.2848101185E-005
#    -14   -19       9.2672396614E-005
#    -14   -18       1.5603628105E-004
#    -14   -17       6.7948043354E-006
#    -14   -16       8.1942849538E-006
#    -14   -15       1.2104240527E-005
#    -14   -14       9.4082447342E-005
#    -14   -13       1.9635656266E-004
#    -14   -12       1.5531125201E-004
#    -14   -11       9.6774374392E-005
#    -14   -10       3.8144251454E-005
#    -14    -9       1.2679731862E-004
#    -14    -8       7.5900038912E-005
#    -14    -7       9.4511870354E-005
#    -14    -6       1.1856156466E-004
#    -14    -5       1.0752687689E-005
#    -14    -4       1.2235961222E-004
#    -14    -3       4.7193967493E-004
#    -14    -2       1.9061164439E-004
#    -14    -1       5.4214934009E-004
#    -14     0       2.5471279134E-004
#    -14     1       2.7851012871E-004
#    -14     2       5.1957536807E-004
#    -14     3       7.7243407749E-005
#    -14     4       2.3397950475E-004
#    -14     5       5.0729880054E-005
#    -14     6       1.9524643408E-005
#    -14     7       7.0108493588E-005
#    -14     8       2.4170266049E-005
#    -14     9       2.4731701413E-004
#    -14    10       1.7008080256E-004
#    -14    11       4.1828532296E-004
#    -14    12       2.0545157542E-004
#    -14    13       3.5465202644E-005
#    -14    14       6.0902817562E-005
#    -14    15       2.0987852367E-005
#    -14    16       1.0398155675E-005
#    -14    17       3.7533522774E-004
#    -14    18       1.0855138103E-004
#    -14    19       1.4393995406E-004
#    -14    20       2.0704979192E-004
#    -14    21       7.1617771985E-004
#    -14    22       3.6499188625E-004
#    -13   -26       5.2500706826E-006
#    -13   -25       3.5263958910E-005
#    -13   -24       3.9704269990E-004
#    -13   -23       2.6061970897E-004
#    -13   -22       1.4277844069E-004
#    -13   -21       1.0019225959E-004
#    -13   -20       3.3730837452E-005
#    -13   -19       1.9095759411E-004
#    -13   -18       5.5883915326E-005
#    -13   -17       5.3824144460E-006
#    -13   -16       2.5792282850E-005
#    -13   -15       4.9190131743E-005
#    -13   -14       3.8299681335E-004
#    -13   -13       3.5572750520E-004
#    -13   -12       1.3928923938E-004
#    -13   -11       4.4704508430E-005
#    -13   -10       2.6735719271E-006
#    -13    -9       5.6813419627E-004
#    -13    -8       2.5645959092E-004
#    -13    -7       2.2549404203E-004
#    -13    -6       7.0170105917E-006
#    -13    -5       9.3363171562E-005
#    -13    -4       1.1292659586E-003
#    -13    -3       7.0554915893E-004
#    -13    -2       6.2691156045E-004
#    -13    -1       4.4939462464E-004
#    -13     0       1.0517678721E-004
#    -13     1       1.2465711537E-004
#    -13     2       1.3341029817E-005
#    -13     3       4.5572662488E-005
#    -13     4       8.5169907565E-006
#    -13     5       1.0821506609E-004
#    -13     6       8.5607789759E-004
#    -13     7       4.3867819017E-004
#    -13     8       2.2166686276E-004
#    -13     9       3.5147586260E-004
#    -13    10       2.0192765292E-004
#    -13    11       1.1551466879E-003
#    -13    12       4.3761839888E-004
#    -13    13       2.2179078341E-004
#    -13    14       9.1637952614E-005
#    -13    15       6.7410964578E-005
#    -13    16       1.2892858064E-003
#    -13    17       3.1084377856E-004
#    -13    18       1.6611122533E-004
#    -13    19       1.4180569959E-004
#    -13    20       5.6582604166E-005
#    -13    21       6.4472565022E-004
#    -12   -26       2.0222016796E-004
#    -12   -25       4.6846535114E-005
#    -12   -24       6.6284140257E-005
#    -12   -23       2.1187408127E-004
#    -12   -22       2.0751174653E-004
#    -12   -21       4.3416276353E-004
#    -12   -20       8.6723919808E-006
#    -12   -19       3.9028848844E-005
#    -12   -18       1.4540893658E-005
#    -12   -17       9.2756404935E-006
#    -12   -16       1.1565078041E-004
#    -12   -15       1.6450608918E-005
#    -12   -14       3.3333897007E-005
#    -12   -13       1.4584780646E-004
#    -12   -12       1.3370111349E-004
#    -12   -11       7.8590958328E-004
#    -12   -10       8.9790267571E-005
#    -12    -9       2.0050404723E-004
#    -12    -8       2.0567312374E-004
#    -12    -7       7.6792116315E-005
#    -12    -6       4.2482138803E-004
#    -12    -5       3.0012929877E-005
#    -12    -4       5.5325833719E-004
#    -12    -3       7.3094239165E-004
#    -12    -2       4.2219944936E-004
#    -12    -1       1.5072191846E-004
#    -12     0       5.2556821956E-006
#    -12     1       1.3365060113E-005
#    -12     2       4.4230166743E-004
#    -12     3       4.0977002502E-004
#    -12     4       1.5880045662E-003
#    -12     5       2.5772412404E-004
#    -12     6       7.9472262427E-004
#    -12     7       1.3119628474E-003
#    -12     8       7.5133565107E-004
#    -12     9       1.5113513503E-003
#    -12    10       5.5741210119E-005
#    -12    11       1.8684823145E-004
#    -12    12       1.9108126111E-004
#    -12    13       1.7606181435E-004
#    -12    14       7.1110249613E-004
#    -12    15       1.4642621755E-004
#    -12    16       3.5193536708E-004
#    -12    17       2.1599740484E-004
#    -12    18       3.1021348923E-005
#    -12    19       8.1714292442E-004
#    -12    20       4.3295917614E-005
#    -12    21       4.7195625964E-004
#    -11   -26       6.6291744258E-005
#    -11   -25       1.5462123847E-005
#    -11   -24       9.0522252174E-005
#    -11   -23       8.0690432527E-005
#    -11   -22       2.6088688795E-004
#    -11   -21       4.3443494228E-005
#    -11   -20       5.5108527391E-005
#    -11   -19       6.2516459619E-006
#    -11   -18       5.7899284565E-006
#    -11   -17       3.2709739209E-005
#    -11   -16       6.6936013374E-005
#    -11   -15       8.1974357599E-005
#    -11   -14       5.1664425006E-005
#    -11   -13       4.5588195472E-005
#    -11   -12       3.9213425519E-004
#    -11   -11       2.5021142806E-004
#    -11   -10       1.3692078262E-004
#    -11    -9       2.2375989570E-004
#    -11    -8       4.6112386353E-005
#    -11    -7       2.5627640682E-004
#    -11    -6       2.3259910653E-004
#    -11    -5       2.5889598960E-004
#    -11    -4       9.5913049686E-005
#    -11    -3       1.2943734974E-004
#    -11    -2       3.3643168670E-006
#    -11    -1       1.0148105763E-004
#    -11     0       8.6876197187E-005
#    -11     1       4.6148902579E-004
#    -11     2       2.1868656216E-004
#    -11     3       8.7861797854E-004
#    -11     4       6.7074069707E-004
#    -11     5       1.7738848820E-004
#    -11     6       6.0574992096E-004
#    -11     7       2.2752409498E-004
#    -11     8       5.9579879013E-004
#    -11     9       3.1347778969E-004
#    -11    10       1.9493103191E-004
#    -11    11       1.9943736203E-004
#    -11    12       1.7185645543E-005
#    -11    13       1.9347866785E-004
#    -11    14       3.9055645416E-004
#    -11    15       9.5867818357E-005
#    -11    16       1.5276326924E-004
#    -11    17       5.0007013134E-005
#    -11    18       1.1777289617E-004
#    -11    19       2.1335615884E-004
#    -11    20       2.5718206909E-004
#    -10   -27       2.9335992063E-005
#    -10   -26       8.2994824276E-005
#    -10   -25       4.9925487307E-004
#    -10   -24       2.6289708986E-004
#    -10   -23       2.6485999860E-004
#    -10   -22       1.0987085469E-004
#    -10   -21       9.8037314797E-005
#    -10   -20       6.2706550540E-005
#    -10   -19       4.7036553265E-005
#    -10   -18       4.4913599540E-005
#    -10   -17       1.5923998553E-007
#    -10   -16       5.5026890248E-005
#    -10   -15       3.4067341124E-003
#    -10   -14       1.0972100210E-004
#    -10   -13       5.1091269272E-004
#    -10   -12       3.2901129621E-004
#    -10   -11       2.2404551433E-004
#    -10   -10       6.7295715767E-003
#    -10    -9       1.2263248228E-004
#    -10    -8       2.1088298022E-004
#    -10    -7       8.7078546194E-004
#    -10    -6       4.2873409035E-004
#    -10    -5       2.0342882760E-002
#    -10    -4       1.9471763922E-004
#    -10    -3       8.2534399350E-005
#    -10    -2       2.8627307222E-004
#    -10    -1       4.9649396005E-004
#    -10     0       2.8942029922E-002
#    -10     1       1.1246676559E-003
#    -10     2       1.4233269109E-003
#    -10     3       1.4001823020E-003
#    -10     4       1.1672533291E-003
#    -10     5       9.0035739280E-003
#    -10     6       1.2309549638E-003
#    -10     7       1.0621645281E-003
#    -10     8       6.4601533991E-004
#    -10     9       2.0738346104E-004
#    -10    10       1.5802296534E-002
#    -10    11       5.7167790909E-005
#    -10    12       1.2365886300E-004
#    -10    13       4.0717505173E-004
#    -10    14       4.2813104908E-004
#    -10    15       1.6481133708E-002
#    -10    16       2.7208999880E-004
#    -10    17       3.2996358692E-004
#    -10    18       3.3849636268E-004
#    -10    19       1.6414644604E-004
#     -9   -27       1.5560641682E-005
#     -9   -26       1.5918762877E-004
#     -9   -25       8.9856239042E-005
#     -9   -24       4.1953069676E-005
#     -9   -23       5.1956223930E-004
#     -9   -22       6.5233038514E-005
#     -9   -21       9.2888097064E-005
#     -9   -20       1.6642625151E-005
#     -9   -19       1.8378669086E-005
#     -9   -18       2.1251086773E-005
#     -9   -17       1.3489389631E-006
#     -9   -16       5.3198246750E-005
#     -9   -15       1.6743639305E-005
#     -9   -14       1.8266684031E-004
#     -9   -13       3.6853634726E-004
#     -9   -12       1.5637464719E-004
#     -9   -11       3.0237060791E-004
#     -9   -10       4.2633010020E-005
#     -9    -9       5.3490985777E-005
#     -9    -8       5.6620914598E-004
#     -9    -7       1.6969418615E-004
#     -9    -6       3.0509158820E-004
#     -9    -5       6.2521462519E-005
#     -9    -4       1.3126754104E-006
#     -9    -3       3.4219838593E-004
#     -9    -2       1.7462415233E-004
#     -9    -1       8.3930692733E-004
#     -9     0       4.1802281023E-004
#     -9     1       6.7102269468E-004
#     -9     2       1.5842024086E-003
#     -9     3       1.7474414182E-004
#     -9     4       8.3096662563E-004
#     -9     5       1.1174337706E-004
#     -9     6       5.1130684061E-005
#     -9     7       3.2592440141E-004
#     -9     8       1.9937899733E-004
#     -9     9       4.2729057856E-005
#     -9    10       7.4748805476E-005
#     -9    11       8.8412642572E-005
#     -9    12       2.2573942101E-004
#     -9    13       2.9814690419E-005
#     -9    14       1.3715190914E-004
#     -9    15       8.0495850848E-005
#     -9    16       1.5755027621E-004
#     -9    17       1.1869429290E-003
#     -9    18       4.0143837754E-004
#     -9    19       3.6273637073E-005
#     -8   -27       1.2383057503E-004
#     -8   -26       1.3711830422E-004
#     -8   -25       4.5604436315E-005
#     -8   -24       4.7096603681E-004
#     -8   -23       1.3226449125E-004
#     -8   -22       2.9047438539E-004
#     -8   -21       3.9923487920E-005
#     -8   -20       1.0716145041E-005
#     -8   -19       8.5840295346E-005
#     -8   -18       3.3809942454E-005
#     -8   -17       5.4253277000E-005
#     -8   -16       2.6711842159E-005
#     -8   -15       5.4548214578E-005
#     -8   -14       8.8479142319E-004
#     -8   -13       5.4330306805E-004
#     -8   -12       4.2441779601E-004
#     -8   -11       3.4006185563E-005
#     -8   -10       1.1149085622E-004
#     -8    -9       6.3835755910E-004
#     -8    -8       3.3042010594E-004
#     -8    -7       3.3335402238E-004
#     -8    -6       2.0845629764E-004
#     -8    -5       1.0516040577E-004
#     -8    -4       1.5098923378E-003
#     -8    -3       1.1646930768E-003
#     -8    -2       1.2001564496E-003
#     -8    -1       9.8853101946E-004
#     -8     0       3.4820654003E-004
#     -8     1       1.7503739963E-003
#     -8     2       2.3434714602E-004
#     -8     3       5.4482581336E-004
#     -8     4       1.8958796727E-004
#     -8     5       2.3663692789E-005
#     -8     6       2.5455493172E-004
#     -8     7       3.1729904757E-004
#     -8     8       5.2838128252E-005
#     -8     9       1.2806444136E-005
#     -8    10       3.8994320822E-005
#     -8    11       8.2816087750E-004
#     -8    12       1.1821853195E-003
#     -8    13       2.1441659310E-004
#     -8    14       1.5394239317E-004
#     -8    15       1.8252702939E-004
#     -8    16       2.4537233469E-003
#     -8    17       1.7037001629E-003
#     -8    18       2.3055218867E-004
#     -7   -27       8.6540216395E-005
#     -7   -26       3.0614862859E-004
#     -7   -25       1.0017405612E-004
#     -7   -24       1.3323127673E-004
#     -7   -23       4.5611482706E-004
#     -7   -22       2.0943279703E-004
#     -7   -21       2.1481391167E-004
#     -7   -20       3.5777453615E-005
#     -7   -19       4.3691608136E-005
#     -7   -18       3.2972688480E-005
#     -7   -17       4.2731644443E-005
#     -7   -16       1.6936781648E-004
#     -7   -15       1.5304848847E-005
#     -7   -14       6.6448032851E-005
#     -7   -13       3.3922679790E-004
#     -7   -12       1.7697368551E-004
#     -7   -11       6.4289332094E-005
#     -7   -10       1.9855938792E-005
#     -7    -9       2.9189393331E-005
#     -7    -8       2.8326903237E-005
#     -7    -7       1.6562127613E-004
#     -7    -6       8.8593154608E-004
#     -7    -5       1.2659545575E-004
#     -7    -4       1.1005741633E-003
#     -7    -3       1.3282488368E-003
#     -7    -2       1.0046860385E-003
#     -7    -1       1.2529795188E-003
#     -7     0       1.8635561737E-004
#     -7     1       8.7248734176E-005
#     -7     2       1.9682572099E-005
#     -7     3       1.4134656215E-004
#     -7     4       1.6319283173E-004
#     -7     5       2.8084886928E-005
#     -7     6       3.4097600293E-004
#     -7     7       4.8828275598E-004
#     -7     8       4.0170744040E-007
#     -7     9       1.9116088020E-004
#     -7    10       9.1147510409E-005
#     -7    11       7.3339245476E-004
#     -7    12       7.3760049988E-004
#     -7    13       9.7726456650E-004
#     -7    14       3.2404646923E-004
#     -7    15       5.7838845319E-005
#     -7    16       2.9405329196E-004
#     -7    17       5.6624421898E-004
#     -6   -27       1.4047124289E-004
#     -6   -26       1.0380173994E-004
#     -6   -25       2.0687290090E-005
#     -6   -24       2.6326165527E-004
#     -6   -23       1.6880649846E-004
#     -6   -22       1.8723441536E-004
#     -6   -21       7.8925335363E-005
#     -6   -20       3.5916109786E-006
#     -6   -19       1.7804801173E-005
#     -6   -18       1.4351970320E-005
#     -6   -17       6.6584012459E-005
#     -6   -16       1.9275465444E-004
#     -6   -15       7.7854431575E-005
#     -6   -14       5.8129535635E-005
#     -6   -13       1.1284106241E-004
#     -6   -12       8.0415847707E-005
#     -6   -11       1.4098666130E-005
#     -6   -10       3.8926829112E-005
#     -6    -9       9.0177727815E-006
#     -6    -8       4.5214522934E-005
#     -6    -7       2.9503792152E-004
#     -6    -6       4.3501476152E-004
#     -6    -5       6.4698990812E-004
#     -6    -4       4.2111934924E-004
#     -6    -3       2.0994179969E-004
#     -6    -2       3.1127941161E-004
#     -6    -1       4.9890415810E-005
#     -6     0       4.7093578005E-006
#     -6     1       7.8425959922E-005
#     -6     2       2.1044780254E-004
#     -6     3       1.7763615104E-004
#     -6     4       2.0400384931E-004
#     -6     5       9.0180249068E-005
#     -6     6       2.2927909856E-004
#     -6     7       2.9184801126E-005
#     -6     8       5.8085821889E-005
#     -6     9       2.7555422242E-004
#     -6    10       7.1989176456E-004
#     -6    11       1.2984307179E-003
#     -6    12       9.4135999360E-004
#     -6    13       1.2209497854E-004
#     -6    14       6.5524314919E-005
#     -6    15       2.4715476153E-004
#     -6    16       2.0278288631E-004
#     -5   -27       2.9358364718E-004
#     -5   -26       8.3148521929E-005
#     -5   -25       6.4017307715E-004
#     -5   -24       7.9037086625E-005
#     -5   -23       1.6919677142E-004
#     -5   -22       3.1429312990E-004
#     -5   -21       7.1515712912E-005
#     -5   -20       1.4639807002E-003
#     -5   -19       4.4250869603E-005
#     -5   -18       6.6929958926E-005
#     -5   -17       1.1788032841E-004
#     -5   -16       1.4274292200E-004
#     -5   -15       1.1419070806E-003
#     -5   -14       4.3385389610E-005
#     -5   -13       2.8116003103E-005
#     -5   -12       3.1668809039E-005
#     -5   -11       8.7914538471E-005
#     -5   -10       1.1971887346E-002
#     -5    -9       1.1534796300E-004
#     -5    -8       3.2941962173E-004
#     -5    -7       1.4579565745E-003
#     -5    -6       7.7604327181E-004
#     -5    -5       8.6399978309E-003
#     -5    -4       1.1003939992E-003
#     -5    -3       6.2901514701E-004
#     -5    -2       8.6864334216E-005
#     -5    -1       1.5852737120E-004
#     -5     0       9.3979136525E-003
#     -5     1       7.7214451238E-004
#     -5     2       9.2363935815E-004
#     -5     3       6.9750656668E-004
#     -5     4       7.0015074493E-004
#     -5     5       6.2995573365E-004
#     -5     6       2.9604383601E-004
#     -5     7       9.3553581465E-005
#     -5     8       8.1217150772E-004
#     -5     9       7.7307168638E-004
#     -5    10       3.9810386663E-002
#     -5    11       7.2530692323E-004
#     -5    12       9.7216935059E-004
#     -5    13       9.0327799078E-005
#     -5    14       6.9072221653E-004
#     -5    15       1.6085068823E-002
#     -4   -28       4.7848508048E-005
#     -4   -27       7.6013537631E-005
#     -4   -26       1.2165388417E-004
#     -4   -25       9.0180176437E-005
#     -4   -24       5.3457278776E-005
#     -4   -23       2.6703387270E-004
#     -4   -22       5.5560763963E-005
#     -4   -21       8.0209545737E-005
#     -4   -20       7.2876437519E-005
#     -4   -19       1.7344106415E-005
#     -4   -18       2.2484170072E-004
#     -4   -17       5.1060436033E-005
#     -4   -16       1.1605621819E-005
#     -4   -15       1.9915533081E-004
#     -4   -14       2.0069376368E-004
#     -4   -13       3.2675952872E-005
#     -4   -12       5.0990175959E-005
#     -4   -11       2.0793955989E-004
#     -4   -10       1.4090501147E-004
#     -4    -9       2.1787696650E-004
#     -4    -8       1.0176061335E-003
#     -4    -7       4.3290756953E-004
#     -4    -6       7.4801068835E-004
#     -4    -5       9.2227713935E-005
#     -4    -4       1.5743623232E-004
#     -4    -3       5.0998421527E-005
#     -4    -2       1.0168972385E-004
#     -4    -1       4.0853979794E-004
#     -4     0       3.0650266938E-005
#     -4     1       1.3196000392E-005
#     -4     2       3.3773746596E-004
#     -4     3       7.7422040384E-006
#     -4     4       2.9548798062E-004
#     -4     5       6.6224766827E-005
#     -4     6       9.9369957471E-005
#     -4     7       5.9830163955E-004
#     -4     8       7.0594147607E-004
#     -4     9       8.3661251900E-004
#     -4    10       6.4608587620E-004
#     -4    11       9.2855336836E-004
#     -4    12       3.9327715488E-004
#     -4    13       1.7706730755E-005
#     -4    14       1.4835539241E-004
#     -3   -28       1.3802682551E-004
#     -3   -27       4.3403000276E-005
#     -3   -26       1.5371996878E-004
#     -3   -25       6.1085248110E-005
#     -3   -24       5.8510397354E-004
#     -3   -23       7.9061676268E-005
#     -3   -22       5.5921941698E-005
#     -3   -21       1.8234081233E-004
#     -3   -20       6.3013713723E-005
#     -3   -19       2.9480693293E-004
#     -3   -18       1.0206842347E-004
#     -3   -17       1.5114150617E-004
#     -3   -16       9.7350675011E-005
#     -3   -15       1.5804948162E-005
#     -3   -14       1.1798024731E-004
#     -3   -13       3.3400681115E-006
#     -3   -12       1.8794506782E-004
#     -3   -11       1.1293227125E-004
#     -3   -10       1.5657225371E-004
#     -3    -9       1.8442799630E-003
#     -3    -8       7.5214413105E-004
#     -3    -7       1.0280110377E-003
#     -3    -6       2.9257653162E-004
#     -3    -5       3.2943733018E-007
#     -3    -4       2.0657411911E-004
#     -3    -3       3.3875492108E-004
#     -3    -2       6.2588754120E-004
#     -3    -1       2.5230708321E-004
#     -3     0       7.4304570607E-005
#     -3     1       5.7894120982E-005
#     -3     2       1.1775481108E-005
#     -3     3       2.4919922929E-004
#     -3     4       1.3742399964E-004
#     -3     5       1.0157257625E-005
#     -3     6       6.8402847369E-004
#     -3     7       2.9771398338E-004
#     -3     8       3.6955680431E-004
#     -3     9       1.6381782370E-004
#     -3    10       1.4008048516E-004
#     -3    11       1.8440910840E-003
#     -3    12       3.0282989312E-005
#     -3    13       9.7488882647E-005
#     -2   -28       6.8918741062E-005
#     -2   -27       2.3606671189E-004
#     -2   -26       5.6964848225E-004
#     -2   -25       2.8785271305E-005
#     -2   -24       6.7684735131E-005
#     -2   -23       3.0853744216E-004
#     -2   -22       2.7650742030E-004
#     -2   -21       4.3516597068E-004
#     -2   -20       2.2681561129E-004
#     -2   -19       1.0395207555E-004
#     -2   -18       7.9574687791E-005
#     -2   -17       3.0303575839E-004
#     -2   -16       6.7448103931E-004
#     -2   -15       1.4074256582E-005
#     -2   -14       4.0153793599E-005
#     -2   -13       6.5320713666E-005
#     -2   -12       3.3672202399E-004
#     -2   -11       1.0247561796E-003
#     -2   -10       3.4299235825E-004
#     -2    -9       3.4188154260E-004
#     -2    -8       6.1895212552E-004
#     -2    -7       3.1691552130E-004
#     -2    -6       5.4123193896E-004
#     -2    -5       4.1644907304E-005
#     -2    -4       4.1072664324E-004
#     -2    -3       6.5486041840E-004
#     -2    -2       8.4150267015E-005
#     -2    -1       1.9610427879E-005
#     -2     0       1.0184291742E-004
#     -2     1       3.1379219038E-004
#     -2     2       7.3507247504E-004
#     -2     3       4.7191847673E-004
#     -2     4       2.0380766735E-005
#     -2     5       1.0520729752E-005
#     -2     6       3.4715330696E-005
#     -2     7       2.1424114417E-005
#     -2     8       1.0030239232E-004
#     -2     9       8.6358906131E-004
#     -2    10       9.2766049408E-005
#     -2    11       5.5400711772E-004
#     -2    12       5.1657320751E-004
#     -1   -27       9.2158462860E-005
#     -1   -26       7.0728027400E-005
#     -1   -25       1.3603226035E-004
#     -1   -24       1.2090265298E-004
#     -1   -23       1.0096696285E-004
#     -1   -22       3.6649412237E-004
#     -1   -21       5.2309732255E-005
#     -1   -20       3.7767298414E-005
#     -1   -19       5.4880356640E-005
#     -1   -18       5.2372062714E-005
#     -1   -17       1.6763348545E-004
#     -1   -16       8.3215717747E-006
#     -1   -15       4.2238254391E-007
#     -1   -14       3.4667705729E-006
#     -1   -13       7.9035634884E-005
#     -1   -12       3.5827456709E-004
#     -1   -11       3.3356170035E-004
#     -1   -10       9.9321965162E-005
#     -1    -9       3.9528994138E-004
#     -1    -8       1.4667299254E-004
#     -1    -7       3.1789178964E-004
#     -1    -6       4.6838899595E-005
#     -1    -5       4.3508415832E-004
#     -1    -4       2.0417255764E-004
#     -1    -3       2.5330391231E-005
#     -1    -2       1.8553734393E-006
#     -1    -1       1.3840621801E-005
#     -1     0       2.0328143151E-004
#     -1     1       7.5296700095E-004
#     -1     2       7.0872565678E-004
#     -1     3       4.5425677049E-004
#     -1     4       2.1817115265E-005
#     -1     5       1.8715178450E-005
#     -1     6       4.7126740392E-004
#     -1     7       1.0086476578E-004
#     -1     8       1.8580764382E-004
#     -1     9       2.2158015926E-004
#     -1    10       4.1221486876E-004
#     -1    11       1.1613420292E-006
#      0   -27       2.0434573037E-004
#      0   -26       2.4216897170E-004
#      0   -25       5.1164953801E-004
#      0   -24       2.1362134208E-004
#      0   -23       4.0654179530E-004
#      0   -22       3.3614248754E-004
#      0   -21       9.6550953933E-005
#      0   -20       2.4514448899E-003
#      0   -19       6.3688026339E-005
#      0   -18       6.3909587226E-005
#      0   -17       1.0293337700E-006
#      0   -16       1.4341726053E-005
#      0   -15       1.6023057137E-002
#      0   -14       9.0449486203E-006
#      0   -13       1.3187468438E-004
#      0   -12       2.2711393405E-004
#      0   -11       8.4524681538E-005
#      0   -10       1.6414439133E-002
#      0    -9       7.6308570240E-005
#      0    -8       2.4465927365E-004
#      0    -7       4.2152808702E-004
#      0    -6       2.1582233516E-004
#      0    -5       5.5935319669E-004
#      0    -4       4.4432963673E-004
#      0    -3       1.1559613931E-004
#      0    -2       6.1525779532E-004
#      0    -1       1.1902017363E-003
#      0     0       2.9342317553E-002
#      0     1       1.6005217119E-003
#      0     2       1.3827859453E-003
#      0     3       6.9579048926E-005
#      0     4       4.3834806036E-004
#      0     5       7.4693595214E-003
#      0     6       6.9575066384E-004
#      0     7       4.3769224187E-004
#      0     8       5.1643106957E-005
#      0     9       8.1309222238E-004
#      0    10       1.2919250932E-002
#      1   -27       9.1005904843E-005
#      1   -26       9.6043242083E-005
#      1   -25       1.0345197574E-004
#      1   -24       2.2797463699E-004
#      1   -23       9.6207191122E-005
#      1   -22       2.9914604984E-005
#      1   -21       3.5351021931E-004
#      1   -20       6.4256492894E-005
#      1   -19       1.3577989851E-005
#      1   -18       2.7672078819E-005
#      1   -17       1.1195902127E-005
#      1   -16       3.4883492378E-006
#      1   -15       9.5358143968E-005
#      1   -14       2.0620000953E-004
#      1   -13       1.0050941387E-004
#      1   -12       1.7336978952E-005
#      1   -11       8.6481832127E-005
#      1   -10       1.5145717936E-005
#      1    -9       4.5336642219E-005
#      1    -8       1.1776071858E-005
#      1    -7       4.8083025208E-005
#      1    -6       7.3691820680E-005
#      1    -5       2.5662105168E-005
#      1    -4       2.9602293495E-004
#      1    -3       1.3855344535E-005
#      1    -2       4.5257599370E-004
#      1    -1       1.2276985046E-003
#      1     0       1.4922448391E-004
#      1     1       5.6132231276E-004
#      1     2       7.0107840927E-004
#      1     3       7.9537826872E-005
#      1     4       1.5837087090E-004
#      1     5       4.6127524353E-004
#      1     6       1.1045570364E-004
#      1     7       1.3311579471E-004
#      1     8       6.2116544838E-005
#      1     9       1.9680002256E-004
#      2   -27       8.8473871118E-005
#      2   -26       8.9196438405E-005
#      2   -25       1.5239788963E-004
#      2   -24       5.5984396785E-004
#      2   -23       4.7237826350E-004
#      2   -22       2.6624713286E-004
#      2   -21       4.8543968545E-006
#      2   -20       1.5698214518E-006
#      2   -19       2.0594627486E-004
#      2   -18       1.9426143629E-004
#      2   -17       1.4929008360E-004
#      2   -16       1.1805986543E-004
#      2   -15       1.0314551190E-004
#      2   -14       5.1058519000E-004
#      2   -13       2.6436604355E-004
#      2   -12       1.2402840606E-004
#      2   -11       2.4073995790E-004
#      2   -10       4.1475411560E-005
#      2    -9       2.1495398543E-004
#      2    -8       7.3414294095E-005
#      2    -7       1.9103234126E-004
#      2    -6       2.6718491270E-004
#      2    -5       5.1984953565E-005
#      2    -4       7.4794216899E-005
#      2    -3       4.9082789593E-004
#      2    -2       2.0285709824E-003
#      2    -1       8.6756332102E-004
#      2     0       3.2249618550E-005
#      2     1       1.5563423275E-003
#      2     2       4.6687747002E-005
#      2     3       1.4077169256E-004
#      2     4       4.7951280799E-004
#      2     5       5.5175033185E-005
#      2     6       9.8050105328E-004
#      2     7       4.6598737479E-004
#      2     8       4.5103424430E-004
#      3   -26       4.2701275910E-004
#      3   -25       1.6520283338E-004
#      3   -24       1.9252410104E-004
#      3   -23       2.4637003012E-004
#      3   -22       5.8539623295E-006
#      3   -21       3.2246361438E-004
#      3   -20       7.1445809454E-005
#      3   -19       1.2521438063E-004
#      3   -18       3.1132842188E-004
#      3   -17       3.5935767251E-004
#      3   -16       1.4293066503E-003
#      3   -15       1.2696824575E-004
#      3   -14       4.3572981479E-004
#      3   -13       1.4844139681E-004
#      3   -12       1.2069567725E-004
#      3   -11       1.1728327319E-003
#      3   -10       2.5262844526E-004
#      3    -9       7.1958347455E-004
#      3    -8       9.1557658323E-004
#      3    -7       3.5545427224E-004
#      3    -6       8.5461056707E-004
#      3    -5       5.1852665653E-005
#      3    -4       4.3278939306E-005
#      3    -3       2.4337080016E-005
#      3    -2       1.8625953879E-004
#      3    -1       1.9119040929E-003
#      3     0       1.3430544001E-004
#      3     1       6.2978032438E-004
#      3     2       1.3604284789E-003
#      3     3       1.7039040438E-003
#      3     4       1.6306528748E-003
#      3     5       7.2910805016E-005
#      3     6       8.6937898266E-005
#      4   -26       8.3902653873E-006
#      4   -25       5.9952333179E-006
#      4   -24       4.7035151024E-005
#      4   -23       1.1410800226E-004
#      4   -22       4.0623131303E-004
#      4   -21       5.6431973997E-005
#      4   -20       5.0446633226E-005
#      4   -19       1.8461271773E-004
#      4   -18       3.8703965800E-005
#      4   -17       1.4296877761E-004
#      4   -16       1.2197047589E-004
#      4   -15       6.6913986140E-005
#      4   -14       3.3580989169E-004
#      4   -13       9.8637635945E-005
#      4   -12       7.7414844552E-004
#      4   -11       8.3680236585E-004
#      4   -10       4.0691128860E-004
#      4    -9       1.0345481165E-003
#      4    -8       6.4861491399E-004
#      4    -7       6.8235453272E-004
#      4    -6       1.3546345182E-004
#      4    -5       1.0251843242E-005
#      4    -4       1.5062844491E-004
#      4    -3       2.0986215488E-004
#      4    -2       1.7319927981E-005
#      4    -1       5.4007754093E-004
#      4     0       1.8647138408E-004
#      4     1       4.8006456553E-004
#      4     2       9.7496791809E-004
#      4     3       9.1909170486E-004
#      4     4       6.6079528107E-004
#      4     5       1.1805169599E-004
#      5   -25       2.0302605952E-003
#      5   -24       2.7297134570E-005
#      5   -23       9.5004927112E-005
#      5   -22       1.9964062360E-005
#      5   -21       4.3441869444E-005
#      5   -20       8.6095320273E-004
#      5   -19       2.5609007159E-004
#      5   -18       1.2545230148E-004
#      5   -17       1.3804595303E-004
#      5   -16       2.1023643333E-004
#      5   -15       1.6563022019E-002
#      5   -14       1.8107175078E-004
#      5   -13       2.4068605731E-004
#      5   -12       6.8726580051E-004
#      5   -11       1.0400361719E-003
#      5   -10       4.0065890289E-002
#      5    -9       1.3946837575E-003
#      5    -8       6.5188946778E-004
#      5    -7       4.1283202371E-006
#      5    -6       1.7452835075E-004
#      5    -5       7.7226726564E-003
#      5    -4       1.6526521457E-004
#      5    -3       5.2076353365E-004
#      5    -2       1.7338681281E-003
#      5    -1       2.3251797314E-003
#      5     0       5.5278668087E-002
#      5     1       1.3433409223E-003
#      5     2       1.5373493532E-003
#      5     3       2.0355412049E-004
#      6   -25       2.3592643948E-004
#      6   -24       3.1150811708E-004
#      6   -23       2.9232961327E-004
#      6   -22       1.0815952979E-005
#      6   -21       5.2681921435E-004
#      6   -20       3.6039303096E-005
#      6   -19       3.1215315722E-005
#      6   -18       2.0851992992E-005
#      6   -17       2.6373861457E-004
#      6   -16       3.6341557791E-004
#      6   -15       1.4038432364E-004
#      6   -14       1.3303575385E-004
#      6   -13       1.9993623388E-004
#      6   -12       5.7071077708E-004
#      6   -11       1.3556406434E-003
#      6   -10       2.9207746455E-004
#      6    -9       3.4330561828E-004
#      6    -8       1.5836043266E-006
#      6    -7       3.8438214474E-005
#      6    -6       8.7197242846E-004
#      6    -5       3.5456920430E-004
#      6    -4       2.1573629490E-004
#      6    -3       5.2515322263E-004
#      6    -2       2.5239358970E-004
#      6    -1       1.1662320328E-003
#      6     0       6.1658016628E-005
#      6     1       6.8595584287E-004
#      6     2       8.2094194847E-004
#      7   -24       6.0220951329E-004
#      7   -23       3.7570533130E-004
#      7   -22       7.0510598222E-004
#      7   -21       1.8817756819E-004
#      7   -20       2.5208322114E-004
#      7   -19       9.3868072918E-004
#      7   -18       3.9816014882E-004
#      7   -17       3.5992229724E-004
#      7   -16       2.3946831609E-004
#      7   -15       2.2683846683E-005
#      7   -14       4.2308782681E-004
#      7   -13       1.0457564601E-004
#      7   -12       1.0337901048E-003
#      7   -11       6.6402759426E-004
#      7   -10       1.5458985085E-004
#      7    -9       6.3741498276E-004
#      7    -8       1.6862725641E-004
#      7    -7       5.2031673310E-004
#      7    -6       1.6157739549E-004
#      7    -5       5.9092712063E-005
#      7    -4       1.7105064156E-003
#      7    -3       1.6909334558E-003
#      7    -2       1.6413295644E-003
#      7    -1       5.8999941905E-004
#      7     0       3.3887689564E-004
#      8   -23       4.7038579924E-004
#      8   -22       1.7485686738E-004
#      8   -21       6.1932939337E-004
#      8   -20       1.6952551611E-004
#      8   -19       2.9578299877E-004
#      8   -18       2.0878020738E-004
#      8   -17       7.2570875720E-004
#      8   -16       1.9297729404E-003
#      8   -15       1.9899315787E-004
#      8   -14       1.0188590831E-004
#      8   -13       1.0136738334E-004
#      8   -12       3.5053509172E-004
#      8   -11       1.5882152468E-003
#      8   -10       3.4255557755E-004
#      8    -9       7.3482341896E-006
#      8    -8       2.1758284906E-004
#      8    -7       2.6781599900E-008
#      8    -6       8.3976963969E-004
#      8    -5       4.2406358525E-005
#      8    -4       7.7184279810E-005
#      8    -3       8.2240103710E-005
#      8    -2       9.9117773482E-004
#      9   -21       6.0342899698E-004
#      9   -20       1.4873264476E-005
#      9   -19       2.9805597372E-004
#      9   -18       2.6229571470E-004
#      9   -17       8.2763233841E-004
#      9   -16       5.6234549543E-004
#      9   -15       8.6537759139E-005
#      9   -14       4.0682868742E-004
#      9   -13       3.4922677967E-005
#      9   -12       4.6849443311E-005
#      9   -11       1.2812138925E-004
#      9   -10       2.2945063865E-005
#      9    -9       3.9369770070E-004
#      9    -8       1.3774539734E-004
#      9    -7       1.6410577960E-004
#      9    -6       4.5165753502E-004
#      9    -5       5.0167626701E-004
#     10   -19       2.1840375271E-004
#     10   -18       7.0251122461E-004
#     10   -17       6.8231707699E-004
#     10   -16       7.0926903692E-004
#     10   -15       1.6481125490E-002
#     10   -14       3.6344839398E-005
#     10   -13       8.4837260667E-006
#     10   -12       5.8744435483E-004
#     10   -11       2.8121702221E-004
#     10   -10       1.2665583966E-002
#     10    -9       3.6161918853E-004
#     10    -8       5.2119655688E-004
