 Diffraction intensities for potential:_5x5_04D10006.in                        
#    -45    11       1.9779080373E-006
#    -45    12       9.1238261747E-006
#    -45    13       1.8117969302E-005
#    -45    14       1.1403650047E-005
#    -45    15       2.0921325969E-004
#    -45    16       1.9023108209E-005
#    -44     7       5.5533221927E-005
#    -44     8       1.6773733550E-005
#    -44     9       6.9324186098E-006
#    -44    10       3.7190706141E-005
#    -44    11       6.2776801771E-005
#    -44    12       1.0740076320E-004
#    -44    13       3.0751914416E-005
#    -44    14       1.7832932956E-005
#    -44    15       6.4483591554E-005
#    -44    16       1.0548317291E-004
#    -44    17       8.7305731825E-005
#    -44    18       3.4410431498E-005
#    -44    19       1.1822423210E-005
#    -44    20       1.4964749451E-005
#    -43     4       1.5740767295E-006
#    -43     5       1.7680685545E-005
#    -43     6       2.2458304508E-005
#    -43     7       1.1283748675E-004
#    -43     8       2.0542333358E-005
#    -43     9       2.2917639900E-006
#    -43    10       1.7496749225E-005
#    -43    11       9.4585462104E-005
#    -43    12       2.6903416772E-004
#    -43    13       1.1394688132E-005
#    -43    14       3.0887691017E-007
#    -43    15       5.9003426237E-005
#    -43    16       9.7404635156E-005
#    -43    17       2.7353930864E-004
#    -43    18       4.5411613745E-005
#    -43    19       1.2822056196E-005
#    -43    20       2.9390436954E-005
#    -43    21       1.9772757570E-005
#    -43    22       8.8867807863E-005
#    -42     2       1.9243625874E-005
#    -42     3       8.7276906117E-005
#    -42     4       3.8246722037E-005
#    -42     5       1.2304133299E-005
#    -42     6       4.4823322042E-007
#    -42     7       5.1854495740E-006
#    -42     8       1.3777857821E-004
#    -42     9       4.4754910088E-005
#    -42    10       3.3879702995E-005
#    -42    11       2.9577224217E-006
#    -42    12       2.5447424156E-005
#    -42    13       3.8361185971E-004
#    -42    14       1.0562954431E-004
#    -42    15       7.5835581851E-005
#    -42    16       9.1694923107E-006
#    -42    17       1.4669696929E-005
#    -42    18       2.4721510541E-004
#    -42    19       1.3844829294E-004
#    -42    20       4.7033266459E-005
#    -42    21       2.4568352739E-006
#    -42    22       4.9620053055E-005
#    -42    23       1.3389890604E-004
#    -41     0       2.6092955534E-005
#    -41     1       1.3365309859E-006
#    -41     2       7.2369584691E-006
#    -41     3       8.6187118844E-005
#    -41     4       3.2438305460E-005
#    -41     5       3.0966772797E-005
#    -41     6       6.0780208304E-006
#    -41     7       2.4465844298E-005
#    -41     8       1.1244188543E-004
#    -41     9       1.0708710510E-004
#    -41    10       9.5221118158E-005
#    -41    11       3.8094958404E-005
#    -41    12       7.2175584187E-005
#    -41    13       2.6408995973E-004
#    -41    14       1.1548823866E-004
#    -41    15       1.3209371808E-004
#    -41    16       5.3432295002E-005
#    -41    17       9.9582409124E-005
#    -41    18       2.6734024752E-004
#    -41    19       1.6750938816E-004
#    -41    20       1.9132517204E-004
#    -41    21       3.9694704534E-005
#    -41    22       9.2416993857E-005
#    -41    23       1.2447851396E-004
#    -41    24       1.5812507208E-005
#    -40    -2       1.6020689775E-005
#    -40    -1       5.3676092221E-007
#    -40     0       2.8570039103E-004
#    -40     1       1.3151297318E-005
#    -40     2       4.5064405204E-006
#    -40     3       7.1996886074E-006
#    -40     4       3.5563791474E-005
#    -40     5       2.2904747162E-004
#    -40     6       1.9169675118E-005
#    -40     7       2.3022096247E-005
#    -40     8       1.8386079338E-005
#    -40     9       2.5395142770E-005
#    -40    10       4.6890021134E-004
#    -40    11       8.8123849604E-006
#    -40    12       1.6129321738E-005
#    -40    13       5.8560155812E-005
#    -40    14       7.1288357341E-005
#    -40    15       6.1929386809E-004
#    -40    16       6.2590176357E-005
#    -40    17       3.0146449012E-005
#    -40    18       4.2114954556E-005
#    -40    19       3.7176209132E-005
#    -40    20       5.3827653692E-004
#    -40    21       3.8354908211E-005
#    -40    22       2.6439801459E-005
#    -40    23       4.7834889042E-005
#    -40    24       1.1702081666E-005
#    -40    25       1.3358227937E-004
#    -39    -4       1.5389426693E-005
#    -39    -3       3.8522999070E-005
#    -39    -2       5.5186879848E-006
#    -39    -1       1.5053327058E-005
#    -39     0       2.6024220642E-005
#    -39     1       5.3919212220E-005
#    -39     2       7.5082168414E-005
#    -39     3       2.9248082906E-005
#    -39     4       1.8402857537E-005
#    -39     5       8.0244566773E-005
#    -39     6       9.7557903471E-005
#    -39     7       1.2935817146E-004
#    -39     8       5.0656355331E-005
#    -39     9       2.4159877626E-005
#    -39    10       1.1704827043E-004
#    -39    11       2.6242043654E-004
#    -39    12       2.5917260157E-004
#    -39    13       1.2101515463E-004
#    -39    14       4.6328013148E-005
#    -39    15       1.6401022854E-004
#    -39    16       2.1355871329E-004
#    -39    17       3.1742491831E-004
#    -39    18       1.0623613881E-004
#    -39    19       6.6162901291E-005
#    -39    20       1.4249272699E-004
#    -39    21       2.3449589522E-004
#    -39    22       2.6013890536E-004
#    -39    23       9.3171713027E-005
#    -39    24       2.2586037044E-005
#    -39    25       1.3976492264E-004
#    -39    26       3.8214034199E-005
#    -38    -5       1.9232682563E-005
#    -38    -4       3.5457487431E-005
#    -38    -3       1.5594981719E-004
#    -38    -2       1.0336394586E-005
#    -38    -1       2.1063528684E-006
#    -38     0       2.0898348731E-005
#    -38     1       4.6170785441E-005
#    -38     2       1.9900003642E-004
#    -38     3       2.0781469407E-005
#    -38     4       4.0637111903E-006
#    -38     5       3.5722905125E-005
#    -38     6       1.0681417390E-004
#    -38     7       2.8213069311E-004
#    -38     8       1.7779085162E-005
#    -38     9       3.1788438531E-008
#    -38    10       8.5990153504E-005
#    -38    11       2.0587785813E-004
#    -38    12       4.7678175460E-004
#    -38    13       4.5265082918E-005
#    -38    14       9.6770138621E-006
#    -38    15       1.0384404530E-004
#    -38    16       1.7394101120E-004
#    -38    17       5.8676197997E-004
#    -38    18       1.0651517730E-004
#    -38    19       7.8153280684E-006
#    -38    20       1.0942896829E-004
#    -38    21       1.5385070397E-004
#    -38    22       4.8468989425E-004
#    -38    23       3.2522072394E-005
#    -38    24       2.6982504013E-005
#    -38    25       6.6409739403E-005
#    -38    26       1.1575847245E-004
#    -37    -7       9.1347817726E-005
#    -37    -6       1.3520245684E-005
#    -37    -5       1.5633846688E-005
#    -37    -4       7.2264892306E-007
#    -37    -3       1.0151615740E-005
#    -37    -2       1.3885527664E-004
#    -37    -1       5.0797671446E-005
#    -37     0       2.8694399967E-005
#    -37     1       2.9865319473E-006
#    -37     2       2.7211437610E-005
#    -37     3       2.5974639720E-004
#    -37     4       1.2146882370E-004
#    -37     5       5.1367802267E-005
#    -37     6       7.2915985706E-006
#    -37     7       3.5840018157E-005
#    -37     8       3.0825418429E-004
#    -37     9       1.1441128356E-004
#    -37    10       8.6428940551E-005
#    -37    11       1.7338799172E-006
#    -37    12       1.4621460843E-005
#    -37    13       5.0072318283E-004
#    -37    14       1.6709631016E-004
#    -37    15       1.2657320681E-004
#    -37    16       2.9856538852E-005
#    -37    17       5.4728425207E-005
#    -37    18       4.7544687678E-004
#    -37    19       2.5776870406E-004
#    -37    20       7.9376523035E-005
#    -37    21       1.0882606525E-005
#    -37    22       8.1548913678E-005
#    -37    23       3.3380501098E-004
#    -37    24       1.6200040951E-004
#    -37    25       4.9310652282E-005
#    -37    26       1.3702036487E-005
#    -37    27       1.1174238639E-005
#    -36    -8       1.6392823745E-005
#    -36    -7       6.5904732626E-005
#    -36    -6       1.1479447918E-005
#    -36    -5       3.2882002771E-005
#    -36    -4       2.1297435804E-005
#    -36    -3       2.3022190421E-005
#    -36    -2       1.1667822313E-004
#    -36    -1       7.8606292122E-005
#    -36     0       5.9840110064E-005
#    -36     1       2.0841560508E-005
#    -36     2       3.8823759030E-005
#    -36     3       2.4574914690E-004
#    -36     4       1.6291372607E-004
#    -36     5       9.1169431954E-005
#    -36     6       1.4366437680E-005
#    -36     7       4.0987474173E-005
#    -36     8       1.6534506477E-004
#    -36     9       1.3703761139E-004
#    -36    10       1.0480871192E-004
#    -36    11       6.5137397889E-005
#    -36    12       7.3841247679E-005
#    -36    13       2.6623080316E-004
#    -36    14       8.9866439276E-005
#    -36    15       1.6897541606E-004
#    -36    16       9.4546527197E-005
#    -36    17       1.3960864172E-004
#    -36    18       2.3999011016E-004
#    -36    19       2.3316689494E-004
#    -36    20       2.5976614872E-004
#    -36    21       8.7858475508E-005
#    -36    22       1.2774981166E-004
#    -36    23       2.9658022399E-004
#    -36    24       1.4233330135E-004
#    -36    25       6.6533841206E-005
#    -36    26       4.5170083782E-006
#    -36    27       3.0226880056E-005
#    -35    -9       1.0736862801E-005
#    -35    -8       5.9438664201E-006
#    -35    -7       9.0368337635E-006
#    -35    -6       5.0475315286E-006
#    -35    -5       2.2870753167E-004
#    -35    -4       1.1632693711E-005
#    -35    -3       1.3978706580E-005
#    -35    -2       2.0204507256E-005
#    -35    -1       6.4801649710E-006
#    -35     0       4.4781219798E-004
#    -35     1       3.6837366888E-005
#    -35     2       2.0953124272E-005
#    -35     3       2.3467369331E-005
#    -35     4       5.5226127614E-005
#    -35     5       1.8093795748E-004
#    -35     6       2.7672056762E-005
#    -35     7       7.9610813246E-006
#    -35     8       1.7179532459E-005
#    -35     9       5.3133937434E-005
#    -35    10       5.9688455530E-004
#    -35    11       2.7243451731E-006
#    -35    12       9.1675313966E-006
#    -35    13       6.8588148065E-005
#    -35    14       5.3632826054E-005
#    -35    15       8.6314298298E-004
#    -35    16       7.3369714008E-005
#    -35    17       2.8884196079E-005
#    -35    18       2.8430468350E-005
#    -35    19       2.5635606840E-005
#    -35    20       6.1528167806E-004
#    -35    21       2.1253927350E-005
#    -35    22       4.1626276140E-005
#    -35    23       3.9039757636E-005
#    -35    24       8.6501110263E-006
#    -35    25       3.8463428533E-004
#    -35    26       1.8222948872E-004
#    -35    27       3.9725993165E-005
#    -34   -11       2.6287981839E-006
#    -34   -10       3.8276508842E-005
#    -34    -9       6.5144304967E-005
#    -34    -8       7.0532699522E-005
#    -34    -7       3.4212752472E-005
#    -34    -6       8.4195720931E-006
#    -34    -5       5.8317115294E-005
#    -34    -4       1.3671801662E-004
#    -34    -3       1.4812797854E-004
#    -34    -2       3.8112279360E-005
#    -34    -1       2.9397400623E-005
#    -34     0       1.0961322917E-004
#    -34     1       1.3632596874E-004
#    -34     2       2.0551441961E-004
#    -34     3       6.3603272030E-005
#    -34     4       2.4424408055E-005
#    -34     5       1.0030098118E-004
#    -34     6       1.1268296813E-004
#    -34     7       1.0091113957E-004
#    -34     8       3.5520665542E-005
#    -34     9       1.2579033239E-005
#    -34    10       3.4310119480E-005
#    -34    11       1.1774312713E-004
#    -34    12       7.0295725098E-005
#    -34    13       1.0499748881E-004
#    -34    14       3.0313759886E-005
#    -34    15       1.2575294958E-004
#    -34    16       1.3646335874E-004
#    -34    17       2.9988799370E-004
#    -34    18       5.6062445250E-005
#    -34    19       2.1458060694E-005
#    -34    20       1.0691216964E-004
#    -34    21       1.0115949893E-004
#    -34    22       2.6183674348E-004
#    -34    23       1.1383977424E-004
#    -34    24       1.1041518122E-004
#    -34    25       1.3315985370E-004
#    -34    26       2.3810208730E-004
#    -34    27       1.1486206615E-004
#    -33   -12       2.4123502491E-005
#    -33   -11       3.9091666172E-007
#    -33   -10       2.4041825612E-005
#    -33    -9       5.1265969820E-005
#    -33    -8       1.9992123592E-004
#    -33    -7       4.6995070967E-005
#    -33    -6       2.1529014241E-006
#    -33    -5       5.0746796339E-005
#    -33    -4       1.3487252738E-004
#    -33    -3       3.6878531237E-004
#    -33    -2       3.3463336722E-005
#    -33    -1       1.3690663173E-005
#    -33     0       8.6678051732E-005
#    -33     1       1.8479503032E-004
#    -33     2       5.2052601009E-004
#    -33     3       3.2128259605E-005
#    -33     4       6.5156948880E-006
#    -33     5       1.7739358821E-005
#    -33     6       8.3706374435E-005
#    -33     7       1.6024657376E-004
#    -33     8       3.4242332669E-006
#    -33     9       3.1112569992E-006
#    -33    10       2.5290558479E-005
#    -33    11       8.7735798833E-005
#    -33    12       1.6728617539E-004
#    -33    13       7.7048775881E-006
#    -33    14       1.0979306269E-005
#    -33    15       5.8110064625E-005
#    -33    16       1.0453737568E-004
#    -33    17       3.7893106188E-004
#    -33    18       6.7269129323E-005
#    -33    19       1.0589275981E-005
#    -33    20       5.7949579228E-005
#    -33    21       1.1419622099E-004
#    -33    22       6.3768784078E-004
#    -33    23       2.6990761689E-005
#    -33    24       5.9069607583E-006
#    -33    25       7.5228145399E-005
#    -33    26       1.4786326246E-004
#    -33    27       2.3361450415E-004
#    -32   -13       2.1506407884E-005
#    -32   -12       2.1759999244E-004
#    -32   -11       6.7770428845E-005
#    -32   -10       3.4401995209E-005
#    -32    -9       9.2362591612E-007
#    -32    -8       1.7260414700E-005
#    -32    -7       2.9592880699E-004
#    -32    -6       8.6657104868E-005
#    -32    -5       5.3690641306E-005
#    -32    -4       3.4141793569E-006
#    -32    -3       2.8712407919E-005
#    -32    -2       4.1432566279E-004
#    -32    -1       2.0297525567E-004
#    -32     0       1.1250443597E-004
#    -32     1       1.5460186018E-005
#    -32     2       3.5883361370E-005
#    -32     3       2.2544372369E-004
#    -32     4       1.1634551054E-004
#    -32     5       2.1608610014E-005
#    -32     6       5.4750020553E-006
#    -32     7       1.1606917313E-005
#    -32     8       1.1637910174E-004
#    -32     9       1.7851026080E-005
#    -32    10       3.9464802149E-005
#    -32    11       3.0742198076E-007
#    -32    12       2.0754779560E-005
#    -32    13       1.3759432239E-004
#    -32    14       7.7996029022E-005
#    -32    15       2.0696567957E-005
#    -32    16       2.4170588526E-006
#    -32    17       1.7555898429E-006
#    -32    18       1.5441239220E-004
#    -32    19       4.6640356499E-005
#    -32    20       2.8781710269E-005
#    -32    21       1.8490438486E-005
#    -32    22       1.3985842819E-004
#    -32    23       8.5360472521E-004
#    -32    24       3.5134449696E-004
#    -32    25       7.3637671633E-005
#    -32    26       3.0492851802E-007
#    -32    27       4.3866113049E-005
#    -32    28       4.8265137167E-005
#    -31   -14       1.2448335325E-005
#    -31   -13       2.4338024354E-005
#    -31   -12       1.6399652462E-004
#    -31   -11       9.7229495666E-005
#    -31   -10       9.7780984932E-005
#    -31    -9       2.4878072754E-005
#    -31    -8       5.4418123940E-005
#    -31    -7       1.9674811203E-004
#    -31    -6       1.1365898515E-004
#    -31    -5       1.2124751871E-004
#    -31    -4       3.1999824464E-005
#    -31    -3       7.3019933833E-005
#    -31    -2       3.1208621140E-004
#    -31    -1       1.8628194276E-004
#    -31     0       1.8838708763E-004
#    -31     1       3.5590428684E-005
#    -31     2       4.2385943824E-005
#    -31     3       1.3901552000E-004
#    -31     4       9.8232065874E-005
#    -31     5       3.8944526559E-005
#    -31     6       1.9789289747E-005
#    -31     7       2.4048565416E-005
#    -31     8       4.7287888408E-005
#    -31     9       3.4587988399E-005
#    -31    10       1.0695203704E-005
#    -31    11       2.9251524340E-005
#    -31    12       8.4800643410E-006
#    -31    13       2.8193144270E-005
#    -31    14       2.7457750188E-007
#    -31    15       1.9101437808E-005
#    -31    16       1.0823241096E-005
#    -31    17       3.8721194759E-005
#    -31    18       8.5632470686E-007
#    -31    19       2.9809493924E-006
#    -31    20       2.7782028545E-005
#    -31    21       1.9274626618E-005
#    -31    22       9.5659839552E-005
#    -31    23       2.5928515060E-004
#    -31    24       5.9910636089E-004
#    -31    25       2.7567132396E-004
#    -31    26       3.2793671561E-005
#    -31    27       2.8143423490E-005
#    -31    28       4.3155191702E-004
#    -30   -15       2.3107846644E-004
#    -30   -14       1.4803992298E-005
#    -30   -13       2.4688844226E-005
#    -30   -12       2.0067113080E-005
#    -30   -11       1.4112629703E-005
#    -30   -10       4.7228130615E-004
#    -30    -9       3.7053189605E-005
#    -30    -8       1.1046044142E-005
#    -30    -7       2.8767737175E-005
#    -30    -6       2.1124378565E-005
#    -30    -5       2.0600106088E-004
#    -30    -4       5.2310512183E-005
#    -30    -3       1.8613670085E-005
#    -30    -2       3.6229414863E-005
#    -30    -1       4.3685289252E-005
#    -30     0       1.0783288937E-003
#    -30     1       2.1376926301E-005
#    -30     2       9.0091205374E-006
#    -30     3       1.3792479681E-005
#    -30     4       1.0882931611E-005
#    -30     5       1.1611353484E-003
#    -30     6       2.1039184216E-005
#    -30     7       2.9384274396E-007
#    -30     8       1.3545197959E-005
#    -30     9       2.5274366759E-005
#    -30    10       9.5318424476E-004
#    -30    11       6.7189790654E-006
#    -30    12       1.8700246775E-005
#    -30    13       4.2103458671E-007
#    -30    14       9.7319692210E-006
#    -30    15       6.8063544276E-004
#    -30    16       2.3173369168E-005
#    -30    17       1.3243670426E-006
#    -30    18       5.0947094622E-007
#    -30    19       2.0344092101E-005
#    -30    20       2.5033517474E-005
#    -30    21       7.5259139406E-005
#    -30    22       5.3259518807E-005
#    -30    23       1.3811211340E-004
#    -30    24       7.8364994914E-005
#    -30    25       7.9315902237E-004
#    -30    26       4.8995638089E-005
#    -30    27       5.7882601375E-005
#    -30    28       6.1110356182E-006
#    -29   -16       2.5453669254E-005
#    -29   -15       8.9901430665E-005
#    -29   -14       1.3616081076E-004
#    -29   -13       2.2313370810E-004
#    -29   -12       6.5323759231E-005
#    -29   -11       3.5742025070E-005
#    -29   -10       1.2824447851E-004
#    -29    -9       1.3900115206E-004
#    -29    -8       1.7575127931E-004
#    -29    -7       6.7572980048E-005
#    -29    -6       1.6455336649E-005
#    -29    -5       7.3711583054E-005
#    -29    -4       1.5856340750E-004
#    -29    -3       2.0565707962E-004
#    -29    -2       4.8747958638E-005
#    -29    -1       1.2776170300E-005
#    -29     0       6.3697233004E-005
#    -29     1       9.3606367251E-005
#    -29     2       1.1591709606E-004
#    -29     3       2.1105680362E-005
#    -29     4       2.0154424815E-005
#    -29     5       4.5913336681E-005
#    -29     6       7.5539333022E-005
#    -29     7       1.0111662542E-004
#    -29     8       1.3549861046E-005
#    -29     9       2.6427171241E-006
#    -29    10       5.3693957485E-005
#    -29    11       7.3104585850E-005
#    -29    12       6.9967369150E-005
#    -29    13       6.7282125927E-005
#    -29    14       1.5082980455E-005
#    -29    15       5.5271100651E-005
#    -29    16       2.9639840720E-005
#    -29    17       7.5361880642E-006
#    -29    18       5.7924209910E-006
#    -29    19       4.3321981481E-006
#    -29    20       1.4731549278E-004
#    -29    21       3.3025744027E-004
#    -29    22       3.2744401130E-004
#    -29    23       1.2039022595E-004
#    -29    24       2.6981013637E-005
#    -29    25       1.2636198117E-004
#    -29    26       2.6703861938E-004
#    -29    27       3.2966106266E-004
#    -28   -16       5.3465366643E-006
#    -28   -15       3.8219025132E-005
#    -28   -14       1.1752798553E-004
#    -28   -13       3.7558065131E-004
#    -28   -12       4.4801887728E-005
#    -28   -11       8.2281639120E-006
#    -28   -10       8.5227498866E-005
#    -28    -9       1.3357446117E-004
#    -28    -8       2.8049193045E-004
#    -28    -7       3.5977250673E-005
#    -28    -6       1.4298505923E-006
#    -28    -5       3.4694324693E-005
#    -28    -4       7.0799653534E-005
#    -28    -3       2.4433814242E-004
#    -28    -2       3.2130174089E-005
#    -28    -1       6.4004742034E-006
#    -28     0       1.8836475326E-005
#    -28     1       1.0630292799E-004
#    -28     2       3.0529615865E-004
#    -28     3       1.8740517984E-005
#    -28     4       1.7081261049E-005
#    -28     5       4.8315088926E-005
#    -28     6       6.3704155893E-005
#    -28     7       1.4202117990E-004
#    -28     8       1.0634934794E-005
#    -28     9       1.8694450601E-005
#    -28    10       9.0180695404E-006
#    -28    11       2.4015599330E-004
#    -28    12       4.9665472195E-004
#    -28    13       3.8722568280E-005
#    -28    14       2.6126407577E-006
#    -28    15       4.1629251346E-005
#    -28    16       1.0514765339E-004
#    -28    17       8.2839876031E-005
#    -28    18       2.3470542512E-005
#    -28    19       3.8283312436E-006
#    -28    20       3.5837666868E-005
#    -28    21       2.1567489891E-004
#    -28    22       7.6099587934E-004
#    -28    23       1.4170956085E-004
#    -28    24       1.9336994231E-006
#    -28    25       1.4656097093E-004
#    -28    26       1.9835854054E-004
#    -28    27       3.7088913230E-004
#    -27   -17       1.3371911372E-004
#    -27   -16       8.1266063135E-005
#    -27   -15       6.8343284150E-005
#    -27   -14       6.2438848871E-006
#    -27   -13       3.7725609062E-005
#    -27   -12       4.8179390541E-004
#    -27   -11       2.0418780451E-004
#    -27   -10       6.6265272432E-005
#    -27    -9       2.7892658422E-006
#    -27    -8       9.8522174234E-006
#    -27    -7       2.4094474687E-004
#    -27    -6       8.3147601885E-005
#    -27    -5       2.4568936298E-005
#    -27    -4       2.3296871841E-006
#    -27    -3       9.6356169968E-006
#    -27    -2       2.0246147347E-004
#    -27    -1       1.3907242871E-004
#    -27     0       3.0460335076E-005
#    -27     1       2.4278788453E-005
#    -27     2       2.6025887890E-005
#    -27     3       1.6259396672E-004
#    -27     4       1.2643630812E-004
#    -27     5       3.5125855844E-005
#    -27     6       2.3786767492E-006
#    -27     7       2.9431694395E-005
#    -27     8       1.7662628948E-004
#    -27     9       1.0549570577E-004
#    -27    10       1.4255786574E-004
#    -27    11       3.0033003692E-005
#    -27    12       1.0808338855E-004
#    -27    13       6.7095161094E-004
#    -27    14       1.0468769508E-004
#    -27    15       9.6306464573E-005
#    -27    16       6.9147611946E-006
#    -27    17       4.4048827541E-005
#    -27    18       1.4266487539E-004
#    -27    19       4.4726645201E-005
#    -27    20       6.3838891074E-005
#    -27    21       4.1255712360E-006
#    -27    22       8.8603976422E-005
#    -27    23       8.4570030702E-004
#    -27    24       1.5169032748E-004
#    -27    25       8.1275084826E-005
#    -27    26       5.1238371599E-006
#    -27    27       6.6293426061E-005
#    -26   -18       3.2745089008E-005
#    -26   -17       1.6500672629E-004
#    -26   -16       9.0558405972E-005
#    -26   -15       1.5471959974E-004
#    -26   -14       4.1366517535E-005
#    -26   -13       7.0105054090E-005
#    -26   -12       2.5321600616E-004
#    -26   -11       1.6323731069E-004
#    -26   -10       1.5474136181E-004
#    -26    -9       4.7797208626E-005
#    -26    -8       2.6224614180E-005
#    -26    -7       8.9429658089E-005
#    -26    -6       6.0556900180E-005
#    -26    -5       6.7622861889E-005
#    -26    -4       2.6214718371E-005
#    -26    -3       4.7157219777E-005
#    -26    -2       1.8440623260E-004
#    -26    -1       1.5103188511E-004
#    -26     0       8.5327305104E-005
#    -26     1       3.8547102548E-005
#    -26     2       8.2446911155E-006
#    -26     3       5.0475982759E-005
#    -26     4       7.8925034558E-005
#    -26     5       1.0899718176E-004
#    -26     6       8.5894655468E-006
#    -26     7       4.8951252209E-005
#    -26     8       1.5254033061E-004
#    -26     9       2.0545745562E-004
#    -26    10       1.5950405772E-004
#    -26    11       2.7145578338E-005
#    -26    12       1.4145085352E-004
#    -26    13       4.5171351607E-004
#    -26    14       1.6005773152E-004
#    -26    15       2.8670458021E-005
#    -26    16       1.3766282049E-005
#    -26    17       1.9898274168E-005
#    -26    18       1.2966844152E-004
#    -26    19       2.4867056058E-004
#    -26    20       1.9910006617E-004
#    -26    21       1.3181516725E-005
#    -26    22       6.2845373237E-005
#    -26    23       3.9783006642E-004
#    -26    24       3.7607965775E-004
#    -26    25       1.6718697137E-004
#    -26    26       5.5572456643E-005
#    -26    27       1.3464239581E-004
#    -25   -19       7.2486156220E-006
#    -25   -18       3.2477479088E-005
#    -25   -17       1.5750772602E-005
#    -25   -16       6.5149386475E-005
#    -25   -15       6.3084417048E-004
#    -25   -14       3.6361206490E-005
#    -25   -13       5.9341213980E-005
#    -25   -12       3.4559052548E-005
#    -25   -11       3.2421762408E-005
#    -25   -10       6.3909124496E-004
#    -25    -9       6.1593619277E-006
#    -25    -8       3.2126735806E-006
#    -25    -7       2.2495925814E-005
#    -25    -6       2.9316004805E-006
#    -25    -5       1.1464520906E-003
#    -25    -4       3.2095569071E-005
#    -25    -3       1.1155722752E-005
#    -25    -2       1.5487418499E-005
#    -25    -1       1.4429222439E-005
#    -25     0       2.0829166423E-003
#    -25     1       2.4431295835E-005
#    -25     2       1.3517154908E-005
#    -25     3       1.1701060887E-005
#    -25     4       1.2198603838E-006
#    -25     5       3.6597076203E-003
#    -25     6       3.4856698605E-005
#    -25     7       2.8297996561E-005
#    -25     8       9.5087272043E-006
#    -25     9       3.0113108410E-005
#    -25    10       5.4467371307E-003
#    -25    11       3.6956716874E-007
#    -25    12       1.0145639535E-004
#    -25    13       2.2607982757E-005
#    -25    14       4.4008083893E-005
#    -25    15       3.6069599264E-003
#    -25    16       3.7215853690E-006
#    -25    17       1.5685764620E-007
#    -25    18       9.1662935186E-006
#    -25    19       1.4281905228E-004
#    -25    20       2.0186753695E-003
#    -25    21       5.3377622986E-005
#    -25    22       9.3126339348E-005
#    -25    23       7.8234029701E-005
#    -25    24       3.9389360772E-005
#    -25    25       4.8428252939E-004
#    -25    26       4.1377617962E-005
#    -25    27       1.8184289948E-005
#    -24   -20       1.2671657359E-005
#    -24   -19       1.3249065850E-004
#    -24   -18       1.6089811974E-004
#    -24   -17       9.0046505793E-005
#    -24   -16       5.6810450648E-005
#    -24   -15       2.1105578021E-004
#    -24   -14       3.5344649721E-004
#    -24   -13       2.9711324595E-004
#    -24   -12       4.8125508166E-005
#    -24   -11       1.4114724057E-005
#    -24   -10       2.3088459707E-005
#    -24    -9       9.0838094312E-005
#    -24    -8       5.9237949638E-005
#    -24    -7       2.1642222779E-005
#    -24    -6       9.4427144412E-006
#    -24    -5       6.1268140055E-005
#    -24    -4       9.2120585282E-005
#    -24    -3       1.4461054542E-004
#    -24    -2       5.9935158599E-006
#    -24    -1       5.9082133729E-007
#    -24     0       5.2125604477E-006
#    -24     1       2.6618669181E-005
#    -24     2       5.6128866050E-005
#    -24     3       8.1406584504E-005
#    -24     4       2.6965219403E-005
#    -24     5       6.2093689499E-005
#    -24     6       1.9282000949E-005
#    -24     7       1.1483269452E-005
#    -24     8       3.0249680835E-006
#    -24     9       8.1402513471E-007
#    -24    10       7.6377646040E-005
#    -24    11       1.3480776402E-004
#    -24    12       2.0628173741E-004
#    -24    13       1.8332233146E-004
#    -24    14       6.7354437842E-005
#    -24    15       2.2937424475E-004
#    -24    16       1.6936819453E-004
#    -24    17       1.2696813965E-005
#    -24    18       4.6713381618E-005
#    -24    19       4.8730354241E-006
#    -24    20       2.0238519093E-004
#    -24    21       4.1205204885E-004
#    -24    22       5.7171329261E-004
#    -24    23       1.2466202401E-004
#    -24    24       7.7846268461E-005
#    -24    25       7.0518823066E-004
#    -24    26       4.6291498489E-004
#    -23   -20       3.6751602045E-005
#    -23   -19       9.8626174673E-005
#    -23   -18       3.7931093450E-004
#    -23   -17       4.7193541892E-005
#    -23   -16       5.5272829908E-006
#    -23   -15       8.6125893213E-005
#    -23   -14       1.7289485728E-004
#    -23   -13       3.6498847447E-004
#    -23   -12       3.5972532211E-005
#    -23   -11       5.1374960575E-006
#    -23   -10       2.9374951702E-005
#    -23    -9       3.0377767925E-005
#    -23    -8       5.8076796452E-005
#    -23    -7       4.2648757085E-005
#    -23    -6       1.6600497474E-005
#    -23    -5       7.8058185840E-005
#    -23    -4       7.6617649923E-005
#    -23    -3       1.0662018195E-004
#    -23    -2       1.7386848489E-005
#    -23    -1       2.6396029550E-006
#    -23     0       1.2099551435E-004
#    -23     1       1.7981656208E-004
#    -23     2       3.7678747284E-004
#    -23     3       1.1709494899E-005
#    -23     4       1.1898454498E-005
#    -23     5       1.6080690479E-007
#    -23     6       2.8539721362E-005
#    -23     7       1.8783866510E-004
#    -23     8       3.9307599340E-005
#    -23     9       2.4794431266E-005
#    -23    10       3.2833873785E-005
#    -23    11       3.7896156457E-004
#    -23    12       7.1515822759E-004
#    -23    13       9.3403039440E-005
#    -23    14       2.1858131568E-005
#    -23    15       7.5628584431E-005
#    -23    16       2.4879541071E-004
#    -23    17       2.9404827017E-004
#    -23    18       7.8530067251E-005
#    -23    19       8.2954318135E-006
#    -23    20       1.2182140497E-004
#    -23    21       3.7202899020E-004
#    -23    22       5.9306339362E-004
#    -23    23       1.7691314024E-004
#    -23    24       2.4569481100E-005
#    -23    25       1.3439848301E-004
#    -23    26       1.6107874282E-004
#    -22   -21       5.1328900581E-005
#    -22   -20       4.3615357524E-005
#    -22   -19       2.6259486246E-006
#    -22   -18       2.0062920012E-005
#    -22   -17       5.2837328473E-004
#    -22   -16       1.4485224856E-004
#    -22   -15       1.0497914874E-004
#    -22   -14       8.2045892546E-007
#    -22   -13       1.5148881520E-005
#    -22   -12       1.8757082590E-004
#    -22   -11       4.8350803641E-005
#    -22   -10       1.6892160177E-005
#    -22    -9       6.4281245147E-006
#    -22    -8       7.7435020948E-007
#    -22    -7       1.5905234499E-004
#    -22    -6       1.0247258366E-004
#    -22    -5       4.8505648173E-005
#    -22    -4       6.2935634662E-006
#    -22    -3       2.0383237326E-006
#    -22    -2       9.0751521532E-005
#    -22    -1       1.3353209900E-004
#    -22     0       2.0201284297E-004
#    -22     1       3.1305105796E-005
#    -22     2       7.0184981114E-005
#    -22     3       2.9106212122E-004
#    -22     4       3.9078869112E-005
#    -22     5       5.3639297659E-006
#    -22     6       6.7996369281E-006
#    -22     7       1.0268012017E-004
#    -22     8       6.3489512567E-004
#    -22     9       2.8527775606E-004
#    -22    10       2.5007423515E-004
#    -22    11       5.1957800030E-005
#    -22    12       7.8213180705E-005
#    -22    13       1.1152686604E-003
#    -22    14       2.6513778231E-004
#    -22    15       2.2572888631E-004
#    -22    16       6.1287536900E-006
#    -22    17       6.1290962905E-005
#    -22    18       6.7806677237E-004
#    -22    19       1.0527854571E-004
#    -22    20       1.0229707804E-004
#    -22    21       3.3771955905E-005
#    -22    22       5.7603355592E-005
#    -22    23       6.2026349544E-004
#    -22    24       2.5339298309E-004
#    -22    25       5.6547318769E-005
#    -22    26       9.4292342444E-007
#    -21   -22       9.4212554224E-005
#    -21   -21       7.6964215916E-005
#    -21   -20       1.7360326410E-004
#    -21   -19       3.7471137213E-005
#    -21   -18       1.4876399668E-004
#    -21   -17       3.4934918284E-004
#    -21   -16       2.1123561621E-004
#    -21   -15       1.7869145801E-004
#    -21   -14       1.4598958646E-005
#    -21   -13       4.5409950132E-005
#    -21   -12       1.0072172566E-004
#    -21   -11       8.8868232644E-005
#    -21   -10       1.6086612670E-005
#    -21    -9       1.4967478604E-005
#    -21    -8       5.7899155046E-006
#    -21    -7       9.6019873075E-005
#    -21    -6       7.2231428551E-005
#    -21    -5       1.1835480079E-004
#    -21    -4       2.3887818108E-006
#    -21    -3       2.7304868721E-005
#    -21    -2       2.2227499151E-004
#    -21    -1       1.8322679436E-004
#    -21     0       2.6897296795E-004
#    -21     1       1.2993274942E-004
#    -21     2       2.8237537663E-005
#    -21     3       1.4870691085E-004
#    -21     4       3.6816144352E-005
#    -21     5       2.0164641592E-004
#    -21     6       3.7765521891E-005
#    -21     7       1.7039171069E-004
#    -21     8       6.0614065111E-004
#    -21     9       4.8445548348E-004
#    -21    10       3.5011219297E-004
#    -21    11       1.3092813627E-004
#    -21    12       3.2844209137E-004
#    -21    13       8.1531627577E-004
#    -21    14       5.8744673798E-004
#    -21    15       2.2498393826E-004
#    -21    16       6.0516315363E-005
#    -21    17       1.6249519152E-004
#    -21    18       1.7873524030E-004
#    -21    19       1.3684753638E-004
#    -21    20       1.3037715602E-004
#    -21    21       9.3719484135E-005
#    -21    22       1.6646424449E-004
#    -21    23       5.1046782536E-004
#    -21    24       6.5480347831E-004
#    -21    25       1.2392272951E-004
#    -20   -22       1.7562633478E-005
#    -20   -21       3.8271010624E-005
#    -20   -20       4.8534054873E-004
#    -20   -19       4.2117225795E-005
#    -20   -18       5.7247617308E-005
#    -20   -17       4.0467565078E-005
#    -20   -16       1.0937028168E-004
#    -20   -15       7.9312221165E-004
#    -20   -14       2.8516531656E-005
#    -20   -13       9.0763957038E-006
#    -20   -12       7.6791460796E-006
#    -20   -11       3.2483357645E-005
#    -20   -10       1.0737054842E-003
#    -20    -9       3.6259599212E-006
#    -20    -8       1.2299224951E-005
#    -20    -7       5.2394725070E-005
#    -20    -6       3.9742333030E-006
#    -20    -5       4.0887887083E-003
#    -20    -4       6.7257243158E-006
#    -20    -3       1.3210605172E-005
#    -20    -2       8.0328011214E-005
#    -20    -1       2.8099415909E-005
#    -20     0       1.1203647282E-002
#    -20     1       3.0841900173E-005
#    -20     2       6.8949045170E-007
#    -20     3       7.2622419400E-006
#    -20     4       1.7622646490E-005
#    -20     5       1.2192450228E-002
#    -20     6       4.2138994795E-005
#    -20     7       9.7520488093E-005
#    -20     8       1.9275780725E-005
#    -20     9       1.4138238694E-004
#    -20    10       6.8975308935E-003
#    -20    11       1.1424060599E-004
#    -20    12       1.4265612518E-004
#    -20    13       3.9195523309E-005
#    -20    14       1.6005399432E-004
#    -20    15       1.2608556321E-003
#    -20    16       1.0731405465E-005
#    -20    17       2.4462819213E-005
#    -20    18       6.9562731286E-006
#    -20    19       8.0155800896E-005
#    -20    20       3.1101509417E-003
#    -20    21       1.9465263878E-005
#    -20    22       5.3236044222E-005
#    -20    23       7.3639166226E-005
#    -20    24       4.0038578705E-005
#    -20    25       1.8379695186E-003
#    -19   -23       5.4645077961E-005
#    -19   -22       6.9886943365E-005
#    -19   -21       3.5578246032E-005
#    -19   -20       9.8884689645E-005
#    -19   -19       1.6861323289E-004
#    -19   -18       2.6790995624E-004
#    -19   -17       1.4956030833E-004
#    -19   -16       4.4751033419E-005
#    -19   -15       1.1279420881E-004
#    -19   -14       1.3239094255E-004
#    -19   -13       5.1950963556E-005
#    -19   -12       8.4669676087E-006
#    -19   -11       5.4692067568E-006
#    -19   -10       6.8062691687E-005
#    -19    -9       3.3593511164E-005
#    -19    -8       1.0363041278E-004
#    -19    -7       2.5021258989E-005
#    -19    -6       1.2762551004E-005
#    -19    -5       5.0747069261E-005
#    -19    -4       6.5763658790E-005
#    -19    -3       1.6192016676E-004
#    -19    -2       8.8938780042E-005
#    -19    -1       6.9062973929E-006
#    -19     0       3.9524758804E-005
#    -19     1       1.4008840704E-005
#    -19     2       6.9571106421E-005
#    -19     3       9.5288471413E-005
#    -19     4       2.7561742532E-005
#    -19     5       1.0442471510E-004
#    -19     6       4.9209743765E-005
#    -19     7       1.7808396205E-005
#    -19     8       1.3127589137E-004
#    -19     9       1.1046886980E-004
#    -19    10       1.5837676064E-004
#    -19    11       8.7854486838E-005
#    -19    12       1.9544626770E-004
#    -19    13       2.3741857752E-004
#    -19    14       5.2233662285E-005
#    -19    15       1.6683120936E-004
#    -19    16       1.6397792638E-004
#    -19    17       4.0936980331E-004
#    -19    18       9.2956231540E-005
#    -19    19       1.0446190248E-004
#    -19    20       3.1282806328E-005
#    -19    21       1.8871321773E-006
#    -19    22       2.2038172802E-004
#    -19    23       2.1091844064E-004
#    -19    24       9.6260660809E-005
#    -19    25       8.3119724996E-004
#    -18   -23       2.1380984996E-004
#    -18   -22       9.2294035452E-006
#    -18   -21       8.2832366504E-006
#    -18   -20       9.6883619850E-005
#    -18   -19       1.4597750717E-004
#    -18   -18       3.8329180390E-004
#    -18   -17       3.4082911787E-005
#    -18   -16       1.4089655589E-006
#    -18   -15       1.8170216819E-005
#    -18   -14       4.9075198931E-005
#    -18   -13       2.0016499005E-005
#    -18   -12       1.4153860193E-005
#    -18   -11       4.9482475962E-006
#    -18   -10       4.1667887390E-005
#    -18    -9       1.1132954718E-004
#    -18    -8       3.3235254388E-004
#    -18    -7       4.9668795603E-006
#    -18    -6       1.6632366704E-005
#    -18    -5       2.4109942237E-005
#    -18    -4       5.2699109266E-005
#    -18    -3       1.9833317334E-004
#    -18    -2       1.4681831947E-005
#    -18    -1       5.5412032294E-006
#    -18     0       1.4915568886E-004
#    -18     1       3.1074466792E-004
#    -18     2       9.6681806519E-004
#    -18     3       2.5782140548E-005
#    -18     4       1.9561846685E-005
#    -18     5       2.0087519057E-005
#    -18     6       2.5925820308E-004
#    -18     7       6.6616033060E-004
#    -18     8       8.8949053271E-005
#    -18     9       4.0263406416E-005
#    -18    10       2.5495433895E-004
#    -18    11       4.3434226727E-005
#    -18    12       8.5567005083E-005
#    -18    13       2.8862278097E-006
#    -18    14       2.8340142000E-005
#    -18    15       1.1428886119E-004
#    -18    16       7.8350458363E-005
#    -18    17       3.8393231521E-004
#    -18    18       6.9966856387E-006
#    -18    19       3.8045925064E-005
#    -18    20       2.5135425067E-005
#    -18    21       1.7101837564E-004
#    -18    22       6.2642839044E-004
#    -18    23       2.4022746251E-005
#    -18    24       7.6101028674E-005
#    -17   -24       4.5089178583E-007
#    -17   -23       2.2041960892E-005
#    -17   -22       3.6828177682E-004
#    -17   -21       2.0566379660E-004
#    -17   -20       1.0276915588E-004
#    -17   -19       6.7230752525E-006
#    -17   -18       4.4187321401E-006
#    -17   -17       3.9201658510E-004
#    -17   -16       7.8904989707E-005
#    -17   -15       1.8353650996E-005
#    -17   -14       1.4301331668E-006
#    -17   -13       5.7338944619E-005
#    -17   -12       3.0894167489E-004
#    -17   -11       2.3787364968E-004
#    -17   -10       1.2424267842E-004
#    -17    -9       1.0487607825E-005
#    -17    -8       1.0274121636E-004
#    -17    -7       1.2759014073E-005
#    -17    -6       1.8056777874E-005
#    -17    -5       3.1346917883E-005
#    -17    -4       5.1141649583E-006
#    -17    -3       1.2911749697E-005
#    -17    -2       1.5058745456E-004
#    -17    -1       1.9854011951E-004
#    -17     0       5.2455677102E-004
#    -17     1       1.6955177537E-005
#    -17     2       1.8694766212E-004
#    -17     3       1.5218998528E-003
#    -17     4       5.1813875152E-004
#    -17     5       7.6116733295E-005
#    -17     6       3.5431662738E-005
#    -17     7       4.5180092860E-005
#    -17     8       1.3725469192E-003
#    -17     9       5.3425317381E-004
#    -17    10       2.8603803271E-005
#    -17    11       2.2563287473E-005
#    -17    12       5.1284704294E-006
#    -17    13       9.9485873913E-005
#    -17    14       6.5187578875E-005
#    -17    15       6.7479063506E-006
#    -17    16       1.9012921806E-006
#    -17    17       3.3924286735E-005
#    -17    18       9.1633215151E-005
#    -17    19       7.0852515137E-005
#    -17    20       4.9508648262E-005
#    -17    21       1.1196595798E-005
#    -17    22       2.6438886272E-005
#    -17    23       3.2274367324E-004
#    -17    24       3.5683510528E-004
#    -16   -24       1.3392577025E-005
#    -16   -23       9.9248732970E-005
#    -16   -22       2.8782598976E-004
#    -16   -21       2.3062130254E-004
#    -16   -20       1.6449591222E-004
#    -16   -19       4.9713468305E-005
#    -16   -18       1.3269876891E-004
#    -16   -17       1.4255816069E-004
#    -16   -16       3.3940237410E-005
#    -16   -15       1.1180023333E-005
#    -16   -14       6.0377135807E-006
#    -16   -13       4.5473660612E-005
#    -16   -12       4.1062217545E-004
#    -16   -11       4.6391289562E-004
#    -16   -10       1.5297624869E-004
#    -16    -9       3.0793424347E-006
#    -16    -8       9.5681029599E-006
#    -16    -7       8.1799919902E-005
#    -16    -6       4.3596846742E-005
#    -16    -5       2.4117540620E-004
#    -16    -4       5.8619732313E-006
#    -16    -3       1.9392915503E-005
#    -16    -2       6.8937774643E-004
#    -16    -1       1.0043295281E-003
#    -16     0       1.2266129409E-003
#    -16     1       4.1057005092E-004
#    -16     2       5.5914266193E-004
#    -16     3       1.1726004758E-003
#    -16     4       6.7716487651E-004
#    -16     5       1.0884379736E-003
#    -16     6       1.2532944428E-004
#    -16     7       3.7208590060E-004
#    -16     8       4.0243184260E-004
#    -16     9       2.6832438956E-004
#    -16    10       9.4508294339E-006
#    -16    11       4.4915893664E-005
#    -16    12       2.6992901796E-004
#    -16    13       2.6645363514E-005
#    -16    14       4.7986128611E-005
#    -16    15       4.9394175841E-005
#    -16    16       2.5908749058E-006
#    -16    17       1.2932931569E-005
#    -16    18       2.1849086077E-004
#    -16    19       2.7159376741E-005
#    -16    20       2.3067204242E-004
#    -16    21       1.4569022893E-004
#    -16    22       6.1643368276E-005
#    -16    23       3.7436719223E-004
#    -15   -25       1.5868304087E-004
#    -15   -24       1.3523570955E-005
#    -15   -23       3.5465655289E-005
#    -15   -22       3.6921379385E-005
#    -15   -21       4.0018224151E-005
#    -15   -20       5.9721348591E-004
#    -15   -19       1.7110341881E-005
#    -15   -18       2.2429885917E-005
#    -15   -17       9.9975137162E-006
#    -15   -16       3.2477217891E-006
#    -15   -15       6.3256783759E-004
#    -15   -14       5.5522745724E-005
#    -15   -13       5.8649903201E-005
#    -15   -12       9.3508134755E-005
#    -15   -11       5.9976063494E-005
#    -15   -10       5.8318146488E-003
#    -15    -9       4.5815057616E-005
#    -15    -8       4.8779228006E-005
#    -15    -7       1.3329474686E-004
#    -15    -6       5.7092342092E-007
#    -15    -5       1.2465873726E-002
#    -15    -4       1.0930176794E-005
#    -15    -3       5.9819301608E-005
#    -15    -2       1.4958400414E-004
#    -15    -1       4.0177175627E-004
#    -15     0       1.6342619883E-002
#    -15     1       3.8466406866E-004
#    -15     2       1.3456639717E-004
#    -15     3       1.3243838833E-004
#    -15     4       1.3173669058E-004
#    -15     5       2.1537500843E-002
#    -15     6       1.1776295765E-004
#    -15     7       1.4842677070E-004
#    -15     8       1.8029552928E-005
#    -15     9       7.9824318032E-005
#    -15    10       1.3184510776E-002
#    -15    11       1.0168217716E-004
#    -15    12       1.1881626206E-004
#    -15    13       9.0772133722E-006
#    -15    14       7.2214678114E-005
#    -15    15       1.4594770310E-002
#    -15    16       1.2037633306E-005
#    -15    17       2.9421433346E-005
#    -15    18       5.1266415123E-005
#    -15    19       1.5395624032E-005
#    -15    20       1.1030003084E-003
#    -15    21       1.0885158511E-004
#    -15    22       3.4029142053E-005
#    -15    23       1.0082806129E-004
#    -14   -25       1.9674503971E-004
#    -14   -24       2.5714141531E-004
#    -14   -23       1.6091461221E-004
#    -14   -22       6.2108935834E-005
#    -14   -21       2.0159492975E-005
#    -14   -20       1.3308612064E-004
#    -14   -19       5.0867689980E-005
#    -14   -18       5.2732932669E-005
#    -14   -17       7.8679627996E-006
#    -14   -16       6.5218949369E-006
#    -14   -15       9.1682594157E-005
#    -14   -14       2.3115290988E-004
#    -14   -13       4.5363856344E-004
#    -14   -12       1.6203852533E-004
#    -14   -11       1.7136563829E-005
#    -14   -10       1.1850143268E-004
#    -14    -9       8.3035888196E-005
#    -14    -8       3.7356079766E-004
#    -14    -7       1.5913703511E-004
#    -14    -6       3.0853290311E-005
#    -14    -5       1.2945864660E-004
#    -14    -4       2.6971819980E-004
#    -14    -3       7.8852713893E-004
#    -14    -2       7.1938045781E-004
#    -14    -1       4.5401548614E-004
#    -14     0       1.5251439717E-003
#    -14     1       1.0492000405E-003
#    -14     2       7.0035726395E-004
#    -14     3       3.2649231706E-005
#    -14     4       4.5639498126E-005
#    -14     5       7.9211181294E-005
#    -14     6       1.3517166200E-004
#    -14     7       3.8366375808E-004
#    -14     8       6.6372558594E-005
#    -14     9       1.2296103876E-004
#    -14    10       3.6271520623E-004
#    -14    11       3.4978681644E-004
#    -14    12       4.6218554340E-004
#    -14    13       1.4226219852E-004
#    -14    14       5.4878326767E-005
#    -14    15       1.8086728523E-004
#    -14    16       1.1688450643E-004
#    -14    17       6.0377731633E-004
#    -14    18       4.0793754513E-005
#    -14    19       3.5497990765E-004
#    -14    20       7.5793877585E-004
#    -14    21       6.5455203288E-004
#    -14    22       1.7012662791E-004
#    -13   -26       7.7050990155E-006
#    -13   -25       5.3643861598E-005
#    -13   -24       1.9339602687E-004
#    -13   -23       5.0501378648E-004
#    -13   -22       3.5275452231E-005
#    -13   -21       3.2983002011E-006
#    -13   -20       4.4907858324E-005
#    -13   -19       2.2043539394E-005
#    -13   -18       1.4991419271E-005
#    -13   -17       8.4362455493E-006
#    -13   -16       7.8020146920E-006
#    -13   -15       3.8508608431E-005
#    -13   -14       2.7533238386E-004
#    -13   -13       6.9366965483E-004
#    -13   -12       4.9359581561E-005
#    -13   -11       6.4416230334E-006
#    -13   -10       9.1549357218E-005
#    -13    -9       3.1102208224E-004
#    -13    -8       1.0639142566E-003
#    -13    -7       1.1073061847E-005
#    -13    -6       8.8440627885E-006
#    -13    -5       3.1791991622E-005
#    -13    -4       5.1874060765E-004
#    -13    -3       2.1862761774E-003
#    -13    -2       1.7356001864E-004
#    -13    -1       2.1902405950E-005
#    -13     0       2.7620720041E-004
#    -13     1       1.1592138343E-004
#    -13     2       3.6015316516E-005
#    -13     3       3.0674538283E-005
#    -13     4       2.5563621184E-005
#    -13     5       5.5596800915E-005
#    -13     6       3.7303459751E-004
#    -13     7       1.2283980346E-003
#    -13     8       8.6932874524E-005
#    -13     9       5.4632540230E-005
#    -13    10       6.3590802241E-004
#    -13    11       4.8663302643E-004
#    -13    12       1.2239163022E-003
#    -13    13       3.8717097283E-005
#    -13    14       9.9451736896E-006
#    -13    15       1.4941664759E-004
#    -13    16       2.0869701854E-004
#    -13    17       3.9373840789E-004
#    -13    18       8.4394529299E-005
#    -13    19       2.1929559371E-004
#    -13    20       4.4076136272E-004
#    -13    21       4.2368131567E-004
#    -12   -26       8.9664291378E-005
#    -12   -25       3.6551586755E-005
#    -12   -24       1.7529686133E-006
#    -12   -23       1.1932387288E-004
#    -12   -22       6.3446530353E-004
#    -12   -21       1.2014802330E-004
#    -12   -20       2.2047491213E-005
#    -12   -19       5.0597763402E-006
#    -12   -18       2.0484552722E-005
#    -12   -17       3.7127764685E-005
#    -12   -16       1.1845398505E-004
#    -12   -15       3.2890391777E-005
#    -12   -14       2.0548400427E-005
#    -12   -13       5.3758653107E-005
#    -12   -12       6.8563538494E-004
#    -12   -11       4.6436098967E-004
#    -12   -10       2.1301131693E-004
#    -12    -9       1.3666304139E-005
#    -12    -8       1.1715809061E-004
#    -12    -7       1.5864196936E-004
#    -12    -6       1.4000145614E-004
#    -12    -5       1.7334195618E-004
#    -12    -4       1.3349799346E-005
#    -12    -3       5.1844817988E-005
#    -12    -2       1.0773703729E-003
#    -12    -1       1.8031640251E-004
#    -12     0       1.7616681650E-005
#    -12     1       9.3622821035E-006
#    -12     2       1.0933955385E-004
#    -12     3       1.2474897723E-003
#    -12     4       9.3265134244E-004
#    -12     5       2.4802720866E-004
#    -12     6       1.1235433971E-004
#    -12     7       2.8409903919E-004
#    -12     8       2.0359815686E-003
#    -12     9       1.0493206620E-003
#    -12    10       6.2217977006E-004
#    -12    11       1.3924233233E-005
#    -12    12       8.5471071243E-005
#    -12    13       3.6856371442E-004
#    -12    14       4.0837077420E-004
#    -12    15       1.9101830732E-004
#    -12    16       3.4244682713E-006
#    -12    17       1.5413199571E-004
#    -12    18       3.1719275604E-004
#    -12    19       7.9893120332E-004
#    -12    20       4.5974961933E-004
#    -12    21       1.4400633138E-005
#    -11   -26       6.8409388015E-005
#    -11   -25       1.3302917216E-004
#    -11   -24       4.6677422176E-005
#    -11   -23       8.4082080816E-005
#    -11   -22       4.6108596616E-004
#    -11   -21       1.1556504029E-004
#    -11   -20       3.9305711198E-005
#    -11   -19       1.8958799404E-006
#    -11   -18       2.2484152471E-005
#    -11   -17       5.6864415379E-005
#    -11   -16       1.0810210995E-004
#    -11   -15       1.3071657154E-004
#    -11   -14       5.1271511441E-005
#    -11   -13       1.4101467020E-004
#    -11   -12       6.0350156389E-004
#    -11   -11       8.1509862719E-004
#    -11   -10       6.6298275079E-004
#    -11    -9       2.8688666541E-005
#    -11    -8       4.9174575143E-005
#    -11    -7       3.3662446939E-004
#    -11    -6       3.9081362634E-004
#    -11    -5       8.6737986258E-004
#    -11    -4       1.3668083932E-004
#    -11    -3       2.2234464371E-004
#    -11    -2       1.5245140578E-005
#    -11    -1       1.6606460598E-004
#    -11     0       5.8791665646E-004
#    -11     1       2.2798092332E-004
#    -11     2       7.2140964443E-004
#    -11     3       1.6543380175E-003
#    -11     4       1.8758415669E-003
#    -11     5       2.3677781382E-003
#    -11     6       2.1630315016E-004
#    -11     7       6.0122560513E-004
#    -11     8       1.1891008615E-003
#    -11     9       9.4136045896E-004
#    -11    10       6.8500158447E-004
#    -11    11       1.1660808841E-004
#    -11    12       4.2541750092E-004
#    -11    13       3.1171979252E-004
#    -11    14       5.5876027978E-004
#    -11    15       8.4081234490E-004
#    -11    16       1.0837632640E-004
#    -11    17       5.8846162506E-004
#    -11    18       2.3316277780E-004
#    -11    19       1.4335515098E-003
#    -11    20       1.4647879387E-004
#    -10   -27       2.2961440784E-005
#    -10   -26       6.3200213978E-005
#    -10   -25       5.0695221509E-004
#    -10   -24       3.8494114209E-005
#    -10   -23       2.6695877048E-005
#    -10   -22       3.8449960919E-005
#    -10   -21       8.6399313293E-005
#    -10   -20       3.0871267295E-005
#    -10   -19       7.0456127180E-006
#    -10   -18       5.4101775210E-005
#    -10   -17       2.2827825286E-006
#    -10   -16       3.5224474279E-005
#    -10   -15       3.8364505010E-003
#    -10   -14       4.2336477467E-005
#    -10   -13       1.2781070534E-004
#    -10   -12       1.2274805297E-004
#    -10   -11       1.6448275401E-004
#    -10   -10       6.5678729825E-003
#    -10    -9       4.8081993527E-005
#    -10    -8       5.5204426881E-005
#    -10    -7       2.4021328740E-004
#    -10    -6       5.5839985931E-005
#    -10    -5       2.0915970155E-002
#    -10    -4       1.1807831549E-004
#    -10    -3       2.0442713518E-006
#    -10    -2       5.0614054660E-005
#    -10    -1       3.5139476841E-004
#    -10     0       2.5813291758E-002
#    -10     1       6.4817626492E-004
#    -10     2       2.5267201320E-004
#    -10     3       3.2655644268E-004
#    -10     4       2.9006299319E-004
#    -10     5       9.0001751200E-003
#    -10     6       2.8258822205E-004
#    -10     7       3.9849586779E-004
#    -10     8       1.6903899891E-004
#    -10     9       4.0265811168E-005
#    -10    10       1.7068325578E-002
#    -10    11       6.3155641658E-005
#    -10    12       1.1495805986E-005
#    -10    13       1.9908245104E-004
#    -10    14       2.5883632060E-004
#    -10    15       1.4182093636E-002
#    -10    16       6.1775688189E-005
#    -10    17       4.7094363717E-005
#    -10    18       8.5084562485E-005
#    -10    19       1.2970981878E-004
#     -9   -27       7.4550104909E-005
#     -9   -26       6.3071743395E-005
#     -9   -25       1.3240205023E-004
#     -9   -24       2.9975633868E-004
#     -9   -23       6.0110148534E-004
#     -9   -22       1.6035533774E-004
#     -9   -21       5.6479947330E-005
#     -9   -20       4.0034281694E-005
#     -9   -19       4.4828119169E-005
#     -9   -18       1.6743270717E-004
#     -9   -17       1.4425622285E-005
#     -9   -16       4.0406769640E-005
#     -9   -15       1.7187516049E-004
#     -9   -14       2.5002887332E-004
#     -9   -13       9.1260176230E-004
#     -9   -12       3.3935113397E-004
#     -9   -11       9.7622757259E-005
#     -9   -10       1.0887130534E-004
#     -9    -9       2.6138451994E-004
#     -9    -8       6.5859819144E-004
#     -9    -7       3.8923786668E-004
#     -9    -6       1.5520858935E-004
#     -9    -5       1.5194509915E-004
#     -9    -4       4.7729561113E-005
#     -9    -3       4.1053870976E-004
#     -9    -2       7.7380559559E-004
#     -9    -1       6.7257467175E-004
#     -9     0       1.8275389241E-003
#     -9     1       2.1814133784E-003
#     -9     2       1.7278268162E-003
#     -9     3       2.3751780423E-004
#     -9     4       1.4441582692E-004
#     -9     5       1.0832304538E-003
#     -9     6       4.8666194645E-004
#     -9     7       8.1825622939E-004
#     -9     8       9.9989919309E-005
#     -9     9       2.6716386081E-005
#     -9    10       8.8893539789E-005
#     -9    11       1.9899325966E-004
#     -9    12       1.3648445577E-004
#     -9    13       7.1682620515E-005
#     -9    14       2.1627816955E-004
#     -9    15       1.1921997846E-003
#     -9    16       5.4737720421E-004
#     -9    17       1.6218275500E-003
#     -9    18       2.4195129704E-004
#     -9    19       2.1543014468E-004
#     -8   -27       7.6763373873E-005
#     -8   -26       6.0094643572E-006
#     -8   -25       1.5893773408E-004
#     -8   -24       2.7338845138E-004
#     -8   -23       4.8891910009E-004
#     -8   -22       8.1433056536E-005
#     -8   -21       2.6964810178E-005
#     -8   -20       8.9366874475E-005
#     -8   -19       6.9163615652E-005
#     -8   -18       1.9392203947E-004
#     -8   -17       2.1940302293E-005
#     -8   -16       1.3172280441E-005
#     -8   -15       5.6648946914E-005
#     -8   -14       4.7074707008E-004
#     -8   -13       1.3351719531E-003
#     -8   -12       1.0844819547E-004
#     -8   -11       1.4176041879E-006
#     -8   -10       1.4203145374E-004
#     -8    -9       2.4769276959E-004
#     -8    -8       7.7099715511E-004
#     -8    -7       3.0356091304E-005
#     -8    -6       6.7863947113E-005
#     -8    -5       1.3067983704E-004
#     -8    -4       7.8607921122E-004
#     -8    -3       2.8100269186E-003
#     -8    -2       2.8717319044E-004
#     -8    -1       5.0995903476E-005
#     -8     0       8.3179043620E-004
#     -8     1       5.9976025754E-004
#     -8     2       5.0255629508E-004
#     -8     3       1.4350774396E-004
#     -8     4       6.8192028460E-006
#     -8     5       3.0739472241E-005
#     -8     6       1.5186600150E-004
#     -8     7       6.9897886568E-004
#     -8     8       4.9561504174E-005
#     -8     9       1.9517674511E-005
#     -8    10       2.5388301978E-005
#     -8    11       4.3615405783E-004
#     -8    12       2.3968432195E-003
#     -8    13       8.9626841282E-005
#     -8    14       7.2856461615E-006
#     -8    15       6.4358571301E-004
#     -8    16       8.1105669501E-004
#     -8    17       2.0378624162E-003
#     -8    18       1.9529552683E-005
#     -7   -27       9.3540148769E-005
#     -7   -26       1.9696080685E-004
#     -7   -25       1.2239493255E-004
#     -7   -24       1.2848192857E-005
#     -7   -23       1.1790884584E-004
#     -7   -22       5.1891234817E-004
#     -7   -21       2.0390277475E-004
#     -7   -20       9.9349553534E-005
#     -7   -19       1.5906618307E-005
#     -7   -18       1.7303893585E-006
#     -7   -17       9.3144619420E-005
#     -7   -16       2.4011014654E-004
#     -7   -15       1.2035426020E-004
#     -7   -14       4.5490320237E-005
#     -7   -13       7.8068149868E-005
#     -7   -12       4.4515175063E-004
#     -7   -11       4.7014067832E-006
#     -7   -10       5.8975572778E-005
#     -7    -9       3.0012561390E-005
#     -7    -8       6.7714430025E-005
#     -7    -7       2.0134191182E-004
#     -7    -6       4.2603641497E-004
#     -7    -5       4.4876447836E-004
#     -7    -4       9.9271443557E-005
#     -7    -3       1.8156519703E-004
#     -7    -2       2.3511282264E-003
#     -7    -1       6.5249856182E-004
#     -7     0       2.6793534828E-004
#     -7     1       1.4489156931E-005
#     -7     2       2.1315233676E-005
#     -7     3       9.5457146720E-007
#     -7     4       1.3219011173E-004
#     -7     5       2.9498560986E-006
#     -7     6       8.6579087495E-005
#     -7     7       2.7942758875E-004
#     -7     8       4.8122294304E-005
#     -7     9       1.1088263288E-004
#     -7    10       4.9758661364E-004
#     -7    11       5.4803702686E-006
#     -7    12       4.0164814249E-004
#     -7    13       5.4885247328E-004
#     -7    14       1.7767109953E-004
#     -7    15       5.0340845876E-004
#     -7    16       2.5764974613E-005
#     -7    17       4.8271645390E-005
#     -6   -27       9.3965192235E-005
#     -6   -26       1.8727020058E-004
#     -6   -25       2.6720003231E-004
#     -6   -24       1.2988297536E-004
#     -6   -23       2.6759302168E-004
#     -6   -22       3.3451104278E-004
#     -6   -21       1.2681785411E-004
#     -6   -20       1.9753542353E-004
#     -6   -19       1.6415326338E-005
#     -6   -18       1.3281044731E-004
#     -6   -17       1.5185369916E-004
#     -6   -16       3.2195862536E-004
#     -6   -15       2.3046365080E-004
#     -6   -14       7.6826038102E-005
#     -6   -13       1.7252554050E-004
#     -6   -12       3.8360890389E-005
#     -6   -11       1.9104204988E-005
#     -6   -10       8.6508595920E-005
#     -6    -9       1.7960608339E-007
#     -6    -8       2.8209302248E-005
#     -6    -7       5.7621394118E-004
#     -6    -6       1.0618800391E-003
#     -6    -5       1.6672852045E-003
#     -6    -4       3.5449989962E-004
#     -6    -3       4.6725445227E-004
#     -6    -2       2.6054847977E-004
#     -6    -1       2.1929817297E-005
#     -6     0       2.0944676265E-004
#     -6     1       2.0892639318E-005
#     -6     2       2.4638456400E-004
#     -6     3       3.9922017182E-004
#     -6     4       5.8127945989E-004
#     -6     5       6.5156575102E-004
#     -6     6       4.6994316811E-005
#     -6     7       1.3065589768E-005
#     -6     8       4.9741191189E-005
#     -6     9       6.4518615547E-004
#     -6    10       2.4376553727E-003
#     -6    11       5.7747123448E-004
#     -6    12       3.7963174787E-004
#     -6    13       3.6273699580E-004
#     -6    14       4.8379698482E-004
#     -6    15       7.3991328746E-004
#     -6    16       9.7478467247E-005
#     -5   -27       4.6532229104E-005
#     -5   -26       2.0716378465E-005
#     -5   -25       6.9861119813E-004
#     -5   -24       4.7560272375E-005
#     -5   -23       1.0211588495E-004
#     -5   -22       1.0781656143E-004
#     -5   -21       1.1527271776E-005
#     -5   -20       2.0101901003E-003
#     -5   -19       3.6954511604E-005
#     -5   -18       1.0352742939E-004
#     -5   -17       2.1208698989E-006
#     -5   -16       1.8654374557E-005
#     -5   -15       1.4552313570E-003
#     -5   -14       9.9272559361E-005
#     -5   -13       6.8963758521E-005
#     -5   -12       1.0595690726E-005
#     -5   -11       1.9636281644E-005
#     -5   -10       1.1997492562E-002
#     -5    -9       5.8206131227E-005
#     -5    -8       4.3192277802E-005
#     -5    -7       4.1827808653E-004
#     -5    -6       2.6786524413E-004
#     -5    -5       8.5618592383E-003
#     -5    -4       4.2951825239E-004
#     -5    -3       9.3103833531E-005
#     -5    -2       4.0918731684E-005
#     -5    -1       1.5356053061E-004
#     -5     0       8.3251553100E-003
#     -5     1       2.4194018974E-004
#     -5     2       1.1192139507E-004
#     -5     3       1.0024436769E-004
#     -5     4       1.1026295709E-004
#     -5     5       1.0865394179E-003
#     -5     6       2.6423153143E-005
#     -5     7       6.4194689922E-005
#     -5     8       4.4638397497E-004
#     -5     9       3.1951463651E-004
#     -5    10       3.5955716334E-002
#     -5    11       4.2764732723E-004
#     -5    12       1.4484888570E-004
#     -5    13       1.2007204615E-004
#     -5    14       2.4487443846E-004
#     -5    15       1.8607243251E-002
#     -4   -28       3.4110281823E-005
#     -4   -27       1.7682545872E-005
#     -4   -26       4.3862296006E-005
#     -4   -25       1.8007490545E-004
#     -4   -24       1.8389676247E-004
#     -4   -23       3.8162133633E-004
#     -4   -22       1.0424554553E-004
#     -4   -21       7.0046091487E-005
#     -4   -20       1.4947435851E-004
#     -4   -19       1.9392422155E-004
#     -4   -18       4.2348844389E-004
#     -4   -17       1.7241498804E-005
#     -4   -16       3.0354461378E-005
#     -4   -15       1.9637022942E-004
#     -4   -14       1.3633961022E-004
#     -4   -13       2.4044670541E-005
#     -4   -12       2.9302359055E-005
#     -4   -11       1.0272851195E-004
#     -4   -10       2.8221203671E-004
#     -4    -9       5.3238397564E-004
#     -4    -8       1.2490413235E-003
#     -4    -7       6.0690149795E-004
#     -4    -6       3.3918900821E-004
#     -4    -5       1.2703672238E-003
#     -4    -4       3.6123593570E-004
#     -4    -3       2.9351467034E-005
#     -4    -2       2.7746915793E-004
#     -4    -1       1.8704899327E-004
#     -4     0       2.3738259607E-004
#     -4     1       4.0321349661E-004
#     -4     2       1.9885998944E-004
#     -4     3       1.1780249955E-004
#     -4     4       1.3123514479E-004
#     -4     5       3.8758777272E-004
#     -4     6       8.0791566059E-005
#     -4     7       1.1706799079E-003
#     -4     8       8.3121850481E-004
#     -4     9       5.9973431992E-004
#     -4    10       1.6281011923E-003
#     -4    11       3.1070201727E-003
#     -4    12       5.0232031332E-004
#     -4    13       1.6038162050E-004
#     -4    14       6.5722528346E-005
#     -3   -28       4.3953135170E-004
#     -3   -27       1.5279527173E-005
#     -3   -26       5.1780736541E-006
#     -3   -25       1.7451522458E-004
#     -3   -24       1.7798320625E-004
#     -3   -23       4.3433057261E-004
#     -3   -22       9.8712270693E-005
#     -3   -21       2.6223150076E-005
#     -3   -20       3.1038284443E-004
#     -3   -19       6.6812827057E-005
#     -3   -18       4.1179252693E-004
#     -3   -17       7.3536818144E-005
#     -3   -16       1.0775894986E-006
#     -3   -15       6.5323974896E-005
#     -3   -14       8.1486698682E-006
#     -3   -13       2.3795975905E-005
#     -3   -12       7.2731522083E-005
#     -3   -11       4.4332904723E-006
#     -3   -10       4.7762959779E-004
#     -3    -9       6.0943284306E-004
#     -3    -8       2.0046615912E-003
#     -3    -7       1.8291221933E-004
#     -3    -6       3.7636054954E-005
#     -3    -5       9.2618467302E-006
#     -3    -4       5.9721040005E-005
#     -3    -3       6.3634140637E-004
#     -3    -2       1.0103138374E-004
#     -3    -1       3.1514810751E-005
#     -3     0       6.0105153438E-005
#     -3     1       7.6601297891E-006
#     -3     2       4.1957204684E-005
#     -3     3       1.0233148303E-005
#     -3     4       2.7095868894E-005
#     -3     5       2.5524185223E-005
#     -3     6       2.4768386162E-004
#     -3     7       1.2091608579E-003
#     -3     8       4.0077602964E-005
#     -3     9       3.7605739579E-006
#     -3    10       3.9409474162E-004
#     -3    11       1.3546164286E-003
#     -3    12       2.3211898652E-004
#     -3    13       9.2693319867E-005
#     -2   -28       3.3525243700E-007
#     -2   -27       4.7426200231E-004
#     -2   -26       1.6386728816E-004
#     -2   -25       7.8087749097E-005
#     -2   -24       8.6286588416E-006
#     -2   -23       8.8498963080E-005
#     -2   -22       8.2579810339E-004
#     -2   -21       2.5642924411E-004
#     -2   -20       2.3682982535E-004
#     -2   -19       5.7521154946E-006
#     -2   -18       2.6574586668E-005
#     -2   -17       5.3809009240E-004
#     -2   -16       9.7807843349E-005
#     -2   -15       1.2923099029E-005
#     -2   -14       2.7348280920E-005
#     -2   -13       3.5582009702E-005
#     -2   -12       7.2672742249E-004
#     -2   -11       3.4964603220E-004
#     -2   -10       6.3522162546E-004
#     -2    -9       2.7697603061E-005
#     -2    -8       2.6715161639E-004
#     -2    -7       1.4455686793E-003
#     -2    -6       2.5820236005E-004
#     -2    -5       1.0013900412E-004
#     -2    -4       1.9036364247E-005
#     -2    -3       6.2362259883E-005
#     -2    -2       2.6438210183E-004
#     -2    -1       1.8592705717E-005
#     -2     0       7.0125207433E-005
#     -2     1       3.6843229218E-005
#     -2     2       2.2525929391E-004
#     -2     3       2.0808395537E-004
#     -2     4       7.5075538339E-005
#     -2     5       1.9186239788E-004
#     -2     6       1.7691526540E-005
#     -2     7       3.7027112548E-005
#     -2     8       9.9035811777E-005
#     -2     9       2.3582864422E-004
#     -2    10       4.8885378666E-004
#     -2    11       8.0769950201E-005
#     -2    12       7.1975574986E-005
#     -1   -27       2.1671544007E-004
#     -1   -26       1.4739891818E-004
#     -1   -25       2.2831098755E-004
#     -1   -24       7.9455270473E-005
#     -1   -23       8.6914641190E-005
#     -1   -22       6.2705544586E-004
#     -1   -21       1.6759360635E-004
#     -1   -20       2.1798171984E-004
#     -1   -19       6.6067516626E-009
#     -1   -18       4.0579434254E-005
#     -1   -17       1.8169901447E-004
#     -1   -16       6.7898390206E-006
#     -1   -15       4.4056774102E-005
#     -1   -14       2.5382567462E-005
#     -1   -13       8.0770608220E-005
#     -1   -12       4.3957881356E-004
#     -1   -11       3.8365464762E-004
#     -1   -10       4.8668946893E-004
#     -1    -9       1.0927801425E-004
#     -1    -8       1.5339374276E-004
#     -1    -7       5.9097156476E-004
#     -1    -6       4.2041937581E-004
#     -1    -5       4.3232284671E-004
#     -1    -4       1.9435123259E-004
#     -1    -3       1.1878172647E-004
#     -1    -2       3.2027722106E-005
#     -1    -1       1.3006390370E-004
#     -1     0       7.2557874248E-004
#     -1     1       1.1637330450E-004
#     -1     2       4.0574703538E-004
#     -1     3       2.0984922227E-004
#     -1     4       1.4268340222E-004
#     -1     5       3.2915179509E-004
#     -1     6       2.7972408833E-004
#     -1     7       2.1140376388E-004
#     -1     8       1.8478405390E-004
#     -1     9       2.2633482995E-004
#     -1    10       3.4956849960E-004
#     -1    11       2.1071866824E-004
#      0   -27       2.5639736419E-005
#      0   -26       1.5973171882E-004
#      0   -25       5.7813951500E-004
#      0   -24       1.1095846166E-004
#      0   -23       1.2817734040E-004
#      0   -22       2.0446615649E-004
#      0   -21       3.1830663823E-005
#      0   -20       3.0500800629E-003
#      0   -19       1.3231027769E-005
#      0   -18       9.0195926952E-006
#      0   -17       7.7141167073E-006
#      0   -16       2.9515518346E-006
#      0   -15       1.4101812264E-002
#      0   -14       3.2531683231E-005
#      0   -13       7.1213757728E-005
#      0   -12       1.0535090031E-004
#      0   -11       4.1491624005E-005
#      0   -10       1.5917605241E-002
#      0    -9       2.8335355468E-005
#      0    -8       5.6231149846E-005
#      0    -7       1.1626500218E-004
#      0    -6       6.8044585551E-005
#      0    -5       6.1925332028E-004
#      0    -4       1.8723237299E-004
#      0    -3       1.8758089824E-005
#      0    -2       1.2358765409E-004
#      0    -1       4.5955580148E-004
#      0     0       3.1444252802E-002
#      0     1       3.0003374227E-004
#      0     2       1.6385740760E-004
#      0     3       2.9153007565E-005
#      0     4       1.1278807825E-004
#      0     5       7.5697291532E-003
#      0     6       3.7573370540E-004
#      0     7       3.9589990437E-005
#      0     8       2.3934576694E-004
#      0     9       5.4004399398E-006
#      0    10       1.4246886392E-002
#      1   -27       1.5426553577E-004
#      1   -26       1.1410075134E-004
#      1   -25       5.7165996117E-004
#      1   -24       3.7491018804E-004
#      1   -23       2.9041221255E-004
#      1   -22       3.2510461798E-004
#      1   -21       6.7849236803E-005
#      1   -20       1.8492780376E-005
#      1   -19       2.0808468852E-005
#      1   -18       7.0056305853E-005
#      1   -17       2.2436014710E-005
#      1   -16       3.1893003422E-006
#      1   -15       2.7585927972E-004
#      1   -14       1.6466683810E-004
#      1   -13       7.2625015200E-005
#      1   -12       2.2341424264E-004
#      1   -11       3.7202786922E-005
#      1   -10       9.6496541160E-005
#      1    -9       1.6413064593E-004
#      1    -8       9.7828332765E-005
#      1    -7       3.3093201783E-005
#      1    -6       1.3001012287E-004
#      1    -5       5.6591907884E-004
#      1    -4       1.1981936446E-004
#      1    -3       4.7297100044E-004
#      1    -2       7.1863361111E-004
#      1    -1       8.7612245398E-004
#      1     0       2.6615468653E-003
#      1     1       1.7420045118E-003
#      1     2       1.0385041226E-004
#      1     3       7.8153242369E-005
#      1     4       2.6975440989E-004
#      1     5       1.1841607865E-003
#      1     6       6.7304130553E-004
#      1     7       3.9515075018E-004
#      1     8       3.4733787066E-004
#      1     9       2.3003082226E-005
#      2   -27       1.2533666724E-005
#      2   -26       1.1667324888E-004
#      2   -25       1.4437895647E-004
#      2   -24       5.3552016507E-004
#      2   -23       8.4284779265E-004
#      2   -22       3.9505486345E-006
#      2   -21       4.8487486067E-006
#      2   -20       8.5432402310E-005
#      2   -19       5.1079123537E-005
#      2   -18       5.0742296044E-004
#      2   -17       2.8762227556E-005
#      2   -16       7.5798090466E-006
#      2   -15       8.6332021075E-005
#      2   -14       1.9164844549E-004
#      2   -13       7.4623335025E-004
#      2   -12       7.4685904033E-006
#      2   -11       5.8582040303E-005
#      2   -10       6.7659524895E-005
#      2    -9       1.3447762995E-006
#      2    -8       1.1011666387E-004
#      2    -7       1.0029731974E-005
#      2    -6       2.3541445071E-005
#      2    -5       2.4385170032E-005
#      2    -4       3.8947810820E-005
#      2    -3       9.7569635290E-004
#      2    -2       1.9323391080E-004
#      2    -1       7.9111711170E-005
#      2     0       4.4730095689E-004
#      2     1       9.5364987537E-004
#      2     2       2.3313252010E-004
#      2     3       1.8821073165E-005
#      2     4       9.0401268266E-005
#      2     5       9.5100122552E-004
#      2     6       3.6384364147E-004
#      2     7       1.4499313642E-003
#      2     8       9.1027658799E-005
#      3   -26       1.0626198695E-004
#      3   -25       4.2343070792E-005
#      3   -24       3.6381490905E-005
#      3   -23       1.4112737523E-004
#      3   -22       2.2865912431E-004
#      3   -21       1.3111013498E-004
#      3   -20       1.8677609881E-004
#      3   -19       7.8030300594E-006
#      3   -18       5.2468715173E-005
#      3   -17       7.7549217552E-004
#      3   -16       2.6265939367E-004
#      3   -15       6.4408847399E-005
#      3   -14       6.3762007294E-005
#      3   -13       1.9927786394E-004
#      3   -12       3.5187918636E-004
#      3   -11       3.5273584661E-004
#      3   -10       4.2772992838E-004
#      3    -9       2.9470090785E-005
#      3    -8       4.6642392869E-004
#      3    -7       1.5642598067E-003
#      3    -6       3.8196056345E-004
#      3    -5       1.8518421626E-004
#      3    -4       7.9202065600E-006
#      3    -3       1.7236354182E-005
#      3    -2       1.3080662416E-003
#      3    -1       7.8523214353E-004
#      3     0       8.7815983599E-004
#      3     1       3.5251325051E-005
#      3     2       3.3247541312E-004
#      3     3       2.0460782114E-003
#      3     4       8.3798825385E-004
#      3     5       1.2740197741E-004
#      3     6       4.2255140532E-005
#      4   -26       1.0218763387E-004
#      4   -25       1.3229314089E-004
#      4   -24       1.0611266461E-004
#      4   -23       2.7596358919E-005
#      4   -22       6.9707571343E-004
#      4   -21       1.8078094450E-004
#      4   -20       3.5498236655E-004
#      4   -19       8.2212221152E-005
#      4   -18       7.3207121347E-005
#      4   -17       1.4216659040E-004
#      4   -16       2.7467261101E-004
#      4   -15       7.9310715341E-004
#      4   -14       1.5491361838E-004
#      4   -13       3.5323516804E-005
#      4   -12       1.0491821931E-003
#      4   -11       1.5837591512E-003
#      4   -10       2.2448436153E-003
#      4    -9       4.6080760871E-004
#      4    -8       7.9338740694E-004
#      4    -7       1.1937422093E-003
#      4    -6       9.5017412060E-005
#      4    -5       1.8199535926E-004
#      4    -4       3.4789602272E-004
#      4    -3       7.3738484704E-005
#      4    -2       1.5657062698E-004
#      4    -1       9.1747852810E-004
#      4     0       1.7518675151E-003
#      4     1       1.0629718853E-003
#      4     2       1.0920095866E-003
#      4     3       1.0518994281E-003
#      4     4       8.4067139155E-004
#      4     5       3.1422841630E-004
#      5   -25       1.7376462743E-003
#      5   -24       1.3676329385E-005
#      5   -23       1.2099610960E-005
#      5   -22       1.6865682752E-005
#      5   -21       1.6753808356E-005
#      5   -20       9.0047623104E-004
#      5   -19       3.0842093336E-005
#      5   -18       6.7509798880E-006
#      5   -17       1.2410486378E-004
#      5   -16       1.5978269889E-004
#      5   -15       1.4529249941E-002
#      5   -14       8.9970516438E-005
#      5   -13       2.8430166493E-005
#      5   -12       1.6549908186E-004
#      5   -11       5.8269232199E-004
#      5   -10       3.7581854865E-002
#      5    -9       6.7181028580E-004
#      5    -8       9.1931985491E-005
#      5    -7       9.6677596795E-005
#      5    -6       1.9766974516E-004
#      5    -5       9.2777231128E-003
#      5    -4       1.6364495128E-004
#      5    -3       1.1467225683E-004
#      5    -2       4.8761451361E-004
#      5    -1       8.3432694708E-005
#      5     0       5.0430270246E-002
#      5     1       9.5268755276E-004
#      5     2       8.3825002664E-005
#      5     3       1.9268535965E-005
#      6   -25       6.8474784730E-004
#      6   -24       4.8814179312E-004
#      6   -23       5.6344646361E-005
#      6   -22       2.4045700971E-004
#      6   -21       1.9046812180E-004
#      6   -20       2.1053660545E-004
#      6   -19       1.9186078327E-004
#      6   -18       1.0678904010E-004
#      6   -17       1.0702881074E-004
#      6   -16       1.2006657089E-004
#      6   -15       1.3136800256E-003
#      6   -14       3.1914160637E-004
#      6   -13       3.8305985814E-004
#      6   -12       9.8456817379E-004
#      6   -11       5.1538464712E-004
#      6   -10       1.5831270161E-003
#      6    -9       1.5270295666E-003
#      6    -8       4.0057477592E-004
#      6    -7       4.1382595627E-004
#      6    -6       6.1408105320E-004
#      6    -5       1.3442076418E-003
#      6    -4       8.0369011548E-004
#      6    -3       8.1448076370E-004
#      6    -2       6.6331019436E-004
#      6    -1       3.5651441644E-004
#      6     0       2.1049970045E-003
#      6     1       1.5142107574E-003
#      6     2       8.6471725969E-004
#      7   -24       4.2753259842E-004
#      7   -23       1.0868048780E-003
#      7   -22       5.6996549701E-005
#      7   -21       7.4796406167E-005
#      7   -20       1.5288107306E-004
#      7   -19       5.7195751725E-004
#      7   -18       8.0008601241E-004
#      7   -17       3.2090226737E-005
#      7   -16       1.1686753567E-005
#      7   -15       1.2372903672E-004
#      7   -14       1.6073952294E-004
#      7   -13       7.8357605300E-004
#      7   -12       1.8246552540E-004
#      7   -11       1.2040639561E-004
#      7   -10       5.1110148780E-004
#      7    -9       7.9426215266E-004
#      7    -8       2.4807983088E-004
#      7    -7       1.5385188729E-006
#      7    -6       2.0708773135E-005
#      7    -5       1.2567161188E-003
#      7    -4       8.1489682028E-004
#      7    -3       2.8035969696E-003
#      7    -2       2.2312571716E-004
#      7    -1       4.3720793453E-005
#      7     0       5.8899043069E-004
#      8   -23       2.6588189090E-004
#      8   -22       4.5088811267E-004
#      8   -21       2.5076068936E-004
#      8   -20       1.4718511930E-004
#      8   -19       6.8297389362E-005
#      8   -18       7.6457527305E-005
#      8   -17       2.0116074928E-003
#      8   -16       6.7617010256E-004
#      8   -15       3.3727630117E-004
#      8   -14       1.4736385410E-005
#      8   -13       8.1832297666E-005
#      8   -12       8.7685119728E-004
#      8   -11       1.3631957501E-003
#      8   -10       4.1665750961E-004
#      8    -9       4.1665107699E-005
#      8    -8       4.4862726495E-004
#      8    -7       1.4056857525E-004
#      8    -6       1.0400831342E-003
#      8    -5       7.9433816762E-005
#      8    -4       2.0565673694E-005
#      8    -3       1.3574945751E-004
#      8    -2       2.3235183525E-003
#      9   -21       9.2904075734E-004
#      9   -20       1.9091115069E-004
#      9   -19       2.1455396929E-004
#      9   -18       1.2887562713E-004
#      9   -17       1.5933872326E-003
#      9   -16       1.1117641735E-003
#      9   -15       6.7164347302E-004
#      9   -14       2.2199335163E-004
#      9   -13       1.4409219130E-004
#      9   -12       1.4316259177E-004
#      9   -11       2.8710225302E-004
#      9   -10       4.3221500737E-004
#      9    -9       5.0263165229E-004
#      9    -8       5.8167289649E-004
#      9    -7       3.8480456215E-004
#      9    -6       1.0900492569E-003
#      9    -5       3.2039693465E-004
#     10   -19       1.3597531434E-006
#     10   -18       5.6476135132E-005
#     10   -17       2.0133216250E-005
#     10   -16       3.5210084983E-004
#     10   -15       1.8591973147E-002
#     10   -14       8.5037575234E-005
#     10   -13       2.4273054892E-005
#     10   -12       1.4475434628E-004
#     10   -11       1.1161478734E-005
#     10   -10       1.1409931528E-002
#     10    -9       6.6935375865E-004
#     10    -8       9.3052937534E-005
