 Diffraction intensities for potential:_5x5_03D10008.in                        
#    -45    11       5.9808907026E-006
#    -45    12       1.7192446268E-006
#    -45    13       3.7012528510E-006
#    -45    14       5.2640386088E-005
#    -45    15       1.1074986282E-004
#    -45    16       4.0013672826E-005
#    -44     7       5.7532545698E-005
#    -44     8       1.9160367640E-005
#    -44     9       3.2997433791E-005
#    -44    10       1.8614834221E-005
#    -44    11       2.1616203081E-005
#    -44    12       1.1076636718E-004
#    -44    13       2.7809150448E-005
#    -44    14       6.0687130665E-005
#    -44    15       1.9773602607E-005
#    -44    16       3.0087969278E-005
#    -44    17       7.6929730691E-005
#    -44    18       1.4910097490E-005
#    -44    19       1.7361401605E-005
#    -44    20       2.5488629739E-005
#    -43     4       9.0700509391E-006
#    -43     5       2.8469642006E-006
#    -43     6       2.1879810024E-005
#    -43     7       6.6353719870E-005
#    -43     8       1.3002133705E-005
#    -43     9       1.5907627225E-005
#    -43    10       3.0578018607E-006
#    -43    11       1.0515608201E-004
#    -43    12       1.5447308626E-004
#    -43    13       1.0642987162E-005
#    -43    14       3.6813457201E-005
#    -43    15       2.9987636410E-005
#    -43    16       1.1676549912E-004
#    -43    17       1.4791112957E-004
#    -43    18       7.9135074259E-006
#    -43    19       5.8259766444E-005
#    -43    20       9.4568296327E-006
#    -43    21       6.0883788994E-005
#    -43    22       6.0861741977E-005
#    -42     2       5.6894505572E-006
#    -42     3       4.4067132943E-005
#    -42     4       3.9349985460E-005
#    -42     5       3.2379209030E-006
#    -42     6       1.5054169175E-006
#    -42     7       2.4615280011E-006
#    -42     8       9.7368495401E-005
#    -42     9       8.1120651245E-005
#    -42    10       2.7613880714E-006
#    -42    11       2.9337931489E-005
#    -42    12       1.5147162863E-005
#    -42    13       2.4216752827E-004
#    -42    14       1.5563183976E-004
#    -42    15       2.3364499298E-005
#    -42    16       5.0231598749E-005
#    -42    17       2.9143233571E-006
#    -42    18       1.5416001703E-004
#    -42    19       1.6985194330E-004
#    -42    20       9.2834822787E-006
#    -42    21       4.5913493424E-005
#    -42    22       1.3867486818E-005
#    -42    23       7.9742684458E-005
#    -41     0       1.7200656794E-005
#    -41     1       8.7092005625E-006
#    -41     2       4.8386144036E-006
#    -41     3       6.5884084784E-005
#    -41     4       1.1561996581E-005
#    -41     5       2.6402240983E-005
#    -41     6       8.4187225512E-006
#    -41     7       3.1428546233E-005
#    -41     8       8.7126380072E-005
#    -41     9       3.9693044161E-005
#    -41    10       5.2713548110E-005
#    -41    11       5.8773256462E-005
#    -41    12       3.6661719505E-005
#    -41    13       1.9467085933E-004
#    -41    14       4.3055857130E-005
#    -41    15       8.6991050545E-005
#    -41    16       1.1545464799E-004
#    -41    17       7.9565886112E-005
#    -41    18       2.8026281762E-004
#    -41    19       4.6994787998E-005
#    -41    20       9.1761192358E-005
#    -41    21       1.0350455487E-004
#    -41    22       4.1248591003E-005
#    -41    23       9.1581178475E-005
#    -41    24       5.3620684497E-006
#    -40    -2       8.5933355358E-006
#    -40    -1       7.3646413755E-006
#    -40     0       1.4104121161E-004
#    -40     1       3.2905590027E-005
#    -40     2       6.1254723169E-006
#    -40     3       3.9022747704E-006
#    -40     4       5.8811387844E-005
#    -40     5       1.3225762548E-004
#    -40     6       4.1960573645E-005
#    -40     7       6.1249686653E-006
#    -40     8       9.0578167070E-006
#    -40     9       4.4773928744E-005
#    -40    10       2.6323169495E-004
#    -40    11       7.1069749446E-005
#    -40    12       9.2132198741E-006
#    -40    13       1.7441895376E-005
#    -40    14       1.5906326811E-004
#    -40    15       3.5462218863E-004
#    -40    16       1.2696386197E-004
#    -40    17       1.5533674010E-005
#    -40    18       2.1549024420E-005
#    -40    19       7.7688243581E-005
#    -40    20       2.4736149486E-004
#    -40    21       6.4403698470E-005
#    -40    22       1.4588103653E-005
#    -40    23       1.7665233396E-005
#    -40    24       7.2678761957E-005
#    -40    25       7.6380566020E-005
#    -39    -4       9.5538511979E-006
#    -39    -3       6.0922239954E-005
#    -39    -2       5.1768607661E-006
#    -39    -1       4.3743094669E-005
#    -39     0       1.4043840134E-005
#    -39     1       2.0043178979E-005
#    -39     2       8.0824998210E-005
#    -39     3       1.5039220530E-005
#    -39     4       6.0713518251E-005
#    -39     5       4.9774921453E-005
#    -39     6       3.2069140154E-005
#    -39     7       1.3271518564E-004
#    -39     8       5.0577511761E-005
#    -39     9       8.9061965969E-005
#    -39    10       5.7314329065E-005
#    -39    11       7.4104794038E-005
#    -39    12       2.6539134062E-004
#    -39    13       6.3963578266E-005
#    -39    14       1.1197336977E-004
#    -39    15       1.0110445833E-004
#    -39    16       7.7457551196E-005
#    -39    17       2.8414355336E-004
#    -39    18       1.1292416527E-004
#    -39    19       9.2689604637E-005
#    -39    20       9.7549784834E-005
#    -39    21       6.0017549323E-005
#    -39    22       1.8332804132E-004
#    -39    23       4.1780623752E-005
#    -39    24       1.6068142412E-004
#    -39    25       8.5552896520E-005
#    -39    26       2.7552023909E-005
#    -38    -5       7.2821848542E-006
#    -38    -4       4.1623628880E-005
#    -38    -3       8.2374136184E-005
#    -38    -2       8.4446947606E-006
#    -38    -1       1.7314155456E-005
#    -38     0       2.7256267640E-006
#    -38     1       5.4792795572E-005
#    -38     2       1.0947125789E-004
#    -38     3       1.6467442796E-005
#    -38     4       3.2515167283E-005
#    -38     5       5.8544687289E-006
#    -38     6       1.3125782322E-004
#    -38     7       1.5953655235E-004
#    -38     8       1.0690820693E-005
#    -38     9       3.7388597396E-005
#    -38    10       2.1441989756E-005
#    -38    11       2.3637403855E-004
#    -38    12       2.4665489090E-004
#    -38    13       1.3824429112E-005
#    -38    14       9.8632425892E-005
#    -38    15       3.9623368279E-005
#    -38    16       2.7527440469E-004
#    -38    17       3.5168318242E-004
#    -38    18       3.7402274063E-005
#    -38    19       7.1169700431E-005
#    -38    20       1.4720139253E-005
#    -38    21       2.0464493938E-004
#    -38    22       2.1933417419E-004
#    -38    23       7.7607137406E-006
#    -38    24       9.7651195211E-005
#    -38    25       1.5529732970E-005
#    -38    26       1.7129182732E-004
#    -37    -7       6.0200640573E-005
#    -37    -6       1.8271115132E-005
#    -37    -5       3.9777676938E-006
#    -37    -4       1.6144341632E-005
#    -37    -3       5.5325236400E-006
#    -37    -2       7.5018077109E-005
#    -37    -1       5.8166373741E-005
#    -37     0       4.3829404409E-006
#    -37     1       2.2230339629E-005
#    -37     2       1.0720241534E-005
#    -37     3       1.2216182602E-004
#    -37     4       1.5135231607E-004
#    -37     5       7.7133112816E-006
#    -37     6       3.6132865508E-005
#    -37     7       2.3062126711E-005
#    -37     8       1.9401052499E-004
#    -37     9       1.7579155439E-004
#    -37    10       2.0081377435E-005
#    -37    11       4.3260556296E-005
#    -37    12       8.6012702026E-006
#    -37    13       2.6196981874E-004
#    -37    14       2.4886374255E-004
#    -37    15       3.6471775048E-005
#    -37    16       1.0953596660E-004
#    -37    17       2.1209483421E-005
#    -37    18       2.6953140976E-004
#    -37    19       3.0224865013E-004
#    -37    20       1.0512421696E-005
#    -37    21       4.7649714144E-005
#    -37    22       1.4147145212E-005
#    -37    23       1.7620419767E-004
#    -37    24       1.5776214778E-004
#    -37    25       2.8560998557E-005
#    -37    26       4.3220760263E-005
#    -37    27       4.9861506471E-006
#    -36    -8       1.5000250375E-005
#    -36    -7       6.3033178313E-005
#    -36    -6       6.4887322178E-006
#    -36    -5       2.2115500908E-005
#    -36    -4       3.5842859531E-005
#    -36    -3       2.4879801267E-005
#    -36    -2       1.0784954943E-004
#    -36    -1       2.3665724226E-005
#    -36     0       3.0718269414E-005
#    -36     1       4.5774380735E-005
#    -36     2       3.3765554249E-005
#    -36     3       1.7826923029E-004
#    -36     4       6.1683818797E-005
#    -36     5       6.5643897553E-005
#    -36     6       3.0967673010E-005
#    -36     7       3.1196884026E-005
#    -36     8       1.5649139237E-004
#    -36     9       4.5495950909E-005
#    -36    10       6.9279426083E-005
#    -36    11       7.8192021739E-005
#    -36    12       7.8317177392E-005
#    -36    13       1.9678929229E-004
#    -36    14       3.8157171028E-005
#    -36    15       1.1276220615E-004
#    -36    16       1.4895759399E-004
#    -36    17       9.7298939333E-005
#    -36    18       2.9544654947E-004
#    -36    19       6.2632041875E-005
#    -36    20       9.7250956942E-005
#    -36    21       1.2880355386E-004
#    -36    22       5.8476067084E-005
#    -36    23       2.2560845194E-004
#    -36    24       4.0990764910E-005
#    -36    25       4.3146106051E-005
#    -36    26       5.7023884371E-005
#    -36    27       3.5060160571E-005
#    -35    -9       2.4462904410E-005
#    -35    -8       3.6325022913E-006
#    -35    -7       9.7640406083E-007
#    -35    -6       1.0800569388E-005
#    -35    -5       1.3440432877E-004
#    -35    -4       4.3654587861E-005
#    -35    -3       1.2503977246E-005
#    -35    -2       9.1129279274E-006
#    -35    -1       3.6063814362E-005
#    -35     0       2.7019924405E-004
#    -35     1       7.4775026165E-005
#    -35     2       8.2334477988E-006
#    -35     3       8.4080680734E-006
#    -35     4       8.0193685276E-005
#    -35     5       6.5028719126E-005
#    -35     6       6.6500075848E-005
#    -35     7       4.0253432999E-006
#    -35     8       8.2261359202E-006
#    -35     9       8.0863938654E-005
#    -35    10       4.5780397840E-004
#    -35    11       3.8326487320E-005
#    -35    12       1.0575639274E-005
#    -35    13       9.9502237079E-006
#    -35    14       6.8639824682E-005
#    -35    15       5.5003236074E-004
#    -35    16       1.0903983544E-004
#    -35    17       1.2225532943E-005
#    -35    18       1.8132834995E-005
#    -35    19       1.1380163342E-004
#    -35    20       3.5580516392E-004
#    -35    21       7.2113319821E-005
#    -35    22       1.6614673272E-005
#    -35    23       1.5066029961E-005
#    -35    24       8.7825363643E-005
#    -35    25       2.7399757087E-004
#    -35    26       2.9250240955E-004
#    -35    27       1.3963659616E-005
#    -34   -11       3.2964464194E-006
#    -34   -10       2.7336034148E-005
#    -34    -9       2.3312676118E-005
#    -34    -8       7.5665429513E-005
#    -34    -7       3.6326430397E-005
#    -34    -6       4.5901006233E-005
#    -34    -5       4.3456413136E-005
#    -34    -4       4.6657121076E-005
#    -34    -3       1.4046346099E-004
#    -34    -2       2.9998859178E-005
#    -34    -1       7.5065584649E-005
#    -34     0       6.4804377781E-005
#    -34     1       5.0025195990E-005
#    -34     2       1.9340335257E-004
#    -34     3       4.5507309999E-005
#    -34     4       6.6117055865E-005
#    -34     5       6.9528818134E-005
#    -34     6       3.9598893608E-005
#    -34     7       1.1260915125E-004
#    -34     8       3.5176586513E-005
#    -34     9       4.1704995941E-005
#    -34    10       2.1761112801E-005
#    -34    11       3.8274051320E-005
#    -34    12       1.0895226976E-004
#    -34    13       5.3543927664E-005
#    -34    14       5.6959048869E-005
#    -34    15       7.1318640067E-005
#    -34    16       2.9276655713E-005
#    -34    17       2.2462593151E-004
#    -34    18       8.2463154891E-005
#    -34    19       5.3774366776E-005
#    -34    20       7.9971443685E-005
#    -34    21       4.0085959530E-005
#    -34    22       2.3212564210E-004
#    -34    23       1.0378874946E-004
#    -34    24       1.8466296303E-004
#    -34    25       9.3608327767E-005
#    -34    26       1.0205860551E-004
#    -34    27       9.8382415537E-005
#    -33   -12       2.7076079441E-005
#    -33   -11       1.4805189666E-005
#    -33   -10       4.7656864133E-006
#    -33    -9       7.7958802843E-005
#    -33    -8       9.7117787959E-005
#    -33    -7       3.1032607848E-005
#    -33    -6       2.3646288659E-005
#    -33    -5       7.1753629789E-006
#    -33    -4       1.6764114099E-004
#    -33    -3       1.9080097898E-004
#    -33    -2       2.1230746519E-005
#    -33    -1       5.7822558816E-005
#    -33     0       1.3311151170E-005
#    -33     1       2.3786932143E-004
#    -33     2       2.5880150191E-004
#    -33     3       2.2963980484E-005
#    -33     4       2.1304278749E-005
#    -33     5       1.4565241568E-006
#    -33     6       8.3004387913E-005
#    -33     7       8.9771037528E-005
#    -33     8       4.3754579840E-006
#    -33     9       1.1623651641E-005
#    -33    10       2.0516330936E-005
#    -33    11       1.0014501588E-004
#    -33    12       8.9403358098E-005
#    -33    13       3.1310523194E-006
#    -33    14       4.7433481791E-005
#    -33    15       2.5739479153E-005
#    -33    16       1.3795950340E-004
#    -33    17       1.8415840601E-004
#    -33    18       1.4897384682E-005
#    -33    19       4.9928159835E-005
#    -33    20       3.1515272485E-006
#    -33    21       1.8459406826E-004
#    -33    22       3.7846701805E-004
#    -33    23       2.0122894259E-005
#    -33    24       5.9852056177E-005
#    -33    25       3.0767854142E-005
#    -33    26       2.2525488957E-004
#    -33    27       1.4266529051E-004
#    -32   -13       1.0829431577E-005
#    -32   -12       1.1729475304E-004
#    -32   -11       8.5936225684E-005
#    -32   -10       9.0995318050E-006
#    -32    -9       2.5362442768E-005
#    -32    -8       1.8227961096E-005
#    -32    -7       1.3763360505E-004
#    -32    -6       1.1513312309E-004
#    -32    -5       8.6410091282E-006
#    -32    -4       4.8654685861E-005
#    -32    -3       1.9136983225E-005
#    -32    -2       2.2705293343E-004
#    -32    -1       2.3919737515E-004
#    -32     0       1.7390920232E-005
#    -32     1       6.9889960267E-005
#    -32     2       2.1693461111E-005
#    -32     3       1.3847704517E-004
#    -32     4       9.1199881769E-005
#    -32     5       6.6979205438E-006
#    -32     6       1.6615426469E-005
#    -32     7       3.7218921328E-006
#    -32     8       6.7496315383E-005
#    -32     9       3.8966484563E-005
#    -32    10       1.0086211481E-005
#    -32    11       1.4617934144E-005
#    -32    12       4.0718084812E-006
#    -32    13       8.1522133009E-005
#    -32    14       1.0404328248E-004
#    -32    15       1.8547822474E-005
#    -32    16       1.3647732898E-005
#    -32    17       8.4804802860E-007
#    -32    18       8.5618225826E-005
#    -32    19       4.0251633350E-005
#    -32    20       3.6378625120E-006
#    -32    21       6.5454274246E-005
#    -32    22       1.6407293250E-005
#    -32    23       4.3096190829E-004
#    -32    24       4.6563168176E-004
#    -32    25       1.5244604175E-005
#    -32    26       6.5272254593E-005
#    -32    27       1.7034168241E-005
#    -32    28       4.9635094683E-005
#    -31   -14       2.6295707856E-005
#    -31   -13       2.2761556238E-005
#    -31   -12       1.4307947546E-004
#    -31   -11       2.4961947385E-005
#    -31   -10       5.3254522867E-005
#    -31    -9       3.3309560376E-005
#    -31    -8       3.7480797823E-005
#    -31    -7       1.5762777834E-004
#    -31    -6       3.6108695606E-005
#    -31    -5       6.0772956700E-005
#    -31    -4       6.6968451282E-005
#    -31    -3       5.7615937424E-005
#    -31    -2       2.8004764137E-004
#    -31    -1       7.4357972012E-005
#    -31     0       1.1196644877E-004
#    -31     1       6.0882619017E-005
#    -31     2       5.6327468845E-005
#    -31     3       1.2810184754E-004
#    -31     4       4.9101834362E-005
#    -31     5       2.0876051396E-005
#    -31     6       2.2287856233E-005
#    -31     7       2.0234760042E-005
#    -31     8       3.6610642237E-005
#    -31     9       5.2439830091E-006
#    -31    10       1.3710778886E-005
#    -31    11       1.2981116971E-005
#    -31    12       2.1049500323E-005
#    -31    13       2.1712950527E-005
#    -31    14       2.5102782558E-006
#    -31    15       2.8509181021E-006
#    -31    16       1.2280787020E-005
#    -31    17       1.2174647304E-005
#    -31    18       4.3825710412E-006
#    -31    19       2.8314101743E-006
#    -31    20       1.0375488922E-005
#    -31    21       7.6169840322E-005
#    -31    22       6.0925118156E-005
#    -31    23       2.1411588969E-004
#    -31    24       1.6352428692E-004
#    -31    25       1.2597148311E-004
#    -31    26       1.0420777894E-004
#    -31    27       9.2307528188E-006
#    -31    28       3.7294163142E-004
#    -30   -15       1.1835809495E-004
#    -30   -14       3.9985672816E-005
#    -30   -13       8.2516031794E-006
#    -30   -12       9.6944253445E-006
#    -30   -11       7.9632752376E-005
#    -30   -10       2.6701569494E-004
#    -30    -9       8.5728240749E-005
#    -30    -8       5.3973637966E-006
#    -30    -7       9.2350637572E-006
#    -30    -6       5.6259749533E-005
#    -30    -5       7.8799904550E-005
#    -30    -4       8.0850597762E-005
#    -30    -3       1.6025464024E-005
#    -30    -2       1.8133916495E-005
#    -30    -1       8.2947611492E-005
#    -30     0       8.4495320861E-004
#    -30     1       4.6824088510E-005
#    -30     2       5.6948140952E-006
#    -30     3       1.9300198240E-005
#    -30     4       2.1153461506E-005
#    -30     5       8.9012052167E-004
#    -30     6       3.2740490220E-005
#    -30     7       1.0155305316E-006
#    -30     8       2.9322828175E-006
#    -30     9       1.4700329914E-005
#    -30    10       8.3492993247E-004
#    -30    11       2.0543615852E-006
#    -30    12       6.7049767931E-007
#    -30    13       2.2862140455E-006
#    -30    14       1.5416336000E-005
#    -30    15       7.0201985409E-004
#    -30    16       1.8415870606E-005
#    -30    17       1.2594952971E-006
#    -30    18       3.1134309340E-006
#    -30    19       5.9808056619E-006
#    -30    20       1.0162085904E-005
#    -30    21       1.6277006302E-004
#    -30    22       1.1554589649E-005
#    -30    23       3.7606756569E-005
#    -30    24       2.1915377449E-004
#    -30    25       3.2679678912E-004
#    -30    26       7.6842808195E-005
#    -30    27       1.7086097401E-005
#    -30    28       3.0704352361E-006
#    -29   -16       6.1785809033E-005
#    -29   -15       4.6034349113E-005
#    -29   -14       4.9661950197E-005
#    -29   -13       2.0346786203E-004
#    -29   -12       4.4307097627E-005
#    -29   -11       7.2676327171E-005
#    -29   -10       8.3794014300E-005
#    -29    -9       4.7723025294E-005
#    -29    -8       1.7840189168E-004
#    -29    -7       5.8474978619E-005
#    -29    -6       7.1312442790E-005
#    -29    -5       6.5930919532E-005
#    -29    -4       4.3122810218E-005
#    -29    -3       1.5291544544E-004
#    -29    -2       5.1001961838E-005
#    -29    -1       4.3010927067E-005
#    -29     0       6.5705581988E-005
#    -29     1       5.5849021003E-005
#    -29     2       9.5597917783E-005
#    -29     3       3.5573088489E-005
#    -29     4       2.2942287029E-005
#    -29     5       2.9392232498E-005
#    -29     6       5.1939951337E-005
#    -29     7       7.4787901411E-005
#    -29     8       1.6973611688E-005
#    -29     9       6.8502430302E-006
#    -29    10       3.7235466197E-005
#    -29    11       5.9079330854E-005
#    -29    12       8.0555180525E-005
#    -29    13       2.7703041722E-005
#    -29    14       7.6070206746E-005
#    -29    15       1.0443255228E-005
#    -29    16       8.7655806185E-006
#    -29    17       1.5118759232E-005
#    -29    18       1.8160039477E-006
#    -29    19       6.1867062656E-006
#    -29    20       9.6718597834E-005
#    -29    21       1.1762015857E-004
#    -29    22       2.6691376596E-004
#    -29    23       1.3446240723E-004
#    -29    24       1.1118546308E-004
#    -29    25       6.3309139841E-005
#    -29    26       6.4907000057E-005
#    -29    27       1.7253871981E-004
#    -28   -16       3.6875546930E-005
#    -28   -15       4.4884634245E-006
#    -28   -14       1.4255506509E-004
#    -28   -13       1.8103834630E-004
#    -28   -12       2.0442902816E-005
#    -28   -11       7.4799855222E-005
#    -28   -10       1.8709839058E-005
#    -28    -9       1.7946400223E-004
#    -28    -8       1.3530280956E-004
#    -28    -7       9.3319836669E-006
#    -28    -6       2.7812345286E-005
#    -28    -5       2.8686069558E-006
#    -28    -4       9.3272038736E-005
#    -28    -3       1.1222921533E-004
#    -28    -2       1.4285343526E-005
#    -28    -1       1.0008099738E-005
#    -28     0       1.0722572012E-006
#    -28     1       1.1021194880E-004
#    -28     2       1.9594907273E-004
#    -28     3       3.0363479262E-005
#    -28     4       3.1591604199E-005
#    -28     5       2.0506184292E-005
#    -28     6       1.2611008439E-004
#    -28     7       6.9219678592E-005
#    -28     8       1.1850492352E-006
#    -28     9       1.8834594508E-005
#    -28    10       1.5215351405E-005
#    -28    11       3.1771848423E-004
#    -28    12       2.0595801929E-004
#    -28    13       1.0406944662E-005
#    -28    14       4.7313379489E-005
#    -28    15       1.7142562477E-005
#    -28    16       9.2401752076E-005
#    -28    17       6.4130186288E-005
#    -28    18       1.4040110873E-005
#    -28    19       1.0026565984E-005
#    -28    20       1.9058376354E-005
#    -28    21       2.2458419671E-004
#    -28    22       3.5116686620E-004
#    -28    23       5.8457359143E-005
#    -28    24       8.5831918404E-005
#    -28    25       3.7683638806E-005
#    -28    26       1.6461514689E-004
#    -28    27       2.2131330230E-004
#    -27   -17       7.0918490602E-005
#    -27   -16       1.0142560335E-004
#    -27   -15       7.3538066954E-006
#    -27   -14       5.3349167766E-005
#    -27   -13       1.9353434671E-005
#    -27   -12       2.8626074690E-004
#    -27   -11       2.3349619045E-004
#    -27   -10       9.5924787680E-006
#    -27    -9       3.2289258239E-005
#    -27    -8       1.8819429205E-005
#    -27    -7       1.2997659749E-004
#    -27    -6       8.8224671446E-005
#    -27    -5       8.2044520417E-006
#    -27    -4       2.6025168723E-005
#    -27    -3       3.7847909971E-006
#    -27    -2       9.7113411207E-005
#    -27    -1       1.1086522726E-004
#    -27     0       9.1607620183E-006
#    -27     1       4.8252620402E-005
#    -27     2       2.0045156428E-005
#    -27     3       1.2313757009E-004
#    -27     4       1.1363510954E-004
#    -27     5       8.3654807317E-006
#    -27     6       2.1243694088E-005
#    -27     7       8.5672740590E-008
#    -27     8       8.3393180777E-005
#    -27     9       1.3097362596E-004
#    -27    10       1.0966043558E-005
#    -27    11       1.2006604089E-004
#    -27    12       6.6146924543E-005
#    -27    13       4.0812176890E-004
#    -27    14       2.5379533810E-004
#    -27    15       3.0104036610E-005
#    -27    16       5.1776660622E-005
#    -27    17       1.9544098159E-005
#    -27    18       8.1341920538E-005
#    -27    19       6.0102509161E-005
#    -27    20       7.9309431930E-006
#    -27    21       6.2115204119E-005
#    -27    22       6.4016228488E-005
#    -27    23       3.7952644280E-004
#    -27    24       2.4285474449E-004
#    -27    25       4.5393938119E-005
#    -27    26       7.9503992572E-005
#    -27    27       2.8375351838E-005
#    -26   -18       3.6984223241E-005
#    -26   -17       1.5760003795E-004
#    -26   -16       3.1048018362E-005
#    -26   -15       1.0522614247E-004
#    -26   -14       1.1681915494E-004
#    -26   -13       5.1171007706E-005
#    -26   -12       2.6257658578E-004
#    -26   -11       5.7925238781E-005
#    -26   -10       9.5936675161E-005
#    -26    -9       5.0459515347E-005
#    -26    -8       3.2295417258E-005
#    -26    -7       9.9510183454E-005
#    -26    -6       1.2040619641E-005
#    -26    -5       2.9322979658E-005
#    -26    -4       3.2049214386E-005
#    -26    -3       5.3762314705E-005
#    -26    -2       1.6175643540E-004
#    -26    -1       5.1866160035E-005
#    -26     0       2.8937234100E-005
#    -26     1       2.0374376060E-005
#    -26     2       1.0769645886E-005
#    -26     3       5.4423622770E-005
#    -26     4       2.8118712552E-005
#    -26     5       7.0778812210E-005
#    -26     6       7.6509241171E-005
#    -26     7       1.4369889057E-005
#    -26     8       1.2137694184E-004
#    -26     9       7.8325655978E-005
#    -26    10       1.1365397865E-004
#    -26    11       5.8765555672E-005
#    -26    12       1.8460628189E-004
#    -26    13       3.0327971638E-004
#    -26    14       1.6610483557E-005
#    -26    15       4.3033398645E-005
#    -26    16       3.0506570866E-005
#    -26    17       2.0392835448E-005
#    -26    18       1.0807732849E-004
#    -26    19       1.4154183976E-004
#    -26    20       1.0973957054E-004
#    -26    21       2.1969360569E-005
#    -26    22       6.9181895843E-005
#    -26    23       3.1170317574E-004
#    -26    24       2.1417596031E-004
#    -26    25       1.5256438494E-004
#    -26    26       2.5702674496E-004
#    -26    27       1.6330188658E-004
#    -25   -19       1.8583112902E-005
#    -25   -18       2.1241813845E-005
#    -25   -17       9.8212283719E-006
#    -25   -16       1.4405338666E-004
#    -25   -15       3.4842176433E-004
#    -25   -14       9.0910380078E-005
#    -25   -13       2.8032096189E-005
#    -25   -12       1.7436076169E-005
#    -25   -11       8.6495522044E-005
#    -25   -10       4.6071087497E-004
#    -25    -9       3.3734943508E-005
#    -25    -8       9.8144297540E-006
#    -25    -7       8.2599345533E-006
#    -25    -6       3.3985857752E-005
#    -25    -5       9.6164823315E-004
#    -25    -4       2.4702284586E-005
#    -25    -3       1.3322578527E-005
#    -25    -2       7.7174210586E-006
#    -25    -1       3.1638325777E-005
#    -25     0       2.2326677209E-003
#    -25     1       8.3520436105E-006
#    -25     2       4.1955942546E-006
#    -25     3       3.9621369466E-006
#    -25     4       4.5189031679E-005
#    -25     5       4.1543909445E-003
#    -25     6       5.1716596273E-005
#    -25     7       3.1464579522E-006
#    -25     8       1.1801485448E-005
#    -25     9       3.8709421106E-005
#    -25    10       5.1224666691E-003
#    -25    11       1.0612003224E-005
#    -25    12       2.4380855699E-005
#    -25    13       1.0468260168E-006
#    -25    14       8.6590149910E-005
#    -25    15       3.1408930825E-003
#    -25    16       3.8737734058E-005
#    -25    17       1.1219996349E-005
#    -25    18       1.5799438535E-005
#    -25    19       1.1536944619E-004
#    -25    20       1.4656214932E-003
#    -25    21       7.6534213445E-005
#    -25    22       4.2705265354E-005
#    -25    23       1.3910624354E-005
#    -25    24       6.9713091329E-005
#    -25    25       2.9233463645E-004
#    -25    26       1.9722899595E-004
#    -25    27       1.8718607577E-005
#    -24   -20       6.7369765330E-006
#    -24   -19       2.4898423911E-005
#    -24   -18       1.5429655872E-004
#    -24   -17       5.0031933775E-005
#    -24   -16       1.3872446986E-004
#    -24   -15       1.1339497480E-004
#    -24   -14       1.0734928047E-004
#    -24   -13       2.6239632925E-004
#    -24   -12       4.3534998828E-005
#    -24   -11       3.5814732960E-005
#    -24   -10       2.6279019452E-005
#    -24    -9       2.3685565562E-005
#    -24    -8       6.4393319260E-005
#    -24    -7       1.1497838831E-005
#    -24    -6       3.8518586362E-005
#    -24    -5       2.8145664897E-005
#    -24    -4       4.5561729334E-005
#    -24    -3       1.0837363426E-004
#    -24    -2       6.3089234672E-006
#    -24    -1       1.7589140377E-006
#    -24     0       8.3912866122E-006
#    -24     1       9.7189884754E-006
#    -24     2       8.3466397078E-005
#    -24     3       4.0398711736E-005
#    -24     4       2.4697164450E-005
#    -24     5       2.4330850485E-005
#    -24     6       1.0524302811E-006
#    -24     7       1.5419460102E-006
#    -24     8       2.6830778861E-006
#    -24     9       6.5296602655E-006
#    -24    10       5.6716735339E-005
#    -24    11       9.6166157999E-005
#    -24    12       2.1633622008E-004
#    -24    13       6.4081729794E-005
#    -24    14       1.3816269764E-004
#    -24    15       6.5000788791E-005
#    -24    16       3.8116695660E-005
#    -24    17       4.2038023886E-005
#    -24    18       1.9476643787E-005
#    -24    19       5.7868902774E-005
#    -24    20       1.5595641167E-004
#    -24    21       2.0432893185E-004
#    -24    22       4.2133121536E-004
#    -24    23       1.8751196677E-005
#    -24    24       2.6528585617E-004
#    -24    25       2.1201350408E-004
#    -24    26       6.6809971172E-005
#    -23   -20       8.7240676868E-006
#    -23   -19       1.8585823704E-004
#    -23   -18       2.3780980493E-004
#    -23   -17       1.7968840113E-005
#    -23   -16       7.8611908172E-005
#    -23   -15       1.4492114786E-005
#    -23   -14       2.5412175111E-004
#    -23   -13       1.9223447312E-004
#    -23   -12       1.9601948771E-005
#    -23   -11       2.2968438857E-005
#    -23   -10       8.3490618986E-006
#    -23    -9       4.8381311422E-005
#    -23    -8       2.8744063937E-005
#    -23    -7       8.1998469772E-006
#    -23    -6       5.3455866323E-005
#    -23    -5       1.6904005697E-005
#    -23    -4       1.2969254397E-004
#    -23    -3       5.0150070962E-005
#    -23    -2       3.3976522556E-006
#    -23    -1       2.5172887423E-005
#    -23     0       2.9686526338E-005
#    -23     1       2.6007237195E-004
#    -23     2       2.4325945786E-004
#    -23     3       1.4432158951E-005
#    -23     4       8.7747699658E-006
#    -23     5       5.2891467021E-006
#    -23     6       3.9106211383E-005
#    -23     7       7.8525044019E-005
#    -23     8       1.0860127598E-005
#    -23     9       5.8855249126E-005
#    -23    10       1.4210440546E-005
#    -23    11       5.1167451917E-004
#    -23    12       3.7800967798E-004
#    -23    13       1.1641564932E-005
#    -23    14       1.0063037322E-004
#    -23    15       1.5116006504E-005
#    -23    16       1.7853792747E-004
#    -23    17       1.2115791899E-004
#    -23    18       2.9866703343E-005
#    -23    19       4.1993899861E-005
#    -23    20       3.4561394303E-005
#    -23    21       3.8574678525E-004
#    -23    22       3.0415827566E-004
#    -23    23       7.2701821311E-005
#    -23    24       1.9771531370E-004
#    -23    25       2.3630410231E-005
#    -23    26       1.2945654077E-004
#    -22   -21       6.9660718243E-005
#    -22   -20       1.8469752602E-005
#    -22   -19       5.5231254089E-005
#    -22   -18       2.0158138403E-005
#    -22   -17       2.9727171164E-004
#    -22   -16       2.5996155401E-004
#    -22   -15       1.7777987827E-005
#    -22   -14       6.0215484525E-005
#    -22   -13       1.0588124576E-005
#    -22   -12       1.1069743724E-004
#    -22   -11       7.1095985947E-005
#    -22   -10       3.2697989692E-006
#    -22    -9       3.2452322910E-006
#    -22    -8       1.1515141868E-006
#    -22    -7       7.0288145541E-005
#    -22    -6       1.4678151420E-004
#    -22    -5       1.2520618633E-005
#    -22    -4       2.6730980151E-005
#    -22    -3       9.7991919646E-007
#    -22    -2       5.8329041068E-005
#    -22    -1       2.6645812636E-004
#    -22     0       5.0450711021E-005
#    -22     1       1.4375666520E-004
#    -22     2       2.9610389242E-005
#    -22     3       1.1440638299E-004
#    -22     4       5.7901340666E-005
#    -22     5       1.0891103921E-006
#    -22     6       5.0977230937E-005
#    -22     7       1.2429032527E-005
#    -22     8       2.8805543792E-004
#    -22     9       3.7360325228E-004
#    -22    10       1.9912149265E-005
#    -22    11       2.6114788673E-004
#    -22    12       6.2756131032E-005
#    -22    13       7.1541804579E-004
#    -22    14       4.6064297798E-004
#    -22    15       3.1611576232E-005
#    -22    16       7.8771633567E-005
#    -22    17       5.2835927804E-005
#    -22    18       3.5111233597E-004
#    -22    19       1.6892957242E-004
#    -22    20       1.5075906130E-005
#    -22    21       6.4183278277E-005
#    -22    22       7.3354962226E-005
#    -22    23       2.8331406616E-004
#    -22    24       3.9089425958E-004
#    -22    25       1.2665199923E-005
#    -22    26       8.8533932199E-005
#    -21   -22       7.2711954551E-005
#    -21   -21       2.9033996235E-005
#    -21   -20       8.7455856164E-005
#    -21   -19       1.0580880314E-004
#    -21   -18       1.3983452081E-004
#    -21   -17       3.1826115219E-004
#    -21   -16       6.4949136820E-005
#    -21   -15       1.3460564713E-004
#    -21   -14       7.3612981728E-005
#    -21   -13       4.0003307783E-005
#    -21   -12       9.8166081615E-005
#    -21   -11       2.7885107736E-005
#    -21   -10       1.1514995970E-005
#    -21    -9       5.7277777076E-006
#    -21    -8       3.5491766068E-006
#    -21    -7       8.3143631681E-005
#    -21    -6       4.5616914321E-005
#    -21    -5       5.4440906475E-005
#    -21    -4       4.8888861328E-005
#    -21    -3       1.4149738571E-005
#    -21    -2       2.2633502519E-004
#    -21    -1       1.1683155262E-004
#    -21     0       1.3222787851E-004
#    -21     1       1.1936850275E-004
#    -21     2       3.0365536613E-005
#    -21     3       9.6446879441E-005
#    -21     4       3.6034079768E-005
#    -21     5       8.1652297529E-005
#    -21     6       1.0674244180E-004
#    -21     7       6.0150011177E-005
#    -21     8       4.2466079709E-004
#    -21     9       1.6520214658E-004
#    -21    10       3.4211606069E-004
#    -21    11       2.3280941773E-004
#    -21    12       3.8976820503E-004
#    -21    13       6.8757224698E-004
#    -21    14       1.9804004565E-004
#    -21    15       1.6791389307E-004
#    -21    16       5.8740713717E-005
#    -21    17       1.1691187941E-004
#    -21    18       2.1009454650E-004
#    -21    19       7.6755426990E-005
#    -21    20       9.2326034218E-005
#    -21    21       1.5698483498E-004
#    -21    22       2.6174086371E-004
#    -21    23       3.7895630788E-004
#    -21    24       3.2375228194E-004
#    -21    25       3.3337864615E-005
#    -20   -22       4.8888430866E-006
#    -20   -21       8.4827408640E-005
#    -20   -20       2.4299650369E-004
#    -20   -19       9.1360333941E-005
#    -20   -18       3.2920786834E-005
#    -20   -17       1.1128051444E-005
#    -20   -16       1.9131916444E-004
#    -20   -15       5.3886024674E-004
#    -20   -14       4.0209830495E-005
#    -20   -13       1.1539338763E-005
#    -20   -12       3.6109733224E-006
#    -20   -11       1.5868954723E-005
#    -20   -10       9.3025373081E-004
#    -20    -9       1.5816235333E-005
#    -20    -8       1.3680762070E-007
#    -20    -7       2.0587711890E-005
#    -20    -6       2.1850297334E-005
#    -20    -5       4.2985973368E-003
#    -20    -4       2.6611266131E-005
#    -20    -3       1.2226592798E-005
#    -20    -2       2.4911203530E-005
#    -20    -1       1.0806161040E-004
#    -20     0       1.1473554626E-002
#    -20     1       7.8590213685E-005
#    -20     2       1.8347599398E-006
#    -20     3       1.0020128931E-005
#    -20     4       7.1755785159E-005
#    -20     5       1.3773055742E-002
#    -20     6       8.3064407575E-005
#    -20     7       5.4523598019E-006
#    -20     8       7.3155026859E-006
#    -20     9       2.4158242355E-004
#    -20    10       7.9983374875E-003
#    -20    11       2.5669366209E-004
#    -20    12       5.7264077542E-005
#    -20    13       1.7920367057E-005
#    -20    14       1.9219877992E-004
#    -20    15       1.6856034212E-003
#    -20    16       1.4970400743E-005
#    -20    17       1.9275259311E-005
#    -20    18       9.2242967199E-008
#    -20    19       1.1414938251E-004
#    -20    20       2.7417430726E-003
#    -20    21       1.8584143078E-004
#    -20    22       2.1756095118E-005
#    -20    23       2.8829442551E-005
#    -20    24       1.0646518495E-004
#    -20    25       1.3383406391E-003
#    -19   -23       5.7888687546E-005
#    -19   -22       6.8068392581E-005
#    -19   -21       6.9788522722E-005
#    -19   -20       6.1259951301E-005
#    -19   -19       6.7927710109E-005
#    -19   -18       2.8984356276E-004
#    -19   -17       8.6095773473E-005
#    -19   -16       1.3281757582E-004
#    -19   -15       5.0819766229E-005
#    -19   -14       7.4456901945E-005
#    -19   -13       7.6721576323E-005
#    -19   -12       3.6167558399E-006
#    -19   -11       1.5395610106E-006
#    -19   -10       2.5960890169E-005
#    -19    -9       1.9435112468E-005
#    -19    -8       7.7157088059E-005
#    -19    -7       5.5596423933E-005
#    -19    -6       2.2397351541E-005
#    -19    -5       3.2057933021E-005
#    -19    -4       1.8963680351E-005
#    -19    -3       8.2655872873E-005
#    -19    -2       4.6657662992E-005
#    -19    -1       5.3481310895E-005
#    -19     0       2.2116287567E-005
#    -19     1       7.5616775176E-006
#    -19     2       7.1228685949E-005
#    -19     3       9.7134497719E-005
#    -19     4       4.4376601206E-005
#    -19     5       1.9527478089E-005
#    -19     6       6.6244440497E-006
#    -19     7       5.1541596830E-005
#    -19     8       7.5116172162E-005
#    -19     9       1.9409554121E-004
#    -19    10       8.4780018708E-005
#    -19    11       3.0758358323E-005
#    -19    12       2.1866915908E-004
#    -19    13       1.2866125803E-004
#    -19    14       9.4946826134E-005
#    -19    15       1.4031135857E-004
#    -19    16       1.0147822028E-004
#    -19    17       3.2301806133E-004
#    -19    18       1.3289058227E-004
#    -19    19       9.6558044163E-005
#    -19    20       6.7569073456E-006
#    -19    21       1.0775093451E-005
#    -19    22       2.4536476386E-004
#    -19    23       2.6050838130E-004
#    -19    24       1.5352207386E-004
#    -19    25       2.9316670161E-004
#    -18   -23       1.0097439827E-004
#    -18   -22       7.0743973635E-007
#    -18   -21       8.4517115596E-005
#    -18   -20       1.4537496473E-005
#    -18   -19       2.6683987225E-004
#    -18   -18       2.6204802374E-004
#    -18   -17       3.4934899834E-006
#    -18   -16       6.8190893537E-005
#    -18   -15       3.0408674587E-006
#    -18   -14       7.3200149808E-005
#    -18   -13       1.7940338832E-005
#    -18   -12       1.9169089344E-005
#    -18   -11       2.0183684587E-005
#    -18   -10       6.1849084361E-006
#    -18    -9       1.1231697070E-004
#    -18    -8       1.2416688324E-004
#    -18    -7       2.6862133000E-005
#    -18    -6       1.8029955502E-006
#    -18    -5       1.6308995725E-005
#    -18    -4       7.5292279966E-005
#    -18    -3       7.3003240650E-005
#    -18    -2       9.5046793281E-006
#    -18    -1       2.2592956127E-005
#    -18     0       8.7385451765E-006
#    -18     1       4.3687811635E-004
#    -18     2       5.8742409686E-004
#    -18     3       4.5675803488E-005
#    -18     4       7.2612212412E-005
#    -18     5       4.4845298573E-006
#    -18     6       2.3351429221E-004
#    -18     7       3.4153710510E-004
#    -18     8       1.6116549878E-005
#    -18     9       1.0306174846E-004
#    -18    10       9.8671881434E-005
#    -18    11       8.5852898190E-005
#    -18    12       5.8903647492E-005
#    -18    13       3.0725853588E-005
#    -18    14       4.2520531385E-005
#    -18    15       1.9926516292E-005
#    -18    16       2.7105928232E-004
#    -18    17       2.1307437895E-004
#    -18    18       2.0888477484E-005
#    -18    19       2.3542651148E-005
#    -18    20       6.0898589332E-006
#    -18    21       2.7611627594E-004
#    -18    22       4.0073808869E-004
#    -18    23       2.6221139164E-005
#    -18    24       1.3073401812E-004
#    -17   -24       3.4955655624E-005
#    -17   -23       9.7600796407E-006
#    -17   -22       1.4341517568E-004
#    -17   -21       2.3967928260E-004
#    -17   -20       6.5331587182E-006
#    -17   -19       8.3954191274E-005
#    -17   -18       2.5131642958E-006
#    -17   -17       2.2989123336E-004
#    -17   -16       1.1944176981E-004
#    -17   -15       2.4338727630E-006
#    -17   -14       3.8637402556E-006
#    -17   -13       8.7735710397E-006
#    -17   -12       1.0043729578E-004
#    -17   -11       3.0072230209E-004
#    -17   -10       2.9444776553E-005
#    -17    -9       3.0603884523E-005
#    -17    -8       2.3731854412E-005
#    -17    -7       3.4800631190E-006
#    -17    -6       4.0344169670E-005
#    -17    -5       1.6727127541E-005
#    -17    -4       4.0645341807E-006
#    -17    -3       1.5048749216E-007
#    -17    -2       8.4027151304E-005
#    -17    -1       3.7338471404E-004
#    -17     0       7.6609665850E-005
#    -17     1       4.6081733799E-004
#    -17     2       7.2653728290E-005
#    -17     3       6.5983943451E-004
#    -17     4       6.8319854506E-004
#    -17     5       1.5551196614E-006
#    -17     6       2.1646218969E-004
#    -17     7       2.7182023930E-005
#    -17     8       6.0628805909E-004
#    -17     9       4.7129411270E-004
#    -17    10       8.6050040189E-005
#    -17    11       1.6842474468E-005
#    -17    12       4.6744438056E-006
#    -17    13       2.2709650843E-005
#    -17    14       5.7766013002E-005
#    -17    15       2.6602501197E-006
#    -17    16       1.8071506116E-005
#    -17    17       8.3037823075E-006
#    -17    18       5.3809062182E-005
#    -17    19       8.6712713644E-005
#    -17    20       2.7415835487E-005
#    -17    21       3.7536861788E-005
#    -17    22       4.4331051700E-005
#    -17    23       3.4556022999E-005
#    -17    24       5.6934976029E-004
#    -16   -24       5.7085094320E-005
#    -16   -23       1.0002469907E-004
#    -16   -22       2.2974407869E-004
#    -16   -21       7.2534470725E-005
#    -16   -20       9.0921527746E-005
#    -16   -19       1.4273810982E-004
#    -16   -18       9.5743163344E-005
#    -16   -17       1.3900986126E-004
#    -16   -16       4.7917767575E-006
#    -16   -15       2.2779180035E-005
#    -16   -14       1.1150942234E-005
#    -16   -13       2.2967638464E-005
#    -16   -12       3.3401038860E-004
#    -16   -11       1.4132897334E-004
#    -16   -10       1.0062623744E-004
#    -16    -9       2.0042472246E-005
#    -16    -8       1.1718958988E-005
#    -16    -7       9.2731300305E-005
#    -16    -6       1.8820751929E-005
#    -16    -5       6.6623366041E-005
#    -16    -4       6.9001031075E-005
#    -16    -3       1.4892712389E-005
#    -16    -2       6.4269345544E-004
#    -16    -1       4.2048889040E-004
#    -16     0       5.9371751576E-004
#    -16     1       6.5598352247E-004
#    -16     2       3.7009106526E-004
#    -16     3       1.0285805907E-003
#    -16     4       3.2304482715E-004
#    -16     5       5.8691921894E-004
#    -16     6       3.3449484764E-004
#    -16     7       2.1474815132E-004
#    -16     8       3.8000168269E-004
#    -16     9       1.1854549157E-004
#    -16    10       5.9667915177E-005
#    -16    11       2.8132975630E-005
#    -16    12       2.2534801499E-004
#    -16    13       3.6907148608E-005
#    -16    14       1.1389286479E-005
#    -16    15       1.5656259004E-005
#    -16    16       1.3775638440E-005
#    -16    17       6.6142842160E-006
#    -16    18       2.2696367551E-004
#    -16    19       2.6189843117E-006
#    -16    20       1.1755909423E-004
#    -16    21       2.5296098145E-004
#    -16    22       2.0139070108E-004
#    -16    23       3.1800817638E-004
#    -15   -25       8.2721300468E-005
#    -15   -24       1.1703805796E-004
#    -15   -23       7.5759928816E-006
#    -15   -22       3.2362401373E-005
#    -15   -21       6.3386296352E-005
#    -15   -20       3.7074191455E-004
#    -15   -19       7.8809213949E-005
#    -15   -18       1.4155304866E-005
#    -15   -17       9.1060290577E-006
#    -15   -16       2.0644928438E-005
#    -15   -15       6.5103782591E-004
#    -15   -14       1.2979480300E-004
#    -15   -13       1.5220666288E-006
#    -15   -12       2.5110576072E-005
#    -15   -11       1.2739233656E-004
#    -15   -10       4.9556133191E-003
#    -15    -9       2.7811143066E-005
#    -15    -8       2.8488495011E-005
#    -15    -7       4.1048771042E-005
#    -15    -6       7.9418749732E-005
#    -15    -5       1.3522993635E-002
#    -15    -4       6.7804199130E-005
#    -15    -3       5.2179218043E-005
#    -15    -2       7.7660732956E-005
#    -15    -1       1.0136987166E-003
#    -15     0       2.1609987433E-002
#    -15     1       1.0567411248E-003
#    -15     2       4.0606739419E-005
#    -15     3       5.1250709008E-005
#    -15     4       3.4622434470E-004
#    -15     5       2.3829982680E-002
#    -15     6       1.3766336206E-004
#    -15     7       1.6506354732E-005
#    -15     8       1.0272731709E-005
#    -15     9       3.5946672947E-005
#    -15    10       1.3245794648E-002
#    -15    11       1.8432685497E-004
#    -15    12       5.6170607232E-005
#    -15    13       4.5872281486E-006
#    -15    14       5.5036898576E-005
#    -15    15       1.4899667331E-002
#    -15    16       1.3151797888E-005
#    -15    17       3.6415807205E-005
#    -15    18       3.0142940589E-005
#    -15    19       8.7874932297E-005
#    -15    20       1.0133358234E-003
#    -15    21       6.0307823204E-004
#    -15    22       4.1197506838E-005
#    -15    23       8.9776701560E-005
#    -14   -25       1.0783388689E-004
#    -14   -24       9.7701175593E-005
#    -14   -23       1.8113587547E-004
#    -14   -22       5.5636026472E-005
#    -14   -21       7.5654243913E-005
#    -14   -20       9.3149231151E-005
#    -14   -19       8.2825007341E-006
#    -14   -18       9.6981046679E-005
#    -14   -17       8.6039003084E-006
#    -14   -16       7.4481245793E-006
#    -14   -15       3.9053336729E-005
#    -14   -14       7.3218332469E-005
#    -14   -13       3.9019849920E-004
#    -14   -12       1.2493219558E-004
#    -14   -11       2.8220463159E-005
#    -14   -10       2.8810814429E-005
#    -14    -9       1.8236783246E-005
#    -14    -8       2.4943609973E-004
#    -14    -7       1.7648062765E-004
#    -14    -6       4.5447590529E-005
#    -14    -5       3.6305082895E-005
#    -14    -4       1.0159221177E-004
#    -14    -3       6.6420757582E-004
#    -14    -2       3.3755275386E-004
#    -14    -1       1.2588377777E-003
#    -14     0       9.4385045463E-004
#    -14     1       4.4282928280E-004
#    -14     2       6.9898986402E-004
#    -14     3       2.6901471465E-005
#    -14     4       1.3887864219E-004
#    -14     5       4.8343205415E-005
#    -14     6       7.4296387276E-005
#    -14     7       1.2172670349E-004
#    -14     8       6.4286775602E-005
#    -14     9       2.0079472089E-004
#    -14    10       2.3592452386E-004
#    -14    11       1.0808069343E-004
#    -14    12       3.7821043205E-004
#    -14    13       7.9992163129E-005
#    -14    14       6.7010175279E-005
#    -14    15       1.2800310249E-004
#    -14    16       6.6112021351E-005
#    -14    17       4.3305969282E-004
#    -14    18       2.0741744884E-004
#    -14    19       2.9906773556E-004
#    -14    20       2.0871421427E-004
#    -14    21       1.7824749033E-004
#    -14    22       3.1065179998E-004
#    -13   -26       9.5260312301E-006
#    -13   -25       8.7745269804E-006
#    -13   -24       1.9821539566E-004
#    -13   -23       2.2832702448E-004
#    -13   -22       2.0485460975E-005
#    -13   -21       4.1380835567E-005
#    -13   -20       1.0593254568E-005
#    -13   -19       1.9273445622E-005
#    -13   -18       1.1115775877E-005
#    -13   -17       3.8896358196E-006
#    -13   -16       8.2413112824E-006
#    -13   -15       9.4895176009E-006
#    -13   -14       2.7518247440E-004
#    -13   -13       3.5257438671E-004
#    -13   -12       3.4757073389E-005
#    -13   -11       2.7479449937E-005
#    -13   -10       1.9864177829E-005
#    -13    -9       4.0690050733E-004
#    -13    -8       4.7212652153E-004
#    -13    -7       4.5431694726E-005
#    -13    -6       1.0658999176E-005
#    -13    -5       1.3053318212E-005
#    -13    -4       7.1274121721E-004
#    -13    -3       1.0580216556E-003
#    -13    -2       5.2031749595E-005
#    -13    -1       1.4940741712E-004
#    -13     0       1.0102561895E-004
#    -13     1       1.7755493095E-004
#    -13     2       1.4320289877E-005
#    -13     3       5.3884027452E-005
#    -13     4       3.4859449275E-005
#    -13     5       6.2696738039E-007
#    -13     6       5.5614530191E-004
#    -13     7       6.1368597077E-004
#    -13     8       2.7185946405E-005
#    -13     9       2.0244777089E-004
#    -13    10       1.6571678685E-004
#    -13    11       8.9777786271E-004
#    -13    12       6.6772642274E-004
#    -13    13       4.4138543463E-005
#    -13    14       4.0245844521E-005
#    -13    15       1.3260060300E-005
#    -13    16       4.4496317923E-004
#    -13    17       1.1859286284E-004
#    -13    18       5.5208168783E-005
#    -13    19       1.4477327332E-004
#    -13    20       5.0221526018E-005
#    -13    21       5.2673513588E-004
#    -12   -26       1.0660337570E-004
#    -12   -25       1.1530999262E-005
#    -12   -24       4.5487053101E-005
#    -12   -23       4.1908089442E-005
#    -12   -22       2.7879849009E-004
#    -12   -21       1.7425099826E-004
#    -12   -20       3.9993157750E-006
#    -12   -19       4.4588348592E-006
#    -12   -18       1.9634366338E-006
#    -12   -17       3.7250820836E-005
#    -12   -16       9.1128490924E-005
#    -12   -15       1.4972231899E-005
#    -12   -14       3.3651795212E-005
#    -12   -13       1.5385708517E-005
#    -12   -12       2.9361205497E-004
#    -12   -11       4.4180038020E-004
#    -12   -10       7.4066827394E-005
#    -12    -9       7.1476722793E-005
#    -12    -8       3.0153926612E-005
#    -12    -7       7.8609129858E-005
#    -12    -6       1.8866200402E-004
#    -12    -5       5.6220373361E-005
#    -12    -4       2.3759964706E-004
#    -12    -3       5.7447591257E-005
#    -12    -2       6.4741979360E-004
#    -12    -1       1.7661294999E-004
#    -12     0       1.6567883265E-005
#    -12     1       1.0994503599E-004
#    -12     2       6.6512115796E-005
#    -12     3       4.9860358270E-004
#    -12     4       1.0571625829E-003
#    -12     5       7.3553657958E-006
#    -12     6       5.5398114134E-004
#    -12     7       6.9613807937E-005
#    -12     8       1.1199876937E-003
#    -12     9       1.2101258574E-003
#    -12    10       2.5431646781E-004
#    -12    11       1.3679672684E-004
#    -12    12       1.7545156071E-005
#    -12    13       1.5991838193E-004
#    -12    14       3.4187373791E-004
#    -12    15       1.1138385168E-005
#    -12    16       2.5778640645E-004
#    -12    17       8.5072048462E-005
#    -12    18       1.1097699447E-004
#    -12    19       7.8525479811E-004
#    -12    20       1.1918862460E-004
#    -12    21       3.0546637282E-004
#    -11   -26       1.7843165944E-005
#    -11   -25       7.0809438645E-005
#    -11   -24       8.0125249342E-005
#    -11   -23       1.0704764715E-004
#    -11   -22       3.4585502438E-004
#    -11   -21       5.4291313991E-005
#    -11   -20       2.2555773476E-005
#    -11   -19       1.8146696804E-006
#    -11   -18       1.2766350053E-005
#    -11   -17       3.3940245200E-005
#    -11   -16       6.1479738669E-005
#    -11   -15       6.6869426890E-005
#    -11   -14       6.6755558600E-005
#    -11   -13       9.5177414428E-005
#    -11   -12       4.8481183114E-004
#    -11   -11       2.3064557758E-004
#    -11   -10       3.5945536759E-004
#    -11    -9       1.7532104643E-004
#    -11    -8       3.0124219248E-005
#    -11    -7       3.9766031059E-004
#    -11    -6       1.2027464528E-004
#    -11    -5       3.3314059621E-004
#    -11    -4       3.4460622248E-004
#    -11    -3       2.0107792479E-004
#    -11    -2       2.3154695985E-005
#    -11    -1       7.0321041417E-005
#    -11     0       2.5761025659E-004
#    -11     1       4.1040789853E-004
#    -11     2       4.5475684510E-004
#    -11     3       1.5382084308E-003
#    -11     4       7.1023219427E-004
#    -11     5       1.2843958658E-003
#    -11     6       7.2333182827E-004
#    -11     7       4.5831776737E-004
#    -11     8       1.0907785224E-003
#    -11     9       4.0462723575E-004
#    -11    10       2.8458577674E-004
#    -11    11       4.2587965116E-004
#    -11    12       1.1082200127E-004
#    -11    13       2.1732246499E-004
#    -11    14       1.1515764585E-004
#    -11    15       3.7940533022E-004
#    -11    16       1.9850973865E-004
#    -11    17       3.3819998642E-004
#    -11    18       2.8338213087E-004
#    -11    19       5.5989451817E-004
#    -11    20       7.4564851142E-005
#    -10   -27       2.1331529851E-006
#    -10   -26       9.8284335568E-005
#    -10   -25       2.5894500345E-004
#    -10   -24       1.5941986693E-004
#    -10   -23       1.9420014962E-005
#    -10   -22       9.0548826984E-006
#    -10   -21       1.2347435969E-004
#    -10   -20       8.5197953832E-006
#    -10   -19       3.0674380891E-006
#    -10   -18       8.4505808115E-006
#    -10   -17       2.5875303874E-007
#    -10   -16       4.2089641801E-005
#    -10   -15       3.1463857557E-003
#    -10   -14       1.3375700060E-004
#    -10   -13       1.2104937075E-005
#    -10   -12       2.0252863818E-005
#    -10   -11       4.3781275778E-004
#    -10   -10       7.8242310203E-003
#    -10    -9       9.9284237098E-005
#    -10    -8       1.5218030716E-004
#    -10    -7       1.0142240314E-004
#    -10    -6       3.1004738334E-004
#    -10    -5       2.3910187078E-002
#    -10    -4       1.7954559919E-004
#    -10    -3       3.6136226917E-005
#    -10    -2       4.2640873273E-005
#    -10    -1       8.2627141732E-004
#    -10     0       3.1454811088E-002
#    -10     1       1.3254562853E-003
#    -10     2       4.1274935440E-005
#    -10     3       7.2522870552E-005
#    -10     4       8.9235368803E-004
#    -10     5       1.3113113895E-002
#    -10     6       5.5982508040E-004
#    -10     7       9.7697625841E-005
#    -10     8       1.1526946468E-004
#    -10     9       1.6543109632E-004
#    -10    10       1.7263877989E-002
#    -10    11       2.6012019675E-004
#    -10    12       8.6419948362E-005
#    -10    13       1.1944785712E-004
#    -10    14       4.7344235703E-004
#    -10    15       1.7708899721E-002
#    -10    16       2.6479960176E-004
#    -10    17       1.0828057374E-005
#    -10    18       3.2644253724E-005
#    -10    19       6.7440320492E-005
#     -9   -27       4.7752436909E-005
#     -9   -26       1.9589409393E-004
#     -9   -25       7.9815785383E-005
#     -9   -24       9.2751194325E-005
#     -9   -23       4.7185295104E-004
#     -9   -22       5.9689012980E-005
#     -9   -21       1.4331498540E-004
#     -9   -20       3.9678154497E-005
#     -9   -19       3.6731882158E-005
#     -9   -18       7.1526978719E-005
#     -9   -17       1.3440568796E-005
#     -9   -16       4.8550293818E-005
#     -9   -15       9.5875007113E-005
#     -9   -14       8.8302449008E-005
#     -9   -13       7.4152144444E-004
#     -9   -12       3.4271762795E-004
#     -9   -11       1.9148487907E-004
#     -9   -10       7.3185261854E-005
#     -9    -9       1.3867924811E-004
#     -9    -8       6.1318966951E-004
#     -9    -7       1.8537054416E-004
#     -9    -6       2.9891432395E-004
#     -9    -5       6.4534257367E-005
#     -9    -4       5.0922368509E-005
#     -9    -3       5.0121714756E-004
#     -9    -2       3.5790719778E-004
#     -9    -1       1.5600362547E-003
#     -9     0       1.0940357998E-003
#     -9     1       7.9247210862E-004
#     -9     2       1.5482284009E-003
#     -9     3       1.7786891037E-004
#     -9     4       5.5084176520E-004
#     -9     5       4.2080618722E-004
#     -9     6       1.9052770754E-004
#     -9     7       5.2897737177E-004
#     -9     8       1.2402157620E-004
#     -9     9       9.9790606512E-005
#     -9    10       5.3246353607E-005
#     -9    11       1.1626711143E-004
#     -9    12       1.5657039500E-004
#     -9    13       2.8214194714E-005
#     -9    14       2.5773074282E-004
#     -9    15       6.7402455172E-004
#     -9    16       1.0790239892E-004
#     -9    17       1.4038958217E-003
#     -9    18       3.9331271838E-004
#     -9    19       9.5631937639E-005
#     -8   -27       5.1734002615E-005
#     -8   -26       1.0571622731E-004
#     -8   -25       6.9769205787E-005
#     -8   -24       3.7395276863E-004
#     -8   -23       2.0997308550E-004
#     -8   -22       2.2758224325E-005
#     -8   -21       1.2527783198E-004
#     -8   -20       1.2072256151E-005
#     -8   -19       1.1239804275E-004
#     -8   -18       6.1835782549E-005
#     -8   -17       4.4488677487E-006
#     -8   -16       1.6397575493E-005
#     -8   -15       8.8070748503E-006
#     -8   -14       4.9973407000E-004
#     -8   -13       6.5182298140E-004
#     -8   -12       5.4919803820E-005
#     -8   -11       1.5159035186E-004
#     -8   -10       7.9402856804E-006
#     -8    -9       3.8061343254E-004
#     -8    -8       3.9338672742E-004
#     -8    -7       5.5567712307E-007
#     -8    -6       7.2841876166E-005
#     -8    -5       6.0683913412E-005
#     -8    -4       1.1304406697E-003
#     -8    -3       1.5563543004E-003
#     -8    -2       6.5800763654E-005
#     -8    -1       5.3967192376E-004
#     -8     0       3.1723022926E-004
#     -8     1       9.3950659168E-004
#     -8     2       2.6824225332E-004
#     -8     3       2.9094702371E-005
#     -8     4       7.3506335407E-005
#     -8     5       3.3023774919E-005
#     -8     6       1.5787625557E-004
#     -8     7       2.8847361124E-004
#     -8     8       1.5376449868E-005
#     -8     9       7.4548124576E-005
#     -8    10       1.0000351814E-005
#     -8    11       5.2204699063E-004
#     -8    12       1.0810732614E-003
#     -8    13       4.0311737279E-005
#     -8    14       4.3392808484E-005
#     -8    15       5.8789919063E-005
#     -8    16       1.5348735420E-003
#     -8    17       1.2956663557E-003
#     -8    18       5.5139247113E-006
#     -7   -27       9.8505204735E-005
#     -7   -26       2.7773883398E-004
#     -7   -25       1.7850549645E-005
#     -7   -24       1.3779962819E-004
#     -7   -23       4.1554688639E-005
#     -7   -22       2.9283810648E-004
#     -7   -21       1.8897436325E-004
#     -7   -20       1.9150433279E-005
#     -7   -19       6.3695988799E-005
#     -7   -18       2.2120548930E-005
#     -7   -17       4.1889861553E-005
#     -7   -16       1.4800325512E-004
#     -7   -15       3.6696210306E-005
#     -7   -14       1.7870716677E-004
#     -7   -13       1.4958857061E-005
#     -7   -12       2.5344146811E-004
#     -7   -11       6.4665981862E-005
#     -7   -10       1.6912151006E-005
#     -7    -9       8.6617658657E-005
#     -7    -8       1.7770096061E-005
#     -7    -7       1.1083136667E-004
#     -7    -6       5.3025914116E-004
#     -7    -5       1.1012425413E-004
#     -7    -4       5.6961128906E-004
#     -7    -3       4.9114929618E-005
#     -7    -2       1.5748220136E-003
#     -7    -1       9.4712800639E-004
#     -7     0       9.3629879628E-005
#     -7     1       5.4826503100E-006
#     -7     2       1.9471572841E-005
#     -7     3       4.5950283599E-007
#     -7     4       1.7254568106E-004
#     -7     5       2.6005488918E-005
#     -7     6       1.4714767919E-004
#     -7     7       3.7548641093E-005
#     -7     8       2.9986105561E-005
#     -7     9       4.1421123219E-005
#     -7    10       1.1758556119E-004
#     -7    11       4.6892543747E-004
#     -7    12       1.2254929010E-004
#     -7    13       3.3654096872E-004
#     -7    14       2.1231966942E-004
#     -7    15       2.4850823384E-004
#     -7    16       2.3351482389E-004
#     -7    17       6.0938906083E-005
#     -6   -27       1.3520737933E-004
#     -6   -26       6.1493376038E-005
#     -6   -25       1.3475823441E-004
#     -6   -24       2.1360446314E-004
#     -6   -23       1.4921876505E-004
#     -6   -22       3.2707220742E-004
#     -6   -21       3.4638743205E-005
#     -6   -20       8.1444490371E-005
#     -6   -19       3.6191867501E-005
#     -6   -18       5.8307817141E-005
#     -6   -17       1.3185901208E-004
#     -6   -16       1.1752412143E-004
#     -6   -15       1.1388903810E-004
#     -6   -14       1.9324344330E-004
#     -6   -13       1.2580642106E-004
#     -6   -12       4.4097018359E-005
#     -6   -11       7.5323049113E-007
#     -6   -10       2.7058700667E-005
#     -6    -9       3.8557128255E-005
#     -6    -8       4.8150495242E-006
#     -6    -7       6.0149399783E-004
#     -6    -6       4.1727098594E-004
#     -6    -5       8.6410634929E-004
#     -6    -4       8.6587024304E-004
#     -6    -3       2.8461727899E-004
#     -6    -2       2.4937455302E-004
#     -6    -1       1.5573069098E-006
#     -6     0       1.0441767826E-004
#     -6     1       1.7546525442E-004
#     -6     2       1.2366239059E-004
#     -6     3       4.4638320917E-004
#     -6     4       3.1112220638E-004
#     -6     5       4.4706404353E-004
#     -6     6       1.6624246955E-004
#     -6     7       3.3952736051E-006
#     -6     8       5.5573776813E-005
#     -6     9       1.5797855295E-004
#     -6    10       1.1604808425E-003
#     -6    11       2.0118333723E-003
#     -6    12       1.4394801485E-004
#     -6    13       4.0553913919E-004
#     -6    14       1.5160059451E-004
#     -6    15       4.3700487100E-004
#     -6    16       3.7324366115E-004
#     -5   -27       2.9894500100E-005
#     -5   -26       5.6574696042E-005
#     -5   -25       3.7493743146E-004
#     -5   -24       1.8573231725E-004
#     -5   -23       3.6150824361E-005
#     -5   -22       2.8958126275E-005
#     -5   -21       7.2032890146E-005
#     -5   -20       1.4686356362E-003
#     -5   -19       2.3564731511E-005
#     -5   -18       2.5831247774E-005
#     -5   -17       1.0231266508E-005
#     -5   -16       7.1753665795E-005
#     -5   -15       1.9059581610E-003
#     -5   -14       1.4018668613E-004
#     -5   -13       1.1007858704E-005
#     -5   -12       8.8838054015E-006
#     -5   -11       5.1386046395E-005
#     -5   -10       1.3038588829E-002
#     -5    -9       1.3354703799E-004
#     -5    -8       8.4603159305E-005
#     -5    -7       1.3531994479E-004
#     -5    -6       7.9662500305E-004
#     -5    -5       1.3101663773E-002
#     -5    -4       6.5273937281E-004
#     -5    -3       6.8961611206E-006
#     -5    -2       3.0260136504E-005
#     -5    -1       3.2930986105E-004
#     -5     0       8.7789358375E-003
#     -5     1       2.8540871883E-004
#     -5     2       7.1680058613E-005
#     -5     3       4.2427185180E-005
#     -5     4       3.4489012471E-004
#     -5     5       1.6504305918E-003
#     -5     6       2.0684508065E-004
#     -5     7       3.4853502804E-006
#     -5     8       9.4192921925E-005
#     -5     9       1.1148885305E-003
#     -5    10       4.8940086144E-002
#     -5    11       1.2164349632E-003
#     -5    12       1.3981443438E-004
#     -5    13       5.2052433766E-005
#     -5    14       3.4263624699E-004
#     -5    15       2.1370944221E-002
#     -4   -28       9.1262307722E-005
#     -4   -27       5.3035490162E-005
#     -4   -26       1.0182296351E-004
#     -4   -25       9.3416867111E-005
#     -4   -24       5.4138292782E-005
#     -4   -23       3.6221277917E-004
#     -4   -22       1.2383531599E-004
#     -4   -21       1.4640244762E-004
#     -4   -20       1.1029923374E-004
#     -4   -19       1.0342531565E-004
#     -4   -18       2.0076116774E-004
#     -4   -17       9.0997018642E-006
#     -4   -16       1.7409534637E-005
#     -4   -15       1.0634870332E-004
#     -4   -14       2.0000365693E-005
#     -4   -13       3.9102922030E-005
#     -4   -12       7.7711539121E-005
#     -4   -11       1.3574593894E-004
#     -4   -10       1.7685098340E-004
#     -4    -9       1.5219997084E-004
#     -4    -8       1.1146002057E-003
#     -4    -7       3.3704139391E-004
#     -4    -6       8.3789931080E-004
#     -4    -5       4.9070532673E-004
#     -4    -4       1.0355084654E-004
#     -4    -3       1.8617174405E-006
#     -4    -2       2.6768623196E-004
#     -4    -1       2.8186343470E-004
#     -4     0       4.1962059922E-005
#     -4     1       2.0797582612E-004
#     -4     2       2.1730101782E-004
#     -4     3       4.1473687174E-005
#     -4     4       3.7095841314E-004
#     -4     5       1.9346681734E-004
#     -4     6       2.9937257900E-005
#     -4     7       8.2577632389E-004
#     -4     8       8.9131343047E-004
#     -4     9       1.1434658366E-003
#     -4    10       8.7733047873E-004
#     -4    11       1.0464219876E-003
#     -4    12       5.4413944557E-004
#     -4    13       8.0296624734E-005
#     -4    14       7.1052730852E-005
#     -3   -28       2.8265823660E-004
#     -3   -27       3.2449390712E-006
#     -3   -26       2.1233058321E-005
#     -3   -25       2.4410848756E-005
#     -3   -24       2.5697606108E-004
#     -3   -23       3.0737413958E-004
#     -3   -22       8.3383605478E-006
#     -3   -21       1.7623682842E-004
#     -3   -20       3.4503519296E-005
#     -3   -19       2.4885885171E-004
#     -3   -18       1.6326191202E-004
#     -3   -17       2.0229159045E-005
#     -3   -16       3.3391176603E-005
#     -3   -15       2.3230638734E-005
#     -3   -14       3.0432093960E-005
#     -3   -13       7.2537549704E-006
#     -3   -12       2.3735372918E-005
#     -3   -11       2.3226351349E-004
#     -3   -10       5.8999610422E-005
#     -3    -9       9.4345477178E-004
#     -3    -8       1.1069854008E-003
#     -3    -7       9.6569684462E-005
#     -3    -6       5.3928077293E-005
#     -3    -5       1.6069497347E-007
#     -3    -4       1.2037080127E-004
#     -3    -3       4.2882010983E-004
#     -3    -2       3.3212262510E-005
#     -3    -1       1.8233596624E-004
#     -3     0       7.6248146637E-005
#     -3     1       6.5018803595E-006
#     -3     2       3.5847973643E-005
#     -3     3       2.8022283878E-005
#     -3     4       6.4753555132E-005
#     -3     5       2.0873374982E-005
#     -3     6       3.1043248911E-004
#     -3     7       5.8957993176E-004
#     -3     8       9.4425388401E-005
#     -3     9       1.9784056309E-004
#     -3    10       2.9734653482E-005
#     -3    11       1.3037964634E-003
#     -3    12       1.6718365988E-004
#     -3    13       6.4661967195E-005
#     -2   -28       1.3108368400E-006
#     -2   -27       1.7398251764E-004
#     -2   -26       1.9887347701E-004
#     -2   -25       3.6745133091E-005
#     -2   -24       2.8601563123E-005
#     -2   -23       2.2466284966E-006
#     -2   -22       3.8554358690E-004
#     -2   -21       3.6577939365E-004
#     -2   -20       1.2727268816E-005
#     -2   -19       1.6953007190E-005
#     -2   -18       3.4146200977E-005
#     -2   -17       3.4649419183E-004
#     -2   -16       2.3737934026E-004
#     -2   -15       6.0939263905E-006
#     -2   -14       2.7613623864E-005
#     -2   -13       7.9500794844E-006
#     -2   -12       4.1707956252E-004
#     -2   -11       7.0007675501E-004
#     -2   -10       7.5919448805E-005
#     -2    -9       4.3436588171E-004
#     -2    -8       1.4982244889E-004
#     -2    -7       5.7026045886E-004
#     -2    -6       1.0411693319E-004
#     -2    -5       4.5414978664E-005
#     -2    -4       1.9655982744E-004
#     -2    -3       5.4280150860E-007
#     -2    -2       1.1977350089E-004
#     -2    -1       5.7943495190E-005
#     -2     0       2.8675016555E-005
#     -2     1       9.7556090402E-005
#     -2     2       5.0493257888E-005
#     -2     3       1.9787846338E-004
#     -2     4       7.4386499962E-005
#     -2     5       8.4213527103E-005
#     -2     6       2.4997807904E-005
#     -2     7       2.7568073404E-005
#     -2     8       2.3792523085E-004
#     -2     9       6.3388144278E-004
#     -2    10       6.1064130633E-005
#     -2    11       2.5552928842E-004
#     -2    12       6.2112900706E-006
#     -1   -27       1.5872275742E-004
#     -1   -26       7.5381414447E-005
#     -1   -25       1.0297157335E-004
#     -1   -24       2.7284447010E-004
#     -1   -23       3.2577710145E-005
#     -1   -22       4.6420172111E-004
#     -1   -21       4.1090591898E-005
#     -1   -20       6.6212622898E-005
#     -1   -19       2.9772350803E-005
#     -1   -18       9.3560645799E-005
#     -1   -17       1.5904750381E-004
#     -1   -16       1.8279583184E-006
#     -1   -15       2.4274942474E-005
#     -1   -14       1.5088443521E-005
#     -1   -13       4.4081355172E-005
#     -1   -12       4.7061303873E-004
#     -1   -11       1.4481905934E-004
#     -1   -10       3.1593501743E-004
#     -1    -9       2.3317094390E-004
#     -1    -8       2.1285797869E-004
#     -1    -7       4.1075893697E-004
#     -1    -6       1.7032645559E-004
#     -1    -5       2.0319885638E-004
#     -1    -4       3.5437275744E-004
#     -1    -3       2.5052135163E-005
#     -1    -2       6.4568308756E-005
#     -1    -1       6.7399859511E-005
#     -1     0       4.1520517090E-004
#     -1     1       9.8095503763E-004
#     -1     2       1.5961882675E-004
#     -1     3       2.2625206452E-004
#     -1     4       7.9224461864E-005
#     -1     5       1.4106633671E-004
#     -1     6       4.5927307318E-004
#     -1     7       6.0049054756E-005
#     -1     8       4.2694184021E-005
#     -1     9       9.7880385171E-005
#     -1    10       1.8845446706E-004
#     -1    11       2.6821069175E-004
#      0   -27       1.9209483746E-005
#      0   -26       2.8633293169E-004
#      0   -25       3.1691663472E-004
#      0   -24       4.1125693638E-004
#      0   -23       2.1364488621E-005
#      0   -22       6.7579354954E-005
#      0   -21       2.1797934911E-004
#      0   -20       2.7311498063E-003
#      0   -19       1.2238465265E-005
#      0   -18       2.2244574175E-006
#      0   -17       7.7598885210E-006
#      0   -16       7.5581592390E-006
#      0   -15       1.4859484794E-002
#      0   -14       4.6535581936E-005
#      0   -13       1.2885101237E-005
#      0   -12       2.2566115302E-005
#      0   -11       2.5040696868E-004
#      0   -10       1.6703635481E-002
#      0    -9       1.2867434504E-004
#      0    -8       2.5471857499E-005
#      0    -7       9.9891952866E-005
#      0    -6       1.8947916337E-004
#      0    -5       1.5085726657E-003
#      0    -4       3.1538448941E-004
#      0    -3       3.9024978408E-005
#      0    -2       6.6588372750E-006
#      0    -1       1.2679996247E-003
#      0     0       4.0573027558E-002
#      0     1       9.5598484894E-004
#      0     2       1.9966069907E-004
#      0     3       8.0800762262E-005
#      0     4       1.2901766014E-004
#      0     5       9.1403933643E-003
#      0     6       7.7003321205E-004
#      0     7       8.5288519891E-005
#      0     8       1.3477176344E-004
#      0     9       2.8425849306E-004
#      0    10       1.3219482388E-002
#      1   -27       2.6809432859E-005
#      1   -26       2.6324601166E-004
#      1   -25       2.2204080579E-004
#      1   -24       7.1703928249E-005
#      1   -23       3.3194509118E-004
#      1   -22       2.0200184496E-004
#      1   -21       2.8609468319E-004
#      1   -20       3.8514576999E-005
#      1   -19       6.8794646754E-006
#      1   -18       1.3256696639E-005
#      1   -17       1.7305115329E-005
#      1   -16       3.7378475677E-006
#      1   -15       1.1212508361E-004
#      1   -14       4.1013589793E-005
#      1   -13       1.6457238672E-004
#      1   -12       6.6302522065E-005
#      1   -11       1.0066498671E-004
#      1   -10       8.1994486266E-005
#      1    -9       5.2228545535E-005
#      1    -8       5.0801400330E-005
#      1    -7       1.2074734655E-005
#      1    -6       4.1599084048E-004
#      1    -5       2.6599668819E-004
#      1    -4       3.3938558843E-005
#      1    -3       1.6681934993E-004
#      1    -2       7.5708234849E-004
#      1    -1       1.1980908140E-003
#      1     0       1.2279031771E-003
#      1     1       5.9820026200E-004
#      1     2       5.4030701685E-004
#      1     3       1.3758107709E-004
#      1     4       1.3081333568E-004
#      1     5       9.8466403448E-004
#      1     6       1.9442001693E-004
#      1     7       3.9179368490E-004
#      1     8       4.5305009545E-004
#      1     9       3.5591895240E-004
#      2   -27       9.4843276458E-006
#      2   -26       2.0336209282E-004
#      2   -25       1.1384921365E-005
#      2   -24       5.2365062501E-004
#      2   -23       5.0992006696E-004
#      2   -22       4.8508716265E-006
#      2   -21       1.5568889203E-005
#      2   -20       2.3751693155E-006
#      2   -19       4.8631158131E-005
#      2   -18       3.1915570692E-004
#      2   -17       1.9559889658E-005
#      2   -16       1.6911018321E-005
#      2   -15       4.0749391770E-005
#      2   -14       2.6461835450E-004
#      2   -13       4.3017877405E-004
#      2   -12       1.0722709772E-005
#      2   -11       1.8376921577E-004
#      2   -10       2.1083572271E-005
#      2    -9       3.7220489475E-005
#      2    -8       8.3040352265E-005
#      2    -7       2.3268770872E-005
#      2    -6       1.6883135475E-005
#      2    -5       3.7289977200E-005
#      2    -4       9.6386054534E-006
#      2    -3       3.5228423122E-004
#      2    -2       3.2768704489E-005
#      2    -1       3.8008728320E-004
#      2     0       1.2621456237E-004
#      2     1       1.0615716803E-003
#      2     2       2.0653494417E-004
#      2     3       1.9538289091E-005
#      2     4       3.4882690606E-004
#      2     5       1.6397519064E-004
#      2     6       5.9426734886E-004
#      2     7       8.7268874253E-004
#      2     8       5.5801464683E-005
#      3   -26       1.0929581802E-004
#      3   -25       2.3801036299E-005
#      3   -24       3.1159684714E-004
#      3   -23       1.1981667228E-004
#      3   -22       3.1090152807E-004
#      3   -21       3.0252394246E-004
#      3   -20       1.4217732441E-005
#      3   -19       7.5340384525E-005
#      3   -18       1.0090838802E-004
#      3   -17       5.0604396195E-004
#      3   -16       4.9135332332E-004
#      3   -15       2.6918274990E-005
#      3   -14       2.2933925309E-004
#      3   -13       1.7506990507E-005
#      3   -12       1.1384857568E-004
#      3   -11       3.0777210293E-004
#      3   -10       7.3271839041E-005
#      3    -9       3.8729687442E-004
#      3    -8       1.8466843766E-004
#      3    -7       6.5299013006E-004
#      3    -6       3.1078936752E-004
#      3    -5       6.6092227807E-005
#      3    -4       5.8692085250E-005
#      3    -3       1.7054625841E-005
#      3    -2       5.0877866576E-004
#      3    -1       1.0909647075E-003
#      3     0       1.0027075820E-004
#      3     1       7.2783852128E-004
#      3     2       1.1228458532E-004
#      3     3       9.5193459924E-004
#      3     4       1.1528700769E-003
#      3     5       2.7165686814E-005
#      3     6       2.2767633078E-004
#      4   -26       3.9459270578E-005
#      4   -25       1.1924093866E-004
#      4   -24       8.6717786062E-006
#      4   -23       1.0313901803E-004
#      4   -22       4.5104275995E-004
#      4   -21       5.5589939641E-005
#      4   -20       1.8080573527E-004
#      4   -19       1.8688120680E-005
#      4   -18       2.3410614971E-004
#      4   -17       1.1427234729E-004
#      4   -16       1.2370822302E-004
#      4   -15       3.7899292581E-004
#      4   -14       4.8748960541E-004
#      4   -13       4.4761764104E-005
#      4   -12       8.3115544109E-004
#      4   -11       4.0827461776E-004
#      4   -10       1.1675616170E-003
#      4    -9       1.1428507487E-003
#      4    -8       6.6845768622E-004
#      4    -7       8.8183445763E-004
#      4    -6       2.1596315373E-005
#      4    -5       1.2322338665E-004
#      4    -4       7.2365807769E-005
#      4    -3       9.4948962012E-005
#      4    -2       1.1121950935E-004
#      4    -1       4.1028865500E-004
#      4     0       1.0951427001E-003
#      4     1       1.6350457528E-003
#      4     2       7.8346980381E-004
#      4     3       9.7061625094E-004
#      4     4       2.4127047962E-004
#      4     5       2.2976309357E-004
#      5   -25       1.4188707730E-003
#      5   -24       1.0507227100E-004
#      5   -23       5.2034774148E-005
#      5   -22       2.7900643810E-005
#      5   -21       2.2823532520E-004
#      5   -20       1.0687026467E-003
#      5   -19       4.9605205272E-005
#      5   -18       1.6558662673E-005
#      5   -17       3.5785584267E-005
#      5   -16       2.5507607865E-004
#      5   -15       1.7768752006E-002
#      5   -14       1.6351002533E-004
#      5   -13       2.2975879550E-005
#      5   -12       2.2951546451E-005
#      5   -11       1.7211070443E-003
#      5   -10       4.8655951649E-002
#      5    -9       1.3040548288E-003
#      5    -8       7.7349325482E-005
#      5    -7       1.3302759608E-004
#      5    -6       4.7235734146E-004
#      5    -5       9.4737814277E-003
#      5    -4       3.5466680296E-004
#      5    -3       1.4269917054E-004
#      5    -2       3.3699326528E-004
#      5    -1       1.0688362218E-003
#      5     0       6.2137276423E-002
#      5     1       1.4555210791E-003
#      5     2       5.2561265430E-006
#      5     3       6.2443635020E-005
#      6   -25       1.7850903868E-004
#      6   -24       1.6272607758E-004
#      6   -23       6.3324355356E-005
#      6   -22       1.5923886557E-004
#      6   -21       5.7183380888E-004
#      6   -20       7.1587956907E-005
#      6   -19       6.7655871863E-005
#      6   -18       1.0996693064E-004
#      6   -17       4.7347519322E-006
#      6   -16       2.7854662265E-004
#      6   -15       5.1594969771E-004
#      6   -14       7.6495316086E-005
#      6   -13       2.1095556389E-004
#      6   -12       9.6787507633E-004
#      6   -11       8.9952671368E-004
#      6   -10       1.0908041357E-003
#      6    -9       5.9722097357E-004
#      6    -8       2.4019214365E-004
#      6    -7       3.3120590468E-004
#      6    -6       8.3334598743E-004
#      6    -5       1.1377373755E-003
#      6    -4       2.4106403757E-004
#      6    -3       6.8225151752E-004
#      6    -2       1.1942579371E-003
#      6    -1       6.8084173138E-004
#      6     0       8.9136113218E-004
#      6     1       5.1246782607E-004
#      6     2       9.3216973688E-004
#      7   -24       1.0224955781E-003
#      7   -23       4.2897330018E-004
#      7   -22       6.1834398174E-006
#      7   -21       3.8414627871E-004
#      7   -20       3.4511879155E-006
#      7   -19       3.2702054246E-004
#      7   -18       5.2072430167E-004
#      7   -17       1.5269427137E-006
#      7   -16       7.9963144460E-005
#      7   -15       9.4707097632E-006
#      7   -14       1.6760322630E-004
#      7   -13       5.4481797659E-004
#      7   -12       7.1228356824E-005
#      7   -11       1.0977496962E-003
#      7   -10       1.8816702569E-004
#      7    -9       7.4555871322E-004
#      7    -8       1.1944616382E-004
#      7    -7       1.5870351560E-004
#      7    -6       8.6649060489E-005
#      7    -5       2.2426556323E-004
#      7    -4       1.1295578252E-003
#      7    -3       1.3685858388E-003
#      7    -2       2.4836374054E-004
#      7    -1       3.8041369558E-004
#      7     0       1.8609678789E-004
#      8   -23       2.0597263014E-004
#      8   -22       6.0440708954E-004
#      8   -21       3.6846121065E-004
#      8   -20       2.9091964293E-006
#      8   -19       3.4012978342E-004
#      8   -18       1.3305093352E-004
#      8   -17       1.2805051999E-003
#      8   -16       1.4277000551E-003
#      8   -15       2.4396525882E-005
#      8   -14       1.0403760030E-004
#      8   -13       1.9926584760E-005
#      8   -12       4.8317673654E-004
#      8   -11       1.5314179993E-003
#      8   -10       6.9526864647E-005
#      8    -9       8.8163266647E-005
#      8    -8       1.0114458265E-004
#      8    -7       1.0148418827E-004
#      8    -6       1.1271021976E-003
#      8    -5       3.5908132591E-005
#      8    -4       3.7375735365E-004
#      8    -3       2.3412458398E-005
#      8    -2       1.1626878700E-003
#      9   -21       3.8869422832E-004
#      9   -20       1.9176661212E-004
#      9   -19       1.2539156328E-004
#      9   -18       3.0522141085E-004
#      9   -17       1.3496181500E-003
#      9   -16       3.5292599870E-004
#      9   -15       6.1317984156E-004
#      9   -14       3.8211868920E-004
#      9   -13       1.4009733637E-004
#      9   -12       1.4023483980E-004
#      9   -11       1.1828116810E-004
#      9   -10       2.8575758844E-004
#      9    -9       3.8674980440E-004
#      9    -8       2.9358756678E-004
#      9    -7       4.6479969628E-004
#      9    -6       4.8820013954E-004
#      9    -5       1.1537837264E-004
#     10   -19       4.6587038304E-005
#     10   -18       2.4781633495E-005
#     10   -17       1.5426842256E-005
#     10   -16       2.9439634546E-004
#     10   -15       2.0886001191E-002
#     10   -14       1.9441586463E-004
#     10   -13       6.3727714289E-005
#     10   -12       1.0819593350E-004
#     10   -11       1.0171618397E-004
#     10   -10       1.3340787334E-002
#     10    -9       8.1254864226E-004
#     10    -8       7.4481212561E-005
