 Diffraction intensities for potential:_5x5_02D10006.in                        
#    -45    11       2.2072834894E-006
#    -45    12       5.9508030036E-005
#    -45    13       3.2693959637E-005
#    -45    14       6.7428286376E-005
#    -45    15       3.8493267471E-005
#    -45    16       4.6360648226E-005
#    -44     7       4.2970813518E-006
#    -44     8       1.4837679354E-006
#    -44     9       5.3333813414E-006
#    -44    10       2.0305880781E-006
#    -44    11       2.3427164035E-006
#    -44    12       3.6175636184E-006
#    -44    13       1.1250435685E-006
#    -44    14       3.3553241736E-006
#    -44    15       2.2830491426E-007
#    -44    16       6.1935283661E-006
#    -44    17       2.7893264715E-006
#    -44    18       7.7873820346E-006
#    -44    19       3.9517544775E-006
#    -44    20       1.0456848514E-005
#    -43     4       1.2016113594E-005
#    -43     5       1.2415363197E-005
#    -43     6       1.1291094293E-005
#    -43     7       2.8882507563E-005
#    -43     8       3.9979940120E-005
#    -43     9       4.5941352237E-005
#    -43    10       4.6408370776E-005
#    -43    11       4.9633093156E-005
#    -43    12       6.1167236253E-005
#    -43    13       4.1879886603E-005
#    -43    14       6.7374624235E-005
#    -43    15       4.0122150027E-005
#    -43    16       3.2980990342E-005
#    -43    17       3.0312279101E-005
#    -43    18       9.0341369873E-005
#    -43    19       4.4544202514E-005
#    -43    20       3.6515880557E-005
#    -43    21       2.5381394593E-005
#    -43    22       7.6684181446E-005
#    -42     2       2.2688273252E-005
#    -42     3       1.0140366888E-005
#    -42     4       1.2412825806E-005
#    -42     5       1.1782006962E-005
#    -42     6       9.1717876312E-006
#    -42     7       2.8523965102E-005
#    -42     8       6.1475418433E-005
#    -42     9       5.7675208430E-005
#    -42    10       5.7877111174E-005
#    -42    11       4.5840661815E-005
#    -42    12       6.8004763490E-005
#    -42    13       8.9955095247E-005
#    -42    14       5.3842476130E-005
#    -42    15       5.1341304785E-005
#    -42    16       5.2592222770E-005
#    -42    17       3.5328698043E-005
#    -42    18       5.6874587637E-005
#    -42    19       8.1366861491E-005
#    -42    20       7.2976583742E-005
#    -42    21       6.6347559803E-005
#    -42    22       8.2928789197E-005
#    -42    23       5.2448774063E-005
#    -41     0       2.5299245092E-006
#    -41     1       2.3629229618E-006
#    -41     2       1.7656245879E-006
#    -41     3       5.1750122484E-006
#    -41     4       4.1092909629E-006
#    -41     5       4.0999863812E-006
#    -41     6       1.9953020249E-006
#    -41     7       5.6662342410E-006
#    -41     8       4.1568124919E-006
#    -41     9       8.9718396175E-006
#    -41    10       1.1345142871E-005
#    -41    11       1.4917966961E-005
#    -41    12       2.0112761418E-005
#    -41    13       1.1677374948E-005
#    -41    14       1.3724691405E-005
#    -41    15       1.3583380620E-005
#    -41    16       1.1870149732E-005
#    -41    17       8.7243679258E-006
#    -41    18       8.8826552897E-006
#    -41    19       5.8451068789E-006
#    -41    20       6.9820763921E-006
#    -41    21       6.6300209125E-006
#    -41    22       1.0276696268E-005
#    -41    23       1.3905735825E-005
#    -41    24       1.2534825592E-005
#    -40    -2       1.7007755807E-005
#    -40    -1       1.5919748623E-005
#    -40     0       4.9230179434E-005
#    -40     1       4.0188621826E-005
#    -40     2       8.1822150736E-005
#    -40     3       1.9099371971E-005
#    -40     4       6.2625621388E-005
#    -40     5       6.5899609175E-005
#    -40     6       5.8666308321E-005
#    -40     7       1.6723698232E-004
#    -40     8       9.6629329384E-005
#    -40     9       6.1117023274E-005
#    -40    10       1.6202443088E-004
#    -40    11       1.1667898215E-004
#    -40    12       1.7371907778E-004
#    -40    13       1.6921684811E-004
#    -40    14       2.2695924986E-004
#    -40    15       1.1116868614E-004
#    -40    16       1.3188278363E-004
#    -40    17       1.5757320253E-004
#    -40    18       1.7716700110E-004
#    -40    19       1.7789460881E-004
#    -40    20       9.0383160470E-005
#    -40    21       1.9393046843E-004
#    -40    22       3.3147456961E-005
#    -40    23       6.8678942930E-005
#    -40    24       1.0294344440E-004
#    -40    25       8.4183547165E-005
#    -39    -4       1.6900226511E-006
#    -39    -3       5.2455548046E-006
#    -39    -2       1.3886390320E-006
#    -39    -1       7.8763020785E-006
#    -39     0       7.7851666603E-007
#    -39     1       2.2442952438E-006
#    -39     2       2.8669950835E-006
#    -39     3       2.8510155034E-006
#    -39     4       1.0739263646E-005
#    -39     5       8.7228793194E-006
#    -39     6       8.7046697271E-006
#    -39     7       8.3515572234E-006
#    -39     8       6.6160857814E-006
#    -39     9       1.2802232066E-005
#    -39    10       1.0173033642E-005
#    -39    11       2.0622712059E-005
#    -39    12       1.6331575856E-005
#    -39    13       1.1824479423E-005
#    -39    14       9.6643468307E-006
#    -39    15       8.1843996693E-006
#    -39    16       1.3404410362E-005
#    -39    17       1.8310974482E-005
#    -39    18       2.9407091275E-005
#    -39    19       1.9310117725E-005
#    -39    20       2.2701263102E-005
#    -39    21       9.7809762946E-006
#    -39    22       5.5279877354E-006
#    -39    23       9.0454710930E-006
#    -39    24       2.0008254299E-005
#    -39    25       1.3119792434E-005
#    -39    26       8.8218775584E-006
#    -38    -5       1.1111863263E-005
#    -38    -4       1.7968201709E-005
#    -38    -3       2.6917464027E-005
#    -38    -2       5.4498310397E-005
#    -38    -1       2.7089545191E-005
#    -38     0       2.0885133549E-005
#    -38     1       1.6422758194E-005
#    -38     2       3.4776209630E-005
#    -38     3       5.8655332848E-005
#    -38     4       5.6966049653E-005
#    -38     5       6.0107825893E-005
#    -38     6       4.9418082086E-005
#    -38     7       6.8434056636E-005
#    -38     8       5.6828571474E-005
#    -38     9       8.8712493723E-005
#    -38    10       8.7513649058E-005
#    -38    11       1.0230869918E-004
#    -38    12       1.0162599889E-004
#    -38    13       1.5462257400E-004
#    -38    14       1.2570773966E-004
#    -38    15       1.1418950959E-004
#    -38    16       8.8023236529E-005
#    -38    17       1.1211093961E-004
#    -38    18       2.0181350089E-004
#    -38    19       1.0850652496E-004
#    -38    20       1.2283659306E-004
#    -38    21       1.3205707011E-004
#    -38    22       1.6100637032E-004
#    -38    23       7.7128332251E-005
#    -38    24       1.3492174051E-004
#    -38    25       3.8584818601E-005
#    -38    26       2.4649834649E-005
#    -37    -7       6.6942456235E-006
#    -37    -6       1.8294970022E-005
#    -37    -5       1.4299346570E-005
#    -37    -4       1.9874774299E-005
#    -37    -3       2.3454896696E-005
#    -37    -2       2.3703808259E-005
#    -37    -1       1.9457816243E-005
#    -37     0       2.3157584896E-005
#    -37     1       2.8586412629E-005
#    -37     2       4.7054518234E-005
#    -37     3       5.9309431755E-005
#    -37     4       7.0906462220E-005
#    -37     5       6.7268723055E-005
#    -37     6       5.9272127071E-005
#    -37     7       8.0037726412E-005
#    -37     8       9.5362330278E-005
#    -37     9       8.6724763093E-005
#    -37    10       8.9435534059E-005
#    -37    11       8.5805198235E-005
#    -37    12       8.4512152530E-005
#    -37    13       1.0020852950E-004
#    -37    14       9.0057688629E-005
#    -37    15       9.9200599650E-005
#    -37    16       1.0329896906E-004
#    -37    17       1.0763413932E-004
#    -37    18       1.2128546502E-004
#    -37    19       1.3069161766E-004
#    -37    20       1.0540232609E-004
#    -37    21       1.0310744596E-004
#    -37    22       9.7486478965E-005
#    -37    23       6.1879144291E-005
#    -37    24       8.7981680094E-005
#    -37    25       3.8638014952E-005
#    -37    26       2.9090279170E-005
#    -37    27       3.0883998791E-005
#    -36    -8       1.7581650176E-006
#    -36    -7       5.3943157047E-006
#    -36    -6       2.2450888853E-008
#    -36    -5       1.0605000272E-006
#    -36    -4       2.3428348695E-006
#    -36    -3       1.3232178498E-006
#    -36    -2       4.1700750986E-006
#    -36    -1       2.2223446355E-006
#    -36     0       2.9841765647E-006
#    -36     1       2.1722703925E-006
#    -36     2       4.5191944906E-006
#    -36     3       1.0201500791E-005
#    -36     4       1.2573412970E-005
#    -36     5       1.3690490251E-005
#    -36     6       1.0487625362E-005
#    -36     7       1.1909277835E-005
#    -36     8       7.5902100570E-006
#    -36     9       1.0902843290E-005
#    -36    10       1.2548889929E-005
#    -36    11       1.6148002001E-005
#    -36    12       1.7028398878E-005
#    -36    13       1.7397185758E-005
#    -36    14       1.4230311586E-005
#    -36    15       1.3592298712E-005
#    -36    16       1.1447776641E-005
#    -36    17       8.7843772845E-006
#    -36    18       8.4069231138E-006
#    -36    19       2.0725941143E-005
#    -36    20       2.5367211641E-005
#    -36    21       3.6986363803E-005
#    -36    22       3.5279979842E-005
#    -36    23       3.1141518859E-005
#    -36    24       1.1687004532E-005
#    -36    25       8.1278448737E-006
#    -36    26       2.7379020395E-006
#    -36    27       1.1801180988E-006
#    -35    -9       3.7720641031E-005
#    -35    -8       4.7722000046E-005
#    -35    -7       2.1160205950E-005
#    -35    -6       3.5778256683E-005
#    -35    -5       5.0977861676E-005
#    -35    -4       6.5188359959E-005
#    -35    -3       8.2568602173E-005
#    -35    -2       4.6979743484E-005
#    -35    -1       4.2889443866E-005
#    -35     0       1.0601690484E-004
#    -35     1       7.2270663285E-005
#    -35     2       1.4434474109E-004
#    -35     3       1.1123392836E-004
#    -35     4       1.2530771285E-004
#    -35     5       3.1834530531E-005
#    -35     6       1.1825139573E-004
#    -35     7       1.3243811340E-004
#    -35     8       1.0738411160E-004
#    -35     9       1.1518880744E-004
#    -35    10       3.6821286187E-004
#    -35    11       1.1020473246E-004
#    -35    12       1.4480051561E-004
#    -35    13       9.2464537203E-005
#    -35    14       1.0119955536E-004
#    -35    15       2.3339156398E-004
#    -35    16       1.1310197562E-004
#    -35    17       1.0856004617E-004
#    -35    18       1.3102553847E-004
#    -35    19       2.0926778361E-004
#    -35    20       2.5425890347E-004
#    -35    21       2.7560661971E-004
#    -35    22       8.9060196196E-005
#    -35    23       1.7599144310E-004
#    -35    24       1.8766015307E-004
#    -35    25       9.0274429634E-005
#    -35    26       2.1116648456E-004
#    -35    27       1.5730212767E-004
#    -34   -11       4.1256483242E-007
#    -34   -10       7.3183174030E-007
#    -34    -9       2.6678354992E-006
#    -34    -8       2.1882747760E-006
#    -34    -7       6.1700180677E-006
#    -34    -6       3.7180881651E-006
#    -34    -5       2.6722683603E-006
#    -34    -4       4.7061729793E-006
#    -34    -3       5.0301536082E-006
#    -34    -2       5.4840989008E-006
#    -34    -1       1.0446689449E-005
#    -34     0       7.9312823511E-006
#    -34     1       9.9593510949E-006
#    -34     2       1.2095734069E-005
#    -34     3       1.4372175320E-005
#    -34     4       1.9822746317E-005
#    -34     5       1.6947075014E-005
#    -34     6       1.3286962524E-005
#    -34     7       6.9672416649E-006
#    -34     8       3.8290757060E-006
#    -34     9       1.0107805838E-005
#    -34    10       1.5169750347E-005
#    -34    11       1.4360535305E-005
#    -34    12       9.3882636524E-006
#    -34    13       4.1498945143E-006
#    -34    14       5.0023111137E-007
#    -34    15       1.9565576754E-006
#    -34    16       7.4483701748E-006
#    -34    17       2.0272060257E-005
#    -34    18       2.8363832931E-005
#    -34    19       1.9839012263E-005
#    -34    20       1.5907194164E-005
#    -34    21       3.3408619070E-006
#    -34    22       6.8896777660E-006
#    -34    23       1.6548471276E-005
#    -34    24       2.0358440726E-005
#    -34    25       2.0846959326E-005
#    -34    26       2.4503053905E-005
#    -34    27       2.5585865042E-005
#    -33   -12       3.4842900397E-005
#    -33   -11       2.3871880476E-005
#    -33   -10       3.6052706097E-005
#    -33    -9       3.7736452685E-005
#    -33    -8       3.3017388175E-005
#    -33    -7       8.0950312726E-005
#    -33    -6       4.8939457731E-005
#    -33    -5       5.5027101737E-005
#    -33    -4       5.6259706907E-005
#    -33    -3       5.4215348061E-005
#    -33    -2       6.5615271767E-005
#    -33    -1       4.4416613259E-005
#    -33     0       4.8591479213E-005
#    -33     1       5.3163573351E-005
#    -33     2       8.0080025491E-005
#    -33     3       8.6172858504E-005
#    -33     4       7.0822551412E-005
#    -33     5       5.5436406706E-005
#    -33     6       4.1346138850E-005
#    -33     7       3.8117336141E-005
#    -33     8       4.9087189712E-005
#    -33     9       6.1195087613E-005
#    -33    10       6.3710223583E-005
#    -33    11       5.4406532448E-005
#    -33    12       6.0898061748E-005
#    -33    13       6.3179679964E-005
#    -33    14       5.0866168856E-005
#    -33    15       3.4425380396E-005
#    -33    16       4.9219789536E-005
#    -33    17       8.2911638097E-005
#    -33    18       8.5667851571E-005
#    -33    19       9.8487220400E-005
#    -33    20       7.2852133136E-005
#    -33    21       9.7852090270E-005
#    -33    22       1.3149564244E-004
#    -33    23       1.2441756795E-004
#    -33    24       6.4215112414E-005
#    -33    25       1.3019485654E-004
#    -33    26       9.0687988722E-005
#    -33    27       6.7022053970E-005
#    -32   -13       2.6834046572E-005
#    -32   -12       4.7198625209E-005
#    -32   -11       6.0542217114E-005
#    -32   -10       5.5604715115E-005
#    -32    -9       5.5729028490E-005
#    -32    -8       5.4448122966E-005
#    -32    -7       4.3258735614E-005
#    -32    -6       4.7932865681E-005
#    -32    -5       5.6800573805E-005
#    -32    -4       6.3779806140E-005
#    -32    -3       6.6942653174E-005
#    -32    -2       5.9097736491E-005
#    -32    -1       5.5438150130E-005
#    -32     0       6.8532898952E-005
#    -32     1       7.7497402687E-005
#    -32     2       8.3349409018E-005
#    -32     3       8.0370851516E-005
#    -32     4       6.4805160890E-005
#    -32     5       4.3392501242E-005
#    -32     6       2.8170156844E-005
#    -32     7       3.3649308334E-005
#    -32     8       5.7246037006E-005
#    -32     9       5.7784749904E-005
#    -32    10       5.3781962872E-005
#    -32    11       4.8796461406E-005
#    -32    12       4.6997271939E-005
#    -32    13       3.2983864770E-005
#    -32    14       1.5911864372E-005
#    -32    15       9.0085378107E-006
#    -32    16       2.6455662172E-005
#    -32    17       3.6259345355E-005
#    -32    18       7.4944790705E-005
#    -32    19       3.0236528504E-005
#    -32    20       2.8844003824E-005
#    -32    21       2.6174842554E-005
#    -32    22       6.5705476880E-005
#    -32    23       2.1497445613E-004
#    -32    24       9.7892597898E-005
#    -32    25       1.1229294761E-004
#    -32    26       1.2995367491E-004
#    -32    27       1.2658899613E-004
#    -32    28       7.6361505859E-005
#    -31   -14       1.0250857937E-005
#    -31   -13       5.6455141131E-006
#    -31   -12       1.4953980554E-005
#    -31   -11       9.6246925745E-006
#    -31   -10       9.0434292044E-006
#    -31    -9       1.0761991749E-005
#    -31    -8       1.1781959835E-005
#    -31    -7       1.3747833338E-005
#    -31    -6       7.7092757456E-006
#    -31    -5       9.0073970139E-006
#    -31    -4       8.4467600478E-006
#    -31    -3       9.6801577713E-006
#    -31    -2       1.2239203213E-005
#    -31    -1       8.3030061906E-006
#    -31     0       6.6944025309E-006
#    -31     1       4.0396015481E-006
#    -31     2       4.0199345540E-006
#    -31     3       1.9326865440E-006
#    -31     4       1.8739670183E-006
#    -31     5       2.3578762031E-006
#    -31     6       3.2596793381E-006
#    -31     7       4.9014592542E-006
#    -31     8       4.3879949818E-006
#    -31     9       5.6034207533E-006
#    -31    10       8.1012773829E-006
#    -31    11       1.1000962172E-005
#    -31    12       1.0941572580E-005
#    -31    13       8.4389030069E-006
#    -31    14       1.5794430920E-006
#    -31    15       1.2250052997E-007
#    -31    16       1.9089384380E-007
#    -31    17       2.1952496063E-006
#    -31    18       6.4883902360E-006
#    -31    19       7.8469437315E-006
#    -31    20       1.5424822197E-005
#    -31    21       1.9845352026E-005
#    -31    22       2.0104449872E-005
#    -31    23       1.0153845870E-005
#    -31    24       2.8781989857E-005
#    -31    25       1.3063543104E-005
#    -31    26       2.0938660511E-005
#    -31    27       1.0218590549E-005
#    -31    28       5.1809453715E-005
#    -30   -15       4.6217429296E-005
#    -30   -14       6.8877800399E-005
#    -30   -13       5.9012499393E-005
#    -30   -12       1.3614431658E-004
#    -30   -11       1.3521393253E-004
#    -30   -10       1.3624300033E-004
#    -30    -9       9.5519839475E-005
#    -30    -8       6.4928478194E-005
#    -30    -7       9.6704692231E-005
#    -30    -6       1.0891079209E-004
#    -30    -5       1.8638177840E-005
#    -30    -4       1.1281623917E-004
#    -30    -3       1.1487444193E-004
#    -30    -2       7.4017128975E-005
#    -30    -1       8.0535904464E-005
#    -30     0       5.9787701499E-004
#    -30     1       7.6580711892E-005
#    -30     2       7.5332197783E-005
#    -30     3       3.6929921039E-005
#    -30     4       2.4658301578E-005
#    -30     5       8.9111804318E-004
#    -30     6       6.3258412667E-005
#    -30     7       8.1946789667E-005
#    -30     8       5.7469423973E-005
#    -30     9       3.3236538094E-005
#    -30    10       9.3647172567E-004
#    -30    11       3.8700438548E-005
#    -30    12       3.6294664429E-005
#    -30    13       4.9378596613E-005
#    -30    14       2.7749537796E-005
#    -30    15       4.9244522963E-004
#    -30    16       2.5353449025E-007
#    -30    17       4.4764874340E-008
#    -30    18       1.9382834061E-005
#    -30    19       8.6094299967E-006
#    -30    20       4.2052325015E-005
#    -30    21       1.5415279253E-004
#    -30    22       1.4669455001E-004
#    -30    23       4.5259621484E-004
#    -30    24       3.7094457890E-004
#    -30    25       2.1008660526E-004
#    -30    26       1.9793893490E-004
#    -30    27       1.4926362262E-004
#    -30    28       1.3583451976E-005
#    -29   -16       1.8671074807E-005
#    -29   -15       5.8239591676E-006
#    -29   -14       4.6737667782E-006
#    -29   -13       7.8468414415E-006
#    -29   -12       1.2080436054E-005
#    -29   -11       9.8891012749E-006
#    -29   -10       4.9607750592E-006
#    -29    -9       5.9263755146E-006
#    -29    -8       5.5439201593E-006
#    -29    -7       7.3959597179E-006
#    -29    -6       4.2117465845E-006
#    -29    -5       3.3028842562E-006
#    -29    -4       4.1834602572E-006
#    -29    -3       2.9458141265E-006
#    -29    -2       5.5018242463E-006
#    -29    -1       8.6913313870E-006
#    -29     0       1.2760778644E-005
#    -29     1       1.3485503110E-005
#    -29     2       1.1503237102E-005
#    -29     3       9.9138844801E-006
#    -29     4       1.1258217398E-005
#    -29     5       1.1553260428E-005
#    -29     6       1.2715152851E-005
#    -29     7       5.3808669820E-006
#    -29     8       3.8975397947E-007
#    -29     9       1.2915343263E-006
#    -29    10       9.4283310947E-006
#    -29    11       1.7409539894E-005
#    -29    12       1.5305171036E-005
#    -29    13       1.5549651610E-005
#    -29    14       1.4097972786E-005
#    -29    15       2.8159789875E-006
#    -29    16       1.6097438312E-007
#    -29    17       1.7419883369E-006
#    -29    18       3.5640482269E-006
#    -29    19       4.5942683975E-006
#    -29    20       1.7417056535E-005
#    -29    21       2.6628147425E-005
#    -29    22       2.4853172372E-005
#    -29    23       4.0940689956E-005
#    -29    24       3.4419852202E-005
#    -29    25       2.0531996258E-005
#    -29    26       1.0711718902E-005
#    -29    27       6.8451673136E-006
#    -28   -16       4.6551837700E-005
#    -28   -15       4.3360472153E-005
#    -28   -14       5.6996685761E-005
#    -28   -13       8.7124867614E-005
#    -28   -12       1.1221402838E-004
#    -28   -11       1.0044295503E-004
#    -28   -10       7.3272137649E-005
#    -28    -9       6.4202024374E-005
#    -28    -8       6.2031792541E-005
#    -28    -7       7.4174595435E-005
#    -28    -6       6.0063398387E-005
#    -28    -5       4.7636240247E-005
#    -28    -4       3.4727495524E-005
#    -28    -3       2.5716510610E-005
#    -28    -2       3.5243346015E-005
#    -28    -1       4.0884907778E-005
#    -28     0       4.4526560342E-005
#    -28     1       4.3770297200E-005
#    -28     2       3.8978595743E-005
#    -28     3       2.6926252571E-005
#    -28     4       3.3271499875E-005
#    -28     5       4.6808000118E-005
#    -28     6       5.3347105881E-005
#    -28     7       4.2097224074E-005
#    -28     8       1.4573576479E-005
#    -28     9       3.2199323467E-006
#    -28    10       2.5264488093E-005
#    -28    11       7.2742736057E-005
#    -28    12       1.2791502727E-004
#    -28    13       1.3714571052E-004
#    -28    14       1.3682460852E-004
#    -28    15       7.4779046821E-005
#    -28    16       3.5481230250E-005
#    -28    17       8.7453697031E-006
#    -28    18       1.7484366409E-005
#    -28    19       8.0334203906E-006
#    -28    20       2.3385408083E-005
#    -28    21       4.3372713660E-005
#    -28    22       1.1872409811E-004
#    -28    23       1.1507905128E-004
#    -28    24       1.1590949874E-004
#    -28    25       1.7478359664E-004
#    -28    26       1.7185936397E-004
#    -28    27       8.9629614545E-005
#    -27   -17       2.8193044926E-005
#    -27   -16       3.6372544113E-005
#    -27   -15       4.4824127342E-005
#    -27   -14       7.1270572557E-005
#    -27   -13       1.0570388910E-004
#    -27   -12       1.1313101933E-004
#    -27   -11       9.5398557690E-005
#    -27   -10       6.6341372012E-005
#    -27    -9       5.0084081149E-005
#    -27    -8       4.7687669203E-005
#    -27    -7       3.0748187655E-005
#    -27    -6       1.8723768579E-005
#    -27    -5       1.3959908186E-005
#    -27    -4       1.4713779179E-005
#    -27    -3       1.4388893232E-005
#    -27    -2       2.5295877864E-005
#    -27    -1       3.9840895091E-005
#    -27     0       4.6673251061E-005
#    -27     1       4.8095492668E-005
#    -27     2       5.0145820704E-005
#    -27     3       6.2240486059E-005
#    -27     4       6.5306263124E-005
#    -27     5       6.9102511423E-005
#    -27     6       4.9281517702E-005
#    -27     7       2.7087626529E-005
#    -27     8       2.3210853537E-005
#    -27     9       5.0882350396E-005
#    -27    10       1.2350689096E-004
#    -27    11       1.9391525132E-004
#    -27    12       2.5522975924E-004
#    -27    13       1.9655666848E-004
#    -27    14       1.4588392706E-004
#    -27    15       6.3120185941E-005
#    -27    16       2.7855359039E-005
#    -27    17       6.7082889374E-006
#    -27    18       1.9393565091E-005
#    -27    19       3.1042321788E-005
#    -27    20       6.3061378748E-005
#    -27    21       1.0521683324E-004
#    -27    22       1.7435033190E-004
#    -27    23       1.7397267976E-004
#    -27    24       2.2420149896E-004
#    -27    25       1.5839431534E-004
#    -27    26       8.3302369662E-005
#    -27    27       9.1531282216E-005
#    -26   -18       2.4752545608E-006
#    -26   -17       5.8300360375E-006
#    -26   -16       8.1364627167E-006
#    -26   -15       1.2291654292E-005
#    -26   -14       2.5114149382E-005
#    -26   -13       1.2841045467E-005
#    -26   -12       1.6732170934E-005
#    -26   -11       1.6333197433E-005
#    -26   -10       1.4872024738E-005
#    -26    -9       1.5477507570E-005
#    -26    -8       8.2006418604E-006
#    -26    -7       6.2795668166E-006
#    -26    -6       4.0762773295E-006
#    -26    -5       3.8019839646E-006
#    -26    -4       3.8208964221E-006
#    -26    -3       5.0354165345E-006
#    -26    -2       6.6565477700E-006
#    -26    -1       8.0542832880E-006
#    -26     0       9.7932547114E-006
#    -26     1       8.0727917231E-006
#    -26     2       1.9904074212E-006
#    -26     3       4.5312996469E-007
#    -26     4       4.6571302996E-006
#    -26     5       1.0318767927E-005
#    -26     6       1.1609858652E-005
#    -26     7       9.6535558427E-006
#    -26     8       4.0105109084E-006
#    -26     9       2.8272253975E-006
#    -26    10       5.1652546449E-006
#    -26    11       1.5068946866E-005
#    -26    12       2.8766501371E-005
#    -26    13       2.8997778059E-005
#    -26    14       1.7675049900E-005
#    -26    15       1.2518431565E-005
#    -26    16       7.5049233040E-006
#    -26    17       9.2079640159E-006
#    -26    18       3.7253973971E-006
#    -26    19       1.5383706159E-005
#    -26    20       5.1371420973E-006
#    -26    21       3.5049110838E-006
#    -26    22       6.1288529827E-006
#    -26    23       1.0291513392E-005
#    -26    24       5.2371649785E-006
#    -26    25       2.4817989712E-005
#    -26    26       7.8275157640E-005
#    -26    27       2.7494048761E-005
#    -25   -19       3.9735152776E-005
#    -25   -18       1.6881934473E-004
#    -25   -17       1.0061729183E-004
#    -25   -16       1.6977958650E-004
#    -25   -15       1.4185427894E-004
#    -25   -14       2.0839214380E-004
#    -25   -13       2.4147981856E-004
#    -25   -12       1.7452313248E-004
#    -25   -11       1.3263709077E-004
#    -25   -10       3.0835169486E-004
#    -25    -9       5.9526497618E-005
#    -25    -8       3.1350777606E-005
#    -25    -7       2.1619942527E-005
#    -25    -6       1.9487757787E-005
#    -25    -5       8.9312865948E-004
#    -25    -4       2.6377887767E-005
#    -25    -3       2.9256758824E-005
#    -25    -2       3.1117953872E-005
#    -25    -1       2.9514179840E-005
#    -25     0       2.0767188957E-003
#    -25     1       1.8439816306E-005
#    -25     2       2.8928047930E-005
#    -25     3       3.3754875567E-005
#    -25     4       3.0147577682E-005
#    -25     5       4.3201891592E-003
#    -25     6       2.5253405946E-005
#    -25     7       1.1877110082E-005
#    -25     8       2.9494347272E-005
#    -25     9       3.6690010980E-005
#    -25    10       4.9058764624E-003
#    -25    11       8.5212079756E-005
#    -25    12       1.6279663757E-004
#    -25    13       1.4270308438E-004
#    -25    14       9.8408550051E-005
#    -25    15       2.6805793470E-003
#    -25    16       6.9280049102E-005
#    -25    17       2.2352915488E-005
#    -25    18       3.4298791117E-005
#    -25    19       6.7149379815E-005
#    -25    20       1.0164746692E-003
#    -25    21       1.4772285421E-004
#    -25    22       1.6522332762E-004
#    -25    23       2.0289045037E-004
#    -25    24       1.7422487164E-004
#    -25    25       7.4998923958E-005
#    -25    26       1.8982578105E-004
#    -25    27       8.6869261848E-005
#    -24   -20       8.1654942081E-006
#    -24   -19       1.3082380741E-005
#    -24   -18       1.1536172909E-005
#    -24   -17       1.0637573160E-005
#    -24   -16       2.8125907246E-005
#    -24   -15       3.1078636074E-005
#    -24   -14       2.0765138579E-005
#    -24   -13       1.4687262890E-005
#    -24   -12       6.0472005995E-006
#    -24   -11       7.1356509962E-006
#    -24   -10       7.5846362886E-006
#    -24    -9       3.2592795487E-006
#    -24    -8       8.6907136807E-007
#    -24    -7       2.3083742905E-008
#    -24    -6       9.1029885769E-008
#    -24    -5       8.2540738410E-008
#    -24    -4       1.0775878342E-006
#    -24    -3       3.2970723090E-006
#    -24    -2       7.4267161321E-006
#    -24    -1       9.9629061464E-006
#    -24     0       1.2670692807E-005
#    -24     1       1.0742197406E-005
#    -24     2       6.6668743485E-006
#    -24     3       2.6672222158E-006
#    -24     4       1.1249914637E-006
#    -24     5       1.5984120724E-006
#    -24     6       1.9146115069E-006
#    -24     7       1.2426968930E-006
#    -24     8       7.9478161734E-008
#    -24     9       3.3882969694E-006
#    -24    10       1.5460135270E-005
#    -24    11       3.0044857569E-005
#    -24    12       4.0177223678E-005
#    -24    13       3.4845835185E-005
#    -24    14       1.4650676044E-005
#    -24    15       8.3526197985E-006
#    -24    16       1.0575828096E-005
#    -24    17       3.0445534908E-006
#    -24    18       7.3300905661E-006
#    -24    19       2.5392819462E-005
#    -24    20       3.6777574500E-005
#    -24    21       4.5337275233E-005
#    -24    22       3.7177819656E-005
#    -24    23       3.2144105955E-005
#    -24    24       3.9972387549E-005
#    -24    25       7.1591730209E-006
#    -24    26       6.8490732758E-006
#    -23   -20       5.0453104998E-005
#    -23   -19       7.2149474717E-005
#    -23   -18       1.0470611010E-004
#    -23   -17       1.1187707407E-004
#    -23   -16       1.3636437316E-004
#    -23   -15       1.3992948253E-004
#    -23   -14       1.1134166572E-004
#    -23   -13       1.0908774633E-004
#    -23   -12       9.0599201066E-005
#    -23   -11       5.7719723847E-005
#    -23   -10       4.0647863596E-005
#    -23    -9       2.6050141729E-005
#    -23    -8       2.5842290686E-005
#    -23    -7       4.2758972511E-005
#    -23    -6       5.1994505036E-005
#    -23    -5       4.6645702447E-005
#    -23    -4       3.0110716647E-005
#    -23    -3       1.5954296389E-005
#    -23    -2       7.1458659382E-006
#    -23    -1       1.9081766687E-005
#    -23     0       6.0502109794E-005
#    -23     1       1.1071228735E-004
#    -23     2       1.1319823539E-004
#    -23     3       8.7425055374E-005
#    -23     4       3.3140592693E-005
#    -23     5       1.1672971816E-005
#    -23     6       1.8785945812E-005
#    -23     7       3.4405003322E-005
#    -23     8       5.3222440812E-005
#    -23     9       4.5434190491E-005
#    -23    10       7.9442405605E-005
#    -23    11       1.3339761576E-004
#    -23    12       1.7906618807E-004
#    -23    13       2.0906221991E-004
#    -23    14       1.4311001490E-004
#    -23    15       8.8699624188E-005
#    -23    16       5.3970412005E-005
#    -23    17       3.8188195186E-005
#    -23    18       4.2419295705E-005
#    -23    19       6.3222067863E-005
#    -23    20       1.8719878273E-004
#    -23    21       1.0791903812E-004
#    -23    22       1.2773325384E-004
#    -23    23       1.3570290481E-004
#    -23    24       1.4939330657E-004
#    -23    25       1.7694942241E-004
#    -23    26       1.2686455773E-004
#    -22   -21       1.6268563860E-005
#    -22   -20       5.9296792299E-005
#    -22   -19       7.1381076892E-005
#    -22   -18       1.0249845079E-004
#    -22   -17       1.0547404672E-004
#    -22   -16       1.0991798158E-004
#    -22   -15       1.1185341903E-004
#    -22   -14       7.8225095244E-005
#    -22   -13       6.2562594175E-005
#    -22   -12       4.3203227644E-005
#    -22   -11       3.5074608615E-005
#    -22   -10       2.1477112384E-005
#    -22    -9       7.7436434712E-006
#    -22    -8       8.0274898238E-006
#    -22    -7       1.8267146508E-005
#    -22    -6       3.3057603123E-005
#    -22    -5       4.5480015682E-005
#    -22    -4       4.1811865166E-005
#    -22    -3       2.6234442587E-005
#    -22    -2       4.4337288976E-005
#    -22    -1       9.6284980035E-005
#    -22     0       1.3556887870E-004
#    -22     1       1.2345693057E-004
#    -22     2       7.3080294170E-005
#    -22     3       3.8661930429E-005
#    -22     4       4.3750648547E-005
#    -22     5       6.8056943654E-005
#    -22     6       9.1279830088E-005
#    -22     7       9.0930808388E-005
#    -22     8       1.2543856446E-004
#    -22     9       2.1010787680E-004
#    -22    10       2.8691449007E-004
#    -22    11       3.3214972057E-004
#    -22    12       3.1672508279E-004
#    -22    13       2.9390563926E-004
#    -22    14       1.6964552663E-004
#    -22    15       1.2795398175E-004
#    -22    16       1.0262928318E-004
#    -22    17       8.1274466703E-005
#    -22    18       1.2303720145E-004
#    -22    19       1.3034704653E-004
#    -22    20       1.6757561661E-004
#    -22    21       1.2872148197E-004
#    -22    22       2.8760303245E-004
#    -22    23       6.0583779915E-005
#    -22    24       1.5744481067E-004
#    -22    25       3.9606108000E-006
#    -22    26       6.0970499741E-005
#    -21   -22       8.1504286575E-006
#    -21   -21       2.9384369441E-006
#    -21   -20       4.6869218093E-006
#    -21   -19       8.3211407660E-006
#    -21   -18       2.1571378676E-005
#    -21   -17       1.8713914407E-005
#    -21   -16       1.3836082840E-005
#    -21   -15       1.5615643753E-005
#    -21   -14       1.6135395067E-005
#    -21   -13       1.3068306810E-005
#    -21   -12       8.1791824167E-006
#    -21   -11       5.7231598841E-006
#    -21   -10       5.4371030450E-006
#    -21    -9       8.8437035452E-006
#    -21    -8       1.0507609272E-005
#    -21    -7       1.6080620093E-005
#    -21    -6       1.2415241930E-005
#    -21    -5       4.5924255167E-006
#    -21    -4       4.2824636558E-007
#    -21    -3       2.7371382943E-006
#    -21    -2       9.9916225089E-006
#    -21    -1       2.2485347459E-005
#    -21     0       3.2457726133E-005
#    -21     1       2.8051421587E-005
#    -21     2       1.3409424124E-005
#    -21     3       2.3004571475E-006
#    -21     4       1.1353053865E-006
#    -21     5       7.4673227253E-006
#    -21     6       1.1940520668E-005
#    -21     7       1.4255509982E-005
#    -21     8       1.1267014639E-005
#    -21     9       9.9304179712E-006
#    -21    10       2.4117082554E-005
#    -21    11       3.1635233027E-005
#    -21    12       3.3811816202E-005
#    -21    13       2.6009751957E-005
#    -21    14       3.7556479906E-005
#    -21    15       1.0751997203E-005
#    -21    16       3.6924674264E-006
#    -21    17       9.3097400278E-007
#    -21    18       7.7746840452E-007
#    -21    19       7.7140862588E-006
#    -21    20       4.8976468175E-006
#    -21    21       1.2153684192E-005
#    -21    22       2.8187677031E-005
#    -21    23       3.4986299910E-005
#    -21    24       1.8864709618E-004
#    -21    25       5.0101863695E-005
#    -20   -22       4.6708652402E-005
#    -20   -21       1.1171348641E-004
#    -20   -20       8.9307531080E-005
#    -20   -19       1.4908307776E-004
#    -20   -18       3.3040640566E-004
#    -20   -17       1.7624655461E-004
#    -20   -16       1.8812859959E-004
#    -20   -15       3.0338992581E-004
#    -20   -14       1.1109190257E-004
#    -20   -13       1.0103028831E-004
#    -20   -12       4.3230126124E-005
#    -20   -11       2.5667973498E-005
#    -20   -10       8.8959452557E-004
#    -20    -9       9.0003584068E-006
#    -20    -8       3.4563610802E-005
#    -20    -7       9.2747298419E-005
#    -20    -6       8.6529617029E-005
#    -20    -5       4.2353709569E-003
#    -20    -4       2.3270912305E-005
#    -20    -3       5.9155309053E-005
#    -20    -2       9.2878338716E-005
#    -20    -1       1.1940172160E-004
#    -20     0       1.3328803864E-002
#    -20     1       3.0195959588E-005
#    -20     2       2.3795375060E-006
#    -20     3       1.7561782975E-005
#    -20     4       4.9235207041E-005
#    -20     5       1.4396582898E-002
#    -20     6       1.1370176026E-004
#    -20     7       9.3630708269E-005
#    -20     8       1.0338871275E-004
#    -20     9       1.8209093446E-004
#    -20    10       9.5668292569E-003
#    -20    11       3.8827417616E-004
#    -20    12       2.8159076248E-004
#    -20    13       2.5917402620E-004
#    -20    14       2.5504475275E-004
#    -20    15       2.4192610744E-003
#    -20    16       3.3120243147E-005
#    -20    17       1.2096887892E-004
#    -20    18       9.9077645090E-005
#    -20    19       5.2830865567E-005
#    -20    20       2.3107607538E-003
#    -20    21       2.7499846805E-004
#    -20    22       1.0549236697E-004
#    -20    23       2.1297278505E-004
#    -20    24       3.2574480605E-004
#    -20    25       9.1856306596E-004
#    -19   -23       1.0080322403E-005
#    -19   -22       1.2457859719E-005
#    -19   -21       6.1282593269E-006
#    -19   -20       8.6310489948E-006
#    -19   -19       2.0473717306E-005
#    -19   -18       2.1736164252E-005
#    -19   -17       2.2166048747E-005
#    -19   -16       1.1109004478E-005
#    -19   -15       8.4407986188E-006
#    -19   -14       8.5396753607E-006
#    -19   -13       2.5520820015E-006
#    -19   -12       7.3256585789E-007
#    -19   -11       4.9820143598E-006
#    -19   -10       8.0570182597E-006
#    -19    -9       7.9040625123E-006
#    -19    -8       1.0961524273E-005
#    -19    -7       1.5964709726E-005
#    -19    -6       1.1777745436E-005
#    -19    -5       3.7196052977E-006
#    -19    -4       2.9119913540E-007
#    -19    -3       5.2231543801E-007
#    -19    -2       9.6427474042E-007
#    -19    -1       1.6351929679E-006
#    -19     0       5.7492190026E-007
#    -19     1       1.3048784173E-006
#    -19     2       8.1596363616E-007
#    -19     3       2.4233340970E-007
#    -19     4       1.3816094105E-006
#    -19     5       1.1393849803E-006
#    -19     6       9.0373890171E-007
#    -19     7       9.0533620796E-007
#    -19     8       3.3690989061E-006
#    -19     9       9.8883697831E-006
#    -19    10       9.9339698449E-006
#    -19    11       1.3825335045E-005
#    -19    12       1.8688862054E-005
#    -19    13       1.8929033764E-005
#    -19    14       2.6787870234E-005
#    -19    15       2.9501713231E-005
#    -19    16       1.8234337125E-005
#    -19    17       2.7451171491E-005
#    -19    18       1.6015907604E-005
#    -19    19       6.0754100235E-007
#    -19    20       8.2996411382E-008
#    -19    21       3.1507437967E-006
#    -19    22       5.2940828237E-005
#    -19    23       4.2699485727E-005
#    -19    24       1.8732372783E-005
#    -19    25       6.5245999472E-005
#    -18   -23       3.6724340321E-005
#    -18   -22       2.1124429736E-005
#    -18   -21       9.3925646463E-005
#    -18   -20       1.0009480524E-004
#    -18   -19       1.2143908920E-004
#    -18   -18       9.3322606308E-005
#    -18   -17       6.5004730176E-005
#    -18   -16       7.2455659412E-005
#    -18   -15       5.3876702959E-005
#    -18   -14       3.3052998342E-005
#    -18   -13       1.8921995772E-005
#    -18   -12       1.7371002911E-005
#    -18   -11       1.9017380883E-005
#    -18   -10       2.5326885124E-005
#    -18    -9       4.6451378313E-005
#    -18    -8       5.2648071965E-005
#    -18    -7       2.6264539352E-005
#    -18    -6       7.0116112913E-007
#    -18    -5       1.8038205493E-005
#    -18    -4       4.9776244704E-005
#    -18    -3       3.7121884332E-005
#    -18    -2       4.3901418399E-006
#    -18    -1       2.3529494696E-005
#    -18     0       1.1815040938E-004
#    -18     1       2.1983368870E-004
#    -18     2       2.5307325328E-004
#    -18     3       1.7883435845E-004
#    -18     4       9.5357907382E-005
#    -18     5       5.1960935115E-005
#    -18     6       1.0625166930E-004
#    -18     7       1.9607707412E-004
#    -18     8       2.5775348388E-004
#    -18     9       1.9888933462E-004
#    -18    10       1.2781447748E-004
#    -18    11       3.2470967425E-005
#    -18    12       1.7513885351E-005
#    -18    13       4.6886025442E-005
#    -18    14       8.8606898691E-005
#    -18    15       6.4000916836E-005
#    -18    16       1.0945395516E-004
#    -18    17       8.8309334311E-005
#    -18    18       2.1893818882E-005
#    -18    19       2.4707178076E-006
#    -18    20       1.2667829664E-005
#    -18    21       1.3583663143E-004
#    -18    22       2.7227828482E-004
#    -18    23       1.5321764238E-004
#    -18    24       1.3766929667E-004
#    -17   -24       5.3036085386E-005
#    -17   -23       5.8803296090E-005
#    -17   -22       7.0829266502E-005
#    -17   -21       9.1780354311E-005
#    -17   -20       1.1210007005E-004
#    -17   -19       1.4069474318E-004
#    -17   -18       8.2227835533E-005
#    -17   -17       7.6157767700E-005
#    -17   -16       5.4676768949E-005
#    -17   -15       2.1029967055E-005
#    -17   -14       2.0313937398E-006
#    -17   -13       2.8876306598E-005
#    -17   -12       6.4103869323E-005
#    -17   -11       1.0517139672E-004
#    -17   -10       1.2440691019E-004
#    -17    -9       1.1268522603E-004
#    -17    -8       5.7961864744E-005
#    -17    -7       2.8391241073E-006
#    -17    -6       1.9784661801E-005
#    -17    -5       7.5707074530E-005
#    -17    -4       8.1269429997E-005
#    -17    -3       6.5925136767E-005
#    -17    -2       7.6248641656E-005
#    -17    -1       2.0411411523E-004
#    -17     0       3.6932828000E-004
#    -17     1       4.4666855177E-004
#    -17     2       3.8409021343E-004
#    -17     3       2.8685821806E-004
#    -17     4       2.1685766471E-004
#    -17     5       2.5383536619E-004
#    -17     6       2.9294768413E-004
#    -17     7       3.0686777146E-004
#    -17     8       3.2586054246E-004
#    -17     9       1.7774566783E-004
#    -17    10       5.1983364706E-005
#    -17    11       9.1224844661E-007
#    -17    12       1.9384889388E-005
#    -17    13       1.5446196818E-005
#    -17    14       1.9576720465E-005
#    -17    15       2.5200649719E-005
#    -17    16       5.0141898747E-006
#    -17    17       3.1398191598E-006
#    -17    18       3.5350829780E-005
#    -17    19       3.3622485428E-005
#    -17    20       1.6787495657E-004
#    -17    21       6.8248151975E-005
#    -17    22       1.5507589845E-007
#    -17    23       1.5887725694E-004
#    -17    24       4.1913181259E-004
#    -16   -24       9.0774395018E-006
#    -16   -23       2.1720725426E-005
#    -16   -22       2.2249225052E-005
#    -16   -21       1.1922483577E-005
#    -16   -20       3.8512719716E-006
#    -16   -19       8.0563066584E-006
#    -16   -18       1.9363888189E-005
#    -16   -17       1.6166373462E-005
#    -16   -16       2.4124080930E-006
#    -16   -15       1.4345795584E-006
#    -16   -14       8.5210202230E-006
#    -16   -13       1.1639819697E-005
#    -16   -12       8.0455637197E-006
#    -16   -11       4.7230094897E-006
#    -16   -10       3.7350478267E-006
#    -16    -9       2.9187681193E-006
#    -16    -8       1.4970827899E-006
#    -16    -7       8.9369881273E-006
#    -16    -6       1.8700993625E-005
#    -16    -5       1.7207678504E-005
#    -16    -4       3.5321763250E-006
#    -16    -3       2.3448818529E-006
#    -16    -2       2.8923827727E-005
#    -16    -1       8.0919599696E-005
#    -16     0       1.1890423785E-004
#    -16     1       1.1306757392E-004
#    -16     2       8.7714370463E-005
#    -16     3       5.3424665617E-005
#    -16     4       3.7405213827E-005
#    -16     5       4.2760428641E-005
#    -16     6       5.3227650450E-005
#    -16     7       6.1895042084E-005
#    -16     8       3.1669239705E-005
#    -16     9       8.7670910482E-006
#    -16    10       7.5876308551E-010
#    -16    11       3.0585295661E-006
#    -16    12       4.7964184613E-006
#    -16    13       5.9238490080E-006
#    -16    14       1.5169620857E-005
#    -16    15       1.3459923952E-005
#    -16    16       5.5292771978E-006
#    -16    17       4.1191016133E-006
#    -16    18       2.7753093370E-005
#    -16    19       2.7996078019E-005
#    -16    20       6.6179987951E-005
#    -16    21       5.6453162617E-005
#    -16    22       1.7305457541E-005
#    -16    23       8.0598051574E-006
#    -15   -25       4.0745662420E-005
#    -15   -24       2.1918997038E-004
#    -15   -23       9.4979305168E-005
#    -15   -22       1.2540032954E-004
#    -15   -21       1.9916171747E-004
#    -15   -20       1.9937506934E-004
#    -15   -19       8.9177400946E-005
#    -15   -18       9.2212796339E-005
#    -15   -17       2.8676192862E-005
#    -15   -16       1.0578792820E-005
#    -15   -15       6.4697184187E-004
#    -15   -14       1.3900060682E-004
#    -15   -13       1.7367864375E-004
#    -15   -12       2.7873209679E-004
#    -15   -11       1.7175991508E-004
#    -15   -10       5.2415372399E-003
#    -15    -9       2.1462407159E-005
#    -15    -8       6.7242072342E-005
#    -15    -7       1.4893292956E-004
#    -15    -6       2.1967581103E-004
#    -15    -5       1.3869343730E-002
#    -15    -4       9.6158865795E-005
#    -15    -3       1.9314109738E-004
#    -15    -2       5.6144496020E-004
#    -15    -1       9.7509335859E-004
#    -15     0       2.8784750676E-002
#    -15     1       1.2073837784E-003
#    -15     2       8.1623487892E-004
#    -15     3       4.9953058804E-004
#    -15     4       3.6177543278E-004
#    -15     5       2.6206025654E-002
#    -15     6       3.9132692943E-004
#    -15     7       2.0735201081E-004
#    -15     8       7.8529055025E-005
#    -15     9       1.9365777912E-006
#    -15    10       1.3897144675E-002
#    -15    11       2.5767808944E-004
#    -15    12       6.7227568228E-005
#    -15    13       4.2064107307E-005
#    -15    14       1.0324432791E-004
#    -15    15       1.5015791527E-002
#    -15    16       1.8554073615E-007
#    -15    17       2.2836924127E-004
#    -15    18       3.1984811090E-004
#    -15    19       1.0175820849E-004
#    -15    20       1.1860546471E-003
#    -15    21       6.1347640404E-004
#    -15    22       3.2996444482E-004
#    -15    23       4.1134347582E-004
#    -14   -25       1.5775294320E-005
#    -14   -24       3.7976059624E-005
#    -14   -23       1.8794941516E-005
#    -14   -22       1.9944957048E-005
#    -14   -21       3.5219964455E-005
#    -14   -20       1.5554869044E-005
#    -14   -19       1.4847256804E-005
#    -14   -18       1.6893119265E-005
#    -14   -17       5.3292394393E-006
#    -14   -16       2.6509751110E-006
#    -14   -15       1.5640241424E-006
#    -14   -14       1.3801258784E-005
#    -14   -13       2.2443170635E-005
#    -14   -12       2.5048302749E-005
#    -14   -11       1.4367965494E-005
#    -14   -10       1.2212327639E-005
#    -14    -9       1.3023373995E-005
#    -14    -8       1.4366000534E-005
#    -14    -7       2.1926946340E-005
#    -14    -6       1.4166338641E-005
#    -14    -5       8.2823212988E-006
#    -14    -4       4.5385928136E-006
#    -14    -3       1.7989499077E-005
#    -14    -2       4.1420227353E-005
#    -14    -1       8.5633911390E-005
#    -14     0       9.1195435724E-005
#    -14     1       7.4197300681E-005
#    -14     2       6.0965193046E-005
#    -14     3       2.6720588560E-005
#    -14     4       2.4101221914E-005
#    -14     5       1.3661209969E-005
#    -14     6       1.2741365952E-005
#    -14     7       7.3424696410E-006
#    -14     8       2.7740799927E-006
#    -14     9       9.6944754551E-006
#    -14    10       2.1809004173E-005
#    -14    11       2.2684241803E-005
#    -14    12       2.4746337983E-005
#    -14    13       1.3811426752E-005
#    -14    14       2.0280374177E-005
#    -14    15       4.0657749229E-005
#    -14    16       2.1292083037E-005
#    -14    17       3.5411011127E-005
#    -14    18       1.8256807987E-005
#    -14    19       8.9693336297E-006
#    -14    20       1.5734304639E-005
#    -14    21       2.0124809115E-004
#    -14    22       7.7994281273E-005
#    -13   -26       2.4314568929E-005
#    -13   -25       8.9427405529E-005
#    -13   -24       9.7246051695E-005
#    -13   -23       1.2361902471E-004
#    -13   -22       7.0692245950E-005
#    -13   -21       7.7999909616E-005
#    -13   -20       6.5196009079E-005
#    -13   -19       2.9754529400E-005
#    -13   -18       1.2348367614E-005
#    -13   -17       8.1340528258E-006
#    -13   -16       3.1761289953E-005
#    -13   -15       8.5056266649E-005
#    -13   -14       1.6073973403E-004
#    -13   -13       1.2244344585E-004
#    -13   -12       9.1033965328E-005
#    -13   -11       6.6421420546E-005
#    -13   -10       1.2119422741E-004
#    -13    -9       1.8322045857E-004
#    -13    -8       1.7677652381E-004
#    -13    -7       8.6984916098E-005
#    -13    -6       9.8616942626E-006
#    -13    -5       6.7602359750E-005
#    -13    -4       3.0042685803E-004
#    -13    -3       5.3585358860E-004
#    -13    -2       6.1330342122E-004
#    -13    -1       4.3675410247E-004
#    -13     0       2.0028481608E-004
#    -13     1       4.9029309978E-005
#    -13     2       2.7592296936E-006
#    -13     3       5.3643279686E-006
#    -13     4       3.0286415009E-005
#    -13     5       1.4546349688E-004
#    -13     6       2.6492681217E-004
#    -13     7       2.8057349202E-004
#    -13     8       3.8927629396E-004
#    -13     9       3.4951353907E-004
#    -13    10       3.1109370481E-004
#    -13    11       2.4077138262E-004
#    -13    12       1.5051668430E-004
#    -13    13       2.3990376627E-005
#    -13    14       9.5876495071E-005
#    -13    15       1.5031918537E-004
#    -13    16       2.5225663622E-004
#    -13    17       9.4480588852E-005
#    -13    18       1.3797277740E-004
#    -13    19       3.2682768946E-005
#    -13    20       2.1658290918E-004
#    -13    21       2.1712818197E-004
#    -12   -26       5.6181467818E-005
#    -12   -25       7.9605431314E-005
#    -12   -24       9.5061890746E-005
#    -12   -23       1.1424682272E-004
#    -12   -22       1.3780298532E-004
#    -12   -21       8.7006625034E-005
#    -12   -20       6.4703799674E-005
#    -12   -19       2.3842801126E-005
#    -12   -18       4.7706668930E-006
#    -12   -17       8.8228453855E-006
#    -12   -16       3.7938944458E-005
#    -12   -15       5.7173761440E-005
#    -12   -14       4.7397128759E-005
#    -12   -13       7.0415295293E-005
#    -12   -12       1.4329409195E-004
#    -12   -11       2.2482325187E-004
#    -12   -10       3.2816404264E-004
#    -12    -9       2.2566151387E-004
#    -12    -8       8.8330972311E-005
#    -12    -7       2.7357101328E-005
#    -12    -6       1.3164856522E-004
#    -12    -5       2.9842201401E-004
#    -12    -4       4.1172640856E-004
#    -12    -3       3.5323029528E-004
#    -12    -2       2.4369114221E-004
#    -12    -1       5.7072245718E-005
#    -12     0       1.0898433069E-006
#    -12     1       4.9627002315E-005
#    -12     2       1.4250443929E-004
#    -12     3       2.2362745183E-004
#    -12     4       4.3563449945E-004
#    -12     5       6.2397960889E-004
#    -12     6       7.7045245461E-004
#    -12     7       6.9188279968E-004
#    -12     8       6.6275269592E-004
#    -12     9       4.6317484427E-004
#    -12    10       4.5125442286E-004
#    -12    11       2.4882893644E-004
#    -12    12       1.3576546727E-004
#    -12    13       2.1149396924E-005
#    -12    14       7.5954637888E-005
#    -12    15       1.0866511764E-004
#    -12    16       1.8051553952E-004
#    -12    17       1.0584750769E-004
#    -12    18       1.1717439666E-005
#    -12    19       1.1111154421E-004
#    -12    20       1.5415028732E-004
#    -12    21       6.0061980744E-004
#    -11   -26       1.0361082480E-005
#    -11   -25       1.7196155296E-005
#    -11   -24       2.4836621695E-005
#    -11   -23       2.5273180080E-005
#    -11   -22       2.2780323578E-005
#    -11   -21       6.5760406465E-006
#    -11   -20       5.5489595934E-006
#    -11   -19       1.8058931183E-006
#    -11   -18       5.4550920223E-006
#    -11   -17       1.2591612386E-005
#    -11   -16       1.9856555251E-005
#    -11   -15       2.6858444878E-005
#    -11   -14       2.4187951586E-005
#    -11   -13       2.3143418884E-005
#    -11   -12       2.1320279490E-005
#    -11   -11       2.5241882231E-005
#    -11   -10       3.0356878742E-005
#    -11    -9       1.7046719587E-005
#    -11    -8       1.1234256478E-005
#    -11    -7       2.1337951478E-005
#    -11    -6       4.7110153784E-005
#    -11    -5       7.3857505013E-005
#    -11    -4       5.7428592053E-005
#    -11    -3       2.7776583494E-005
#    -11    -2       3.0635542190E-006
#    -11    -1       9.6758453835E-006
#    -11     0       4.6757516307E-005
#    -11     1       6.8067191295E-005
#    -11     2       7.8851469273E-005
#    -11     3       9.1581692408E-005
#    -11     4       1.2186791978E-004
#    -11     5       1.2874593943E-004
#    -11     6       1.1419012738E-004
#    -11     7       1.2905273255E-004
#    -11     8       1.0871099130E-004
#    -11     9       7.0439394140E-005
#    -11    10       7.0967182026E-005
#    -11    11       2.8221504448E-005
#    -11    12       3.4312154570E-006
#    -11    13       3.6003290146E-005
#    -11    14       7.9157846364E-005
#    -11    15       4.1894054493E-005
#    -11    16       3.3276240109E-005
#    -11    17       1.6406129407E-005
#    -11    18       3.7115832936E-005
#    -11    19       1.9489629329E-004
#    -11    20       3.8362306695E-005
#    -10   -27       1.0554502789E-004
#    -10   -26       5.4391447148E-005
#    -10   -25       1.7350008954E-004
#    -10   -24       3.0083368986E-004
#    -10   -23       2.0254394644E-004
#    -10   -22       1.0580597720E-004
#    -10   -21       1.2841397771E-004
#    -10   -20       1.7969937696E-005
#    -10   -19       6.5415461368E-006
#    -10   -18       5.3056545861E-005
#    -10   -17       2.7486132041E-005
#    -10   -16       6.0429070354E-005
#    -10   -15       2.7052895600E-003
#    -10   -14       1.2588161689E-004
#    -10   -13       3.3502859416E-004
#    -10   -12       4.5571150626E-004
#    -10   -11       5.2294735213E-004
#    -10   -10       9.5315991127E-003
#    -10    -9       2.3307366987E-004
#    -10    -8       2.9032145239E-004
#    -10    -7       4.7621362925E-004
#    -10    -6       6.5804162986E-004
#    -10    -5       2.5233388329E-002
#    -10    -4       1.9346936376E-004
#    -10    -3       1.4103157449E-007
#    -10    -2       1.9911041699E-004
#    -10    -1       6.2329081570E-004
#    -10     0       3.9641829426E-002
#    -10     1       1.5592882560E-003
#    -10     2       1.3508550096E-003
#    -10     3       1.0869277854E-003
#    -10     4       1.1294288944E-003
#    -10     5       1.8202995794E-002
#    -10     6       1.3850275230E-003
#    -10     7       8.5117644123E-004
#    -10     8       7.7836405176E-004
#    -10     9       5.9441263513E-004
#    -10    10       1.6398845585E-002
#    -10    11       4.5957379130E-005
#    -10    12       1.8406027583E-004
#    -10    13       2.9678230294E-004
#    -10    14       7.2159482396E-004
#    -10    15       2.2932720119E-002
#    -10    16       3.3098253512E-004
#    -10    17       5.4921571394E-004
#    -10    18       3.6236963808E-004
#    -10    19       7.5742980644E-004
#     -9   -27       5.6217686911E-006
#     -9   -26       2.2376168183E-005
#     -9   -25       6.1988902697E-006
#     -9   -24       3.6028990851E-006
#     -9   -23       2.1569559964E-005
#     -9   -22       1.2882709794E-005
#     -9   -21       1.2500245031E-005
#     -9   -20       3.4105299037E-006
#     -9   -19       4.3593248101E-006
#     -9   -18       5.0352134602E-006
#     -9   -17       4.2599280385E-007
#     -9   -16       4.9747729547E-007
#     -9   -15       2.6724661766E-006
#     -9   -14       1.4172066922E-005
#     -9   -13       4.1503039648E-005
#     -9   -12       7.0939196363E-005
#     -9   -11       4.3469309588E-005
#     -9   -10       2.3959261637E-005
#     -9    -9       1.8983458480E-005
#     -9    -8       4.1681030878E-005
#     -9    -7       8.5446038896E-005
#     -9    -6       4.9276527472E-005
#     -9    -5       2.9415016610E-005
#     -9    -4       3.0134209811E-006
#     -9    -3       1.4872100665E-005
#     -9    -2       4.5995612198E-005
#     -9    -1       1.4236709948E-004
#     -9     0       1.2341180896E-004
#     -9     1       1.3207893445E-004
#     -9     2       1.2704428002E-004
#     -9     3       5.7254123802E-005
#     -9     4       7.7183739377E-005
#     -9     5       5.3059488313E-005
#     -9     6       2.9082865392E-005
#     -9     7       6.8413861848E-005
#     -9     8       6.0493121071E-005
#     -9     9       3.4838325699E-005
#     -9    10       1.9823928916E-005
#     -9    11       6.5144916843E-005
#     -9    12       1.9778219716E-005
#     -9    13       3.5520320625E-005
#     -9    14       2.9778233112E-005
#     -9    15       1.2160981651E-004
#     -9    16       2.9618813587E-005
#     -9    17       9.9987434163E-005
#     -9    18       4.2346879667E-005
#     -9    19       2.1822137643E-005
#     -8   -27       7.5160106672E-005
#     -8   -26       8.8380193016E-005
#     -8   -25       5.5558912982E-005
#     -8   -24       1.4480293471E-004
#     -8   -23       8.0549311258E-005
#     -8   -22       1.0186953590E-004
#     -8   -21       8.3713125474E-005
#     -8   -20       4.4051436111E-005
#     -8   -19       8.7328884084E-006
#     -8   -18       2.7372909372E-005
#     -8   -17       3.6256754663E-005
#     -8   -16       9.8534522833E-005
#     -8   -15       1.5330769898E-004
#     -8   -14       1.9895760190E-004
#     -8   -13       2.5849169893E-004
#     -8   -12       2.1514686171E-004
#     -8   -11       1.2621120724E-004
#     -8   -10       8.2910608157E-005
#     -8    -9       1.1713216391E-004
#     -8    -8       1.5496680226E-004
#     -8    -7       1.0932441909E-004
#     -8    -6       4.9421972834E-005
#     -8    -5       1.4789447022E-004
#     -8    -4       4.6457501955E-004
#     -8    -3       8.1308664225E-004
#     -8    -2       9.6833741982E-004
#     -8    -1       8.0100438045E-004
#     -8     0       5.3648763278E-004
#     -8     1       2.4303697359E-004
#     -8     2       9.2936583004E-005
#     -8     3       4.5733742463E-005
#     -8     4       2.8944220335E-005
#     -8     5       4.4909071222E-005
#     -8     6       9.1601348933E-005
#     -8     7       1.5125618322E-004
#     -8     8       7.6625326180E-005
#     -8     9       5.8956104319E-005
#     -8    10       1.2691412331E-004
#     -8    11       1.9561041728E-004
#     -8    12       4.3569501190E-004
#     -8    13       5.4165186435E-005
#     -8    14       7.9716992763E-005
#     -8    15       2.2855845095E-004
#     -8    16       6.9292241104E-004
#     -8    17       8.0549229905E-004
#     -8    18       4.2158630056E-004
#     -7   -27       1.0004658950E-005
#     -7   -26       6.6344874580E-005
#     -7   -25       5.4686642460E-005
#     -7   -24       1.7883319673E-004
#     -7   -23       2.5348782731E-004
#     -7   -22       5.5491959881E-005
#     -7   -21       4.5138866251E-005
#     -7   -20       2.7645827354E-005
#     -7   -19       9.6300420013E-005
#     -7   -18       3.1501051624E-005
#     -7   -17       1.2460459716E-005
#     -7   -16       4.1624144809E-005
#     -7   -15       8.4362172137E-005
#     -7   -14       2.0693960292E-004
#     -7   -13       1.5772071453E-004
#     -7   -12       1.0146582279E-004
#     -7   -11       2.2895028145E-005
#     -7   -10       1.0485499115E-005
#     -7    -9       1.9963117260E-005
#     -7    -8       1.6103037454E-005
#     -7    -7       4.2529984929E-005
#     -7    -6       2.9258520351E-004
#     -7    -5       6.6065917369E-004
#     -7    -4       9.7190961727E-004
#     -7    -3       8.0059210548E-004
#     -7    -2       6.1848213121E-004
#     -7    -1       2.7897502499E-004
#     -7     0       1.3431080143E-004
#     -7     1       4.5105042572E-005
#     -7     2       5.8429333626E-005
#     -7     3       2.4229088890E-005
#     -7     4       1.9095498366E-004
#     -7     5       2.2442803124E-004
#     -7     6       2.6490246013E-004
#     -7     7       1.9277259687E-004
#     -7     8       2.3398913039E-005
#     -7     9       3.0849175396E-005
#     -7    10       3.3913091327E-004
#     -7    11       6.6906962377E-004
#     -7    12       5.1088050984E-004
#     -7    13       1.3222429176E-004
#     -7    14       1.2849168677E-004
#     -7    15       4.4931064219E-004
#     -7    16       8.1948224686E-004
#     -7    17       1.7560634089E-004
#     -6   -27       2.3357055455E-006
#     -6   -26       1.6799342195E-005
#     -6   -25       1.3432973989E-005
#     -6   -24       3.6459010605E-005
#     -6   -23       3.2344226834E-005
#     -6   -22       1.0499919157E-005
#     -6   -21       9.8983052686E-006
#     -6   -20       5.2315102473E-006
#     -6   -19       1.6967037741E-005
#     -6   -18       1.9931099766E-005
#     -6   -17       1.8688344422E-005
#     -6   -16       3.8197016567E-005
#     -6   -15       5.4820990522E-005
#     -6   -14       6.2718743957E-005
#     -6   -13       2.9665741614E-005
#     -6   -12       7.9876146985E-006
#     -6   -11       2.3642671160E-006
#     -6   -10       3.5982458577E-006
#     -6    -9       1.2587545582E-006
#     -6    -8       5.7769590134E-006
#     -6    -7       2.1996373087E-005
#     -6    -6       8.9858174096E-005
#     -6    -5       1.3902537518E-004
#     -6    -4       1.1655439541E-004
#     -6    -3       6.0557475512E-005
#     -6    -2       2.6778565269E-005
#     -6    -1       1.9526926324E-006
#     -6     0       3.5038112336E-006
#     -6     1       1.7049614873E-005
#     -6     2       2.9539990667E-005
#     -6     3       3.4212628791E-005
#     -6     4       8.0987918605E-005
#     -6     5       9.2442914268E-005
#     -6     6       3.1681045951E-005
#     -6     7       4.0108382793E-006
#     -6     8       2.7530014877E-005
#     -6     9       5.8019004853E-005
#     -6    10       2.3661558110E-004
#     -6    11       2.9308143861E-004
#     -6    12       1.7010723767E-004
#     -6    13       4.0496144844E-005
#     -6    14       3.2957307891E-005
#     -6    15       3.8517692829E-005
#     -6    16       1.7077700293E-004
#     -5   -27       1.7817692448E-004
#     -5   -26       9.5993459477E-005
#     -5   -25       1.1947494030E-004
#     -5   -24       2.7662506411E-004
#     -5   -23       1.8341042857E-004
#     -5   -22       1.8566807785E-004
#     -5   -21       7.5449659284E-005
#     -5   -20       1.0494293637E-003
#     -5   -19       9.2152912996E-005
#     -5   -18       9.8086687214E-005
#     -5   -17       1.5314619501E-004
#     -5   -16       1.4252857100E-004
#     -5   -15       2.2771507758E-003
#     -5   -14       1.5329531925E-004
#     -5   -13       7.2900972218E-005
#     -5   -12       3.8122815766E-005
#     -5   -11       9.0670093282E-005
#     -5   -10       1.3158545036E-002
#     -5    -9       2.2895307896E-004
#     -5    -8       5.0846735615E-004
#     -5    -7       9.1500514538E-004
#     -5    -6       1.1689685588E-003
#     -5    -5       1.7766448871E-002
#     -5    -4       7.6300858599E-004
#     -5    -3       2.2983529711E-004
#     -5    -2       9.4198260653E-006
#     -5    -1       1.0921315389E-004
#     -5     0       8.6703817042E-003
#     -5     1       4.0650122218E-004
#     -5     2       6.6020230506E-004
#     -5     3       6.0557703115E-004
#     -5     4       6.6371531345E-004
#     -5     5       2.2988930019E-003
#     -5     6       5.7946576683E-004
#     -5     7       9.1787730076E-005
#     -5     8       9.7163632503E-004
#     -5     9       1.7337067359E-003
#     -5    10       6.1635072205E-002
#     -5    11       9.9599336527E-004
#     -5    12       1.2305496477E-003
#     -5    13       2.9448142946E-004
#     -5    14       6.8782615999E-004
#     -5    15       2.2466534647E-002
#     -4   -28       2.5540064193E-005
#     -4   -27       3.0168615556E-006
#     -4   -26       1.7924282489E-005
#     -4   -25       8.9188915701E-006
#     -4   -24       2.2474252075E-005
#     -4   -23       4.7639919719E-005
#     -4   -22       2.8961996086E-005
#     -4   -21       3.2410308639E-005
#     -4   -20       1.1705692509E-005
#     -4   -19       1.9642956948E-005
#     -4   -18       4.5212672062E-005
#     -4   -17       2.6647469285E-005
#     -4   -16       1.8773785200E-005
#     -4   -15       1.6168752805E-005
#     -4   -14       1.5702439291E-005
#     -4   -13       2.9232783833E-007
#     -4   -12       4.8035303445E-005
#     -4   -11       4.3227376723E-005
#     -4   -10       6.5030300170E-005
#     -4    -9       5.5194838188E-005
#     -4    -8       9.2055538534E-005
#     -4    -7       1.0573778141E-004
#     -4    -6       1.2735088181E-004
#     -4    -5       8.3264178680E-005
#     -4    -4       3.3150988422E-005
#     -4    -3       8.3011452527E-006
#     -4    -2       2.6531805987E-005
#     -4    -1       4.0496263641E-005
#     -4     0       2.6235228538E-005
#     -4     1       3.9096831335E-005
#     -4     2       4.4748544149E-005
#     -4     3       2.1163421731E-005
#     -4     4       1.4851741947E-005
#     -4     5       1.0012826381E-005
#     -4     6       2.9153234273E-006
#     -4     7       7.2979404074E-005
#     -4     8       1.5704631391E-004
#     -4     9       2.3580547488E-004
#     -4    10       2.4747098046E-004
#     -4    11       3.9372611007E-004
#     -4    12       2.9924150487E-005
#     -4    13       8.5308575614E-006
#     -4    14       4.5927639599E-005
#     -3   -28       1.1188091111E-004
#     -3   -27       8.6682221664E-005
#     -3   -26       1.1438987307E-004
#     -3   -25       1.8925493305E-004
#     -3   -24       2.0771809089E-004
#     -3   -23       8.6094476629E-005
#     -3   -22       8.3505379140E-005
#     -3   -21       1.7780581513E-004
#     -3   -20       1.5834449042E-004
#     -3   -19       8.1059454237E-005
#     -3   -18       6.6303458419E-005
#     -3   -17       8.2781395247E-005
#     -3   -16       9.2703856530E-005
#     -3   -15       6.9652830133E-005
#     -3   -14       3.0634322472E-005
#     -3   -13       1.2510945344E-005
#     -3   -12       7.4427897745E-005
#     -3   -11       2.2640144586E-004
#     -3   -10       3.7632485742E-004
#     -3    -9       4.2193861724E-004
#     -3    -8       4.3631880403E-004
#     -3    -7       4.1135515360E-004
#     -3    -6       1.3041991040E-004
#     -3    -5       4.4090113507E-005
#     -3    -4       8.3543615086E-005
#     -3    -3       2.0359494202E-004
#     -3    -2       2.2929588895E-004
#     -3    -1       5.2716415903E-005
#     -3     0       1.7050505970E-005
#     -3     1       2.5294331171E-005
#     -3     2       4.9767524574E-006
#     -3     3       1.8217401479E-005
#     -3     4       4.4763566803E-005
#     -3     5       1.3493621971E-004
#     -3     6       1.8898266920E-004
#     -3     7       2.2352781269E-004
#     -3     8       2.5601138101E-004
#     -3     9       4.2727626837E-004
#     -3    10       6.9332967580E-004
#     -3    11       5.2059735190E-004
#     -3    12       3.8364348699E-005
#     -3    13       5.9368350517E-005
#     -2   -28       1.0383494305E-005
#     -2   -27       1.3476648989E-004
#     -2   -26       1.3965077463E-004
#     -2   -25       2.3749887115E-004
#     -2   -24       7.5849216715E-005
#     -2   -23       9.0984841311E-005
#     -2   -22       1.4741267353E-004
#     -2   -21       1.3858161230E-004
#     -2   -20       2.3201614594E-004
#     -2   -19       8.8309050972E-005
#     -2   -18       1.0023642089E-004
#     -2   -17       2.3950983208E-004
#     -2   -16       2.1593126985E-004
#     -2   -15       8.1696470326E-005
#     -2   -14       2.0898131719E-005
#     -2   -13       1.6148389374E-005
#     -2   -12       1.0500073295E-004
#     -2   -11       2.1306196995E-004
#     -2   -10       4.2011162653E-004
#     -2    -9       3.2720853536E-004
#     -2    -8       3.2998586777E-004
#     -2    -7       2.1831589463E-004
#     -2    -6       9.1330907131E-005
#     -2    -5       2.0068243039E-004
#     -2    -4       3.5540953145E-004
#     -2    -3       1.7455454675E-004
#     -2    -2       1.7699261926E-005
#     -2    -1       3.7528608197E-005
#     -2     0       7.2170920285E-005
#     -2     1       2.3573514327E-004
#     -2     2       3.5570535401E-004
#     -2     3       9.0454753834E-005
#     -2     4       8.7908328362E-005
#     -2     5       1.0186638205E-006
#     -2     6       1.1260492036E-006
#     -2     7       7.8041334080E-006
#     -2     8       1.4077166232E-004
#     -2     9       3.3597796562E-004
#     -2    10       3.8097681016E-004
#     -2    11       2.5741019480E-004
#     -2    12       2.1227422971E-004
#     -1   -27       1.4890139536E-005
#     -1   -26       1.3555104452E-005
#     -1   -25       2.8789862332E-005
#     -1   -24       1.0282063080E-005
#     -1   -23       1.4743924981E-005
#     -1   -22       2.2388526207E-005
#     -1   -21       5.3093461168E-006
#     -1   -20       2.7569084903E-007
#     -1   -19       6.2030967064E-006
#     -1   -18       1.0975181065E-006
#     -1   -17       1.8698127157E-006
#     -1   -16       1.7573074710E-006
#     -1   -15       6.9825031472E-007
#     -1   -14       1.4709989923E-005
#     -1   -13       1.3227200489E-005
#     -1   -12       5.9502400743E-005
#     -1   -11       5.8510616260E-005
#     -1   -10       6.9838126887E-005
#     -1    -9       4.2772126209E-005
#     -1    -8       2.8380132755E-005
#     -1    -7       5.1373751854E-006
#     -1    -6       4.3028284259E-005
#     -1    -5       9.0977132725E-005
#     -1    -4       5.9682583348E-005
#     -1    -3       2.0528705364E-005
#     -1    -2       2.3322767990E-006
#     -1    -1       6.6922361526E-005
#     -1     0       1.2019936796E-004
#     -1     1       1.7811280719E-004
#     -1     2       8.1213193921E-005
#     -1     3       4.0270787893E-006
#     -1     4       8.7943871173E-006
#     -1     5       6.0665774995E-005
#     -1     6       5.1127741153E-005
#     -1     7       3.7898043406E-005
#     -1     8       5.9351269998E-005
#     -1     9       1.3288880260E-005
#     -1    10       3.1509726828E-005
#     -1    11       4.5212042939E-005
#      0   -27       1.6940072592E-004
#      0   -26       3.9996798988E-004
#      0   -25       2.3978830149E-004
#      0   -24       3.8264643825E-004
#      0   -23       2.0952244675E-004
#      0   -22       3.9843023090E-004
#      0   -21       1.9572271567E-004
#      0   -20       2.4963234101E-003
#      0   -19       3.9373368247E-005
#      0   -18       2.0080220603E-005
#      0   -17       2.7647379943E-007
#      0   -16       1.0117326037E-005
#      0   -15       1.5746344220E-002
#      0   -14       3.1830146859E-005
#      0   -13       4.2037199460E-005
#      0   -12       1.7814338481E-004
#      0   -11       3.1289330924E-004
#      0   -10       1.7347484500E-002
#      0    -9       2.0042845120E-004
#      0    -8       1.0999455202E-004
#      0    -7       3.9308965654E-004
#      0    -6       4.3115686895E-004
#      0    -5       2.2111099698E-003
#      0    -4       2.5686395576E-004
#      0    -3       3.7431369854E-005
#      0    -2       5.7524933756E-004
#      0    -1       1.4725935503E-003
#      0     0       4.9984733161E-002
#      0     1       1.3887031466E-003
#      0     2       8.0869506531E-004
#      0     3       4.5363842204E-005
#      0     4       2.3339760398E-004
#      0     5       1.1313593427E-002
#      0     6       1.6328260213E-003
#      0     7       5.7636283534E-004
#      0     8       4.4005337676E-004
#      0     9       3.8438553047E-004
#      0    10       1.4941998066E-002
#      1   -27       3.3200696256E-005
#      1   -26       4.2317905891E-005
#      1   -25       3.0349445145E-005
#      1   -24       1.9412750434E-005
#      1   -23       2.5386108956E-005
#      1   -22       7.3187618054E-005
#      1   -21       4.2966086626E-005
#      1   -20       5.0304526386E-006
#      1   -19       7.2346084878E-006
#      1   -18       1.6834331249E-005
#      1   -17       5.3495280822E-005
#      1   -16       1.6220981274E-005
#      1   -15       4.8595474896E-006
#      1   -14       8.8543995054E-006
#      1   -13       4.6605966816E-006
#      1   -12       6.1240668809E-005
#      1   -11       1.0236198313E-005
#      1   -10       7.0285137139E-006
#      1    -9       4.6624926744E-006
#      1    -8       4.0999357317E-005
#      1    -7       5.0052701455E-006
#      1    -6       8.8011357632E-005
#      1    -5       2.3618134036E-005
#      1    -4       2.4747350939E-006
#      1    -3       4.0860685964E-006
#      1    -2       1.2735650537E-004
#      1    -1       8.6663415493E-005
#      1     0       1.0978299676E-004
#      1     1       7.5559854251E-005
#      1     2       2.0428620541E-005
#      1     3       6.9714110007E-006
#      1     4       4.3674276938E-005
#      1     5       1.9274199095E-004
#      1     6       7.1476889836E-005
#      1     7       2.7768359034E-005
#      1     8       3.8945545731E-005
#      1     9       4.1394571155E-005
#      2   -27       6.2055822373E-005
#      2   -26       4.3396931752E-005
#      2   -25       5.6400284816E-005
#      2   -24       2.0459415474E-004
#      2   -23       2.0749304207E-004
#      2   -22       1.3074745567E-004
#      2   -21       1.9731620391E-005
#      2   -20       1.6883541949E-005
#      2   -19       5.0663710101E-005
#      2   -18       1.1328240410E-004
#      2   -17       1.1362915188E-004
#      2   -16       5.7398769320E-005
#      2   -15       7.1026876750E-005
#      2   -14       1.3200709327E-004
#      2   -13       1.9066245181E-004
#      2   -12       1.1112713483E-004
#      2   -11       2.6641938033E-004
#      2   -10       1.8494037392E-004
#      2    -9       5.6549661048E-005
#      2    -8       8.1619161868E-005
#      2    -7       1.3632880555E-004
#      2    -6       1.3621410137E-004
#      2    -5       1.9765490085E-004
#      2    -4       2.5740153724E-005
#      2    -3       7.6195490680E-005
#      2    -2       4.7868381419E-004
#      2    -1       6.1934966760E-004
#      2     0       2.4523142876E-004
#      2     1       3.8976296883E-004
#      2     2       9.2712689943E-005
#      2     3       7.2890795648E-005
#      2     4       6.5122165537E-004
#      2     5       1.0182234418E-003
#      2     6       3.8382384542E-004
#      2     7       2.8210984659E-004
#      2     8       4.6140910515E-004
#      3   -26       1.3954460413E-004
#      3   -25       8.6026120447E-006
#      3   -24       3.1269358200E-004
#      3   -23       1.7842033846E-004
#      3   -22       2.2028901952E-004
#      3   -21       2.3463700871E-004
#      3   -20       2.9827893316E-004
#      3   -19       7.3853054346E-005
#      3   -18       3.2598183736E-004
#      3   -17       3.3213881386E-004
#      3   -16       3.2445288688E-004
#      3   -15       1.9881791495E-004
#      3   -14       4.8795051612E-004
#      3   -13       3.6378431632E-004
#      3   -12       1.1966561351E-004
#      3   -11       2.0675385991E-004
#      3   -10       3.8577306831E-004
#      3    -9       3.7453255316E-004
#      3    -8       8.0055272086E-004
#      3    -7       5.5054034327E-004
#      3    -6       2.9167558451E-004
#      3    -5       2.3821284399E-005
#      3    -4       1.3095453503E-005
#      3    -3       3.2079370146E-006
#      3    -2       9.2770487628E-005
#      3    -1       2.9360718952E-004
#      3     0       5.7824195290E-004
#      3     1       8.4318932327E-004
#      3     2       1.0360567025E-003
#      3     3       2.1048687289E-004
#      3     4       5.2283276734E-004
#      3     5       7.3902071004E-005
#      3     6       2.4108246418E-004
#      4   -26       4.6279403623E-006
#      4   -25       2.1460744184E-005
#      4   -24       4.9241771944E-005
#      4   -23       6.1532442614E-005
#      4   -22       2.9834809898E-005
#      4   -21       1.0721001502E-005
#      4   -20       9.1634493850E-006
#      4   -19       1.2578903544E-005
#      4   -18       7.0597584893E-006
#      4   -17       4.4334835277E-006
#      4   -16       8.8401291980E-006
#      4   -15       7.3670047612E-006
#      4   -14       4.2323372133E-005
#      4   -13       3.1440758020E-006
#      4   -12       8.0456748304E-005
#      4   -11       1.0224296573E-004
#      4   -10       1.5558292473E-004
#      4    -9       1.4526784608E-004
#      4    -8       1.0901591489E-004
#      4    -7       2.8121763340E-005
#      4    -6       5.2634461870E-006
#      4    -5       3.0241202730E-005
#      4    -4       4.1612968542E-005
#      4    -3       2.9329414497E-005
#      4    -2       1.2336674379E-005
#      4    -1       1.0873084233E-004
#      4     0       1.8108037924E-004
#      4     1       2.0127345076E-004
#      4     2       1.2481227503E-004
#      4     3       4.1294254356E-006
#      4     4       5.0190529383E-005
#      4     5       5.7874734984E-006
#      5   -25       1.0229772830E-003
#      5   -24       9.6440279669E-005
#      5   -23       8.5347704138E-005
#      5   -22       9.4555673798E-007
#      5   -21       2.7980864301E-004
#      5   -20       1.3339111592E-003
#      5   -19       1.6150105852E-004
#      5   -18       6.2061769713E-005
#      5   -17       1.5137798801E-004
#      5   -16       2.3543243732E-004
#      5   -15       2.2523671957E-002
#      5   -14       1.7878596531E-004
#      5   -13       1.1705527541E-005
#      5   -12       5.6748914601E-004
#      5   -11       2.2766528568E-003
#      5   -10       6.3497116507E-002
#      5    -9       1.8349937625E-003
#      5    -8       4.7698439658E-004
#      5    -7       1.1779880061E-005
#      5    -6       3.4565237606E-004
#      5    -5       1.1201265909E-002
#      5    -4       3.5243626524E-004
#      5    -3       1.1578634915E-004
#      5    -2       1.4785774432E-003
#      5    -1       2.2648379039E-003
#      5     0       7.6360932290E-002
#      5     1       1.7425456587E-003
#      5     2       9.9591947672E-004
#      5     3       4.0493428708E-006
#      6   -25       1.8750390236E-005
#      6   -24       1.9922538725E-005
#      6   -23       7.6089947850E-005
#      6   -22       1.2413728006E-004
#      6   -21       1.3433264814E-004
#      6   -20       1.4922973357E-004
#      6   -19       4.8748006555E-005
#      6   -18       1.6795892297E-005
#      6   -17       1.6292259369E-004
#      6   -16       3.6738839069E-005
#      6   -15       3.1211612027E-005
#      6   -14       6.2532492226E-006
#      6   -13       9.7521958712E-006
#      6   -12       3.6375821249E-004
#      6   -11       1.3921397299E-004
#      6   -10       2.1677209550E-004
#      6    -9       7.4634548995E-005
#      6    -8       7.1959849765E-005
#      6    -7       3.5028270254E-005
#      6    -6       7.9315384180E-005
#      6    -5       1.7473828670E-004
#      6    -4       6.2954158960E-005
#      6    -3       1.2379653971E-005
#      6    -2       1.6920211670E-004
#      6    -1       9.1839509608E-005
#      6     0       2.4386788660E-005
#      6     1       1.2892501595E-004
#      6     2       6.5682177731E-005
#      7   -24       6.9768931134E-005
#      7   -23       1.8540409784E-004
#      7   -22       1.5060922961E-004
#      7   -21       5.6948592946E-004
#      7   -20       2.4453316886E-004
#      7   -19       1.7881230293E-004
#      7   -18       2.7859022145E-004
#      7   -17       3.8001595078E-004
#      7   -16       1.8899424781E-004
#      7   -15       1.3767847761E-004
#      7   -14       1.5214187313E-004
#      7   -13       1.4648051253E-004
#      7   -12       4.0181194573E-004
#      7   -11       1.1721002572E-003
#      7   -10       5.2711453164E-004
#      7    -9       2.0180916751E-004
#      7    -8       7.0229266997E-005
#      7    -7       2.2602680104E-004
#      7    -6       3.6538001489E-004
#      7    -5       1.2596615129E-003
#      7    -4       6.2628017888E-004
#      7    -3       3.6548870421E-004
#      7    -2       6.7251273219E-004
#      7    -1       5.8426559924E-004
#      7     0       5.5843631473E-004
#      8   -23       2.6513634612E-004
#      8   -22       6.5691825285E-004
#      8   -21       2.5521730928E-004
#      8   -20       1.4765872823E-004
#      8   -19       6.5627506602E-004
#      8   -18       4.5948944325E-004
#      8   -17       6.9063646107E-004
#      8   -16       5.7665764054E-004
#      8   -15       2.6173730035E-004
#      8   -14       8.0516829498E-005
#      8   -13       1.6668343510E-004
#      8   -12       1.6469248619E-004
#      8   -11       5.4587398998E-004
#      8   -10       3.7260709587E-004
#      8    -9       9.3049117241E-005
#      8    -8       3.0547808892E-004
#      8    -7       8.1480762236E-005
#      8    -6       4.0963974632E-004
#      8    -5       7.4122869725E-005
#      8    -4       2.8036102997E-004
#      8    -3       6.3560411309E-005
#      8    -2       3.0438151083E-004
#      9   -21       1.4443650210E-004
#      9   -20       4.7013022572E-005
#      9   -19       4.5002914023E-005
#      9   -18       1.8423630521E-004
#      9   -17       3.1390679766E-004
#      9   -16       1.8118843850E-004
#      9   -15       1.4552901650E-004
#      9   -14       8.9424909087E-005
#      9   -13       1.1244194686E-005
#      9   -12       1.2640933551E-005
#      9   -11       4.7071357613E-007
#      9   -10       9.5199063144E-007
#      9    -9       2.0164816769E-007
#      9    -8       7.3211722471E-005
#      9    -7       1.7271638955E-004
#      9    -6       9.6134128033E-005
#      9    -5       1.1441638847E-004
#     10   -19       4.9465731461E-005
#     10   -18       5.3038893501E-004
#     10   -17       3.2403020636E-004
#     10   -16       1.3113909427E-003
#     10   -15       2.1018422343E-002
#     10   -14       1.2753117089E-004
#     10   -13       2.4882962465E-004
#     10   -12       3.6613407156E-004
#     10   -11       2.9528855203E-004
#     10   -10       1.4801010736E-002
#     10    -9       3.4245593424E-004
#     10    -8       6.4250452206E-004
