 Diffraction intensities for potential:_5x5_05D10002.in                        
#    -45    11       3.6213391435E-006
#    -45    12       4.4125853909E-006
#    -45    13       4.9733978636E-007
#    -45    14       2.4263091454E-006
#    -45    15       3.8633635492E-004
#    -45    16       1.5468707207E-005
#    -44     7       7.7019834735E-005
#    -44     8       7.7137777915E-006
#    -44     9       2.2424681613E-005
#    -44    10       1.9105666413E-005
#    -44    11       1.9246564059E-005
#    -44    12       2.7953629850E-004
#    -44    13       1.9325342214E-005
#    -44    14       3.7334573149E-005
#    -44    15       1.0827859582E-005
#    -44    16       1.6314470282E-005
#    -44    17       2.7334799676E-004
#    -44    18       5.0406771344E-005
#    -44    19       1.2132984465E-005
#    -44    20       1.1378605229E-005
#    -43     4       3.2111669107E-005
#    -43     5       1.5087397575E-005
#    -43     6       1.5487386704E-005
#    -43     7       4.9231209639E-005
#    -43     8       5.6109777391E-005
#    -43     9       9.6180036243E-005
#    -43    10       5.6795081072E-005
#    -43    11       7.4213776731E-005
#    -43    12       8.5575399816E-005
#    -43    13       9.4158703398E-005
#    -43    14       2.4414384196E-004
#    -43    15       7.8809312832E-005
#    -43    16       6.0220102627E-005
#    -43    17       9.9118712548E-005
#    -43    18       3.7075540606E-005
#    -43    19       3.6323085854E-004
#    -43    20       7.7422173816E-005
#    -43    21       4.2450531572E-005
#    -43    22       5.4020691300E-005
#    -42     2       8.0884292047E-006
#    -42     3       1.5023258076E-005
#    -42     4       2.9669369249E-005
#    -42     5       1.7422828095E-005
#    -42     6       2.8454788730E-005
#    -42     7       2.0205761117E-005
#    -42     8       3.7010035712E-005
#    -42     9       4.5365100329E-005
#    -42    10       5.3053223444E-005
#    -42    11       1.5879842652E-004
#    -42    12       1.1301250567E-004
#    -42    13       1.5456498930E-004
#    -42    14       1.2413766293E-004
#    -42    15       8.7778052533E-005
#    -42    16       2.2073395350E-004
#    -42    17       7.7817418390E-005
#    -42    18       6.9593388867E-005
#    -42    19       8.6541171299E-005
#    -42    20       7.7342219262E-005
#    -42    21       1.8770978164E-004
#    -42    22       5.6549322923E-005
#    -42    23       3.4101538581E-005
#    -41     0       9.3895659687E-006
#    -41     1       7.2759713446E-006
#    -41     2       9.8574815297E-006
#    -41     3       2.3593026021E-004
#    -41     4       8.9913415855E-006
#    -41     5       1.3913600122E-005
#    -41     6       1.6152582045E-005
#    -41     7       6.7827300676E-006
#    -41     8       3.4158570800E-004
#    -41     9       3.4152715064E-005
#    -41    10       3.5390429032E-005
#    -41    11       3.6743941032E-005
#    -41    12       4.7863365581E-005
#    -41    13       6.9706133687E-004
#    -41    14       3.9477971454E-005
#    -41    15       3.4601943429E-005
#    -41    16       5.2786004492E-005
#    -41    17       5.2707771499E-005
#    -41    18       6.3444996177E-004
#    -41    19       3.9347557119E-005
#    -41    20       4.6371022031E-005
#    -41    21       2.6796444085E-005
#    -41    22       1.9014089690E-005
#    -41    23       2.6872754938E-004
#    -41    24       4.8590889649E-005
#    -40    -2       2.2953347741E-006
#    -40    -1       1.6214846250E-006
#    -40     0       4.2450669070E-004
#    -40     1       2.7229448576E-006
#    -40     2       5.4258269341E-006
#    -40     3       1.5615635260E-006
#    -40     4       2.6518798544E-006
#    -40     5       3.6679379040E-004
#    -40     6       5.0553181178E-006
#    -40     7       4.0269763425E-006
#    -40     8       1.2469648181E-006
#    -40     9       1.4440349678E-006
#    -40    10       7.2364251183E-004
#    -40    11       1.8442794195E-006
#    -40    12       6.9383950691E-007
#    -40    13       4.9967307100E-006
#    -40    14       2.1497449596E-006
#    -40    15       1.1062075514E-003
#    -40    16       3.5499834252E-006
#    -40    17       1.5367506079E-006
#    -40    18       5.9189414801E-006
#    -40    19       9.4707569712E-008
#    -40    20       5.6262016489E-004
#    -40    21       7.7658097849E-006
#    -40    22       1.4799650348E-006
#    -40    23       7.5886649100E-006
#    -40    24       2.3061507005E-006
#    -40    25       4.7908453527E-004
#    -39    -4       4.1167482857E-006
#    -39    -3       1.2759451434E-004
#    -39    -2       4.4049798563E-006
#    -39    -1       1.9783742976E-005
#    -39     0       9.1138457239E-006
#    -39     1       1.4319601356E-005
#    -39     2       1.7014339083E-004
#    -39     3       2.2299541413E-005
#    -39     4       3.0256024958E-005
#    -39     5       2.9975147673E-005
#    -39     6       3.4466926081E-005
#    -39     7       3.5332555889E-004
#    -39     8       2.7352129647E-005
#    -39     9       5.2643376785E-005
#    -39    10       3.5667140536E-005
#    -39    11       4.9624817979E-005
#    -39    12       7.5326019611E-004
#    -39    13       8.0840091924E-005
#    -39    14       8.4647424671E-005
#    -39    15       4.3028516985E-005
#    -39    16       5.4312620851E-005
#    -39    17       8.4515208018E-004
#    -39    18       7.9184395334E-005
#    -39    19       3.0363707065E-005
#    -39    20       5.4574685806E-005
#    -39    21       6.9484115971E-005
#    -39    22       5.3965195037E-004
#    -39    23       3.9925168143E-005
#    -39    24       5.2593283778E-005
#    -39    25       8.1927113707E-005
#    -39    26       8.6020448174E-006
#    -38    -5       1.8501366766E-005
#    -38    -4       2.4939635964E-005
#    -38    -3       4.8677950445E-005
#    -38    -2       4.0338850322E-005
#    -38    -1       8.7627054054E-005
#    -38     0       3.1497874372E-005
#    -38     1       3.6550934599E-005
#    -38     2       5.0202778916E-005
#    -38     3       8.4199174050E-005
#    -38     4       2.3301618683E-004
#    -38     5       1.0295651366E-004
#    -38     6       8.3188233790E-005
#    -38     7       1.1103652099E-004
#    -38     8       6.9404622048E-005
#    -38     9       2.0729618091E-004
#    -38    10       1.0611468882E-004
#    -38    11       1.3463543766E-004
#    -38    12       1.3269839188E-004
#    -38    13       1.5606623849E-004
#    -38    14       5.9464363922E-004
#    -38    15       2.4306358835E-004
#    -38    16       1.9835322092E-004
#    -38    17       2.2275552612E-004
#    -38    18       1.9273141715E-004
#    -38    19       3.8073003202E-004
#    -38    20       9.0489049426E-005
#    -38    21       1.1095206326E-004
#    -38    22       1.6706389093E-004
#    -38    23       8.1638260970E-005
#    -38    24       4.8014965725E-004
#    -38    25       1.6404295668E-004
#    -38    26       5.7120894829E-005
#    -37    -7       2.7053658554E-005
#    -37    -6       9.7316626799E-006
#    -37    -5       2.4690193455E-005
#    -37    -4       6.6521771800E-005
#    -37    -3       2.2274473063E-005
#    -37    -2       2.1568975907E-005
#    -37    -1       2.5692651645E-005
#    -37     0       3.3099311464E-005
#    -37     1       1.2325023599E-004
#    -37     2       5.5550139016E-005
#    -37     3       8.2892048932E-005
#    -37     4       1.1122685753E-004
#    -37     5       6.2402587368E-005
#    -37     6       2.0060897406E-004
#    -37     7       8.3826869505E-005
#    -37     8       1.1985507997E-004
#    -37     9       8.6581566986E-005
#    -37    10       8.3303153315E-005
#    -37    11       2.7412731905E-004
#    -37    12       1.4665629098E-004
#    -37    13       1.7026681786E-004
#    -37    14       2.1308141927E-004
#    -37    15       1.5806797311E-004
#    -37    16       4.4647731354E-004
#    -37    17       1.7409766071E-004
#    -37    18       1.1810707187E-004
#    -37    19       1.4296857201E-004
#    -37    20       1.2793303985E-004
#    -37    21       3.2008964942E-004
#    -37    22       1.6934804202E-004
#    -37    23       1.5143250651E-004
#    -37    24       1.3868250593E-004
#    -37    25       1.3418850833E-004
#    -37    26       1.9339207519E-004
#    -37    27       3.6696341292E-005
#    -36    -8       1.0740078740E-005
#    -36    -7       2.0038458148E-004
#    -36    -6       7.2829760650E-006
#    -36    -5       9.0714563712E-006
#    -36    -4       9.8315949106E-006
#    -36    -3       1.2140741834E-005
#    -36    -2       2.8100933775E-004
#    -36    -1       1.4335587120E-005
#    -36     0       1.0672327954E-005
#    -36     1       7.4478950803E-006
#    -36     2       1.4188651359E-005
#    -36     3       5.9907668414E-004
#    -36     4       3.4509129786E-005
#    -36     5       4.3731617164E-005
#    -36     6       4.3050825872E-005
#    -36     7       1.0280055933E-005
#    -36     8       4.8605738072E-004
#    -36     9       2.3943410442E-005
#    -36    10       3.9784649799E-005
#    -36    11       4.7920503261E-005
#    -36    12       4.9385969777E-005
#    -36    13       5.6948837345E-004
#    -36    14       3.9674294204E-005
#    -36    15       5.7280347062E-005
#    -36    16       6.9057622697E-005
#    -36    17       5.1004665337E-005
#    -36    18       6.7280533771E-004
#    -36    19       6.6125244146E-005
#    -36    20       4.6169710878E-005
#    -36    21       7.3590458792E-005
#    -36    22       6.3453899561E-005
#    -36    23       8.9027045031E-004
#    -36    24       5.4814167832E-005
#    -36    25       3.4829523033E-005
#    -36    26       4.5277407356E-005
#    -36    27       3.1391503204E-005
#    -35    -9       3.2792557324E-006
#    -35    -8       1.4712121603E-006
#    -35    -7       7.6073759261E-007
#    -35    -6       1.8122371615E-006
#    -35    -5       3.4704841443E-004
#    -35    -4       9.5833365537E-006
#    -35    -3       2.1502987087E-007
#    -35    -2       4.1839018712E-006
#    -35    -1       9.0259481208E-007
#    -35     0       5.4406451706E-004
#    -35     1       2.5706216908E-006
#    -35     2       2.2541226480E-006
#    -35     3       1.8838422052E-006
#    -35     4       1.3596936601E-005
#    -35     5       3.6282380646E-004
#    -35     6       3.0803397899E-006
#    -35     7       4.4513898362E-006
#    -35     8       7.4142853962E-007
#    -35     9       1.1493222803E-005
#    -35    10       9.3876702941E-004
#    -35    11       8.2041733120E-007
#    -35    12       9.2272295719E-007
#    -35    13       3.8820088070E-007
#    -35    14       1.5553518698E-006
#    -35    15       1.0921497881E-003
#    -35    16       3.3295516074E-006
#    -35    17       1.4780455431E-006
#    -35    18       2.4402279901E-006
#    -35    19       2.1790280436E-006
#    -35    20       7.6665603761E-004
#    -35    21       5.1384333299E-006
#    -35    22       1.1130825962E-006
#    -35    23       5.1369079863E-006
#    -35    24       3.8483975765E-006
#    -35    25       1.1876735357E-003
#    -35    26       7.5174749365E-006
#    -35    27       1.3417093269E-005
#    -34   -11       4.4511532122E-008
#    -34   -10       2.1353364768E-005
#    -34    -9       1.8134604990E-005
#    -34    -8       2.0588814150E-004
#    -34    -7       1.3971972652E-005
#    -34    -6       1.7330598399E-005
#    -34    -5       2.6495462502E-005
#    -34    -4       2.2242584101E-005
#    -34    -3       4.2560661545E-004
#    -34    -2       1.0829248463E-005
#    -34    -1       3.5898690990E-005
#    -34     0       4.1259557388E-005
#    -34     1       3.3484997860E-005
#    -34     2       4.9616806185E-004
#    -34     3       6.2018241436E-005
#    -34     4       5.1172695264E-005
#    -34     5       4.3037522847E-005
#    -34     6       5.1382160634E-005
#    -34     7       3.1421216880E-004
#    -34     8       4.7346789882E-005
#    -34     9       2.9872334107E-005
#    -34    10       2.6064615506E-006
#    -34    11       1.0581104670E-005
#    -34    12       2.3741417662E-004
#    -34    13       3.3848562950E-005
#    -34    14       4.0106704071E-005
#    -34    15       5.6470167706E-005
#    -34    16       7.6839018937E-005
#    -34    17       5.4023160274E-004
#    -34    18       4.4801320498E-005
#    -34    19       1.3309760060E-005
#    -34    20       4.7780570380E-005
#    -34    21       1.0367725208E-005
#    -34    22       1.1558295089E-003
#    -34    23       1.0217172645E-004
#    -34    24       4.1961101002E-005
#    -34    25       5.5659647535E-005
#    -34    26       1.2888094729E-004
#    -34    27       1.4159594047E-004
#    -33   -12       3.3564595987E-005
#    -33   -11       6.3632922592E-005
#    -33   -10       5.1978274240E-005
#    -33    -9       5.3308339300E-005
#    -33    -8       7.8532692756E-005
#    -33    -7       8.9617945411E-005
#    -33    -6       1.5695318036E-004
#    -33    -5       7.9550512075E-005
#    -33    -4       8.6435439639E-005
#    -33    -3       1.2410219047E-004
#    -33    -2       7.4275683640E-005
#    -33    -1       2.7503678640E-004
#    -33     0       1.0392946765E-004
#    -33     1       9.9471193835E-005
#    -33     2       1.6141514942E-004
#    -33     3       1.1482607575E-004
#    -33     4       1.4675230918E-004
#    -33     5       8.1362811295E-005
#    -33     6       8.5615557786E-005
#    -33     7       7.5732044543E-005
#    -33     8       3.1131193992E-005
#    -33     9       6.7712380395E-005
#    -33    10       1.0430550830E-004
#    -33    11       7.9427577204E-005
#    -33    12       6.9464791632E-005
#    -33    13       3.7777053125E-005
#    -33    14       2.7054250544E-004
#    -33    15       9.9841134609E-005
#    -33    16       8.2583851918E-005
#    -33    17       9.4735354704E-005
#    -33    18       6.8877432509E-005
#    -33    19       1.2535472707E-004
#    -33    20       4.1059978803E-005
#    -33    21       8.8073721545E-005
#    -33    22       2.0082933314E-004
#    -33    23       2.6712492658E-004
#    -33    24       6.9373059677E-004
#    -33    25       1.3594863325E-004
#    -33    26       1.0958542680E-004
#    -33    27       9.9130710899E-005
#    -32   -13       3.7742868285E-005
#    -32   -12       5.1645708917E-005
#    -32   -11       5.9759750008E-005
#    -32   -10       7.3790807015E-005
#    -32    -9       1.5518276858E-004
#    -32    -8       8.4680719683E-005
#    -32    -7       8.1338465448E-005
#    -32    -6       8.1343836650E-005
#    -32    -5       8.1656707567E-005
#    -32    -4       2.1617899758E-004
#    -32    -3       8.5667233550E-005
#    -32    -2       1.1320011034E-004
#    -32    -1       1.3259205821E-004
#    -32     0       8.1461152346E-005
#    -32     1       4.1172959400E-004
#    -32     2       1.1053504450E-004
#    -32     3       7.3167344450E-005
#    -32     4       2.5130569222E-005
#    -32     5       2.5988322465E-005
#    -32     6       9.3997926602E-005
#    -32     7       4.0135561253E-005
#    -32     8       7.6409132681E-005
#    -32     9       5.1962592776E-005
#    -32    10       1.0816556139E-005
#    -32    11       5.6187162686E-005
#    -32    12       4.8357221315E-005
#    -32    13       4.8989868181E-005
#    -32    14       6.5295880795E-005
#    -32    15       4.7625297696E-005
#    -32    16       8.0298154000E-005
#    -32    17       4.7865176288E-005
#    -32    18       1.5539686938E-005
#    -32    19       6.5857397972E-005
#    -32    20       4.4128108541E-005
#    -32    21       3.5385583307E-004
#    -32    22       2.1717398629E-004
#    -32    23       2.8413647513E-004
#    -32    24       1.4404171834E-004
#    -32    25       2.2660179885E-004
#    -32    26       4.4067614531E-004
#    -32    27       9.5815727852E-005
#    -32    28       7.5668270542E-006
#    -31   -14       1.7299933221E-005
#    -31   -13       1.3559097435E-005
#    -31   -12       4.4850611567E-004
#    -31   -11       2.0520566061E-005
#    -31   -10       2.8356165805E-005
#    -31    -9       2.1500566359E-005
#    -31    -8       3.5296949643E-005
#    -31    -7       4.1755705709E-004
#    -31    -6       1.8380552509E-005
#    -31    -5       2.6959838324E-005
#    -31    -4       3.1134522528E-005
#    -31    -3       2.8931039059E-005
#    -31    -2       6.4752142556E-004
#    -31    -1       5.7685979621E-005
#    -31     0       5.6035245035E-005
#    -31     1       2.6816813610E-005
#    -31     2       1.1969033161E-005
#    -31     3       2.8142224064E-004
#    -31     4       1.3422998957E-005
#    -31     5       1.9633600367E-005
#    -31     6       1.2521180958E-005
#    -31     7       1.3533229710E-005
#    -31     8       1.4605814868E-004
#    -31     9       5.4875912442E-006
#    -31    10       1.8485652985E-005
#    -31    11       2.9674845685E-005
#    -31    12       9.9461523691E-006
#    -31    13       1.9724398520E-005
#    -31    14       5.7744226905E-006
#    -31    15       2.0701142281E-006
#    -31    16       1.3380425264E-005
#    -31    17       1.1445710425E-005
#    -31    18       3.6119024416E-006
#    -31    19       1.2642911019E-005
#    -31    20       2.4866769941E-005
#    -31    21       1.1516640422E-005
#    -31    22       9.4931883405E-005
#    -31    23       1.1559663728E-003
#    -31    24       1.4610672338E-004
#    -31    25       4.8233080685E-005
#    -31    26       8.7209982407E-005
#    -31    27       2.4996648758E-006
#    -31    28       4.3916824539E-004
#    -30   -15       3.4710381496E-004
#    -30   -14       8.0550371323E-006
#    -30   -13       2.0030943104E-006
#    -30   -12       1.3319305544E-007
#    -30   -11       1.8800053690E-006
#    -30   -10       7.1757497773E-004
#    -30    -9       7.3432342658E-006
#    -30    -8       5.5584763031E-007
#    -30    -7       1.2524440918E-007
#    -30    -6       2.9147224830E-007
#    -30    -5       2.8340903227E-004
#    -30    -4       2.9056008108E-006
#    -30    -3       1.0435687347E-006
#    -30    -2       6.8700498695E-006
#    -30    -1       7.1693879381E-006
#    -30     0       1.2253763192E-003
#    -30     1       1.9854218336E-006
#    -30     2       2.2036950812E-006
#    -30     3       3.0230110672E-005
#    -30     4       1.4451698921E-005
#    -30     5       1.1852339179E-003
#    -30     6       1.3539428742E-005
#    -30     7       6.1294262710E-007
#    -30     8       1.0100314318E-005
#    -30     9       3.3010220452E-005
#    -30    10       9.0009796035E-004
#    -30    11       1.6243786567E-005
#    -30    12       6.1319122642E-007
#    -30    13       2.5951964955E-006
#    -30    14       1.7186828092E-006
#    -30    15       5.6730611511E-004
#    -30    16       5.3600049360E-007
#    -30    17       9.3620346597E-006
#    -30    18       7.8661926862E-006
#    -30    19       1.0703418511E-005
#    -30    20       1.9429624290E-004
#    -30    21       1.6783322452E-005
#    -30    22       1.5993925982E-006
#    -30    23       4.0524956032E-006
#    -30    24       1.6960427006E-006
#    -30    25       9.5708214744E-004
#    -30    26       1.0937931110E-005
#    -30    27       2.4667165624E-006
#    -30    28       1.4334712284E-005
#    -29   -16       2.2729636972E-005
#    -29   -15       2.4705046403E-005
#    -29   -14       4.6548253066E-005
#    -29   -13       5.4459320141E-004
#    -29   -12       2.7203167680E-005
#    -29   -11       3.1943728556E-005
#    -29   -10       4.3451009096E-005
#    -29    -9       3.3922163951E-005
#    -29    -8       4.9223127056E-004
#    -29    -7       4.0053717470E-005
#    -29    -6       2.6111676636E-005
#    -29    -5       2.8006399810E-005
#    -29    -4       3.0084477850E-005
#    -29    -3       2.5013278910E-004
#    -29    -2       1.4978428123E-005
#    -29    -1       8.8827247312E-006
#    -29     0       4.1195747710E-005
#    -29     1       4.4570285877E-005
#    -29     2       2.0799462582E-004
#    -29     3       1.1352230000E-005
#    -29     4       2.8520822901E-005
#    -29     5       5.3733817242E-005
#    -29     6       1.5223386270E-005
#    -29     7       3.0528691844E-004
#    -29     8       4.9868485047E-005
#    -29     9       4.5392568585E-006
#    -29    10       3.2404886810E-005
#    -29    11       5.5512664736E-005
#    -29    12       4.4264385287E-004
#    -29    13       5.9483090193E-005
#    -29    14       4.3148298158E-005
#    -29    15       1.9744719566E-005
#    -29    16       2.3499170360E-005
#    -29    17       8.7629985775E-005
#    -29    18       2.0893146168E-005
#    -29    19       3.3176375385E-005
#    -29    20       5.2133608445E-005
#    -29    21       1.9222859544E-004
#    -29    22       9.4699474961E-004
#    -29    23       1.5965995779E-004
#    -29    24       5.7448262027E-005
#    -29    25       4.8745328109E-005
#    -29    26       1.3583918675E-005
#    -29    27       6.3548810335E-004
#    -28   -16       2.7785303368E-004
#    -28   -15       4.3666051552E-005
#    -28   -14       7.4131382538E-005
#    -28   -13       1.1975673274E-004
#    -28   -12       1.3229256660E-004
#    -28   -11       4.6256965438E-004
#    -28   -10       1.3306175798E-004
#    -28    -9       8.7279873185E-005
#    -28    -8       8.2319475321E-005
#    -28    -7       8.1651865055E-005
#    -28    -6       1.2259169039E-004
#    -28    -5       3.3900371737E-005
#    -28    -4       5.7307806963E-005
#    -28    -3       5.6875417619E-005
#    -28    -2       4.0533860561E-005
#    -28    -1       5.6494606707E-005
#    -28     0       3.4339099871E-005
#    -28     1       8.1031603369E-005
#    -28     2       1.6905636010E-004
#    -28     3       2.9322015537E-005
#    -28     4       1.7962679020E-004
#    -28     5       1.2246836356E-004
#    -28     6       1.0146610917E-004
#    -28     7       7.2815729321E-005
#    -28     8       5.4260539660E-005
#    -28     9       1.2713004952E-004
#    -28    10       1.3347722090E-004
#    -28    11       1.5656283500E-004
#    -28    12       1.1492387600E-004
#    -28    13       1.6813924982E-004
#    -28    14       4.2644507612E-004
#    -28    15       3.6889968421E-005
#    -28    16       6.1703388593E-005
#    -28    17       1.5129080530E-005
#    -28    18       7.8728609840E-005
#    -28    19       2.2579355232E-004
#    -28    20       1.6833029542E-004
#    -28    21       1.8126538577E-004
#    -28    22       1.5045259886E-004
#    -28    23       2.2972340173E-004
#    -28    24       5.4350425028E-004
#    -28    25       1.5572047150E-004
#    -28    26       6.9018369941E-005
#    -28    27       1.2428846607E-004
#    -27   -17       5.3766479340E-005
#    -27   -16       4.5511203023E-005
#    -27   -15       7.2945378976E-005
#    -27   -14       3.0954248961E-004
#    -27   -13       1.4615878879E-004
#    -27   -12       1.5996693870E-004
#    -27   -11       1.3126018290E-004
#    -27   -10       1.3037543175E-004
#    -27    -9       2.8212037640E-004
#    -27    -8       1.0242009905E-004
#    -27    -7       5.1951583913E-005
#    -27    -6       3.4741336068E-005
#    -27    -5       3.2254940611E-005
#    -27    -4       6.3570981879E-005
#    -27    -3       2.4828898308E-005
#    -27    -2       3.4013701255E-005
#    -27    -1       7.5913378630E-005
#    -27     0       3.1883585203E-005
#    -27     1       1.6111747590E-004
#    -27     2       5.4239174196E-005
#    -27     3       7.9957273168E-005
#    -27     4       4.8848760966E-005
#    -27     5       1.6165005848E-004
#    -27     6       2.4295242363E-004
#    -27     7       1.2751952378E-005
#    -27     8       2.6520986021E-005
#    -27     9       4.0286431377E-005
#    -27    10       1.2233711728E-004
#    -27    11       6.0800029471E-004
#    -27    12       2.6935095877E-004
#    -27    13       2.5556009618E-004
#    -27    14       1.2275821805E-004
#    -27    15       9.2747141385E-005
#    -27    16       3.6666314370E-004
#    -27    17       2.1965566684E-005
#    -27    18       5.5110932057E-005
#    -27    19       1.9654363085E-005
#    -27    20       5.4653770450E-005
#    -27    21       6.2518880080E-004
#    -27    22       3.2436946159E-004
#    -27    23       1.9255679344E-004
#    -27    24       1.7274696475E-004
#    -27    25       2.3545027447E-004
#    -27    26       3.9969475837E-004
#    -27    27       1.1136444209E-004
#    -26   -18       1.1996233304E-005
#    -26   -17       3.9304070751E-004
#    -26   -16       1.5231749634E-005
#    -26   -15       4.6914758315E-005
#    -26   -14       6.0023551438E-005
#    -26   -13       4.1078811318E-005
#    -26   -12       8.4843703334E-004
#    -26   -11       3.3671351664E-005
#    -26   -10       6.1230242626E-005
#    -26    -9       4.2763017031E-005
#    -26    -8       2.2458264210E-005
#    -26    -7       1.7134717962E-004
#    -26    -6       1.1163719238E-007
#    -26    -5       8.0283782569E-006
#    -26    -4       1.9084590751E-006
#    -26    -3       3.4973226209E-006
#    -26    -2       3.0401916664E-004
#    -26    -1       2.6546457202E-005
#    -26     0       2.2640746932E-005
#    -26     1       5.4516863295E-006
#    -26     2       1.9004800730E-005
#    -26     3       1.2080093569E-004
#    -26     4       3.8490588877E-005
#    -26     5       2.0136343654E-005
#    -26     6       5.5662969665E-005
#    -26     7       1.2304403060E-004
#    -26     8       3.5803646100E-004
#    -26     9       1.0700288459E-004
#    -26    10       4.0584296467E-005
#    -26    11       5.2886709849E-005
#    -26    12       3.4210753940E-005
#    -26    13       8.8818440055E-004
#    -26    14       2.1983543876E-006
#    -26    15       3.4879598409E-005
#    -26    16       5.6510269917E-006
#    -26    17       1.0537582786E-005
#    -26    18       5.0920210578E-004
#    -26    19       8.3412092450E-005
#    -26    20       6.4780509519E-005
#    -26    21       8.2439083384E-005
#    -26    22       2.2553556544E-005
#    -26    23       7.1778773749E-004
#    -26    24       1.3976572533E-005
#    -26    25       6.6182315865E-005
#    -26    26       5.4554721757E-005
#    -26    27       1.0656379986E-004
#    -25   -19       1.4390618418E-006
#    -25   -18       7.1500078415E-006
#    -25   -17       4.0667320281E-006
#    -25   -16       2.1970085107E-006
#    -25   -15       1.0325883364E-003
#    -25   -14       1.1960630698E-006
#    -25   -13       2.7951661219E-006
#    -25   -12       2.1112611031E-007
#    -25   -11       9.2653568722E-007
#    -25   -10       9.5395877824E-004
#    -25    -9       6.7395995581E-006
#    -25    -8       1.5047595056E-006
#    -25    -7       1.0937156811E-007
#    -25    -6       1.7417079381E-007
#    -25    -5       9.9693846297E-004
#    -25    -4       4.2917881345E-007
#    -25    -3       1.2506570508E-006
#    -25    -2       1.7819137667E-005
#    -25    -1       1.8163085569E-005
#    -25     0       2.6204209041E-003
#    -25     1       4.0819994742E-006
#    -25     2       6.3012446082E-007
#    -25     3       2.4755313454E-005
#    -25     4       2.5070726563E-005
#    -25     5       3.9798142429E-003
#    -25     6       1.4354511958E-005
#    -25     7       1.4375022479E-006
#    -25     8       5.1330206016E-006
#    -25     9       2.5068607959E-005
#    -25    10       6.1574954654E-003
#    -25    11       1.3392375828E-005
#    -25    12       8.0923396682E-006
#    -25    13       2.1120592006E-007
#    -25    14       3.1330485839E-006
#    -25    15       4.4174130311E-003
#    -25    16       2.4035467326E-007
#    -25    17       3.5589789456E-005
#    -25    18       1.4635446276E-005
#    -25    19       2.0145255642E-005
#    -25    20       2.6402434118E-003
#    -25    21       5.5541053466E-005
#    -25    22       9.4154804993E-006
#    -25    23       1.0381189772E-005
#    -25    24       3.4810403742E-005
#    -25    25       1.0652575026E-003
#    -25    26       1.6556814782E-005
#    -25    27       1.6009191955E-005
#    -24   -20       2.5653589962E-006
#    -24   -19       5.9919248356E-005
#    -24   -18       4.5240068027E-004
#    -24   -17       5.4987039933E-005
#    -24   -16       6.5288278993E-005
#    -24   -15       6.2790255579E-005
#    -24   -14       1.0366084084E-004
#    -24   -13       7.8356291228E-004
#    -24   -12       6.0402122899E-005
#    -24   -11       6.8052202614E-006
#    -24   -10       7.3659522902E-006
#    -24    -9       1.0825439783E-005
#    -24    -8       1.3513326697E-004
#    -24    -7       2.1429840694E-005
#    -24    -6       7.3690340326E-006
#    -24    -5       2.7848279601E-005
#    -24    -4       4.7059351308E-006
#    -24    -3       7.8954084375E-005
#    -24    -2       1.3938281681E-006
#    -24    -1       2.1901354001E-006
#    -24     0       4.2843638051E-005
#    -24     1       3.2206254417E-005
#    -24     2       3.3492096500E-004
#    -24     3       2.4515218709E-005
#    -24     4       1.1592691541E-006
#    -24     5       1.5771127223E-005
#    -24     6       4.1876894405E-005
#    -24     7       3.8006748248E-006
#    -24     8       1.8165044765E-005
#    -24     9       9.9032197654E-006
#    -24    10       5.3965953767E-005
#    -24    11       8.2376837839E-005
#    -24    12       1.0681503396E-003
#    -24    13       9.9641380283E-005
#    -24    14       9.8763798043E-005
#    -24    15       6.2879534577E-005
#    -24    16       8.1567628700E-005
#    -24    17       2.5083023456E-004
#    -24    18       8.1451611844E-005
#    -24    19       6.7159559747E-005
#    -24    20       3.8629186089E-005
#    -24    21       1.7818425846E-004
#    -24    22       1.1760768863E-003
#    -24    23       3.6460971652E-005
#    -24    24       1.1633445030E-004
#    -24    25       2.2171308912E-004
#    -24    26       2.2294335241E-004
#    -23   -20       6.2899106240E-005
#    -23   -19       1.3406891307E-004
#    -23   -18       1.1558215615E-004
#    -23   -17       8.4371313365E-005
#    -23   -16       6.2290319191E-004
#    -23   -15       1.5541164973E-004
#    -23   -14       1.3544057689E-004
#    -23   -13       1.3730640386E-004
#    -23   -12       8.1320210001E-005
#    -23   -11       2.1145011907E-004
#    -23   -10       8.9605890785E-005
#    -23    -9       1.0644910611E-005
#    -23    -8       1.1681884374E-005
#    -23    -7       1.5582635512E-005
#    -23    -6       7.5839874383E-005
#    -23    -5       1.7497048974E-005
#    -23    -4       5.9243040419E-005
#    -23    -3       7.1590592986E-006
#    -23    -2       2.9459025555E-005
#    -23    -1       3.4834898740E-004
#    -23     0       1.0565639596E-004
#    -23     1       9.8881719352E-005
#    -23     2       1.8253470371E-004
#    -23     3       8.5944247919E-005
#    -23     4       4.6363912649E-005
#    -23     5       8.0692531869E-005
#    -23     6       6.2922413521E-005
#    -23     7       4.8727143338E-005
#    -23     8       5.7604713470E-005
#    -23     9       3.3213988600E-004
#    -23    10       2.1055763824E-004
#    -23    11       3.8060821863E-004
#    -23    12       1.4496037487E-004
#    -23    13       2.5529325844E-004
#    -23    14       7.5016766215E-004
#    -23    15       5.9457408250E-005
#    -23    16       1.9769719031E-004
#    -23    17       6.8237307305E-005
#    -23    18       1.7040742985E-004
#    -23    19       5.9977186790E-004
#    -23    20       5.3181703097E-004
#    -23    21       2.1277149726E-004
#    -23    22       2.6174661501E-004
#    -23    23       1.4483931357E-004
#    -23    24       7.3105989287E-004
#    -23    25       3.0309199225E-004
#    -23    26       5.7611322131E-005
#    -22   -21       3.1743345516E-005
#    -22   -20       1.0024958282E-004
#    -22   -19       3.9772820634E-004
#    -22   -18       2.4526425210E-004
#    -22   -17       2.1277039941E-004
#    -22   -16       1.1915970450E-004
#    -22   -15       1.2780025860E-004
#    -22   -14       3.4854518249E-004
#    -22   -13       9.6231968239E-005
#    -22   -12       6.5012527881E-005
#    -22   -11       4.4221802069E-005
#    -22   -10       5.3070503826E-005
#    -22    -9       1.5539790947E-005
#    -22    -8       1.5280034163E-005
#    -22    -7       6.2531136842E-005
#    -22    -6       6.1753159170E-005
#    -22    -5       6.1635709438E-005
#    -22    -4       1.3886860046E-004
#    -22    -3       3.7029677339E-005
#    -22    -2       4.9768686839E-005
#    -22    -1       3.0845945340E-004
#    -22     0       2.7155656907E-004
#    -22     1       7.6246401583E-004
#    -22     2       6.6787253583E-005
#    -22     3       1.2772473552E-004
#    -22     4       4.4230926645E-005
#    -22     5       1.0567006573E-004
#    -22     6       2.6841824911E-004
#    -22     7       1.3653445068E-005
#    -22     8       1.1536353493E-004
#    -22     9       1.5037826954E-004
#    -22    10       4.2710174625E-004
#    -22    11       1.7181024792E-003
#    -22    12       4.0206053046E-004
#    -22    13       3.9711359358E-004
#    -22    14       2.5586467697E-004
#    -22    15       1.1416554471E-004
#    -22    16       5.6811312325E-004
#    -22    17       2.0049894552E-004
#    -22    18       2.5510369472E-004
#    -22    19       1.0718804717E-004
#    -22    20       2.8751601458E-004
#    -22    21       4.9275367722E-004
#    -22    22       3.1428445925E-004
#    -22    23       2.0259622219E-004
#    -22    24       2.5648121788E-004
#    -22    25       9.5297446887E-005
#    -22    26       5.9830762049E-004
#    -21   -22       2.5308811622E-004
#    -21   -21       2.0334168946E-005
#    -21   -20       4.5950054196E-005
#    -21   -19       3.5007721392E-005
#    -21   -18       8.7181777399E-005
#    -21   -17       1.0338105044E-003
#    -21   -16       7.7832205318E-005
#    -21   -15       9.3073077442E-005
#    -21   -14       3.1914476162E-005
#    -21   -13       1.9989375970E-005
#    -21   -12       3.2419251271E-004
#    -21   -11       2.2377468761E-005
#    -21   -10       1.5802727056E-005
#    -21    -9       1.7693782480E-005
#    -21    -8       8.2263966283E-006
#    -21    -7       1.5065020796E-004
#    -21    -6       5.1747210282E-005
#    -21    -5       3.8902632663E-005
#    -21    -4       1.9689013502E-005
#    -21    -3       8.3026754244E-005
#    -21    -2       1.2647422793E-003
#    -21    -1       1.4467297503E-005
#    -21     0       7.8940783824E-005
#    -21     1       1.1296766360E-004
#    -21     2       2.6567792528E-005
#    -21     3       2.2408481837E-004
#    -21     4       7.0464817652E-005
#    -21     5       4.8082537215E-005
#    -21     6       7.0072133310E-005
#    -21     7       9.5131564755E-005
#    -21     8       1.2347338129E-003
#    -21     9       1.8030034222E-004
#    -21    10       1.6217922333E-004
#    -21    11       1.7428402169E-004
#    -21    12       1.6554934128E-004
#    -21    13       1.9858529969E-003
#    -21    14       3.5779800581E-005
#    -21    15       6.0946481670E-005
#    -21    16       2.6648660829E-005
#    -21    17       5.7744487271E-005
#    -21    18       8.2260971625E-004
#    -21    19       2.9888246593E-005
#    -21    20       2.6079461292E-005
#    -21    21       1.4608982373E-004
#    -21    22       1.1057015050E-004
#    -21    23       1.0368915805E-003
#    -21    24       2.6391179616E-004
#    -21    25       2.3253512160E-005
#    -20   -22       5.1744076539E-006
#    -20   -21       6.1228623475E-006
#    -20   -20       1.0292371710E-003
#    -20   -19       2.5942766825E-006
#    -20   -18       2.5547326170E-005
#    -20   -17       1.3672548009E-007
#    -20   -16       9.6055071894E-006
#    -20   -15       1.2824864577E-003
#    -20   -14       4.5486996031E-006
#    -20   -13       1.1469646765E-005
#    -20   -12       4.5690658799E-006
#    -20   -11       2.6670926653E-006
#    -20   -10       9.4524404916E-004
#    -20    -9       4.1714678388E-005
#    -20    -8       3.7841697637E-009
#    -20    -7       2.2527843048E-006
#    -20    -6       1.1810822250E-006
#    -20    -5       2.8016467659E-003
#    -20    -4       2.0465828854E-005
#    -20    -3       9.3776952884E-006
#    -20    -2       5.1165477609E-005
#    -20    -1       3.2519457648E-005
#    -20     0       1.3230090064E-002
#    -20     1       2.2706867286E-005
#    -20     2       1.3503948797E-006
#    -20     3       8.7362755533E-005
#    -20     4       8.8551618099E-005
#    -20     5       1.2266648624E-002
#    -20     6       1.1002842958E-005
#    -20     7       1.4315679983E-005
#    -20     8       3.5457296829E-005
#    -20     9       2.4832327910E-005
#    -20    10       5.8569325181E-003
#    -20    11       2.2817932733E-005
#    -20    12       3.9451060015E-005
#    -20    13       5.0418933838E-006
#    -20    14       1.2305812789E-005
#    -20    15       9.8152414014E-004
#    -20    16       9.4704902723E-006
#    -20    17       4.7580483061E-005
#    -20    18       4.7461810032E-006
#    -20    19       6.6639954579E-005
#    -20    20       3.6775846392E-003
#    -20    21       2.3456664389E-005
#    -20    22       1.6274951684E-005
#    -20    23       1.3810517645E-005
#    -20    24       1.5142317125E-005
#    -20    25       3.4940430331E-003
#    -19   -23       1.6658008300E-004
#    -19   -22       3.9180522068E-005
#    -19   -21       9.9117526056E-005
#    -19   -20       1.9692330231E-005
#    -19   -19       8.0327388333E-005
#    -19   -18       1.0722375352E-003
#    -19   -17       9.1838694940E-005
#    -19   -16       8.7848319228E-005
#    -19   -15       4.8486121057E-005
#    -19   -14       3.6476644455E-005
#    -19   -13       2.9626115036E-004
#    -19   -12       1.2283504065E-005
#    -19   -11       2.1862944704E-006
#    -19   -10       2.9642100863E-005
#    -19    -9       2.6626171777E-005
#    -19    -8       2.9907576430E-004
#    -19    -7       4.7130069132E-006
#    -19    -6       5.5850904786E-005
#    -19    -5       2.4370633615E-005
#    -19    -4       7.0633005396E-005
#    -19    -3       5.5767269135E-004
#    -19    -2       4.5137522050E-005
#    -19    -1       1.0323879410E-005
#    -19     0       6.1946996525E-005
#    -19     1       4.0380812106E-005
#    -19     2       5.8212885725E-004
#    -19     3       2.9681816122E-005
#    -19     4       1.2797933969E-005
#    -19     5       3.0041726719E-005
#    -19     6       1.0552008534E-004
#    -19     7       1.1491150700E-004
#    -19     8       9.0600386531E-005
#    -19     9       1.1691330471E-004
#    -19    10       2.8663675577E-005
#    -19    11       4.8726436138E-005
#    -19    12       5.3561085050E-004
#    -19    13       8.8187760084E-005
#    -19    14       1.4067190315E-004
#    -19    15       1.2373697253E-004
#    -19    16       2.1525829562E-005
#    -19    17       8.1159112363E-004
#    -19    18       3.4012455094E-005
#    -19    19       4.3823672488E-005
#    -19    20       2.6142712396E-005
#    -19    21       3.3707624237E-005
#    -19    22       2.6516651937E-004
#    -19    23       1.6130387492E-005
#    -19    24       1.0845983727E-004
#    -19    25       2.3476416269E-004
#    -18   -23       4.1908049595E-005
#    -18   -22       8.3526004941E-005
#    -18   -21       4.7352623703E-004
#    -18   -20       1.7621681287E-004
#    -18   -19       1.9548789716E-004
#    -18   -18       9.2390703961E-005
#    -18   -17       8.0905969139E-005
#    -18   -16       5.0702390232E-004
#    -18   -15       9.8699632945E-005
#    -18   -14       6.2579478211E-005
#    -18   -13       1.6383777577E-005
#    -18   -12       2.4117610753E-005
#    -18   -11       2.4032783949E-005
#    -18   -10       9.7565107599E-005
#    -18    -9       7.6464419345E-005
#    -18    -8       8.3097293191E-005
#    -18    -7       8.8599518340E-005
#    -18    -6       4.6512344750E-005
#    -18    -5       7.2897685714E-005
#    -18    -4       1.0371229202E-006
#    -18    -3       6.1626243009E-005
#    -18    -2       2.0722762801E-005
#    -18    -1       3.5364367225E-004
#    -18     0       2.1726943194E-004
#    -18     1       1.6734531476E-004
#    -18     2       3.9035796151E-004
#    -18     3       2.6907227160E-004
#    -18     4       2.6233633234E-004
#    -18     5       1.7428056151E-004
#    -18     6       3.0410752192E-004
#    -18     7       2.6496121399E-004
#    -18     8       1.0160668110E-004
#    -18     9       4.1620448413E-004
#    -18    10       1.0800150694E-004
#    -18    11       6.1534736062E-005
#    -18    12       3.6865520972E-005
#    -18    13       7.6776636050E-005
#    -18    14       9.7913993609E-005
#    -18    15       1.6318343541E-004
#    -18    16       2.7188277299E-004
#    -18    17       1.1638796706E-004
#    -18    18       1.1366568979E-005
#    -18    19       3.9459211574E-005
#    -18    20       1.6462089236E-004
#    -18    21       9.7177787281E-005
#    -18    22       1.7048896304E-004
#    -18    23       4.9962201306E-005
#    -18    24       1.0074206402E-003
#    -17   -24       1.7623321589E-004
#    -17   -23       1.0683008941E-004
#    -17   -22       1.0047005251E-004
#    -17   -21       1.5644472827E-004
#    -17   -20       1.8906973149E-004
#    -17   -19       7.4807792652E-004
#    -17   -18       2.1494184906E-004
#    -17   -17       1.8922775031E-004
#    -17   -16       3.5607225873E-005
#    -17   -15       1.6175106647E-005
#    -17   -14       7.7657579974E-005
#    -17   -13       9.9540264244E-006
#    -17   -12       3.8256227406E-005
#    -17   -11       1.2621180465E-004
#    -17   -10       1.2016253103E-004
#    -17    -9       1.6751585826E-004
#    -17    -8       1.5850734939E-004
#    -17    -7       8.5804651897E-006
#    -17    -6       2.7501707468E-005
#    -17    -5       1.5521798750E-005
#    -17    -4       4.4135117026E-007
#    -17    -3       2.0393777031E-005
#    -17    -2       9.2233306643E-005
#    -17    -1       3.7665210322E-004
#    -17     0       5.5143130555E-004
#    -17     1       3.0655906689E-003
#    -17     2       4.6929820208E-004
#    -17     3       5.2528053236E-004
#    -17     4       3.7972364118E-004
#    -17     5       3.2305758378E-004
#    -17     6       1.1418398760E-003
#    -17     7       6.0954746811E-004
#    -17     8       3.3776117551E-004
#    -17     9       2.4093827892E-004
#    -17    10       4.3759750710E-005
#    -17    11       4.5822981253E-005
#    -17    12       1.6502068064E-005
#    -17    13       1.0898803818E-005
#    -17    14       7.1018158147E-005
#    -17    15       1.1449743207E-004
#    -17    16       7.6145330714E-005
#    -17    17       8.9503090047E-006
#    -17    18       7.3559083705E-005
#    -17    19       1.9153196794E-004
#    -17    20       1.6082676127E-004
#    -17    21       1.4195240037E-004
#    -17    22       5.5329124682E-005
#    -17    23       6.7804946489E-006
#    -17    24       1.5353511717E-004
#    -16   -24       3.1996357782E-005
#    -16   -23       2.2341922955E-005
#    -16   -22       9.3681982885E-004
#    -16   -21       3.2814774521E-005
#    -16   -20       1.8233472413E-005
#    -16   -19       8.0389557029E-005
#    -16   -18       8.6480818700E-005
#    -16   -17       7.1180165224E-004
#    -16   -16       7.3617772181E-005
#    -16   -15       3.0832589575E-005
#    -16   -14       1.0994194092E-005
#    -16   -13       3.7839769539E-005
#    -16   -12       5.5682459764E-004
#    -16   -11       4.2373203181E-005
#    -16   -10       7.3647941675E-005
#    -16    -9       8.7932098104E-006
#    -16    -8       5.0330643969E-006
#    -16    -7       3.7205451992E-004
#    -16    -6       3.0864678860E-006
#    -16    -5       6.4684048732E-005
#    -16    -4       1.4672459793E-005
#    -16    -3       9.0514265670E-005
#    -16    -2       2.5106875172E-003
#    -16    -1       2.4300590682E-004
#    -16     0       3.2281071363E-004
#    -16     1       4.5589948331E-004
#    -16     2       1.5091150673E-004
#    -16     3       3.8175065894E-003
#    -16     4       3.5959961702E-004
#    -16     5       6.2677395432E-004
#    -16     6       3.2296756487E-004
#    -16     7       2.6891141126E-004
#    -16     8       1.1344830027E-003
#    -16     9       5.1837223907E-006
#    -16    10       8.7266432609E-005
#    -16    11       1.2829848277E-004
#    -16    12       1.0603921287E-005
#    -16    13       2.0586600943E-005
#    -16    14       8.1792428906E-005
#    -16    15       7.5755075115E-005
#    -16    16       5.7521414710E-005
#    -16    17       6.1738390542E-005
#    -16    18       8.4863842475E-004
#    -16    19       2.9211037562E-005
#    -16    20       5.2562430735E-005
#    -16    21       9.0544538249E-005
#    -16    22       9.1401784675E-005
#    -16    23       1.2140570159E-003
#    -15   -25       1.3314340707E-004
#    -15   -24       1.0861768000E-005
#    -15   -23       9.5776173316E-006
#    -15   -22       9.3567542811E-007
#    -15   -21       8.9419641992E-006
#    -15   -20       1.1526834849E-003
#    -15   -19       1.6719320664E-005
#    -15   -18       6.5315699482E-006
#    -15   -17       1.1134716494E-005
#    -15   -16       6.0330765928E-006
#    -15   -15       8.2676760177E-004
#    -15   -14       4.6134463177E-005
#    -15   -13       2.8288768532E-005
#    -15   -12       7.0217618333E-007
#    -15   -11       3.7881329841E-006
#    -15   -10       4.8378819633E-003
#    -15    -9       7.8464151417E-006
#    -15    -8       5.2003917342E-005
#    -15    -7       1.3337304123E-005
#    -15    -6       2.9929144979E-005
#    -15    -5       1.0276275465E-002
#    -15    -4       1.5096783514E-005
#    -15    -3       1.8178836921E-006
#    -15    -2       7.4919024316E-006
#    -15    -1       4.5984882446E-005
#    -15     0       1.4051328771E-002
#    -15     1       1.3477418593E-005
#    -15     2       1.9117361403E-006
#    -15     3       5.9847623827E-005
#    -15     4       7.3171347041E-005
#    -15     5       1.7722969233E-002
#    -15     6       1.4564212483E-005
#    -15     7       2.1514636088E-005
#    -15     8       5.0037528009E-005
#    -15     9       1.8417291924E-005
#    -15    10       1.0481712356E-002
#    -15    11       2.2367755874E-006
#    -15    12       1.1537631257E-004
#    -15    13       2.6132638132E-005
#    -15    14       1.2118399737E-005
#    -15    15       1.6239612268E-002
#    -15    16       2.0705421299E-005
#    -15    17       1.9296664009E-005
#    -15    18       2.0758931313E-006
#    -15    19       5.4283831857E-005
#    -15    20       9.7892262464E-004
#    -15    21       9.4235696755E-006
#    -15    22       4.7903428096E-005
#    -15    23       1.5094832886E-005
#    -14   -25       8.1413429702E-005
#    -14   -24       5.3783211878E-005
#    -14   -23       4.5623740771E-004
#    -14   -22       7.4877123243E-005
#    -14   -21       7.2073938575E-005
#    -14   -20       3.3153385956E-005
#    -14   -19       5.0721300668E-005
#    -14   -18       3.4830704588E-004
#    -14   -17       5.3763894268E-005
#    -14   -16       1.4161603174E-005
#    -14   -15       3.7874707111E-005
#    -14   -14       5.6476405386E-005
#    -14   -13       8.3261884758E-004
#    -14   -12       1.0083527261E-004
#    -14   -11       7.4327660226E-007
#    -14   -10       4.0483290644E-005
#    -14    -9       1.1793419851E-004
#    -14    -8       1.2173148811E-003
#    -14    -7       2.4152574480E-005
#    -14    -6       8.9546165275E-005
#    -14    -5       3.0839755450E-005
#    -14    -4       1.6986486944E-004
#    -14    -3       2.0796820431E-003
#    -14    -2       3.6099454569E-004
#    -14    -1       7.4337775796E-004
#    -14     0       6.7844400079E-004
#    -14     1       8.3591811831E-005
#    -14     2       1.9303947745E-003
#    -14     3       1.1514774701E-004
#    -14     4       1.1633813507E-004
#    -14     5       2.3911987333E-005
#    -14     6       1.6373886745E-006
#    -14     7       4.0075202466E-004
#    -14     8       7.6307059006E-005
#    -14     9       1.2304075327E-004
#    -14    10       5.7480706099E-005
#    -14    11       1.3488382805E-004
#    -14    12       8.2181932036E-004
#    -14    13       3.4530858186E-005
#    -14    14       1.0209779916E-004
#    -14    15       1.2999922720E-004
#    -14    16       9.6284088203E-005
#    -14    17       1.1727247068E-003
#    -14    18       1.8080839435E-005
#    -14    19       8.7937664804E-005
#    -14    20       1.7341245041E-004
#    -14    21       1.3138650428E-004
#    -14    22       4.7640917907E-004
#    -13   -26       8.8700306377E-005
#    -13   -25       1.1801106557E-004
#    -13   -24       8.7747225774E-005
#    -13   -23       1.6666906645E-004
#    -13   -22       1.1318093142E-004
#    -13   -21       1.5236652164E-004
#    -13   -20       8.7935822513E-005
#    -13   -19       1.1176358465E-005
#    -13   -18       4.1485777832E-006
#    -13   -17       9.9946863761E-007
#    -13   -16       9.8573816822E-005
#    -13   -15       3.5690837889E-006
#    -13   -14       1.0740731471E-004
#    -13   -13       2.0619422564E-004
#    -13   -12       9.4702298417E-005
#    -13   -11       5.4560782879E-005
#    -13   -10       2.0110419383E-004
#    -13    -9       1.8071283600E-004
#    -13    -8       3.1353490994E-004
#    -13    -7       2.3828560587E-004
#    -13    -6       1.3921716785E-004
#    -13    -5       1.9653887697E-004
#    -13    -4       2.7921684505E-004
#    -13    -3       6.7109695021E-004
#    -13    -2       5.5270379251E-004
#    -13    -1       9.2807878447E-004
#    -13     0       3.6364543498E-004
#    -13     1       2.1280320214E-004
#    -13     2       3.6356330290E-005
#    -13     3       5.8116377207E-005
#    -13     4       3.6972643992E-005
#    -13     5       2.4705908216E-004
#    -13     6       3.6986530182E-004
#    -13     7       3.4478769354E-004
#    -13     8       2.6115261804E-004
#    -13     9       1.0992849207E-003
#    -13    10       5.4779711467E-004
#    -13    11       4.6981176277E-004
#    -13    12       3.8229472193E-004
#    -13    13       1.3202361093E-004
#    -13    14       9.7347229889E-005
#    -13    15       2.1785369173E-004
#    -13    16       2.3547041476E-004
#    -13    17       1.0531355915E-004
#    -13    18       3.2055463708E-005
#    -13    19       2.0376300603E-004
#    -13    20       8.7056719597E-005
#    -13    21       1.2007314320E-004
#    -12   -26       5.6237019353E-005
#    -12   -25       7.0414789934E-005
#    -12   -24       2.6097075997E-004
#    -12   -23       8.8208705277E-005
#    -12   -22       1.7947875776E-004
#    -12   -21       1.4212310853E-004
#    -12   -20       5.4220542985E-005
#    -12   -19       4.7371871850E-005
#    -12   -18       2.1774941835E-005
#    -12   -17       2.9850947726E-005
#    -12   -16       9.0679029243E-005
#    -12   -15       9.1765047020E-005
#    -12   -14       1.9012179947E-004
#    -12   -13       6.5003977862E-005
#    -12   -12       1.8003833490E-004
#    -12   -11       2.5278601222E-004
#    -12   -10       2.8454893044E-004
#    -12    -9       5.1706009625E-004
#    -12    -8       2.7783094177E-004
#    -12    -7       5.6723881465E-005
#    -12    -6       8.2697347814E-005
#    -12    -5       1.7077042573E-004
#    -12    -4       8.4315746253E-004
#    -12    -3       3.8944529072E-004
#    -12    -2       2.8861353911E-004
#    -12    -1       5.3123494728E-005
#    -12     0       2.8707164575E-005
#    -12     1       3.4842904656E-004
#    -12     2       2.1514754889E-004
#    -12     3       3.1540595678E-004
#    -12     4       4.4717710888E-004
#    -12     5       8.7732319120E-004
#    -12     6       2.8440496608E-003
#    -12     7       9.6014522639E-004
#    -12     8       7.0421343798E-004
#    -12     9       7.5497614027E-004
#    -12    10       4.9642467256E-004
#    -12    11       7.0786162930E-004
#    -12    12       1.4926373383E-004
#    -12    13       1.1987068243E-004
#    -12    14       3.5838815316E-004
#    -12    15       4.4339384368E-004
#    -12    16       1.2430926084E-003
#    -12    17       2.6228763583E-004
#    -12    18       4.7008257482E-005
#    -12    19       9.1003841040E-004
#    -12    20       1.4619980116E-004
#    -12    21       1.3381275053E-003
#    -11   -26       2.8610082708E-005
#    -11   -25       7.5601872391E-005
#    -11   -24       3.3977382464E-005
#    -11   -23       4.8799074498E-005
#    -11   -22       6.7385953696E-004
#    -11   -21       1.9263456371E-005
#    -11   -20       4.2822471620E-005
#    -11   -19       2.9111985989E-006
#    -11   -18       3.0195780523E-006
#    -11   -17       8.6493306900E-005
#    -11   -16       1.6618384653E-004
#    -11   -15       8.0163875091E-005
#    -11   -14       6.3992432853E-005
#    -11   -13       1.2421114755E-004
#    -11   -12       8.5971433881E-004
#    -11   -11       1.4600129982E-004
#    -11   -10       2.7239854277E-004
#    -11    -9       8.5971181081E-005
#    -11    -8       1.7678784795E-005
#    -11    -7       1.4215580570E-003
#    -11    -6       8.4379239216E-005
#    -11    -5       3.6882484925E-004
#    -11    -4       1.4920720675E-004
#    -11    -3       1.2699503539E-004
#    -11    -2       1.2303343200E-004
#    -11    -1       6.8364199189E-005
#    -11     0       3.3980292799E-004
#    -11     1       1.6426408831E-004
#    -11     2       3.9274214381E-004
#    -11     3       4.1675454934E-003
#    -11     4       4.5415589399E-004
#    -11     5       8.9883607910E-004
#    -11     6       5.1897455009E-004
#    -11     7       2.7001644714E-004
#    -11     8       3.4347073685E-003
#    -11     9       2.7668970767E-004
#    -11    10       2.1852878936E-004
#    -11    11       8.1905806804E-005
#    -11    12       3.0965364206E-004
#    -11    13       9.0960716621E-004
#    -11    14       2.7518203994E-004
#    -11    15       3.8783825735E-004
#    -11    16       2.9536956391E-004
#    -11    17       1.4924935086E-004
#    -11    18       7.8966720187E-004
#    -11    19       2.2645289047E-004
#    -11    20       4.6407453775E-005
#    -10   -27       1.5106030046E-006
#    -10   -26       1.1753648950E-005
#    -10   -25       6.4370859626E-004
#    -10   -24       1.5746636403E-005
#    -10   -23       6.8761196244E-006
#    -10   -22       1.6630018812E-006
#    -10   -21       1.0056308232E-005
#    -10   -20       6.7939863500E-005
#    -10   -19       6.0718196272E-005
#    -10   -18       4.9284529483E-006
#    -10   -17       5.1926820831E-006
#    -10   -16       4.3694624036E-007
#    -10   -15       3.8536019789E-003
#    -10   -14       7.1395013275E-005
#    -10   -13       5.1991223988E-006
#    -10   -12       7.0150690894E-006
#    -10   -11       4.3305931924E-005
#    -10   -10       5.3337994145E-003
#    -10    -9       7.0948769999E-006
#    -10    -8       8.6752648029E-005
#    -10    -7       1.8283006228E-006
#    -10    -6       2.2594558826E-005
#    -10    -5       1.9381847875E-002
#    -10    -4       3.7420477852E-005
#    -10    -3       1.9153094816E-005
#    -10    -2       2.6243345375E-005
#    -10    -1       1.0121710717E-004
#    -10     0       2.1779585243E-002
#    -10     1       2.5921330766E-005
#    -10     2       6.5431545198E-007
#    -10     3       5.6945297203E-005
#    -10     4       7.3601875934E-005
#    -10     5       4.9881208997E-003
#    -10     6       3.1348222471E-005
#    -10     7       1.7323031563E-005
#    -10     8       6.2859103060E-005
#    -10     9       3.0495177874E-006
#    -10    10       1.5426324994E-002
#    -10    11       2.8716205505E-005
#    -10    12       1.4682885347E-004
#    -10    13       1.7454074230E-004
#    -10    14       3.4895847457E-005
#    -10    15       1.3922703057E-002
#    -10    16       4.6373513253E-005
#    -10    17       5.3168736648E-005
#    -10    18       3.8421919368E-005
#    -10    19       2.0489268908E-004
#     -9   -27       1.5460684807E-005
#     -9   -26       1.0539076180E-004
#     -9   -25       5.8562432040E-005
#     -9   -24       5.5692294815E-005
#     -9   -23       1.4472200508E-003
#     -9   -22       5.0552709899E-005
#     -9   -21       8.1437402395E-005
#     -9   -20       5.3326041499E-005
#     -9   -19       1.1640411322E-005
#     -9   -18       2.3482172630E-004
#     -9   -17       3.9971137492E-005
#     -9   -16       2.0980517946E-005
#     -9   -15       7.7561582669E-005
#     -9   -14       3.2259103571E-005
#     -9   -13       1.8354868256E-003
#     -9   -12       4.4007003468E-005
#     -9   -11       8.2488330087E-005
#     -9   -10       1.7101234542E-005
#     -9    -9       6.7204983563E-005
#     -9    -8       2.6005097352E-003
#     -9    -7       1.8644652329E-004
#     -9    -6       2.6296747816E-004
#     -9    -5       4.7823669941E-005
#     -9    -4       4.5195801181E-005
#     -9    -3       1.7223685233E-003
#     -9    -2       5.1671312096E-004
#     -9    -1       9.9889676704E-004
#     -9     0       1.0537888799E-003
#     -9     1       1.7143783332E-004
#     -9     2       4.0421164160E-003
#     -9     3       2.6271642055E-004
#     -9     4       3.1863349909E-004
#     -9     5       1.6421502484E-004
#     -9     6       1.9384800588E-004
#     -9     7       2.3559997616E-003
#     -9     8       4.7235635407E-005
#     -9     9       5.7557748245E-005
#     -9    10       9.5665160617E-005
#     -9    11       1.4197680212E-004
#     -9    12       7.4408783597E-004
#     -9    13       1.9062686637E-005
#     -9    14       2.2451765440E-004
#     -9    15       4.7509336026E-004
#     -9    16       5.6171448116E-005
#     -9    17       2.4403708826E-003
#     -9    18       2.5159836935E-004
#     -9    19       5.7693947724E-006
#     -8   -27       1.2568967382E-004
#     -8   -26       6.4864751501E-004
#     -8   -25       8.7279802708E-005
#     -8   -24       2.6377380457E-004
#     -8   -23       1.2812513734E-004
#     -8   -22       1.8831447216E-004
#     -8   -21       6.4564532789E-004
#     -8   -20       1.1737832806E-004
#     -8   -19       1.0220620770E-004
#     -8   -18       5.8609026287E-005
#     -8   -17       5.0935184535E-005
#     -8   -16       1.7025258647E-004
#     -8   -15       6.2615377949E-005
#     -8   -14       3.9412041562E-004
#     -8   -13       3.7092411378E-004
#     -8   -12       2.0445892785E-004
#     -8   -11       9.6550398590E-004
#     -8   -10       9.3810717413E-005
#     -8    -9       4.0809944637E-004
#     -8    -8       3.6080428151E-004
#     -8    -7       1.8202252087E-004
#     -8    -6       2.6578595760E-004
#     -8    -5       1.6467831493E-004
#     -8    -4       6.1959836250E-004
#     -8    -3       1.0084932909E-003
#     -8    -2       9.0715438929E-004
#     -8    -1       2.8272534786E-003
#     -8     0       1.0160597630E-003
#     -8     1       9.2248656755E-004
#     -8     2       3.5994150104E-005
#     -8     3       6.8455242876E-004
#     -8     4       7.9861046162E-004
#     -8     5       1.0307914135E-004
#     -8     6       1.2339002143E-004
#     -8     7       2.2565971809E-004
#     -8     8       2.3505322754E-006
#     -8     9       4.7125979081E-004
#     -8    10       3.0958485439E-004
#     -8    11       3.2575108202E-004
#     -8    12       8.3289337912E-004
#     -8    13       5.0384991159E-005
#     -8    14       2.7391076308E-004
#     -8    15       1.0112421597E-004
#     -8    16       8.2620747782E-004
#     -8    17       1.3563735928E-003
#     -8    18       1.8182496909E-004
#     -7   -27       7.6253073705E-005
#     -7   -26       1.6763702122E-004
#     -7   -25       1.8698023234E-004
#     -7   -24       8.1010707212E-004
#     -7   -23       3.6948808535E-004
#     -7   -22       2.0208146039E-004
#     -7   -21       1.4547662867E-004
#     -7   -20       6.0009352027E-005
#     -7   -19       1.9444849017E-004
#     -7   -18       6.4152718786E-005
#     -7   -17       3.0020641959E-005
#     -7   -16       1.2894366096E-004
#     -7   -15       2.5842744280E-004
#     -7   -14       9.1666931535E-004
#     -7   -13       2.9859276671E-004
#     -7   -12       1.6800469265E-004
#     -7   -11       9.6665695463E-006
#     -7   -10       8.2345746019E-005
#     -7    -9       4.2325967419E-004
#     -7    -8       4.7458555034E-005
#     -7    -7       2.2223363510E-004
#     -7    -6       4.5714106647E-004
#     -7    -5       6.0712361096E-004
#     -7    -4       2.6040232064E-003
#     -7    -3       1.0129857512E-003
#     -7    -2       1.0173163504E-003
#     -7    -1       6.0716558831E-004
#     -7     0       4.9656298725E-004
#     -7     1       7.2257083219E-005
#     -7     2       6.0370821907E-005
#     -7     3       1.0187846624E-005
#     -7     4       5.2487879879E-005
#     -7     5       2.2553591999E-004
#     -7     6       1.0564241666E-003
#     -7     7       1.2137470681E-004
#     -7     8       5.3594378610E-005
#     -7     9       1.2723220307E-004
#     -7    10       5.4297820624E-004
#     -7    11       3.3093249359E-003
#     -7    12       7.1378195833E-004
#     -7    13       2.2895650009E-004
#     -7    14       1.9190462820E-004
#     -7    15       2.5994932829E-004
#     -7    16       9.4315140803E-004
#     -7    17       4.2054003834E-004
#     -6   -27       5.9971656249E-004
#     -6   -26       4.2348420830E-005
#     -6   -25       5.2456850997E-005
#     -6   -24       1.4663598894E-004
#     -6   -23       1.8237064296E-004
#     -6   -22       1.1579945844E-003
#     -6   -21       6.9810653683E-005
#     -6   -20       4.9233217015E-005
#     -6   -19       2.7410900718E-005
#     -6   -18       1.1325626775E-005
#     -6   -17       4.1709786430E-004
#     -6   -16       2.3984413732E-004
#     -6   -15       8.7719334049E-005
#     -6   -14       7.6951955355E-005
#     -6   -13       1.6333052929E-004
#     -6   -12       2.1044284452E-004
#     -6   -11       5.1858183585E-006
#     -6   -10       1.0062347743E-004
#     -6    -9       4.7665997920E-006
#     -6    -8       1.0274370053E-005
#     -6    -7       2.1766528359E-003
#     -6    -6       2.3369521696E-004
#     -6    -5       5.3859895758E-004
#     -6    -4       6.6815169127E-004
#     -6    -3       4.0710810848E-004
#     -6    -2       5.3601793210E-004
#     -6    -1       5.8427455204E-005
#     -6     0       1.4194630635E-004
#     -6     1       5.5691014293E-005
#     -6     2       6.2447262259E-004
#     -6     3       9.2648253898E-004
#     -6     4       4.1354756076E-004
#     -6     5       2.1847815934E-004
#     -6     6       1.4701708055E-004
#     -6     7       3.8372782534E-006
#     -6     8       3.1478046002E-004
#     -6     9       1.6164204721E-004
#     -6    10       9.6842383174E-004
#     -6    11       9.7095047605E-004
#     -6    12       9.6408074720E-004
#     -6    13       7.3736553518E-004
#     -6    14       7.2400199061E-005
#     -6    15       1.2504348795E-004
#     -6    16       1.8167504409E-004
#     -5   -27       1.9196780616E-005
#     -5   -26       2.1158670682E-005
#     -5   -25       1.5834687047E-003
#     -5   -24       1.4624165157E-005
#     -5   -23       9.7505699290E-007
#     -5   -22       2.1903112838E-006
#     -5   -21       4.4327382291E-006
#     -5   -20       2.5157758865E-003
#     -5   -19       3.2468047969E-005
#     -5   -18       2.1299723290E-006
#     -5   -17       1.5426426457E-005
#     -5   -16       3.1118110451E-006
#     -5   -15       9.1478153071E-004
#     -5   -14       9.4650945472E-005
#     -5   -13       4.2819819715E-005
#     -5   -12       7.5276674452E-007
#     -5   -11       5.1181598990E-005
#     -5   -10       1.3769630840E-002
#     -5    -9       3.7353446235E-005
#     -5    -8       1.3962799327E-005
#     -5    -7       2.7650682909E-006
#     -5    -6       2.0447366467E-005
#     -5    -5       6.2362322311E-003
#     -5    -4       2.8784243559E-005
#     -5    -3       2.2922322048E-005
#     -5    -2       5.7968970966E-005
#     -5    -1       7.4771709100E-005
#     -5     0       8.1020820481E-003
#     -5     1       6.4467946363E-005
#     -5     2       1.6247408742E-005
#     -5     3       4.7699784887E-005
#     -5     4       1.8570043313E-004
#     -5     5       8.5129677659E-005
#     -5     6       8.3432715933E-005
#     -5     7       2.9125322173E-005
#     -5     8       8.8345974807E-005
#     -5     9       4.9018965928E-006
#     -5    10       2.9857095698E-002
#     -5    11       1.7920449426E-004
#     -5    12       4.5233767146E-005
#     -5    13       1.2012768960E-005
#     -5    14       2.3885873814E-005
#     -5    15       1.2178970149E-002
#     -4   -28       5.0136000307E-005
#     -4   -27       5.0678256674E-005
#     -4   -26       6.6017647499E-005
#     -4   -25       3.1754718753E-005
#     -4   -24       1.1763549522E-004
#     -4   -23       1.2833098832E-003
#     -4   -22       1.4374563369E-004
#     -4   -21       5.9678814488E-005
#     -4   -20       4.8395113318E-005
#     -4   -19       5.7217635500E-005
#     -4   -18       7.4425713729E-004
#     -4   -17       1.0781683130E-004
#     -4   -16       7.0817006197E-006
#     -4   -15       6.7994964927E-005
#     -4   -14       7.6210956238E-005
#     -4   -13       3.6350100929E-004
#     -4   -12       1.8413697865E-005
#     -4   -11       7.9144079554E-005
#     -4   -10       1.0554016258E-004
#     -4    -9       1.5154181161E-004
#     -4    -8       3.8513589173E-003
#     -4    -7       4.3489298371E-004
#     -4    -6       4.7425324581E-004
#     -4    -5       3.0319728589E-004
#     -4    -4       4.6483371306E-005
#     -4    -3       5.1612018634E-006
#     -4    -2       3.8254561204E-004
#     -4    -1       3.1123815344E-004
#     -4     0       3.3383760795E-005
#     -4     1       2.9802629615E-005
#     -4     2       8.4586393414E-004
#     -4     3       9.1280380739E-005
#     -4     4       1.7778343071E-004
#     -4     5       6.7273877607E-005
#     -4     6       3.0079072279E-004
#     -4     7       4.1581320781E-003
#     -4     8       4.8890098857E-004
#     -4     9       5.0003072383E-004
#     -4    10       8.3510624476E-004
#     -4    11       6.1511130643E-004
#     -4    12       1.2489328887E-003
#     -4    13       2.0847484875E-004
#     -4    14       1.3642526932E-004
#     -3   -28       1.6463945906E-004
#     -3   -27       1.6499938170E-004
#     -3   -26       4.1698985454E-004
#     -3   -25       8.6694738461E-005
#     -3   -24       1.0141158454E-004
#     -3   -23       1.7921619944E-004
#     -3   -22       1.0820209600E-004
#     -3   -21       8.1418827930E-004
#     -3   -20       1.8330708312E-004
#     -3   -19       1.0835226350E-004
#     -3   -18       8.1804060003E-005
#     -3   -17       4.1372123714E-005
#     -3   -16       2.8822505410E-004
#     -3   -15       2.8800098092E-004
#     -3   -14       4.9120416846E-006
#     -3   -13       5.5152955429E-006
#     -3   -12       4.6541193332E-005
#     -3   -11       1.7876840955E-003
#     -3   -10       4.2259732905E-004
#     -3    -9       7.0284208916E-004
#     -3    -8       7.3733997168E-004
#     -3    -7       9.1602390573E-004
#     -3    -6       8.0290523725E-004
#     -3    -5       1.0958551943E-004
#     -3    -4       9.1888626118E-005
#     -3    -3       1.8992347168E-004
#     -3    -2       4.6245080978E-004
#     -3    -1       6.6700660134E-004
#     -3     0       3.0173886275E-004
#     -3     1       1.8160401037E-005
#     -3     2       2.9263577363E-005
#     -3     3       2.1596561514E-004
#     -3     4       3.2448365960E-004
#     -3     5       1.5864535541E-004
#     -3     6       1.2021010634E-004
#     -3     7       4.1506737312E-004
#     -3     8       5.1257712441E-004
#     -3     9       2.5825790444E-003
#     -3    10       6.1415733798E-004
#     -3    11       8.8637697953E-004
#     -3    12       4.8540464825E-005
#     -3    13       2.5999366311E-004
#     -2   -28       8.3892024819E-005
#     -2   -27       2.0458731948E-004
#     -2   -26       1.4906289226E-004
#     -2   -25       1.9111866967E-004
#     -2   -24       5.4860299725E-004
#     -2   -23       2.4794475890E-004
#     -2   -22       2.7197042171E-004
#     -2   -21       1.9628308016E-004
#     -2   -20       1.0361275734E-004
#     -2   -19       1.2171970789E-004
#     -2   -18       1.4937417682E-004
#     -2   -17       2.0500598018E-004
#     -2   -16       1.1736683505E-004
#     -2   -15       2.1506504547E-005
#     -2   -14       3.5338067582E-008
#     -2   -13       7.1411863711E-005
#     -2   -12       3.7512833285E-004
#     -2   -11       3.6283751827E-004
#     -2   -10       6.5486693910E-004
#     -2    -9       2.4066311921E-003
#     -2    -8       7.3016575250E-004
#     -2    -7       4.1742846806E-004
#     -2    -6       1.1006101266E-004
#     -2    -5       1.2700335810E-004
#     -2    -4       6.7192700865E-004
#     -2    -3       3.6847576758E-004
#     -2    -2       7.5986261347E-005
#     -2    -1       5.4093146912E-005
#     -2     0       6.9392947939E-005
#     -2     1       5.0213506902E-004
#     -2     2       4.6972173193E-004
#     -2     3       2.8604089097E-004
#     -2     4       1.6621320052E-005
#     -2     5       1.2528530892E-005
#     -2     6       4.0494047198E-004
#     -2     7       1.2279987797E-004
#     -2     8       1.6927764496E-004
#     -2     9       2.6302697071E-004
#     -2    10       3.1767282977E-004
#     -2    11       3.9872545362E-004
#     -2    12       1.1441430879E-004
#     -1   -27       5.9366991458E-004
#     -1   -26       6.8415864759E-005
#     -1   -25       4.1735571623E-005
#     -1   -24       1.6322846544E-004
#     -1   -23       9.0653799440E-005
#     -1   -22       1.3558704648E-003
#     -1   -21       3.4189940876E-005
#     -1   -20       1.4702459369E-005
#     -1   -19       5.7938451654E-007
#     -1   -18       5.5726730735E-005
#     -1   -17       5.1754199214E-004
#     -1   -16       2.4089136001E-005
#     -1   -15       2.3956996744E-005
#     -1   -14       1.5060458108E-005
#     -1   -13       6.9209023571E-005
#     -1   -12       2.1869440743E-003
#     -1   -11       1.8558487185E-004
#     -1   -10       6.1814144064E-005
#     -1    -9       1.1240914377E-004
#     -1    -8       1.0549064668E-004
#     -1    -7       1.2459261554E-003
#     -1    -6       1.2474037691E-004
#     -1    -5       3.8990778768E-005
#     -1    -4       2.9608259450E-004
#     -1    -3       5.8474400521E-005
#     -1    -2       1.0113210305E-004
#     -1    -1       1.8753386328E-004
#     -1     0       9.9690620746E-005
#     -1     1       4.7336603848E-004
#     -1     2       1.0038823580E-003
#     -1     3       1.4720450926E-003
#     -1     4       3.0360522229E-005
#     -1     5       2.3118988828E-004
#     -1     6       1.1040846462E-004
#     -1     7       1.9151487526E-004
#     -1     8       3.3967747592E-004
#     -1     9       9.9601426697E-005
#     -1    10       9.8727232925E-005
#     -1    11       3.0520905193E-004
#      0   -27       3.2729057281E-006
#      0   -26       2.0389658902E-005
#      0   -25       7.3499417285E-004
#      0   -24       4.2913415345E-006
#      0   -23       2.8755705054E-007
#      0   -22       9.0936896207E-006
#      0   -21       1.4928683426E-005
#      0   -20       3.2051163597E-003
#      0   -19       6.4490963110E-005
#      0   -18       1.7139035248E-005
#      0   -17       8.9863476968E-006
#      0   -16       2.7139865907E-005
#      0   -15       1.3455287025E-002
#      0   -14       4.2517096485E-005
#      0   -13       4.1626026073E-005
#      0   -12       7.7387398241E-007
#      0   -11       1.8724815786E-006
#      0   -10       1.6387710651E-002
#      0    -9       1.6072926710E-005
#      0    -8       1.5054123872E-005
#      0    -7       1.3686094364E-005
#      0    -6       1.2582036891E-005
#      0    -5       4.2349481873E-004
#      0    -4       3.8777435743E-005
#      0    -3       1.0671773775E-004
#      0    -2       1.3746471612E-004
#      0    -1       5.1940404734E-005
#      0     0       2.5514074341E-002
#      0     1       3.7756563919E-005
#      0     2       1.4188250607E-004
#      0     3       2.5218651809E-005
#      0     4       2.3441614286E-004
#      0     5       9.9480861386E-003
#      0     6       7.0370831101E-005
#      0     7       3.9104377177E-005
#      0     8       8.2179723350E-006
#      0     9       2.4825999767E-004
#      0    10       8.6120420696E-003
#      1   -27       1.0740854904E-004
#      1   -26       2.6239113994E-004
#      1   -25       1.7775016775E-004
#      1   -24       1.6098263179E-004
#      1   -23       5.4373765047E-004
#      1   -22       1.1714748390E-004
#      1   -21       2.0572750232E-004
#      1   -20       7.4821979748E-006
#      1   -19       6.8679284337E-006
#      1   -18       7.3761720582E-005
#      1   -17       9.6642656200E-005
#      1   -16       2.6579142425E-005
#      1   -15       4.6153449495E-005
#      1   -14       1.4123639444E-004
#      1   -13       7.1231209289E-004
#      1   -12       2.0284540500E-004
#      1   -11       1.6501070938E-004
#      1   -10       5.5773650096E-005
#      1    -9       8.0289062317E-005
#      1    -8       1.5706402504E-004
#      1    -7       2.9501741717E-005
#      1    -6       1.1864106318E-004
#      1    -5       1.4409422792E-004
#      1    -4       1.7289217028E-005
#      1    -3       4.4677493625E-004
#      1    -2       3.3366570028E-004
#      1    -1       8.0945509913E-004
#      1     0       7.1087407671E-004
#      1     1       6.3172704903E-004
#      1     2       2.6410677842E-003
#      1     3       7.5513232312E-005
#      1     4       7.4401876850E-005
#      1     5       4.8812603056E-004
#      1     6       4.3464002744E-004
#      1     7       1.2293126436E-003
#      1     8       5.9351941850E-004
#      1     9       1.8180959007E-004
#      2   -27       1.6891657236E-004
#      2   -26       1.2975840180E-003
#      2   -25       3.0676900033E-004
#      2   -24       2.7612906934E-004
#      2   -23       3.0550897903E-004
#      2   -22       1.8227423936E-004
#      2   -21       1.8507417065E-005
#      2   -20       1.5747949652E-005
#      2   -19       1.1105345641E-005
#      2   -18       9.8367576633E-005
#      2   -17       1.1772390750E-004
#      2   -16       2.5737358784E-004
#      2   -15       4.6167431179E-004
#      2   -14       1.8779638668E-004
#      2   -13       2.7094921273E-004
#      2   -12       1.8046869914E-004
#      2   -11       1.8887662940E-004
#      2   -10       2.5622621773E-005
#      2    -9       3.2919157320E-005
#      2    -8       7.9915164237E-005
#      2    -7       1.3120463250E-004
#      2    -6       8.1683417942E-005
#      2    -5       9.7591585794E-005
#      2    -4       2.1640117021E-005
#      2    -3       1.5095130664E-004
#      2    -2       1.0642767519E-003
#      2    -1       2.6295654126E-003
#      2     0       9.3228159865E-004
#      2     1       4.8444874130E-004
#      2     2       1.2608952860E-004
#      2     3       2.0690999821E-004
#      2     4       2.4334301014E-003
#      2     5       7.0204242730E-004
#      2     6       2.7438092735E-004
#      2     7       5.5623123708E-004
#      2     8       5.7005949710E-004
#      3   -26       7.2924654731E-005
#      3   -25       1.3051015903E-004
#      3   -24       4.0440697047E-004
#      3   -23       1.1015412983E-004
#      3   -22       3.3085658600E-005
#      3   -21       1.0279976455E-004
#      3   -20       1.5001574157E-005
#      3   -19       2.1437990351E-004
#      3   -18       3.9017134212E-004
#      3   -17       1.4954892840E-004
#      3   -16       3.9137769051E-004
#      3   -15       3.4736279436E-004
#      3   -14       9.0808803380E-004
#      3   -13       6.5179529416E-005
#      3   -12       1.1113421141E-004
#      3   -11       1.2226114409E-004
#      3   -10       5.5540570131E-004
#      3    -9       2.6865814870E-003
#      3    -8       7.2161194097E-004
#      3    -7       4.2506872164E-004
#      3    -6       1.0510316943E-004
#      3    -5       4.0190489248E-005
#      3    -4       2.7763454750E-004
#      3    -3       1.1743498795E-005
#      3    -2       6.4440578071E-005
#      3    -1       7.9084161887E-004
#      3     0       4.6291582565E-004
#      3     1       2.6823468016E-003
#      3     2       4.9048427371E-004
#      3     3       5.6073515248E-004
#      3     4       1.2900394182E-003
#      3     5       4.6647770477E-004
#      3     6       1.4366532605E-003
#      4   -26       7.4056375004E-005
#      4   -25       1.4143874533E-005
#      4   -24       2.4727090297E-005
#      4   -23       2.9865777031E-006
#      4   -22       9.7518367439E-004
#      4   -21       1.8758309855E-005
#      4   -20       4.5199017318E-005
#      4   -19       4.8364579944E-005
#      4   -18       8.7275009017E-005
#      4   -17       5.0753885426E-004
#      4   -16       3.3542023117E-005
#      4   -15       3.7953017325E-004
#      4   -14       2.8363808994E-004
#      4   -13       1.3995260563E-004
#      4   -12       3.9257483776E-003
#      4   -11       4.3904117802E-004
#      4   -10       6.9329441560E-004
#      4    -9       5.6610972993E-004
#      4    -8       7.2311209097E-004
#      4    -7       1.6997806160E-003
#      4    -6       4.8147792764E-005
#      4    -5       4.6114439225E-005
#      4    -4       4.4688474910E-005
#      4    -3       5.6924188567E-005
#      4    -2       4.0650398879E-004
#      4    -1       6.1714734034E-004
#      4     0       9.6370093573E-004
#      4     1       1.0427394455E-003
#      4     2       2.0230254913E-003
#      4     3       3.8084139960E-003
#      4     4       9.6965716950E-005
#      4     5       5.1639284517E-005
#      5   -25       2.2949283012E-003
#      5   -24       1.1419152085E-005
#      5   -23       3.4267257041E-005
#      5   -22       4.7408410131E-005
#      5   -21       2.7722950869E-005
#      5   -20       1.0851361173E-003
#      5   -19       6.3092795130E-005
#      5   -18       1.0081789087E-005
#      5   -17       4.2416541820E-005
#      5   -16       7.8208479909E-006
#      5   -15       1.1421439214E-002
#      5   -14       5.0037342473E-005
#      5   -13       1.2017910295E-004
#      5   -12       1.6704719487E-005
#      5   -11       4.7016137511E-006
#      5   -10       2.6209802533E-002
#      5    -9       1.3344201824E-004
#      5    -8       2.0344214772E-005
#      5    -7       1.4573819643E-004
#      5    -6       2.6347993272E-005
#      5    -5       7.6012642631E-003
#      5    -4       1.2155093956E-004
#      5    -3       3.2950453551E-004
#      5    -2       1.1153913395E-005
#      5    -1       4.1243067731E-004
#      5     0       4.1797665287E-002
#      5     1       1.4044136746E-004
#      5     2       1.5518826729E-004
#      5     3       1.5852850036E-005
#      6   -25       7.9591001808E-005
#      6   -24       4.5931575869E-005
#      6   -23       3.8051198721E-004
#      6   -22       1.4143579414E-005
#      6   -21       2.6868037173E-004
#      6   -20       3.8687131953E-005
#      6   -19       2.4332277055E-005
#      6   -18       4.0174897958E-004
#      6   -17       7.6020821978E-005
#      6   -16       3.5710482654E-004
#      6   -15       3.4926612563E-004
#      6   -14       1.1578676735E-004
#      6   -13       4.1119640691E-004
#      6   -12       1.1061487144E-003
#      6   -11       7.0012571407E-004
#      6   -10       7.1725682776E-004
#      6    -9       3.6111202389E-004
#      6    -8       2.5499217868E-005
#      6    -7       1.3434294413E-005
#      6    -6       4.3014584243E-004
#      6    -5       7.3437095262E-004
#      6    -4       4.6565840836E-004
#      6    -3       4.4493706376E-003
#      6    -2       5.3058361946E-004
#      6    -1       1.4682461329E-004
#      6     0       2.7711915289E-004
#      6     1       1.0323563332E-003
#      6     2       2.3385711964E-003
#      7   -24       6.2506379079E-004
#      7   -23       2.4652379756E-004
#      7   -22       3.7621137947E-004
#      7   -21       1.0923321499E-003
#      7   -20       1.6893447292E-004
#      7   -19       5.8458837722E-004
#      7   -18       2.4039933726E-004
#      7   -17       4.1266929797E-004
#      7   -16       1.9108730312E-003
#      7   -15       9.9089552549E-004
#      7   -14       7.8728108357E-005
#      7   -13       2.2617881892E-004
#      7   -12       1.1193642851E-003
#      7   -11       4.4407563858E-003
#      7   -10       1.0150670069E-003
#      7    -9       3.3307876165E-004
#      7    -8       1.8335873142E-004
#      7    -7       8.2460923422E-004
#      7    -6       1.0009229125E-003
#      7    -5       1.6641740299E-003
#      7    -4       3.7436973403E-004
#      7    -3       8.1170064075E-004
#      7    -2       7.5445239089E-004
#      7    -1       1.9380107021E-003
#      7     0       1.5827037791E-004
#      8   -23       4.0227471840E-004
#      8   -22       1.0741489240E-004
#      8   -21       1.7563478165E-004
#      8   -20       4.4624695728E-004
#      8   -19       1.2455823994E-003
#      8   -18       1.9049139032E-004
#      8   -17       5.8929499363E-004
#      8   -16       6.4705845514E-004
#      8   -15       5.7358539286E-004
#      8   -14       1.0742821561E-003
#      8   -13       4.0772082041E-005
#      8   -12       2.7459973907E-004
#      8   -11       9.6008281714E-004
#      8   -10       6.8389339060E-004
#      8    -9       2.5680294258E-004
#      8    -8       1.4337949028E-004
#      8    -7       5.4592454321E-006
#      8    -6       5.6923433990E-004
#      8    -5       2.9755219246E-004
#      8    -4       1.2385709250E-003
#      8    -3       5.9916224593E-005
#      8    -2       5.1190522411E-004
#      9   -21       3.8598666743E-004
#      9   -20       1.9895464610E-004
#      9   -19       5.0422359795E-004
#      9   -18       1.0258124343E-004
#      9   -17       3.3468716644E-003
#      9   -16       6.4018781409E-004
#      9   -15       4.0530541112E-004
#      9   -14       4.4385027251E-004
#      9   -13       1.0523348428E-004
#      9   -12       3.0254042585E-004
#      9   -11       1.6098517848E-004
#      9   -10       1.6477669183E-004
#      9    -9       3.8337019767E-004
#      9    -8       1.7326515835E-004
#      9    -7       1.7161601451E-003
#      9    -6       2.8985076665E-004
#      9    -5       8.8150546615E-005
#     10   -19       1.5212328722E-004
#     10   -18       3.5885917769E-006
#     10   -17       4.6471911611E-005
#     10   -16       1.6788448456E-005
#     10   -15       1.5988794016E-002
#     10   -14       7.6522998612E-005
#     10   -13       3.4123472244E-004
#     10   -12       5.5546325377E-005
#     10   -11       1.4334610186E-004
#     10   -10       1.1586983929E-002
#     10    -9       1.8686300538E-004
#     10    -8       6.3245407796E-004
