 Diffraction intensities for potential:_5x5_02D10005.in                        
#    -45    11       4.3072925705E-007
#    -45    12       3.4660450587E-005
#    -45    13       2.7064956191E-005
#    -45    14       1.0407625390E-005
#    -45    15       4.6523892823E-005
#    -45    16       1.8914117985E-005
#    -44     7       6.7640524796E-006
#    -44     8       1.7557052449E-006
#    -44     9       3.7990419585E-005
#    -44    10       7.5327301047E-007
#    -44    11       2.3961503929E-005
#    -44    12       4.7709930029E-005
#    -44    13       5.7036314560E-006
#    -44    14       7.0496928481E-005
#    -44    15       5.9611188685E-006
#    -44    16       4.7889248281E-005
#    -44    17       2.8924469561E-005
#    -44    18       2.5462198514E-006
#    -44    19       4.0507294329E-005
#    -44    20       8.2540767203E-006
#    -43     4       1.7158360405E-006
#    -43     5       1.1098360678E-005
#    -43     6       1.8187351289E-005
#    -43     7       5.3675065921E-006
#    -43     8       4.8194089425E-005
#    -43     9       2.7489003522E-006
#    -43    10       3.6591903871E-005
#    -43    11       6.1512714871E-005
#    -43    12       1.5137943485E-005
#    -43    13       6.0827023136E-005
#    -43    14       4.8224590924E-006
#    -43    15       4.4949147238E-005
#    -43    16       3.7913861858E-005
#    -43    17       6.0118418399E-006
#    -43    18       1.7171427082E-004
#    -43    19       1.3310396037E-005
#    -43    20       5.1137155843E-005
#    -43    21       1.6614281457E-005
#    -43    22       8.2180026020E-006
#    -42     2       1.7195061581E-005
#    -42     3       5.3231347389E-006
#    -42     4       1.7990562508E-005
#    -42     5       1.4400112923E-005
#    -42     6       1.6659411783E-008
#    -42     7       2.1254413517E-005
#    -42     8       2.2970617243E-006
#    -42     9       3.8418846963E-005
#    -42    10       5.6911348011E-005
#    -42    11       9.8923556350E-006
#    -42    12       1.3999278377E-004
#    -42    13       8.1300981021E-006
#    -42    14       5.9019500491E-005
#    -42    15       4.6645547511E-005
#    -42    16       8.4304302781E-006
#    -42    17       1.0356078411E-004
#    -42    18       1.1837689615E-005
#    -42    19       7.3401617465E-005
#    -42    20       6.0190894262E-005
#    -42    21       2.9965908149E-006
#    -42    22       4.7187448524E-005
#    -42    23       1.0164277268E-005
#    -41     0       2.4988776863E-006
#    -41     1       1.6047361777E-005
#    -41     2       1.4149647990E-006
#    -41     3       2.6942275693E-005
#    -41     4       2.0025570672E-005
#    -41     5       1.0218821115E-006
#    -41     6       3.5390891534E-005
#    -41     7       6.2689071014E-006
#    -41     8       3.3718635079E-005
#    -41     9       5.7299373647E-005
#    -41    10       9.2962143553E-006
#    -41    11       1.3847784451E-004
#    -41    12       1.2443479009E-005
#    -41    13       8.8720517228E-005
#    -41    14       7.3211277630E-005
#    -41    15       1.2677688279E-005
#    -41    16       1.7302336227E-004
#    -41    17       1.0881284937E-005
#    -41    18       1.0598508140E-004
#    -41    19       7.2444389969E-005
#    -41    20       4.7573215842E-006
#    -41    21       1.1280559181E-004
#    -41    22       1.2492909462E-005
#    -41    23       3.6706709440E-005
#    -41    24       5.3070771129E-005
#    -40    -2       2.2567213713E-005
#    -40    -1       2.3173818573E-006
#    -40     0       4.9139316437E-005
#    -40     1       7.9348562471E-006
#    -40     2       5.4565652418E-005
#    -40     3       2.3571961689E-005
#    -40     4       2.2691504918E-006
#    -40     5       5.0934773007E-005
#    -40     6       3.9005650647E-006
#    -40     7       8.1733000014E-005
#    -40     8       5.5176745649E-005
#    -40     9       1.0847066691E-005
#    -40    10       1.3938246600E-004
#    -40    11       9.7911941259E-006
#    -40    12       1.1297975605E-004
#    -40    13       1.0719763961E-004
#    -40    14       2.5559646567E-005
#    -40    15       1.4428165555E-004
#    -40    16       2.8395391136E-005
#    -40    17       1.1281046131E-004
#    -40    18       1.0332880022E-004
#    -40    19       8.3746147845E-006
#    -40    20       8.9671458406E-005
#    -40    21       6.1211470988E-006
#    -40    22       2.0841498313E-005
#    -40    23       5.9007397044E-005
#    -40    24       9.1453798892E-006
#    -40    25       4.0502742740E-005
#    -39    -4       1.1971576817E-005
#    -39    -3       1.0086069716E-005
#    -39    -2       1.7292402960E-006
#    -39    -1       3.9836768157E-005
#    -39     0       7.8358237044E-007
#    -39     1       2.6845531665E-005
#    -39     2       2.3884526839E-005
#    -39     3       1.2833906840E-006
#    -39     4       6.5474710369E-005
#    -39     5       2.7864478132E-006
#    -39     6       4.8758109539E-005
#    -39     7       4.2914067457E-005
#    -39     8       1.1880639513E-005
#    -39     9       9.5142058687E-005
#    -39    10       4.7602616404E-006
#    -39    11       1.0016708172E-004
#    -39    12       1.1245644435E-004
#    -39    13       1.2851176051E-005
#    -39    14       2.0763004489E-004
#    -39    15       3.0821586276E-005
#    -39    16       1.3649267030E-004
#    -39    17       1.0500101216E-004
#    -39    18       2.1491926815E-005
#    -39    19       1.4822662495E-004
#    -39    20       8.6275291647E-006
#    -39    21       9.3700361775E-005
#    -39    22       7.0362900266E-005
#    -39    23       2.1926051423E-005
#    -39    24       2.1885423277E-004
#    -39    25       1.5754575704E-005
#    -39    26       2.4463346715E-005
#    -38    -5       1.2295246196E-005
#    -38    -4       1.2323546531E-005
#    -38    -3       5.0439911578E-006
#    -38    -2       8.0975584139E-005
#    -38    -1       2.2748548335E-006
#    -38     0       2.0515417527E-005
#    -38     1       1.9475209236E-005
#    -38     2       4.1083483696E-006
#    -38     3       8.3001605514E-005
#    -38     4       4.7983960675E-006
#    -38     5       5.4897277424E-005
#    -38     6       4.6969476025E-005
#    -38     7       1.3753746793E-005
#    -38     8       6.3709439220E-005
#    -38     9       5.5050873290E-006
#    -38    10       7.1637575025E-005
#    -38    11       9.2882302647E-005
#    -38    12       1.6578922236E-005
#    -38    13       2.3641134109E-004
#    -38    14       2.0260561564E-005
#    -38    15       1.3772379020E-004
#    -38    16       1.0776289247E-004
#    -38    17       1.8516940202E-005
#    -38    18       3.2765660752E-004
#    -38    19       2.0100138544E-005
#    -38    20       9.9144345171E-005
#    -38    21       9.0617466461E-005
#    -38    22       2.2313639433E-005
#    -38    23       9.4463307567E-005
#    -38    24       3.7827340899E-005
#    -38    25       8.9130401412E-005
#    -38    26       5.6036476202E-005
#    -37    -7       4.3844634790E-006
#    -37    -6       1.1289309294E-005
#    -37    -5       1.1698371980E-005
#    -37    -4       3.9763348893E-006
#    -37    -3       1.8626390324E-005
#    -37    -2       2.8727485197E-006
#    -37    -1       1.5889024735E-005
#    -37     0       2.2972954264E-005
#    -37     1       2.1639789525E-006
#    -37     2       4.7332107132E-005
#    -37     3       5.0543257332E-006
#    -37     4       5.6240871470E-005
#    -37     5       5.5969005098E-005
#    -37     6       7.7171175952E-006
#    -37     7       9.3859409927E-005
#    -37     8       5.0606612476E-006
#    -37     9       6.2038531496E-005
#    -37    10       6.3340773244E-005
#    -37    11       1.6139966802E-005
#    -37    12       1.6917235713E-004
#    -37    13       1.4076295478E-005
#    -37    14       1.0853655032E-004
#    -37    15       1.0864681359E-004
#    -37    16       1.3566128507E-005
#    -37    17       1.7218625882E-004
#    -37    18       2.1164929426E-005
#    -37    19       1.1888746603E-004
#    -37    20       1.0979838081E-004
#    -37    21       1.1840442813E-005
#    -37    22       1.2379665823E-004
#    -37    23       1.8586289030E-005
#    -37    24       9.6833936465E-005
#    -37    25       7.9356133086E-005
#    -37    26       1.0302692023E-005
#    -37    27       1.0508012481E-004
#    -36    -8       1.5229630001E-006
#    -36    -7       2.8623937490E-005
#    -36    -6       9.1637861788E-006
#    -36    -5       3.9454659228E-006
#    -36    -4       6.1245304860E-005
#    -36    -3       2.8546883910E-006
#    -36    -2       3.3883288971E-005
#    -36    -1       2.8059115388E-005
#    -36     0       2.8887657554E-006
#    -36     1       4.2823451160E-005
#    -36     2       5.4671957505E-006
#    -36     3       5.4381281999E-005
#    -36     4       6.3158340540E-005
#    -36     5       9.0580665015E-006
#    -36     6       1.0569833013E-004
#    -36     7       6.8277170392E-006
#    -36     8       5.9728107090E-005
#    -36     9       4.7306799369E-005
#    -36    10       1.4687607476E-005
#    -36    11       1.2872711493E-004
#    -36    12       5.6939385660E-006
#    -36    13       1.0683736290E-004
#    -36    14       7.5987862413E-005
#    -36    15       1.5361376127E-005
#    -36    16       1.8365165802E-004
#    -36    17       2.1511834477E-005
#    -36    18       9.0567796979E-005
#    -36    19       1.3719617090E-004
#    -36    20       3.6901317733E-006
#    -36    21       1.9591015341E-004
#    -36    22       1.9650286440E-005
#    -36    23       1.2199374650E-004
#    -36    24       9.4190172510E-005
#    -36    25       1.7088215615E-005
#    -36    26       5.4041003656E-005
#    -36    27       5.5855446566E-006
#    -35    -9       5.4371508206E-006
#    -35    -8       3.9540326975E-005
#    -35    -7       2.8425001501E-005
#    -35    -6       1.9643243557E-006
#    -35    -5       6.4969912425E-005
#    -35    -4       1.0717180076E-005
#    -35    -3       5.7576447690E-005
#    -35    -2       4.6058299603E-005
#    -35    -1       2.0910524614E-006
#    -35     0       1.0521383449E-004
#    -35     1       1.0422005837E-005
#    -35     2       6.6120567166E-005
#    -35     3       6.6144653845E-005
#    -35     4       8.5183539974E-006
#    -35     5       1.7573599338E-005
#    -35     6       3.7794986066E-006
#    -35     7       7.1829727302E-005
#    -35     8       4.5180663445E-005
#    -35     9       1.5357624891E-005
#    -35    10       3.0737049146E-004
#    -35    11       7.1090718132E-006
#    -35    12       9.0294821990E-005
#    -35    13       6.2346467793E-005
#    -35    14       1.6041797124E-005
#    -35    15       2.9807010798E-004
#    -35    16       1.0970154933E-005
#    -35    17       6.3832551665E-005
#    -35    18       7.9819251649E-005
#    -35    19       7.7932071472E-006
#    -35    20       1.9434773120E-004
#    -35    21       3.4895917517E-005
#    -35    22       6.8561548096E-005
#    -35    23       1.1267813199E-004
#    -35    24       2.4575096853E-005
#    -35    25       1.7321396596E-004
#    -35    26       2.2406829936E-005
#    -35    27       7.4985878603E-005
#    -34   -11       2.2147646178E-006
#    -34   -10       2.0830479465E-006
#    -34    -9       4.5314174485E-005
#    -34    -8       6.1130331995E-005
#    -34    -7       5.4675796273E-006
#    -34    -6       5.7341591504E-005
#    -34    -5       8.6743905660E-006
#    -34    -4       5.6042484817E-005
#    -34    -3       5.8570852225E-005
#    -34    -2       4.5905892363E-006
#    -34    -1       7.2082368440E-005
#    -34     0       7.8502516290E-006
#    -34     1       4.4778734392E-005
#    -34     2       5.8686217876E-005
#    -34     3       9.8616361905E-006
#    -34     4       1.1042726388E-004
#    -34     5       3.0075845581E-006
#    -34     6       5.8143374040E-005
#    -34     7       2.8897582458E-005
#    -34     8       8.1112931879E-006
#    -34     9       5.9658972214E-005
#    -34    10       8.0257660527E-006
#    -34    11       5.8882279205E-005
#    -34    12       4.4932214021E-005
#    -34    13       1.3149623649E-005
#    -34    14       1.1303197926E-004
#    -34    15       8.5587458878E-006
#    -34    16       7.2383742849E-005
#    -34    17       7.6037033323E-005
#    -34    18       1.9110089530E-005
#    -34    19       8.7006694700E-005
#    -34    20       1.5268130034E-005
#    -34    21       7.5676583524E-005
#    -34    22       1.3514942697E-004
#    -34    23       2.4929359712E-005
#    -34    24       2.9827052815E-004
#    -34    25       6.1976524230E-006
#    -34    26       8.8235551332E-005
#    -34    27       9.9317778706E-006
#    -33   -12       5.9652353155E-005
#    -33   -11       2.3933122745E-006
#    -33   -10       4.5475982319E-005
#    -33    -9       5.6991254897E-005
#    -33    -8       3.8082686198E-006
#    -33    -7       1.6395386472E-004
#    -33    -6       8.6698988497E-006
#    -33    -5       5.9548504147E-005
#    -33    -4       7.0243511189E-005
#    -33    -3       1.0330145091E-005
#    -33    -2       1.4500935112E-004
#    -33    -1       9.8658181338E-006
#    -33     0       4.9488895943E-005
#    -33     1       5.5333456422E-005
#    -33     2       1.2510874198E-005
#    -33     3       1.1314180667E-004
#    -33     4       3.8580455412E-006
#    -33     5       4.6312485318E-005
#    -33     6       1.7372300410E-005
#    -33     7       6.2625802798E-006
#    -33     8       3.3004062455E-005
#    -33     9       3.7003486587E-006
#    -33    10       4.2766868074E-005
#    -33    11       3.7865699525E-005
#    -33    12       8.3537655844E-006
#    -33    13       1.0516664477E-004
#    -33    14       9.1536562544E-006
#    -33    15       5.5370481448E-005
#    -33    16       5.6346770339E-005
#    -33    17       1.6143699318E-005
#    -33    18       9.1904188894E-005
#    -33    19       1.4685742056E-005
#    -33    20       6.3722932604E-005
#    -33    21       8.5312081776E-005
#    -33    22       2.2318118262E-005
#    -33    23       1.9988435267E-004
#    -33    24       3.6276592706E-006
#    -33    25       5.5253786332E-005
#    -33    26       6.6226216210E-005
#    -33    27       2.3086305305E-006
#    -32   -13       3.2437824347E-005
#    -32   -12       3.6759762250E-006
#    -32   -11       4.8343007303E-005
#    -32   -10       5.6886612910E-005
#    -32    -9       8.4437836878E-006
#    -32    -8       9.4357546064E-005
#    -32    -7       8.2900718441E-006
#    -32    -6       4.9884689488E-005
#    -32    -5       6.7221365346E-005
#    -32    -4       1.2982627199E-005
#    -32    -3       1.1313442778E-004
#    -32    -2       1.2006639689E-005
#    -32    -1       5.4728333323E-005
#    -32     0       6.8894094348E-005
#    -32     1       8.5996677296E-006
#    -32     2       7.3569797499E-005
#    -32     3       2.6910631758E-006
#    -32     4       3.3927398382E-005
#    -32     5       1.2871053092E-005
#    -32     6       4.1153144338E-006
#    -32     7       2.2272427709E-005
#    -32     8       1.1268795650E-006
#    -32     9       2.8126902483E-005
#    -32    10       2.3838049280E-005
#    -32    11       5.9022368651E-006
#    -32    12       4.6395043039E-005
#    -32    13       2.8184302997E-006
#    -32    14       3.4930737026E-005
#    -32    15       2.2852519585E-005
#    -32    16       2.4997326738E-006
#    -32    17       3.0047233928E-005
#    -32    18       1.7354189962E-005
#    -32    19       2.9104247377E-005
#    -32    20       6.4356097773E-005
#    -32    21       6.3324968628E-006
#    -32    22       1.0495277659E-004
#    -32    23       2.1500075529E-005
#    -32    24       1.4381400449E-004
#    -32    25       5.4395771255E-005
#    -32    26       1.6704939253E-005
#    -32    27       1.7776264113E-004
#    -32    28       2.5566863614E-005
#    -31   -14       6.6891997734E-005
#    -31   -13       1.1364938706E-006
#    -31   -12       5.9621571400E-005
#    -31   -11       4.4631226001E-005
#    -31   -10       1.0734270857E-005
#    -31    -9       6.0195049835E-005
#    -31    -8       6.5291371140E-006
#    -31    -7       6.8983087433E-005
#    -31    -6       5.9974340087E-005
#    -31    -5       1.4377005733E-005
#    -31    -4       1.2798060550E-004
#    -31    -3       1.4319426770E-005
#    -31    -2       8.2779923166E-005
#    -31    -1       7.8475639386E-005
#    -31     0       6.9708800099E-006
#    -31     1       8.0838435245E-005
#    -31     2       5.2544489488E-006
#    -31     3       2.5639690917E-005
#    -31     4       1.4016012564E-005
#    -31     5       3.9094519907E-006
#    -31     6       2.0500316513E-005
#    -31     7       1.9581343431E-008
#    -31     8       2.7827800795E-005
#    -31     9       9.0830582746E-006
#    -31    10       5.6267224390E-006
#    -31    11       2.6469318593E-005
#    -31    12       6.1518652773E-007
#    -31    13       1.9551142468E-005
#    -31    14       2.2288548247E-006
#    -31    15       1.5272856695E-006
#    -31    16       1.2193089612E-005
#    -31    17       5.7164511638E-006
#    -31    18       1.2544329048E-005
#    -31    19       2.4808634613E-005
#    -31    20       5.3458115027E-006
#    -31    21       1.2776063765E-004
#    -31    22       1.2939294620E-005
#    -31    23       7.9697399669E-005
#    -31    24       1.7829649622E-004
#    -31    25       1.3284325692E-005
#    -31    26       9.5841309762E-005
#    -31    27       3.0266182026E-006
#    -31    28       1.1221174447E-004
#    -30   -15       3.8317196585E-005
#    -30   -14       3.3421371698E-006
#    -30   -13       4.0249191976E-005
#    -30   -12       6.5919515913E-005
#    -30   -11       1.4409837048E-005
#    -30   -10       1.5790270792E-004
#    -30    -9       1.2718390646E-005
#    -30    -8       5.7846702765E-005
#    -30    -7       8.1756651211E-005
#    -30    -6       1.1423278097E-005
#    -30    -5       3.4180704703E-005
#    -30    -4       1.9908434244E-005
#    -30    -3       9.0057891996E-005
#    -30    -2       8.5046611812E-005
#    -30    -1       4.1431212097E-006
#    -30     0       5.9925967371E-004
#    -30     1       8.5232462987E-006
#    -30     2       3.6046351201E-005
#    -30     3       1.4804152336E-005
#    -30     4       3.9667140961E-006
#    -30     5       8.9080626677E-004
#    -30     6       6.3871155077E-008
#    -30     7       4.5059590335E-005
#    -30     8       9.5512553344E-006
#    -30     9       9.1169668672E-006
#    -30    10       8.7302460611E-004
#    -30    11       4.5181634762E-006
#    -30    12       1.6277516915E-005
#    -30    13       2.6949036231E-005
#    -30    14       8.4203817978E-006
#    -30    15       6.5098351264E-004
#    -30    16       2.8909416612E-006
#    -30    17       7.3624831270E-006
#    -30    18       5.5103908294E-006
#    -30    19       1.6296526373E-006
#    -30    20       1.9121103263E-005
#    -30    21       1.2690817689E-005
#    -30    22       1.0159492105E-004
#    -30    23       2.5324503881E-004
#    -30    24       3.6347941123E-005
#    -30    25       1.1907343091E-004
#    -30    26       1.7931934836E-005
#    -30    27       8.6672737438E-005
#    -30    28       1.0393722328E-005
#    -29   -16       4.5641888458E-005
#    -29   -15       2.1787457028E-007
#    -29   -14       6.5093473802E-005
#    -29   -13       8.7629457384E-005
#    -29   -12       1.9273605911E-005
#    -29   -11       1.1531450516E-004
#    -29   -10       1.0125690695E-005
#    -29    -9       9.1120983234E-005
#    -29    -8       9.7982245639E-005
#    -29    -7       1.2928145389E-005
#    -29    -6       1.2417696488E-004
#    -29    -5       1.7064035824E-005
#    -29    -4       7.4819808279E-005
#    -29    -3       8.2682630735E-005
#    -29    -2       4.0702967412E-006
#    -29    -1       7.7328402621E-005
#    -29     0       1.2612892215E-005
#    -29     1       4.1216123523E-005
#    -29     2       2.6112777391E-005
#    -29     3       5.1396395749E-006
#    -29     4       2.8018394199E-005
#    -29     5       9.6824084777E-008
#    -29     6       5.4579156874E-005
#    -29     7       2.0343970444E-005
#    -29     8       1.0800760909E-005
#    -29     9       1.0775460154E-005
#    -29    10       7.7310510920E-006
#    -29    11       1.7884639046E-005
#    -29    12       6.1863024052E-005
#    -29    13       1.1413240765E-005
#    -29    14       1.3422265293E-004
#    -29    15       1.5702442469E-006
#    -29    16       2.9661073037E-005
#    -29    17       8.1068147119E-006
#    -29    18       5.1449824442E-006
#    -29    19       6.9047227286E-006
#    -29    20       3.5054076584E-006
#    -29    21       8.3539861966E-005
#    -29    22       5.5728653338E-005
#    -29    23       3.2324851236E-005
#    -29    24       2.7640401354E-004
#    -29    25       8.9257645176E-006
#    -29    26       1.1423855417E-004
#    -29    27       1.3467584106E-004
#    -28   -16       6.1178916114E-006
#    -28   -15       3.8455713102E-005
#    -28   -14       5.1929237586E-005
#    -28   -13       1.1307257330E-005
#    -28   -12       1.7255597450E-004
#    -28   -11       2.0566593798E-005
#    -28   -10       9.0081119867E-005
#    -28    -9       8.9504915148E-005
#    -28    -8       8.4841184816E-006
#    -28    -7       1.3946136795E-004
#    -28    -6       1.3481755228E-005
#    -28    -5       5.9285378872E-005
#    -28    -4       6.7370639079E-005
#    -28    -3       1.9683770283E-006
#    -28    -2       7.5605975632E-005
#    -28    -1       1.3353762008E-005
#    -28     0       4.4076524020E-005
#    -28     1       4.0419124546E-005
#    -28     2       6.5302742521E-006
#    -28     3       3.0810795356E-005
#    -28     4       1.2394600933E-006
#    -28     5       4.9052951987E-005
#    -28     6       3.5856986091E-005
#    -28     7       1.6479066901E-005
#    -28     8       3.8329895049E-005
#    -28     9       7.9245139270E-006
#    -28    10       2.5872318432E-005
#    -28    11       1.0504738761E-004
#    -28    12       7.8189948321E-006
#    -28    13       1.7107056155E-004
#    -28    14       1.3999881835E-005
#    -28    15       8.2399947460E-005
#    -28    16       3.6383993792E-005
#    -28    17       1.2159177116E-005
#    -28    18       5.1739738597E-005
#    -28    19       4.2386474962E-006
#    -28    20       4.3558422569E-005
#    -28    21       4.5703506761E-005
#    -28    22       1.0530622530E-005
#    -28    23       1.8404942342E-004
#    -28    24       2.2431467867E-005
#    -28    25       1.8953973046E-004
#    -28    26       1.3949106341E-004
#    -28    27       1.4881517503E-005
#    -27   -17       2.7131874914E-006
#    -27   -16       3.1631492335E-005
#    -27   -15       4.9438197399E-005
#    -27   -14       1.3147728011E-005
#    -27   -13       1.6610345700E-004
#    -27   -12       1.6352928143E-005
#    -27   -11       1.0512185886E-004
#    -27   -10       9.2414407761E-005
#    -27    -9       1.1933965652E-005
#    -27    -8       1.1353811387E-004
#    -27    -7       7.1057678186E-006
#    -27    -6       4.4517207283E-005
#    -27    -5       4.5570021937E-005
#    -27    -4       1.9631995651E-006
#    -27    -3       3.6881484084E-005
#    -27    -2       1.1307758935E-005
#    -27    -1       4.2431564088E-005
#    -27     0       4.6550718372E-005
#    -27     1       7.7045087246E-006
#    -27     2       3.2102170211E-005
#    -27     3       3.5980168050E-006
#    -27     4       3.1855940105E-005
#    -27     5       4.8624524541E-005
#    -27     6       1.2738170438E-005
#    -27     7       9.8749925222E-005
#    -27     8       1.1613052318E-005
#    -27     9       4.9215108885E-005
#    -27    10       1.2741602662E-004
#    -27    11       4.7834893154E-006
#    -27    12       2.8033750208E-004
#    -27    13       2.2913913723E-005
#    -27    14       1.5922883099E-004
#    -27    15       5.7041064594E-005
#    -27    16       1.9383450990E-005
#    -27    17       2.6355311961E-005
#    -27    18       4.9501925491E-006
#    -27    19       9.3068500974E-006
#    -27    20       2.7925878760E-005
#    -27    21       1.0060271807E-005
#    -27    22       1.8662119030E-004
#    -27    23       4.7445961662E-005
#    -27    24       2.0773724111E-004
#    -27    25       2.3742576372E-004
#    -27    26       1.3621311487E-005
#    -27    27       1.6954073781E-004
#    -26   -18       7.7083569967E-006
#    -26   -17       2.9245249262E-005
#    -26   -16       5.0820544217E-005
#    -26   -15       1.3060249605E-005
#    -26   -14       2.2542951707E-004
#    -26   -13       1.1892667999E-005
#    -26   -12       1.0468277664E-004
#    -26   -11       8.8581171930E-005
#    -26   -10       1.3622578172E-005
#    -26    -9       1.1954877496E-004
#    -26    -8       3.8168445422E-006
#    -26    -7       4.0134510735E-005
#    -26    -6       2.9227494841E-005
#    -26    -5       2.4280589413E-006
#    -26    -4       2.4112799722E-005
#    -26    -3       9.6152447311E-006
#    -26    -2       3.7175851585E-005
#    -26    -1       4.7253802331E-005
#    -26     0       9.3714181788E-006
#    -26     1       2.9799139860E-005
#    -26     2       7.7688722035E-006
#    -26     3       1.6920712395E-005
#    -26     4       4.4561371906E-005
#    -26     5       4.7788900991E-006
#    -26     6       9.2103052490E-005
#    -26     7       1.7078537674E-005
#    -26     8       5.6107256165E-005
#    -26     9       1.1795627522E-004
#    -26    10       3.9204429340E-006
#    -26    11       1.7683815864E-004
#    -26    12       2.5882923553E-005
#    -26    13       1.2402470635E-004
#    -26    14       4.8665261641E-005
#    -26    15       2.6636020630E-005
#    -26    16       6.1850783608E-005
#    -26    17       3.5171599420E-007
#    -26    18       2.8108240982E-005
#    -26    19       9.8075121322E-005
#    -26    20       5.4105803398E-006
#    -26    21       7.6536646587E-005
#    -26    22       2.8886052584E-005
#    -26    23       8.6559478343E-005
#    -26    24       7.5474881447E-005
#    -26    25       2.8844837470E-005
#    -26    26       4.0006712216E-004
#    -26    27       3.3216445618E-005
#    -25   -19       3.9113097578E-006
#    -25   -18       8.8984812541E-005
#    -25   -17       3.4240486330E-005
#    -25   -16       1.1513475653E-005
#    -25   -15       1.0851043533E-004
#    -25   -14       9.7380878580E-006
#    -25   -13       1.5895537132E-004
#    -25   -12       8.7435351453E-005
#    -25   -11       1.7339071537E-005
#    -25   -10       3.7123174904E-004
#    -25    -9       9.8097931169E-006
#    -25    -8       4.8313920607E-005
#    -25    -7       3.2997775770E-005
#    -25    -6       3.2195084523E-006
#    -25    -5       8.9827126916E-004
#    -25    -4       1.0868403696E-005
#    -25    -3       2.5234864754E-005
#    -25    -2       4.8513747581E-005
#    -25    -1       7.8047818981E-006
#    -25     0       2.0791639738E-003
#    -25     1       1.0127488502E-005
#    -25     2       7.7217015266E-006
#    -25     3       2.8103080234E-005
#    -25     4       5.2567367559E-007
#    -25     5       4.1999495893E-003
#    -25     6       1.2780353288E-005
#    -25     7       2.8518106418E-005
#    -25     8       6.2366681325E-005
#    -25     9       2.9903414005E-006
#    -25    10       5.2629866765E-003
#    -25    11       1.5239409992E-005
#    -25    12       9.3889069354E-005
#    -25    13       7.3386826111E-005
#    -25    14       2.4274223080E-005
#    -25    15       2.7223998800E-003
#    -25    16       4.2983022809E-007
#    -25    17       3.8067416550E-005
#    -25    18       3.3066970571E-005
#    -25    19       1.7375001023E-005
#    -25    20       1.0557976219E-003
#    -25    21       3.2309469486E-005
#    -25    22       8.3926287675E-005
#    -25    23       9.0863255084E-005
#    -25    24       1.0349447440E-005
#    -25    25       2.3990382289E-004
#    -25    26       4.2396696715E-005
#    -25    27       6.1982477330E-005
#    -24   -20       1.0338749328E-005
#    -24   -19       4.4019238715E-005
#    -24   -18       5.5889330034E-005
#    -24   -17       8.4121734240E-006
#    -24   -16       1.3014396789E-004
#    -24   -15       8.2680265485E-006
#    -24   -14       1.2818950021E-004
#    -24   -13       1.0302449524E-004
#    -24   -12       1.8123958384E-005
#    -24   -11       1.1120606506E-004
#    -24   -10       1.4703946404E-005
#    -24    -9       5.9314472341E-005
#    -24    -8       5.4594267263E-005
#    -24    -7       4.7147693160E-006
#    -24    -6       6.0083455233E-005
#    -24    -5       1.1063587636E-005
#    -24    -4       3.1204226458E-005
#    -24    -3       6.0054302390E-005
#    -24    -2       1.9259116220E-006
#    -24    -1       1.7717330532E-005
#    -24     0       1.2621881792E-005
#    -24     1       1.9717337086E-005
#    -24     2       4.5837912607E-005
#    -24     3       2.9933106311E-006
#    -24     4       2.6040486057E-005
#    -24     5       4.2650751049E-006
#    -24     6       1.1261904870E-006
#    -24     7       3.7439871860E-006
#    -24     8       1.3448356503E-006
#    -24     9       2.2639144015E-005
#    -24    10       1.2624269799E-005
#    -24    11       6.7374493071E-005
#    -24    12       1.4592314745E-004
#    -24    13       2.3368929952E-005
#    -24    14       1.2945263614E-004
#    -24    15       2.7752182916E-006
#    -24    16       1.0162067960E-004
#    -24    17       1.3519703293E-005
#    -24    18       2.0306598191E-005
#    -24    19       9.3443781281E-005
#    -24    20       1.1618214403E-005
#    -24    21       1.7765843570E-004
#    -24    22       1.4706358772E-004
#    -24    23       1.4812484003E-005
#    -24    24       3.8257664462E-004
#    -24    25       3.0308394631E-005
#    -24    26       4.3603127255E-005
#    -23   -20       3.6142547264E-005
#    -23   -19       8.0481175262E-005
#    -23   -18       8.6509529261E-006
#    -23   -17       1.5631700247E-004
#    -23   -16       1.3497354085E-005
#    -23   -15       1.1650369877E-004
#    -23   -14       9.2319490152E-005
#    -23   -13       1.8417433890E-005
#    -23   -12       1.4540512214E-004
#    -23   -11       1.3900883313E-005
#    -23   -10       6.0541131936E-005
#    -23    -9       5.4237150732E-005
#    -23    -8       3.9630752765E-006
#    -23    -7       7.7232507930E-005
#    -23    -6       1.2183476254E-005
#    -23    -5       4.4126048286E-005
#    -23    -4       6.2550966919E-005
#    -23    -3       5.3983715905E-007
#    -23    -2       2.7291616405E-005
#    -23    -1       1.0553984191E-005
#    -23     0       6.1066554389E-005
#    -23     1       9.7195765891E-005
#    -23     2       1.0403192334E-005
#    -23     3       6.2035027529E-005
#    -23     4       4.3137881815E-007
#    -23     5       1.7669133643E-005
#    -23     6       1.7560790975E-005
#    -23     7       8.7672344532E-006
#    -23     8       6.2491776310E-005
#    -23     9       1.2766726165E-005
#    -23    10       1.1870753488E-004
#    -23    11       2.2415037083E-004
#    -23    12       2.1379889887E-005
#    -23    13       3.3770646184E-004
#    -23    14       1.4045426774E-005
#    -23    15       1.5644191043E-004
#    -23    16       4.3103829547E-005
#    -23    17       1.9013347533E-005
#    -23    18       9.9360158199E-005
#    -23    19       1.9600543881E-005
#    -23    20       1.5798241231E-004
#    -23    21       1.3785696751E-004
#    -23    22       2.2490867434E-005
#    -23    23       2.0931848240E-004
#    -23    24       1.9367244602E-005
#    -23    25       5.6438482395E-005
#    -23    26       1.3938718416E-004
#    -22   -21       2.4933510567E-005
#    -22   -20       7.2399200037E-005
#    -22   -19       5.6239331237E-006
#    -22   -18       1.7526052022E-004
#    -22   -17       1.8430549039E-005
#    -22   -16       8.9498763225E-005
#    -22   -15       1.0140890640E-004
#    -22   -14       1.5058949442E-005
#    -22   -13       9.3484566668E-005
#    -22   -12       9.0732302743E-006
#    -22   -11       5.0942824618E-005
#    -22   -10       5.0549676770E-005
#    -22    -9       4.9598109624E-006
#    -22    -8       5.2847583084E-005
#    -22    -7       5.0337490219E-006
#    -22    -6       5.0176261987E-005
#    -22    -5       6.5903286667E-005
#    -22    -4       4.6389174918E-006
#    -22    -3       3.1361048007E-005
#    -22    -2       6.4276709543E-006
#    -22    -1       1.1052132253E-004
#    -22     0       1.3533730972E-004
#    -22     1       2.2944414890E-005
#    -22     2       9.5399443797E-005
#    -22     3       4.7686742090E-007
#    -22     4       4.9757225662E-005
#    -22     5       7.2767182659E-005
#    -22     6       1.8701325134E-005
#    -22     7       1.4307882856E-004
#    -22     8       1.3596114221E-005
#    -22     9       1.7886096761E-004
#    -22    10       3.2373083180E-004
#    -22    11       2.5044846498E-005
#    -22    12       4.5519126144E-004
#    -22    13       4.1126585659E-005
#    -22    14       2.0085147830E-004
#    -22    15       8.5831442681E-005
#    -22    16       3.8672257360E-005
#    -22    17       1.5536161508E-004
#    -22    18       4.5292122216E-005
#    -22    19       8.0988712049E-005
#    -22    20       2.3123888783E-004
#    -22    21       5.2956445638E-006
#    -22    22       3.9747223310E-004
#    -22    23       2.5386342390E-005
#    -22    24       2.0400725747E-004
#    -22    25       8.5212258560E-006
#    -22    26       4.6058049209E-006
#    -21   -22       7.6444130422E-005
#    -21   -21       6.5893875090E-005
#    -21   -20       6.7656301827E-006
#    -21   -19       1.7585977140E-004
#    -21   -18       2.9572825463E-005
#    -21   -17       1.1372894824E-004
#    -21   -16       1.0545531846E-004
#    -21   -15       1.4360337418E-005
#    -21   -14       1.0220208672E-004
#    -21   -13       3.9489265730E-006
#    -21   -12       5.7200973332E-005
#    -21   -11       4.6580917062E-005
#    -21   -10       7.3365718881E-006
#    -21    -9       3.0348007075E-005
#    -21    -8       2.7234385727E-007
#    -21    -7       3.9058389256E-005
#    -21    -6       4.6187856564E-005
#    -21    -5       1.0107385317E-005
#    -21    -4       2.7218702471E-005
#    -21    -3       2.5984868270E-006
#    -21    -2       1.1193263310E-004
#    -21    -1       1.2190712453E-004
#    -21     0       3.2763486642E-005
#    -21     1       1.2107941767E-004
#    -21     2       8.9585076772E-007
#    -21     3       3.7746802480E-005
#    -21     4       7.8931333860E-005
#    -21     5       1.7441771749E-005
#    -21     6       2.1564827061E-004
#    -21     7       2.1053185912E-005
#    -21     8       1.7324661148E-004
#    -21     9       2.2112471102E-004
#    -21    10       3.0071614503E-005
#    -21    11       5.2045223179E-004
#    -21    12       7.0604214536E-005
#    -21    13       2.5904275917E-004
#    -21    14       2.0745759647E-004
#    -21    15       5.5209117037E-005
#    -21    16       1.4409995294E-004
#    -21    17       2.6979368671E-005
#    -21    18       6.6483428987E-005
#    -21    19       8.7817872552E-005
#    -21    20       2.6178748953E-007
#    -21    21       1.9507787393E-004
#    -21    22       7.3160680215E-005
#    -21    23       2.0726765473E-004
#    -21    24       3.1192217705E-004
#    -21    25       2.1460634949E-005
#    -20   -22       8.2275092555E-005
#    -20   -21       6.4817089224E-006
#    -20   -20       8.9673580400E-005
#    -20   -19       1.9328398826E-005
#    -20   -18       2.0247259725E-004
#    -20   -17       1.0955258924E-004
#    -20   -16       1.2147804399E-005
#    -20   -15       2.3948436153E-004
#    -20   -14       4.2601971794E-007
#    -20   -13       5.9943047482E-005
#    -20   -12       4.5538903067E-005
#    -20   -11       1.0232737270E-005
#    -20   -10       9.5520828571E-004
#    -20    -9       1.3036913335E-006
#    -20    -8       1.2601814099E-005
#    -20    -7       2.4320176752E-005
#    -20    -6       1.1230869745E-005
#    -20    -5       4.3520677737E-003
#    -20    -4       1.3443365430E-006
#    -20    -3       8.5802673489E-005
#    -20    -2       7.1261589056E-005
#    -20    -1       2.8205810998E-005
#    -20     0       1.3322377683E-002
#    -20     1       1.5556959721E-006
#    -20     2       4.6006756159E-006
#    -20     3       6.4070339264E-005
#    -20     4       3.7217998427E-006
#    -20     5       1.3916282750E-002
#    -20     6       1.3602526484E-005
#    -20     7       8.4908612124E-005
#    -20     8       8.5319740430E-005
#    -20     9       1.6840942095E-005
#    -20    10       9.5441978961E-003
#    -20    11       4.3208018800E-005
#    -20    12       2.1503730912E-004
#    -20    13       1.5720340426E-004
#    -20    14       6.3109267756E-005
#    -20    15       2.2722351193E-003
#    -20    16       1.9033921351E-005
#    -20    17       8.3148577172E-005
#    -20    18       9.9959613898E-005
#    -20    19       6.1833984884E-006
#    -20    20       2.4962033943E-003
#    -20    21       4.2986983201E-005
#    -20    22       1.3071335954E-004
#    -20    23       1.7788168728E-004
#    -20    24       4.9194697589E-005
#    -20    25       1.0228322437E-003
#    -19   -23       5.2457659520E-005
#    -19   -22       1.0149796598E-005
#    -19   -21       1.9328329887E-004
#    -19   -20       2.2683569872E-005
#    -19   -19       1.0924493814E-004
#    -19   -18       1.2348755455E-004
#    -19   -17       9.3822872489E-006
#    -19   -16       1.1547371260E-004
#    -19   -15       1.9011086547E-006
#    -19   -14       4.8157887113E-005
#    -19   -13       3.2089679280E-005
#    -19   -12       1.0236751837E-005
#    -19   -11       4.1482647766E-005
#    -19   -10       9.5596728577E-006
#    -19    -9       2.9371528282E-006
#    -19    -8       2.0845587536E-005
#    -19    -7       9.2110121598E-006
#    -19    -6       2.1896620612E-005
#    -19    -5       2.0027280235E-006
#    -19    -4       3.2134875033E-005
#    -19    -3       3.7325465870E-005
#    -19    -2       1.3410171458E-005
#    -19    -1       2.9578295168E-005
#    -19     0       5.9924087510E-007
#    -19     1       2.2711329364E-005
#    -19     2       7.4541902660E-005
#    -19     3       2.1142516026E-006
#    -19     4       9.3138477138E-005
#    -19     5       8.0035270797E-006
#    -19     6       8.8296749990E-006
#    -19     7       2.5741225802E-005
#    -19     8       1.0834635979E-005
#    -19     9       2.2932116670E-004
#    -19    10       2.3780120202E-005
#    -19    11       1.2567531420E-004
#    -19    12       1.0078801021E-004
#    -19    13       2.9893395335E-005
#    -19    14       1.5408126549E-004
#    -19    15       1.6249195402E-005
#    -19    16       9.2972645893E-005
#    -19    17       2.3986655503E-004
#    -19    18       1.1080777252E-006
#    -19    19       3.9133035105E-005
#    -19    20       4.9971999161E-006
#    -19    21       1.9596838239E-005
#    -19    22       2.2111364823E-004
#    -19    23       6.1722309590E-005
#    -19    24       9.6769028475E-005
#    -19    25       1.8800723205E-005
#    -18   -23       1.3830731590E-005
#    -18   -22       3.3016862689E-005
#    -18   -21       9.7906079107E-006
#    -18   -20       1.2343259275E-004
#    -18   -19       1.3281338031E-004
#    -18   -18       8.9869183323E-006
#    -18   -17       1.1196229416E-004
#    -18   -16       7.4458159512E-006
#    -18   -15       3.2988016017E-005
#    -18   -14       1.4702395805E-005
#    -18   -13       7.8549864948E-006
#    -18   -12       3.9259830240E-005
#    -18   -11       1.7217042506E-005
#    -18   -10       2.6363321263E-005
#    -18    -9       4.8825782443E-005
#    -18    -8       3.7430809895E-006
#    -18    -7       9.5568589292E-006
#    -18    -6       2.3544193655E-006
#    -18    -5       1.1967899513E-005
#    -18    -4       4.4165938019E-005
#    -18    -3       2.2941423436E-006
#    -18    -2       2.1779180181E-006
#    -18    -1       1.4306077258E-006
#    -18     0       1.1713392413E-004
#    -18     1       2.0282821347E-004
#    -18     2       2.8148840021E-005
#    -18     3       1.8805779665E-004
#    -18     4       4.3367150019E-006
#    -18     5       6.4807087055E-005
#    -18     6       1.2968472738E-004
#    -18     7       2.0513829135E-005
#    -18     8       2.8551497808E-004
#    -18     9       1.8918391050E-005
#    -18    10       8.1728535551E-005
#    -18    11       2.2611389127E-005
#    -18    12       8.0553809099E-006
#    -18    13       7.2924461786E-005
#    -18    14       1.5845019521E-005
#    -18    15       6.9738811379E-005
#    -18    16       2.1651925698E-004
#    -18    17       1.8632960512E-006
#    -18    18       1.9920988833E-005
#    -18    19       7.2876879569E-006
#    -18    20       1.6891494993E-005
#    -18    21       2.3542728398E-004
#    -18    22       2.9878096453E-005
#    -18    23       8.5782509901E-005
#    -18    24       1.9994876434E-005
#    -17   -24       1.2464046836E-005
#    -17   -23       6.8197414996E-005
#    -17   -22       5.5402362132E-006
#    -17   -21       1.3259331637E-004
#    -17   -20       1.0693167762E-004
#    -17   -19       2.1438839651E-005
#    -17   -18       1.3502989346E-004
#    -17   -17       2.0191331577E-005
#    -17   -16       4.8464454160E-005
#    -17   -15       8.0783234352E-006
#    -17   -14       1.3359390103E-006
#    -17   -13       5.2836716481E-005
#    -17   -12       1.4973242420E-005
#    -17   -11       7.4773227258E-005
#    -17   -10       1.2042456922E-004
#    -17    -9       2.7318824146E-006
#    -17    -8       2.5904523667E-005
#    -17    -7       1.5285338005E-006
#    -17    -6       2.0634195921E-005
#    -17    -5       7.0364644184E-005
#    -17    -4       1.2226819130E-006
#    -17    -3       1.8760167672E-005
#    -17    -2       9.5742484608E-007
#    -17    -1       2.1989027849E-004
#    -17     0       3.6952830879E-004
#    -17     1       7.9820054043E-005
#    -17     2       5.5507321355E-004
#    -17     3       1.7731711622E-005
#    -17     4       2.9430463001E-004
#    -17     5       2.9417260578E-004
#    -17     6       4.5784810689E-005
#    -17     7       4.6943786674E-004
#    -17     8       4.1639737326E-005
#    -17     9       1.1474523887E-004
#    -17    10       1.0408487192E-005
#    -17    11       2.2998069186E-006
#    -17    12       3.8128038119E-005
#    -17    13       3.1894262656E-007
#    -17    14       3.0718946437E-005
#    -17    15       8.1653282032E-005
#    -17    16       1.7665162998E-006
#    -17    17       2.6409092332E-007
#    -17    18       1.6863883490E-005
#    -17    19       5.0951396422E-005
#    -17    20       2.9853444528E-004
#    -17    21       1.0722497180E-005
#    -17    22       9.2583586538E-007
#    -17    23       7.6175846667E-005
#    -17    24       6.9942932824E-005
#    -16   -24       1.0318578872E-004
#    -16   -23       9.0354133868E-006
#    -16   -22       1.6118823702E-004
#    -16   -21       1.0415523522E-004
#    -16   -20       2.5857912286E-005
#    -16   -19       2.1375214384E-004
#    -16   -18       2.8298035915E-005
#    -16   -17       8.3005839219E-005
#    -16   -16       2.5548393379E-005
#    -16   -15       8.3507784172E-008
#    -16   -14       3.0258933426E-005
#    -16   -13       1.5126890778E-005
#    -16   -12       1.3067819356E-004
#    -16   -11       1.8985655848E-004
#    -16   -10       5.3545588164E-006
#    -16    -9       3.3112806034E-005
#    -16    -8       1.9369379211E-007
#    -16    -7       3.7166786065E-005
#    -16    -6       9.5217757565E-005
#    -16    -5       7.6647661346E-006
#    -16    -4       5.1391097625E-005
#    -16    -3       3.2985431278E-007
#    -16    -2       2.5466406877E-004
#    -16    -1       4.4897936177E-004
#    -16     0       1.1790041802E-004
#    -16     1       9.7011066736E-004
#    -16     2       4.1291971482E-005
#    -16     3       5.2814317820E-004
#    -16     4       4.0609394186E-004
#    -16     5       7.2142837569E-005
#    -16     6       6.4808746967E-004
#    -16     7       8.5063261947E-005
#    -16     8       1.5140445688E-004
#    -16     9       1.9384183656E-005
#    -16    10       3.4478747250E-006
#    -16    11       9.1187916494E-005
#    -16    12       4.8128284931E-005
#    -16    13       1.2493262673E-005
#    -16    14       2.1049420540E-005
#    -16    15       7.2056575615E-007
#    -16    16       1.0034833104E-005
#    -16    17       5.3551226479E-005
#    -16    18       1.1362683879E-004
#    -16    19       7.4100814043E-005
#    -16    20       9.2445114280E-006
#    -16    21       2.8004667613E-004
#    -16    22       1.2412436219E-004
#    -16    23       1.8542467373E-004
#    -15   -25       8.4623529391E-005
#    -15   -24       2.0053034301E-005
#    -15   -23       7.6996125707E-005
#    -15   -22       9.8055851069E-005
#    -15   -21       3.7462008638E-005
#    -15   -20       2.5936244668E-004
#    -15   -19       1.9782726392E-005
#    -15   -18       8.6999819598E-005
#    -15   -17       3.5260813143E-005
#    -15   -16       2.2988758587E-007
#    -15   -15       4.9031516432E-004
#    -15   -14       1.3748805900E-005
#    -15   -13       1.3948909929E-004
#    -15   -12       2.5144046353E-004
#    -15   -11       1.5487089961E-005
#    -15   -10       4.8778502644E-003
#    -15    -9       3.2634871516E-006
#    -15    -8       5.6515784267E-005
#    -15    -7       9.5723634876E-005
#    -15    -6       1.2144147443E-005
#    -15    -5       1.4344464152E-002
#    -15    -4       1.5342621055E-006
#    -15    -3       1.8121475614E-004
#    -15    -2       3.8782985738E-004
#    -15    -1       1.1235142392E-004
#    -15     0       2.8796112112E-002
#    -15     1       8.5763342599E-005
#    -15     2       6.0677570505E-004
#    -15     3       3.4839691122E-004
#    -15     4       5.6026610110E-005
#    -15     5       2.5264980238E-002
#    -15     6       4.8961266453E-005
#    -15     7       1.0590206175E-004
#    -15     8       1.5332639263E-005
#    -15     9       1.2144915609E-006
#    -15    10       1.3157930545E-002
#    -15    11       4.3282670735E-005
#    -15    12       7.4779283163E-005
#    -15    13       1.6330799084E-005
#    -15    14       1.4818703627E-005
#    -15    15       1.5739606991E-002
#    -15    16       1.6217434769E-005
#    -15    17       1.1419974684E-004
#    -15    18       3.2646133432E-004
#    -15    19       1.2610159805E-005
#    -15    20       1.3324764482E-003
#    -15    21       1.3425971223E-004
#    -15    22       1.5062951147E-004
#    -15    23       2.6506495229E-004
#    -14   -25       1.3101799077E-005
#    -14   -24       1.3484300900E-004
#    -14   -23       6.2496993596E-005
#    -14   -22       3.5740316946E-005
#    -14   -21       2.7987211678E-004
#    -14   -20       1.5942835440E-005
#    -14   -19       1.0049910185E-004
#    -14   -18       7.3709543002E-005
#    -14   -17       2.2960051572E-006
#    -14   -16       1.0126513812E-007
#    -14   -15       2.6245816900E-006
#    -14   -14       1.3920052217E-004
#    -14   -13       1.9369293206E-004
#    -14   -12       2.9328197851E-005
#    -14   -11       8.0192464816E-005
#    -14   -10       1.5449187554E-005
#    -14    -9       4.7588154771E-005
#    -14    -8       1.3122133701E-004
#    -14    -7       1.4393773363E-005
#    -14    -6       1.1717811381E-004
#    -14    -5       1.0936735369E-006
#    -14    -4       9.7536563871E-005
#    -14    -3       2.9111430123E-004
#    -14    -2       8.7278646962E-005
#    -14    -1       1.2085792770E-003
#    -14     0       9.1662926261E-005
#    -14     1       4.3302482191E-004
#    -14     2       2.4091796368E-004
#    -14     3       2.6957158322E-005
#    -14     4       1.8831286053E-004
#    -14     5       2.9097648806E-005
#    -14     6       4.8686785137E-005
#    -14     7       4.2478055790E-005
#    -14     8       5.9896823207E-006
#    -14     9       2.3133753371E-004
#    -14    10       6.5141677854E-005
#    -14    11       2.2735930047E-004
#    -14    12       1.0555706463E-004
#    -14    13       1.3348994281E-005
#    -14    14       3.2302927163E-005
#    -14    15       4.8308431392E-006
#    -14    16       5.7882924514E-005
#    -14    17       3.3288192073E-004
#    -14    18       7.1117760140E-006
#    -14    19       1.6156091725E-004
#    -14    20       1.4919585254E-004
#    -14    21       5.6973631610E-004
#    -14    22       6.5699674058E-004
#    -13   -26       8.7802208728E-006
#    -13   -25       3.8620168262E-005
#    -13   -24       8.8040073459E-005
#    -13   -23       3.1525675228E-005
#    -13   -22       9.1434628612E-005
#    -13   -21       3.3932813131E-006
#    -13   -20       7.4088644080E-005
#    -13   -19       3.0253832246E-005
#    -13   -18       6.5134377889E-006
#    -13   -17       6.4260785350E-009
#    -13   -16       2.2103597517E-007
#    -13   -15       7.6684562516E-005
#    -13   -14       1.4357446079E-004
#    -13   -13       2.9465029997E-005
#    -13   -12       1.5597869113E-004
#    -13   -11       2.9983669372E-005
#    -13   -10       8.0455970977E-005
#    -13    -9       2.1650611057E-004
#    -13    -8       1.1286452310E-005
#    -13    -7       9.7329665826E-005
#    -13    -6       8.2104587928E-007
#    -13    -5       5.3653957151E-005
#    -13    -4       2.2060868600E-004
#    -13    -3       5.3298062555E-005
#    -13    -2       8.1978900060E-004
#    -13    -1       7.4910633184E-005
#    -13     0       1.9891966502E-004
#    -13     1       5.6494998021E-005
#    -13     2       2.8733306036E-006
#    -13     3       5.3050137612E-008
#    -13     4       2.9945902673E-006
#    -13     5       1.5060057432E-004
#    -13     6       2.9521148095E-004
#    -13     7       2.2605774598E-005
#    -13     8       5.1271510414E-004
#    -13     9       5.5284218301E-005
#    -13    10       3.7783105642E-004
#    -13    11       2.1397405991E-004
#    -13    12       5.9860260283E-005
#    -13    13       4.2688068861E-005
#    -13    14       8.8087868103E-006
#    -13    15       7.1640145832E-005
#    -13    16       3.2522591837E-004
#    -13    17       4.4081144797E-006
#    -13    18       6.2363887393E-005
#    -13    19       4.8697489874E-005
#    -13    20       2.4480781814E-004
#    -13    21       2.5519479799E-004
#    -12   -26       2.4726485304E-005
#    -12   -25       3.8730638898E-005
#    -12   -24       1.1808981072E-005
#    -12   -23       1.7823121704E-004
#    -12   -22       6.9809113923E-006
#    -12   -21       9.9728061907E-005
#    -12   -20       2.8795064937E-005
#    -12   -19       7.7785327557E-006
#    -12   -18       1.7703838449E-005
#    -12   -17       1.8829423726E-006
#    -12   -16       3.6665447423E-005
#    -12   -15       6.2155864774E-005
#    -12   -14       1.8102661355E-005
#    -12   -13       1.3699266443E-004
#    -12   -12       3.9860363486E-005
#    -12   -11       1.3254641414E-004
#    -12   -10       2.9235642256E-004
#    -12    -9       9.8278594662E-006
#    -12    -8       1.0717578072E-004
#    -12    -7       1.1192328890E-006
#    -12    -6       1.0816872427E-004
#    -12    -5       2.5738220311E-004
#    -12    -4       3.7618585770E-005
#    -12    -3       5.0443014537E-004
#    -12    -2       6.1849817649E-005
#    -12    -1       4.8731416520E-005
#    -12     0       1.1318332667E-006
#    -12     1       1.0005494787E-005
#    -12     2       2.0207511650E-004
#    -12     3       1.4954476525E-005
#    -12     4       4.6995698547E-004
#    -12     5       6.6507293610E-004
#    -12     6       9.0985986047E-005
#    -12     7       9.2035987122E-004
#    -12     8       9.2123892817E-005
#    -12     9       4.2385689381E-004
#    -12    10       4.2128622113E-004
#    -12    11       5.8909696359E-005
#    -12    12       1.7963639377E-004
#    -12    13       4.6276055886E-006
#    -12    14       1.3299498275E-004
#    -12    15       1.9907384223E-004
#    -12    16       8.7770812259E-006
#    -12    17       1.5121952789E-004
#    -12    18       1.6778443447E-005
#    -12    19       1.7882479219E-004
#    -12    20       1.4750227630E-004
#    -12    21       1.4453069312E-004
#    -11   -26       2.9020537087E-005
#    -11   -25       8.2053080533E-006
#    -11   -24       1.8921851806E-004
#    -11   -23       1.6634147555E-005
#    -11   -22       1.3341016457E-004
#    -11   -21       2.6584687002E-005
#    -11   -20       1.5425084969E-005
#    -11   -19       7.6712560771E-006
#    -11   -18       3.7689209569E-006
#    -11   -17       8.8473488511E-006
#    -11   -16       2.7926590378E-005
#    -11   -15       1.2559570131E-005
#    -11   -14       9.3792816159E-005
#    -11   -13       3.4586284227E-005
#    -11   -12       1.7681517178E-004
#    -11   -11       3.3538902975E-004
#    -11   -10       2.3777825127E-005
#    -11    -9       1.8573413837E-004
#    -11    -8       3.7319023887E-006
#    -11    -7       1.9839846270E-004
#    -11    -6       2.9596837213E-004
#    -11    -5       4.3191517289E-005
#    -11    -4       3.6703305627E-004
#    -11    -3       2.7406701918E-005
#    -11    -2       2.7220827293E-006
#    -11    -1       4.9341798399E-005
#    -11     0       4.7334373072E-005
#    -11     1       6.2601269994E-004
#    -11     2       4.5958371048E-005
#    -11     3       8.1829863513E-004
#    -11     4       9.7597486893E-004
#    -11     5       1.4020161988E-004
#    -11     6       1.1741349259E-003
#    -11     7       1.0580387046E-004
#    -11     8       4.3812037933E-004
#    -11     9       3.2794730897E-004
#    -11    10       7.0199362455E-005
#    -11    11       3.1427887829E-004
#    -11    12       6.1036556997E-005
#    -11    13       1.9190078172E-004
#    -11    14       4.8802929242E-004
#    -11    15       7.3679745391E-006
#    -11    16       2.3533849752E-004
#    -11    17       1.6300696638E-004
#    -11    18       2.7798276842E-004
#    -11    19       6.5619838244E-004
#    -11    20       4.7102241827E-005
#    -10   -27       3.1051715469E-005
#    -10   -26       2.7779410836E-006
#    -10   -25       9.0280640787E-005
#    -10   -24       2.0453029988E-005
#    -10   -23       1.2585575477E-004
#    -10   -22       6.6009049072E-005
#    -10   -21       1.9819501855E-005
#    -10   -20       4.1011401239E-005
#    -10   -19       4.7718885832E-006
#    -10   -18       1.7586834379E-005
#    -10   -17       7.1568515909E-006
#    -10   -16       7.2356520561E-006
#    -10   -15       2.6585995918E-003
#    -10   -14       1.4521569320E-005
#    -10   -13       2.0591647494E-004
#    -10   -12       3.1827903132E-004
#    -10   -11       3.1089287626E-005
#    -10   -10       9.5593341630E-003
#    -10    -9       1.0411478522E-005
#    -10    -8       2.5977973896E-004
#    -10    -7       3.0943161748E-004
#    -10    -6       5.3690689622E-005
#    -10    -5       2.6187822067E-002
#    -10    -4       2.4705802103E-005
#    -10    -3       5.1616650194E-006
#    -10    -2       1.4145797182E-004
#    -10    -1       6.8650308562E-005
#    -10     0       3.9640085825E-002
#    -10     1       1.4197706066E-004
#    -10     2       9.7191368656E-004
#    -10     3       8.0278817026E-004
#    -10     4       1.1736496809E-004
#    -10     5       1.7747102260E-002
#    -10     6       1.2745460224E-004
#    -10     7       4.1239338029E-004
#    -10     8       3.3008893605E-004
#    -10     9       4.2977092925E-005
#    -10    10       1.7346699461E-002
#    -10    11       1.0269819089E-005
#    -10    12       1.1178071778E-004
#    -10    13       3.6376299603E-004
#    -10    14       4.2359897974E-005
#    -10    15       2.2528376211E-002
#    -10    16       3.6780905354E-005
#    -10    17       3.7923887255E-004
#    -10    18       4.5899581356E-004
#    -10    19       4.5095167018E-005
#     -9   -27       1.2072836769E-006
#     -9   -26       2.1083634885E-004
#     -9   -25       2.0877929440E-005
#     -9   -24       6.4697007647E-005
#     -9   -23       2.1585687036E-004
#     -9   -22       2.0187471533E-005
#     -9   -21       1.5370807541E-004
#     -9   -20       1.7371779662E-005
#     -9   -19       7.8325142150E-006
#     -9   -18       1.9344044908E-005
#     -9   -17       8.7639440552E-006
#     -9   -16       6.5719799111E-005
#     -9   -15       8.0153135412E-006
#     -9   -14       1.4048318194E-004
#     -9   -13       2.9451968083E-004
#     -9   -12       3.3155802323E-005
#     -9   -11       3.8886485155E-004
#     -9   -10       1.0386005828E-005
#     -9    -9       2.0002636014E-004
#     -9    -8       3.2850065696E-004
#     -9    -7       6.2297247200E-005
#     -9    -6       3.9671771969E-004
#     -9    -5       1.4264939254E-005
#     -9    -4       2.9548438790E-005
#     -9    -3       2.2177142767E-004
#     -9    -2       7.9338716372E-005
#     -9    -1       1.5601113506E-003
#     -9     0       1.2294073349E-004
#     -9     1       8.0294127207E-004
#     -9     2       6.1895789012E-004
#     -9     3       6.0986959803E-005
#     -9     4       7.6561353359E-004
#     -9     5       8.3212554710E-005
#     -9     6       1.3053077306E-004
#     -9     7       2.1790643146E-004
#     -9     8       2.8483249946E-005
#     -9     9       2.0072097045E-004
#     -9    10       6.9522436504E-006
#     -9    11       2.6665305271E-004
#     -9    12       1.1922526160E-004
#     -9    13       3.0965644950E-006
#     -9    14       1.7812900555E-004
#     -9    15       3.1326335702E-005
#     -9    16       1.8836810695E-004
#     -9    17       6.9032792253E-004
#     -9    18       1.8405313527E-004
#     -9    19       4.9295736217E-005
#     -8   -27       1.5739920354E-004
#     -8   -26       2.4459035391E-005
#     -8   -25       1.3067783950E-004
#     -8   -24       9.8221128357E-005
#     -8   -23       1.0267656322E-005
#     -8   -22       1.4672559729E-004
#     -8   -21       2.6455840408E-005
#     -8   -20       2.3270767149E-005
#     -8   -19       3.1144593201E-005
#     -8   -18       3.5158185661E-006
#     -8   -17       2.0418160275E-005
#     -8   -16       1.0077005051E-005
#     -8   -15       8.6212616138E-005
#     -8   -14       1.6882167307E-004
#     -8   -13       2.5447181411E-005
#     -8   -12       2.8190460985E-004
#     -8   -11       1.4329573655E-005
#     -8   -10       1.2799524629E-004
#     -8    -9       1.7917719198E-004
#     -8    -8       3.1766869552E-005
#     -8    -7       2.1118096843E-004
#     -8    -6       1.3336385542E-005
#     -8    -5       1.4400654950E-004
#     -8    -4       4.3302822436E-004
#     -8    -3       9.1961728983E-005
#     -8    -2       1.3509591092E-003
#     -8    -1       1.3162319305E-004
#     -8     0       5.3767782608E-004
#     -8     1       2.7899951549E-004
#     -8     2       2.6975336888E-005
#     -8     3       2.3090912427E-004
#     -8     4       3.3137148286E-005
#     -8     5       4.3639297797E-005
#     -8     6       9.0832211363E-005
#     -8     7       5.1453221526E-006
#     -8     8       1.1023875732E-004
#     -8     9       4.6820995963E-006
#     -8    10       1.8452711164E-004
#     -8    11       2.0575557527E-004
#     -8    12       8.0187440914E-005
#     -8    13       1.1365770788E-005
#     -8    14       6.3038142023E-006
#     -8    15       1.3737096752E-004
#     -8    16       5.7663221193E-004
#     -8    17       3.1387533128E-004
#     -8    18       5.2994772009E-004
#     -7   -27       2.5594631775E-005
#     -7   -26       9.0922080998E-005
#     -7   -25       1.1263853789E-004
#     -7   -24       2.8985850445E-005
#     -7   -23       4.5343256201E-004
#     -7   -22       2.4734697451E-005
#     -7   -21       4.2865780441E-005
#     -7   -20       6.2310221689E-005
#     -7   -19       1.5022092476E-005
#     -7   -18       3.2407439788E-005
#     -7   -17       2.8170151813E-006
#     -7   -16       5.2673413009E-005
#     -7   -15       1.2703841082E-004
#     -7   -14       3.6961570361E-005
#     -7   -13       2.5934341807E-004
#     -7   -12       1.9169638907E-005
#     -7   -11       3.2295774720E-005
#     -7   -10       5.2269433730E-005
#     -7    -9       8.6623645420E-006
#     -7    -8       8.0413437613E-005
#     -7    -7       7.7608203761E-006
#     -7    -6       2.6306834666E-004
#     -7    -5       6.2096102651E-004
#     -7    -4       1.2208747748E-004
#     -7    -3       1.0865703495E-003
#     -7    -2       1.2664874576E-004
#     -7    -1       2.4399922142E-004
#     -7     0       1.3435648140E-004
#     -7     1       1.9962606977E-006
#     -7     2       9.1838339778E-006
#     -7     3       8.3362587852E-006
#     -7     4       8.3341955077E-005
#     -7     5       2.0074924211E-004
#     -7     6       4.3072044207E-005
#     -7     7       3.9382686506E-004
#     -7     8       4.1234981340E-005
#     -7     9       5.6187656904E-005
#     -7    10       3.8444399331E-004
#     -7    11       1.0196869911E-004
#     -7    12       5.6547494715E-004
#     -7    13       9.8153864255E-006
#     -7    14       1.5255467553E-004
#     -7    15       2.6203196984E-004
#     -7    16       1.8110091100E-004
#     -7    17       3.2383430972E-004
#     -6   -27       6.7348419738E-005
#     -6   -26       1.3027297974E-004
#     -6   -25       1.3154100138E-005
#     -6   -24       3.7172708325E-004
#     -6   -23       4.0876120037E-005
#     -6   -22       1.1834589440E-004
#     -6   -21       1.0420293063E-004
#     -6   -20       5.0538816323E-006
#     -6   -19       6.5144224038E-005
#     -6   -18       7.0836695052E-006
#     -6   -17       3.7996747713E-005
#     -6   -16       1.0149904567E-004
#     -6   -15       1.0526802475E-005
#     -6   -14       2.5450008680E-004
#     -6   -13       1.9289605665E-005
#     -6   -12       1.7361340351E-005
#     -6   -11       9.8160016676E-007
#     -6   -10       3.6875212833E-009
#     -6    -9       1.9921115783E-006
#     -6    -8       2.8261881178E-006
#     -6    -7       2.7881465023E-004
#     -6    -6       7.6777965472E-004
#     -6    -5       1.2882798078E-004
#     -6    -4       1.1287519587E-003
#     -6    -3       5.7081309829E-005
#     -6    -2       9.3691925271E-005
#     -6    -1       4.5108734278E-005
#     -6     0       3.4229972683E-006
#     -6     1       1.0846604642E-004
#     -6     2       2.6414743032E-005
#     -6     3       2.0357087009E-004
#     -6     4       3.5577058256E-004
#     -6     5       9.1114974250E-005
#     -6     6       4.3230754997E-004
#     -6     7       5.0502109590E-006
#     -6     8       8.1467037018E-005
#     -6     9       3.7381127867E-004
#     -6    10       1.5529167417E-004
#     -6    11       2.2737528214E-003
#     -6    12       3.6363838882E-004
#     -6    13       1.4610488490E-004
#     -6    14       8.0580757136E-005
#     -6    15       1.4540624747E-004
#     -6    16       1.3112973130E-003
#     -5   -27       1.2700748326E-004
#     -5   -26       2.0967943257E-005
#     -5   -25       2.1104281564E-004
#     -5   -24       3.4475485904E-005
#     -5   -23       1.1493625585E-004
#     -5   -22       1.7358272647E-004
#     -5   -21       3.4834199194E-006
#     -5   -20       1.0106673286E-003
#     -5   -19       2.5177527982E-005
#     -5   -18       4.2337473887E-005
#     -5   -17       8.0287609734E-005
#     -5   -16       3.6160975693E-006
#     -5   -15       2.4244438978E-003
#     -5   -14       2.7061750711E-005
#     -5   -13       4.6645771229E-005
#     -5   -12       1.9563622798E-005
#     -5   -11       3.0838939149E-006
#     -5   -10       1.3898084576E-002
#     -5    -9       9.4779697946E-006
#     -5    -8       3.8794674062E-004
#     -5    -7       6.8988798710E-004
#     -5    -6       1.1436164882E-004
#     -5    -5       1.8207571404E-002
#     -5    -4       7.7008065055E-005
#     -5    -3       4.6192413792E-005
#     -5    -2       5.8263649710E-005
#     -5    -1       1.6913042284E-005
#     -5     0       8.6724389210E-003
#     -5     1       4.0449543494E-005
#     -5     2       2.2913606019E-004
#     -5     3       1.7450962604E-004
#     -5     4       5.9751431848E-005
#     -5     5       2.2094638861E-003
#     -5     6       8.8205702464E-005
#     -5     7       1.3670351408E-004
#     -5     8       8.0002294665E-004
#     -5     9       1.4511292051E-004
#     -5    10       6.3514310501E-002
#     -5    11       1.3882243135E-004
#     -5    12       4.0114358707E-004
#     -5    13       1.6623253670E-004
#     -5    14       8.9230311394E-005
#     -5    15       2.1017610766E-002
#     -4   -28       7.6648682957E-005
#     -4   -27       1.0256931273E-005
#     -4   -26       1.9844558575E-004
#     -4   -25       2.0510314227E-005
#     -4   -24       1.1572476505E-004
#     -4   -23       1.7383977677E-004
#     -4   -22       6.1152418676E-006
#     -4   -21       1.4724050232E-004
#     -4   -20       3.6817193055E-005
#     -4   -19       6.3150095794E-005
#     -4   -18       1.2262855850E-004
#     -4   -17       8.7120371236E-007
#     -4   -16       3.2718463596E-005
#     -4   -15       2.9720985177E-005
#     -4   -14       8.7954431670E-005
#     -4   -13       1.5629305634E-005
#     -4   -12       4.8575489288E-006
#     -4   -11       2.5732648172E-004
#     -4   -10       2.1557492166E-005
#     -4    -9       3.4897921417E-004
#     -4    -8       6.6107171092E-004
#     -4    -7       1.2932747796E-004
#     -4    -6       1.3851391022E-003
#     -4    -5       5.2982633022E-005
#     -4    -4       2.9413096917E-005
#     -4    -3       2.3996062516E-005
#     -4    -2       2.9325981036E-005
#     -4    -1       4.0478402895E-004
#     -4     0       2.6123016888E-005
#     -4     1       5.2496205238E-005
#     -4     2       1.7769599057E-005
#     -4     3       2.0543115509E-005
#     -4     4       2.5733090648E-004
#     -4     5       2.3798852643E-005
#     -4     6       1.3674995457E-004
#     -4     7       5.5079234235E-004
#     -4     8       1.0895172483E-004
#     -4     9       1.8332348639E-003
#     -4    10       2.1644618460E-004
#     -4    11       1.1710095137E-003
#     -4    12       1.6442674627E-004
#     -4    13       1.1195238362E-005
#     -4    14       1.2745929234E-004
#     -3   -28       5.1795042286E-005
#     -3   -27       1.4961384205E-004
#     -3   -26       1.0741040991E-005
#     -3   -25       1.7483257251E-004
#     -3   -24       2.2464718811E-004
#     -3   -23       1.0294232519E-005
#     -3   -22       1.6528157434E-004
#     -3   -21       4.5468535385E-005
#     -3   -20       1.8777837827E-004
#     -3   -19       1.3081283962E-004
#     -3   -18       7.6042462958E-007
#     -3   -17       1.2053885345E-004
#     -3   -16       1.8350377604E-005
#     -3   -15       6.3618902046E-005
#     -3   -14       1.9654720220E-005
#     -3   -13       5.8136660960E-006
#     -3   -12       6.7214290556E-005
#     -3   -11       2.2416331458E-005
#     -3   -10       3.1086261563E-004
#     -3    -9       4.6231959427E-004
#     -3    -8       1.0895979370E-004
#     -3    -7       8.5226127542E-004
#     -3    -6       2.9067644653E-005
#     -3    -5       4.5478734806E-005
#     -3    -4       1.9005875660E-004
#     -3    -3       3.3921236400E-005
#     -3    -2       6.5738040429E-004
#     -3    -1       3.8977769881E-005
#     -3     0       1.7226703600E-005
#     -3     1       3.7455858551E-005
#     -3     2       2.3404135424E-006
#     -3     3       3.7165083297E-005
#     -3     4       2.5205633260E-006
#     -3     5       1.9826754522E-004
#     -3     6       2.9208036955E-004
#     -3     7       2.8134461739E-005
#     -3     8       4.7634709626E-004
#     -3     9       7.4521981264E-005
#     -3    10       5.2667437609E-004
#     -3    11       5.4560384694E-004
#     -3    12       1.2661160853E-005
#     -3    13       2.4876107448E-004
#     -2   -28       1.3693158365E-005
#     -2   -27       6.8366557145E-006
#     -2   -26       1.7213490985E-004
#     -2   -25       1.5846329740E-004
#     -2   -24       5.2228466056E-006
#     -2   -23       2.0306585308E-004
#     -2   -22       3.7193996944E-005
#     -2   -21       1.0833090880E-004
#     -2   -20       1.6784803735E-004
#     -2   -19       7.7424022833E-006
#     -2   -18       9.9144538654E-005
#     -2   -17       2.7430182747E-005
#     -2   -16       1.0875293634E-004
#     -2   -15       2.5254765364E-005
#     -2   -14       1.5093700654E-005
#     -2   -13       4.1787130787E-005
#     -2   -12       2.4486560904E-005
#     -2   -11       2.4045508282E-004
#     -2   -10       4.5038918124E-004
#     -2    -9       7.0610659741E-005
#     -2    -8       7.7944691851E-004
#     -2    -7       6.8391968484E-005
#     -2    -6       9.1946188934E-005
#     -2    -5       2.2326497457E-004
#     -2    -4       8.0545096683E-005
#     -2    -3       6.0270989901E-004
#     -2    -2       4.4625862312E-005
#     -2    -1       2.5574128728E-005
#     -2     0       7.2402448933E-005
#     -2     1       6.7000447874E-005
#     -2     2       5.7509908937E-004
#     -2     3       4.1040863260E-006
#     -2     4       2.5829377822E-005
#     -2     5       2.3961856904E-005
#     -2     6       5.2755588168E-006
#     -2     7       1.1765738565E-005
#     -2     8       7.2073730678E-005
#     -2     9       2.0190799359E-004
#     -2    10       3.7287845164E-004
#     -2    11       4.6823381548E-007
#     -2    12       3.6592743245E-004
#     -1   -27       8.9889466766E-005
#     -1   -26       8.3231472478E-005
#     -1   -25       2.4885749908E-005
#     -1   -24       1.7412771887E-004
#     -1   -23       3.2109908767E-005
#     -1   -22       1.2809124995E-004
#     -1   -21       1.2908273879E-004
#     -1   -20       4.8998607091E-006
#     -1   -19       5.2960878660E-005
#     -1   -18       1.6029793753E-005
#     -1   -17       8.8019769261E-005
#     -1   -16       4.9521420477E-006
#     -1   -15       1.3408837256E-005
#     -1   -14       1.0270459086E-004
#     -1   -13       1.3629568168E-005
#     -1   -12       1.5015917054E-004
#     -1   -11       2.4779484206E-004
#     -1   -10       7.1074457728E-005
#     -1    -9       5.9476286996E-004
#     -1    -8       6.0409286441E-005
#     -1    -7       1.5149443563E-004
#     -1    -6       2.6364851837E-004
#     -1    -5       9.1968154208E-005
#     -1    -4       6.6046263314E-004
#     -1    -3       2.1036372436E-005
#     -1    -2       5.1099852947E-006
#     -1    -1       2.3632104008E-004
#     -1     0       1.2035580376E-004
#     -1     1       1.4732028221E-003
#     -1     2       1.2731574769E-004
#     -1     3       7.6228115601E-005
#     -1     4       1.2983092341E-005
#     -1     5       3.0236233811E-005
#     -1     6       3.4553963618E-004
#     -1     7       3.5010673799E-005
#     -1     8       7.0349080493E-005
#     -1     9       9.3297648753E-005
#     -1    10       9.4491988007E-007
#     -1    11       2.9495930621E-004
#      0   -27       9.1491518738E-005
#      0   -26       7.8337992282E-005
#      0   -25       7.4894209321E-005
#      0   -24       3.9938431503E-005
#      0   -23       1.3573885753E-004
#      0   -22       2.8794538545E-004
#      0   -21       1.2223747483E-005
#      0   -20       2.3113473016E-003
#      0   -19       6.0825082430E-007
#      0   -18       2.1919038937E-005
#      0   -17       3.1396272282E-006
#      0   -16       5.5118232565E-006
#      0   -15       1.5021026712E-002
#      0   -14       2.0102765300E-005
#      0   -13       2.3663861514E-005
#      0   -12       1.3459566321E-004
#      0   -11       2.8258122741E-005
#      0   -10       1.6392164783E-002
#      0    -9       3.4769060680E-005
#      0    -8       7.6520681775E-005
#      0    -7       1.9174092154E-004
#      0    -6       3.1424198797E-005
#      0    -5       2.3042109844E-003
#      0    -4       1.4754381154E-005
#      0    -3       1.7986706925E-005
#      0    -2       3.5638872451E-004
#      0    -1       1.7830055770E-004
#      0     0       4.9981383374E-002
#      0     1       8.6631060699E-005
#      0     2       4.7865523537E-004
#      0     3       3.1710606237E-006
#      0     4       4.1595209299E-005
#      0     5       1.1201739717E-002
#      0     6       7.9304573188E-005
#      0     7       2.2595908275E-004
#      0     8       3.0510786177E-004
#      0     9       1.9842729681E-007
#      0    10       1.4801133687E-002
#      1   -27       2.7482831421E-005
#      1   -26       1.8939845270E-004
#      1   -25       7.1258704221E-006
#      1   -24       1.4926541176E-004
#      1   -23       6.0638267730E-005
#      1   -22       2.8206970681E-005
#      1   -21       2.7469852011E-004
#      1   -20       8.3084492668E-008
#      1   -19       2.4576439147E-006
#      1   -18       3.5303687491E-005
#      1   -17       4.1094315374E-006
#      1   -16       1.6764527509E-007
#      1   -15       4.0545724105E-005
#      1   -14       9.5202533962E-005
#      1   -13       2.0704190959E-005
#      1   -12       3.4460057837E-006
#      1   -11       4.5669933325E-005
#      1   -10       1.9752977625E-005
#      1    -9       5.8983530145E-005
#      1    -8       2.2978803394E-005
#      1    -7       3.9585295842E-006
#      1    -6       5.7644706389E-004
#      1    -5       9.9577600552E-006
#      1    -4       4.4472807524E-005
#      1    -3       9.0396422695E-005
#      1    -2       8.1355867473E-005
#      1    -1       1.3890372846E-003
#      1     0       1.0966063999E-004
#      1     1       6.1946218472E-004
#      1     2       9.2701374930E-005
#      1     3       2.9266015256E-005
#      1     4       3.5205647443E-004
#      1     5       1.7458173128E-004
#      1     6       3.6497560067E-004
#      1     7       8.1252754875E-005
#      1     8       7.3119812161E-005
#      1     9       3.4232641275E-004
#      2   -27       8.6731877689E-005
#      2   -26       6.7867656567E-006
#      2   -25       1.7705411190E-004
#      2   -24       1.5759579139E-004
#      2   -23       3.4999299879E-005
#      2   -22       1.0532910526E-004
#      2   -21       3.1362880141E-006
#      2   -20       1.2746037861E-005
#      2   -19       3.3748733387E-005
#      2   -18       2.7687897932E-005
#      2   -17       2.2800899639E-004
#      2   -16       2.1266253667E-005
#      2   -15       1.4974879411E-004
#      2   -14       7.5268559268E-005
#      2   -13       3.5906812683E-005
#      2   -12       1.8345076157E-004
#      2   -11       6.5096418925E-005
#      2   -10       1.2756899231E-004
#      2    -9       3.1307750410E-005
#      2    -8       2.7624707819E-005
#      2    -7       9.1645742547E-005
#      2    -6       2.9002644403E-006
#      2    -5       1.3474492785E-004
#      2    -4       8.8167708924E-005
#      2    -3       4.0359638582E-006
#      2    -2       8.0887962513E-004
#      2    -1       7.5444628659E-005
#      2     0       2.4539669969E-004
#      2     1       2.9347956589E-004
#      2     2       1.2319665708E-005
#      2     3       1.1593589608E-004
#      2     4       6.2905676255E-005
#      2     5       1.2591539918E-003
#      2     6       4.0912901014E-004
#      2     7       1.7264746502E-004
#      2     8       6.4249357796E-004
#      3   -26       1.2682517980E-004
#      3   -25       4.0058123173E-006
#      3   -24       1.8888480286E-004
#      3   -23       2.1316624372E-004
#      3   -22       5.2918852610E-005
#      3   -21       1.3531296274E-004
#      3   -20       1.6814863756E-004
#      3   -19       2.7836739789E-005
#      3   -18       3.1979327718E-004
#      3   -17       3.5392079947E-005
#      3   -16       2.5159549938E-004
#      3   -15       1.0823486498E-004
#      3   -14       7.9125634708E-005
#      3   -13       2.9674218536E-004
#      3   -12       1.9829653123E-005
#      3   -11       1.9671633192E-004
#      3   -10       3.4035163419E-004
#      3    -9       5.8218665985E-005
#      3    -8       9.7346611160E-004
#      3    -7       7.2933137848E-005
#      3    -6       1.8915995969E-004
#      3    -5       1.0223690495E-006
#      3    -4       8.7364952319E-006
#      3    -3       4.5336331113E-005
#      3    -2       2.0480147552E-005
#      3    -1       3.8984714957E-004
#      3     0       5.7792708640E-004
#      3     1       1.0890861030E-004
#      3     2       1.4791516772E-003
#      3     3       1.2383432609E-005
#      3     4       6.2606375924E-004
#      3     5       7.4249340783E-005
#      3     6       9.6120263275E-005
#      4   -26       6.0975579553E-005
#      4   -25       5.0013759600E-005
#      4   -24       3.2616730606E-004
#      4   -23       4.2647820820E-005
#      4   -22       2.7156304525E-004
#      4   -21       6.8012631799E-005
#      4   -20       6.6062332094E-005
#      4   -19       1.0167891356E-004
#      4   -18       1.8285434720E-005
#      4   -17       9.4292480789E-005
#      4   -16       1.8034169117E-004
#      4   -15       4.1850550287E-005
#      4   -14       7.2216902528E-004
#      4   -13       3.5602727749E-005
#      4   -12       4.3689389495E-004
#      4   -11       6.7032863197E-004
#      4   -10       2.3715804940E-004
#      4    -9       1.7360828212E-003
#      4    -8       1.5703802063E-004
#      4    -7       2.2407514739E-004
#      4    -6       1.1054455715E-006
#      4    -5       6.0501341556E-005
#      4    -4       2.3370441859E-004
#      4    -3       7.0677991455E-006
#      4    -2       9.2731704977E-005
#      4    -1       8.4243787271E-004
#      4     0       1.8133511568E-004
#      4     1       2.2649019628E-003
#      4     2       1.6919865707E-004
#      4     3       3.6520364669E-004
#      4     4       2.8026328438E-004
#      4     5       1.1442967834E-004
#      5   -25       9.1853494054E-004
#      5   -24       1.8747705551E-005
#      5   -23       1.5262644043E-004
#      5   -22       1.6789753382E-007
#      5   -21       5.6324298231E-005
#      5   -20       1.1857109242E-003
#      5   -19       9.0250227938E-006
#      5   -18       1.3789214642E-004
#      5   -17       1.0584914960E-004
#      5   -16       3.3186432228E-005
#      5   -15       2.2930228154E-002
#      5   -14       2.9810098736E-005
#      5   -13       5.4472499935E-005
#      5   -12       5.1169604991E-004
#      5   -11       2.9350444895E-004
#      5   -10       6.1619012322E-002
#      5    -9       2.3578818319E-004
#      5    -8       2.5676472109E-004
#      5    -7       7.7801625055E-006
#      5    -6       5.1033261172E-005
#      5    -5       1.1311260839E-002
#      5    -4       4.3865887134E-005
#      5    -3       7.2929457517E-005
#      5    -2       1.0357235723E-003
#      5    -1       2.0141444622E-004
#      5     0       7.6361054702E-002
#      5     1       9.1908064539E-005
#      5     2       6.7261494516E-004
#      5     3       6.3649120248E-005
#      6   -25       6.5250409484E-005
#      6   -24       1.3729557854E-004
#      6   -23       1.5872678594E-004
#      6   -22       1.7380895146E-005
#      6   -21       6.1453045268E-004
#      6   -20       1.5830983460E-005
#      6   -19       3.2754796085E-005
#      6   -18       1.1725014891E-005
#      6   -17       1.6346298510E-005
#      6   -16       3.3124692875E-004
#      6   -15       1.2171958580E-004
#      6   -14       7.9898776248E-005
#      6   -13       1.3200746108E-004
#      6   -12       1.7037568249E-004
#      6   -11       9.9763596211E-004
#      6   -10       2.4758865011E-004
#      6    -9       4.2788298727E-004
#      6    -8       1.4042384746E-004
#      6    -7       3.7822384188E-005
#      6    -6       1.6327587698E-003
#      6    -5       1.9318003184E-004
#      6    -4       6.5190560299E-004
#      6    -3       2.1100176816E-004
#      6    -2       1.2496533726E-004
#      6    -1       1.7422262468E-003
#      6     0       2.4345148652E-005
#      6     1       5.8437405181E-004
#      6     2       3.0445782175E-004
#      7   -24       4.1895351420E-004
#      7   -23       8.0671084619E-006
#      7   -22       3.3028080827E-004
#      7   -21       2.0144531543E-004
#      7   -20       2.1673661305E-004
#      7   -19       1.1083106673E-004
#      7   -18       3.7117586557E-005
#      7   -17       5.4988640047E-004
#      7   -16       2.9688603587E-005
#      7   -15       2.2907128317E-004
#      7   -14       1.2842998369E-004
#      7   -13       4.0570966780E-005
#      7   -12       1.2312836426E-003
#      7   -11       3.9376483974E-004
#      7   -10       6.9351649380E-004
#      7    -9       3.3570497876E-004
#      7    -8       5.9165599758E-005
#      7    -7       5.7698358601E-004
#      7    -6       7.1723176527E-005
#      7    -5       1.0189312849E-003
#      7    -4       5.2301834594E-004
#      7    -3       4.1503865750E-006
#      7    -2       9.9585574170E-004
#      7    -1       1.2876791704E-004
#      7     0       5.5826561119E-004
#      8   -23       4.1156566077E-004
#      8   -22       7.7857467204E-005
#      8   -21       2.1711050993E-004
#      8   -20       1.5404050095E-004
#      8   -19       1.9497910777E-004
#      8   -18       3.6282248051E-004
#      8   -17       1.0013643681E-004
#      8   -16       6.9319587296E-004
#      8   -15       4.4969988134E-004
#      8   -14       3.2947372416E-005
#      8   -13       2.9474480850E-004
#      8   -12       2.9956725209E-005
#      8   -11       5.2060927069E-004
#      8   -10       3.8078900041E-004
#      8    -9       1.3211615797E-005
#      8    -8       4.4089449922E-004
#      8    -7       2.7850448486E-005
#      8    -6       3.8437795095E-004
#      8    -5       7.3805886737E-005
#      8    -4       5.0317947922E-005
#      8    -3       4.0737242063E-006
#      8    -2       6.5533646203E-005
#      9   -21       6.0013185244E-004
#      9   -20       3.8380756834E-005
#      9   -19       7.5711703127E-004
#      9   -18       4.2430691721E-005
#      9   -17       8.0605350889E-004
#      9   -16       8.2011155801E-004
#      9   -15       3.8469586866E-005
#      9   -14       6.8768630117E-004
#      9   -13       8.5384862660E-006
#      9   -12       3.8270944581E-005
#      9   -11       2.5736576517E-004
#      9   -10       3.1562085542E-005
#      9    -9       3.8440715636E-004
#      9    -8       3.8862431015E-005
#      9    -7       2.8235908413E-004
#      9    -6       2.4097219627E-004
#      9    -5       5.7854079718E-006
#     10   -19       2.1812582797E-005
#     10   -18       4.2205360853E-004
#     10   -17       1.7591560724E-004
#     10   -16       1.7075145727E-004
#     10   -15       2.2467175780E-002
#     10   -14       4.5974545336E-005
#     10   -13       5.9220477058E-005
#     10   -12       2.1232528979E-004
#     10   -11       4.5296465098E-005
#     10   -10       1.4943570461E-002
#     10    -9       4.1342710338E-005
#     10    -8       4.6151308088E-004
