 Diffraction intensities for potential:_5x5_04D10002.in                        
#    -45    11       1.1343176867E-005
#    -45    12       2.1832196308E-005
#    -45    13       5.0569427031E-005
#    -45    14       1.7547027013E-005
#    -45    15       2.1847571102E-004
#    -45    16       1.8974694784E-005
#    -44     7       1.2235455210E-005
#    -44     8       3.8338144553E-005
#    -44     9       1.2916136946E-005
#    -44    10       1.4150289136E-007
#    -44    11       4.8383161123E-005
#    -44    12       1.1373240747E-005
#    -44    13       5.4227841000E-005
#    -44    14       8.8705365094E-006
#    -44    15       8.0596736809E-006
#    -44    16       1.2398835431E-004
#    -44    17       7.8368926815E-006
#    -44    18       5.4011994200E-005
#    -44    19       6.8928336964E-006
#    -44    20       8.1569298051E-006
#    -43     4       2.0366306533E-007
#    -43     5       5.5842671813E-005
#    -43     6       1.1736370638E-005
#    -43     7       1.1549330424E-004
#    -43     8       1.1480655457E-005
#    -43     9       1.1607117161E-005
#    -43    10       8.2143068065E-005
#    -43    11       5.3012449649E-005
#    -43    12       2.8438651818E-004
#    -43    13       2.5482062120E-005
#    -43    14       5.0722391483E-005
#    -43    15       1.2018745307E-004
#    -43    16       3.7435991883E-005
#    -43    17       2.1717465505E-004
#    -43    18       1.5755399346E-005
#    -43    19       2.1221952418E-005
#    -43    20       1.0327335538E-004
#    -43    21       3.5499771351E-005
#    -43    22       1.4272703777E-004
#    -42     2       1.3358443005E-005
#    -42     3       1.0768487883E-004
#    -42     4       1.8436781688E-005
#    -42     5       3.5673503840E-005
#    -42     6       4.5198555820E-006
#    -42     7       1.9975380997E-005
#    -42     8       1.5546055426E-004
#    -42     9       4.1386657862E-005
#    -42    10       1.3653255549E-004
#    -42    11       1.8757567250E-005
#    -42    12       1.5300390860E-005
#    -42    13       3.4393591195E-004
#    -42    14       8.6434966308E-005
#    -42    15       1.7663866437E-004
#    -42    16       2.6076359024E-005
#    -42    17       2.2694366488E-005
#    -42    18       3.2352577408E-004
#    -42    19       9.2915043799E-005
#    -42    20       1.7047987889E-004
#    -42    21       1.8665359208E-005
#    -42    22       2.9139439802E-005
#    -42    23       1.1150650754E-004
#    -41     0       1.0831830225E-006
#    -41     1       6.0968238603E-007
#    -41     2       1.5448330925E-005
#    -41     3       1.1291152492E-005
#    -41     4       3.8778583669E-005
#    -41     5       5.1377134667E-007
#    -41     6       3.5258814330E-006
#    -41     7       5.9182995307E-005
#    -41     8       9.1558842574E-006
#    -41     9       9.4361343196E-005
#    -41    10       3.4096207837E-006
#    -41    11       3.0095301490E-005
#    -41    12       1.2144838694E-004
#    -41    13       5.3837869374E-005
#    -41    14       1.2561851426E-004
#    -41    15       3.9607185427E-006
#    -41    16       5.6743158745E-005
#    -41    17       1.3125696813E-004
#    -41    18       2.9584879980E-005
#    -41    19       1.3109919992E-004
#    -41    20       2.0509245005E-005
#    -41    21       5.4159721147E-005
#    -41    22       1.7008474347E-004
#    -41    23       3.4293439034E-005
#    -41    24       5.1022631380E-005
#    -40    -2       1.8569834139E-005
#    -40    -1       3.4221332085E-006
#    -40     0       2.4550039527E-004
#    -40     1       2.9340405056E-005
#    -40     2       4.4452767027E-005
#    -40     3       3.0696480698E-005
#    -40     4       5.3136896827E-005
#    -40     5       2.1029387887E-004
#    -40     6       3.1310334508E-005
#    -40     7       1.0045596907E-004
#    -40     8       1.3164221267E-004
#    -40     9       4.0207528564E-005
#    -40    10       5.2213170904E-004
#    -40    11       8.4116281641E-005
#    -40    12       1.4635730578E-004
#    -40    13       1.8513809106E-004
#    -40    14       9.7074811704E-005
#    -40    15       6.3730121179E-004
#    -40    16       8.0629071184E-005
#    -40    17       1.5751278896E-004
#    -40    18       3.1188764892E-004
#    -40    19       1.3076221937E-004
#    -40    20       5.6352143095E-004
#    -40    21       1.1024853194E-004
#    -40    22       6.6588158626E-005
#    -40    23       1.3638028569E-004
#    -40    24       6.3305832089E-005
#    -40    25       1.5499913633E-004
#    -39    -4       1.9508221422E-005
#    -39    -3       8.9315893969E-006
#    -39    -2       8.3260116216E-006
#    -39    -1       1.6385981063E-005
#    -39     0       2.2432042193E-006
#    -39     1       5.6894232039E-005
#    -39     2       1.3694915277E-005
#    -39     3       3.9568988785E-005
#    -39     4       2.8250889348E-005
#    -39     5       1.7730004236E-007
#    -39     6       1.1097389210E-004
#    -39     7       2.0510353802E-005
#    -39     8       9.3925731843E-005
#    -39     9       3.0461051255E-005
#    -39    10       3.2254378693E-006
#    -39    11       2.4069309522E-004
#    -39    12       3.2214580391E-005
#    -39    13       2.2102107008E-004
#    -39    14       3.1188695167E-005
#    -39    15       1.2952070442E-005
#    -39    16       2.8296690954E-004
#    -39    17       5.0005829067E-005
#    -39    18       2.4366279307E-004
#    -39    19       3.6891934753E-005
#    -39    20       1.3297645028E-005
#    -39    21       1.7287227856E-004
#    -39    22       4.4103357642E-005
#    -39    23       1.8974176169E-004
#    -39    24       4.6585689915E-005
#    -39    25       1.1344222425E-005
#    -39    26       5.9658116639E-005
#    -38    -5       3.8662479803E-005
#    -38    -4       1.1508787630E-005
#    -38    -3       1.3250164704E-004
#    -38    -2       1.2928438549E-005
#    -38    -1       6.2577679175E-006
#    -38     0       7.7416759754E-005
#    -38     1       2.5464413593E-005
#    -38     2       1.5620138458E-004
#    -38     3       1.7547175527E-005
#    -38     4       1.3304801185E-005
#    -38     5       1.2893235811E-004
#    -38     6       5.1206627858E-005
#    -38     7       2.7486716061E-004
#    -38     8       2.2047870420E-005
#    -38     9       3.1203626012E-005
#    -38    10       2.6941014957E-004
#    -38    11       8.1411457249E-005
#    -38    12       5.0632362842E-004
#    -38    13       6.1118681250E-005
#    -38    14       7.8894981876E-005
#    -38    15       2.6112956881E-004
#    -38    16       1.3034021888E-004
#    -38    17       5.8957693557E-004
#    -38    18       5.3237475020E-005
#    -38    19       3.1290335510E-005
#    -38    20       3.6545581229E-004
#    -38    21       1.3287725809E-004
#    -38    22       5.2769586544E-004
#    -38    23       1.0865448353E-004
#    -38    24       3.1583113134E-005
#    -38    25       1.4812993931E-004
#    -38    26       1.5627928380E-005
#    -37    -7       9.8984293703E-005
#    -37    -6       9.8191969289E-006
#    -37    -5       2.4532790586E-005
#    -37    -4       1.0942366467E-005
#    -37    -3       3.3840260187E-006
#    -37    -2       1.5782796983E-004
#    -37    -1       1.9724173838E-005
#    -37     0       7.6037391310E-005
#    -37     1       8.4212020944E-006
#    -37     2       1.4550633716E-005
#    -37     3       2.5175811134E-004
#    -37     4       9.3561448918E-005
#    -37     5       1.5498810124E-004
#    -37     6       2.0143826075E-005
#    -37     7       3.5525776236E-005
#    -37     8       3.2433440923E-004
#    -37     9       6.4727459657E-005
#    -37    10       2.7737258426E-004
#    -37    11       6.7311431233E-005
#    -37    12       5.1906989461E-005
#    -37    13       4.8289959730E-004
#    -37    14       1.5039141027E-004
#    -37    15       3.1251001468E-004
#    -37    16       2.5723047637E-005
#    -37    17       4.5378502499E-005
#    -37    18       6.0460415563E-004
#    -37    19       1.1119837413E-004
#    -37    20       2.6573809186E-004
#    -37    21       6.9406557848E-005
#    -37    22       5.1747890454E-005
#    -37    23       3.1237333853E-004
#    -37    24       4.8170579156E-005
#    -37    25       1.4689590924E-004
#    -37    26       1.8415605949E-005
#    -37    27       1.7697520805E-005
#    -36    -8       2.7524679585E-005
#    -36    -7       5.7541984175E-006
#    -36    -6       1.0518881682E-005
#    -36    -5       8.3943534525E-007
#    -36    -4       4.9533832092E-005
#    -36    -3       3.3746822660E-005
#    -36    -2       5.4975036199E-006
#    -36    -1       5.7905560205E-005
#    -36     0       2.5204654472E-006
#    -36     1       2.1001977607E-005
#    -36     2       6.1159393478E-005
#    -36     3       3.8894850311E-005
#    -36     4       1.2662518356E-004
#    -36     5       2.6401891500E-007
#    -36     6       5.8637763791E-006
#    -36     7       1.3645760503E-004
#    -36     8       3.1134625209E-005
#    -36     9       1.4549655313E-004
#    -36    10       6.1872482544E-006
#    -36    11       4.5334456367E-005
#    -36    12       7.4691888684E-005
#    -36    13       3.3285148001E-005
#    -36    14       1.0987189364E-004
#    -36    15       2.9466855048E-006
#    -36    16       8.0251129372E-005
#    -36    17       2.7677420128E-004
#    -36    18       6.2516065521E-005
#    -36    19       2.3368085109E-004
#    -36    20       4.4104358763E-005
#    -36    21       1.4775553633E-005
#    -36    22       2.1899860384E-004
#    -36    23       5.0388297996E-005
#    -36    24       2.0782200653E-004
#    -36    25       5.7456706873E-008
#    -36    26       3.4249598131E-005
#    -36    27       4.5876556039E-005
#    -35    -9       1.8111685695E-005
#    -35    -8       4.0491243301E-005
#    -35    -7       3.8473709920E-005
#    -35    -6       2.0402930155E-005
#    -35    -5       2.2351916561E-004
#    -35    -4       2.9069850133E-005
#    -35    -3       6.7796555882E-005
#    -35    -2       7.8907966519E-005
#    -35    -1       3.2371879157E-005
#    -35     0       3.4616465666E-004
#    -35     1       5.2934819869E-005
#    -35     2       1.2061100659E-004
#    -35     3       1.0480659781E-004
#    -35     4       6.7590150658E-005
#    -35     5       1.6602219693E-004
#    -35     6       7.0808267774E-005
#    -35     7       7.4585532077E-005
#    -35     8       1.3532466462E-004
#    -35     9       6.5357610258E-005
#    -35    10       7.3240779853E-004
#    -35    11       4.8548323755E-005
#    -35    12       1.3515330997E-004
#    -35    13       1.6032185941E-004
#    -35    14       5.5630791392E-005
#    -35    15       8.1029430580E-004
#    -35    16       1.2122053692E-004
#    -35    17       1.1381218224E-004
#    -35    18       2.6409627991E-004
#    -35    19       1.8040651287E-004
#    -35    20       7.1075941830E-004
#    -35    21       7.8969005484E-005
#    -35    22       1.7005669621E-004
#    -35    23       1.2635618820E-004
#    -35    24       7.1909067847E-005
#    -35    25       3.9451631721E-004
#    -35    26       2.2172909573E-004
#    -35    27       1.7138194412E-004
#    -34   -11       1.5710988099E-005
#    -34   -10       1.5261515647E-006
#    -34    -9       6.2394619584E-005
#    -34    -8       1.0527607215E-005
#    -34    -7       5.9860778229E-005
#    -34    -6       2.8764199612E-005
#    -34    -5       1.6749640395E-007
#    -34    -4       1.4806846246E-004
#    -34    -3       1.7834117470E-005
#    -34    -2       4.4228413017E-005
#    -34    -1       2.3005679298E-005
#    -34     0       2.6866414413E-006
#    -34     1       1.5486108469E-004
#    -34     2       3.9950107355E-005
#    -34     3       1.3146645902E-004
#    -34     4       1.4106710169E-005
#    -34     5       1.5086563408E-007
#    -34     6       9.2129288908E-005
#    -34     7       2.6606768049E-005
#    -34     8       5.6673848846E-005
#    -34     9       1.4385391795E-005
#    -34    10       2.7807625488E-006
#    -34    11       1.1246090790E-004
#    -34    12       5.9718810966E-006
#    -34    13       1.5275734770E-004
#    -34    14       6.3214856680E-006
#    -34    15       7.6291743972E-006
#    -34    16       1.9358566217E-004
#    -34    17       8.7634567439E-005
#    -34    18       1.8538239119E-004
#    -34    19       6.8834898830E-005
#    -34    20       1.9675953196E-005
#    -34    21       7.7098235939E-005
#    -34    22       1.8468696288E-007
#    -34    23       1.8878914229E-004
#    -34    24       2.6313272308E-005
#    -34    25       2.6146624216E-006
#    -34    26       1.6301669354E-004
#    -34    27       6.5851155143E-005
#    -33   -12       4.3110368258E-006
#    -33   -11       2.0384413321E-005
#    -33   -10       6.7589977365E-005
#    -33    -9       3.3383152914E-005
#    -33    -8       1.8310830263E-004
#    -33    -7       1.5487370106E-005
#    -33    -6       9.5827524710E-006
#    -33    -5       1.4978718138E-004
#    -33    -4       5.0859750662E-005
#    -33    -3       2.8789689375E-004
#    -33    -2       1.3207141666E-005
#    -33    -1       3.6807770895E-006
#    -33     0       2.0622984163E-004
#    -33     1       6.0378666697E-005
#    -33     2       3.0707651257E-004
#    -33     3       2.4130176533E-005
#    -33     4       1.4292250494E-005
#    -33     5       9.5507455835E-005
#    -33     6       7.0223710349E-005
#    -33     7       1.6524627151E-004
#    -33     8       2.5575705391E-005
#    -33     9       3.0676990720E-005
#    -33    10       1.5167981416E-004
#    -33    11       3.6108332582E-005
#    -33    12       2.6664206209E-004
#    -33    13       3.5663831036E-005
#    -33    14       5.4140635693E-005
#    -33    15       8.9987049631E-005
#    -33    16       1.1917403706E-004
#    -33    17       4.0512660470E-004
#    -33    18       2.8523854801E-005
#    -33    19       3.6777752793E-005
#    -33    20       2.4110755607E-004
#    -33    21       4.6804044838E-005
#    -33    22       5.1736539785E-004
#    -33    23       1.0914820052E-004
#    -33    24       5.2657974329E-005
#    -33    25       2.5256818197E-004
#    -33    26       1.2443816914E-004
#    -33    27       2.5829447069E-004
#    -32   -13       6.6030960531E-006
#    -32   -12       2.1637622105E-004
#    -32   -11       3.5337461961E-005
#    -32   -10       1.2705575781E-004
#    -32    -9       2.1750076967E-005
#    -32    -8       2.8595222944E-005
#    -32    -7       2.9045236764E-004
#    -32    -6       4.7353603210E-005
#    -32    -5       1.5698541888E-004
#    -32    -4       3.7093285235E-005
#    -32    -3       1.8325726807E-005
#    -32    -2       3.5276868307E-004
#    -32    -1       8.1352981432E-005
#    -32     0       1.9962428956E-004
#    -32     1       2.7318334074E-005
#    -32     2       2.8482298204E-005
#    -32     3       1.6171746679E-004
#    -32     4       4.7135498850E-005
#    -32     5       5.7222723077E-005
#    -32     6       8.8060427668E-006
#    -32     7       1.6919795675E-005
#    -32     8       1.3150736655E-004
#    -32     9       4.4762845562E-005
#    -32    10       1.1255734278E-004
#    -32    11       4.5164568541E-005
#    -32    12       2.9527173495E-005
#    -32    13       1.4611932484E-004
#    -32    14       4.4001406278E-005
#    -32    15       6.2878283180E-005
#    -32    16       1.7445734135E-005
#    -32    17       3.5187290810E-005
#    -32    18       2.3944825342E-004
#    -32    19       6.0882995850E-006
#    -32    20       7.1530689093E-005
#    -32    21       1.0633148179E-005
#    -32    22       1.4465141368E-005
#    -32    23       7.7665847040E-004
#    -32    24       1.7715109774E-004
#    -32    25       3.2644013007E-004
#    -32    26       5.6497281352E-005
#    -32    27       7.2568773927E-005
#    -32    28       6.5044817837E-005
#    -31   -14       2.7550579082E-005
#    -31   -13       5.9799951725E-005
#    -31   -12       1.7339141613E-005
#    -31   -11       9.7757133026E-005
#    -31   -10       6.7521185386E-006
#    -31    -9       5.5909397240E-006
#    -31    -8       1.2614070871E-004
#    -31    -7       3.2173994590E-005
#    -31    -6       1.0340395674E-004
#    -31    -5       1.5938162095E-006
#    -31    -4       3.6948603149E-005
#    -31    -3       1.4565496696E-004
#    -31    -2       3.7402601891E-005
#    -31    -1       1.3197607897E-004
#    -31     0       1.1181893257E-005
#    -31     1       4.2720419845E-005
#    -31     2       2.9492557800E-005
#    -31     3       6.9918793572E-006
#    -31     4       1.7549671198E-005
#    -31     5       3.4070738000E-006
#    -31     6       7.6722573284E-006
#    -31     7       4.0939648293E-005
#    -31     8       9.0065734808E-006
#    -31     9       2.7218314389E-005
#    -31    10       5.3618278167E-006
#    -31    11       7.6524330114E-006
#    -31    12       3.9979922879E-005
#    -31    13       4.5210408376E-006
#    -31    14       1.2437407340E-005
#    -31    15       4.6629598446E-006
#    -31    16       2.5562905380E-005
#    -31    17       8.8275007097E-005
#    -31    18       1.1999964100E-005
#    -31    19       2.8710514930E-005
#    -31    20       2.5252536034E-005
#    -31    21       4.8938274861E-005
#    -31    22       1.3981897338E-004
#    -31    23       9.5194596885E-005
#    -31    24       5.2705480631E-004
#    -31    25       3.9882897168E-006
#    -31    26       3.3332439632E-005
#    -31    27       1.9905822113E-004
#    -31    28       3.2257833791E-005
#    -30   -15       2.4111183085E-004
#    -30   -14       4.2522165731E-005
#    -30   -13       1.0571614960E-004
#    -30   -12       1.1103574856E-004
#    -30   -11       7.8832506868E-005
#    -30   -10       5.0853415695E-004
#    -30    -9       6.1631849130E-005
#    -30    -8       6.5140631612E-005
#    -30    -7       1.3547640055E-004
#    -30    -6       3.6535398960E-005
#    -30    -5       2.0261977916E-004
#    -30    -4       3.9085843148E-005
#    -30    -3       9.2123616520E-005
#    -30    -2       1.1267312732E-004
#    -30    -1       5.0922896713E-005
#    -30     0       8.3458654684E-004
#    -30     1       2.3156013617E-005
#    -30     2       1.2231458417E-005
#    -30     3       4.6452826027E-005
#    -30     4       4.3087020574E-005
#    -30     5       1.0755892067E-003
#    -30     6       4.2147339562E-005
#    -30     7       6.3905073594E-005
#    -30     8       5.1327968500E-005
#    -30     9       3.4880214024E-005
#    -30    10       7.8748002482E-004
#    -30    11       8.3478636182E-006
#    -30    12       2.9982362973E-005
#    -30    13       3.6552576947E-005
#    -30    14       8.4451608405E-006
#    -30    15       6.0385780548E-004
#    -30    16       1.5154743546E-005
#    -30    17       8.2931374977E-006
#    -30    18       3.3605969168E-005
#    -30    19       1.3251291868E-005
#    -30    20       9.9236991995E-006
#    -30    21       1.7533822317E-004
#    -30    22       2.9051462647E-004
#    -30    23       4.1736233054E-004
#    -30    24       1.7455552582E-004
#    -30    25       1.0721941750E-003
#    -30    26       7.4304891724E-005
#    -30    27       2.1205843622E-004
#    -30    28       3.8962476474E-005
#    -29   -16       1.1130658906E-005
#    -29   -15       7.8261471747E-006
#    -29   -14       1.1593109153E-004
#    -29   -13       1.7537267833E-005
#    -29   -12       1.5575207133E-004
#    -29   -11       3.5104232719E-005
#    -29   -10       2.9737950822E-006
#    -29    -9       1.3174244829E-004
#    -29    -8       2.1756502952E-005
#    -29    -7       1.1189169516E-004
#    -29    -6       5.2818839480E-005
#    -29    -5       3.0355516567E-007
#    -29    -4       1.3552620503E-004
#    -29    -3       1.6451446877E-005
#    -29    -2       8.6877044116E-005
#    -29    -1       6.2121907215E-006
#    -29     0       4.2536051473E-006
#    -29     1       1.1165825689E-004
#    -29     2       2.0745957417E-005
#    -29     3       3.8457936824E-005
#    -29     4       4.3325250094E-006
#    -29     5       3.1128558443E-006
#    -29     6       2.9141672943E-005
#    -29     7       2.5654636048E-005
#    -29     8       2.6847387675E-005
#    -29     9       4.6381876698E-006
#    -29    10       3.7021432983E-007
#    -29    11       1.5702742859E-005
#    -29    12       3.0695314473E-005
#    -29    13       2.7892928451E-005
#    -29    14       2.0801498607E-005
#    -29    15       1.1325656561E-005
#    -29    16       5.3534033146E-005
#    -29    17       2.9010612751E-005
#    -29    18       4.7119690634E-005
#    -29    19       6.5319085408E-007
#    -29    20       1.8021477337E-006
#    -29    21       2.7607962495E-004
#    -29    22       1.1205365256E-004
#    -29    23       4.0920502983E-004
#    -29    24       1.2761343283E-004
#    -29    25       1.9746419750E-005
#    -29    26       2.8601198335E-004
#    -29    27       3.5521471605E-006
#    -28   -16       1.0510615537E-005
#    -28   -15       1.4064424503E-004
#    -28   -14       6.9268661719E-005
#    -28   -13       4.2252778936E-004
#    -28   -12       3.7066276218E-005
#    -28   -11       4.5333818778E-005
#    -28   -10       2.5077877437E-004
#    -28    -9       8.8627111384E-005
#    -28    -8       2.7224427135E-004
#    -28    -7       1.7151821477E-005
#    -28    -6       1.1396340254E-005
#    -28    -5       1.8796783135E-004
#    -28    -4       4.4172908254E-005
#    -28    -3       1.1888575400E-004
#    -28    -2       1.8478029226E-006
#    -28    -1       1.9820245196E-005
#    -28     0       5.6906769405E-005
#    -28     1       3.7836061827E-005
#    -28     2       1.3523067843E-004
#    -28     3       4.0407862875E-006
#    -28     4       2.1516892226E-006
#    -28     5       9.5335534199E-005
#    -28     6       4.7471295176E-005
#    -28     7       2.1563896252E-004
#    -28     8       9.1740911081E-006
#    -28     9       1.8395336771E-005
#    -28    10       1.1171654742E-004
#    -28    11       9.7046195203E-005
#    -28    12       4.3947992274E-004
#    -28    13       6.5057200658E-005
#    -28    14       9.9035615466E-005
#    -28    15       8.9689192553E-005
#    -28    16       1.5036791975E-005
#    -28    17       6.5790446027E-005
#    -28    18       2.4196422972E-005
#    -28    19       5.9607386429E-005
#    -28    20       1.0171791236E-004
#    -28    21       6.3803403463E-005
#    -28    22       6.1919827963E-004
#    -28    23       2.7984619502E-005
#    -28    24       6.1803393107E-005
#    -28    25       2.2315921033E-004
#    -28    26       6.8815056569E-005
#    -28    27       3.4849694447E-004
#    -27   -17       1.1901401093E-004
#    -27   -16       5.5633908057E-005
#    -27   -15       1.9088731814E-004
#    -27   -14       1.3427116039E-005
#    -27   -13       4.9808195420E-005
#    -27   -12       4.5377609710E-004
#    -27   -11       1.0838792602E-004
#    -27   -10       1.7327516433E-004
#    -27    -9       3.5859362103E-005
#    -27    -8       4.3084199810E-005
#    -27    -7       2.3720506276E-004
#    -27    -6       1.0064496437E-005
#    -27    -5       3.9372884605E-005
#    -27    -4       4.5914546648E-005
#    -27    -3       6.1546935035E-006
#    -27    -2       1.3481613978E-004
#    -27    -1       2.4777925178E-005
#    -27     0       8.3257126285E-005
#    -27     1       2.1151609648E-005
#    -27     2       1.3712838141E-005
#    -27     3       6.5656403121E-005
#    -27     4       5.2156037897E-005
#    -27     5       1.1834004723E-004
#    -27     6       7.0417751573E-006
#    -27     7       1.2603683431E-005
#    -27     8       1.4659030579E-004
#    -27     9       2.1423791396E-005
#    -27    10       1.1245466816E-004
#    -27    11       3.7861536363E-005
#    -27    12       1.0169133287E-004
#    -27    13       5.8887040377E-004
#    -27    14       5.6713513439E-005
#    -27    15       2.9836901495E-004
#    -27    16       1.5758839884E-005
#    -27    17       1.5797961040E-005
#    -27    18       1.1178613861E-004
#    -27    19       9.1884105945E-005
#    -27    20       1.0188891740E-004
#    -27    21       2.5952704365E-005
#    -27    22       1.0162246119E-004
#    -27    23       8.0274492313E-004
#    -27    24       1.3900793555E-004
#    -27    25       4.1808464157E-004
#    -27    26       6.7417968665E-005
#    -27    27       5.2483808497E-005
#    -26   -18       5.2313959276E-005
#    -26   -17       3.7152465000E-005
#    -26   -16       1.0481993211E-004
#    -26   -15       5.7278515048E-006
#    -26   -14       7.4355620455E-005
#    -26   -13       1.7191852925E-004
#    -26   -12       5.0933487203E-005
#    -26   -11       1.2154250790E-004
#    -26   -10       1.5865959871E-005
#    -26    -9       3.8137507884E-005
#    -26    -8       8.0843161836E-005
#    -26    -7       1.2460347607E-005
#    -26    -6       4.9477282283E-005
#    -26    -5       2.3500824416E-005
#    -26    -4       6.1468762233E-006
#    -26    -3       8.2426232527E-005
#    -26    -2       8.5463693236E-006
#    -26    -1       8.3941052199E-005
#    -26     0       2.9701331408E-007
#    -26     1       1.3270986152E-005
#    -26     2       3.0920638123E-006
#    -26     3       4.1298943569E-006
#    -26     4       8.7921835906E-005
#    -26     5       2.2508067512E-005
#    -26     6       1.2686269575E-005
#    -26     7       1.5759117553E-004
#    -26     8       2.4132595961E-005
#    -26     9       7.4154953429E-005
#    -26    10       1.8390208845E-005
#    -26    11       9.4710361715E-006
#    -26    12       2.7754824684E-004
#    -26    13       5.7482083996E-005
#    -26    14       2.2159144447E-004
#    -26    15       4.2108083154E-006
#    -26    16       1.1415545647E-004
#    -26    17       2.3793260289E-007
#    -26    18       6.0072742159E-006
#    -26    19       1.8652114188E-004
#    -26    20       5.3136191366E-005
#    -26    21       1.0172035020E-004
#    -26    22       1.9413207599E-004
#    -26    23       1.1699675482E-005
#    -26    24       3.2313964541E-004
#    -26    25       2.7524483238E-005
#    -26    26       9.8780511069E-005
#    -26    27       1.0485190884E-004
#    -25   -19       2.5413399915E-005
#    -25   -18       8.1347599912E-005
#    -25   -17       9.4185057459E-005
#    -25   -16       9.0086705916E-005
#    -25   -15       6.3482260241E-004
#    -25   -14       1.2922830334E-004
#    -25   -13       2.4824613169E-004
#    -25   -12       1.8454443173E-004
#    -25   -11       1.3340710354E-004
#    -25   -10       6.8845484966E-004
#    -25    -9       4.1757049579E-005
#    -25    -8       2.1413800479E-005
#    -25    -7       8.2874834899E-005
#    -25    -6       2.3126710620E-005
#    -25    -5       1.1053236218E-003
#    -25    -4       1.7442123488E-006
#    -25    -3       1.5545858694E-005
#    -25    -2       5.6300497060E-005
#    -25    -1       1.4714881374E-005
#    -25     0       2.6196277643E-003
#    -25     1       1.0888715166E-005
#    -25     2       9.4510882483E-005
#    -25     3       4.7131055495E-005
#    -25     4       2.8274465025E-005
#    -25     5       3.1788424200E-003
#    -25     6       7.1796536301E-006
#    -25     7       4.8185994154E-005
#    -25     8       4.9090546139E-005
#    -25     9       3.0413674096E-005
#    -25    10       4.5787672297E-003
#    -25    11       4.9086203671E-005
#    -25    12       1.8837647133E-004
#    -25    13       1.8128850125E-004
#    -25    14       3.6118136963E-005
#    -25    15       3.8425910695E-003
#    -25    16       5.3040427554E-005
#    -25    17       9.6082775072E-005
#    -25    18       5.7584177657E-006
#    -25    19       3.2705109994E-005
#    -25    20       1.7067779854E-003
#    -25    21       9.7509915512E-005
#    -25    22       1.5895593710E-004
#    -25    23       2.8406887203E-004
#    -25    24       1.2250119506E-004
#    -25    25       3.0651694375E-004
#    -25    26       1.9394524801E-004
#    -25    27       1.6086249068E-004
#    -24   -20       2.3359768085E-005
#    -24   -19       1.3864826914E-004
#    -24   -18       4.9488394091E-005
#    -24   -17       1.3936114524E-004
#    -24   -16       3.0015659320E-005
#    -24   -15       1.6291214315E-005
#    -24   -14       2.6289854476E-004
#    -24   -13       4.1754635968E-005
#    -24   -12       1.1222463175E-004
#    -24   -11       3.7280608654E-006
#    -24   -10       8.3925500979E-006
#    -24    -9       5.8807335407E-005
#    -24    -8       6.1279514105E-006
#    -24    -7       2.3020507933E-005
#    -24    -6       3.8100101255E-005
#    -24    -5       5.5183333304E-006
#    -24    -4       6.6518056384E-005
#    -24    -3       1.8735749644E-005
#    -24    -2       5.6950144756E-006
#    -24    -1       1.7143435126E-005
#    -24     0       1.8368160003E-005
#    -24     1       7.8320128352E-005
#    -24     2       1.1124687611E-005
#    -24     3       1.4963777776E-004
#    -24     4       1.0065762223E-004
#    -24     5       6.3244491197E-006
#    -24     6       4.9181062940E-005
#    -24     7       1.1135919496E-005
#    -24     8       3.0090103248E-005
#    -24     9       6.8411317048E-006
#    -24    10       2.8237608208E-006
#    -24    11       4.1969047033E-005
#    -24    12       3.7226477776E-005
#    -24    13       1.7363405126E-004
#    -24    14       5.5595715657E-005
#    -24    15       1.9037748349E-005
#    -24    16       2.6551103776E-004
#    -24    17       1.2625586205E-005
#    -24    18       2.3174892863E-004
#    -24    19       9.9702448195E-006
#    -24    20       1.3972745785E-006
#    -24    21       3.2829523863E-004
#    -24    22       1.5822336122E-004
#    -24    23       2.0405812383E-004
#    -24    24       1.2990588431E-004
#    -24    25       7.1928350223E-005
#    -24    26       3.7127105330E-004
#    -23   -20       1.5132505295E-004
#    -23   -19       9.7108900109E-005
#    -23   -18       4.1443103504E-004
#    -23   -17       3.1149070082E-005
#    -23   -16       4.9229557662E-005
#    -23   -15       3.2932520045E-004
#    -23   -14       1.2734614560E-004
#    -23   -13       4.3037178465E-004
#    -23   -12       4.7812657070E-005
#    -23   -11       2.2703755150E-005
#    -23   -10       1.2510018774E-004
#    -23    -9       5.5412620490E-005
#    -23    -8       1.0596753294E-004
#    -23    -7       3.5913466175E-005
#    -23    -6       2.0601867731E-005
#    -23    -5       2.3357956667E-004
#    -23    -4       3.2494978505E-005
#    -23    -3       4.8379941690E-005
#    -23    -2       2.8344227954E-005
#    -23    -1       6.5942143279E-005
#    -23     0       1.7645167055E-004
#    -23     1       1.1153546959E-004
#    -23     2       8.5243178193E-004
#    -23     3       5.7165295529E-005
#    -23     4       5.9079103405E-005
#    -23     5       1.7855473956E-005
#    -23     6       2.4694736818E-005
#    -23     7       2.3797922088E-004
#    -23     8       2.3163545893E-005
#    -23     9       5.9265691816E-005
#    -23    10       1.8111533225E-004
#    -23    11       1.1118624480E-004
#    -23    12       6.5988799173E-004
#    -23    13       7.7851576184E-005
#    -23    14       1.3640562310E-004
#    -23    15       2.7640919728E-004
#    -23    16       2.5485838338E-005
#    -23    17       3.0969099327E-004
#    -23    18       1.7152653024E-005
#    -23    19       7.6896941096E-005
#    -23    20       1.7357427572E-004
#    -23    21       1.5335383823E-004
#    -23    22       5.0098859526E-004
#    -23    23       1.6865375387E-005
#    -23    24       2.2203658619E-005
#    -23    25       7.2313621282E-004
#    -23    26       2.2762989824E-005
#    -22   -21       7.0673316587E-006
#    -22   -20       1.1417470058E-004
#    -22   -19       4.4473852668E-005
#    -22   -18       4.8098240076E-005
#    -22   -17       4.7696437500E-004
#    -22   -16       8.4741902942E-005
#    -22   -15       2.9630105438E-004
#    -22   -14       1.5156887179E-005
#    -22   -13       4.6567140265E-005
#    -22   -12       1.4219731244E-004
#    -22   -11       3.6661013914E-005
#    -22   -10       2.1461792862E-005
#    -22    -9       3.4875441254E-005
#    -22    -8       2.6822653655E-005
#    -22    -7       2.0497164647E-004
#    -22    -6       3.6328162070E-005
#    -22    -5       1.8136036099E-004
#    -22    -4       3.1929578442E-005
#    -22    -3       1.0611212297E-005
#    -22    -2       1.9325197580E-004
#    -22    -1       1.9127191229E-004
#    -22     0       7.4845016098E-004
#    -22     1       5.7237289434E-005
#    -22     2       3.0726709164E-005
#    -22     3       4.5165040988E-004
#    -22     4       2.3420360047E-005
#    -22     5       5.2378343128E-005
#    -22     6       1.8683357472E-005
#    -22     7       7.0449071736E-005
#    -22     8       7.4621592150E-004
#    -22     9       9.7981171791E-005
#    -22    10       4.1161055607E-004
#    -22    11       8.9063136753E-005
#    -22    12       1.0298020868E-004
#    -22    13       1.1096491562E-003
#    -22    14       2.0630106506E-004
#    -22    15       5.7082372065E-004
#    -22    16       5.0863286582E-005
#    -22    17       2.0992270764E-005
#    -22    18       4.9491949571E-004
#    -22    19       1.7024007432E-004
#    -22    20       3.1071102247E-004
#    -22    21       3.1482838328E-005
#    -22    22       2.1449801210E-004
#    -22    23       5.2552107751E-004
#    -22    24       1.0699664249E-004
#    -22    25       1.3363656523E-004
#    -22    26       1.4232350466E-004
#    -21   -22       2.8031447131E-005
#    -21   -21       7.2342375387E-005
#    -21   -20       9.4437886972E-006
#    -21   -19       5.0350077593E-005
#    -21   -18       2.1548493059E-004
#    -21   -17       3.8749330962E-005
#    -21   -16       2.7876666717E-004
#    -21   -15       2.7134833413E-006
#    -21   -14       9.6307150558E-006
#    -21   -13       1.0241999470E-004
#    -21   -12       3.2205369677E-005
#    -21   -11       1.2754284100E-005
#    -21   -10       8.0273442936E-006
#    -21    -9       3.1646353634E-006
#    -21    -8       2.0471386557E-005
#    -21    -7       2.7254516135E-005
#    -21    -6       1.3282930096E-004
#    -21    -5       1.0894213820E-005
#    -21    -4       1.1698873785E-005
#    -21    -3       7.4983724230E-005
#    -21    -2       4.5370177368E-005
#    -21    -1       3.8777735087E-004
#    -21     0       1.7113488812E-006
#    -21     1       1.9552386998E-004
#    -21     2       4.4315097667E-005
#    -21     3       5.6622418468E-006
#    -21     4       4.2955021373E-006
#    -21     5       2.5774789885E-005
#    -21     6       3.5721670129E-005
#    -21     7       3.7894456695E-004
#    -21     8       5.0062549546E-005
#    -21     9       2.3241087215E-004
#    -21    10       5.8072245109E-005
#    -21    11       7.4760979838E-005
#    -21    12       5.0771889520E-004
#    -21    13       8.7484116139E-005
#    -21    14       6.9764768030E-004
#    -21    15       2.5702052177E-005
#    -21    16       1.8028723578E-004
#    -21    17       6.6184300631E-005
#    -21    18       9.1132469474E-006
#    -21    19       1.0871340783E-004
#    -21    20       4.3353478161E-005
#    -21    21       1.2908110991E-004
#    -21    22       2.3762170789E-004
#    -21    23       1.0769744839E-004
#    -21    24       7.1655376216E-004
#    -21    25       5.4476919441E-005
#    -20   -22       8.1019992198E-005
#    -20   -21       9.1366959913E-005
#    -20   -20       4.2943082520E-004
#    -20   -19       5.5313037344E-005
#    -20   -18       2.6761676764E-004
#    -20   -17       1.9492785854E-004
#    -20   -16       1.1143989825E-004
#    -20   -15       7.5872569411E-004
#    -20   -14       7.0956260256E-005
#    -20   -13       9.9291114924E-005
#    -20   -12       6.9377871008E-005
#    -20   -11       5.7308331141E-005
#    -20   -10       8.3315603288E-004
#    -20    -9       3.2606991032E-005
#    -20    -8       1.0741621974E-004
#    -20    -7       7.4080481540E-005
#    -20    -6       1.6935416477E-005
#    -20    -5       4.1964446874E-003
#    -20    -4       1.6866000656E-005
#    -20    -3       6.4627073276E-005
#    -20    -2       1.7290647032E-004
#    -20    -1       9.0700186674E-005
#    -20     0       1.3545015946E-002
#    -20     1       4.7935174414E-005
#    -20     2       4.9463392047E-005
#    -20     3       2.6271677646E-005
#    -20     4       3.3399349974E-005
#    -20     5       1.1412408984E-002
#    -20     6       3.8345624128E-005
#    -20     7       1.3059281659E-004
#    -20     8       1.9933511088E-004
#    -20     9       1.0379279305E-004
#    -20    10       6.5748371998E-003
#    -20    11       2.6807808811E-004
#    -20    12       3.9778590244E-004
#    -20    13       3.2330344366E-004
#    -20    14       1.5146514412E-004
#    -20    15       1.2785417609E-003
#    -20    16       4.9459949734E-006
#    -20    17       3.5698734453E-005
#    -20    18       9.9366550626E-005
#    -20    19       6.6824005069E-005
#    -20    20       2.5317459949E-003
#    -20    21       1.6056865247E-004
#    -20    22       8.9654076070E-005
#    -20    23       3.9438595611E-004
#    -20    24       1.4103092917E-004
#    -20    25       2.2113199636E-003
#    -19   -23       5.5858267929E-006
#    -19   -22       1.3156146279E-004
#    -19   -21       2.6380591009E-005
#    -19   -20       4.9952670020E-006
#    -19   -19       2.3343407474E-004
#    -19   -18       7.8021903242E-005
#    -19   -17       1.8824264189E-004
#    -19   -16       7.8659691860E-005
#    -19   -15       1.4578400053E-006
#    -19   -14       5.0640883554E-005
#    -19   -13       3.0165989770E-005
#    -19   -12       1.5066843771E-005
#    -19   -11       5.2291407400E-006
#    -19   -10       2.4117347586E-006
#    -19    -9       5.9822608051E-005
#    -19    -8       1.6703519281E-005
#    -19    -7       1.2633239789E-004
#    -19    -6       1.3028193644E-005
#    -19    -5       1.2846847357E-005
#    -19    -4       5.2119964845E-005
#    -19    -3       1.8281440482E-005
#    -19    -2       5.7682354802E-005
#    -19    -1       1.3940836767E-005
#    -19     0       9.5066343700E-007
#    -19     1       1.7171639864E-004
#    -19     2       8.3620845976E-008
#    -19     3       1.4488441524E-004
#    -19     4       8.1762748528E-005
#    -19     5       4.2434610599E-006
#    -19     6       5.9643756773E-005
#    -19     7       9.2025307614E-007
#    -19     8       6.0160053583E-005
#    -19     9       7.3340092669E-005
#    -19    10       3.3093092780E-006
#    -19    11       3.2027352101E-004
#    -19    12       1.1524670587E-004
#    -19    13       3.7645349634E-004
#    -19    14       5.8829274936E-005
#    -19    15       1.5890747551E-005
#    -19    16       1.2073044107E-004
#    -19    17       2.1544592869E-005
#    -19    18       3.4103870550E-005
#    -19    19       3.0955675771E-005
#    -19    20       2.4715560696E-005
#    -19    21       2.0524892332E-005
#    -19    22       1.7041998237E-004
#    -19    23       2.3689571829E-004
#    -19    24       8.4135145380E-005
#    -19    25       2.1089863127E-005
#    -18   -23       1.6150555752E-004
#    -18   -22       9.6100629771E-006
#    -18   -21       4.1976190978E-005
#    -18   -20       2.7815508494E-004
#    -18   -19       8.8892264401E-005
#    -18   -18       4.1139303973E-004
#    -18   -17       6.2387254708E-006
#    -18   -16       6.0769839245E-005
#    -18   -15       1.0944523610E-004
#    -18   -14       3.0370435542E-005
#    -18   -13       1.0978426872E-005
#    -18   -12       1.1546990367E-005
#    -18   -11       3.0489811184E-005
#    -18   -10       9.7582789955E-005
#    -18    -9       2.5490077079E-005
#    -18    -8       1.6072304293E-004
#    -18    -7       2.3455785762E-005
#    -18    -6       1.8453014096E-005
#    -18    -5       7.3913126096E-005
#    -18    -4       2.4905187193E-005
#    -18    -3       9.2688797812E-005
#    -18    -2       2.1430841474E-005
#    -18    -1       7.3336962874E-005
#    -18     0       3.5143459619E-004
#    -18     1       1.6687027330E-004
#    -18     2       1.6242555814E-003
#    -18     3       8.1464731317E-005
#    -18     4       7.4428344439E-005
#    -18     5       1.1509938373E-004
#    -18     6       1.4520871528E-004
#    -18     7       7.9006553189E-004
#    -18     8       1.3635680870E-004
#    -18     9       1.2563848803E-004
#    -18    10       3.3835400495E-004
#    -18    11       6.5504142334E-005
#    -18    12       2.0883278775E-004
#    -18    13       1.2747011825E-005
#    -18    14       2.1918158533E-006
#    -18    15       3.4650613122E-004
#    -18    16       1.6345947564E-004
#    -18    17       4.0216847455E-004
#    -18    18       3.0116682580E-005
#    -18    19       2.8549992769E-005
#    -18    20       1.5463570960E-005
#    -18    21       7.8869815401E-005
#    -18    22       5.9629748697E-004
#    -18    23       1.1449279744E-004
#    -18    24       1.2103476432E-004
#    -17   -24       4.4644749468E-006
#    -17   -23       1.9848707818E-005
#    -17   -22       3.6251693769E-004
#    -17   -21       4.9223587069E-005
#    -17   -20       2.7098361562E-004
#    -17   -19       4.8400917990E-005
#    -17   -18       3.6857331670E-005
#    -17   -17       3.6377828985E-004
#    -17   -16       3.5276111484E-005
#    -17   -15       5.5806771274E-005
#    -17   -14       1.6121377458E-005
#    -17   -13       2.5838115681E-006
#    -17   -12       3.8760657761E-004
#    -17   -11       9.2676505740E-005
#    -17   -10       2.9867416035E-004
#    -17    -9       8.0265976310E-006
#    -17    -8       3.7509943315E-007
#    -17    -7       6.3951368928E-006
#    -17    -6       1.7543412529E-005
#    -17    -5       2.3009954990E-004
#    -17    -4       1.4283250369E-004
#    -17    -3       3.8603352622E-005
#    -17    -2       2.3036261485E-004
#    -17    -1       2.3377149289E-004
#    -17     0       1.2824172611E-003
#    -17     1       3.0465868949E-004
#    -17     2       1.4196471720E-004
#    -17     3       1.7620478974E-003
#    -17     4       3.1148181565E-004
#    -17     5       4.5379146795E-004
#    -17     6       7.8380538248E-005
#    -17     7       1.8077997931E-004
#    -17     8       1.4664424179E-003
#    -17     9       1.9092884208E-004
#    -17    10       1.5956465045E-004
#    -17    11       5.9709115286E-006
#    -17    12       2.7361065689E-005
#    -17    13       3.5885612369E-004
#    -17    14       4.7494990137E-005
#    -17    15       8.6315278711E-006
#    -17    16       1.9223296328E-005
#    -17    17       8.7678819994E-006
#    -17    18       1.5389920750E-004
#    -17    19       1.7482522899E-005
#    -17    20       3.7636006367E-005
#    -17    21       8.1482322254E-005
#    -17    22       2.1899236642E-005
#    -17    23       7.8067173512E-005
#    -17    24       5.6998250685E-004
#    -16   -24       3.7864337832E-005
#    -16   -23       1.8783168292E-004
#    -16   -22       4.8019010342E-005
#    -16   -21       1.5014079127E-004
#    -16   -20       3.5563417134E-005
#    -16   -19       8.1053587662E-005
#    -16   -18       1.7660986721E-004
#    -16   -17       1.6940424954E-005
#    -16   -16       7.9079753012E-005
#    -16   -15       1.3132550636E-005
#    -16   -14       1.2172476980E-005
#    -16   -13       8.7797061048E-005
#    -16   -12       1.0750009054E-004
#    -16   -11       2.4075446583E-004
#    -16   -10       5.8221696409E-006
#    -16    -9       4.3631939216E-005
#    -16    -8       8.8062734272E-006
#    -16    -7       3.4185037032E-006
#    -16    -6       2.1536399705E-004
#    -16    -5       1.0599562617E-005
#    -16    -4       8.1754621766E-005
#    -16    -3       8.6521647933E-005
#    -16    -2       1.5119549604E-004
#    -16    -1       1.3897248371E-003
#    -16     0       2.6439718340E-006
#    -16     1       6.1091833802E-004
#    -16     2       6.3117164698E-004
#    -16     3       1.0459719635E-004
#    -16     4       3.2870777833E-004
#    -16     5       3.7347178007E-005
#    -16     6       5.2937964839E-005
#    -16     7       6.2567049584E-004
#    -16     8       4.1352725870E-005
#    -16     9       2.0946728217E-004
#    -16    10       1.8866240862E-006
#    -16    11       1.9835563077E-005
#    -16    12       1.3236124199E-004
#    -16    13       3.0009024411E-006
#    -16    14       8.3242194043E-005
#    -16    15       5.5919490617E-005
#    -16    16       9.1875170255E-005
#    -16    17       1.0712817965E-005
#    -16    18       3.3942378263E-005
#    -16    19       4.2847162536E-005
#    -16    20       5.0745874325E-005
#    -16    21       4.4423373034E-005
#    -16    22       5.5534769955E-005
#    -16    23       1.5373718877E-004
#    -15   -25       2.2057390449E-004
#    -15   -24       8.0431244218E-005
#    -15   -23       1.5291385253E-004
#    -15   -22       2.1187030756E-004
#    -15   -21       1.1650356462E-004
#    -15   -20       5.8473067875E-004
#    -15   -19       3.2672079562E-005
#    -15   -18       5.9687142641E-005
#    -15   -17       8.0991683933E-005
#    -15   -16       3.7111797869E-007
#    -15   -15       4.8588587762E-004
#    -15   -14       1.5342938875E-004
#    -15   -13       1.6929691352E-004
#    -15   -12       3.7949694466E-004
#    -15   -11       8.6879010989E-005
#    -15   -10       5.6105322140E-003
#    -15    -9       1.2816193058E-005
#    -15    -8       1.5853614987E-004
#    -15    -7       1.4258865616E-004
#    -15    -6       5.8602689590E-005
#    -15    -5       1.2065096382E-002
#    -15    -4       1.0540272136E-004
#    -15    -3       1.9936834512E-004
#    -15    -2       8.1044162394E-004
#    -15    -1       6.9012580977E-004
#    -15     0       1.8175245741E-002
#    -15     1       5.9860173944E-004
#    -15     2       6.3004138336E-004
#    -15     3       3.7657173454E-004
#    -15     4       2.6632448178E-004
#    -15     5       2.1782200136E-002
#    -15     6       1.9544636614E-004
#    -15     7       3.3598082634E-004
#    -15     8       4.4895386969E-005
#    -15     9       2.8792506398E-005
#    -15    10       1.3916306808E-002
#    -15    11       1.6450829351E-004
#    -15    12       1.4906480975E-004
#    -15    13       3.6545229675E-005
#    -15    14       3.2394923179E-006
#    -15    15       1.3883328324E-002
#    -15    16       1.4324272276E-006
#    -15    17       9.1779711099E-005
#    -15    18       4.5106059995E-004
#    -15    19       2.8575332967E-004
#    -15    20       7.8043177224E-004
#    -15    21       4.1456303064E-004
#    -15    22       1.3098955108E-004
#    -15    23       3.1517365486E-004
#    -14   -25       1.1021508694E-005
#    -14   -24       1.8268495942E-004
#    -14   -23       1.4903667265E-005
#    -14   -22       1.9793440382E-004
#    -14   -21       1.1171510952E-005
#    -14   -20       1.2320902322E-005
#    -14   -19       7.7991285133E-005
#    -14   -18       7.6870005262E-006
#    -14   -17       1.2304179236E-005
#    -14   -16       1.6608189417E-005
#    -14   -15       1.7801118788E-006
#    -14   -14       2.0883356079E-004
#    -14   -13       8.0782331123E-005
#    -14   -12       3.1781777585E-004
#    -14   -11       4.3944810244E-006
#    -14   -10       2.0401408907E-006
#    -14    -9       2.3389883237E-004
#    -14    -8       1.0465188985E-005
#    -14    -7       3.4910405300E-004
#    -14    -6       3.3107301992E-006
#    -14    -5       1.0646509500E-005
#    -14    -4       1.0223635337E-004
#    -14    -3       1.4074828102E-004
#    -14    -2       7.6197889165E-004
#    -14    -1       3.8222559516E-004
#    -14     0       2.5878415653E-005
#    -14     1       9.3328713914E-004
#    -14     2       3.0434037918E-004
#    -14     3       1.6033165588E-004
#    -14     4       1.3487395798E-004
#    -14     5       1.0232175791E-005
#    -14     6       4.6073693104E-005
#    -14     7       6.1588485921E-006
#    -14     8       3.0210066000E-005
#    -14     9       1.3482628600E-004
#    -14    10       4.5431098905E-006
#    -14    11       6.3782488900E-004
#    -14    12       9.4785353881E-005
#    -14    13       1.9434204774E-004
#    -14    14       2.2655755323E-005
#    -14    15       1.6296111697E-005
#    -14    16       1.2930235494E-004
#    -14    17       6.4901262490E-005
#    -14    18       6.6718437624E-005
#    -14    19       1.4832125828E-004
#    -14    20       2.1789186609E-004
#    -14    21       1.2682061961E-003
#    -14    22       4.4221052165E-004
#    -13   -26       1.0355639607E-005
#    -13   -25       2.5313038778E-004
#    -13   -24       8.1026194639E-005
#    -13   -23       5.4586993160E-004
#    -13   -22       6.8167737950E-005
#    -13   -21       3.1002668989E-005
#    -13   -20       1.4785359018E-004
#    -13   -19       3.7653470011E-005
#    -13   -18       1.2729389935E-005
#    -13   -17       2.1155700910E-005
#    -13   -16       4.2088122463E-005
#    -13   -15       1.3991685745E-004
#    -13   -14       1.9649885633E-004
#    -13   -13       4.8324165320E-004
#    -13   -12       3.4693763451E-005
#    -13   -11       3.6667554786E-005
#    -13   -10       2.6326638549E-004
#    -13    -9       1.0413738218E-004
#    -13    -8       6.1384156018E-004
#    -13    -7       1.6455835554E-005
#    -13    -6       2.4471339434E-005
#    -13    -5       2.5999922213E-004
#    -13    -4       3.2049714824E-004
#    -13    -3       2.1528162558E-003
#    -13    -2       2.3718840314E-004
#    -13    -1       6.0438630263E-005
#    -13     0       6.5986754141E-004
#    -13     1       2.3554211502E-005
#    -13     2       2.3196548040E-005
#    -13     3       1.2453785960E-005
#    -13     4       1.7212964722E-006
#    -13     5       2.5143070758E-004
#    -13     6       2.7456768164E-004
#    -13     7       1.2608925621E-003
#    -13     8       1.6374753581E-004
#    -13     9       8.5198006652E-005
#    -13    10       1.0872998943E-003
#    -13    11       4.7322711267E-004
#    -13    12       1.2009373488E-003
#    -13    13       2.2946952554E-005
#    -13    14       2.7658653805E-005
#    -13    15       6.3951223904E-004
#    -13    16       2.0240019211E-004
#    -13    17       6.3324474143E-004
#    -13    18       2.5822268563E-004
#    -13    19       1.1862405712E-004
#    -13    20       6.0552691768E-004
#    -13    21       1.1249472153E-004
#    -12   -26       1.0019555081E-004
#    -12   -25       1.4135239117E-004
#    -12   -24       5.3664624793E-005
#    -12   -23       1.9375776090E-005
#    -12   -22       5.3662746411E-004
#    -12   -21       8.3057885168E-005
#    -12   -20       1.0986104631E-004
#    -12   -19       3.7690145277E-005
#    -12   -18       5.8504344751E-006
#    -12   -17       1.4315788826E-005
#    -12   -16       1.1096078970E-004
#    -12   -15       1.5215966578E-004
#    -12   -14       2.9858720736E-005
#    -12   -13       3.7063907839E-005
#    -12   -12       6.9499282250E-004
#    -12   -11       2.2922119105E-004
#    -12   -10       7.1184232592E-004
#    -12    -9       1.1039957085E-004
#    -12    -8       2.9402083507E-005
#    -12    -7       5.5938243889E-005
#    -12    -6       4.6445982418E-005
#    -12    -5       6.2869528131E-004
#    -12    -4       3.6676561723E-004
#    -12    -3       2.7821108671E-004
#    -12    -2       1.2407547180E-003
#    -12    -1       2.5371899090E-005
#    -12     0       2.0964050837E-005
#    -12     1       6.2552412394E-005
#    -12     2       9.3524280374E-005
#    -12     3       1.1650859443E-003
#    -12     4       4.5487738303E-004
#    -12     5       1.5623002773E-003
#    -12     6       1.0352175634E-004
#    -12     7       2.8255442477E-004
#    -12     8       2.3648485152E-003
#    -12     9       4.1510853914E-004
#    -12    10       9.6257814267E-004
#    -12    11       2.3583429895E-004
#    -12    12       5.4966713870E-005
#    -12    13       4.2858889636E-004
#    -12    14       8.3420247401E-005
#    -12    15       5.8404118137E-004
#    -12    16       4.0548004338E-005
#    -12    17       3.6785106321E-005
#    -12    18       4.7604817477E-004
#    -12    19       5.4616404130E-005
#    -12    20       1.1353685934E-003
#    -12    21       1.1793994823E-004
#    -11   -26       9.3896097664E-005
#    -11   -25       9.5854329218E-006
#    -11   -24       6.2576736606E-005
#    -11   -23       3.3433832780E-004
#    -11   -22       8.9335090604E-005
#    -11   -21       9.5456232057E-005
#    -11   -20       9.4683952146E-007
#    -11   -19       4.0448787184E-006
#    -11   -18       3.3405968365E-006
#    -11   -17       1.0289211527E-005
#    -11   -16       7.9506516232E-005
#    -11   -15       1.8353460421E-006
#    -11   -14       3.6854880538E-005
#    -11   -13       1.7829008904E-004
#    -11   -12       8.2362814501E-005
#    -11   -11       6.0284082659E-004
#    -11   -10       1.6931174481E-006
#    -11    -9       7.8423178414E-005
#    -11    -8       1.8031755754E-004
#    -11    -7       3.7417067326E-005
#    -11    -6       7.9341223782E-004
#    -11    -5       7.2024148960E-005
#    -11    -4       9.5283598101E-005
#    -11    -3       3.1105907926E-004
#    -11    -2       1.9073701302E-007
#    -11    -1       1.7499504607E-004
#    -11     0       8.4249043474E-006
#    -11     1       2.6014770150E-004
#    -11     2       1.0292719690E-003
#    -11     3       1.7627800792E-004
#    -11     4       1.1715364411E-003
#    -11     5       1.3577758110E-004
#    -11     6       2.0168925789E-004
#    -11     7       1.1110232569E-003
#    -11     8       2.2469933653E-004
#    -11     9       1.0994481668E-003
#    -11    10       7.1627734962E-006
#    -11    11       8.3240992822E-005
#    -11    12       2.4534752347E-004
#    -11    13       5.2430104608E-005
#    -11    14       7.1596343082E-004
#    -11    15       1.6445641558E-005
#    -11    16       4.4841209601E-004
#    -11    17       3.7322331541E-005
#    -11    18       5.4553245444E-005
#    -11    19       1.4271607921E-003
#    -11    20       2.4563607290E-005
#    -10   -27       4.9185206728E-005
#    -10   -26       6.4067231236E-005
#    -10   -25       7.1524147331E-004
#    -10   -24       1.9717011381E-004
#    -10   -23       3.0173805549E-004
#    -10   -22       1.6126332690E-004
#    -10   -21       7.5163479893E-005
#    -10   -20       4.3414078114E-005
#    -10   -19       7.1671501186E-005
#    -10   -18       1.2735704698E-004
#    -10   -17       1.1281868959E-006
#    -10   -16       5.4643624533E-005
#    -10   -15       3.6841036500E-003
#    -10   -14       1.5316878834E-004
#    -10   -13       4.4112484058E-004
#    -10   -12       4.3812087839E-004
#    -10   -11       3.9214736858E-004
#    -10   -10       6.6965369974E-003
#    -10    -9       1.1935456856E-004
#    -10    -8       3.4285524013E-004
#    -10    -7       6.3473977822E-004
#    -10    -6       2.6588485282E-004
#    -10    -5       2.0381684148E-002
#    -10    -4       2.0433976261E-004
#    -10    -3       1.0479814835E-004
#    -10    -2       2.3077296928E-004
#    -10    -1       4.6653000948E-004
#    -10     0       2.8608155674E-002
#    -10     1       8.7208926315E-004
#    -10     2       1.1780046002E-003
#    -10     3       1.3147097376E-003
#    -10     4       5.7660690919E-004
#    -10     5       1.0012252209E-002
#    -10     6       8.6743711439E-004
#    -10     7       1.3479847725E-003
#    -10     8       7.3622474405E-004
#    -10     9       3.5743584524E-004
#    -10    10       1.6577041931E-002
#    -10    11       1.0428295700E-005
#    -10    12       5.6952485538E-005
#    -10    13       3.1130918368E-004
#    -10    14       1.9522906410E-004
#    -10    15       1.4755102758E-002
#    -10    16       3.6527245879E-004
#    -10    17       3.0004643110E-004
#    -10    18       4.2069763531E-004
#    -10    19       6.4386178346E-005
#     -9   -27       6.9153028850E-005
#     -9   -26       5.9026804410E-005
#     -9   -25       2.5146282880E-006
#     -9   -24       2.5751385727E-004
#     -9   -23       1.0161393674E-004
#     -9   -22       2.5056551537E-004
#     -9   -21       5.1445831212E-005
#     -9   -20       1.1151972982E-005
#     -9   -19       4.4492777146E-005
#     -9   -18       1.1548374383E-005
#     -9   -17       3.4126103414E-005
#     -9   -16       2.1544815471E-005
#     -9   -15       3.3733963753E-006
#     -9   -14       2.3636744006E-004
#     -9   -13       1.6097551377E-004
#     -9   -12       6.3349559642E-004
#     -9   -11       1.1340111221E-004
#     -9   -10       4.5038638673E-006
#     -9    -9       2.0339208614E-004
#     -9    -8       7.9661953801E-005
#     -9    -7       6.1033462318E-004
#     -9    -6       1.2673468587E-004
#     -9    -5       8.5332503852E-006
#     -9    -4       6.0982571411E-006
#     -9    -3       1.0751961651E-004
#     -9    -2       6.9753052079E-004
#     -9    -1       5.6728202372E-004
#     -9     0       1.5512342305E-006
#     -9     1       1.7180155955E-003
#     -9     2       4.8032246069E-004
#     -9     3       5.1846239818E-004
#     -9     4       2.7727205000E-004
#     -9     5       1.4616448202E-004
#     -9     6       3.8817079323E-004
#     -9     7       4.1435235675E-005
#     -9     8       4.0500386774E-004
#     -9     9       1.0524641894E-004
#     -9    10       5.2274169288E-005
#     -9    11       1.4392178443E-004
#     -9    12       4.5096215460E-007
#     -9    13       2.0249669273E-004
#     -9    14       1.0048791646E-004
#     -9    15       9.2574145072E-005
#     -9    16       1.1309125504E-003
#     -9    17       4.5731074814E-004
#     -9    18       1.4924216469E-004
#     -9    19       1.2133654755E-004
#     -8   -27       1.7504336627E-005
#     -8   -26       6.0012115908E-005
#     -8   -25       3.1927016771E-004
#     -8   -24       1.9287970711E-004
#     -8   -23       7.3721096672E-004
#     -8   -22       4.1732230404E-005
#     -8   -21       1.4475878664E-004
#     -8   -20       1.2251446624E-004
#     -8   -19       1.1156944236E-005
#     -8   -18       1.7181393882E-004
#     -8   -17       4.7930986542E-005
#     -8   -16       6.2446343448E-005
#     -8   -15       2.1162296516E-004
#     -8   -14       2.1887589334E-004
#     -8   -13       1.1357823338E-003
#     -8   -12       5.6606929231E-005
#     -8   -11       1.5609825647E-005
#     -8   -10       3.1262443895E-004
#     -8    -9       8.1016043914E-005
#     -8    -8       8.4004250634E-004
#     -8    -7       5.5847040500E-005
#     -8    -6       1.5743304507E-004
#     -8    -5       4.5702497736E-004
#     -8    -4       3.5846101353E-004
#     -8    -3       2.9881951091E-003
#     -8    -2       3.4165403358E-004
#     -8    -1       1.9374925075E-004
#     -8     0       2.0673837189E-003
#     -8     1       3.9745680872E-004
#     -8     2       6.5017065717E-004
#     -8     3       4.6364573707E-005
#     -8     4       1.4822915000E-004
#     -8     5       5.9239077435E-005
#     -8     6       1.7892043865E-005
#     -8     7       5.5371568615E-004
#     -8     8       7.4807821383E-005
#     -8     9       2.2287448745E-005
#     -8    10       3.3210795941E-005
#     -8    11       2.9494208714E-004
#     -8    12       2.3453391649E-003
#     -8    13       3.2814884049E-005
#     -8    14       6.3185551956E-005
#     -8    15       1.5302574183E-003
#     -8    16       7.8796029562E-004
#     -8    17       1.4387943545E-003
#     -8    18       3.5338655334E-004
#     -7   -27       9.3085437794E-005
#     -7   -26       6.9366397791E-005
#     -7   -25       2.8735756348E-004
#     -7   -24       6.5646699041E-005
#     -7   -23       7.5356269476E-005
#     -7   -22       4.5903262425E-004
#     -7   -21       7.6172545486E-005
#     -7   -20       2.4138186485E-004
#     -7   -19       1.2533387291E-005
#     -7   -18       1.3367159115E-005
#     -7   -17       9.7499267795E-005
#     -7   -16       7.9034119714E-005
#     -7   -15       3.0551230797E-004
#     -7   -14       7.6622295881E-005
#     -7   -13       6.9300396310E-005
#     -7   -12       4.9573169130E-004
#     -7   -11       3.7988381667E-005
#     -7   -10       3.8078880582E-005
#     -7    -9       3.2948436599E-005
#     -7    -8       9.3404942680E-006
#     -7    -7       1.1250259849E-004
#     -7    -6       1.7426302299E-004
#     -7    -5       1.7816242857E-003
#     -7    -4       4.7548902676E-004
#     -7    -3       4.1383656976E-004
#     -7    -2       2.8694781313E-003
#     -7    -1       3.0888005379E-004
#     -7     0       3.1781055151E-004
#     -7     1       2.4386524567E-005
#     -7     2       2.5118367872E-005
#     -7     3       3.7465105639E-005
#     -7     4       9.0683015322E-005
#     -7     5       2.1515828813E-004
#     -7     6       1.6343860588E-004
#     -7     7       6.0882798373E-005
#     -7     8       4.3470807047E-005
#     -7     9       1.5045644838E-004
#     -7    10       1.2872969413E-003
#     -7    11       3.4473086403E-004
#     -7    12       1.7706941846E-004
#     -7    13       2.7697427642E-004
#     -7    14       4.6151517690E-005
#     -7    15       9.1980601667E-004
#     -7    16       4.2894913395E-004
#     -7    17       6.8036716750E-005
#     -6   -27       8.1521091323E-006
#     -6   -26       2.3789886271E-004
#     -6   -25       2.1180653404E-005
#     -6   -24       9.3256346198E-005
#     -6   -23       4.4943991335E-004
#     -6   -22       6.8844449501E-005
#     -6   -21       2.6676261987E-004
#     -6   -20       6.1420553893E-006
#     -6   -19       4.6741936938E-005
#     -6   -18       8.9525122439E-005
#     -6   -17       3.1611915765E-005
#     -6   -16       2.6064589891E-004
#     -6   -15       3.5974151364E-006
#     -6   -14       6.8463346886E-005
#     -6   -13       2.5197530266E-004
#     -6   -12       1.5855495476E-005
#     -6   -11       3.6494024611E-006
#     -6   -10       1.3324129469E-005
#     -6    -9       3.6586467446E-006
#     -6    -8       9.7184974338E-005
#     -6    -7       8.5874510156E-005
#     -6    -6       1.4126920549E-003
#     -6    -5       1.6363278394E-004
#     -6    -4       3.2014064188E-004
#     -6    -3       5.9546031814E-004
#     -6    -2       6.1897910324E-005
#     -6    -1       1.8763445075E-004
#     -6     0       2.1384994163E-007
#     -6     1       3.6304071408E-005
#     -6     2       3.8048594277E-004
#     -6     3       4.1070959427E-005
#     -6     4       3.8027971785E-004
#     -6     5       1.2656319716E-004
#     -6     6       3.8096797107E-005
#     -6     7       4.3880874346E-005
#     -6     8       5.3258062445E-005
#     -6     9       1.1575540135E-003
#     -6    10       6.7003814100E-005
#     -6    11       5.0964333320E-004
#     -6    12       1.6693275413E-003
#     -6    13       2.6664296631E-005
#     -6    14       5.6626020514E-004
#     -6    15       9.9448634514E-005
#     -6    16       6.8561048029E-005
#     -5   -27       2.0640242266E-004
#     -5   -26       1.1734422659E-004
#     -5   -25       6.8102289407E-004
#     -5   -24       8.1735139677E-005
#     -5   -23       2.6348372307E-004
#     -5   -22       3.3065149638E-004
#     -5   -21       3.1114018687E-005
#     -5   -20       1.8544176835E-003
#     -5   -19       8.1705524615E-005
#     -5   -18       2.2389154176E-004
#     -5   -17       9.2387923428E-005
#     -5   -16       4.4569846791E-005
#     -5   -15       1.5514586922E-003
#     -5   -14       1.4493465307E-005
#     -5   -13       1.9901517934E-005
#     -5   -12       6.7949684238E-005
#     -5   -11       5.6092893702E-005
#     -5   -10       1.1910905706E-002
#     -5    -9       1.0438746798E-004
#     -5    -8       5.6725153027E-004
#     -5    -7       1.2124171275E-003
#     -5    -6       5.2911740263E-004
#     -5    -5       9.1354728161E-003
#     -5    -4       1.0470448994E-003
#     -5    -3       7.2172692990E-004
#     -5    -2       1.1566229681E-004
#     -5    -1       1.2431420430E-004
#     -5     0       8.6928661659E-003
#     -5     1       5.6165514386E-004
#     -5     2       7.8009864027E-004
#     -5     3       5.3305520110E-004
#     -5     4       2.9649857715E-004
#     -5     5       9.4656028234E-004
#     -5     6       1.5501012790E-004
#     -5     7       1.5239276434E-004
#     -5     8       1.0257457115E-003
#     -5     9       1.1665265672E-003
#     -5    10       3.5683634644E-002
#     -5    11       1.1159709878E-003
#     -5    12       7.6247903997E-004
#     -5    13       1.4162041131E-004
#     -5    14       2.8517623026E-004
#     -5    15       1.9184152096E-002
#     -4   -28       1.1013376687E-005
#     -4   -27       2.2669513314E-005
#     -4   -26       7.0638889593E-005
#     -4   -25       2.4653422443E-006
#     -4   -24       3.3713099306E-004
#     -4   -23       4.2174227739E-005
#     -4   -22       1.7814972442E-004
#     -4   -21       7.2937537908E-005
#     -4   -20       3.2399633735E-005
#     -4   -19       2.3287642493E-004
#     -4   -18       6.4415375671E-005
#     -4   -17       1.0956346319E-004
#     -4   -16       1.9668956870E-005
#     -4   -15       2.1073883773E-006
#     -4   -14       2.7710388364E-004
#     -4   -13       6.8250520370E-006
#     -4   -12       9.9176156338E-005
#     -4   -11       1.3424371507E-004
#     -4   -10       1.0754920723E-006
#     -4    -9       6.2873042295E-004
#     -4    -8       2.0357197208E-004
#     -4    -7       1.1682371540E-003
#     -4    -6       1.6709104396E-004
#     -4    -5       1.3229341892E-004
#     -4    -4       1.5356717867E-004
#     -4    -3       9.5172220034E-005
#     -4    -2       2.2290535737E-004
#     -4    -1       1.5785148006E-004
#     -4     0       5.0836339373E-005
#     -4     1       2.2107452608E-004
#     -4     2       1.0684481552E-004
#     -4     3       1.8854313232E-004
#     -4     4       7.0280757675E-005
#     -4     5       1.1052294619E-005
#     -4     6       1.2445508300E-004
#     -4     7       2.3315344380E-005
#     -4     8       1.4756737791E-003
#     -4     9       5.3394393758E-004
#     -4    10       5.8460850819E-005
#     -4    11       3.2858167189E-003
#     -4    12       1.1966448714E-004
#     -4    13       4.1107393212E-004
#     -4    14       2.1011286566E-005
#     -3   -28       1.6764542374E-004
#     -3   -27       2.0640771903E-005
#     -3   -26       2.5048297772E-005
#     -3   -25       5.9957090651E-004
#     -3   -24       7.4800456259E-005
#     -3   -23       3.1377757566E-004
#     -3   -22       1.3273961851E-005
#     -3   -21       1.3237771379E-004
#     -3   -20       5.3510134111E-004
#     -3   -19       5.9185744693E-005
#     -3   -18       3.1661260379E-004
#     -3   -17       1.0223116675E-005
#     -3   -16       3.0085278382E-006
#     -3   -15       1.7894621094E-004
#     -3   -14       2.9240899922E-005
#     -3   -13       1.1996493524E-005
#     -3   -12       1.7105433245E-005
#     -3   -11       6.0115123161E-005
#     -3   -10       1.0289097481E-003
#     -3    -9       3.6738509566E-004
#     -3    -8       2.3349319709E-003
#     -3    -7       3.0377401986E-004
#     -3    -6       2.7302812721E-004
#     -3    -5       3.3854125099E-005
#     -3    -4       2.4413614007E-005
#     -3    -3       1.0375164370E-003
#     -3    -2       2.0499033083E-004
#     -3    -1       1.2162639143E-004
#     -3     0       3.1283257271E-005
#     -3     1       1.7297443544E-005
#     -3     2       2.0409531456E-005
#     -3     3       9.8073567651E-006
#     -3     4       5.8726397838E-005
#     -3     5       9.0454691797E-005
#     -3     6       7.6599609574E-006
#     -3     7       8.3133771075E-004
#     -3     8       1.9368428726E-004
#     -3     9       3.7082533942E-004
#     -3    10       1.4068686166E-003
#     -3    11       6.2024980394E-004
#     -3    12       1.5023831781E-004
#     -3    13       3.6613447629E-005
#     -2   -28       5.3631916740E-006
#     -2   -27       5.6282105618E-004
#     -2   -26       1.3921617704E-004
#     -2   -25       2.1979879939E-004
#     -2   -24       1.2790779668E-004
#     -2   -23       1.1437209112E-005
#     -2   -22       8.1527137247E-004
#     -2   -21       1.1502481661E-004
#     -2   -20       6.6784409032E-004
#     -2   -19       6.8731842577E-007
#     -2   -18       1.7932454363E-005
#     -2   -17       4.2761805881E-004
#     -2   -16       1.2442073494E-004
#     -2   -15       8.1253275046E-005
#     -2   -14       2.9344714824E-005
#     -2   -13       1.7210302662E-005
#     -2   -12       5.5302918352E-004
#     -2   -11       2.0217528217E-004
#     -2   -10       9.0146313767E-004
#     -2    -9       2.0833132098E-004
#     -2    -8       6.7368685187E-005
#     -2    -7       9.1765387894E-004
#     -2    -6       1.0649035886E-004
#     -2    -5       4.8256703886E-004
#     -2    -4       4.7164845312E-004
#     -2    -3       1.2901544768E-004
#     -2    -2       3.8306156369E-004
#     -2    -1       4.0439452138E-007
#     -2     0       1.6765307201E-004
#     -2     1       1.5017074399E-004
#     -2     2       1.3018353138E-004
#     -2     3       1.7629693570E-004
#     -2     4       6.2633450124E-006
#     -2     5       1.4847237669E-004
#     -2     6       6.0163137566E-007
#     -2     7       1.4692126783E-005
#     -2     8       5.9276757331E-005
#     -2     9       2.3555973819E-004
#     -2    10       1.0795500651E-003
#     -2    11       9.7412561595E-005
#     -2    12       1.8626084036E-004
#     -1   -27       2.7771577109E-005
#     -1   -26       1.0662141055E-004
#     -1   -25       2.1890760689E-005
#     -1   -24       1.2246272400E-005
#     -1   -23       1.5030722979E-004
#     -1   -22       5.7462384612E-005
#     -1   -21       3.1016764079E-004
#     -1   -20       4.0516926732E-006
#     -1   -19       2.9654022125E-005
#     -1   -18       1.4744287523E-004
#     -1   -17       3.0897141360E-005
#     -1   -16       1.0756980403E-005
#     -1   -15       7.2988176331E-006
#     -1   -14       3.5363393122E-005
#     -1   -13       1.2606755490E-004
#     -1   -12       1.2258753221E-004
#     -1   -11       7.0311503626E-004
#     -1   -10       6.5119327553E-005
#     -1    -9       7.1556263668E-005
#     -1    -8       4.8194011449E-004
#     -1    -7       6.7083061300E-005
#     -1    -6       3.6321591622E-004
#     -1    -5       1.2759172255E-004
#     -1    -4       1.9619227668E-004
#     -1    -3       1.6558189495E-004
#     -1    -2       5.1071690227E-006
#     -1    -1       2.0398008954E-004
#     -1     0       1.0223787653E-004
#     -1     1       2.9544541979E-004
#     -1     2       1.0318573452E-003
#     -1     3       3.2434457959E-005
#     -1     4       1.4282928334E-004
#     -1     5       1.1879334781E-004
#     -1     6       2.4294418697E-004
#     -1     7       4.2520875363E-004
#     -1     8       7.4970762151E-005
#     -1     9       1.4526580284E-004
#     -1    10       1.4891133505E-004
#     -1    11       1.8008641259E-006
#      0   -27       1.4843825210E-004
#      0   -26       2.8303523665E-004
#      0   -25       4.8814026208E-004
#      0   -24       1.7932524703E-004
#      0   -23       3.6182520681E-004
#      0   -22       3.5994783168E-004
#      0   -21       1.2996765109E-004
#      0   -20       2.7639926161E-003
#      0   -19       7.1401436350E-006
#      0   -18       1.1953034180E-005
#      0   -17       2.5401165007E-006
#      0   -16       2.0322735015E-005
#      0   -15       1.5885112824E-002
#      0   -14       7.3223137165E-006
#      0   -13       1.2867996150E-005
#      0   -12       3.6330712961E-004
#      0   -11       2.3472091740E-004
#      0   -10       1.5000481679E-002
#      0    -9       7.5268222922E-005
#      0    -8       7.8284171882E-005
#      0    -7       3.0407905277E-004
#      0    -6       1.5589752893E-004
#      0    -5       4.0346299324E-004
#      0    -4       3.4327693717E-004
#      0    -3       6.7354408914E-005
#      0    -2       6.4655321793E-004
#      0    -1       9.7947532887E-004
#      0     0       3.2021725010E-002
#      0     1       1.3022961437E-003
#      0     2       9.4073462520E-004
#      0     3       3.0785253978E-005
#      0     4       3.2407348118E-004
#      0     5       7.9914088772E-003
#      0     6       4.4966870114E-004
#      0     7       2.8492439281E-004
#      0     8       2.2096551437E-004
#      0     9       3.0565281725E-004
#      0    10       1.1342230579E-002
#      1   -27       2.1790982117E-004
#      1   -26       4.6523400029E-005
#      1   -25       3.1064825923E-005
#      1   -24       3.6755047279E-004
#      1   -23       5.2391380277E-005
#      1   -22       3.9016045021E-004
#      1   -21       1.4527406085E-004
#      1   -20       3.0419507923E-005
#      1   -19       3.3240020559E-005
#      1   -18       4.6538834059E-005
#      1   -17       1.1218028885E-005
#      1   -16       1.8224993140E-005
#      1   -15       1.4377147011E-005
#      1   -14       2.9458837609E-004
#      1   -13       4.8508442617E-006
#      1   -12       1.4339009558E-004
#      1   -11       7.5810991362E-005
#      1   -10       1.2206389304E-005
#      1    -9       7.0386207255E-005
#      1    -8       1.8883279886E-005
#      1    -7       7.4581679277E-005
#      1    -6       7.5392694208E-007
#      1    -5       4.7688684014E-005
#      1    -4       6.1103746357E-005
#      1    -3       4.7539332464E-005
#      1    -2       1.2803493259E-003
#      1    -1       6.7033558304E-004
#      1     0       1.3719813829E-004
#      1     1       1.6945737299E-003
#      1     2       2.5280831529E-005
#      1     3       1.0210793138E-005
#      1     4       2.8846803868E-004
#      1     5       1.6891585683E-005
#      1     6       1.0953759056E-003
#      1     7       1.2240190846E-004
#      1     8       4.0792338546E-004
#      1     9       4.6224192991E-004
#      2   -27       3.1441531708E-005
#      2   -26       5.8452146746E-005
#      2   -25       4.3937442777E-004
#      2   -24       1.4951960468E-004
#      2   -23       8.6175363747E-004
#      2   -22       7.6646494622E-005
#      2   -21       1.1250924960E-005
#      2   -20       3.3575828556E-005
#      2   -19       5.2270921440E-005
#      2   -18       3.6991159677E-004
#      2   -17       3.3920600430E-005
#      2   -16       1.2813637455E-006
#      2   -15       3.0475122411E-004
#      2   -14       1.4264529168E-004
#      2   -13       8.7373809216E-004
#      2   -12       1.1922902240E-004
#      2   -11       1.5670355006E-004
#      2   -10       3.3177245287E-004
#      2    -9       2.3740575336E-005
#      2    -8       3.1075399072E-004
#      2    -7       2.6937324648E-004
#      2    -6       2.0933938773E-004
#      2    -5       9.7435982470E-005
#      2    -4       4.2599966751E-005
#      2    -3       1.2106119456E-003
#      2    -2       6.4133194572E-004
#      2    -1       7.9515321869E-004
#      2     0       1.0017963895E-003
#      2     1       3.2662056560E-004
#      2     2       3.2435967115E-004
#      2     3       2.4015848750E-004
#      2     4       7.2671035846E-004
#      2     5       2.5200381685E-003
#      2     6       2.1334081063E-004
#      2     7       1.1940582106E-003
#      2     8       1.0307014762E-004
#      3   -26       2.0790194963E-004
#      3   -25       1.8300040638E-004
#      3   -24       1.8988174234E-004
#      3   -23       1.0617467297E-004
#      3   -22       1.8366573838E-004
#      3   -21       1.4472837233E-004
#      3   -20       3.9739256891E-004
#      3   -19       5.0583875863E-005
#      3   -18       1.2572631676E-004
#      3   -17       6.3321767289E-004
#      3   -16       3.3714009405E-004
#      3   -15       7.5114783650E-004
#      3   -14       1.6573553465E-004
#      3   -13       1.0686083220E-004
#      3   -12       2.6847939215E-004
#      3   -11       1.7442600339E-004
#      3   -10       1.3308382600E-003
#      3    -9       1.8965908002E-004
#      3    -8       2.0480752293E-004
#      3    -7       1.8562351039E-003
#      3    -6       2.6566903824E-004
#      3    -5       1.1274074240E-004
#      3    -4       4.2139101105E-005
#      3    -3       1.1688105754E-005
#      3    -2       1.0873277888E-003
#      3    -1       6.2748172707E-004
#      3     0       1.6518338408E-003
#      3     1       5.1152653603E-004
#      3     2       4.4489759956E-004
#      3     3       1.6020575375E-003
#      3     4       2.7653732892E-004
#      3     5       1.9639832740E-004
#      3     6       1.7649569088E-004
#      4   -26       6.4994447908E-005
#      4   -25       5.4713517243E-005
#      4   -24       1.9288651471E-004
#      4   -23       2.9714318001E-004
#      4   -22       8.6036285921E-005
#      4   -21       8.8026309106E-005
#      4   -20       9.5906076804E-005
#      4   -19       4.3629431262E-005
#      4   -18       1.9331562644E-004
#      4   -17       3.1866102031E-005
#      4   -16       3.9696432665E-004
#      4   -15       2.4899158859E-006
#      4   -14       4.1117138386E-004
#      4   -13       1.6765991470E-004
#      4   -12       2.6042710058E-004
#      4   -11       1.4923319994E-003
#      4   -10       6.8850530094E-005
#      4    -9       6.2966919137E-004
#      4    -8       1.7003223843E-003
#      4    -7       1.9722079435E-004
#      4    -6       1.0520434948E-004
#      4    -5       1.2979459546E-004
#      4    -4       3.5569871889E-005
#      4    -3       3.6369772049E-004
#      4    -2       3.7285856194E-005
#      4    -1       8.6094543128E-004
#      4     0       2.9685902165E-004
#      4     1       1.8982767274E-004
#      4     2       2.2034926392E-003
#      4     3       2.3259027213E-004
#      4     4       5.6252137671E-004
#      4     5       5.1024007302E-005
#      5   -25       2.8751835196E-003
#      5   -24       3.4028875649E-005
#      5   -23       2.4592317736E-005
#      5   -22       3.1804344984E-005
#      5   -21       1.4840683265E-004
#      5   -20       5.5812561732E-004
#      5   -19       8.3681775942E-005
#      5   -18       5.3440074087E-005
#      5   -17       1.2709935783E-004
#      5   -16       1.8023875135E-004
#      5   -15       1.6968479910E-002
#      5   -14       1.9445998727E-004
#      5   -13       1.8959216340E-005
#      5   -12       8.3515543891E-004
#      5   -11       1.6637138500E-003
#      5   -10       3.8578160228E-002
#      5    -9       1.3482271675E-003
#      5    -8       6.4374604762E-004
#      5    -7       4.1164578673E-005
#      5    -6       4.3483085963E-004
#      5    -5       9.4464516086E-003
#      5    -4       2.9718974908E-004
#      5    -3       3.8033788876E-004
#      5    -2       1.4186004921E-003
#      5    -1       1.0830311751E-003
#      5     0       4.9863219401E-002
#      5     1       1.4257209246E-003
#      5     2       9.3174529272E-004
#      5     3       1.5825325671E-004
#      6   -25       8.5141895529E-006
#      6   -24       3.7052857222E-004
#      6   -23       1.8253171480E-004
#      6   -22       2.5032362691E-004
#      6   -21       3.2314875701E-004
#      6   -20       2.0694475133E-005
#      6   -19       3.6896280444E-005
#      6   -18       1.0053143495E-005
#      6   -17       3.4009468260E-005
#      6   -16       2.7840882307E-004
#      6   -15       6.6240010060E-005
#      6   -14       1.5872557375E-004
#      6   -13       6.8819269986E-005
#      6   -12       1.6676037122E-003
#      6   -11       8.0603907030E-004
#      6   -10       1.7721057164E-005
#      6    -9       1.5026840872E-003
#      6    -8       4.9905730081E-005
#      6    -7       1.6790283620E-004
#      6    -6       7.3913427719E-004
#      6    -5       8.8544393839E-005
#      6    -4       9.5780202298E-004
#      6    -3       1.0018843416E-004
#      6    -2       1.6823215557E-003
#      6    -1       8.5881097844E-004
#      6     0       2.1713765149E-004
#      6     1       1.4742062913E-003
#      6     2       2.5070776298E-004
#      7   -24       1.5837397488E-004
#      7   -23       1.2949936294E-003
#      7   -22       4.8284380292E-005
#      7   -21       9.8746751424E-005
#      7   -20       6.4204517828E-004
#      7   -19       1.8058924097E-004
#      7   -18       9.8616622007E-004
#      7   -17       5.6949943667E-005
#      7   -16       4.0733003736E-005
#      7   -15       2.7182353217E-004
#      7   -14       1.8685850652E-004
#      7   -13       4.8476486059E-004
#      7   -12       8.1946473136E-005
#      7   -11       4.3300050700E-004
#      7   -10       1.5772863989E-003
#      7    -9       2.4003433240E-004
#      7    -8       1.3126776919E-004
#      7    -7       1.3856176535E-004
#      7    -6       6.2461067856E-004
#      7    -5       2.7021397345E-003
#      7    -4       3.8371111707E-004
#      7    -3       3.5080396660E-003
#      7    -2       4.5254447027E-004
#      7    -1       6.9215423445E-004
#      7     0       6.4023246852E-004
#      8   -23       1.5737054276E-004
#      8   -22       6.3121057124E-004
#      8   -21       3.0155406719E-004
#      8   -20       4.9468072494E-004
#      8   -19       6.4743063688E-005
#      8   -18       8.4385093296E-005
#      8   -17       2.2297557354E-003
#      8   -16       2.9851558898E-004
#      8   -15       3.9911982966E-004
#      8   -14       1.6182009567E-004
#      8   -13       1.1101798258E-004
#      8   -12       8.9441520353E-004
#      8   -11       5.9671771793E-004
#      8   -10       1.0653069670E-003
#      8    -9       6.9785969812E-005
#      8    -8       5.4951298140E-005
#      8    -7       3.5969540203E-004
#      8    -6       3.3728397964E-004
#      8    -5       4.5864128219E-004
#      8    -4       5.4835945481E-005
#      8    -3       6.4443574918E-006
#      8    -2       1.9293301156E-003
#      9   -21       7.5986442606E-004
#      9   -20       1.6300862386E-005
#      9   -19       2.9378125535E-004
#      9   -18       4.0226838400E-004
#      9   -17       3.4891926002E-006
#      9   -16       8.2604790525E-004
#      9   -15       9.5777821255E-005
#      9   -14       9.5607531946E-005
#      9   -13       9.2518711798E-005
#      9   -12       3.2497119115E-006
#      9   -11       1.7215325656E-004
#      9   -10       9.1350540369E-005
#      9    -9       2.6046736182E-005
#      9    -8       6.7404616125E-004
#      9    -7       1.7890362480E-004
#      9    -6       9.9675402562E-004
#      9    -5       2.5382615671E-004
#     10   -19       8.9597355469E-005
#     10   -18       3.9566156256E-004
#     10   -17       5.3329234030E-004
#     10   -16       5.9040688657E-004
#     10   -15       1.6421069296E-002
#     10   -14       1.2142336125E-004
#     10   -13       3.7541156306E-004
#     10   -12       4.4493570415E-004
#     10   -11       1.4820176234E-004
#     10   -10       9.7153005473E-003
#     10    -9       3.1236282733E-004
#     10    -8       8.9638678319E-004
