 Diffraction intensities for potential:_5x5_05D10005.in                        
#    -45    11       5.3853473870E-006
#    -45    12       1.5982711934E-006
#    -45    13       2.4490378481E-006
#    -45    14       1.6513724781E-006
#    -45    15       3.7790342475E-004
#    -45    16       5.5430564972E-006
#    -44     7       1.0892906522E-004
#    -44     8       1.6402512720E-005
#    -44     9       2.3268009560E-006
#    -44    10       2.4931629025E-006
#    -44    11       4.9000120291E-005
#    -44    12       2.5503254634E-004
#    -44    13       4.8397869696E-005
#    -44    14       1.2732801238E-005
#    -44    15       1.7030181216E-005
#    -44    16       6.6307157735E-005
#    -44    17       2.1568194591E-004
#    -44    18       4.4113854564E-005
#    -44    19       5.5906268720E-006
#    -44    20       5.8616511117E-006
#    -43     4       1.3490721818E-005
#    -43     5       4.8755986667E-005
#    -43     6       3.3144292180E-006
#    -43     7       1.0972819216E-005
#    -43     8       1.1379709862E-004
#    -43     9       3.4688206638E-005
#    -43    10       1.1747745319E-004
#    -43    11       3.2511640761E-005
#    -43    12       1.2254826312E-005
#    -43    13       2.1546919921E-004
#    -43    14       6.3156180702E-005
#    -43    15       2.0000943945E-004
#    -43    16       3.4060281544E-005
#    -43    17       4.8184197670E-005
#    -43    18       1.7090194888E-004
#    -43    19       1.0656105458E-004
#    -43    20       1.7004397211E-004
#    -43    21       7.8610511779E-006
#    -43    22       7.9030514846E-006
#    -42     2       4.6072451846E-005
#    -42     3       5.0071882884E-006
#    -42     4       6.4967452284E-006
#    -42     5       4.3314133553E-005
#    -42     6       7.6951060013E-006
#    -42     7       5.4950782230E-005
#    -42     8       1.2633164146E-005
#    -42     9       1.9895514452E-005
#    -42    10       1.6594814846E-004
#    -42    11       6.5808219268E-005
#    -42    12       2.6303823623E-004
#    -42    13       4.0216294095E-005
#    -42    14       3.3683348731E-005
#    -42    15       2.3497652788E-004
#    -42    16       6.5706747533E-005
#    -42    17       2.0964658532E-004
#    -42    18       4.2217514349E-005
#    -42    19       5.3383384545E-005
#    -42    20       1.7159566764E-004
#    -42    21       3.1211437830E-005
#    -42    22       1.6937067783E-004
#    -42    23       1.0074789950E-005
#    -41     0       3.2137472823E-006
#    -41     1       3.7571474682E-006
#    -41     2       1.0873091375E-005
#    -41     3       1.8038230113E-004
#    -41     4       2.7141714025E-005
#    -41     5       4.1831377671E-006
#    -41     6       6.1325438865E-006
#    -41     7       2.8294531113E-005
#    -41     8       2.9646446576E-004
#    -41     9       7.8919100122E-005
#    -41    10       1.1818668128E-005
#    -41    11       1.1228768697E-005
#    -41    12       1.1719496697E-004
#    -41    13       6.5545353927E-004
#    -41    14       6.3670907730E-005
#    -41    15       1.3487931915E-005
#    -41    16       1.5993651987E-005
#    -41    17       1.1930847247E-004
#    -41    18       5.2647685228E-004
#    -41    19       1.6512444226E-004
#    -41    20       3.9875335435E-005
#    -41    21       2.6127106036E-005
#    -41    22       1.0756895511E-004
#    -41    23       2.2282266257E-004
#    -41    24       2.0352100945E-005
#    -40    -2       2.7111581209E-006
#    -40    -1       1.7986789910E-006
#    -40     0       3.9962790711E-004
#    -40     1       5.8301275238E-008
#    -40     2       3.8008590207E-008
#    -40     3       3.0864574652E-007
#    -40     4       7.9955918598E-006
#    -40     5       3.3332867790E-004
#    -40     6       3.7972881170E-006
#    -40     7       1.7391214942E-007
#    -40     8       2.7900285392E-006
#    -40     9       4.2372673800E-006
#    -40    10       7.8038457819E-004
#    -40    11       7.5684631140E-006
#    -40    12       1.0605424259E-006
#    -40    13       3.3897649388E-006
#    -40    14       4.2913272458E-006
#    -40    15       1.0220602023E-003
#    -40    16       1.3539807460E-006
#    -40    17       8.7929351355E-007
#    -40    18       6.2201789313E-006
#    -40    19       1.6776984219E-006
#    -40    20       6.9002529574E-004
#    -40    21       1.2942577387E-006
#    -40    22       4.9036303622E-006
#    -40    23       8.6433508332E-006
#    -40    24       1.2866789243E-005
#    -40    25       3.7444312307E-004
#    -39    -4       7.2148487984E-006
#    -39    -3       1.0306736619E-004
#    -39    -2       1.2675982148E-005
#    -39    -1       8.4973265860E-006
#    -39     0       8.3678646912E-006
#    -39     1       2.5850363458E-005
#    -39     2       1.9629334817E-004
#    -39     3       3.6848484311E-005
#    -39     4       6.5127527944E-006
#    -39     5       1.2764467063E-005
#    -39     6       3.8711969787E-005
#    -39     7       3.4929186388E-004
#    -39     8       7.8927571133E-005
#    -39     9       1.4871396677E-005
#    -39    10       1.4710281394E-005
#    -39    11       1.8874816419E-004
#    -39    12       5.9951222838E-004
#    -39    13       1.5341755270E-004
#    -39    14       3.0389171231E-005
#    -39    15       2.8281568828E-005
#    -39    16       1.5044584448E-004
#    -39    17       7.1042448936E-004
#    -39    18       1.5041634555E-004
#    -39    19       1.9956479516E-005
#    -39    20       9.4770330509E-006
#    -39    21       1.4827804667E-004
#    -39    22       5.3532991157E-004
#    -39    23       1.5114319526E-004
#    -39    24       7.5184209873E-006
#    -39    25       2.5684185860E-005
#    -39    26       2.1145385741E-005
#    -38    -5       7.6499480824E-005
#    -38    -4       4.8400188721E-006
#    -38    -3       1.9247585505E-005
#    -38    -2       6.7276398223E-005
#    -38    -1       2.8273090888E-005
#    -38     0       1.0623661424E-004
#    -38     1       6.9477799100E-006
#    -38     2       1.1440764698E-005
#    -38     3       1.5285838227E-004
#    -38     4       8.9230269216E-005
#    -38     5       2.3381521998E-004
#    -38     6       2.6464457998E-005
#    -38     7       2.3840739645E-005
#    -38     8       1.4168669478E-004
#    -38     9       5.2672884713E-005
#    -38    10       2.9390500557E-004
#    -38    11       8.4537746454E-005
#    -38    12       5.1469715481E-005
#    -38    13       5.0729789623E-004
#    -38    14       2.0240526871E-004
#    -38    15       4.7054146654E-004
#    -38    16       3.6450994150E-005
#    -38    17       7.4833125199E-005
#    -38    18       4.9365274670E-004
#    -38    19       1.2899639305E-004
#    -38    20       3.0199111866E-004
#    -38    21       3.7722121101E-005
#    -38    22       5.7636403068E-005
#    -38    23       3.0931733606E-004
#    -38    24       1.6486395597E-004
#    -38    25       3.6009724007E-004
#    -38    26       4.6839736680E-005
#    -37    -7       8.1335929848E-006
#    -37    -6       8.0930136464E-006
#    -37    -5       5.9616199303E-005
#    -37    -4       1.9864563044E-005
#    -37    -3       7.3324623981E-005
#    -37    -2       1.3267567237E-005
#    -37    -1       1.5580140053E-005
#    -37     0       1.0626027659E-004
#    -37     1       3.7544507036E-005
#    -37     2       1.7557385090E-004
#    -37     3       2.9313941400E-005
#    -37     4       2.5614426914E-005
#    -37     5       2.1067369253E-004
#    -37     6       4.8894601693E-005
#    -37     7       2.3473864864E-004
#    -37     8       2.8234025795E-005
#    -37     9       3.6888522092E-005
#    -37    10       2.0589558003E-004
#    -37    11       9.9809297278E-005
#    -37    12       3.1917242970E-004
#    -37    13       6.6595371955E-005
#    -37    14       6.8283659704E-005
#    -37    15       4.0182382102E-004
#    -37    16       1.8410436187E-004
#    -37    17       4.4993897127E-004
#    -37    18       4.0264328863E-005
#    -37    19       6.3298075931E-005
#    -37    20       3.6509964380E-004
#    -37    21       1.3817390490E-004
#    -37    22       3.7994978670E-004
#    -37    23       4.3595387790E-005
#    -37    24       3.9591963963E-005
#    -37    25       1.8959632912E-004
#    -37    26       4.2514176605E-005
#    -37    27       1.4647756513E-004
#    -36    -8       2.8484552739E-005
#    -36    -7       1.6754829244E-004
#    -36    -6       1.5323523877E-005
#    -36    -5       5.1543517713E-006
#    -36    -4       1.1785628764E-005
#    -36    -3       3.0018911234E-005
#    -36    -2       2.0642251944E-004
#    -36    -1       3.9047335646E-005
#    -36     0       7.1306977697E-006
#    -36     1       1.6329398060E-005
#    -36     2       3.7582038694E-005
#    -36     3       4.6792659762E-004
#    -36     4       1.1073781936E-004
#    -36     5       2.2821207137E-005
#    -36     6       1.6202605106E-006
#    -36     7       6.5044446970E-005
#    -36     8       3.7283405201E-004
#    -36     9       9.4986469322E-005
#    -36    10       1.2724563432E-005
#    -36    11       2.5855779810E-005
#    -36    12       8.7927294137E-005
#    -36    13       6.2425337015E-004
#    -36    14       4.2859791824E-005
#    -36    15       2.5149992214E-005
#    -36    16       1.9733482011E-005
#    -36    17       1.7796350563E-004
#    -36    18       5.2144038689E-004
#    -36    19       2.1193006240E-004
#    -36    20       2.5572045709E-005
#    -36    21       2.6379794900E-005
#    -36    22       1.5641975499E-004
#    -36    23       8.5023166167E-004
#    -36    24       1.3719555487E-004
#    -36    25       1.1802978724E-005
#    -36    26       2.5198199548E-005
#    -36    27       4.6749216875E-005
#    -35    -9       2.1734673328E-006
#    -35    -8       8.3920947563E-007
#    -35    -7       2.0875319143E-006
#    -35    -6       2.4238806638E-007
#    -35    -5       3.4778953702E-004
#    -35    -4       1.3449109841E-007
#    -35    -3       1.5885017308E-006
#    -35    -2       4.3717138354E-007
#    -35    -1       6.2046323528E-006
#    -35     0       5.2225113397E-004
#    -35     1       5.7245170279E-008
#    -35     2       3.5481446918E-006
#    -35     3       3.2223595078E-006
#    -35     4       1.6246004140E-007
#    -35     5       3.5213621058E-004
#    -35     6       6.1496947811E-006
#    -35     7       5.4732300155E-006
#    -35     8       9.3447971818E-007
#    -35     9       3.8309939206E-006
#    -35    10       8.9611283054E-004
#    -35    11       1.5705900177E-005
#    -35    12       1.4984218663E-005
#    -35    13       6.6609432890E-007
#    -35    14       3.6157925733E-006
#    -35    15       1.0766727183E-003
#    -35    16       1.5133893270E-005
#    -35    17       1.4396924378E-005
#    -35    18       4.1780336144E-006
#    -35    19       1.6687046703E-005
#    -35    20       8.6669839326E-004
#    -35    21       7.8021695034E-006
#    -35    22       7.5134838673E-007
#    -35    23       1.3036958869E-006
#    -35    24       3.4727980676E-006
#    -35    25       1.0980651005E-003
#    -35    26       4.0553048055E-006
#    -35    27       2.5675232335E-005
#    -34   -11       8.4441067534E-006
#    -34   -10       8.6994557054E-006
#    -34    -9       4.0610788147E-005
#    -34    -8       2.3592472225E-004
#    -34    -7       4.0540840550E-005
#    -34    -6       5.8823362701E-006
#    -34    -5       1.3246404245E-005
#    -34    -4       5.9412152680E-005
#    -34    -3       3.2498108613E-004
#    -34    -2       4.3035142049E-005
#    -34    -1       1.1769795508E-005
#    -34     0       1.1508541911E-005
#    -34     1       4.2433436123E-005
#    -34     2       4.9285727203E-004
#    -34     3       9.3422764888E-005
#    -34     4       5.4696208801E-006
#    -34     5       1.9282751001E-005
#    -34     6       8.0647390634E-005
#    -34     7       2.7678819245E-004
#    -34     8       7.1194039790E-005
#    -34     9       2.1797044624E-005
#    -34    10       6.5405419701E-007
#    -34    11       6.4602379855E-005
#    -34    12       1.6311521715E-004
#    -34    13       8.6595528089E-005
#    -34    14       1.8790718528E-005
#    -34    15       3.2487319715E-005
#    -34    16       1.0214241283E-004
#    -34    17       5.7169290862E-004
#    -34    18       1.1937581418E-004
#    -34    19       1.0347143487E-005
#    -34    20       4.9269679000E-006
#    -34    21       1.3186643238E-004
#    -34    22       8.6790795887E-004
#    -34    23       2.3605143057E-004
#    -34    24       4.3636163184E-005
#    -34    25       5.9590572990E-005
#    -34    26       1.4782359048E-004
#    -34    27       9.6699831850E-005
#    -33   -12       5.9008592219E-005
#    -33   -11       2.4992387635E-005
#    -33   -10       1.1130348588E-004
#    -33    -9       3.2374954252E-005
#    -33    -8       1.8894399318E-005
#    -33    -7       2.2506726346E-004
#    -33    -6       7.9679647440E-005
#    -33    -5       1.9505308707E-004
#    -33    -4       4.2118273998E-005
#    -33    -3       4.8957060313E-005
#    -33    -2       1.9881833178E-004
#    -33    -1       1.0591540244E-004
#    -33     0       3.3066119513E-004
#    -33     1       3.0048024006E-005
#    -33     2       7.2216598221E-005
#    -33     3       2.2002451956E-004
#    -33     4       7.3003800638E-005
#    -33     5       2.2598074723E-004
#    -33     6       7.3094953894E-006
#    -33     7       1.6307871609E-005
#    -33     8       6.6798128383E-005
#    -33     9       3.0445451059E-005
#    -33    10       1.6304596045E-004
#    -33    11       5.1198088395E-005
#    -33    12       1.2353961600E-005
#    -33    13       2.0823012394E-004
#    -33    14       4.6132360232E-005
#    -33    15       1.6838188908E-004
#    -33    16       6.9402147186E-006
#    -33    17       6.5582598462E-005
#    -33    18       1.3852690704E-004
#    -33    19       5.8469621160E-005
#    -33    20       1.4038274723E-004
#    -33    21       4.2490748748E-005
#    -33    22       9.8485787227E-005
#    -33    23       5.7056903111E-004
#    -33    24       1.8626054098E-004
#    -33    25       4.1085208643E-004
#    -33    26       4.7120842181E-005
#    -33    27       2.1552228523E-005
#    -32   -13       8.5871052668E-005
#    -32   -12       2.7392820956E-005
#    -32   -11       1.9425623101E-005
#    -32   -10       1.8652977224E-004
#    -32    -9       5.0848775435E-005
#    -32    -8       2.5740651066E-004
#    -32    -7       2.6673176387E-005
#    -32    -6       2.9513298636E-005
#    -32    -5       2.3458177182E-004
#    -32    -4       7.8984690029E-005
#    -32    -3       2.2547116899E-004
#    -32    -2       4.1012510747E-005
#    -32    -1       3.3622486202E-005
#    -32     0       3.0924160540E-004
#    -32     1       4.7163799582E-005
#    -32     2       2.8000227976E-004
#    -32     3       1.8256490372E-005
#    -32     4       3.0920031270E-005
#    -32     5       4.1147865034E-005
#    -32     6       3.4855286115E-005
#    -32     7       1.3213138862E-004
#    -32     8       2.0119563983E-005
#    -32     9       9.4327182233E-006
#    -32    10       3.6539524423E-005
#    -32    11       3.1744043947E-005
#    -32    12       9.6881085197E-005
#    -32    13       1.8469189675E-005
#    -32    14       2.6057651735E-005
#    -32    15       9.8320229675E-005
#    -32    16       5.5688489410E-005
#    -32    17       1.5453972573E-004
#    -32    18       2.9792235104E-006
#    -32    19       2.6451399458E-005
#    -32    20       1.2467138989E-004
#    -32    21       6.4138939745E-005
#    -32    22       4.4163468350E-004
#    -32    23       1.0938059534E-004
#    -32    24       1.3858168103E-004
#    -32    25       5.2099977588E-004
#    -32    26       1.1608226564E-004
#    -32    27       3.3989492191E-004
#    -32    28       3.1904539157E-006
#    -31   -14       1.4344504630E-006
#    -31   -13       2.7293838993E-005
#    -31   -12       3.5269770803E-004
#    -31   -11       6.7534892032E-005
#    -31   -10       5.4396152141E-006
#    -31    -9       1.0001160350E-005
#    -31    -8       7.3394331600E-005
#    -31    -7       4.0084279523E-004
#    -31    -6       6.7669794895E-005
#    -31    -5       1.8954272834E-005
#    -31    -4       9.0854514231E-006
#    -31    -3       9.8195885965E-005
#    -31    -2       5.0527002212E-004
#    -31    -1       1.2648406106E-004
#    -31     0       5.7577286155E-005
#    -31     1       1.3125254167E-005
#    -31     2       5.1140443487E-005
#    -31     3       1.7243602343E-004
#    -31     4       1.0724231466E-004
#    -31     5       1.3357239467E-005
#    -31     6       6.1242460048E-006
#    -31     7       2.5277211513E-005
#    -31     8       1.7667788840E-004
#    -31     9       5.3822628594E-005
#    -31    10       1.1155393237E-005
#    -31    11       9.6011792208E-006
#    -31    12       4.7582867500E-006
#    -31    13       2.6890437060E-005
#    -31    14       3.1891301711E-005
#    -31    15       3.4403653236E-006
#    -31    16       3.1717949874E-007
#    -31    17       2.3352011122E-005
#    -31    18       2.2697676435E-005
#    -31    19       3.2038194055E-005
#    -31    20       1.7872883368E-005
#    -31    21       1.2353342146E-005
#    -31    22       2.5687459091E-004
#    -31    23       1.0635293494E-003
#    -31    24       3.3531032947E-004
#    -31    25       5.1766962882E-005
#    -31    26       4.8779587171E-005
#    -31    27       4.2059043477E-006
#    -31    28       2.3554821301E-004
#    -30   -15       2.8019248850E-004
#    -30   -14       2.7014557002E-006
#    -30   -13       2.4164851586E-007
#    -30   -12       3.6997740806E-006
#    -30   -11       3.5488791111E-008
#    -30   -10       7.6522307111E-004
#    -30    -9       2.2532172893E-006
#    -30    -8       2.3654739281E-006
#    -30    -7       1.3348252503E-006
#    -30    -6       2.1101226608E-006
#    -30    -5       3.3741364840E-004
#    -30    -4       1.0027807490E-006
#    -30    -3       2.5900517313E-006
#    -30    -2       2.0431417020E-006
#    -30    -1       7.5412322558E-006
#    -30     0       1.0560744627E-003
#    -30     1       6.5256181284E-006
#    -30     2       1.6160677279E-005
#    -30     3       1.3820104739E-005
#    -30     4       1.4761569165E-005
#    -30     5       1.3439154833E-003
#    -30     6       3.9346544874E-006
#    -30     7       1.3267303595E-005
#    -30     8       8.9737635521E-006
#    -30     9       1.5649051355E-006
#    -30    10       9.3258304856E-004
#    -30    11       1.0125191483E-005
#    -30    12       1.3703275922E-005
#    -30    13       1.3036568322E-006
#    -30    14       1.1790868049E-006
#    -30    15       4.4292340136E-004
#    -30    16       2.9448694882E-005
#    -30    17       1.0876516045E-005
#    -30    18       2.1354196577E-006
#    -30    19       6.2763544080E-006
#    -30    20       1.5091842323E-004
#    -30    21       7.8683523701E-007
#    -30    22       1.8380581149E-005
#    -30    23       2.6418227156E-006
#    -30    24       1.9116632798E-005
#    -30    25       1.0411887825E-003
#    -30    26       7.1682064927E-007
#    -30    27       1.4774827272E-005
#    -30    28       2.3917581723E-006
#    -29   -16       2.1463000230E-005
#    -29   -15       5.1456091219E-006
#    -29   -14       1.0007261070E-004
#    -29   -13       5.1168615719E-004
#    -29   -12       8.3609076978E-005
#    -29   -11       4.0375088822E-005
#    -29   -10       1.2616970458E-005
#    -29    -9       1.1579661981E-004
#    -29    -8       5.1633420967E-004
#    -29    -7       9.0152486495E-005
#    -29    -6       1.5010850900E-005
#    -29    -5       1.8290832974E-005
#    -29    -4       9.7756083041E-005
#    -29    -3       2.5228524702E-004
#    -29    -2       3.3597844797E-005
#    -29    -1       5.3385534941E-007
#    -29     0       2.3385685936E-005
#    -29     1       1.6814843630E-005
#    -29     2       1.6997963488E-004
#    -29     3       5.9902681456E-005
#    -29     4       1.3454705536E-005
#    -29     5       1.0287556524E-005
#    -29     6       9.3736160599E-005
#    -29     7       2.4394397666E-004
#    -29     8       2.0268382441E-005
#    -29     9       1.5179741048E-005
#    -29    10       1.0722892543E-005
#    -29    11       1.9802930181E-005
#    -29    12       5.1127830992E-004
#    -29    13       8.8174938018E-005
#    -29    14       7.2107093506E-005
#    -29    15       3.5033624020E-006
#    -29    16       7.3856192107E-005
#    -29    17       1.7250962664E-005
#    -29    18       1.1873466694E-005
#    -29    19       8.4809688672E-006
#    -29    20       2.8423829831E-005
#    -29    21       2.4567830021E-004
#    -29    22       7.8489695529E-004
#    -29    23       3.6977722150E-004
#    -29    24       1.8696781255E-005
#    -29    25       1.4988153479E-005
#    -29    26       1.6009100961E-004
#    -29    27       7.9271538808E-004
#    -28   -16       5.8678149263E-005
#    -28   -15       1.8323938968E-004
#    -28   -14       4.5451412477E-005
#    -28   -13       6.4250078699E-005
#    -28   -12       2.9383949308E-004
#    -28   -11       1.4738364997E-004
#    -28   -10       4.0787284505E-004
#    -28    -9       4.9191759496E-005
#    -28    -8       4.5642411388E-005
#    -28    -7       2.0645381624E-004
#    -28    -6       5.9136334235E-005
#    -28    -5       9.5931901424E-005
#    -28    -4       1.7127297874E-005
#    -28    -3       3.0040367527E-005
#    -28    -2       6.4027022084E-005
#    -28    -1       8.3418377726E-005
#    -28     0       7.4784835063E-005
#    -28     1       4.6439469335E-006
#    -28     2       6.1147168865E-005
#    -28     3       6.0942343808E-005
#    -28     4       4.8413063743E-005
#    -28     5       3.2926199993E-004
#    -28     6       2.7771295842E-005
#    -28     7       3.1227550972E-005
#    -28     8       9.3212677655E-005
#    -28     9       6.4663950047E-005
#    -28    10       2.4732575447E-004
#    -28    11       7.1354445861E-005
#    -28    12       3.1760681375E-005
#    -28    13       4.1322235764E-004
#    -28    14       7.3502073371E-005
#    -28    15       1.3388025487E-004
#    -28    16       6.1807824630E-005
#    -28    17       4.7123358269E-006
#    -28    18       2.1896382547E-004
#    -28    19       3.1900836866E-005
#    -28    20       2.9634575929E-004
#    -28    21       7.1226716348E-005
#    -28    22       1.1051316472E-004
#    -28    23       5.4298343970E-004
#    -28    24       1.4108914317E-004
#    -28    25       5.5556922758E-004
#    -28    26       7.8585092933E-005
#    -28    27       1.2625870230E-005
#    -27   -17       2.3991274958E-005
#    -27   -16       3.5020057044E-005
#    -27   -15       2.1804731310E-004
#    -27   -14       8.1674252626E-005
#    -27   -13       3.1900557353E-004
#    -27   -12       6.3763359966E-005
#    -27   -11       5.1872107843E-005
#    -27   -10       4.2094182578E-004
#    -27    -9       8.5504128627E-005
#    -27    -8       2.5431311886E-004
#    -27    -7       2.3033690864E-005
#    -27    -6       3.6767278366E-005
#    -27    -5       7.1874532737E-005
#    -27    -4       2.1196021324E-005
#    -27    -3       1.1849318264E-004
#    -27    -2       2.4120264787E-005
#    -27    -1       2.8978968518E-005
#    -27     0       1.0938082276E-004
#    -27     1       3.6641897485E-005
#    -27     2       1.8224533638E-004
#    -27     3       9.0473296340E-006
#    -27     4       3.4301844976E-005
#    -27     5       2.4517521154E-004
#    -27     6       8.4019756905E-005
#    -27     7       1.0629425912E-004
#    -27     8       2.4357160467E-005
#    -27     9       1.7483716666E-005
#    -27    10       3.8390292537E-004
#    -27    11       9.3790826859E-005
#    -27    12       7.3516794518E-004
#    -27    13       1.3689604268E-004
#    -27    14       4.5250500373E-005
#    -27    15       2.5399065573E-004
#    -27    16       5.6997550420E-005
#    -27    17       8.6635788691E-006
#    -27    18       2.7932327320E-005
#    -27    19       3.0431910725E-006
#    -27    20       3.1142844167E-004
#    -27    21       1.5106838922E-004
#    -27    22       7.1158530279E-004
#    -27    23       1.0087597670E-004
#    -27    24       1.2240760162E-004
#    -27    25       3.8157978405E-004
#    -27    26       8.8688503980E-005
#    -27    27       2.9203964305E-004
#    -26   -18       3.7084574844E-005
#    -26   -17       3.3621594895E-004
#    -26   -16       7.3514896226E-005
#    -26   -15       1.8113973204E-005
#    -26   -14       9.4689781428E-006
#    -26   -13       1.4451736698E-004
#    -26   -12       7.0648196567E-004
#    -26   -11       2.0000132053E-004
#    -26   -10       1.2864918697E-005
#    -26    -9       1.9490083026E-005
#    -26    -8       5.4397756842E-005
#    -26    -7       1.9349791360E-004
#    -26    -6       2.6541296589E-005
#    -26    -5       4.9257019142E-007
#    -26    -4       1.1296880095E-005
#    -26    -3       3.0042802710E-005
#    -26    -2       1.5251088664E-004
#    -26    -1       7.3929196096E-005
#    -26     0       1.2553836711E-005
#    -26     1       3.0957565444E-006
#    -26     2       1.3951026540E-006
#    -26     3       1.6736578750E-004
#    -26     4       1.3690452497E-004
#    -26     5       1.0920915286E-007
#    -26     6       2.1538250880E-005
#    -26     7       1.0022318544E-004
#    -26     8       1.9073542683E-004
#    -26     9       1.1706632018E-004
#    -26    10       4.1667272982E-005
#    -26    11       1.2204169464E-005
#    -26    12       2.6081170074E-004
#    -26    13       6.7352107395E-004
#    -26    14       9.9638136076E-005
#    -26    15       1.2485701972E-005
#    -26    16       8.7127294504E-006
#    -26    17       2.7485389404E-005
#    -26    18       2.7328173993E-004
#    -26    19       9.9733786861E-005
#    -26    20       3.8819098501E-005
#    -26    21       5.5103445167E-006
#    -26    22       1.0871768143E-004
#    -26    23       5.0229299214E-004
#    -26    24       1.0244623385E-004
#    -26    25       1.1374804911E-005
#    -26    26       8.1287719893E-005
#    -26    27       2.0772111265E-004
#    -25   -19       4.2928003210E-006
#    -25   -18       2.7821819519E-006
#    -25   -17       2.2750321814E-006
#    -25   -16       3.8447867837E-006
#    -25   -15       9.5190033877E-004
#    -25   -14       1.0184298588E-005
#    -25   -13       1.3035660733E-006
#    -25   -12       1.3218906843E-005
#    -25   -11       3.3202101373E-006
#    -25   -10       1.1234714650E-003
#    -25    -9       2.4772379306E-007
#    -25    -8       7.6303228973E-006
#    -25    -7       5.1518352235E-007
#    -25    -6       3.8058876036E-006
#    -25    -5       1.2288022014E-003
#    -25    -4       3.3132532314E-009
#    -25    -3       7.6035206359E-006
#    -25    -2       1.5772942179E-005
#    -25    -1       1.1098264377E-005
#    -25     0       2.2807097036E-003
#    -25     1       3.4917965490E-005
#    -25     2       3.6204317258E-005
#    -25     3       1.9624362855E-005
#    -25     4       1.5291345329E-006
#    -25     5       3.9885551792E-003
#    -25     6       2.1518343054E-006
#    -25     7       2.1622056560E-005
#    -25     8       1.7207171154E-005
#    -25     9       9.4673384767E-006
#    -25    10       6.2713460092E-003
#    -25    11       3.4418428037E-005
#    -25    12       1.4620775006E-005
#    -25    13       8.7241380664E-006
#    -25    14       3.4736155987E-006
#    -25    15       3.9347700890E-003
#    -25    16       1.7142617610E-005
#    -25    17       2.3835063433E-006
#    -25    18       1.1729094290E-005
#    -25    19       1.9236674404E-006
#    -25    20       2.5657694415E-003
#    -25    21       4.3574363209E-006
#    -25    22       2.2919442015E-005
#    -25    23       8.4568798769E-006
#    -25    24       1.0250624710E-005
#    -25    25       7.7465622901E-004
#    -25    26       3.8476596637E-007
#    -25    27       2.0936347489E-005
#    -24   -20       8.4449639714E-007
#    -24   -19       1.0595227261E-004
#    -24   -18       3.6417677177E-004
#    -24   -17       1.5078674217E-004
#    -24   -16       2.2021984197E-005
#    -24   -15       2.4340834453E-005
#    -24   -14       2.2750664081E-004
#    -24   -13       6.7604278916E-004
#    -24   -12       7.4533559047E-005
#    -24   -11       3.6170873649E-005
#    -24   -10       1.1588545843E-006
#    -24    -9       8.9828891684E-005
#    -24    -8       1.6042783198E-004
#    -24    -7       2.6273420183E-005
#    -24    -6       9.2630211501E-006
#    -24    -5       1.2483775104E-005
#    -24    -4       1.9218032707E-005
#    -24    -3       7.4377041730E-005
#    -24    -2       2.7450644324E-006
#    -24    -1       3.6229873244E-005
#    -24     0       4.5923918255E-005
#    -24     1       1.0746191009E-004
#    -24     2       2.6733818744E-004
#    -24     3       4.8849175540E-005
#    -24     4       1.4654142413E-005
#    -24     5       3.3325367660E-005
#    -24     6       3.5959109564E-006
#    -24     7       3.0983938254E-006
#    -24     8       5.2243553945E-007
#    -24     9       9.3633051299E-006
#    -24    10       5.1620884004E-006
#    -24    11       1.0750212524E-004
#    -24    12       9.5359422123E-004
#    -24    13       1.5352593950E-004
#    -24    14       5.3293578987E-005
#    -24    15       6.4154791014E-006
#    -24    16       1.8444808897E-004
#    -24    17       1.3095359274E-004
#    -24    18       1.7447413155E-004
#    -24    19       1.5868889402E-005
#    -24    20       2.7779246025E-005
#    -24    21       1.7565987761E-004
#    -24    22       1.0905857802E-003
#    -24    23       1.6026380927E-004
#    -24    24       1.7446707361E-005
#    -24    25       8.1188198994E-005
#    -24    26       1.7985335214E-004
#    -23   -20       1.0587640197E-004
#    -23   -19       3.8145343024E-005
#    -23   -18       3.7638748647E-005
#    -23   -17       3.0332993647E-004
#    -23   -16       1.6658099131E-004
#    -23   -15       3.2948744330E-004
#    -23   -14       9.0366234339E-005
#    -23   -13       3.4864221840E-005
#    -23   -12       2.9254374666E-004
#    -23   -11       8.4092093497E-005
#    -23   -10       1.4414260632E-004
#    -23    -9       3.9168780367E-005
#    -23    -8       4.7071746446E-006
#    -23    -7       1.2467485041E-004
#    -23    -6       2.4874658939E-005
#    -23    -5       1.0850801678E-004
#    -23    -4       1.7629783687E-005
#    -23    -3       7.3858929982E-006
#    -23    -2       9.4022821462E-005
#    -23    -1       4.0759697404E-005
#    -23     0       1.5845876285E-004
#    -23     1       1.4417556599E-004
#    -23     2       5.8312105488E-005
#    -23     3       2.0060222168E-004
#    -23     4       2.6406506405E-005
#    -23     5       1.1224330266E-004
#    -23     6       3.9337976847E-005
#    -23     7       7.1810694294E-006
#    -23     8       1.9297718033E-004
#    -23     9       1.3321565035E-004
#    -23    10       5.1325597391E-004
#    -23    11       2.1711269754E-004
#    -23    12       3.2772288432E-005
#    -23    13       8.3501771476E-004
#    -23    14       8.3588144099E-005
#    -23    15       2.8662880985E-004
#    -23    16       4.1718133187E-005
#    -23    17       2.6184803141E-005
#    -23    18       4.6299969119E-004
#    -23    19       1.5248724548E-004
#    -23    20       8.8679127590E-004
#    -23    21       1.3008291470E-004
#    -23    22       7.8917044493E-005
#    -23    23       5.5042947936E-004
#    -23    24       1.4500008762E-004
#    -23    25       7.4931173484E-004
#    -23    26       7.9948209488E-005
#    -22   -21       2.0693576850E-006
#    -22   -20       1.9881177684E-004
#    -22   -19       1.0219469207E-004
#    -22   -18       6.2324434688E-004
#    -22   -17       9.6932023949E-005
#    -22   -16       5.7777966211E-005
#    -22   -15       3.5803252012E-004
#    -22   -14       7.1250758935E-005
#    -22   -13       3.2908927038E-004
#    -22   -12       2.7157495541E-005
#    -22   -11       1.5388839147E-005
#    -22   -10       1.5815263882E-004
#    -22    -9       2.9389095766E-005
#    -22    -8       6.9475333043E-005
#    -22    -7       1.7957139997E-005
#    -22    -6       3.5874569548E-005
#    -22    -5       1.2584375933E-004
#    -22    -4       6.4344586930E-005
#    -22    -3       7.1254225473E-005
#    -22    -2       1.8298204129E-005
#    -22    -1       6.5030262415E-005
#    -22     0       1.0630761111E-003
#    -22     1       1.7396215185E-004
#    -22     2       2.2502236491E-004
#    -22     3       2.8088483515E-005
#    -22     4       6.6350895722E-006
#    -22     5       2.1092686595E-004
#    -22     6       9.3866660031E-005
#    -22     7       2.5853353136E-004
#    -22     8       5.6880297803E-005
#    -22     9       4.8918160906E-005
#    -22    10       9.2817468667E-004
#    -22    11       2.6138521958E-004
#    -22    12       1.0418321750E-003
#    -22    13       2.4874851659E-004
#    -22    14       6.3918755499E-005
#    -22    15       4.7249661351E-004
#    -22    16       2.2974061756E-004
#    -22    17       3.1235895075E-004
#    -22    18       8.8141728053E-005
#    -22    19       7.9324075651E-005
#    -22    20       7.9202687503E-004
#    -22    21       1.8018661108E-004
#    -22    22       6.2091488738E-004
#    -22    23       1.2502704851E-004
#    -22    24       8.6249315458E-006
#    -22    25       1.9224596953E-004
#    -22    26       7.4697097558E-005
#    -21   -22       1.9387179465E-004
#    -21   -21       6.0777186860E-005
#    -21   -20       1.0909639790E-005
#    -21   -19       5.8091800899E-005
#    -21   -18       2.1474956343E-004
#    -21   -17       8.1282287494E-004
#    -21   -16       9.6973750573E-005
#    -21   -15       1.8595231678E-005
#    -21   -14       7.7673513960E-006
#    -21   -13       1.2410820384E-004
#    -21   -12       3.1912110105E-004
#    -21   -11       1.1958212100E-004
#    -21   -10       1.7224298167E-006
#    -21    -9       1.8308867950E-005
#    -21    -8       3.2510057904E-005
#    -21    -7       1.8317445617E-004
#    -21    -6       1.1832925919E-005
#    -21    -5       1.7275813379E-005
#    -21    -4       8.8570861079E-006
#    -21    -3       1.5126744605E-004
#    -21    -2       8.3326647098E-004
#    -21    -1       1.2759503874E-004
#    -21     0       4.6640539015E-005
#    -21     1       9.1853280857E-006
#    -21     2       6.7426036909E-005
#    -21     3       1.7773000932E-004
#    -21     4       3.1488349009E-004
#    -21     5       1.8389935612E-007
#    -21     6       2.7705112305E-005
#    -21     7       2.0991937832E-004
#    -21     8       7.9288788117E-004
#    -21     9       3.8520541484E-004
#    -21    10       7.1408724157E-005
#    -21    11       6.7052598818E-005
#    -21    12       5.8991707198E-004
#    -21    13       1.3502492086E-003
#    -21    14       1.6002608271E-004
#    -21    15       2.3482733079E-005
#    -21    16       2.3455911530E-007
#    -21    17       7.9111039314E-005
#    -21    18       4.5236137217E-004
#    -21    19       4.0867355547E-005
#    -21    20       2.8781357348E-005
#    -21    21       8.7651865483E-005
#    -21    22       3.3962414895E-004
#    -21    23       1.1293858853E-003
#    -21    24       8.6281880071E-004
#    -21    25       2.1793832600E-005
#    -20   -22       1.5115447671E-006
#    -20   -21       1.1763951719E-006
#    -20   -20       9.5342288370E-004
#    -20   -19       5.9079004231E-007
#    -20   -18       3.4578361857E-007
#    -20   -17       9.4688858737E-006
#    -20   -16       1.7639045355E-006
#    -20   -15       1.0206203050E-003
#    -20   -14       8.3216364393E-006
#    -20   -13       3.0848847509E-006
#    -20   -12       6.1613641891E-006
#    -20   -11       1.7373138337E-005
#    -20   -10       1.1318743784E-003
#    -20    -9       1.0647663307E-005
#    -20    -8       1.8959081706E-005
#    -20    -7       1.1060002821E-005
#    -20    -6       1.2214523937E-006
#    -20    -5       3.0060426109E-003
#    -20    -4       3.0202844395E-005
#    -20    -3       7.4307636099E-006
#    -20    -2       2.5727308010E-005
#    -20    -1       7.0110050147E-005
#    -20     0       1.3893907905E-002
#    -20     1       3.4962020689E-006
#    -20     2       5.5560851501E-005
#    -20     3       2.2601803808E-005
#    -20     4       2.0158135024E-005
#    -20     5       1.1547166994E-002
#    -20     6       1.2802917141E-005
#    -20     7       7.5619756488E-006
#    -20     8       7.9498903439E-007
#    -20     9       2.5654044194E-005
#    -20    10       5.8764927000E-003
#    -20    11       2.4449448995E-005
#    -20    12       1.8532083181E-005
#    -20    13       2.5084025046E-006
#    -20    14       3.5061616961E-006
#    -20    15       1.0485859348E-003
#    -20    16       3.7291984586E-005
#    -20    17       1.4169573640E-005
#    -20    18       1.3184814999E-005
#    -20    19       1.7095227451E-006
#    -20    20       3.1115054941E-003
#    -20    21       5.0797009767E-005
#    -20    22       3.9824327337E-005
#    -20    23       1.7629437260E-006
#    -20    24       6.3053017771E-005
#    -20    25       4.3409251337E-003
#    -19   -23       1.5270058131E-004
#    -19   -22       1.0389683177E-004
#    -19   -21       2.8980823073E-005
#    -19   -20       3.2857264720E-006
#    -19   -19       1.8804188781E-004
#    -19   -18       7.2298062998E-004
#    -19   -17       2.6659331237E-004
#    -19   -16       1.8896919165E-005
#    -19   -15       1.1197824726E-005
#    -19   -14       9.0388930751E-005
#    -19   -13       1.6800355664E-004
#    -19   -12       2.1312834628E-005
#    -19   -11       2.2618805272E-005
#    -19   -10       2.8344748413E-005
#    -19    -9       1.5495650056E-007
#    -19    -8       1.6708954720E-004
#    -19    -7       1.0071356017E-004
#    -19    -6       1.3726072078E-005
#    -19    -5       1.2184389885E-005
#    -19    -4       4.1693371126E-005
#    -19    -3       4.7197749164E-004
#    -19    -2       4.2778504890E-005
#    -19    -1       1.4660323874E-005
#    -19     0       2.3048122000E-005
#    -19     1       1.2155211018E-004
#    -19     2       3.1074669361E-004
#    -19     3       5.1533662627E-005
#    -19     4       8.8124546289E-005
#    -19     5       2.9510921492E-005
#    -19     6       4.8349686931E-007
#    -19     7       1.2121470821E-004
#    -19     8       1.3162729294E-004
#    -19     9       5.6470778606E-005
#    -19    10       3.4725211051E-005
#    -19    11       2.7935039804E-005
#    -19    12       4.4124021652E-004
#    -19    13       2.3489041784E-004
#    -19    14       1.2231562114E-006
#    -19    15       3.1086553316E-005
#    -19    16       4.1844472420E-005
#    -19    17       7.3693185796E-004
#    -19    18       3.4175064302E-005
#    -19    19       2.9760075707E-007
#    -19    20       2.9494350208E-005
#    -19    21       4.5274916981E-006
#    -19    22       1.1071456253E-004
#    -19    23       1.5973132377E-004
#    -19    24       1.3050782671E-005
#    -19    25       4.6851595432E-005
#    -18   -23       1.9735495410E-005
#    -18   -22       1.7893079204E-004
#    -18   -21       1.0138379428E-004
#    -18   -20       4.5799890901E-004
#    -18   -19       3.7978974893E-005
#    -18   -18       6.7633281416E-005
#    -18   -17       2.4200762796E-004
#    -18   -16       9.1025529154E-005
#    -18   -15       1.8110149305E-004
#    -18   -14       2.1322868044E-005
#    -18   -13       1.8335532930E-007
#    -18   -12       8.4008061982E-005
#    -18   -11       2.1303321982E-005
#    -18   -10       2.2183080196E-004
#    -18    -9       1.5514134596E-005
#    -18    -8       6.6204998074E-005
#    -18    -7       3.5479394782E-005
#    -18    -6       3.1106221229E-005
#    -18    -5       4.4571771391E-005
#    -18    -4       2.4969588523E-005
#    -18    -3       5.6597755961E-005
#    -18    -2       8.2108557662E-005
#    -18    -1       1.2641410779E-004
#    -18     0       3.9246596230E-004
#    -18     1       1.3465861856E-004
#    -18     2       1.9909131697E-004
#    -18     3       5.1642316298E-004
#    -18     4       3.6396067549E-005
#    -18     5       3.6515531681E-004
#    -18     6       4.3992099205E-005
#    -18     7       1.4061610491E-004
#    -18     8       5.8082006070E-004
#    -18     9       1.5509783982E-004
#    -18    10       2.4119799456E-004
#    -18    11       6.1699746410E-005
#    -18    12       2.2067714121E-005
#    -18    13       8.7081122538E-005
#    -18    14       2.1077073093E-004
#    -18    15       3.3879533125E-004
#    -18    16       1.4883349387E-004
#    -18    17       3.3010399627E-005
#    -18    18       5.0363739661E-005
#    -18    19       2.1968289179E-005
#    -18    20       1.3001019603E-004
#    -18    21       2.0313369286E-004
#    -18    22       7.7492994349E-005
#    -18    23       1.1367568212E-004
#    -18    24       5.8204882042E-004
#    -17   -24       3.1590291553E-005
#    -17   -23       3.7884308468E-004
#    -17   -22       2.4744517796E-005
#    -17   -21       5.4029076831E-005
#    -17   -20       3.5139317613E-004
#    -17   -19       1.6571437270E-004
#    -17   -18       5.2090857801E-004
#    -17   -17       6.7273138914E-005
#    -17   -16       3.2180068468E-005
#    -17   -15       4.1122790609E-005
#    -17   -14       2.4889219757E-007
#    -17   -13       1.0933607985E-004
#    -17   -12       1.6630830935E-005
#    -17   -11       9.0182172153E-005
#    -17   -10       1.6537532470E-004
#    -17    -9       7.5808085389E-005
#    -17    -8       2.3671583078E-004
#    -17    -7       9.0313237497E-006
#    -17    -6       2.2292853240E-007
#    -17    -5       8.1481152424E-005
#    -17    -4       1.0208105917E-005
#    -17    -3       7.1609069118E-005
#    -17    -2       1.4930961920E-005
#    -17    -1       6.6678380391E-005
#    -17     0       2.0053590170E-003
#    -17     1       7.1854025450E-004
#    -17     2       1.4164178906E-003
#    -17     3       1.5103821614E-004
#    -17     4       1.7934580911E-004
#    -17     5       8.0306496886E-004
#    -17     6       5.5229230269E-004
#    -17     7       1.6881848245E-003
#    -17     8       1.4326773707E-004
#    -17     9       2.0253553062E-004
#    -17    10       4.2824939841E-005
#    -17    11       2.8233282602E-006
#    -17    12       3.0084165498E-005
#    -17    13       1.0724230011E-005
#    -17    14       1.9805839732E-005
#    -17    15       1.1368895460E-004
#    -17    16       7.9681965268E-007
#    -17    17       3.2628169335E-005
#    -17    18       8.7040949408E-006
#    -17    19       7.2698917774E-005
#    -17    20       4.2647261638E-004
#    -17    21       6.6834250568E-005
#    -17    22       2.5136131436E-005
#    -17    23       3.9534332189E-005
#    -17    24       1.6595456243E-004
#    -16   -24       6.8746887873E-006
#    -16   -23       1.0847022117E-004
#    -16   -22       8.3925082406E-004
#    -16   -21       2.0056273452E-004
#    -16   -20       7.9107563335E-006
#    -16   -19       5.3812727181E-005
#    -16   -18       1.3132663390E-004
#    -16   -17       5.4021306659E-004
#    -16   -16       4.1472777890E-005
#    -16   -15       1.2123478567E-005
#    -16   -14       1.4514142015E-005
#    -16   -13       2.6300970147E-005
#    -16   -12       8.4879855352E-004
#    -16   -11       2.1730759591E-004
#    -16   -10       2.5236650482E-005
#    -16    -9       1.3707882258E-005
#    -16    -8       5.8867867937E-005
#    -16    -7       2.3967449731E-004
#    -16    -6       1.0030051003E-004
#    -16    -5       3.6906098952E-005
#    -16    -4       2.4596365643E-005
#    -16    -3       1.5951054341E-004
#    -16    -2       1.9544297264E-003
#    -16    -1       8.7118101177E-004
#    -16     0       2.9793874081E-004
#    -16     1       8.0154419325E-005
#    -16     2       6.2078170051E-004
#    -16     3       3.3806586975E-003
#    -16     4       1.0925965457E-003
#    -16     5       4.6126338577E-005
#    -16     6       3.7936013703E-005
#    -16     7       3.1140123854E-004
#    -16     8       1.2128198032E-003
#    -16     9       1.0056881522E-004
#    -16    10       8.0954327818E-006
#    -16    11       3.7724704208E-006
#    -16    12       7.8415537768E-005
#    -16    13       3.7127504947E-005
#    -16    14       1.1062187229E-004
#    -16    15       1.5553537564E-005
#    -16    16       1.4167513450E-006
#    -16    17       1.9332299384E-005
#    -16    18       4.7330483255E-004
#    -16    19       1.8172700058E-004
#    -16    20       8.6260189713E-005
#    -16    21       1.1149735581E-004
#    -16    22       2.7588711450E-004
#    -16    23       1.5004589227E-003
#    -15   -25       1.5555653333E-004
#    -15   -24       2.3474583618E-006
#    -15   -23       3.0266615042E-005
#    -15   -22       4.1715729144E-006
#    -15   -21       1.0861613658E-005
#    -15   -20       1.0891895306E-003
#    -15   -19       6.5032609563E-006
#    -15   -18       1.6245308249E-005
#    -15   -17       8.6284687877E-006
#    -15   -16       1.3308713268E-005
#    -15   -15       5.4141703356E-004
#    -15   -14       2.2342235842E-006
#    -15   -13       5.5017127190E-006
#    -15   -12       5.0695674537E-006
#    -15   -11       2.4187863443E-005
#    -15   -10       5.0603863079E-003
#    -15    -9       1.3009402219E-005
#    -15    -8       7.5630885638E-006
#    -15    -7       1.6700743210E-005
#    -15    -6       2.9803793939E-006
#    -15    -5       1.0365197605E-002
#    -15    -4       1.1641134476E-005
#    -15    -3       2.2631115935E-007
#    -15    -2       1.4987004231E-005
#    -15    -1       6.5638386037E-005
#    -15     0       1.4321530496E-002
#    -15     1       1.2809206697E-006
#    -15     2       6.4582070650E-005
#    -15     3       1.3603786517E-005
#    -15     4       6.7028067755E-005
#    -15     5       1.9030981116E-002
#    -15     6       4.3078183301E-005
#    -15     7       1.5432016275E-005
#    -15     8       1.5454100082E-005
#    -15     9       3.4719786077E-005
#    -15    10       1.0671532429E-002
#    -15    11       3.9321666769E-007
#    -15    12       5.0355895023E-007
#    -15    13       2.2979965822E-005
#    -15    14       1.0637519629E-005
#    -15    15       1.7342299131E-002
#    -15    16       8.8647938335E-005
#    -15    17       4.4547607925E-006
#    -15    18       9.1512798517E-007
#    -15    19       1.8416817923E-005
#    -15    20       5.2260925286E-004
#    -15    21       3.8690290606E-005
#    -15    22       9.2769742326E-006
#    -15    23       4.8941303132E-005
#    -14   -25       1.6472603650E-005
#    -14   -24       1.7450145494E-004
#    -14   -23       5.0770383753E-004
#    -14   -22       1.2791377709E-004
#    -14   -21       3.5644300816E-005
#    -14   -20       3.2826933332E-006
#    -14   -19       1.6833362337E-004
#    -14   -18       2.2632674930E-004
#    -14   -17       6.5843293090E-005
#    -14   -16       6.2570529599E-006
#    -14   -15       8.5405881466E-006
#    -14   -14       1.8878098245E-004
#    -14   -13       1.0082149405E-003
#    -14   -12       2.2569012225E-004
#    -14   -11       5.6333917307E-005
#    -14   -10       5.6778358976E-005
#    -14    -9       3.6972596470E-005
#    -14    -8       8.9661784206E-004
#    -14    -7       3.1313914315E-004
#    -14    -6       2.9469066485E-006
#    -14    -5       1.3538651930E-005
#    -14    -4       1.3049427506E-004
#    -14    -3       2.3744423922E-003
#    -14    -2       6.3694373225E-004
#    -14    -1       2.0136420503E-004
#    -14     0       1.3525320335E-004
#    -14     1       4.7314860134E-004
#    -14     2       1.7315745407E-003
#    -14     3       2.6020230964E-004
#    -14     4       1.4347533488E-004
#    -14     5       4.4609826502E-005
#    -14     6       2.1255167530E-004
#    -14     7       2.5201954294E-004
#    -14     8       5.9206410515E-005
#    -14     9       4.9862638512E-005
#    -14    10       1.2026309656E-004
#    -14    11       1.2567980703E-004
#    -14    12       5.9393204482E-004
#    -14    13       1.0388687542E-004
#    -14    14       2.5159775244E-006
#    -14    15       2.3020249445E-005
#    -14    16       1.0682589897E-004
#    -14    17       1.2108741284E-003
#    -14    18       1.3294290674E-005
#    -14    19       1.2123307846E-005
#    -14    20       8.5342950923E-005
#    -14    21       2.7880847816E-004
#    -14    22       4.9873191234E-004
#    -13   -26       7.2221343215E-005
#    -13   -25       2.5470717300E-004
#    -13   -24       6.0799819219E-005
#    -13   -23       3.3023506576E-005
#    -13   -22       3.2863424761E-004
#    -13   -21       5.3396890049E-005
#    -13   -20       2.0486612092E-004
#    -13   -19       7.6850555294E-006
#    -13   -18       6.8214240320E-006
#    -13   -17       6.7286169660E-006
#    -13   -16       5.4389731509E-005
#    -13   -15       1.1424184462E-004
#    -13   -14       1.0133644865E-004
#    -13   -13       3.2824927953E-005
#    -13   -12       3.9501007347E-004
#    -13   -11       7.1427761163E-005
#    -13   -10       3.8308811255E-004
#    -13    -9       5.8706611786E-005
#    -13    -8       1.6158895981E-004
#    -13    -7       2.7222545463E-004
#    -13    -6       2.6637090413E-005
#    -13    -5       2.2155610601E-004
#    -13    -4       1.1219548184E-004
#    -13    -3       2.7107386050E-004
#    -13    -2       1.1920017261E-003
#    -13    -1       5.7707310457E-004
#    -13     0       9.1492743065E-004
#    -13     1       8.3389803797E-005
#    -13     2       1.3298673997E-005
#    -13     3       1.1332067731E-004
#    -13     4       2.4698392647E-005
#    -13     5       6.6673253944E-004
#    -13     6       7.0612805146E-005
#    -13     7       3.2294853723E-004
#    -13     8       8.8511205462E-004
#    -13     9       4.0957128928E-004
#    -13    10       1.4806935106E-003
#    -13    11       1.3537745144E-004
#    -13    12       1.7083880051E-004
#    -13    13       7.2443226636E-005
#    -13    14       1.8934075284E-004
#    -13    15       4.8957179270E-004
#    -13    16       1.9553202475E-004
#    -13    17       3.9204932147E-005
#    -13    18       2.3239230342E-004
#    -13    19       8.7246723078E-005
#    -13    20       5.4867888593E-004
#    -13    21       1.4235699194E-004
#    -12   -26       2.1409496475E-005
#    -12   -25       2.3887438231E-004
#    -12   -24       1.4260210060E-004
#    -12   -23       2.0753140679E-004
#    -12   -22       6.7044075285E-005
#    -12   -21       2.2242372331E-005
#    -12   -20       1.0272177631E-004
#    -12   -19       3.5122052768E-005
#    -12   -18       3.3828587707E-005
#    -12   -17       2.3683638498E-005
#    -12   -16       5.2928451539E-006
#    -12   -15       4.1341896465E-004
#    -12   -14       1.3077942335E-004
#    -12   -13       3.5970747148E-004
#    -12   -12       1.0398065067E-004
#    -12   -11       9.1049733747E-005
#    -12   -10       5.8170537770E-004
#    -12    -9       1.8627741886E-004
#    -12    -8       5.1978900741E-004
#    -12    -7       7.5959971285E-006
#    -12    -6       6.2442750791E-005
#    -12    -5       6.2836969219E-004
#    -12    -4       2.5157899303E-004
#    -12    -3       7.8583940735E-004
#    -12    -2       2.2827066235E-004
#    -12    -1       4.4733074681E-005
#    -12     0       6.3840615696E-005
#    -12     1       8.9208582874E-005
#    -12     2       6.8789957571E-004
#    -12     3       8.4093787067E-005
#    -12     4       2.9689226305E-004
#    -12     5       2.3293109821E-003
#    -12     6       9.4215250478E-004
#    -12     7       2.6168097400E-003
#    -12     8       2.5142025059E-004
#    -12     9       3.1584559409E-004
#    -12    10       1.1259915326E-003
#    -12    11       5.0149300657E-004
#    -12    12       6.0420626021E-004
#    -12    13       1.6174071416E-005
#    -12    14       9.1533336329E-005
#    -12    15       1.1250482882E-003
#    -12    16       1.8276025659E-004
#    -12    17       4.4875568746E-004
#    -12    18       4.6771796398E-005
#    -12    19       2.1563169687E-004
#    -12    20       6.8523994719E-004
#    -12    21       4.2345607979E-004
#    -11   -26       4.3480613459E-005
#    -11   -25       3.0281197091E-005
#    -11   -24       2.9796744122E-005
#    -11   -23       1.4222885669E-004
#    -11   -22       8.5314358848E-004
#    -11   -21       3.1283980804E-005
#    -11   -20       1.3583885837E-005
#    -11   -19       7.7091788286E-006
#    -11   -18       7.6410390498E-005
#    -11   -17       4.7854086517E-005
#    -11   -16       3.2689030536E-005
#    -11   -15       3.3854295837E-005
#    -11   -14       1.7617080411E-005
#    -11   -13       1.5598344284E-004
#    -11   -12       1.2085219186E-003
#    -11   -11       5.4413404412E-004
#    -11   -10       7.4679052474E-005
#    -11    -9       4.6313613438E-005
#    -11    -8       4.2225464665E-005
#    -11    -7       1.2305069929E-003
#    -11    -6       4.5865491281E-004
#    -11    -5       1.2840616044E-004
#    -11    -4       1.1014056841E-004
#    -11    -3       8.5506537960E-005
#    -11    -2       2.7949899726E-005
#    -11    -1       2.0670921540E-004
#    -11     0       2.8108132252E-004
#    -11     1       8.1707417088E-005
#    -11     2       4.3758218117E-004
#    -11     3       4.6776744056E-003
#    -11     4       1.6265224410E-003
#    -11     5       1.1092161192E-004
#    -11     6       1.1148838670E-004
#    -11     7       6.3528925451E-004
#    -11     8       3.0896647539E-003
#    -11     9       5.1114924159E-004
#    -11    10       2.2653702610E-004
#    -11    11       1.1966881911E-004
#    -11    12       1.1453910415E-004
#    -11    13       1.5251489609E-003
#    -11    14       7.2506599175E-004
#    -11    15       1.7918507246E-004
#    -11    16       2.7935733551E-005
#    -11    17       8.5235420181E-006
#    -11    18       1.1952987606E-003
#    -11    19       7.0369183152E-004
#    -11    20       4.5665384321E-005
#    -10   -27       1.9509417238E-006
#    -10   -26       6.3690558320E-006
#    -10   -25       6.3466186645E-004
#    -10   -24       6.2529198770E-006
#    -10   -23       1.7227023932E-005
#    -10   -22       6.8428725490E-006
#    -10   -21       2.8783503745E-005
#    -10   -20       7.0539299019E-005
#    -10   -19       2.6387526108E-007
#    -10   -18       5.6294952850E-005
#    -10   -17       7.9300923955E-006
#    -10   -16       4.2261973814E-005
#    -10   -15       4.4676314137E-003
#    -10   -14       3.7833826543E-006
#    -10   -13       1.5315883221E-006
#    -10   -12       3.4809835156E-005
#    -10   -11       6.2799065237E-006
#    -10   -10       4.9948961693E-003
#    -10    -9       3.4372430609E-006
#    -10    -8       2.2616514350E-006
#    -10    -7       1.0386214809E-005
#    -10    -6       1.3826838000E-005
#    -10    -5       1.9152461282E-002
#    -10    -4       2.7179501273E-005
#    -10    -3       8.4131643156E-006
#    -10    -2       7.4013797899E-005
#    -10    -1       3.1050924693E-007
#    -10     0       2.3192578553E-002
#    -10     1       2.3126682763E-005
#    -10     2       5.8431141960E-005
#    -10     3       3.5532711601E-005
#    -10     4       4.1089547775E-005
#    -10     5       5.8635569359E-003
#    -10     6       3.4006179562E-005
#    -10     7       5.7426238531E-006
#    -10     8       3.8721100063E-005
#    -10     9       1.5499641520E-005
#    -10    10       1.4285880278E-002
#    -10    11       3.0723270733E-005
#    -10    12       5.8513587307E-006
#    -10    13       5.0185009525E-005
#    -10    14       4.5358901534E-005
#    -10    15       1.5963944110E-002
#    -10    16       2.2393745261E-004
#    -10    17       5.3681232904E-007
#    -10    18       2.6781361706E-005
#    -10    19       1.3057368218E-004
#     -9   -27       5.2341483757E-005
#     -9   -26       6.8834807262E-005
#     -9   -25       2.8740956527E-005
#     -9   -24       1.5941723829E-004
#     -9   -23       1.1834934038E-003
#     -9   -22       1.6961374137E-004
#     -9   -21       5.1307071728E-005
#     -9   -20       1.4997699136E-005
#     -9   -19       3.4442511641E-005
#     -9   -18       1.6375417857E-004
#     -9   -17       4.3502207559E-006
#     -9   -16       2.4600201825E-005
#     -9   -15       1.5190564291E-005
#     -9   -14       2.2145876871E-004
#     -9   -13       1.7415713317E-003
#     -9   -12       3.4574282947E-004
#     -9   -11       1.2763665526E-004
#     -9   -10       1.6966625202E-006
#     -9    -9       3.4480454834E-004
#     -9    -8       1.8562274066E-003
#     -9    -7       5.3952154335E-004
#     -9    -6       2.0363030812E-005
#     -9    -5       7.0482453676E-005
#     -9    -4       3.0663319440E-005
#     -9    -3       1.2813303236E-003
#     -9    -2       1.1189856218E-003
#     -9    -1       2.1720023376E-004
#     -9     0       4.4953387214E-004
#     -9     1       1.0512109855E-003
#     -9     2       4.2414751812E-003
#     -9     3       5.0013753043E-004
#     -9     4       3.6113652194E-004
#     -9     5       1.9594568839E-004
#     -9     6       4.2578595893E-004
#     -9     7       1.3337228815E-003
#     -9     8       2.9113471641E-004
#     -9     9       4.1220976951E-006
#     -9    10       2.4718587627E-005
#     -9    11       3.5991177316E-004
#     -9    12       3.8423411520E-004
#     -9    13       6.1908942419E-005
#     -9    14       2.0786838125E-004
#     -9    15       1.1521408827E-004
#     -9    16       1.9537480441E-004
#     -9    17       2.7513620312E-003
#     -9    18       4.2311278169E-004
#     -9    19       1.5487113684E-004
#     -8   -27       3.5048722773E-004
#     -8   -26       1.0123006022E-004
#     -8   -25       3.4576912461E-004
#     -8   -24       7.5296623049E-005
#     -8   -23       1.1663099262E-004
#     -8   -22       5.4408569279E-004
#     -8   -21       2.6018279857E-004
#     -8   -20       2.5141611374E-004
#     -8   -19       1.7577734871E-005
#     -8   -18       3.6849005431E-005
#     -8   -17       1.0895841778E-004
#     -8   -16       1.9432734946E-004
#     -8   -15       3.7426094192E-004
#     -8   -14       1.6296472666E-004
#     -8   -13       6.9079095302E-005
#     -8   -12       7.3863714115E-004
#     -8   -11       1.4593370576E-004
#     -8   -10       3.3546960553E-004
#     -8    -9       5.1450609943E-005
#     -8    -8       1.0491434177E-004
#     -8    -7       4.6836769493E-004
#     -8    -6       2.6990049940E-005
#     -8    -5       2.6207870419E-004
#     -8    -4       1.9712585092E-004
#     -8    -3       3.3920549686E-004
#     -8    -2       2.1244145893E-003
#     -8    -1       1.1319417137E-003
#     -8     0       3.1421095382E-003
#     -8     1       2.3319122837E-004
#     -8     2       1.8855676524E-005
#     -8     3       1.6696928210E-003
#     -8     4       5.0146616620E-005
#     -8     5       3.3076911288E-005
#     -8     6       1.7115377247E-004
#     -8     7       1.3154772128E-004
#     -8     8       3.5868363551E-005
#     -8     9       6.4842154284E-005
#     -8    10       2.7643374834E-004
#     -8    11       1.6314000659E-004
#     -8    12       4.9636874384E-004
#     -8    13       1.1100054190E-004
#     -8    14       7.6558738971E-005
#     -8    15       4.0264982395E-004
#     -8    16       1.6074916930E-004
#     -8    17       9.4622683810E-005
#     -8    18       1.0617514356E-003
#     -7   -27       2.5687638686E-005
#     -7   -26       8.6271524456E-005
#     -7   -25       4.3206494148E-004
#     -7   -24       3.1653612862E-004
#     -7   -23       1.0120497272E-003
#     -7   -22       8.0211881763E-005
#     -7   -21       3.6768672665E-005
#     -7   -20       2.1289505034E-004
#     -7   -19       8.2211453605E-005
#     -7   -18       6.0377317686E-005
#     -7   -17       1.5008953284E-005
#     -7   -16       2.3540468580E-005
#     -7   -15       7.8847938786E-004
#     -7   -14       3.2351833612E-004
#     -7   -13       5.4312216853E-004
#     -7   -12       1.2107366287E-004
#     -7   -11       1.1586946162E-005
#     -7   -10       2.7947939442E-004
#     -7    -9       1.0888936020E-004
#     -7    -8       1.6684831111E-004
#     -7    -7       8.9819495185E-006
#     -7    -6       1.2184830387E-004
#     -7    -5       1.9595178418E-003
#     -7    -4       9.0174626461E-004
#     -7    -3       2.1529440305E-003
#     -7    -2       4.0270474769E-004
#     -7    -1       3.3117396080E-004
#     -7     0       3.2182318859E-004
#     -7     1       1.5263393378E-004
#     -7     2       2.6853228894E-004
#     -7     3       2.2444575585E-005
#     -7     4       6.2901016375E-005
#     -7     5       4.6657260460E-004
#     -7     6       2.5019994057E-004
#     -7     7       6.3264506204E-004
#     -7     8       1.2074556247E-005
#     -7     9       1.4286850560E-005
#     -7    10       1.9951668796E-003
#     -7    11       1.2407384247E-003
#     -7    12       2.0678218769E-003
#     -7    13       1.5837973002E-004
#     -7    14       8.4812389320E-005
#     -7    15       3.9858123909E-004
#     -7    16       7.4258365443E-004
#     -7    17       1.1057586214E-003
#     -6   -27       3.2090098581E-004
#     -6   -26       1.4725324070E-004
#     -6   -25       2.9649377148E-005
#     -6   -24       6.5895200117E-005
#     -6   -23       4.2600413680E-004
#     -6   -22       6.8433569115E-004
#     -6   -21       1.1317152803E-004
#     -6   -20       8.6846520632E-005
#     -6   -19       7.6930625857E-007
#     -6   -18       3.0100657142E-004
#     -6   -17       2.5985920655E-004
#     -6   -16       1.4113824334E-004
#     -6   -15       9.3570433736E-005
#     -6   -14       4.5100070370E-005
#     -6   -13       2.6486116687E-004
#     -6   -12       1.1832756680E-004
#     -6   -11       1.4151413559E-005
#     -6   -10       2.4283083886E-005
#     -6    -9       4.3702640067E-005
#     -6    -8       6.3388248332E-005
#     -6    -7       1.8240106212E-003
#     -6    -6       6.5028150659E-004
#     -6    -5       1.0476152370E-004
#     -6    -4       1.9390550946E-004
#     -6    -3       3.9530694456E-004
#     -6    -2       5.3598372371E-004
#     -6    -1       1.2722272950E-005
#     -6     0       3.4813357608E-005
#     -6     1       1.5189759943E-004
#     -6     2       1.0786575217E-004
#     -6     3       1.0248655652E-003
#     -6     4       1.0920332196E-003
#     -6     5       2.8845439950E-006
#     -6     6       1.5631597091E-005
#     -6     7       4.3529391351E-006
#     -6     8       8.7270955039E-004
#     -6     9       6.6930720847E-004
#     -6    10       5.3630524855E-004
#     -6    11       5.1162544681E-004
#     -6    12       1.3331518382E-003
#     -6    13       4.8982358826E-004
#     -6    14       3.6797014917E-004
#     -6    15       5.0828451577E-005
#     -6    16       4.7027279766E-004
#     -5   -27       3.0562797211E-006
#     -5   -26       1.2178550511E-005
#     -5   -25       1.5302086582E-003
#     -5   -24       1.0891093283E-005
#     -5   -23       7.2043121140E-006
#     -5   -22       7.8252176375E-007
#     -5   -21       3.9354652672E-005
#     -5   -20       2.2965846001E-003
#     -5   -19       1.7561142618E-005
#     -5   -18       4.9169563965E-005
#     -5   -17       4.6210039054E-005
#     -5   -16       4.3542192766E-005
#     -5   -15       1.2450121009E-003
#     -5   -14       3.3194051606E-007
#     -5   -13       1.7708239419E-007
#     -5   -12       1.5028977139E-005
#     -5   -11       1.1700637872E-005
#     -5   -10       1.3308307170E-002
#     -5    -9       1.7847517678E-007
#     -5    -8       1.1010730713E-005
#     -5    -7       6.8797358377E-005
#     -5    -6       1.6288164537E-005
#     -5    -5       6.3318589394E-003
#     -5    -4       1.3403919840E-005
#     -5    -3       3.7204575527E-005
#     -5    -2       3.6042358804E-005
#     -5    -1       7.8223154141E-006
#     -5     0       8.2213944899E-003
#     -5     1       1.1247732558E-005
#     -5     2       1.0901281983E-005
#     -5     3       1.2915326384E-004
#     -5     4       5.0304163567E-005
#     -5     5       6.1435589440E-005
#     -5     6       7.2544734370E-005
#     -5     7       4.0714543430E-005
#     -5     8       2.7770805276E-005
#     -5     9       3.0856168518E-005
#     -5    10       2.8155215833E-002
#     -5    11       1.6584240306E-004
#     -5    12       4.3256154354E-005
#     -5    13       6.7082720865E-005
#     -5    14       1.8319578686E-005
#     -5    15       1.2485912657E-002
#     -4   -28       2.4813594056E-005
#     -4   -27       9.6494862578E-005
#     -4   -26       1.1852129123E-005
#     -4   -25       1.2162465717E-005
#     -4   -24       1.7852336298E-004
#     -4   -23       1.0664982854E-003
#     -4   -22       1.3050217323E-004
#     -4   -21       2.8710125724E-006
#     -4   -20       6.7870500345E-005
#     -4   -19       4.3147645269E-005
#     -4   -18       6.6298188183E-004
#     -4   -17       9.6215162283E-005
#     -4   -16       1.7689710464E-005
#     -4   -15       1.3736245224E-004
#     -4   -14       6.1479490803E-005
#     -4   -13       2.1067622035E-004
#     -4   -12       6.6802834883E-005
#     -4   -11       1.6278813339E-005
#     -4   -10       3.5383120262E-005
#     -4    -9       4.6642590468E-004
#     -4    -8       3.2872006933E-003
#     -4    -7       1.1440346494E-003
#     -4    -6       2.1510959353E-004
#     -4    -5       3.2667159647E-004
#     -4    -4       1.7626771811E-004
#     -4    -3       2.0724040446E-005
#     -4    -2       5.1135284292E-004
#     -4    -1       3.3584105023E-004
#     -4     0       3.1074897478E-005
#     -4     1       2.1937488452E-004
#     -4     2       5.6773916658E-004
#     -4     3       7.6093109046E-005
#     -4     4       9.7018652327E-005
#     -4     5       4.5537762286E-005
#     -4     6       4.2294951324E-004
#     -4     7       2.6194236013E-003
#     -4     8       1.4621071653E-003
#     -4     9       3.2275288244E-004
#     -4    10       3.5333759403E-004
#     -4    11       1.4647915229E-003
#     -4    12       1.3075551477E-003
#     -4    13       1.5349380813E-004
#     -4    14       2.2787211291E-004
#     -3   -28       2.8520100245E-005
#     -3   -27       4.0497957038E-004
#     -3   -26       2.1589898471E-004
#     -3   -25       4.1088208597E-004
#     -3   -24       3.8080462145E-005
#     -3   -23       2.0931625973E-005
#     -3   -22       4.7230569743E-004
#     -3   -21       2.4482689178E-004
#     -3   -20       4.5816642075E-004
#     -3   -19       4.4531237953E-005
#     -3   -18       3.4113374359E-005
#     -3   -17       8.8969636783E-005
#     -3   -16       3.0413866359E-005
#     -3   -15       4.0234024849E-004
#     -3   -14       5.7914767116E-006
#     -3   -13       2.7784475112E-006
#     -3   -12       2.7520096910E-004
#     -3   -11       2.4947653604E-004
#     -3   -10       1.5661311662E-003
#     -3    -9       1.0745990184E-004
#     -3    -8       2.9249801528E-004
#     -3    -7       2.4149380490E-003
#     -3    -6       2.3764563983E-004
#     -3    -5       1.4463409754E-004
#     -3    -4       1.5985491561E-006
#     -3    -3       9.8372804852E-005
#     -3    -2       1.3146249210E-003
#     -3    -1       2.0095173843E-004
#     -3     0       6.0488012317E-005
#     -3     1       3.9598301429E-005
#     -3     2       3.9664930141E-006
#     -3     3       2.0594176520E-004
#     -3     4       1.6852213700E-005
#     -3     5       6.1035489712E-005
#     -3     6       8.3712146806E-005
#     -3     7       7.1328728261E-005
#     -3     8       1.1846227906E-003
#     -3     9       9.6697695946E-004
#     -3    10       2.3878662141E-003
#     -3    11       2.3229627666E-004
#     -3    12       3.0005061572E-005
#     -3    13       5.7209735725E-004
#     -2   -28       8.6938406886E-005
#     -2   -27       2.8653717453E-005
#     -2   -26       3.1558512557E-005
#     -2   -25       5.9660614508E-004
#     -2   -24       1.0942261382E-004
#     -2   -23       7.3959391061E-004
#     -2   -22       1.0028151492E-004
#     -2   -21       6.5595553007E-005
#     -2   -20       5.3270815860E-004
#     -2   -19       3.7830421429E-005
#     -2   -18       3.1387060771E-004
#     -2   -17       9.0757754477E-005
#     -2   -16       7.5277697784E-005
#     -2   -15       1.0725082032E-005
#     -2   -14       9.7620405567E-005
#     -2   -13       7.1629459735E-005
#     -2   -12       1.4899526215E-004
#     -2   -11       2.5392066285E-004
#     -2   -10       1.4595130139E-003
#     -2    -9       7.3781247562E-004
#     -2    -8       2.0268987360E-003
#     -2    -7       1.7481508974E-004
#     -2    -6       1.2575241926E-005
#     -2    -5       1.5976781576E-004
#     -2    -4       3.2465177958E-004
#     -2    -3       9.4813154560E-004
#     -2    -2       9.9478822214E-006
#     -2    -1       6.6889991813E-005
#     -2     0       8.6790389557E-005
#     -2     1       2.6979028476E-004
#     -2     2       1.2135002940E-003
#     -2     3       2.5763888051E-005
#     -2     4       8.2239730859E-005
#     -2     5       3.5785922642E-004
#     -2     6       5.4775432406E-005
#     -2     7       1.8660670536E-005
#     -2     8       2.7582996541E-005
#     -2     9       3.6164892979E-005
#     -2    10       1.4021697519E-003
#     -2    11       5.8023766998E-005
#     -2    12       6.9105466334E-004
#     -1   -27       6.9618056337E-004
#     -1   -26       1.4682414122E-004
#     -1   -25       3.7845287734E-005
#     -1   -24       5.1026973374E-005
#     -1   -23       1.9870056173E-004
#     -1   -22       1.1113975412E-003
#     -1   -21       2.9629376703E-004
#     -1   -20       7.8157733260E-005
#     -1   -19       2.3070491602E-005
#     -1   -18       5.4956670125E-006
#     -1   -17       6.1600785027E-004
#     -1   -16       2.2597408398E-005
#     -1   -15       2.6503711537E-006
#     -1   -14       8.9847410085E-006
#     -1   -13       1.3316947849E-004
#     -1   -12       1.3035684399E-003
#     -1   -11       3.8333391081E-004
#     -1   -10       7.2088103099E-005
#     -1    -9       3.0138272114E-005
#     -1    -8       2.4672880204E-004
#     -1    -7       1.2877725087E-003
#     -1    -6       5.6395315246E-004
#     -1    -5       2.1877150579E-007
#     -1    -4       8.3470275786E-005
#     -1    -3       1.6720286247E-004
#     -1    -2       1.5241789694E-006
#     -1    -1       4.0013097501E-004
#     -1     0       4.5390843132E-005
#     -1     1       3.0207331415E-004
#     -1     2       1.0238213697E-003
#     -1     3       9.3054469143E-004
#     -1     4       4.8248982229E-005
#     -1     5       5.6874106998E-005
#     -1     6       6.8067197578E-005
#     -1     7       3.5987075200E-004
#     -1     8       4.1928052591E-004
#     -1     9       4.1918987805E-005
#     -1    10       1.2003078076E-005
#     -1    11       3.2042400902E-004
#      0   -27       3.6002709323E-006
#      0   -26       3.9151771723E-005
#      0   -25       5.5985266704E-004
#      0   -24       1.6416950091E-006
#      0   -23       1.9637194354E-005
#      0   -22       3.5761728508E-006
#      0   -21       6.3824330957E-005
#      0   -20       2.6804530447E-003
#      0   -19       2.5226756787E-005
#      0   -18       3.1386099342E-005
#      0   -17       1.9227966408E-005
#      0   -16       5.9832932277E-005
#      0   -15       1.3663842336E-002
#      0   -14       8.6685407283E-006
#      0   -13       1.3129493229E-005
#      0   -12       2.0874111487E-005
#      0   -11       1.2904039141E-005
#      0   -10       1.6156629702E-002
#      0    -9       2.6478172633E-005
#      0    -8       5.4971212348E-005
#      0    -7       1.6786924498E-006
#      0    -6       7.9693350264E-005
#      0    -5       4.1159026495E-004
#      0    -4       2.6316715929E-005
#      0    -3       2.7946459751E-005
#      0    -2       3.0578259779E-005
#      0    -1       5.5685699212E-005
#      0     0       2.4106000976E-002
#      0     1       3.9626907828E-006
#      0     2       8.2068887611E-005
#      0     3       4.0956768918E-005
#      0     4       1.3009718000E-005
#      0     5       8.5822987121E-003
#      0     6       3.2319206766E-005
#      0     7       7.8384088214E-006
#      0     8       2.9421393033E-005
#      0     9       2.6700431567E-004
#      0    10       9.8323004469E-003
#      1   -27       1.4396217687E-004
#      1   -26       1.2517738456E-004
#      1   -25       1.1298104670E-004
#      1   -24       2.9505148582E-004
#      1   -23       1.0473383796E-003
#      1   -22       3.2471186107E-004
#      1   -21       1.0927081754E-004
#      1   -20       2.3305600349E-005
#      1   -19       3.2314044339E-005
#      1   -18       1.7735305553E-004
#      1   -17       4.1032305667E-005
#      1   -16       2.6319027483E-005
#      1   -15       1.3355617659E-004
#      1   -14       1.6484485017E-004
#      1   -13       3.5931318693E-004
#      1   -12       2.7919514829E-004
#      1   -11       1.1717563247E-005
#      1   -10       3.9616727634E-005
#      1    -9       1.0616222382E-004
#      1    -8       8.1709519785E-005
#      1    -7       6.6571937638E-005
#      1    -6       1.8409140807E-004
#      1    -5       5.3537679611E-005
#      1    -4       9.9478952056E-005
#      1    -3       4.2030311067E-004
#      1    -2       8.4903280473E-004
#      1    -1       4.5613627795E-004
#      1     0       2.3844695512E-004
#      1     1       2.0363447674E-003
#      1     2       1.2778364932E-003
#      1     3       2.2895071098E-004
#      1     4       8.8028637003E-005
#      1     5       2.7271265671E-004
#      1     6       1.0750204095E-003
#      1     7       3.8645302782E-004
#      1     8       3.9232737315E-004
#      1     9       1.6994496680E-004
#      2   -27       3.2100651828E-004
#      2   -26       5.6010304856E-004
#      2   -25       7.7393742551E-004
#      2   -24       1.7321971226E-004
#      2   -23       6.8208446840E-005
#      2   -22       2.8627650435E-004
#      2   -21       1.0800146961E-005
#      2   -20       1.1789837779E-004
#      2   -19       1.5128807173E-006
#      2   -18       9.9775042662E-006
#      2   -17       2.3269469328E-004
#      2   -16       6.2777065370E-005
#      2   -15       5.5064623580E-004
#      2   -14       4.5397220109E-005
#      2   -13       1.2082349278E-004
#      2   -12       9.5168513625E-005
#      2   -11       1.9520422085E-004
#      2   -10       2.1575080019E-005
#      2    -9       2.9544326007E-005
#      2    -8       4.6994761606E-005
#      2    -7       7.9208077699E-005
#      2    -6       9.3676116128E-005
#      2    -5       7.2137550944E-005
#      2    -4       4.9694872582E-005
#      2    -3       2.2001751367E-004
#      2    -2       1.7713970368E-003
#      2    -1       1.3719482218E-003
#      2     0       2.1019242032E-003
#      2     1       3.4981886879E-004
#      2     2       5.2433643219E-005
#      2     3       4.8548123715E-004
#      2     4       5.8566653377E-004
#      2     5       3.5682510731E-003
#      2     6       1.5215838709E-004
#      2     7       1.0407883700E-004
#      2     8       1.8054866539E-003
#      3   -26       1.2202873764E-005
#      3   -25       2.3775916653E-004
#      3   -24       1.3190932855E-003
#      3   -23       5.4938291525E-004
#      3   -22       6.2977667774E-005
#      3   -21       3.3719149617E-005
#      3   -20       3.3032089820E-005
#      3   -19       2.8355756489E-004
#      3   -18       8.3405647332E-004
#      3   -17       1.1982327758E-004
#      3   -16       6.4137897417E-005
#      3   -15       1.0742816999E-003
#      3   -14       5.1279975998E-004
#      3   -13       6.2861519416E-004
#      3   -12       3.3408371313E-005
#      3   -11       1.0520688713E-004
#      3   -10       1.7963520811E-003
#      3    -9       8.2721946487E-004
#      3    -8       2.3546248698E-003
#      3    -7       1.0644792034E-004
#      3    -6       4.8481015137E-005
#      3    -5       3.2594072585E-004
#      3    -4       2.1715460537E-004
#      3    -3       1.0322565277E-004
#      3    -2       2.0474091507E-004
#      3    -1       1.2712052494E-004
#      3     0       2.9461534771E-003
#      3     1       7.6935219646E-004
#      3     2       2.7397335942E-003
#      3     3       2.3823022065E-004
#      3     4       1.8038800626E-004
#      3     5       5.6288563455E-004
#      3     6       7.6567852824E-004
#      4   -26       9.9088170006E-005
#      4   -25       2.4098383911E-005
#      4   -24       4.6089415887E-005
#      4   -23       1.0187352836E-004
#      4   -22       1.0805388485E-003
#      4   -21       1.8981394762E-004
#      4   -20       5.8342574227E-005
#      4   -19       6.6814797007E-005
#      4   -18       3.4754785268E-005
#      4   -17       8.9182990656E-004
#      4   -16       1.6485615937E-004
#      4   -15       1.2658393952E-004
#      4   -14       6.6957821590E-005
#      4   -13       1.7527481299E-004
#      4   -12       3.5740046088E-003
#      4   -11       1.1408198116E-003
#      4   -10       2.2800277230E-004
#      4    -9       2.2538722270E-004
#      4    -8       1.0209267717E-003
#      4    -7       1.5043036989E-003
#      4    -6       5.5913289416E-005
#      4    -5       1.7005780799E-004
#      4    -4       1.0135818154E-005
#      4    -3       3.5529673131E-005
#      4    -2       5.0218915477E-004
#      4    -1       1.0325759654E-003
#      4     0       1.3955695854E-004
#      4     1       8.1590705660E-004
#      4     2       8.9075395899E-004
#      4     3       4.3142577217E-003
#      4     4       1.6066422843E-004
#      4     5       2.3935015473E-005
#      5   -25       2.8007679409E-003
#      5   -24       9.9560068484E-006
#      5   -23       1.0380764430E-004
#      5   -22       4.3167453851E-007
#      5   -21       1.2294375427E-004
#      5   -20       6.8681632160E-004
#      5   -19       7.7114525948E-005
#      5   -18       1.6824177754E-004
#      5   -17       4.6387914688E-006
#      5   -16       1.9050654892E-004
#      5   -15       1.1050872975E-002
#      5   -14       2.7233821089E-005
#      5   -13       1.6479294494E-005
#      5   -12       2.1917370479E-005
#      5   -11       1.3567469912E-005
#      5   -10       2.4957545962E-002
#      5    -9       1.1241715090E-005
#      5    -8       4.1025884016E-005
#      5    -7       7.7812837579E-005
#      5    -6       7.5845980869E-005
#      5    -5       7.2673347538E-003
#      5    -4       2.1925822546E-004
#      5    -3       6.9604714681E-005
#      5    -2       7.1402009027E-005
#      5    -1       8.6296819216E-005
#      5     0       4.1969579536E-002
#      5     1       4.0561434949E-004
#      5     2       1.4638114460E-004
#      5     3       1.1214402296E-004
#      6   -25       6.3825195622E-005
#      6   -24       5.2756281255E-004
#      6   -23       2.0300955953E-005
#      6   -22       1.2989021615E-004
#      6   -21       1.4731433430E-004
#      6   -20       6.5519728352E-005
#      6   -19       2.5767187428E-004
#      6   -18       3.8626111602E-004
#      6   -17       1.6419112608E-004
#      6   -16       6.8067646532E-005
#      6   -15       3.8336629125E-004
#      6   -14       2.9660033570E-004
#      6   -13       7.1371735364E-004
#      6   -12       1.2454187335E-003
#      6   -11       4.1881062751E-004
#      6   -10       1.2004931754E-004
#      6    -9       9.8999442428E-004
#      6    -8       1.0341678457E-004
#      6    -7       4.1958325588E-004
#      6    -6       4.1569351997E-006
#      6    -5       4.8365899031E-004
#      6    -4       1.5498345075E-003
#      6    -3       2.6662069782E-003
#      6    -2       1.1023238378E-003
#      6    -1       3.1618411343E-004
#      6     0       2.0743083510E-004
#      6     1       1.3569548585E-003
#      6     2       2.2953265087E-003
#      7   -24       5.2802457704E-004
#      7   -23       1.6627216113E-004
#      7   -22       4.5872395713E-004
#      7   -21       3.3093650455E-004
#      7   -20       5.6247683275E-004
#      7   -19       1.3255659415E-004
#      7   -18       7.3464581456E-005
#      7   -17       8.8502084069E-004
#      7   -16       6.2413436569E-004
#      7   -15       2.5291622722E-003
#      7   -14       4.7009773697E-005
#      7   -13       5.4140531181E-005
#      7   -12       2.1345717994E-003
#      7   -11       2.6383306598E-003
#      7   -10       2.4912886966E-003
#      7    -9       3.4199612356E-004
#      7    -8       5.0514820512E-005
#      7    -7       6.1317992823E-004
#      7    -6       5.3264837190E-004
#      7    -5       3.8292800940E-003
#      7    -4       2.8191058195E-004
#      7    -3       7.4263898820E-004
#      7    -2       1.5540473427E-003
#      7    -1       8.7031173105E-004
#      7     0       4.0609776928E-004
#      8   -23       6.0469621043E-004
#      8   -22       4.8131374652E-005
#      8   -21       1.4578112772E-004
#      8   -20       1.7985827124E-003
#      8   -19       1.6265379201E-003
#      8   -18       6.8692874073E-004
#      8   -17       2.9296046055E-004
#      8   -16       3.1501252445E-004
#      8   -15       1.1098305845E-003
#      8   -14       6.6726593515E-004
#      8   -13       1.6547342614E-004
#      8   -12       3.6684755069E-005
#      8   -11       3.7397126210E-004
#      8   -10       1.4165975747E-003
#      8    -9       1.2909064358E-004
#      8    -8       2.8414940272E-004
#      8    -7       3.8210578210E-005
#      8    -6       1.7846615885E-004
#      8    -5       3.5157597679E-004
#      8    -4       1.4227298278E-004
#      8    -3       4.8455843754E-004
#      8    -2       4.9404114949E-004
#      9   -21       3.2093459152E-004
#      9   -20       8.8532433645E-006
#      9   -19       8.3068206274E-005
#      9   -18       8.0487047854E-005
#      9   -17       2.3611100833E-003
#      9   -16       1.0061718901E-003
#      9   -15       8.8940719190E-005
#      9   -14       2.2133663839E-004
#      9   -13       4.6306829633E-004
#      9   -12       2.2303502628E-004
#      9   -11       3.0104669650E-004
#      9   -10       1.5588677038E-005
#      9    -9       1.0539813472E-004
#      9    -8       2.3863384384E-004
#      9    -7       1.8103151906E-003
#      9    -6       5.1331494453E-004
#      9    -5       1.6572098314E-004
#     10   -19       2.8245078059E-005
#     10   -18       1.1517654501E-004
#     10   -17       1.7360886693E-006
#     10   -16       1.5930796827E-004
#     10   -15       1.7713388738E-002
#     10   -14       1.4670094071E-004
#     10   -13       1.4235443466E-004
#     10   -12       6.4253867605E-006
#     10   -11       2.1939324510E-005
#     10   -10       1.0325830676E-002
#     10    -9       5.1055122427E-004
#     10    -8       5.3668703730E-007
