 Diffraction intensities for potential:_5x5_05D10001.in                        
#    -45    11       7.7980997353E-006
#    -45    12       2.6437306437E-005
#    -45    13       3.2493226102E-005
#    -45    14       5.0992843532E-006
#    -45    15       3.4107623856E-004
#    -45    16       3.2274571877E-005
#    -44     7       5.4690236546E-005
#    -44     8       3.8705440947E-005
#    -44     9       8.4550430269E-006
#    -44    10       1.1546198735E-005
#    -44    11       7.2087812413E-006
#    -44    12       1.3306221014E-004
#    -44    13       7.2812063879E-005
#    -44    14       1.6432558451E-005
#    -44    15       1.4139332433E-005
#    -44    16       5.3588327813E-006
#    -44    17       1.4991370658E-004
#    -44    18       4.8754012621E-005
#    -44    19       3.6227086568E-005
#    -44    20       1.3169308754E-005
#    -43     4       1.4623318057E-007
#    -43     5       8.4609041568E-005
#    -43     6       2.1551278720E-005
#    -43     7       7.3924167918E-005
#    -43     8       6.1020366773E-005
#    -43     9       1.6965888467E-005
#    -43    10       9.5499263738E-005
#    -43    11       9.4441983484E-005
#    -43    12       2.0831843925E-004
#    -43    13       8.1740885056E-005
#    -43    14       1.4127715423E-005
#    -43    15       2.0252230749E-004
#    -43    16       9.6986432228E-005
#    -43    17       2.1107428960E-004
#    -43    18       5.2113812311E-005
#    -43    19       1.4374504010E-005
#    -43    20       1.6383677698E-004
#    -43    21       3.5970552995E-005
#    -43    22       9.1956384713E-005
#    -42     2       1.5538137414E-005
#    -42     3       4.2661879134E-005
#    -42     4       3.5677795126E-005
#    -42     5       4.6425262535E-005
#    -42     6       4.7038943765E-006
#    -42     7       3.4806649135E-005
#    -42     8       1.2992556092E-004
#    -42     9       6.5054205783E-005
#    -42    10       1.8159181156E-004
#    -42    11       8.4816269762E-006
#    -42    12       6.2825766779E-005
#    -42    13       2.9725077683E-004
#    -42    14       1.1792932221E-004
#    -42    15       2.5428707695E-004
#    -42    16       1.2340036265E-005
#    -42    17       8.4248943147E-005
#    -42    18       2.9005526837E-004
#    -42    19       1.3844453670E-004
#    -42    20       1.7353760802E-004
#    -42    21       6.7402079846E-006
#    -42    22       4.4725497649E-005
#    -42    23       8.1797008882E-005
#    -41     0       4.2621268176E-006
#    -41     1       2.8014426147E-006
#    -41     2       1.9211495666E-005
#    -41     3       1.2199016181E-004
#    -41     4       3.5981760739E-006
#    -41     5       1.4393095834E-005
#    -41     6       7.4718710139E-006
#    -41     7       5.3493909233E-005
#    -41     8       1.7787766276E-004
#    -41     9       2.5197194753E-005
#    -41    10       6.7750620511E-006
#    -41    11       4.5409539342E-005
#    -41    12       1.1940198598E-004
#    -41    13       3.8350079766E-004
#    -41    14       7.3373441915E-006
#    -41    15       1.4558286040E-005
#    -41    16       3.3669888331E-005
#    -41    17       2.0819949710E-004
#    -41    18       2.7953206587E-004
#    -41    19       3.8440108544E-005
#    -41    20       3.5185179874E-005
#    -41    21       5.0427700558E-005
#    -41    22       1.7652890700E-004
#    -41    23       1.3644771808E-004
#    -41    24       2.3768826795E-007
#    -40    -2       1.5314593621E-005
#    -40    -1       2.7660674569E-006
#    -40     0       3.8966090131E-004
#    -40     1       1.2090435325E-005
#    -40     2       1.8635976447E-005
#    -40     3       2.5044772647E-005
#    -40     4       1.2667586774E-005
#    -40     5       3.1970576228E-004
#    -40     6       1.3260153326E-005
#    -40     7       6.3774350836E-005
#    -40     8       1.1135452544E-004
#    -40     9       2.9961950014E-005
#    -40    10       7.7803707809E-004
#    -40    11       6.3355503695E-005
#    -40    12       1.2502128066E-004
#    -40    13       1.0383435024E-004
#    -40    14       3.2868261013E-005
#    -40    15       1.0101228527E-003
#    -40    16       3.9969114825E-005
#    -40    17       1.1997601001E-004
#    -40    18       2.7873329897E-004
#    -40    19       6.1716531142E-005
#    -40    20       8.1719819169E-004
#    -40    21       6.7548110121E-005
#    -40    22       6.5195727673E-005
#    -40    23       7.7830518364E-005
#    -40    24       1.8218514023E-005
#    -40    25       2.3320445524E-004
#    -39    -4       1.3718199490E-007
#    -39    -3       4.2825335836E-005
#    -39    -2       1.8822395200E-005
#    -39    -1       1.2047101164E-005
#    -39     0       5.7056497565E-006
#    -39     1       6.7350628053E-006
#    -39     2       1.0231896182E-004
#    -39     3       6.7441270100E-005
#    -39     4       2.6997381425E-005
#    -39     5       1.4770811150E-005
#    -39     6       2.3324914845E-005
#    -39     7       1.9769901520E-004
#    -39     8       1.0273088799E-004
#    -39     9       1.6296230956E-005
#    -39    10       1.9364978459E-005
#    -39    11       7.0856071340E-006
#    -39    12       3.6297393549E-004
#    -39    13       2.0408040252E-004
#    -39    14       1.0602980209E-004
#    -39    15       2.2944184674E-005
#    -39    16       4.7910339887E-005
#    -39    17       4.9169680186E-004
#    -39    18       2.1300069762E-004
#    -39    19       4.2760553955E-005
#    -39    20       3.0237959805E-006
#    -39    21       2.5499227299E-005
#    -39    22       2.6093070345E-004
#    -39    23       1.3668020687E-004
#    -39    24       1.1503953418E-004
#    -39    25       8.6612274594E-006
#    -39    26       2.0229742758E-005
#    -38    -5       8.4185789251E-005
#    -38    -4       3.5404969897E-005
#    -38    -3       1.2151781142E-004
#    -38    -2       1.8452319105E-005
#    -38    -1       6.7289279997E-006
#    -38     0       1.2852441684E-004
#    -38     1       4.6580203941E-005
#    -38     2       1.0330500575E-004
#    -38     3       5.9594196153E-005
#    -38     4       1.1799062071E-005
#    -38     5       1.8554897527E-004
#    -38     6       1.0133451738E-004
#    -38     7       2.2107469538E-004
#    -38     8       7.6307876279E-005
#    -38     9       1.6056233386E-005
#    -38    10       3.9625650142E-004
#    -38    11       2.7464941026E-004
#    -38    12       3.7186303644E-004
#    -38    13       2.2072291563E-004
#    -38    14       6.1861135554E-005
#    -38    15       3.3777386613E-004
#    -38    16       1.5008012660E-004
#    -38    17       4.6754952159E-004
#    -38    18       1.6105605140E-004
#    -38    19       5.9239248310E-006
#    -38    20       4.5418659686E-004
#    -38    21       2.2334222889E-004
#    -38    22       4.3531955721E-004
#    -38    23       2.5903866915E-004
#    -38    24       6.1592492795E-005
#    -38    25       2.5484639037E-004
#    -38    26       6.3320052042E-005
#    -37    -7       5.4464639595E-005
#    -37    -6       2.1451683143E-005
#    -37    -5       4.6079774187E-005
#    -37    -4       3.6523293328E-006
#    -37    -3       2.4682374910E-005
#    -37    -2       1.0103355733E-004
#    -37    -1       4.6090818058E-005
#    -37     0       8.3299303359E-005
#    -37     1       5.0224899750E-006
#    -37     2       6.3188159245E-005
#    -37     3       2.0542552121E-004
#    -37     4       1.1341144493E-004
#    -37     5       2.1396862640E-004
#    -37     6       2.3915112522E-005
#    -37     7       1.0655611917E-004
#    -37     8       2.6051248789E-004
#    -37     9       1.1437806098E-004
#    -37    10       3.4799619415E-004
#    -37    11       1.1982368029E-005
#    -37    12       8.8618185810E-005
#    -37    13       3.7380792471E-004
#    -37    14       1.9767359733E-004
#    -37    15       3.3805201695E-004
#    -37    16       4.8304811359E-005
#    -37    17       2.3667939063E-004
#    -37    18       4.5857477639E-004
#    -37    19       2.1476604780E-004
#    -37    20       3.7181443251E-004
#    -37    21       3.1920184872E-006
#    -37    22       1.2724166859E-004
#    -37    23       2.1763711863E-004
#    -37    24       2.2391359957E-004
#    -37    25       1.9924428231E-004
#    -37    26       5.1048208826E-005
#    -37    27       2.1818542683E-005
#    -36    -8       3.8333530281E-005
#    -36    -7       7.3326654216E-005
#    -36    -6       4.6710518278E-006
#    -36    -5       1.4416238443E-005
#    -36    -4       1.2443459195E-005
#    -36    -3       6.6619734339E-005
#    -36    -2       1.0157747113E-004
#    -36    -1       5.0654391895E-006
#    -36     0       1.4302145923E-006
#    -36     1       2.4785695839E-005
#    -36     2       9.0063132637E-005
#    -36     3       3.1024584053E-004
#    -36     4       3.2122074465E-005
#    -36     5       2.2804892699E-005
#    -36     6       2.7659517604E-005
#    -36     7       8.8282478656E-005
#    -36     8       2.7435561254E-004
#    -36     9       1.1614967109E-005
#    -36    10       1.3651499602E-005
#    -36    11       5.4672205769E-005
#    -36    12       1.0147427495E-004
#    -36    13       3.6315505816E-004
#    -36    14       2.2132640656E-005
#    -36    15       3.4988669953E-005
#    -36    16       7.4926426944E-005
#    -36    17       3.1242746452E-004
#    -36    18       2.7326035374E-004
#    -36    19       3.2880568556E-005
#    -36    20       1.0195361733E-005
#    -36    21       8.7573854682E-005
#    -36    22       1.9056636793E-004
#    -36    23       4.1265513249E-004
#    -36    24       7.9009492170E-006
#    -36    25       4.2748045193E-005
#    -36    26       9.4615771452E-007
#    -36    27       1.3332750812E-004
#    -35    -9       8.4095303919E-006
#    -35    -8       6.0887641235E-005
#    -35    -7       3.4659511389E-005
#    -35    -6       7.3054896344E-006
#    -35    -5       3.1797887081E-004
#    -35    -4       2.6728435724E-005
#    -35    -3       5.9227448742E-005
#    -35    -2       6.2607884944E-005
#    -35    -1       2.4761878655E-005
#    -35     0       5.8835266605E-004
#    -35     1       2.4509927347E-005
#    -35     2       2.9072660410E-005
#    -35     3       7.4337180627E-005
#    -35     4       4.5751819710E-005
#    -35     5       3.1962167307E-004
#    -35     6       2.0118001926E-005
#    -35     7       5.6281055122E-005
#    -35     8       1.0126192721E-004
#    -35     9       4.0916657125E-005
#    -35    10       1.0315270981E-003
#    -35    11       5.8130112367E-005
#    -35    12       1.4789628118E-004
#    -35    13       1.0694157736E-004
#    -35    14       6.9506198792E-006
#    -35    15       1.0206712473E-003
#    -35    16       1.5673378301E-005
#    -35    17       6.3666179086E-005
#    -35    18       2.2657851999E-004
#    -35    19       7.4008631609E-005
#    -35    20       9.7053504509E-004
#    -35    21       7.4218856059E-005
#    -35    22       1.3052270989E-004
#    -35    23       4.7557316510E-005
#    -35    24       7.8284153907E-005
#    -35    25       9.1841239453E-004
#    -35    26       5.8941425480E-005
#    -35    27       1.0440131126E-004
#    -34   -11       7.8905266001E-006
#    -34   -10       1.1108137958E-005
#    -34    -9       1.6860633713E-005
#    -34    -8       1.2788602350E-004
#    -34    -7       5.2884299662E-005
#    -34    -6       1.3144387207E-005
#    -34    -5       1.4977134691E-005
#    -34    -4       1.2016822376E-005
#    -34    -3       2.0458293461E-004
#    -34    -2       8.9174703741E-005
#    -34    -1       2.4709492557E-005
#    -34     0       7.0418895368E-006
#    -34     1       3.1663549038E-006
#    -34     2       3.1704445017E-004
#    -34     3       1.4242297022E-004
#    -34     4       3.2170149326E-005
#    -34     5       2.5424843306E-005
#    -34     6       4.7263884620E-005
#    -34     7       1.6267063579E-004
#    -34     8       6.2086036194E-005
#    -34     9       4.1073039417E-005
#    -34    10       4.2677969379E-006
#    -34    11       1.2826827270E-005
#    -34    12       1.4665130256E-004
#    -34    13       1.2761425676E-004
#    -34    14       3.7638017745E-005
#    -34    15       5.8103985039E-005
#    -34    16       1.5585550430E-005
#    -34    17       4.0119936669E-004
#    -34    18       1.3123945541E-004
#    -34    19       5.3244400187E-005
#    -34    20       1.1453691085E-006
#    -34    21       4.0644914254E-005
#    -34    22       3.9512871795E-004
#    -34    23       1.8738969577E-004
#    -34    24       9.7639640501E-005
#    -34    25       7.2291156552E-005
#    -34    26       1.5057862426E-005
#    -34    27       1.0684074954E-004
#    -33   -12       2.6564778901E-005
#    -33   -11       7.2296142938E-006
#    -33   -10       9.3602572784E-005
#    -33    -9       6.3788021937E-005
#    -33    -8       1.7360562596E-004
#    -33    -7       6.2943633587E-005
#    -33    -6       2.3331438739E-005
#    -33    -5       1.8451078853E-004
#    -33    -4       1.1289159463E-004
#    -33    -3       3.1058600760E-004
#    -33    -2       2.9078850361E-005
#    -33    -1       3.1759905210E-006
#    -33     0       4.2524464747E-004
#    -33     1       1.1692718544E-004
#    -33     2       2.8733243053E-004
#    -33     3       9.0797216979E-005
#    -33     4       5.0801972654E-006
#    -33     5       2.1720139260E-004
#    -33     6       1.0831836968E-004
#    -33     7       1.0612101450E-004
#    -33     8       6.8708302990E-005
#    -33     9       8.7829067889E-006
#    -33    10       1.6522620731E-004
#    -33    11       1.5421638129E-004
#    -33    12       1.5070929502E-004
#    -33    13       1.0422748889E-004
#    -33    14       4.6865195882E-005
#    -33    15       1.9036814216E-004
#    -33    16       6.9645663366E-005
#    -33    17       3.0771789265E-004
#    -33    18       1.1246890586E-004
#    -33    19       2.5303533817E-005
#    -33    20       1.3636195429E-004
#    -33    21       1.0701198991E-004
#    -33    22       5.6953101310E-004
#    -33    23       2.3580316127E-004
#    -33    24       6.5033309750E-006
#    -33    25       4.2627889226E-004
#    -33    26       1.8267155876E-004
#    -33    27       1.1999484722E-004
#    -32   -13       3.2228935987E-005
#    -32   -12       1.3086015297E-004
#    -32   -11       9.2759018583E-005
#    -32   -10       1.7675786614E-004
#    -32    -9       2.5021414543E-005
#    -32    -8       1.1060973401E-004
#    -32    -7       1.9747650907E-004
#    -32    -6       1.0251073048E-004
#    -32    -5       2.1546103156E-004
#    -32    -4       3.2738752199E-005
#    -32    -3       7.5102942881E-005
#    -32    -2       3.1926305291E-004
#    -32    -1       1.1764703090E-004
#    -32     0       3.4799681892E-004
#    -32     1       6.3016642937E-006
#    -32     2       1.2156593175E-004
#    -32     3       1.5760557644E-004
#    -32     4       7.3021888509E-005
#    -32     5       3.1110344585E-005
#    -32     6       3.5134688378E-005
#    -32     7       7.3019246522E-005
#    -32     8       9.8723071971E-005
#    -32     9       5.3690978297E-005
#    -32    10       8.9658311070E-005
#    -32    11       4.5442831937E-005
#    -32    12       3.9504289016E-005
#    -32    13       1.0785795955E-004
#    -32    14       2.5709816273E-005
#    -32    15       5.2912025158E-005
#    -32    16       7.8702501564E-006
#    -32    17       1.8591635723E-004
#    -32    18       1.0324296084E-004
#    -32    19       1.0290952074E-004
#    -32    20       1.2943498022E-004
#    -32    21       3.4535509440E-006
#    -32    22       8.1845859118E-005
#    -32    23       7.8923709773E-004
#    -32    24       2.5240592223E-004
#    -32    25       4.8428075510E-004
#    -32    26       7.5018825028E-006
#    -32    27       1.1640812687E-004
#    -32    28       7.5462438107E-006
#    -31   -14       5.1369373830E-006
#    -31   -13       7.1032715840E-005
#    -31   -12       2.0328911087E-004
#    -31   -11       8.2373493982E-006
#    -31   -10       6.2891064118E-006
#    -31    -9       3.0154436648E-005
#    -31    -8       1.0236752627E-004
#    -31    -7       2.2494181761E-004
#    -31    -6       2.4009060621E-005
#    -31    -5       2.2711071350E-005
#    -31    -4       4.6650722775E-005
#    -31    -3       1.4506333575E-004
#    -31    -2       2.9221359844E-004
#    -31    -1       6.3060922201E-006
#    -31     0       1.0384762899E-004
#    -31     1       1.6604435223E-005
#    -31     2       1.1638758000E-004
#    -31     3       1.3551592916E-004
#    -31     4       2.1827304822E-005
#    -31     5       1.0013281028E-005
#    -31     6       2.7392073979E-005
#    -31     7       3.5545841005E-005
#    -31     8       1.2861982232E-004
#    -31     9       2.8493818347E-005
#    -31    10       2.8640753074E-006
#    -31    11       2.8471236820E-005
#    -31    12       5.7043919038E-006
#    -31    13       2.2847676395E-005
#    -31    14       1.8159791259E-005
#    -31    15       4.1779685026E-005
#    -31    16       1.3831863665E-005
#    -31    17       5.9684264573E-005
#    -31    18       2.3538305566E-005
#    -31    19       1.3878232807E-006
#    -31    20       4.7549723039E-005
#    -31    21       6.8570058065E-006
#    -31    22       3.6594732663E-004
#    -31    23       5.4660774265E-004
#    -31    24       7.8435568631E-005
#    -31    25       5.2096867296E-005
#    -31    26       1.2726464196E-004
#    -31    27       7.5845163751E-005
#    -31    28       2.0245560662E-004
#    -30   -15       3.3834661181E-004
#    -30   -14       1.6052808643E-005
#    -30   -13       8.0216607958E-005
#    -30   -12       6.0852070858E-005
#    -30   -11       4.4756402540E-005
#    -30   -10       7.6400965181E-004
#    -30    -9       1.6330051743E-005
#    -30    -8       7.7827070141E-005
#    -30    -7       1.0976711281E-004
#    -30    -6       2.8998721574E-005
#    -30    -5       3.3566953539E-004
#    -30    -4       3.2489559653E-005
#    -30    -3       9.3216992029E-005
#    -30    -2       1.2291089517E-004
#    -30    -1       1.6933136441E-005
#    -30     0       1.1513117477E-003
#    -30     1       1.2356932544E-005
#    -30     2       2.3247230030E-006
#    -30     3       6.3468596323E-005
#    -30     4       5.8399858032E-005
#    -30     5       1.3328390179E-003
#    -30     6       2.4070175954E-005
#    -30     7       6.4918476159E-005
#    -30     8       5.7780308985E-005
#    -30     9       4.3480952712E-005
#    -30    10       9.5841236592E-004
#    -30    11       5.3826927122E-007
#    -30    12       5.1949567852E-005
#    -30    13       3.9747889646E-005
#    -30    14       6.1242706696E-005
#    -30    15       4.7460602417E-004
#    -30    16       1.3083996850E-005
#    -30    17       4.0643667763E-005
#    -30    18       2.5780472700E-005
#    -30    19       1.2624908202E-005
#    -30    20       7.9897354990E-005
#    -30    21       8.6624561329E-005
#    -30    22       1.1499192412E-004
#    -30    23       3.6863157522E-004
#    -30    24       1.7658229085E-004
#    -30    25       1.3760555348E-003
#    -30    26       5.7753909225E-005
#    -30    27       7.6947041677E-005
#    -30    28       4.6702729965E-005
#    -29   -16       3.1731257062E-005
#    -29   -15       1.3860753631E-005
#    -29   -14       1.3967809683E-005
#    -29   -13       2.8827876600E-004
#    -29   -12       1.1427990492E-004
#    -29   -11       6.3347633469E-005
#    -29   -10       1.9226103388E-005
#    -29    -9       1.6433977028E-005
#    -29    -8       2.7106826198E-004
#    -29    -7       9.2592163073E-005
#    -29    -6       2.1228240116E-005
#    -29    -5       2.6066650029E-005
#    -29    -4       5.3346138656E-006
#    -29    -3       1.6234039104E-004
#    -29    -2       1.1821563270E-004
#    -29    -1       1.2391553737E-005
#    -29     0       4.6778518305E-005
#    -29     1       1.7793518185E-005
#    -29     2       1.3456976443E-004
#    -29     3       1.1187757639E-004
#    -29     4       1.3533063765E-005
#    -29     5       7.0638049758E-006
#    -29     6       3.7617512669E-005
#    -29     7       1.2591206171E-004
#    -29     8       2.5406506869E-006
#    -29     9       3.1251513788E-005
#    -29    10       1.4277678764E-005
#    -29    11       6.5538416394E-006
#    -29    12       1.9501115012E-004
#    -29    13       1.1299967796E-004
#    -29    14       7.1243395671E-005
#    -29    15       5.3513930169E-005
#    -29    16       3.1867383284E-005
#    -29    17       9.9977303777E-006
#    -29    18       7.0786811684E-005
#    -29    19       8.8870514365E-006
#    -29    20       3.4400902787E-005
#    -29    21       2.9884998880E-005
#    -29    22       5.3806176718E-004
#    -29    23       6.4109997247E-004
#    -29    24       6.2526011040E-005
#    -29    25       2.2943669960E-005
#    -29    26       1.8776185038E-005
#    -29    27       4.4267935883E-004
#    -28   -16       5.1863185124E-006
#    -28   -15       1.9552435784E-004
#    -28   -14       1.1396300319E-004
#    -28   -13       3.7617924427E-004
#    -28   -12       1.2398572293E-004
#    -28   -11       7.0479663784E-006
#    -28   -10       4.0838740658E-004
#    -28    -9       1.1972428247E-004
#    -28    -8       2.8693489034E-004
#    -28    -7       5.9627344115E-005
#    -28    -6       4.8250638514E-005
#    -28    -5       2.2528999877E-004
#    -28    -4       7.6204434005E-005
#    -28    -3       1.3773867828E-004
#    -28    -2       2.0216459986E-006
#    -28    -1       1.7780121713E-005
#    -28     0       7.3158238148E-005
#    -28     1       7.3101431598E-005
#    -28     2       1.1812433241E-004
#    -28     3       1.7801634480E-005
#    -28     4       1.3061116510E-005
#    -28     5       3.1657809543E-004
#    -28     6       7.9141787207E-005
#    -28     7       1.9623470956E-004
#    -28     8       5.0971424181E-005
#    -28     9       1.2786184264E-005
#    -28    10       3.0427056226E-004
#    -28    11       1.6942509268E-004
#    -28    12       4.8832128551E-004
#    -28    13       2.2498257411E-004
#    -28    14       2.5553681726E-005
#    -28    15       8.4863051067E-005
#    -28    16       1.2847500728E-004
#    -28    17       2.8537950937E-005
#    -28    18       7.9287148134E-005
#    -28    19       2.2960692455E-005
#    -28    20       3.5695581107E-004
#    -28    21       1.7237910040E-004
#    -28    22       3.7748746499E-004
#    -28    23       1.9302449585E-004
#    -28    24       3.5981454822E-006
#    -28    25       5.5591617861E-004
#    -28    26       3.3890364333E-004
#    -28    27       3.1425857761E-004
#    -27   -17       1.4636207078E-004
#    -27   -16       9.3775127573E-005
#    -27   -15       2.4617394518E-004
#    -27   -14       6.9586141187E-006
#    -27   -13       1.0226705325E-004
#    -27   -12       3.6598942695E-004
#    -27   -11       2.8103189597E-004
#    -27   -10       3.6003166810E-004
#    -27    -9       1.2176736287E-005
#    -27    -8       1.0620344602E-004
#    -27    -7       1.6959436981E-004
#    -27    -6       1.1173726323E-004
#    -27    -5       3.2482640496E-005
#    -27    -4       2.1670806546E-005
#    -27    -3       6.3920160486E-005
#    -27    -2       1.3147009199E-004
#    -27    -1       7.1590419150E-005
#    -27     0       8.0745510253E-005
#    -27     1       2.4325766770E-005
#    -27     2       1.2265525044E-004
#    -27     3       1.2120165095E-004
#    -27     4       1.0129842296E-004
#    -27     5       2.2464755611E-004
#    -27     6       4.0689152937E-005
#    -27     7       2.3984120356E-005
#    -27     8       1.1279045891E-004
#    -27     9       7.5587983710E-005
#    -27    10       3.0066251890E-004
#    -27    11       2.8459770737E-005
#    -27    12       3.0724687972E-004
#    -27    13       6.1999745597E-004
#    -27    14       1.7165192598E-004
#    -27    15       4.2717062540E-004
#    -27    16       1.6783978825E-005
#    -27    17       1.1614686379E-005
#    -27    18       1.8394335850E-004
#    -27    19       1.8360746468E-005
#    -27    20       1.9876373077E-004
#    -27    21       1.1986902690E-005
#    -27    22       3.5333411120E-004
#    -27    23       5.0863696050E-004
#    -27    24       1.7547091880E-004
#    -27    25       3.7188607016E-004
#    -27    26       1.0880741949E-005
#    -27    27       9.6059765424E-005
#    -26   -18       4.7023952513E-005
#    -26   -17       2.0611973974E-004
#    -26   -16       1.2082938083E-005
#    -26   -15       1.4199913481E-005
#    -26   -14       3.2257150464E-005
#    -26   -13       2.0589889438E-004
#    -26   -12       3.8061279959E-004
#    -26   -11       1.2343541257E-005
#    -26   -10       1.4002453711E-005
#    -26    -9       4.1790460088E-005
#    -26    -8       6.5026829549E-005
#    -26    -7       1.0846270527E-004
#    -26    -6       3.6185132649E-005
#    -26    -5       9.6924997049E-006
#    -26    -4       5.8717593666E-005
#    -26    -3       1.0875479891E-004
#    -26    -2       1.1501340829E-004
#    -26    -1       2.4146971153E-005
#    -26     0       2.1569874917E-005
#    -26     1       4.0002981441E-005
#    -26     2       1.3570787082E-005
#    -26     3       7.3781793132E-005
#    -26     4       3.4637326516E-006
#    -26     5       1.7550968717E-006
#    -26     6       1.7569091029E-006
#    -26     7       1.4302570003E-004
#    -26     8       1.3519084786E-004
#    -26     9       2.9482620721E-005
#    -26    10       3.9078021236E-005
#    -26    11       7.4696087192E-005
#    -26    12       3.1911196848E-004
#    -26    13       4.3550921969E-004
#    -26    14       9.6679641764E-006
#    -26    15       4.3226605910E-005
#    -26    16       1.3635727251E-005
#    -26    17       6.0158962459E-006
#    -26    18       1.1157323472E-004
#    -26    19       1.2116782971E-004
#    -26    20       1.1194494148E-004
#    -26    21       4.3051089288E-005
#    -26    22       2.4063642146E-004
#    -26    23       3.0929217087E-004
#    -26    24       5.1675479373E-005
#    -26    25       8.4346688377E-006
#    -26    26       1.7760977637E-004
#    -26    27       2.0116048693E-004
#    -25   -19       3.5885206739E-005
#    -25   -18       5.0814390346E-005
#    -25   -17       8.1515601384E-005
#    -25   -16       3.2661060138E-005
#    -25   -15       9.9312078843E-004
#    -25   -14       1.0639973278E-004
#    -25   -13       2.2629271770E-004
#    -25   -12       9.1716703095E-005
#    -25   -11       5.6655500538E-005
#    -25   -10       1.0412664828E-003
#    -25    -9       4.1117850581E-005
#    -25    -8       6.7229187643E-005
#    -25    -7       7.1279443061E-005
#    -25    -6       2.6628774801E-005
#    -25    -5       1.3300583905E-003
#    -25    -4       1.3269028451E-005
#    -25    -3       1.6960978821E-005
#    -25    -2       1.1996778386E-004
#    -25    -1       3.9655875735E-005
#    -25     0       2.0351675151E-003
#    -25     1       2.1834206680E-005
#    -25     2       1.1573348333E-004
#    -25     3       9.2143631262E-005
#    -25     4       2.9707555870E-005
#    -25     5       3.8281170865E-003
#    -25     6       4.1538531869E-006
#    -25     7       6.2360889908E-005
#    -25     8       5.3160697057E-005
#    -25     9       1.0939016999E-005
#    -25    10       5.6419490932E-003
#    -25    11       2.4338759192E-005
#    -25    12       2.2763322093E-004
#    -25    13       1.4077397445E-004
#    -25    14       7.0726082978E-005
#    -25    15       4.0530070809E-003
#    -25    16       5.7131136339E-005
#    -25    17       6.8211130933E-005
#    -25    18       3.9043072660E-005
#    -25    19       8.9239549611E-006
#    -25    20       2.4344058141E-003
#    -25    21       7.4992663838E-005
#    -25    22       3.3958649523E-005
#    -25    23       2.6421843390E-004
#    -25    24       4.5934089697E-005
#    -25    25       5.3170706933E-004
#    -25    26       1.7741452430E-004
#    -25    27       2.2567704968E-004
#    -24   -20       1.3147268964E-005
#    -24   -19       1.4202556934E-005
#    -24   -18       2.8394658093E-004
#    -24   -17       2.0471123879E-004
#    -24   -16       3.9458102028E-005
#    -24   -15       2.2933360914E-005
#    -24   -14       6.3235224388E-005
#    -24   -13       3.8463527083E-004
#    -24   -12       1.0430442259E-004
#    -24   -11       5.8350104020E-005
#    -24   -10       4.6991287461E-006
#    -24    -9       8.3667794777E-006
#    -24    -8       9.1539311004E-005
#    -24    -7       3.2916522529E-005
#    -24    -6       2.3186731172E-005
#    -24    -5       6.7858878281E-006
#    -24    -4       1.3734493442E-005
#    -24    -3       1.1758223627E-004
#    -24    -2       1.3458770552E-005
#    -24    -1       2.1520161751E-005
#    -24     0       9.3782799779E-005
#    -24     1       1.2944671006E-005
#    -24     2       1.5868491753E-004
#    -24     3       8.0388486554E-005
#    -24     4       4.5567287068E-005
#    -24     5       7.3833076284E-005
#    -24     6       7.2239936242E-006
#    -24     7       1.8184432968E-005
#    -24     8       1.5260101419E-005
#    -24     9       1.4910266419E-005
#    -24    10       1.6510958138E-005
#    -24    11       3.2239975011E-005
#    -24    12       5.0743374718E-004
#    -24    13       3.0316349274E-004
#    -24    14       1.3793841955E-004
#    -24    15       4.1398008084E-005
#    -24    16       4.5878453301E-005
#    -24    17       7.3783282848E-005
#    -24    18       2.7962932451E-004
#    -24    19       2.6262985466E-006
#    -24    20       3.9727679694E-005
#    -24    21       2.8913391086E-005
#    -24    22       7.2862289017E-004
#    -24    23       2.4492813294E-004
#    -24    24       1.7951058750E-004
#    -24    25       1.5278350765E-004
#    -24    26       1.1011240742E-005
#    -23   -20       1.6122420861E-004
#    -23   -19       1.3624968498E-004
#    -23   -18       2.7479249326E-004
#    -23   -17       1.1957307186E-004
#    -23   -16       4.8176968528E-005
#    -23   -15       3.4330062320E-004
#    -23   -14       2.0237344013E-004
#    -23   -13       3.7032895914E-004
#    -23   -12       1.4776990415E-004
#    -23   -11       1.2216540338E-005
#    -23   -10       1.5412624780E-004
#    -23    -9       4.9032105030E-005
#    -23    -8       1.1885214312E-004
#    -23    -7       6.1892693246E-005
#    -23    -6       3.6573219208E-005
#    -23    -5       3.0584469135E-004
#    -23    -4       9.6374327518E-005
#    -23    -3       6.9967619799E-005
#    -23    -2       1.1377169608E-004
#    -23    -1       1.2671063149E-005
#    -23     0       7.9085524470E-005
#    -23     1       2.1139207366E-004
#    -23     2       3.3352667893E-004
#    -23     3       1.2505493796E-004
#    -23     4       3.6730847196E-005
#    -23     5       8.5904828387E-005
#    -23     6       6.1553362507E-005
#    -23     7       9.5035824130E-005
#    -23     8       9.2897794070E-005
#    -23     9       1.2432979196E-005
#    -23    10       4.4365752929E-004
#    -23    11       4.8575128881E-004
#    -23    12       5.7003572588E-004
#    -23    13       3.3009845876E-004
#    -23    14       7.9572265323E-006
#    -23    15       3.0153859080E-004
#    -23    16       2.0137486757E-004
#    -23    17       1.5956684533E-004
#    -23    18       1.0641485840E-004
#    -23    19       4.2388923427E-005
#    -23    20       7.0106360840E-004
#    -23    21       2.8033316224E-004
#    -23    22       6.8840409418E-004
#    -23    23       2.1336887596E-004
#    -23    24       3.6631668805E-005
#    -23    25       6.3143226639E-004
#    -23    26       1.5524994951E-004
#    -22   -21       3.5247294867E-005
#    -22   -20       1.7063012407E-004
#    -22   -19       3.7897844434E-005
#    -22   -18       2.7624231369E-004
#    -22   -17       4.9274015059E-004
#    -22   -16       1.5322928792E-004
#    -22   -15       3.4694097246E-004
#    -22   -14       2.2832445425E-005
#    -22   -13       1.0576138523E-004
#    -22   -12       1.3892455892E-004
#    -22   -11       1.4662802549E-004
#    -22   -10       8.1262445613E-005
#    -22    -9       2.8020070718E-005
#    -22    -8       5.4634068717E-005
#    -22    -7       1.1757186913E-004
#    -22    -6       7.4362213603E-005
#    -22    -5       2.1433872908E-004
#    -22    -4       3.7688595529E-006
#    -22    -3       8.8877896202E-005
#    -22    -2       1.5319571571E-004
#    -22    -1       2.0928134961E-004
#    -22     0       1.1845546638E-003
#    -22     1       1.3145674942E-005
#    -22     2       3.0138965094E-005
#    -22     3       1.5527593537E-004
#    -22     4       4.4803084203E-005
#    -22     5       1.1542896563E-004
#    -22     6       7.8834326375E-005
#    -22     7       1.1136177265E-004
#    -22     8       3.9176194674E-004
#    -22     9       2.2930581149E-004
#    -22    10       7.5591809727E-004
#    -22    11       1.2782373024E-004
#    -22    12       5.3366298747E-004
#    -22    13       1.2686771928E-003
#    -22    14       2.8374237326E-004
#    -22    15       7.0539524465E-004
#    -22    16       2.8497126067E-005
#    -22    17       1.6242743912E-004
#    -22    18       5.5652207253E-004
#    -22    19       1.4357752264E-004
#    -22    20       4.7760683387E-004
#    -22    21       3.5411697156E-005
#    -22    22       3.9064204118E-004
#    -22    23       2.0012683550E-004
#    -22    24       3.9071225611E-004
#    -22    25       2.4588394434E-004
#    -22    26       2.7043988435E-005
#    -21   -22       9.1448651969E-005
#    -21   -21       6.6684500094E-006
#    -21   -20       3.4966888914E-005
#    -21   -19       6.1010780233E-005
#    -21   -18       2.1412626167E-004
#    -21   -17       4.7395602810E-004
#    -21   -16       4.8809853310E-005
#    -21   -15       3.5609863168E-005
#    -21   -14       6.9563247276E-006
#    -21   -13       1.2211218160E-004
#    -21   -12       1.4138517283E-004
#    -21   -11       4.4549607394E-005
#    -21   -10       3.1338854864E-006
#    -21    -9       4.3126912898E-005
#    -21    -8       1.6598360476E-006
#    -21    -7       1.8367735034E-004
#    -21    -6       3.9255974729E-005
#    -21    -5       2.0133220088E-006
#    -21    -4       2.8296925571E-005
#    -21    -3       7.6280869312E-005
#    -21    -2       3.2606099563E-004
#    -21    -1       1.3045889772E-005
#    -21     0       1.2020370314E-004
#    -21     1       9.5619203683E-006
#    -21     2       1.3978090458E-004
#    -21     3       1.5822217493E-004
#    -21     4       4.7995737324E-005
#    -21     5       1.2437787234E-005
#    -21     6       2.5754231428E-005
#    -21     7       3.3599779033E-004
#    -21     8       5.6311986912E-004
#    -21     9       2.6896470364E-005
#    -21    10       8.9468275291E-005
#    -21    11       1.7591602162E-004
#    -21    12       6.0462185658E-004
#    -21    13       6.9262443379E-004
#    -21    14       1.2012405564E-005
#    -21    15       7.3523295898E-005
#    -21    16       1.2535307186E-004
#    -21    17       5.5633929986E-005
#    -21    18       2.5193699659E-004
#    -21    19       4.0603078139E-005
#    -21    20       2.1941667158E-005
#    -21    21       1.1918481906E-004
#    -21    22       6.8300493792E-004
#    -21    23       6.6359915101E-004
#    -21    24       3.4988567518E-004
#    -21    25       5.4114006984E-006
#    -20   -22       4.4690093877E-005
#    -20   -21       5.0001462495E-005
#    -20   -20       8.1151344627E-004
#    -20   -19       4.2884353318E-005
#    -20   -18       1.6274358249E-004
#    -20   -17       2.4024628656E-004
#    -20   -16       7.6325217548E-005
#    -20   -15       1.0334529348E-003
#    -20   -14       3.6305329376E-005
#    -20   -13       9.9064812678E-005
#    -20   -12       3.8918964436E-005
#    -20   -11       2.8025383978E-005
#    -20   -10       1.0100225448E-003
#    -20    -9       2.9141011634E-005
#    -20    -8       4.7325513381E-005
#    -20    -7       2.2957144492E-005
#    -20    -6       1.2686907176E-006
#    -20    -5       3.9131781238E-003
#    -20    -4       4.4731756937E-005
#    -20    -3       1.2051085315E-004
#    -20    -2       2.9735647432E-005
#    -20    -1       9.2918444023E-006
#    -20     0       1.2683293594E-002
#    -20     1       6.3939655221E-005
#    -20     2       6.6138329106E-005
#    -20     3       1.0878302712E-004
#    -20     4       3.7912498627E-005
#    -20     5       1.1478603721E-002
#    -20     6       5.1269885475E-005
#    -20     7       1.4275207311E-004
#    -20     8       1.4097348317E-004
#    -20     9       2.8581927740E-005
#    -20    10       5.3847371260E-003
#    -20    11       9.6550762562E-005
#    -20    12       3.8709873902E-004
#    -20    13       1.8718139360E-004
#    -20    14       1.4536543310E-005
#    -20    15       1.1281976814E-003
#    -20    16       2.9925073058E-008
#    -20    17       3.9814458283E-005
#    -20    18       2.4504355124E-004
#    -20    19       1.5593433918E-005
#    -20    20       2.7850125306E-003
#    -20    21       2.6997104341E-005
#    -20    22       3.0992261842E-004
#    -20    23       1.5784224642E-004
#    -20    24       3.2738111964E-004
#    -20    25       2.7653916601E-003
#    -19   -23       8.1452639409E-005
#    -19   -22       1.7592016229E-004
#    -19   -21       6.6620031983E-005
#    -19   -20       3.1461154347E-006
#    -19   -19       6.0187876403E-006
#    -19   -18       4.6829740545E-004
#    -19   -17       3.1754725698E-004
#    -19   -16       1.6170353220E-005
#    -19   -15       5.7506626328E-005
#    -19   -14       4.5496021523E-005
#    -19   -13       1.0178517604E-004
#    -19   -12       6.4352762145E-006
#    -19   -11       7.3169277901E-007
#    -19   -10       1.3843138899E-005
#    -19    -9       1.2039390817E-005
#    -19    -8       1.0207975019E-004
#    -19    -7       1.3428828814E-004
#    -19    -6       3.6416606887E-006
#    -19    -5       7.1492520478E-005
#    -19    -4       3.5428367074E-005
#    -19    -3       1.4767367431E-004
#    -19    -2       1.3607159148E-004
#    -19    -1       6.3058180424E-005
#    -19     0       1.2010121534E-005
#    -19     1       2.6350455354E-005
#    -19     2       1.6434303413E-004
#    -19     3       6.7337806178E-005
#    -19     4       8.8374183543E-005
#    -19     5       7.2875712808E-005
#    -19     6       1.9606955387E-005
#    -19     7       8.4377513247E-005
#    -19     8       1.1698505285E-004
#    -19     9       1.4695429426E-004
#    -19    10       1.3161430803E-005
#    -19    11       1.5698679663E-005
#    -19    12       3.3470896747E-004
#    -19    13       3.5919034190E-004
#    -19    14       2.0617716459E-005
#    -19    15       1.0334894357E-004
#    -19    16       2.5696372516E-005
#    -19    17       4.1470120934E-004
#    -19    18       3.8112850181E-005
#    -19    19       2.8584580725E-005
#    -19    20       6.5915350389E-006
#    -19    21       5.7831227846E-005
#    -19    22       7.8709140016E-005
#    -19    23       1.1171937499E-004
#    -19    24       1.4046715637E-004
#    -19    25       3.9409747155E-005
#    -18   -23       1.3627344451E-004
#    -18   -22       6.4886032448E-005
#    -18   -21       2.5405619247E-005
#    -18   -20       4.5774377769E-004
#    -18   -19       2.1817728439E-004
#    -18   -18       2.8114921136E-004
#    -18   -17       6.5249338030E-005
#    -18   -16       1.5773988210E-005
#    -18   -15       1.8432096999E-004
#    -18   -14       2.3507788342E-005
#    -18   -13       2.2938335016E-005
#    -18   -12       5.4369047007E-005
#    -18   -11       7.0061555067E-006
#    -18   -10       3.0427109036E-004
#    -18    -9       7.0045828290E-005
#    -18    -8       1.2196481428E-004
#    -18    -7       5.9389111933E-005
#    -18    -6       7.9042247878E-006
#    -18    -5       8.3534677340E-005
#    -18    -4       4.7189484041E-005
#    -18    -3       1.5301528131E-004
#    -18    -2       6.7370560156E-005
#    -18    -1       2.6468951438E-005
#    -18     0       2.2644092581E-004
#    -18     1       4.1963130987E-004
#    -18     2       8.8178558380E-004
#    -18     3       2.7227996930E-004
#    -18     4       3.9987608154E-005
#    -18     5       3.8537034099E-004
#    -18     6       2.2839417159E-004
#    -18     7       6.5708002750E-004
#    -18     8       2.2688023020E-004
#    -18     9       7.5799022981E-005
#    -18    10       2.5698976182E-004
#    -18    11       2.4679979469E-005
#    -18    12       4.9433547789E-005
#    -18    13       3.5605935461E-005
#    -18    14       1.0443931851E-005
#    -18    15       4.2711926699E-004
#    -18    16       1.8935682477E-004
#    -18    17       2.5914834942E-004
#    -18    18       2.5947083817E-005
#    -18    19       1.0304815673E-005
#    -18    20       1.2314275796E-004
#    -18    21       1.9555505601E-004
#    -18    22       6.2719766763E-004
#    -18    23       7.0797626182E-005
#    -18    24       1.5465152693E-004
#    -17   -24       2.4168530816E-007
#    -17   -23       7.7324132059E-005
#    -17   -22       2.6095180599E-004
#    -17   -21       2.2491230820E-004
#    -17   -20       3.7868079020E-004
#    -17   -19       3.3714983716E-005
#    -17   -18       2.3138038792E-004
#    -17   -17       4.0166162960E-004
#    -17   -16       6.7330585411E-005
#    -17   -15       4.8021502447E-005
#    -17   -14       1.7674788862E-005
#    -17   -13       4.1653893250E-005
#    -17   -12       1.9802597600E-004
#    -17   -11       1.6977507245E-004
#    -17   -10       2.8857970436E-004
#    -17    -9       2.8559921666E-005
#    -17    -8       4.9600093904E-005
#    -17    -7       2.1084637291E-005
#    -17    -6       6.3674879781E-005
#    -17    -5       1.2699201583E-004
#    -17    -4       4.6906288028E-005
#    -17    -3       1.1041668038E-004
#    -17    -2       1.7022760388E-004
#    -17    -1       4.2345087512E-004
#    -17     0       1.8472126990E-003
#    -17     1       8.7547611944E-005
#    -17     2       4.4050385666E-004
#    -17     3       1.0553283923E-003
#    -17     4       4.2588556579E-004
#    -17     5       4.6557434860E-004
#    -17     6       2.5540980858E-004
#    -17     7       8.4206907210E-004
#    -17     8       9.4174578137E-004
#    -17     9       3.3902749083E-004
#    -17    10       1.0792745431E-004
#    -17    11       3.3961171393E-005
#    -17    12       1.7415886765E-005
#    -17    13       7.0388760658E-005
#    -17    14       1.3772385841E-004
#    -17    15       1.8547750567E-005
#    -17    16       2.6293401246E-005
#    -17    17       1.9391863870E-005
#    -17    18       2.7816144111E-005
#    -17    19       1.5686413597E-004
#    -17    20       7.4831659782E-005
#    -17    21       2.1411780313E-005
#    -17    22       7.7874226252E-006
#    -17    23       3.0021269440E-004
#    -17    24       4.1371446187E-004
#    -16   -24       1.8308701056E-005
#    -16   -23       1.3653199902E-004
#    -16   -22       4.3664813782E-004
#    -16   -21       3.1732255696E-006
#    -16   -20       1.0369595509E-005
#    -16   -19       7.4936465119E-005
#    -16   -18       1.3174183095E-004
#    -16   -17       3.0337949495E-004
#    -16   -16       7.9506773625E-006
#    -16   -15       4.0697044492E-005
#    -16   -14       6.1808417853E-005
#    -16   -13       1.1534074103E-004
#    -16   -12       4.9253112812E-004
#    -16   -11       2.8464109549E-005
#    -16   -10       3.7148778291E-005
#    -16    -9       9.9324917840E-006
#    -16    -8       1.5961331354E-005
#    -16    -7       1.0616988249E-004
#    -16    -6       7.9218993190E-005
#    -16    -5       1.2252352473E-005
#    -16    -4       3.7788462715E-005
#    -16    -3       7.1704078417E-005
#    -16    -2       8.9484204563E-004
#    -16    -1       8.7666002887E-005
#    -16     0       3.8962838754E-004
#    -16     1       2.3412724167E-004
#    -16     2       1.3300764621E-003
#    -16     3       1.9164708723E-003
#    -16     4       1.9760589278E-004
#    -16     5       1.2558420197E-004
#    -16     6       2.3059159549E-004
#    -16     7       4.4619747850E-004
#    -16     8       6.2466441919E-004
#    -16     9       7.9941744151E-005
#    -16    10       4.1940799469E-005
#    -16    11       5.7417077910E-005
#    -16    12       9.9905032230E-005
#    -16    13       2.2599122666E-005
#    -16    14       4.1394829284E-006
#    -16    15       2.8544452090E-006
#    -16    16       2.6692221496E-005
#    -16    17       6.7732480135E-006
#    -16    18       2.0841197977E-004
#    -16    19       8.8602393353E-006
#    -16    20       3.4102607944E-005
#    -16    21       7.1266088480E-005
#    -16    22       3.9620376980E-004
#    -16    23       8.4493085751E-004
#    -15   -25       2.3522915609E-004
#    -15   -24       1.1504638391E-004
#    -15   -23       2.5920335536E-004
#    -15   -22       1.2833916571E-004
#    -15   -21       8.8655149437E-005
#    -15   -20       9.9357175998E-004
#    -15   -19       5.4032846962E-005
#    -15   -18       1.1446369497E-004
#    -15   -17       1.8306287620E-004
#    -15   -16       1.2780087575E-005
#    -15   -15       4.7596516910E-004
#    -15   -14       7.3227525154E-005
#    -15   -13       2.2642013225E-004
#    -15   -12       3.0090715607E-004
#    -15   -11       7.2399668059E-005
#    -15   -10       5.5680383673E-003
#    -15    -9       1.4927955032E-005
#    -15    -8       9.9355450594E-005
#    -15    -7       1.1196028555E-004
#    -15    -6       2.6316897887E-005
#    -15    -5       1.1338836869E-002
#    -15    -4       9.0012262569E-005
#    -15    -3       2.7830156521E-004
#    -15    -2       4.4569116080E-004
#    -15    -1       2.3516306362E-004
#    -15     0       1.3927487576E-002
#    -15     1       4.5541104560E-004
#    -15     2       2.9927021803E-004
#    -15     3       6.1355965464E-004
#    -15     4       4.4295044995E-004
#    -15     5       1.9448097237E-002
#    -15     6       2.4017886477E-004
#    -15     7       1.5278903756E-004
#    -15     8       3.1824876120E-005
#    -15     9       2.0974804224E-006
#    -15    10       1.1600522313E-002
#    -15    11       8.2128939523E-005
#    -15    12       7.4110504663E-005
#    -15    13       2.8431558909E-005
#    -15    14       3.6732349763E-005
#    -15    15       1.5090229512E-002
#    -15    16       4.4562374986E-005
#    -15    17       1.2399335054E-004
#    -15    18       4.6223402580E-004
#    -15    19       2.4757930605E-004
#    -15    20       5.3688860569E-004
#    -15    21       2.2652218372E-004
#    -15    22       2.7055790929E-004
#    -15    23       3.7298628904E-004
#    -14   -25       8.7721876391E-006
#    -14   -24       6.1639796607E-005
#    -14   -23       2.2014757112E-004
#    -14   -22       1.9392606442E-004
#    -14   -21       7.5776046723E-005
#    -14   -20       1.2701968791E-006
#    -14   -19       2.6014426586E-005
#    -14   -18       9.8513510496E-005
#    -14   -17       5.5790483677E-005
#    -14   -16       1.3991671470E-005
#    -14   -15       5.4567755346E-005
#    -14   -14       2.6545201516E-005
#    -14   -13       6.1290197615E-004
#    -14   -12       3.0964163009E-004
#    -14   -11       2.2669305153E-005
#    -14   -10       1.7219417083E-005
#    -14    -9       1.2940792760E-005
#    -14    -8       4.1088606046E-004
#    -14    -7       3.4812733522E-004
#    -14    -6       5.2384721770E-005
#    -14    -5       7.5284284169E-005
#    -14    -4       4.0892310300E-005
#    -14    -3       1.0709660390E-003
#    -14    -2       1.3414304319E-003
#    -14    -1       4.5694474890E-004
#    -14     0       7.0953736614E-005
#    -14     1       6.6474934936E-005
#    -14     2       1.0255403107E-003
#    -14     3       2.2641945235E-004
#    -14     4       1.9382643321E-004
#    -14     5       5.4044911113E-005
#    -14     6       7.4940264234E-005
#    -14     7       1.9597109214E-004
#    -14     8       1.8089841854E-005
#    -14     9       2.3669175106E-004
#    -14    10       4.4066586152E-005
#    -14    11       1.3550937688E-005
#    -14    12       5.3653479819E-004
#    -14    13       2.4471448209E-004
#    -14    14       2.2203246851E-006
#    -14    15       1.3284240184E-004
#    -14    16       9.0670529199E-006
#    -14    17       6.2475815122E-004
#    -14    18       8.2250867177E-005
#    -14    19       2.0146059694E-004
#    -14    20       5.5439220419E-005
#    -14    21       4.6534487961E-005
#    -14    22       7.8889100177E-004
#    -13   -26       2.0213128668E-005
#    -13   -25       2.5576598837E-004
#    -13   -24       2.2486262276E-004
#    -13   -23       4.1793424598E-004
#    -13   -22       1.3348017157E-004
#    -13   -21       4.1401485316E-005
#    -13   -20       1.3620420817E-004
#    -13   -19       1.0284737026E-004
#    -13   -18       2.1022243760E-005
#    -13   -17       4.2492207884E-005
#    -13   -16       3.2063392180E-005
#    -13   -15       8.6062505405E-005
#    -13   -14       1.6817840453E-004
#    -13   -13       4.2421512684E-004
#    -13   -12       2.2040634655E-004
#    -13   -11       3.2172234930E-005
#    -13   -10       4.5466422712E-004
#    -13    -9       2.3899411542E-004
#    -13    -8       5.8330822088E-004
#    -13    -7       1.4650035393E-004
#    -13    -6       1.9065501962E-005
#    -13    -5       3.9546792344E-004
#    -13    -4       4.3336044370E-004
#    -13    -3       1.9384201877E-003
#    -13    -2       3.0248479424E-004
#    -13    -1       6.6840481751E-005
#    -13     0       1.2550607867E-003
#    -13     1       1.2344184518E-004
#    -13     2       1.3194957799E-005
#    -13     3       7.7960887476E-006
#    -13     4       1.3602872354E-005
#    -13     5       5.8068604652E-004
#    -13     6       3.5651394969E-004
#    -13     7       1.3290983472E-003
#    -13     8       2.1952872364E-004
#    -13     9       4.4846203838E-005
#    -13    10       1.3549177934E-003
#    -13    11       3.7940713095E-004
#    -13    12       7.8107511696E-004
#    -13    13       1.1014144135E-004
#    -13    14       3.2804149035E-005
#    -13    15       6.4564116322E-004
#    -13    16       3.9559121994E-004
#    -13    17       2.1676470642E-004
#    -13    18       2.1325846881E-004
#    -13    19       4.3831299500E-005
#    -13    20       4.7097832286E-004
#    -13    21       1.8426525844E-004
#    -12   -26       6.3825152933E-005
#    -12   -25       2.0015621777E-004
#    -12   -24       7.9439169777E-006
#    -12   -23       4.8271164028E-005
#    -12   -22       4.0337300577E-004
#    -12   -21       1.1006716743E-004
#    -12   -20       1.3193273033E-004
#    -12   -19       1.2703729974E-006
#    -12   -18       2.4362737529E-005
#    -12   -17       1.1625771996E-005
#    -12   -16       1.3100331324E-004
#    -12   -15       4.2494997786E-004
#    -12   -14       1.0126801126E-005
#    -12   -13       1.3538595803E-004
#    -12   -12       4.9954971085E-004
#    -12   -11       4.8762770415E-004
#    -12   -10       7.7199093073E-004
#    -12    -9       2.7754939903E-005
#    -12    -8       1.4626681857E-004
#    -12    -7       8.7775196667E-005
#    -12    -6       2.3354026160E-004
#    -12    -5       4.7509036819E-004
#    -12    -4       1.9978357804E-004
#    -12    -3       6.2081659148E-004
#    -12    -2       1.0353475524E-003
#    -12    -1       1.2470413392E-004
#    -12     0       7.6543060760E-006
#    -12     1       1.9303846887E-005
#    -12     2       3.8153679263E-004
#    -12     3       6.6624653872E-004
#    -12     4       6.1657203121E-004
#    -12     5       1.7290208324E-003
#    -12     6       2.4820868668E-004
#    -12     7       9.0893192131E-004
#    -12     8       1.5754113451E-003
#    -12     9       1.2810313262E-003
#    -12    10       1.4132614148E-003
#    -12    11       1.2160858823E-005
#    -12    12       2.3411716123E-004
#    -12    13       1.2998283532E-004
#    -12    14       3.3827544916E-004
#    -12    15       1.1055449542E-003
#    -12    16       4.0983935789E-005
#    -12    17       1.1933485081E-004
#    -12    18       3.3717985670E-005
#    -12    19       5.5163660420E-004
#    -12    20       1.8856969222E-003
#    -12    21       8.9195506634E-008
#    -11   -26       5.1003142557E-005
#    -11   -25       4.2783529863E-005
#    -11   -24       7.8851664859E-005
#    -11   -23       1.9088357482E-004
#    -11   -22       5.7729389960E-004
#    -11   -21       3.5548850648E-006
#    -11   -20       4.8541768081E-005
#    -11   -19       1.1999904431E-005
#    -11   -18       7.4556951031E-005
#    -11   -17       2.7566597113E-005
#    -11   -16       1.6428705907E-005
#    -11   -15       4.3703876936E-005
#    -11   -14       6.9403207831E-005
#    -11   -13       2.9517353639E-004
#    -11   -12       5.6669490823E-004
#    -11   -11       1.2918811763E-004
#    -11   -10       9.0596902017E-005
#    -11    -9       2.9995542659E-005
#    -11    -8       1.2230339931E-004
#    -11    -7       6.6964822792E-004
#    -11    -6       2.5694105759E-004
#    -11    -5       1.2701664792E-004
#    -11    -4       4.4720541082E-004
#    -11    -3       2.3153782036E-004
#    -11    -2       1.3846289541E-005
#    -11    -1       1.9364492041E-005
#    -11     0       5.2826138255E-004
#    -11     1       2.9876631228E-004
#    -11     2       1.3713233268E-003
#    -11     3       2.9993766462E-003
#    -11     4       3.2879753443E-004
#    -11     5       1.0124523941E-004
#    -11     6       4.5290141724E-004
#    -11     7       1.2463936052E-003
#    -11     8       1.4254412695E-003
#    -11     9       1.5457713216E-004
#    -11    10       1.1369258164E-004
#    -11    11       6.0814268605E-005
#    -11    12       3.2348502106E-004
#    -11    13       8.9416796206E-004
#    -11    14       4.2867963057E-005
#    -11    15       1.6873260194E-004
#    -11    16       7.1664057287E-005
#    -11    17       3.7846544072E-004
#    -11    18       7.7587566866E-004
#    -11    19       1.1990783027E-004
#    -11    20       4.2109692351E-005
#    -10   -27       2.1947341008E-005
#    -10   -26       9.7075133576E-007
#    -10   -25       9.2177252949E-004
#    -10   -24       9.8811658708E-005
#    -10   -23       2.3773877118E-004
#    -10   -22       8.3334256721E-005
#    -10   -21       6.8202725800E-006
#    -10   -20       7.8722567326E-005
#    -10   -19       8.4638426916E-006
#    -10   -18       7.7066890660E-005
#    -10   -17       1.2868232004E-005
#    -10   -16       1.4047883843E-005
#    -10   -15       3.9819298355E-003
#    -10   -14       1.3558936115E-004
#    -10   -13       3.2793025956E-004
#    -10   -12       5.3865282686E-004
#    -10   -11       1.7716559262E-004
#    -10   -10       5.3652716807E-003
#    -10    -9       1.4815160971E-004
#    -10    -8       2.2948941473E-004
#    -10    -7       8.4929006133E-004
#    -10    -6       2.3421601252E-004
#    -10    -5       1.9426752335E-002
#    -10    -4       1.9591212416E-004
#    -10    -3       8.3373034870E-006
#    -10    -2       3.7850932247E-004
#    -10    -1       2.9812662777E-004
#    -10     0       2.2892883903E-002
#    -10     1       5.7333566211E-004
#    -10     2       4.6128507555E-004
#    -10     3       1.2107503980E-003
#    -10     4       7.1739049920E-004
#    -10     5       5.6678610069E-003
#    -10     6       6.8756051581E-004
#    -10     7       1.0590095260E-003
#    -10     8       6.6844775690E-004
#    -10     9       2.4454505634E-004
#    -10    10       1.6069422381E-002
#    -10    11       4.7103210830E-005
#    -10    12       7.9052507230E-005
#    -10    13       1.5353365942E-004
#    -10    14       1.8962030677E-004
#    -10    15       1.2338280639E-002
#    -10    16       5.5855872983E-005
#    -10    17       2.4045884806E-004
#    -10    18       3.1171786102E-004
#    -10    19       2.9161624906E-004
#     -9   -27       1.3415173644E-004
#     -9   -26       5.9179222778E-005
#     -9   -25       7.2415712550E-005
#     -9   -24       6.5494690738E-006
#     -9   -23       7.9581810154E-004
#     -9   -22       3.6783547091E-004
#     -9   -21       8.6249847609E-005
#     -9   -20       3.4077981904E-005
#     -9   -19       2.2576728933E-005
#     -9   -18       1.8348987292E-004
#     -9   -17       5.3536418944E-006
#     -9   -16       5.5145636515E-005
#     -9   -15       4.0300785220E-005
#     -9   -14       7.5919814851E-006
#     -9   -13       1.2675664038E-003
#     -9   -12       6.0369936809E-004
#     -9   -11       9.7093070983E-005
#     -9   -10       1.3197683205E-005
#     -9    -9       7.6327886001E-005
#     -9    -8       9.5201870397E-004
#     -9    -7       4.5430533796E-004
#     -9    -6       2.4366974669E-004
#     -9    -5       5.4132723941E-005
#     -9    -4       1.3409669289E-005
#     -9    -3       6.5669569942E-004
#     -9    -2       1.3679664458E-003
#     -9    -1       5.7194899177E-004
#     -9     0       4.8711840287E-004
#     -9     1       1.5923744761E-004
#     -9     2       2.5606547016E-003
#     -9     3       8.5348307497E-004
#     -9     4       5.3228289577E-004
#     -9     5       1.8788980953E-004
#     -9     6       1.0755583832E-004
#     -9     7       9.0206621530E-004
#     -9     8       3.7141701533E-004
#     -9     9       3.4387665359E-005
#     -9    10       1.8952806039E-005
#     -9    11       4.2016224746E-005
#     -9    12       1.1402636508E-004
#     -9    13       1.5113571347E-004
#     -9    14       3.2885527842E-004
#     -9    15       3.5118844791E-004
#     -9    16       2.5611359540E-005
#     -9    17       1.6246802773E-003
#     -9    18       7.6425150678E-007
#     -9    19       4.3121343974E-004
#     -8   -27       1.0468467237E-004
#     -8   -26       1.5017426915E-005
#     -8   -25       4.2852820159E-004
#     -8   -24       2.5364620753E-004
#     -8   -23       5.4998646199E-004
#     -8   -22       1.1499801722E-004
#     -8   -21       2.9802400321E-005
#     -8   -20       3.5835854098E-004
#     -8   -19       1.7878611180E-005
#     -8   -18       1.0691452410E-004
#     -8   -17       6.6095877295E-005
#     -8   -16       4.5813510572E-005
#     -8   -15       2.9251792540E-004
#     -8   -14       2.8364185285E-004
#     -8   -13       6.9361540846E-004
#     -8   -12       3.8751100370E-004
#     -8   -11       1.5622597413E-005
#     -8   -10       2.6049789366E-004
#     -8    -9       3.4304380417E-004
#     -8    -8       6.3428881786E-004
#     -8    -7       1.5707535283E-004
#     -8    -6       7.5662072124E-005
#     -8    -5       5.7348490196E-004
#     -8    -4       6.0991683764E-004
#     -8    -3       2.9840735982E-003
#     -8    -2       4.6034525393E-004
#     -8    -1       1.5916452803E-004
#     -8     0       4.2590562364E-003
#     -8     1       1.0300789559E-003
#     -8     2       3.0025086297E-004
#     -8     3       6.1112613964E-004
#     -8     4       8.2190707594E-005
#     -8     5       2.6247013652E-005
#     -8     6       3.3587578926E-004
#     -8     7       5.1054028888E-004
#     -8     8       4.1560077684E-005
#     -8     9       4.4185890267E-005
#     -8    10       8.0551186228E-005
#     -8    11       4.0694538719E-004
#     -8    12       1.6971718986E-003
#     -8    13       6.5280560671E-005
#     -8    14       1.4379820113E-004
#     -8    15       1.1655022112E-003
#     -8    16       8.6242399099E-004
#     -8    17       1.8411542872E-003
#     -8    18       4.8022352418E-004
#     -7   -27       1.0767554964E-004
#     -7   -26       1.8367870669E-004
#     -7   -25       4.8699890666E-004
#     -7   -24       7.8498471604E-005
#     -7   -23       3.6849924751E-004
#     -7   -22       5.3776274775E-004
#     -7   -21       1.7122955213E-004
#     -7   -20       1.9604778165E-004
#     -7   -19       1.2028928423E-004
#     -7   -18       3.7649014168E-005
#     -7   -17       6.8824422968E-005
#     -7   -16       1.9765431165E-004
#     -7   -15       6.9818884122E-004
#     -7   -14       1.2125266331E-005
#     -7   -13       1.8761048923E-004
#     -7   -12       3.3563995664E-004
#     -7   -11       2.4668073894E-005
#     -7   -10       1.0939355326E-004
#     -7    -9       8.0615738058E-005
#     -7    -8       3.3385138884E-005
#     -7    -7       1.9711366347E-004
#     -7    -6       3.5389328848E-004
#     -7    -5       1.7155837402E-003
#     -7    -4       3.2746374596E-004
#     -7    -3       1.2075254970E-003
#     -7    -2       2.5611350008E-003
#     -7    -1       1.0307890643E-003
#     -7     0       4.1453001327E-004
#     -7     1       2.9602712193E-006
#     -7     2       2.0373978603E-004
#     -7     3       2.1128805888E-006
#     -7     4       3.8413209699E-005
#     -7     5       1.5654445253E-004
#     -7     6       1.3234548809E-004
#     -7     7       2.4081644742E-004
#     -7     8       2.7291780237E-005
#     -7     9       2.9635236223E-004
#     -7    10       2.1604970696E-003
#     -7    11       1.3390641768E-004
#     -7    12       8.2874901457E-004
#     -7    13       6.7858574417E-004
#     -7    14       4.2005482304E-004
#     -7    15       8.8410022909E-004
#     -7    16       4.0210600462E-004
#     -7    17       3.9804689193E-004
#     -6   -27       1.2073088109E-004
#     -6   -26       7.5447712014E-006
#     -6   -25       5.2289334928E-005
#     -6   -24       1.7677658561E-004
#     -6   -23       6.4173413831E-004
#     -6   -22       3.7607490289E-004
#     -6   -21       1.2052481443E-005
#     -6   -20       1.1115230228E-004
#     -6   -19       8.4323913057E-006
#     -6   -18       2.7524336211E-004
#     -6   -17       1.5867082360E-004
#     -6   -16       2.8091908053E-005
#     -6   -15       7.2868690130E-005
#     -6   -14       1.4632945972E-005
#     -6   -13       3.5972810632E-004
#     -6   -12       4.9198056608E-005
#     -6   -11       3.3933236703E-005
#     -6   -10       4.1670697039E-005
#     -6    -9       2.1115558404E-006
#     -6    -8       1.7117024973E-005
#     -6    -7       1.3173451401E-003
#     -6    -6       2.4709752875E-004
#     -6    -5       1.0024146243E-004
#     -6    -4       7.1584160970E-004
#     -6    -3       8.5111908680E-004
#     -6    -2       3.0074910228E-004
#     -6    -1       2.9812282704E-006
#     -6     0       1.2040495004E-004
#     -6     1       1.2796473781E-004
#     -6     2       4.9734097736E-004
#     -6     3       7.5279923952E-004
#     -6     4       2.7994857687E-004
#     -6     5       1.2589772519E-005
#     -6     6       1.4229760371E-004
#     -6     7       1.5751732094E-005
#     -6     8       2.5131283067E-004
#     -6     9       5.1071546348E-006
#     -6    10       3.9524213412E-004
#     -6    11       8.3412707833E-004
#     -6    12       1.5037976390E-003
#     -6    13       4.0347251955E-004
#     -6    14       1.8054457001E-004
#     -6    15       1.6480328854E-004
#     -6    16       2.8459360419E-004
#     -5   -27       1.1697240152E-004
#     -5   -26       1.2756878232E-004
#     -5   -25       1.3810858676E-003
#     -5   -24       6.2724468239E-005
#     -5   -23       1.9291759093E-004
#     -5   -22       3.5206345666E-004
#     -5   -21       4.2528274730E-005
#     -5   -20       2.4103742908E-003
#     -5   -19       2.4466057063E-006
#     -5   -18       1.0682701787E-004
#     -5   -17       1.5966197461E-004
#     -5   -16       1.2403036152E-004
#     -5   -15       1.1431476957E-003
#     -5   -14       2.0335269004E-005
#     -5   -13       3.5576234092E-005
#     -5   -12       1.7611472431E-005
#     -5   -11       5.7528060584E-005
#     -5   -10       1.1593411344E-002
#     -5    -9       2.3510737802E-004
#     -5    -8       2.1744556539E-004
#     -5    -7       9.0429031293E-004
#     -5    -6       4.5134676696E-004
#     -5    -5       5.6921939449E-003
#     -5    -4       5.3142372292E-004
#     -5    -3       6.1109660162E-004
#     -5    -2       2.0505620091E-004
#     -5    -1       1.2806039922E-004
#     -5     0       8.6123256958E-003
#     -5     1       3.4745722731E-004
#     -5     2       3.6950546516E-004
#     -5     3       8.1583694998E-004
#     -5     4       3.0837894583E-004
#     -5     5       4.8039468966E-004
#     -5     6       2.3336162751E-004
#     -5     7       2.3660589432E-004
#     -5     8       6.9035680706E-004
#     -5     9       7.9736089797E-004
#     -5    10       2.4887051211E-002
#     -5    11       5.5782992398E-004
#     -5    12       4.8249554859E-004
#     -5    13       3.7566328292E-005
#     -5    14       1.5930093601E-004
#     -5    15       1.7344097512E-002
#     -4   -28       7.5159719382E-006
#     -4   -27       7.6131644668E-005
#     -4   -26       5.7951839971E-005
#     -4   -25       2.3077892064E-005
#     -4   -24       3.5859285452E-006
#     -4   -23       5.0765915921E-004
#     -4   -22       2.3935332295E-004
#     -4   -21       7.4781412365E-005
#     -4   -20       3.9947878529E-005
#     -4   -19       4.2458374392E-005
#     -4   -18       5.5348925052E-004
#     -4   -17       5.4063337184E-005
#     -4   -16       3.4163081639E-008
#     -4   -15       1.0336874650E-004
#     -4   -14       1.0357407146E-005
#     -4   -13       7.1158781500E-005
#     -4   -12       9.9735454374E-005
#     -4   -11       8.2296346714E-005
#     -4   -10       4.4040532916E-005
#     -4    -9       4.4652972249E-005
#     -4    -8       1.5685717395E-003
#     -4    -7       1.2427264695E-003
#     -4    -6       6.8702477017E-004
#     -4    -5       1.8700786174E-004
#     -4    -4       8.2097703892E-005
#     -4    -3       2.2126461270E-006
#     -4    -2       4.9712786674E-004
#     -4    -1       3.4691296660E-004
#     -4     0       1.7463726434E-005
#     -4     1       3.4094784211E-005
#     -4     2       2.5318570714E-004
#     -4     3       2.5773070951E-004
#     -4     4       4.0729369999E-004
#     -4     5       2.2830734860E-005
#     -4     6       1.1021542840E-004
#     -4     7       1.0344369774E-003
#     -4     8       1.7226627306E-003
#     -4     9       7.6722943103E-004
#     -4    10       4.0394170222E-004
#     -4    11       1.8375989987E-004
#     -4    12       9.5934878962E-004
#     -4    13       4.1221809379E-004
#     -4    14       1.7721194342E-004
#     -3   -28       2.0265480280E-004
#     -3   -27       7.7180949030E-005
#     -3   -26       1.8869380345E-005
#     -3   -25       5.5532643225E-004
#     -3   -24       1.7502079368E-004
#     -3   -23       3.0787418733E-004
#     -3   -22       3.3648295386E-005
#     -3   -21       2.8754947629E-005
#     -3   -20       7.0115018648E-004
#     -3   -19       1.4282995511E-004
#     -3   -18       2.5136305037E-004
#     -3   -17       3.9140993219E-005
#     -3   -16       2.5517920836E-005
#     -3   -15       4.2407866817E-004
#     -3   -14       1.3663120864E-004
#     -3   -13       2.2866214866E-005
#     -3   -12       7.4069444481E-005
#     -3   -11       1.3491915198E-005
#     -3   -10       1.3529769231E-003
#     -3    -9       1.2778779274E-003
#     -3    -8       1.4212569810E-003
#     -3    -7       1.0588185406E-003
#     -3    -6       1.0765923900E-004
#     -3    -5       2.6702582973E-005
#     -3    -4       3.7915709738E-005
#     -3    -3       7.5220967200E-004
#     -3    -2       3.6878212924E-004
#     -3    -1       3.4039554632E-005
#     -3     0       3.7177924890E-004
#     -3     1       1.5521555095E-004
#     -3     2       7.7242693704E-006
#     -3     3       1.2068029130E-004
#     -3     4       1.0142182270E-004
#     -3     5       3.2839560423E-006
#     -3     6       2.0438853238E-004
#     -3     7       8.9842263940E-004
#     -3     8       5.4828560729E-004
#     -3     9       2.0370950902E-004
#     -3    10       2.6411601691E-003
#     -3    11       1.2602298342E-003
#     -3    12       1.0713437548E-004
#     -3    13       1.1089690686E-004
#     -2   -28       4.6783110322E-005
#     -2   -27       4.4296293475E-004
#     -2   -26       3.3949668984E-004
#     -2   -25       3.7125777212E-004
#     -2   -24       5.1807649301E-005
#     -2   -23       2.6355632007E-004
#     -2   -22       7.2781786759E-004
#     -2   -21       2.8067401196E-004
#     -2   -20       4.7766603958E-004
#     -2   -19       4.0830638842E-005
#     -2   -18       2.4489379497E-004
#     -2   -17       4.1221716307E-004
#     -2   -16       1.8782632118E-004
#     -2   -15       1.8167444893E-005
#     -2   -14       4.1058930955E-006
#     -2   -13       2.8377675975E-005
#     -2   -12       5.3544063237E-004
#     -2   -11       3.7855580467E-004
#     -2   -10       1.4097045768E-003
#     -2    -9       1.5432963543E-004
#     -2    -8       6.6884642925E-004
#     -2    -7       9.0283757132E-004
#     -2    -6       3.3719488213E-004
#     -2    -5       1.5774206524E-004
#     -2    -4       2.7920104651E-004
#     -2    -3       8.1432943260E-004
#     -2    -2       2.5202804698E-004
#     -2    -1       1.5509325837E-004
#     -2     0       2.3795135002E-004
#     -2     1       3.7851363144E-005
#     -2     2       8.7952085003E-004
#     -2     3       1.9162549030E-004
#     -2     4       6.1092205048E-005
#     -2     5       5.6730983358E-004
#     -2     6       2.6164030113E-006
#     -2     7       7.4300687253E-005
#     -2     8       4.9661345743E-005
#     -2     9       4.5804714703E-004
#     -2    10       1.4356283004E-003
#     -2    11       1.8096949862E-004
#     -2    12       2.8097928099E-004
#     -1   -27       3.1506039770E-004
#     -1   -26       1.0889519715E-005
#     -1   -25       8.4335273673E-006
#     -1   -24       4.5667477370E-005
#     -1   -23       2.4431091680E-004
#     -1   -22       6.8843876998E-004
#     -1   -21       3.5382233923E-005
#     -1   -20       2.1989364814E-005
#     -1   -19       1.5631035532E-005
#     -1   -18       3.7830436788E-005
#     -1   -17       2.5775958717E-004
#     -1   -16       2.6433396275E-005
#     -1   -15       2.8282607794E-006
#     -1   -14       3.6681060031E-005
#     -1   -13       2.4481532314E-004
#     -1   -12       7.7906966993E-004
#     -1   -11       1.2085364992E-005
#     -1   -10       1.1349229300E-004
#     -1    -9       2.4417810609E-004
#     -1    -8       3.7170580852E-004
#     -1    -7       5.1132106677E-004
#     -1    -6       1.3248865945E-004
#     -1    -5       1.2747717318E-005
#     -1    -4       3.0731973824E-004
#     -1    -3       2.5788315901E-004
#     -1    -2       7.9453049296E-006
#     -1    -1       3.7888478798E-005
#     -1     0       3.9641295419E-005
#     -1     1       4.2315237021E-004
#     -1     2       1.0430347017E-003
#     -1     3       8.4703595779E-004
#     -1     4       1.0630706667E-004
#     -1     5       1.2971250348E-004
#     -1     6       2.6966868983E-004
#     -1     7       6.2032073266E-004
#     -1     8       1.4283698384E-004
#     -1     9       4.0079959899E-005
#     -1    10       3.2294413239E-005
#     -1    11       3.7074962372E-004
#      0   -27       9.5707802935E-005
#      0   -26       1.7767965262E-004
#      0   -25       5.3088129267E-004
#      0   -24       1.7942825192E-004
#      0   -23       2.1288307523E-004
#      0   -22       3.9062675713E-004
#      0   -21       1.1917659807E-004
#      0   -20       2.7901922486E-003
#      0   -19       2.8555463932E-005
#      0   -18       2.5791623937E-005
#      0   -17       1.9363953094E-005
#      0   -16       2.6856573238E-005
#      0   -15       1.5087832462E-002
#      0   -14       2.2447566366E-006
#      0   -13       1.0966996014E-004
#      0   -12       2.3306570995E-004
#      0   -11       6.0710547736E-005
#      0   -10       1.6066894538E-002
#      0    -9       3.4154666740E-005
#      0    -8       4.1708185820E-005
#      0    -7       2.4024130186E-004
#      0    -6       1.4204854167E-004
#      0    -5       4.8531331034E-004
#      0    -4       4.0751538149E-004
#      0    -3       1.1997724816E-004
#      0    -2       8.8005967673E-004
#      0    -1       4.2292868370E-004
#      0     0       2.2819608425E-002
#      0     1       1.5408135926E-003
#      0     2       1.0500008485E-003
#      0     3       1.1862028552E-004
#      0     4       5.1871572931E-004
#      0     5       6.9554465246E-003
#      0     6       3.9812817482E-004
#      0     7       3.4903627609E-004
#      0     8       5.0392294570E-005
#      0     9       6.6450054237E-004
#      0    10       1.0224658872E-002
#      1   -27       2.0099866478E-004
#      1   -26       1.7685023029E-004
#      1   -25       1.5303300464E-004
#      1   -24       3.6467219379E-005
#      1   -23       2.0030173483E-004
#      1   -22       6.8311105652E-004
#      1   -21       2.7023202436E-005
#      1   -20       6.6233279542E-006
#      1   -19       1.0290252561E-005
#      1   -18       2.8061033496E-005
#      1   -17       6.9136817022E-006
#      1   -16       4.4361487958E-005
#      1   -15       1.3278138167E-004
#      1   -14       3.2690898767E-005
#      1   -13       1.2881483611E-004
#      1   -12       3.2155065497E-004
#      1   -11       4.6818763471E-005
#      1   -10       1.8840085814E-005
#      1    -9       4.4077692300E-005
#      1    -8       2.6871496917E-005
#      1    -7       1.5459857247E-005
#      1    -6       2.3298176758E-004
#      1    -5       2.2786222976E-005
#      1    -4       1.0133302731E-004
#      1    -3       1.9075799434E-004
#      1    -2       1.0422940439E-003
#      1    -1       1.5405232736E-003
#      1     0       3.5324621623E-004
#      1     1       4.8027131371E-004
#      1     2       4.1377377900E-004
#      1     3       6.9686381687E-005
#      1     4       6.2147572679E-005
#      1     5       7.4923917549E-004
#      1     6       1.1114287096E-004
#      1     7       1.0828527793E-004
#      1     8       5.2937874346E-004
#      1     9       1.7413115383E-004
#      2   -27       2.2555705912E-004
#      2   -26       1.0984111127E-005
#      2   -25       6.3128042965E-004
#      2   -24       3.9060380810E-004
#      2   -23       6.6382029017E-004
#      2   -22       3.0984555210E-004
#      2   -21       5.7681145489E-005
#      2   -20       1.2334415138E-004
#      2   -19       1.5673469019E-004
#      2   -18       2.0917843059E-004
#      2   -17       1.2409034280E-004
#      2   -16       8.9936753057E-006
#      2   -15       6.4546366933E-004
#      2   -14       3.3723982701E-004
#      2   -13       8.9137307491E-004
#      2   -12       7.9073380633E-005
#      2   -11       4.2014952051E-005
#      2   -10       8.0698184722E-005
#      2    -9       2.9664951016E-004
#      2    -8       2.5131572680E-004
#      2    -7       2.3569557584E-004
#      2    -6       1.0998798777E-004
#      2    -5       3.3581829480E-006
#      2    -4       6.1441451859E-005
#      2    -3       8.4580143284E-004
#      2    -2       1.0494455737E-003
#      2    -1       4.8039904240E-004
#      2     0       1.4171690007E-003
#      2     1       9.7817842798E-004
#      2     2       8.8436077668E-005
#      2     3       3.9908080593E-004
#      2     4       1.3265534203E-004
#      2     5       2.4371057208E-003
#      2     6       6.2217687180E-004
#      2     7       1.3234146678E-003
#      2     8       5.3536417397E-004
#      3   -26       1.5525313888E-004
#      3   -25       2.4590031038E-004
#      3   -24       3.5002874615E-004
#      3   -23       1.5776161560E-004
#      3   -22       7.8403352765E-005
#      3   -21       1.9556015422E-004
#      3   -20       7.5025523597E-005
#      3   -19       8.8612624742E-006
#      3   -18       4.6308771816E-004
#      3   -17       6.2521199844E-004
#      3   -16       3.9560405601E-004
#      3   -15       1.1059913064E-003
#      3   -14       4.2774054884E-005
#      3   -13       1.5373274840E-004
#      3   -12       1.1465332585E-004
#      3   -11       4.0831186379E-004
#      3   -10       2.1659752197E-003
#      3    -9       5.1354687603E-006
#      3    -8       6.9104866486E-004
#      3    -7       1.0340252058E-003
#      3    -6       2.0356627777E-004
#      3    -5       5.6763661640E-004
#      3    -4       1.0647438129E-004
#      3    -3       1.1896911134E-004
#      3    -2       4.1337855325E-004
#      3    -1       9.7740319247E-004
#      3     0       2.9275774863E-003
#      3     1       2.1327904807E-004
#      3     2       1.4517420797E-003
#      3     3       9.9083434994E-004
#      3     4       6.5710584420E-004
#      3     5       4.0709813824E-004
#      3     6       2.3286058520E-004
#      4   -26       2.7096978395E-005
#      4   -25       5.3863828294E-006
#      4   -24       3.2727220647E-004
#      4   -23       1.1134204126E-004
#      4   -22       6.2653467996E-004
#      4   -21       2.1345207800E-005
#      4   -20       3.4166240625E-005
#      4   -19       2.4781293494E-004
#      4   -18       8.2243574368E-005
#      4   -17       2.1717809779E-004
#      4   -16       4.0884169436E-005
#      4   -15       1.6872688756E-004
#      4   -14       1.8979546856E-004
#      4   -13       1.5203236919E-004
#      4   -12       1.7011330666E-003
#      4   -11       1.3389654497E-004
#      4   -10       3.9595139838E-004
#      4    -9       7.9800166254E-004
#      4    -8       1.7238178518E-003
#      4    -7       8.9842283865E-004
#      4    -6       2.6451970669E-006
#      4    -5       1.2992817185E-004
#      4    -4       5.1960505781E-004
#      4    -3       7.0422557148E-005
#      4    -2       8.8022458365E-005
#      4    -1       2.1314427232E-004
#      4     0       2.0696892256E-004
#      4     1       1.9962442697E-003
#      4     2       1.4323625194E-003
#      4     3       2.1312046374E-003
#      4     4       4.1011607083E-005
#      4     5       1.6659856232E-004
#      5   -25       2.7647287859E-003
#      5   -24       1.4066138582E-004
#      5   -23       7.0537887559E-005
#      5   -22       7.8381863167E-006
#      5   -21       7.1414852404E-005
#      5   -20       5.3763151223E-004
#      5   -19       2.0173155888E-004
#      5   -18       2.1320435153E-004
#      5   -17       1.1959214601E-004
#      5   -16       7.2076382972E-005
#      5   -15       1.2324801496E-002
#      5   -14       3.2859585318E-004
#      5   -13       6.5375966138E-005
#      5   -12       8.2954850721E-004
#      5   -11       8.3511015655E-004
#      5   -10       2.4864937935E-002
#      5    -9       7.6748267781E-004
#      5    -8       5.4859535008E-004
#      5    -7       7.4483814740E-005
#      5    -6       2.6965263714E-004
#      5    -5       6.9542920359E-003
#      5    -4       6.2224335642E-005
#      5    -3       3.9984814583E-004
#      5    -2       1.4503976282E-003
#      5    -1       1.9953751029E-003
#      5     0       3.9530315495E-002
#      5     1       6.3660317132E-004
#      5     2       1.2458889022E-003
#      5     3       2.6621595668E-004
#      6   -25       3.9346689731E-005
#      6   -24       1.5454771139E-004
#      6   -23       2.9979079433E-004
#      6   -22       3.9632656819E-004
#      6   -21       2.2661700283E-004
#      6   -20       5.5399184999E-005
#      6   -19       4.3772803981E-005
#      6   -18       3.3918053681E-005
#      6   -17       3.7853663772E-004
#      6   -16       5.5787667405E-005
#      6   -15       3.5132322422E-004
#      6   -14       1.4397115123E-004
#      6   -13       6.7797386793E-004
#      6   -12       1.5066041421E-003
#      6   -11       5.5816386005E-004
#      6   -10       4.0421837891E-004
#      6    -9       2.0381260294E-004
#      6    -8       4.9630754743E-005
#      6    -7       6.2106285078E-004
#      6    -6       3.9862223482E-004
#      6    -5       7.4983086600E-004
#      6    -4       1.3281977779E-004
#      6    -3       9.9208506629E-004
#      6    -2       1.4323942497E-003
#      6    -1       6.3690245624E-004
#      6     0       4.7041674214E-004
#      6     1       3.1532034083E-004
#      6     2       1.5511516034E-003
#      7   -24       4.1367869646E-004
#      7   -23       8.4534671273E-004
#      7   -22       2.7043394351E-004
#      7   -21       4.6495826550E-005
#      7   -20       4.7049288475E-004
#      7   -19       5.5051811793E-004
#      7   -18       7.7676321541E-004
#      7   -17       2.4090786640E-004
#      7   -16       2.5567251507E-005
#      7   -15       1.1687767154E-003
#      7   -14       4.1998660640E-004
#      7   -13       4.0431075979E-004
#      7   -12       4.8302491789E-004
#      7   -11       1.8391928594E-004
#      7   -10       2.6424108415E-003
#      7    -9       4.5758710366E-004
#      7    -8       1.4273427707E-004
#      7    -7       3.4935122348E-004
#      7    -6       1.1134687381E-004
#      7    -5       2.4408967414E-003
#      7    -4       6.5835985593E-004
#      7    -3       2.1326002056E-003
#      7    -2       1.2461760259E-003
#      7    -1       3.1543280475E-004
#      7     0       5.6733059019E-004
#      8   -23       3.7317284885E-004
#      8   -22       7.8878039772E-004
#      8   -21       1.8414517769E-004
#      8   -20       1.8854613587E-003
#      8   -19       1.1979260757E-004
#      8   -18       3.1279158664E-004
#      8   -17       1.6266152104E-003
#      8   -16       8.6299749025E-004
#      8   -15       8.8559893049E-004
#      8   -14       1.8060174432E-004
#      8   -13       3.7488962606E-005
#      8   -12       9.5953752969E-004
#      8   -11       1.2602445594E-003
#      8   -10       1.4348159959E-003
#      8    -9       3.9984360258E-005
#      8    -8       5.0633994311E-005
#      8    -7       1.0880840257E-004
#      8    -6       6.2288893591E-004
#      8    -5       4.0703882736E-004
#      8    -4       4.0850039296E-005
#      8    -3       2.6557989798E-004
#      8    -2       1.5499803624E-003
#      9   -21       8.5043193213E-008
#      9   -20       4.2124716764E-005
#      9   -19       2.9212980548E-004
#      9   -18       7.9403147274E-007
#      9   -17       1.8422476928E-003
#      9   -16       4.0233898539E-004
#      9   -15       1.6488730263E-004
#      9   -14       1.5929452769E-004
#      9   -13       4.1178892481E-004
#      9   -12       1.0685952223E-004
#      9   -11       1.8094773423E-004
#      9   -10       3.2328191448E-005
#      9    -9       6.6435023120E-004
#      9    -8       5.2913281600E-004
#      9    -7       1.3231240504E-003
#      9    -6       2.3274172897E-004
#      9    -5       1.6664172671E-004
#     10   -19       4.3134518746E-004
#     10   -18       4.8069148292E-004
#     10   -17       3.9843244269E-004
#     10   -16       2.8482509590E-004
#     10   -15       1.7347919501E-002
#     10   -14       1.7716173587E-004
#     10   -13       1.1069756669E-004
#     10   -12       2.8130261974E-004
#     10   -11       3.7104608343E-004
#     10   -10       1.0225553020E-002
#     10    -9       1.7440404871E-004
#     10    -8       5.3519532688E-004
