 Diffraction intensities for potential:_5x5_03D10007.in                        
#    -45    11       1.1858002214E-005
#    -45    12       8.3169259247E-007
#    -45    13       3.2767577263E-006
#    -45    14       5.0626935532E-005
#    -45    15       1.2465507942E-004
#    -45    16       3.5471210739E-005
#    -44     7       5.3480453799E-005
#    -44     8       4.2699816583E-005
#    -44     9       5.6905142350E-006
#    -44    10       1.0009394581E-005
#    -44    11       1.1706200216E-005
#    -44    12       1.2682494712E-004
#    -44    13       7.5226491828E-005
#    -44    14       1.1107448935E-005
#    -44    15       3.0654944411E-005
#    -44    16       3.7910692845E-006
#    -44    17       5.8732964581E-005
#    -44    18       8.0463830626E-005
#    -44    19       6.6067871751E-007
#    -44    20       1.3158497462E-005
#    -43     4       7.6852757895E-006
#    -43     5       4.3631766656E-005
#    -43     6       1.1004976582E-005
#    -43     7       1.9166881949E-005
#    -43     8       2.4268271652E-005
#    -43     9       2.2880285396E-005
#    -43    10       6.2899511967E-005
#    -43    11       2.8507472022E-005
#    -43    12       6.6345874866E-005
#    -43    13       6.2648267658E-005
#    -43    14       3.8000392027E-005
#    -43    15       1.2996107627E-004
#    -43    16       4.4555038761E-005
#    -43    17       5.4013034492E-005
#    -43    18       6.8560799905E-005
#    -43    19       4.4094454201E-005
#    -43    20       1.3345889103E-004
#    -43    21       2.7678309419E-005
#    -43    22       4.0851196135E-005
#    -42     2       2.0524109903E-005
#    -42     3       1.9145209459E-005
#    -42     4       1.4983108591E-005
#    -42     5       2.7868424456E-005
#    -42     6       4.1382070081E-006
#    -42     7       2.6613354041E-005
#    -42     8       3.5210342809E-005
#    -42     9       2.0059056444E-005
#    -42    10       1.0206663195E-004
#    -42    11       3.5903845021E-005
#    -42    12       4.8869667846E-005
#    -42    13       8.0702584365E-005
#    -42    14       5.4760877902E-005
#    -42    15       1.7676717369E-004
#    -42    16       4.2009102327E-005
#    -42    17       5.4613857861E-005
#    -42    18       1.0064500381E-004
#    -42    19       4.9097212371E-005
#    -42    20       1.1242394071E-004
#    -42    21       2.2616632193E-005
#    -42    22       3.1818430948E-005
#    -42    23       2.0783707764E-005
#    -41     0       1.2685774926E-005
#    -41     1       1.2570766485E-006
#    -41     2       1.6944882748E-005
#    -41     3       6.8605260478E-005
#    -41     4       4.3233159972E-006
#    -41     5       1.5649471295E-005
#    -41     6       6.5950219049E-006
#    -41     7       8.8041944329E-005
#    -41     8       8.7470041439E-005
#    -41     9       1.1486859368E-005
#    -41    10       2.9163930130E-005
#    -41    11       1.1283240259E-005
#    -41    12       1.6413610297E-004
#    -41    13       2.0231265600E-004
#    -41    14       1.0262479386E-005
#    -41    15       4.9795895238E-005
#    -41    16       1.8760127175E-005
#    -41    17       2.0468712765E-004
#    -41    18       2.4537219055E-004
#    -41    19       1.3381272963E-005
#    -41    20       6.7893766565E-005
#    -41    21       2.3300948983E-005
#    -41    22       1.6324277334E-004
#    -41    23       9.0248588557E-005
#    -41    24       4.2719851187E-006
#    -40    -2       1.9436419028E-005
#    -40    -1       4.3667051875E-006
#    -40     0       1.2815962795E-004
#    -40     1       3.5713432129E-005
#    -40     2       5.0358003402E-006
#    -40     3       1.5247253725E-006
#    -40     4       6.2746162247E-005
#    -40     5       1.3091482472E-004
#    -40     6       4.0604608228E-005
#    -40     7       3.6091630397E-006
#    -40     8       3.5324676263E-006
#    -40     9       4.3973594391E-005
#    -40    10       2.7158338254E-004
#    -40    11       8.0547753098E-005
#    -40    12       8.2480166504E-006
#    -40    13       2.0553724222E-005
#    -40    14       1.5383647484E-004
#    -40    15       3.2272473626E-004
#    -40    16       9.9159062119E-005
#    -40    17       8.4029257597E-006
#    -40    18       9.0858472582E-006
#    -40    19       1.1491047946E-004
#    -40    20       2.4479318103E-004
#    -40    21       6.3588642059E-005
#    -40    22       9.9084456408E-006
#    -40    23       2.3191028703E-006
#    -40    24       6.3545359442E-005
#    -40    25       8.2043522526E-005
#    -39    -4       1.1083917274E-006
#    -39    -3       5.7283386479E-005
#    -39    -2       1.8358740866E-005
#    -39    -1       1.0282587066E-005
#    -39     0       7.3587668859E-006
#    -39     1       7.9968761120E-006
#    -39     2       9.2129058164E-005
#    -39     3       6.2075220012E-005
#    -39     4       4.6971262504E-006
#    -39     5       1.2854780540E-005
#    -39     6       1.5568884566E-005
#    -39     7       1.6784137015E-004
#    -39     8       1.3651689403E-004
#    -39     9       1.7071332976E-005
#    -39    10       4.2322157058E-005
#    -39    11       1.0312255591E-005
#    -39    12       2.3368775091E-004
#    -39    13       2.1342468389E-004
#    -39    14       1.4061501366E-005
#    -39    15       8.3183977277E-005
#    -39    16       2.7946403138E-005
#    -39    17       2.4597644559E-004
#    -39    18       3.1122924766E-004
#    -39    19       1.9339207433E-005
#    -39    20       4.0156282637E-005
#    -39    21       1.3080179044E-005
#    -39    22       1.9180036821E-004
#    -39    23       2.2000582811E-004
#    -39    24       3.8558620039E-006
#    -39    25       7.9467342166E-005
#    -39    26       6.9075153854E-006
#    -38    -5       4.4285970040E-005
#    -38    -4       1.8641875906E-005
#    -38    -3       2.7855399181E-005
#    -38    -2       4.3565212230E-005
#    -38    -1       1.9896762208E-005
#    -38     0       6.7558030377E-005
#    -38     1       1.6340028141E-005
#    -38     2       4.0328541591E-005
#    -38     3       5.2598098779E-005
#    -38     4       4.9219430678E-005
#    -38     5       1.3784055294E-004
#    -38     6       3.5193317657E-005
#    -38     7       7.6806338554E-005
#    -38     8       5.1280964119E-005
#    -38     9       5.2815756109E-005
#    -38    10       2.0543626091E-004
#    -38    11       9.4739366849E-005
#    -38    12       9.4821857057E-005
#    -38    13       1.2253478059E-004
#    -38    14       8.0157592070E-005
#    -38    15       2.7640720355E-004
#    -38    16       5.5569143596E-005
#    -38    17       1.2583150679E-004
#    -38    18       1.6148833115E-004
#    -38    19       9.2514642418E-005
#    -38    20       2.5831471810E-004
#    -38    21       8.7455886244E-005
#    -38    22       1.0919025982E-004
#    -38    23       9.7185666950E-005
#    -38    24       4.9872536330E-005
#    -38    25       1.4687578931E-004
#    -38    26       6.7332023829E-005
#    -37    -7       1.9304091223E-005
#    -37    -6       1.6459047981E-005
#    -37    -5       2.7984651736E-005
#    -37    -4       7.2533973545E-006
#    -37    -3       1.6041797069E-005
#    -37    -2       3.0331975996E-005
#    -37    -1       2.0275460039E-005
#    -37     0       7.6915727643E-005
#    -37     1       2.3831577135E-005
#    -37     2       4.2283274899E-005
#    -37     3       6.0513745423E-005
#    -37     4       3.9649171302E-005
#    -37     5       1.4378920751E-004
#    -37     6       4.4181326454E-005
#    -37     7       6.8423378717E-005
#    -37     8       6.8746273866E-005
#    -37     9       6.3485569085E-005
#    -37    10       1.8616950611E-004
#    -37    11       3.8009242436E-005
#    -37    12       8.8501861956E-005
#    -37    13       1.1951292789E-004
#    -37    14       6.2842634491E-005
#    -37    15       2.7866494486E-004
#    -37    16       9.3937919763E-005
#    -37    17       1.1863663411E-004
#    -37    18       1.3052432576E-004
#    -37    19       7.5952043144E-005
#    -37    20       2.0866962779E-004
#    -37    21       5.3075133262E-005
#    -37    22       7.7661100371E-005
#    -37    23       5.8827796193E-005
#    -37    24       5.0408923241E-005
#    -37    25       1.3234505467E-004
#    -37    26       1.8448847855E-005
#    -37    27       4.1260016289E-005
#    -36    -8       3.9980940202E-005
#    -36    -7       5.5490255389E-005
#    -36    -6       7.6382307681E-007
#    -36    -5       1.2669363766E-005
#    -36    -4       1.9672282968E-005
#    -36    -3       6.0878742180E-005
#    -36    -2       8.6422642818E-005
#    -36    -1       2.3439704999E-006
#    -36     0       2.6429136013E-005
#    -36     1       1.2333477963E-005
#    -36     2       9.4282689638E-005
#    -36     3       1.7860659441E-004
#    -36     4       2.2531609657E-005
#    -36     5       3.4443319034E-005
#    -36     6       3.3361554358E-006
#    -36     7       1.4916348677E-004
#    -36     8       1.4872336925E-004
#    -36     9       7.3134853804E-006
#    -36    10       5.3444985162E-005
#    -36    11       2.8406547861E-005
#    -36    12       1.5664706601E-004
#    -36    13       1.9117365464E-004
#    -36    14       1.6006198661E-005
#    -36    15       5.4865036946E-005
#    -36    16       2.5757936179E-005
#    -36    17       3.1622918394E-004
#    -36    18       2.6701245216E-004
#    -36    19       1.4335778247E-005
#    -36    20       9.0863413974E-005
#    -36    21       8.1855510053E-006
#    -36    22       2.1753090595E-004
#    -36    23       2.2971103095E-004
#    -36    24       1.6084692154E-005
#    -36    25       2.4168013132E-005
#    -36    26       1.9914215303E-005
#    -36    27       1.1582262700E-004
#    -35    -9       2.0163374977E-005
#    -35    -8       3.1837803624E-006
#    -35    -7       1.0587040930E-006
#    -35    -6       1.3779896331E-005
#    -35    -5       1.1576916845E-004
#    -35    -4       4.5295998500E-005
#    -35    -3       3.5856462727E-006
#    -35    -2       8.0473772904E-006
#    -35    -1       4.0934073872E-005
#    -35     0       2.3434303111E-004
#    -35     1       5.8175695187E-005
#    -35     2       1.0571621083E-005
#    -35     3       9.7841150215E-006
#    -35     4       6.6352374788E-005
#    -35     5       7.3792288087E-005
#    -35     6       7.6009197977E-005
#    -35     7       5.7769937334E-006
#    -35     8       4.1564970910E-006
#    -35     9       1.0716524192E-004
#    -35    10       4.6520443576E-004
#    -35    11       3.5459584958E-005
#    -35    12       7.6478124548E-006
#    -35    13       1.0059225836E-005
#    -35    14       6.5819373001E-005
#    -35    15       5.3337078260E-004
#    -35    16       1.0353152461E-004
#    -35    17       7.6955239340E-006
#    -35    18       1.4664330346E-006
#    -35    19       1.4361660175E-004
#    -35    20       3.1338270443E-004
#    -35    21       5.3251056769E-005
#    -35    22       2.8628561204E-005
#    -35    23       2.4953292570E-005
#    -35    24       1.3846779902E-004
#    -35    25       3.0702869134E-004
#    -35    26       1.7648269361E-004
#    -35    27       4.9845979072E-006
#    -34   -11       1.1085959365E-006
#    -34   -10       8.4203359061E-006
#    -34    -9       1.2574046452E-005
#    -34    -8       7.4267091265E-005
#    -34    -7       8.6149326531E-005
#    -34    -6       4.8098531891E-006
#    -34    -5       1.6157826298E-005
#    -34    -4       1.1197049320E-005
#    -34    -3       1.2349173004E-004
#    -34    -2       9.1581642965E-005
#    -34    -1       2.0143012680E-005
#    -34     0       3.2484323122E-005
#    -34     1       7.4608772236E-006
#    -34     2       2.1436961464E-004
#    -34     3       2.0650893399E-004
#    -34     4       1.4570026128E-005
#    -34     5       2.0044421798E-005
#    -34     6       1.5532851543E-005
#    -34     7       1.5300352987E-004
#    -34     8       8.4813160361E-005
#    -34     9       1.7633291075E-006
#    -34    10       1.7664682579E-005
#    -34    11       6.8992978154E-006
#    -34    12       8.5312439802E-005
#    -34    13       1.1048386355E-004
#    -34    14       1.5858330218E-005
#    -34    15       4.0782386158E-005
#    -34    16       3.1626192426E-005
#    -34    17       2.7663937596E-004
#    -34    18       2.9821430222E-004
#    -34    19       1.0915173716E-006
#    -34    20       4.4688083950E-005
#    -34    21       6.2920853901E-006
#    -34    22       2.3197880873E-004
#    -34    23       3.1017474679E-004
#    -34    24       3.0567489149E-005
#    -34    25       4.1726439353E-005
#    -34    26       2.9405031963E-005
#    -34    27       5.0980013744E-005
#    -33   -12       3.4057884155E-005
#    -33   -11       2.0871400881E-005
#    -33   -10       6.0586797324E-005
#    -33    -9       1.5226208029E-005
#    -33    -8       3.4459488999E-005
#    -33    -7       8.8188079530E-005
#    -33    -6       3.5746030645E-005
#    -33    -5       1.0987713913E-004
#    -33    -4       4.8499862213E-005
#    -33    -3       9.3418897355E-005
#    -33    -2       7.9148948977E-005
#    -33    -1       6.1571734486E-005
#    -33     0       2.2064041066E-004
#    -33     1       8.2164180546E-005
#    -33     2       7.8983304761E-005
#    -33     3       7.3838894585E-005
#    -33     4       4.7758347549E-005
#    -33     5       1.3239426843E-004
#    -33     6       4.0302254810E-005
#    -33     7       3.1194705177E-005
#    -33     8       3.0105855930E-005
#    -33     9       4.1846825726E-005
#    -33    10       1.0008082370E-004
#    -33    11       2.6669230837E-005
#    -33    12       3.7550324316E-005
#    -33    13       3.6183325311E-005
#    -33    14       1.8475617080E-005
#    -33    15       1.0888083082E-004
#    -33    16       5.9434704813E-005
#    -33    17       8.8560712465E-005
#    -33    18       7.1696767005E-005
#    -33    19       4.6607105756E-005
#    -33    20       9.1434984499E-005
#    -33    21       3.1437695109E-005
#    -33    22       1.7740238123E-004
#    -33    23       1.5604980217E-004
#    -33    24       9.0848515314E-005
#    -33    25       3.4761606345E-004
#    -33    26       8.9340868546E-005
#    -33    27       2.1346180887E-005
#    -32   -13       3.8464066122E-005
#    -32   -12       3.4516995212E-005
#    -32   -11       4.3907887800E-005
#    -32   -10       1.1113776070E-004
#    -32    -9       3.2332383956E-005
#    -32    -8       6.0148762020E-005
#    -32    -7       4.9712852725E-005
#    -32    -6       4.1854543113E-005
#    -32    -5       1.3592881718E-004
#    -32    -4       3.4419636435E-005
#    -32    -3       5.7470288738E-005
#    -32    -2       6.6471417164E-005
#    -32    -1       6.2389947727E-005
#    -32     0       2.0061869071E-004
#    -32     1       3.8419117733E-005
#    -32     2       7.2922142762E-005
#    -32     3       7.7115999265E-005
#    -32     4       1.9583135210E-005
#    -32     5       9.0549695023E-005
#    -32     6       3.4662895810E-005
#    -32     7       4.3305134960E-005
#    -32     8       4.4282945395E-005
#    -32     9       1.9970562412E-005
#    -32    10       5.8454480037E-005
#    -32    11       1.3370058426E-005
#    -32    12       2.2709126830E-005
#    -32    13       1.5297370760E-005
#    -32    14       1.1935850938E-005
#    -32    15       5.9497774221E-005
#    -32    16       5.1042351504E-005
#    -32    17       5.9458624038E-005
#    -32    18       7.7109867329E-005
#    -32    19       1.0861257127E-005
#    -32    20       5.3939058416E-005
#    -32    21       1.1396070206E-005
#    -32    22       6.7263839006E-005
#    -32    23       2.2047986346E-004
#    -32    24       1.1884320333E-004
#    -32    25       2.7530093215E-004
#    -32    26       7.9042096198E-005
#    -32    27       1.2412265442E-004
#    -32    28       1.0600232444E-004
#    -31   -14       1.2857108210E-006
#    -31   -13       8.2766111101E-005
#    -31   -12       1.3699503628E-004
#    -31   -11       4.7093788006E-006
#    -31   -10       3.1802373624E-005
#    -31    -9       3.6657452940E-006
#    -31    -8       1.2474478742E-004
#    -31    -7       1.4683067674E-004
#    -31    -6       4.7112343369E-006
#    -31    -5       2.4243847101E-005
#    -31    -4       1.3719839366E-005
#    -31    -3       1.7267706364E-004
#    -31    -2       2.0077888310E-004
#    -31    -1       8.9237775618E-006
#    -31     0       5.9022492069E-005
#    -31     1       3.0142336009E-005
#    -31     2       1.1668733158E-004
#    -31     3       9.8861441706E-005
#    -31     4       1.5222851686E-005
#    -31     5       3.4658908389E-005
#    -31     6       6.8770985604E-006
#    -31     7       6.3792494606E-005
#    -31     8       5.8884599160E-005
#    -31     9       1.0028710186E-005
#    -31    10       6.3718607411E-006
#    -31    11       1.1099508799E-005
#    -31    12       1.9140139813E-005
#    -31    13       1.9721557007E-006
#    -31    14       1.8457872050E-006
#    -31    15       7.8683571987E-006
#    -31    16       4.6856517015E-007
#    -31    17       4.4555101874E-005
#    -31    18       3.0213547383E-005
#    -31    19       1.4636511685E-005
#    -31    20       6.1813628680E-006
#    -31    21       1.0867212150E-005
#    -31    22       3.3487168131E-004
#    -31    23       3.6960142200E-004
#    -31    24       3.1208410078E-005
#    -31    25       1.1748552557E-004
#    -31    26       2.1086760364E-005
#    -31    27       4.5039359568E-005
#    -31    28       1.1364562723E-004
#    -30   -15       1.1262952997E-004
#    -30   -14       3.6351594423E-005
#    -30   -13       6.6714253962E-006
#    -30   -12       7.8963570154E-006
#    -30   -11       8.4410443688E-005
#    -30   -10       2.7061262469E-004
#    -30    -9       7.1765003591E-005
#    -30    -8       4.7732557129E-006
#    -30    -7       3.6789641413E-006
#    -30    -6       5.6357742439E-005
#    -30    -5       5.7499456305E-005
#    -30    -4       6.2222327314E-005
#    -30    -3       7.7374120969E-006
#    -30    -2       1.0067676719E-005
#    -30    -1       6.4356118348E-005
#    -30     0       7.0273424087E-004
#    -30     1       2.6576343737E-005
#    -30     2       7.0214398738E-006
#    -30     3       7.4935406480E-006
#    -30     4       1.3134697784E-005
#    -30     5       9.9906870181E-004
#    -30     6       4.6557371534E-005
#    -30     7       1.5010429739E-005
#    -30     8       4.9323765645E-006
#    -30     9       3.3077312849E-005
#    -30    10       8.5409097329E-004
#    -30    11       1.0925594434E-005
#    -30    12       8.5774911274E-006
#    -30    13       1.1818181942E-005
#    -30    14       2.0876465406E-005
#    -30    15       5.1948058218E-004
#    -30    16       1.7906694583E-005
#    -30    17       6.6761049442E-006
#    -30    18       6.9541033984E-006
#    -30    19       4.1678062872E-006
#    -30    20       3.9521379960E-006
#    -30    21       9.8952318297E-005
#    -30    22       1.8667164115E-005
#    -30    23       7.3830315248E-005
#    -30    24       3.0413409717E-004
#    -30    25       5.0139916298E-004
#    -30    26       1.1758988036E-004
#    -30    27       7.4674905084E-006
#    -30    28       1.5814871322E-006
#    -29   -16       5.3791698691E-006
#    -29   -15       4.3462842573E-005
#    -29   -14       1.3269158455E-005
#    -29   -13       2.0198563524E-004
#    -29   -12       1.7968990502E-004
#    -29   -11       4.5433161937E-006
#    -29   -10       5.1188129047E-005
#    -29    -9       2.0528516591E-005
#    -29    -8       1.7924702554E-004
#    -29    -7       1.6193292511E-004
#    -29    -6       1.6040995887E-005
#    -29    -5       2.5171303049E-005
#    -29    -4       3.7696926385E-006
#    -29    -3       1.0226892406E-004
#    -29    -2       1.0544191452E-004
#    -29    -1       6.9785644019E-006
#    -29     0       4.0177742179E-006
#    -29     1       1.1798466698E-005
#    -29     2       7.4317994800E-005
#    -29     3       9.9189504196E-005
#    -29     4       7.4203913557E-006
#    -29     5       2.9384547016E-005
#    -29     6       5.8397806457E-006
#    -29     7       1.5049781711E-004
#    -29     8       3.7442771226E-005
#    -29     9       3.3738285175E-006
#    -29    10       1.6404583205E-005
#    -29    11       1.1311243206E-005
#    -29    12       1.8806088960E-004
#    -29    13       1.3725093479E-004
#    -29    14       1.3419138364E-005
#    -29    15       2.7478114990E-005
#    -29    16       2.8832084507E-006
#    -29    17       1.6468097791E-007
#    -29    18       2.0625924007E-005
#    -29    19       2.6464027126E-005
#    -29    20       2.8633238229E-005
#    -29    21       1.9329399086E-005
#    -29    22       2.8354761622E-004
#    -29    23       6.0257808105E-004
#    -29    24       9.4637956303E-006
#    -29    25       5.6110173684E-005
#    -29    26       1.3224576063E-005
#    -29    27       2.2316836647E-004
#    -28   -16       4.2255864369E-005
#    -28   -15       1.2463914918E-004
#    -28   -14       5.2047693539E-005
#    -28   -13       9.0120535212E-005
#    -28   -12       7.9910055176E-005
#    -28   -11       1.1062152737E-004
#    -28   -10       2.3120485568E-004
#    -28    -9       5.4220536645E-005
#    -28    -8       6.7949777288E-005
#    -28    -7       5.4004486245E-005
#    -28    -6       3.2018068332E-005
#    -28    -5       9.2421698172E-005
#    -28    -4       4.8447447053E-005
#    -28    -3       4.1135193808E-005
#    -28    -2       1.6544412099E-005
#    -28    -1       3.5375466473E-005
#    -28     0       8.0858470741E-005
#    -28     1       4.9119002181E-005
#    -28     2       2.3143573322E-005
#    -28     3       2.2558509097E-005
#    -28     4       3.0140942477E-005
#    -28     5       1.7814982337E-004
#    -28     6       2.4686644692E-005
#    -28     7       8.6452396724E-005
#    -28     8       2.6290236878E-005
#    -28     9       1.4579432450E-005
#    -28    10       1.4323931066E-004
#    -28    11       4.9021173224E-005
#    -28    12       1.7979006045E-004
#    -28    13       1.6586071467E-004
#    -28    14       7.1949642023E-005
#    -28    15       1.1445003969E-004
#    -28    16       6.3781274257E-005
#    -28    17       1.6059322258E-005
#    -28    18       2.3605484248E-005
#    -28    19       7.2935901833E-006
#    -28    20       1.4815828682E-004
#    -28    21       8.8383101161E-005
#    -28    22       1.5399710610E-004
#    -28    23       2.0788244754E-004
#    -28    24       1.3433379000E-004
#    -28    25       4.9628478423E-004
#    -28    26       4.2214490491E-005
#    -28    27       1.3570257419E-004
#    -27   -17       3.2566438556E-005
#    -27   -16       3.9052002284E-005
#    -27   -15       1.6049882176E-004
#    -27   -14       3.3366130309E-005
#    -27   -13       1.2287360455E-004
#    -27   -12       9.3234739358E-005
#    -27   -11       9.4661896909E-005
#    -27   -10       2.3312396053E-004
#    -27    -9       5.0270923928E-005
#    -27    -8       6.3185189782E-005
#    -27    -7       4.2999113463E-005
#    -27    -6       5.8190022586E-005
#    -27    -5       8.4873591991E-005
#    -27    -4       1.0960516392E-005
#    -27    -3       2.3200095978E-005
#    -27    -2       2.7599711417E-005
#    -27    -1       3.2255365833E-005
#    -27     0       8.8256267513E-005
#    -27     1       2.5692591634E-005
#    -27     2       3.3692114518E-005
#    -27     3       6.3250899930E-005
#    -27     4       1.4209501158E-005
#    -27     5       1.9447849538E-004
#    -27     6       4.1417266652E-005
#    -27     7       7.8259514652E-005
#    -27     8       3.6070568313E-005
#    -27     9       4.2426068698E-005
#    -27    10       2.8761885031E-004
#    -27    11       1.3032545257E-004
#    -27    12       2.2443983136E-004
#    -27    13       1.2881349289E-004
#    -27    14       1.3901526282E-004
#    -27    15       1.5818457490E-004
#    -27    16       3.0020750018E-005
#    -27    17       1.2332617864E-005
#    -27    18       5.9923487944E-005
#    -27    19       2.3355301892E-005
#    -27    20       1.9113053340E-004
#    -27    21       9.5470524651E-005
#    -27    22       2.0209251140E-004
#    -27    23       1.9742638708E-004
#    -27    24       5.4373758034E-005
#    -27    25       3.0034122761E-004
#    -27    26       2.8005265291E-005
#    -27    27       9.2605069535E-005
#    -26   -18       8.1142100778E-005
#    -26   -17       1.4224592166E-004
#    -26   -16       3.3482523252E-006
#    -26   -15       5.4261399063E-005
#    -26   -14       2.8069726143E-005
#    -26   -13       2.7506959293E-004
#    -26   -12       2.8455807382E-004
#    -26   -11       2.1902132044E-005
#    -26   -10       4.4897552359E-005
#    -26    -9       1.4307962138E-005
#    -26    -8       9.3917598288E-005
#    -26    -7       8.2672492175E-005
#    -26    -6       1.8211002287E-006
#    -26    -5       1.6036609281E-005
#    -26    -4       1.5960043098E-005
#    -26    -3       5.7946874196E-005
#    -26    -2       6.6386578808E-005
#    -26    -1       4.2672434723E-006
#    -26     0       2.3209133314E-005
#    -26     1       1.5196518974E-005
#    -26     2       1.9451702567E-005
#    -26     3       4.5606636976E-005
#    -26     4       7.9095540872E-006
#    -26     5       7.9809297606E-005
#    -26     6       6.4553400029E-007
#    -26     7       1.7658446142E-004
#    -26     8       1.4036128594E-004
#    -26     9       1.4810179691E-005
#    -26    10       5.9778514792E-005
#    -26    11       6.4158066008E-006
#    -26    12       4.1177451000E-004
#    -26    13       3.4839410533E-004
#    -26    14       1.4742063065E-006
#    -26    15       1.9753630237E-005
#    -26    16       3.0018643125E-005
#    -26    17       4.8085107788E-005
#    -26    18       8.8030622717E-005
#    -26    19       4.9423780871E-005
#    -26    20       6.1743404645E-005
#    -26    21       1.1539409062E-005
#    -26    22       2.4446326617E-004
#    -26    23       2.3201924498E-004
#    -26    24       1.0310208573E-004
#    -26    25       6.3004424353E-005
#    -26    26       2.6388627830E-005
#    -26    27       3.1936525968E-004
#    -25   -19       2.3037095930E-005
#    -25   -18       1.4964870477E-005
#    -25   -17       1.3515399571E-005
#    -25   -16       1.2993283874E-004
#    -25   -15       3.4861329154E-004
#    -25   -14       9.7819464807E-005
#    -25   -13       3.3583866855E-005
#    -25   -12       1.2460918645E-005
#    -25   -11       1.1767724144E-004
#    -25   -10       4.4611244161E-004
#    -25    -9       3.5117600586E-005
#    -25    -8       4.3036891098E-006
#    -25    -7       2.0990988571E-006
#    -25    -6       3.3960625901E-005
#    -25    -5       1.0549929033E-003
#    -25    -4       2.2930188680E-005
#    -25    -3       4.5677406232E-006
#    -25    -2       5.8372439836E-006
#    -25    -1       2.8028918738E-005
#    -25     0       2.3893712592E-003
#    -25     1       2.0852434075E-006
#    -25     2       1.7520224763E-005
#    -25     3       1.5086413581E-005
#    -25     4       3.2660073125E-005
#    -25     5       4.0151800841E-003
#    -25     6       4.0771625673E-005
#    -25     7       1.5595101884E-005
#    -25     8       1.6262111114E-005
#    -25     9       2.1326830482E-005
#    -25    10       5.5715312244E-003
#    -25    11       4.6581468707E-005
#    -25    12       2.6170452558E-005
#    -25    13       9.5365388046E-006
#    -25    14       9.0108554326E-005
#    -25    15       3.2845540360E-003
#    -25    16       8.0042190716E-005
#    -25    17       6.5768656244E-006
#    -25    18       3.5649107411E-006
#    -25    19       7.4367775859E-005
#    -25    20       1.6703063043E-003
#    -25    21       1.5800369919E-004
#    -25    22       3.7309467537E-005
#    -25    23       4.2789674549E-005
#    -25    24       5.6141721827E-005
#    -25    25       1.2442661144E-004
#    -25    26       1.1915214033E-004
#    -25    27       2.0662250694E-005
#    -24   -20       9.8350984267E-006
#    -24   -19       5.0490943908E-006
#    -24   -18       1.6277998536E-004
#    -24   -17       2.0334461468E-004
#    -24   -16       3.2358128954E-005
#    -24   -15       8.8547267285E-005
#    -24   -14       1.8305441499E-005
#    -24   -13       3.1899867380E-004
#    -24   -12       1.5122064786E-004
#    -24   -11       3.8573760710E-006
#    -24   -10       2.1689604988E-005
#    -24    -9       7.0385184216E-006
#    -24    -8       6.2232347704E-005
#    -24    -7       6.0120884489E-005
#    -24    -6       1.7549408246E-005
#    -24    -5       1.3308147316E-005
#    -24    -4       2.7922737520E-006
#    -24    -3       5.3673524061E-005
#    -24    -2       2.6373359357E-005
#    -24    -1       1.1149268103E-006
#    -24     0       2.8976687489E-005
#    -24     1       5.5393888149E-006
#    -24     2       1.0895619068E-004
#    -24     3       9.1607935621E-005
#    -24     4       2.4862639398E-005
#    -24     5       3.5689012217E-005
#    -24     6       4.2139971088E-006
#    -24     7       1.0173789131E-005
#    -24     8       2.1166958346E-005
#    -24     9       8.9853574584E-007
#    -24    10       4.1885239033E-005
#    -24    11       1.3646242864E-005
#    -24    12       3.3450678480E-004
#    -24    13       3.2117941015E-004
#    -24    14       4.4097479830E-005
#    -24    15       5.4631153075E-005
#    -24    16       1.5797408116E-005
#    -24    17       6.0981503441E-005
#    -24    18       1.8131702237E-004
#    -24    19       3.3694743118E-005
#    -24    20       1.1044650362E-004
#    -24    21       3.6300866620E-005
#    -24    22       4.8059574598E-004
#    -24    23       2.2758754810E-004
#    -24    24       5.3871787641E-006
#    -24    25       1.9209759091E-004
#    -24    26       7.3060985587E-006
#    -23   -20       1.0411399941E-004
#    -23   -19       6.0628453115E-005
#    -23   -18       1.0624314524E-004
#    -23   -17       8.9487704239E-005
#    -23   -16       8.2405254762E-005
#    -23   -15       3.0018161486E-004
#    -23   -14       7.8183486535E-005
#    -23   -13       1.0784143486E-004
#    -23   -12       4.9996611258E-005
#    -23   -11       5.1014502596E-005
#    -23   -10       7.3514498591E-005
#    -23    -9       1.5611180201E-005
#    -23    -8       2.0462650298E-005
#    -23    -7       1.0589692353E-005
#    -23    -6       1.1902091068E-005
#    -23    -5       1.0376907243E-004
#    -23    -4       6.0504206080E-005
#    -23    -3       1.3808849104E-005
#    -23    -2       2.4035149769E-005
#    -23    -1       1.9589562888E-005
#    -23     0       1.9631227981E-004
#    -23     1       9.9220507574E-005
#    -23     2       1.4969163564E-004
#    -23     3       7.9271824274E-005
#    -23     4       2.0006663194E-005
#    -23     5       1.9432329130E-005
#    -23     6       6.5710615268E-006
#    -23     7       3.9901919856E-005
#    -23     8       7.2842748837E-005
#    -23     9       5.1354254511E-005
#    -23    10       3.1292044029E-004
#    -23    11       1.0708943289E-004
#    -23    12       2.5710066550E-004
#    -23    13       2.7391205762E-004
#    -23    14       7.0157318056E-005
#    -23    15       2.3553283056E-004
#    -23    16       1.1108248051E-004
#    -23    17       6.8251356384E-005
#    -23    18       1.0121681355E-004
#    -23    19       6.2853407954E-005
#    -23    20       5.9698190147E-004
#    -23    21       8.7160036605E-005
#    -23    22       2.3464742734E-004
#    -23    23       3.2833483560E-004
#    -23    24       1.4628258131E-004
#    -23    25       3.1282731424E-004
#    -23    26       7.4567800504E-005
#    -22   -21       2.2656696149E-005
#    -22   -20       1.3378664709E-004
#    -22   -19       4.8212286623E-005
#    -22   -18       1.6768335922E-004
#    -22   -17       1.3002037518E-004
#    -22   -16       9.7443435764E-005
#    -22   -15       3.0685027980E-004
#    -22   -14       2.5724341152E-005
#    -22   -13       1.2282318257E-004
#    -22   -12       3.1357478493E-005
#    -22   -11       2.2133132415E-005
#    -22   -10       5.8568357607E-005
#    -22    -9       4.5208391102E-006
#    -22    -8       2.1623168931E-005
#    -22    -7       6.8245705461E-005
#    -22    -6       4.7471649089E-005
#    -22    -5       1.3542585273E-004
#    -22    -4       4.9048125473E-005
#    -22    -3       1.3493439956E-005
#    -22    -2       3.3040170964E-005
#    -22    -1       1.5723042764E-004
#    -22     0       5.0381677652E-004
#    -22     1       1.0571672667E-004
#    -22     2       1.1776484052E-004
#    -22     3       8.5122100215E-005
#    -22     4       3.5238814393E-006
#    -22     5       7.0874669934E-005
#    -22     6       3.9731100347E-005
#    -22     7       1.2615787088E-004
#    -22     8       1.6920780370E-004
#    -22     9       9.6745605466E-005
#    -22    10       6.1050773067E-004
#    -22    11       1.8811369879E-004
#    -22    12       2.7246924553E-004
#    -22    13       3.0655728493E-004
#    -22    14       1.8251610996E-004
#    -22    15       4.0651961410E-004
#    -22    16       1.5133180633E-004
#    -22    17       9.3723587890E-005
#    -22    18       1.5564982339E-004
#    -22    19       6.6739801739E-005
#    -22    20       5.0011428187E-004
#    -22    21       1.0937490744E-004
#    -22    22       3.0998052694E-004
#    -22    23       3.9490453996E-005
#    -22    24       1.5999428478E-004
#    -22    25       8.2098557640E-005
#    -22    26       6.5210177081E-005
#    -21   -22       6.3710913469E-005
#    -21   -21       5.3809146402E-006
#    -21   -20       8.4900564791E-005
#    -21   -19       2.6561209210E-005
#    -21   -18       3.3892788487E-004
#    -21   -17       3.0849326431E-004
#    -21   -16       4.4104174408E-006
#    -21   -15       9.0191910386E-005
#    -21   -14       3.2337041400E-005
#    -21   -13       1.5829536887E-004
#    -21   -12       9.6072433866E-005
#    -21   -11       8.7810530048E-006
#    -21   -10       4.7719539900E-006
#    -21    -9       1.2091370602E-005
#    -21    -8       2.5774357286E-005
#    -21    -7       1.5861560131E-004
#    -21    -6       2.9278696357E-005
#    -21    -5       4.5846068423E-005
#    -21    -4       3.5178895907E-006
#    -21    -3       1.7363090618E-004
#    -21    -2       2.8275536830E-004
#    -21    -1       1.9659410740E-005
#    -21     0       1.2151012081E-004
#    -21     1       6.1717470880E-005
#    -21     2       1.2549865019E-004
#    -21     3       6.4200541873E-005
#    -21     4       3.5125222513E-005
#    -21     5       1.3014588742E-004
#    -21     6       1.8091249966E-005
#    -21     7       3.6143217399E-004
#    -21     8       4.3604839229E-004
#    -21     9       4.9160903868E-005
#    -21    10       1.6883505273E-004
#    -21    11       6.8527182281E-005
#    -21    12       8.8883292034E-004
#    -21    13       7.2543015605E-004
#    -21    14       8.8619468852E-005
#    -21    15       8.5433101364E-005
#    -21    16       2.1397246180E-005
#    -21    17       1.1282280314E-004
#    -21    18       2.4221827762E-004
#    -21    19       2.0512469938E-005
#    -21    20       4.3443994088E-005
#    -21    21       8.7030721203E-006
#    -21    22       7.6101558918E-004
#    -21    23       4.6895688997E-004
#    -21    24       1.9135429397E-005
#    -21    25       9.1201284907E-005
#    -20   -22       1.3786569195E-005
#    -20   -21       1.0311407219E-004
#    -20   -20       2.6052078539E-004
#    -20   -19       1.2344441695E-004
#    -20   -18       5.6350027159E-006
#    -20   -17       1.1123492591E-005
#    -20   -16       1.8669194283E-004
#    -20   -15       5.8817480048E-004
#    -20   -14       3.6347688922E-005
#    -20   -13       4.7699736285E-006
#    -20   -12       1.8855029547E-006
#    -20   -11       2.2773339485E-005
#    -20   -10       8.1464052920E-004
#    -20    -9       1.7697401945E-005
#    -20    -8       2.0333829414E-006
#    -20    -7       3.2888128286E-005
#    -20    -6       1.8818860211E-005
#    -20    -5       3.7469108531E-003
#    -20    -4       5.9906676944E-005
#    -20    -3       1.6741451098E-005
#    -20    -2       1.8453304104E-006
#    -20    -1       2.5399072435E-004
#    -20     0       1.2492738646E-002
#    -20     1       5.6175326948E-005
#    -20     2       2.4473900007E-005
#    -20     3       2.3281604752E-005
#    -20     4       4.6244065991E-005
#    -20     5       1.2710863006E-002
#    -20     6       1.2762194211E-004
#    -20     7       8.2284347581E-006
#    -20     8       1.3907276955E-005
#    -20     9       1.2714209299E-004
#    -20    10       7.9803715748E-003
#    -20    11       3.2936450537E-004
#    -20    12       9.3918626232E-006
#    -20    13       1.4161577291E-005
#    -20    14       2.3520138588E-004
#    -20    15       1.7519985230E-003
#    -20    16       6.6977974544E-005
#    -20    17       6.1124109531E-006
#    -20    18       1.9762913393E-006
#    -20    19       1.8262892303E-005
#    -20    20       2.4626452038E-003
#    -20    21       1.7742420178E-004
#    -20    22       1.6560185392E-005
#    -20    23       1.8215699565E-005
#    -20    24       5.2683215021E-004
#    -20    25       1.4103283383E-003
#    -19   -23       7.3005121989E-005
#    -19   -22       2.3468792485E-004
#    -19   -21       7.1891284020E-006
#    -19   -20       5.1987343892E-005
#    -19   -19       1.0036679436E-005
#    -19   -18       2.8369984091E-004
#    -19   -17       3.3740422358E-004
#    -19   -16       2.6788944824E-005
#    -19   -15       3.5494061656E-005
#    -19   -14       2.2290716533E-005
#    -19   -13       6.7167948464E-005
#    -19   -12       1.4790474887E-005
#    -19   -11       1.5986956246E-006
#    -19   -10       1.4698813335E-005
#    -19    -9       5.8151338842E-006
#    -19    -8       1.0091686261E-004
#    -19    -7       2.2897082510E-004
#    -19    -6       1.8099059120E-005
#    -19    -5       2.8806251813E-005
#    -19    -4       5.6911545727E-005
#    -19    -3       1.9094664399E-004
#    -19    -2       9.9525161423E-005
#    -19    -1       6.7065876676E-006
#    -19     0       2.6628460179E-006
#    -19     1       1.6964307944E-005
#    -19     2       7.1856703258E-005
#    -19     3       9.5744756742E-005
#    -19     4       1.8495867782E-005
#    -19     5       4.2074880658E-005
#    -19     6       6.8765400254E-006
#    -19     7       2.5275726889E-005
#    -19     8       1.0818566005E-004
#    -19     9       1.2272014867E-005
#    -19    10       5.0810999722E-005
#    -19    11       3.2541957658E-005
#    -19    12       3.6998380113E-004
#    -19    13       4.5781425849E-004
#    -19    14       5.1091433121E-005
#    -19    15       7.2242006278E-005
#    -19    16       3.7063855618E-005
#    -19    17       2.4915331493E-004
#    -19    18       1.6513238099E-004
#    -19    19       1.0579971296E-005
#    -19    20       1.0834597965E-005
#    -19    21       4.5306076546E-007
#    -19    22       1.1448081471E-004
#    -19    23       3.3505877748E-004
#    -19    24       5.6523102401E-006
#    -19    25       3.0621332887E-004
#    -18   -23       4.6341532664E-005
#    -18   -22       2.1899794372E-005
#    -18   -21       6.3356409733E-005
#    -18   -20       2.8083200113E-004
#    -18   -19       1.0180373819E-004
#    -18   -18       1.1993607946E-004
#    -18   -17       7.1966762747E-005
#    -18   -16       6.7596250086E-005
#    -18   -15       1.1831447096E-004
#    -18   -14       1.0276326323E-005
#    -18   -13       8.3770494720E-006
#    -18   -12       3.1496978793E-005
#    -18   -11       4.3314254425E-006
#    -18   -10       7.4313383590E-005
#    -18    -9       1.9845269947E-005
#    -18    -8       2.6918356051E-005
#    -18    -7       6.7996472295E-005
#    -18    -6       1.5608598519E-005
#    -18    -5       4.8733157540E-006
#    -18    -4       4.0157671655E-005
#    -18    -3       4.1043214149E-005
#    -18    -2       2.2107500974E-006
#    -18    -1       3.5398936336E-005
#    -18     0       1.7462523462E-004
#    -18     1       1.2116110366E-004
#    -18     2       3.1883127762E-004
#    -18     3       1.7985543526E-004
#    -18     4       5.0636340867E-005
#    -18     5       7.8101381611E-005
#    -18     6       3.1722563006E-005
#    -18     7       1.2390713610E-004
#    -18     8       1.2261211349E-004
#    -18     9       1.1687602777E-004
#    -18    10       2.7631280830E-004
#    -18    11       3.5731820840E-005
#    -18    12       2.4819673364E-005
#    -18    13       9.7843736919E-005
#    -18    14       1.5864835065E-004
#    -18    15       1.7755927741E-004
#    -18    16       3.9760447550E-005
#    -18    17       7.4525017087E-005
#    -18    18       1.5699511962E-005
#    -18    19       1.0984587014E-005
#    -18    20       6.8697568240E-005
#    -18    21       7.8605931754E-005
#    -18    22       3.3317312256E-004
#    -18    23       3.3582272675E-005
#    -18    24       6.5385506512E-005
#    -17   -24       1.3973477281E-005
#    -17   -23       5.6489394992E-005
#    -17   -22       1.0945138860E-004
#    -17   -21       6.7410554732E-005
#    -17   -20       2.1662535446E-004
#    -17   -19       7.7846534425E-005
#    -17   -18       8.9716455693E-005
#    -17   -17       1.2390153075E-004
#    -17   -16       7.9140343497E-005
#    -17   -15       3.9322793816E-005
#    -17   -14       1.3400061174E-005
#    -17   -13       4.3563520650E-006
#    -17   -12       3.9632776145E-005
#    -17   -11       5.6685876701E-005
#    -17   -10       2.2292367192E-004
#    -17    -9       3.6583356648E-005
#    -17    -8       3.6851110240E-005
#    -17    -7       2.5103250069E-005
#    -17    -6       3.2079377958E-005
#    -17    -5       6.6058576522E-005
#    -17    -4       1.3655129923E-005
#    -17    -3       6.7952380926E-006
#    -17    -2       2.7778753838E-005
#    -17    -1       1.5935622885E-004
#    -17     0       1.0439364604E-003
#    -17     1       4.2912136426E-004
#    -17     2       3.5133686534E-004
#    -17     3       3.1925827604E-004
#    -17     4       1.0606469683E-004
#    -17     5       4.3187243938E-004
#    -17     6       1.4692595894E-004
#    -17     7       3.2075718017E-004
#    -17     8       2.9487659139E-004
#    -17     9       1.1294342232E-004
#    -17    10       8.9112485876E-005
#    -17    11       2.0210946334E-005
#    -17    12       6.3865733705E-005
#    -17    13       6.4650745860E-005
#    -17    14       2.8478201596E-006
#    -17    15       2.9610391066E-005
#    -17    16       1.2520217541E-007
#    -17    17       1.0515256850E-006
#    -17    18       1.7596334404E-005
#    -17    19       3.9197927866E-005
#    -17    20       2.8950538198E-004
#    -17    21       7.9479544605E-005
#    -17    22       7.5596681917E-006
#    -17    23       4.0378285825E-005
#    -17    24       9.8495510112E-005
#    -16   -24       1.5483263326E-005
#    -16   -23       2.8246842196E-004
#    -16   -22       2.3904519480E-004
#    -16   -21       1.7671087531E-005
#    -16   -20       1.2640874316E-004
#    -16   -19       3.0692559584E-005
#    -16   -18       2.5922354974E-004
#    -16   -17       1.7325333208E-004
#    -16   -16       1.9750957311E-006
#    -16   -15       8.4601487042E-006
#    -16   -14       1.7431578542E-006
#    -16   -13       1.0729493320E-004
#    -16   -12       3.2153446816E-004
#    -16   -11       1.7160402831E-006
#    -16   -10       5.5273108125E-005
#    -16    -9       4.9106448072E-007
#    -16    -8       1.5790387424E-005
#    -16    -7       1.7461619475E-004
#    -16    -6       1.7408175863E-005
#    -16    -5       1.0477341082E-004
#    -16    -4       2.3002051100E-005
#    -16    -3       1.4987455676E-004
#    -16    -2       6.1040013637E-004
#    -16    -1       1.3734842820E-004
#    -16     0       2.8675475863E-004
#    -16     1       1.6398558505E-004
#    -16     2       1.3633746050E-003
#    -16     3       1.0478085904E-003
#    -16     4       1.0723347769E-004
#    -16     5       3.2640347536E-004
#    -16     6       5.8680307538E-005
#    -16     7       8.5926151989E-004
#    -16     8       4.4483268559E-004
#    -16     9       3.2957945178E-006
#    -16    10       3.3556740872E-007
#    -16    11       1.9268185515E-005
#    -16    12       1.6913640988E-004
#    -16    13       5.2559316246E-005
#    -16    14       2.4855905848E-005
#    -16    15       1.1404107195E-005
#    -16    16       3.2077116496E-007
#    -16    17       3.3306358939E-005
#    -16    18       2.2626374222E-004
#    -16    19       1.0830594566E-005
#    -16    20       1.7536434634E-004
#    -16    21       1.4918359714E-005
#    -16    22       5.7966577787E-004
#    -16    23       7.0912346306E-004
#    -15   -25       1.3118743558E-004
#    -15   -24       8.0998407366E-005
#    -15   -23       7.3720106631E-005
#    -15   -22       4.2802775065E-005
#    -15   -21       1.0132349602E-004
#    -15   -20       3.9163540384E-004
#    -15   -19       8.2339241106E-005
#    -15   -18       1.5889084312E-005
#    -15   -17       1.1954523053E-005
#    -15   -16       2.9705194497E-005
#    -15   -15       6.4422455455E-004
#    -15   -14       8.8811749938E-005
#    -15   -13       1.8432213525E-005
#    -15   -12       4.6789905862E-005
#    -15   -11       8.7766020563E-005
#    -15   -10       4.8529487269E-003
#    -15    -9       2.7358744796E-005
#    -15    -8       1.2270315470E-005
#    -15    -7       7.9889106902E-005
#    -15    -6       7.9089335875E-005
#    -15    -5       1.2188623697E-002
#    -15    -4       1.2481154253E-004
#    -15    -3       1.8499718204E-005
#    -15    -2       9.7458618662E-006
#    -15    -1       9.5971372716E-004
#    -15     0       2.2392893660E-002
#    -15     1       9.4451014531E-004
#    -15     2       6.6621936202E-005
#    -15     3       7.7416600352E-005
#    -15     4       2.6073352233E-004
#    -15     5       2.3252469141E-002
#    -15     6       2.8714518768E-004
#    -15     7       1.9475988620E-005
#    -15     8       1.3828974779E-005
#    -15     9       5.0718486162E-006
#    -15    10       1.3060999214E-002
#    -15    11       3.5155857865E-004
#    -15    12       6.1761347766E-006
#    -15    13       2.4132972758E-006
#    -15    14       8.1881175313E-005
#    -15    15       1.3984298052E-002
#    -15    16       2.9475657437E-006
#    -15    17       1.8246191912E-005
#    -15    18       7.3271401709E-006
#    -15    19       1.3158871649E-004
#    -15    20       6.6353636987E-004
#    -15    21       5.3694274036E-004
#    -15    22       6.3911428377E-006
#    -15    23       7.5689537675E-005
#    -14   -25       6.1145989638E-005
#    -14   -24       1.2629532205E-005
#    -14   -23       1.9324445999E-004
#    -14   -22       2.6155586280E-004
#    -14   -21       6.8004677550E-006
#    -14   -20       5.2943155773E-005
#    -14   -19       1.0513214682E-006
#    -14   -18       1.2653876491E-004
#    -14   -17       4.8972372560E-005
#    -14   -16       6.7025896493E-006
#    -14   -15       2.6405505259E-005
#    -14   -14       5.1660039008E-005
#    -14   -13       3.5826326653E-004
#    -14   -12       3.0601227717E-004
#    -14   -11       9.8001635337E-006
#    -14   -10       2.0915445209E-005
#    -14    -9       2.4513540855E-005
#    -14    -8       4.0824303276E-004
#    -14    -7       5.9207330529E-004
#    -14    -6       2.0358878305E-005
#    -14    -5       3.7337997951E-005
#    -14    -4       6.4751611636E-005
#    -14    -3       8.5594100393E-004
#    -14    -2       1.2495090048E-003
#    -14    -1       1.1325762364E-004
#    -14     0       3.2200531505E-004
#    -14     1       7.1322516746E-005
#    -14     2       7.4660126324E-004
#    -14     3       3.7503916180E-004
#    -14     4       5.8235464129E-006
#    -14     5       7.1089547841E-005
#    -14     6       7.3590137770E-006
#    -14     7       7.8091556345E-005
#    -14     8       7.4152568355E-005
#    -14     9       1.1965240759E-005
#    -14    10       8.2821739876E-005
#    -14    11       7.4238034174E-005
#    -14    12       4.4177594963E-004
#    -14    13       2.3262207225E-004
#    -14    14       3.3580437818E-005
#    -14    15       1.1526634910E-004
#    -14    16       1.6029315837E-005
#    -14    17       2.9277738227E-004
#    -14    18       2.0246168828E-004
#    -14    19       5.2956626906E-005
#    -14    20       1.5849364848E-004
#    -14    21       5.5995182717E-005
#    -14    22       4.3925176127E-004
#    -13   -26       2.7918141059E-005
#    -13   -25       1.5818884942E-004
#    -13   -24       6.0953681067E-005
#    -13   -23       1.2482164205E-004
#    -13   -22       8.1603694161E-005
#    -13   -21       2.7545176651E-005
#    -13   -20       1.1537956127E-004
#    -13   -19       4.3695614128E-005
#    -13   -18       2.1918461356E-006
#    -13   -17       1.3787006551E-006
#    -13   -16       5.8131385359E-005
#    -13   -15       1.3445737043E-004
#    -13   -14       5.8842457862E-005
#    -13   -13       1.7320612582E-004
#    -13   -12       1.1738787360E-004
#    -13   -11       1.6400977344E-005
#    -13   -10       2.0856840980E-004
#    -13    -9       8.9915717640E-005
#    -13    -8       1.7490682216E-004
#    -13    -7       1.5163469121E-004
#    -13    -6       3.5611707554E-005
#    -13    -5       6.8721184087E-005
#    -13    -4       1.3206633862E-004
#    -13    -3       4.0447477080E-004
#    -13    -2       3.7323841003E-004
#    -13    -1       4.2004013689E-004
#    -13     0       7.9420572799E-004
#    -13     1       9.5241955648E-005
#    -13     2       1.1568604538E-005
#    -13     3       1.1446832367E-005
#    -13     4       1.8576995582E-005
#    -13     5       3.2216057574E-004
#    -13     6       9.8541181142E-005
#    -13     7       3.0265574974E-004
#    -13     8       1.8251833095E-004
#    -13     9       2.8899067950E-004
#    -13    10       8.6892665703E-004
#    -13    11       3.2106547111E-004
#    -13    12       1.3912798110E-004
#    -13    13       1.4154366729E-004
#    -13    14       1.4993235892E-004
#    -13    15       2.9458996105E-004
#    -13    16       6.9788774623E-005
#    -13    17       5.5810874109E-005
#    -13    18       3.8993167687E-006
#    -13    19       1.2759710967E-005
#    -13    20       3.9322897582E-004
#    -13    21       1.7046202136E-004
#    -12   -26       4.9429655066E-005
#    -12   -25       1.3586206418E-004
#    -12   -24       7.1040229314E-005
#    -12   -23       9.1345050014E-005
#    -12   -22       1.1263355308E-004
#    -12   -21       2.8657868640E-005
#    -12   -20       6.4651340358E-005
#    -12   -19       9.4041962929E-006
#    -12   -18       1.5612474227E-005
#    -12   -17       2.4558124649E-006
#    -12   -16       4.5138192122E-005
#    -12   -15       2.0514960796E-004
#    -12   -14       1.4341250794E-004
#    -12   -13       7.9190011140E-005
#    -12   -12       4.7280639008E-005
#    -12   -11       7.1944703692E-005
#    -12   -10       5.5951741264E-004
#    -12    -9       1.5591045565E-004
#    -12    -8       8.7167588035E-005
#    -12    -7       1.4963342486E-007
#    -12    -6       9.9765616130E-005
#    -12    -5       4.0284371699E-004
#    -12    -4       9.7215074006E-005
#    -12    -3       3.6799446571E-004
#    -12    -2       3.4492108892E-004
#    -12    -1       4.0084031506E-005
#    -12     0       4.2194111800E-006
#    -12     1       6.4221973349E-005
#    -12     2       9.3966458612E-005
#    -12     3       2.2841950652E-004
#    -12     4       2.5384977881E-004
#    -12     5       1.3757953804E-003
#    -12     6       2.6825032213E-004
#    -12     7       7.4517204883E-004
#    -12     8       5.4371598307E-004
#    -12     9       2.5338809949E-004
#    -12    10       1.0916403466E-003
#    -12    11       3.3324184469E-004
#    -12    12       2.2205107369E-004
#    -12    13       1.0897429474E-004
#    -12    14       4.8376559674E-005
#    -12    15       2.6221223834E-004
#    -12    16       1.1808374187E-004
#    -12    17       1.2293845136E-004
#    -12    18       1.1376735111E-004
#    -12    19       3.9617399460E-005
#    -12    20       4.7702580785E-004
#    -12    21       4.0628546793E-004
#    -11   -26       1.2209512447E-005
#    -11   -25       2.0790311107E-005
#    -11   -24       1.2511850167E-005
#    -11   -23       3.3610909046E-004
#    -11   -22       2.9040638930E-004
#    -11   -21       2.8250943361E-006
#    -11   -20       1.5074711871E-005
#    -11   -19       2.7474793487E-005
#    -11   -18       2.1461397626E-005
#    -11   -17       3.2490998072E-005
#    -11   -16       5.3435991728E-005
#    -11   -15       1.1035706465E-005
#    -11   -14       1.1758742725E-005
#    -11   -13       2.3292380902E-004
#    -11   -12       4.1350739985E-004
#    -11   -11       2.1241962602E-005
#    -11   -10       9.7696343399E-005
#    -11    -9       1.9287674937E-005
#    -11    -8       1.7587991592E-004
#    -11    -7       2.9524708139E-004
#    -11    -6       1.5924228233E-005
#    -11    -5       2.7202368122E-004
#    -11    -4       1.0504603517E-004
#    -11    -3       2.3137616511E-004
#    -11    -2       1.2471596837E-005
#    -11    -1       3.0693507262E-005
#    -11     0       5.0957452864E-005
#    -11     1       1.2169170566E-004
#    -11     2       1.4556880446E-003
#    -11     3       1.7311850589E-003
#    -11     4       9.7601610808E-005
#    -11     5       8.6109736765E-004
#    -11     6       1.1289285404E-004
#    -11     7       1.6931875657E-003
#    -11     8       9.7861185852E-004
#    -11     9       6.9325047856E-005
#    -11    10       2.7099445906E-004
#    -11    11       1.8965731777E-005
#    -11    12       1.3910938204E-004
#    -11    13       4.5055505340E-004
#    -11    14       2.5995792101E-006
#    -11    15       1.2760825903E-004
#    -11    16       8.3239338166E-005
#    -11    17       6.4870492127E-005
#    -11    18       7.9120119697E-004
#    -11    19       1.8067753369E-005
#    -11    20       8.2943708786E-005
#    -10   -27       9.8130228264E-006
#    -10   -26       1.5944045669E-005
#    -10   -25       2.1623978397E-004
#    -10   -24       1.6901151635E-004
#    -10   -23       2.2301230524E-005
#    -10   -22       4.4715379821E-005
#    -10   -21       5.1269257746E-005
#    -10   -20       3.6281593683E-006
#    -10   -19       3.5701021318E-006
#    -10   -18       2.9508198775E-006
#    -10   -17       1.8795677959E-005
#    -10   -16       1.0618122032E-004
#    -10   -15       3.2983986059E-003
#    -10   -14       1.3369996082E-004
#    -10   -13       1.3694461119E-005
#    -10   -12       3.3430611869E-005
#    -10   -11       3.4647910500E-004
#    -10   -10       7.9243220482E-003
#    -10    -9       1.4454121513E-004
#    -10    -8       1.6634335557E-005
#    -10    -7       8.1086729746E-005
#    -10    -6       2.0018309165E-004
#    -10    -5       2.3592697142E-002
#    -10    -4       1.5464422833E-004
#    -10    -3       6.2808448442E-006
#    -10    -2       4.8971065317E-007
#    -10    -1       5.6819074333E-004
#    -10     0       3.3758627761E-002
#    -10     1       1.3507759604E-003
#    -10     2       1.0685179660E-004
#    -10     3       2.0819126529E-004
#    -10     4       7.9408848431E-004
#    -10     5       1.3220428878E-002
#    -10     6       7.0283546033E-004
#    -10     7       1.3445776483E-004
#    -10     8       7.0029034400E-005
#    -10     9       2.1725511994E-004
#    -10    10       1.5965664907E-002
#    -10    11       7.6541853322E-005
#    -10    12       6.3655897262E-005
#    -10    13       7.0929338362E-005
#    -10    14       5.4250666755E-004
#    -10    15       1.8539628147E-002
#    -10    16       2.7506355454E-004
#    -10    17       1.0519906409E-005
#    -10    18       8.6390027247E-006
#    -10    19       5.4001399472E-004
#     -9   -27       9.1361766779E-005
#     -9   -26       6.9001678872E-005
#     -9   -25       4.3328519965E-005
#     -9   -24       1.8800932255E-005
#     -9   -23       4.6522077856E-004
#     -9   -22       2.6928927449E-004
#     -9   -21       1.3408106268E-005
#     -9   -20       4.0055794677E-005
#     -9   -19       2.2807101634E-005
#     -9   -18       6.7381469396E-005
#     -9   -17       1.0893708134E-005
#     -9   -16       3.4890758020E-006
#     -9   -15       7.8366344442E-005
#     -9   -14       8.3206548568E-005
#     -9   -13       6.0953365315E-004
#     -9   -12       7.4853988218E-004
#     -9   -11       8.3904565706E-005
#     -9   -10       4.9403507381E-005
#     -9    -9       1.5892488306E-005
#     -9    -8       6.6750854623E-004
#     -9    -7       8.7214731253E-004
#     -9    -6       7.2977644310E-005
#     -9    -5       7.9419465361E-005
#     -9    -4       2.6093340531E-005
#     -9    -3       6.2986805203E-004
#     -9    -2       1.5096294039E-003
#     -9    -1       2.2561918791E-004
#     -9     0       5.3925462658E-004
#     -9     1       1.1430382110E-004
#     -9     2       1.8171838580E-003
#     -9     3       1.1218454101E-003
#     -9     4       1.0906691104E-004
#     -9     5       6.0626474814E-004
#     -9     6       3.8868530323E-005
#     -9     7       4.4998489921E-004
#     -9     8       4.7791842716E-004
#     -9     9       3.8225858522E-005
#     -9    10       3.0253354123E-005
#     -9    11       2.1671035068E-005
#     -9    12       1.2899106403E-004
#     -9    13       1.7220658974E-004
#     -9    14       7.4698176592E-005
#     -9    15       5.6318682210E-004
#     -9    16       6.1205061467E-005
#     -9    17       1.3612887496E-003
#     -9    18       4.8606402913E-004
#     -9    19       2.7750335233E-005
#     -8   -27       8.0513352669E-005
#     -8   -26       4.6027170790E-005
#     -8   -25       2.3475879683E-004
#     -8   -24       8.3405993176E-005
#     -8   -23       1.6297579380E-004
#     -8   -22       1.7098410835E-004
#     -8   -21       7.9334690776E-005
#     -8   -20       1.0288108182E-004
#     -8   -19       2.2499135005E-005
#     -8   -18       1.6424213505E-005
#     -8   -17       4.9130162602E-005
#     -8   -16       1.5464243994E-004
#     -8   -15       2.8105066961E-004
#     -8   -14       1.1456245514E-004
#     -8   -13       2.8336929336E-004
#     -8   -12       2.5302473330E-004
#     -8   -11       1.6212554264E-004
#     -8   -10       3.9676573376E-004
#     -8    -9       1.3272237377E-004
#     -8    -8       1.3358972738E-004
#     -8    -7       2.5340586573E-004
#     -8    -6       4.2621671834E-007
#     -8    -5       3.4240808630E-004
#     -8    -4       2.6732462002E-004
#     -8    -3       5.9523393305E-004
#     -8    -2       6.9559684657E-004
#     -8    -1       6.9483737212E-004
#     -8     0       2.0614037734E-003
#     -8     1       5.1638495991E-004
#     -8     2       1.8665412653E-004
#     -8     3       2.7286107031E-004
#     -8     4       8.2201180641E-006
#     -8     5       5.3524881096E-005
#     -8     6       1.0776451665E-005
#     -8     7       1.7003991123E-004
#     -8     8       3.5957484930E-005
#     -8     9       4.8856899686E-006
#     -8    10       2.0342547258E-004
#     -8    11       1.0491139602E-004
#     -8    12       2.7126408365E-004
#     -8    13       2.1046031181E-005
#     -8    14       7.4104512445E-005
#     -8    15       4.5728978120E-004
#     -8    16       4.4223119017E-004
#     -8    17       4.7450127787E-004
#     -8    18       1.7581321658E-004
#     -7   -27       2.5201847692E-005
#     -7   -26       7.5313987692E-005
#     -7   -25       2.8913787252E-004
#     -7   -24       2.0842932499E-004
#     -7   -23       3.0277064953E-004
#     -7   -22       7.4583417092E-005
#     -7   -21       6.8966245471E-005
#     -7   -20       1.0697323767E-004
#     -7   -19       4.2464925211E-005
#     -7   -18       4.3227119779E-005
#     -7   -17       6.0051466240E-006
#     -7   -16       9.2962935429E-005
#     -7   -15       4.2969373097E-004
#     -7   -14       2.9375184906E-004
#     -7   -13       2.7995805293E-004
#     -7   -12       1.7827586363E-004
#     -7   -11       6.4808898167E-005
#     -7   -10       9.0475792546E-005
#     -7    -9       7.5690434983E-005
#     -7    -8       2.9002301071E-005
#     -7    -7       1.1838817086E-004
#     -7    -6       1.5437609241E-004
#     -7    -5       1.3183382082E-003
#     -7    -4       3.6837320803E-004
#     -7    -3       9.8195880437E-004
#     -7    -2       8.9018642894E-004
#     -7    -1       3.0750323352E-004
#     -7     0       5.3096113588E-004
#     -7     1       7.2218972520E-005
#     -7     2       7.6817219081E-005
#     -7     3       4.9233418030E-005
#     -7     4       1.5564258078E-005
#     -7     5       2.3883992027E-004
#     -7     6       3.7999080829E-005
#     -7     7       1.3891681168E-004
#     -7     8       1.5930263745E-005
#     -7     9       2.2379694680E-005
#     -7    10       1.0175169145E-003
#     -7    11       5.0298665991E-004
#     -7    12       5.0664014015E-004
#     -7    13       9.3728302195E-005
#     -7    14       1.2746156953E-004
#     -7    15       7.7976650267E-004
#     -7    16       4.4878234696E-004
#     -7    17       1.5865245682E-004
#     -6   -27       1.1021609955E-004
#     -6   -26       3.8663264152E-005
#     -6   -25       8.1285063856E-005
#     -6   -24       2.4811167975E-005
#     -6   -23       5.0185568868E-004
#     -6   -22       3.5238273049E-004
#     -6   -21       2.0410193352E-005
#     -6   -20       4.2446691338E-005
#     -6   -19       4.3011348664E-005
#     -6   -18       1.9668545024E-004
#     -6   -17       1.5476158705E-004
#     -6   -16       6.0023499485E-005
#     -6   -15       1.1499296275E-004
#     -6   -14       1.2019522659E-004
#     -6   -13       4.7727918464E-004
#     -6   -12       1.7076121580E-004
#     -6   -11       1.8840942713E-005
#     -6   -10       3.1922646221E-006
#     -6    -9       4.5817909948E-005
#     -6    -8       8.7816825909E-005
#     -6    -7       6.1040711141E-004
#     -6    -6       3.1194470916E-005
#     -6    -5       9.4028026307E-004
#     -6    -4       1.1921447332E-004
#     -6    -3       8.8963595798E-004
#     -6    -2       4.0007997380E-004
#     -6    -1       1.5293513238E-005
#     -6     0       4.7066472011E-005
#     -6     1       5.1713567746E-005
#     -6     2       6.2296647563E-004
#     -6     3       5.9354025088E-004
#     -6     4       8.3707630091E-005
#     -6     5       4.0558792907E-004
#     -6     6       1.3613232116E-005
#     -6     7       9.1667094671E-005
#     -6     8       9.6577569172E-005
#     -6     9       3.3790641300E-005
#     -6    10       9.3935958266E-004
#     -6    11       2.0917893925E-004
#     -6    12       1.8120402410E-003
#     -6    13       4.2490866771E-004
#     -6    14       3.3575502254E-005
#     -6    15       4.6287696554E-004
#     -6    16       4.7533529036E-006
#     -5   -27       6.5097112397E-006
#     -5   -26       1.1232777430E-004
#     -5   -25       5.3951792485E-004
#     -5   -24       2.2440933174E-004
#     -5   -23       5.3553401114E-005
#     -5   -22       1.3336511596E-005
#     -5   -21       8.8458354302E-005
#     -5   -20       1.4142049107E-003
#     -5   -19       3.2152812563E-005
#     -5   -18       2.4557752993E-005
#     -5   -17       4.3783246115E-006
#     -5   -16       1.9969164896E-004
#     -5   -15       1.6211758193E-003
#     -5   -14       1.4813552103E-004
#     -5   -13       4.4392679366E-006
#     -5   -12       5.0830644634E-006
#     -5   -11       8.0919258583E-005
#     -5   -10       1.3701261700E-002
#     -5    -9       2.4029258413E-004
#     -5    -8       3.4168321576E-005
#     -5    -7       2.6130534358E-004
#     -5    -6       5.6383068866E-004
#     -5    -5       1.3269842561E-002
#     -5    -4       4.7766257086E-004
#     -5    -3       4.2476459146E-005
#     -5    -2       6.8379414855E-006
#     -5    -1       1.3917236073E-004
#     -5     0       9.1679111756E-003
#     -5     1       4.1551659680E-004
#     -5     2       1.0220411839E-004
#     -5     3       1.5336151999E-004
#     -5     4       2.9018855012E-004
#     -5     5       1.5343882773E-003
#     -5     6       2.0372802363E-004
#     -5     7       7.9146629753E-005
#     -5     8       1.9953252773E-004
#     -5     9       1.0703583031E-003
#     -5    10       4.7691968098E-002
#     -5    11       1.2633944656E-003
#     -5    12       8.4018269481E-005
#     -5    13       1.2236348870E-004
#     -5    14       4.2837556833E-004
#     -5    15       2.2294133962E-002
#     -4   -28       1.6540330256E-004
#     -4   -27       1.1513752895E-004
#     -4   -26       1.0869860952E-005
#     -4   -25       4.7726601100E-005
#     -4   -24       4.1744054931E-005
#     -4   -23       3.9630405489E-004
#     -4   -22       2.4397152176E-004
#     -4   -21       1.0631815469E-005
#     -4   -20       6.0099533444E-005
#     -4   -19       5.1020656148E-005
#     -4   -18       2.9152212637E-004
#     -4   -17       1.2505879424E-004
#     -4   -16       6.0160043764E-006
#     -4   -15       6.1479526609E-005
#     -4   -14       3.2090803000E-005
#     -4   -13       2.8162435017E-004
#     -4   -12       2.2152945234E-004
#     -4   -11       1.2924980363E-004
#     -4   -10       1.2563488643E-004
#     -4    -9       1.1934047817E-005
#     -4    -8       1.2007161979E-003
#     -4    -7       1.5532191602E-003
#     -4    -6       1.0585422336E-004
#     -4    -5       6.2679337769E-004
#     -4    -4       6.8361847051E-005
#     -4    -3       1.0215219245E-005
#     -4    -2       6.8811998924E-004
#     -4    -1       6.4240559611E-005
#     -4     0       2.3903715496E-004
#     -4     1       1.1655595187E-006
#     -4     2       3.4168104065E-004
#     -4     3       3.5061616344E-004
#     -4     4       4.7520343347E-005
#     -4     5       2.4232335001E-004
#     -4     6       5.1711575974E-005
#     -4     7       6.2929232545E-004
#     -4     8       2.2016869866E-003
#     -4     9       3.6085068934E-004
#     -4    10       4.8451926812E-004
#     -4    11       1.5704715987E-004
#     -4    12       5.2166496751E-004
#     -4    13       2.9939747255E-004
#     -4    14       2.7806877019E-005
#     -3   -28       6.2781258013E-005
#     -3   -27       9.9530836393E-005
#     -3   -26       1.2021860108E-004
#     -3   -25       4.1871483533E-004
#     -3   -24       9.3796110487E-005
#     -3   -23       1.0453895021E-004
#     -3   -22       1.2971438991E-004
#     -3   -21       8.1485853069E-005
#     -3   -20       4.0755307215E-004
#     -3   -19       6.2203222591E-005
#     -3   -18       5.3893259308E-005
#     -3   -17       2.6467440980E-005
#     -3   -16       7.1079018183E-005
#     -3   -15       2.2065217954E-004
#     -3   -14       1.0709751071E-004
#     -3   -13       2.2977617522E-005
#     -3   -12       1.4676005733E-004
#     -3   -11       1.5508152557E-004
#     -3   -10       1.0005294415E-003
#     -3    -9       5.1355597320E-004
#     -3    -8       3.9768154781E-004
#     -3    -7       7.6154857187E-004
#     -3    -6       8.7620646315E-005
#     -3    -5       5.3806893505E-005
#     -3    -4       4.1384882686E-005
#     -3    -3       1.9694499591E-004
#     -3    -2       3.7523102740E-004
#     -3    -1       7.7547291162E-005
#     -3     0       1.2077963259E-004
#     -3     1       4.5291111557E-005
#     -3     2       1.9380826512E-006
#     -3     3       6.1127607892E-005
#     -3     4       7.0498443146E-006
#     -3     5       4.5219101016E-005
#     -3     6       1.2524605522E-005
#     -3     7       4.3955881956E-004
#     -3     8       3.1442777123E-004
#     -3     9       3.6226736228E-004
#     -3    10       1.3427557004E-003
#     -3    11       5.7173419641E-004
#     -3    12       1.1195519500E-004
#     -3    13       1.6824200847E-004
#     -2   -28       1.8156371300E-005
#     -2   -27       1.5020408636E-004
#     -2   -26       4.6878373073E-005
#     -2   -25       3.2430656083E-004
#     -2   -24       1.2966130164E-004
#     -2   -23       1.7823296703E-004
#     -2   -22       2.0051694348E-004
#     -2   -21       1.1805366399E-004
#     -2   -20       3.0222070362E-004
#     -2   -19       3.7695386165E-005
#     -2   -18       5.0656003677E-005
#     -2   -17       1.4183040820E-004
#     -2   -16       5.2588894456E-005
#     -2   -15       4.1150528141E-005
#     -2   -14       5.3596644658E-005
#     -2   -13       5.6866333561E-005
#     -2   -12       2.2386297695E-004
#     -2   -11       3.2597045466E-004
#     -2   -10       1.2511495206E-003
#     -2    -9       4.0521033264E-004
#     -2    -8       3.1383603270E-004
#     -2    -7       1.5328907154E-004
#     -2    -6       1.7730225190E-005
#     -2    -5       1.6475126919E-004
#     -2    -4       1.2886201658E-004
#     -2    -3       2.8552072123E-004
#     -2    -2       1.2073607528E-004
#     -2    -1       2.3495840669E-005
#     -2     0       1.1405123486E-004
#     -2     1       2.2283177851E-005
#     -2     2       4.1405338505E-004
#     -2     3       2.0482813269E-004
#     -2     4       3.4452302891E-005
#     -2     5       1.0384468321E-004
#     -2     6       3.5607558428E-005
#     -2     7       1.0508710509E-004
#     -2     8       1.6818687531E-004
#     -2     9       3.1625175555E-004
#     -2    10       1.1163029644E-003
#     -2    11       1.3912410285E-004
#     -2    12       2.7351491730E-004
#     -1   -27       1.0521634982E-004
#     -1   -26       2.5516076984E-005
#     -1   -25       4.5825324863E-005
#     -1   -24       2.2505049035E-005
#     -1   -23       2.3619312165E-004
#     -1   -22       2.5246505947E-004
#     -1   -21       1.3786669499E-005
#     -1   -20       1.7454990763E-005
#     -1   -19       1.7890457591E-005
#     -1   -18       1.2715663108E-004
#     -1   -17       2.4876978794E-004
#     -1   -16       2.8010462829E-005
#     -1   -15       2.0481509865E-005
#     -1   -14       4.5764542831E-005
#     -1   -13       2.3737218286E-004
#     -1   -12       7.0733631584E-004
#     -1   -11       1.4155399338E-004
#     -1   -10       2.8365167304E-004
#     -1    -9       4.8022423629E-006
#     -1    -8       4.3701549494E-004
#     -1    -7       2.7221391646E-004
#     -1    -6       9.8484543158E-006
#     -1    -5       3.9459737976E-004
#     -1    -4       1.1174336859E-005
#     -1    -3       3.0200310555E-004
#     -1    -2       3.7222854792E-007
#     -1    -1       1.3943191034E-005
#     -1     0       4.4146976546E-004
#     -1     1       2.0270730059E-004
#     -1     2       2.0244978668E-003
#     -1     3       5.6445541364E-004
#     -1     4       2.9604562675E-005
#     -1     5       3.0792796202E-004
#     -1     6       1.8834908685E-004
#     -1     7       4.2920447169E-004
#     -1     8       7.2403136171E-005
#     -1     9       9.0639917585E-005
#     -1    10       3.2670487282E-004
#     -1    11       2.3300436464E-005
#      0   -27       3.8988376480E-005
#      0   -26       2.4725263921E-004
#      0   -25       1.7470535419E-004
#      0   -24       2.3376563409E-004
#      0   -23       6.7341564017E-005
#      0   -22       4.4208983982E-005
#      0   -21       1.7657141861E-004
#      0   -20       2.5238031873E-003
#      0   -19       4.2267585458E-005
#      0   -18       1.5302992736E-005
#      0   -17       2.6917045247E-005
#      0   -16       2.4078092252E-005
#      0   -15       1.4508863968E-002
#      0   -14       5.9248472339E-005
#      0   -13       6.0233955652E-006
#      0   -12       2.3651031690E-005
#      0   -11       1.7524302798E-004
#      0   -10       1.7495883848E-002
#      0    -9       1.3528177045E-004
#      0    -8       2.9391811017E-005
#      0    -7       1.6067738657E-004
#      0    -6       1.0853827525E-004
#      0    -5       1.9326280198E-003
#      0    -4       9.0435135123E-005
#      0    -3       7.2908870179E-006
#      0    -2       1.5958300324E-004
#      0    -1       7.4271948420E-004
#      0     0       4.0302579100E-002
#      0     1       1.5795388887E-003
#      0     2       8.8315844156E-005
#      0     3       6.2851440391E-005
#      0     4       3.3931504892E-004
#      0     5       9.0386303857E-003
#      0     6       1.1892102321E-003
#      0     7       7.4107067903E-005
#      0     8       3.3901465581E-004
#      0     9       3.6897110113E-004
#      0    10       1.1203571292E-002
#      1   -27       2.8893157210E-004
#      1   -26       1.7788679060E-005
#      1   -25       2.5140954454E-004
#      1   -24       6.1251907220E-006
#      1   -23       3.1185101747E-004
#      1   -22       5.1098859774E-004
#      1   -21       4.6293278025E-005
#      1   -20       6.6375073877E-006
#      1   -19       2.5781144237E-005
#      1   -18       6.0418154395E-005
#      1   -17       1.2258625933E-005
#      1   -16       1.1408169578E-005
#      1   -15       7.6307853513E-005
#      1   -14       1.4380227146E-005
#      1   -13       3.1126939089E-004
#      1   -12       3.2388014737E-004
#      1   -11       9.5340280772E-006
#      1   -10       1.8160147249E-006
#      1    -9       4.7698477200E-005
#      1    -8       6.3614005804E-005
#      1    -7       4.1713200553E-005
#      1    -6       6.3140272729E-006
#      1    -5       1.8279416987E-004
#      1    -4       5.9573906370E-005
#      1    -3       2.8357828648E-005
#      1    -2       1.6608104285E-003
#      1    -1       2.7328920908E-004
#      1     0       1.4717132266E-003
#      1     1       1.1201050621E-004
#      1     2       5.6930069149E-004
#      1     3       2.9370313943E-004
#      1     4       1.1256019933E-004
#      1     5       6.1731258838E-004
#      1     6       2.1742058297E-004
#      1     7       1.4822709177E-004
#      1     8       1.3241407829E-003
#      1     9       3.7302253284E-005
#      2   -27       7.4275478989E-005
#      2   -26       3.3261996727E-004
#      2   -25       3.4473652841E-004
#      2   -24       9.0585446982E-005
#      2   -23       2.7643963148E-004
#      2   -22       8.2253397873E-005
#      2   -21       6.1582271045E-005
#      2   -20       3.4779225428E-005
#      2   -19       5.0244791770E-005
#      2   -18       4.9639307728E-005
#      2   -17       2.0351422005E-005
#      2   -16       6.9339724267E-005
#      2   -15       3.3316534700E-004
#      2   -14       2.0101847884E-004
#      2   -13       1.0971136318E-004
#      2   -12       5.6714982028E-005
#      2   -11       1.8162674927E-004
#      2   -10       5.9288152598E-005
#      2    -9       2.1309685576E-004
#      2    -8       3.5858707945E-005
#      2    -7       1.8109560555E-004
#      2    -6       2.7548086211E-005
#      2    -5       4.4448099694E-005
#      2    -4       8.5180639034E-005
#      2    -3       1.4374843354E-004
#      2    -2       7.6066863799E-004
#      2    -1       4.1421896823E-004
#      2     0       9.8755857869E-004
#      2     1       3.6478687954E-004
#      2     2       2.9548365840E-005
#      2     3       8.2131983698E-005
#      2     4       2.4005847320E-004
#      2     5       2.4274633430E-003
#      2     6       1.9371715546E-004
#      2     7       8.7065165102E-005
#      2     8       4.5755458424E-004
#      3   -26       9.1462615279E-005
#      3   -25       8.5628666570E-005
#      3   -24       3.3092885630E-004
#      3   -23       1.0507205565E-004
#      3   -22       3.6050590585E-005
#      3   -21       4.3943113339E-005
#      3   -20       9.9603904004E-005
#      3   -19       2.0293732676E-005
#      3   -18       1.3317899378E-004
#      3   -17       1.8558555372E-004
#      3   -16       5.3385024281E-005
#      3   -15       4.4705923206E-004
#      3   -14       3.0775093550E-004
#      3   -13       1.7369961998E-004
#      3   -12       4.9702381616E-005
#      3   -11       2.0081652413E-004
#      3   -10       1.2402640032E-003
#      3    -9       3.9249805413E-004
#      3    -8       5.8826078783E-004
#      3    -7       4.4620131720E-004
#      3    -6       5.2349149354E-005
#      3    -5       1.2923990869E-004
#      3    -4       1.2255212757E-004
#      3    -3       1.1980134858E-005
#      3    -2       7.2509191194E-006
#      3    -1       4.1677278568E-004
#      3     0       1.3031657357E-003
#      3     1       3.8558782540E-004
#      3     2       7.2654811872E-004
#      3     3       1.6317727952E-004
#      3     4       1.5535863941E-004
#      3     5       1.9101855055E-004
#      3     6       2.4628325977E-004
#      4   -26       4.0568930809E-005
#      4   -25       1.6996997193E-004
#      4   -24       1.5275108833E-005
#      4   -23       4.3229650431E-004
#      4   -22       4.8123592721E-004
#      4   -21       7.2776989337E-006
#      4   -20       1.4961478796E-004
#      4   -19       1.7492181998E-005
#      4   -18       1.3517686404E-004
#      4   -17       2.5034472857E-004
#      4   -16       1.3039414543E-004
#      4   -15       1.6765745126E-004
#      4   -14       4.5750884293E-005
#      4   -13       2.0653610688E-004
#      4   -12       1.1431139545E-003
#      4   -11       2.0672205762E-004
#      4   -10       8.6132733768E-004
#      4    -9       6.2048718408E-005
#      4    -8       2.1575633299E-003
#      4    -7       5.7676325786E-004
#      4    -6       4.2436394974E-006
#      4    -5       3.5828596071E-004
#      4    -4       2.4392850365E-004
#      4    -3       8.1432469800E-005
#      4    -2       6.1544408670E-005
#      4    -1       1.3254796160E-004
#      4     0       1.4490845335E-003
#      4     1       1.7566977392E-004
#      4     2       2.3797416547E-003
#      4     3       9.5424227457E-004
#      4     4       9.8755679498E-005
#      4     5       5.3385009761E-005
#      5   -25       1.6687239585E-003
#      5   -24       5.1817052411E-005
#      5   -23       4.4098936800E-007
#      5   -22       7.1618103898E-007
#      5   -21       1.2416692802E-004
#      5   -20       9.1064769498E-004
#      5   -19       2.2591630744E-004
#      5   -18       5.9919248034E-006
#      5   -17       1.9129805588E-005
#      5   -16       3.7242595137E-004
#      5   -15       1.7714345878E-002
#      5   -14       2.7248100501E-004
#      5   -13       2.0906403746E-006
#      5   -12       7.7285939799E-005
#      5   -11       1.5059107765E-003
#      5   -10       4.7224822928E-002
#      5    -9       1.5363557668E-003
#      5    -8       8.2008298767E-005
#      5    -7       2.1026619081E-005
#      5    -6       4.3839799211E-004
#      5    -5       8.6219066301E-003
#      5    -4       5.7888413956E-004
#      5    -3       8.8278609460E-005
#      5    -2       4.2549101509E-004
#      5    -1       1.0460224772E-003
#      5     0       6.1315473901E-002
#      5     1       1.7078603843E-003
#      5     2       4.3504936689E-005
#      5     3       2.8436407700E-005
#      6   -25       2.3293461958E-004
#      6   -24       2.8240439484E-006
#      6   -23       2.1135734814E-004
#      6   -22       2.8551608399E-004
#      6   -21       1.0599526973E-004
#      6   -20       3.0774967957E-004
#      6   -19       6.7872662005E-005
#      6   -18       4.9554667299E-004
#      6   -17       2.0174119452E-004
#      6   -16       4.2456056749E-006
#      6   -15       5.1776668561E-004
#      6   -14       3.9796340157E-005
#      6   -13       2.9614750599E-005
#      6   -12       1.8225684041E-003
#      6   -11       1.4776985855E-004
#      6   -10       3.8363448365E-004
#      6    -9       1.6945286792E-004
#      6    -8       6.3226402299E-005
#      6    -7       4.0370014250E-004
#      6    -6       3.4272285851E-004
#      6    -5       4.2977349553E-004
#      6    -4       1.9049632140E-004
#      6    -3       3.7185288968E-004
#      6    -2       3.7571633384E-003
#      6    -1       1.8419012067E-004
#      6     0       1.5337939010E-003
#      6     1       3.0475892801E-004
#      6     2       9.8462353126E-004
#      7   -24       2.2641698620E-004
#      7   -23       3.1086466888E-004
#      7   -22       9.0255801415E-005
#      7   -21       8.7429905226E-004
#      7   -20       6.1958444599E-004
#      7   -19       1.3643633102E-004
#      7   -18       1.4274116059E-004
#      7   -17       1.1852100416E-004
#      7   -16       3.5736662329E-004
#      7   -15       1.0650784860E-003
#      7   -14       1.0532365948E-004
#      7   -13       4.4299466119E-005
#      7   -12       4.8164473119E-004
#      7   -11       1.7779784391E-003
#      7   -10       1.6515963422E-003
#      7    -9       3.3924869515E-005
#      7    -8       3.3959505765E-006
#      7    -7       2.2761719337E-004
#      7    -6       4.2228403845E-004
#      7    -5       2.8300088261E-003
#      7    -4       1.4022240315E-004
#      7    -3       4.3455187234E-004
#      7    -2       6.7705933286E-004
#      7    -1       4.9025121823E-004
#      7     0       6.3615463433E-004
#      8   -23       1.7168726530E-004
#      8   -22       7.7247761575E-005
#      8   -21       2.1674828392E-004
#      8   -20       7.9609309901E-004
#      8   -19       6.3675460819E-004
#      8   -18       1.4717395466E-004
#      8   -17       6.7308843952E-004
#      8   -16       4.5894538570E-004
#      8   -15       8.2053946266E-004
#      8   -14       1.8148150030E-004
#      8   -13       1.5965483611E-004
#      8   -12       2.5252494364E-004
#      8   -11       6.6504486639E-004
#      8   -10       1.0302179015E-003
#      8    -9       4.6968411577E-005
#      8    -8       1.2935840183E-004
#      8    -7       1.6340543098E-004
#      8    -6       9.8932121091E-005
#      8    -5       1.5235285524E-004
#      8    -4       2.9742212846E-004
#      8    -3       1.3116002360E-005
#      8    -2       2.9874798471E-004
#      9   -21       1.4486749365E-004
#      9   -20       1.3274182202E-004
#      9   -19       4.3463620347E-005
#      9   -18       5.9115630329E-004
#      9   -17       5.5958832465E-004
#      9   -16       8.5278860653E-005
#      9   -15       4.7648770149E-004
#      9   -14       1.1104138707E-004
#      9   -13       3.3499856655E-004
#      9   -12       1.2511986391E-004
#      9   -11       2.7033185666E-006
#      9   -10       2.2429007983E-004
#      9    -9       1.7726136468E-004
#      9    -8       7.5475824188E-004
#      9    -7       5.5431924642E-004
#      9    -6       1.0841271481E-004
#      9    -5       9.0490980669E-005
#     10   -19       3.0477043446E-004
#     10   -18       2.9970802644E-005
#     10   -17       9.3737109820E-005
#     10   -16       3.7918961970E-004
#     10   -15       2.2256121559E-002
#     10   -14       2.9569212215E-005
#     10   -13       8.4313166004E-005
#     10   -12       1.8781778327E-004
#     10   -11       1.2357234626E-004
#     10   -10       1.3183944860E-002
#     10    -9       3.8877746855E-004
#     10    -8       6.0651384543E-005
