 Diffraction intensities for potential:_5x5_04D10008.in                        
#    -45    11       8.6708528803E-006
#    -45    12       2.8697824469E-007
#    -45    13       2.7921281379E-008
#    -45    14       7.9594055284E-005
#    -45    15       1.9112271319E-004
#    -45    16       1.1172874471E-004
#    -44     7       6.0888678564E-005
#    -44     8       1.5979078247E-005
#    -44     9       1.4184037182E-005
#    -44    10       1.5389895541E-005
#    -44    11       1.1138206029E-005
#    -44    12       9.6813296372E-005
#    -44    13       2.1454757884E-005
#    -44    14       1.8155737709E-005
#    -44    15       1.9654206166E-005
#    -44    16       3.8698713977E-005
#    -44    17       8.6830372609E-005
#    -44    18       1.7399254976E-005
#    -44    19       5.1475680064E-006
#    -44    20       8.9141165233E-007
#    -43     4       2.0590029599E-006
#    -43     5       1.2927355979E-005
#    -43     6       5.0075381255E-005
#    -43     7       9.2460177473E-005
#    -43     8       1.6156786697E-005
#    -43     9       2.1282573280E-006
#    -43    10       2.6112826688E-005
#    -43    11       1.8148440064E-004
#    -43    12       2.4109979570E-004
#    -43    13       2.2352571287E-005
#    -43    14       7.7200119277E-006
#    -43    15       1.2137080361E-005
#    -43    16       1.9057422655E-004
#    -43    17       2.0793493842E-004
#    -43    18       2.6698716042E-005
#    -43    19       4.6039680442E-006
#    -43    20       2.2630291382E-005
#    -43    21       1.1013712432E-004
#    -43    22       1.2930190959E-004
#    -42     2       1.1897212865E-005
#    -42     3       9.0199897845E-005
#    -42     4       6.0458052714E-005
#    -42     5       5.0734643734E-006
#    -42     6       1.1277832552E-006
#    -42     7       1.6641793977E-005
#    -42     8       1.6132068034E-004
#    -42     9       1.6578674424E-004
#    -42    10       2.4970446924E-005
#    -42    11       3.0061522875E-007
#    -42    12       1.7534538487E-005
#    -42    13       3.2968068131E-004
#    -42    14       2.8471521373E-004
#    -42    15       3.2327954280E-005
#    -42    16       3.3053479738E-006
#    -42    17       1.5645139653E-005
#    -42    18       3.0852900497E-004
#    -42    19       3.0069114968E-004
#    -42    20       1.9849746548E-005
#    -42    21       8.5170993513E-007
#    -42    22       1.9331601106E-005
#    -42    23       8.8077197244E-005
#    -41     0       6.5336857133E-006
#    -41     1       1.4607036973E-006
#    -41     2       3.6168534918E-006
#    -41     3       7.7447824606E-005
#    -41     4       1.1974194739E-005
#    -41     5       1.7541585098E-005
#    -41     6       5.2241744434E-006
#    -41     7       2.2107153697E-005
#    -41     8       9.7749858176E-005
#    -41     9       3.0409149746E-005
#    -41    10       1.0199298611E-005
#    -41    11       1.7488135776E-005
#    -41    12       4.6980583250E-005
#    -41    13       2.5995228553E-004
#    -41    14       6.3994705957E-005
#    -41    15       4.3025323792E-005
#    -41    16       7.3541986268E-005
#    -41    17       4.5805448620E-005
#    -41    18       2.4720846379E-004
#    -41    19       3.3710266445E-005
#    -41    20       4.7771292660E-005
#    -41    21       5.8437286258E-005
#    -41    22       6.6417244876E-005
#    -41    23       1.4198714271E-004
#    -41    24       2.5342686658E-005
#    -40    -2       4.9886669734E-006
#    -40    -1       1.2726148830E-005
#    -40     0       2.4146006233E-004
#    -40     1       7.8334042250E-005
#    -40     2       6.2740184732E-007
#    -40     3       6.0599717958E-007
#    -40     4       1.0492871586E-004
#    -40     5       2.3465028652E-004
#    -40     6       8.9761388717E-005
#    -40     7       4.3835995902E-006
#    -40     8       6.2607297815E-006
#    -40     9       1.0956027557E-004
#    -40    10       4.8544279406E-004
#    -40    11       2.0096946250E-004
#    -40    12       1.0028366675E-005
#    -40    13       5.7441829094E-006
#    -40    14       3.3544253004E-004
#    -40    15       6.7593039690E-004
#    -40    16       3.0892359164E-004
#    -40    17       4.7908624239E-006
#    -40    18       9.7221486676E-006
#    -40    19       2.6727157881E-004
#    -40    20       4.6278948917E-004
#    -40    21       1.8577210151E-004
#    -40    22       8.8825703780E-006
#    -40    23       1.6967921310E-006
#    -40    24       1.2893926327E-004
#    -40    25       1.5435368529E-004
#    -39    -4       1.1141091480E-005
#    -39    -3       5.5793976619E-005
#    -39    -2       2.8208404670E-006
#    -39    -1       1.5478287700E-005
#    -39     0       7.1172646555E-006
#    -39     1       1.6010013552E-005
#    -39     2       7.7897673064E-005
#    -39     3       1.4461234936E-005
#    -39     4       2.4284060339E-005
#    -39     5       1.6317769963E-005
#    -39     6       4.0186210210E-005
#    -39     7       1.5577560657E-004
#    -39     8       4.1382641698E-005
#    -39     9       3.4083178395E-005
#    -39    10       2.9740807541E-005
#    -39    11       6.2116903949E-005
#    -39    12       2.6793264049E-004
#    -39    13       4.5177870781E-005
#    -39    14       4.6195666060E-005
#    -39    15       6.2621062735E-005
#    -39    16       8.5726108034E-005
#    -39    17       3.6539412946E-004
#    -39    18       1.0506200593E-004
#    -39    19       1.8326530699E-005
#    -39    20       1.6438945455E-005
#    -39    21       5.0486276289E-005
#    -39    22       1.6048461148E-004
#    -39    23       6.9425217106E-005
#    -39    24       1.0066598060E-004
#    -39    25       2.7520375505E-005
#    -39    26       5.2535945114E-005
#    -38    -5       7.8453688464E-006
#    -38    -4       6.6746441153E-005
#    -38    -3       1.2512689789E-004
#    -38    -2       1.1191070028E-005
#    -38    -1       6.3689292236E-007
#    -38     0       1.1204986974E-005
#    -38     1       9.9925257024E-005
#    -38     2       1.6171112564E-004
#    -38     3       2.1567843005E-005
#    -38     4       5.2900419204E-006
#    -38     5       2.6122957670E-005
#    -38     6       2.2711162199E-004
#    -38     7       2.4552388752E-004
#    -38     8       2.2056548093E-005
#    -38     9       1.9448966042E-007
#    -38    10       4.9899127136E-005
#    -38    11       4.0118005207E-004
#    -38    12       4.4213872355E-004
#    -38    13       6.2513188023E-005
#    -38    14       2.1031537586E-005
#    -38    15       3.8251138674E-005
#    -38    16       4.9069858512E-004
#    -38    17       5.2872836113E-004
#    -38    18       8.4437799291E-005
#    -38    19       3.3676844835E-006
#    -38    20       5.6700859533E-005
#    -38    21       3.8457636346E-004
#    -38    22       4.2694709178E-004
#    -38    23       4.1697990755E-005
#    -38    24       4.8246532206E-006
#    -38    25       1.8922384696E-005
#    -38    26       1.5904376357E-004
#    -37    -7       9.0044404234E-005
#    -37    -6       3.4406720180E-005
#    -37    -5       2.9564829796E-006
#    -37    -4       1.1387540561E-006
#    -37    -3       1.2530989325E-005
#    -37    -2       1.3448520588E-004
#    -37    -1       9.4469269084E-005
#    -37     0       6.8135979544E-006
#    -37     1       5.1655317916E-006
#    -37     2       1.2423384529E-005
#    -37     3       2.5696254189E-004
#    -37     4       3.1434975209E-004
#    -37     5       2.3205878419E-005
#    -37     6       2.0460991212E-006
#    -37     7       3.7260368697E-005
#    -37     8       3.0793576784E-004
#    -37     9       3.1652384764E-004
#    -37    10       5.1395813086E-005
#    -37    11       4.1568660296E-007
#    -37    12       3.8237286228E-005
#    -37    13       4.0997383171E-004
#    -37    14       4.4995563630E-004
#    -37    15       3.4354790264E-005
#    -37    16       2.0490456181E-005
#    -37    17       5.8406320772E-005
#    -37    18       5.7224134858E-004
#    -37    19       4.2435405721E-004
#    -37    20       5.4255377232E-005
#    -37    21       5.0574327826E-006
#    -37    22       1.1074292347E-005
#    -37    23       2.2774681334E-004
#    -37    24       3.6368353544E-004
#    -37    25       1.4981330613E-005
#    -37    26       9.6831048708E-006
#    -37    27       3.8057784226E-005
#    -36    -8       1.4699818986E-005
#    -36    -7       6.3971721994E-005
#    -36    -6       3.6469233365E-006
#    -36    -5       1.3254083427E-005
#    -36    -4       2.3235158323E-005
#    -36    -3       1.8584127092E-005
#    -36    -2       8.6436906610E-005
#    -36    -1       1.3730555718E-005
#    -36     0       1.2336234135E-005
#    -36     1       2.0425446636E-005
#    -36     2       2.5304358605E-005
#    -36     3       2.0985940760E-004
#    -36     4       4.3637637191E-005
#    -36     5       3.1640906059E-005
#    -36     6       6.6389724495E-006
#    -36     7       5.1294988378E-005
#    -36     8       1.7236876355E-004
#    -36     9       3.0694246660E-005
#    -36    10       3.4451286143E-005
#    -36    11       2.7578808110E-005
#    -36    12       6.4676618999E-005
#    -36    13       2.6183925776E-004
#    -36    14       7.0043299952E-005
#    -36    15       5.6824489799E-005
#    -36    16       1.0165361018E-004
#    -36    17       8.6303114949E-005
#    -36    18       2.9430180969E-004
#    -36    19       6.9536966729E-005
#    -36    20       2.3388747191E-005
#    -36    21       1.4338254499E-005
#    -36    22       7.6870350900E-005
#    -36    23       3.2604417589E-004
#    -36    24       4.3984075891E-005
#    -36    25       4.2180708024E-005
#    -36    26       8.8041710139E-005
#    -36    27       2.7531696962E-006
#    -35    -9       5.8402258270E-005
#    -35    -8       2.0329075535E-007
#    -35    -7       2.4754157102E-006
#    -35    -6       4.7029753970E-005
#    -35    -5       2.2545636102E-004
#    -35    -4       1.0497129106E-004
#    -35    -3       7.1367938011E-008
#    -35    -2       3.6238393201E-007
#    -35    -1       8.6528743494E-005
#    -35     0       4.0518882313E-004
#    -35     1       1.6501479439E-004
#    -35     2       4.0784771830E-006
#    -35     3       2.8106210035E-006
#    -35     4       1.8664548085E-004
#    -35     5       1.7707894446E-004
#    -35     6       1.4520272788E-004
#    -35     7       8.1934501623E-006
#    -35     8       1.0815116742E-005
#    -35     9       1.9744574659E-004
#    -35    10       7.1991958893E-004
#    -35    11       1.2998388473E-004
#    -35    12       9.7070461725E-006
#    -35    13       1.0776060025E-005
#    -35    14       1.8943606717E-004
#    -35    15       8.5424643928E-004
#    -35    16       2.5938021262E-004
#    -35    17       3.7613278760E-006
#    -35    18       1.3840700411E-005
#    -35    19       3.6028029906E-004
#    -35    20       6.0291577573E-004
#    -35    21       2.5592924253E-004
#    -35    22       1.1830156126E-005
#    -35    23       8.4864912546E-006
#    -35    24       2.4005758168E-004
#    -35    25       4.7525183162E-004
#    -35    26       5.4649051129E-004
#    -35    27       5.8110570298E-007
#    -34   -11       7.3493581724E-006
#    -34   -10       1.2345108465E-005
#    -34    -9       2.5576628851E-005
#    -34    -8       7.2609207337E-005
#    -34    -7       3.2503841028E-005
#    -34    -6       1.8364135147E-005
#    -34    -5       1.8378053187E-005
#    -34    -4       4.6240290629E-005
#    -34    -3       1.3817638548E-004
#    -34    -2       1.7430118705E-005
#    -34    -1       2.9639858657E-005
#    -34     0       1.8533848006E-005
#    -34     1       6.8038331122E-005
#    -34     2       2.7116865035E-004
#    -34     3       5.2580441744E-005
#    -34     4       2.7215904590E-005
#    -34     5       2.8625874756E-005
#    -34     6       2.6874559269E-005
#    -34     7       1.2315110186E-004
#    -34     8       2.2729987497E-005
#    -34     9       2.0653367709E-005
#    -34    10       5.8087679723E-006
#    -34    11       3.4781753699E-005
#    -34    12       1.0612424851E-004
#    -34    13       3.8064573043E-005
#    -34    14       2.1715636848E-005
#    -34    15       4.6492658511E-005
#    -34    16       5.0124206509E-005
#    -34    17       3.2404454853E-004
#    -34    18       8.3332118348E-005
#    -34    19       2.6415079558E-005
#    -34    20       3.0300788012E-005
#    -34    21       1.1795496405E-005
#    -34    22       2.2791436204E-004
#    -34    23       1.3067218477E-004
#    -34    24       8.2309395049E-005
#    -34    25       2.9202488239E-005
#    -34    26       1.1322861435E-004
#    -34    27       1.8001726577E-004
#    -33   -12       2.3194952098E-005
#    -33   -11       2.1079648028E-006
#    -33   -10       6.4607635279E-006
#    -33    -9       1.3123745458E-004
#    -33    -8       1.4750183757E-004
#    -33    -7       2.7820513357E-005
#    -33    -6       1.7564096160E-006
#    -33    -5       2.1515383670E-005
#    -33    -4       2.5797888006E-004
#    -33    -3       2.5690517415E-004
#    -33    -2       1.1307509128E-005
#    -33    -1       1.2691530803E-005
#    -33     0       2.7176089690E-005
#    -33     1       3.7093364904E-004
#    -33     2       3.5351630483E-004
#    -33     3       2.1947707308E-005
#    -33     4       3.0239801977E-006
#    -33     5       2.1468382831E-005
#    -33     6       1.7046804145E-004
#    -33     7       1.6773471166E-004
#    -33     8       1.5979991079E-005
#    -33     9       2.5584062835E-006
#    -33    10       5.2673610626E-005
#    -33    11       2.1688410537E-004
#    -33    12       2.2873223321E-004
#    -33    13       4.4387169057E-005
#    -33    14       8.4148782980E-006
#    -33    15       5.5253043113E-006
#    -33    16       2.1795991239E-004
#    -33    17       2.3618681013E-004
#    -33    18       2.7744186899E-005
#    -33    19       1.3020304939E-005
#    -33    20       6.1110395718E-005
#    -33    21       3.2167839969E-004
#    -33    22       6.2228367834E-004
#    -33    23       5.6018415765E-005
#    -33    24       4.5432210557E-005
#    -33    25       2.9498649400E-005
#    -33    26       3.7790017430E-004
#    -33    27       2.7914993347E-004
#    -32   -13       1.1942348643E-005
#    -32   -12       1.8496291947E-004
#    -32   -11       1.7385012368E-004
#    -32   -10       2.3521643374E-005
#    -32    -9       3.1201989813E-007
#    -32    -8       2.6062670607E-005
#    -32    -7       2.4921678048E-004
#    -32    -6       2.3176544819E-004
#    -32    -5       2.0000373123E-005
#    -32    -4       9.6515072814E-006
#    -32    -3       2.2470345177E-005
#    -32    -2       3.3592796447E-004
#    -32    -1       3.5829947602E-004
#    -32     0       2.0256787395E-005
#    -32     1       1.3541430291E-005
#    -32     2       3.9414178776E-005
#    -32     3       2.3139765729E-004
#    -32     4       1.4878386637E-004
#    -32     5       1.9023357005E-005
#    -32     6       3.3507574023E-007
#    -32     7       1.5010943163E-005
#    -32     8       1.4104609882E-004
#    -32     9       1.0711331664E-004
#    -32    10       1.2576513368E-005
#    -32    11       1.8813214565E-006
#    -32    12       1.8549655005E-005
#    -32    13       1.5381321095E-004
#    -32    14       1.6764388226E-004
#    -32    15       1.2291580068E-005
#    -32    16       7.1417782195E-006
#    -32    17       2.2380040793E-005
#    -32    18       1.5677109586E-004
#    -32    19       6.1449447201E-005
#    -32    20       1.3600447599E-005
#    -32    21       1.5104129497E-005
#    -32    22       1.0663074227E-005
#    -32    23       9.2880907317E-004
#    -32    24       6.0616382447E-004
#    -32    25       9.0924052997E-005
#    -32    26       6.8409518897E-007
#    -32    27       9.1015383213E-005
#    -32    28       3.6897322738E-005
#    -31   -14       2.4461430560E-005
#    -31   -13       3.0296674210E-005
#    -31   -12       1.7722835275E-004
#    -31   -11       2.7537326790E-005
#    -31   -10       1.6890905603E-005
#    -31    -9       8.2294855343E-006
#    -31    -8       5.6113408543E-005
#    -31    -7       2.0261701376E-004
#    -31    -6       3.9690437901E-005
#    -31    -5       2.6589952797E-005
#    -31    -4       2.4550279978E-005
#    -31    -3       6.8785530086E-005
#    -31    -2       2.9035077731E-004
#    -31    -1       4.0391930120E-005
#    -31     0       9.6082863196E-005
#    -31     1       5.2759684502E-005
#    -31     2       3.3207520870E-005
#    -31     3       7.2272346903E-005
#    -31     4       1.2438880692E-005
#    -31     5       5.5141174864E-006
#    -31     6       8.9737409460E-006
#    -31     7       1.3135609291E-005
#    -31     8       4.7886096631E-005
#    -31     9       8.5038949935E-006
#    -31    10       2.6840341760E-006
#    -31    11       3.7053153232E-006
#    -31    12       3.2499479823E-005
#    -31    13       6.7070075664E-005
#    -31    14       5.3383969620E-006
#    -31    15       1.2260010024E-005
#    -31    16       1.0609036653E-005
#    -31    17       6.5346696048E-006
#    -31    18       1.5928639922E-005
#    -31    19       2.2504044302E-005
#    -31    20       2.0002116130E-005
#    -31    21       6.0936242691E-005
#    -31    22       3.2384924568E-005
#    -31    23       2.4452955059E-004
#    -31    24       1.6343387020E-004
#    -31    25       8.8076699794E-005
#    -31    26       3.0123300852E-005
#    -31    27       7.9836805457E-005
#    -31    28       4.6276542071E-004
#    -30   -15       2.2083198861E-004
#    -30   -14       1.2001205225E-004
#    -30   -13       1.4939685716E-006
#    -30   -12       3.0735434964E-006
#    -30   -11       1.7033868275E-004
#    -30   -10       4.7491998058E-004
#    -30    -9       1.9485955493E-004
#    -30    -8       3.0610300165E-006
#    -30    -7       1.3710060415E-006
#    -30    -6       1.3592420153E-004
#    -30    -5       1.7797664185E-004
#    -30    -4       1.6156280549E-004
#    -30    -3       1.7967084605E-006
#    -30    -2       2.1060941170E-006
#    -30    -1       1.9282678767E-004
#    -30     0       1.1220028411E-003
#    -30     1       6.7041212672E-005
#    -30     2       6.0991820138E-008
#    -30     3       9.7740902118E-006
#    -30     4       5.1605413954E-005
#    -30     5       9.6705042255E-004
#    -30     6       7.4575256827E-005
#    -30     7       5.3837679844E-006
#    -30     8       2.2276730309E-005
#    -30     9       5.6176820561E-005
#    -30    10       6.8989205822E-004
#    -30    11       7.1127652128E-006
#    -30    12       4.2019868136E-006
#    -30    13       7.2241127074E-006
#    -30    14       1.5256386762E-005
#    -30    15       7.0127614377E-004
#    -30    16       1.9737619307E-005
#    -30    17       8.6206736076E-006
#    -30    18       9.7913181649E-006
#    -30    19       2.1144622097E-007
#    -30    20       3.9065155988E-005
#    -30    21       4.0592206192E-004
#    -30    22       5.0413468238E-006
#    -30    23       1.3580959635E-005
#    -30    24       5.4116644758E-004
#    -30    25       7.0950987453E-004
#    -30    26       2.3820599764E-004
#    -30    27       1.0438177657E-005
#    -30    28       2.2924779845E-006
#    -29   -16       1.2162115914E-005
#    -29   -15       8.0369330870E-006
#    -29   -14       2.5414452653E-005
#    -29   -13       2.1903735572E-004
#    -29   -12       5.3404487409E-005
#    -29   -11       3.0401295396E-005
#    -29   -10       2.3474559068E-005
#    -29    -9       4.8500675738E-005
#    -29    -8       2.0248258055E-004
#    -29    -7       4.8060140501E-005
#    -29    -6       3.1817461063E-005
#    -29    -5       2.7218094517E-005
#    -29    -4       1.7721326371E-005
#    -29    -3       1.2599751957E-004
#    -29    -2       3.7952151289E-005
#    -29    -1       2.6902681178E-005
#    -29     0       2.5904568652E-005
#    -29     1       5.4991743440E-005
#    -29     2       9.5981889658E-005
#    -29     3       3.1984732453E-005
#    -29     4       4.9422664688E-006
#    -29     5       2.0266701437E-007
#    -29     6       7.3022978196E-005
#    -29     7       1.0662536146E-004
#    -29     8       1.7975871026E-005
#    -29     9       4.3852406950E-006
#    -29    10       5.4416794222E-006
#    -29    11       3.2174392259E-005
#    -29    12       5.4814043036E-005
#    -29    13       5.3498128910E-006
#    -29    14       4.4161289611E-005
#    -29    15       3.8567736385E-005
#    -29    16       6.6451060938E-006
#    -29    17       4.5325268448E-005
#    -29    18       2.3819998747E-005
#    -29    19       3.4769825955E-006
#    -29    20       5.6867772663E-005
#    -29    21       1.3258876207E-004
#    -29    22       4.3937562040E-004
#    -29    23       1.7279485196E-004
#    -29    24       5.1429817947E-005
#    -29    25       1.3003156874E-005
#    -29    26       3.0336378712E-005
#    -29    27       1.5722056629E-004
#    -28   -16       2.4566740446E-006
#    -28   -15       4.1650314177E-005
#    -28   -14       2.9981840635E-004
#    -28   -13       3.3455630790E-004
#    -28   -12       2.7017965939E-005
#    -28   -11       7.2829649441E-006
#    -28   -10       2.8360110745E-005
#    -28    -9       2.9099409399E-004
#    -28    -8       2.3432419169E-004
#    -28    -7       1.0041938155E-005
#    -28    -6       2.3749316602E-006
#    -28    -5       1.9193168684E-005
#    -28    -4       1.4140595820E-004
#    -28    -3       1.5380104924E-004
#    -28    -2       1.5744168204E-006
#    -28    -1       1.7033477105E-005
#    -28     0       1.1555558026E-005
#    -28     1       2.0475482117E-004
#    -28     2       2.4361532210E-004
#    -28     3       1.0081602659E-005
#    -28     4       7.7576266244E-006
#    -28     5       2.0345539631E-005
#    -28     6       1.5447053538E-004
#    -28     7       1.2950635610E-004
#    -28     8       3.8209439437E-006
#    -28     9       2.7096952835E-005
#    -28    10       5.3056020481E-005
#    -28    11       4.0319301116E-004
#    -28    12       4.3746340759E-004
#    -28    13       4.8603234547E-005
#    -28    14       4.6103110654E-006
#    -28    15       1.2626316905E-005
#    -28    16       1.4374808908E-004
#    -28    17       7.0358909615E-005
#    -28    18       1.0882266960E-005
#    -28    19       3.7873052253E-005
#    -28    20       2.8519839145E-005
#    -28    21       3.1757728858E-004
#    -28    22       4.7940908608E-004
#    -28    23       3.1112967368E-005
#    -28    24       3.0125401866E-006
#    -28    25       2.4124264839E-005
#    -28    26       4.0629566143E-004
#    -28    27       3.8435506458E-004
#    -27   -17       1.2085519490E-004
#    -27   -16       1.8121876439E-004
#    -27   -15       2.3757879370E-005
#    -27   -14       9.1239408832E-006
#    -27   -13       5.1439294735E-005
#    -27   -12       4.5066563480E-004
#    -27   -11       3.9975186328E-004
#    -27   -10       3.4158613482E-005
#    -27    -9       2.3014638501E-006
#    -27    -8       4.7604827784E-005
#    -27    -7       2.0627350167E-004
#    -27    -6       1.1187601972E-004
#    -27    -5       8.8843647042E-006
#    -27    -4       2.1813532612E-005
#    -27    -3       7.8849078865E-006
#    -27    -2       1.9021418251E-004
#    -27    -1       1.9099891945E-004
#    -27     0       9.9130204056E-006
#    -27     1       1.7347400640E-005
#    -27     2       1.0287495573E-005
#    -27     3       1.6744362199E-004
#    -27     4       1.5025463490E-004
#    -27     5       2.5644637192E-005
#    -27     6       6.7019842646E-006
#    -27     7       1.0821041580E-005
#    -27     8       1.1463576445E-004
#    -27     9       1.5465555655E-004
#    -27    10       3.3113206996E-006
#    -27    11       6.1183682945E-006
#    -27    12       1.2475209966E-004
#    -27    13       5.7223717700E-004
#    -27    14       4.3215528426E-004
#    -27    15       2.6361491223E-005
#    -27    16       2.1558092791E-005
#    -27    17       1.6807524062E-005
#    -27    18       1.4649753552E-004
#    -27    19       1.6840985532E-004
#    -27    20       4.8182043297E-006
#    -27    21       1.0533444136E-005
#    -27    22       1.3438151014E-004
#    -27    23       6.0518345825E-004
#    -27    24       4.7660232064E-004
#    -27    25       5.1248336110E-005
#    -27    26       1.5961456121E-005
#    -27    27       2.6515586768E-005
#    -26   -18       1.3604740467E-005
#    -26   -17       1.8052992123E-004
#    -26   -16       3.6304394678E-005
#    -26   -15       5.0597819219E-005
#    -26   -14       7.0979357091E-005
#    -26   -13       4.3078436818E-005
#    -26   -12       2.8253561513E-004
#    -26   -11       4.3490196838E-005
#    -26   -10       4.3183155823E-005
#    -26    -9       2.5728491043E-005
#    -26    -8       3.3734594465E-005
#    -26    -7       9.2525554734E-005
#    -26    -6       2.1856074346E-005
#    -26    -5       1.7111905164E-005
#    -26    -4       8.2544225146E-006
#    -26    -3       5.2082292977E-005
#    -26    -2       1.7705240722E-004
#    -26    -1       3.2134569422E-005
#    -26     0       1.5735487375E-005
#    -26     1       1.0195133293E-005
#    -26     2       7.1977245979E-006
#    -26     3       1.2586758739E-005
#    -26     4       1.6099734237E-005
#    -26     5       4.1967552053E-005
#    -26     6       3.4502500736E-005
#    -26     7       1.0400921985E-005
#    -26     8       1.0702086825E-004
#    -26     9       1.7390089857E-005
#    -26    10       4.6283117779E-005
#    -26    11       8.5372282906E-006
#    -26    12       1.3065323998E-004
#    -26    13       3.6250703583E-004
#    -26    14       8.0853048092E-005
#    -26    15       1.9945343087E-005
#    -26    16       3.6321566087E-005
#    -26    17       1.0623153691E-005
#    -26    18       6.1393464386E-005
#    -26    19       7.0655603336E-005
#    -26    20       1.5822223832E-004
#    -26    21       5.0845009809E-005
#    -26    22       1.0224760369E-004
#    -26    23       3.1863966218E-004
#    -26    24       3.3076173967E-005
#    -26    25       3.5212201673E-005
#    -26    26       7.0681868074E-005
#    -26    27       9.4811594372E-005
#    -25   -19       5.4404136520E-005
#    -25   -18       3.6159555558E-006
#    -25   -17       1.0145661931E-005
#    -25   -16       3.5018284588E-004
#    -25   -15       7.1902809172E-004
#    -25   -14       3.2481116419E-004
#    -25   -13       1.0107872300E-005
#    -25   -12       1.3695423946E-005
#    -25   -11       2.5558465896E-004
#    -25   -10       7.7008274977E-004
#    -25    -9       1.0844026834E-004
#    -25    -8       1.2023248429E-006
#    -25    -7       2.0997421885E-006
#    -25    -6       5.2368469111E-005
#    -25    -5       9.7085645235E-004
#    -25    -4       4.6521468942E-005
#    -25    -3       1.1747042660E-005
#    -25    -2       1.4158016538E-006
#    -25    -1       4.1896215880E-005
#    -25     0       2.3422763122E-003
#    -25     1       2.4531250126E-006
#    -25     2       1.1449531997E-005
#    -25     3       1.7342039003E-005
#    -25     4       7.8885674513E-005
#    -25     5       3.8525797021E-003
#    -25     6       9.8905335404E-005
#    -25     7       4.8271035149E-006
#    -25     8       1.7829797578E-005
#    -25     9       6.7457523118E-005
#    -25    10       4.6382861456E-003
#    -25    11       1.0403394584E-004
#    -25    12       1.8702600253E-005
#    -25    13       2.0857448303E-005
#    -25    14       1.7539844669E-004
#    -25    15       3.6199752756E-003
#    -25    16       1.4432794372E-004
#    -25    17       2.4804293566E-005
#    -25    18       1.0392434781E-005
#    -25    19       1.4494723198E-004
#    -25    20       1.9043856737E-003
#    -25    21       1.8298851368E-004
#    -25    22       2.0663836862E-006
#    -25    23       3.2710164462E-005
#    -25    24       3.5045503084E-004
#    -25    25       4.0589156142E-004
#    -25    26       5.5764658452E-004
#    -25    27       6.5714448152E-006
#    -24   -20       1.1157826031E-005
#    -24   -19       2.8208839613E-005
#    -24   -18       1.7552973526E-004
#    -24   -17       4.1623167708E-005
#    -24   -16       5.0704358338E-005
#    -24   -15       3.5514319189E-005
#    -24   -14       8.4180142336E-005
#    -24   -13       2.8485332074E-004
#    -24   -12       5.5284691373E-005
#    -24   -11       1.2361047267E-005
#    -24   -10       1.0576880351E-006
#    -24    -9       3.4166346719E-005
#    -24    -8       5.0987446788E-005
#    -24    -7       5.1016356879E-006
#    -24    -6       2.0123637466E-005
#    -24    -5       1.4026416973E-005
#    -24    -4       5.6735925239E-005
#    -24    -3       1.2348422132E-004
#    -24    -2       7.2041609459E-006
#    -24    -1       5.7299364197E-006
#    -24     0       2.4390955327E-005
#    -24     1       1.6738857311E-005
#    -24     2       9.2836115567E-005
#    -24     3       2.3736276988E-005
#    -24     4       2.2989283065E-005
#    -24     5       6.6814684775E-005
#    -24     6       1.3391039697E-005
#    -24     7       3.3065802819E-006
#    -24     8       1.1221486326E-005
#    -24     9       7.2954139740E-006
#    -24    10       4.3962852532E-006
#    -24    11       5.7376408382E-005
#    -24    12       2.6222547119E-004
#    -24    13       4.7811489890E-005
#    -24    14       4.1621130716E-005
#    -24    15       5.6768906159E-005
#    -24    16       3.6632372167E-005
#    -24    17       7.1668592155E-005
#    -24    18       5.4164826099E-005
#    -24    19       1.7687525369E-005
#    -24    20       2.1252269398E-005
#    -24    21       2.1740617574E-004
#    -24    22       5.3972547252E-004
#    -24    23       3.9091649544E-005
#    -24    24       2.1984089111E-004
#    -24    25       1.6718773438E-004
#    -24    26       2.2768575372E-005
#    -23   -20       2.4934672543E-005
#    -23   -19       2.9348261114E-004
#    -23   -18       4.0904643355E-004
#    -23   -17       3.3259675123E-005
#    -23   -16       7.7502287063E-006
#    -23   -15       9.1457772789E-005
#    -23   -14       5.2436607326E-004
#    -23   -13       3.8964200039E-004
#    -23   -12       2.9468755163E-005
#    -23   -11       1.0512148125E-006
#    -23   -10       2.3770642531E-005
#    -23    -9       7.8894457767E-005
#    -23    -8       5.9101812085E-005
#    -23    -7       1.8455941554E-005
#    -23    -6       9.0182913637E-006
#    -23    -5       1.8404937328E-005
#    -23    -4       1.4340467216E-004
#    -23    -3       5.3217132238E-005
#    -23    -2       1.2701341743E-005
#    -23    -1       4.4106242497E-006
#    -23     0       4.2565043583E-005
#    -23     1       6.0010294243E-004
#    -23     2       6.4260107667E-004
#    -23     3       1.2878022285E-004
#    -23     4       1.0556461758E-006
#    -23     5       7.7372128698E-006
#    -23     6       5.1171227731E-005
#    -23     7       1.3683491928E-004
#    -23     8       5.0103744552E-005
#    -23     9       9.5368480425E-006
#    -23    10       5.9001638606E-005
#    -23    11       6.3412085521E-004
#    -23    12       6.8733248925E-004
#    -23    13       9.2968574749E-005
#    -23    14       1.1189037587E-005
#    -23    15       1.9741960887E-005
#    -23    16       2.0881041738E-004
#    -23    17       1.6224352779E-004
#    -23    18       1.0692765116E-005
#    -23    19       4.8858250176E-005
#    -23    20       4.7078755509E-005
#    -23    21       5.5593194171E-004
#    -23    22       5.6526400421E-004
#    -23    23       1.4688998661E-005
#    -23    24       1.7395032729E-005
#    -23    25       1.2944306608E-004
#    -23    26       1.9757954687E-004
#    -22   -21       7.8597173743E-005
#    -22   -20       3.7730358466E-005
#    -22   -19       3.0850668794E-006
#    -22   -18       6.2691999645E-005
#    -22   -17       5.0657741406E-004
#    -22   -16       4.6409465713E-004
#    -22   -15       4.6042387236E-005
#    -22   -14       5.5916931012E-006
#    -22   -13       4.2427797689E-005
#    -22   -12       2.4566857313E-004
#    -22   -11       1.5906648904E-004
#    -22   -10       1.9367629991E-005
#    -22    -9       2.9961315449E-006
#    -22    -8       1.5262398662E-005
#    -22    -7       9.6557146356E-005
#    -22    -6       1.9412929610E-004
#    -22    -5       4.1565788086E-005
#    -22    -4       6.8787441221E-006
#    -22    -3       7.6018172956E-006
#    -22    -2       1.8442774704E-004
#    -22    -1       5.5847185748E-004
#    -22     0       8.2235537145E-005
#    -22     1       3.2949738384E-005
#    -22     2       1.6597544179E-005
#    -22     3       1.7388670278E-004
#    -22     4       6.6077906212E-005
#    -22     5       9.7704814582E-006
#    -22     6       4.9778572285E-006
#    -22     7       4.1049821498E-005
#    -22     8       3.6990960937E-004
#    -22     9       5.0413913789E-004
#    -22    10       1.7002318989E-005
#    -22    11       2.0849476188E-005
#    -22    12       1.6018369611E-004
#    -22    13       1.0795370260E-003
#    -22    14       9.2093215572E-004
#    -22    15       4.4645516293E-005
#    -22    16       1.9208215916E-005
#    -22    17       4.6370180860E-005
#    -22    18       5.0293043610E-004
#    -22    19       2.7657221669E-004
#    -22    20       6.9048051294E-005
#    -22    21       3.8730736543E-006
#    -22    22       2.2812067814E-004
#    -22    23       3.4045379498E-004
#    -22    24       6.7100209323E-004
#    -22    25       1.1013869518E-005
#    -22    26       3.0616330910E-005
#    -21   -22       8.4007709075E-005
#    -21   -21       2.8507696557E-005
#    -21   -20       3.9154839876E-005
#    -21   -19       3.8313698270E-005
#    -21   -18       1.1236650321E-004
#    -21   -17       3.8909213380E-004
#    -21   -16       6.4549819116E-005
#    -21   -15       5.9180056136E-005
#    -21   -14       2.8305654162E-005
#    -21   -13       5.0654057843E-005
#    -21   -12       1.1530000689E-004
#    -21   -11       1.1537753916E-005
#    -21   -10       2.4071964514E-006
#    -21    -9       1.6958162583E-006
#    -21    -8       4.5658817969E-006
#    -21    -7       1.0500047927E-004
#    -21    -6       8.3497666295E-005
#    -21    -5       5.7356864103E-006
#    -21    -4       1.3636339045E-005
#    -21    -3       2.6698507690E-005
#    -21    -2       2.8648883469E-004
#    -21    -1       1.1178518449E-004
#    -21     0       9.4069340382E-005
#    -21     1       7.3210752278E-005
#    -21     2       4.0300637914E-005
#    -21     3       6.5815924142E-005
#    -21     4       1.9106182635E-005
#    -21     5       5.0558151268E-005
#    -21     6       3.9237035448E-005
#    -21     7       5.0752813741E-005
#    -21     8       3.4002286678E-004
#    -21     9       2.5479963824E-005
#    -21    10       1.7622068525E-004
#    -21    11       7.7495661988E-005
#    -21    12       2.3438615503E-004
#    -21    13       7.3922960798E-004
#    -21    14       2.3721332335E-004
#    -21    15       9.0875215876E-005
#    -21    16       3.8639910084E-005
#    -21    17       6.5584223289E-005
#    -21    18       1.5400980168E-004
#    -21    19       1.2842068489E-005
#    -21    20       1.1713495670E-004
#    -21    21       8.4866377594E-005
#    -21    22       9.5388236898E-005
#    -21    23       3.5945562663E-004
#    -21    24       5.9711698610E-004
#    -21    25       7.3285985487E-006
#    -20   -22       6.0946275077E-007
#    -20   -21       2.2849304914E-004
#    -20   -20       3.9120173794E-004
#    -20   -19       1.5679559777E-004
#    -20   -18       1.3110371868E-006
#    -20   -17       9.4412565998E-006
#    -20   -16       4.5409040013E-004
#    -20   -15       8.2626579989E-004
#    -20   -14       1.5286361450E-004
#    -20   -13       1.0535563293E-005
#    -20   -12       1.5381433244E-005
#    -20   -11       7.9336661670E-005
#    -20   -10       7.1038951310E-004
#    -20    -9       4.8303267859E-005
#    -20    -8       2.2211580530E-005
#    -20    -7       5.1392636182E-006
#    -20    -6       6.6697157434E-005
#    -20    -5       4.3609276734E-003
#    -20    -4       4.4214986033E-005
#    -20    -3       4.1927168117E-006
#    -20    -2       4.7703758375E-007
#    -20    -1       3.0326226597E-004
#    -20     0       1.2069352083E-002
#    -20     1       1.3209312177E-004
#    -20     2       1.3670667054E-005
#    -20     3       1.3042467815E-005
#    -20     4       9.1818280647E-005
#    -20     5       1.2659812174E-002
#    -20     6       2.4201374965E-004
#    -20     7       6.7820289400E-006
#    -20     8       2.4257291667E-005
#    -20     9       5.3691174210E-004
#    -20    10       6.0619847480E-003
#    -20    11       7.5746794199E-004
#    -20    12       1.5308679744E-005
#    -20    13       9.1201526721E-006
#    -20    14       4.3391454267E-004
#    -20    15       1.3611391443E-003
#    -20    16       2.2581016864E-005
#    -20    17       2.0596444227E-005
#    -20    18       1.7226943859E-005
#    -20    19       1.0060027597E-004
#    -20    20       2.9380479548E-003
#    -20    21       5.0787381703E-004
#    -20    22       1.3169865776E-005
#    -20    23       5.1112639659E-007
#    -20    24       1.2191118286E-004
#    -20    25       1.5649842654E-003
#    -19   -23       5.1875910367E-005
#    -19   -22       6.4842432240E-005
#    -19   -21       2.4012988182E-005
#    -19   -20       3.8500593332E-005
#    -19   -19       7.2672271578E-005
#    -19   -18       3.4477976486E-004
#    -19   -17       5.4881260734E-005
#    -19   -16       6.5999586383E-005
#    -19   -15       3.3507032120E-005
#    -19   -14       6.2835294563E-005
#    -19   -13       1.2582416853E-004
#    -19   -12       1.2560651211E-005
#    -19   -11       9.6960204876E-007
#    -19   -10       2.2950473898E-005
#    -19    -9       9.7265657462E-006
#    -19    -8       9.0776310527E-005
#    -19    -7       4.1476877626E-005
#    -19    -6       5.3290313364E-006
#    -19    -5       1.3594106951E-005
#    -19    -4       3.2576927704E-005
#    -19    -3       1.2365805976E-004
#    -19    -2       1.8698285182E-005
#    -19    -1       3.6589733861E-005
#    -19     0       2.1217196730E-005
#    -19     1       1.1329514266E-005
#    -19     2       9.6183171735E-005
#    -19     3       9.1190073189E-005
#    -19     4       2.5025451869E-005
#    -19     5       6.3624658703E-005
#    -19     6       1.7927382541E-005
#    -19     7       5.1660570413E-005
#    -19     8       3.1813806111E-005
#    -19     9       1.2882328610E-004
#    -19    10       5.6861375930E-005
#    -19    11       8.0047258025E-005
#    -19    12       2.7305214295E-004
#    -19    13       8.8001589728E-005
#    -19    14       2.6983167340E-005
#    -19    15       3.2505594707E-005
#    -19    16       7.9212944062E-005
#    -19    17       3.3227583211E-004
#    -19    18       6.1607211574E-005
#    -19    19       4.1274471794E-005
#    -19    20       1.8906336109E-005
#    -19    21       1.1890435523E-005
#    -19    22       1.6407826291E-004
#    -19    23       9.5453192143E-005
#    -19    24       1.3297343422E-004
#    -19    25       1.0509976794E-004
#    -18   -23       1.5320181966E-004
#    -18   -22       1.1731133485E-005
#    -18   -21       5.9923502769E-006
#    -18   -20       3.6683170138E-005
#    -18   -19       3.8770633710E-004
#    -18   -18       3.6762964245E-004
#    -18   -17       4.5529406614E-006
#    -18   -16       7.0902146209E-006
#    -18   -15       4.9559577014E-005
#    -18   -14       1.7205937837E-004
#    -18   -13       2.9146304965E-005
#    -18   -12       2.0056690835E-005
#    -18   -11       1.6402303816E-005
#    -18   -10       6.1840106651E-006
#    -18    -9       1.2722576463E-004
#    -18    -8       1.7405515188E-004
#    -18    -7       5.2506366161E-005
#    -18    -6       1.6549240373E-006
#    -18    -5       2.7501093060E-005
#    -18    -4       1.4449203287E-004
#    -18    -3       1.0503958801E-004
#    -18    -2       5.2768428626E-006
#    -18    -1       5.8353918095E-006
#    -18     0       8.3890208730E-005
#    -18     1       9.7725885930E-004
#    -18     2       1.3992117891E-003
#    -18     3       2.0553663631E-004
#    -18     4       4.3234796341E-005
#    -18     5       5.2608780531E-006
#    -18     6       4.3020051462E-004
#    -18     7       5.9139267575E-004
#    -18     8       9.0130757195E-005
#    -18     9       1.8999525909E-006
#    -18    10       8.3579293232E-005
#    -18    11       1.9110134354E-004
#    -18    12       2.1613202199E-004
#    -18    13       1.0799495157E-004
#    -18    14       3.4142008563E-006
#    -18    15       7.8377759171E-005
#    -18    16       5.1998135148E-004
#    -18    17       4.5121072396E-004
#    -18    18       8.6241570849E-005
#    -18    19       2.6448382899E-005
#    -18    20       6.9077168571E-006
#    -18    21       3.2928678178E-004
#    -18    22       5.5264342575E-004
#    -18    23       1.5236211818E-004
#    -18    24       2.3935244758E-005
#    -17   -24       6.2875895787E-007
#    -17   -23       2.0169201996E-005
#    -17   -22       2.3366190550E-004
#    -17   -21       2.7162054739E-004
#    -17   -20       2.7730806351E-005
#    -17   -19       2.6311358405E-006
#    -17   -18       3.3741658955E-005
#    -17   -17       3.0000545671E-004
#    -17   -16       1.5383696171E-004
#    -17   -15       1.6800475770E-005
#    -17   -14       6.9976431531E-006
#    -17   -13       9.0722234469E-006
#    -17   -12       1.5964886934E-004
#    -17   -11       4.9737788026E-004
#    -17   -10       7.6000795803E-005
#    -17    -9       1.0808524361E-005
#    -17    -8       9.8435063488E-006
#    -17    -7       5.8129758822E-006
#    -17    -6       7.4328165147E-005
#    -17    -5       5.6083519547E-005
#    -17    -4       1.6569511232E-005
#    -17    -3       2.0813293147E-005
#    -17    -2       1.9483819270E-004
#    -17    -1       7.9446323926E-004
#    -17     0       1.4351000103E-004
#    -17     1       8.0536263849E-005
#    -17     2       4.4399999896E-005
#    -17     3       1.1756381126E-003
#    -17     4       1.0748922684E-003
#    -17     5       7.5144041089E-005
#    -17     6       1.2559499502E-005
#    -17     7       2.0462537337E-004
#    -17     8       1.2493998005E-003
#    -17     9       8.2741660850E-004
#    -17    10       1.2600467230E-004
#    -17    11       5.2779511216E-006
#    -17    12       1.1165788405E-005
#    -17    13       6.0656784090E-005
#    -17    14       5.8354132741E-005
#    -17    15       1.6328785960E-005
#    -17    16       2.1338083122E-006
#    -17    17       9.2070291832E-007
#    -17    18       5.9625601939E-005
#    -17    19       9.7897532331E-005
#    -17    20       3.4943438356E-005
#    -17    21       6.9532630518E-006
#    -17    22       4.3116430869E-005
#    -17    23       1.0063817840E-004
#    -17    24       1.1849860730E-003
#    -16   -24       2.0207972231E-005
#    -16   -23       6.7042977164E-005
#    -16   -22       2.3434911835E-004
#    -16   -21       5.3822837232E-005
#    -16   -20       5.1646464167E-005
#    -16   -19       5.9677793072E-005
#    -16   -18       7.3912357356E-005
#    -16   -17       1.5278610592E-004
#    -16   -16       5.2284184364E-007
#    -16   -15       3.2210965248E-005
#    -16   -14       3.5739022454E-006
#    -16   -13       1.0305743118E-005
#    -16   -12       2.9052499595E-004
#    -16   -11       1.1433068970E-004
#    -16   -10       5.4797712216E-005
#    -16    -9       3.4713114888E-005
#    -16    -8       1.5099857423E-005
#    -16    -7       1.0960502755E-004
#    -16    -6       1.0107037411E-004
#    -16    -5       3.3740331725E-006
#    -16    -4       2.1732546682E-005
#    -16    -3       7.4791023108E-005
#    -16    -2       7.3503678990E-004
#    -16    -1       3.7585930363E-004
#    -16     0       2.3960781587E-004
#    -16     1       4.0558395174E-004
#    -16     2       1.8576460257E-004
#    -16     3       9.2034485373E-004
#    -16     4       7.7887517263E-005
#    -16     5       3.3604927201E-004
#    -16     6       1.3662293080E-004
#    -16     7       1.9406892847E-004
#    -16     8       4.1402655247E-004
#    -16     9       9.8567753266E-005
#    -16    10       4.3464687311E-005
#    -16    11       5.5808030069E-007
#    -16    12       1.6554423121E-004
#    -16    13       2.8535725273E-005
#    -16    14       4.1629415320E-005
#    -16    15       4.2490391010E-006
#    -16    16       6.0375130181E-006
#    -16    17       3.1476299267E-006
#    -16    18       1.9122018808E-004
#    -16    19       1.9797112022E-004
#    -16    20       7.2052000655E-005
#    -16    21       3.2367852488E-005
#    -16    22       2.7359077466E-005
#    -16    23       2.6963207195E-004
#    -15   -25       2.1783272091E-004
#    -15   -24       3.8735129021E-004
#    -15   -23       1.9358484385E-005
#    -15   -22       8.7728984674E-006
#    -15   -21       3.0119381841E-004
#    -15   -20       5.6434141586E-004
#    -15   -19       1.2492147800E-004
#    -15   -18       1.5035144644E-006
#    -15   -17       7.4691178915E-006
#    -15   -16       1.7923182386E-005
#    -15   -15       7.5499570081E-004
#    -15   -14       3.8868495829E-004
#    -15   -13       7.5481609229E-005
#    -15   -12       1.6247257319E-005
#    -15   -11       2.3128906757E-004
#    -15   -10       5.3325754441E-003
#    -15    -9       5.4929290612E-005
#    -15    -8       8.6262937665E-006
#    -15    -7       2.1359967000E-005
#    -15    -6       2.0246575306E-004
#    -15    -5       1.2601858597E-002
#    -15    -4       1.7344158131E-004
#    -15    -3       1.8325272824E-005
#    -15    -2       4.6163846883E-005
#    -15    -1       2.2263678706E-003
#    -15     0       1.7018853283E-002
#    -15     1       2.4388055997E-003
#    -15     2       3.2414766008E-005
#    -15     3       1.2982079274E-005
#    -15     4       6.9034718702E-004
#    -15     5       2.2518930098E-002
#    -15     6       5.3416683113E-004
#    -15     7       2.8386677249E-005
#    -15     8       2.1743180638E-009
#    -15     9       9.1917832106E-005
#    -15    10       1.2996334484E-002
#    -15    11       5.3977703410E-004
#    -15    12       3.5821278233E-005
#    -15    13       8.5312254049E-006
#    -15    14       4.9770235000E-005
#    -15    15       1.4513461553E-002
#    -15    16       7.9834764638E-006
#    -15    17       7.1317525034E-006
#    -15    18       1.4027434314E-005
#    -15    19       1.6942272800E-004
#    -15    20       9.3637151424E-004
#    -15    21       1.1515139486E-003
#    -15    22       3.8583938421E-005
#    -15    23       8.1606433183E-006
#    -14   -25       2.8376606912E-005
#    -14   -24       9.0708571402E-005
#    -14   -23       1.6084681978E-004
#    -14   -22       6.7612822242E-005
#    -14   -21       5.3536539011E-006
#    -14   -20       2.2357144334E-005
#    -14   -19       3.0408514745E-005
#    -14   -18       6.5163656743E-005
#    -14   -17       9.8718712396E-007
#    -14   -16       2.4822353094E-005
#    -14   -15       1.2722444338E-005
#    -14   -14       3.7076190086E-005
#    -14   -13       4.2799411676E-004
#    -14   -12       1.4983344347E-004
#    -14   -11       8.1849844098E-006
#    -14   -10       2.3353693519E-005
#    -14    -9       2.3115086183E-006
#    -14    -8       2.1151192084E-004
#    -14    -7       1.3732036544E-004
#    -14    -6       2.2876450135E-006
#    -14    -5       6.5017840991E-006
#    -14    -4       1.2855052374E-004
#    -14    -3       6.9035250187E-004
#    -14    -2       1.0788564904E-004
#    -14    -1       5.4084191375E-004
#    -14     0       3.8267208301E-004
#    -14     1       3.4788965232E-004
#    -14     2       7.9071737680E-004
#    -14     3       8.4711834587E-005
#    -14     4       7.4645699554E-005
#    -14     5       2.5232447854E-005
#    -14     6       7.0236694959E-005
#    -14     7       1.4428319252E-004
#    -14     8       1.9442514379E-005
#    -14     9       1.3042225720E-004
#    -14    10       1.0527834322E-004
#    -14    11       1.5745022733E-004
#    -14    12       4.3679796692E-004
#    -14    13       2.4622474580E-005
#    -14    14       4.3892064624E-006
#    -14    15       4.9940478977E-005
#    -14    16       1.4404762875E-005
#    -14    17       4.2785037034E-004
#    -14    18       1.6937573561E-004
#    -14    19       1.7905831741E-004
#    -14    20       1.1142165035E-004
#    -14    21       2.3066799108E-004
#    -14    22       5.0064475868E-005
#    -13   -26       1.2173959057E-007
#    -13   -25       3.8435395384E-005
#    -13   -24       3.8585919801E-004
#    -13   -23       3.9607919475E-004
#    -13   -22       4.0454575973E-005
#    -13   -21       4.2662878241E-007
#    -13   -20       1.0104457944E-005
#    -13   -19       6.5090091489E-005
#    -13   -18       7.2853334981E-006
#    -13   -17       1.3569077904E-005
#    -13   -16       2.1452927520E-005
#    -13   -15       3.1623132566E-005
#    -13   -14       4.9284067043E-004
#    -13   -13       6.0821835332E-004
#    -13   -12       9.7552941183E-005
#    -13   -11       4.2090103107E-006
#    -13   -10       5.5750415637E-006
#    -13    -9       4.9929309899E-004
#    -13    -8       7.1746713033E-004
#    -13    -7       8.8314308805E-005
#    -13    -6       1.8038100480E-005
#    -13    -5       9.5058300852E-005
#    -13    -4       1.3062985572E-003
#    -13    -3       1.7336135817E-003
#    -13    -2       2.0330693649E-004
#    -13    -1       2.8077517036E-005
#    -13     0       1.0370571838E-004
#    -13     1       1.5914289893E-004
#    -13     2       3.5372065661E-005
#    -13     3       7.3424389552E-005
#    -13     4       8.0669709430E-006
#    -13     5       3.4000092042E-005
#    -13     6       8.7707790320E-004
#    -13     7       8.8871264291E-004
#    -13     8       5.5586833756E-005
#    -13     9       1.5478017953E-005
#    -13    10       2.2673309991E-004
#    -13    11       1.6334267714E-003
#    -13    12       1.2455604430E-003
#    -13    13       1.6274095031E-004
#    -13    14       6.0623823820E-006
#    -13    15       1.3730255455E-004
#    -13    16       9.6283444188E-004
#    -13    17       5.0193866272E-004
#    -13    18       2.4991526038E-004
#    -13    19       6.6791178699E-005
#    -13    20       5.8749073348E-005
#    -13    21       6.3763291337E-004
#    -12   -26       2.9936716533E-004
#    -12   -25       3.7029841980E-005
#    -12   -24       3.6918609944E-007
#    -12   -23       6.4187761472E-005
#    -12   -22       4.5164344831E-004
#    -12   -21       3.3981571000E-004
#    -12   -20       3.5478894889E-005
#    -12   -19       1.1320113407E-005
#    -12   -18       6.0372743034E-006
#    -12   -17       6.0745910634E-005
#    -12   -16       2.3163906762E-004
#    -12   -15       7.7637478424E-005
#    -12   -14       3.2705235356E-007
#    -12   -13       2.3263331514E-005
#    -12   -12       4.7557431043E-004
#    -12   -11       9.8781609131E-004
#    -12   -10       2.7615394743E-004
#    -12    -9       1.3135315603E-005
#    -12    -8       4.6798500295E-005
#    -12    -7       1.8889190380E-004
#    -12    -6       3.4244704267E-004
#    -12    -5       8.5061007931E-005
#    -12    -4       2.6767963601E-005
#    -12    -3       2.5843576244E-004
#    -12    -2       1.0463794743E-003
#    -12    -1       2.4371590658E-004
#    -12     0       3.7860450847E-006
#    -12     1       4.9097921963E-005
#    -12     2       3.7965067414E-005
#    -12     3       9.4122214720E-004
#    -12     4       1.7823261072E-003
#    -12     5       2.2090642854E-004
#    -12     6       5.0459833615E-005
#    -12     7       2.6861337698E-004
#    -12     8       2.0865823010E-003
#    -12     9       1.8723531265E-003
#    -12    10       3.1796801045E-004
#    -12    11       1.4906858499E-005
#    -12    12       4.8914400902E-005
#    -12    13       2.4996095938E-004
#    -12    14       6.0092930192E-004
#    -12    15       3.3159997698E-005
#    -12    16       7.7168468439E-005
#    -12    17       1.2882563300E-004
#    -12    18       1.1583076079E-004
#    -12    19       1.0717651692E-003
#    -12    20       1.7916466836E-004
#    -12    21       1.4583330413E-005
#    -11   -26       2.7880328772E-005
#    -11   -25       8.7437279066E-006
#    -11   -24       2.7823358550E-005
#    -11   -23       1.1435140723E-004
#    -11   -22       4.6537330682E-004
#    -11   -21       5.3848380307E-005
#    -11   -20       8.2421125219E-006
#    -11   -19       1.7923583010E-006
#    -11   -18       1.2982700919E-005
#    -11   -17       8.8045999651E-005
#    -11   -16       9.1887039758E-005
#    -11   -15       1.9755855835E-005
#    -11   -14       1.2204196079E-005
#    -11   -13       3.8110773029E-005
#    -11   -12       5.4882149364E-004
#    -11   -11       2.4658903481E-004
#    -11   -10       1.1951653821E-004
#    -11    -9       1.4918321204E-004
#    -11    -8       9.9285897791E-005
#    -11    -7       4.3273885558E-004
#    -11    -6       1.6042998174E-004
#    -11    -5       1.5301968823E-004
#    -11    -4       9.9605250863E-005
#    -11    -3       1.2355061010E-004
#    -11    -2       1.4170549473E-005
#    -11    -1       4.5280720019E-005
#    -11     0       1.3730841759E-004
#    -11     1       2.4685852067E-004
#    -11     2       2.7738953338E-004
#    -11     3       1.5972834878E-003
#    -11     4       3.0459776051E-004
#    -11     5       5.0065365499E-004
#    -11     6       3.2815426091E-004
#    -11     7       3.9901946318E-004
#    -11     8       1.1675294491E-003
#    -11     9       3.1265642314E-004
#    -11    10       9.2555198498E-005
#    -11    11       1.6796277065E-004
#    -11    12       1.6944868737E-005
#    -11    13       2.7976686962E-004
#    -11    14       1.2711904344E-004
#    -11    15       3.2147475898E-004
#    -11    16       2.0377960274E-004
#    -11    17       2.3571304015E-004
#    -11    18       2.5996055689E-004
#    -11    19       9.4978807957E-004
#    -11    20       6.3474655701E-006
#    -10   -27       8.6136603730E-006
#    -10   -26       1.8126744094E-004
#    -10   -25       5.9956354504E-004
#    -10   -24       3.9041494813E-004
#    -10   -23       2.0786029427E-005
#    -10   -22       5.4055931875E-006
#    -10   -21       2.6742291948E-004
#    -10   -20       7.0883682595E-005
#    -10   -19       1.9127642662E-005
#    -10   -18       1.9200453576E-005
#    -10   -17       8.2993809570E-006
#    -10   -16       9.9398673648E-005
#    -10   -15       3.9480712171E-003
#    -10   -14       4.1557570475E-004
#    -10   -13       5.4155056999E-005
#    -10   -12       2.0435128488E-005
#    -10   -11       9.3530327807E-004
#    -10   -10       6.0430714205E-003
#    -10    -9       3.8861168497E-004
#    -10    -8       4.7414117565E-006
#    -10    -7       2.5466657808E-005
#    -10    -6       9.6219406259E-004
#    -10    -5       2.0897429737E-002
#    -10    -4       5.8233171413E-004
#    -10    -3       8.4170201989E-005
#    -10    -2       1.8391398977E-005
#    -10    -1       1.3829558006E-003
#    -10     0       2.6709826973E-002
#    -10     1       3.1351228849E-003
#    -10     2       9.8694935159E-005
#    -10     3       1.1054996340E-004
#    -10     4       1.9851969093E-003
#    -10     5       9.8274219528E-003
#    -10     6       2.0055308449E-003
#    -10     7       2.1934104623E-005
#    -10     8       5.3637335592E-006
#    -10     9       6.3590456098E-004
#    -10    10       1.7010062536E-002
#    -10    11       2.0101708279E-004
#    -10    12       3.4763513624E-005
#    -10    13       1.7801828554E-005
#    -10    14       1.1246387808E-003
#    -10    15       1.4018400708E-002
#    -10    16       6.6574160833E-004
#    -10    17       5.2355725818E-005
#    -10    18       7.0883704339E-006
#    -10    19       4.1708847545E-004
#     -9   -27       1.7957717529E-005
#     -9   -26       1.2453036721E-004
#     -9   -25       2.8148934756E-005
#     -9   -24       4.3396231250E-005
#     -9   -23       5.8336302414E-004
#     -9   -22       2.9651062620E-005
#     -9   -21       9.0398457614E-005
#     -9   -20       5.5988014087E-005
#     -9   -19       1.3193541732E-005
#     -9   -18       1.0338378267E-004
#     -9   -17       3.7389700910E-005
#     -9   -16       2.7345774378E-005
#     -9   -15       5.7580718858E-005
#     -9   -14       3.4895464074E-005
#     -9   -13       7.2024517558E-004
#     -9   -12       2.9423378865E-004
#     -9   -11       9.7869675615E-005
#     -9   -10       2.0907360528E-005
#     -9    -9       1.8305336790E-004
#     -9    -8       5.4864401195E-004
#     -9    -7       1.1305656610E-004
#     -9    -6       7.0796041798E-005
#     -9    -5       4.9801908986E-005
#     -9    -4       5.8210238429E-005
#     -9    -3       4.1896253865E-004
#     -9    -2       1.3057148864E-004
#     -9    -1       6.4814565589E-004
#     -9     0       4.1666981869E-004
#     -9     1       8.0003446017E-004
#     -9     2       1.7209409530E-003
#     -9     3       1.5882803302E-004
#     -9     4       2.4703464227E-004
#     -9     5       2.5746455959E-004
#     -9     6       5.6974194281E-005
#     -9     7       5.4438567352E-004
#     -9     8       1.8428718936E-004
#     -9     9       3.8186017825E-005
#     -9    10       1.1304870041E-005
#     -9    11       8.5140474989E-005
#     -9    12       1.4159717540E-004
#     -9    13       7.1834819707E-005
#     -9    14       9.4166590500E-005
#     -9    15       3.4211023222E-004
#     -9    16       9.5948602841E-005
#     -9    17       1.4842367212E-003
#     -9    18       4.1118389256E-004
#     -9    19       2.8806055195E-005
#     -8   -27       1.3892391852E-005
#     -8   -26       2.2027648242E-005
#     -8   -25       8.8243428244E-005
#     -8   -24       5.9447647884E-004
#     -8   -23       3.6649784128E-004
#     -8   -22       1.4085784639E-005
#     -8   -21       4.0751821587E-005
#     -8   -20       4.0994905691E-006
#     -8   -19       1.4293983661E-004
#     -8   -18       1.8759088491E-004
#     -8   -17       1.8764246007E-005
#     -8   -16       1.1414729242E-005
#     -8   -15       4.9612495051E-005
#     -8   -14       9.9476864889E-004
#     -8   -13       1.3973338117E-003
#     -8   -12       1.7793768765E-004
#     -8   -11       8.1798373248E-006
#     -8   -10       1.0750296082E-004
#     -8    -9       5.0471133720E-004
#     -8    -8       5.2717385901E-004
#     -8    -7       6.5129989200E-005
#     -8    -6       1.1647457159E-005
#     -8    -5       1.6249207200E-004
#     -8    -4       1.7341620222E-003
#     -8    -3       2.3040098961E-003
#     -8    -2       1.4728912299E-004
#     -8    -1       9.2032643246E-005
#     -8     0       3.8570200209E-004
#     -8     1       1.5868660915E-003
#     -8     2       4.2566583125E-004
#     -8     3       2.3345756845E-005
#     -8     4       3.3442214518E-005
#     -8     5       1.8311541290E-005
#     -8     6       1.4463161038E-004
#     -8     7       4.3406458734E-004
#     -8     8       4.5717377516E-005
#     -8     9       4.7106994613E-005
#     -8    10       4.1697127138E-005
#     -8    11       7.7867094325E-004
#     -8    12       2.1481624195E-003
#     -8    13       2.1764884737E-004
#     -8    14       3.9462874363E-005
#     -8    15       5.5770625446E-005
#     -8    16       2.5906531665E-003
#     -8    17       1.6761145596E-003
#     -8    18       1.3709386008E-004
#     -7   -27       1.3449437426E-004
#     -7   -26       3.4881727679E-004
#     -7   -25       1.9684644579E-005
#     -7   -24       2.9033030263E-005
#     -7   -23       1.2288940768E-004
#     -7   -22       3.4794944193E-004
#     -7   -21       3.1373392620E-004
#     -7   -20       1.4132759180E-005
#     -7   -19       5.4125673779E-005
#     -7   -18       9.4922407218E-006
#     -7   -17       1.0472850051E-004
#     -7   -16       2.7435327388E-004
#     -7   -15       5.8919471425E-005
#     -7   -14       4.2059538590E-005
#     -7   -13       4.8212213421E-005
#     -7   -12       4.5749918715E-004
#     -7   -11       1.0543720246E-004
#     -7   -10       3.4603924346E-005
#     -7    -9       4.2325443482E-005
#     -7    -8       4.6705982166E-006
#     -7    -7       1.0719608517E-004
#     -7    -6       7.4175336819E-004
#     -7    -5       2.2274374943E-004
#     -7    -4       3.0473166834E-005
#     -7    -3       4.6234320703E-004
#     -7    -2       2.6050307310E-003
#     -7    -1       1.5571839195E-003
#     -7     0       9.0208741125E-005
#     -7     1       5.8948516610E-006
#     -7     2       6.0963175697E-005
#     -7     3       3.6423739204E-005
#     -7     4       2.6227016202E-004
#     -7     5       4.9010259508E-005
#     -7     6       1.1860263867E-005
#     -7     7       1.7947813708E-005
#     -7     8       1.0216112674E-005
#     -7     9       7.6016138051E-005
#     -7    10       2.0688923852E-004
#     -7    11       3.9874192593E-005
#     -7    12       2.2284541676E-004
#     -7    13       8.1965507074E-004
#     -7    14       2.3253727165E-004
#     -7    15       2.5738149143E-004
#     -7    16       4.0616557389E-005
#     -7    17       6.7576068868E-005
#     -6   -27       1.3886722980E-004
#     -6   -26       6.8960038343E-005
#     -6   -25       5.0903508702E-005
#     -6   -24       5.4704532452E-005
#     -6   -23       1.3650470052E-004
#     -6   -22       3.7660553342E-004
#     -6   -21       4.7232292709E-005
#     -6   -20       9.1743596763E-005
#     -6   -19       5.3067399659E-005
#     -6   -18       5.6409624577E-005
#     -6   -17       1.6551773675E-004
#     -6   -16       1.1009356143E-004
#     -6   -15       6.3210363508E-005
#     -6   -14       7.2096945182E-005
#     -6   -13       1.0978093883E-004
#     -6   -12       1.1362088893E-004
#     -6   -11       1.2666729063E-005
#     -6   -10       2.6488264117E-005
#     -6    -9       2.3362593642E-005
#     -6    -8       4.0102168657E-005
#     -6    -7       5.3170699560E-004
#     -6    -6       3.5306949449E-004
#     -6    -5       2.9222207597E-004
#     -6    -4       3.9363658344E-004
#     -6    -3       1.4023730615E-004
#     -6    -2       3.1177079179E-004
#     -6    -1       8.1232157417E-006
#     -6     0       8.7090504274E-005
#     -6     1       8.5553463486E-005
#     -6     2       1.6007198380E-004
#     -6     3       4.3535726176E-004
#     -6     4       7.3818684306E-005
#     -6     5       9.0522572131E-005
#     -6     6       5.2457294484E-005
#     -6     7       1.7990269518E-005
#     -6     8       3.5368243033E-005
#     -6     9       2.2895576894E-004
#     -6    10       4.2058235248E-004
#     -6    11       6.9185354099E-004
#     -6    12       6.5286879235E-004
#     -6    13       4.9415084926E-004
#     -6    14       2.8599429144E-004
#     -6    15       1.3758517515E-004
#     -6    16       6.4816192279E-005
#     -5   -27       9.6790750505E-006
#     -5   -26       2.2156290887E-004
#     -5   -25       5.2784481386E-004
#     -5   -24       3.6209082198E-004
#     -5   -23       7.9783508803E-006
#     -5   -22       1.1680746102E-006
#     -5   -21       1.0054742590E-004
#     -5   -20       1.7839716682E-003
#     -5   -19       9.5667707905E-005
#     -5   -18       6.8961046903E-006
#     -5   -17       9.1652343586E-006
#     -5   -16       1.8372066641E-004
#     -5   -15       1.2470347049E-003
#     -5   -14       2.6787902254E-004
#     -5   -13       1.5593468172E-006
#     -5   -12       3.3139987431E-006
#     -5   -11       1.4452742246E-004
#     -5   -10       1.1209432277E-002
#     -5    -9       4.4665062558E-004
#     -5    -8       1.9465270266E-005
#     -5    -7       6.8052187868E-005
#     -5    -6       1.8506547949E-003
#     -5    -5       8.7052775544E-003
#     -5    -4       2.1008334894E-003
#     -5    -3       7.0631997065E-005
#     -5    -2       6.3830351128E-006
#     -5    -1       4.8041788439E-004
#     -5     0       9.5687544272E-003
#     -5     1       8.4069292720E-004
#     -5     2       3.3427908610E-005
#     -5     3       1.5054305313E-004
#     -5     4       8.4426380373E-004
#     -5     5       1.2381207739E-003
#     -5     6       5.5541972837E-004
#     -5     7       1.5607042744E-006
#     -5     8       7.3068588903E-005
#     -5     9       2.6569884219E-003
#     -5    10       3.7148072959E-002
#     -5    11       2.6591706567E-003
#     -5    12       7.7236557418E-005
#     -5    13       1.6357046131E-005
#     -5    14       1.1847348520E-003
#     -5    15       1.9000042290E-002
#     -4   -28       1.0142142295E-005
#     -4   -27       5.7306136916E-005
#     -4   -26       3.6322564903E-005
#     -4   -25       1.7850033915E-005
#     -4   -24       7.6073751959E-005
#     -4   -23       3.4632341779E-004
#     -4   -22       9.6641922771E-005
#     -4   -21       4.9951071701E-005
#     -4   -20       7.7780222829E-005
#     -4   -19       6.7809746268E-005
#     -4   -18       4.4637273178E-004
#     -4   -17       1.2567420622E-004
#     -4   -16       1.0212802013E-007
#     -4   -15       6.2494476335E-005
#     -4   -14       7.1294506395E-005
#     -4   -13       2.1284450085E-005
#     -4   -12       1.2359382563E-004
#     -4   -11       6.9582623043E-005
#     -4   -10       1.1957088697E-004
#     -4    -9       2.0453340944E-004
#     -4    -8       9.4450828571E-004
#     -4    -7       2.5037580815E-004
#     -4    -6       1.8269190802E-004
#     -4    -5       2.5534020482E-004
#     -4    -4       6.1869764748E-005
#     -4    -3       6.0479965628E-005
#     -4    -2       1.7246686088E-004
#     -4    -1       7.6916838379E-005
#     -4     0       7.9203913627E-006
#     -4     1       3.3850218310E-004
#     -4     2       2.1252163669E-004
#     -4     3       6.0101184108E-006
#     -4     4       2.1826730075E-004
#     -4     5       9.6471411988E-005
#     -4     6       2.9548000144E-005
#     -4     7       6.6924407195E-004
#     -4     8       8.3800564825E-004
#     -4     9       4.2152902737E-004
#     -4    10       4.5041203577E-004
#     -4    11       9.7318213059E-004
#     -4    12       5.9638526004E-004
#     -4    13       7.0278816090E-005
#     -4    14       2.7687563840E-005
#     -3   -28       4.4769861397E-004
#     -3   -27       1.9924039754E-005
#     -3   -26       1.5023225901E-006
#     -3   -25       6.4668511694E-005
#     -3   -24       3.4624077375E-004
#     -3   -23       3.8074198956E-004
#     -3   -22       2.8496176566E-005
#     -3   -21       8.2685092592E-005
#     -3   -20       3.4395343805E-005
#     -3   -19       2.3441415532E-004
#     -3   -18       2.7031851162E-004
#     -3   -17       2.7057701568E-005
#     -3   -16       2.4776267425E-005
#     -3   -15       1.6773026296E-005
#     -3   -14       6.9025291519E-005
#     -3   -13       3.4835060191E-005
#     -3   -12       3.5294301526E-005
#     -3   -11       5.2588856749E-005
#     -3   -10       1.6971889362E-004
#     -3    -9       1.6762873358E-003
#     -3    -8       1.5328018125E-003
#     -3    -7       2.9582590750E-004
#     -3    -6       4.4903895178E-005
#     -3    -5       1.5396627488E-005
#     -3    -4       1.5645908134E-004
#     -3    -3       4.6643592401E-004
#     -3    -2       4.2477008842E-005
#     -3    -1       6.7527606824E-005
#     -3     0       2.6589869826E-005
#     -3     1       6.9286451835E-005
#     -3     2       1.8422452472E-005
#     -3     3       2.7324023079E-005
#     -3     4       3.1346809700E-005
#     -3     5       2.3505837315E-005
#     -3     6       1.7412140741E-004
#     -3     7       7.1837383497E-004
#     -3     8       9.5680536943E-005
#     -3     9       1.4714588670E-004
#     -3    10       5.7456422929E-005
#     -3    11       2.0909223613E-003
#     -3    12       2.0523432683E-004
#     -3    13       8.6120983341E-005
#     -2   -28       8.5694883979E-006
#     -2   -27       4.5958486433E-004
#     -2   -26       3.7378249436E-004
#     -2   -25       9.8884600100E-005
#     -2   -24       6.9093793001E-005
#     -2   -23       1.8690307665E-005
#     -2   -22       5.7931855998E-004
#     -2   -21       5.3801901149E-004
#     -2   -20       9.0305987197E-005
#     -2   -19       1.2687828020E-005
#     -2   -18       5.1731040523E-005
#     -2   -17       6.5673119647E-004
#     -2   -16       5.7005600003E-004
#     -2   -15       2.9353590201E-005
#     -2   -14       4.0861691605E-005
#     -2   -13       6.2132224463E-006
#     -2   -12       6.6772462551E-004
#     -2   -11       1.0912311944E-003
#     -2   -10       5.1132128667E-005
#     -2    -9       1.0825808586E-004
#     -2    -8       3.6650160384E-005
#     -2    -7       5.5298667873E-004
#     -2    -6       2.7900270736E-004
#     -2    -5       1.0452771170E-004
#     -2    -4       2.2772281190E-005
#     -2    -3       1.2283135509E-004
#     -2    -2       3.7029114859E-004
#     -2    -1       1.4743107325E-004
#     -2     0       9.8283439282E-006
#     -2     1       1.9459048586E-005
#     -2     2       1.1419234552E-004
#     -2     3       4.0858009323E-004
#     -2     4       5.4179018483E-005
#     -2     5       1.5370319073E-005
#     -2     6       1.3836239756E-006
#     -2     7       1.3901496586E-004
#     -2     8       3.4448997679E-004
#     -2     9       1.0964692603E-003
#     -2    10       1.0989792448E-004
#     -2    11       5.7976975219E-005
#     -2    12       1.2411963391E-004
#     -1   -27       1.7532225419E-004
#     -1   -26       5.2465993049E-005
#     -1   -25       6.8064983329E-006
#     -1   -24       1.2418557344E-004
#     -1   -23       5.9375634877E-006
#     -1   -22       3.9549003373E-004
#     -1   -21       3.7709816973E-005
#     -1   -20       3.3003963957E-005
#     -1   -19       1.1553327893E-004
#     -1   -18       7.4012987662E-005
#     -1   -17       2.1709299572E-004
#     -1   -16       4.1989693144E-005
#     -1   -15       1.6143468370E-005
#     -1   -14       2.7477668709E-005
#     -1   -13       2.6597997641E-005
#     -1   -12       6.8323592656E-004
#     -1   -11       1.5974331462E-004
#     -1   -10       1.2268366580E-004
#     -1    -9       4.8827486452E-005
#     -1    -8       1.4498278540E-004
#     -1    -7       3.2902375998E-004
#     -1    -6       1.7484804032E-004
#     -1    -5       3.4321778072E-005
#     -1    -4       1.9245733464E-004
#     -1    -3       2.5614397449E-006
#     -1    -2       4.4997893074E-005
#     -1    -1       5.7154367562E-005
#     -1     0       6.0491573912E-005
#     -1     1       3.3595943122E-004
#     -1     2       2.9156837289E-004
#     -1     3       3.2053766654E-004
#     -1     4       2.4929334609E-005
#     -1     5       1.5208160690E-004
#     -1     6       1.6174818095E-004
#     -1     7       1.4826906684E-004
#     -1     8       8.1592876577E-005
#     -1     9       5.1341001201E-005
#     -1    10       2.1403459006E-004
#     -1    11       7.1730462683E-005
#      0   -27       4.9845504366E-006
#      0   -26       7.1941250220E-004
#      0   -25       7.3948383375E-004
#      0   -24       7.9925380745E-004
#      0   -23       3.9385543829E-005
#      0   -22       1.1526402034E-007
#      0   -21       4.4132878662E-004
#      0   -20       3.0850282018E-003
#      0   -19       5.3961504884E-005
#      0   -18       1.1762348276E-005
#      0   -17       4.6302100729E-006
#      0   -16       2.4610950526E-005
#      0   -15       1.5613681256E-002
#      0   -14       6.3533011274E-005
#      0   -13       5.4448026064E-005
#      0   -12       1.4704043115E-005
#      0   -11       6.2626399146E-004
#      0   -10       1.7354091633E-002
#      0    -9       2.4540185911E-004
#      0    -8       3.5162615993E-006
#      0    -7       4.2527653665E-005
#      0    -6       4.1130920673E-004
#      0    -5       7.9413378821E-004
#      0    -4       8.1943605199E-004
#      0    -3       3.4883569045E-005
#      0    -2       1.4982375338E-004
#      0    -1       2.8061889530E-003
#      0     0       3.2511275311E-002
#      0     1       3.1089783136E-003
#      0     2       4.1625504435E-005
#      0     3       4.4060095557E-006
#      0     4       4.2985449428E-004
#      0     5       7.1957263304E-003
#      0     6       1.9541763679E-003
#      0     7       3.9544390020E-005
#      0     8       2.3934816575E-005
#      0     9       1.1015499052E-003
#      0    10       1.2172659602E-002
#      1   -27       6.6233864189E-005
#      1   -26       9.3605037191E-005
#      1   -25       1.2570286884E-004
#      1   -24       9.9542543860E-005
#      1   -23       1.8016615727E-004
#      1   -22       1.0204440739E-004
#      1   -21       1.6297036078E-004
#      1   -20       4.0431197499E-007
#      1   -19       1.6621884172E-005
#      1   -18       6.9012284590E-005
#      1   -17       2.7645971665E-006
#      1   -16       6.2307970254E-006
#      1   -15       1.5815919996E-004
#      1   -14       8.5970469874E-005
#      1   -13       1.6224883014E-004
#      1   -12       3.8917187383E-005
#      1   -11       1.2327771164E-004
#      1   -10       1.4470062333E-005
#      1    -9       1.6404795361E-005
#      1    -8       2.3731486668E-005
#      1    -7       5.9219825707E-005
#      1    -6       5.1442391199E-005
#      1    -5       1.3759785028E-004
#      1    -4       1.7476422503E-005
#      1    -3       2.9534669448E-004
#      1    -2       5.0660290203E-004
#      1    -1       4.1891346073E-004
#      1     0       7.9470500346E-004
#      1     1       3.3480120739E-004
#      1     2       3.7563321881E-004
#      1     3       2.3969849871E-005
#      1     4       1.1408326815E-004
#      1     5       4.8518500205E-004
#      1     6       4.9766630334E-005
#      1     7       2.3802427894E-004
#      1     8       3.3227391470E-004
#      1     9       4.4108951890E-004
#      2   -27       2.5899169200E-005
#      2   -26       5.4818298772E-005
#      2   -25       6.2651916072E-005
#      2   -24       9.1659072543E-004
#      2   -23       7.7359636312E-004
#      2   -22       9.8903536609E-005
#      2   -21       2.7832440614E-005
#      2   -20       3.4926571634E-006
#      2   -19       1.7157683292E-004
#      2   -18       3.4235216658E-004
#      2   -17       7.2628425562E-005
#      2   -16       1.3206051397E-005
#      2   -15       5.9321455331E-005
#      2   -14       6.4349344673E-004
#      2   -13       6.0116148758E-004
#      2   -12       6.0208704398E-005
#      2   -11       3.5914008528E-006
#      2   -10       4.6545990744E-005
#      2    -9       7.7603034645E-005
#      2    -8       1.1594140273E-004
#      2    -7       1.8998529215E-004
#      2    -6       3.0214826782E-005
#      2    -5       3.5249282913E-006
#      2    -4       2.9407631879E-005
#      2    -3       7.3084652446E-004
#      2    -2       3.1820533834E-004
#      2    -1       1.0433589895E-004
#      2     0       1.2706494531E-004
#      2     1       2.1732617186E-003
#      2     2       3.0147353101E-004
#      2     3       9.8706475558E-005
#      2     4       4.5554403011E-005
#      2     5       8.9853629110E-005
#      2     6       9.5912235871E-004
#      2     7       9.7324920414E-004
#      2     8       6.5882660729E-005
#      3   -26       2.1607387213E-004
#      3   -25       3.4393891451E-005
#      3   -24       9.9128781277E-006
#      3   -23       1.0872568312E-004
#      3   -22       1.6603218211E-004
#      3   -21       3.2110349028E-004
#      3   -20       5.7688994968E-005
#      3   -19       6.8080570982E-006
#      3   -18       1.7865715528E-004
#      3   -17       7.3296956381E-004
#      3   -16       1.0746180138E-003
#      3   -15       2.8621495528E-004
#      3   -14       7.1053671200E-005
#      3   -13       2.0381572646E-004
#      3   -12       2.3887092401E-004
#      3   -11       6.0850895722E-004
#      3   -10       1.5060232566E-004
#      3    -9       2.0814140663E-005
#      3    -8       1.6566861727E-004
#      3    -7       9.8431825717E-004
#      3    -6       6.4498109783E-004
#      3    -5       6.0060784653E-005
#      3    -4       3.0193474143E-005
#      3    -3       8.3915476182E-005
#      3    -2       9.9065618649E-004
#      3    -1       2.0968319703E-003
#      3     0       1.0431253003E-004
#      3     1       1.0893879425E-004
#      3     2       3.8038316671E-004
#      3     3       2.0504458342E-003
#      3     4       1.3295684199E-003
#      3     5       7.9166318030E-006
#      3     6       1.0142187466E-004
#      4   -26       5.0885656878E-005
#      4   -25       2.8700892585E-005
#      4   -24       6.2592897061E-005
#      4   -23       2.5528973707E-004
#      4   -22       4.3206452612E-004
#      4   -21       6.0623309376E-005
#      4   -20       7.8699066180E-005
#      4   -19       6.4035691797E-005
#      4   -18       1.6523700079E-004
#      4   -17       1.0757468408E-004
#      4   -16       2.2490166833E-004
#      4   -15       1.8351745615E-004
#      4   -14       3.4764419048E-004
#      4   -13       4.1819565441E-005
#      4   -12       1.2166709811E-003
#      4   -11       6.1194578628E-004
#      4   -10       4.0931826478E-004
#      4    -9       3.4006327799E-004
#      4    -8       7.0092957758E-004
#      4    -7       8.3997648105E-004
#      4    -6       9.0093221493E-006
#      4    -5       8.3038629845E-005
#      4    -4       1.0724560758E-005
#      4    -3       2.4973066685E-004
#      4    -2       7.2009797751E-005
#      4    -1       7.1442392850E-005
#      4     0       7.8208407203E-004
#      4     1       5.7130552430E-004
#      4     2       5.2329563738E-004
#      4     3       1.4726563496E-003
#      4     4       4.2817070019E-004
#      4     5       1.0284696155E-004
#      5   -25       1.9358008447E-003
#      5   -24       3.4305772680E-004
#      5   -23       5.0732571172E-005
#      5   -22       5.1823939426E-005
#      5   -21       4.6930336472E-004
#      5   -20       1.2157044246E-003
#      5   -19       3.0434222902E-004
#      5   -18       5.2988929966E-005
#      5   -17       3.0054503680E-005
#      5   -16       5.8275793484E-004
#      5   -15       1.4293371383E-002
#      5   -14       5.1880305971E-004
#      5   -13       2.2910979381E-005
#      5   -12       9.3280430599E-006
#      5   -11       4.4871975899E-003
#      5   -10       3.9552829497E-002
#      5    -9       3.1194760734E-003
#      5    -8       1.5886257629E-005
#      5    -7       1.0533201824E-005
#      5    -6       1.0327771384E-003
#      5    -5       8.2675323577E-003
#      5    -4       7.9445826400E-004
#      5    -3       7.1730937774E-005
#      5    -2       6.0854883208E-005
#      5    -1       3.6882947928E-003
#      5     0       5.1784555488E-002
#      5     1       3.0914903146E-003
#      5     2       1.4930531595E-004
#      5     3       3.4162739302E-005
#      6   -25       1.4554844626E-004
#      6   -24       1.5135241113E-004
#      6   -23       1.7948797384E-004
#      6   -22       3.4125098021E-005
#      6   -21       3.8362296372E-004
#      6   -20       1.1373306424E-004
#      6   -19       1.2477672811E-004
#      6   -18       4.8090898728E-005
#      6   -17       3.4202444985E-006
#      6   -16       3.1073736203E-004
#      6   -15       7.0509960660E-004
#      6   -14       2.9250076867E-005
#      6   -13       5.6377643388E-004
#      6   -12       8.3275057212E-004
#      6   -11       5.2517183407E-004
#      6   -10       2.6773343018E-004
#      6    -9       3.1249355239E-004
#      6    -8       3.0622939186E-004
#      6    -7       2.7539204855E-005
#      6    -6       3.8786042627E-004
#      6    -5       6.5775984640E-004
#      6    -4       1.4628261573E-004
#      6    -3       8.2019671910E-004
#      6    -2       8.4213453995E-004
#      6    -1       4.3057089134E-004
#      6     0       5.0287009036E-004
#      6     1       4.7097280622E-005
#      6     2       1.1079904083E-003
#      7   -24       1.0409736711E-003
#      7   -23       7.6006740297E-004
#      7   -22       4.5251717275E-005
#      7   -21       3.9786409419E-005
#      7   -20       1.8142255602E-004
#      7   -19       1.2714240194E-003
#      7   -18       5.9545697602E-004
#      7   -17       5.2291406828E-005
#      7   -16       3.2972924158E-005
#      7   -15       4.9049150266E-005
#      7   -14       3.5975326533E-004
#      7   -13       6.0185970009E-004
#      7   -12       7.9147286842E-005
#      7   -11       2.1176634755E-004
#      7   -10       3.1153989854E-004
#      7    -9       1.0939772128E-003
#      7    -8       1.4135900496E-004
#      7    -7       2.7248889556E-004
#      7    -6       1.1043074299E-005
#      7    -5       3.9854372750E-004
#      7    -4       2.3309508319E-003
#      7    -3       2.8979310699E-003
#      7    -2       8.3563931174E-004
#      7    -1       9.5583717135E-006
#      7     0       1.7292742273E-004
#      8   -23       3.3021908866E-004
#      8   -22       3.4829883555E-004
#      8   -21       5.2986248602E-004
#      8   -20       4.4089666603E-005
#      8   -19       2.2504287689E-004
#      8   -18       2.5884277374E-004
#      8   -17       2.0899533464E-003
#      8   -16       2.0934381495E-003
#      8   -15       3.0751569063E-005
#      8   -14       7.0910790682E-006
#      8   -13       4.8956262680E-005
#      8   -12       9.6458393657E-004
#      8   -11       2.1368793911E-003
#      8   -10       8.4368342616E-005
#      8    -9       2.8129355893E-005
#      8    -8       9.5899698691E-006
#      8    -7       1.7653788809E-004
#      8    -6       1.5213618163E-003
#      8    -5       1.1371938808E-004
#      8    -4       5.9728143130E-005
#      8    -3       3.1316662179E-005
#      8    -2       1.6724876742E-003
#      9   -21       2.2493791138E-004
#      9   -20       6.0472186119E-005
#      9   -19       6.1759658513E-005
#      9   -18       1.4442157711E-004
#      9   -17       1.2189128186E-003
#      9   -16       9.0770539073E-005
#      9   -15       3.2025686846E-004
#      9   -14       1.5388776965E-004
#      9   -13       2.0206144813E-005
#      9   -12       3.1093992190E-005
#      9   -11       7.2105629075E-006
#      9   -10       3.5962401708E-004
#      9    -9       2.0807938889E-004
#      9    -8       2.7190744393E-004
#      9    -7       5.8363705329E-004
#      9    -6       5.4758987903E-004
#      9    -5       8.7603364397E-005
#     10   -19       1.3026823166E-004
#     10   -18       1.3111429108E-004
#     10   -17       9.6118538706E-005
#     10   -16       1.1815682020E-003
#     10   -15       1.7789063150E-002
#     10   -14       3.5843175872E-004
#     10   -13       2.9023860858E-005
#     10   -12       2.9379192480E-005
#     10   -11       4.4723868749E-004
#     10   -10       1.1172758154E-002
#     10    -9       9.6758493398E-004
#     10    -8       1.8951820986E-004
