 Diffraction intensities for potential:_5x5_02D10003.in                        
#    -45    11       6.0911070737E-007
#    -45    12       4.2616613774E-005
#    -45    13       3.6239213864E-005
#    -45    14       1.6371893144E-005
#    -45    15       5.4703203011E-005
#    -45    16       6.3514023083E-006
#    -44     7       1.7045799716E-005
#    -44     8       1.7433040616E-005
#    -44     9       2.4922855136E-006
#    -44    10       2.3069871058E-005
#    -44    11       5.2686064000E-006
#    -44    12       5.0034286474E-005
#    -44    13       3.2720515646E-005
#    -44    14       4.9989889341E-006
#    -44    15       5.5934785849E-005
#    -44    16       9.8961306728E-006
#    -44    17       2.6843864718E-005
#    -44    18       3.8814441107E-005
#    -44    19       3.9615131089E-006
#    -44    20       1.8274083347E-005
#    -43     4       1.3730711156E-006
#    -43     5       2.0992778614E-005
#    -43     6       3.6202793368E-006
#    -43     7       2.1574531196E-005
#    -43     8       3.2014158826E-005
#    -43     9       1.5585442530E-006
#    -43    10       4.3962757854E-005
#    -43    11       1.2953406405E-005
#    -43    12       5.5639042191E-005
#    -43    13       4.8157996550E-005
#    -43    14       8.2383640449E-006
#    -43    15       7.7451614338E-005
#    -43    16       9.6384859550E-006
#    -43    17       5.7244359656E-005
#    -43    18       8.7119839897E-005
#    -43    19       1.2932851703E-005
#    -43    20       7.2997863504E-005
#    -43    21       2.0883320576E-006
#    -43    22       4.7004959738E-005
#    -42     2       2.8745213698E-005
#    -42     3       1.9406118258E-005
#    -42     4       2.3242794185E-006
#    -42     5       1.5259071091E-005
#    -42     6       2.0152209919E-006
#    -42     7       9.6093749673E-006
#    -42     8       3.6661695957E-005
#    -42     9       2.8900446276E-006
#    -42    10       6.9233608229E-005
#    -42    11       1.2166874023E-005
#    -42    12       6.5092706903E-005
#    -42    13       1.0435710960E-004
#    -42    14       8.5226063549E-006
#    -42    15       9.5765516961E-005
#    -42    16       1.1595597443E-005
#    -42    17       5.9929248499E-005
#    -42    18       5.9501931030E-005
#    -42    19       1.4534980536E-005
#    -42    20       9.1237128034E-005
#    -42    21       3.9056679440E-006
#    -42    22       5.1482134282E-005
#    -42    23       5.1071458121E-005
#    -41     0       3.2140870724E-005
#    -41     1       1.0262993462E-006
#    -41     2       3.7041742223E-006
#    -41     3       2.5948966092E-005
#    -41     4       1.2175986464E-006
#    -41     5       2.9316897353E-005
#    -41     6       4.4400510419E-006
#    -41     7       3.1245201172E-005
#    -41     8       3.3387155424E-005
#    -41     9       3.4420604304E-006
#    -41    10       7.1247955086E-005
#    -41    11       1.8725294233E-005
#    -41    12       5.6089508730E-005
#    -41    13       8.8165669803E-005
#    -41    14       7.1601631911E-006
#    -41    15       1.1367776753E-004
#    -41    16       2.0666055075E-005
#    -41    17       7.3576751291E-005
#    -41    18       1.0180187188E-004
#    -41    19       1.5834055921E-005
#    -41    20       1.4361693008E-004
#    -41    21       1.3178419466E-005
#    -41    22       1.0277739537E-004
#    -41    23       6.4598482649E-005
#    -41    24       7.5330837806E-006
#    -40    -2       2.8613096843E-005
#    -40    -1       1.0306980639E-006
#    -40     0       5.3237451774E-005
#    -40     1       5.1226080161E-006
#    -40     2       5.4861949496E-005
#    -40     3       2.1727908557E-005
#    -40     4       4.7779822411E-006
#    -40     5       5.6903574208E-005
#    -40     6       4.6437292008E-006
#    -40     7       9.6310309611E-005
#    -40     8       5.2686997041E-005
#    -40     9       6.2032186639E-006
#    -40    10       1.2817173350E-004
#    -40    11       1.3259794957E-005
#    -40    12       7.9327772451E-005
#    -40    13       1.2126536713E-004
#    -40    14       2.4025554991E-005
#    -40    15       1.3514579125E-004
#    -40    16       1.6508714458E-005
#    -40    17       9.8195079449E-005
#    -40    18       1.1442515738E-004
#    -40    19       1.7323201583E-005
#    -40    20       9.7137682626E-005
#    -40    21       1.7983262964E-005
#    -40    22       3.1812043338E-005
#    -40    23       3.8107618036E-005
#    -40    24       1.5274939749E-005
#    -40    25       8.3786352422E-005
#    -39    -4       1.3715713511E-006
#    -39    -3       1.9202622646E-005
#    -39    -2       3.7048426819E-006
#    -39    -1       5.0300464122E-006
#    -39     0       1.5689069314E-005
#    -39     1       4.1881562010E-006
#    -39     2       3.3693301714E-005
#    -39     3       2.7502699472E-005
#    -39     4       5.9823632484E-006
#    -39     5       4.7962719998E-005
#    -39     6       3.8204829241E-006
#    -39     7       5.9109861161E-005
#    -39     8       4.4013864473E-005
#    -39     9       8.6957475256E-006
#    -39    10       9.3566271573E-005
#    -39    11       2.2160965170E-005
#    -39    12       9.8251615281E-005
#    -39    13       1.0768121048E-004
#    -39    14       1.1093682127E-005
#    -39    15       1.7149123209E-004
#    -39    16       1.6903378721E-005
#    -39    17       9.4224612426E-005
#    -39    18       1.2520187723E-004
#    -39    19       1.7287799891E-005
#    -39    20       1.1491614841E-004
#    -39    21       1.8529013456E-005
#    -39    22       1.0742124328E-004
#    -39    23       1.3896849319E-004
#    -39    24       2.2541634628E-005
#    -39    25       2.4552878694E-004
#    -39    26       9.9074136482E-007
#    -38    -5       2.0952659358E-005
#    -38    -4       2.3060811433E-006
#    -38    -3       2.5795191392E-005
#    -38    -2       5.4674086502E-005
#    -38    -1       4.1519596070E-006
#    -38     0       5.1876294265E-005
#    -38     1       4.8957809146E-006
#    -38     2       4.3214748073E-005
#    -38     3       5.8707206838E-005
#    -38     4       5.2948850351E-006
#    -38     5       7.7589881616E-005
#    -38     6       6.3430160617E-006
#    -38     7       5.5332751025E-005
#    -38     8       4.4632172652E-005
#    -38     9       7.8326287860E-006
#    -38    10       1.1256917865E-004
#    -38    11       2.4676910928E-005
#    -38    12       9.4968951472E-005
#    -38    13       1.4800265186E-004
#    -38    14       1.3690658246E-005
#    -38    15       1.8806560553E-004
#    -38    16       1.6361839237E-005
#    -38    17       1.2022743183E-004
#    -38    18       1.4751856838E-004
#    -38    19       2.2004103578E-005
#    -38    20       1.7038057659E-004
#    -38    21       1.6323348387E-005
#    -38    22       1.3982406648E-004
#    -38    23       1.1059769642E-004
#    -38    24       1.1886529354E-005
#    -38    25       7.5884467526E-005
#    -38    26       3.0116105570E-006
#    -37    -7       1.7136344694E-005
#    -37    -6       3.6503003656E-006
#    -37    -5       1.5158987189E-005
#    -37    -4       1.2148646129E-006
#    -37    -3       2.1598237888E-005
#    -37    -2       3.3447217640E-005
#    -37    -1       4.9091927234E-006
#    -37     0       5.5038460109E-005
#    -37     1       5.2955360815E-006
#    -37     2       3.9085026179E-005
#    -37     3       5.1904250447E-005
#    -37     4       5.4730808914E-006
#    -37     5       8.1359300823E-005
#    -37     6       8.5895253080E-006
#    -37     7       4.5699925683E-005
#    -37     8       6.7529153335E-005
#    -37     9       8.2900228598E-006
#    -37    10       1.0928617197E-004
#    -37    11       1.8661334524E-005
#    -37    12       8.0500946777E-005
#    -37    13       1.2494441973E-004
#    -37    14       8.5385652079E-006
#    -37    15       1.7162658279E-004
#    -37    16       2.4877144714E-005
#    -37    17       1.1014617849E-004
#    -37    18       9.4328905546E-005
#    -37    19       1.9615304719E-005
#    -37    20       1.7189982300E-004
#    -37    21       1.4504095457E-005
#    -37    22       1.1145891990E-004
#    -37    23       1.1694201870E-004
#    -37    24       1.9592347064E-005
#    -37    25       7.0851432824E-005
#    -37    26       1.4363718832E-006
#    -37    27       5.4947059871E-005
#    -36    -8       1.7348573726E-005
#    -36    -7       2.1454546275E-005
#    -36    -6       2.0016242050E-006
#    -36    -5       2.9193263531E-005
#    -36    -4       4.6527678364E-006
#    -36    -3       2.7260100970E-005
#    -36    -2       4.2740976264E-005
#    -36    -1       5.3092985222E-006
#    -36     0       4.5815169082E-005
#    -36     1       8.6337262903E-006
#    -36     2       3.1255425608E-005
#    -36     3       7.6541915877E-005
#    -36     4       4.5144348458E-006
#    -36     5       8.6577658292E-005
#    -36     6       1.4514911092E-005
#    -36     7       4.5273606240E-005
#    -36     8       5.2200873864E-005
#    -36     9       6.7055073359E-006
#    -36    10       7.4403567899E-005
#    -36    11       1.4030985709E-005
#    -36    12       4.0947113245E-005
#    -36    13       8.6681044466E-005
#    -36    14       2.7041402621E-006
#    -36    15       1.7191722047E-004
#    -36    16       2.9474350542E-005
#    -36    17       1.2700167135E-004
#    -36    18       1.3047630580E-004
#    -36    19       2.5258655488E-005
#    -36    20       1.6409683202E-004
#    -36    21       1.7780366091E-005
#    -36    22       1.2642522171E-004
#    -36    23       1.2920561673E-004
#    -36    24       2.2169412240E-005
#    -36    25       8.2321732320E-005
#    -36    26       5.5946588154E-007
#    -36    27       3.5183199566E-005
#    -35    -9       2.4851172526E-006
#    -35    -8       3.1758021079E-005
#    -35    -7       9.5134519483E-006
#    -35    -6       4.4106490829E-006
#    -35    -5       5.6625036739E-005
#    -35    -4       5.8665005151E-006
#    -35    -3       5.8228284625E-005
#    -35    -2       3.8399493657E-005
#    -35    -1       8.6620640956E-006
#    -35     0       1.1090123986E-004
#    -35     1       1.1086925156E-005
#    -35     2       8.8965791046E-005
#    -35     3       8.3316126033E-005
#    -35     4       4.2228752813E-006
#    -35     5       9.7652195753E-006
#    -35     6       1.0726739507E-005
#    -35     7       5.1172784815E-005
#    -35     8       5.2029669229E-005
#    -35     9       9.9572179041E-006
#    -35    10       2.4474275632E-004
#    -35    11       5.9363530142E-006
#    -35    12       3.7794968483E-005
#    -35    13       6.3271039081E-005
#    -35    14       2.5191319232E-006
#    -35    15       3.2898124727E-004
#    -35    16       2.8038960578E-005
#    -35    17       8.8322469891E-005
#    -35    18       6.1063135883E-005
#    -35    19       2.3455507174E-005
#    -35    20       2.1391733695E-004
#    -35    21       1.2276482877E-005
#    -35    22       1.0138120140E-004
#    -35    23       1.5285335470E-004
#    -35    24       3.9700849222E-005
#    -35    25       1.1914043329E-004
#    -35    26       3.3338976861E-005
#    -35    27       7.5175071702E-005
#    -34   -11       6.1674073306E-007
#    -34   -10       2.2889269238E-005
#    -34    -9       1.5274370942E-006
#    -34    -8       3.6507242239E-005
#    -34    -7       3.0971441783E-005
#    -34    -6       4.5996438566E-006
#    -34    -5       4.7478600461E-005
#    -34    -4       5.1578167289E-006
#    -34    -3       5.1761990964E-005
#    -34    -2       3.1116505443E-005
#    -34    -1       1.1070535396E-005
#    -34     0       7.7667389726E-005
#    -34     1       1.3583681789E-005
#    -34     2       7.5835370857E-005
#    -34     3       8.1003879235E-005
#    -34     4       6.2175768219E-006
#    -34     5       6.2917126999E-005
#    -34     6       1.0446240668E-005
#    -34     7       3.4717246337E-005
#    -34     8       2.4043073843E-005
#    -34     9       3.3327738198E-006
#    -34    10       3.7286443912E-005
#    -34    11       5.3127047889E-006
#    -34    12       2.1701004862E-005
#    -34    13       4.6896662589E-005
#    -34    14       9.8680027600E-007
#    -34    15       8.8526642312E-005
#    -34    16       2.3758426506E-005
#    -34    17       9.3235149366E-005
#    -34    18       1.1749622885E-004
#    -34    19       1.9739857394E-005
#    -34    20       1.5793538184E-004
#    -34    21       3.0104991402E-006
#    -34    22       1.6225458363E-004
#    -34    23       1.5426571452E-004
#    -34    24       4.0731627010E-005
#    -34    25       5.8963789109E-005
#    -34    26       2.6608815423E-005
#    -34    27       2.7614421282E-006
#    -33   -12       4.2630922329E-005
#    -33   -11       5.2547531548E-006
#    -33   -10       4.3134996090E-005
#    -33    -9       2.8121793610E-006
#    -33    -8       3.2362647107E-005
#    -33    -7       9.4898540515E-005
#    -33    -6       3.8120673732E-006
#    -33    -5       7.7416525116E-005
#    -33    -4       5.3952607386E-006
#    -33    -3       7.6473622015E-005
#    -33    -2       8.9195816907E-005
#    -33    -1       1.3580949406E-005
#    -33     0       1.2760658286E-004
#    -33     1       1.2765756181E-005
#    -33     2       8.9876025584E-005
#    -33     3       7.9152782997E-005
#    -33     4       4.9796777513E-006
#    -33     5       5.6744808639E-005
#    -33     6       1.1487842001E-005
#    -33     7       2.0194500974E-005
#    -33     8       2.6447452111E-005
#    -33     9       2.1613223677E-006
#    -33    10       4.3976538474E-005
#    -33    11       4.6813666470E-006
#    -33    12       2.5540333528E-005
#    -33    13       4.2640242217E-005
#    -33    14       2.1541557188E-007
#    -33    15       6.7279652010E-005
#    -33    16       2.2534215369E-005
#    -33    17       9.3282225691E-005
#    -33    18       7.1624588620E-005
#    -33    19       1.4484347234E-005
#    -33    20       7.7510431949E-005
#    -33    21       3.5926931664E-006
#    -33    22       1.4995465017E-004
#    -33    23       1.2100691692E-004
#    -33    24       3.6375221363E-005
#    -33    25       2.1679472743E-004
#    -33    26       1.8149253845E-005
#    -33    27       3.1593829185E-005
#    -32   -13       3.5816732351E-005
#    -32   -12       4.9382962325E-005
#    -32   -11       1.2833012911E-005
#    -32   -10       6.7391311450E-005
#    -32    -9       3.3139444339E-006
#    -32    -8       5.1748779968E-005
#    -32    -7       5.9322012707E-005
#    -32    -6       6.5221934075E-006
#    -32    -5       8.2140056109E-005
#    -32    -4       4.5463285643E-006
#    -32    -3       8.4327792116E-005
#    -32    -2       7.6731910207E-005
#    -32    -1       1.2849045141E-005
#    -32     0       1.3408615084E-004
#    -32     1       1.0217943236E-005
#    -32     2       5.3952382093E-005
#    -32     3       4.4536167286E-005
#    -32     4       3.2481262091E-006
#    -32     5       4.3036509504E-005
#    -32     6       1.0726254773E-005
#    -32     7       1.2627968656E-005
#    -32     8       2.8506901985E-005
#    -32     9       1.3251224178E-006
#    -32    10       3.1345843813E-005
#    -32    11       4.9926220044E-006
#    -32    12       1.3814731247E-005
#    -32    13       1.8226392661E-005
#    -32    14       2.3412091632E-007
#    -32    15       3.8748247548E-005
#    -32    16       1.2433089740E-005
#    -32    17       3.4009935288E-005
#    -32    18       6.5661640274E-005
#    -32    19       1.8644613564E-005
#    -32    20       5.8892809463E-005
#    -32    21       1.1361353394E-006
#    -32    22       1.2550104904E-004
#    -32    23       1.5589483991E-004
#    -32    24       1.6657177799E-005
#    -32    25       1.8397575379E-004
#    -32    26       1.6568013713E-005
#    -32    27       8.4910725950E-005
#    -32    28       1.8605516855E-004
#    -31   -14       1.6249748270E-005
#    -31   -13       3.2125168816E-005
#    -31   -12       5.4459568764E-005
#    -31   -11       1.1863226770E-005
#    -31   -10       6.8982515870E-005
#    -31    -9       6.2973606971E-006
#    -31    -8       4.3684860267E-005
#    -31    -7       5.5963391014E-005
#    -31    -6       8.8440711416E-006
#    -31    -5       8.8493054227E-005
#    -31    -4       4.3320952690E-006
#    -31    -3       8.2323840847E-005
#    -31    -2       9.1081689248E-005
#    -31    -1       1.0335553084E-005
#    -31     0       9.3561576734E-005
#    -31     1       7.1694566231E-006
#    -31     2       3.9563030375E-005
#    -31     3       3.8227361444E-005
#    -31     4       2.0478388107E-006
#    -31     5       3.2741398321E-005
#    -31     6       1.1474623891E-005
#    -31     7       1.1842827482E-005
#    -31     8       1.5599663330E-005
#    -31     9       3.4080315083E-007
#    -31    10       1.3410867184E-005
#    -31    11       2.6599056652E-006
#    -31    12       7.2096778893E-006
#    -31    13       7.2532842254E-006
#    -31    14       2.6134085488E-006
#    -31    15       1.2675489745E-005
#    -31    16       7.4563713597E-006
#    -31    17       2.1125923794E-005
#    -31    18       7.5804398325E-006
#    -31    19       9.9148828462E-006
#    -31    20       3.1124451705E-005
#    -31    21       9.0493557365E-006
#    -31    22       1.4436350869E-004
#    -31    23       1.3419197002E-004
#    -31    24       2.4774128213E-005
#    -31    25       1.6442120800E-004
#    -31    26       9.9737326605E-006
#    -31    27       2.0637236095E-005
#    -31    28       5.9448837533E-005
#    -30   -15       5.4152941840E-005
#    -30   -14       4.8562538047E-006
#    -30   -13       4.6779228075E-005
#    -30   -12       6.3070174363E-005
#    -30   -11       1.8340787811E-005
#    -30   -10       1.2542527498E-004
#    -30    -9       8.8417379079E-006
#    -30    -8       4.5674724536E-005
#    -30    -7       4.7561411057E-005
#    -30    -6       1.4963987793E-005
#    -30    -5       1.0974212121E-005
#    -30    -4       6.5097563522E-006
#    -30    -3       8.1156268069E-005
#    -30    -2       5.5024192598E-005
#    -30    -1       7.2649626109E-006
#    -30     0       5.2035489049E-004
#    -30     1       5.9778493544E-006
#    -30     2       3.5305312843E-005
#    -30     3       3.0780893135E-005
#    -30     4       2.9821352020E-007
#    -30     5       9.0457408594E-004
#    -30     6       6.9762364587E-006
#    -30     7       2.2176552725E-005
#    -30     8       1.4587114050E-005
#    -30     9       1.3994734883E-006
#    -30    10       9.5491561605E-004
#    -30    11       4.0662346470E-007
#    -30    12       3.0145957796E-005
#    -30    13       1.7793277743E-005
#    -30    14       7.0334788573E-006
#    -30    15       5.9778648131E-004
#    -30    16       8.4092283104E-006
#    -30    17       7.1465800276E-006
#    -30    18       2.1870643287E-005
#    -30    19       6.2298966266E-006
#    -30    20       2.0030362991E-005
#    -30    21       1.9241388202E-005
#    -30    22       1.3172682189E-004
#    -30    23       3.3900783731E-004
#    -30    24       3.0324419997E-005
#    -30    25       1.8056226332E-004
#    -30    26       8.4886327394E-006
#    -30    27       8.2350127129E-005
#    -30    28       2.1686374579E-005
#    -29   -16       6.1994964834E-006
#    -29   -15       5.4527560866E-005
#    -29   -14       7.9919253099E-006
#    -29   -13       1.0203384396E-004
#    -29   -12       5.3914542324E-005
#    -29   -11       1.3164443037E-005
#    -29   -10       9.4713150633E-005
#    -29    -9       8.1344602587E-006
#    -29    -8       7.0532354094E-005
#    -29    -7       4.7587395954E-005
#    -29    -6       1.1146483268E-005
#    -29    -5       6.6053934444E-005
#    -29    -4       5.2514364185E-006
#    -29    -3       4.5773925585E-005
#    -29    -2       4.0315001931E-005
#    -29    -1       5.9170643703E-006
#    -29     0       4.9025742831E-005
#    -29     1       6.4666061130E-006
#    -29     2       2.3089234522E-005
#    -29     3       3.0330672408E-005
#    -29     4       1.0418626694E-006
#    -29     5       4.4706188685E-005
#    -29     6       5.0939232114E-006
#    -29     7       3.5175759456E-005
#    -29     8       6.2267197715E-006
#    -29     9       8.3756707307E-006
#    -29    10       4.6073166772E-005
#    -29    11       1.5098398806E-006
#    -29    12       8.8314304764E-005
#    -29    13       3.8172905173E-005
#    -29    14       1.3183517835E-005
#    -29    15       1.4325951338E-005
#    -29    16       1.3561553985E-005
#    -29    17       6.8775388058E-007
#    -29    18       8.1346984552E-006
#    -29    19       8.7933316673E-006
#    -29    20       6.9493617196E-005
#    -29    21       3.5841330038E-005
#    -29    22       9.4758954017E-005
#    -29    23       2.3476140726E-004
#    -29    24       2.2114913779E-005
#    -29    25       9.9851298076E-005
#    -29    26       4.1662452030E-006
#    -29    27       1.3253540020E-004
#    -28   -16       9.6125113630E-006
#    -28   -15       7.5062068017E-005
#    -28   -14       8.2421169982E-006
#    -28   -13       8.7070684599E-005
#    -28   -12       7.9196738303E-005
#    -28   -11       2.2260314551E-005
#    -28   -10       1.1615027102E-004
#    -28    -9       8.6546234490E-006
#    -28    -8       5.5151930813E-005
#    -28    -7       5.4023732908E-005
#    -28    -6       1.0787461355E-005
#    -28    -5       5.9505007286E-005
#    -28    -4       3.4687018606E-006
#    -28    -3       3.8825477321E-005
#    -28    -2       3.5084206597E-005
#    -28    -1       6.3398556900E-006
#    -28     0       5.2065586141E-005
#    -28     1       7.4989160992E-006
#    -28     2       2.8303199296E-005
#    -28     3       3.4795754650E-005
#    -28     4       3.4494220128E-006
#    -28     5       6.7391816860E-005
#    -28     6       3.8990932518E-006
#    -28     7       6.0930562503E-005
#    -28     8       1.6270535423E-005
#    -28     9       1.8480057623E-005
#    -28    10       1.3660868995E-004
#    -28    11       7.6019240037E-006
#    -28    12       1.5596926887E-004
#    -28    13       1.0254427584E-004
#    -28    14       2.0522247428E-005
#    -28    15       4.9726599309E-005
#    -28    16       2.4064585291E-005
#    -28    17       1.7677199699E-006
#    -28    18       3.4421864167E-005
#    -28    19       2.3146802904E-006
#    -28    20       7.6691903418E-005
#    -28    21       2.6696478866E-005
#    -28    22       1.4616432602E-004
#    -28    23       1.9182151976E-004
#    -28    24       1.8278516060E-005
#    -28    25       1.9260887916E-004
#    -28    26       1.0327052720E-005
#    -28    27       6.6777676960E-005
#    -27   -17       2.6059664820E-005
#    -27   -16       9.3316026970E-006
#    -27   -15       9.2587361770E-005
#    -27   -14       6.9394650375E-006
#    -27   -13       1.1944877813E-004
#    -27   -12       9.9035672711E-005
#    -27   -11       2.5107349269E-005
#    -27   -10       1.1374874315E-004
#    -27    -9       7.0224193578E-006
#    -27    -8       5.4531925156E-005
#    -27    -7       3.6587767067E-005
#    -27    -6       1.1673660042E-005
#    -27    -5       4.4736601975E-005
#    -27    -4       2.2100870854E-006
#    -27    -3       3.0124072593E-005
#    -27    -2       2.2440062870E-005
#    -27    -1       7.3735993142E-006
#    -27     0       5.6551759932E-005
#    -27     1       7.4469568932E-006
#    -27     2       1.9295228791E-005
#    -27     3       3.7233502015E-005
#    -27     4       7.7501250465E-006
#    -27     5       9.5842717024E-005
#    -27     6       2.9641732853E-006
#    -27     7       9.3769857149E-005
#    -27     8       5.1604274976E-005
#    -27     9       2.7898774588E-005
#    -27    10       2.2822826621E-004
#    -27    11       1.6790631205E-005
#    -27    12       2.3186484684E-004
#    -27    13       1.1623963981E-004
#    -27    14       1.9904068050E-005
#    -27    15       5.9911586316E-005
#    -27    16       2.1708661374E-005
#    -27    17       1.9591980277E-006
#    -27    18       4.2397096382E-005
#    -27    19       1.2213231942E-007
#    -27    20       7.1778314919E-005
#    -27    21       3.2542842946E-005
#    -27    22       1.3532518584E-004
#    -27    23       1.7095064929E-004
#    -27    24       1.4410610963E-005
#    -27    25       1.7133082482E-004
#    -27    26       4.7721347646E-006
#    -27    27       1.2554867996E-004
#    -26   -18       3.7941937157E-005
#    -26   -17       5.5793320588E-005
#    -26   -16       1.1234843067E-005
#    -26   -15       1.1047632386E-004
#    -26   -14       2.3756990492E-005
#    -26   -13       1.0873535335E-004
#    -26   -12       9.7332632694E-005
#    -26   -11       1.9205457430E-005
#    -26   -10       7.7876016125E-005
#    -26    -9       1.0126351553E-005
#    -26    -8       2.5059930848E-005
#    -26    -7       2.0918756931E-005
#    -26    -6       1.0710103834E-005
#    -26    -5       3.3006451130E-005
#    -26    -4       3.2461874839E-007
#    -26    -3       2.9163652746E-005
#    -26    -2       2.7485626834E-005
#    -26    -1       7.3617757907E-006
#    -26     0       4.1892063923E-005
#    -26     1       5.4391716367E-006
#    -26     2       1.5240670074E-005
#    -26     3       2.9119635626E-005
#    -26     4       1.2144170376E-005
#    -26     5       9.9710039733E-005
#    -26     6       1.7912534991E-006
#    -26     7       1.0576234361E-004
#    -26     8       6.2108116846E-005
#    -26     9       2.6753686092E-005
#    -26    10       1.8386468980E-004
#    -26    11       1.2965936800E-005
#    -26    12       1.4351489711E-004
#    -26    13       1.0737262184E-004
#    -26    14       1.2238281350E-005
#    -26    15       4.9221147147E-005
#    -26    16       1.3204224676E-005
#    -26    17       4.8892334635E-006
#    -26    18       2.2846294302E-005
#    -26    19       2.5273724504E-006
#    -26    20       9.2725814421E-005
#    -26    21       1.2540998499E-005
#    -26    22       8.3646798595E-005
#    -26    23       8.3138522479E-005
#    -26    24       9.8803641961E-006
#    -26    25       1.2550765403E-004
#    -26    26       2.4936286689E-005
#    -26    27       1.8372219829E-004
#    -25   -19       3.9263458756E-006
#    -25   -18       8.5467401206E-005
#    -25   -17       5.8250288300E-005
#    -25   -16       2.0201360580E-005
#    -25   -15       1.3234248171E-004
#    -25   -14       1.1093603136E-005
#    -25   -13       1.5123569366E-004
#    -25   -12       8.3520087895E-005
#    -25   -11       1.4599464477E-005
#    -25   -10       2.4504516604E-004
#    -25    -9       3.2650103605E-006
#    -25    -8       2.5304805512E-005
#    -25    -7       1.2264322865E-005
#    -25    -6       1.1271658139E-005
#    -25    -5       9.0703037865E-004
#    -25    -4       9.6869918662E-007
#    -25    -3       3.3587061818E-005
#    -25    -2       1.8714146938E-005
#    -25    -1       5.3679249783E-006
#    -25     0       2.2272180578E-003
#    -25     1       1.4002639039E-006
#    -25     2       1.2427742481E-005
#    -25     3       2.0391834964E-005
#    -25     4       9.8621913558E-006
#    -25     5       4.1601670375E-003
#    -25     6       2.2798303335E-006
#    -25     7       6.0697217998E-005
#    -25     8       4.7266171407E-005
#    -25     9       1.2059337629E-005
#    -25    10       5.3504297848E-003
#    -25    11       5.5992518374E-006
#    -25    12       8.5961468082E-005
#    -25    13       5.4695807426E-005
#    -25    14       1.0328819552E-005
#    -25    15       2.4694860012E-003
#    -25    16       8.9389747167E-006
#    -25    17       5.2703141762E-006
#    -25    18       4.2434749878E-005
#    -25    19       2.3194548158E-006
#    -25    20       1.0918391309E-003
#    -25    21       2.4241678570E-005
#    -25    22       1.2168986613E-004
#    -25    23       1.5984668193E-004
#    -25    24       9.1257517485E-006
#    -25    25       1.1770320837E-004
#    -25    26       3.7158959654E-006
#    -25    27       6.4612084746E-005
#    -24   -20       1.7826089891E-005
#    -24   -19       1.2810430992E-005
#    -24   -18       5.8055663956E-005
#    -24   -17       7.1756467392E-005
#    -24   -16       1.6391221520E-005
#    -24   -15       1.7181278487E-004
#    -24   -14       1.3890062863E-005
#    -24   -13       1.2846394031E-004
#    -24   -12       4.2440192077E-005
#    -24   -11       6.0449636757E-006
#    -24   -10       3.5318460166E-005
#    -24    -9       1.9438697102E-006
#    -24    -8       2.6543502202E-005
#    -24    -7       1.0750525822E-005
#    -24    -6       6.6636795655E-006
#    -24    -5       4.2186096931E-005
#    -24    -4       3.2418976321E-006
#    -24    -3       3.6232629903E-005
#    -24    -2       1.4697870125E-005
#    -24    -1       1.3709810160E-006
#    -24     0       9.8487248843E-006
#    -24     1       2.5949264781E-006
#    -24     2       3.5722550501E-005
#    -24     3       4.2665979541E-005
#    -24     4       6.8886475717E-006
#    -24     5       2.7739762400E-005
#    -24     6       2.1180380510E-006
#    -24     7       1.6216597270E-005
#    -24     8       4.9579675176E-006
#    -24     9       8.6026515042E-006
#    -24    10       7.4429634017E-005
#    -24    11       4.3270638316E-006
#    -24    12       1.1150315443E-004
#    -24    13       8.5989528544E-005
#    -24    14       1.4624572394E-005
#    -24    15       6.7257223110E-005
#    -24    16       3.0207317793E-005
#    -24    17       7.2886326050E-006
#    -24    18       6.3999644219E-005
#    -24    19       2.5301333526E-006
#    -24    20       1.7919599607E-004
#    -24    21       3.5344981389E-005
#    -24    22       1.8111949198E-004
#    -24    23       9.5351013012E-005
#    -24    24       4.7259905229E-005
#    -24    25       2.6719148438E-004
#    -24    26       7.1367659997E-005
#    -23   -20       7.2062904644E-005
#    -23   -19       1.4312560208E-005
#    -23   -18       1.0039818710E-004
#    -23   -17       9.7392350849E-005
#    -23   -16       1.6949320854E-005
#    -23   -15       1.9163111987E-004
#    -23   -14       8.8294554357E-006
#    -23   -13       8.8782684353E-005
#    -23   -12       3.7232759338E-005
#    -23   -11       5.0740734415E-006
#    -23   -10       4.0222750107E-005
#    -23    -9       1.1247760908E-006
#    -23    -8       1.3889616869E-005
#    -23    -7       2.0378406814E-005
#    -23    -6       4.7858308904E-006
#    -23    -5       6.3882794619E-005
#    -23    -4       7.3829907542E-006
#    -23    -3       2.7974314688E-005
#    -23    -2       1.1605402052E-005
#    -23    -1       2.5520210976E-006
#    -23     0       9.6109255034E-005
#    -23     1       1.5744803398E-005
#    -23     2       7.5875042235E-005
#    -23     3       6.8430641349E-005
#    -23     4       1.7432096247E-006
#    -23     5       8.6317230867E-007
#    -23     6       4.6456130735E-006
#    -23     7       4.8991180113E-005
#    -23     8       6.9656210178E-005
#    -23     9       2.5981369970E-005
#    -23    10       2.3397587453E-004
#    -23    11       1.2310966049E-005
#    -23    12       1.9451945831E-004
#    -23    13       1.6689732763E-004
#    -23    14       1.6104881447E-005
#    -23    15       1.3049199254E-004
#    -23    16       3.9278868535E-005
#    -23    17       3.0137224924E-005
#    -23    18       1.0099199744E-004
#    -23    19       6.5156070874E-006
#    -23    20       3.0873372131E-004
#    -23    21       2.0300224966E-005
#    -23    22       1.3455013591E-004
#    -23    23       2.2695690055E-004
#    -23    24       3.4070768589E-005
#    -23    25       2.2331930303E-004
#    -23    26       2.6486520478E-005
#    -22   -21       2.0504423079E-006
#    -22   -20       8.9887339960E-005
#    -22   -19       1.5601507063E-005
#    -22   -18       1.1317242921E-004
#    -22   -17       9.4433394037E-005
#    -22   -16       1.6652000710E-005
#    -22   -15       1.7584889317E-004
#    -22   -14       2.8832993326E-006
#    -22   -13       6.3500474800E-005
#    -22   -12       2.0041060064E-005
#    -22   -11       4.3255118072E-006
#    -22   -10       2.8778563450E-005
#    -22    -9       2.5366222978E-007
#    -22    -8       1.2839902205E-005
#    -22    -7       3.2559172610E-005
#    -22    -6       3.7074864763E-006
#    -22    -5       9.1275541245E-005
#    -22    -4       1.1634986648E-005
#    -22    -3       1.8954444755E-005
#    -22    -2       3.4311280751E-005
#    -22    -1       1.5597129085E-005
#    -22     0       2.2922137650E-004
#    -22     1       2.9469658768E-005
#    -22     2       6.9757052763E-005
#    -22     3       5.8463213672E-005
#    -22     4       5.6066133218E-006
#    -22     5       5.6244723611E-005
#    -22     6       9.1804096689E-006
#    -22     7       1.3897686418E-004
#    -22     8       1.8017351609E-004
#    -22     9       5.0534182456E-005
#    -22    10       4.4197230577E-004
#    -22    11       2.8429066539E-005
#    -22    12       2.4595289592E-004
#    -22    13       2.3294795966E-004
#    -22    14       1.5004912115E-005
#    -22    15       1.8464733072E-004
#    -22    16       5.6730501277E-005
#    -22    17       7.3485798612E-005
#    -22    18       1.3214816918E-004
#    -22    19       8.5896100619E-006
#    -22    20       2.7579470056E-004
#    -22    21       3.0906590051E-005
#    -22    22       2.4082426045E-004
#    -22    23       9.8139678909E-005
#    -22    24       1.7820574294E-005
#    -22    25       4.3882538007E-005
#    -22    26       4.4076955257E-005
#    -21   -22       4.6757974060E-005
#    -21   -21       3.8534852871E-006
#    -21   -20       1.4184061883E-004
#    -21   -19       1.7067252535E-005
#    -21   -18       1.2578225662E-004
#    -21   -17       1.2212270251E-004
#    -21   -16       2.5284127947E-005
#    -21   -15       1.7514888907E-004
#    -21   -14       2.5636692652E-006
#    -21   -13       4.4972477665E-005
#    -21   -12       2.3519929092E-005
#    -21   -11       4.7083608403E-006
#    -21   -10       1.3105963052E-005
#    -21    -9       1.2213891574E-006
#    -21    -8       5.0880539099E-006
#    -21    -7       5.6995133165E-005
#    -21    -6       2.8145752346E-006
#    -21    -5       9.4300059966E-005
#    -21    -4       9.3597038283E-006
#    -21    -3       4.0058815433E-005
#    -21    -2       7.3715971793E-005
#    -21    -1       2.9184856805E-005
#    -21     0       2.4112999469E-004
#    -21     1       2.6519134844E-005
#    -21     2       3.1003604304E-005
#    -21     3       3.1868414847E-005
#    -21     4       1.8918147697E-005
#    -21     5       1.3440935554E-004
#    -21     6       1.1897655656E-005
#    -21     7       2.1863671176E-004
#    -21     8       2.1154062194E-004
#    -21     9       4.4335284938E-005
#    -21    10       3.8754164991E-004
#    -21    11       4.0859272368E-005
#    -21    12       2.6348080742E-004
#    -21    13       2.1850266679E-004
#    -21    14       1.2173827923E-005
#    -21    15       2.2608276734E-004
#    -21    16       3.6889281127E-005
#    -21    17       4.0700426289E-005
#    -21    18       9.7257251978E-005
#    -21    19       3.6823157775E-006
#    -21    20       1.0122378416E-004
#    -21    21       2.4776260660E-005
#    -21    22       3.5261037798E-004
#    -21    23       2.3728357365E-004
#    -21    24       1.1951146846E-004
#    -21    25       2.0493203105E-004
#    -20   -22       5.1038670982E-005
#    -20   -21       1.3055093860E-005
#    -20   -20       9.6435040838E-005
#    -20   -19       1.7328006589E-005
#    -20   -18       1.4888496487E-004
#    -20   -17       1.1252917852E-004
#    -20   -16       2.9826375287E-005
#    -20   -15       3.3360707814E-004
#    -20   -14       8.8433698821E-007
#    -20   -13       4.0172248760E-005
#    -20   -12       1.3141728083E-005
#    -20   -11       2.5752000369E-006
#    -20   -10       9.7522302450E-004
#    -20    -9       8.0119747459E-006
#    -20    -8       1.4089316261E-005
#    -20    -7       8.8220403726E-005
#    -20    -6       1.5686806688E-006
#    -20    -5       4.2004074501E-003
#    -20    -4       6.5126014963E-006
#    -20    -3       6.5534911152E-005
#    -20    -2       6.8010970541E-005
#    -20    -1       2.6234893323E-005
#    -20     0       1.2560843216E-002
#    -20     1       9.0261151726E-006
#    -20     2       1.1129039276E-005
#    -20     3       1.2598973835E-005
#    -20     4       3.0424837603E-005
#    -20     5       1.3801002621E-002
#    -20     6       1.2708266116E-005
#    -20     7       1.0425952926E-004
#    -20     8       1.0070234688E-004
#    -20     9       1.6317516402E-005
#    -20    10       1.0261467723E-002
#    -20    11       4.0614234661E-005
#    -20    12       1.2281376153E-004
#    -20    13       1.9376147027E-004
#    -20    14       2.6504794153E-006
#    -20    15       2.1733745490E-003
#    -20    16       1.8413121350E-005
#    -20    17       1.0053685946E-004
#    -20    18       7.4921858858E-005
#    -20    19       6.3604764239E-006
#    -20    20       2.5158623966E-003
#    -20    21       2.5217406312E-005
#    -20    22       8.3176641311E-005
#    -20    23       1.4461331010E-004
#    -20    24       1.6067820252E-004
#    -20    25       1.0400608346E-003
#    -19   -23       5.1168308399E-005
#    -19   -22       1.0224705138E-004
#    -19   -21       1.8017029335E-005
#    -19   -20       1.1506281294E-004
#    -19   -19       2.2193342623E-005
#    -19   -18       9.6622417651E-005
#    -19   -17       1.2972874144E-004
#    -19   -16       2.8086238525E-005
#    -19   -15       8.7167847037E-005
#    -19   -14       1.7135253863E-007
#    -19   -13       1.6891785724E-005
#    -19   -12       8.2953136316E-006
#    -19   -11       4.7823604836E-007
#    -19   -10       4.6612630699E-005
#    -19    -9       1.7745336911E-005
#    -19    -8       4.7587520517E-005
#    -19    -7       9.9574306787E-005
#    -19    -6       1.9412155260E-006
#    -19    -5       2.4219261729E-005
#    -19    -4       1.7933499402E-006
#    -19    -3       5.6113155038E-005
#    -19    -2       2.9964258338E-005
#    -19    -1       8.8318869790E-006
#    -19     0       1.1436755603E-006
#    -19     1       1.1001904921E-006
#    -19     2       6.3854055486E-005
#    -19     3       5.5945874841E-005
#    -19     4       2.4234002607E-005
#    -19     5       5.5498625619E-005
#    -19     6       9.1077241495E-006
#    -19     7       7.9186039345E-006
#    -19     8       5.3713184759E-005
#    -19     9       8.6067913855E-006
#    -19    10       1.1084616398E-004
#    -19    11       2.4865588228E-005
#    -19    12       5.2734041330E-005
#    -19    13       1.1902841627E-004
#    -19    14       3.2318928194E-006
#    -19    15       3.2941148281E-004
#    -19    16       3.0522148840E-005
#    -19    17       1.3967692232E-004
#    -19    18       7.0498170683E-005
#    -19    19       2.8767317310E-005
#    -19    20       6.2800817844E-006
#    -19    21       1.3110664180E-005
#    -19    22       6.4225101006E-005
#    -19    23       2.9748072334E-004
#    -19    24       1.3275369469E-005
#    -19    25       3.3386220328E-004
#    -18   -23       6.4817104895E-005
#    -18   -22       3.1820253616E-005
#    -18   -21       1.8613450951E-005
#    -18   -20       1.7181617059E-004
#    -18   -19       1.9946595418E-005
#    -18   -18       1.3304485924E-004
#    -18   -17       8.9632901247E-005
#    -18   -16       2.3579934498E-005
#    -18   -15       6.4838175067E-005
#    -18   -14       3.1055157899E-007
#    -18   -13       6.7527701803E-006
#    -18   -12       3.2055157519E-005
#    -18   -11       1.4881756349E-006
#    -18   -10       1.3308919754E-004
#    -18    -9       2.6784002381E-005
#    -18    -8       5.7288935601E-005
#    -18    -7       5.6288212780E-005
#    -18    -6       1.9058084182E-006
#    -18    -5       1.1167845844E-006
#    -18    -4       6.1176587190E-006
#    -18    -3       3.0861440506E-005
#    -18    -2       1.1561883971E-005
#    -18    -1       1.1196941257E-006
#    -18     0       1.2438539673E-004
#    -18     1       2.2854375306E-005
#    -18     2       1.9948517074E-004
#    -18     3       1.6161974575E-004
#    -18     4       3.1907799893E-006
#    -18     5       6.4326050475E-005
#    -18     6       2.4804585553E-005
#    -18     7       1.3873691688E-004
#    -18     8       1.4508282150E-004
#    -18     9       2.4161291615E-005
#    -18    10       1.1693461864E-004
#    -18    11       1.0154211793E-005
#    -18    12       4.7608353691E-006
#    -18    13       9.7799995767E-005
#    -18    14       1.4887610694E-005
#    -18    15       1.1837319925E-004
#    -18    16       5.9320695428E-006
#    -18    17       1.1182307355E-004
#    -18    18       1.8308131223E-005
#    -18    19       6.9104637976E-006
#    -18    20       1.2245173763E-005
#    -18    21       2.2513217983E-005
#    -18    22       2.9796499227E-004
#    -18    23       8.8247847567E-006
#    -18    24       3.9704304160E-005
#    -17   -24       7.4945614386E-006
#    -17   -23       3.7880821044E-005
#    -17   -22       1.0753803021E-004
#    -17   -21       1.6556929900E-005
#    -17   -20       1.7494323816E-004
#    -17   -19       2.5701126218E-005
#    -17   -18       6.2403160349E-005
#    -17   -17       9.3448057350E-005
#    -17   -16       2.2043080367E-005
#    -17   -15       3.6217395552E-005
#    -17   -14       2.8367944104E-006
#    -17   -13       1.8882979419E-005
#    -17   -12       8.9424997436E-005
#    -17   -11       7.3539210261E-006
#    -17   -10       2.2030024408E-004
#    -17    -9       2.5456152619E-005
#    -17    -8       4.3144743414E-005
#    -17    -7       1.5823593314E-005
#    -17    -6       4.6831961105E-006
#    -17    -5       6.0380219262E-005
#    -17    -4       1.9729711355E-005
#    -17    -3       1.3502754299E-005
#    -17    -2       6.5810957517E-005
#    -17    -1       2.3078852345E-005
#    -17     0       5.1372137630E-004
#    -17     1       6.9454120743E-005
#    -17     2       3.1920129247E-004
#    -17     3       3.2434048025E-004
#    -17     4       7.6107153999E-006
#    -17     5       3.7996545064E-004
#    -17     6       3.9886313386E-005
#    -17     7       3.4109117620E-004
#    -17     8       2.4029959356E-004
#    -17     9       4.2041852196E-005
#    -17    10       9.6309616335E-005
#    -17    11       3.1398919987E-006
#    -17    12       8.5047394163E-006
#    -17    13       6.6665469773E-005
#    -17    14       1.6454596019E-005
#    -17    15       5.6354069123E-005
#    -17    16       6.0624917375E-006
#    -17    17       1.0989523740E-005
#    -17    18       3.7156082560E-005
#    -17    19       1.2916844183E-005
#    -17    20       1.6008255782E-004
#    -17    21       4.9430153616E-006
#    -17    22       4.3800836142E-006
#    -17    23       8.2346680662E-005
#    -17    24       3.0030139950E-005
#    -16   -24       1.5268404028E-005
#    -16   -23       1.3874196977E-004
#    -16   -22       1.4016519506E-004
#    -16   -21       1.4746821865E-005
#    -16   -20       1.6783078113E-004
#    -16   -19       2.3821605416E-005
#    -16   -18       1.1777451460E-004
#    -16   -17       9.2178144958E-005
#    -16   -16       1.1937828212E-005
#    -16   -15       1.1154551199E-005
#    -16   -14       7.3098364716E-006
#    -16   -13       3.8981406306E-005
#    -16   -12       1.5489859303E-004
#    -16   -11       1.6211626307E-005
#    -16   -10       1.7458389188E-004
#    -16    -9       1.1328716614E-005
#    -16    -8       5.5467582196E-006
#    -16    -7       5.3649569924E-005
#    -16    -6       9.4950028486E-006
#    -16    -5       1.4048878652E-004
#    -16    -4       3.1167375265E-005
#    -16    -3       5.8666390157E-005
#    -16    -2       2.0276454010E-004
#    -16    -1       6.9828614259E-005
#    -16     0       9.0869917859E-004
#    -16     1       1.0945917757E-004
#    -16     2       4.2175480913E-004
#    -16     3       4.7089694034E-004
#    -16     4       4.4341458793E-005
#    -16     5       6.2178894524E-004
#    -16     6       3.4634352640E-005
#    -16     7       4.6126754605E-004
#    -16     8       1.7119986371E-004
#    -16     9       2.7551876023E-005
#    -16    10       1.7564258978E-005
#    -16    11       1.1489891961E-005
#    -16    12       4.2131180118E-005
#    -16    13       2.1446069407E-005
#    -16    14       1.6327047772E-005
#    -16    15       9.6275233088E-006
#    -16    16       3.9886796470E-006
#    -16    17       5.8702348473E-005
#    -16    18       1.3253577520E-004
#    -16    19       2.6249825371E-005
#    -16    20       4.0323900897E-004
#    -16    21       3.2492827982E-005
#    -16    22       3.7044963182E-004
#    -16    23       3.0712270079E-004
#    -15   -25       8.4487188175E-005
#    -15   -24       2.2504611530E-005
#    -15   -23       1.1107797700E-004
#    -15   -22       1.1253530608E-004
#    -15   -21       1.8066411557E-005
#    -15   -20       2.1845530681E-004
#    -15   -19       2.0047873629E-005
#    -15   -18       7.0861576570E-005
#    -15   -17       3.2578949610E-005
#    -15   -16       7.0926819021E-006
#    -15   -15       5.9602576608E-004
#    -15   -14       1.3403177439E-005
#    -15   -13       1.0192801288E-004
#    -15   -12       2.2765151542E-004
#    -15   -11       1.2362953395E-005
#    -15   -10       5.3279136049E-003
#    -15    -9       8.6677475370E-006
#    -15    -8       7.4712688658E-005
#    -15    -7       1.4620744849E-004
#    -15    -6       1.2407744448E-005
#    -15    -5       1.3737851907E-002
#    -15    -4       2.4647332437E-005
#    -15    -3       1.6592262404E-004
#    -15    -2       3.2305364871E-004
#    -15    -1       1.0989297651E-004
#    -15     0       2.9530265042E-002
#    -15     1       1.2328295565E-004
#    -15     2       4.4633350505E-004
#    -15     3       3.7898989795E-004
#    -15     4       5.9405748466E-005
#    -15     5       2.5415512557E-002
#    -15     6       1.4495720115E-005
#    -15     7       2.0261572761E-004
#    -15     8       3.9541854500E-005
#    -15     9       1.0796537066E-005
#    -15    10       1.4049355299E-002
#    -15    11       4.3414925601E-005
#    -15    12       4.1417885008E-005
#    -15    13       5.6423518201E-005
#    -15    14       9.6382882634E-006
#    -15    15       1.4782264954E-002
#    -15    16       3.2218988089E-006
#    -15    17       1.4042913043E-004
#    -15    18       1.3265622937E-004
#    -15    19       5.5127915524E-005
#    -15    20       1.0921514856E-003
#    -15    21       8.5847529057E-005
#    -15    22       1.7314873201E-004
#    -15    23       3.4705818687E-004
#    -14   -25       2.4568382069E-004
#    -14   -24       1.1859357372E-005
#    -14   -23       1.1839412745E-004
#    -14   -22       1.2833584294E-004
#    -14   -21       1.2546612382E-005
#    -14   -20       1.6092033766E-004
#    -14   -19       1.4626948124E-005
#    -14   -18       6.3673264328E-005
#    -14   -17       1.9534425076E-005
#    -14   -16       8.4668597433E-006
#    -14   -15       1.5320032172E-005
#    -14   -14       2.0396316449E-005
#    -14   -13       1.1434970341E-004
#    -14   -12       1.3848053238E-004
#    -14   -11       5.1722557205E-006
#    -14   -10       7.4941992534E-005
#    -14    -9       2.6919328891E-005
#    -14    -8       1.8734998621E-004
#    -14    -7       2.2549000438E-004
#    -14    -6       1.3361126172E-005
#    -14    -5       5.9240296002E-005
#    -14    -4       3.3016080546E-006
#    -14    -3       3.2970666017E-004
#    -14    -2       4.2583180708E-004
#    -14    -1       1.2379831664E-004
#    -14     0       9.2921567546E-004
#    -14     1       6.4646896056E-005
#    -14     2       2.1821526480E-004
#    -14     3       1.3819517045E-004
#    -14     4       3.2179719088E-005
#    -14     5       1.5239568463E-004
#    -14     6       5.9161006451E-006
#    -14     7       1.1060888473E-004
#    -14     8       3.0968115225E-005
#    -14     9       1.8593000640E-005
#    -14    10       2.6799689507E-004
#    -14    11       5.0388308052E-005
#    -14    12       1.4453797382E-004
#    -14    13       6.9378153481E-005
#    -14    14       2.4640187574E-006
#    -14    15       3.2226347739E-004
#    -14    16       2.4093432318E-005
#    -14    17       2.1045963913E-004
#    -14    18       1.0207507267E-004
#    -14    19       8.7872085396E-005
#    -14    20       9.9964892406E-005
#    -14    21       1.8526805631E-004
#    -14    22       1.6629439928E-004
#    -13   -26       9.8205199212E-007
#    -13   -25       7.6187349012E-005
#    -13   -24       1.9724829706E-005
#    -13   -23       1.3080267716E-004
#    -13   -22       1.0348743269E-004
#    -13   -21       3.1618645436E-006
#    -13   -20       7.8487415332E-005
#    -13   -19       1.8658874593E-005
#    -13   -18       6.6328480455E-006
#    -13   -17       6.3387599259E-006
#    -13   -16       1.4076234777E-005
#    -13   -15       5.1100434907E-005
#    -13   -14       1.9390576408E-005
#    -13   -13       1.0387215439E-004
#    -13   -12       8.1779898994E-005
#    -13   -11       4.1665678767E-006
#    -13   -10       2.4051449180E-004
#    -13    -9       5.1896519789E-005
#    -13    -8       2.1789995202E-004
#    -13    -7       1.0817127106E-004
#    -13    -6       9.6403260956E-006
#    -13    -5       6.7345467025E-005
#    -13    -4       7.7842886534E-006
#    -13    -3       4.7707263108E-004
#    -13    -2       4.5034539640E-004
#    -13    -1       6.5020945195E-005
#    -13     0       2.7372917393E-004
#    -13     1       1.2114251320E-005
#    -13     2       1.3696556165E-005
#    -13     3       3.1327154941E-008
#    -13     4       3.6377469688E-006
#    -13     5       2.7637261207E-004
#    -13     6       2.7221171923E-005
#    -13     7       3.7849423775E-004
#    -13     8       2.8847758399E-004
#    -13     9       6.3565936890E-005
#    -13    10       4.4721469626E-004
#    -13    11       5.6958708369E-005
#    -13    12       1.8998813834E-004
#    -13    13       1.4154748099E-004
#    -13    14       2.0431505788E-005
#    -13    15       1.9161607490E-004
#    -13    16       5.5517679045E-006
#    -13    17       7.2704348301E-005
#    -13    18       3.6764213049E-006
#    -13    19       2.2873883073E-005
#    -13    20       3.6581190755E-004
#    -13    21       1.0911873747E-004
#    -12   -26       3.0232471867E-006
#    -12   -25       7.1205856299E-005
#    -12   -24       2.2366964310E-005
#    -12   -23       1.5489083111E-004
#    -12   -22       1.6521144318E-004
#    -12   -21       3.7542908554E-006
#    -12   -20       5.9239993429E-005
#    -12   -19       9.7085254433E-006
#    -12   -18       2.1308840267E-005
#    -12   -17       4.3337712905E-007
#    -12   -16       2.4763641196E-005
#    -12   -15       5.9885707596E-005
#    -12   -14       1.1700030113E-005
#    -12   -13       5.1718015760E-005
#    -12   -12       1.0963652662E-004
#    -12   -11       1.2401654469E-005
#    -12   -10       4.5122643600E-004
#    -12    -9       4.5404318207E-005
#    -12    -8       1.0462765938E-004
#    -12    -7       9.1445435908E-006
#    -12    -6       2.5523478826E-005
#    -12    -5       3.8634320396E-004
#    -12    -4       4.4832978234E-005
#    -12    -3       3.8444129751E-004
#    -12    -2       2.2085261274E-004
#    -12    -1       1.2268203469E-005
#    -12     0       4.0961437923E-006
#    -12     1       6.0934607362E-006
#    -12     2       1.1041268066E-004
#    -12     3       2.1489718986E-004
#    -12     4       5.2049441040E-005
#    -12     5       1.0769729138E-003
#    -12     6       7.3394377308E-005
#    -12     7       9.0087553140E-004
#    -12     8       5.0647990393E-004
#    -12     9       1.2255469202E-004
#    -12    10       7.1319687076E-004
#    -12    11       3.9827504299E-005
#    -12    12       1.9796775834E-004
#    -12    13       1.6902983787E-004
#    -12    14       2.7575420610E-005
#    -12    15       1.4223379531E-004
#    -12    16       1.0416159410E-005
#    -12    17       7.0650490570E-005
#    -12    18       1.6480110854E-004
#    -12    19       4.4837959348E-005
#    -12    20       3.6834933931E-004
#    -12    21       1.3538813465E-004
#    -11   -26       1.4876941845E-006
#    -11   -25       8.2915907600E-005
#    -11   -24       4.0001803906E-005
#    -11   -23       1.5633795226E-004
#    -11   -22       1.5230340795E-004
#    -11   -21       1.2093550514E-006
#    -11   -20       3.1457510461E-005
#    -11   -19       5.9682283161E-006
#    -11   -18       9.1209027510E-006
#    -11   -17       2.0258804441E-006
#    -11   -16       2.2234763680E-005
#    -11   -15       4.7581783596E-005
#    -11   -14       9.8843632903E-006
#    -11   -13       8.3436922280E-005
#    -11   -12       1.9483901553E-004
#    -11   -11       2.8678796786E-005
#    -11   -10       3.9452729154E-004
#    -11    -9       1.6859709240E-005
#    -11    -8       5.5901533732E-005
#    -11    -7       1.4021111885E-004
#    -11    -6       4.0740982386E-005
#    -11    -5       6.3068428896E-004
#    -11    -4       6.0060209470E-005
#    -11    -3       1.4120419037E-004
#    -11    -2       1.4294547975E-005
#    -11    -1       6.0102644370E-006
#    -11     0       3.6607031624E-004
#    -11     1       6.5327288146E-005
#    -11     2       5.1054435371E-004
#    -11     3       7.0778424235E-004
#    -11     4       1.6808677874E-004
#    -11     5       1.7900356345E-003
#    -11     6       8.0871257232E-005
#    -11     7       9.6141978993E-004
#    -11     8       4.6718557818E-004
#    -11     9       1.1070075664E-004
#    -11    10       5.7906501629E-004
#    -11    11       2.2260641633E-005
#    -11    12       5.9686258901E-005
#    -11    13       1.7369096822E-004
#    -11    14       6.7759249325E-005
#    -11    15       2.3753096613E-004
#    -11    16       2.2074112141E-005
#    -11    17       4.4391829296E-006
#    -11    18       3.7565046858E-004
#    -11    19       1.3226404711E-004
#    -11    20       1.2839104476E-004
#    -10   -27       5.5256702560E-005
#    -10   -26       5.8072541402E-007
#    -10   -25       1.1976289829E-004
#    -10   -24       4.1017168262E-005
#    -10   -23       1.2272618815E-004
#    -10   -22       1.2619952602E-004
#    -10   -21       9.1726653127E-006
#    -10   -20       1.9126819322E-005
#    -10   -19       8.4611086582E-006
#    -10   -18       3.5967245095E-005
#    -10   -17       2.4753945097E-006
#    -10   -16       1.3245979725E-005
#    -10   -15       2.4477859335E-003
#    -10   -14       1.4445992872E-005
#    -10   -13       1.6522653888E-004
#    -10   -12       2.4738094401E-004
#    -10   -11       4.1010967594E-005
#    -10   -10       1.0246448657E-002
#    -10    -9       8.8152897901E-006
#    -10    -8       1.4709448243E-004
#    -10    -7       3.4398854785E-004
#    -10    -6       3.5422389983E-005
#    -10    -5       2.5393784721E-002
#    -10    -4       3.2710941807E-005
#    -10    -3       7.6892385065E-008
#    -10    -2       1.0924822271E-004
#    -10    -1       6.5161036409E-005
#    -10     0       3.9484194293E-002
#    -10     1       1.3899641574E-004
#    -10     2       9.2144667769E-004
#    -10     3       8.2326289513E-004
#    -10     4       1.9051497225E-004
#    -10     5       1.6912230386E-002
#    -10     6       7.4816017201E-005
#    -10     7       6.9927068433E-004
#    -10     8       3.7474497956E-004
#    -10     9       7.6410671693E-005
#    -10    10       1.7035287925E-002
#    -10    11       7.4118231250E-006
#    -10    12       1.2500926908E-004
#    -10    13       1.7402786193E-004
#    -10    14       6.9110538263E-005
#    -10    15       2.2811565223E-002
#    -10    16       3.5502480624E-005
#    -10    17       2.9082784744E-004
#    -10    18       2.1975718077E-004
#    -10    19       1.5857554021E-004
#     -9   -27       3.5382431617E-005
#     -9   -26       3.3456791867E-005
#     -9   -25       5.9487063063E-005
#     -9   -24       3.6599853891E-005
#     -9   -23       1.5736792230E-004
#     -9   -22       1.4501227005E-004
#     -9   -21       1.9292213430E-005
#     -9   -20       6.9995817921E-005
#     -9   -19       2.1716988283E-006
#     -9   -18       4.2911976212E-005
#     -9   -17       4.1635088270E-006
#     -9   -16       8.5687071901E-006
#     -9   -15       6.3776718274E-005
#     -9   -14       1.6189445035E-005
#     -9   -13       2.3180299907E-004
#     -9   -12       2.6433753597E-004
#     -9   -11       4.0657582050E-005
#     -9   -10       1.1239940453E-004
#     -9    -9       2.4343966914E-005
#     -9    -8       2.4295883848E-004
#     -9    -7       4.6680480050E-004
#     -9    -6       1.4951081071E-005
#     -9    -5       1.5682048107E-004
#     -9    -4       3.6996279376E-006
#     -9    -3       2.1235782110E-004
#     -9    -2       5.0861265814E-004
#     -9    -1       1.3888649863E-004
#     -9     0       1.4782250745E-003
#     -9     1       1.0981548366E-004
#     -9     2       6.9530739409E-004
#     -9     3       4.4850670471E-004
#     -9     4       9.0365627859E-005
#     -9     5       8.2427074944E-004
#     -9     6       7.3501434880E-006
#     -9     7       3.9580908965E-004
#     -9     8       2.3415145650E-004
#     -9     9       6.1560665406E-005
#     -9    10       7.9349332614E-005
#     -9    11       1.0629773240E-004
#     -9    12       9.5733547820E-005
#     -9    13       7.6410845608E-005
#     -9    14       2.0007919804E-005
#     -9    15       8.4888094088E-004
#     -9    16       2.8153697626E-005
#     -9    17       5.5366139196E-004
#     -9    18       5.6178543263E-004
#     -9    19       7.0517874794E-005
#     -8   -27       7.5190884214E-005
#     -8   -26       2.6726397603E-005
#     -8   -25       2.1794789209E-004
#     -8   -24       1.6805772078E-005
#     -8   -23       1.3502955645E-004
#     -8   -22       1.3172897175E-004
#     -8   -21       3.5814321349E-005
#     -8   -20       7.6792689316E-005
#     -8   -19       9.2072731861E-008
#     -8   -18       2.2470037540E-005
#     -8   -17       4.5025180204E-006
#     -8   -16       2.9451867587E-005
#     -8   -15       1.2647158601E-004
#     -8   -14       1.5124661170E-005
#     -8   -13       2.1782336551E-004
#     -8   -12       1.2317451328E-004
#     -8   -11       2.4953874986E-005
#     -8   -10       1.1790750468E-004
#     -8    -9       4.2398001246E-005
#     -8    -8       1.7394142912E-004
#     -8    -7       2.0667723421E-004
#     -8    -6       5.8610410472E-006
#     -8    -5       2.7391078259E-004
#     -8    -4       5.1566826655E-005
#     -8    -3       7.0462061439E-004
#     -8    -2       9.1988103148E-004
#     -8    -1       1.0985688372E-004
#     -8     0       9.1650811447E-004
#     -8     1       5.0637804437E-005
#     -8     2       1.7802303077E-004
#     -8     3       1.5021641825E-004
#     -8     4       2.6950963531E-005
#     -8     5       1.0822434393E-004
#     -8     6       1.6218079998E-006
#     -8     7       2.0654543221E-004
#     -8     8       5.7915829267E-005
#     -8     9       1.9214734370E-005
#     -8    10       1.7620385801E-004
#     -8    11       5.4305860693E-005
#     -8    12       4.1221862906E-004
#     -8    13       4.8107444340E-005
#     -8    14       1.4834798063E-005
#     -8    15       3.7975189498E-004
#     -8    16       8.9172848478E-005
#     -8    17       5.9186015396E-004
#     -8    18       2.1771648945E-004
#     -7   -27       2.8114796400E-006
#     -7   -26       1.8245914067E-005
#     -7   -25       1.8516928917E-004
#     -7   -24       2.4900479411E-005
#     -7   -23       3.3974214543E-004
#     -7   -22       9.4668164064E-005
#     -7   -21       2.6582050912E-005
#     -7   -20       7.0985372472E-005
#     -7   -19       2.3980601771E-006
#     -7   -18       4.0512877927E-005
#     -7   -17       6.4742546899E-006
#     -7   -16       3.8569326785E-005
#     -7   -15       1.8121738160E-004
#     -7   -14       1.2157340517E-005
#     -7   -13       1.9324041506E-004
#     -7   -12       5.2758675788E-005
#     -7   -11       1.0197397957E-005
#     -7   -10       9.7036361748E-005
#     -7    -9       2.7941280115E-005
#     -7    -8       4.0944648442E-005
#     -7    -7       1.1156364062E-004
#     -7    -6       2.6796523534E-005
#     -7    -5       1.0697820439E-003
#     -7    -4       1.6736692020E-004
#     -7    -3       8.2126792503E-004
#     -7    -2       6.9487141144E-004
#     -7    -1       5.0716342711E-005
#     -7     0       2.3334063098E-004
#     -7     1       4.8177601404E-006
#     -7     2       4.9958526799E-005
#     -7     3       1.3054169107E-006
#     -7     4       3.3711077245E-005
#     -7     5       3.3633620113E-004
#     -7     6       1.8451261665E-005
#     -7     7       2.8613982678E-004
#     -7     8       5.4907509463E-005
#     -7     9       2.0759131537E-005
#     -7    10       6.8040411556E-004
#     -7    11       7.7651683648E-005
#     -7    12       4.7045606682E-004
#     -7    13       1.2339005254E-005
#     -7    14       1.9529023170E-005
#     -7    15       5.8799824075E-004
#     -7    16       1.9215147717E-004
#     -7    17       2.2743723429E-004
#     -6   -27       3.1804608286E-005
#     -6   -26       1.6650984615E-005
#     -6   -25       1.6568792963E-004
#     -6   -24       3.0360937346E-005
#     -6   -23       2.3469984918E-004
#     -6   -22       1.4554722139E-004
#     -6   -21       3.2341335764E-005
#     -6   -20       9.0746341849E-005
#     -6   -19       2.2633772773E-006
#     -6   -18       6.2293085894E-005
#     -6   -17       2.9375674562E-005
#     -6   -16       5.6110148332E-005
#     -6   -15       2.2382355138E-004
#     -6   -14       2.5750402065E-006
#     -6   -13       1.1902311401E-004
#     -6   -12       4.7304881401E-006
#     -6   -11       3.1374927768E-006
#     -6   -10       1.7733674286E-005
#     -6    -9       1.0931287530E-005
#     -6    -8       2.9990716378E-005
#     -6    -7       3.7577631666E-004
#     -6    -6       7.2870037076E-005
#     -6    -5       1.7830041849E-003
#     -6    -4       1.9001929132E-004
#     -6    -3       4.4776867047E-004
#     -6    -2       1.7816809859E-004
#     -6    -1       4.8439821378E-006
#     -6     0       7.6064663340E-005
#     -6     1       5.5875065893E-006
#     -6     2       3.2591654792E-004
#     -6     3       2.3257974670E-004
#     -6     4       1.2481378580E-004
#     -6     5       8.8322742199E-004
#     -6     6       3.4524352185E-005
#     -6     7       6.3774887266E-005
#     -6     8       1.0841809964E-004
#     -6     9       8.7222896390E-005
#     -6    10       1.9418890327E-003
#     -6    11       1.6061169245E-004
#     -6    12       7.7406530255E-004
#     -6    13       8.6493301200E-005
#     -6    14       3.5655349971E-005
#     -6    15       7.8029256519E-004
#     -6    16       1.5592299101E-004
#     -5   -27       8.5280719550E-005
#     -5   -26       1.0039679729E-005
#     -5   -25       1.8114738188E-004
#     -5   -24       2.2180902324E-005
#     -5   -23       1.9129229910E-004
#     -5   -22       1.3458732344E-004
#     -5   -21       1.2372317559E-005
#     -5   -20       1.0845723637E-003
#     -5   -19       2.5607100800E-006
#     -5   -18       9.9433531481E-005
#     -5   -17       7.1813976636E-005
#     -5   -16       3.6613396737E-005
#     -5   -15       2.1810422160E-003
#     -5   -14       3.1256146505E-006
#     -5   -13       9.7582031859E-005
#     -5   -12       8.4142392754E-006
#     -5   -11       1.1466531161E-005
#     -5   -10       1.4047180801E-002
#     -5    -9       1.8440926516E-005
#     -5    -8       2.8611967463E-004
#     -5    -7       8.9709010808E-004
#     -5    -6       8.0520186075E-005
#     -5    -5       1.6927627936E-002
#     -5    -4       9.0212526256E-005
#     -5    -3       1.5001452276E-004
#     -5    -2       5.0344277387E-005
#     -5    -1       5.5774234588E-006
#     -5     0       8.9312116730E-003
#     -5     1       2.2416084544E-005
#     -5     2       4.6121409480E-004
#     -5     3       3.0955752098E-004
#     -5     4       1.2413841679E-004
#     -5     5       2.2399594765E-003
#     -5     6       4.3213270129E-005
#     -5     7       1.7233837549E-004
#     -5     8       6.7741134724E-004
#     -5     9       1.9687689987E-004
#     -5    10       6.1631039352E-002
#     -5    11       9.1896771205E-005
#     -5    12       4.7902683499E-004
#     -5    13       9.3331601426E-005
#     -5    14       7.7235696688E-005
#     -5    15       2.3050768040E-002
#     -4   -28       1.8625981469E-004
#     -4   -27       2.0721904013E-005
#     -4   -26       8.5371315476E-006
#     -4   -25       1.0004422256E-004
#     -4   -24       1.8276660264E-005
#     -4   -23       1.7052553119E-004
#     -4   -22       8.3140503188E-005
#     -4   -21       2.4065096312E-005
#     -4   -20       1.7825750656E-004
#     -4   -19       6.5068012205E-006
#     -4   -18       1.3104112880E-004
#     -4   -17       3.9649089856E-005
#     -4   -16       1.8393293326E-005
#     -4   -15       3.2760713134E-004
#     -4   -14       1.4690476919E-005
#     -4   -13       6.6590435804E-005
#     -4   -12       4.2354560184E-005
#     -4   -11       4.3414904086E-005
#     -4   -10       2.6693850715E-004
#     -4    -9       6.3253437068E-005
#     -4    -8       5.0433178749E-004
#     -4    -7       9.5875044415E-004
#     -4    -6       7.4635026829E-005
#     -4    -5       8.2345341109E-004
#     -4    -4       2.7041516034E-005
#     -4    -3       1.2880993348E-006
#     -4    -2       3.2598065555E-004
#     -4    -1       2.2417786570E-005
#     -4     0       2.7191932833E-004
#     -4     1       1.3541910742E-005
#     -4     2       1.8309566526E-004
#     -4     3       1.7352161286E-004
#     -4     4       2.0606298142E-005
#     -4     5       3.0855126811E-004
#     -4     6       5.5529659057E-006
#     -4     7       6.1987054547E-004
#     -4     8       1.0289503987E-003
#     -4     9       2.3741400875E-004
#     -4    10       1.1824960259E-003
#     -4    11       4.1120279521E-004
#     -4    12       1.5530100788E-004
#     -4    13       4.7479933221E-005
#     -4    14       5.2847874899E-006
#     -3   -28       5.9201567238E-005
#     -3   -27       8.2509066116E-005
#     -3   -26       4.2044181998E-006
#     -3   -25       1.9243631690E-004
#     -3   -24       1.4375057554E-005
#     -3   -23       8.2664449253E-005
#     -3   -22       1.2118295611E-004
#     -3   -21       3.5396146941E-005
#     -3   -20       3.0888878530E-004
#     -3   -19       8.5569138270E-006
#     -3   -18       9.6724187229E-005
#     -3   -17       9.9735766917E-005
#     -3   -16       3.0536811594E-005
#     -3   -15       1.1753333149E-004
#     -3   -14       1.6293891549E-005
#     -3   -13       2.1457778607E-005
#     -3   -12       4.1514116185E-005
#     -3   -11       5.0390213018E-005
#     -3   -10       4.4605195099E-004
#     -3    -9       1.2222162040E-004
#     -3    -8       4.6589875468E-004
#     -3    -7       6.9849805432E-004
#     -3    -6       7.3505470414E-006
#     -3    -5       1.0911552051E-004
#     -3    -4       3.3778925304E-005
#     -3    -3       2.3241672710E-004
#     -3    -2       4.6072305286E-004
#     -3    -1       1.3561294278E-005
#     -3     0       2.0119340113E-005
#     -3     1       1.2031401187E-006
#     -3     2       5.7386948499E-006
#     -3     3       1.7559064495E-005
#     -3     4       1.4501411102E-005
#     -3     5       1.1642483977E-004
#     -3     6       2.2527200148E-005
#     -3     7       3.7785871448E-004
#     -3     8       3.5871551229E-004
#     -3     9       6.9909098985E-005
#     -3    10       1.2032507117E-003
#     -3    11       1.5714668907E-004
#     -3    12       2.6338545954E-005
#     -3    13       1.8104042438E-004
#     -2   -28       2.1792113847E-005
#     -2   -27       1.3269115809E-004
#     -2   -26       1.0378966361E-005
#     -2   -25       1.7110137519E-004
#     -2   -24       9.8813472750E-006
#     -2   -23       1.5948760006E-004
#     -2   -22       1.8088293709E-004
#     -2   -21       2.0306508865E-005
#     -2   -20       2.7577489307E-004
#     -2   -19       3.7053484035E-006
#     -2   -18       7.4956000538E-005
#     -2   -17       1.3883920580E-004
#     -2   -16       5.9226209503E-006
#     -2   -15       5.5936462998E-005
#     -2   -14       1.6255058724E-005
#     -2   -13       5.6604650824E-005
#     -2   -12       1.4439360890E-004
#     -2   -11       5.6911542600E-005
#     -2   -10       7.1163447271E-004
#     -2    -9       1.1050989192E-004
#     -2    -8       3.7450075497E-004
#     -2    -7       3.9610599858E-004
#     -2    -6       1.6437218811E-006
#     -2    -5       3.3619174916E-004
#     -2    -4       1.2467902220E-004
#     -2    -3       3.0939155972E-004
#     -2    -2       1.8256211769E-004
#     -2    -1       1.1891801344E-006
#     -2     0       9.9679826432E-005
#     -2     1       2.4746446762E-005
#     -2     2       4.2079655564E-004
#     -2     3       4.8660794068E-006
#     -2     4       7.1247019920E-006
#     -2     5       1.9653297489E-005
#     -2     6       4.4702622848E-006
#     -2     7       7.9989592492E-006
#     -2     8       8.6233958255E-005
#     -2     9       5.1019495149E-005
#     -2    10       6.3602239520E-004
#     -2    11       6.5946221309E-005
#     -2    12       3.4478912021E-004
#     -1   -27       6.7047540147E-005
#     -1   -26       4.7557357328E-006
#     -1   -25       1.2532122633E-004
#     -1   -24       9.0543251573E-006
#     -1   -23       9.4988559281E-005
#     -1   -22       1.3455601995E-004
#     -1   -21       3.0935338868E-005
#     -1   -20       1.0104618320E-004
#     -1   -19       6.3738201261E-006
#     -1   -18       7.0324160436E-005
#     -1   -17       1.1119563085E-004
#     -1   -16       6.1069453490E-006
#     -1   -15       9.4843599749E-006
#     -1   -14       9.6088873334E-006
#     -1   -13       6.9387753564E-005
#     -1   -12       1.8948045647E-004
#     -1   -11       3.9739882009E-005
#     -1   -10       5.7768076305E-004
#     -1    -9       7.6339534176E-005
#     -1    -8       2.3425532303E-004
#     -1    -7       2.0685680794E-004
#     -1    -6       1.8387908543E-005
#     -1    -5       8.8177668440E-004
#     -1    -4       1.2396167123E-004
#     -1    -3       1.7362067624E-004
#     -1    -2       5.7440126420E-006
#     -1    -1       2.4706089831E-005
#     -1     0       9.6861755975E-004
#     -1     1       8.8572726682E-005
#     -1     2       1.0143341823E-003
#     -1     3       1.3970748146E-004
#     -1     4       5.2355448991E-005
#     -1     5       3.4666655211E-004
#     -1     6       4.0292825772E-005
#     -1     7       1.6817487636E-004
#     -1     8       4.5728128949E-005
#     -1     9       8.5105383689E-006
#     -1    10       6.3071735470E-004
#     -1    11       4.8556488845E-005
#      0   -27       1.2540495606E-004
#      0   -26       2.4932058777E-005
#      0   -25       1.1756901050E-004
#      0   -24       4.7168131380E-005
#      0   -23       2.2647725213E-004
#      0   -22       2.4106148586E-004
#      0   -21       2.4767917421E-005
#      0   -20       2.5178401845E-003
#      0   -19       2.8748343717E-005
#      0   -18       1.8256661950E-005
#      0   -17       1.0985289362E-005
#      0   -16       4.0235557029E-006
#      0   -15       1.4781335018E-002
#      0   -14       2.4588602171E-006
#      0   -13       1.4125241688E-004
#      0   -12       1.9720335219E-004
#      0   -11       2.2186331854E-005
#      0   -10       1.7035404334E-002
#      0    -9       6.1516764849E-005
#      0    -8       5.7781445462E-005
#      0    -7       2.8561373904E-004
#      0    -6       3.4413049126E-005
#      0    -5       2.2416327399E-003
#      0    -4       2.0537306431E-005
#      0    -3       1.7719068153E-005
#      0    -2       4.2072186771E-004
#      0    -1       8.8516774918E-005
#      0     0       4.9294868489E-002
#      0     1       1.6261001830E-004
#      0     2       7.3782238171E-004
#      0     3       2.7485188725E-005
#      0     4       1.3728511861E-004
#      0     5       1.0823047461E-002
#      0     6       1.5807105554E-004
#      0     7       3.3618554179E-004
#      0     8       1.3941037271E-004
#      0     9       2.0486977676E-004
#      0    10       1.4086966405E-002
#      1   -27       1.8352945727E-004
#      1   -26       3.7029592368E-006
#      1   -25       2.6714411818E-004
#      1   -24       3.4019610225E-005
#      1   -23       9.8179250557E-005
#      1   -22       3.5272913504E-004
#      1   -21       2.5171556016E-005
#      1   -20       6.3309132169E-006
#      1   -19       6.9007695016E-006
#      1   -18       3.7198283794E-005
#      1   -17       5.8604849685E-005
#      1   -16       3.2294315852E-006
#      1   -15       3.2199789332E-004
#      1   -14       2.0371271446E-005
#      1   -13       1.6849334695E-004
#      1   -12       5.9379056566E-005
#      1   -11       7.3972640910E-006
#      1   -10       7.9126078092E-005
#      1    -9       1.9157249462E-005
#      1    -8       5.4567481117E-005
#      1    -7       6.3309644272E-005
#      1    -6       4.3067737268E-005
#      1    -5       3.0725276393E-004
#      1    -4       1.4462731160E-005
#      1    -3       4.8116785503E-006
#      1    -2       1.0137920161E-003
#      1    -1       1.6256136294E-004
#      1     0       1.7561566205E-003
#      1     1       9.4254183687E-005
#      1     2       3.2491254485E-004
#      1     3       5.5380608111E-005
#      1     4       9.3642410629E-005
#      1     5       1.8341738441E-003
#      1     6       6.2975023578E-005
#      1     7       1.6822810382E-004
#      1     8       4.2503704230E-004
#      1     9       1.2844810108E-004
#      2   -27       6.4544490633E-005
#      2   -26       7.1421812318E-005
#      2   -25       2.2318131302E-004
#      2   -24       1.7816158743E-005
#      2   -23       2.3724035027E-004
#      2   -22       8.3163427373E-005
#      2   -21       1.3163570988E-005
#      2   -20       1.2304225500E-005
#      2   -19       1.2931394440E-005
#      2   -18       1.3274112877E-004
#      2   -17       1.4053346986E-004
#      2   -16       2.4108287499E-005
#      2   -15       1.9151465430E-004
#      2   -14       2.7519482831E-005
#      2   -13       1.7315922167E-004
#      2   -12       1.2460391799E-004
#      2   -11       1.0632993235E-004
#      2   -10       1.7662452280E-004
#      2    -9       2.0741439371E-005
#      2    -8       1.0857877902E-004
#      2    -7       1.7188712722E-004
#      2    -6       5.5163062467E-006
#      2    -5       1.1592267535E-004
#      2    -4       7.1372315621E-006
#      2    -3       1.3934552906E-004
#      2    -2       7.3743411212E-004
#      2    -1       9.4177261939E-005
#      2     0       7.4104513987E-004
#      2     1       3.9153696063E-005
#      2     2       1.7072587634E-005
#      2     3       1.5422020883E-004
#      2     4       1.7931714662E-004
#      2     5       1.9092567358E-003
#      2     6       5.8398114998E-005
#      2     7       2.7536718959E-004
#      2     8       2.5460975939E-004
#      3   -26       2.6464920082E-005
#      3   -25       4.3973203715E-005
#      3   -24       1.1953406501E-004
#      3   -23       1.4478633414E-004
#      3   -22       6.4035821842E-005
#      3   -21       2.2445803254E-005
#      3   -20       1.6031173498E-004
#      3   -19       2.6236550047E-005
#      3   -18       1.3286735841E-004
#      3   -17       2.1051689145E-004
#      3   -16       5.5602620890E-006
#      3   -15       1.4219609217E-004
#      3   -14       6.7720443257E-005
#      3   -13       1.7409636316E-004
#      3   -12       9.6095724747E-005
#      3   -11       5.4369778739E-005
#      3   -10       6.8201468783E-004
#      3    -9       8.7289190511E-005
#      3    -8       6.7785126999E-004
#      3    -7       6.1966109491E-004
#      3    -6       2.2463281508E-005
#      3    -5       1.9720590717E-005
#      3    -4       5.2432138262E-005
#      3    -3       2.7450987091E-005
#      3    -2       3.2506876014E-004
#      3    -1       3.9093320775E-005
#      3     0       8.0127527883E-004
#      3     1       1.9184649858E-004
#      3     2       8.9138392422E-004
#      3     3       1.5370713723E-004
#      3     4       2.1723730353E-005
#      3     5       6.3361038437E-005
#      3     6       5.8035963164E-005
#      4   -26       4.4060394676E-005
#      4   -25       2.0504514493E-004
#      4   -24       1.6066086316E-004
#      4   -23       2.9673403721E-004
#      4   -22       2.9781424672E-004
#      4   -21       4.9178993096E-006
#      4   -20       4.0349906893E-004
#      4   -19       5.5155389914E-005
#      4   -18       1.0216476472E-004
#      4   -17       7.2713651358E-005
#      4   -16       1.0450746580E-005
#      4   -15       2.3780175999E-004
#      4   -14       6.9180888482E-005
#      4   -13       7.6859690879E-005
#      4   -12       4.1327553547E-004
#      4   -11       7.7781419404E-005
#      4   -10       1.9448130043E-003
#      4    -9       1.9704533004E-004
#      4    -8       1.0296450306E-003
#      4    -7       3.7798942494E-004
#      4    -6       4.4616248646E-006
#      4    -5       3.4735598477E-004
#      4    -4       1.3749455978E-004
#      4    -3       5.5648211386E-005
#      4    -2       1.6956898597E-005
#      4    -1       1.9171890917E-004
#      4     0       2.4416369766E-003
#      4     1       2.8344515320E-004
#      4     2       1.4276287420E-003
#      4     3       2.5416105188E-004
#      4     4       2.7840140330E-005
#      4     5       9.4564591825E-005
#      5   -25       1.0402765983E-003
#      5   -24       1.3263088243E-005
#      5   -23       8.7806514072E-006
#      5   -22       4.3830710568E-006
#      5   -21       3.2476281029E-005
#      5   -20       1.0918269229E-003
#      5   -19       8.7947802205E-005
#      5   -18       3.7104691890E-006
#      5   -17       7.0803731516E-005
#      5   -16       2.2152501010E-005
#      5   -15       2.2806028489E-002
#      5   -14       2.0111480048E-005
#      5   -13       4.8418497371E-005
#      5   -12       4.7148771448E-004
#      5   -11       1.6083179701E-004
#      5   -10       6.1615892919E-002
#      5    -9       2.3764937631E-004
#      5    -8       3.5919017234E-004
#      5    -7       8.0320866410E-006
#      5    -6       4.0342785003E-005
#      5    -5       1.0820654711E-002
#      5    -4       9.3859774703E-005
#      5    -3       1.5407285269E-004
#      5    -2       8.9128624598E-004
#      5    -1       2.8338622430E-004
#      5     0       7.5469670154E-002
#      5     1       2.9668109856E-004
#      5     2       7.0310318618E-004
#      5     3       5.8372263711E-005
#      6   -25       3.3352800780E-004
#      6   -24       3.9691036275E-005
#      6   -23       8.2449884600E-005
#      6   -22       3.7060562655E-004
#      6   -21       8.5875325843E-005
#      6   -20       9.9816860386E-005
#      6   -19       2.2877951359E-005
#      6   -18       1.6481926618E-004
#      6   -17       4.3839922403E-006
#      6   -16       3.5594769364E-005
#      6   -15       8.4967415933E-004
#      6   -14       1.4907784103E-005
#      6   -13       1.2314170482E-005
#      6   -12       7.7454065099E-004
#      6   -11       9.2063271603E-005
#      6   -10       1.1847208479E-003
#      6    -9       6.9977367566E-005
#      6    -8       8.6134861897E-005
#      6    -7       1.6851096792E-004
#      6    -6       1.5820121653E-004
#      6    -5       1.8369236126E-003
#      6    -4       1.7956811625E-004
#      6    -3       1.5361107092E-004
#      6    -2       1.4279313597E-003
#      6    -1       2.9679576883E-004
#      6     0       1.4910483529E-003
#      6     1       1.2798151069E-004
#      6     2       3.0140402281E-004
#      7   -24       2.9994186207E-005
#      7   -23       3.0725478739E-004
#      7   -22       1.7326974896E-004
#      7   -21       1.8532971196E-004
#      7   -20       3.6562155197E-004
#      7   -19       4.4772189245E-005
#      7   -18       3.7582880453E-004
#      7   -17       2.9135065879E-004
#      7   -16       2.8245719379E-005
#      7   -15       3.8087792214E-004
#      7   -14       1.9498124031E-005
#      7   -13       8.6648128813E-005
#      7   -12       4.7959246183E-004
#      7   -11       4.1157740869E-004
#      7   -10       1.2040466848E-003
#      7    -9       5.0916373791E-005
#      7    -8       4.5735002957E-005
#      7    -7       3.3674732016E-004
#      7    -6       6.3085869748E-005
#      7    -5       1.9124476005E-003
#      7    -4       2.1804828620E-005
#      7    -3       2.5456349673E-004
#      7    -2       7.0301556502E-004
#      7    -1       1.2799560790E-004
#      7     0       4.1796752847E-005
#      8   -23       3.4711969865E-004
#      8   -22       1.6622886368E-004
#      8   -21       1.0906391895E-004
#      8   -20       3.6823439157E-004
#      8   -19       1.3217784752E-004
#      8   -18       2.1990820012E-004
#      8   -17       5.5423341136E-004
#      8   -16       8.9244580915E-005
#      8   -15       5.8851016023E-004
#      8   -14       3.5672877239E-005
#      8   -13       9.3495182870E-005
#      8   -12       1.5552124422E-004
#      8   -11       1.5724892312E-004
#      8   -10       6.3610939615E-004
#      8    -9       8.4777324302E-006
#      8    -8       1.3965521069E-004
#      8    -7       1.6871279502E-004
#      8    -6       5.8485092537E-005
#      8    -5       6.3495767867E-005
#      8    -4       2.7794468575E-005
#      8    -3       5.8124836652E-005
#      8    -2       3.0122327259E-004
#      9   -21       1.3537073589E-004
#      9   -20       1.2825301396E-004
#      9   -19       1.5863377720E-004
#      9   -18       5.6231765743E-004
#      9   -17       5.9243647120E-004
#      9   -16       1.9228049774E-004
#      9   -15       7.8047143101E-004
#      9   -14       7.7258926932E-005
#      9   -13       4.7471552850E-005
#      9   -12       2.6341909998E-005
#      9   -11       6.5943562124E-005
#      9   -10       6.3098720719E-004
#      9    -9       2.0496392577E-004
#      9    -8       4.2488439717E-004
#      9    -7       2.7539813968E-004
#      9    -6       5.8114481026E-005
#      9    -5       9.4444264968E-005
#     10   -19       7.0576579291E-005
#     10   -18       2.1787954597E-004
#     10   -17       2.2748854264E-004
#     10   -16       1.5591501961E-004
#     10   -15       2.3051738364E-002
#     10   -14       5.2962456107E-006
#     10   -13       1.8106773353E-004
#     10   -12       3.4487702119E-004
#     10   -11       4.8528204553E-005
#     10   -10       1.4086612669E-002
#     10    -9       1.2847512954E-004
#     10    -8       2.5468636488E-004
