 Diffraction intensities for potential:_5x5_05D10010.in                        
#    -45    11       2.3005644504E-006
#    -45    12       1.8887119029E-005
#    -45    13       3.1848663475E-005
#    -45    14       1.4392295411E-005
#    -45    15       3.5670990376E-004
#    -45    16       3.3351187981E-005
#    -44     7       4.2687923197E-005
#    -44     8       4.6966980537E-006
#    -44     9       7.6545020431E-006
#    -44    10       5.0716380559E-006
#    -44    11       6.8796658030E-005
#    -44    12       1.5061829316E-004
#    -44    13       1.1823354678E-005
#    -44    14       4.1020492004E-005
#    -44    15       5.0689868900E-006
#    -44    16       1.1834717221E-004
#    -44    17       9.4175198966E-005
#    -44    18       6.2320254449E-006
#    -44    19       4.4379590175E-006
#    -44    20       1.2853894793E-005
#    -43     4       2.0450575795E-005
#    -43     5       2.3283106738E-006
#    -43     6       3.5149301025E-005
#    -43     7       1.0238161002E-004
#    -43     8       6.4356007114E-005
#    -43     9       7.9925224583E-005
#    -43    10       4.8752520910E-007
#    -43    11       1.5810157239E-004
#    -43    12       1.9175700361E-004
#    -43    13       1.0998522574E-004
#    -43    14       1.3127702335E-004
#    -43    15       4.9352390301E-006
#    -43    16       1.7124285984E-004
#    -43    17       1.8835822884E-004
#    -43    18       3.5488773141E-005
#    -43    19       1.5326485596E-004
#    -43    20       8.2499903518E-007
#    -43    21       1.3774719857E-004
#    -43    22       6.4999010111E-005
#    -42     2       2.4203482322E-006
#    -42     3       6.5078714549E-005
#    -42     4       6.5763673041E-005
#    -42     5       2.3657708785E-006
#    -42     6       2.1821141032E-005
#    -42     7       2.8267178246E-005
#    -42     8       9.2991519660E-005
#    -42     9       1.3500228716E-004
#    -42    10       3.7421818680E-007
#    -42    11       1.3740855524E-004
#    -42    12       1.0655046387E-004
#    -42    13       2.3593236974E-004
#    -42    14       2.5754471741E-004
#    -42    15       6.9400925240E-007
#    -42    16       1.3634837847E-004
#    -42    17       7.2465070393E-005
#    -42    18       1.7756639976E-004
#    -42    19       2.6263423432E-004
#    -42    20       1.0347588408E-005
#    -42    21       1.5244806879E-004
#    -42    22       1.5143227238E-005
#    -42    23       8.5295667133E-005
#    -41     0       2.0258961031E-007
#    -41     1       3.8363701549E-006
#    -41     2       3.8653582171E-006
#    -41     3       8.6976671821E-005
#    -41     4       4.8680870264E-005
#    -41     5       1.4733173455E-006
#    -41     6       3.0095855385E-005
#    -41     7       1.7136095104E-007
#    -41     8       1.4210148036E-004
#    -41     9       1.5080329069E-004
#    -41    10       1.4445164005E-007
#    -41    11       3.1862102447E-005
#    -41    12       2.8217297624E-005
#    -41    13       3.6227656798E-004
#    -41    14       1.4811504981E-004
#    -41    15       1.4461611450E-006
#    -41    16       5.5583535392E-005
#    -41    17       7.1550364780E-006
#    -41    18       3.1370579303E-004
#    -41    19       1.6062590068E-004
#    -41    20       4.2666580292E-006
#    -41    21       3.9392847936E-005
#    -41    22       5.3376263104E-006
#    -41    23       1.1793431671E-004
#    -41    24       1.0784501231E-004
#    -40    -2       2.7395795833E-005
#    -40    -1       5.4032886573E-006
#    -40     0       4.2874982995E-004
#    -40     1       1.2217154118E-005
#    -40     2       3.4423744798E-005
#    -40     3       2.6911501628E-005
#    -40     4       2.4178407180E-005
#    -40     5       3.5890937091E-004
#    -40     6       1.8666502836E-005
#    -40     7       1.1129472708E-004
#    -40     8       6.1309535730E-005
#    -40     9       4.7702073934E-005
#    -40    10       8.1949628537E-004
#    -40    11       2.3609380333E-005
#    -40    12       1.2971772805E-004
#    -40    13       1.9437406862E-004
#    -40    14       3.9756044114E-005
#    -40    15       1.0414493290E-003
#    -40    16       6.0707576796E-005
#    -40    17       1.7064531604E-004
#    -40    18       1.5350195546E-004
#    -40    19       5.5558638123E-005
#    -40    20       7.9989461632E-004
#    -40    21       8.3027058848E-005
#    -40    22       3.3525017465E-005
#    -40    23       1.3167058028E-004
#    -40    24       1.5083346136E-005
#    -40    25       2.8019686414E-004
#    -39    -4       1.9333566654E-005
#    -39    -3       3.7991949161E-005
#    -39    -2       2.6887874537E-007
#    -39    -1       7.3960441806E-006
#    -39     0       8.7523530293E-008
#    -39     1       9.4345649538E-005
#    -39     2       7.8767264726E-005
#    -39     3       7.8757607222E-006
#    -39     4       1.2067659908E-005
#    -39     5       4.3268960352E-006
#    -39     6       1.4984381752E-004
#    -39     7       1.4667869760E-004
#    -39     8       1.5591103311E-005
#    -39     9       6.0816717799E-005
#    -39    10       5.1321098282E-008
#    -39    11       1.9705063418E-004
#    -39    12       4.1645770429E-004
#    -39    13       2.9389026779E-005
#    -39    14       5.9615425635E-005
#    -39    15       4.4591259437E-006
#    -39    16       4.5466657666E-004
#    -39    17       2.8430759825E-004
#    -39    18       2.3116969611E-005
#    -39    19       3.8162677974E-005
#    -39    20       8.7521972902E-006
#    -39    21       2.0889543489E-004
#    -39    22       3.0280047111E-004
#    -39    23       3.6038233821E-005
#    -39    24       2.0049400359E-005
#    -39    25       1.5463045715E-005
#    -39    26       4.9509584477E-005
#    -38    -5       6.9847390380E-007
#    -38    -4       6.4167506744E-005
#    -38    -3       1.1311439258E-004
#    -38    -2       3.5048747975E-005
#    -38    -1       5.6226177937E-005
#    -38     0       5.2654598906E-007
#    -38     1       8.1104690276E-005
#    -38     2       1.2044074167E-004
#    -38     3       8.8668018685E-005
#    -38     4       1.0684466165E-004
#    -38     5       9.7767143425E-007
#    -38     6       2.1000877823E-004
#    -38     7       2.3214316220E-004
#    -38     8       6.3283101273E-005
#    -38     9       1.7473256019E-004
#    -38    10       2.9408327064E-008
#    -38    11       3.9259372454E-004
#    -38    12       3.1213043559E-004
#    -38    13       2.0851545980E-004
#    -38    14       3.5875869710E-004
#    -38    15       6.8089584775E-006
#    -38    16       3.9813725725E-004
#    -38    17       5.6026212380E-004
#    -38    18       1.9480661212E-004
#    -38    19       1.8498685503E-004
#    -38    20       2.6595890877E-006
#    -38    21       3.9988481658E-004
#    -38    22       3.0232956209E-004
#    -38    23       1.2870135250E-004
#    -38    24       3.4811071400E-004
#    -38    25       2.9997340864E-006
#    -38    26       1.3017321828E-004
#    -37    -7       7.7380535375E-005
#    -37    -6       3.2232382572E-005
#    -37    -5       2.3951453479E-007
#    -37    -4       3.4768041299E-005
#    -37    -3       1.6875748873E-005
#    -37    -2       8.9443468951E-005
#    -37    -1       7.9544315417E-005
#    -37     0       6.3395379224E-007
#    -37     1       7.2560123963E-005
#    -37     2       3.8470273599E-005
#    -37     3       2.0362525692E-004
#    -37     4       2.7523153152E-004
#    -37     5       4.2940999030E-006
#    -37     6       1.0896718797E-004
#    -37     7       1.2293395509E-004
#    -37     8       2.7702301331E-004
#    -37     9       2.3221676976E-004
#    -37    10       1.1062526040E-005
#    -37    11       2.5140515114E-004
#    -37    12       1.5543202991E-004
#    -37    13       2.4793124403E-004
#    -37    14       4.7378270103E-004
#    -37    15       2.0397804443E-006
#    -37    16       2.1670077483E-004
#    -37    17       1.6973267900E-004
#    -37    18       3.9001079577E-004
#    -37    19       4.0699442361E-004
#    -37    20       5.9287530653E-006
#    -37    21       2.7076642317E-004
#    -37    22       9.5320350719E-005
#    -37    23       2.1477810273E-004
#    -37    24       3.8597740913E-004
#    -37    25       8.0996403951E-006
#    -37    26       9.2486872711E-005
#    -37    27       6.1784647242E-005
#    -36    -8       3.9996280068E-006
#    -36    -7       6.1074609308E-005
#    -36    -6       2.7815596941E-005
#    -36    -5       4.7747185303E-007
#    -36    -4       3.6043788353E-006
#    -36    -3       2.7455615068E-006
#    -36    -2       8.6645227446E-005
#    -36    -1       5.0007590683E-005
#    -36     0       6.7597105987E-007
#    -36     1       1.2251638651E-005
#    -36     2       1.9613167740E-006
#    -36     3       1.9934950633E-004
#    -36     4       1.6835499854E-004
#    -36     5       3.8778752824E-006
#    -36     6       4.4444842435E-005
#    -36     7       5.3071852394E-006
#    -36     8       2.3086843511E-004
#    -36     9       1.7370738506E-004
#    -36    10       3.0432646665E-006
#    -36    11       2.5521101862E-005
#    -36    12       1.9916811175E-005
#    -36    13       3.7724853855E-004
#    -36    14       1.2042505283E-004
#    -36    15       6.4336184603E-006
#    -36    16       1.0959139099E-004
#    -36    17       5.8832099734E-006
#    -36    18       3.3356117315E-004
#    -36    19       3.1643050794E-004
#    -36    20       8.7207622521E-007
#    -36    21       7.5679887394E-005
#    -36    22       6.0252389438E-005
#    -36    23       3.2876570942E-004
#    -36    24       1.7369193954E-004
#    -36    25       1.0029169615E-005
#    -36    26       4.8151889188E-005
#    -36    27       3.7173716195E-007
#    -35    -9       8.8081797476E-006
#    -35    -8       3.9848732468E-005
#    -35    -7       4.0130302815E-005
#    -35    -6       7.2548151588E-006
#    -35    -5       3.2686596512E-004
#    -35    -4       2.0229587884E-005
#    -35    -3       6.7393800912E-005
#    -35    -2       6.5828950925E-005
#    -35    -1       2.0740263248E-005
#    -35     0       5.1511209861E-004
#    -35     1       4.0550409557E-005
#    -35     2       9.8696576258E-005
#    -35     3       8.3195973070E-005
#    -35     4       5.5850521662E-005
#    -35     5       3.7922265141E-004
#    -35     6       1.9442909933E-005
#    -35     7       6.7683527842E-005
#    -35     8       1.0636849184E-004
#    -35     9       8.5601891250E-005
#    -35    10       1.1393905655E-003
#    -35    11       1.2729230012E-005
#    -35    12       2.1509150172E-004
#    -35    13       9.1658863147E-005
#    -35    14       9.2386426936E-006
#    -35    15       1.0608423284E-003
#    -35    16       8.7604346102E-005
#    -35    17       4.8338617090E-005
#    -35    18       1.5021500394E-004
#    -35    19       1.0039815459E-004
#    -35    20       1.0423651647E-003
#    -35    21       4.0903489085E-005
#    -35    22       1.4048747530E-004
#    -35    23       1.2417127977E-004
#    -35    24       6.1637883002E-005
#    -35    25       9.6028862489E-004
#    -35    26       1.1916404170E-004
#    -35    27       9.7877704215E-005
#    -34   -11       1.4165652054E-006
#    -34   -10       9.3839654619E-007
#    -34    -9       9.5277537523E-005
#    -34    -8       1.0401889457E-004
#    -34    -7       5.6387790458E-006
#    -34    -6       2.4482428063E-005
#    -34    -5       6.3377795584E-007
#    -34    -4       1.5131778066E-004
#    -34    -3       1.6753398548E-004
#    -34    -2       1.3051067205E-005
#    -34    -1       4.3963812468E-005
#    -34     0       1.4587861366E-006
#    -34     1       1.5927738333E-004
#    -34     2       1.7639351878E-004
#    -34     3       1.7284610771E-005
#    -34     4       3.6463894092E-005
#    -34     5       5.7251236745E-006
#    -34     6       1.5821185535E-004
#    -34     7       1.6565647120E-004
#    -34     8       3.6743572613E-006
#    -34     9       2.0104101378E-005
#    -34    10       5.7481506101E-006
#    -34    11       1.0268981214E-004
#    -34    12       1.4258586528E-004
#    -34    13       4.5054000676E-005
#    -34    14       3.2803126189E-005
#    -34    15       5.6828020485E-006
#    -34    16       3.6952786478E-004
#    -34    17       2.0493596140E-004
#    -34    18       6.4587127510E-006
#    -34    19       1.5988758530E-005
#    -34    20       3.5088070835E-006
#    -34    21       1.1330646377E-004
#    -34    22       3.0842802810E-004
#    -34    23       7.5516010086E-005
#    -34    24       4.6815721993E-005
#    -34    25       2.3275639960E-005
#    -34    26       3.0029555304E-004
#    -34    27       1.1480654211E-004
#    -33   -12       3.5404766726E-005
#    -33   -11       4.5708315049E-005
#    -33   -10       1.6085199602E-006
#    -33    -9       1.7044154980E-004
#    -33    -8       1.4936936121E-004
#    -33    -7       1.0196360712E-004
#    -33    -6       8.1412073646E-005
#    -33    -5       2.1372227341E-006
#    -33    -4       2.3013868118E-004
#    -33    -3       2.3308503903E-004
#    -33    -2       5.8616474590E-005
#    -33    -1       1.4941069766E-004
#    -33     0       4.2005113151E-006
#    -33     1       2.4759151806E-004
#    -33     2       2.6721591388E-004
#    -33     3       9.9816355097E-005
#    -33     4       5.9794336503E-005
#    -33     5       1.4189330366E-006
#    -33     6       1.4399089304E-004
#    -33     7       1.5845604657E-004
#    -33     8       3.4885777068E-005
#    -33     9       8.6224249349E-005
#    -33    10       5.0411104229E-006
#    -33    11       2.7342589936E-004
#    -33    12       1.6581587936E-004
#    -33    13       1.0326663464E-004
#    -33    14       2.2059775115E-004
#    -33    15       2.5145764001E-006
#    -33    16       1.3487173314E-004
#    -33    17       3.6631110432E-004
#    -33    18       7.9791945196E-005
#    -33    19       1.6158290658E-004
#    -33    20       1.1743023030E-005
#    -33    21       2.6257245259E-004
#    -33    22       4.4190984498E-004
#    -33    23       2.1143535570E-004
#    -33    24       1.9358587939E-004
#    -33    25       2.0194060388E-005
#    -33    26       3.1185798706E-004
#    -33    27       2.2078896072E-004
#    -32   -13       5.1364268648E-005
#    -32   -12       1.2821943617E-004
#    -32   -11       2.0992752796E-004
#    -32   -10       1.1358471951E-006
#    -32    -9       1.2581738218E-004
#    -32    -8       9.4707241224E-005
#    -32    -7       2.1914384564E-004
#    -32    -6       2.2453109947E-004
#    -32    -5       5.3459178662E-008
#    -32    -4       1.6318045109E-004
#    -32    -3       7.9272525124E-005
#    -32    -2       3.3910920759E-004
#    -32    -1       2.2415835067E-004
#    -32     0       4.3707445983E-006
#    -32     1       1.5440509803E-004
#    -32     2       6.3192753753E-005
#    -32     3       1.6511199369E-004
#    -32     4       6.3464463375E-005
#    -32     5       9.1699065170E-006
#    -32     6       2.5797675348E-005
#    -32     7       5.9715757559E-005
#    -32     8       8.4281783255E-005
#    -32     9       1.1588955165E-004
#    -32    10       3.1697586380E-006
#    -32    11       1.0146177031E-004
#    -32    12       8.8073356866E-005
#    -32    13       8.1310984553E-005
#    -32    14       1.5905192850E-004
#    -32    15       5.2075593016E-006
#    -32    16       1.4411973482E-005
#    -32    17       4.9824683165E-005
#    -32    18       9.5444834906E-005
#    -32    19       1.1788131901E-004
#    -32    20       1.0199987895E-005
#    -32    21       1.4156726572E-004
#    -32    22       1.3037724640E-004
#    -32    23       5.6623036042E-004
#    -32    24       5.1589095263E-004
#    -32    25       3.8836421961E-006
#    -32    26       2.7505204197E-004
#    -32    27       8.1856846133E-005
#    -32    28       6.8574908410E-005
#    -31   -14       2.3476075237E-005
#    -31   -13       8.5056965953E-007
#    -31   -12       2.0197015177E-004
#    -31   -11       1.0289602662E-004
#    -31   -10       2.3552180854E-006
#    -31    -9       3.5331075812E-005
#    -31    -8       9.0677990803E-006
#    -31    -7       1.7752902998E-004
#    -31    -6       1.0929828437E-004
#    -31    -5       3.0068077908E-006
#    -31    -4       3.1608730850E-005
#    -31    -3       1.1239704020E-005
#    -31    -2       1.9422655658E-004
#    -31    -1       2.0024424799E-004
#    -31     0       2.7867553198E-005
#    -31     1       1.1687388285E-005
#    -31     2       2.4421306256E-006
#    -31     3       6.6821027663E-005
#    -31     4       6.5636903109E-005
#    -31     5       3.1702059701E-006
#    -31     6       1.2437759133E-005
#    -31     7       1.9007055881E-006
#    -31     8       9.6934725347E-005
#    -31     9       3.5219626429E-005
#    -31    10       6.3807647964E-006
#    -31    11       3.5028639917E-005
#    -31    12       6.8041894813E-006
#    -31    13       6.3077390047E-005
#    -31    14       3.3255040927E-006
#    -31    15       4.6066805233E-005
#    -31    16       1.3490659739E-005
#    -31    17       7.1490866057E-007
#    -31    18       1.8589713409E-005
#    -31    19       2.9143401998E-005
#    -31    20       6.8830278127E-006
#    -31    21       2.1574296155E-005
#    -31    22       3.4911096799E-005
#    -31    23       4.6294513257E-004
#    -31    24       6.0498673393E-004
#    -31    25       2.8897249020E-006
#    -31    26       5.8515915340E-005
#    -31    27       4.2058155033E-005
#    -31    28       3.6381680858E-004
#    -30   -15       3.4940065562E-004
#    -30   -14       2.4391507961E-005
#    -30   -13       7.1688946814E-005
#    -30   -12       9.3083411381E-005
#    -30   -11       1.9587520539E-005
#    -30   -10       7.9748789502E-004
#    -30    -9       2.8136845390E-005
#    -30    -8       8.6993307276E-005
#    -30    -7       9.6498048269E-005
#    -30    -6       2.6974687522E-005
#    -30    -5       3.6316679760E-004
#    -30    -4       4.9821441371E-005
#    -30    -3       1.2785034310E-004
#    -30    -2       9.6647086428E-005
#    -30    -1       5.2097538174E-005
#    -30     0       1.1148102182E-003
#    -30     1       2.0409320896E-005
#    -30     2       7.6464477819E-005
#    -30     3       1.8956846160E-005
#    -30     4       3.2517700861E-005
#    -30     5       1.0929514369E-003
#    -30     6       7.8355892068E-006
#    -30     7       5.4823399776E-005
#    -30     8       3.1378440012E-005
#    -30     9       3.8342041250E-005
#    -30    10       9.8268637818E-004
#    -30    11       4.1274055233E-006
#    -30    12       3.4928397503E-005
#    -30    13       3.4631371472E-005
#    -30    14       7.9979161342E-006
#    -30    15       6.3961220751E-004
#    -30    16       1.3929222914E-006
#    -30    17       7.5923431239E-006
#    -30    18       1.6312226403E-005
#    -30    19       2.8772197117E-006
#    -30    20       1.3144563393E-004
#    -30    21       4.2479575960E-005
#    -30    22       1.6984737820E-004
#    -30    23       4.0849544059E-004
#    -30    24       2.1138332839E-004
#    -30    25       1.2091073155E-003
#    -30    26       8.1219906289E-005
#    -30    27       1.7883320920E-004
#    -30    28       1.3255641379E-005
#    -29   -16       2.5323581549E-005
#    -29   -15       1.4785621856E-006
#    -29   -14       1.9490515439E-004
#    -29   -13       2.1101822751E-004
#    -29   -12       2.1604387831E-005
#    -29   -11       3.6033580795E-005
#    -29   -10       5.3541113061E-008
#    -29    -9       1.7233615484E-004
#    -29    -8       1.9862009415E-004
#    -29    -7       2.3721483084E-005
#    -29    -6       2.9243247135E-005
#    -29    -5       4.5771780951E-006
#    -29    -4       9.8493014963E-005
#    -29    -3       2.0257809924E-004
#    -29    -2       3.3502024800E-006
#    -29    -1       1.3675608368E-005
#    -29     0       5.8582440932E-006
#    -29     1       1.2352304915E-004
#    -29     2       1.0128640658E-004
#    -29     3       7.3063569023E-006
#    -29     4       4.3110155185E-005
#    -29     5       3.6043224992E-006
#    -29     6       4.7265893434E-005
#    -29     7       8.0364171547E-005
#    -29     8       1.9177512593E-005
#    -29     9       1.3926725348E-006
#    -29    10       4.3800944030E-006
#    -29    11       2.6410402106E-005
#    -29    12       2.3029200225E-004
#    -29    13       1.4312144907E-005
#    -29    14       1.5318298264E-004
#    -29    15       9.2693399336E-006
#    -29    16       3.0284801863E-005
#    -29    17       1.4763165962E-005
#    -29    18       2.1227786966E-005
#    -29    19       6.9743053602E-006
#    -29    20       2.2841003417E-005
#    -29    21       4.8250791421E-004
#    -29    22       4.0671888769E-004
#    -29    23       3.1311671611E-005
#    -29    24       8.4333473769E-005
#    -29    25       5.1012516395E-006
#    -29    26       2.4482095645E-004
#    -29    27       4.0134151724E-004
#    -28   -16       1.3829652706E-004
#    -28   -15       5.8713305559E-007
#    -28   -14       1.9643972282E-004
#    -28   -13       3.6523452250E-004
#    -28   -12       1.2600981382E-004
#    -28   -11       3.0459630259E-004
#    -28   -10       2.4677857002E-006
#    -28    -9       3.0975733577E-004
#    -28    -8       2.0770759667E-004
#    -28    -7       7.0987013047E-005
#    -28    -6       1.0563731459E-004
#    -28    -5       2.5781662534E-006
#    -28    -4       1.4191333023E-004
#    -28    -3       8.4608675781E-005
#    -28    -2       4.0862858210E-005
#    -28    -1       1.5384344627E-005
#    -28     0       5.6385041327E-006
#    -28     1       9.8070663185E-005
#    -28     2       2.1913790292E-004
#    -28     3       2.9138977963E-005
#    -28     4       5.6560710973E-005
#    -28     5       1.0178742027E-006
#    -28     6       2.1961383104E-004
#    -28     7       9.2182934743E-005
#    -28     8       3.9544941708E-005
#    -28     9       1.6595793273E-005
#    -28    10       1.4012282763E-005
#    -28    11       5.4291686559E-004
#    -28    12       1.9587102851E-004
#    -28    13       8.1482801144E-005
#    -28    14       4.0270907826E-004
#    -28    15       2.2884375005E-006
#    -28    16       1.5288375851E-004
#    -28    17       7.7512680160E-005
#    -28    18       7.8375321372E-005
#    -28    19       5.7824463659E-005
#    -28    20       1.1401041300E-005
#    -28    21       3.2743948364E-004
#    -28    22       3.8848880971E-004
#    -28    23       1.6402085190E-004
#    -28    24       2.8582878045E-004
#    -28    25       6.0549334453E-007
#    -28    26       4.7051558320E-004
#    -28    27       3.2996263218E-004
#    -27   -17       1.3694113728E-004
#    -27   -16       1.3999978349E-004
#    -27   -15       2.0840583543E-006
#    -27   -14       2.0271090189E-004
#    -27   -13       1.5915981700E-004
#    -27   -12       3.5355460796E-004
#    -27   -11       3.6981892655E-004
#    -27   -10       7.7587653800E-007
#    -27    -9       1.7260975601E-004
#    -27    -8       1.2608038525E-004
#    -27    -7       1.5200299442E-004
#    -27    -6       1.2963443634E-004
#    -27    -5       1.2017740494E-005
#    -27    -4       7.1539014690E-005
#    -27    -3       2.3926668133E-005
#    -27    -2       1.1066007280E-004
#    -27    -1       1.4162605624E-004
#    -27     0       1.4301227851E-005
#    -27     1       5.1190196733E-005
#    -27     2       3.9426727110E-006
#    -27     3       1.6035213106E-004
#    -27     4       4.1112481980E-005
#    -27     5       7.1060131183E-006
#    -27     6       1.0828643322E-004
#    -27     7       3.4058374848E-005
#    -27     8       8.6274496315E-005
#    -27     9       1.3351675934E-004
#    -27    10       1.3923280257E-006
#    -27    11       4.4389256706E-004
#    -27    12       3.1092754557E-004
#    -27    13       5.5850484749E-004
#    -27    14       3.5844513578E-004
#    -27    15       3.1326243239E-006
#    -27    16       1.5416098394E-004
#    -27    17       6.5092881403E-005
#    -27    18       1.0934950303E-004
#    -27    19       8.0975373280E-005
#    -27    20       2.0260508195E-005
#    -27    21       2.1984993990E-004
#    -27    22       3.4032511332E-004
#    -27    23       6.8724431264E-004
#    -27    24       4.7710836613E-004
#    -27    25       3.8669200191E-005
#    -27    26       1.2780858968E-004
#    -27    27       9.6977420321E-005
#    -26   -18       7.2403414584E-006
#    -26   -17       1.4227523123E-004
#    -26   -16       1.4723823879E-004
#    -26   -15       6.1360576581E-007
#    -26   -14       4.9202964783E-005
#    -26   -13       1.6189992384E-005
#    -26   -12       4.2164316399E-004
#    -26   -11       2.4655989955E-004
#    -26   -10       1.3197828367E-006
#    -26    -9       4.3497756532E-005
#    -26    -8       2.3547386575E-006
#    -26    -7       1.2314117628E-004
#    -26    -6       2.5056514412E-005
#    -26    -5       9.6272785126E-006
#    -26    -4       2.1980956799E-006
#    -26    -3       7.5106721579E-006
#    -26    -2       7.5023208895E-005
#    -26    -1       5.1755253938E-005
#    -26     0       1.3447569345E-005
#    -26     1       3.4650431472E-008
#    -26     2       4.7699104671E-006
#    -26     3       4.3578701757E-005
#    -26     4       9.9752530217E-005
#    -26     5       3.3944414040E-005
#    -26     6       4.2463489117E-005
#    -26     7       3.7293933557E-005
#    -26     8       1.4722542251E-004
#    -26     9       2.3669594526E-004
#    -26    10       4.2581626142E-005
#    -26    11       9.0332692200E-005
#    -26    12       3.4108009660E-005
#    -26    13       5.9249807896E-004
#    -26    14       1.1575130297E-004
#    -26    15       6.8136551019E-005
#    -26    16       9.6227936915E-006
#    -26    17       1.7188055521E-007
#    -26    18       1.0043874704E-004
#    -26    19       3.7829148038E-004
#    -26    20       5.7937751424E-005
#    -26    21       5.5787190509E-005
#    -26    22       2.5362348195E-006
#    -26    23       3.9960151811E-004
#    -26    24       1.8846527249E-004
#    -26    25       3.1000542002E-005
#    -26    26       9.4018954336E-005
#    -26    27       4.9396649519E-006
#    -25   -19       7.8881628997E-006
#    -25   -18       5.7319017425E-005
#    -25   -17       4.4506993393E-005
#    -25   -16       5.9132291313E-005
#    -25   -15       1.0144256984E-003
#    -25   -14       6.5646769391E-005
#    -25   -13       1.2470835914E-004
#    -25   -12       1.7391577449E-004
#    -25   -11       4.0072010129E-005
#    -25   -10       1.0708439378E-003
#    -25    -9       1.6688614315E-005
#    -25    -8       4.8768735542E-005
#    -25    -7       2.7241926782E-005
#    -25    -6       1.7250709027E-005
#    -25    -5       1.2367296611E-003
#    -25    -4       3.1139829874E-005
#    -25    -3       9.8999596361E-005
#    -25    -2       1.2594158495E-005
#    -25    -1       3.9971377733E-005
#    -25     0       2.4826522462E-003
#    -25     1       6.3650865049E-006
#    -25     2       3.5078247654E-005
#    -25     3       7.3379109896E-005
#    -25     4       7.2027251752E-007
#    -25     5       3.1803701814E-003
#    -25     6       2.4397879202E-005
#    -25     7       5.4671537883E-006
#    -25     8       2.9768210743E-005
#    -25     9       2.4840860355E-005
#    -25    10       5.2113672441E-003
#    -25    11       4.5201002730E-006
#    -25    12       2.5925096141E-004
#    -25    13       1.7464401506E-004
#    -25    14       6.9928564116E-006
#    -25    15       4.2384079025E-003
#    -25    16       1.2651180006E-005
#    -25    17       5.9713660379E-005
#    -25    18       5.4772403604E-007
#    -25    19       1.4965541373E-004
#    -25    20       2.4718893817E-003
#    -25    21       1.3493097329E-005
#    -25    22       2.6102637596E-004
#    -25    23       2.2749426894E-004
#    -25    24       8.4811443076E-005
#    -25    25       9.9070779767E-004
#    -25    26       1.1040649404E-004
#    -25    27       1.1502890119E-004
#    -24   -20       2.5922895046E-006
#    -24   -19       1.6669975979E-004
#    -24   -18       2.5763909147E-004
#    -24   -17       9.4113151932E-006
#    -24   -16       9.1212711561E-005
#    -24   -15       3.4505058093E-006
#    -24   -14       4.9933937566E-004
#    -24   -13       3.6035197444E-004
#    -24   -12       1.3621096300E-005
#    -24   -11       1.9807385265E-005
#    -24   -10       4.7626080463E-006
#    -24    -9       7.7067137985E-005
#    -24    -8       8.2779129448E-005
#    -24    -7       1.7879975471E-005
#    -24    -6       5.8570513250E-005
#    -24    -5       2.6512630439E-006
#    -24    -4       1.5989416457E-005
#    -24    -3       8.7457617585E-005
#    -24    -2       1.3800244000E-005
#    -24    -1       3.3825109804E-005
#    -24     0       1.5214122383E-005
#    -24     1       1.6922069978E-004
#    -24     2       1.4460955918E-004
#    -24     3       5.7818785113E-005
#    -24     4       2.8872845954E-006
#    -24     5       1.1177219400E-005
#    -24     6       7.9687932896E-005
#    -24     7       1.7930347562E-006
#    -24     8       4.9756005530E-006
#    -24     9       4.5271689629E-005
#    -24    10       7.7518585090E-006
#    -24    11       4.4520740069E-005
#    -24    12       5.9503860115E-004
#    -24    13       4.2257718208E-005
#    -24    14       1.3677509877E-004
#    -24    15       1.0217092451E-005
#    -24    16       1.5174933200E-004
#    -24    17       8.3784837093E-005
#    -24    18       6.8246075141E-005
#    -24    19       9.2843231641E-005
#    -24    20       5.4769767993E-005
#    -24    21       6.5054415267E-004
#    -24    22       7.7678675374E-004
#    -24    23       2.8364833027E-006
#    -24    24       1.1775201928E-004
#    -24    25       9.1378507150E-006
#    -24    26       2.3714657808E-004
#    -23   -20       3.7921107830E-006
#    -23   -19       3.0910276716E-004
#    -23   -18       2.4702562498E-004
#    -23   -17       1.0071669843E-004
#    -23   -16       2.6728378296E-004
#    -23   -15       2.4318279307E-006
#    -23   -14       3.8210942334E-004
#    -23   -13       4.1519641535E-004
#    -23   -12       1.0309276152E-004
#    -23   -11       1.4236110637E-004
#    -23   -10       1.3633049613E-005
#    -23    -9       1.0139815119E-004
#    -23    -8       5.4476040949E-005
#    -23    -7       1.1627828242E-005
#    -23    -6       1.1703153022E-004
#    -23    -5       7.5873904363E-006
#    -23    -4       1.6108953465E-004
#    -23    -3       3.7267333371E-005
#    -23    -2       4.0578729402E-005
#    -23    -1       1.7368853895E-004
#    -23     0       1.1116330885E-005
#    -23     1       3.5295760562E-004
#    -23     2       5.1536559988E-004
#    -23     3       1.5084355834E-004
#    -23     4       7.1122626565E-005
#    -23     5       2.3459097845E-006
#    -23     6       9.4929534764E-005
#    -23     7       1.1588331232E-004
#    -23     8       4.9934096803E-005
#    -23     9       7.1627264698E-005
#    -23    10       3.9080982855E-005
#    -23    11       1.1019355413E-003
#    -23    12       5.0016436589E-004
#    -23    13       2.2289101534E-004
#    -23    14       6.6775961814E-004
#    -23    15       1.2182706855E-005
#    -23    16       2.1128562716E-004
#    -23    17       1.2643654756E-004
#    -23    18       9.9444449767E-005
#    -23    19       1.6909816219E-004
#    -23    20       2.0984078880E-005
#    -23    21       7.2493527576E-004
#    -23    22       4.0498869149E-004
#    -23    23       9.7198740962E-005
#    -23    24       4.9045110391E-004
#    -23    25       2.5289960720E-005
#    -23    26       1.3700898899E-004
#    -22   -21       6.4728448200E-005
#    -22   -20       2.9414331445E-007
#    -22   -19       2.3069706035E-004
#    -22   -18       2.1349321437E-004
#    -22   -17       5.6347253254E-004
#    -22   -16       3.3140132539E-004
#    -22   -15       4.9804249060E-006
#    -22   -14       1.8177278550E-004
#    -22   -13       1.5200878999E-004
#    -22   -12       1.5794489586E-004
#    -22   -11       1.6773101476E-004
#    -22   -10       3.9001038789E-006
#    -22    -9       2.8739925749E-005
#    -22    -8       5.1533290543E-005
#    -22    -7       1.4137859616E-004
#    -22    -6       1.9314578445E-004
#    -22    -5       1.6524586007E-005
#    -22    -4       1.7685510238E-004
#    -22    -3       3.3399238902E-005
#    -22    -2       7.3186831169E-005
#    -22    -1       6.5465853505E-004
#    -22     0       2.0034778963E-005
#    -22     1       4.7438324215E-004
#    -22     2       1.2602531525E-004
#    -22     3       2.6946653505E-004
#    -22     4       3.1964493170E-005
#    -22     5       5.4780587752E-006
#    -22     6       1.8135337949E-004
#    -22     7       5.4396073231E-005
#    -22     8       4.6477036397E-004
#    -22     9       3.9462214983E-004
#    -22    10       1.7079697636E-005
#    -22    11       1.0475122216E-003
#    -22    12       4.6636450789E-004
#    -22    13       7.1761720955E-004
#    -22    14       6.9466073930E-004
#    -22    15       3.1906648927E-006
#    -22    16       3.0797959222E-004
#    -22    17       1.5608372378E-004
#    -22    18       6.4403908886E-004
#    -22    19       3.1656511124E-004
#    -22    20       7.0526724637E-005
#    -22    21       1.7457387032E-004
#    -22    22       2.9545791056E-004
#    -22    23       2.7458230702E-004
#    -22    24       3.3699798928E-004
#    -22    25       1.0817227497E-004
#    -22    26       3.0059402893E-004
#    -21   -22       1.3797801868E-004
#    -21   -21       8.8355528203E-005
#    -21   -20       7.4630737309E-006
#    -21   -19       3.3183599869E-005
#    -21   -18       2.4968803876E-005
#    -21   -17       3.5977604138E-004
#    -21   -16       2.8975416521E-004
#    -21   -15       2.8465697381E-006
#    -21   -14       3.3396344302E-005
#    -21   -13       1.4233216019E-005
#    -21   -12       2.7397418013E-004
#    -21   -11       6.9890112820E-005
#    -21   -10       6.1667812209E-006
#    -21    -9       1.8631517305E-005
#    -21    -8       3.3032161933E-006
#    -21    -7       8.1218295981E-005
#    -21    -6       1.6041946447E-004
#    -21    -5       1.0959061768E-006
#    -21    -4       3.6969831268E-005
#    -21    -3       2.8511221570E-005
#    -21    -2       5.3578229629E-004
#    -21    -1       2.9403663073E-004
#    -21     0       2.0610188612E-005
#    -21     1       3.2419033158E-005
#    -21     2       2.4010867795E-005
#    -21     3       1.8290626696E-005
#    -21     4       7.4848233564E-005
#    -21     5       4.0584993469E-005
#    -21     6       5.0694399723E-005
#    -21     7       6.0863780335E-005
#    -21     8       5.2233034877E-004
#    -21     9       5.2821330903E-004
#    -21    10       1.8999972872E-004
#    -21    11       3.2418905689E-004
#    -21    12       1.4934613859E-004
#    -21    13       1.3241182617E-003
#    -21    14       5.1433749232E-004
#    -21    15       3.8584504748E-006
#    -21    16       4.4219427019E-005
#    -21    17       1.8469519081E-005
#    -21    18       1.5166035421E-004
#    -21    19       1.9271629998E-004
#    -21    20       6.6005350828E-005
#    -21    21       2.1284812328E-004
#    -21    22       1.0906020263E-005
#    -21    23       3.6283235355E-004
#    -21    24       8.4585888615E-004
#    -21    25       1.4135601508E-005
#    -20   -22       6.8898304637E-005
#    -20   -21       4.2383145427E-005
#    -20   -20       8.3384839426E-004
#    -20   -19       3.3524377788E-005
#    -20   -18       2.7390507655E-004
#    -20   -17       1.1825141551E-004
#    -20   -16       1.4608521211E-004
#    -20   -15       1.1195961971E-003
#    -20   -14       2.9657602954E-005
#    -20   -13       3.2189958319E-005
#    -20   -12       8.1653628908E-005
#    -20   -11       2.4669518632E-005
#    -20   -10       9.0705548745E-004
#    -20    -9       3.6724238054E-005
#    -20    -8       9.2016922631E-006
#    -20    -7       4.4740672966E-005
#    -20    -6       1.5574839559E-006
#    -20    -5       3.4880061438E-003
#    -20    -4       1.3229279490E-005
#    -20    -3       3.2843309267E-005
#    -20    -2       2.6520698928E-004
#    -20    -1       1.1153242688E-004
#    -20     0       1.4199818137E-002
#    -20     1       6.4724337145E-005
#    -20     2       1.4108661024E-006
#    -20     3       2.0476028518E-004
#    -20     4       7.9772726718E-006
#    -20     5       1.1333265627E-002
#    -20     6       2.4751232311E-005
#    -20     7       8.5982304676E-005
#    -20     8       5.1990855884E-005
#    -20     9       9.4640624574E-005
#    -20    10       4.5672759185E-003
#    -20    11       3.4896727900E-005
#    -20    12       3.8270026743E-004
#    -20    13       3.4328824974E-004
#    -20    14       8.4461695027E-005
#    -20    15       9.4132387735E-004
#    -20    16       3.9868163588E-005
#    -20    17       3.1718285522E-004
#    -20    18       7.5365720592E-005
#    -20    19       1.5394390036E-004
#    -20    20       3.6005805711E-003
#    -20    21       4.6433882984E-005
#    -20    22       6.5525012083E-005
#    -20    23       2.4915612672E-004
#    -20    24       1.8465132090E-004
#    -20    25       2.3596456194E-003
#    -19   -23       4.3518035929E-005
#    -19   -22       3.9508923620E-005
#    -19   -21       5.9898926567E-005
#    -19   -20       2.1764248967E-005
#    -19   -19       1.7140847779E-004
#    -19   -18       4.5631532542E-004
#    -19   -17       3.2098078906E-005
#    -19   -16       7.0040340682E-005
#    -19   -15       3.2094823407E-005
#    -19   -14       2.6992460530E-004
#    -19   -13       1.1999749788E-004
#    -19   -12       6.5713619922E-006
#    -19   -11       3.1607603488E-005
#    -19   -10       3.0076480194E-006
#    -19    -9       3.5810970512E-005
#    -19    -8       9.0841840060E-005
#    -19    -7       1.5655247358E-005
#    -19    -6       1.9567602446E-005
#    -19    -5       4.5566695015E-005
#    -19    -4       2.1812546486E-004
#    -19    -3       7.6443055854E-005
#    -19    -2       2.3264116320E-005
#    -19    -1       1.2988098237E-006
#    -19     0       3.5377209691E-006
#    -19     1       2.4548813066E-004
#    -19     2       1.8024726892E-004
#    -19     3       4.5391214858E-005
#    -19     4       3.2942988174E-005
#    -19     5       9.9272708509E-006
#    -19     6       1.3308936229E-004
#    -19     7       5.0611587783E-005
#    -19     8       3.0212760862E-005
#    -19     9       1.4463827826E-004
#    -19    10       1.1492492964E-005
#    -19    11       4.7148075763E-004
#    -19    12       2.6775372871E-004
#    -19    13       7.3009138277E-005
#    -19    14       6.0305428544E-005
#    -19    15       1.1547667979E-005
#    -19    16       9.5941752568E-005
#    -19    17       6.0068567135E-004
#    -19    18       2.1166669264E-005
#    -19    19       8.0309107747E-005
#    -19    20       1.1901516695E-004
#    -19    21       9.5874649312E-005
#    -19    22       2.1604557736E-004
#    -19    23       3.5607855171E-006
#    -19    24       4.0354981818E-005
#    -19    25       8.2295074767E-006
#    -18   -23       1.4486375537E-004
#    -18   -22       7.2186160666E-005
#    -18   -21       3.1759397697E-004
#    -18   -20       4.6833120624E-006
#    -18   -19       5.0697476551E-004
#    -18   -18       1.9827421161E-004
#    -18   -17       7.1911181273E-005
#    -18   -16       1.7039325278E-004
#    -18   -15       7.5531449959E-006
#    -18   -14       1.1740271053E-004
#    -18   -13       4.8316385615E-005
#    -18   -12       3.9572730630E-005
#    -18   -11       3.3552905956E-005
#    -18   -10       1.4561873494E-005
#    -18    -9       6.6841260897E-005
#    -18    -8       1.0075313888E-004
#    -18    -7       9.3636376801E-005
#    -18    -6       1.7448666211E-006
#    -18    -5       1.4507864978E-005
#    -18    -4       8.6018410499E-005
#    -18    -3       8.8392855369E-005
#    -18    -2       1.6487027032E-005
#    -18    -1       1.8369713415E-004
#    -18     0       7.2267022415E-007
#    -18     1       7.9866544468E-004
#    -18     2       1.3130077163E-003
#    -18     3       3.3384680440E-004
#    -18     4       1.0958400216E-004
#    -18     5       2.1395899917E-006
#    -18     6       4.4091591845E-004
#    -18     7       6.0877378745E-004
#    -18     8       2.7167571845E-004
#    -18     9       3.2039590159E-004
#    -18    10       4.4534201691E-005
#    -18    11       1.1124650262E-004
#    -18    12       1.4451151796E-004
#    -18    13       1.4675651785E-004
#    -18    14       7.1568590060E-005
#    -18    15       5.1023257635E-006
#    -18    16       5.7800836139E-004
#    -18    17       4.3920162981E-004
#    -18    18       1.1053138696E-004
#    -18    19       1.7356687863E-005
#    -18    20       7.4354897690E-006
#    -18    21       4.4183798311E-004
#    -18    22       3.2820982404E-004
#    -18    23       1.1348034364E-004
#    -18    24       6.7945444285E-004
#    -17   -24       1.0215036048E-004
#    -17   -23       1.0147824436E-004
#    -17   -22       1.8763592929E-004
#    -17   -21       3.5977788481E-004
#    -17   -20       1.5690669695E-006
#    -17   -19       4.2125925960E-004
#    -17   -18       1.5796056315E-004
#    -17   -17       4.4127692263E-004
#    -17   -16       7.5673152256E-005
#    -17   -15       1.2214060391E-005
#    -17   -14       9.1729812105E-006
#    -17   -13       2.4191126737E-005
#    -17   -12       9.5513156592E-005
#    -17   -11       3.9141344214E-004
#    -17   -10       8.4459846239E-006
#    -17    -9       1.2382615863E-004
#    -17    -8       6.9191368124E-005
#    -17    -7       4.1868959048E-005
#    -17    -6       1.2675109111E-004
#    -17    -5       5.2897384321E-005
#    -17    -4       9.7367556153E-005
#    -17    -3       1.9184848972E-005
#    -17    -2       2.4612375819E-004
#    -17    -1       9.5444816701E-004
#    -17     0       2.9422648516E-005
#    -17     1       1.7090686842E-003
#    -17     2       4.6339877706E-004
#    -17     3       9.6782829560E-004
#    -17     4       7.1692662417E-004
#    -17     5       1.9653379710E-006
#    -17     6       8.1205864564E-004
#    -17     7       4.8509787830E-004
#    -17     8       1.0554346686E-003
#    -17     9       4.7658372773E-004
#    -17    10       2.1598735692E-005
#    -17    11       1.3453703032E-004
#    -17    12       7.7322122719E-005
#    -17    13       2.0510686442E-005
#    -17    14       1.0479526729E-004
#    -17    15       4.2063235186E-005
#    -17    16       1.0549441110E-004
#    -17    17       3.0709218273E-005
#    -17    18       1.5454752915E-004
#    -17    19       2.0252581966E-004
#    -17    20       3.7449180411E-005
#    -17    21       1.6685596678E-004
#    -17    22       1.7941539834E-005
#    -17    23       1.9247392612E-004
#    -17    24       3.0568515884E-004
#    -16   -24       2.0093993055E-005
#    -16   -23       2.4456142446E-005
#    -16   -22       4.8340216252E-004
#    -16   -21       1.9900469894E-004
#    -16   -20       2.5537677547E-005
#    -16   -19       8.1875840745E-005
#    -16   -18       3.1720567666E-005
#    -16   -17       1.8624244676E-004
#    -16   -16       7.6643085867E-005
#    -16   -15       6.1602050741E-005
#    -16   -14       2.2003780978E-005
#    -16   -13       1.0559766216E-005
#    -16   -12       5.2022814922E-004
#    -16   -11       2.8378332726E-004
#    -16   -10       1.0360346242E-005
#    -16    -9       1.3435164421E-005
#    -16    -8       3.0249015944E-006
#    -16    -7       1.0312780133E-004
#    -16    -6       1.1470989606E-004
#    -16    -5       1.5143782660E-006
#    -16    -4       9.5500796770E-006
#    -16    -3       1.6284112379E-005
#    -16    -2       1.1128575754E-003
#    -16    -1       1.6665496393E-003
#    -16     0       5.7992869638E-006
#    -16     1       3.4808559657E-004
#    -16     2       6.4023224541E-005
#    -16     3       1.0568236319E-003
#    -16     4       1.0549956274E-003
#    -16     5       8.3664830948E-005
#    -16     6       2.4465525714E-004
#    -16     7       1.5650893129E-004
#    -16     8       2.1873735066E-004
#    -16     9       1.4475859009E-004
#    -16    10       1.5341198484E-004
#    -16    11       1.1505699291E-004
#    -16    12       1.3134510028E-004
#    -16    13       9.4174251497E-005
#    -16    14       1.9787573486E-005
#    -16    15       1.9812948343E-005
#    -16    16       2.8780422747E-005
#    -16    17       6.3953237707E-005
#    -16    18       1.0833103933E-004
#    -16    19       7.3647619361E-007
#    -16    20       9.5441298467E-005
#    -16    21       1.8736584516E-004
#    -16    22       6.6682807367E-006
#    -16    23       4.4268826092E-004
#    -15   -25       2.6461449131E-004
#    -15   -24       7.9052432667E-005
#    -15   -23       1.8437953631E-004
#    -15   -22       1.4919328758E-004
#    -15   -21       8.0608645033E-005
#    -15   -20       1.1740812469E-003
#    -15   -19       3.2697165130E-006
#    -15   -18       2.4197264571E-004
#    -15   -17       1.5090590104E-005
#    -15   -16       2.5477027781E-005
#    -15   -15       5.7312281533E-004
#    -15   -14       1.1679923485E-004
#    -15   -13       1.1501403021E-004
#    -15   -12       2.0998621731E-004
#    -15   -11       1.3958025419E-005
#    -15   -10       4.9598581545E-003
#    -15    -9       2.0670161261E-005
#    -15    -8       1.6068347140E-004
#    -15    -7       2.1329573541E-004
#    -15    -6       1.5857880148E-005
#    -15    -5       1.1364658994E-002
#    -15    -4       6.2231125087E-005
#    -15    -3       1.9024499297E-004
#    -15    -2       5.2243422373E-004
#    -15    -1       5.8955419842E-004
#    -15     0       1.4635262793E-002
#    -15     1       5.4236180783E-004
#    -15     2       6.3507289308E-004
#    -15     3       1.9635550455E-004
#    -15     4       2.0066872188E-004
#    -15     5       1.7495223300E-002
#    -15     6       1.6344829067E-004
#    -15     7       2.9006644002E-004
#    -15     8       7.3795469890E-005
#    -15     9       4.4570787485E-005
#    -15    10       1.1227658087E-002
#    -15    11       5.4650713282E-005
#    -15    12       3.6646039688E-004
#    -15    13       9.2803762305E-005
#    -15    14       3.9738944955E-005
#    -15    15       1.4945824565E-002
#    -15    16       5.0013476021E-005
#    -15    17       2.1133017318E-004
#    -15    18       3.0035367276E-004
#    -15    19       2.2681253676E-005
#    -15    20       1.0718355429E-003
#    -15    21       6.4155186588E-005
#    -15    22       2.5541886687E-004
#    -15    23       6.5723867251E-004
#    -14   -25       2.7080654226E-005
#    -14   -24       3.9718157980E-004
#    -14   -23       1.9192320143E-004
#    -14   -22       4.2250343827E-005
#    -14   -21       7.0042456362E-005
#    -14   -20       7.3875611491E-006
#    -14   -19       1.6045844626E-004
#    -14   -18       1.3468410263E-004
#    -14   -17       2.4855897414E-005
#    -14   -16       2.2894636507E-005
#    -14   -15       2.6393256918E-005
#    -14   -14       2.7071901538E-004
#    -14   -13       4.8378329598E-004
#    -14   -12       1.3990858980E-005
#    -14   -11       6.1661576348E-005
#    -14   -10       4.6913745305E-006
#    -14    -9       1.9398770937E-004
#    -14    -8       2.8161933866E-004
#    -14    -7       3.4560143720E-005
#    -14    -6       6.8330762972E-005
#    -14    -5       4.0450533767E-005
#    -14    -4       4.4989053573E-004
#    -14    -3       8.6947708132E-004
#    -14    -2       1.5175627487E-004
#    -14    -1       6.3566215109E-004
#    -14     0       4.7063105678E-006
#    -14     1       6.4976800598E-004
#    -14     2       8.4245497783E-004
#    -14     3       2.2928545547E-005
#    -14     4       1.5665333082E-004
#    -14     5       6.5882364956E-005
#    -14     6       5.3271095647E-005
#    -14     7       1.8998834557E-004
#    -14     8       2.3497455916E-005
#    -14     9       1.0112668244E-004
#    -14    10       5.4612819044E-007
#    -14    11       8.8222155940E-004
#    -14    12       4.3348694014E-004
#    -14    13       5.5811796405E-005
#    -14    14       5.8268086819E-005
#    -14    15       5.2443890098E-006
#    -14    16       3.2916439770E-005
#    -14    17       6.8111006056E-004
#    -14    18       1.2002135222E-007
#    -14    19       5.0193392433E-005
#    -14    20       2.2419336980E-004
#    -14    21       9.1044472756E-004
#    -14    22       1.0567975891E-004
#    -13   -26       1.6330394866E-005
#    -13   -25       7.1276325034E-006
#    -13   -24       3.2561779342E-004
#    -13   -23       4.0965183599E-004
#    -13   -22       8.9432966504E-005
#    -13   -21       1.5786150734E-004
#    -13   -20       3.4486644818E-006
#    -13   -19       1.8429937948E-004
#    -13   -18       3.6280240906E-005
#    -13   -17       8.5755757142E-006
#    -13   -16       1.4440823669E-005
#    -13   -15       1.0132226346E-005
#    -13   -14       2.7074836960E-004
#    -13   -13       5.1338711238E-004
#    -13   -12       2.2090683596E-004
#    -13   -11       4.7580735562E-005
#    -13   -10       7.3797625912E-006
#    -13    -9       4.1944459837E-004
#    -13    -8       6.0051952926E-004
#    -13    -7       2.7789716402E-004
#    -13    -6       1.8200480934E-005
#    -13    -5       4.0859799221E-005
#    -13    -4       1.2240617154E-003
#    -13    -3       1.4324052220E-003
#    -13    -2       4.9851383550E-004
#    -13    -1       9.9892166123E-004
#    -13     0       7.4104222906E-006
#    -13     1       2.1163424816E-004
#    -13     2       5.5805905590E-005
#    -13     3       1.1890175615E-005
#    -13     4       4.4010199505E-005
#    -13     5       2.0144470700E-006
#    -13     6       7.4107371428E-004
#    -13     7       8.7457154037E-004
#    -13     8       1.6882048543E-004
#    -13     9       7.6771199818E-004
#    -13    10       5.7181664064E-005
#    -13    11       1.0711383201E-003
#    -13    12       9.5201168808E-004
#    -13    13       2.8940919345E-004
#    -13    14       1.1271210000E-004
#    -13    15       1.7727016445E-005
#    -13    16       7.4561141442E-004
#    -13    17       5.0853537170E-004
#    -13    18       2.4086783773E-004
#    -13    19       1.9743448645E-004
#    -13    20       8.3963566490E-006
#    -13    21       2.2929504169E-004
#    -12   -26       1.9829288130E-004
#    -12   -25       7.1993323696E-006
#    -12   -24       1.5794026891E-004
#    -12   -23       1.7955574519E-004
#    -12   -22       4.0869653870E-004
#    -12   -21       4.6662035531E-004
#    -12   -20       3.6908303171E-006
#    -12   -19       1.2216906629E-005
#    -12   -18       3.5859232993E-005
#    -12   -17       4.0333248561E-005
#    -12   -16       1.5980912506E-004
#    -12   -15       2.0061257725E-005
#    -12   -14       1.2814889340E-004
#    -12   -13       9.1633667273E-005
#    -12   -12       3.3160401732E-004
#    -12   -11       8.3050064512E-004
#    -12   -10       3.7839027099E-006
#    -12    -9       4.0063664207E-004
#    -12    -8       1.9336016594E-004
#    -12    -7       1.8970328677E-004
#    -12    -6       3.9299341076E-004
#    -12    -5       7.6030023134E-005
#    -12    -4       8.6237452618E-004
#    -12    -3       4.7908390555E-004
#    -12    -2       6.2536443122E-004
#    -12    -1       1.3357393907E-004
#    -12     0       1.8472822829E-005
#    -12     1       1.4806398467E-004
#    -12     2       1.3499546950E-004
#    -12     3       7.0690791275E-004
#    -12     4       1.0239780098E-003
#    -12     5       1.6776267625E-005
#    -12     6       1.6717406425E-003
#    -12     7       7.0476554649E-004
#    -12     8       1.7151153273E-003
#    -12     9       1.4458330998E-003
#    -12    10       2.9631974541E-005
#    -12    11       3.9789354087E-004
#    -12    12       1.5261413857E-004
#    -12    13       3.6241835156E-004
#    -12    14       8.3397929175E-004
#    -12    15       1.1077886891E-005
#    -12    16       1.1677386893E-003
#    -12    17       4.1674123750E-004
#    -12    18       5.2655495780E-005
#    -12    19       1.3321752520E-003
#    -12    20       1.0862075236E-004
#    -12    21       9.8479847780E-004
#    -11   -26       1.4503544024E-004
#    -11   -25       1.2664172441E-005
#    -11   -24       3.8743023238E-005
#    -11   -23       5.1445911148E-006
#    -11   -22       3.8753888632E-004
#    -11   -21       1.3042659811E-004
#    -11   -20       4.7126972226E-005
#    -11   -19       3.3721629953E-005
#    -11   -18       9.3078624859E-006
#    -11   -17       1.2110392715E-005
#    -11   -16       1.8763531168E-004
#    -11   -15       6.5319361361E-005
#    -11   -14       1.0692486553E-004
#    -11   -13       5.3982349678E-005
#    -11   -12       5.8105585265E-004
#    -11   -11       8.0338932956E-004
#    -11   -10       9.5453254248E-005
#    -11    -9       9.8024882637E-005
#    -11    -8       3.9793959574E-006
#    -11    -7       4.8742797204E-004
#    -11    -6       6.1672905184E-004
#    -11    -5       9.9043346056E-006
#    -11    -4       8.8867845770E-005
#    -11    -3       1.0851576532E-004
#    -11    -2       2.2236113575E-005
#    -11    -1       2.4826025922E-004
#    -11     0       3.1999241675E-005
#    -11     1       1.3167824679E-004
#    -11     2       7.8581363366E-005
#    -11     3       1.4740121800E-003
#    -11     4       2.2594200017E-003
#    -11     5       9.3331071929E-005
#    -11     6       4.1799800339E-004
#    -11     7       5.9420775779E-005
#    -11     8       1.0729243317E-003
#    -11     9       8.6211890025E-004
#    -11    10       4.7271864187E-005
#    -11    11       8.1159236559E-005
#    -11    12       1.8898432677E-006
#    -11    13       2.4691758741E-004
#    -11    14       1.0532791283E-003
#    -11    15       4.5996935229E-005
#    -11    16       1.0350128379E-004
#    -11    17       2.0674857497E-004
#    -11    18       9.2884494280E-005
#    -11    19       9.5082366064E-004
#    -11    20       8.3439251077E-005
#    -10   -27       5.2719703239E-005
#    -10   -26       3.0995458683E-005
#    -10   -25       7.8835752337E-004
#    -10   -24       1.8404133939E-004
#    -10   -23       1.5705630580E-004
#    -10   -22       1.4863636171E-004
#    -10   -21       8.2664632008E-005
#    -10   -20       1.1630165337E-004
#    -10   -19       6.0770734445E-005
#    -10   -18       1.9182992818E-005
#    -10   -17       2.8584621853E-005
#    -10   -16       1.1050721327E-005
#    -10   -15       4.0915441579E-003
#    -10   -14       1.7040540128E-004
#    -10   -13       2.0750808002E-004
#    -10   -12       3.2147168629E-004
#    -10   -11       6.4105822303E-005
#    -10   -10       5.2169928676E-003
#    -10    -9       8.6723952429E-005
#    -10    -8       4.1766525827E-004
#    -10    -7       6.2209474720E-004
#    -10    -6       2.6144588614E-004
#    -10    -5       1.8333783317E-002
#    -10    -4       3.8649204064E-004
#    -10    -3       1.8394444268E-005
#    -10    -2       1.1821536622E-004
#    -10    -1       4.2792840301E-004
#    -10     0       2.3022697197E-002
#    -10     1       9.7998762282E-004
#    -10     2       1.1048066362E-003
#    -10     3       8.1521788699E-004
#    -10     4       3.9233055711E-004
#    -10     5       5.4529574993E-003
#    -10     6       6.6378706135E-004
#    -10     7       1.0805960915E-003
#    -10     8       5.9616755233E-004
#    -10     9       8.8909149811E-005
#    -10    10       1.6323978597E-002
#    -10    11       1.9894044831E-004
#    -10    12       5.7942665710E-005
#    -10    13       5.4192557523E-004
#    -10    14       4.3501669852E-004
#    -10    15       1.2130017586E-002
#    -10    16       1.5222061651E-004
#    -10    17       4.0833345497E-004
#    -10    18       2.1326249763E-004
#    -10    19       3.3131975405E-005
#     -9   -27       2.0807764280E-006
#     -9   -26       1.0545012371E-004
#     -9   -25       2.6343804570E-005
#     -9   -24       2.2948334802E-004
#     -9   -23       7.6894970675E-004
#     -9   -22       1.5709304786E-005
#     -9   -21       5.8881026243E-006
#     -9   -20       1.3922566553E-006
#     -9   -19       7.2047288237E-005
#     -9   -18       1.0869553644E-004
#     -9   -17       2.0004234041E-005
#     -9   -16       3.8458275071E-005
#     -9   -15       2.0327322581E-005
#     -9   -14       3.5158659317E-004
#     -9   -13       1.1117224231E-003
#     -9   -12       1.0220332723E-005
#     -9   -11       1.1319378481E-004
#     -9   -10       6.3420685465E-006
#     -9    -9       1.7171229416E-004
#     -9    -8       9.5823558214E-004
#     -9    -7       2.9324373418E-005
#     -9    -6       1.9888450111E-004
#     -9    -5       1.7416600236E-005
#     -9    -4       2.5302655243E-005
#     -9    -3       6.5522126083E-004
#     -9    -2       1.3358066119E-004
#     -9    -1       9.7988620981E-004
#     -9     0       4.9514908072E-005
#     -9     1       1.6828592151E-003
#     -9     2       2.1591981810E-003
#     -9     3       6.4090002599E-005
#     -9     4       4.7256871080E-004
#     -9     5       7.5794616246E-005
#     -9     6       3.3436897933E-004
#     -9     7       9.5406924509E-004
#     -9     8       3.2890089190E-005
#     -9     9       1.2844481010E-004
#     -9    10       1.8410188386E-005
#     -9    11       1.2941227653E-004
#     -9    12       4.4686398882E-004
#     -9    13       1.7395646305E-005
#     -9    14       1.0722092665E-004
#     -9    15       3.0257851211E-005
#     -9    16       4.7472948954E-004
#     -9    17       1.3267862350E-003
#     -9    18       1.1050619250E-004
#     -9    19       1.8250233488E-005
#     -8   -27       1.6308520078E-004
#     -8   -26       3.2038702270E-004
#     -8   -25       4.7997637588E-006
#     -8   -24       4.5719604327E-004
#     -8   -23       3.0495470218E-004
#     -8   -22       1.6788808013E-004
#     -8   -21       2.8143265533E-004
#     -8   -20       1.5861090162E-005
#     -8   -19       8.5570506982E-005
#     -8   -18       1.2951602225E-004
#     -8   -17       4.8765959049E-005
#     -8   -16       1.0026776867E-004
#     -8   -15       2.1695185840E-005
#     -8   -14       7.6391526556E-004
#     -8   -13       9.1238276254E-004
#     -8   -12       5.2533627632E-004
#     -8   -11       3.9683014220E-004
#     -8   -10       1.3601844111E-005
#     -8    -9       6.8273045012E-004
#     -8    -8       6.0366697584E-004
#     -8    -7       2.8281984142E-004
#     -8    -6       1.7158118588E-004
#     -8    -5       8.4560617309E-005
#     -8    -4       1.5863867098E-003
#     -8    -3       2.0281712578E-003
#     -8    -2       8.3930809145E-004
#     -8    -1       2.2529665906E-003
#     -8     0       1.0851008532E-005
#     -8     1       1.8506733071E-003
#     -8     2       1.8818308822E-004
#     -8     3       3.3810673675E-004
#     -8     4       5.7102569818E-004
#     -8     5       4.9861017095E-006
#     -8     6       3.0214434397E-004
#     -8     7       4.2015916824E-004
#     -8     8       3.2273833406E-005
#     -8     9       1.5285127687E-004
#     -8    10       5.6724720125E-005
#     -8    11       8.0036875466E-004
#     -8    12       2.0159900884E-003
#     -8    13       3.7438298991E-004
#     -8    14       5.4256575664E-004
#     -8    15       1.1096372038E-004
#     -8    16       2.0842135217E-003
#     -8    17       2.3309288798E-003
#     -8    18       2.0248860988E-004
#     -7   -27       1.1520202812E-004
#     -7   -26       2.7984393649E-004
#     -7   -25       9.6663116774E-006
#     -7   -24       5.1861289508E-004
#     -7   -23       3.1795287740E-004
#     -7   -22       4.2802828115E-004
#     -7   -21       2.9149799602E-004
#     -7   -20       1.2962214475E-005
#     -7   -19       1.7005210665E-004
#     -7   -18       1.8895620564E-005
#     -7   -17       1.1658610804E-004
#     -7   -16       1.8463646299E-004
#     -7   -15       2.9237806237E-005
#     -7   -14       4.4623707605E-004
#     -7   -13       2.5619262756E-004
#     -7   -12       4.4032981344E-004
#     -7   -11       1.2982095469E-005
#     -7   -10       8.5581150541E-006
#     -7    -9       1.1121290878E-004
#     -7    -8       6.9963085801E-005
#     -7    -7       1.8769109349E-004
#     -7    -6       8.7830952361E-004
#     -7    -5       7.7657600772E-005
#     -7    -4       1.9523167033E-003
#     -7    -3       9.3482324174E-004
#     -7    -2       1.4858135273E-003
#     -7    -1       1.1442689835E-003
#     -7     0       1.1748627736E-004
#     -7     1       4.6434387354E-005
#     -7     2       2.8212936689E-005
#     -7     3       9.5449408609E-005
#     -7     4       3.0436141064E-006
#     -7     5       4.8734173224E-005
#     -7     6       7.6288581334E-004
#     -7     7       1.8315201944E-004
#     -7     8       3.9699776062E-005
#     -7     9       2.7054193952E-004
#     -7    10       5.7179947017E-005
#     -7    11       2.2105548900E-003
#     -7    12       5.2219855728E-004
#     -7    13       1.4151178920E-003
#     -7    14       4.0298846791E-004
#     -7    15       3.6936984307E-005
#     -7    16       4.4206753522E-004
#     -7    17       3.6025242975E-004
#     -6   -27       2.8687045866E-004
#     -6   -26       2.3891160977E-004
#     -6   -25       1.8776728803E-005
#     -6   -24       1.2796839371E-004
#     -6   -23       3.4358698451E-005
#     -6   -22       4.2984237920E-004
#     -6   -21       1.3640634814E-004
#     -6   -20       5.3674874305E-005
#     -6   -19       3.3200762213E-005
#     -6   -18       1.6182945245E-005
#     -6   -17       1.2968379905E-004
#     -6   -16       4.4438834148E-004
#     -6   -15       1.1257219166E-006
#     -6   -14       5.8421825640E-005
#     -6   -13       7.6267059837E-005
#     -6   -12       7.4920786474E-005
#     -6   -11       1.0069521867E-004
#     -6   -10       1.3729689200E-004
#     -6    -9       2.3005541495E-006
#     -6    -8       3.0467913223E-006
#     -6    -7       5.5192633074E-004
#     -6    -6       1.0750810738E-003
#     -6    -5       5.8120452377E-005
#     -6    -4       3.5808313889E-004
#     -6    -3       1.0185555481E-004
#     -6    -2       5.4241707632E-004
#     -6    -1       1.0645567859E-004
#     -6     0       1.1271061878E-005
#     -6     1       4.2905759890E-005
#     -6     2       5.2773959179E-005
#     -6     3       2.7983251066E-004
#     -6     4       8.4169113010E-004
#     -6     5       1.0636204082E-004
#     -6     6       2.0080960590E-004
#     -6     7       4.6712629807E-006
#     -6     8       1.2171420290E-005
#     -6     9       7.9621135694E-004
#     -6    10       4.7777323032E-006
#     -6    11       6.9254343074E-004
#     -6    12       2.7913243136E-004
#     -6    13       2.8107578745E-004
#     -6    14       3.5050209573E-004
#     -6    15       2.8822510166E-004
#     -6    16       2.5115447628E-004
#     -5   -27       3.1357942547E-004
#     -5   -26       6.6814605716E-005
#     -5   -25       1.1523690990E-003
#     -5   -24       3.8174084662E-005
#     -5   -23       2.3857013012E-004
#     -5   -22       2.4198121668E-004
#     -5   -21       5.3856494915E-005
#     -5   -20       1.9885980480E-003
#     -5   -19       2.4106401375E-005
#     -5   -18       1.3218591874E-004
#     -5   -17       9.6961144223E-005
#     -5   -16       1.4182227223E-004
#     -5   -15       7.9046811166E-004
#     -5   -14       7.6702802975E-006
#     -5   -13       1.3158142908E-004
#     -5   -12       7.5843566960E-006
#     -5   -11       3.9655493509E-005
#     -5   -10       1.1455724335E-002
#     -5    -9       1.6008927765E-004
#     -5    -8       4.4272411750E-004
#     -5    -7       1.0543319904E-003
#     -5    -6       3.8036330872E-004
#     -5    -5       5.5772204968E-003
#     -5    -4       9.1060804877E-004
#     -5    -3       2.4522796069E-004
#     -5    -2       1.1620424539E-004
#     -5    -1       7.7133609104E-005
#     -5     0       9.0450030026E-003
#     -5     1       5.1915610822E-004
#     -5     2       8.4251109390E-004
#     -5     3       3.7419493508E-004
#     -5     4       8.3621416647E-005
#     -5     5       2.9875499487E-004
#     -5     6       2.3366487404E-005
#     -5     7       9.1556103479E-005
#     -5     8       8.9228081101E-004
#     -5     9       6.0794909400E-004
#     -5    10       2.9059096139E-002
#     -5    11       5.8051425174E-004
#     -5    12       9.2181003814E-004
#     -5    13       4.7193054526E-005
#     -5    14       5.0489485959E-004
#     -5    15       1.2958132554E-002
#     -4   -28       3.3385040160E-005
#     -4   -27       2.0204675413E-005
#     -4   -26       7.8988328967E-005
#     -4   -25       4.5198800632E-006
#     -4   -24       2.2737942036E-004
#     -4   -23       5.3384380384E-004
#     -4   -22       1.9842280783E-005
#     -4   -21       1.5046585054E-004
#     -4   -20       2.5440933530E-005
#     -4   -19       1.6955274086E-004
#     -4   -18       2.5129250962E-004
#     -4   -17       5.4066471837E-005
#     -4   -16       7.4887299585E-005
#     -4   -15       1.4702378210E-005
#     -4   -14       3.7896164440E-004
#     -4   -13       6.1609785412E-005
#     -4   -12       6.9708568594E-005
#     -4   -11       1.3894845189E-004
#     -4   -10       1.2779371430E-005
#     -4    -9       4.1104829057E-004
#     -4    -8       1.5654551202E-003
#     -4    -7       7.4326037929E-005
#     -4    -6       4.0312118690E-004
#     -4    -5       7.4532439816E-005
#     -4    -4       5.4696251789E-004
#     -4    -3       2.3460984583E-005
#     -4    -2       3.4284841362E-005
#     -4    -1       3.5736356798E-004
#     -4     0       4.5961248430E-006
#     -4     1       3.1429992815E-004
#     -4     2       4.5790676629E-004
#     -4     3       4.4897598126E-005
#     -4     4       1.5339492305E-004
#     -4     5       5.0885328505E-005
#     -4     6       1.8658563121E-004
#     -4     7       1.8068047471E-003
#     -4     8       9.9460476225E-005
#     -4     9       7.1779797728E-004
#     -4    10       1.1849026220E-005
#     -4    11       2.5756998994E-003
#     -4    12       5.8197487659E-004
#     -4    13       9.7683762247E-005
#     -4    14       1.5173408060E-004
#     -3   -28       2.8101293558E-004
#     -3   -27       1.2983628564E-004
#     -3   -26       2.7000844033E-004
#     -3   -25       8.5984595186E-006
#     -3   -24       4.8964309780E-004
#     -3   -23       2.3943508831E-004
#     -3   -22       8.5052457656E-005
#     -3   -21       5.3373019725E-004
#     -3   -20       3.0074817626E-005
#     -3   -19       3.5082638480E-004
#     -3   -18       2.0888604939E-004
#     -3   -17       5.1703044669E-005
#     -3   -16       1.7139615113E-004
#     -3   -15       3.3657149662E-005
#     -3   -14       1.2466354852E-004
#     -3   -13       6.5881930649E-006
#     -3   -12       1.6783136849E-004
#     -3   -11       7.9858220429E-004
#     -3   -10       3.8300925761E-005
#     -3    -9       1.6010173937E-003
#     -3    -8       1.3154274095E-003
#     -3    -7       1.0044588926E-003
#     -3    -6       3.9363792014E-004
#     -3    -5       2.4078625056E-005
#     -3    -4       1.2852569407E-004
#     -3    -3       4.3636155672E-004
#     -3    -2       4.2772447335E-004
#     -3    -1       4.2397508843E-004
#     -3     0       1.8389638070E-005
#     -3     1       1.5134211888E-005
#     -3     2       3.0835401209E-005
#     -3     3       2.3919267975E-004
#     -3     4       2.7666642441E-004
#     -3     5       2.5274410270E-005
#     -3     6       4.6502868121E-004
#     -3     7       6.8336716909E-004
#     -3     8       2.9438855695E-004
#     -3     9       1.3536703704E-003
#     -3    10       9.4529980246E-005
#     -3    11       2.0468064755E-003
#     -3    12       2.5366574706E-005
#     -3    13       8.1590566326E-006
#     -2   -28       4.3898582288E-005
#     -2   -27       3.6177205891E-004
#     -2   -26       3.9430394611E-004
#     -2   -25       1.0329187745E-005
#     -2   -24       2.7883328825E-004
#     -2   -23       1.7900967976E-004
#     -2   -22       4.9937071409E-004
#     -2   -21       3.7275428615E-004
#     -2   -20       7.3487287736E-005
#     -2   -19       1.7675134225E-004
#     -2   -18       9.3107880283E-005
#     -2   -17       5.5308372024E-004
#     -2   -16       6.5137625800E-004
#     -2   -15       3.3489352940E-005
#     -2   -14       2.5074580966E-006
#     -2   -13       1.3321097865E-004
#     -2   -12       7.6927567444E-004
#     -2   -11       9.1069479041E-004
#     -2   -10       5.0904929743E-005
#     -2    -9       9.4561422440E-004
#     -2    -8       5.6688950016E-004
#     -2    -7       5.7945914587E-004
#     -2    -6       5.5267620283E-004
#     -2    -5       1.3314977338E-005
#     -2    -4       4.2850292489E-004
#     -2    -3       4.6754611557E-004
#     -2    -2       1.2348493526E-004
#     -2    -1       8.0630768287E-005
#     -2     0       2.6361620254E-005
#     -2     1       3.0366747117E-004
#     -2     2       3.5048834779E-004
#     -2     3       9.9787736762E-004
#     -2     4       4.9862803314E-005
#     -2     5       9.4885335046E-005
#     -2     6       1.5770949072E-004
#     -2     7       8.5015451913E-005
#     -2     8       3.0320736379E-004
#     -2     9       7.1281100292E-004
#     -2    10       1.6444691550E-005
#     -2    11       4.3475390624E-004
#     -2    12       1.9636294379E-004
#     -1   -27       1.5808106790E-004
#     -1   -26       1.9185758683E-004
#     -1   -25       4.5093732575E-007
#     -1   -24       1.9290046516E-004
#     -1   -23       6.5159406807E-005
#     -1   -22       7.4755126789E-004
#     -1   -21       9.1666772147E-005
#     -1   -20       4.0450716646E-005
#     -1   -19       3.8591343645E-006
#     -1   -18       1.5162140509E-005
#     -1   -17       2.4775109125E-004
#     -1   -16       2.6162464504E-005
#     -1   -15       1.6082334349E-005
#     -1   -14       3.9637560407E-005
#     -1   -13       3.6510614253E-005
#     -1   -12       9.4529280529E-004
#     -1   -11       6.0257424504E-004
#     -1   -10       7.1383277311E-005
#     -1    -9       2.8594362849E-004
#     -1    -8       1.0399675003E-004
#     -1    -7       6.2108293181E-004
#     -1    -6       3.1650643232E-004
#     -1    -5       1.8305556252E-004
#     -1    -4       2.6094915198E-004
#     -1    -3       1.0996147809E-004
#     -1    -2       5.1720380978E-006
#     -1    -1       1.8771721528E-004
#     -1     0       3.6798634150E-005
#     -1     1       6.0344209881E-004
#     -1     2       3.3733824431E-004
#     -1     3       7.5966221257E-004
#     -1     4       1.6196656472E-004
#     -1     5       4.9892881345E-005
#     -1     6       2.2395879306E-004
#     -1     7       1.9543414202E-005
#     -1     8       6.1157604391E-005
#     -1     9       3.1950323424E-004
#     -1    10       1.2638828086E-004
#     -1    11       2.6246986123E-004
#      0   -27       1.5066874622E-004
#      0   -26       2.0920985057E-004
#      0   -25       1.0092748503E-003
#      0   -24       1.5156736453E-004
#      0   -23       3.4750380259E-004
#      0   -22       1.7764946761E-004
#      0   -21       8.1424848734E-005
#      0   -20       2.7438323321E-003
#      0   -19       4.8560828154E-005
#      0   -18       2.0279269657E-005
#      0   -17       7.1413564830E-006
#      0   -16       5.9806489143E-005
#      0   -15       1.5115986246E-002
#      0   -14       2.0071727530E-005
#      0   -13       2.9928021525E-004
#      0   -12       1.5338434581E-004
#      0   -11       1.4927818624E-005
#      0   -10       1.6122165517E-002
#      0    -9       6.8749809513E-005
#      0    -8       1.1279836357E-004
#      0    -7       2.1365121209E-004
#      0    -6       3.2276980896E-005
#      0    -5       2.5510602075E-004
#      0    -4       1.8294555994E-004
#      0    -3       1.5770050661E-004
#      0    -2       3.0049103904E-004
#      0    -1       1.9705619072E-004
#      0     0       2.3911978677E-002
#      0     1       4.0021131085E-004
#      0     2       1.4181708893E-003
#      0     3       1.2195594016E-004
#      0     4       2.6308674040E-004
#      0     5       7.9308604225E-003
#      0     6       2.6540869244E-004
#      0     7       4.1165090801E-004
#      0     8       6.4310768942E-005
#      0     9       2.4239086851E-004
#      0    10       1.1485594620E-002
#      1   -27       2.1360986169E-005
#      1   -26       6.0180044586E-005
#      1   -25       7.6845458339E-006
#      1   -24       5.9823143268E-004
#      1   -23       2.2465808376E-004
#      1   -22       7.1049640173E-007
#      1   -21       3.9614267430E-004
#      1   -20       7.1284149086E-005
#      1   -19       1.5389088401E-005
#      1   -18       6.4794008410E-006
#      1   -17       5.3846863102E-005
#      1   -16       7.2547528263E-006
#      1   -15       1.1532801587E-005
#      1   -14       5.3729184260E-004
#      1   -13       2.0784406948E-004
#      1   -12       1.2697055961E-004
#      1   -11       1.7744472634E-004
#      1   -10       2.5944313496E-005
#      1    -9       1.4983494929E-004
#      1    -8       4.6159507495E-005
#      1    -7       8.3681669853E-006
#      1    -6       3.4962447560E-005
#      1    -5       4.2577098381E-005
#      1    -4       3.8986609239E-004
#      1    -3       2.9064980548E-004
#      1    -2       1.6155479107E-004
#      1    -1       3.4652954034E-004
#      1     0       1.1628696131E-005
#      1     1       1.8353824911E-003
#      1     2       1.1638951767E-003
#      1     3       4.9662467043E-005
#      1     4       8.9458321227E-005
#      1     5       1.8929594084E-005
#      1     6       5.0113866274E-004
#      1     7       1.9035688593E-004
#      1     8       1.1731744876E-005
#      1     9       4.7052433337E-004
#      2   -27       1.0222618086E-004
#      2   -26       4.1136313636E-004
#      2   -25       3.0664687589E-005
#      2   -24       4.9027020237E-004
#      2   -23       7.7596549859E-004
#      2   -22       1.6008557150E-004
#      2   -21       8.2841552508E-006
#      2   -20       4.0986648956E-005
#      2   -19       1.6404701842E-004
#      2   -18       3.0372527412E-004
#      2   -17       4.8970755177E-005
#      2   -16       1.6475083310E-004
#      2   -15       1.4135050887E-004
#      2   -14       4.3492845481E-004
#      2   -13       5.9939685681E-004
#      2   -12       1.9334699266E-004
#      2   -11       2.2320836302E-004
#      2   -10       1.4467745649E-004
#      2    -9       1.3764511652E-004
#      2    -8       1.5319108077E-004
#      2    -7       4.5171767259E-004
#      2    -6       1.5696628983E-004
#      2    -5       2.1017355682E-006
#      2    -4       1.8848466224E-005
#      2    -3       1.0473582277E-003
#      2    -2       2.1701130273E-003
#      2    -1       1.5432303993E-003
#      2     0       1.1383019755E-004
#      2     1       1.6255993905E-003
#      2     2       2.8045803409E-004
#      2     3       2.6877844739E-004
#      2     4       1.1141410084E-003
#      2     5       4.0544902644E-004
#      2     6       9.7399553074E-004
#      2     7       9.1751112660E-004
#      2     8       1.8181784242E-004
#      3   -26       3.7319061910E-004
#      3   -25       6.4027319397E-005
#      3   -24       2.3506740405E-004
#      3   -23       2.7947721085E-004
#      3   -22       1.6253538489E-005
#      3   -21       2.4137010256E-004
#      3   -20       6.9216287209E-005
#      3   -19       1.0223908778E-004
#      3   -18       3.4801093913E-004
#      3   -17       6.3869318779E-004
#      3   -16       1.4149162431E-003
#      3   -15       8.5393174676E-006
#      3   -14       8.4567229017E-004
#      3   -13       4.7534070105E-005
#      3   -12       3.3080150490E-004
#      3   -11       1.0949122418E-003
#      3   -10       3.9097577152E-005
#      3    -9       2.0076988654E-003
#      3    -8       4.4865355909E-004
#      3    -7       7.1035428630E-004
#      3    -6       5.3641252649E-004
#      3    -5       7.6684318640E-005
#      3    -4       1.8035880496E-004
#      3    -3       4.0941726588E-005
#      3    -2       7.0585202164E-004
#      3    -1       2.2887942198E-003
#      3     0       3.9169330649E-005
#      3     1       8.6070427584E-004
#      3     2       9.7891754579E-004
#      3     3       4.1124328145E-003
#      3     4       2.0347239547E-003
#      3     5       3.9834600759E-005
#      3     6       5.2860031216E-004
#      4   -26       1.3567959888E-004
#      4   -25       3.6477345438E-005
#      4   -24       1.0843908589E-004
#      4   -23       4.2358256431E-005
#      4   -22       7.3388805686E-004
#      4   -21       2.1140540421E-004
#      4   -20       2.4984114955E-005
#      4   -19       7.6161527619E-005
#      4   -18       1.0895709521E-005
#      4   -17       1.2500974099E-004
#      4   -16       3.2854031128E-004
#      4   -15       7.4223884636E-005
#      4   -14       1.9804890113E-004
#      4   -13       6.1543136162E-005
#      4   -12       1.5891030309E-003
#      4   -11       2.0070817104E-003
#      4   -10       1.0702237186E-005
#      4    -9       7.2666544896E-004
#      4    -8       2.7666563828E-004
#      4    -7       1.1564307326E-003
#      4    -6       3.3780627641E-004
#      4    -5       6.0409157326E-005
#      4    -4       7.6736420195E-006
#      4    -3       1.4342046361E-004
#      4    -2       1.2267139302E-005
#      4    -1       1.0097784630E-003
#      4     0       8.1449123281E-005
#      4     1       3.9687079174E-004
#      4     2       6.8498893934E-004
#      4     3       1.6850263195E-003
#      4     4       8.1145772844E-004
#      4     5       1.4328284033E-004
#      5   -25       2.8894808880E-003
#      5   -24       5.6233579509E-005
#      5   -23       6.0857184006E-005
#      5   -22       3.2521472319E-005
#      5   -21       9.6726103661E-006
#      5   -20       8.2566287751E-004
#      5   -19       2.0280536680E-004
#      5   -18       3.8442812704E-005
#      5   -17       3.4117499235E-004
#      5   -16       1.3410439569E-004
#      5   -15       1.3412416718E-002
#      5   -14       2.1542694532E-004
#      5   -13       2.2177685205E-004
#      5   -12       5.8267828483E-004
#      5   -11       6.6078858560E-004
#      5   -10       2.9470112469E-002
#      5    -9       1.1840277702E-003
#      5    -8       8.0932170005E-004
#      5    -7       1.4498745594E-005
#      5    -6       7.0453590800E-005
#      5    -5       8.0552016436E-003
#      5    -4       1.7132777594E-004
#      5    -3       7.3317411557E-004
#      5    -2       1.1365182020E-003
#      5    -1       7.1932757054E-004
#      5     0       4.4941671088E-002
#      5     1       6.8994318822E-004
#      5     2       9.6049370232E-004
#      5     3       2.1949106286E-004
#      6   -25       2.8054454153E-006
#      6   -24       7.2068907113E-004
#      6   -23       1.2283757303E-004
#      6   -22       4.0974860424E-005
#      6   -21       3.3068239198E-004
#      6   -20       4.0508383420E-005
#      6   -19       4.1594197559E-005
#      6   -18       8.6736414698E-005
#      6   -17       5.8857923073E-005
#      6   -16       3.7016614242E-004
#      6   -15       6.8951073779E-005
#      6   -14       4.1470918453E-004
#      6   -13       3.5872065753E-004
#      6   -12       2.0167958858E-004
#      6   -11       1.0122521844E-003
#      6   -10       6.5118792189E-005
#      6    -9       1.6138218972E-003
#      6    -8       6.5808363964E-005
#      6    -7       6.0431104217E-005
#      6    -6       2.3722728954E-004
#      6    -5       8.5574882480E-005
#      6    -4       1.0122548587E-003
#      6    -3       1.3077380695E-003
#      6    -2       1.4074155843E-004
#      6    -1       2.5983329089E-004
#      6     0       1.6750175509E-004
#      6     1       1.2690723703E-003
#      6     2       1.5283269504E-003
#      7   -24       6.6456378882E-004
#      7   -23       8.7506388300E-004
#      7   -22       7.1475262306E-004
#      7   -21       4.1740804692E-004
#      7   -20       5.6676438036E-005
#      7   -19       8.5882405512E-004
#      7   -18       6.3534388521E-004
#      7   -17       1.0655032844E-004
#      7   -16       9.7312494078E-004
#      7   -15       1.8597211187E-004
#      7   -14       4.7583579390E-004
#      7   -13       3.1890865241E-004
#      7   -12       7.7345649321E-004
#      7   -11       2.1796455070E-003
#      7   -10       3.8668833671E-005
#      7    -9       6.9391909003E-004
#      7    -8       2.8961599075E-004
#      7    -7       6.1143108683E-004
#      7    -6       3.8073948851E-004
#      7    -5       3.8719010852E-005
#      7    -4       1.6196480407E-003
#      7    -3       3.6587443163E-003
#      7    -2       1.0537627627E-003
#      7    -1       1.4965915786E-003
#      7     0       7.3215602784E-005
#      8   -23       6.6911602889E-004
#      8   -22       3.2297005517E-004
#      8   -21       5.1046519070E-004
#      8   -20       2.8687635691E-005
#      8   -19       6.4851614962E-004
#      8   -18       1.5727121835E-004
#      8   -17       1.3566265748E-003
#      8   -16       9.9903861873E-004
#      8   -15       1.5862271633E-005
#      8   -14       3.7645778718E-004
#      8   -13       5.7380949335E-005
#      8   -12       6.1329073821E-004
#      8   -11       1.6215543581E-003
#      8   -10       3.8200821535E-006
#      8    -9       8.5018582222E-005
#      8    -8       8.3141474538E-005
#      8    -7       1.2610171923E-004
#      8    -6       9.8113626353E-004
#      8    -5       1.5973368710E-005
#      8    -4       6.3745685628E-004
#      8    -3       2.7295635049E-004
#      8    -2       2.0907536775E-003
#      9   -21       1.2024774737E-003
#      9   -20       2.2176254751E-005
#      9   -19       2.6237045695E-004
#      9   -18       1.5915923116E-004
#      9   -17       1.9729507148E-003
#      9   -16       1.5113784154E-003
#      9   -15       1.0576164594E-004
#      9   -14       3.8575688831E-004
#      9   -13       5.1143032759E-005
#      9   -12       8.3618615046E-005
#      9   -11       3.9340627859E-004
#      9   -10       9.5204730316E-005
#      9    -9       3.4436466553E-004
#      9    -8       1.1740588035E-004
#      9    -7       4.1765433006E-004
#      9    -6       9.4329170773E-004
#      9    -5       2.7215888028E-004
#     10   -19       3.1972363553E-004
#     10   -18       6.9792694152E-004
#     10   -17       5.0817346647E-004
#     10   -16       4.2575257896E-004
#     10   -15       1.3586421224E-002
#     10   -14       3.6913810215E-005
#     10   -13       1.8829035019E-004
#     10   -12       2.6492102723E-004
#     10   -11       8.6511204535E-005
#     10   -10       1.1104341091E-002
#     10    -9       4.0817308169E-004
#     10    -8       2.6931730341E-004
