 Diffraction intensities for potential:_5x5_03D10002.in                        
#    -45    11       1.6080007214E-006
#    -45    12       8.6369538082E-006
#    -45    13       5.2532651021E-006
#    -45    14       4.5720010728E-005
#    -45    15       1.0655642764E-004
#    -45    16       9.0669736600E-005
#    -44     7       3.8759471117E-005
#    -44     8       3.1500296412E-006
#    -44     9       1.4493741471E-005
#    -44    10       1.3706466902E-005
#    -44    11       6.6402002731E-005
#    -44    12       1.3749976217E-004
#    -44    13       5.6097291285E-006
#    -44    14       2.8956720537E-005
#    -44    15       1.0059946359E-006
#    -44    16       1.0376154917E-004
#    -44    17       6.9767499009E-005
#    -44    18       1.3505459968E-005
#    -44    19       2.0592318922E-005
#    -44    20       1.1790059474E-005
#    -43     4       1.2833621328E-005
#    -43     5       1.5230424348E-005
#    -43     6       1.2882026161E-005
#    -43     7       2.6248900821E-005
#    -43     8       8.2876149780E-005
#    -43     9       1.7714472971E-005
#    -43    10       4.7627908839E-005
#    -43    11       4.9071028460E-005
#    -43    12       4.4811889791E-005
#    -43    13       1.1096011351E-004
#    -43    14       3.8105429531E-005
#    -43    15       4.3818996128E-005
#    -43    16       3.4584006491E-005
#    -43    17       2.7725921806E-005
#    -43    18       2.1655291598E-004
#    -43    19       5.0329318926E-005
#    -43    20       4.9860025586E-005
#    -43    21       3.9956169593E-005
#    -43    22       3.2522248836E-005
#    -42     2       1.3433530543E-005
#    -42     3       6.2522160880E-006
#    -42     4       1.7908488242E-005
#    -42     5       1.1932055476E-005
#    -42     6       3.6633187228E-006
#    -42     7       3.5849414237E-005
#    -42     8       1.9308268455E-005
#    -42     9       3.4330396230E-005
#    -42    10       5.2018317190E-005
#    -42    11       3.8426874004E-005
#    -42    12       1.8801401987E-004
#    -42    13       4.8398072649E-005
#    -42    14       6.8685855726E-005
#    -42    15       5.3011548998E-005
#    -42    16       3.5011170975E-005
#    -42    17       1.1398408971E-004
#    -42    18       4.4403710568E-005
#    -42    19       4.3330952762E-005
#    -42    20       4.1362132254E-005
#    -42    21       2.7452970321E-005
#    -42    22       7.7098889871E-005
#    -42    23       1.7740732517E-005
#    -41     0       4.9694402985E-006
#    -41     1       1.1016989111E-005
#    -41     2       9.7109579224E-007
#    -41     3       8.3212526390E-005
#    -41     4       4.5749251375E-005
#    -41     5       2.0254917325E-006
#    -41     6       8.8692189010E-006
#    -41     7       4.8523032348E-006
#    -41     8       1.0996756422E-004
#    -41     9       1.4857295938E-004
#    -41    10       6.5870826367E-006
#    -41    11       4.6815598294E-005
#    -41    12       7.4553483983E-006
#    -41    13       2.2964209315E-004
#    -41    14       1.5712650335E-004
#    -41    15       6.2752851866E-006
#    -41    16       8.2437312367E-005
#    -41    17       8.1952968362E-006
#    -41    18       2.1418950434E-004
#    -41    19       1.8324504037E-004
#    -41    20       2.6641645041E-005
#    -41    21       2.9239497779E-005
#    -41    22       1.1181072904E-005
#    -41    23       9.4711962103E-005
#    -41    24       9.0302886786E-005
#    -40    -2       1.3643641613E-005
#    -40    -1       9.6694607453E-006
#    -40     0       1.4307988117E-004
#    -40     1       4.1402102671E-005
#    -40     2       3.2682940046E-006
#    -40     3       1.3789541808E-006
#    -40     4       4.1523500378E-005
#    -40     5       1.3083578915E-004
#    -40     6       3.8747964450E-005
#    -40     7       9.0045092791E-006
#    -40     8       7.8730430526E-006
#    -40     9       5.0951411590E-005
#    -40    10       3.0240064649E-004
#    -40    11       7.2247606015E-005
#    -40    12       2.2141659535E-005
#    -40    13       2.5990847650E-005
#    -40    14       1.2002555319E-004
#    -40    15       2.9057826316E-004
#    -40    16       1.4141999501E-004
#    -40    17       1.4808728258E-005
#    -40    18       8.3129524045E-006
#    -40    19       9.3240322467E-005
#    -40    20       2.4658405176E-004
#    -40    21       5.9342839958E-005
#    -40    22       1.7161859590E-006
#    -40    23       7.7816359955E-006
#    -40    24       3.8492641021E-005
#    -40    25       6.9201505460E-005
#    -39    -4       2.6276994390E-005
#    -39    -3       3.2542332816E-005
#    -39    -2       1.0930343760E-006
#    -39    -1       1.9701355494E-005
#    -39     0       8.4698990547E-006
#    -39     1       7.3296225464E-005
#    -39     2       7.0740096311E-005
#    -39     3       9.9495162566E-006
#    -39     4       2.4629047125E-005
#    -39     5       1.5638419713E-005
#    -39     6       1.1421709973E-004
#    -39     7       1.1763357942E-004
#    -39     8       1.0990410987E-005
#    -39     9       5.6558786770E-005
#    -39    10       1.5772856950E-005
#    -39    11       2.3129016693E-004
#    -39    12       2.9118675324E-004
#    -39    13       8.3664179184E-006
#    -39    14       9.2944902207E-005
#    -39    15       3.3688018659E-006
#    -39    16       2.9271616728E-004
#    -39    17       2.3793558000E-004
#    -39    18       2.4009000427E-005
#    -39    19       5.6758120936E-005
#    -39    20       3.2365230706E-005
#    -39    21       2.7313164429E-004
#    -39    22       1.7094408405E-004
#    -39    23       2.5991313049E-005
#    -39    24       6.6538248309E-005
#    -39    25       7.8808991145E-006
#    -39    26       3.4370090970E-005
#    -38    -5       1.9200619895E-005
#    -38    -4       2.4893856296E-005
#    -38    -3       2.4857601433E-005
#    -38    -2       9.2977380147E-005
#    -38    -1       1.2599564136E-005
#    -38     0       2.8302370124E-005
#    -38     1       2.4154208162E-005
#    -38     2       3.2166525710E-005
#    -38     3       1.3951313109E-004
#    -38     4       4.2992848570E-005
#    -38     5       5.9418633879E-005
#    -38     6       5.0196495234E-005
#    -38     7       5.7956051562E-005
#    -38     8       1.0683209189E-004
#    -38     9       4.6114322536E-005
#    -38    10       9.6248070283E-005
#    -38    11       1.0596026263E-004
#    -38    12       4.5233974142E-005
#    -38    13       3.2206376749E-004
#    -38    14       6.8696850394E-005
#    -38    15       1.1418944708E-004
#    -38    16       9.7812265581E-005
#    -38    17       1.0101109419E-004
#    -38    18       5.4083812434E-004
#    -38    19       1.1891383376E-004
#    -38    20       1.0844447831E-004
#    -38    21       1.0934682792E-004
#    -38    22       1.1027168998E-004
#    -38    23       1.2754723092E-004
#    -38    24       9.9207554081E-005
#    -38    25       6.5282963696E-005
#    -38    26       1.4716845051E-005
#    -37    -7       1.0934879169E-005
#    -37    -6       6.9446811224E-006
#    -37    -5       9.4359894520E-006
#    -37    -4       1.2285334193E-005
#    -37    -3       3.0031288534E-005
#    -37    -2       1.3836324011E-005
#    -37    -1       1.8701707584E-005
#    -37     0       2.4069171025E-005
#    -37     1       2.1653293176E-005
#    -37     2       9.7972970578E-005
#    -37     3       4.0879877202E-005
#    -37     4       6.4677545326E-005
#    -37     5       5.1137882360E-005
#    -37     6       5.5518342386E-005
#    -37     7       1.6840947489E-004
#    -37     8       3.7567100094E-005
#    -37     9       5.3201174847E-005
#    -37    10       6.0846928577E-005
#    -37    11       4.8519833568E-005
#    -37    12       2.4356899807E-004
#    -37    13       6.8615172243E-005
#    -37    14       1.0228262200E-004
#    -37    15       9.2094080324E-005
#    -37    16       5.7276568232E-005
#    -37    17       2.1933196885E-004
#    -37    18       7.3617196151E-005
#    -37    19       1.2351842202E-004
#    -37    20       1.3877158397E-004
#    -37    21       8.2061141684E-005
#    -37    22       2.4094364046E-004
#    -37    23       1.9592187208E-005
#    -37    24       1.0695810690E-004
#    -37    25       6.3430904277E-005
#    -37    26       2.3044149234E-005
#    -37    27       3.5686583334E-005
#    -36    -8       3.1175645375E-006
#    -36    -7       7.4466390122E-005
#    -36    -6       1.7014104238E-005
#    -36    -5       1.6914946821E-006
#    -36    -4       2.0089987541E-005
#    -36    -3       2.5173651895E-006
#    -36    -2       7.8699919376E-005
#    -36    -1       6.6465021031E-005
#    -36     0       5.4334711394E-006
#    -36     1       1.9049509271E-005
#    -36     2       4.8694344400E-006
#    -36     3       1.7120398199E-004
#    -36     4       1.6462211821E-004
#    -36     5       8.6092861911E-006
#    -36     6       2.9046933510E-005
#    -36     7       1.8084253867E-005
#    -36     8       1.7013839590E-004
#    -36     9       1.3236410003E-004
#    -36    10       3.3579922932E-006
#    -36    11       5.6853660085E-005
#    -36    12       1.9878679450E-006
#    -36    13       2.1580162798E-004
#    -36    14       1.4985791362E-004
#    -36    15       1.4104558167E-005
#    -36    16       7.2031581747E-005
#    -36    17       1.8423207827E-005
#    -36    18       2.1337356662E-004
#    -36    19       2.9275755508E-004
#    -36    20       1.6086277948E-005
#    -36    21       9.9813726501E-005
#    -36    22       1.3304440712E-005
#    -36    23       2.5677663103E-004
#    -36    24       1.5208773499E-004
#    -36    25       1.0111977741E-005
#    -36    26       3.4982434450E-005
#    -36    27       2.0157940978E-005
#    -35    -9       2.8229227070E-005
#    -35    -8       9.7924322251E-006
#    -35    -7       8.2910013793E-006
#    -35    -6       7.9165598438E-006
#    -35    -5       1.1635643793E-004
#    -35    -4       5.2452437177E-005
#    -35    -3       5.5273179284E-006
#    -35    -2       8.4854297893E-006
#    -35    -1       2.8706277668E-005
#    -35     0       2.2175584177E-004
#    -35     1       6.1918686636E-005
#    -35     2       3.4827920156E-006
#    -35     3       6.1483700471E-006
#    -35     4       8.1763891155E-005
#    -35     5       1.1272575771E-004
#    -35     6       5.8217730667E-005
#    -35     7       7.8898171183E-006
#    -35     8       3.4233310639E-006
#    -35     9       7.1380888356E-005
#    -35    10       4.7476561903E-004
#    -35    11       4.9181316436E-005
#    -35    12       3.3656607964E-005
#    -35    13       1.7449583793E-005
#    -35    14       6.6946988252E-005
#    -35    15       4.2076377220E-004
#    -35    16       7.3207371775E-005
#    -35    17       7.0269215122E-006
#    -35    18       4.6652882497E-006
#    -35    19       9.9495751129E-005
#    -35    20       3.8603900398E-004
#    -35    21       9.9164050568E-005
#    -35    22       2.4983522595E-005
#    -35    23       1.5210078576E-005
#    -35    24       1.1401851626E-004
#    -35    25       3.5498276156E-004
#    -35    26       1.7425545031E-004
#    -35    27       8.8828862080E-006
#    -34   -11       3.6673631055E-007
#    -34   -10       3.3061886882E-006
#    -34    -9       8.2532716147E-005
#    -34    -8       1.0286615586E-004
#    -34    -7       1.5023926918E-006
#    -34    -6       2.6966540606E-005
#    -34    -5       9.2597828836E-006
#    -34    -4       1.1913364500E-004
#    -34    -3       1.1812471357E-004
#    -34    -2       6.1072336556E-006
#    -34    -1       3.3316957838E-005
#    -34     0       1.5037067590E-005
#    -34     1       1.2961709359E-004
#    -34     2       1.7289175446E-004
#    -34     3       2.2034957468E-005
#    -34     4       7.5382109512E-005
#    -34     5       3.2646332514E-005
#    -34     6       1.5018702530E-004
#    -34     7       1.0165029647E-004
#    -34     8       8.8434236551E-006
#    -34     9       4.4571886960E-005
#    -34    10       4.2764051984E-006
#    -34    11       9.6258059419E-005
#    -34    12       8.6676304615E-005
#    -34    13       1.3214618653E-005
#    -34    14       4.7165970380E-005
#    -34    15       3.8958788732E-006
#    -34    16       2.0521002533E-004
#    -34    17       2.0831577089E-004
#    -34    18       2.4482713449E-005
#    -34    19       4.0256007350E-005
#    -34    20       2.8065350581E-005
#    -34    21       1.5916988511E-004
#    -34    22       2.1164405112E-004
#    -34    23       1.0560424356E-005
#    -34    24       1.1446561593E-004
#    -34    25       3.2188930227E-005
#    -34    26       3.1504401248E-004
#    -34    27       8.5966210586E-005
#    -33   -12       7.6360340183E-005
#    -33   -11       1.0819495203E-005
#    -33   -10       3.6441713077E-005
#    -33    -9       4.4280681375E-005
#    -33    -8       2.7974128998E-005
#    -33    -7       2.2508487961E-004
#    -33    -6       2.6220126910E-005
#    -33    -5       4.8160436301E-005
#    -33    -4       6.6563142099E-005
#    -33    -3       5.9484782045E-005
#    -33    -2       1.8821533524E-004
#    -33    -1       4.8261299990E-005
#    -33     0       6.0181026737E-005
#    -33     1       8.3832082267E-005
#    -33     2       7.7604957291E-005
#    -33     3       1.7947801693E-004
#    -33     4       2.7800185444E-005
#    -33     5       1.0278465190E-004
#    -33     6       5.9019601080E-005
#    -33     7       2.4223907041E-005
#    -33     8       6.7195738853E-005
#    -33     9       1.8713186280E-005
#    -33    10       8.5405240688E-005
#    -33    11       9.2092041200E-005
#    -33    12       1.4152483732E-005
#    -33    13       1.3181995411E-004
#    -33    14       3.2893458615E-005
#    -33    15       2.5317155610E-005
#    -33    16       2.9969706136E-005
#    -33    17       1.1016511082E-004
#    -33    18       1.8600469953E-004
#    -33    19       3.2438939421E-005
#    -33    20       6.8941420116E-005
#    -33    21       5.2432861612E-005
#    -33    22       8.2085049365E-005
#    -33    23       3.2178756806E-004
#    -33    24       4.0456943908E-005
#    -33    25       7.5803614082E-005
#    -33    26       7.2254608460E-005
#    -33    27       3.9292909848E-005
#    -32   -13       6.3530228695E-005
#    -32   -12       1.5787044032E-005
#    -32   -11       4.6128029209E-005
#    -32   -10       5.1012824793E-005
#    -32    -9       3.0260204339E-005
#    -32    -8       1.6930253177E-004
#    -32    -7       3.6280748102E-005
#    -32    -6       5.2689643495E-005
#    -32    -5       6.2823632507E-005
#    -32    -4       2.9904011626E-005
#    -32    -3       1.4676778278E-004
#    -32    -2       6.3158943588E-005
#    -32    -1       6.0733782673E-005
#    -32     0       7.4504463498E-005
#    -32     1       3.9548642896E-005
#    -32     2       1.6864647565E-004
#    -32     3       7.4132737054E-005
#    -32     4       2.1149460418E-005
#    -32     5       3.9229009125E-006
#    -32     6       5.0338603424E-005
#    -32     7       8.3615847229E-005
#    -32     8       2.1875240187E-005
#    -32     9       1.5814214272E-005
#    -32    10       6.2163020393E-006
#    -32    11       3.9676997635E-005
#    -32    12       9.2030605892E-005
#    -32    13       5.3824107634E-006
#    -32    14       4.9915894614E-005
#    -32    15       4.7679392660E-005
#    -32    16       2.8295320764E-005
#    -32    17       7.5716528407E-005
#    -32    18       2.9329549031E-005
#    -32    19       3.9448122319E-005
#    -32    20       2.8664890942E-005
#    -32    21       2.5629720264E-005
#    -32    22       1.4255476552E-004
#    -32    23       2.1768268467E-004
#    -32    24       1.2023991969E-004
#    -32    25       1.7565641012E-004
#    -32    26       8.4686761785E-005
#    -32    27       2.6882545337E-004
#    -32    28       6.1596051562E-005
#    -31   -14       3.3535231294E-005
#    -31   -13       7.0977492938E-006
#    -31   -12       1.3902331630E-004
#    -31   -11       1.0236168540E-004
#    -31   -10       5.7089867786E-006
#    -31    -9       3.5212183403E-005
#    -31    -8       8.2725005211E-006
#    -31    -7       1.4219221725E-004
#    -31    -6       1.1140174124E-004
#    -31    -5       1.5488868218E-005
#    -31    -4       6.2235633576E-005
#    -31    -3       7.8708089246E-006
#    -31    -2       1.8988094700E-004
#    -31    -1       1.9154407659E-004
#    -31     0       3.8453889830E-005
#    -31     1       1.6939178073E-005
#    -31     2       7.8121840277E-006
#    -31     3       1.2137491528E-004
#    -31     4       9.4090284400E-005
#    -31     5       2.3610002254E-006
#    -31     6       3.5386403026E-006
#    -31     7       4.7435061225E-006
#    -31     8       9.7043507475E-005
#    -31     9       4.5904619256E-005
#    -31    10       1.8507546623E-006
#    -31    11       7.6106613804E-006
#    -31    12       2.3657914981E-006
#    -31    13       1.6120362368E-005
#    -31    14       3.0018643235E-006
#    -31    15       6.0839316853E-006
#    -31    16       6.5472211771E-006
#    -31    17       6.5402414042E-006
#    -31    18       4.7722045527E-005
#    -31    19       2.8792093559E-005
#    -31    20       1.2951286263E-005
#    -31    21       6.0813759986E-005
#    -31    22       2.4770104120E-005
#    -31    23       2.4476393615E-004
#    -31    24       6.1441471337E-004
#    -31    25       2.2806504501E-005
#    -31    26       4.3538257682E-005
#    -31    27       7.2126946070E-006
#    -31    28       2.7594707276E-004
#    -30   -15       1.1419556179E-004
#    -30   -14       3.3907527559E-005
#    -30   -13       4.1943351388E-006
#    -30   -12       1.3226244468E-005
#    -30   -11       6.8372705876E-005
#    -30   -10       3.0142726417E-004
#    -30    -9       6.1870148721E-005
#    -30    -8       1.5233751207E-005
#    -30    -7       2.6163891980E-005
#    -30    -6       3.5968471984E-005
#    -30    -5       8.4810101550E-005
#    -30    -4       7.1144963817E-005
#    -30    -3       8.9312312555E-006
#    -30    -2       6.5715944204E-006
#    -30    -1       3.3683032048E-005
#    -30     0       7.1979665670E-004
#    -30     1       5.0257943195E-005
#    -30     2       2.9459620360E-006
#    -30     3       1.5306003514E-005
#    -30     4       4.7548403570E-005
#    -30     5       1.0581557502E-003
#    -30     6       2.9309022989E-005
#    -30     7       3.1515036628E-005
#    -30     8       1.5653672389E-005
#    -30     9       2.4764724568E-005
#    -30    10       1.0409515654E-003
#    -30    11       2.6317210109E-005
#    -30    12       2.5777872520E-005
#    -30    13       1.2716842495E-005
#    -30    14       2.2354915942E-005
#    -30    15       4.4174405884E-004
#    -30    16       4.5329215281E-006
#    -30    17       4.7120710763E-006
#    -30    18       9.1948655924E-007
#    -30    19       3.6218869776E-006
#    -30    20       1.2676479799E-005
#    -30    21       1.2603281857E-004
#    -30    22       5.8230379127E-006
#    -30    23       4.4726191901E-005
#    -30    24       2.4430616473E-004
#    -30    25       4.5281898605E-004
#    -30    26       1.5835901825E-004
#    -30    27       6.6794447608E-006
#    -30    28       3.3370283726E-006
#    -29   -16       2.9236490007E-005
#    -29   -15       1.3836563696E-005
#    -29   -14       1.6114274569E-004
#    -29   -13       1.9081814399E-004
#    -29   -12       3.1316344598E-006
#    -29   -11       6.3942220479E-005
#    -29   -10       8.2603194720E-006
#    -29    -9       1.8566335154E-004
#    -29    -8       1.7266008595E-004
#    -29    -7       1.2260956150E-006
#    -29    -6       7.5827122404E-005
#    -29    -5       1.7741240022E-005
#    -29    -4       1.3803909010E-004
#    -29    -3       1.2974115757E-004
#    -29    -2       9.0827878058E-006
#    -29    -1       1.5592857286E-005
#    -29     0       2.7367562565E-005
#    -29     1       9.4057007913E-005
#    -29     2       7.9966094043E-005
#    -29     3       3.3507135685E-005
#    -29     4       3.8987528541E-005
#    -29     5       1.9288041245E-005
#    -29     6       1.2840614503E-004
#    -29     7       5.1434810733E-005
#    -29     8       2.3456334360E-005
#    -29     9       9.1929939875E-006
#    -29    10       7.5784543720E-006
#    -29    11       5.9748662127E-005
#    -29    12       1.3864618678E-004
#    -29    13       5.9720901849E-005
#    -29    14       1.3820592537E-004
#    -29    15       6.8522311442E-008
#    -29    16       2.8833864528E-005
#    -29    17       1.6887502630E-005
#    -29    18       1.7543653696E-006
#    -29    19       1.1742554487E-006
#    -29    20       2.3710919413E-005
#    -29    21       2.8741141175E-004
#    -29    22       3.5813523143E-004
#    -29    23       6.7759321362E-005
#    -29    24       1.7022939254E-004
#    -29    25       1.8061541478E-005
#    -29    26       2.8043384001E-004
#    -29    27       2.0208272546E-004
#    -28   -16       4.5319951678E-005
#    -28   -15       4.3592098559E-005
#    -28   -14       4.1042967587E-005
#    -28   -13       4.3824148416E-005
#    -28   -12       2.2254767506E-004
#    -28   -11       7.9114893582E-005
#    -28   -10       1.0786744939E-004
#    -28    -9       8.6906189654E-005
#    -28    -8       3.2338279567E-005
#    -28    -7       1.5326321374E-004
#    -28    -6       1.3346151681E-005
#    -28    -5       5.5462273478E-005
#    -28    -4       5.3483033110E-005
#    -28    -3       2.4159917841E-005
#    -28    -2       9.3210043536E-005
#    -28    -1       1.6341435756E-005
#    -28     0       2.9210712967E-005
#    -28     1       6.4109157215E-005
#    -28     2       6.7473968714E-005
#    -28     3       6.2115717388E-005
#    -28     4       3.4127690465E-005
#    -28     5       1.1587545377E-004
#    -28     6       7.4419858923E-005
#    -28     7       3.1800342937E-005
#    -28     8       4.1128403149E-005
#    -28     9       1.6313487962E-005
#    -28    10       7.2817475655E-005
#    -28    11       1.7789858994E-004
#    -28    12       1.5691425664E-005
#    -28    13       2.0949833970E-004
#    -28    14       7.9330933622E-005
#    -28    15       8.7279709471E-005
#    -28    16       2.7379135626E-005
#    -28    17       2.2638178607E-005
#    -28    18       8.5583625419E-005
#    -28    19       3.7295404332E-005
#    -28    20       5.3677497246E-005
#    -28    21       1.0060918104E-004
#    -28    22       9.8160846143E-005
#    -28    23       3.9572689105E-004
#    -28    24       1.7507906315E-004
#    -28    25       1.9557668677E-004
#    -28    26       1.3987699356E-004
#    -28    27       8.2969818938E-005
#    -27   -17       2.8800958502E-005
#    -27   -16       4.4722970999E-005
#    -27   -15       4.9560976207E-005
#    -27   -14       4.6160344225E-005
#    -27   -13       2.4294112198E-004
#    -27   -12       5.7424547801E-005
#    -27   -11       1.2324731748E-004
#    -27   -10       9.7414148067E-005
#    -27    -9       4.6417156950E-005
#    -27    -8       1.6903721079E-004
#    -27    -7       2.8048234747E-005
#    -27    -6       3.6600858818E-005
#    -27    -5       2.1295891872E-005
#    -27    -4       8.8098070136E-006
#    -27    -3       5.3136007239E-005
#    -27    -2       4.7005201149E-005
#    -27    -1       4.6838774906E-005
#    -27     0       2.0072163065E-005
#    -27     1       2.2575634681E-005
#    -27     2       9.6715730945E-005
#    -27     3       6.9625903958E-005
#    -27     4       1.9124907856E-005
#    -27     5       4.9042296461E-005
#    -27     6       4.7155564493E-005
#    -27     7       8.4472004706E-005
#    -27     8       2.5013230447E-005
#    -27     9       5.5598208350E-005
#    -27    10       7.8742226593E-005
#    -27    11       1.5026391551E-004
#    -27    12       6.0920038201E-004
#    -27    13       1.0042002602E-004
#    -27    14       9.2639573612E-005
#    -27    15       5.9495552467E-005
#    -27    16       1.0110351047E-005
#    -27    17       2.1114692170E-005
#    -27    18       7.1532090926E-005
#    -27    19       4.1623303553E-005
#    -27    20       4.3916837081E-005
#    -27    21       6.3455556879E-005
#    -27    22       4.9413706787E-004
#    -27    23       1.4877853915E-004
#    -27    24       1.4736663205E-004
#    -27    25       2.1258042991E-004
#    -27    26       1.0471449647E-004
#    -27    27       2.2308134244E-004
#    -26   -18       4.1232176645E-006
#    -26   -17       1.2869312921E-004
#    -26   -16       1.4222857206E-004
#    -26   -15       9.7852476281E-006
#    -26   -14       8.6865525332E-005
#    -26   -13       2.4043434263E-005
#    -26   -12       2.9817836061E-004
#    -26   -11       2.0544265288E-004
#    -26   -10       6.3400269965E-006
#    -26    -9       6.2110760013E-005
#    -26    -8       3.1656587372E-006
#    -26    -7       7.1470634865E-005
#    -26    -6       3.9428418087E-005
#    -26    -5       2.7170071070E-006
#    -26    -4       9.5523257638E-006
#    -26    -3       1.0085826097E-006
#    -26    -2       7.4862221332E-005
#    -26    -1       1.0080283684E-004
#    -26     0       2.5458478376E-005
#    -26     1       1.0490874764E-007
#    -26     2       3.7313268564E-006
#    -26     3       8.5799449048E-005
#    -26     4       1.4868100701E-004
#    -26     5       1.2830989263E-006
#    -26     6       8.2870336083E-005
#    -26     7       2.0831623616E-005
#    -26     8       7.4966816212E-005
#    -26     9       2.2298430972E-004
#    -26    10       4.1469655308E-005
#    -26    11       4.5073566178E-005
#    -26    12       9.9794298548E-006
#    -26    13       3.1094528811E-004
#    -26    14       1.2303359678E-004
#    -26    15       2.6034342764E-006
#    -26    16       1.5345840879E-005
#    -26    17       4.9072446044E-006
#    -26    18       4.7332452646E-005
#    -26    19       3.3371610479E-004
#    -26    20       5.2244568182E-005
#    -26    21       3.9934005374E-005
#    -26    22       1.7525447106E-005
#    -26    23       4.1199120190E-004
#    -26    24       3.7516929319E-004
#    -26    25       3.6908491947E-006
#    -26    26       1.3748490187E-004
#    -26    27       2.1894667057E-006
#    -25   -19       3.3662622635E-005
#    -25   -18       1.3313779962E-005
#    -25   -17       3.4500079704E-006
#    -25   -16       9.6406226908E-005
#    -25   -15       3.1091417588E-004
#    -25   -14       1.1316758349E-004
#    -25   -13       2.7391881738E-005
#    -25   -12       1.4233628356E-005
#    -25   -11       9.8536242248E-005
#    -25   -10       5.2353171500E-004
#    -25    -9       3.1644295982E-005
#    -25    -8       1.6290593645E-005
#    -25    -7       6.0103790199E-006
#    -25    -6       1.2221503207E-005
#    -25    -5       9.3994586023E-004
#    -25    -4       2.6057505311E-005
#    -25    -3       9.5452518065E-007
#    -25    -2       1.3778545888E-005
#    -25    -1       3.0690073258E-005
#    -25     0       2.0764590501E-003
#    -25     1       1.3215423574E-005
#    -25     2       2.1024112356E-005
#    -25     3       3.8327910159E-005
#    -25     4       1.3814679640E-005
#    -25     5       4.1130379830E-003
#    -25     6       1.5051661156E-005
#    -25     7       1.2193696209E-005
#    -25     8       4.6927366235E-006
#    -25     9       2.0592587112E-005
#    -25    10       5.6363055159E-003
#    -25    11       1.0744691736E-004
#    -25    12       5.0736958903E-005
#    -25    13       3.4892909067E-005
#    -25    14       5.9655880171E-005
#    -25    15       2.8031209994E-003
#    -25    16       1.2047497572E-005
#    -25    17       6.4131229088E-006
#    -25    18       5.6060671164E-008
#    -25    19       6.1928540053E-005
#    -25    20       1.6575074882E-003
#    -25    21       3.0692072878E-004
#    -25    22       2.0974661985E-005
#    -25    23       9.6445282354E-006
#    -25    24       1.0921605531E-004
#    -25    25       2.4563868693E-004
#    -25    26       1.8492418894E-004
#    -25    27       3.4648550567E-005
#    -24   -20       6.7397178712E-006
#    -24   -19       1.5954611532E-004
#    -24   -18       1.4159443587E-004
#    -24   -17       2.2644755882E-005
#    -24   -16       7.1879596273E-005
#    -24   -15       2.2148145390E-005
#    -24   -14       3.7315044312E-004
#    -24   -13       2.5961120311E-004
#    -24   -12       8.8694848139E-006
#    -24   -11       4.4905458897E-005
#    -24   -10       4.8232366057E-007
#    -24    -9       9.0105116353E-005
#    -24    -8       5.7727144161E-005
#    -24    -7       9.1890757140E-007
#    -24    -6       1.6369426928E-005
#    -24    -5       2.8007334860E-006
#    -24    -4       3.7316870302E-005
#    -24    -3       5.0990543905E-005
#    -24    -2       2.8786331587E-006
#    -24    -1       2.2693254345E-005
#    -24     0       1.6940752512E-005
#    -24     1       6.2782455922E-005
#    -24     2       1.0789513438E-004
#    -24     3       1.4447679462E-006
#    -24     4       8.6015139225E-006
#    -24     5       1.0818977230E-005
#    -24     6       5.1426759489E-006
#    -24     7       4.4368253977E-007
#    -24     8       2.0698759429E-006
#    -24     9       1.2297803240E-005
#    -24    10       2.1956912639E-005
#    -24    11       1.5565842985E-004
#    -24    12       3.8336948952E-004
#    -24    13       9.0273928931E-005
#    -24    14       9.0520167633E-005
#    -24    15       1.6977621333E-006
#    -24    16       1.2303655102E-004
#    -24    17       3.6485858805E-005
#    -24    18       1.8628214074E-005
#    -24    19       2.8747155039E-005
#    -24    20       4.9811997884E-005
#    -24    21       5.2955484685E-004
#    -24    22       5.8376866771E-004
#    -24    23       5.8292677625E-005
#    -24    24       1.6261281819E-004
#    -24    25       5.8050813594E-005
#    -24    26       1.1832139435E-004
#    -23   -20       4.0930509210E-005
#    -23   -19       9.1193873543E-005
#    -23   -18       5.0071064808E-005
#    -23   -17       2.3404390108E-004
#    -23   -16       9.1687061298E-005
#    -23   -15       1.0435315695E-004
#    -23   -14       7.7093249672E-005
#    -23   -13       7.5864493016E-005
#    -23   -12       2.2477700129E-004
#    -23   -11       4.3750973630E-005
#    -23   -10       6.0092365626E-005
#    -23    -9       4.4011625375E-005
#    -23    -8       1.0308206666E-005
#    -23    -7       7.5797985439E-005
#    -23    -6       2.6868919415E-005
#    -23    -5       1.5933549070E-005
#    -23    -4       2.9306380490E-005
#    -23    -3       7.4684917268E-007
#    -23    -2       2.6698520180E-005
#    -23    -1       2.7960588796E-005
#    -23     0       4.3124446824E-005
#    -23     1       5.1478365781E-005
#    -23     2       7.3890781013E-005
#    -23     3       1.4814003711E-004
#    -23     4       2.0998480795E-005
#    -23     5       4.1530746016E-005
#    -23     6       6.1927079423E-005
#    -23     7       3.3794433912E-005
#    -23     8       1.1169842014E-004
#    -23     9       4.3153518486E-005
#    -23    10       1.4689998222E-004
#    -23    11       3.6385012426E-004
#    -23    12       5.6510152806E-005
#    -23    13       4.9644648665E-004
#    -23    14       1.4298400805E-004
#    -23    15       1.2059221618E-004
#    -23    16       3.9734381465E-005
#    -23    17       7.2329555010E-005
#    -23    18       1.7405650814E-004
#    -23    19       1.3258299933E-004
#    -23    20       1.3139014125E-004
#    -23    21       2.1988762938E-004
#    -23    22       7.9494962787E-005
#    -23    23       5.3471228005E-004
#    -23    24       1.1469567183E-004
#    -23    25       5.6804602227E-005
#    -23    26       4.8193277489E-005
#    -22   -21       2.3188287164E-005
#    -22   -20       6.6696540535E-005
#    -22   -19       6.2154766618E-005
#    -22   -18       3.7133302357E-004
#    -22   -17       1.2857846052E-004
#    -22   -16       8.8559591683E-005
#    -22   -15       9.1747655468E-005
#    -22   -14       6.3120769263E-005
#    -22   -13       1.6204920474E-004
#    -22   -12       2.2080181642E-005
#    -22   -11       5.6218861603E-005
#    -22   -10       4.2673390356E-005
#    -22    -9       1.4627002607E-005
#    -22    -8       4.2641925375E-005
#    -22    -7       1.0657024177E-005
#    -22    -6       5.6365568383E-005
#    -22    -5       7.4235459807E-005
#    -22    -4       3.5725691035E-005
#    -22    -3       4.0501456149E-005
#    -22    -2       2.0987293257E-006
#    -22    -1       1.5935039195E-004
#    -22     0       2.0748414317E-004
#    -22     1       7.8943509248E-005
#    -22     2       1.3815099152E-004
#    -22     3       5.4262197726E-005
#    -22     4       7.4587598747E-006
#    -22     5       3.9921361810E-005
#    -22     6       6.0699233460E-005
#    -22     7       2.1000881604E-004
#    -22     8       1.0342321488E-004
#    -22     9       1.1876872541E-004
#    -22    10       2.0337592358E-004
#    -22    11       2.1266332268E-004
#    -22    12       8.4805122834E-004
#    -22    13       2.1212485283E-004
#    -22    14       1.5657173268E-004
#    -22    15       6.5140069052E-005
#    -22    16       4.5443417701E-005
#    -22    17       1.9710532323E-004
#    -22    18       1.7151677614E-004
#    -22    19       5.0294885082E-005
#    -22    20       3.3746153818E-004
#    -22    21       1.1690338467E-004
#    -22    22       6.9543122039E-004
#    -22    23       7.4731727338E-006
#    -22    24       3.2171433926E-004
#    -22    25       2.7435442584E-006
#    -22    26       1.4673327115E-005
#    -21   -22       1.1219788596E-004
#    -21   -21       1.3711459951E-004
#    -21   -20       1.2133879330E-005
#    -21   -19       6.3627501289E-005
#    -21   -18       1.2006184379E-005
#    -21   -17       3.1840617859E-004
#    -21   -16       3.0856587356E-004
#    -21   -15       3.0655498268E-005
#    -21   -14       4.0776845978E-005
#    -21   -13       2.6990461129E-005
#    -21   -12       1.2876737956E-004
#    -21   -11       8.2483794836E-005
#    -21   -10       2.6904136997E-006
#    -21    -9       3.2653301339E-005
#    -21    -8       3.1997071591E-006
#    -21    -7       6.1266213886E-005
#    -21    -6       1.0591129961E-004
#    -21    -5       9.1332874705E-006
#    -21    -4       9.6959524854E-006
#    -21    -3       3.9358279041E-005
#    -21    -2       2.5076408802E-004
#    -21    -1       2.5083710724E-004
#    -21     0       4.2560683285E-005
#    -21     1       5.9042663860E-005
#    -21     2       2.6861175410E-005
#    -21     3       1.0256968171E-004
#    -21     4       1.9485019555E-004
#    -21     5       1.8614370668E-006
#    -21     6       1.3154059581E-004
#    -21     7       3.7885752194E-005
#    -21     8       3.7067891644E-004
#    -21     9       5.6637432875E-004
#    -21    10       4.5193373991E-005
#    -21    11       1.9239186147E-004
#    -21    12       6.8851314870E-005
#    -21    13       5.5532895023E-004
#    -21    14       4.6783904198E-004
#    -21    15       1.5805984744E-005
#    -21    16       2.4734552335E-005
#    -21    17       9.2645489652E-006
#    -21    18       1.4150159028E-004
#    -21    19       2.3753018457E-004
#    -21    20       3.3236183281E-005
#    -21    21       1.1228686449E-004
#    -21    22       1.5120792553E-004
#    -21    23       3.6115325548E-004
#    -21    24       3.1056137679E-004
#    -21    25       2.8375724416E-005
#    -20   -22       2.0279485426E-005
#    -20   -21       9.2027942190E-005
#    -20   -20       2.8826054888E-004
#    -20   -19       1.1062931450E-004
#    -20   -18       4.7292403180E-005
#    -20   -17       2.1922818415E-005
#    -20   -16       1.3339413262E-004
#    -20   -15       5.0475244386E-004
#    -20   -14       5.5953426713E-005
#    -20   -13       7.2042384415E-006
#    -20   -12       1.0085471730E-005
#    -20   -11       3.1150990995E-005
#    -20   -10       9.6748155287E-004
#    -20    -9       6.7456748902E-006
#    -20    -8       1.1386219681E-005
#    -20    -7       3.6513464865E-006
#    -20    -6       7.0134024088E-005
#    -20    -5       3.6950877740E-003
#    -20    -4       2.5990018291E-005
#    -20    -3       3.1274046907E-005
#    -20    -2       7.8192944719E-006
#    -20    -1       1.3969730588E-004
#    -20     0       1.3406189433E-002
#    -20     1       2.4379532751E-005
#    -20     2       3.0331291361E-005
#    -20     3       8.3735052385E-005
#    -20     4       1.3972142866E-005
#    -20     5       1.3119503435E-002
#    -20     6       6.7263126188E-005
#    -20     7       8.3449771921E-006
#    -20     8       1.3429564410E-005
#    -20     9       7.8206003434E-005
#    -20    10       8.3877017978E-003
#    -20    11       2.1786352015E-004
#    -20    12       7.4331974494E-005
#    -20    13       3.1273462815E-005
#    -20    14       1.9630607429E-004
#    -20    15       1.9593161345E-003
#    -20    16       3.6872203616E-005
#    -20    17       1.7001463494E-005
#    -20    18       2.6113463213E-005
#    -20    19       6.5370882844E-006
#    -20    20       3.0482393134E-003
#    -20    21       1.8889360699E-004
#    -20    22       4.2157498404E-005
#    -20    23       3.0936640589E-005
#    -20    24       1.1082512318E-004
#    -20    25       1.2736069300E-003
#    -19   -23       1.0181004753E-004
#    -19   -22       1.2992562680E-005
#    -19   -21       9.8381048665E-005
#    -19   -20       1.6604868863E-005
#    -19   -19       2.8169947035E-004
#    -19   -18       2.6869341127E-004
#    -19   -17       4.6378349893E-005
#    -19   -16       6.1015709448E-005
#    -19   -15       4.5628162089E-005
#    -19   -14       1.6742152343E-004
#    -19   -13       7.1754180783E-005
#    -19   -12       4.0691926164E-006
#    -19   -11       1.8935423015E-005
#    -19   -10       2.8591318100E-006
#    -19    -9       2.2221300190E-005
#    -19    -8       1.0606193950E-004
#    -19    -7       1.6374914440E-005
#    -19    -6       2.1765382202E-005
#    -19    -5       1.3586567784E-005
#    -19    -4       8.9632459697E-005
#    -19    -3       6.3778313399E-005
#    -19    -2       4.2863770266E-006
#    -19    -1       1.4791495377E-006
#    -19     0       5.6261057883E-006
#    -19     1       8.4531542673E-005
#    -19     2       1.3264692821E-004
#    -19     3       6.0353655006E-007
#    -19     4       5.4059241083E-005
#    -19     5       1.4398552812E-005
#    -19     6       2.9421292536E-005
#    -19     7       2.8837677070E-005
#    -19     8       8.6187515020E-007
#    -19     9       1.3964409827E-004
#    -19    10       1.6137995863E-006
#    -19    11       2.0324303708E-004
#    -19    12       1.9021700644E-004
#    -19    13       7.2973931085E-005
#    -19    14       6.9510529064E-005
#    -19    15       5.8157476139E-005
#    -19    16       1.3822244037E-004
#    -19    17       3.8515828002E-004
#    -19    18       2.5724641182E-005
#    -19    19       8.6670841614E-006
#    -19    20       1.8754227511E-005
#    -19    21       1.2778111844E-005
#    -19    22       4.1057226708E-004
#    -19    23       1.3779649349E-005
#    -19    24       5.5428406398E-005
#    -19    25       2.8514627848E-005
#    -18   -23       4.4759731675E-005
#    -18   -22       4.8656805470E-005
#    -18   -21       3.9943085715E-005
#    -18   -20       1.4583282633E-004
#    -18   -19       1.2826144797E-004
#    -18   -18       4.8755172393E-005
#    -18   -17       1.4569367757E-004
#    -18   -16       4.0211149940E-005
#    -18   -15       5.6284664817E-005
#    -18   -14       1.3515358717E-005
#    -18   -13       1.8645891855E-005
#    -18   -12       5.7749265540E-005
#    -18   -11       3.8234212715E-005
#    -18   -10       4.0386123678E-005
#    -18    -9       7.5432902302E-005
#    -18    -8       4.7676633859E-005
#    -18    -7       4.5030373328E-005
#    -18    -6       1.1844333405E-005
#    -18    -5       3.1294903980E-005
#    -18    -4       2.9327208019E-005
#    -18    -3       2.3814779479E-005
#    -18    -2       3.9020726443E-007
#    -18    -1       3.2984014132E-005
#    -18     0       1.1551896283E-004
#    -18     1       1.3548880528E-004
#    -18     2       1.7773377037E-004
#    -18     3       4.0948382667E-004
#    -18     4       5.8971936059E-005
#    -18     5       5.6587099096E-005
#    -18     6       1.7517016589E-004
#    -18     7       1.7530820738E-004
#    -18     8       5.1181875478E-004
#    -18     9       8.5733420899E-005
#    -18    10       5.4588823743E-005
#    -18    11       2.6870192271E-005
#    -18    12       1.1843785785E-005
#    -18    13       7.8231872667E-005
#    -18    14       1.6769372935E-005
#    -18    15       9.8955260552E-005
#    -18    16       2.7232263795E-004
#    -18    17       3.9590311318E-005
#    -18    18       9.0004853792E-006
#    -18    19       1.3036440448E-005
#    -18    20       1.8483522184E-005
#    -18    21       2.2107877274E-004
#    -18    22       1.0540561428E-004
#    -18    23       4.5849891700E-005
#    -18    24       1.0146908831E-005
#    -17   -24       3.3392818314E-005
#    -17   -23       1.3590572652E-004
#    -17   -22       4.5794852420E-005
#    -17   -21       1.2241252493E-004
#    -17   -20       9.1662016944E-005
#    -17   -19       1.3607389350E-004
#    -17   -18       2.7821060551E-004
#    -17   -17       1.0833120773E-004
#    -17   -16       2.8686909168E-005
#    -17   -15       9.2131624480E-006
#    -17   -14       8.1636012172E-006
#    -17   -13       4.3323645662E-005
#    -17   -12       1.4836798258E-005
#    -17   -11       7.6051427034E-005
#    -17   -10       1.1674625471E-004
#    -17    -9       3.9433034694E-005
#    -17    -8       7.8998306375E-005
#    -17    -7       5.0381730248E-006
#    -17    -6       2.1224357655E-005
#    -17    -5       5.8348058414E-005
#    -17    -4       2.6129582486E-006
#    -17    -3       3.3866248807E-005
#    -17    -2       5.0300399844E-005
#    -17    -1       2.3633671939E-004
#    -17     0       4.6612242179E-004
#    -17     1       3.8369797984E-004
#    -17     2       8.8737444834E-004
#    -17     3       1.8639601698E-004
#    -17     4       2.5906924906E-004
#    -17     5       2.0599230331E-004
#    -17     6       1.5817345953E-004
#    -17     7       7.6336733245E-004
#    -17     8       2.3073122506E-004
#    -17     9       2.1053547729E-004
#    -17    10       2.6211175259E-005
#    -17    11       4.6724486674E-006
#    -17    12       5.8320681200E-005
#    -17    13       4.9139602215E-006
#    -17    14       4.5982490121E-005
#    -17    15       5.8169607038E-005
#    -17    16       6.0263940482E-006
#    -17    17       1.9645388779E-005
#    -17    18       1.2916728034E-005
#    -17    19       9.8189604540E-005
#    -17    20       3.4501899126E-004
#    -17    21       8.7079961396E-005
#    -17    22       3.1688911971E-005
#    -17    23       1.3539519268E-004
#    -17    24       8.8418174753E-005
#    -16   -24       5.1095456855E-005
#    -16   -23       7.8828854386E-006
#    -16   -22       3.0270743230E-004
#    -16   -21       1.9723991322E-004
#    -16   -20       1.7819795253E-006
#    -16   -19       8.4049071681E-005
#    -16   -18       1.0238656723E-005
#    -16   -17       2.0663049919E-004
#    -16   -16       7.2151489851E-005
#    -16   -15       1.0587124428E-005
#    -16   -14       4.7801936470E-005
#    -16   -13       2.7315873971E-005
#    -16   -12       2.5905128994E-004
#    -16   -11       3.3180123013E-004
#    -16   -10       9.8924517042E-006
#    -16    -9       1.5126742680E-005
#    -16    -8       3.0731784567E-006
#    -16    -7       5.5131534158E-005
#    -16    -6       2.0373904641E-004
#    -16    -5       2.1044674748E-005
#    -16    -4       2.7672781422E-005
#    -16    -3       2.9975224465E-005
#    -16    -2       6.9508404584E-004
#    -16    -1       1.3678876323E-003
#    -16     0       1.3129046745E-004
#    -16     1       3.2959779063E-004
#    -16     2       1.5065096968E-004
#    -16     3       1.3023356447E-003
#    -16     4       1.1694464912E-003
#    -16     5       1.2577477838E-004
#    -16     6       2.5766842581E-004
#    -16     7       5.8556773469E-005
#    -16     8       4.1984270769E-004
#    -16     9       1.2739121932E-004
#    -16    10       1.5319176384E-005
#    -16    11       3.3966584022E-005
#    -16    12       3.3668076761E-005
#    -16    13       2.6326099619E-005
#    -16    14       3.2295142913E-005
#    -16    15       1.8956129121E-005
#    -16    16       2.5029925853E-005
#    -16    17       3.4060143811E-005
#    -16    18       1.8849139419E-004
#    -16    19       1.4083677930E-004
#    -16    20       3.2498457583E-005
#    -16    21       1.1046223727E-004
#    -16    22       2.2574005354E-004
#    -16    23       1.7223653286E-004
#    -15   -25       1.0219624787E-004
#    -15   -24       1.2299256816E-004
#    -15   -23       2.9459771090E-005
#    -15   -22       1.2310885454E-005
#    -15   -21       1.7511224589E-004
#    -15   -20       4.5754213836E-004
#    -15   -19       7.4772780149E-005
#    -15   -18       3.8319746497E-005
#    -15   -17       1.6914098805E-005
#    -15   -16       9.5035664422E-006
#    -15   -15       6.4222829204E-004
#    -15   -14       3.7711654020E-005
#    -15   -13       3.6502896751E-005
#    -15   -12       6.6465356598E-005
#    -15   -11       8.4758552437E-005
#    -15   -10       4.9338723172E-003
#    -15    -9       2.6652747989E-006
#    -15    -8       7.4830379489E-006
#    -15    -7       3.0165117709E-005
#    -15    -6       7.1851146050E-005
#    -15    -5       1.2984341883E-002
#    -15    -4       7.0592032632E-005
#    -15    -3       1.7829869689E-005
#    -15    -2       3.9500274406E-005
#    -15    -1       7.4136984352E-004
#    -15     0       2.2986822130E-002
#    -15     1       9.4257008142E-004
#    -15     2       8.8963121600E-005
#    -15     3       6.4945138103E-005
#    -15     4       3.2111971563E-004
#    -15     5       2.2557243346E-002
#    -15     6       4.6325663460E-004
#    -15     7       1.8453602585E-007
#    -15     8       6.1939994068E-007
#    -15     9       6.7674796051E-008
#    -15    10       1.2791500456E-002
#    -15    11       2.1667382515E-004
#    -15    12       2.8083744835E-005
#    -15    13       8.5074794738E-007
#    -15    14       2.1751843726E-005
#    -15    15       1.5818510549E-002
#    -15    16       1.2936366812E-005
#    -15    17       1.2325077999E-005
#    -15    18       5.2113293082E-005
#    -15    19       2.6607895396E-005
#    -15    20       1.2307865086E-003
#    -15    21       4.8302959710E-004
#    -15    22       2.0004754844E-005
#    -15    23       8.6083441758E-005
#    -14   -25       3.3132131215E-005
#    -14   -24       2.4608906453E-004
#    -14   -23       1.6263446685E-004
#    -14   -22       8.1389057937E-006
#    -14   -21       1.2088693430E-004
#    -14   -20       7.3006618912E-006
#    -14   -19       1.3426537181E-004
#    -14   -18       9.4652679687E-005
#    -14   -17       1.9909788161E-005
#    -14   -16       6.3724990819E-006
#    -14   -15       6.3094871444E-006
#    -14   -14       2.9792645519E-004
#    -14   -13       4.4797561978E-004
#    -14   -12       2.9620772397E-005
#    -14   -11       2.7593401853E-005
#    -14   -10       3.4280812681E-006
#    -14    -9       1.6678155028E-004
#    -14    -8       3.5605057306E-004
#    -14    -7       4.2415262835E-005
#    -14    -6       4.7649625070E-005
#    -14    -5       1.2378041259E-005
#    -14    -4       2.5111092062E-004
#    -14    -3       5.8300957599E-004
#    -14    -2       8.9703885052E-005
#    -14    -1       6.7550977337E-004
#    -14     0       1.4811112169E-004
#    -14     1       8.8442666484E-004
#    -14     2       6.1454111578E-004
#    -14     3       3.9340705125E-005
#    -14     4       1.2991272358E-004
#    -14     5       3.8208890532E-005
#    -14     6       1.5481057793E-004
#    -14     7       1.2360171088E-004
#    -14     8       5.7575244538E-006
#    -14     9       1.2027736035E-004
#    -14    10       9.2855454138E-006
#    -14    11       4.6011693746E-004
#    -14    12       2.8013052361E-004
#    -14    13       4.0846290025E-005
#    -14    14       2.6806286332E-005
#    -14    15       8.3693446062E-005
#    -14    16       8.3793987834E-005
#    -14    17       4.7884306219E-004
#    -14    18       2.8596359871E-005
#    -14    19       3.2156198159E-005
#    -14    20       5.4248430366E-005
#    -14    21       1.1571840292E-003
#    -14    22       5.4660736248E-004
#    -13   -26       2.0715410131E-005
#    -13   -25       5.1890958950E-005
#    -13   -24       1.4198801881E-004
#    -13   -23       1.0371794252E-004
#    -13   -22       1.4310587647E-004
#    -13   -21       1.9506627916E-005
#    -13   -20       6.5321745059E-005
#    -13   -19       3.7751180001E-005
#    -13   -18       1.8040433752E-006
#    -13   -17       7.6916972157E-006
#    -13   -16       1.5761902175E-005
#    -13   -15       3.3738913465E-005
#    -13   -14       6.9139833799E-005
#    -13   -13       8.3802587751E-005
#    -13   -12       2.7200114690E-004
#    -13   -11       5.4410495087E-005
#    -13   -10       1.0794764619E-004
#    -13    -9       2.2390021227E-004
#    -13    -8       9.8419576411E-005
#    -13    -7       2.1562192589E-004
#    -13    -6       1.9888468415E-005
#    -13    -5       5.5502309996E-005
#    -13    -4       2.0043542860E-004
#    -13    -3       2.7989739246E-004
#    -13    -2       9.8949660916E-004
#    -13    -1       2.1010397584E-004
#    -13     0       3.5816669077E-004
#    -13     1       1.7322754613E-004
#    -13     2       4.0568330507E-006
#    -13     3       3.2913777637E-006
#    -13     4       1.2066124729E-006
#    -13     5       8.3284599347E-005
#    -13     6       1.6969467664E-004
#    -13     7       2.6488733913E-004
#    -13     8       7.3885763031E-004
#    -13     9       1.7915778270E-004
#    -13    10       3.5479220113E-004
#    -13    11       2.2593777115E-004
#    -13    12       1.4093636652E-004
#    -13    13       1.0250480851E-004
#    -13    14       2.6265705830E-005
#    -13    15       1.7502254668E-004
#    -13    16       3.1333653431E-004
#    -13    17       4.3894318245E-005
#    -13    18       1.1834975769E-004
#    -13    19       2.0141410547E-005
#    -13    20       1.6289908009E-004
#    -13    21       2.8464683332E-005
#    -12   -26       3.4215937604E-005
#    -12   -25       5.0518786730E-005
#    -12   -24       3.3601661514E-005
#    -12   -23       2.1286344452E-004
#    -12   -22       1.1112403190E-004
#    -12   -21       1.2046788572E-004
#    -12   -20       3.0681553976E-005
#    -12   -19       1.2143563509E-005
#    -12   -18       2.1917796820E-005
#    -12   -17       6.5063307792E-006
#    -12   -16       5.6200342433E-005
#    -12   -15       1.3217081384E-004
#    -12   -14       8.2538337813E-005
#    -12   -13       1.7926670870E-004
#    -12   -12       8.9472444690E-005
#    -12   -11       1.6551184492E-004
#    -12   -10       3.1322260032E-004
#    -12    -9       1.1741472401E-004
#    -12    -8       2.0027015380E-004
#    -12    -7       1.3410349164E-005
#    -12    -6       1.3605419789E-004
#    -12    -5       1.6220749845E-004
#    -12    -4       1.3065528084E-004
#    -12    -3       6.1951957130E-004
#    -12    -2       1.3832189746E-004
#    -12    -1       3.0927561185E-005
#    -12     0       4.5485149831E-006
#    -12     1       4.8296790631E-005
#    -12     2       3.9132849617E-004
#    -12     3       1.8325642395E-004
#    -12     4       4.7133662166E-004
#    -12     5       5.8028113854E-004
#    -12     6       3.3053269971E-004
#    -12     7       1.1813378521E-003
#    -12     8       2.8667003984E-004
#    -12     9       5.0458194320E-004
#    -12    10       4.6816717524E-004
#    -12    11       3.4667256528E-004
#    -12    12       4.2461574191E-004
#    -12    13       9.9215174822E-005
#    -12    14       1.7669128499E-004
#    -12    15       2.0469132612E-004
#    -12    16       9.5163756854E-005
#    -12    17       3.6704348180E-004
#    -12    18       2.4319380171E-005
#    -12    19       3.9419559152E-004
#    -12    20       8.9918828348E-005
#    -12    21       3.3701873534E-004
#    -11   -26       1.1575050866E-004
#    -11   -25       2.8122806218E-005
#    -11   -24       7.8859249496E-005
#    -11   -23       4.2035833730E-006
#    -11   -22       3.2034497601E-004
#    -11   -21       9.6651414942E-005
#    -11   -20       1.9602355969E-005
#    -11   -19       6.8870989109E-006
#    -11   -18       1.6138134907E-006
#    -11   -17       2.2173928738E-005
#    -11   -16       1.2040081731E-004
#    -11   -15       3.3622995613E-005
#    -11   -14       9.9490724019E-005
#    -11   -13       5.7663735994E-005
#    -11   -12       3.8885094674E-004
#    -11   -11       8.1563894279E-004
#    -11   -10       7.3194215890E-005
#    -11    -9       1.3891259264E-004
#    -11    -8       3.7452753911E-005
#    -11    -7       4.0515130260E-004
#    -11    -6       7.1021168284E-004
#    -11    -5       1.2495597452E-004
#    -11    -4       1.6451042162E-004
#    -11    -3       5.1624234588E-006
#    -11    -2       2.2825772246E-006
#    -11    -1       1.9704184856E-004
#    -11     0       1.1099728626E-004
#    -11     1       1.3153819246E-004
#    -11     2       6.4319110135E-005
#    -11     3       1.9896669995E-003
#    -11     4       2.3031489062E-003
#    -11     5       2.8106687669E-004
#    -11     6       5.7037359243E-004
#    -11     7       1.3115694627E-004
#    -11     8       9.8896475279E-004
#    -11     9       8.7040754933E-004
#    -11    10       6.4954031676E-005
#    -11    11       1.3528673300E-004
#    -11    12       7.8979687691E-007
#    -11    13       5.5831503025E-004
#    -11    14       8.5242956965E-004
#    -11    15       8.1113458784E-005
#    -11    16       2.3812352775E-004
#    -11    17       8.0222938576E-005
#    -11    18       4.0599761333E-004
#    -11    19       6.3341772485E-004
#    -11    20       5.5547384808E-006
#    -10   -27       4.4917482371E-006
#    -10   -26       3.8185448598E-006
#    -10   -25       2.3316195323E-004
#    -10   -24       1.1834124494E-004
#    -10   -23       2.0655422172E-005
#    -10   -22       7.9700703278E-006
#    -10   -21       5.5440248520E-005
#    -10   -20       8.8355366632E-006
#    -10   -19       3.3304781784E-005
#    -10   -18       7.2217025294E-006
#    -10   -17       1.2058363071E-006
#    -10   -16       5.1052069931E-005
#    -10   -15       3.3666229614E-003
#    -10   -14       1.2482507930E-004
#    -10   -13       2.7598247472E-005
#    -10   -12       9.8649003831E-005
#    -10   -11       2.4024768314E-004
#    -10   -10       7.4460657577E-003
#    -10    -9       2.0435600948E-004
#    -10    -8       1.2903890793E-005
#    -10    -7       3.0773018827E-005
#    -10    -6       2.9467527562E-004
#    -10    -5       2.3032136893E-002
#    -10    -4       1.5122619266E-004
#    -10    -3       1.2371196768E-005
#    -10    -2       1.1426467545E-005
#    -10    -1       4.6080995643E-004
#    -10     0       3.4062394557E-002
#    -10     1       1.2184418723E-003
#    -10     2       1.4552614634E-004
#    -10     3       1.7260014290E-004
#    -10     4       7.9203636263E-004
#    -10     5       1.3247123895E-002
#    -10     6       9.9723300723E-004
#    -10     7       3.0979797401E-005
#    -10     8       1.8019856054E-005
#    -10     9       3.3158593474E-004
#    -10    10       1.5602268867E-002
#    -10    11       8.7906681068E-005
#    -10    12       1.5112829651E-005
#    -10    13       1.1167434010E-004
#    -10    14       3.0663765437E-004
#    -10    15       2.0223182514E-002
#    -10    16       1.8372995103E-004
#    -10    17       5.1627644437E-005
#    -10    18       8.0295069525E-005
#    -10    19       1.4037986906E-004
#     -9   -27       6.3132517262E-006
#     -9   -26       1.3501572606E-004
#     -9   -25       4.5575643503E-005
#     -9   -24       2.0339855854E-004
#     -9   -23       5.2705973265E-004
#     -9   -22       1.1195115626E-005
#     -9   -21       6.1575382623E-005
#     -9   -20       1.5628256845E-005
#     -9   -19       1.9800910934E-005
#     -9   -18       6.5847096926E-005
#     -9   -17       2.1405364058E-005
#     -9   -16       1.6890854181E-005
#     -9   -15       3.8480460113E-007
#     -9   -14       3.1223502863E-004
#     -9   -13       8.4344650592E-004
#     -9   -12       6.6690414826E-005
#     -9   -11       1.3721719632E-004
#     -9   -10       1.6601597030E-005
#     -9    -9       3.6712952879E-004
#     -9    -8       6.3809761770E-004
#     -9    -7       3.8994436348E-005
#     -9    -6       1.6271921248E-004
#     -9    -5       1.5370653133E-005
#     -9    -4       2.4020891804E-005
#     -9    -3       3.4784397922E-004
#     -9    -2       1.4891434948E-004
#     -9    -1       8.3920363167E-004
#     -9     0       2.4391272557E-004
#     -9     1       1.8905462493E-003
#     -9     2       1.6116543623E-003
#     -9     3       4.9479197957E-005
#     -9     4       3.6770739231E-004
#     -9     5       5.0883306018E-005
#     -9     6       4.0735862164E-004
#     -9     7       6.4906702133E-004
#     -9     8       7.6187736311E-005
#     -9     9       3.3947172658E-005
#     -9    10       1.5751005968E-005
#     -9    11       4.2986101107E-004
#     -9    12       1.7131014172E-004
#     -9    13       2.2145803610E-005
#     -9    14       3.1652536687E-005
#     -9    15       5.9150052529E-005
#     -9    16       5.0422535658E-004
#     -9    17       1.3513159717E-003
#     -9    18       2.4890958197E-006
#     -9    19       4.5912677121E-005
#     -8   -27       2.9217865845E-004
#     -8   -26       7.4610653685E-005
#     -8   -25       1.0789915803E-004
#     -8   -24       6.2928337331E-005
#     -8   -23       6.4719029799E-005
#     -8   -22       2.6592422951E-004
#     -8   -21       1.2200785063E-004
#     -8   -20       2.4820379386E-005
#     -8   -19       5.6269604114E-005
#     -8   -18       3.1221279683E-005
#     -8   -17       6.9265259905E-005
#     -8   -16       7.4064012918E-005
#     -8   -15       7.3565619473E-005
#     -8   -14       1.8119190080E-004
#     -8   -13       1.4355772357E-004
#     -8   -12       5.9429724418E-004
#     -8   -11       2.2426640977E-004
#     -8   -10       1.4896136589E-004
#     -8    -9       1.8275808626E-004
#     -8    -8       6.8555784223E-005
#     -8    -7       2.6691505465E-004
#     -8    -6       3.0104921405E-005
#     -8    -5       7.8625790881E-005
#     -8    -4       2.8974813978E-004
#     -8    -3       3.2136441670E-004
#     -8    -2       1.6056807985E-003
#     -8    -1       4.5770755964E-004
#     -8     0       7.1020212834E-004
#     -8     1       4.9292289567E-004
#     -8     2       6.9920860852E-005
#     -8     3       4.8546294719E-004
#     -8     4       1.0363952503E-004
#     -8     5       2.5975498533E-005
#     -8     6       6.1374779093E-005
#     -8     7       1.2331562026E-004
#     -8     8       1.4827106825E-004
#     -8     9       6.1400505727E-005
#     -8    10       1.2908355295E-004
#     -8    11       9.6964254049E-005
#     -8    12       2.7620122824E-004
#     -8    13       7.6576503484E-005
#     -8    14       2.7861277800E-005
#     -8    15       9.2761329861E-005
#     -8    16       5.9305784112E-004
#     -8    17       8.6786997426E-004
#     -8    18       5.0337429802E-004
#     -7   -27       9.4258817742E-006
#     -7   -26       7.4166637384E-005
#     -7   -25       8.5517783328E-005
#     -7   -24       1.7678810483E-004
#     -7   -23       6.7024913364E-004
#     -7   -22       5.9696059809E-005
#     -7   -21       5.8498507083E-005
#     -7   -20       6.9031793333E-005
#     -7   -19       3.4326716846E-005
#     -7   -18       4.9847057861E-005
#     -7   -17       2.0867515345E-005
#     -7   -16       9.7500010109E-005
#     -7   -15       2.2494587222E-004
#     -7   -14       2.0085283429E-004
#     -7   -13       4.0682626396E-004
#     -7   -12       9.0502178635E-005
#     -7   -11       6.4248354157E-006
#     -7   -10       4.2489576999E-006
#     -7    -9       3.8556013446E-005
#     -7    -8       1.1746810276E-004
#     -7    -7       6.6210831263E-005
#     -7    -6       2.2974450380E-004
#     -7    -5       4.2168681376E-004
#     -7    -4       3.9505838801E-004
#     -7    -3       1.3673372776E-003
#     -7    -2       2.7450908389E-004
#     -7    -1       2.0619294244E-004
#     -7     0       1.4646861766E-004
#     -7     1       3.8224342327E-005
#     -7     2       6.7303805316E-005
#     -7     3       2.0751747541E-005
#     -7     4       3.8358875795E-005
#     -7     5       1.0765411392E-004
#     -7     6       1.2156526612E-004
#     -7     7       3.9137720573E-004
#     -7     8       2.8991498400E-006
#     -7     9       6.2937663035E-005
#     -7    10       4.2342978738E-004
#     -7    11       7.9794543621E-004
#     -7    12       1.2743445199E-003
#     -7    13       2.7132192132E-004
#     -7    14       1.1396711456E-004
#     -7    15       1.9056442421E-004
#     -7    16       4.6367906163E-004
#     -7    17       5.4162808550E-004
#     -6   -27       1.2706766383E-004
#     -6   -26       2.9157955980E-004
#     -6   -25       6.6010009808E-006
#     -6   -24       1.9349874300E-004
#     -6   -23       4.0261962534E-005
#     -6   -22       2.1010075037E-004
#     -6   -21       1.9311037498E-004
#     -6   -20       1.6515438442E-005
#     -6   -19       3.6875126383E-005
#     -6   -18       1.2976583327E-005
#     -6   -17       8.2773172186E-005
#     -6   -16       2.4223350834E-004
#     -6   -15       3.6800605651E-005
#     -6   -14       1.2739577593E-004
#     -6   -13       4.6484044972E-005
#     -6   -12       6.3310968424E-005
#     -6   -11       4.0175603189E-005
#     -6   -10       4.9565317974E-005
#     -6    -9       1.2071488306E-005
#     -6    -8       1.0614314249E-005
#     -6    -7       5.1330280465E-004
#     -6    -6       1.4233398211E-003
#     -6    -5       1.7890664305E-004
#     -6    -4       6.2415293523E-004
#     -6    -3       4.6970487966E-005
#     -6    -2       1.7451496381E-004
#     -6    -1       5.9615962459E-005
#     -6     0       1.5416120398E-005
#     -6     1       8.0851154822E-005
#     -6     2       8.9023515265E-006
#     -6     3       4.9197711052E-004
#     -6     4       9.7256208517E-004
#     -6     5       1.0695452568E-004
#     -6     6       1.5568525661E-004
#     -6     7       6.6279701691E-006
#     -6     8       1.8725551000E-004
#     -6     9       9.2756769223E-004
#     -6    10       1.5553340320E-004
#     -6    11       1.0295829858E-003
#     -6    12       9.4954574488E-005
#     -6    13       4.8150150291E-004
#     -6    14       1.9890995460E-004
#     -6    15       6.0646610429E-005
#     -6    16       5.3409712291E-004
#     -5   -27       1.7576373639E-005
#     -5   -26       1.5994847879E-004
#     -5   -25       4.7763754786E-004
#     -5   -24       1.7890778592E-004
#     -5   -23       2.3560833966E-005
#     -5   -22       2.4351095156E-005
#     -5   -21       3.8444351012E-005
#     -5   -20       1.3205480492E-003
#     -5   -19       1.0004279102E-004
#     -5   -18       4.9724644558E-006
#     -5   -17       4.7305767058E-007
#     -5   -16       1.1860382518E-004
#     -5   -15       1.8315190268E-003
#     -5   -14       1.3500455733E-004
#     -5   -13       8.4645969885E-006
#     -5   -12       8.3750689432E-008
#     -5   -11       2.9044697050E-005
#     -5   -10       1.3392980071E-002
#     -5    -9       2.3315970027E-004
#     -5    -8       2.2291477159E-005
#     -5    -7       7.9530912147E-005
#     -5    -6       7.1600302023E-004
#     -5    -5       1.3668685283E-002
#     -5    -4       5.0844594190E-004
#     -5    -3       3.6121251185E-005
#     -5    -2       4.2796807437E-005
#     -5    -1       7.3754363697E-005
#     -5     0       8.8376859494E-003
#     -5     1       3.4420060982E-004
#     -5     2       2.2491997397E-005
#     -5     3       3.2896237235E-005
#     -5     4       3.5317110298E-004
#     -5     5       1.2943175873E-003
#     -5     6       4.2696494080E-004
#     -5     7       4.2601363886E-005
#     -5     8       1.5625263251E-004
#     -5     9       1.3529577324E-003
#     -5    10       4.9711556948E-002
#     -5    11       7.5223982841E-004
#     -5    12       1.5821638546E-005
#     -5    13       4.8160884592E-005
#     -5    14       3.7827907373E-004
#     -5    15       1.6866298175E-002
#     -4   -28       9.2909236221E-005
#     -4   -27       2.7859877159E-005
#     -4   -26       9.9380371980E-005
#     -4   -25       6.8542203833E-006
#     -4   -24       3.8052372368E-004
#     -4   -23       3.4287631069E-004
#     -4   -22       4.1654744123E-005
#     -4   -21       5.2899892478E-005
#     -4   -20       1.1073672060E-005
#     -4   -19       2.0437854464E-004
#     -4   -18       2.1958937516E-004
#     -4   -17       3.3863030942E-005
#     -4   -16       1.7654619080E-005
#     -4   -15       3.8606514964E-005
#     -4   -14       2.0662801474E-004
#     -4   -13       6.9703030578E-005
#     -4   -12       8.2216212072E-005
#     -4   -11       6.6823116871E-005
#     -4   -10       4.3093437714E-005
#     -4    -9       6.6862582568E-004
#     -4    -8       1.1825703778E-003
#     -4    -7       3.4138340651E-005
#     -4    -6       5.2071659625E-004
#     -4    -5       4.5141400670E-005
#     -4    -4       2.5140207350E-004
#     -4    -3       1.4665101294E-005
#     -4    -2       2.6841032328E-005
#     -4    -1       3.5352881906E-004
#     -4     0       1.4597653370E-005
#     -4     1       2.9789344060E-004
#     -4     2       1.8070273821E-004
#     -4     3       2.3396117429E-005
#     -4     4       1.4441597870E-004
#     -4     5       2.0981992268E-005
#     -4     6       2.2415849110E-004
#     -4     7       1.1486536172E-003
#     -4     8       1.2438122795E-004
#     -4     9       8.0181185087E-004
#     -4    10       1.0501600321E-004
#     -4    11       2.9581227729E-003
#     -4    12       4.3679440519E-004
#     -4    13       3.4233426566E-005
#     -4    14       3.1021090844E-004
#     -3   -28       9.9038126071E-005
#     -3   -27       2.5281961470E-004
#     -3   -26       2.1224115370E-005
#     -3   -25       1.2744531664E-004
#     -3   -24       1.4938648162E-004
#     -3   -23       5.7585504694E-005
#     -3   -22       3.1602671496E-004
#     -3   -21       1.2105906074E-004
#     -3   -20       1.0161634163E-004
#     -3   -19       6.9499191135E-005
#     -3   -18       5.0851184514E-005
#     -3   -17       1.4618320027E-004
#     -3   -16       3.0804646626E-005
#     -3   -15       1.1831105523E-004
#     -3   -14       1.5244386272E-005
#     -3   -13       2.2849033873E-007
#     -3   -12       2.4327726805E-004
#     -3   -11       3.5175535452E-004
#     -3   -10       4.0641426557E-004
#     -3    -9       5.6822379564E-004
#     -3    -8       2.8530976918E-004
#     -3    -7       1.2199533109E-003
#     -3    -6       1.3617023278E-004
#     -3    -5       7.7463843574E-006
#     -3    -4       7.5791039668E-005
#     -3    -3       1.1983777513E-004
#     -3    -2       7.9402404427E-004
#     -3    -1       1.3880884646E-004
#     -3     0       1.5038577552E-005
#     -3     1       3.3089731070E-006
#     -3     2       1.1675925202E-005
#     -3     3       1.6490297328E-005
#     -3     4       3.8362574709E-005
#     -3     5       1.0612463226E-004
#     -3     6       2.3266453584E-004
#     -3     7       2.2836499871E-004
#     -3     8       8.1864803435E-004
#     -3     9       3.8886129368E-004
#     -3    10       4.9271283395E-004
#     -3    11       4.7388477463E-004
#     -3    12       2.7925412054E-006
#     -3    13       1.5887935138E-004
#     -2   -28       2.0584742083E-005
#     -2   -27       9.2701892196E-005
#     -2   -26       1.3624986432E-004
#     -2   -25       1.7515625200E-004
#     -2   -24       1.0273436772E-005
#     -2   -23       3.0193660276E-004
#     -2   -22       1.2893483464E-004
#     -2   -21       9.7758602148E-005
#     -2   -20       7.4581950737E-005
#     -2   -19       5.2327408294E-006
#     -2   -18       1.8287815846E-004
#     -2   -17       1.5693166124E-004
#     -2   -16       6.9318693106E-005
#     -2   -15       2.0168770193E-005
#     -2   -14       1.5729772165E-006
#     -2   -13       6.7220117679E-005
#     -2   -12       1.7403782104E-004
#     -2   -11       1.5514535699E-004
#     -2   -10       3.3612711865E-004
#     -2    -9       4.3347465561E-004
#     -2    -8       1.2109673516E-003
#     -2    -7       1.9109333503E-004
#     -2    -6       1.3721788300E-004
#     -2    -5       5.9471879763E-005
#     -2    -4       2.1121677917E-004
#     -2    -3       5.8928668475E-004
#     -2    -2       2.0417951688E-006
#     -2    -1       2.8439193205E-005
#     -2     0       2.5024250856E-006
#     -2     1       9.7729439839E-005
#     -2     2       5.5290143337E-004
#     -2     3       1.3110562776E-004
#     -2     4       1.0523667420E-005
#     -2     5       3.7983342370E-005
#     -2     6       6.7516971655E-005
#     -2     7       3.3181908718E-006
#     -2     8       5.9795172213E-005
#     -2     9       2.8182416353E-004
#     -2    10       3.4481517818E-004
#     -2    11       3.5217498658E-005
#     -2    12       2.8584611998E-004
#     -1   -27       2.4445490447E-004
#     -1   -26       2.0309746432E-004
#     -1   -25       2.5174966002E-005
#     -1   -24       1.0231565017E-004
#     -1   -23       5.4326633897E-005
#     -1   -22       4.0951734268E-004
#     -1   -21       2.4117643364E-004
#     -1   -20       9.2617933176E-006
#     -1   -19       5.9685076303E-006
#     -1   -18       1.7899101093E-006
#     -1   -17       2.1142159175E-004
#     -1   -16       5.9273943370E-005
#     -1   -15       3.3163373812E-006
#     -1   -14       7.5696181682E-005
#     -1   -13       3.5854487512E-005
#     -1   -12       5.2105668624E-004
#     -1   -11       7.0923775865E-004
#     -1   -10       2.2299065305E-006
#     -1    -9       1.8470096112E-004
#     -1    -8       2.1419364902E-005
#     -1    -7       4.0780506037E-004
#     -1    -6       4.0028576333E-004
#     -1    -5       9.4058857916E-005
#     -1    -4       4.1815970470E-004
#     -1    -3       4.2809938931E-005
#     -1    -2       3.0053847287E-005
#     -1    -1       3.5467669595E-004
#     -1     0       5.3351286771E-005
#     -1     1       9.3503249742E-004
#     -1     2       2.6133223071E-004
#     -1     3       2.5745244343E-004
#     -1     4       9.6076858119E-005
#     -1     5       1.4684482363E-005
#     -1     6       1.1352972115E-004
#     -1     7       2.6550565420E-004
#     -1     8       1.9964159251E-004
#     -1     9       2.4655165312E-004
#     -1    10       5.4368855475E-005
#     -1    11       3.5087654293E-004
#      0   -27       1.5313567993E-005
#      0   -26       3.6825702989E-004
#      0   -25       3.1989567606E-004
#      0   -24       1.8879592492E-004
#      0   -23       3.5775112728E-005
#      0   -22       3.0144452941E-005
#      0   -21       1.6188011412E-004
#      0   -20       2.4956700151E-003
#      0   -19       7.7443058946E-006
#      0   -18       8.4864476135E-007
#      0   -17       4.7812330453E-006
#      0   -16       1.3596495307E-005
#      0   -15       1.4404057468E-002
#      0   -14       7.0570679831E-005
#      0   -13       6.3534537688E-006
#      0   -12       2.1986793411E-005
#      0   -11       2.1980346032E-004
#      0   -10       1.6456259196E-002
#      0    -9       7.1597980679E-005
#      0    -8       6.0145156491E-005
#      0    -7       4.8897155400E-005
#      0    -6       2.1146350529E-004
#      0    -5       1.3761330776E-003
#      0    -4       2.0781719439E-004
#      0    -3       5.0106901770E-005
#      0    -2       1.7459970890E-004
#      0    -1       8.3899699602E-004
#      0     0       4.0502914613E-002
#      0     1       1.3024365418E-003
#      0     2       2.8268924397E-005
#      0     3       2.5246002757E-005
#      0     4       1.7695940108E-004
#      0     5       9.8895667222E-003
#      0     6       6.2698110777E-004
#      0     7       5.6270718665E-005
#      0     8       3.4498372544E-005
#      0     9       2.5287211873E-004
#      0    10       1.4214549008E-002
#      1   -27       3.9714838996E-005
#      1   -26       9.9458502859E-005
#      1   -25       6.7313360277E-005
#      1   -24       4.9848657207E-004
#      1   -23       1.8694917394E-004
#      1   -22       4.1393418019E-005
#      1   -21       1.5156703785E-004
#      1   -20       2.7543824827E-005
#      1   -19       1.5285702219E-005
#      1   -18       8.2105696735E-006
#      1   -17       6.3289047616E-005
#      1   -16       3.4616331744E-006
#      1   -15       2.9048461600E-005
#      1   -14       2.8751013954E-004
#      1   -13       6.9948243525E-005
#      1   -12       9.2380354234E-005
#      1   -11       8.7420260167E-005
#      1   -10       2.1252109204E-005
#      1    -9       1.4459197251E-004
#      1    -8       3.3350254875E-005
#      1    -7       1.8650405646E-006
#      1    -6       2.9913627238E-004
#      1    -5       5.6514298410E-005
#      1    -4       1.3766487650E-004
#      1    -3       2.7805740922E-004
#      1    -2       1.7182614045E-005
#      1    -1       9.1025634354E-004
#      1     0       1.6174314162E-004
#      1     1       1.8564303612E-003
#      1     2       6.4338399739E-004
#      1     3       4.2443136134E-005
#      1     4       1.4467945153E-004
#      1     5       8.9034519034E-005
#      1     6       1.1260700560E-003
#      1     7       2.1645795260E-004
#      1     8       2.9960488644E-005
#      1     9       3.4766420714E-004
#      2   -27       1.6633601795E-004
#      2   -26       1.9191422230E-004
#      2   -25       1.9135561732E-004
#      2   -24       3.1550493746E-004
#      2   -23       1.5316278087E-004
#      2   -22       1.3948160185E-004
#      2   -21       2.5444078841E-005
#      2   -20       7.6204778160E-006
#      2   -19       9.6473364198E-006
#      2   -18       7.5645119886E-005
#      2   -17       1.6656104052E-004
#      2   -16       2.0115244680E-005
#      2   -15       1.8336333739E-004
#      2   -14       7.4291781097E-005
#      2   -13       1.1242972145E-004
#      2   -12       2.2356137587E-004
#      2   -11       6.3670055760E-005
#      2   -10       2.6786666655E-005
#      2    -9       2.5849157846E-005
#      2    -8       6.8842052291E-006
#      2    -7       9.9109680334E-005
#      2    -6       1.7903241340E-006
#      2    -5       1.3183549725E-004
#      2    -4       1.9945307412E-006
#      2    -3       1.9415331388E-004
#      2    -2       1.4593498939E-003
#      2    -1       5.5972835747E-004
#      2     0       3.3379541053E-004
#      2     1       2.6830505271E-004
#      2     2       3.0863544280E-005
#      2     3       2.3968126972E-004
#      2     4       5.7273338427E-004
#      2     5       9.3470580972E-004
#      2     6       2.2549326774E-004
#      2     7       2.7967266712E-004
#      2     8       7.3694638126E-004
#      3   -26       9.2749340495E-005
#      3   -25       1.5602549062E-006
#      3   -24       3.4219148960E-004
#      3   -23       3.6526570730E-004
#      3   -22       6.9138034635E-005
#      3   -21       8.1257570493E-005
#      3   -20       3.7418767728E-005
#      3   -19       8.1150812306E-005
#      3   -18       5.5183965368E-004
#      3   -17       1.8567743048E-004
#      3   -16       2.1420838609E-004
#      3   -15       3.0393968714E-004
#      3   -14       1.5641817895E-004
#      3   -13       3.5681377018E-004
#      3   -12       1.1041630170E-004
#      3   -11       1.9648029799E-004
#      3   -10       4.7314830184E-004
#      3    -9       2.6891831035E-004
#      3    -8       1.3122589364E-003
#      3    -7       2.3736009782E-004
#      3    -6       2.1195512763E-004
#      3    -5       3.8769592079E-005
#      3    -4       5.4699430995E-005
#      3    -3       1.5343305026E-004
#      3    -2       1.7932353480E-004
#      3    -1       7.1208426838E-004
#      3     0       6.2533831567E-004
#      3     1       8.7623359199E-004
#      3     2       2.0972380953E-003
#      3     3       8.4671565968E-004
#      3     4       8.7336121559E-004
#      3     5       1.7950726034E-004
#      3     6       2.1455307585E-004
#      4   -26       1.7268050976E-004
#      4   -25       3.9018761154E-006
#      4   -24       2.0965190057E-004
#      4   -23       1.1415649498E-004
#      4   -22       6.0461476110E-004
#      4   -21       1.4378401912E-004
#      4   -20       7.0308348290E-006
#      4   -19       1.1995112241E-004
#      4   -18       2.4456051365E-005
#      4   -17       1.3748023284E-004
#      4   -16       5.7222816670E-004
#      4   -15       8.5996409291E-005
#      4   -14       3.5541150835E-004
#      4   -13       2.6847260609E-005
#      4   -12       1.1097077565E-003
#      4   -11       1.9623318517E-003
#      4   -10       1.2656088153E-004
#      4    -9       8.5073748545E-004
#      4    -8       1.3901385407E-004
#      4    -7       7.4256373327E-004
#      4    -6       1.1044316707E-004
#      4    -5       8.7985430573E-006
#      4    -4       1.8307670694E-005
#      4    -3       5.1685090773E-005
#      4    -2       2.1243944365E-004
#      4    -1       1.7934564968E-003
#      4     0       2.0559228585E-004
#      4     1       1.4309380444E-003
#      4     2       4.3634635456E-005
#      4     3       1.0909930715E-003
#      4     4       1.0766908134E-003
#      4     5       4.5302375067E-005
#      5   -25       1.3884127695E-003
#      5   -24       2.3512728895E-004
#      5   -23       3.3523028270E-005
#      5   -22       1.0489345563E-005
#      5   -21       1.7248304604E-004
#      5   -20       1.0567473363E-003
#      5   -19       1.0139388018E-004
#      5   -18       3.8992761863E-005
#      5   -17       3.9501033023E-005
#      5   -16       2.6599215550E-004
#      5   -15       1.8295046790E-002
#      5   -14       3.1625946672E-004
#      5   -13       8.1578234665E-005
#      5   -12       2.0202840540E-004
#      5   -11       1.6262075015E-003
#      5   -10       4.8729289160E-002
#      5    -9       1.2149504081E-003
#      5    -8       5.7854304140E-005
#      5    -7       2.7579509529E-005
#      5    -6       3.2009264595E-004
#      5    -5       9.9451361439E-003
#      5    -4       7.6646401625E-005
#      5    -3       1.9135604136E-005
#      5    -2       1.5046003754E-004
#      5    -1       1.0809112988E-003
#      5     0       6.5221906549E-002
#      5     1       8.6700175156E-004
#      5     2       3.8206313823E-004
#      5     3       3.0016924602E-005
#      6   -25       2.4632678412E-005
#      6   -24       3.5841407530E-004
#      6   -23       1.9928056308E-004
#      6   -22       1.4710953397E-005
#      6   -21       3.0112775717E-004
#      6   -20       5.3487623279E-005
#      6   -19       6.9644888475E-005
#      6   -18       2.9823825549E-005
#      6   -17       1.9488457135E-004
#      6   -16       9.1200848912E-005
#      6   -15       9.2624056769E-005
#      6   -14       2.9740349334E-004
#      6   -13       2.3519174672E-004
#      6   -12       1.6949116638E-004
#      6   -11       8.0318876603E-004
#      6   -10       2.1016293284E-004
#      6    -9       1.2982903536E-003
#      6    -8       2.1989774210E-004
#      6    -7       3.8457494348E-006
#      6    -6       4.8461413844E-004
#      6    -5       5.9198521255E-005
#      6    -4       1.4797356666E-003
#      6    -3       6.9379991392E-004
#      6    -2       1.2828256838E-004
#      6    -1       6.7334516445E-004
#      6     0       2.6921000075E-004
#      6     1       1.7709209907E-003
#      6     2       1.0605297826E-003
#      7   -24       7.6360505321E-004
#      7   -23       1.9274397417E-004
#      7   -22       4.2450557408E-004
#      7   -21       2.8343265973E-004
#      7   -20       2.2394834653E-004
#      7   -19       3.9014495094E-004
#      7   -18       1.5288400595E-004
#      7   -17       4.8514480668E-004
#      7   -16       2.3377242842E-004
#      7   -15       7.2489872862E-004
#      7   -14       1.5849817717E-004
#      7   -13       8.9949968218E-005
#      7   -12       1.6329113364E-003
#      7   -11       9.9504072199E-004
#      7   -10       6.6267732353E-004
#      7    -9       3.8178202888E-004
#      7    -8       1.6183216040E-005
#      7    -7       7.6925479281E-004
#      7    -6       9.1990427176E-005
#      7    -5       1.4649847445E-003
#      7    -4       2.2865501017E-004
#      7    -3       6.5267433175E-004
#      7    -2       1.2126471299E-003
#      7    -1       4.4320949804E-004
#      7     0       3.3317491819E-004
#      8   -23       6.1087526056E-004
#      8   -22       2.0108116819E-005
#      8   -21       2.3803616825E-004
#      8   -20       3.6744202655E-004
#      8   -19       3.7292186103E-004
#      8   -18       4.5200636867E-004
#      8   -17       3.8047803039E-004
#      8   -16       4.3847956121E-004
#      8   -15       3.7231906444E-004
#      8   -14       2.2722691631E-004
#      8   -13       1.9361871640E-004
#      8   -12       7.9248281987E-005
#      8   -11       6.8475354858E-004
#      8   -10       3.1309714309E-004
#      8    -9       1.2245045702E-004
#      8    -8       2.9143139783E-004
#      8    -7       4.9831550909E-005
#      8    -6       5.6725750138E-004
#      8    -5       7.1261350892E-005
#      8    -4       3.9248332292E-004
#      8    -3       1.9022092509E-004
#      8    -2       6.0350016127E-004
#      9   -21       8.0088271167E-004
#      9   -20       1.7578517718E-005
#      9   -19       7.2057205662E-004
#      9   -18       1.7335099267E-004
#      9   -17       1.6259609422E-003
#      9   -16       1.3855489099E-003
#      9   -15       7.0696532552E-005
#      9   -14       4.3159284698E-004
#      9   -13       9.5130843316E-006
#      9   -12       9.5687001053E-005
#      9   -11       6.9846614554E-004
#      9   -10       9.3738359879E-005
#      9    -9       1.5680501585E-004
#      9    -8       1.4895400571E-005
#      9    -7       5.7284315809E-004
#      9    -6       5.2045595263E-004
#      9    -5       8.8792757222E-005
#     10   -19       1.5675106503E-004
#     10   -18       8.3018415975E-005
#     10   -17       6.0875729947E-005
#     10   -16       3.4173841058E-004
#     10   -15       2.0677375872E-002
#     10   -14       1.8264547982E-004
#     10   -13       9.1661866831E-005
#     10   -12       9.2969044470E-006
#     10   -11       5.1720742655E-005
#     10   -10       1.3391226385E-002
#     10    -9       3.9129599928E-004
#     10    -8       2.7306142463E-004
