 Diffraction intensities for potential:_5x5_03D10003.in                        
#    -45    11       3.4584077781E-006
#    -45    12       6.5867772600E-005
#    -45    13       6.6034222356E-005
#    -45    14       3.1568155983E-005
#    -45    15       1.0402279706E-004
#    -45    16       2.6026382429E-005
#    -44     7       7.8691285167E-006
#    -44     8       1.6648761422E-005
#    -44     9       6.4053442340E-006
#    -44    10       7.1976210886E-006
#    -44    11       9.1469216665E-006
#    -44    12       5.7588137020E-006
#    -44    13       1.3578882441E-005
#    -44    14       1.0271862183E-005
#    -44    15       1.7360368826E-005
#    -44    16       4.2600020113E-005
#    -44    17       7.4654961840E-006
#    -44    18       4.4969441064E-005
#    -44    19       2.6688342049E-006
#    -44    20       1.7890056655E-005
#    -43     4       7.3557255194E-006
#    -43     5       3.4778740735E-005
#    -43     6       8.4563525395E-007
#    -43     7       7.1855893168E-005
#    -43     8       3.6283056119E-005
#    -43     9       3.1615768062E-005
#    -43    10       8.9834691358E-005
#    -43    11       9.8154031616E-006
#    -43    12       1.4265204686E-004
#    -43    13       4.2140878253E-005
#    -43    14       7.8556702551E-005
#    -43    15       1.0121185481E-004
#    -43    16       6.7202426073E-006
#    -43    17       1.0090324860E-004
#    -43    18       5.1530093843E-005
#    -43    19       5.3156729766E-005
#    -43    20       8.6282653371E-005
#    -43    21       8.5079794312E-006
#    -43    22       1.0922222842E-004
#    -42     2       1.7791871528E-005
#    -42     3       4.8500301494E-005
#    -42     4       1.3940905983E-006
#    -42     5       3.3446013862E-005
#    -42     6       5.3844040663E-006
#    -42     7       3.0055572453E-005
#    -42     8       8.5823085034E-005
#    -42     9       1.5092062022E-005
#    -42    10       1.2044959025E-004
#    -42    11       5.3965046433E-005
#    -42    12       8.4858172540E-005
#    -42    13       1.7700854902E-004
#    -42    14       9.5840945374E-006
#    -42    15       1.2573116873E-004
#    -42    16       6.4505107083E-005
#    -42    17       5.9429169759E-005
#    -42    18       1.4800989262E-004
#    -42    19       1.8144702080E-005
#    -42    20       1.6551392852E-004
#    -42    21       6.2656122361E-005
#    -42    22       7.2031668067E-005
#    -42    23       9.9798522414E-005
#    -41     0       1.5154594674E-005
#    -41     1       1.5962822653E-006
#    -41     2       8.7688887855E-006
#    -41     3       2.4800607620E-006
#    -41     4       1.4766004797E-005
#    -41     5       9.9891679697E-006
#    -41     6       8.7470455781E-007
#    -41     7       2.9980317579E-005
#    -41     8       1.1318897330E-005
#    -41     9       3.0856228216E-005
#    -41    10       3.1849107739E-005
#    -41    11       8.2249511933E-006
#    -41    12       8.9660295366E-005
#    -41    13       1.1928919067E-005
#    -41    14       3.9681897040E-005
#    -41    15       4.9677836157E-005
#    -41    16       1.5112453754E-005
#    -41    17       7.3989792300E-005
#    -41    18       1.3806205271E-005
#    -41    19       4.8043410886E-005
#    -41    20       7.7649954750E-005
#    -41    21       1.1203539843E-005
#    -41    22       9.4318320473E-005
#    -41    23       1.9265727043E-005
#    -41    24       2.7854506611E-005
#    -40    -2       3.3715707948E-005
#    -40    -1       7.0681966635E-006
#    -40     0       1.3208584909E-004
#    -40     1       1.5512329751E-005
#    -40     2       1.0426927245E-004
#    -40     3       3.8217990951E-005
#    -40     4       3.0364353476E-005
#    -40     5       1.2824729120E-004
#    -40     6       2.0312667088E-005
#    -40     7       2.1541830352E-004
#    -40     8       1.5744155805E-004
#    -40     9       2.8531325247E-005
#    -40    10       3.1363574221E-004
#    -40    11       6.7199080677E-005
#    -40    12       2.0388802440E-004
#    -40    13       2.7413010961E-004
#    -40    14       8.9600103459E-005
#    -40    15       3.0562084109E-004
#    -40    16       5.7498937369E-005
#    -40    17       2.1152849582E-004
#    -40    18       3.2414091398E-004
#    -40    19       7.6150808058E-005
#    -40    20       2.8043997706E-004
#    -40    21       9.3112362943E-005
#    -40    22       9.6046607880E-005
#    -40    23       1.6400286735E-004
#    -40    24       5.2917516193E-005
#    -40    25       1.5315130489E-004
#    -39    -4       6.4795261651E-006
#    -39    -3       6.2415389149E-006
#    -39    -2       2.0833212688E-006
#    -39    -1       7.8215633650E-006
#    -39     0       8.2060071030E-006
#    -39     1       1.8143955898E-005
#    -39     2       1.1250080962E-005
#    -39     3       1.7447639542E-005
#    -39     4       1.0057431781E-005
#    -39     5       1.8183890505E-005
#    -39     6       3.8277681242E-005
#    -39     7       6.4438805196E-006
#    -39     8       5.4663161780E-005
#    -39     9       1.5058760464E-005
#    -39    10       3.9822517610E-005
#    -39    11       9.0818799603E-005
#    -39    12       1.7161806657E-005
#    -39    13       1.0395995598E-004
#    -39    14       1.7672872977E-005
#    -39    15       7.2238641028E-005
#    -39    16       7.6939907774E-005
#    -39    17       1.3072735356E-005
#    -39    18       1.5631833928E-004
#    -39    19       1.2901816218E-005
#    -39    20       7.9242886902E-005
#    -39    21       6.2061372175E-005
#    -39    22       1.7108822560E-005
#    -39    23       1.0032459295E-004
#    -39    24       2.3194545024E-005
#    -39    25       5.3195948602E-005
#    -39    26       2.2994479396E-005
#    -38    -5       2.3106866328E-005
#    -38    -4       9.6071542284E-007
#    -38    -3       6.1856537765E-005
#    -38    -2       3.2574851904E-005
#    -38    -1       1.9189081598E-005
#    -38     0       7.2379528346E-005
#    -38     1       2.5142439007E-006
#    -38     2       8.3249771691E-005
#    -38     3       5.6035697681E-005
#    -38     4       4.7171797636E-005
#    -38     5       1.4699942496E-004
#    -38     6       1.1128861665E-005
#    -38     7       1.5963149977E-004
#    -38     8       5.0808692875E-005
#    -38     9       7.7729751889E-005
#    -38    10       2.0901032895E-004
#    -38    11       8.5851980133E-006
#    -38    12       2.5950324545E-004
#    -38    13       1.0426590825E-004
#    -38    14       1.3783147555E-004
#    -38    15       2.6176882170E-004
#    -38    16       2.6954904987E-005
#    -38    17       2.5767501895E-004
#    -38    18       1.7879009657E-004
#    -38    19       1.0496633669E-004
#    -38    20       2.7190778951E-004
#    -38    21       2.5766364642E-005
#    -38    22       3.3000189501E-004
#    -38    23       1.4358724514E-004
#    -38    24       1.2079475276E-004
#    -38    25       1.2907240268E-004
#    -38    26       3.9431837027E-006
#    -37    -7       4.2624510429E-005
#    -37    -6       6.5789352297E-007
#    -37    -5       2.3594816494E-005
#    -37    -4       1.8021665817E-005
#    -37    -3       1.9432336784E-005
#    -37    -2       9.5887642448E-005
#    -37    -1       3.2238959036E-006
#    -37     0       7.9056067082E-005
#    -37     1       3.1941646772E-005
#    -37     2       4.0319827382E-005
#    -37     3       1.4557673800E-004
#    -37     4       1.2301905525E-005
#    -37     5       1.5942294798E-004
#    -37     6       4.2885727526E-005
#    -37     7       6.8841684238E-005
#    -37     8       1.5723122899E-004
#    -37     9       1.2147841419E-005
#    -37    10       2.1906110067E-004
#    -37    11       9.8724832082E-005
#    -37    12       1.2036494830E-004
#    -37    13       2.4983243581E-004
#    -37    14       2.5754966299E-005
#    -37    15       2.2567351877E-004
#    -37    16       1.1691923034E-004
#    -37    17       8.9583728233E-005
#    -37    18       2.6056561219E-004
#    -37    19       2.7273087447E-005
#    -37    20       2.6567907719E-004
#    -37    21       1.1958270354E-004
#    -37    22       1.1604913919E-004
#    -37    23       2.1007915172E-004
#    -37    24       1.3480558383E-005
#    -37    25       1.1512436007E-004
#    -37    26       2.0479085146E-005
#    -37    27       2.8905645488E-005
#    -36    -8       1.2923791555E-005
#    -36    -7       4.4653312537E-006
#    -36    -6       5.2442629563E-006
#    -36    -5       9.7274192991E-006
#    -36    -4       2.2744354641E-005
#    -36    -3       2.1107047761E-005
#    -36    -2       7.8000855939E-006
#    -36    -1       1.8617799895E-005
#    -36     0       1.6493334638E-005
#    -36     1       4.6270237132E-006
#    -36     2       2.9696636313E-005
#    -36     3       2.2137952485E-005
#    -36     4       4.4412556070E-005
#    -36     5       3.4062614641E-005
#    -36     6       2.1623890235E-006
#    -36     7       6.3539942632E-005
#    -36     8       7.0576788809E-006
#    -36     9       5.6729560859E-005
#    -36    10       3.5085634494E-005
#    -36    11       2.4506317544E-005
#    -36    12       6.6799770351E-005
#    -36    13       6.8355785700E-006
#    -36    14       3.8274521094E-005
#    -36    15       5.9856901096E-005
#    -36    16       1.8538978996E-005
#    -36    17       1.0716049864E-004
#    -36    18       2.2103085250E-005
#    -36    19       8.0531108125E-005
#    -36    20       1.1295827845E-004
#    -36    21       1.0418599250E-005
#    -36    22       1.5782764765E-004
#    -36    23       1.3811616780E-005
#    -36    24       7.6325141169E-005
#    -36    25       1.7877451513E-005
#    -36    26       1.0047402180E-005
#    -36    27       1.6620089020E-005
#    -35    -9       1.0103146987E-005
#    -35    -8       6.9844242499E-005
#    -35    -7       2.2168630606E-005
#    -35    -6       1.7645726851E-005
#    -35    -5       1.3567757079E-004
#    -35    -4       2.6367749163E-005
#    -35    -3       1.1938805849E-004
#    -35    -2       8.1318496450E-005
#    -35    -1       1.6889876593E-005
#    -35     0       1.8433318922E-004
#    -35     1       2.9303951656E-005
#    -35     2       2.1383852878E-004
#    -35     3       1.9197304774E-004
#    -35     4       6.1675010217E-005
#    -35     5       9.4780838296E-005
#    -35     6       6.1788252658E-005
#    -35     7       1.6844169294E-004
#    -35     8       1.6287592277E-004
#    -35     9       6.2695162964E-005
#    -35    10       4.8993219006E-004
#    -35    11       3.0153304456E-005
#    -35    12       1.5548591919E-004
#    -35    13       1.6180347587E-004
#    -35    14       3.8179311080E-005
#    -35    15       4.7793878064E-004
#    -35    16       6.6151070129E-005
#    -35    17       1.9874217570E-004
#    -35    18       2.5219703120E-004
#    -35    19       9.1735761613E-005
#    -35    20       4.6347074914E-004
#    -35    21       1.3214499254E-004
#    -35    22       1.9394301299E-004
#    -35    23       1.8508981311E-004
#    -35    24       7.4981728161E-005
#    -35    25       1.9033677966E-004
#    -35    26       1.1598714163E-004
#    -35    27       1.7795872124E-004
#    -34   -11       6.1479882805E-006
#    -34   -10       9.5109037868E-006
#    -34    -9       1.9532863516E-005
#    -34    -8       3.7051352956E-006
#    -34    -7       3.0975134703E-005
#    -34    -6       1.2132534242E-005
#    -34    -5       1.4961215932E-005
#    -34    -4       4.2910203054E-005
#    -34    -3       4.5174046163E-006
#    -34    -2       1.6943290795E-005
#    -34    -1       1.0963890151E-005
#    -34     0       3.3094512694E-005
#    -34     1       7.3494327517E-005
#    -34     2       1.2266705504E-005
#    -34     3       9.6621010402E-005
#    -34     4       1.0033684075E-005
#    -34     5       3.1217322050E-005
#    -34     6       4.0436645435E-005
#    -34     7       5.4828129170E-006
#    -34     8       2.6760843391E-005
#    -34     9       4.1514749431E-006
#    -34    10       2.0435224963E-005
#    -34    11       2.4374721579E-005
#    -34    12       6.4427608540E-006
#    -34    13       6.0960023889E-005
#    -34    14       2.2480962824E-005
#    -34    15       3.4159104757E-005
#    -34    16       7.2331486300E-005
#    -34    17       7.4627347703E-006
#    -34    18       1.2314040906E-004
#    -34    19       4.0901180277E-006
#    -34    20       6.0413643914E-005
#    -34    21       2.4759772187E-005
#    -34    22       2.0348633698E-005
#    -34    23       9.0822269492E-005
#    -34    24       2.5056102105E-005
#    -34    25       4.4496659732E-005
#    -34    26       5.0591644431E-005
#    -34    27       2.2965294686E-005
#    -33   -12       1.7451781723E-005
#    -33   -11       3.4913048416E-005
#    -33   -10       8.0248606099E-005
#    -33    -9       7.4985632580E-006
#    -33    -8       9.1864182927E-005
#    -33    -7       7.8063039887E-005
#    -33    -6       3.8470662232E-005
#    -33    -5       1.3634432607E-004
#    -33    -4       7.1561161801E-006
#    -33    -3       1.4048438241E-004
#    -33    -2       7.0285594209E-005
#    -33    -1       4.3717274855E-005
#    -33     0       1.5136115197E-004
#    -33     1       7.3015239387E-007
#    -33     2       1.9333865720E-004
#    -33     3       7.3663308492E-005
#    -33     4       4.8876987673E-005
#    -33     5       1.1967609871E-004
#    -33     6       9.2387027852E-006
#    -33     7       8.8455292615E-005
#    -33     8       3.3140074033E-005
#    -33     9       5.5020107852E-005
#    -33    10       1.2519361086E-004
#    -33    11       1.8667152975E-005
#    -33    12       1.3119143626E-004
#    -33    13       3.6742857182E-005
#    -33    14       4.9291064301E-005
#    -33    15       8.3706353481E-005
#    -33    16       1.3824252923E-005
#    -33    17       1.8338846052E-004
#    -33    18       1.3911217610E-004
#    -33    19       8.0005501079E-005
#    -33    20       1.4538429207E-004
#    -33    21       1.9858199896E-005
#    -33    22       3.1347672046E-004
#    -33    23       1.1384047007E-004
#    -33    24       8.6157293968E-005
#    -33    25       2.1377239185E-004
#    -33    26       2.0993761504E-005
#    -33    27       8.9670101947E-005
#    -32   -13       3.8714739389E-005
#    -32   -12       1.3354730322E-004
#    -32   -11       6.3736276271E-006
#    -32   -10       1.0988200505E-004
#    -32    -9       4.8897318040E-005
#    -32    -8       4.6694872979E-005
#    -32    -7       1.4398314896E-004
#    -32    -6       4.0646760768E-006
#    -32    -5       1.1938742652E-004
#    -32    -4       5.9764042084E-005
#    -32    -3       4.7121094248E-005
#    -32    -2       1.7225711479E-004
#    -32    -1       6.5380216295E-006
#    -32     0       1.8774958919E-004
#    -32     1       6.7574434251E-005
#    -32     2       6.2012424088E-005
#    -32     3       1.2687094140E-004
#    -32     4       1.4512728125E-005
#    -32     5       1.0088867207E-004
#    -32     6       3.6704463169E-005
#    -32     7       3.8626782989E-005
#    -32     8       8.4389560781E-005
#    -32     9       1.8819239691E-005
#    -32    10       1.0132091649E-004
#    -32    11       4.0549681659E-005
#    -32    12       2.9187327223E-005
#    -32    13       4.1758342697E-005
#    -32    14       3.7474817258E-006
#    -32    15       3.2403014192E-005
#    -32    16       5.7064319265E-005
#    -32    17       2.3470044747E-005
#    -32    18       1.4840210812E-004
#    -32    19       5.7599416085E-006
#    -32    20       7.3454370458E-005
#    -32    21       2.1712992783E-005
#    -32    22       7.9972583020E-005
#    -32    23       3.9589295428E-004
#    -32    24       2.6432905579E-005
#    -32    25       2.5209935303E-004
#    -32    26       1.3593961025E-004
#    -32    27       1.1566405275E-004
#    -32    28       1.3634871679E-004
#    -31   -14       1.9969276567E-006
#    -31   -13       4.1676817008E-005
#    -31   -12       3.8656226958E-006
#    -31   -11       3.6020587809E-005
#    -31   -10       4.1414549411E-005
#    -31    -9       6.2958396055E-007
#    -31    -8       5.5590971321E-005
#    -31    -7       1.4682174112E-005
#    -31    -6       3.8537793718E-005
#    -31    -5       4.4878660506E-005
#    -31    -4       1.3951680487E-005
#    -31    -3       7.4324058225E-005
#    -31    -2       1.7124569783E-005
#    -31    -1       4.1857012825E-005
#    -31     0       2.3151987196E-005
#    -31     1       1.7705084226E-005
#    -31     2       2.0545665560E-005
#    -31     3       1.3599734580E-005
#    -31     4       7.2618520605E-006
#    -31     5       1.8292291662E-005
#    -31     6       2.7260522305E-006
#    -31     7       2.3221267903E-005
#    -31     8       4.0091328868E-006
#    -31     9       1.5655731765E-005
#    -31    10       1.5644718735E-005
#    -31    11       8.3011647925E-006
#    -31    12       4.0569701257E-005
#    -31    13       1.7777531643E-006
#    -31    14       9.5738455542E-006
#    -31    15       2.9011761803E-006
#    -31    16       4.2541220862E-006
#    -31    17       1.6944682482E-005
#    -31    18       1.1018470521E-005
#    -31    19       1.9622652404E-005
#    -31    20       9.4499746263E-006
#    -31    21       3.7831736571E-005
#    -31    22       1.2086448355E-004
#    -31    23       1.1163637721E-005
#    -31    24       1.8451940299E-004
#    -31    25       1.0091018110E-004
#    -31    26       1.9717770479E-005
#    -31    27       7.1349688532E-005
#    -31    28       1.3315712732E-007
#    -30   -15       1.3228770284E-004
#    -30   -14       3.0444168314E-005
#    -30   -13       1.1803046029E-004
#    -30   -12       1.9591131121E-004
#    -30   -11       5.1851186399E-005
#    -30   -10       2.9314452706E-004
#    -30    -9       4.1617455931E-005
#    -30    -8       1.0775523948E-004
#    -30    -7       1.3981966849E-004
#    -30    -6       3.8076927738E-005
#    -30    -5       9.3762244573E-005
#    -30    -4       6.0750346573E-005
#    -30    -3       1.4342102212E-004
#    -30    -2       1.2474138586E-004
#    -30    -1       1.7929486020E-005
#    -30     0       7.1291508696E-004
#    -30     1       1.9951474475E-005
#    -30     2       9.3564909154E-005
#    -30     3       5.9814466970E-005
#    -30     4       1.2309803795E-005
#    -30     5       1.0308613599E-003
#    -30     6       1.7483385169E-005
#    -30     7       9.7394707469E-005
#    -30     8       5.5997071778E-005
#    -30     9       3.4580088370E-005
#    -30    10       9.3060530801E-004
#    -30    11       1.7136519498E-005
#    -30    12       4.9526822148E-005
#    -30    13       4.4041232861E-005
#    -30    14       2.0687107750E-005
#    -30    15       5.3879864403E-004
#    -30    16       4.2650094631E-006
#    -30    17       2.3795071326E-006
#    -30    18       2.6859319434E-005
#    -30    19       1.0533603644E-005
#    -30    20       9.8178528116E-006
#    -30    21       5.7462237917E-005
#    -30    22       2.8368443345E-004
#    -30    23       6.9686867190E-004
#    -30    24       1.4972115921E-004
#    -30    25       5.3986993538E-004
#    -30    26       1.0485121335E-004
#    -30    27       2.8652403507E-004
#    -30    28       3.5970584300E-005
#    -29   -16       3.8050662532E-006
#    -29   -15       2.7421633070E-005
#    -29   -14       2.7969924142E-005
#    -29   -13       1.2846484782E-005
#    -29   -12       7.7973235271E-005
#    -29   -11       8.2250189574E-006
#    -29   -10       3.9323049261E-005
#    -29    -9       3.5959582977E-005
#    -29    -8       8.9372650439E-006
#    -29    -7       6.0773249495E-005
#    -29    -6       2.3173753599E-005
#    -29    -5       1.3188083136E-005
#    -29    -4       5.3431770521E-005
#    -29    -3       4.6482874135E-006
#    -29    -2       3.8911507504E-005
#    -29    -1       1.8442022379E-005
#    -29     0       1.7004086339E-005
#    -29     1       4.8548714171E-005
#    -29     2       9.1420605382E-007
#    -29     3       3.5655616221E-005
#    -29     4       3.2212537600E-006
#    -29     5       4.1174463688E-005
#    -29     6       1.7757070264E-005
#    -29     7       2.7076195966E-005
#    -29     8       1.4682686313E-005
#    -29     9       1.1099411681E-006
#    -29    10       1.8697010371E-005
#    -29    11       6.1950363004E-006
#    -29    12       3.9647109757E-005
#    -29    13       2.0847781493E-005
#    -29    14       9.7205389921E-006
#    -29    15       6.2472476249E-006
#    -29    16       2.7364836069E-005
#    -29    17       2.4990027289E-006
#    -29    18       2.9437434158E-005
#    -29    19       1.1628681189E-005
#    -29    20       3.9910693717E-005
#    -29    21       1.2027209427E-004
#    -29    22       1.8503772759E-005
#    -29    23       2.1043003167E-004
#    -29    24       4.5821308627E-005
#    -29    25       9.3880941943E-005
#    -29    26       5.9909306785E-005
#    -29    27       5.0185925237E-005
#    -28   -16       4.3738323513E-005
#    -28   -15       1.2449772924E-004
#    -28   -14       1.1890777546E-005
#    -28   -13       2.4554702979E-004
#    -28   -12       8.6760739185E-005
#    -28   -11       1.1687212627E-004
#    -28   -10       1.7909579840E-004
#    -28    -9       1.4887922432E-005
#    -28    -8       1.4865390203E-004
#    -28    -7       6.4426043787E-005
#    -28    -6       4.8985351358E-005
#    -28    -5       1.2595544875E-004
#    -28    -4       1.1112718399E-005
#    -28    -3       5.1541235993E-005
#    -28    -2       3.7105264403E-005
#    -28    -1       3.3481050776E-005
#    -28     0       9.8773200681E-005
#    -28     1       3.4231477940E-006
#    -28     2       6.2162383319E-005
#    -28     3       1.8449869823E-005
#    -28     4       1.3780538425E-005
#    -28     5       8.9983579066E-005
#    -28     6       1.9075764235E-006
#    -28     7       1.2820176705E-004
#    -28     8       9.3102258711E-006
#    -28     9       8.0801945012E-006
#    -28    10       9.5953868763E-005
#    -28    11       2.2189141054E-005
#    -28    12       3.1538216597E-004
#    -28    13       1.3156628482E-004
#    -28    14       1.5031360326E-004
#    -28    15       1.3206515459E-004
#    -28    16       4.0605141181E-006
#    -28    17       2.8322568324E-005
#    -28    18       1.1256837789E-005
#    -28    19       1.0195872492E-005
#    -28    20       1.1170690933E-004
#    -28    21       4.6548153461E-007
#    -28    22       2.5522932727E-004
#    -28    23       1.3215416595E-004
#    -28    24       1.5156173778E-004
#    -28    25       3.0610940412E-004
#    -28    26       1.1592945338E-005
#    -28    27       2.2459600657E-004
#    -27   -17       6.0142209442E-005
#    -27   -16       5.3061810134E-006
#    -27   -15       1.4354747347E-004
#    -27   -14       5.8581767388E-005
#    -27   -13       1.3736468059E-004
#    -27   -12       2.4929253732E-004
#    -27   -11       2.1655325119E-005
#    -27   -10       1.5829117088E-004
#    -27    -9       5.0797533884E-005
#    -27    -8       4.6817281006E-005
#    -27    -7       9.1654579201E-005
#    -27    -6       4.1993978187E-006
#    -27    -5       3.7792032966E-005
#    -27    -4       4.9498195416E-005
#    -27    -3       5.3924634004E-006
#    -27    -2       7.5880712303E-005
#    -27    -1       2.5524879066E-006
#    -27     0       9.6028626877E-005
#    -27     1       6.9290384134E-005
#    -27     2       1.6247228699E-005
#    -27     3       6.6797998501E-005
#    -27     4       9.4699752703E-006
#    -27     5       1.1989257468E-004
#    -27     6       1.9804770242E-005
#    -27     7       4.9845139299E-005
#    -27     8       1.1150013164E-004
#    -27     9       9.3350158673E-006
#    -27    10       2.3127438725E-004
#    -27    11       1.0274084576E-004
#    -27    12       2.1551425686E-004
#    -27    13       2.8851245962E-004
#    -27    14       3.6098585557E-006
#    -27    15       1.6100957188E-004
#    -27    16       6.8248065395E-005
#    -27    17       5.6883083330E-006
#    -27    18       7.7035980059E-005
#    -27    19       7.0892180193E-006
#    -27    20       1.3127780367E-004
#    -27    21       1.4441564527E-004
#    -27    22       1.7880406631E-004
#    -27    23       4.2129216100E-004
#    -27    24       4.9928753805E-005
#    -27    25       3.7748850896E-004
#    -27    26       4.9558948298E-005
#    -27    27       1.1119141543E-004
#    -26   -18       1.6217281852E-005
#    -26   -17       1.3829182477E-005
#    -26   -16       3.9291539131E-005
#    -26   -15       4.5042234020E-005
#    -26   -14       1.7837140911E-005
#    -26   -13       9.7321523204E-005
#    -26   -12       1.4299243610E-005
#    -26   -11       4.3555429850E-005
#    -26   -10       4.1589174722E-005
#    -26    -9       1.5054837586E-006
#    -26    -8       3.1774992514E-005
#    -26    -7       4.1527039227E-006
#    -26    -6       1.9633035984E-005
#    -26    -5       1.9911159488E-005
#    -26    -4       5.0684105926E-006
#    -26    -3       3.6104369485E-005
#    -26    -2       8.9604320610E-006
#    -26    -1       4.2939503233E-005
#    -26     0       2.0811367455E-005
#    -26     1       1.3259054690E-005
#    -26     2       1.0840220534E-006
#    -26     3       1.9028633768E-005
#    -26     4       2.4737664070E-005
#    -26     5       9.4774733064E-005
#    -26     6       9.7333531119E-006
#    -26     7       1.0657035417E-004
#    -26     8       1.0095251925E-005
#    -26     9       2.9078484262E-005
#    -26    10       7.9519360077E-005
#    -26    11       2.1138620083E-006
#    -26    12       2.0233035012E-004
#    -26    13       2.4934036942E-005
#    -26    14       1.0972378439E-004
#    -26    15       3.9590233732E-005
#    -26    16       5.4282107803E-005
#    -26    17       1.7355824203E-005
#    -26    18       1.6734861785E-005
#    -26    19       5.8700444185E-005
#    -26    20       6.3131712004E-006
#    -26    21       4.8098790997E-005
#    -26    22       5.3949168263E-005
#    -26    23       2.3849659861E-005
#    -26    24       8.4692509452E-005
#    -26    25       4.0398068203E-005
#    -26    26       7.9124148655E-005
#    -26    27       1.0036050738E-004
#    -25   -19       1.8816819588E-005
#    -25   -18       1.8639807161E-004
#    -25   -17       1.3646116523E-004
#    -25   -16       9.3596022611E-005
#    -25   -15       3.4281313939E-004
#    -25   -14       9.3544121315E-005
#    -25   -13       3.5250152952E-004
#    -25   -12       2.5034325299E-004
#    -25   -11       6.8328637355E-005
#    -25   -10       4.2531800140E-004
#    -25    -9       3.0899076675E-005
#    -25    -8       4.8137419423E-005
#    -25    -7       4.1144495583E-005
#    -25    -6       6.7134937491E-006
#    -25    -5       1.0466169313E-003
#    -25    -4       1.6917451655E-005
#    -25    -3       3.4610476519E-005
#    -25    -2       5.5341049586E-005
#    -25    -1       5.6082935976E-007
#    -25     0       2.2380647538E-003
#    -25     1       1.5693726128E-005
#    -25     2       2.3292990229E-005
#    -25     3       3.6041660458E-005
#    -25     4       1.0487148826E-005
#    -25     5       3.6497710480E-003
#    -25     6       2.9649826429E-005
#    -25     7       3.8346623709E-005
#    -25     8       8.6122034202E-005
#    -25     9       1.1307191716E-005
#    -25    10       5.1026037212E-003
#    -25    11       3.4327288269E-005
#    -25    12       2.0614155863E-004
#    -25    13       1.6277617659E-004
#    -25    14       6.3315743238E-005
#    -25    15       3.1955325405E-003
#    -25    16       4.7574045771E-006
#    -25    17       4.1616241926E-005
#    -25    18       8.3189981699E-005
#    -25    19       8.8792885701E-006
#    -25    20       1.3834310476E-003
#    -25    21       8.0408512046E-005
#    -25    22       3.2806782921E-004
#    -25    23       2.9756398498E-004
#    -25    24       1.0410647077E-004
#    -25    25       1.9371714115E-004
#    -25    26       8.2515074818E-005
#    -25    27       1.3400171107E-004
#    -24   -20       1.7509219974E-005
#    -24   -19       4.1599027915E-005
#    -24   -18       6.9695665763E-006
#    -24   -17       7.9497840684E-005
#    -24   -16       1.2805234024E-005
#    -24   -15       9.7959085291E-005
#    -24   -14       8.5142660009E-005
#    -24   -13       2.1666076785E-005
#    -24   -12       5.8531301787E-005
#    -24   -11       2.1132738948E-006
#    -24   -10       2.0418460892E-005
#    -24    -9       1.2221488610E-005
#    -24    -8       2.3502573979E-006
#    -24    -7       8.6447047180E-006
#    -24    -6       1.0755637572E-005
#    -24    -5       6.4800397536E-006
#    -24    -4       3.3283696752E-005
#    -24    -3       4.1628076942E-006
#    -24    -2       1.6016086426E-005
#    -24    -1       1.3065048409E-005
#    -24     0       1.0212307514E-005
#    -24     1       1.5476125460E-006
#    -24     2       1.5212498674E-005
#    -24     3       2.4902768248E-005
#    -24     4       3.6590315047E-005
#    -24     5       2.0740164055E-008
#    -24     6       1.8910243531E-005
#    -24     7       1.1683676359E-005
#    -24     8       7.9994356549E-006
#    -24     9       2.5025276898E-006
#    -24    10       4.4609370828E-005
#    -24    11       2.3484792688E-005
#    -24    12       3.0372870763E-005
#    -24    13       7.4855314351E-005
#    -24    14       2.6099497325E-005
#    -24    15       4.4945620473E-005
#    -24    16       1.1788552218E-004
#    -24    17       5.2528851439E-006
#    -24    18       1.4240319287E-004
#    -24    19       6.8359217504E-005
#    -24    20       1.3344100702E-004
#    -24    21       1.3465148091E-004
#    -24    22       2.3772230688E-005
#    -24    23       1.3742104093E-004
#    -24    24       1.8130536333E-006
#    -24    25       1.6755431564E-004
#    -24    26       3.2260945586E-004
#    -23   -20       1.3572320150E-004
#    -23   -19       1.3345703110E-005
#    -23   -18       2.4195494577E-004
#    -23   -17       8.8153569032E-005
#    -23   -16       1.4200752922E-004
#    -23   -15       3.4645955032E-004
#    -23   -14       2.5679372213E-005
#    -23   -13       2.5507618847E-004
#    -23   -12       6.1730768692E-005
#    -23   -11       5.1474631195E-005
#    -23   -10       8.7383606978E-005
#    -23    -9       1.9917676847E-005
#    -23    -8       5.2233047442E-005
#    -23    -7       4.1509652773E-005
#    -23    -6       4.2636146913E-005
#    -23    -5       1.0306627014E-004
#    -23    -4       8.3899341853E-006
#    -23    -3       2.9915368619E-005
#    -23    -2       1.0797490926E-005
#    -23    -1       4.6594516588E-005
#    -23     0       1.4941969184E-004
#    -23     1       3.3858611918E-005
#    -23     2       3.1726676126E-004
#    -23     3       8.5100367945E-005
#    -23     4       4.0112904975E-005
#    -23     5       1.1556858325E-005
#    -23     6       1.2742435340E-006
#    -23     7       9.2916804999E-005
#    -23     8       5.0948353161E-005
#    -23     9       6.7178578761E-005
#    -23    10       2.3767528466E-004
#    -23    11       2.0604663545E-005
#    -23    12       4.2629985633E-004
#    -23    13       1.7196846365E-004
#    -23    14       1.9287913100E-004
#    -23    15       3.0970439256E-004
#    -23    16       2.3852820495E-006
#    -23    17       1.2496153783E-004
#    -23    18       6.5443335146E-005
#    -23    19       4.1838199573E-005
#    -23    20       3.3816120978E-004
#    -23    21       1.6814034769E-005
#    -23    22       2.8715055387E-004
#    -23    23       1.5972109761E-004
#    -23    24       1.4229871375E-004
#    -23    25       5.4630931707E-004
#    -23    26       9.3325782665E-007
#    -22   -21       1.9557234980E-005
#    -22   -20       1.1749739177E-004
#    -22   -19       8.5670988181E-005
#    -22   -18       1.0639020019E-004
#    -22   -17       2.3926678630E-004
#    -22   -16       1.6766587997E-005
#    -22   -15       2.9335726971E-004
#    -22   -14       5.3302106096E-005
#    -22   -13       9.8430431805E-005
#    -22   -12       7.6280794009E-005
#    -22   -11       1.8226019541E-005
#    -22   -10       3.9930941865E-005
#    -22    -9       1.5001531155E-005
#    -22    -8       1.3599724506E-005
#    -22    -7       8.0722117833E-005
#    -22    -6       2.2550628039E-005
#    -22    -5       1.2013966915E-004
#    -22    -4       7.0299018190E-005
#    -22    -3       3.5786597064E-005
#    -22    -2       8.9804545307E-005
#    -22    -1       2.4860852255E-005
#    -22     0       4.3367974202E-004
#    -22     1       1.4095539077E-004
#    -22     2       1.4067402750E-004
#    -22     3       1.8184316437E-004
#    -22     4       2.5647570802E-005
#    -22     5       1.3032696167E-004
#    -22     6       5.4666314763E-005
#    -22     7       1.3043627503E-004
#    -22     8       4.0633582390E-004
#    -22     9       3.2090046519E-005
#    -22    10       5.7147323696E-004
#    -22    11       1.7978195640E-004
#    -22    12       2.3608495233E-004
#    -22    13       5.0730032600E-004
#    -22    14       2.1878021427E-006
#    -22    15       4.2554740865E-004
#    -22    16       1.7658403679E-004
#    -22    17       8.0988663793E-005
#    -22    18       3.1011112147E-004
#    -22    19       4.8304140325E-005
#    -22    20       3.6748027510E-004
#    -22    21       1.4857671155E-004
#    -22    22       2.7389163016E-004
#    -22    23       2.7545490753E-004
#    -22    24       2.6343653472E-005
#    -22    25       1.1829450978E-004
#    -22    26       2.2486120907E-004
#    -21   -22       1.0506919580E-005
#    -21   -21       2.1748592667E-005
#    -21   -20       6.9803920329E-005
#    -21   -19       2.4482779033E-005
#    -21   -18       1.0620974557E-004
#    -21   -17       1.6038605057E-005
#    -21   -16       1.1962668418E-004
#    -21   -15       8.6776884373E-005
#    -21   -14       2.0370091612E-005
#    -21   -13       3.8764131774E-005
#    -21   -12       5.9184581605E-006
#    -21   -11       1.0271568023E-005
#    -21   -10       1.6986132871E-005
#    -21    -9       9.2570584023E-007
#    -21    -8       1.5266253575E-005
#    -21    -7       3.1528795836E-006
#    -21    -6       2.8720955547E-005
#    -21    -5       1.7888488149E-005
#    -21    -4       3.3306545358E-006
#    -21    -3       4.0649815732E-005
#    -21    -2       1.7663910705E-005
#    -21    -1       1.4103061909E-004
#    -21     0       1.1032156960E-004
#    -21     1       4.3886439387E-005
#    -21     2       2.8205700188E-005
#    -21     3       1.5003185362E-005
#    -21     4       7.4154844080E-006
#    -21     5       9.4784335534E-005
#    -21     6       1.3181805665E-005
#    -21     7       1.7409913737E-004
#    -21     8       4.5577847631E-005
#    -21     9       9.5122902784E-005
#    -21    10       2.0670693302E-004
#    -21    11       3.1354665211E-005
#    -21    12       3.2644844110E-004
#    -21    13       2.3338488218E-005
#    -21    14       2.4062575170E-004
#    -21    15       1.0620465997E-004
#    -21    16       4.7532812196E-005
#    -21    17       2.8503783192E-005
#    -21    18       6.8242045016E-005
#    -21    19       4.1534920736E-005
#    -21    20       6.6805550701E-005
#    -21    21       1.9616450891E-005
#    -21    22       1.2911130564E-004
#    -21    23       1.0461931308E-004
#    -21    24       4.4689674348E-004
#    -21    25       8.6322827582E-005
#    -20   -22       1.0890357013E-004
#    -20   -21       2.8890394967E-005
#    -20   -20       2.1324684036E-004
#    -20   -19       4.4436245830E-005
#    -20   -18       3.9945017564E-004
#    -20   -17       2.4558537398E-004
#    -20   -16       9.6313785642E-005
#    -20   -15       5.2096024036E-004
#    -20   -14       2.9659986885E-005
#    -20   -13       1.4085337187E-004
#    -20   -12       5.9190439589E-005
#    -20   -11       2.0385859310E-005
#    -20   -10       8.7393618201E-004
#    -20    -9       2.2013775021E-006
#    -20    -8       6.0614273095E-005
#    -20    -7       1.5220762855E-004
#    -20    -6       5.2665298752E-005
#    -20    -5       4.0019434974E-003
#    -20    -4       5.4343132009E-006
#    -20    -3       1.4180829965E-004
#    -20    -2       1.7713989203E-004
#    -20    -1       5.3955415129E-005
#    -20     0       1.3291519224E-002
#    -20     1       1.2799779471E-005
#    -20     2       4.4238669455E-006
#    -20     3       2.3008453455E-005
#    -20     4       8.3288624794E-006
#    -20     5       1.2929882003E-002
#    -20     6       6.9050742703E-005
#    -20     7       1.7333131270E-004
#    -20     8       1.9243758705E-004
#    -20     9       6.6639420599E-005
#    -20    10       8.3828028662E-003
#    -20    11       1.3015809200E-004
#    -20    12       3.9926156705E-004
#    -20    13       4.2940142721E-004
#    -20    14       8.2498632499E-005
#    -20    15       1.7153229541E-003
#    -20    16       4.2611579438E-005
#    -20    17       1.3521584279E-004
#    -20    18       1.3352340657E-004
#    -20    19       2.6995754959E-006
#    -20    20       2.5628873480E-003
#    -20    21       1.7994199435E-004
#    -20    22       1.5620149705E-004
#    -20    23       4.0641167386E-004
#    -20    24       2.3622514183E-004
#    -20    25       1.6966921252E-003
#    -19   -23       4.7185353779E-006
#    -19   -22       8.2660746814E-005
#    -19   -21       8.1584767302E-006
#    -19   -20       5.5172537472E-005
#    -19   -19       8.5823042831E-005
#    -19   -18       1.4834309662E-005
#    -19   -17       1.2465537616E-004
#    -19   -16       2.0207733626E-005
#    -19   -15       5.3444136721E-005
#    -19   -14       1.8361247573E-005
#    -19   -13       9.1851207218E-006
#    -19   -12       3.2339713265E-006
#    -19   -11       5.4939842517E-006
#    -19   -10       8.9735608003E-006
#    -19    -9       2.8848135878E-005
#    -19    -8       9.5536992132E-006
#    -19    -7       8.9966288057E-005
#    -19    -6       1.8388700325E-006
#    -19    -5       1.7722286436E-005
#    -19    -4       1.6108669278E-005
#    -19    -3       3.1185084908E-005
#    -19    -2       3.6223218417E-005
#    -19    -1       2.8544312653E-005
#    -19     0       7.0399256582E-006
#    -19     1       3.6071498892E-005
#    -19     2       2.3198373462E-005
#    -19     3       4.8127533557E-005
#    -19     4       5.6366640746E-005
#    -19     5       8.6363860697E-006
#    -19     6       1.4585997255E-005
#    -19     7       3.8908669917E-006
#    -19     8       4.1732045953E-005
#    -19     9       4.0699225800E-005
#    -19    10       3.7836750110E-005
#    -19    11       1.1968019378E-004
#    -19    12       3.2432394898E-006
#    -19    13       1.4525913887E-004
#    -19    14       3.5641094762E-005
#    -19    15       1.9002929227E-004
#    -19    16       2.9033395569E-005
#    -19    17       2.3321541957E-005
#    -19    18       6.0579277305E-006
#    -19    19       2.2459934136E-005
#    -19    20       1.8547494454E-005
#    -19    21       4.6918562803E-006
#    -19    22       4.5951823567E-005
#    -19    23       1.9227774631E-004
#    -19    24       9.5242951055E-006
#    -19    25       2.1174439922E-004
#    -18   -23       9.4212049369E-005
#    -18   -22       2.2615443501E-005
#    -18   -21       8.5786372786E-005
#    -18   -20       2.1934593798E-004
#    -18   -19       8.2007815491E-006
#    -18   -18       2.5084491621E-004
#    -18   -17       5.3876191164E-005
#    -18   -16       1.2015403904E-004
#    -18   -15       1.0621244013E-004
#    -18   -14       2.4851643191E-005
#    -18   -13       2.8926591466E-005
#    -18   -12       4.9161190065E-005
#    -18   -11       2.8105282134E-006
#    -18   -10       1.1336435741E-004
#    -18    -9       3.2366742907E-006
#    -18    -8       1.0462991179E-004
#    -18    -7       2.3147962865E-005
#    -18    -6       1.9725162702E-006
#    -18    -5       3.0406940681E-005
#    -18    -4       6.0813346692E-006
#    -18    -3       6.5781280046E-005
#    -18    -2       2.1008288323E-005
#    -18    -1       6.7229985816E-005
#    -18     0       3.0874834057E-004
#    -18     1       3.8731427200E-005
#    -18     2       6.8984242013E-004
#    -18     3       1.9077078606E-004
#    -18     4       8.0750355544E-005
#    -18     5       9.2678339878E-005
#    -18     6       2.2007789293E-005
#    -18     7       4.1124567143E-004
#    -18     8       1.7759555502E-004
#    -18     9       1.8742687196E-004
#    -18    10       2.2030478582E-004
#    -18    11       5.1237355563E-006
#    -18    12       4.8797264416E-005
#    -18    13       8.5579703388E-005
#    -18    14       4.2883641977E-005
#    -18    15       2.0212963063E-004
#    -18    16       7.8103387010E-005
#    -18    17       2.3014566008E-004
#    -18    18       4.6244733438E-005
#    -18    19       6.4392887292E-006
#    -18    20       1.0444147303E-005
#    -18    21       3.2904053367E-005
#    -18    22       4.4733328066E-004
#    -18    23       6.2639473847E-005
#    -18    24       1.7892685286E-004
#    -17   -24       3.7213501705E-005
#    -17   -23       8.4251726489E-005
#    -17   -22       1.9727287429E-004
#    -17   -21       5.4122937146E-006
#    -17   -20       2.5770571432E-004
#    -17   -19       1.1900154439E-004
#    -17   -18       7.1538408449E-005
#    -17   -17       1.9267444968E-004
#    -17   -16       8.1521863021E-006
#    -17   -15       7.5313491748E-005
#    -17   -14       8.0471600445E-006
#    -17   -13       8.2631994083E-006
#    -17   -12       1.7366716192E-004
#    -17   -11       3.3378426487E-005
#    -17   -10       2.0930499695E-004
#    -17    -9       1.0371659513E-004
#    -17    -8       4.2768313197E-005
#    -17    -7       1.5606233210E-005
#    -17    -6       5.5571563873E-006
#    -17    -5       1.6657622155E-004
#    -17    -4       1.6888461519E-004
#    -17    -3       8.9129250011E-005
#    -17    -2       1.1909456191E-004
#    -17    -1       3.8515141927E-005
#    -17     0       9.6029613195E-004
#    -17     1       5.5881545567E-004
#    -17     2       3.5748699682E-004
#    -17     3       8.7600666519E-004
#    -17     4       8.2982799198E-005
#    -17     5       6.2949956946E-004
#    -17     6       1.9513874719E-004
#    -17     7       3.2594408659E-004
#    -17     8       7.1658169011E-004
#    -17     9       6.7829751747E-005
#    -17    10       1.7992691856E-004
#    -17    11       4.5692306766E-005
#    -17    12       1.0316681217E-005
#    -17    13       1.4513524087E-004
#    -17    14       6.6561738283E-006
#    -17    15       1.2426866313E-005
#    -17    16       1.5489026736E-005
#    -17    17       1.6317104915E-005
#    -17    18       1.2070942052E-004
#    -17    19       9.2856631299E-006
#    -17    20       1.5045897970E-004
#    -17    21       7.6799168066E-005
#    -17    22       2.0222761905E-005
#    -17    23       6.3342920697E-005
#    -17    24       2.1718616113E-004
#    -16   -24       7.2256096401E-006
#    -16   -23       1.5494212631E-004
#    -16   -22       2.6766003029E-005
#    -16   -21       4.6186745315E-005
#    -16   -20       7.4758717177E-005
#    -16   -19       2.8839357570E-005
#    -16   -18       1.1365552267E-004
#    -16   -17       1.3475819482E-005
#    -16   -16       3.4433154303E-005
#    -16   -15       4.1092108783E-006
#    -16   -14       1.4953915862E-006
#    -16   -13       4.2037620247E-005
#    -16   -12       4.4890906200E-005
#    -16   -11       5.3642802116E-005
#    -16   -10       5.4735124307E-005
#    -16    -9       4.2804886870E-006
#    -16    -8       7.0670235622E-006
#    -16    -7       1.4188480914E-005
#    -16    -6       9.3967716005E-005
#    -16    -5       2.7001395163E-005
#    -16    -4       1.7824666318E-005
#    -16    -3       3.4639271061E-005
#    -16    -2       3.4720779676E-005
#    -16    -1       4.3106400283E-004
#    -16     0       5.1209404194E-004
#    -16     1       1.7296174713E-004
#    -16     2       4.5348914934E-004
#    -16     3       8.1680260212E-005
#    -16     4       1.3333229495E-004
#    -16     5       3.1929797903E-004
#    -16     6       4.8532994364E-005
#    -16     7       4.2772295002E-004
#    -16     8       8.9337974125E-006
#    -16     9       3.4910505192E-005
#    -16    10       2.0158402608E-005
#    -16    11       1.6722179893E-005
#    -16    12       1.1761354317E-004
#    -16    13       2.5574548679E-005
#    -16    14       5.3529411927E-005
#    -16    15       4.3182523014E-005
#    -16    16       7.2361050520E-005
#    -16    17       3.9240623937E-005
#    -16    18       1.3323122955E-004
#    -16    19       6.6295334637E-005
#    -16    20       2.5921687495E-004
#    -16    21       1.3685597981E-005
#    -16    22       8.8265744115E-005
#    -16    23       1.2456065557E-004
#    -15   -25       1.4708264058E-004
#    -15   -24       3.9947967363E-005
#    -15   -23       2.0397192151E-004
#    -15   -22       2.6845891605E-004
#    -15   -21       8.7664069434E-005
#    -15   -20       3.5113363429E-004
#    -15   -19       2.2895754510E-005
#    -15   -18       1.6498731283E-004
#    -15   -17       5.8711966301E-005
#    -15   -16       9.4039079704E-006
#    -15   -15       5.9814220112E-004
#    -15   -14       1.2234337101E-004
#    -15   -13       2.2575007527E-004
#    -15   -12       5.3633600378E-004
#    -15   -11       6.1402835391E-005
#    -15   -10       5.6811059572E-003
#    -15    -9       4.2301253530E-005
#    -15    -8       1.0737496683E-004
#    -15    -7       2.3563182398E-004
#    -15    -6       9.3540777100E-005
#    -15    -5       1.2558121676E-002
#    -15    -4       6.0868759416E-005
#    -15    -3       4.1836312862E-004
#    -15    -2       8.5926010271E-004
#    -15    -1       3.5729315391E-004
#    -15     0       2.3590120066E-002
#    -15     1       5.1827060942E-004
#    -15     2       1.1531308003E-003
#    -15     3       6.1527135549E-004
#    -15     4       1.6842347347E-004
#    -15     5       2.4111374781E-002
#    -15     6       1.1299376028E-004
#    -15     7       3.3761777255E-004
#    -15     8       9.9297870753E-005
#    -15     9       4.9706310952E-006
#    -15    10       1.3935281912E-002
#    -15    11       1.0673461907E-004
#    -15    12       1.2263925045E-004
#    -15    13       5.1812520416E-005
#    -15    14       4.1707850118E-005
#    -15    15       1.4279483981E-002
#    -15    16       1.0813288940E-005
#    -15    17       2.3912921858E-004
#    -15    18       4.6143339011E-004
#    -15    19       1.9717387023E-004
#    -15    20       9.2425742432E-004
#    -15    21       2.5077948959E-004
#    -15    22       3.6233001633E-004
#    -15    23       5.8527580002E-004
#    -14   -25       9.0441886978E-005
#    -14   -24       6.9774541311E-005
#    -14   -23       1.0807180808E-005
#    -14   -22       1.1936027452E-004
#    -14   -21       4.7915478066E-006
#    -14   -20       7.2324101531E-005
#    -14   -19       4.3133260994E-005
#    -14   -18       1.8135383068E-006
#    -14   -17       1.5312691749E-005
#    -14   -16       2.2537184480E-006
#    -14   -15       1.0337471727E-005
#    -14   -14       6.1293638271E-005
#    -14   -13       4.9690893378E-006
#    -14   -12       1.0997429715E-004
#    -14   -11       1.5472024371E-005
#    -14   -10       1.0971822796E-005
#    -14    -9       1.0994016351E-004
#    -14    -8       3.2330263397E-005
#    -14    -7       2.1273777636E-004
#    -14    -6       2.0527633364E-005
#    -14    -5       4.5113728748E-005
#    -14    -4       1.7176011956E-005
#    -14    -3       9.3735778808E-005
#    -14    -2       3.9608681652E-004
#    -14    -1       2.1591250080E-004
#    -14     0       3.2972642976E-004
#    -14     1       3.1931435254E-004
#    -14     2       5.0745178089E-005
#    -14     3       1.1399497073E-004
#    -14     4       2.5100277194E-005
#    -14     5       6.4661761310E-005
#    -14     6       4.8509164789E-006
#    -14     7       3.2832531396E-005
#    -14     8       3.4664430293E-005
#    -14     9       3.8739290966E-005
#    -14    10       6.5080331890E-005
#    -14    11       1.4467463010E-004
#    -14    12       2.4101888777E-005
#    -14    13       7.8863663322E-005
#    -14    14       8.1306052475E-006
#    -14    15       2.4043003727E-004
#    -14    16       6.0874262376E-005
#    -14    17       3.6333096881E-005
#    -14    18       9.4329733175E-006
#    -14    19       9.3200650589E-005
#    -14    20       1.9830123890E-004
#    -14    21       3.3650843479E-004
#    -14    22       2.7910449650E-004
#    -13   -26       2.1866760615E-005
#    -13   -25       1.8170443778E-004
#    -13   -24       2.9634943540E-005
#    -13   -23       3.2268942963E-004
#    -13   -22       1.0976366174E-004
#    -13   -21       4.9081202603E-005
#    -13   -20       9.6178308231E-005
#    -13   -19       1.0343678638E-005
#    -13   -18       1.0635622860E-005
#    -13   -17       1.4704089879E-006
#    -13   -16       6.6238855369E-005
#    -13   -15       1.7078765476E-004
#    -13   -14       7.9206165546E-005
#    -13   -13       2.4644774582E-004
#    -13   -12       1.3160125520E-004
#    -13   -11       3.1830583201E-005
#    -13   -10       3.9863316659E-004
#    -13    -9       2.4624731757E-005
#    -13    -8       3.5433215063E-004
#    -13    -7       8.2656196167E-005
#    -13    -6       8.2843515693E-006
#    -13    -5       1.3168420958E-004
#    -13    -4       3.2250527711E-005
#    -13    -3       1.2070409234E-003
#    -13    -2       6.9086474567E-004
#    -13    -1       3.4453762811E-004
#    -13     0       4.0769802159E-004
#    -13     1       2.9876447952E-006
#    -13     2       1.6918611228E-006
#    -13     3       1.0908406323E-005
#    -13     4       1.7355785259E-005
#    -13     5       3.0285958427E-004
#    -13     6       3.9852154579E-005
#    -13     7       6.6263201603E-004
#    -13     8       3.7351194134E-004
#    -13     9       3.1888009137E-004
#    -13    10       8.3798460201E-004
#    -13    11       6.2165702979E-005
#    -13    12       4.3086785101E-004
#    -13    13       7.5610233615E-005
#    -13    14       9.7153246724E-005
#    -13    15       4.0012981924E-004
#    -13    16       1.1119147314E-004
#    -13    17       2.6665029371E-004
#    -13    18       1.0667716822E-004
#    -13    19       8.1057327902E-005
#    -13    20       7.1410246573E-004
#    -13    21       3.2434585195E-005
#    -12   -26       5.3961585444E-006
#    -12   -25       1.5917430224E-004
#    -12   -24       1.2886202639E-004
#    -12   -23       8.4490448158E-005
#    -12   -22       3.0778241490E-004
#    -12   -21       1.3428673089E-005
#    -12   -20       1.1957989129E-004
#    -12   -19       2.5097834675E-005
#    -12   -18       4.0806517174E-006
#    -12   -17       7.4682495738E-006
#    -12   -16       3.2685694088E-005
#    -12   -15       1.2966813951E-004
#    -12   -14       8.4636276790E-005
#    -12   -13       6.5351393168E-005
#    -12   -12       2.8557621906E-004
#    -12   -11       7.1805101035E-005
#    -12   -10       5.5128786518E-004
#    -12    -9       3.2074263259E-004
#    -12    -8       4.8243008671E-005
#    -12    -7       4.9125173959E-005
#    -12    -6       1.2030833055E-005
#    -12    -5       7.4742686145E-004
#    -12    -4       5.0216449223E-004
#    -12    -3       2.8877714295E-004
#    -12    -2       6.4618714567E-004
#    -12    -1       3.4689749809E-005
#    -12     0       5.2806468336E-006
#    -12     1       6.6573182953E-005
#    -12     2       1.0942485104E-004
#    -12     3       5.3432329757E-004
#    -12     4       1.1097635908E-004
#    -12     5       1.5997193117E-003
#    -12     6       5.6342057500E-004
#    -12     7       8.3676630414E-004
#    -12     8       1.4484780657E-003
#    -12     9       1.5553145519E-004
#    -12    10       9.7565262461E-004
#    -12    11       3.8255098777E-004
#    -12    12       1.0514376749E-004
#    -12    13       1.7044197513E-004
#    -12    14       4.6793346315E-006
#    -12    15       3.2909409736E-004
#    -12    16       2.3095146126E-004
#    -12    17       1.1259525493E-004
#    -12    18       2.3544327348E-004
#    -12    19       4.0146133501E-005
#    -12    20       7.4140537448E-004
#    -12    21       4.4016262965E-004
#    -11   -26       3.3715685808E-005
#    -11   -25       5.6495215629E-005
#    -11   -24       1.0765586296E-005
#    -11   -23       2.2893793086E-004
#    -11   -22       2.8436358359E-005
#    -11   -21       1.5801521860E-005
#    -11   -20       2.0225009713E-005
#    -11   -19       3.4467036905E-006
#    -11   -18       8.7217511888E-006
#    -11   -17       1.2566781695E-006
#    -11   -16       4.0526078314E-005
#    -11   -15       3.7759179541E-005
#    -11   -14       3.9678085330E-006
#    -11   -13       1.0710025024E-004
#    -11   -12       3.4701752573E-005
#    -11   -11       1.5274825440E-004
#    -11   -10       1.8815668355E-004
#    -11    -9       8.6478292575E-006
#    -11    -8       5.0990893124E-005
#    -11    -7       3.3952174909E-005
#    -11    -6       2.9676880845E-004
#    -11    -5       3.0918010521E-004
#    -11    -4       7.1743949284E-005
#    -11    -3       1.5011038227E-004
#    -11    -2       5.9101352303E-007
#    -11    -1       5.6587911449E-005
#    -11     0       2.5860289140E-004
#    -11     1       5.5321374608E-005
#    -11     2       5.2995581000E-004
#    -11     3       1.0624523053E-004
#    -11     4       4.9332803604E-004
#    -11     5       8.6902644378E-004
#    -11     6       7.7032413292E-005
#    -11     7       8.1469427789E-004
#    -11     8       4.1567390837E-005
#    -11     9       2.7961397593E-004
#    -11    10       1.9474783288E-004
#    -11    11       3.1141050672E-005
#    -11    12       1.9621325375E-005
#    -11    13       4.0820423316E-005
#    -11    14       3.2692767661E-004
#    -11    15       1.7959027190E-004
#    -11    16       2.4627430888E-004
#    -11    17       1.5501529432E-004
#    -11    18       2.5741117584E-004
#    -11    19       7.5302998134E-004
#    -11    20       7.3332838461E-005
#    -10   -27       8.4630031731E-005
#    -10   -26       1.9538430583E-005
#    -10   -25       4.0866440763E-004
#    -10   -24       1.2731209973E-004
#    -10   -23       3.3395338641E-004
#    -10   -22       2.4421402215E-004
#    -10   -21       6.6218899687E-005
#    -10   -20       1.4633848763E-005
#    -10   -19       1.0122222886E-005
#    -10   -18       8.4622604536E-005
#    -10   -17       1.9094280417E-005
#    -10   -16       4.0929245227E-005
#    -10   -15       3.0841951610E-003
#    -10   -14       9.1333156794E-005
#    -10   -13       4.2802189122E-004
#    -10   -12       7.1325308609E-004
#    -10   -11       2.6594317149E-004
#    -10   -10       8.2295618168E-003
#    -10    -9       1.1713589933E-004
#    -10    -8       5.9891956100E-004
#    -10    -7       7.1016307589E-004
#    -10    -6       2.7135252645E-004
#    -10    -5       2.2956402648E-002
#    -10    -4       1.2906590310E-004
#    -10    -3       9.2742156231E-006
#    -10    -2       2.8167154968E-004
#    -10    -1       2.0731753406E-004
#    -10     0       3.4089522791E-002
#    -10     1       6.6469304603E-004
#    -10     2       2.0512506629E-003
#    -10     3       1.5191492827E-003
#    -10     4       4.4696340174E-004
#    -10     5       1.3927636774E-002
#    -10     6       4.5617098297E-004
#    -10     7       1.5299237261E-003
#    -10     8       1.1590437864E-003
#    -10     9       3.9794343846E-004
#    -10    10       1.5848380035E-002
#    -10    11       3.6677394827E-005
#    -10    12       1.9059493213E-004
#    -10    13       4.4038278688E-004
#    -10    14       1.8483085567E-004
#    -10    15       1.8904960054E-002
#    -10    16       2.0558165403E-004
#    -10    17       6.1316701285E-004
#    -10    18       4.3253386252E-004
#    -10    19       3.1535639036E-004
#     -9   -27       2.1137663601E-005
#     -9   -26       3.6976836514E-005
#     -9   -25       5.9923492050E-005
#     -9   -24       5.8590585834E-005
#     -9   -23       4.2941569499E-005
#     -9   -22       1.0850885776E-004
#     -9   -21       1.2992313009E-005
#     -9   -20       5.1585427420E-005
#     -9   -19       6.3024493717E-006
#     -9   -18       6.3708251197E-006
#     -9   -17       8.1365963775E-006
#     -9   -16       9.7357832832E-006
#     -9   -15       2.9270448021E-005
#     -9   -14       3.8825100639E-005
#     -9   -13       2.9468646794E-005
#     -9   -12       2.5117531931E-004
#     -9   -11       1.9680402636E-005
#     -9   -10       9.4175977456E-005
#     -9    -9       6.9231626742E-005
#     -9    -8       1.0670854788E-004
#     -9    -7       4.1196502390E-004
#     -9    -6       7.2252666991E-005
#     -9    -5       8.2157949406E-005
#     -9    -4       2.4003398630E-005
#     -9    -3       4.5787610467E-005
#     -9    -2       4.4270914317E-004
#     -9    -1       2.2837938313E-004
#     -9     0       4.8349316158E-004
#     -9     1       4.7257032015E-004
#     -9     2       1.6482431532E-004
#     -9     3       3.5685816373E-004
#     -9     4       9.5809172735E-005
#     -9     5       3.6877941855E-004
#     -9     6       5.9628257362E-005
#     -9     7       4.9913142198E-005
#     -9     8       2.3099216038E-004
#     -9     9       2.1337704677E-005
#     -9    10       3.5641104232E-005
#     -9    11       1.4405452912E-004
#     -9    12       3.8434618015E-005
#     -9    13       9.2009220617E-005
#     -9    14       2.0876309242E-005
#     -9    15       5.2980670135E-004
#     -9    16       3.2199699890E-004
#     -9    17       7.7713769724E-005
#     -9    18       2.4595579011E-004
#     -9    19       1.0507523710E-004
#     -8   -27       4.9044604355E-005
#     -8   -26       1.1495692107E-004
#     -8   -25       2.8748677488E-004
#     -8   -24       1.2234247325E-005
#     -8   -23       3.5326125979E-004
#     -8   -22       1.3323675006E-004
#     -8   -21       1.2599284104E-004
#     -8   -20       1.1003286190E-004
#     -8   -19       1.0731946142E-006
#     -8   -18       7.4833099667E-005
#     -8   -17       1.9660085110E-005
#     -8   -16       1.2827594499E-004
#     -8   -15       2.4358834341E-004
#     -8   -14       6.6041854046E-005
#     -8   -13       5.5180296780E-004
#     -8   -12       1.9139266077E-004
#     -8   -11       1.8291165541E-004
#     -8   -10       1.4336816236E-004
#     -8    -9       2.8052809209E-006
#     -8    -8       4.5557632680E-004
#     -8    -7       1.7551389458E-004
#     -8    -6       6.2488208176E-005
#     -8    -5       3.6460134665E-004
#     -8    -4       4.6712634878E-005
#     -8    -3       1.7780676797E-003
#     -8    -2       1.0684961197E-003
#     -8    -1       8.5510370823E-004
#     -8     0       1.3825579184E-003
#     -8     1       2.9263514150E-005
#     -8     2       2.9905530831E-004
#     -8     3       1.4965898666E-004
#     -8     4       4.8339418783E-005
#     -8     5       1.3955369118E-004
#     -8     6       3.0265160662E-005
#     -8     7       3.8075347422E-004
#     -8     8       1.3714056830E-004
#     -8     9       6.6502617768E-005
#     -8    10       1.3592408412E-004
#     -8    11       8.0798986968E-005
#     -8    12       1.1484334590E-003
#     -8    13       1.3578990611E-004
#     -8    14       8.2293278773E-005
#     -8    15       8.9135253976E-004
#     -8    16       1.1941215715E-004
#     -8    17       1.2860456648E-003
#     -8    18       4.2857061432E-004
#     -7   -27       2.0949357947E-005
#     -7   -26       5.2020062373E-006
#     -7   -25       1.9370648340E-004
#     -7   -24       1.8720003954E-004
#     -7   -23       2.8038618869E-004
#     -7   -22       1.9960677657E-004
#     -7   -21       7.1664726550E-006
#     -7   -20       1.1029851105E-004
#     -7   -19       5.0558219245E-005
#     -7   -18       5.5788857709E-005
#     -7   -17       5.4330543601E-005
#     -7   -16       5.8733248544E-006
#     -7   -15       2.7434614474E-004
#     -7   -14       1.8539895582E-004
#     -7   -13       1.9514846874E-004
#     -7   -12       1.9445265407E-004
#     -7   -11       1.4054797220E-005
#     -7   -10       5.8513289704E-005
#     -7    -9       3.9275635076E-005
#     -7    -8       3.1607671249E-005
#     -7    -7       1.1909168227E-004
#     -7    -6       4.2107796665E-005
#     -7    -5       1.7186623953E-003
#     -7    -4       1.0469014335E-003
#     -7    -3       8.0516683714E-004
#     -7    -2       1.5617121514E-003
#     -7    -1       7.8744985280E-005
#     -7     0       2.5564294518E-004
#     -7     1       4.0537491426E-006
#     -7     2       1.0132116237E-004
#     -7     3       2.1527951321E-005
#     -7     4       1.1252475622E-004
#     -7     5       4.8115991423E-004
#     -7     6       2.1727834083E-004
#     -7     7       1.3542822161E-004
#     -7     8       6.0187744864E-005
#     -7     9       6.5363864359E-007
#     -7    10       8.6951441840E-004
#     -7    11       9.2884426227E-004
#     -7    12       4.6970236856E-004
#     -7    13       1.0585986808E-004
#     -7    14       5.6460891723E-006
#     -7    15       9.8277666908E-004
#     -7    16       6.5961512128E-004
#     -7    17       1.7646885776E-004
#     -6   -27       3.5782136229E-006
#     -6   -26       9.2222757605E-005
#     -6   -25       6.2042830450E-005
#     -6   -24       1.7043962013E-005
#     -6   -23       2.5292950115E-004
#     -6   -22       3.6502452396E-005
#     -6   -21       7.7258915348E-005
#     -6   -20       4.5490789593E-005
#     -6   -19       1.7903918753E-005
#     -6   -18       7.9357949314E-005
#     -6   -17       1.0189221230E-005
#     -6   -16       1.1908090718E-004
#     -6   -15       9.5483150171E-005
#     -6   -14       6.2540631464E-005
#     -6   -13       1.2070391076E-004
#     -6   -12       1.2472285612E-006
#     -6   -11       4.2488983082E-006
#     -6   -10       8.1688728940E-006
#     -6    -9       1.0487535612E-005
#     -6    -8       1.8324448606E-005
#     -6    -7       1.1245367786E-004
#     -6    -6       4.8571495627E-004
#     -6    -5       7.6803876194E-004
#     -6    -4       9.9099625822E-005
#     -6    -3       3.5225265428E-004
#     -6    -2       5.7970537485E-006
#     -6    -1       3.6414755206E-005
#     -6     0       5.1793771821E-005
#     -6     1       1.5945673853E-005
#     -6     2       1.9023080729E-004
#     -6     3       2.5015147999E-005
#     -6     4       2.6918210581E-004
#     -6     5       3.2913624622E-004
#     -6     6       1.2818186852E-005
#     -6     7       4.8807780632E-005
#     -6     8       7.1014409317E-005
#     -6     9       2.7496157554E-004
#     -6    10       9.4297113214E-004
#     -6    11       2.4650777667E-004
#     -6    12       6.1537113007E-004
#     -6    13       2.8736211082E-005
#     -6    14       1.6816084806E-004
#     -6    15       2.8678180409E-004
#     -6    16       1.1212239228E-004
#     -5   -27       1.9349347773E-004
#     -5   -26       3.4757849043E-005
#     -5   -25       3.7086429276E-004
#     -5   -24       9.9384215073E-005
#     -5   -23       4.0057768835E-004
#     -5   -22       3.5809153424E-004
#     -5   -21       4.9728530710E-005
#     -5   -20       1.4343159625E-003
#     -5   -19       3.0483084999E-005
#     -5   -18       2.3393961065E-004
#     -5   -17       2.2531939967E-004
#     -5   -16       5.2236112249E-005
#     -5   -15       1.7514796328E-003
#     -5   -14       4.0401144146E-005
#     -5   -13       1.4006024318E-004
#     -5   -12       3.2825146426E-005
#     -5   -11       7.6387795780E-005
#     -5   -10       1.2652008987E-002
#     -5    -9       7.9138197082E-005
#     -5    -8       1.0157220524E-003
#     -5    -7       1.5585820908E-003
#     -5    -6       4.4439589189E-004
#     -5    -5       1.3498933391E-002
#     -5    -4       4.1419455615E-004
#     -5    -3       4.4092317143E-004
#     -5    -2       8.6456333874E-005
#     -5    -1       1.2556715466E-005
#     -5     0       8.0827090083E-003
#     -5     1       2.2164722628E-004
#     -5     2       1.1787000363E-003
#     -5     3       6.3325406874E-004
#     -5     4       2.9850521416E-004
#     -5     5       1.4607262218E-003
#     -5     6       1.2725285560E-004
#     -5     7       1.7022291463E-004
#     -5     8       1.5449567683E-003
#     -5     9       1.0392980738E-003
#     -5    10       4.7506195380E-002
#     -5    11       7.1202764266E-004
#     -5    12       1.4532265978E-003
#     -5    13       2.5076155419E-004
#     -5    14       2.8993249260E-004
#     -5    15       2.1201516789E-002
#     -4   -28       1.1134208151E-005
#     -4   -27       1.7594178291E-005
#     -4   -26       1.9645370684E-005
#     -4   -25       5.0663808573E-005
#     -4   -24       1.1156633862E-004
#     -4   -23       1.9227388519E-005
#     -4   -22       1.0046893595E-004
#     -4   -21       2.0533749423E-005
#     -4   -20       8.8686169143E-005
#     -4   -19       6.4316114241E-005
#     -4   -18       2.4385366826E-005
#     -4   -17       8.6570498375E-005
#     -4   -16       3.1376158376E-005
#     -4   -15       5.7161159812E-005
#     -4   -14       1.6665595553E-004
#     -4   -13       7.1709297678E-006
#     -4   -12       3.2007109222E-005
#     -4   -11       2.4108942436E-005
#     -4   -10       2.0019853767E-004
#     -4    -9       2.1954464824E-004
#     -4    -8       1.9625553790E-004
#     -4    -7       6.9777864845E-004
#     -4    -6       1.4287661051E-004
#     -4    -5       3.7750674343E-004
#     -4    -4       5.7490616725E-005
#     -4    -3       5.6115747273E-005
#     -4    -2       1.7369026321E-004
#     -4    -1       4.9170859430E-005
#     -4     0       9.2879563558E-005
#     -4     1       6.7967201774E-005
#     -4     2       1.0308366123E-004
#     -4     3       1.4068389721E-004
#     -4     4       4.9716121513E-005
#     -4     5       7.6803362891E-005
#     -4     6       1.9436823746E-005
#     -4     7       1.1089470545E-004
#     -4     8       9.1245083365E-004
#     -4     9       2.5407044392E-004
#     -4    10       7.0757320035E-004
#     -4    11       1.5245815355E-003
#     -4    12       6.7705451099E-005
#     -4    13       2.1518158286E-004
#     -4    14       3.4054501829E-005
#     -3   -28       5.4595725593E-005
#     -3   -27       7.2594987831E-005
#     -3   -26       1.2091246806E-004
#     -3   -25       4.5833238624E-004
#     -3   -24       5.4375576136E-005
#     -3   -23       1.5473678977E-004
#     -3   -22       1.2060594298E-004
#     -3   -21       1.9958622874E-004
#     -3   -20       5.7671791154E-004
#     -3   -19       8.2312979232E-006
#     -3   -18       2.0313918116E-004
#     -3   -17       1.2541075425E-004
#     -3   -16       5.4618635268E-005
#     -3   -15       1.5549820190E-004
#     -3   -14       1.1396187533E-006
#     -3   -13       2.1474204038E-005
#     -3   -12       7.1575947695E-005
#     -3   -11       2.7972249937E-004
#     -3   -10       8.2861078031E-004
#     -3    -9       3.7081779225E-005
#     -3    -8       1.2684626091E-003
#     -3    -7       6.2905723423E-004
#     -3    -6       9.2370768047E-005
#     -3    -5       1.1758944263E-004
#     -3    -4       1.6062265817E-006
#     -3    -3       5.2819136688E-004
#     -3    -2       4.1018009850E-004
#     -3    -1       6.2956995865E-005
#     -3     0       1.0157380215E-005
#     -3     1       6.8893481169E-007
#     -3     2       1.5364192409E-006
#     -3     3       1.4065365580E-005
#     -3     4       3.9480393682E-005
#     -3     5       1.3243633505E-004
#     -3     6       2.2673971185E-005
#     -3     7       5.7950229480E-004
#     -3     8       2.3427350238E-004
#     -3     9       5.1088435089E-004
#     -3    10       1.6806918841E-003
#     -3    11       2.7556064411E-005
#     -3    12       7.3273587217E-005
#     -3    13       1.4475997682E-004
#     -2   -28       1.4640465635E-005
#     -2   -27       3.5465962043E-004
#     -2   -26       7.8321508617E-005
#     -2   -25       3.6403453175E-004
#     -2   -24       7.1032870374E-005
#     -2   -23       1.0315502076E-004
#     -2   -22       4.1101350928E-004
#     -2   -21       1.1684851909E-005
#     -2   -20       5.1571797423E-004
#     -2   -19       4.6821811866E-005
#     -2   -18       2.5567648599E-005
#     -2   -17       3.0461533727E-004
#     -2   -16       7.4701606100E-005
#     -2   -15       1.0295451296E-004
#     -2   -14       2.9327360124E-005
#     -2   -13       3.8433044778E-005
#     -2   -12       2.1388263975E-004
#     -2   -11       6.1813283947E-006
#     -2   -10       9.5781303866E-004
#     -2    -9       2.4758207417E-004
#     -2    -8       3.6706236824E-004
#     -2    -7       4.5038161126E-004
#     -2    -6       1.0322009568E-005
#     -2    -5       5.8109288831E-004
#     -2    -4       5.2257507861E-004
#     -2    -3       1.2896976857E-004
#     -2    -2       1.3706833500E-004
#     -2    -1       2.3191685003E-005
#     -2     0       1.5665819162E-004
#     -2     1       1.6427940504E-004
#     -2     2       3.0288054473E-004
#     -2     3       1.0332272759E-004
#     -2     4       2.4625116525E-005
#     -2     5       5.8877055123E-005
#     -2     6       4.4000867574E-005
#     -2     7       6.3863210625E-006
#     -2     8       1.4634724120E-004
#     -2     9       7.4521586914E-005
#     -2    10       1.1579370559E-003
#     -2    11       3.1606532790E-004
#     -2    12       1.7945802902E-004
#     -1   -27       2.8721206377E-005
#     -1   -26       5.5822401070E-005
#     -1   -25       6.2949655474E-005
#     -1   -24       2.5212907861E-005
#     -1   -23       1.0465701970E-004
#     -1   -22       1.1822647770E-005
#     -1   -21       1.2249018393E-004
#     -1   -20       4.6615110780E-005
#     -1   -19       5.5713266121E-006
#     -1   -18       7.4287529549E-005
#     -1   -17       2.3224712317E-005
#     -1   -16       1.8877792349E-006
#     -1   -15       1.0282831565E-005
#     -1   -14       2.0403966791E-006
#     -1   -13       7.7963366437E-005
#     -1   -12       3.7619119339E-005
#     -1   -11       2.5251943226E-004
#     -1   -10       3.5201260831E-004
#     -1    -9       2.4657369660E-005
#     -1    -8       3.3849581808E-004
#     -1    -7       9.6860188638E-005
#     -1    -6       1.9068595610E-004
#     -1    -5       3.1493283823E-004
#     -1    -4       6.6650684220E-005
#     -1    -3       1.4088246339E-004
#     -1    -2       1.0738572652E-005
#     -1    -1       1.8892222540E-004
#     -1     0       3.8145933275E-004
#     -1     1       2.3824747272E-004
#     -1     2       7.6704571101E-004
#     -1     3       5.0873703698E-005
#     -1     4       3.4827966421E-005
#     -1     5       1.4127426103E-004
#     -1     6       7.9230150860E-005
#     -1     7       2.0080443282E-004
#     -1     8       1.1723227572E-004
#     -1     9       7.9273127979E-005
#     -1    10       4.9579297857E-004
#     -1    11       1.3213449704E-005
#      0   -27       1.7607498902E-004
#      0   -26       1.4027597662E-004
#      0   -25       2.9487001689E-004
#      0   -24       9.2114133435E-005
#      0   -23       4.3397863075E-004
#      0   -22       4.8202281819E-004
#      0   -21       7.3816537622E-005
#      0   -20       2.7150060412E-003
#      0   -19       3.6321072966E-005
#      0   -18       2.0944303234E-007
#      0   -17       1.2143491239E-005
#      0   -16       2.2825664519E-005
#      0   -15       1.5479593105E-002
#      0   -14       3.1352745201E-005
#      0   -13       7.1478606827E-005
#      0   -12       3.7577590267E-004
#      0   -11       1.1349095450E-004
#      0   -10       1.5684830260E-002
#      0    -9       8.5883685510E-005
#      0    -8       1.1411257528E-004
#      0    -7       4.5473155357E-004
#      0    -6       1.9087963297E-004
#      0    -5       1.1509027610E-003
#      0    -4       1.3661859587E-004
#      0    -3       6.6859305923E-005
#      0    -2       7.7066776603E-004
#      0    -1       6.3198277891E-004
#      0     0       4.0802407309E-002
#      0     1       4.3768900917E-004
#      0     2       1.2378800621E-003
#      0     3       4.5099429260E-005
#      0     4       3.0855175185E-004
#      0     5       9.7465557094E-003
#      0     6       5.9173073261E-004
#      0     7       7.0611550056E-004
#      0     8       4.2562208775E-004
#      0     9       1.6999603724E-004
#      0    10       1.2703135993E-002
#      1   -27       1.5274750989E-004
#      1   -26       1.3697981841E-005
#      1   -25       2.5701831090E-004
#      1   -24       1.4091854132E-004
#      1   -23       9.5784271817E-005
#      1   -22       1.9082695301E-004
#      1   -21       1.9394416094E-005
#      1   -20       6.6353513404E-006
#      1   -19       2.7822541822E-005
#      1   -18       5.2089986979E-005
#      1   -17       7.9121193982E-005
#      1   -16       2.6510553832E-005
#      1   -15       3.0376386039E-005
#      1   -14       1.5683992435E-004
#      1   -13       8.1451161740E-005
#      1   -12       1.4592733593E-004
#      1   -11       1.0206777586E-005
#      1   -10       2.3080786249E-005
#      1    -9       1.3563500481E-005
#      1    -8       5.7555944054E-005
#      1    -7       1.8290347622E-005
#      1    -6       8.3757989589E-005
#      1    -5       8.7955021674E-005
#      1    -4       1.7589025493E-006
#      1    -3       7.3279601065E-005
#      1    -2       6.9972240459E-004
#      1    -1       1.8166046106E-004
#      1     0       6.1209250263E-004
#      1     1       5.5695867235E-004
#      1     2       1.1207948077E-004
#      1     3       4.6852983420E-005
#      1     4       2.8892595865E-006
#      1     5       9.2094555213E-004
#      1     6       3.6723227969E-004
#      1     7       8.8070486412E-005
#      1     8       3.6991806123E-004
#      1     9       2.0589558720E-004
#      2   -27       1.8936144263E-005
#      2   -26       3.5538832391E-005
#      2   -25       2.6563255479E-004
#      2   -24       6.2475359814E-006
#      2   -23       4.3965961963E-004
#      2   -22       8.6707334091E-005
#      2   -21       2.1721039504E-005
#      2   -20       4.0392965235E-005
#      2   -19       7.2443599240E-006
#      2   -18       2.2862374479E-004
#      2   -17       1.0523275182E-004
#      2   -16       2.6601493087E-005
#      2   -15       2.1367821977E-004
#      2   -14       1.8983881199E-005
#      2   -13       3.8603994158E-004
#      2   -12       1.0215897139E-004
#      2   -11       3.3320809523E-004
#      2   -10       3.8806871437E-004
#      2    -9       3.6418334350E-006
#      2    -8       2.5318480765E-004
#      2    -7       1.4171747753E-004
#      2    -6       1.2012106061E-004
#      2    -5       2.2970238802E-004
#      2    -4       1.1359623398E-005
#      2    -3       2.8108957521E-004
#      2    -2       6.7883101280E-004
#      2    -1       7.2138296349E-004
#      2     0       1.1588623735E-003
#      2     1       2.3088369092E-005
#      2     2       1.8567995465E-004
#      2     3       1.9388201127E-004
#      2     4       8.9937360748E-004
#      2     5       2.7645939022E-003
#      2     6       1.6625785716E-005
#      2     7       6.8023852991E-004
#      2     8       2.4688189584E-004
#      3   -26       9.9422200070E-005
#      3   -25       9.4065216369E-005
#      3   -24       5.4231964012E-004
#      3   -23       1.5201502304E-004
#      3   -22       1.9291895132E-004
#      3   -21       8.2680194605E-005
#      3   -20       4.2710079179E-004
#      3   -19       1.0597331903E-004
#      3   -18       2.4661867275E-004
#      3   -17       6.0873107736E-004
#      3   -16       1.1892563928E-004
#      3   -15       4.3612530783E-004
#      3   -14       5.6329363085E-004
#      3   -13       4.3126953301E-004
#      3   -12       2.1877320364E-004
#      3   -11       2.0692563770E-005
#      3   -10       1.1109717203E-003
#      3    -9       4.5141120839E-004
#      3    -8       8.3223002388E-004
#      3    -7       1.1363806201E-003
#      3    -6       4.6804356602E-005
#      3    -5       1.2325241471E-004
#      3    -4       9.7097197505E-005
#      3    -3       1.2226044968E-005
#      3    -2       4.6254566358E-004
#      3    -1       1.4083192970E-004
#      3     0       1.7086657284E-003
#      3     1       1.1181234387E-003
#      3     2       8.6602130213E-004
#      3     3       6.7662396056E-004
#      3     4       1.3184413887E-004
#      3     5       1.6816063639E-004
#      3     6       2.0846055844E-004
#      4   -26       1.8715420901E-005
#      4   -25       5.9930076881E-005
#      4   -24       4.5897798465E-005
#      4   -23       2.5418847320E-004
#      4   -22       6.5013606778E-005
#      4   -21       1.1791778240E-005
#      4   -20       2.4121366356E-004
#      4   -19       7.1727898253E-006
#      4   -18       8.7927348020E-005
#      4   -17       7.2424574032E-005
#      4   -16       4.0647607436E-005
#      4   -15       1.4166280033E-004
#      4   -14       3.8206521222E-005
#      4   -13       7.7978221121E-005
#      4   -12       1.8222665674E-004
#      4   -11       3.8691147241E-004
#      4   -10       1.0296885026E-003
#      4    -9       1.5814378793E-004
#      4    -8       1.0477388496E-003
#      4    -7       1.2156202971E-004
#      4    -6       4.3862653741E-005
#      4    -5       1.3383058248E-004
#      4    -4       1.5963238649E-004
#      4    -3       2.0251743704E-004
#      4    -2       2.5156025306E-005
#      4    -1       4.3888363291E-004
#      4     0       7.8562995042E-004
#      4     1       2.0052197688E-004
#      4     2       1.1495303363E-003
#      4     3       1.6412966101E-005
#      4     4       1.7575664582E-004
#      4     5       1.9424592432E-005
#      5   -25       2.0148332785E-003
#      5   -24       2.4048954037E-005
#      5   -23       3.7963215976E-005
#      5   -22       4.1844950771E-006
#      5   -21       1.0221474772E-004
#      5   -20       8.1436811443E-004
#      5   -19       1.1396226851E-004
#      5   -18       6.8383716462E-005
#      5   -17       1.8304227253E-004
#      5   -16       1.7137593574E-004
#      5   -15       2.0167927368E-002
#      5   -14       6.3065791410E-006
#      5   -13       1.4654864622E-005
#      5   -12       1.0529911271E-003
#      5   -11       9.1225346728E-004
#      5   -10       5.0190175512E-002
#      5    -9       9.0869339551E-004
#      5    -8       7.2539242066E-004
#      5    -7       4.7438318621E-005
#      5    -6       2.8103728721E-004
#      5    -5       9.9768738990E-003
#      5    -4       2.2576938470E-004
#      5    -3       1.5117778929E-004
#      5    -2       1.5502561487E-003
#      5    -1       8.6584548708E-004
#      5     0       6.2340226964E-002
#      5     1       6.6109317412E-004
#      5     2       1.4019479754E-003
#      5     3       1.3648155618E-004
#      6   -25       9.9218106067E-005
#      6   -24       1.1163998392E-004
#      6   -23       2.9029609124E-004
#      6   -22       1.5700050673E-004
#      6   -21       3.5474416174E-005
#      6   -20       1.9804133301E-004
#      6   -19       6.1028633157E-005
#      6   -18       3.1388058947E-005
#      6   -17       7.8302073744E-005
#      6   -16       1.9508502182E-005
#      6   -15       2.7804993911E-004
#      6   -14       1.8884109822E-005
#      6   -13       1.0280183804E-004
#      6   -12       1.2183647619E-003
#      6   -11       2.9361826026E-005
#      6   -10       7.4975453194E-004
#      6    -9       4.1580558615E-004
#      6    -8       1.5068626206E-004
#      6    -7       7.2031507462E-005
#      6    -6       3.0907890046E-004
#      6    -5       7.9527822598E-004
#      6    -4       4.8269361308E-004
#      6    -3       2.6746448162E-004
#      6    -2       1.0891428462E-003
#      6    -1       2.4547390264E-004
#      6     0       2.7648743377E-004
#      6     1       5.7339861237E-004
#      6     2       2.6680585064E-005
#      7   -24       2.5516732151E-006
#      7   -23       5.9574418902E-004
#      7   -22       8.1972925581E-005
#      7   -21       8.1146731405E-004
#      7   -20       5.0650952082E-004
#      7   -19       2.4548562939E-005
#      7   -18       6.1349119725E-004
#      7   -17       1.9356987221E-004
#      7   -16       2.4562858447E-004
#      7   -15       3.2628127238E-004
#      7   -14       3.3473885774E-005
#      7   -13       1.2358874715E-004
#      7   -12       3.9865534382E-004
#      7   -11       1.4290145781E-003
#      7   -10       1.6198384296E-003
#      7    -9       2.9674173993E-005
#      7    -8       1.0161754245E-004
#      7    -7       2.4536402231E-004
#      7    -6       5.7120628376E-004
#      7    -5       3.4599676070E-003
#      7    -4       1.4941586728E-004
#      7    -3       1.0470845261E-003
#      7    -2       5.6715886686E-004
#      7    -1       5.9218348156E-004
#      7     0       4.2927591883E-004
#      8   -23       2.5083637149E-004
#      8   -22       5.9486429885E-004
#      8   -21       1.6485381901E-004
#      8   -20       5.1649035382E-004
#      8   -19       6.8901903820E-004
#      8   -18       2.9952072247E-004
#      8   -17       1.5448416257E-003
#      8   -16       5.7899471008E-005
#      8   -15       6.3262262785E-004
#      8   -14       2.2226745077E-004
#      8   -13       1.2012243235E-004
#      8   -12       3.7052664159E-004
#      8   -11       1.3383871742E-004
#      8   -10       1.0344485622E-003
#      8    -9       7.9082143306E-005
#      8    -8       2.3280558884E-004
#      8    -7       2.2654373810E-004
#      8    -6       1.3270526415E-004
#      8    -5       1.3098725847E-004
#      8    -4       3.9259647784E-004
#      8    -3       1.1615261000E-004
#      8    -2       9.2327736617E-004
#      9   -21       3.6977334896E-004
#      9   -20       8.7214680681E-005
#      9   -19       2.5264452930E-005
#      9   -18       7.5075175866E-004
#      9   -17       3.3555262292E-005
#      9   -16       7.0576495631E-004
#      9   -15       2.4410477530E-004
#      9   -14       5.2104774568E-005
#      9   -13       3.6066482699E-005
#      9   -12       1.3971680938E-005
#      9   -11       2.8194030416E-005
#      9   -10       2.2819649433E-004
#      9    -9       1.1782053370E-004
#      9    -8       3.4849890627E-004
#      9    -7       6.9007238479E-005
#      9    -6       1.9820944675E-004
#      9    -5       1.6859347859E-004
#     10   -19       7.0585036323E-005
#     10   -18       5.6158807758E-004
#     10   -17       4.8226924487E-004
#     10   -16       6.8413218240E-004
#     10   -15       1.8561148020E-002
#     10   -14       1.2188888738E-004
#     10   -13       5.6771403086E-004
#     10   -12       4.8133513845E-004
#     10   -11       1.9160671578E-005
#     10   -10       1.1709786370E-002
#     10    -9       2.7168097360E-004
#     10    -8       9.8849562046E-004
