 Diffraction intensities for potential:_5x5_03D10004.in                        
#    -45    11       3.1981174351E-006
#    -45    12       2.6964226763E-005
#    -45    13       4.1788125886E-005
#    -45    14       3.2745327276E-006
#    -45    15       1.2645484537E-004
#    -45    16       4.5284520599E-006
#    -44     7       4.3097143801E-005
#    -44     8       1.3342755854E-005
#    -44     9       5.8428677868E-005
#    -44    10       3.9007326272E-006
#    -44    11       1.0164751174E-005
#    -44    12       1.0768048392E-004
#    -44    13       1.7597595845E-005
#    -44    14       1.1895753987E-004
#    -44    15       9.0525162805E-006
#    -44    16       4.1560291151E-006
#    -44    17       6.8549289169E-005
#    -44    18       2.7146921539E-005
#    -44    19       5.4299147269E-005
#    -44    20       3.2661207717E-006
#    -43     4       6.9153658519E-006
#    -43     5       1.7448224676E-005
#    -43     6       2.0561736637E-005
#    -43     7       2.6835845072E-005
#    -43     8       1.8723942163E-005
#    -43     9       1.3468271619E-005
#    -43    10       2.8508052474E-005
#    -43    11       1.0706807160E-004
#    -43    12       6.9299657360E-005
#    -43    13       4.2088708823E-005
#    -43    14       2.9244791465E-005
#    -43    15       6.7105052247E-005
#    -43    16       1.0347978379E-004
#    -43    17       6.6859420084E-005
#    -43    18       4.6779305846E-005
#    -43    19       6.1747732422E-005
#    -43    20       4.6306393638E-005
#    -43    21       5.5017365856E-005
#    -43    22       3.5148935921E-005
#    -42     2       6.4224072744E-006
#    -42     3       3.9665772508E-005
#    -42     4       5.1368233709E-005
#    -42     5       9.1719725668E-006
#    -42     6       1.1069249964E-006
#    -42     7       2.1004622827E-005
#    -42     8       3.1489137431E-005
#    -42     9       7.9778580261E-005
#    -42    10       5.6414148807E-005
#    -42    11       3.5170595822E-005
#    -42    12       4.8221834457E-005
#    -42    13       7.5232876807E-005
#    -42    14       1.7164362131E-004
#    -42    15       4.6682102798E-005
#    -42    16       4.7616662065E-005
#    -42    17       4.7309327404E-005
#    -42    18       8.0640764677E-005
#    -42    19       1.9566211855E-004
#    -42    20       6.5194672124E-005
#    -42    21       3.2110560040E-005
#    -42    22       1.2293863179E-005
#    -42    23       3.0479164449E-005
#    -41     0       3.8209418800E-006
#    -41     1       1.2534049592E-005
#    -41     2       5.8451395966E-006
#    -41     3       8.0247686314E-005
#    -41     4       4.9815459743E-006
#    -41     5       1.2953314509E-006
#    -41     6       5.2886767948E-005
#    -41     7       2.9690926421E-005
#    -41     8       7.9542839265E-005
#    -41     9       1.0206401536E-005
#    -41    10       7.4213133772E-006
#    -41    11       1.6431551938E-004
#    -41    12       6.3721359151E-005
#    -41    13       1.8923177670E-004
#    -41    14       1.3405089719E-005
#    -41    15       9.2678329103E-006
#    -41    16       2.8973224287E-004
#    -41    17       5.4448544805E-005
#    -41    18       2.4549809501E-004
#    -41    19       5.0066197887E-006
#    -41    20       2.2124778477E-005
#    -41    21       1.8720489145E-004
#    -41    22       5.1672582260E-005
#    -41    23       9.0525736867E-005
#    -41    24       2.4376298776E-005
#    -40    -2       1.6738710746E-005
#    -40    -1       2.9749852730E-007
#    -40     0       1.3594443292E-004
#    -40     1       2.5359941356E-006
#    -40     2       3.4732924810E-005
#    -40     3       3.5924203438E-005
#    -40     4       1.6575522646E-005
#    -40     5       1.1998195728E-004
#    -40     6       9.4919935010E-006
#    -40     7       6.0848561347E-005
#    -40     8       5.9387854522E-005
#    -40     9       1.6086940581E-005
#    -40    10       2.8672105808E-004
#    -40    11       5.5527076428E-006
#    -40    12       9.0417689357E-005
#    -40    13       1.2802288837E-004
#    -40    14       1.0463568155E-005
#    -40    15       3.6762846900E-004
#    -40    16       1.5545573580E-005
#    -40    17       1.1890395590E-004
#    -40    18       1.1518615477E-004
#    -40    19       2.4750698269E-005
#    -40    20       2.1139173645E-004
#    -40    21       1.7749044717E-005
#    -40    22       6.8552274587E-006
#    -40    23       5.7099348669E-005
#    -40    24       2.5347424184E-006
#    -40    25       1.3750366046E-004
#    -39    -4       1.6432705265E-006
#    -39    -3       5.7301200976E-005
#    -39    -2       8.0774593157E-006
#    -39    -1       7.8878692764E-005
#    -39     0       4.9422984096E-006
#    -39     1       2.7501807809E-006
#    -39     2       8.5546711564E-005
#    -39     3       1.7703365160E-005
#    -39     4       1.0807699798E-004
#    -39     5       2.7445258835E-006
#    -39     6       1.7072351063E-005
#    -39     7       1.4676066947E-004
#    -39     8       4.4873842325E-005
#    -39     9       1.6479961423E-004
#    -39    10       1.1358363569E-005
#    -39    11       1.1860778024E-005
#    -39    12       2.5272538250E-004
#    -39    13       4.4761651896E-005
#    -39    14       3.0838017659E-004
#    -39    15       1.4423076677E-005
#    -39    16       2.7475893215E-005
#    -39    17       2.5969188884E-004
#    -39    18       1.3729753370E-004
#    -39    19       1.6967626096E-004
#    -39    20       1.0709421959E-005
#    -39    21       1.1510236214E-005
#    -39    22       1.7863041299E-004
#    -39    23       8.3393594709E-005
#    -39    24       3.0327118343E-004
#    -39    25       4.2073534821E-005
#    -39    26       7.9647181376E-007
#    -38    -5       1.6414981943E-005
#    -38    -4       3.6920103142E-005
#    -38    -3       3.4708668473E-005
#    -38    -2       2.2054059862E-005
#    -38    -1       1.8412556369E-005
#    -38     0       2.5481483058E-005
#    -38     1       6.2123399326E-005
#    -38     2       3.2182507916E-005
#    -38     3       3.6216387881E-005
#    -38     4       2.1119776937E-005
#    -38     5       6.5759607723E-005
#    -38     6       1.2081750962E-004
#    -38     7       7.4419533633E-005
#    -38     8       3.0942307242E-005
#    -38     9       4.0487608991E-005
#    -38    10       7.8307995437E-005
#    -38    11       2.2829574505E-004
#    -38    12       1.0006699791E-004
#    -38    13       9.0400333822E-005
#    -38    14       9.1430033424E-005
#    -38    15       1.6901062670E-004
#    -38    16       2.5311986568E-004
#    -38    17       1.5200404058E-004
#    -38    18       1.1432040613E-004
#    -38    19       8.0239264779E-005
#    -38    20       7.8535525470E-005
#    -38    21       2.0340263321E-004
#    -38    22       8.0538010961E-005
#    -38    23       2.8675139332E-005
#    -38    24       8.8284955543E-005
#    -38    25       9.4561859291E-005
#    -38    26       1.3564713336E-004
#    -37    -7       3.8093131120E-005
#    -37    -6       3.3265926592E-005
#    -37    -5       1.4825846253E-005
#    -37    -4       1.2209405400E-005
#    -37    -3       9.7211383962E-006
#    -37    -2       3.3326805207E-005
#    -37    -1       5.2624192295E-005
#    -37     0       2.8391858805E-005
#    -37     1       1.6574166504E-005
#    -37     2       1.3964993863E-005
#    -37     3       4.4951030880E-005
#    -37     4       1.5463076871E-004
#    -37     5       5.2647037135E-005
#    -37     6       3.2533090744E-005
#    -37     7       5.0221658933E-005
#    -37     8       6.4692501615E-005
#    -37     9       1.7404218979E-004
#    -37    10       6.8779906423E-005
#    -37    11       5.0246522746E-005
#    -37    12       7.1190365897E-005
#    -37    13       1.0427840497E-004
#    -37    14       2.7988474752E-004
#    -37    15       8.3749534028E-005
#    -37    16       8.4542272671E-005
#    -37    17       1.0190884714E-004
#    -37    18       1.3198439693E-004
#    -37    19       2.2408680161E-004
#    -37    20       1.0401112450E-004
#    -37    21       5.5579603400E-005
#    -37    22       5.3298908300E-005
#    -37    23       7.7789788620E-005
#    -37    24       2.8522874578E-004
#    -37    25       7.3459872153E-005
#    -37    26       4.5386447124E-005
#    -37    27       6.9346788780E-005
#    -36    -8       8.9549999965E-006
#    -36    -7       5.8852696852E-005
#    -36    -6       3.7330686745E-006
#    -36    -5       1.3480749990E-006
#    -36    -4       1.0088498365E-004
#    -36    -3       1.1150084988E-005
#    -36    -2       8.0485390131E-005
#    -36    -1       3.4083748864E-006
#    -36     0       9.9338358383E-006
#    -36     1       6.4937067071E-005
#    -36     2       2.8458061748E-005
#    -36     3       1.5152522975E-004
#    -36     4       1.0557008130E-005
#    -36     5       4.4756201570E-006
#    -36     6       1.4214436437E-004
#    -36     7       5.2472205868E-005
#    -36     8       1.3881796201E-004
#    -36     9       4.6542861227E-006
#    -36    10       4.5691652439E-006
#    -36    11       2.0108875451E-004
#    -36    12       4.2964680886E-005
#    -36    13       1.8936123860E-004
#    -36    14       1.4772395497E-005
#    -36    15       9.6551746112E-006
#    -36    16       3.6614382576E-004
#    -36    17       7.7396981859E-005
#    -36    18       2.2818713846E-004
#    -36    19       3.4751302785E-005
#    -36    20       3.0219326719E-005
#    -36    21       2.6668757938E-004
#    -36    22       5.2001113699E-005
#    -36    23       2.6424752526E-004
#    -36    24       8.8885965683E-006
#    -36    25       1.3782154988E-005
#    -36    26       1.0161053909E-004
#    -36    27       3.7266544216E-005
#    -35    -9       1.4766579032E-006
#    -35    -8       3.4772413682E-005
#    -35    -7       3.1074185744E-005
#    -35    -6       5.3284721598E-006
#    -35    -5       1.2273062693E-004
#    -35    -4       2.5077508749E-006
#    -35    -3       4.6733113246E-005
#    -35    -2       4.8008337205E-005
#    -35    -1       8.4110962539E-006
#    -35     0       2.3935600299E-004
#    -35     1       8.3753619548E-006
#    -35     2       5.1437197038E-005
#    -35     3       7.4313950351E-005
#    -35     4       1.2413385225E-005
#    -35     5       7.6601510931E-005
#    -35     6       1.3914583932E-005
#    -35     7       4.9723521464E-005
#    -35     8       7.5593327089E-005
#    -35     9       1.9967553491E-005
#    -35    10       4.8494012730E-004
#    -35    11       4.9519000234E-006
#    -35    12       6.2273607641E-005
#    -35    13       7.9557166732E-005
#    -35    14       7.6551764106E-006
#    -35    15       5.0628207816E-004
#    -35    16       1.5471186425E-005
#    -35    17       5.1521793642E-005
#    -35    18       6.8318359146E-005
#    -35    19       3.5755933348E-005
#    -35    20       3.3887222548E-004
#    -35    21       8.8928994321E-006
#    -35    22       8.6822959145E-005
#    -35    23       1.4872735574E-004
#    -35    24       1.0361929589E-005
#    -35    25       3.8417431178E-004
#    -35    26       5.2400635231E-005
#    -35    27       5.2367349259E-005
#    -34   -11       4.9154433634E-006
#    -34   -10       7.4691315984E-006
#    -34    -9       9.8362430023E-006
#    -34    -8       1.0871819307E-004
#    -34    -7       2.6994930238E-005
#    -34    -6       8.4572696317E-005
#    -34    -5       2.0462511521E-006
#    -34    -4       1.6149489411E-005
#    -34    -3       1.5946051343E-004
#    -34    -2       3.1545421202E-005
#    -34    -1       1.4042260760E-004
#    -34     0       1.2160993733E-005
#    -34     1       7.7900126423E-006
#    -34     2       1.7606918348E-004
#    -34     3       4.4655560737E-005
#    -34     4       1.8067213877E-004
#    -34     5       5.7906671089E-006
#    -34     6       7.9728470426E-006
#    -34     7       1.0983589337E-004
#    -34     8       3.0770031499E-005
#    -34     9       8.5923587898E-005
#    -34    10       3.5171857270E-006
#    -34    11       1.0066751289E-005
#    -34    12       1.2093644674E-004
#    -34    13       3.7320534954E-005
#    -34    14       1.3078105662E-004
#    -34    15       1.6203370566E-005
#    -34    16       2.4376472826E-005
#    -34    17       1.7179170459E-004
#    -34    18       9.4937677652E-005
#    -34    19       1.0253292502E-004
#    -34    20       1.5307551083E-005
#    -34    21       5.0411103214E-006
#    -34    22       3.1531977531E-004
#    -34    23       1.0834848294E-004
#    -34    24       3.7685672163E-004
#    -34    25       1.8221639998E-005
#    -34    26       1.0804359303E-005
#    -34    27       3.8814881669E-005
#    -33   -12       1.2089023282E-005
#    -33   -11       9.9398361386E-006
#    -33   -10       4.1027322108E-005
#    -33    -9       1.1512489356E-004
#    -33    -8       3.4498509292E-005
#    -33    -7       4.3885425008E-005
#    -33    -6       1.9528868753E-005
#    -33    -5       7.5019684673E-005
#    -33    -4       1.7624756049E-004
#    -33    -3       7.4065446983E-005
#    -33    -2       4.5433212005E-005
#    -33    -1       6.4159895370E-005
#    -33     0       8.9966703751E-005
#    -33     1       1.6304969177E-004
#    -33     2       7.5586775330E-005
#    -33     3       6.5298680106E-005
#    -33     4       2.4295842404E-005
#    -33     5       2.6757376096E-005
#    -33     6       7.9835354619E-005
#    -33     7       3.5024720537E-005
#    -33     8       1.1169940596E-005
#    -33     9       1.5956995099E-005
#    -33    10       5.7488880472E-005
#    -33    11       9.1914630863E-005
#    -33    12       3.7417024936E-005
#    -33    13       3.9687175968E-005
#    -33    14       5.2094272688E-005
#    -33    15       6.3373512043E-005
#    -33    16       1.0853930382E-004
#    -33    17       7.6074201877E-005
#    -33    18       2.8614208314E-005
#    -33    19       4.8100031338E-005
#    -33    20       3.1432572738E-005
#    -33    21       1.7797193285E-004
#    -33    22       2.0093112373E-004
#    -33    23       9.7087465912E-005
#    -33    24       6.5933342707E-005
#    -33    25       1.2662088283E-004
#    -33    26       2.3488569856E-004
#    -33    27       2.6159245091E-005
#    -32   -13       1.3041662446E-005
#    -32   -12       3.3437508433E-005
#    -32   -11       1.1296767799E-004
#    -32   -10       5.8691681947E-005
#    -32    -9       3.1393844910E-005
#    -32    -8       3.8468794461E-005
#    -32    -7       5.4530446145E-005
#    -32    -6       1.3721231766E-004
#    -32    -5       6.4418205547E-005
#    -32    -4       3.8938453466E-005
#    -32    -3       5.9405200479E-005
#    -32    -2       9.5751770131E-005
#    -32    -1       1.7882940591E-004
#    -32     0       6.7040975349E-005
#    -32     1       4.0172945289E-005
#    -32     2       3.0746440299E-005
#    -32     3       5.2166249575E-005
#    -32     4       6.9915538107E-005
#    -32     5       3.2349465843E-005
#    -32     6       1.6005379956E-005
#    -32     7       1.4203029746E-005
#    -32     8       2.1163677093E-005
#    -32     9       7.7085460023E-005
#    -32    10       1.8384987099E-005
#    -32    11       1.2346593089E-005
#    -32    12       5.4379826040E-005
#    -32    13       2.3982295924E-005
#    -32    14       5.8279274275E-005
#    -32    15       1.2763069081E-005
#    -32    16       6.7033154891E-006
#    -32    17       1.9195351969E-005
#    -32    18       7.3504232045E-005
#    -32    19       4.7230317897E-005
#    -32    20       4.3392229881E-005
#    -32    21       5.4531634306E-005
#    -32    22       4.3856074396E-005
#    -32    23       1.9398823331E-004
#    -32    24       2.8883525629E-004
#    -32    25       1.0935411413E-004
#    -32    26       7.5759434240E-005
#    -32    27       9.5894007144E-005
#    -32    28       3.9143234528E-005
#    -31   -14       8.6343106038E-005
#    -31   -13       1.7461194732E-005
#    -31   -12       1.4114113005E-004
#    -31   -11       1.0187324330E-005
#    -31   -10       6.1196835791E-006
#    -31    -9       1.1389792353E-004
#    -31    -8       3.7710052414E-005
#    -31    -7       1.4733350210E-004
#    -31    -6       1.4863280554E-005
#    -31    -5       2.4116595093E-006
#    -31    -4       1.8831690457E-004
#    -31    -3       5.0190955982E-005
#    -31    -2       1.8977518833E-004
#    -31    -1       1.3170679191E-005
#    -31     0       1.0314746391E-005
#    -31     1       1.5296439552E-004
#    -31     2       4.1550324357E-005
#    -31     3       7.5551675709E-005
#    -31     4       1.0078995933E-006
#    -31     5       6.8308039073E-006
#    -31     6       3.7830490162E-005
#    -31     7       1.9580688475E-005
#    -31     8       4.9473588512E-005
#    -31     9       2.0993262015E-006
#    -31    10       4.3324224966E-008
#    -31    11       5.8278773599E-005
#    -31    12       1.4772185343E-006
#    -31    13       1.4373103827E-005
#    -31    14       9.2027693661E-006
#    -31    15       4.2096877015E-006
#    -31    16       1.8340898375E-005
#    -31    17       1.9178799125E-005
#    -31    18       1.5245259560E-005
#    -31    19       1.2486766684E-005
#    -31    20       9.7794822187E-006
#    -31    21       2.0113027277E-004
#    -31    22       6.2374388339E-005
#    -31    23       2.5842491009E-004
#    -31    24       3.9735157623E-005
#    -31    25       1.0514376675E-005
#    -31    26       1.9715669401E-004
#    -31    27       1.8513138263E-005
#    -31    28       2.1744008311E-004
#    -30   -15       9.3144363245E-005
#    -30   -14       1.2051726717E-005
#    -30   -13       4.1212773215E-005
#    -30   -12       5.7383457035E-005
#    -30   -11       7.2854926731E-006
#    -30   -10       3.0198467319E-004
#    -30    -9       9.2723228239E-006
#    -30    -8       4.2653574857E-005
#    -30    -7       8.3014934579E-005
#    -30    -6       7.7804753934E-006
#    -30    -5       8.6481462466E-005
#    -30    -4       7.4281563789E-006
#    -30    -3       7.5005369411E-005
#    -30    -2       9.5502301865E-005
#    -30    -1       2.6323407327E-005
#    -30     0       7.9052629502E-004
#    -30     1       4.5922129734E-006
#    -30     2       1.9671973380E-005
#    -30     3       2.8517966258E-005
#    -30     4       9.3664817286E-006
#    -30     5       9.4889080728E-004
#    -30     6       1.0368614647E-005
#    -30     7       2.8841982694E-005
#    -30     8       2.0217846046E-005
#    -30     9       7.9659014429E-006
#    -30    10       8.2765115529E-004
#    -30    11       5.9095390902E-006
#    -30    12       4.7067766867E-005
#    -30    13       1.2364409331E-005
#    -30    14       5.8004350291E-007
#    -30    15       6.0013444299E-004
#    -30    16       6.0570267180E-006
#    -30    17       4.6215394026E-006
#    -30    18       6.8348449964E-006
#    -30    19       9.9993010792E-006
#    -30    20       2.4698535244E-005
#    -30    21       1.7337193574E-005
#    -30    22       1.0988669532E-004
#    -30    23       2.9884312845E-004
#    -30    24       5.3564453791E-005
#    -30    25       3.2897512132E-004
#    -30    26       6.3017010287E-006
#    -30    27       5.7850649324E-005
#    -30    28       1.7719779509E-005
#    -29   -16       9.3680280182E-005
#    -29   -15       8.4583731807E-006
#    -29   -14       1.2938165614E-005
#    -29   -13       1.6443060760E-004
#    -29   -12       5.5808803402E-005
#    -29   -11       1.7735386872E-004
#    -29   -10       1.3616728370E-005
#    -29    -9       1.4509457436E-005
#    -29    -8       1.8478066273E-004
#    -29    -7       4.4878556873E-005
#    -29    -6       1.4819238235E-004
#    -29    -5       2.7038637483E-006
#    -29    -4       1.1683995135E-005
#    -29    -3       1.6843289614E-004
#    -29    -2       3.7853409700E-005
#    -29    -1       7.3722986317E-005
#    -29     0       4.1625662463E-006
#    -29     1       1.2931533240E-005
#    -29     2       8.8928215515E-005
#    -29     3       2.2209417567E-005
#    -29     4       5.6146867870E-005
#    -29     5       1.0978129301E-005
#    -29     6       2.5231159366E-006
#    -29     7       7.3815259816E-005
#    -29     8       1.5483679100E-005
#    -29     9       2.0322072691E-005
#    -29    10       2.5874628632E-007
#    -29    11       1.4312641418E-005
#    -29    12       1.4469444885E-004
#    -29    13       2.1176568702E-005
#    -29    14       2.8273722129E-004
#    -29    15       4.2977013345E-006
#    -29    16       1.4603522531E-005
#    -29    17       1.1078721664E-005
#    -29    18       1.4596354274E-005
#    -29    19       8.0840565008E-006
#    -29    20       1.7890888917E-005
#    -29    21       2.5876681766E-005
#    -29    22       1.7331037462E-004
#    -29    23       1.1428576112E-004
#    -29    24       4.3204429069E-004
#    -29    25       5.9079736278E-006
#    -29    26       3.6249930410E-005
#    -29    27       2.4952743969E-004
#    -28   -16       3.6545788248E-005
#    -28   -15       4.6010561729E-005
#    -28   -14       1.2958020549E-004
#    -28   -13       9.5221577739E-005
#    -28   -12       6.5352348860E-005
#    -28   -11       8.6928150852E-005
#    -28   -10       9.0036383976E-005
#    -28    -9       1.9246191158E-004
#    -28    -8       6.2864382124E-005
#    -28    -7       5.8516005274E-005
#    -28    -6       3.2761388307E-005
#    -28    -5       5.6201290221E-005
#    -28    -4       1.2573841445E-004
#    -28    -3       2.4873187848E-005
#    -28    -2       2.6159605340E-005
#    -28    -1       1.7671353853E-005
#    -28     0       4.6311794907E-005
#    -28     1       1.0981816175E-004
#    -28     2       3.6454645909E-005
#    -28     3       7.4103532379E-006
#    -28     4       3.4938860387E-005
#    -28     5       2.0442880173E-005
#    -28     6       1.4737015121E-004
#    -28     7       5.9171908857E-005
#    -28     8       2.7803764055E-005
#    -28     9       9.0489038339E-006
#    -28    10       2.6961017660E-005
#    -28    11       2.9758020875E-004
#    -28    12       1.1699629308E-004
#    -28    13       1.5763087086E-004
#    -28    14       6.6942047917E-005
#    -28    15       6.3779023604E-005
#    -28    16       8.0849625395E-005
#    -28    17       5.2741137678E-005
#    -28    18       2.8150249503E-005
#    -28    19       2.1742609975E-006
#    -28    20       5.6162078634E-005
#    -28    21       1.5145110268E-004
#    -28    22       1.2741665532E-004
#    -28    23       7.3019600526E-005
#    -28    24       1.0902851263E-004
#    -28    25       1.1188282092E-004
#    -28    26       2.3034157070E-004
#    -28    27       9.5929427731E-005
#    -27   -17       3.3402476679E-005
#    -27   -16       9.3347175477E-005
#    -27   -15       5.8783639982E-005
#    -27   -14       5.8037326611E-005
#    -27   -13       7.0253578779E-005
#    -27   -12       1.1847055599E-004
#    -27   -11       2.5404181662E-004
#    -27   -10       8.7144615663E-005
#    -27    -9       3.8407807479E-005
#    -27    -8       6.0818079656E-005
#    -27    -7       4.3983564481E-005
#    -27    -6       1.1447505861E-004
#    -27    -5       3.5704885021E-005
#    -27    -4       1.4077471793E-005
#    -27    -3       2.9325568523E-005
#    -27    -2       2.2608791549E-005
#    -27    -1       8.6387762380E-005
#    -27     0       6.0779360015E-005
#    -27     1       1.7361239879E-005
#    -27     2       1.4643122515E-005
#    -27     3       5.4751448392E-005
#    -27     4       6.9743828659E-005
#    -27     5       9.9874446509E-005
#    -27     6       7.4053374273E-005
#    -27     7       1.5284804552E-005
#    -27     8       4.9962836050E-005
#    -27     9       1.2775716191E-004
#    -27    10       1.5952853322E-004
#    -27    11       1.0378519643E-004
#    -27    12       9.8527168838E-005
#    -27    13       1.4923413749E-004
#    -27    14       3.1425448482E-004
#    -27    15       8.6012115789E-005
#    -27    16       7.0266961393E-005
#    -27    17       1.4099157642E-005
#    -27    18       9.0029978241E-006
#    -27    19       9.0213321617E-005
#    -27    20       4.8020558213E-005
#    -27    21       4.6342348117E-005
#    -27    22       8.1176516371E-005
#    -27    23       1.8972062362E-004
#    -27    24       1.9592512475E-004
#    -27    25       2.8701544674E-004
#    -27    26       5.7571351525E-005
#    -27    27       6.8098358467E-005
#    -26   -18       3.2231736159E-005
#    -26   -17       9.8647373944E-005
#    -26   -16       4.2217051413E-006
#    -26   -15       7.9023815696E-006
#    -26   -14       2.9090553107E-004
#    -26   -13       6.2494743285E-005
#    -26   -12       2.6451354137E-004
#    -26   -11       6.2901614116E-006
#    -26   -10       3.4528157322E-006
#    -26    -9       1.7488829457E-004
#    -26    -8       1.7875084615E-005
#    -26    -7       8.1893070527E-005
#    -26    -6       6.9056701572E-006
#    -26    -5       5.1354397663E-006
#    -26    -4       4.2944720720E-005
#    -26    -3       1.4963161376E-005
#    -26    -2       7.7386635841E-005
#    -26    -1       1.2557217940E-005
#    -26     0       4.9100690042E-006
#    -26     1       5.0251953439E-005
#    -26     2       2.4206981085E-005
#    -26     3       4.8968216212E-005
#    -26     4       1.0324527913E-005
#    -26     5       3.4407090392E-005
#    -26     6       8.0380747151E-005
#    -26     7       5.6225936176E-005
#    -26     8       1.3545956080E-004
#    -26     9       3.0977276082E-005
#    -26    10       1.6808554828E-005
#    -26    11       2.6322406958E-004
#    -26    12       1.0691990491E-004
#    -26    13       3.6918798183E-004
#    -26    14       1.4614904364E-005
#    -26    15       2.7476740651E-005
#    -26    16       9.2510304071E-005
#    -26    17       1.6308318921E-005
#    -26    18       8.6661059373E-005
#    -26    19       1.2954221023E-005
#    -26    20       1.7786647199E-006
#    -26    21       1.4020591988E-004
#    -26    22       8.4869752909E-005
#    -26    23       1.8179876647E-004
#    -26    24       1.7799457583E-006
#    -26    25       3.6110943273E-005
#    -26    26       6.4102630280E-004
#    -26    27       5.6364936042E-005
#    -25   -19       2.1390330362E-006
#    -25   -18       8.8622029762E-005
#    -25   -17       3.6196180006E-005
#    -25   -16       2.5446721108E-005
#    -25   -15       2.8136515890E-004
#    -25   -14       2.4148989417E-005
#    -25   -13       1.3671305438E-004
#    -25   -12       8.3697176450E-005
#    -25   -11       2.3188091364E-005
#    -25   -10       4.7945680648E-004
#    -25    -9       3.5748473002E-006
#    -25    -8       2.3155288923E-005
#    -25    -7       4.4220310926E-005
#    -25    -6       7.0901383963E-006
#    -25    -5       9.4591875027E-004
#    -25    -4       7.9062048714E-007
#    -25    -3       1.3460129648E-005
#    -25    -2       5.2066639661E-005
#    -25    -1       1.1198881155E-005
#    -25     0       2.1099350789E-003
#    -25     1       1.3236578904E-007
#    -25     2       1.4853615934E-005
#    -25     3       7.2740986506E-006
#    -25     4       3.4401646429E-006
#    -25     5       4.1704694474E-003
#    -25     6       1.3158099406E-005
#    -25     7       5.4535891610E-005
#    -25     8       4.6472963314E-005
#    -25     9       5.5312825021E-006
#    -25    10       5.6430853758E-003
#    -25    11       1.2141428092E-005
#    -25    12       1.7977764864E-004
#    -25    13       4.7541727123E-005
#    -25    14       5.4029370588E-006
#    -25    15       3.2309074235E-003
#    -25    16       2.4596783638E-005
#    -25    17       3.1100975884E-005
#    -25    18       3.1857496059E-005
#    -25    19       5.2110937823E-005
#    -25    20       1.3914150532E-003
#    -25    21       1.2559193760E-005
#    -25    22       8.9627575260E-005
#    -25    23       1.2037089537E-004
#    -25    24       5.7197652063E-005
#    -25    25       3.5241547564E-004
#    -25    26       3.4001245349E-005
#    -25    27       3.8127221729E-005
#    -24   -20       8.7359253266E-006
#    -24   -19       9.1556754727E-006
#    -24   -18       1.7982424541E-004
#    -24   -17       7.5246754547E-005
#    -24   -16       2.2241126059E-004
#    -24   -15       2.2059233290E-005
#    -24   -14       2.1727204542E-005
#    -24   -13       2.4053423928E-004
#    -24   -12       7.7860637599E-005
#    -24   -11       1.0203786334E-004
#    -24   -10       1.4655807701E-005
#    -24    -9       1.6522956791E-005
#    -24    -8       8.8482724420E-005
#    -24    -7       2.0158573785E-005
#    -24    -6       4.2156575305E-005
#    -24    -5       9.8908564928E-006
#    -24    -4       3.4485264615E-006
#    -24    -3       1.1110872294E-004
#    -24    -2       7.3806146001E-006
#    -24    -1       2.9484807556E-006
#    -24     0       1.1237513392E-005
#    -24     1       2.1785809020E-006
#    -24     2       8.9297537656E-005
#    -24     3       1.7265590955E-005
#    -24     4       4.7250647647E-005
#    -24     5       1.2786022986E-006
#    -24     6       1.7794365145E-005
#    -24     7       3.3969637170E-006
#    -24     8       4.4400004451E-006
#    -24     9       6.9642572205E-005
#    -24    10       2.8293264888E-006
#    -24    11       1.8899819035E-005
#    -24    12       3.0742643567E-004
#    -24    13       7.4308035970E-005
#    -24    14       2.8211558791E-004
#    -24    15       2.1423969523E-005
#    -24    16       5.7518911107E-005
#    -24    17       3.7463008515E-005
#    -24    18       7.0472437534E-005
#    -24    19       1.3066855241E-004
#    -24    20       1.4455380803E-005
#    -24    21       4.6253745025E-005
#    -24    22       3.6613988951E-004
#    -24    23       1.7261933444E-005
#    -24    24       5.5858338900E-004
#    -24    25       8.3976007593E-005
#    -24    26       1.5432640685E-004
#    -23   -20       4.7125299086E-005
#    -23   -19       2.0646421125E-004
#    -23   -18       8.9968646046E-005
#    -23   -17       5.2595831140E-005
#    -23   -16       5.4060602692E-005
#    -23   -15       1.3498123045E-004
#    -23   -14       2.2384216974E-004
#    -23   -13       1.0022713693E-004
#    -23   -12       3.1015352750E-005
#    -23   -11       2.8534528548E-005
#    -23   -10       7.8055950842E-005
#    -23    -9       6.7708023617E-005
#    -23    -8       2.3277958868E-005
#    -23    -7       1.0303411395E-005
#    -23    -6       4.7224966198E-005
#    -23    -5       5.2578093220E-005
#    -23    -4       8.9683727089E-005
#    -23    -3       3.5255328315E-005
#    -23    -2       2.6280118472E-006
#    -23    -1       3.2964232634E-005
#    -23     0       1.0474346114E-004
#    -23     1       2.3749878133E-004
#    -23     2       7.5346251993E-005
#    -23     3       3.6723931442E-005
#    -23     4       1.0308523908E-005
#    -23     5       3.5457305116E-005
#    -23     6       3.8258994730E-005
#    -23     7       5.3018510338E-005
#    -23     8       2.6477012007E-005
#    -23     9       2.4011437090E-005
#    -23    10       9.8056882744E-005
#    -23    11       5.9508896819E-004
#    -23    12       3.0561349230E-004
#    -23    13       2.2378047839E-004
#    -23    14       7.5386385064E-005
#    -23    15       1.4149827542E-004
#    -23    16       1.1595116292E-004
#    -23    17       7.2112865883E-005
#    -23    18       4.7001627928E-005
#    -23    19       4.1671912332E-005
#    -23    20       1.9554673609E-004
#    -23    21       3.0236654596E-004
#    -23    22       1.0407278211E-004
#    -23    23       9.8409368439E-005
#    -23    24       1.9633671756E-004
#    -23    25       1.3050018269E-004
#    -23    26       1.6751724986E-004
#    -22   -21       6.3310141199E-005
#    -22   -20       6.4189902313E-005
#    -22   -19       4.8452738257E-005
#    -22   -18       9.2102564269E-005
#    -22   -17       1.2883256765E-004
#    -22   -16       2.3560803589E-004
#    -22   -15       9.8187999036E-005
#    -22   -14       4.4924156846E-005
#    -22   -13       4.0745373162E-005
#    -22   -12       3.4308409150E-005
#    -22   -11       1.3626916071E-004
#    -22   -10       1.5092969977E-005
#    -22    -9       6.7474902190E-006
#    -22    -8       3.4695831463E-005
#    -22    -7       4.4973488887E-005
#    -22    -6       1.0773795803E-004
#    -22    -5       3.4263671831E-005
#    -22    -4       6.8489185829E-005
#    -22    -3       7.5554278730E-006
#    -22    -2       4.0446348091E-005
#    -22    -1       3.6831141185E-004
#    -22     0       1.3296168654E-004
#    -22     1       6.2128649664E-005
#    -22     2       1.0164205751E-004
#    -22     3       3.7512894576E-005
#    -22     4       1.0597901411E-004
#    -22     5       5.7426409157E-005
#    -22     6       7.7970470277E-005
#    -22     7       1.2961880599E-005
#    -22     8       8.9298510957E-005
#    -22     9       4.6081813690E-004
#    -22    10       4.0772879371E-004
#    -22    11       3.2173912998E-004
#    -22    12       1.5373500598E-004
#    -22    13       2.2916297233E-004
#    -22    14       5.7434219722E-004
#    -22    15       1.3881774668E-004
#    -22    16       6.2670588552E-005
#    -22    17       9.8290616274E-005
#    -22    18       1.5966402355E-004
#    -22    19       1.3285608573E-004
#    -22    20       2.1657052816E-004
#    -22    21       6.6111487316E-005
#    -22    22       1.3632231206E-004
#    -22    23       5.1149970526E-005
#    -22    24       6.7816610154E-004
#    -22    25       3.5458969245E-005
#    -22    26       9.7104852003E-005
#    -21   -22       1.0311844271E-004
#    -21   -21       1.9105216706E-005
#    -21   -20       3.1850851395E-005
#    -21   -19       2.5677120510E-004
#    -21   -18       1.2701166885E-004
#    -21   -17       2.8464205148E-004
#    -21   -16       1.4069239954E-005
#    -21   -15       8.2387257707E-006
#    -21   -14       1.5300051904E-004
#    -21   -13       3.3138056732E-005
#    -21   -12       1.2166005598E-004
#    -21   -11       8.8981217661E-006
#    -21   -10       1.2170173763E-006
#    -21    -9       4.2736267425E-005
#    -21    -8       2.4532819518E-005
#    -21    -7       7.3580427727E-005
#    -21    -6       3.8388082247E-007
#    -21    -5       3.7244385874E-005
#    -21    -4       5.4250336135E-005
#    -21    -3       3.5989709533E-005
#    -21    -2       3.4147023043E-004
#    -21    -1       1.8353359626E-005
#    -21     0       2.4017749741E-006
#    -21     1       2.7161870110E-004
#    -21     2       3.3232683173E-005
#    -21     3       5.6943267388E-005
#    -21     4       4.5443578343E-006
#    -21     5       2.8090826348E-005
#    -21     6       2.1405919121E-004
#    -21     7       1.0756980859E-004
#    -21     8       4.1748599056E-004
#    -21     9       4.1239280498E-005
#    -21    10       6.1658227149E-005
#    -21    11       9.2875211279E-004
#    -21    12       2.3172566544E-004
#    -21    13       7.6401018455E-004
#    -21    14       2.9276750994E-005
#    -21    15       1.5175928294E-006
#    -21    16       2.4974822988E-004
#    -21    17       9.0044629843E-005
#    -21    18       1.7327655758E-004
#    -21    19       6.4923550519E-006
#    -21    20       2.7601535761E-005
#    -21    21       3.4644854192E-004
#    -21    22       7.8987940929E-005
#    -21    23       4.5140014245E-004
#    -21    24       1.7577996089E-005
#    -21    25       1.9376245982E-005
#    -20   -22       6.8832963378E-005
#    -20   -21       8.3956154273E-006
#    -20   -20       2.6531440395E-004
#    -20   -19       2.4880610879E-005
#    -20   -18       2.2549639359E-004
#    -20   -17       1.3095597724E-004
#    -20   -16       3.6288715260E-005
#    -20   -15       4.7661880957E-004
#    -20   -14       2.8661745941E-005
#    -20   -13       4.6278351468E-005
#    -20   -12       5.3853108524E-005
#    -20   -11       1.4336292666E-005
#    -20   -10       9.1082791047E-004
#    -20    -9       8.6279838250E-006
#    -20    -8       1.3063402347E-005
#    -20    -7       1.4401534791E-005
#    -20    -6       1.3884732112E-005
#    -20    -5       3.9223133550E-003
#    -20    -4       2.1841974894E-005
#    -20    -3       1.4110756378E-004
#    -20    -2       9.7377530339E-005
#    -20    -1       3.6285353500E-005
#    -20     0       1.2899349522E-002
#    -20     1       6.1774330844E-006
#    -20     2       5.6225260823E-006
#    -20     3       3.9454656640E-005
#    -20     4       1.6940452152E-005
#    -20     5       1.3057403565E-002
#    -20     6       5.1503106592E-005
#    -20     7       1.2865647869E-004
#    -20     8       8.5145679133E-005
#    -20     9       2.4489043254E-005
#    -20    10       7.6534732438E-003
#    -20    11       5.6332683597E-005
#    -20    12       2.8645557557E-004
#    -20    13       1.4257182146E-004
#    -20    14       8.6168888743E-005
#    -20    15       1.6730528835E-003
#    -20    16       1.7185729204E-005
#    -20    17       8.8040788462E-005
#    -20    18       1.0180104913E-004
#    -20    19       3.0179242594E-005
#    -20    20       2.5994094430E-003
#    -20    21       4.1053888820E-005
#    -20    22       1.3163874080E-004
#    -20    23       1.2991040499E-004
#    -20    24       2.5489229789E-004
#    -20    25       1.3920396089E-003
#    -19   -23       6.5332597613E-005
#    -19   -22       2.8845471793E-005
#    -19   -21       2.6631053136E-004
#    -19   -20       3.1016681176E-005
#    -19   -19       8.9022806898E-006
#    -19   -18       3.6078648735E-004
#    -19   -17       8.8878521154E-005
#    -19   -16       2.0569298166E-004
#    -19   -15       3.0283115050E-007
#    -19   -14       3.6927053784E-006
#    -19   -13       4.9554555955E-005
#    -19   -12       2.3986752684E-005
#    -19   -11       2.9343221016E-005
#    -19   -10       4.0392098755E-006
#    -19    -9       1.2533403512E-005
#    -19    -8       6.8985488390E-005
#    -19    -7       1.3225861168E-005
#    -19    -6       1.1567545928E-004
#    -19    -5       9.3854483601E-006
#    -19    -4       3.5930279364E-005
#    -19    -3       9.6348026885E-005
#    -19    -2       4.0642781804E-005
#    -19    -1       5.4095002517E-005
#    -19     0       3.3427201829E-006
#    -19     1       1.5836741788E-005
#    -19     2       1.5262002688E-004
#    -19     3       1.1176008228E-005
#    -19     4       1.8663250810E-004
#    -19     5       4.6580845049E-006
#    -19     6       3.0776278853E-005
#    -19     7       7.6269260756E-005
#    -19     8       3.3180420368E-005
#    -19     9       3.5069161994E-004
#    -19    10       2.3999911204E-005
#    -19    11       6.7358516741E-005
#    -19    12       2.2601358405E-004
#    -19    13       1.3293232983E-004
#    -19    14       2.6253968819E-004
#    -19    15       2.2368689771E-006
#    -19    16       9.3595426218E-006
#    -19    17       5.2456015444E-004
#    -19    18       5.7332624779E-005
#    -19    19       3.5793820802E-005
#    -19    20       1.4836775273E-005
#    -19    21       5.2427269817E-005
#    -19    22       2.3947271047E-004
#    -19    23       1.1564339020E-004
#    -19    24       2.2160456562E-004
#    -19    25       1.1663335018E-004
#    -18   -23       4.9460482435E-005
#    -18   -22       3.7518814606E-005
#    -18   -21       9.4278806573E-005
#    -18   -20       1.0720010959E-004
#    -18   -19       3.2929553288E-004
#    -18   -18       1.0957308997E-004
#    -18   -17       7.3356656547E-005
#    -18   -16       4.5846723046E-005
#    -18   -15       3.0760772637E-005
#    -18   -14       4.1351250749E-005
#    -18   -13       1.2657788477E-005
#    -18   -12       1.6848515693E-005
#    -18   -11       2.9434848450E-005
#    -18   -10       5.4866083390E-005
#    -18    -9       1.2717619802E-004
#    -18    -8       6.9151675993E-006
#    -18    -7       5.7909711483E-005
#    -18    -6       7.3000540095E-006
#    -18    -5       2.4301905858E-005
#    -18    -4       3.1089601695E-005
#    -18    -3       6.1443208294E-006
#    -18    -2       1.1413494077E-005
#    -18    -1       1.3340661738E-005
#    -18     0       1.4668099579E-004
#    -18     1       4.5347802040E-004
#    -18     2       2.5180780109E-004
#    -18     3       1.4142912695E-004
#    -18     4       3.5784436785E-005
#    -18     5       1.0465760783E-004
#    -18     6       2.0317832783E-004
#    -18     7       9.8245744931E-005
#    -18     8       7.9825106776E-005
#    -18     9       1.1221815523E-004
#    -18    10       1.2072587436E-004
#    -18    11       4.5008941034E-005
#    -18    12       5.7363232546E-005
#    -18    13       3.9542922796E-005
#    -18    14       6.1742058178E-005
#    -18    15       7.7309923382E-005
#    -18    16       4.8199902694E-004
#    -18    17       1.1806952871E-004
#    -18    18       6.1992133465E-006
#    -18    19       2.3432016165E-005
#    -18    20       2.0002277924E-005
#    -18    21       2.4314816956E-004
#    -18    22       2.1387645760E-004
#    -18    23       7.7300410732E-005
#    -18    24       1.4739438389E-004
#    -17   -24       3.4997214434E-005
#    -17   -23       3.7809087482E-005
#    -17   -22       5.9577450170E-005
#    -17   -21       2.9992737648E-004
#    -17   -20       1.1824501468E-004
#    -17   -19       1.0566063951E-004
#    -17   -18       8.5962136467E-005
#    -17   -17       1.2738462825E-004
#    -17   -16       1.3164155798E-004
#    -17   -15       2.7363051025E-005
#    -17   -14       1.7123004582E-007
#    -17   -13       1.3786566250E-005
#    -17   -12       2.5409932573E-005
#    -17   -11       2.4496291025E-004
#    -17   -10       8.7222628604E-005
#    -17    -9       3.1559112214E-005
#    -17    -8       3.0758727672E-005
#    -17    -7       8.5780970538E-006
#    -17    -6       6.0138223179E-005
#    -17    -5       7.1322366255E-006
#    -17    -4       2.1249206604E-005
#    -17    -3       4.5681421252E-006
#    -17    -2       3.7394662736E-005
#    -17    -1       6.1791066849E-004
#    -17     0       3.5308039211E-004
#    -17     1       4.2177334662E-004
#    -17     2       3.8722472381E-004
#    -17     3       1.6724712793E-004
#    -17     4       5.6954791647E-004
#    -17     5       1.5238100634E-004
#    -17     6       1.7132464837E-004
#    -17     7       2.5234348957E-004
#    -17     8       2.2154022459E-004
#    -17     9       1.8976773511E-004
#    -17    10       5.4894380887E-006
#    -17    11       1.5537744076E-005
#    -17    12       2.2046896270E-005
#    -17    13       8.1206529410E-006
#    -17    14       4.6076453684E-005
#    -17    15       7.6042020482E-005
#    -17    16       3.9490417542E-005
#    -17    17       5.4434492414E-007
#    -17    18       3.0464448726E-005
#    -17    19       6.4301204204E-005
#    -17    20       1.2713153920E-004
#    -17    21       8.5828740752E-005
#    -17    22       8.5355407255E-006
#    -17    23       2.1160146678E-004
#    -17    24       7.0690994302E-004
#    -16   -24       1.1343373025E-004
#    -16   -23       3.4711756061E-005
#    -16   -22       3.0493576722E-004
#    -16   -21       1.3571959254E-005
#    -16   -20       3.8079532832E-005
#    -16   -19       3.4994540841E-004
#    -16   -18       8.5001283237E-005
#    -16   -17       1.8764433900E-004
#    -16   -16       1.2738193856E-005
#    -16   -15       4.6331985497E-006
#    -16   -14       1.7996559043E-005
#    -16   -13       1.5635963701E-005
#    -16   -12       3.4908814716E-004
#    -16   -11       3.5688596745E-005
#    -16   -10       1.7740301748E-005
#    -16    -9       4.3392355423E-005
#    -16    -8       1.4091546144E-005
#    -16    -7       1.1049144309E-004
#    -16    -6       2.7258679209E-006
#    -16    -5       3.3994976684E-005
#    -16    -4       7.0302948184E-005
#    -16    -3       7.9033507292E-005
#    -16    -2       6.9250953094E-004
#    -16    -1       7.1367667614E-005
#    -16     0       6.9986933238E-005
#    -16     1       1.7232048810E-003
#    -16     2       2.5017525836E-004
#    -16     3       9.8072311533E-004
#    -16     4       6.5515239664E-005
#    -16     5       8.7670944759E-005
#    -16     6       9.6245679133E-004
#    -16     7       1.3896195038E-004
#    -16     8       3.2040535039E-004
#    -16     9       8.6796967996E-006
#    -16    10       1.5212763805E-006
#    -16    11       2.0179298301E-004
#    -16    12       3.6961246075E-005
#    -16    13       2.4411168199E-005
#    -16    14       2.1221693958E-005
#    -16    15       2.0353796436E-005
#    -16    16       1.9004582187E-005
#    -16    17       2.8904763609E-005
#    -16    18       1.8226104512E-004
#    -16    19       3.4318460313E-005
#    -16    20       3.2722088422E-005
#    -16    21       2.9735128011E-004
#    -16    22       5.9322116583E-005
#    -16    23       4.1160171458E-004
#    -15   -25       1.0928227036E-004
#    -15   -24       4.9795911972E-006
#    -15   -23       7.5236799569E-005
#    -15   -22       9.5803698616E-005
#    -15   -21       4.7803597827E-006
#    -15   -20       4.3852230659E-004
#    -15   -19       1.3665339718E-007
#    -15   -18       8.5383698491E-005
#    -15   -17       6.2975818038E-005
#    -15   -16       4.9251084594E-006
#    -15   -15       4.8338953431E-004
#    -15   -14       2.2359321506E-005
#    -15   -13       1.3129307538E-004
#    -15   -12       2.0639890803E-004
#    -15   -11       1.0441514313E-005
#    -15   -10       5.0939388810E-003
#    -15    -9       3.6844328608E-006
#    -15    -8       8.9390104529E-005
#    -15    -7       8.3158262881E-005
#    -15    -6       3.6352779764E-005
#    -15    -5       1.2807261393E-002
#    -15    -4       5.6166629696E-005
#    -15    -3       2.2244419145E-004
#    -15    -2       3.6938285111E-004
#    -15    -1       1.3450586085E-004
#    -15     0       2.3236276539E-002
#    -15     1       1.5636062975E-004
#    -15     2       4.5848043769E-004
#    -15     3       3.9438651603E-004
#    -15     4       1.1235671652E-004
#    -15     5       2.2634991625E-002
#    -15     6       3.8037596455E-005
#    -15     7       1.5353235741E-004
#    -15     8       1.0081379466E-005
#    -15     9       9.3419484487E-006
#    -15    10       1.1565977973E-002
#    -15    11       5.0609702701E-005
#    -15    12       9.6799859688E-005
#    -15    13       2.0854488846E-005
#    -15    14       3.3339456115E-005
#    -15    15       1.6242488222E-002
#    -15    16       5.6114365680E-006
#    -15    17       1.0693915892E-004
#    -15    18       3.1900888193E-004
#    -15    19       2.4375598029E-005
#    -15    20       1.1138023193E-003
#    -15    21       1.0379020485E-004
#    -15    22       1.2909847812E-004
#    -15    23       3.6062083728E-004
#    -14   -25       2.6439995632E-006
#    -14   -24       4.4794601062E-005
#    -14   -23       1.2499179816E-004
#    -14   -22       7.5835430536E-005
#    -14   -21       3.0152515527E-004
#    -14   -20       3.8841079481E-005
#    -14   -19       2.5383085681E-005
#    -14   -18       1.9193676342E-004
#    -14   -17       4.4267457324E-006
#    -14   -16       5.6072313033E-006
#    -14   -15       1.5755961922E-005
#    -14   -14       1.1527133397E-005
#    -14   -13       2.9535015247E-004
#    -14   -12       1.3670577698E-004
#    -14   -11       9.9409763628E-005
#    -14   -10       7.9360266455E-006
#    -14    -9       2.0527999817E-005
#    -14    -8       3.0707160425E-004
#    -14    -7       6.3068910516E-005
#    -14    -6       3.1195500166E-004
#    -14    -5       1.1901822410E-005
#    -14    -4       4.2535631424E-005
#    -14    -3       6.8195360704E-004
#    -14    -2       4.5275613991E-004
#    -14    -1       1.6941796208E-003
#    -14     0       1.1965566134E-004
#    -14     1       4.9690874236E-005
#    -14     2       6.1785741841E-004
#    -14     3       1.4633086506E-004
#    -14     4       3.5455738269E-004
#    -14     5       2.7371271837E-005
#    -14     6       3.5018128196E-006
#    -14     7       1.0031608159E-004
#    -14     8       2.3727365636E-005
#    -14     9       3.4025204503E-004
#    -14    10       4.9518699582E-005
#    -14    11       9.0066935983E-005
#    -14    12       3.3256687960E-004
#    -14    13       5.3352766354E-005
#    -14    14       9.6698633955E-005
#    -14    15       4.1117989814E-005
#    -14    16       1.7656861039E-005
#    -14    17       6.3453839142E-004
#    -14    18       1.2851754180E-004
#    -14    19       1.9199760716E-004
#    -14    20       2.5248738369E-004
#    -14    21       1.9825596145E-004
#    -14    22       4.1513112834E-004
#    -13   -26       7.8672389278E-006
#    -13   -25       5.9853708910E-005
#    -13   -24       2.0175654059E-004
#    -13   -23       1.2428305132E-004
#    -13   -22       2.9682924508E-005
#    -13   -21       3.4254550126E-005
#    -13   -20       6.8494579178E-005
#    -13   -19       7.0976089330E-005
#    -13   -18       1.4925163346E-005
#    -13   -17       2.1723861569E-006
#    -13   -16       8.6040981613E-008
#    -13   -15       3.5679993411E-005
#    -13   -14       1.9294887675E-004
#    -13   -13       2.0141137951E-004
#    -13   -12       5.5974606263E-005
#    -13   -11       6.0461843413E-005
#    -13   -10       7.3543323845E-005
#    -13    -9       4.2628085000E-004
#    -13    -8       1.1480470459E-004
#    -13    -7       1.3910200024E-004
#    -13    -6       1.9014911033E-007
#    -13    -5       6.4442292249E-005
#    -13    -4       4.6609411712E-004
#    -13    -3       2.5686221414E-004
#    -13    -2       2.8910901869E-004
#    -13    -1       2.5343630322E-004
#    -13     0       2.6601079028E-004
#    -13     1       1.8965304209E-004
#    -13     2       2.0784026006E-005
#    -13     3       2.9058037140E-005
#    -13     4       2.0814699109E-005
#    -13     5       2.0215174393E-004
#    -13     6       4.8108037618E-004
#    -13     7       1.4813409105E-004
#    -13     8       1.4938564917E-004
#    -13     9       2.2333828371E-004
#    -13    10       4.7464789374E-004
#    -13    11       6.1341340378E-004
#    -13    12       1.8610713450E-004
#    -13    13       6.7292264274E-005
#    -13    14       4.2612287201E-005
#    -13    15       8.9127707379E-005
#    -13    16       7.4940086334E-004
#    -13    17       8.3702264136E-005
#    -13    18       1.6468526694E-005
#    -13    19       1.4414128561E-004
#    -13    20       3.0124068337E-004
#    -13    21       2.0776857560E-004
#    -12   -26       9.0419444151E-005
#    -12   -25       3.9816043497E-005
#    -12   -24       3.4764063457E-005
#    -12   -23       4.8632761069E-005
#    -12   -22       5.6365360150E-005
#    -12   -21       1.9578821952E-004
#    -12   -20       1.9889082736E-005
#    -12   -19       1.4723234884E-005
#    -12   -18       1.6073195101E-005
#    -12   -17       6.2317653103E-006
#    -12   -16       4.4644986689E-005
#    -12   -15       6.0538994624E-005
#    -12   -14       6.5243479316E-005
#    -12   -13       4.5765803260E-005
#    -12   -12       8.4039323945E-005
#    -12   -11       3.5995662858E-004
#    -12   -10       1.8309958496E-004
#    -12    -9       1.2301002451E-004
#    -12    -8       9.9512941086E-005
#    -12    -7       4.2484451424E-006
#    -12    -6       2.1428248240E-004
#    -12    -5       1.4007585912E-004
#    -12    -4       1.3446613847E-004
#    -12    -3       2.5990179094E-004
#    -12    -2       2.8232200795E-004
#    -12    -1       1.1642294861E-004
#    -12     0       6.5604934824E-006
#    -12     1       3.1232809982E-005
#    -12     2       1.4150939281E-004
#    -12     3       1.0283716408E-004
#    -12     4       9.4412382604E-004
#    -12     5       4.1311265583E-004
#    -12     6       4.1360500471E-004
#    -12     7       4.9138319208E-004
#    -12     8       4.2645996322E-004
#    -12     9       7.9966729097E-004
#    -12    10       3.5321835316E-004
#    -12    11       1.6769703460E-004
#    -12    12       4.0492344375E-005
#    -12    13       1.0652323268E-004
#    -12    14       3.5568880236E-004
#    -12    15       2.9087088280E-004
#    -12    16       2.3151673825E-004
#    -12    17       8.2604888128E-005
#    -12    18       3.5064984285E-005
#    -12    19       5.2951813175E-004
#    -12    20       9.1278904081E-005
#    -12    21       1.9623745157E-004
#    -11   -26       1.4932842216E-005
#    -11   -25       6.7380634118E-006
#    -11   -24       2.2743468955E-004
#    -11   -23       1.3579771452E-004
#    -11   -22       2.5277014320E-004
#    -11   -21       3.4276398173E-006
#    -11   -20       3.2882335088E-006
#    -11   -19       2.2641291974E-006
#    -11   -18       9.9585491986E-006
#    -11   -17       1.1772915634E-005
#    -11   -16       1.2009942537E-005
#    -11   -15       2.3671335247E-006
#    -11   -14       9.2442815970E-005
#    -11   -13       4.5921193726E-005
#    -11   -12       4.7472253438E-004
#    -11   -11       4.0402449777E-005
#    -11   -10       3.1952316902E-005
#    -11    -9       3.2947949156E-004
#    -11    -8       2.6657755101E-005
#    -11    -7       3.1240906000E-004
#    -11    -6       5.5634655853E-005
#    -11    -5       1.0126888556E-004
#    -11    -4       5.8216743660E-004
#    -11    -3       7.1607301768E-005
#    -11    -2       1.7672219348E-006
#    -11    -1       2.3604528756E-005
#    -11     0       1.5828298054E-005
#    -11     1       1.0038023591E-003
#    -11     2       3.5179210589E-004
#    -11     3       1.4196616868E-003
#    -11     4       1.0821831918E-004
#    -11     5       2.0405170600E-004
#    -11     6       2.0347712254E-003
#    -11     7       2.3787554342E-004
#    -11     8       7.9125766191E-004
#    -11     9       3.3380302103E-005
#    -11    10       5.1324788615E-005
#    -11    11       3.3574281947E-004
#    -11    12       1.7764928062E-004
#    -11    13       4.0232873616E-004
#    -11    14       1.3312773165E-004
#    -11    15       9.9809763541E-005
#    -11    16       4.6836213681E-004
#    -11    17       9.7649107814E-005
#    -11    18       3.2049877922E-004
#    -11    19       2.5012998241E-004
#    -11    20       4.8637663382E-005
#    -10   -27       3.0485323442E-005
#    -10   -26       2.8644157599E-005
#    -10   -25       2.1683917270E-004
#    -10   -24       6.5701343867E-005
#    -10   -23       1.1362585765E-004
#    -10   -22       5.9285368391E-005
#    -10   -21       1.5338109169E-005
#    -10   -20       1.3631930740E-005
#    -10   -19       2.1718628366E-005
#    -10   -18       2.6497558623E-005
#    -10   -17       1.3642628967E-005
#    -10   -16       5.3470878521E-006
#    -10   -15       2.7505973941E-003
#    -10   -14       2.3757067426E-005
#    -10   -13       2.4551879075E-004
#    -10   -12       2.3835155537E-004
#    -10   -11       4.6930390456E-005
#    -10   -10       8.0001760012E-003
#    -10    -9       3.0336435500E-005
#    -10    -8       1.1477552004E-004
#    -10    -7       4.2975658916E-004
#    -10    -6       8.8182238529E-005
#    -10    -5       2.3882534809E-002
#    -10    -4       6.9382379210E-006
#    -10    -3       3.0765505535E-005
#    -10    -2       1.7307221681E-004
#    -10    -1       1.0539651312E-004
#    -10     0       3.3886472110E-002
#    -10     1       2.0548914492E-004
#    -10     2       6.2973328149E-004
#    -10     3       8.5728406739E-004
#    -10     4       2.1311741399E-004
#    -10     5       1.2268151148E-002
#    -10     6       1.7339970399E-004
#    -10     7       4.3510948847E-004
#    -10     8       3.0964594900E-004
#    -10     9       6.6180993443E-006
#    -10    10       1.7196874641E-002
#    -10    11       8.8449036096E-006
#    -10    12       1.1149103053E-004
#    -10    13       3.5675892718E-004
#    -10    14       6.5401101082E-005
#    -10    15       1.9341152544E-002
#    -10    16       2.9444396762E-005
#    -10    17       2.0652176095E-004
#    -10    18       4.3684522122E-004
#    -10    19       1.0575241269E-004
#     -9   -27       3.9935445381E-005
#     -9   -26       4.4936582705E-004
#     -9   -25       4.9225990114E-006
#     -9   -24       5.7014705037E-006
#     -9   -23       5.7808342216E-004
#     -9   -22       9.8534601454E-005
#     -9   -21       2.8349304454E-004
#     -9   -20       1.6302190235E-006
#     -9   -19       6.5168526918E-006
#     -9   -18       5.0302822169E-005
#     -9   -17       7.4413138415E-006
#     -9   -16       7.8222114064E-005
#     -9   -15       7.0714385568E-006
#     -9   -14       2.1478772604E-005
#     -9   -13       5.1374069918E-004
#     -9   -12       2.4590350650E-004
#     -9   -11       5.8347754977E-004
#     -9   -10       1.4428371152E-005
#     -9    -9       2.8506272096E-005
#     -9    -8       8.5002752841E-004
#     -9    -7       3.1191984707E-004
#     -9    -6       6.2386116825E-004
#     -9    -5       5.8081128069E-005
#     -9    -4       2.8598722885E-005
#     -9    -3       5.5907847741E-004
#     -9    -2       5.2989680805E-004
#     -9    -1       2.3270650782E-003
#     -9     0       1.3837377904E-004
#     -9     1       7.9042855211E-005
#     -9     2       1.5461748525E-003
#     -9     3       2.9425257437E-004
#     -9     4       1.6896592447E-003
#     -9     5       1.9984546314E-004
#     -9     6       2.0032970206E-005
#     -9     7       3.6666811972E-004
#     -9     8       1.4073047686E-004
#     -9     9       2.3026898368E-004
#     -9    10       2.1109583233E-006
#     -9    11       2.8257083299E-005
#     -9    12       2.1469984057E-004
#     -9    13       1.4821413919E-005
#     -9    14       3.0266064278E-004
#     -9    15       1.7315507965E-004
#     -9    16       1.8368127609E-005
#     -9    17       1.1956369840E-003
#     -9    18       4.8084735086E-004
#     -9    19       8.7033131805E-005
#     -8   -27       4.7146616735E-005
#     -8   -26       1.0538261327E-004
#     -8   -25       1.2504724792E-004
#     -8   -24       3.2489673643E-004
#     -8   -23       9.5859106298E-005
#     -8   -22       1.0615321313E-004
#     -8   -21       8.5204385826E-005
#     -8   -20       5.9627952259E-005
#     -8   -19       1.1294749123E-004
#     -8   -18       1.9907979604E-006
#     -8   -17       2.7714620820E-005
#     -8   -16       6.3557215515E-006
#     -8   -15       4.5712331314E-005
#     -8   -14       4.2841537790E-004
#     -8   -13       2.4988329752E-004
#     -8   -12       1.4040381291E-004
#     -8   -11       4.3485346246E-005
#     -8   -10       1.7953590999E-004
#     -8    -9       5.0625908993E-004
#     -8    -8       2.4336645164E-004
#     -8    -7       9.3691043744E-005
#     -8    -6       1.3003589194E-004
#     -8    -5       1.7636883567E-004
#     -8    -4       8.7062966975E-004
#     -8    -3       6.8180824180E-004
#     -8    -2       4.5745286434E-004
#     -8    -1       6.4099144285E-004
#     -8     0       8.6697742479E-004
#     -8     1       1.1207111699E-003
#     -8     2       1.5026674737E-004
#     -8     3       2.9342068741E-004
#     -8     4       1.5496054084E-004
#     -8     5       3.1974234153E-005
#     -8     6       8.5318301412E-005
#     -8     7       2.1354252886E-004
#     -8     8       1.8766222777E-006
#     -8     9       2.3337813184E-005
#     -8    10       1.2817384879E-004
#     -8    11       3.3135263579E-004
#     -8    12       4.9152023836E-004
#     -8    13       2.2342186993E-005
#     -8    14       1.1987603074E-005
#     -8    15       1.4150052815E-004
#     -8    16       1.3137344881E-003
#     -8    17       5.6799576457E-004
#     -8    18       1.3108509377E-004
#     -7   -27       1.2735002616E-004
#     -7   -26       2.3660741459E-004
#     -7   -25       2.6066749290E-004
#     -7   -24       1.2954725974E-004
#     -7   -23       2.4182849172E-004
#     -7   -22       1.7493897650E-004
#     -7   -21       1.8873823030E-004
#     -7   -20       6.3985438842E-005
#     -7   -19       2.5992525317E-005
#     -7   -18       1.9608592896E-005
#     -7   -17       4.1088822247E-006
#     -7   -16       8.3822585512E-005
#     -7   -15       1.3988701404E-004
#     -7   -14       1.4646867526E-004
#     -7   -13       1.0714962430E-004
#     -7   -12       8.7950538779E-005
#     -7   -11       9.9409603468E-005
#     -7   -10       1.0010059809E-004
#     -7    -9       3.8950999919E-005
#     -7    -8       8.6669938036E-006
#     -7    -7       1.0181546450E-004
#     -7    -6       5.7758793255E-004
#     -7    -5       3.5843820631E-004
#     -7    -4       5.3628283409E-004
#     -7    -3       5.4207626567E-004
#     -7    -2       8.0952178677E-004
#     -7    -1       9.7218334617E-004
#     -7     0       3.0224235140E-004
#     -7     1       3.4323563886E-005
#     -7     2       6.9820507286E-006
#     -7     3       7.0014540014E-005
#     -7     4       5.5408641419E-005
#     -7     5       2.2774351358E-005
#     -7     6       2.0314322305E-004
#     -7     7       1.3897925087E-004
#     -7     8       3.5875572824E-005
#     -7     9       9.3459690517E-005
#     -7    10       3.1162471626E-004
#     -7    11       6.8958367671E-004
#     -7    12       2.1261820215E-004
#     -7    13       1.8154433743E-004
#     -7    14       2.0697722522E-004
#     -7    15       2.2306658490E-004
#     -7    16       1.1901838310E-004
#     -7    17       1.6228643747E-004
#     -6   -27       1.8905730700E-004
#     -6   -26       2.5950952795E-005
#     -6   -25       3.5470165117E-005
#     -6   -24       6.2792102873E-004
#     -6   -23       1.7719110340E-004
#     -6   -22       3.9092588636E-004
#     -6   -21       3.3910768008E-005
#     -6   -20       1.7456439431E-005
#     -6   -19       1.3816868503E-004
#     -6   -18       3.4944777845E-005
#     -6   -17       7.4352999745E-005
#     -6   -16       4.3198701461E-005
#     -6   -15       1.1487201906E-005
#     -6   -14       3.6294044874E-004
#     -6   -13       1.1779579389E-004
#     -6   -12       1.0132551307E-004
#     -6   -11       1.8174928464E-005
#     -6   -10       5.9239337735E-007
#     -6    -9       8.5333933038E-006
#     -6    -8       3.9368023647E-005
#     -6    -7       5.2313852813E-004
#     -6    -6       9.5622291373E-005
#     -6    -5       2.4772385801E-004
#     -6    -4       1.8811943056E-003
#     -6    -3       3.0818540576E-004
#     -6    -2       3.1357991883E-004
#     -6    -1       5.7158108218E-007
#     -6     0       1.3712441394E-005
#     -6     1       3.0080136605E-004
#     -6     2       3.2131683386E-004
#     -6     3       2.9899418167E-004
#     -6     4       4.2587198211E-005
#     -6     5       1.3847665369E-004
#     -6     6       6.1108975387E-004
#     -6     7       2.9395570780E-005
#     -6     8       8.3436538669E-005
#     -6     9       1.8938427972E-005
#     -6    10       2.1279879940E-004
#     -6    11       3.3802290006E-003
#     -6    12       9.5618547509E-004
#     -6    13       2.8493238681E-004
#     -6    14       5.0471083096E-005
#     -6    15       3.2669076868E-005
#     -6    16       1.3014757012E-003
#     -5   -27       1.9434986204E-004
#     -5   -26       1.3804974821E-005
#     -5   -25       5.1605413763E-004
#     -5   -24       4.8775298553E-006
#     -5   -23       1.2988788703E-004
#     -5   -22       2.6240593573E-004
#     -5   -21       2.1339822306E-005
#     -5   -20       1.5765667549E-003
#     -5   -19       9.7894519865E-006
#     -5   -18       5.1156613079E-005
#     -5   -17       8.6657917975E-005
#     -5   -16       7.8227710984E-006
#     -5   -15       1.8219591156E-003
#     -5   -14       3.5469715362E-005
#     -5   -13       6.8074649713E-005
#     -5   -12       9.0278380235E-006
#     -5   -11       1.5491519613E-005
#     -5   -10       1.3369251639E-002
#     -5    -9       1.4526637116E-005
#     -5    -8       1.5417743090E-004
#     -5    -7       8.7359916726E-004
#     -5    -6       1.5462973865E-004
#     -5    -5       1.3255191645E-002
#     -5    -4       1.1849663959E-004
#     -5    -3       1.5333805932E-004
#     -5    -2       7.5501298976E-005
#     -5    -1       8.6363183331E-005
#     -5     0       9.4999346395E-003
#     -5     1       1.5515235629E-004
#     -5     2       1.3744250108E-004
#     -5     3       2.6886064882E-004
#     -5     4       9.4926062737E-005
#     -5     5       1.2550756439E-003
#     -5     6       6.2075022764E-005
#     -5     7       1.4451042076E-004
#     -5     8       6.4444916997E-004
#     -5     9       9.7480816730E-005
#     -5    10       5.0433667145E-002
#     -5    11       2.1425552336E-004
#     -5    12       5.0975528563E-004
#     -5    13       4.7089647677E-005
#     -5    14       1.1000938719E-004
#     -5    15       1.9748766481E-002
#     -4   -28       1.4211591740E-004
#     -4   -27       1.9617248829E-005
#     -4   -26       2.9198419104E-004
#     -4   -25       3.0991661517E-005
#     -4   -24       1.2696898828E-005
#     -4   -23       4.5654046251E-004
#     -4   -22       6.8818382545E-005
#     -4   -21       3.0029189157E-004
#     -4   -20       3.6778744915E-005
#     -4   -19       1.1276927182E-005
#     -4   -18       2.7677128412E-004
#     -4   -17       3.3417277850E-005
#     -4   -16       5.3370742235E-005
#     -4   -15       1.4279692900E-005
#     -4   -14       3.0297504848E-005
#     -4   -13       5.8565193748E-005
#     -4   -12       1.0796965273E-004
#     -4   -11       5.1203035658E-004
#     -4   -10       2.3755556931E-005
#     -4    -9       6.0482056557E-005
#     -4    -8       1.4388626125E-003
#     -4    -7       5.6231239187E-004
#     -4    -6       2.0469646318E-003
#     -4    -5       1.8870026085E-004
#     -4    -4       1.7837930276E-005
#     -4    -3       9.1127660174E-005
#     -4    -2       2.5665906059E-004
#     -4    -1       7.8041156650E-004
#     -4     0       5.6463259952E-005
#     -4     1       4.7049685930E-005
#     -4     2       3.1875037441E-004
#     -4     3       8.3138029025E-005
#     -4     4       5.8835174883E-004
#     -4     5       2.2177037046E-004
#     -4     6       8.3155114566E-005
#     -4     7       7.6596776245E-004
#     -4     8       6.1589654080E-004
#     -4     9       2.9849967016E-003
#     -4    10       2.3702023524E-006
#     -4    11       8.8294226139E-005
#     -4    12       4.3811071209E-004
#     -4    13       5.0334484145E-005
#     -4    14       2.1967042814E-004
#     -3   -28       9.2065678024E-005
#     -3   -27       6.1825159941E-005
#     -3   -26       7.2627715671E-005
#     -3   -25       1.2453533907E-004
#     -3   -24       4.1559891348E-004
#     -3   -23       1.2542166694E-004
#     -3   -22       6.7806141483E-005
#     -3   -21       2.1360629274E-004
#     -3   -20       2.5166414221E-004
#     -3   -19       2.3061077748E-004
#     -3   -18       7.7659642908E-005
#     -3   -17       3.7743329091E-005
#     -3   -16       8.8653699309E-005
#     -3   -15       8.2474460999E-005
#     -3   -14       6.2525533985E-005
#     -3   -13       1.1427893466E-005
#     -3   -12       6.3282261169E-005
#     -3   -11       9.4147956557E-005
#     -3   -10       4.0473744229E-004
#     -3    -9       1.2081245473E-003
#     -3    -8       5.1162956116E-004
#     -3    -7       3.2340594365E-004
#     -3    -6       1.3658898192E-004
#     -3    -5       2.7469280956E-005
#     -3    -4       1.7986050153E-004
#     -3    -3       2.9078901525E-004
#     -3    -2       1.6527846640E-004
#     -3    -1       2.5855111710E-004
#     -3     0       1.3904813299E-004
#     -3     1       1.3021329024E-004
#     -3     2       1.7030182357E-005
#     -3     3       1.4975194620E-004
#     -3     4       7.7281672033E-005
#     -3     5       1.2426363740E-004
#     -3     6       3.5292198141E-004
#     -3     7       4.1111137366E-004
#     -3     8       1.0521283962E-004
#     -3     9       1.4208311129E-004
#     -3    10       5.0403094917E-004
#     -3    11       1.3912246895E-003
#     -3    12       1.1807957965E-006
#     -3    13       1.7531430590E-004
#     -2   -28       1.1983057358E-005
#     -2   -27       5.1818093124E-005
#     -2   -26       2.6730893893E-004
#     -2   -25       1.4222468554E-004
#     -2   -24       3.2311854652E-005
#     -2   -23       1.7555680975E-004
#     -2   -22       2.5606183466E-004
#     -2   -21       3.9392033561E-004
#     -2   -20       2.1943446443E-004
#     -2   -19       2.4953497342E-005
#     -2   -18       5.0549054061E-005
#     -2   -17       1.4384575237E-004
#     -2   -16       3.2233884944E-004
#     -2   -15       2.9043573632E-005
#     -2   -14       2.8978911539E-005
#     -2   -13       1.5765860837E-005
#     -2   -12       1.6556020533E-004
#     -2   -11       8.2093549103E-004
#     -2   -10       7.3177529071E-004
#     -2    -9       2.7617508384E-004
#     -2    -8       3.0360291909E-004
#     -2    -7       2.2137029002E-004
#     -2    -6       1.6587488873E-004
#     -2    -5       3.5803661896E-005
#     -2    -4       2.7493518947E-004
#     -2    -3       2.4996255240E-004
#     -2    -2       2.1491480103E-004
#     -2    -1       2.0754993766E-005
#     -2     0       3.9289187789E-005
#     -2     1       1.6202065030E-004
#     -2     2       3.0749765699E-004
#     -2     3       2.5673443788E-004
#     -2     4       8.9278106922E-006
#     -2     5       7.3650129003E-006
#     -2     6       8.6739394261E-005
#     -2     7       5.5985198127E-005
#     -2     8       1.4831840968E-004
#     -2     9       6.4264238444E-004
#     -2    10       3.4214621075E-004
#     -2    11       1.0446193915E-004
#     -2    12       1.3820359228E-004
#     -1   -27       1.5768725492E-004
#     -1   -26       2.3117336100E-005
#     -1   -25       6.2913674049E-005
#     -1   -24       3.3374425253E-004
#     -1   -23       6.3090109187E-005
#     -1   -22       4.2698363301E-004
#     -1   -21       3.3498519007E-005
#     -1   -20       3.7556342379E-005
#     -1   -19       7.7202324051E-005
#     -1   -18       5.4263410263E-005
#     -1   -17       2.5906702192E-004
#     -1   -16       4.4845416644E-006
#     -1   -15       4.7617834523E-006
#     -1   -14       7.8987972791E-005
#     -1   -13       6.5012253747E-005
#     -1   -12       5.5086234792E-004
#     -1   -11       1.2552443219E-004
#     -1   -10       5.4228190581E-005
#     -1    -9       7.7556222355E-004
#     -1    -8       1.2134784888E-004
#     -1    -7       3.9538412832E-004
#     -1    -6       5.2316825694E-005
#     -1    -5       1.5663527235E-004
#     -1    -4       9.5877415183E-004
#     -1    -3       7.6564154287E-005
#     -1    -2       6.4022251940E-006
#     -1    -1       7.6400146796E-005
#     -1     0       5.9155656967E-005
#     -1     1       2.6038821855E-003
#     -1     2       9.4700841753E-004
#     -1     3       4.5639368494E-004
#     -1     4       4.0930253526E-007
#     -1     5       2.6501425010E-005
#     -1     6       7.3395133962E-004
#     -1     7       1.3714344166E-004
#     -1     8       7.6100677019E-005
#     -1     9       4.5948988385E-005
#     -1    10       2.4755979628E-004
#     -1    11       3.5167193560E-004
#      0   -27       1.0307820844E-004
#      0   -26       1.1842958908E-005
#      0   -25       1.2756712794E-004
#      0   -24       1.0015814760E-006
#      0   -23       1.9650496917E-004
#      0   -22       3.5571674410E-004
#      0   -21       9.4307564795E-006
#      0   -20       2.6831617308E-003
#      0   -19       3.4874854989E-005
#      0   -18       1.8937250692E-005
#      0   -17       5.0526704743E-006
#      0   -16       2.6243491260E-006
#      0   -15       1.4960787376E-002
#      0   -14       2.1981677612E-005
#      0   -13       1.2877838819E-004
#      0   -12       1.5785894839E-004
#      0   -11       4.1652644911E-005
#      0   -10       1.6219791916E-002
#      0    -9       7.2585830626E-006
#      0    -8       1.1980807821E-004
#      0    -7       1.8234040789E-004
#      0    -6       1.8217417329E-005
#      0    -5       1.5808695859E-003
#      0    -4       9.1562790833E-005
#      0    -3       1.0980985692E-004
#      0    -2       3.7769883120E-004
#      0    -1       2.6417806537E-004
#      0     0       3.9069766541E-002
#      0     1       5.8417128490E-004
#      0     2       6.1642803789E-004
#      0     3       5.0409921206E-005
#      0     4       2.5734693754E-004
#      0     5       8.9458661623E-003
#      0     6       3.5232755952E-004
#      0     7       4.6574540911E-004
#      0     8       6.3499662587E-005
#      0     9       3.3184617109E-004
#      0    10       1.2739563592E-002
#      1   -27       1.7470748944E-004
#      1   -26       2.9104063748E-004
#      1   -25       3.4487199683E-005
#      1   -24       1.2134715974E-005
#      1   -23       1.4938834191E-004
#      1   -22       2.0673111359E-004
#      1   -21       3.8917871744E-004
#      1   -20       1.0819058903E-005
#      1   -19       3.0037506269E-006
#      1   -18       5.2844164000E-005
#      1   -17       9.7750999752E-006
#      1   -16       2.0776919756E-006
#      1   -15       5.5119428574E-006
#      1   -14       2.1147575850E-005
#      1   -13       2.0330609477E-004
#      1   -12       5.7667053398E-005
#      1   -11       1.1467512802E-004
#      1   -10       1.6676929305E-005
#      1    -9       2.1288450221E-005
#      1    -8       1.8987773759E-005
#      1    -7       3.5709843962E-006
#      1    -6       5.3939466182E-004
#      1    -5       1.8743724957E-004
#      1    -4       5.8780249081E-005
#      1    -3       4.4968915063E-004
#      1    -2       5.2201075241E-004
#      1    -1       3.0910816102E-003
#      1     0       4.9894059719E-004
#      1     1       1.0261709634E-004
#      1     2       7.2346255905E-004
#      1     3       1.6434797842E-004
#      1     4       7.1639470012E-004
#      1     5       7.3021580704E-007
#      1     6       6.1233081964E-005
#      1     7       1.6412443213E-004
#      1     8       4.9951077096E-004
#      1     9       6.4332605441E-004
#      2   -27       1.8315212555E-005
#      2   -26       9.8925826476E-005
#      2   -25       1.9120225135E-004
#      2   -24       3.6447830815E-004
#      2   -23       1.8232262615E-004
#      2   -22       5.5228207657E-005
#      2   -21       1.2109911661E-005
#      2   -20       2.3386763472E-005
#      2   -19       3.4847527536E-005
#      2   -18       8.1922020079E-005
#      2   -17       5.2513966662E-005
#      2   -16       8.0791327028E-005
#      2   -15       1.6435776028E-004
#      2   -14       2.9009636134E-004
#      2   -13       1.2688613505E-004
#      2   -12       7.1393605126E-005
#      2   -11       1.8775533996E-004
#      2   -10       9.3244042728E-005
#      2    -9       7.4451806841E-005
#      2    -8       1.9253760555E-005
#      2    -7       9.6201623145E-006
#      2    -6       4.8887629384E-005
#      2    -5       7.6423436114E-005
#      2    -4       1.1571390299E-004
#      2    -3       1.1314218134E-004
#      2    -2       4.9089956072E-004
#      2    -1       3.8795073528E-004
#      2     0       3.1424515865E-004
#      2     1       1.0051008752E-003
#      2     2       3.3094353501E-005
#      2     3       2.7628405943E-005
#      2     4       3.7096343469E-004
#      2     5       5.9822056060E-004
#      2     6       9.0938970775E-004
#      2     7       1.7791899917E-004
#      2     8       5.2961701503E-004
#      3   -26       2.4088017842E-004
#      3   -25       6.4510500144E-005
#      3   -24       2.2055430737E-004
#      3   -23       4.3922180410E-005
#      3   -22       1.3946041863E-004
#      3   -21       3.2403264649E-004
#      3   -20       1.0223772750E-004
#      3   -19       1.4709572497E-004
#      3   -18       1.3990005665E-004
#      3   -17       1.9871894385E-004
#      3   -16       5.9825791210E-004
#      3   -15       1.2515799556E-004
#      3   -14       2.0778031342E-004
#      3   -13       5.3966856733E-005
#      3   -12       4.7713016585E-005
#      3   -11       5.3188523852E-004
#      3   -10       4.7783430810E-004
#      3    -9       2.7525067944E-004
#      3    -8       3.0077127784E-004
#      3    -7       3.6309623002E-004
#      3    -6       2.3898638467E-004
#      3    -5       2.7942582896E-005
#      3    -4       4.1776011284E-006
#      3    -3       1.7949902929E-005
#      3    -2       1.3782714902E-004
#      3    -1       9.4067164162E-004
#      3     0       4.9100988192E-004
#      3     1       1.1617553087E-004
#      3     2       3.5273286852E-004
#      3     3       4.0855510213E-004
#      3     4       1.2672422749E-003
#      3     5       1.1445358973E-004
#      3     6       4.2331636642E-005
#      4   -26       1.9117221635E-005
#      4   -25       2.8348359122E-006
#      4   -24       2.1619755900E-004
#      4   -23       6.4807517787E-005
#      4   -22       4.6560443216E-004
#      4   -21       2.5847694281E-005
#      4   -20       2.7084990715E-005
#      4   -19       1.6877941939E-004
#      4   -18       6.7772391698E-005
#      4   -17       2.9224175693E-004
#      4   -16       2.7308933538E-005
#      4   -15       5.6880149138E-005
#      4   -14       8.1877912601E-004
#      4   -13       6.1278422953E-005
#      4   -12       1.1496952863E-003
#      4   -11       1.5122874873E-004
#      4   -10       1.2746034803E-004
#      4    -9       2.5700915128E-003
#      4    -8       8.1298560984E-004
#      4    -7       5.8107282648E-004
#      4    -6       1.4919253260E-005
#      4    -5       3.5026098893E-005
#      4    -4       5.5969370756E-004
#      4    -3       7.9388560110E-005
#      4    -2       8.1297494125E-005
#      4    -1       2.9750922447E-004
#      4     0       3.9525155633E-004
#      4     1       3.1800433900E-003
#      4     2       1.3269554111E-003
#      4     3       1.3437340523E-003
#      4     4       2.1008051042E-004
#      4     5       4.0129113226E-005
#      5   -25       1.0137646164E-003
#      5   -24       1.0192361954E-005
#      5   -23       5.1503387838E-005
#      5   -22       3.2282032699E-005
#      5   -21       1.0618136798E-005
#      5   -20       1.0199824671E-003
#      5   -19       6.9167545212E-005
#      5   -18       5.4230653129E-005
#      5   -17       1.7325387334E-004
#      5   -16       6.3663671264E-005
#      5   -15       1.9123254637E-002
#      5   -14       3.8842584602E-005
#      5   -13       2.0730606724E-004
#      5   -12       5.0460113823E-004
#      5   -11       1.8999598413E-004
#      5   -10       4.8686170081E-002
#      5    -9       3.8478251893E-004
#      5    -8       2.3811216112E-004
#      5    -7       3.0905976262E-005
#      5    -6       1.0780251701E-004
#      5    -5       8.6885998751E-003
#      5    -4       1.3795278197E-004
#      5    -3       1.6434728766E-004
#      5    -2       1.0833953964E-003
#      5    -1       9.3945463667E-004
#      5     0       6.4217278916E-002
#      5     1       3.9444544768E-004
#      5     2       9.1757035318E-004
#      5     3       1.8295920088E-004
#      6   -25       4.2587449087E-005
#      6   -24       6.8412706846E-006
#      6   -23       3.1614911141E-004
#      6   -22       1.5191916873E-004
#      6   -21       8.9131995819E-004
#      6   -20       4.3537113820E-005
#      6   -19       1.2587988099E-005
#      6   -18       1.1008437090E-004
#      6   -17       2.1417275015E-004
#      6   -16       5.4877588041E-004
#      6   -15       1.4980144734E-005
#      6   -14       3.7094964201E-005
#      6   -13       2.8375667642E-004
#      6   -12       3.6677973844E-004
#      6   -11       2.2295367357E-003
#      6   -10       7.5974653005E-006
#      6    -9       6.1152765651E-005
#      6    -8       8.3334385972E-005
#      6    -7       1.1235180034E-004
#      6    -6       2.3616623799E-003
#      6    -5       3.6051035760E-006
#      6    -4       5.2293343263E-005
#      6    -3       1.9686498013E-003
#      6    -2       1.0120532449E-003
#      6    -1       2.8132229998E-003
#      6     0       6.0455889189E-004
#      6     1       2.2077313779E-004
#      6     2       8.1458664148E-004
#      7   -24       1.0236390618E-003
#      7   -23       8.7991467679E-005
#      7   -22       1.9698125010E-004
#      7   -21       4.1202788333E-004
#      7   -20       1.9095245195E-004
#      7   -19       3.9516641909E-004
#      7   -18       1.3994415858E-004
#      7   -17       2.6397995016E-004
#      7   -16       1.3287865841E-004
#      7   -15       1.7864789626E-004
#      7   -14       1.3797557133E-004
#      7   -13       1.0628464721E-004
#      7   -12       7.3041417717E-004
#      7   -11       1.0990996794E-003
#      7   -10       5.7161771672E-004
#      7    -9       6.3508755987E-004
#      7    -8       3.7774995453E-005
#      7    -7       3.6623028162E-004
#      7    -6       1.3862593180E-004
#      7    -5       5.9756499386E-004
#      7    -4       8.9839719116E-004
#      7    -3       7.0454970090E-004
#      7    -2       5.0383558171E-004
#      7    -1       2.6357478929E-004
#      7     0       4.9760571827E-004
#      8   -23       9.3773689505E-005
#      8   -22       1.0144478025E-004
#      8   -21       4.0537463098E-004
#      8   -20       1.6211533196E-004
#      8   -19       3.5927730038E-004
#      8   -18       8.6132033342E-005
#      8   -17       7.0393202344E-004
#      8   -16       1.5198728066E-003
#      8   -15       3.8976617947E-004
#      8   -14       9.3942372542E-005
#      8   -13       1.1344147961E-004
#      8   -12       1.7722046485E-004
#      8   -11       1.1129809477E-003
#      8   -10       3.8263382611E-004
#      8    -9       2.3184911421E-005
#      8    -8       1.1869193363E-004
#      8    -7       1.7868551371E-004
#      8    -6       3.6960944237E-004
#      8    -5       1.0155508816E-004
#      8    -4       2.5776770256E-004
#      8    -3       1.0749283896E-004
#      8    -2       3.9430128261E-004
#      9   -21       2.1655347593E-004
#      9   -20       2.5111877830E-006
#      9   -19       5.5650989845E-004
#      9   -18       1.4648312867E-004
#      9   -17       1.0336847737E-003
#      9   -16       2.6599713456E-004
#      9   -15       1.3230402654E-004
#      9   -14       1.0987060895E-003
#      9   -13       7.3092586699E-005
#      9   -12       1.4814121023E-004
#      9   -11       7.0532413724E-006
#      9   -10       2.0186669552E-004
#      9    -9       7.6773240355E-004
#      9    -8       4.4623227094E-004
#      9    -7       3.3706768394E-004
#      9    -6       1.5276180042E-004
#      9    -5       7.7948335905E-005
#     10   -19       7.1533303001E-005
#     10   -18       8.3951892513E-005
#     10   -17       2.0388982419E-004
#     10   -16       9.9867926980E-005
#     10   -15       2.0451118072E-002
#     10   -14       1.8525447867E-005
#     10   -13       3.4302663209E-006
#     10   -12       2.8997355478E-004
#     10   -11       1.2468458561E-004
#     10   -10       1.3748731996E-002
#     10    -9       6.1126993186E-005
#     10    -8       3.6388172687E-004
