 Diffraction intensities for potential:_5x5_04D10001.in                        
#    -45    11       3.2357947335E-006
#    -45    12       4.1341678743E-005
#    -45    13       7.0631289208E-005
#    -45    14       3.8806078694E-006
#    -45    15       2.1170419267E-004
#    -45    16       3.9841092236E-007
#    -44     7       1.2127451794E-005
#    -44     8       5.7310394465E-006
#    -44     9       2.5362677642E-005
#    -44    10       2.5549314015E-005
#    -44    11       3.6640177656E-005
#    -44    12       4.2637645807E-005
#    -44    13       1.1921514542E-005
#    -44    14       1.7659722050E-005
#    -44    15       2.7251093958E-005
#    -44    16       1.4717957957E-004
#    -44    17       2.7005293620E-005
#    -44    18       6.0443305376E-006
#    -44    19       1.0961352074E-005
#    -44    20       1.5770236554E-005
#    -43     4       2.2048548423E-005
#    -43     5       3.0197100326E-005
#    -43     6       2.2804163000E-007
#    -43     7       1.3157928870E-004
#    -43     8       2.3020680333E-005
#    -43     9       4.6951193382E-005
#    -43    10       7.1254606012E-005
#    -43    11       2.3639217004E-005
#    -43    12       2.8950207733E-004
#    -43    13       2.3450535525E-005
#    -43    14       1.2048623036E-004
#    -43    15       5.8984773924E-005
#    -43    16       6.7692140094E-006
#    -43    17       2.5041765576E-004
#    -43    18       1.4431627574E-005
#    -43    19       1.5253889237E-004
#    -43    20       8.4144400881E-005
#    -43    21       6.5309274997E-006
#    -43    22       1.7634270490E-004
#    -42     2       8.8060039240E-006
#    -42     3       5.8069246765E-005
#    -42     4       1.2698581620E-005
#    -42     5       2.4065205023E-005
#    -42     6       1.7980705979E-005
#    -42     7       8.1621693207E-006
#    -42     8       1.3627889810E-004
#    -42     9       7.1940720489E-006
#    -42    10       9.1809238139E-005
#    -42    11       7.0344635299E-005
#    -42    12       1.4337125976E-005
#    -42    13       4.0065248388E-004
#    -42    14       2.4642629077E-005
#    -42    15       1.0024321714E-004
#    -42    16       9.2792285400E-005
#    -42    17       3.7798791754E-005
#    -42    18       2.4127127771E-004
#    -42    19       4.2846402994E-005
#    -42    20       1.0275285523E-004
#    -42    21       7.8940761873E-005
#    -42    22       1.7946129615E-005
#    -42    23       1.3722661638E-004
#    -41     0       2.3867501919E-005
#    -41     1       5.1159382006E-006
#    -41     2       3.4885493684E-006
#    -41     3       3.0020460609E-005
#    -41     4       3.9866099379E-005
#    -41     5       9.1100458053E-006
#    -41     6       1.4845130120E-006
#    -41     7       8.8670175815E-006
#    -41     8       4.4897200152E-005
#    -41     9       8.0606750907E-005
#    -41    10       5.2496988505E-005
#    -41    11       2.6859325574E-005
#    -41    12       1.9121209079E-005
#    -41    13       8.6844356075E-005
#    -41    14       1.4250990764E-004
#    -41    15       7.5998225985E-005
#    -41    16       2.5840906051E-005
#    -41    17       4.5550979621E-005
#    -41    18       8.8911552355E-005
#    -41    19       1.9732844472E-004
#    -41    20       6.3582239451E-005
#    -41    21       5.0022831984E-005
#    -41    22       2.1238696765E-005
#    -41    23       4.4944094588E-005
#    -41    24       8.5193511251E-005
#    -40    -2       1.1481831791E-005
#    -40    -1       4.9380130855E-006
#    -40     0       2.7709229193E-004
#    -40     1       6.7329146231E-007
#    -40     2       8.0529131107E-005
#    -40     3       3.4149972093E-005
#    -40     4       3.1105017443E-009
#    -40     5       2.2058169061E-004
#    -40     6       6.6861131772E-006
#    -40     7       1.9401132565E-004
#    -40     8       1.7338812119E-004
#    -40     9       5.9992596921E-006
#    -40    10       4.8886260876E-004
#    -40    11       3.5307017685E-006
#    -40    12       2.2104012987E-004
#    -40    13       2.5917579061E-004
#    -40    14       5.6058662059E-006
#    -40    15       6.4067145295E-004
#    -40    16       3.1003917444E-006
#    -40    17       2.1767925995E-004
#    -40    18       4.1941556009E-004
#    -40    19       1.0100618016E-005
#    -40    20       5.7243641076E-004
#    -40    21       1.0623886957E-005
#    -40    22       1.3254613136E-004
#    -40    23       1.8118341886E-004
#    -40    24       6.1999908940E-006
#    -40    25       1.4194521668E-004
#    -39    -4       2.0598744558E-005
#    -39    -3       1.9112496435E-005
#    -39    -2       3.3803160392E-006
#    -39    -1       2.9596308617E-005
#    -39     0       1.6567867927E-005
#    -39     1       4.8274473499E-005
#    -39     2       2.2479817779E-005
#    -39     3       9.7380922630E-006
#    -39     4       5.2837294705E-005
#    -39     5       4.8198046514E-005
#    -39     6       8.1476355616E-005
#    -39     7       5.5278080844E-005
#    -39     8       2.7744715749E-005
#    -39     9       3.3487567868E-005
#    -39    10       4.9751092093E-005
#    -39    11       2.2922194508E-004
#    -39    12       9.1510552398E-005
#    -39    13       4.0384382933E-005
#    -39    14       4.6766131379E-005
#    -39    15       9.9877726744E-005
#    -39    16       3.4795063200E-004
#    -39    17       9.3798755701E-005
#    -39    18       5.8559431766E-005
#    -39    19       3.7309238117E-005
#    -39    20       1.0271385589E-004
#    -39    21       1.5594486450E-004
#    -39    22       1.1797609604E-004
#    -39    23       2.1999619864E-005
#    -39    24       7.1930260769E-005
#    -39    25       1.1029689253E-004
#    -39    26       4.5780993753E-005
#    -38    -5       2.1227397661E-005
#    -38    -4       5.2646481043E-006
#    -38    -3       1.5472602254E-004
#    -38    -2       1.9597002751E-005
#    -38    -1       4.9803448481E-005
#    -38     0       5.1049700863E-005
#    -38     1       7.4408359716E-006
#    -38     2       1.6970875427E-004
#    -38     3       2.2178613791E-005
#    -38     4       8.6991541683E-005
#    -38     5       9.2454069536E-005
#    -38     6       1.4536360434E-005
#    -38     7       2.5708559834E-004
#    -38     8       2.3785219749E-005
#    -38     9       9.5900513611E-005
#    -38    10       1.6665210432E-004
#    -38    11       4.6029611577E-005
#    -38    12       4.9674746454E-004
#    -38    13       8.3923592926E-005
#    -38    14       2.5231223630E-004
#    -38    15       1.6480836914E-004
#    -38    16       2.7114792082E-005
#    -38    17       6.1018555767E-004
#    -38    18       2.6559825990E-005
#    -38    19       2.8562154442E-004
#    -38    20       2.3503475587E-004
#    -38    21       4.6275548665E-005
#    -38    22       5.9244299480E-004
#    -38    23       6.7832544708E-005
#    -38    24       1.5813838619E-004
#    -38    25       1.2768507778E-004
#    -38    26       7.0076832867E-006
#    -37    -7       4.9323206255E-005
#    -37    -6       8.2048608342E-006
#    -37    -5       1.6322187675E-005
#    -37    -4       3.2754239536E-005
#    -37    -3       3.8627911959E-006
#    -37    -2       1.0196829934E-004
#    -37    -1       1.1360525171E-005
#    -37     0       4.1506323205E-005
#    -37     1       5.8808072615E-005
#    -37     2       1.2415260049E-005
#    -37     3       2.3845672606E-004
#    -37     4       2.4998589813E-005
#    -37     5       1.2455714820E-004
#    -37     6       8.2638378343E-005
#    -37     7       2.5068150500E-005
#    -37     8       3.0661128013E-004
#    -37     9       1.0664141712E-005
#    -37    10       1.6492683502E-004
#    -37    11       1.3617025326E-004
#    -37    12       1.7311949732E-005
#    -37    13       4.7871096137E-004
#    -37    14       4.7585752873E-005
#    -37    15       1.7434776371E-004
#    -37    16       2.1641755488E-004
#    -37    17       7.1032972407E-005
#    -37    18       5.2565084502E-004
#    -37    19       3.0898607743E-005
#    -37    20       2.0581430894E-004
#    -37    21       1.3199306841E-004
#    -37    22       3.6933031821E-005
#    -37    23       3.1376186045E-004
#    -37    24       3.9993274818E-005
#    -37    25       8.6804853979E-005
#    -37    26       6.5193027098E-005
#    -37    27       2.1762931145E-005
#    -36    -8       9.2771518854E-006
#    -36    -7       2.5600758444E-005
#    -36    -6       1.0855372551E-005
#    -36    -5       1.5161050744E-005
#    -36    -4       2.3152338658E-005
#    -36    -3       1.5264632997E-005
#    -36    -2       4.1333387059E-005
#    -36    -1       7.3323713793E-005
#    -36     0       2.4277918943E-005
#    -36     1       1.5093911536E-005
#    -36     2       1.1252257412E-005
#    -36     3       7.5872718664E-005
#    -36     4       9.9161450969E-005
#    -36     5       6.3930023690E-005
#    -36     6       8.4103990784E-006
#    -36     7       1.9227376337E-005
#    -36     8       4.6064726053E-005
#    -36     9       1.1829188145E-004
#    -36    10       5.5602280122E-005
#    -36    11       3.1259326495E-005
#    -36    12       4.3192324870E-005
#    -36    13       9.2897960004E-005
#    -36    14       1.5135320674E-004
#    -36    15       1.2755102835E-004
#    -36    16       1.8842584581E-005
#    -36    17       7.7241564086E-005
#    -36    18       8.2391507559E-005
#    -36    19       3.4765021051E-004
#    -36    20       7.2465494554E-005
#    -36    21       9.4036391260E-005
#    -36    22       4.5119354199E-005
#    -36    23       1.6610213025E-004
#    -36    24       1.9080102398E-004
#    -36    25       5.5106236083E-005
#    -36    26       1.7246241014E-005
#    -36    27       7.4256896514E-007
#    -35    -9       3.2378850296E-006
#    -35    -8       8.9052607383E-005
#    -35    -7       3.0947956629E-005
#    -35    -6       8.3965727447E-007
#    -35    -5       2.4596043394E-004
#    -35    -4       1.5493375861E-006
#    -35    -3       1.3895223148E-004
#    -35    -2       1.1253719479E-004
#    -35    -1       1.9011220627E-006
#    -35     0       3.5656252832E-004
#    -35     1       2.6523250467E-006
#    -35     2       1.7322278574E-004
#    -35     3       1.6727411416E-004
#    -35     4       5.5063273508E-006
#    -35     5       1.8014393854E-004
#    -35     6       6.5249211741E-006
#    -35     7       1.5388992855E-004
#    -35     8       1.5019902111E-004
#    -35     9       9.4853504336E-006
#    -35    10       6.5625812608E-004
#    -35    11       2.1050369727E-005
#    -35    12       1.6390319448E-004
#    -35    13       1.6737940780E-004
#    -35    14       3.0248457771E-006
#    -35    15       8.0280113115E-004
#    -35    16       4.5934388121E-006
#    -35    17       1.8959176214E-004
#    -35    18       3.1210081351E-004
#    -35    19       8.7492907741E-006
#    -35    20       7.1958577314E-004
#    -35    21       1.8256363354E-005
#    -35    22       1.9294331905E-004
#    -35    23       1.5827150480E-004
#    -35    24       8.9922576615E-006
#    -35    25       3.7990717513E-004
#    -35    26       1.5189255788E-007
#    -35    27       2.9069919310E-004
#    -34   -11       1.8044504684E-006
#    -34   -10       2.8124571023E-005
#    -34    -9       4.3694182087E-005
#    -34    -8       2.7184989778E-005
#    -34    -7       1.7068691722E-005
#    -34    -6       1.7823603452E-005
#    -34    -5       4.8607500727E-005
#    -34    -4       1.2380466991E-004
#    -34    -3       6.9697294839E-005
#    -34    -2       1.0766003585E-005
#    -34    -1       2.0273990193E-005
#    -34     0       5.3064982549E-005
#    -34     1       1.2419615094E-004
#    -34     2       7.2866033597E-005
#    -34     3       2.2975009593E-005
#    -34     4       2.4926601595E-005
#    -34     5       5.3709964649E-005
#    -34     6       6.8322154759E-005
#    -34     7       3.1536713565E-005
#    -34     8       3.1369715621E-005
#    -34     9       2.2720544970E-005
#    -34    10       8.1133556508E-006
#    -34    11       1.3386800625E-004
#    -34    12       1.5109206891E-005
#    -34    13       3.4292160091E-005
#    -34    14       2.1563749374E-005
#    -34    15       1.2997420249E-004
#    -34    16       2.1581532672E-004
#    -34    17       1.0721405909E-004
#    -34    18       8.4324565726E-005
#    -34    19       4.2453908802E-005
#    -34    20       4.8967098254E-005
#    -34    21       5.4575103400E-005
#    -34    22       1.6348895303E-004
#    -34    23       4.0968232539E-005
#    -34    24       1.2238733860E-005
#    -34    25       1.1636506801E-004
#    -34    26       2.8062822485E-004
#    -34    27       1.8520108443E-005
#    -33   -12       2.3250547133E-005
#    -33   -11       5.7510788891E-005
#    -33   -10       6.5323119313E-005
#    -33    -9       1.2472834524E-005
#    -33    -8       2.3300506804E-004
#    -33    -7       3.2130213059E-005
#    -33    -6       8.7761690566E-005
#    -33    -5       1.0760483036E-004
#    -33    -4       3.5828474271E-005
#    -33    -3       3.9527641062E-004
#    -33    -2       2.6018984341E-005
#    -33    -1       1.0199563869E-004
#    -33     0       1.3133296184E-004
#    -33     1       3.7457501812E-005
#    -33     2       3.7641360281E-004
#    -33     3       2.7251757893E-005
#    -33     4       8.0096825553E-005
#    -33     5       6.3191441766E-005
#    -33     6       4.1687781927E-006
#    -33     7       8.4789530543E-005
#    -33     8       3.0194388715E-005
#    -33     9       3.5673928896E-005
#    -33    10       9.8157650127E-005
#    -33    11       8.9075231895E-006
#    -33    12       2.0729550458E-004
#    -33    13       4.0391704837E-005
#    -33    14       1.1287565704E-004
#    -33    15       8.4557399734E-005
#    -33    16       2.2384836834E-005
#    -33    17       4.0789265565E-004
#    -33    18       1.8755227197E-005
#    -33    19       1.2527845748E-004
#    -33    20       1.2718745703E-004
#    -33    21       5.6282962913E-005
#    -33    22       4.9138247116E-004
#    -33    23       5.1068207404E-005
#    -33    24       1.5936918783E-004
#    -33    25       1.0143413909E-004
#    -33    26       2.0819751426E-005
#    -33    27       2.4104652130E-004
#    -32   -13       1.0738367295E-005
#    -32   -12       1.8694456224E-004
#    -32   -11       1.6066982147E-005
#    -32   -10       7.9701388266E-005
#    -32    -9       9.7367101579E-005
#    -32    -8       1.9212488807E-005
#    -32    -7       2.0557869809E-004
#    -32    -6       1.9420597458E-005
#    -32    -5       9.0510936143E-005
#    -32    -4       1.1167794715E-004
#    -32    -3       2.4840135958E-005
#    -32    -2       3.2611006773E-004
#    -32    -1       4.0455538223E-005
#    -32     0       9.5606614837E-005
#    -32     1       1.6254946954E-004
#    -32     2       2.5853254078E-005
#    -32     3       1.6430447423E-004
#    -32     4       1.6063191895E-005
#    -32     5       5.4887166270E-005
#    -32     6       1.7642104368E-005
#    -32     7       4.3266169607E-006
#    -32     8       1.1025708047E-004
#    -32     9       1.2668658904E-005
#    -32    10       1.0949976819E-004
#    -32    11       8.6222211833E-005
#    -32    12       1.3062453779E-006
#    -32    13       1.5075729891E-004
#    -32    14       2.5437006852E-005
#    -32    15       1.5987328422E-005
#    -32    16       7.0226012341E-005
#    -32    17       3.9769719632E-005
#    -32    18       1.8883431097E-004
#    -32    19       5.0760767019E-006
#    -32    20       3.6069081443E-005
#    -32    21       5.4104003418E-005
#    -32    22       5.7055977408E-005
#    -32    23       8.3053694693E-004
#    -32    24       1.1235553848E-004
#    -32    25       2.3145521220E-004
#    -32    26       1.9014504025E-004
#    -32    27       3.0608989700E-005
#    -32    28       7.8739437663E-005
#    -31   -14       1.9529623022E-005
#    -31   -13       7.0202147222E-006
#    -31   -12       4.5908396279E-005
#    -31   -11       7.4392553575E-005
#    -31   -10       3.5809899652E-005
#    -31    -9       2.0110447786E-005
#    -31    -8       2.9607484037E-005
#    -31    -7       4.8232197420E-005
#    -31    -6       1.1013551367E-004
#    -31    -5       5.8612781842E-005
#    -31    -4       5.7257162445E-005
#    -31    -3       5.3346646561E-005
#    -31    -2       1.2549275102E-004
#    -31    -1       1.9422500042E-004
#    -31     0       7.7992294218E-005
#    -31     1       2.3850588890E-005
#    -31     2       7.4305379999E-006
#    -31     3       4.0874234157E-005
#    -31     4       3.7553865590E-005
#    -31     5       2.0158443924E-005
#    -31     6       2.0665499778E-006
#    -31     7       1.1715161290E-005
#    -31     8       6.5285443427E-006
#    -31     9       1.0839068726E-005
#    -31    10       1.7142148462E-005
#    -31    11       4.2231500032E-006
#    -31    12       4.7712729053E-006
#    -31    13       2.2630148242E-005
#    -31    14       2.9046846409E-005
#    -31    15       6.4933995813E-006
#    -31    16       1.2844403797E-006
#    -31    17       3.3198626002E-005
#    -31    18       7.2420751741E-007
#    -31    19       4.4810101277E-005
#    -31    20       5.0401260135E-005
#    -31    21       3.2618293695E-005
#    -31    22       2.0010150050E-005
#    -31    23       9.7629790231E-005
#    -31    24       3.0781723461E-004
#    -31    25       6.2641672245E-005
#    -31    26       1.1505287832E-004
#    -31    27       7.4062694716E-005
#    -31    28       1.3418396088E-004
#    -30   -15       2.3503481392E-004
#    -30   -14       3.1485385592E-006
#    -30   -13       1.3268975932E-004
#    -30   -12       1.8372337022E-004
#    -30   -11       7.0233176756E-006
#    -30   -10       4.8722510316E-004
#    -30    -9       9.4297334085E-006
#    -30    -8       1.2903612590E-004
#    -30    -7       1.5010869236E-004
#    -30    -6       7.1356956513E-006
#    -30    -5       2.4937095107E-004
#    -30    -4       9.5487333572E-006
#    -30    -3       2.0990939458E-004
#    -30    -2       1.9426717999E-004
#    -30    -1       2.7061741940E-006
#    -30     0       9.5956784718E-004
#    -30     1       6.0769573145E-007
#    -30     2       7.8599858694E-005
#    -30     3       6.5649235162E-005
#    -30     4       3.2021409452E-006
#    -30     5       1.0159623441E-003
#    -30     6       4.9845072005E-006
#    -30     7       6.3149087085E-005
#    -30     8       4.0766045684E-005
#    -30     9       1.0746295676E-005
#    -30    10       1.0176533177E-003
#    -30    11       2.9863922481E-005
#    -30    12       5.6970266496E-005
#    -30    13       5.0867075062E-005
#    -30    14       4.1580500795E-005
#    -30    15       7.0904626577E-004
#    -30    16       1.7262433654E-005
#    -30    17       2.3166603804E-006
#    -30    18       2.0315717519E-005
#    -30    19       6.1641087882E-006
#    -30    20       1.4424828408E-005
#    -30    21       2.9921629717E-006
#    -30    22       3.7576705535E-004
#    -30    23       6.8311227984E-004
#    -30    24       3.1796747887E-005
#    -30    25       9.3702572412E-004
#    -30    26       2.6482079027E-005
#    -30    27       2.4483280140E-004
#    -30    28       5.2478147657E-005
#    -29   -16       4.3148149314E-005
#    -29   -15       1.8939416778E-005
#    -29   -14       1.2396035538E-004
#    -29   -13       8.5837965652E-005
#    -29   -12       3.8521257910E-005
#    -29   -11       2.5006000427E-005
#    -29   -10       5.2475425634E-005
#    -29    -9       1.2324717807E-004
#    -29    -8       6.2637972046E-005
#    -29    -7       2.0947198610E-005
#    -29    -6       1.5064447642E-005
#    -29    -5       7.6043752431E-005
#    -29    -4       9.4570145025E-005
#    -29    -3       6.0570461102E-005
#    -29    -2       3.9029287850E-006
#    -29    -1       1.8752271784E-005
#    -29     0       5.0620404020E-005
#    -29     1       4.7711110710E-005
#    -29     2       5.9546978397E-005
#    -29     3       1.3098726811E-006
#    -29     4       5.6113128205E-006
#    -29     5       2.7117352459E-005
#    -29     6       4.2615954478E-005
#    -29     7       4.2604196778E-005
#    -29     8       1.2345243983E-005
#    -29     9       1.5822001862E-005
#    -29    10       3.5321616831E-005
#    -29    11       2.4200759183E-005
#    -29    12       3.7181290722E-005
#    -29    13       3.4146340600E-005
#    -29    14       4.5666676673E-006
#    -29    15       1.0147274760E-005
#    -29    16       5.7788524576E-005
#    -29    17       4.6537145491E-006
#    -29    18       1.8292615066E-006
#    -29    19       5.3933947617E-005
#    -29    20       9.3708976915E-005
#    -29    21       2.8994496475E-004
#    -29    22       1.5734295322E-004
#    -29    23       1.3885565850E-004
#    -29    24       1.1320621204E-004
#    -29    25       5.7277467315E-005
#    -29    26       1.1585480683E-004
#    -29    27       1.4066022978E-004
#    -28   -16       7.3567175221E-005
#    -28   -15       6.8727311904E-005
#    -28   -14       2.6486072288E-005
#    -28   -13       4.1435538443E-004
#    -28   -12       3.9972441204E-005
#    -28   -11       1.8714856176E-004
#    -28   -10       1.3475581766E-004
#    -28    -9       1.1666762414E-005
#    -28    -8       3.1157893983E-004
#    -28    -7       1.4833627893E-005
#    -28    -6       1.3372598366E-004
#    -28    -5       1.4114880177E-004
#    -28    -4       1.6665893189E-005
#    -28    -3       1.9732653164E-004
#    -28    -2       5.8771594880E-006
#    -28    -1       8.0046250506E-005
#    -28     0       7.4058499313E-005
#    -28     1       3.6866368893E-005
#    -28     2       1.8648822429E-004
#    -28     3       1.6492134844E-005
#    -28     4       2.7089600126E-005
#    -28     5       2.3598170489E-005
#    -28     6       1.8414638169E-005
#    -28     7       1.1477164042E-004
#    -28     8       1.6503735019E-005
#    -28     9       4.1828806357E-005
#    -28    10       1.2375079383E-004
#    -28    11       2.4365864351E-005
#    -28    12       4.2644517289E-004
#    -28    13       8.6708982949E-005
#    -28    14       1.8754572801E-004
#    -28    15       2.6357360820E-005
#    -28    16       8.8884478850E-005
#    -28    17       3.6077669702E-005
#    -28    18       1.7549290326E-005
#    -28    19       8.0967092262E-006
#    -28    20       1.3245383596E-004
#    -28    21       4.6944426446E-005
#    -28    22       5.7486749110E-004
#    -28    23       7.3708720075E-005
#    -28    24       3.8317080438E-004
#    -28    25       1.5362323067E-004
#    -28    26       6.5691462076E-005
#    -28    27       3.8979446738E-004
#    -27   -17       1.5321140398E-004
#    -27   -16       1.3014228761E-005
#    -27   -15       1.0202039958E-004
#    -27   -14       1.1719247474E-004
#    -27   -13       4.3816721070E-005
#    -27   -12       4.7557700590E-004
#    -27   -11       3.3121495497E-005
#    -27   -10       9.5747202621E-005
#    -27    -9       8.2931263271E-005
#    -27    -8       2.7379994072E-005
#    -27    -7       1.5472461383E-004
#    -27    -6       4.2476374056E-005
#    -27    -5       1.4688475820E-005
#    -27    -4       6.1678981392E-005
#    -27    -3       2.4229815512E-005
#    -27    -2       1.1211982108E-004
#    -27    -1       5.5487938238E-005
#    -27     0       4.6706629916E-005
#    -27     1       6.2213804792E-005
#    -27     2       1.9673444214E-005
#    -27     3       7.5856441447E-005
#    -27     4       1.8117797974E-005
#    -27     5       9.6880919541E-005
#    -27     6       5.2639669025E-005
#    -27     7       1.3781196550E-005
#    -27     8       2.1158197238E-004
#    -27     9       7.7357523024E-005
#    -27    10       1.4210825285E-004
#    -27    11       2.8405870697E-004
#    -27    12       7.3162821506E-005
#    -27    13       7.0152341011E-004
#    -27    14       9.3296726735E-006
#    -27    15       1.5949297575E-004
#    -27    16       1.6584952304E-004
#    -27    17       8.8264570534E-006
#    -27    18       1.4453316442E-004
#    -27    19       5.1690984740E-005
#    -27    20       7.4125157745E-005
#    -27    21       1.7087260338E-004
#    -27    22       8.6940996730E-005
#    -27    23       7.1428617323E-004
#    -27    24       6.8886338085E-006
#    -27    25       2.0930873843E-004
#    -27    26       1.7557242619E-004
#    -27    27       7.0026335767E-005
#    -26   -18       3.6755077585E-005
#    -26   -17       5.5175454569E-005
#    -26   -16       9.4941880279E-005
#    -26   -15       6.4453815856E-005
#    -26   -14       5.5665635371E-005
#    -26   -13       5.0854185068E-005
#    -26   -12       1.0253044372E-004
#    -26   -11       1.5845236807E-004
#    -26   -10       4.7612407616E-005
#    -26    -9       4.4409482371E-005
#    -26    -8       2.2848781554E-005
#    -26    -7       4.0907093378E-005
#    -26    -6       8.9344667623E-005
#    -26    -5       1.5092763613E-005
#    -26    -4       4.4289562839E-005
#    -26    -3       2.5515732718E-005
#    -26    -2       8.2491839158E-005
#    -26    -1       8.8825843514E-005
#    -26     0       4.8549643126E-005
#    -26     1       1.7096562797E-005
#    -26     2       1.8359142296E-006
#    -26     3       2.0091509145E-005
#    -26     4       9.1254272846E-005
#    -26     5       6.4691354558E-005
#    -26     6       6.2445288941E-005
#    -26     7       7.1075724312E-006
#    -26     8       1.1437537420E-004
#    -26     9       1.0029094400E-004
#    -26    10       8.3650202552E-005
#    -26    11       6.9039209049E-006
#    -26    12       3.7287277429E-005
#    -26    13       1.0764641249E-004
#    -26    14       9.8858591739E-005
#    -26    15       8.4898354789E-005
#    -26    16       1.1331517447E-005
#    -26    17       2.9722063915E-005
#    -26    18       8.7365297136E-005
#    -26    19       5.0405825412E-005
#    -26    20       7.2971374610E-005
#    -26    21       1.2967597972E-005
#    -26    22       1.1286760934E-004
#    -26    23       9.9660975692E-005
#    -26    24       3.2184451324E-004
#    -26    25       6.6002875186E-005
#    -26    26       2.4815723702E-004
#    -26    27       1.2189677412E-004
#    -25   -19       5.4274864801E-006
#    -25   -18       1.3327421292E-004
#    -25   -17       1.3869198368E-004
#    -25   -16       5.9115559030E-006
#    -25   -15       5.8770073324E-004
#    -25   -14       1.2929522191E-005
#    -25   -13       3.1137993230E-004
#    -25   -12       2.7342601627E-004
#    -25   -11       4.8743449896E-006
#    -25   -10       6.2024313998E-004
#    -25    -9       2.9664123417E-006
#    -25    -8       6.6504560987E-005
#    -25    -7       7.0069974044E-005
#    -25    -6       2.8170040799E-006
#    -25    -5       1.1124679090E-003
#    -25    -4       2.0039065264E-005
#    -25    -3       6.7879273959E-005
#    -25    -2       1.1907234237E-004
#    -25    -1       2.5961158629E-006
#    -25     0       2.1687990346E-003
#    -25     1       6.7089575593E-006
#    -25     2       4.9204908286E-005
#    -25     3       3.4861523710E-005
#    -25     4       6.9599966788E-006
#    -25     5       3.1401468343E-003
#    -25     6       3.9738596104E-005
#    -25     7       8.6869407872E-005
#    -25     8       1.8608835026E-004
#    -25     9       6.4231808407E-006
#    -25    10       5.3362607141E-003
#    -25    11       2.8238696922E-005
#    -25    12       2.2056365672E-004
#    -25    13       2.2251602675E-004
#    -25    14       2.0096278609E-005
#    -25    15       3.7205744295E-003
#    -25    16       4.1796728719E-006
#    -25    17       6.7745676954E-005
#    -25    18       9.4198115683E-005
#    -25    19       7.4893901849E-006
#    -25    20       1.8896440705E-003
#    -25    21       1.3917304834E-005
#    -25    22       3.0295370203E-004
#    -25    23       3.9235464226E-004
#    -25    24       1.5298178245E-005
#    -25    25       4.6946421515E-004
#    -25    26       1.8161554598E-005
#    -25    27       2.1599284571E-004
#    -24   -20       4.4363332124E-005
#    -24   -19       1.7196116648E-004
#    -24   -18       3.3818245499E-005
#    -24   -17       2.5126625998E-005
#    -24   -16       5.0264470271E-005
#    -24   -15       9.8577173170E-005
#    -24   -14       2.3917796354E-004
#    -24   -13       9.4169487516E-005
#    -24   -12       9.9826496325E-006
#    -24   -11       1.6024403250E-005
#    -24   -10       1.2800679477E-005
#    -24    -9       4.1957416238E-005
#    -24    -8       3.1077743073E-005
#    -24    -7       2.5138174593E-006
#    -24    -6       3.6031100470E-006
#    -24    -5       8.3634551268E-005
#    -24    -4       5.1750246325E-005
#    -24    -3       6.9043862774E-005
#    -24    -2       1.4167335313E-005
#    -24    -1       8.7318023977E-006
#    -24     0       1.3601510295E-005
#    -24     1       1.0609152555E-004
#    -24     2       2.8355808760E-005
#    -24     3       6.3410697426E-005
#    -24     4       3.7927306311E-005
#    -24     5       2.7991778662E-005
#    -24     6       2.0479022257E-005
#    -24     7       1.9959784579E-005
#    -24     8       1.7576394748E-005
#    -24     9       5.1470233049E-006
#    -24    10       2.8271776949E-005
#    -24    11       5.6663704782E-005
#    -24    12       7.9281413726E-005
#    -24    13       8.0654493088E-005
#    -24    14       7.1957827499E-005
#    -24    15       7.2620239698E-005
#    -24    16       1.5419160225E-004
#    -24    17       3.6699268616E-005
#    -24    18       5.3267095771E-006
#    -24    19       7.9536114522E-005
#    -24    20       1.0775725664E-004
#    -24    21       3.2045686734E-004
#    -24    22       2.2844719884E-004
#    -24    23       1.0016948594E-004
#    -24    24       5.1345710745E-005
#    -24    25       2.8404866316E-004
#    -24    26       6.0256948811E-004
#    -23   -20       9.8044693032E-005
#    -23   -19       2.4508132841E-005
#    -23   -18       3.9965633795E-004
#    -23   -17       3.2413918862E-005
#    -23   -16       2.1875503914E-004
#    -23   -15       2.4308453522E-004
#    -23   -14       5.5263648790E-005
#    -23   -13       3.7658907998E-004
#    -23   -12       2.8453437660E-005
#    -23   -11       5.2187113141E-005
#    -23   -10       8.9367109710E-005
#    -23    -9       7.9888240431E-006
#    -23    -8       1.4147334748E-004
#    -23    -7       2.7293666562E-005
#    -23    -6       1.0697695648E-004
#    -23    -5       1.5605237536E-004
#    -23    -4       1.2245835208E-005
#    -23    -3       9.2394353540E-005
#    -23    -2       2.0497905057E-005
#    -23    -1       4.5628584814E-005
#    -23     0       7.3445561245E-005
#    -23     1       3.4873136194E-005
#    -23     2       5.8187543820E-004
#    -23     3       1.4588430639E-005
#    -23     4       8.7286921195E-005
#    -23     5       6.8009111882E-005
#    -23     6       7.9531669859E-006
#    -23     7       1.7113013888E-004
#    -23     8       1.0473451305E-005
#    -23     9       2.3914429782E-004
#    -23    10       2.7854466853E-004
#    -23    11       1.5115520442E-004
#    -23    12       6.1527037049E-004
#    -23    13       1.5703938581E-004
#    -23    14       1.8015917375E-004
#    -23    15       1.4788211164E-004
#    -23    16       7.2284340493E-005
#    -23    17       2.2173513323E-004
#    -23    18       3.1332463465E-005
#    -23    19       1.8310418264E-004
#    -23    20       2.2355281596E-004
#    -23    21       5.3706834858E-005
#    -23    22       8.1847418371E-004
#    -23    23       7.8460999285E-005
#    -23    24       3.8373245685E-004
#    -23    25       3.4756071674E-004
#    -23    26       3.5689319773E-005
#    -22   -21       3.4714419552E-006
#    -22   -20       9.1067377011E-005
#    -22   -19       1.5409176095E-004
#    -22   -18       3.8631940121E-005
#    -22   -17       4.7572034372E-004
#    -22   -16       4.1818761375E-005
#    -22   -15       2.1086899406E-004
#    -22   -14       1.2476607605E-004
#    -22   -13       1.9904562813E-005
#    -22   -12       1.0808842027E-004
#    -22   -11       2.2387073629E-005
#    -22   -10       8.1112452938E-006
#    -22    -9       1.5826383859E-005
#    -22    -8       2.1072754876E-005
#    -22    -7       1.0518758319E-004
#    -22    -6       2.1123821646E-005
#    -22    -5       1.0922703668E-004
#    -22    -4       1.2778898599E-004
#    -22    -3       4.3741010768E-005
#    -22    -2       1.8867514649E-004
#    -22    -1       2.2328044057E-006
#    -22     0       3.6796782207E-004
#    -22     1       1.8922133184E-004
#    -22     2       1.8534426233E-005
#    -22     3       2.4364030354E-004
#    -22     4       3.1464403825E-006
#    -22     5       5.2056776542E-005
#    -22     6       8.3993370472E-005
#    -22     7       4.1490591859E-005
#    -22     8       6.9662856624E-004
#    -22     9       1.5999638258E-004
#    -22    10       4.0468928706E-004
#    -22    11       7.0625848105E-004
#    -22    12       5.9000348399E-005
#    -22    13       1.3837710637E-003
#    -22    14       1.0915493230E-004
#    -22    15       2.5957345680E-004
#    -22    16       3.1370721892E-004
#    -22    17       3.2236345925E-005
#    -22    18       5.1544785822E-004
#    -22    19       1.3895754822E-005
#    -22    20       2.2397329018E-004
#    -22    21       1.8507016027E-004
#    -22    22       1.5135891500E-004
#    -22    23       4.0259489650E-004
#    -22    24       1.6582092060E-004
#    -22    25       7.1776837787E-005
#    -22    26       1.8207026164E-004
#    -21   -22       3.6039095309E-005
#    -21   -21       8.5505702052E-005
#    -21   -20       6.4100778196E-005
#    -21   -19       3.5093839556E-005
#    -21   -18       6.2400576034E-005
#    -21   -17       9.6127974298E-005
#    -21   -16       1.6943705699E-004
#    -21   -15       9.3691746855E-005
#    -21   -14       2.7093533158E-005
#    -21   -13       4.2882232104E-005
#    -21   -12       2.8982666333E-005
#    -21   -11       6.6602316758E-005
#    -21   -10       4.4377646095E-006
#    -21    -9       2.5453330006E-005
#    -21    -8       3.8916777332E-005
#    -21    -7       7.0359157242E-005
#    -21    -6       7.1961309624E-005
#    -21    -5       5.9222761280E-005
#    -21    -4       1.5315328163E-005
#    -21    -3       1.1212596130E-005
#    -21    -2       4.4257709421E-005
#    -21    -1       3.1540760393E-004
#    -21     0       1.9845616570E-004
#    -21     1       1.1073548054E-004
#    -21     2       4.5604992182E-005
#    -21     3       1.1752530931E-005
#    -21     4       2.1063157261E-005
#    -21     5       8.7078277528E-005
#    -21     6       5.4021931233E-005
#    -21     7       5.8818742124E-005
#    -21     8       1.7043697886E-004
#    -21     9       3.0665439869E-004
#    -21    10       2.4397166319E-004
#    -21    11       7.5050296238E-006
#    -21    12       2.2341998963E-005
#    -21    13       3.4415323165E-004
#    -21    14       4.5568639302E-004
#    -21    15       1.5494234851E-004
#    -21    16       2.2758650172E-005
#    -21    17       8.6480428459E-005
#    -21    18       1.2470304079E-004
#    -21    19       6.4741976331E-005
#    -21    20       4.2299736716E-005
#    -21    21       7.0168419660E-005
#    -21    22       1.0822272176E-004
#    -21    23       1.0546888674E-004
#    -21    24       3.8039512129E-004
#    -21    25       3.7018800147E-005
#    -20   -22       1.0369411981E-004
#    -20   -21       1.2542241801E-006
#    -20   -20       4.3294538892E-004
#    -20   -19       1.4713184543E-005
#    -20   -18       4.8142388767E-004
#    -20   -17       2.7389774594E-004
#    -20   -16       7.0259056801E-006
#    -20   -15       7.2970195008E-004
#    -20   -14       1.0534695210E-005
#    -20   -13       9.3365055560E-005
#    -20   -12       7.3941447548E-005
#    -20   -11       1.3189952330E-006
#    -20   -10       1.1191804758E-003
#    -20    -9       9.6130429697E-006
#    -20    -8       4.9395881012E-005
#    -20    -7       9.1453329745E-005
#    -20    -6       3.2264195695E-006
#    -20    -5       3.9557009240E-003
#    -20    -4       5.2319461879E-006
#    -20    -3       1.3607800801E-004
#    -20    -2       1.7105467532E-004
#    -20    -1       1.6324913322E-005
#    -20     0       1.3218762182E-002
#    -20     1       7.4405687839E-006
#    -20     2       1.1998693549E-005
#    -20     3       3.7830507562E-005
#    -20     4       2.9657470684E-006
#    -20     5       1.1425676959E-002
#    -20     6       1.2474364658E-005
#    -20     7       2.1791316815E-004
#    -20     8       3.4925227298E-004
#    -20     9       1.5351726017E-005
#    -20    10       6.5880206218E-003
#    -20    11       3.2129843724E-005
#    -20    12       3.9580486481E-004
#    -20    13       5.4036587777E-004
#    -20    14       9.9502278884E-006
#    -20    15       1.2665032046E-003
#    -20    16       3.6783106824E-007
#    -20    17       1.3032420032E-004
#    -20    18       2.1194767478E-004
#    -20    19       6.2093165850E-006
#    -20    20       2.8562321605E-003
#    -20    21       1.6124495685E-005
#    -20    22       2.2304080337E-004
#    -20    23       3.0174415200E-004
#    -20    24       2.9173016090E-004
#    -20    25       1.9565964246E-003
#    -19   -23       2.5139200749E-005
#    -19   -22       3.0869239189E-005
#    -19   -21       1.4153931762E-005
#    -19   -20       1.0359673218E-004
#    -19   -19       2.5928483796E-004
#    -19   -18       9.2891830292E-005
#    -19   -17       3.5174204180E-005
#    -19   -16       2.6355639290E-005
#    -19   -15       7.8663101004E-005
#    -19   -14       8.3716641021E-005
#    -19   -13       1.2628475861E-005
#    -19   -12       1.2903108586E-005
#    -19   -11       1.8621527123E-005
#    -19   -10       1.8236219872E-005
#    -19    -9       8.4886661921E-005
#    -19    -8       8.4088262436E-005
#    -19    -7       9.9743613941E-005
#    -19    -6       1.2944438848E-005
#    -19    -5       1.8447601220E-007
#    -19    -4       5.0823690383E-005
#    -19    -3       6.7280969283E-005
#    -19    -2       1.4724478666E-005
#    -19    -1       2.1118154277E-006
#    -19     0       2.1796556593E-005
#    -19     1       1.2697041657E-004
#    -19     2       3.3904270913E-005
#    -19     3       4.6381942114E-005
#    -19     4       6.5757920841E-005
#    -19     5       2.7571626046E-005
#    -19     6       6.6529796405E-005
#    -19     7       1.2262327548E-005
#    -19     8       6.9552884586E-005
#    -19     9       9.5588470633E-005
#    -19    10       1.0287756806E-004
#    -19    11       5.8517268703E-004
#    -19    12       4.6551289119E-005
#    -19    13       9.9886417408E-005
#    -19    14       2.1734432838E-004
#    -19    15       7.4917289972E-005
#    -19    16       1.4404055642E-004
#    -19    17       7.8349190410E-005
#    -19    18       3.3011227998E-005
#    -19    19       2.9639754529E-006
#    -19    20       2.8774554300E-005
#    -19    21       6.0226947121E-005
#    -19    22       4.0764790379E-005
#    -19    23       7.8888923584E-005
#    -19    24       1.4024665322E-004
#    -19    25       1.8309723039E-004
#    -18   -23       1.4856947456E-004
#    -18   -22       1.4739875865E-005
#    -18   -21       1.8657202338E-004
#    -18   -20       1.5677179409E-004
#    -18   -19       5.3157594649E-005
#    -18   -18       4.0636199501E-004
#    -18   -17       2.7322958496E-005
#    -18   -16       1.9276661619E-004
#    -18   -15       8.7494400344E-005
#    -18   -14       1.7751879285E-005
#    -18   -13       1.3747788599E-005
#    -18   -12       2.3547967734E-006
#    -18   -11       7.1308007898E-005
#    -18   -10       8.0193673032E-005
#    -18    -9       2.8238614292E-005
#    -18    -8       1.8245750649E-004
#    -18    -7       4.6749340952E-005
#    -18    -6       1.8018791515E-005
#    -18    -5       8.1956366732E-005
#    -18    -4       1.2597409650E-005
#    -18    -3       1.8971661405E-004
#    -18    -2       3.7855943156E-006
#    -18    -1       1.1002815454E-004
#    -18     0       2.0518177466E-004
#    -18     1       7.4325064942E-005
#    -18     2       1.3035936980E-003
#    -18     3       7.1112972326E-005
#    -18     4       1.8478172002E-004
#    -18     5       1.0863427590E-004
#    -18     6       2.8170921203E-005
#    -18     7       8.4834070022E-004
#    -18     8       7.0710564397E-005
#    -18     9       3.6420702768E-004
#    -18    10       1.4177960440E-004
#    -18    11       3.2993198815E-005
#    -18    12       9.7330594629E-005
#    -18    13       9.7737222394E-006
#    -18    14       1.1612255390E-004
#    -18    15       2.1591008970E-004
#    -18    16       1.9240938671E-005
#    -18    17       3.0399204252E-004
#    -18    18       5.8356532387E-006
#    -18    19       2.1879902649E-005
#    -18    20       2.9378245674E-005
#    -18    21       4.9089275166E-005
#    -18    22       8.2548811167E-004
#    -18    23       1.1273090310E-005
#    -18    24       2.2666151261E-004
#    -17   -24       7.5255643338E-005
#    -17   -23       3.8172088628E-006
#    -17   -22       3.4119735937E-004
#    -17   -21       3.6002311854E-005
#    -17   -20       1.7959339664E-004
#    -17   -19       2.2961170701E-004
#    -17   -18       1.6207142976E-005
#    -17   -17       3.6566838333E-004
#    -17   -16       3.2319336293E-005
#    -17   -15       6.8098977301E-005
#    -17   -14       6.9297815346E-006
#    -17   -13       1.0218530152E-005
#    -17   -12       3.3945713204E-004
#    -17   -11       3.7213652552E-005
#    -17   -10       2.0004352808E-004
#    -17    -9       1.6132787158E-004
#    -17    -8       8.7231898321E-006
#    -17    -7       1.0349335663E-005
#    -17    -6       2.6127986782E-005
#    -17    -5       1.0749704172E-004
#    -17    -4       1.5496781728E-004
#    -17    -3       1.0077980691E-004
#    -17    -2       3.1628266600E-004
#    -17    -1       2.9700940904E-005
#    -17     0       9.0058654447E-004
#    -17     1       1.0644022275E-003
#    -17     2       1.2488452812E-004
#    -17     3       1.2480079402E-003
#    -17     4       8.6953909160E-005
#    -17     5       3.0203295593E-004
#    -17     6       4.0745215899E-004
#    -17     7       1.9106061723E-004
#    -17     8       1.2496294511E-003
#    -17     9       1.2268190016E-004
#    -17    10       4.2317498232E-005
#    -17    11       6.6460777006E-005
#    -17    12       1.2406635476E-005
#    -17    13       2.4199917751E-004
#    -17    14       3.1466166289E-006
#    -17    15       3.4714477229E-005
#    -17    16       1.1986144863E-005
#    -17    17       2.2226023289E-006
#    -17    18       3.1063036011E-005
#    -17    19       2.0262578095E-005
#    -17    20       8.8279457368E-005
#    -17    21       7.9542928100E-005
#    -17    22       1.3174946536E-005
#    -17    23       2.1390589513E-004
#    -17    24       3.0170916927E-004
#    -16   -24       7.9839851538E-006
#    -16   -23       2.8748617207E-005
#    -16   -22       1.4760286628E-004
#    -16   -21       1.9033383362E-004
#    -16   -20       7.8392987585E-005
#    -16   -19       3.6631854175E-005
#    -16   -18       1.4361226691E-005
#    -16   -17       6.2415328153E-005
#    -16   -16       6.0086188745E-005
#    -16   -15       3.6884337811E-006
#    -16   -14       1.3325256292E-005
#    -16   -13       5.8746832620E-005
#    -16   -12       7.4143123234E-005
#    -16   -11       3.5898285627E-004
#    -16   -10       5.8856951085E-005
#    -16    -9       2.7499213540E-005
#    -16    -8       7.8887337654E-006
#    -16    -7       7.0931489739E-005
#    -16    -6       8.2145987815E-005
#    -16    -5       1.0011132297E-004
#    -16    -4       1.7807393370E-005
#    -16    -3       8.9660215399E-006
#    -16    -2       1.1135505114E-004
#    -16    -1       1.4664362875E-003
#    -16     0       5.6319045539E-004
#    -16     1       4.0805716582E-004
#    -16     2       2.5940552735E-004
#    -16     3       4.2182186419E-004
#    -16     4       4.8601989243E-004
#    -16     5       4.6074376229E-004
#    -16     6       1.6626452853E-004
#    -16     7       6.6537146330E-005
#    -16     8       1.5658605614E-004
#    -16     9       1.8326835899E-004
#    -16    10       4.5385111304E-005
#    -16    11       2.8479661358E-005
#    -16    12       1.1920399502E-004
#    -16    13       4.0608624560E-005
#    -16    14       9.7550982728E-006
#    -16    15       2.9300041136E-005
#    -16    16       2.5302794794E-005
#    -16    17       1.5661933753E-004
#    -16    18       1.0167653249E-004
#    -16    19       1.6193872603E-004
#    -16    20       1.6457348489E-004
#    -16    21       1.8902612661E-005
#    -16    22       8.7188816539E-006
#    -16    23       1.5803592003E-004
#    -15   -25       1.7922797798E-004
#    -15   -24       1.2749359124E-005
#    -15   -23       1.7179054591E-004
#    -15   -22       3.0744464273E-004
#    -15   -21       7.3693583635E-006
#    -15   -20       5.7566861831E-004
#    -15   -19       3.2885659881E-006
#    -15   -18       1.8618047336E-004
#    -15   -17       5.7478376251E-005
#    -15   -16       6.8639988123E-006
#    -15   -15       4.6824532985E-004
#    -15   -14       7.4772983350E-006
#    -15   -13       2.6711985646E-004
#    -15   -12       5.1355426433E-004
#    -15   -11       4.9900234383E-006
#    -15   -10       6.2082603336E-003
#    -15    -9       3.6301843415E-006
#    -15    -8       8.9370451454E-005
#    -15    -7       2.5086435772E-004
#    -15    -6       2.6812380191E-005
#    -15    -5       1.2370963725E-002
#    -15    -4       2.2035210211E-005
#    -15    -3       4.5059839988E-004
#    -15    -2       1.1029162787E-003
#    -15    -1       4.6857891236E-006
#    -15     0       1.8051927697E-002
#    -15     1       5.6953601689E-005
#    -15     2       1.0736300297E-003
#    -15     3       6.0113952051E-004
#    -15     4       1.1592732861E-005
#    -15     5       2.0446229479E-002
#    -15     6       5.3159221469E-005
#    -15     7       4.6160961571E-004
#    -15     8       1.2333608735E-004
#    -15     9       2.2593460493E-005
#    -15    10       1.3598066783E-002
#    -15    11       1.0228054746E-005
#    -15    12       1.3983798734E-004
#    -15    13       1.1399323174E-004
#    -15    14       3.7959758605E-005
#    -15    15       1.3620117038E-002
#    -15    16       1.0634520185E-005
#    -15    17       1.8931399148E-004
#    -15    18       6.1196417504E-004
#    -15    19       1.2701966020E-004
#    -15    20       9.5573773613E-004
#    -15    21       2.8806357128E-005
#    -15    22       5.8606905641E-004
#    -15    23       4.3338008480E-004
#    -14   -25       8.3627185352E-005
#    -14   -24       2.4540387679E-004
#    -14   -23       8.8586828449E-005
#    -14   -22       4.6009739195E-005
#    -14   -21       5.0329987428E-005
#    -14   -20       9.1279285515E-005
#    -14   -19       7.3759437310E-005
#    -14   -18       1.8468944278E-005
#    -14   -17       8.2452754765E-006
#    -14   -16       2.0219943004E-006
#    -14   -15       1.2184366089E-005
#    -14   -14       2.4073347968E-004
#    -14   -13       9.0081866737E-005
#    -14   -12       4.7604620186E-005
#    -14   -11       4.3438367887E-005
#    -14   -10       6.2798873853E-005
#    -14    -9       2.0499089985E-004
#    -14    -8       1.6813855387E-004
#    -14    -7       8.0045474458E-005
#    -14    -6       1.9200054016E-005
#    -14    -5       7.6647405731E-006
#    -14    -4       1.5256470113E-004
#    -14    -3       3.4724084768E-004
#    -14    -2       8.8868283685E-005
#    -14    -1       4.2152225915E-004
#    -14     0       8.3892722048E-004
#    -14     1       5.7330576802E-004
#    -14     2       1.8590886303E-004
#    -14     3       1.3334879960E-005
#    -14     4       1.3282861638E-004
#    -14     5       1.5249351307E-004
#    -14     6       6.1112616683E-005
#    -14     7       1.7229087418E-004
#    -14     8       2.3483980193E-005
#    -14     9       1.5085807452E-004
#    -14    10       2.4170700238E-004
#    -14    11       1.0866938677E-003
#    -14    12       1.2200799270E-004
#    -14    13       1.3139343187E-004
#    -14    14       1.2253833956E-004
#    -14    15       5.0360049567E-005
#    -14    16       1.1579272091E-004
#    -14    17       1.3370061424E-004
#    -14    18       4.5074315168E-006
#    -14    19       1.8498976283E-005
#    -14    20       1.7021538077E-004
#    -14    21       7.6840608532E-004
#    -14    22       4.0485852301E-005
#    -13   -26       3.4173045202E-005
#    -13   -25       1.7167771430E-004
#    -13   -24       2.4998197596E-005
#    -13   -23       5.4927918487E-004
#    -13   -22       3.6761464611E-005
#    -13   -21       7.6477683997E-005
#    -13   -20       1.1345979056E-004
#    -13   -19       2.0477063478E-005
#    -13   -18       2.6421138899E-005
#    -13   -17       9.7689944934E-007
#    -13   -16       3.2431480598E-005
#    -13   -15       1.0854532926E-004
#    -13   -14       7.6589980053E-006
#    -13   -13       5.1768058339E-004
#    -13   -12       1.5054200603E-005
#    -13   -11       1.5898432418E-004
#    -13   -10       2.3970229257E-004
#    -13    -9       5.4692719404E-005
#    -13    -8       7.3873397456E-004
#    -13    -7       1.8634775860E-005
#    -13    -6       4.8634878103E-005
#    -13    -5       1.6333056629E-004
#    -13    -4       1.7717218804E-004
#    -13    -3       2.5803996112E-003
#    -13    -2       2.0956455133E-004
#    -13    -1       5.1843427080E-004
#    -13     0       5.7157944440E-004
#    -13     1       4.3016312676E-006
#    -13     2       2.3516243923E-005
#    -13     3       7.1249204814E-006
#    -13     4       6.0026975222E-005
#    -13     5       1.1821716315E-004
#    -13     6       1.0763967551E-004
#    -13     7       1.2740150419E-003
#    -13     8       8.7138984922E-005
#    -13     9       5.5522905771E-004
#    -13    10       5.9121658887E-004
#    -13    11       7.6448597093E-005
#    -13    12       1.0215075106E-003
#    -13    13       2.0896189713E-005
#    -13    14       2.1988441737E-004
#    -13    15       3.5030117518E-004
#    -13    16       9.7155405276E-005
#    -13    17       2.5466496379E-004
#    -13    18       3.7840692308E-005
#    -13    19       7.1821039678E-005
#    -13    20       3.5417119763E-004
#    -13    21       7.0750322501E-005
#    -12   -26       1.0992624059E-005
#    -12   -25       1.4896258198E-004
#    -12   -24       1.3803063534E-004
#    -12   -23       5.1530553217E-005
#    -12   -22       5.9766625720E-004
#    -12   -21       1.6798081824E-005
#    -12   -20       4.6286537031E-005
#    -12   -19       2.3219634276E-005
#    -12   -18       3.6068417347E-006
#    -12   -17       3.0970185837E-005
#    -12   -16       2.2490987882E-005
#    -12   -15       1.0132290260E-004
#    -12   -14       7.6007094690E-005
#    -12   -13       3.4440241310E-005
#    -12   -12       7.0203964024E-004
#    -12   -11       1.2870839509E-004
#    -12   -10       6.3346694503E-004
#    -12    -9       3.8440474500E-004
#    -12    -8       6.0225810825E-005
#    -12    -7       3.4699648350E-005
#    -12    -6       9.8165916027E-005
#    -12    -5       4.4757253637E-004
#    -12    -4       8.7429357154E-004
#    -12    -3       3.9157738368E-004
#    -12    -2       1.1209517110E-003
#    -12    -1       3.2584303231E-005
#    -12     0       1.4436975954E-005
#    -12     1       2.0014873316E-004
#    -12     2       8.0624289432E-005
#    -12     3       8.1196974143E-004
#    -12     4       1.4356885013E-004
#    -12     5       8.0748744078E-004
#    -12     6       8.9222789132E-004
#    -12     7       3.8456123533E-004
#    -12     8       2.1526225912E-003
#    -12     9       2.7407347264E-004
#    -12    10       7.1414068489E-004
#    -12    11       5.1582026892E-004
#    -12    12       8.0609476667E-005
#    -12    13       3.1514942329E-004
#    -12    14       4.8425246641E-005
#    -12    15       4.4820497616E-004
#    -12    16       3.6657587993E-004
#    -12    17       4.3162542021E-005
#    -12    18       1.2507286350E-004
#    -12    19       3.1519605639E-004
#    -12    20       4.8250351401E-004
#    -12    21       5.6504227231E-004
#    -11   -26       6.6624186436E-005
#    -11   -25       6.4791400967E-005
#    -11   -24       6.1378380144E-005
#    -11   -23       5.1088023266E-005
#    -11   -22       1.6449828325E-004
#    -11   -21       1.2549512447E-004
#    -11   -20       3.8185922710E-005
#    -11   -19       1.3064875612E-006
#    -11   -18       9.7344943977E-006
#    -11   -17       1.2806784385E-005
#    -11   -16       1.1537541371E-004
#    -11   -15       4.8070990115E-005
#    -11   -14       2.1756867799E-005
#    -11   -13       1.0437296163E-004
#    -11   -12       1.3204550916E-004
#    -11   -11       7.7513369183E-004
#    -11   -10       1.9535230939E-004
#    -11    -9       6.0184278467E-005
#    -11    -8       1.9868814967E-005
#    -11    -7       3.3903299908E-004
#    -11    -6       3.7943527926E-004
#    -11    -5       6.5640446203E-004
#    -11    -4       2.3884530338E-005
#    -11    -3       8.6117593400E-005
#    -11    -2       5.2952269342E-005
#    -11    -1       2.1232365711E-004
#    -11     0       3.6219919177E-004
#    -11     1       2.7202692828E-004
#    -11     2       3.1254233154E-004
#    -11     3       5.5837575784E-004
#    -11     4       1.2689809961E-003
#    -11     5       1.1449176381E-003
#    -11     6       4.0228981507E-004
#    -11     7       1.6616638097E-004
#    -11     8       4.7517921642E-004
#    -11     9       1.3654612634E-003
#    -11    10       1.8866125351E-004
#    -11    11       1.9182255468E-004
#    -11    12       2.4027683228E-004
#    -11    13       7.6875873011E-005
#    -11    14       3.3880489116E-004
#    -11    15       3.8144732854E-004
#    -11    16       1.9201766640E-004
#    -11    17       3.1879961334E-004
#    -11    18       1.2764227148E-004
#    -11    19       5.6380498906E-004
#    -11    20       2.2448989653E-004
#    -10   -27       6.1917060741E-005
#    -10   -26       8.1379559766E-006
#    -10   -25       7.3720846532E-004
#    -10   -24       3.1586930020E-005
#    -10   -23       4.3153026897E-004
#    -10   -22       2.6384745089E-004
#    -10   -21       2.2170523725E-007
#    -10   -20       5.8868110699E-005
#    -10   -19       5.8457822057E-006
#    -10   -18       1.2104853854E-004
#    -10   -17       2.3586663302E-005
#    -10   -16       1.4814093630E-005
#    -10   -15       3.4149253626E-003
#    -10   -14       2.2098880967E-007
#    -10   -13       5.4882727299E-004
#    -10   -12       7.5263083492E-004
#    -10   -11       3.9606939138E-005
#    -10   -10       7.3312308461E-003
#    -10    -9       4.4300975258E-005
#    -10    -8       4.1389362437E-004
#    -10    -7       1.0877897846E-003
#    -10    -6       3.4585185166E-005
#    -10    -5       2.0152559006E-002
#    -10    -4       1.2671287847E-005
#    -10    -3       6.8072340074E-005
#    -10    -2       5.2344883777E-004
#    -10    -1       1.2297652820E-007
#    -10     0       2.7204972166E-002
#    -10     1       7.0977332479E-005
#    -10     2       1.9364968669E-003
#    -10     3       1.5909399071E-003
#    -10     4       1.0204127275E-004
#    -10     5       9.4657310701E-003
#    -10     6       1.0833397553E-004
#    -10     7       1.8420757745E-003
#    -10     8       1.3749019289E-003
#    -10     9       7.2874061656E-005
#    -10    10       1.5926687605E-002
#    -10    11       2.2347699383E-005
#    -10    12       2.4860790431E-004
#    -10    13       2.8954462297E-004
#    -10    14       8.1168468291E-005
#    -10    15       1.4790537534E-002
#    -10    16       3.6817482083E-005
#    -10    17       6.5472971417E-004
#    -10    18       3.7197868813E-004
#    -10    19       6.0066101681E-004
#     -9   -27       2.2579490907E-005
#     -9   -26       6.0145696380E-005
#     -9   -25       8.4120036108E-005
#     -9   -24       2.7420129108E-004
#     -9   -23       2.0403652876E-004
#     -9   -22       9.2645462697E-005
#     -9   -21       7.0237626121E-005
#     -9   -20       8.0694353844E-005
#     -9   -19       7.6915361171E-005
#     -9   -18       4.5411901557E-005
#     -9   -17       2.0390704156E-005
#     -9   -16       6.8468885364E-006
#     -9   -15       6.3565827335E-005
#     -9   -14       3.7244314210E-004
#     -9   -13       1.5658510584E-004
#     -9   -12       2.2507779950E-004
#     -9   -11       1.2653678584E-004
#     -9   -10       1.6890061735E-005
#     -9    -9       1.8597194310E-004
#     -9    -8       2.4645295362E-004
#     -9    -7       1.6586203492E-004
#     -9    -6       2.7720409247E-004
#     -9    -5       1.8798105912E-004
#     -9    -4       5.3669937936E-006
#     -9    -3       2.4120245830E-004
#     -9    -2       2.3866973225E-005
#     -9    -1       4.4638939650E-004
#     -9     0       1.5200943376E-003
#     -9     1       1.3652104120E-003
#     -9     2       4.4928804345E-004
#     -9     3       1.3708514364E-004
#     -9     4       2.5198792493E-004
#     -9     5       5.0869555156E-004
#     -9     6       3.6396501767E-004
#     -9     7       5.3277803657E-004
#     -9     8       3.9310978473E-005
#     -9     9       8.6490035276E-006
#     -9    10       4.4294856566E-005
#     -9    11       1.2648665114E-004
#     -9    12       1.4706019251E-004
#     -9    13       1.5219109287E-004
#     -9    14       1.8702862352E-004
#     -9    15       3.7106762037E-004
#     -9    16       8.7716366427E-004
#     -9    17       4.0079816433E-004
#     -9    18       1.0020694411E-005
#     -9    19       7.5852386159E-005
#     -8   -27       5.4459183105E-005
#     -8   -26       3.0063190999E-004
#     -8   -25       1.2146727570E-004
#     -8   -24       6.9893515666E-005
#     -8   -23       6.3473840666E-004
#     -8   -22       7.1404553927E-005
#     -8   -21       3.4613438896E-004
#     -8   -20       1.0506346044E-004
#     -8   -19       4.7010690695E-006
#     -8   -18       1.7078168030E-004
#     -8   -17       1.3021729161E-005
#     -8   -16       1.4427419869E-004
#     -8   -15       1.6880177925E-004
#     -8   -14       2.7054163252E-005
#     -8   -13       1.0658695181E-003
#     -8   -12       2.2092686253E-005
#     -8   -11       1.9272200406E-004
#     -8   -10       1.1875249081E-004
#     -8    -9       1.2248876172E-004
#     -8    -8       7.9491932305E-004
#     -8    -7       5.6676757374E-005
#     -8    -6       1.0976612842E-004
#     -8    -5       2.4571992438E-004
#     -8    -4       1.8155961798E-004
#     -8    -3       3.2128832690E-003
#     -8    -2       3.3936724742E-004
#     -8    -1       1.2237389949E-003
#     -8     0       1.1250966745E-003
#     -8     1       9.1593608515E-005
#     -8     2       2.4965830351E-004
#     -8     3       1.1485558133E-004
#     -8     4       1.2023126779E-004
#     -8     5       9.2164796736E-005
#     -8     6       1.0660530651E-004
#     -8     7       9.7257786573E-004
#     -8     8       1.4320766062E-005
#     -8     9       2.3712481942E-004
#     -8    10       1.8532257465E-005
#     -8    11       1.0836883401E-004
#     -8    12       2.2398268629E-003
#     -8    13       2.3137035471E-005
#     -8    14       2.2500435357E-004
#     -8    15       1.3351449102E-003
#     -8    16       1.1783663946E-004
#     -8    17       2.7496771004E-003
#     -8    18       7.2515304860E-005
#     -7   -27       1.0188093891E-004
#     -7   -26       2.6823035048E-005
#     -7   -25       2.4134984682E-004
#     -7   -24       4.4195888676E-004
#     -7   -23       8.6088621260E-005
#     -7   -22       6.3364141180E-004
#     -7   -21       4.2172332216E-005
#     -7   -20       1.3291813189E-004
#     -7   -19       1.8070322435E-004
#     -7   -18       3.6710326125E-005
#     -7   -17       1.0313166574E-004
#     -7   -16       6.8783838323E-005
#     -7   -15       1.5372466145E-004
#     -7   -14       2.9350137606E-004
#     -7   -13       5.5586560303E-005
#     -7   -12       3.0361470745E-004
#     -7   -11       1.8096185231E-005
#     -7   -10       2.4999442336E-005
#     -7    -9       6.9607388707E-005
#     -7    -8       2.6978890401E-005
#     -7    -7       3.0631263129E-004
#     -7    -6       9.4941400243E-005
#     -7    -5       1.1863460792E-003
#     -7    -4       1.3783303379E-003
#     -7    -3       6.4052845899E-004
#     -7    -2       2.7593338576E-003
#     -7    -1       2.4938029862E-004
#     -7     0       2.6245544322E-004
#     -7     1       9.1712714321E-005
#     -7     2       7.8999555236E-005
#     -7     3       1.8120821563E-005
#     -7     4       5.3367849262E-005
#     -7     5       1.3225203317E-004
#     -7     6       4.1665962162E-004
#     -7     7       1.8586076976E-004
#     -7     8       4.7427530829E-005
#     -7     9       3.3311700318E-006
#     -7    10       9.8887467679E-004
#     -7    11       1.6334114433E-003
#     -7    12       2.7050968164E-004
#     -7    13       1.4533438902E-004
#     -7    14       8.0853748269E-006
#     -7    15       7.4021372783E-004
#     -7    16       1.0096164586E-003
#     -7    17       9.7466344541E-005
#     -6   -27       1.6373011107E-005
#     -6   -26       2.2440251478E-004
#     -6   -25       7.6294153511E-005
#     -6   -24       1.2943991696E-004
#     -6   -23       7.2498633174E-005
#     -6   -22       7.9017855417E-005
#     -6   -21       2.8080978437E-004
#     -6   -20       7.1941741004E-005
#     -6   -19       7.1706213651E-005
#     -6   -18       2.2717089465E-005
#     -6   -17       4.2218961990E-005
#     -6   -16       2.2530229015E-004
#     -6   -15       1.3897551099E-004
#     -6   -14       1.3201912191E-004
#     -6   -13       1.0961103154E-004
#     -6   -12       1.3152053162E-005
#     -6   -11       7.6322035883E-007
#     -6   -10       5.4172841718E-005
#     -6    -9       6.9421380659E-006
#     -6    -8       1.8517767371E-005
#     -6    -7       4.2722716803E-004
#     -6    -6       1.1095996045E-003
#     -6    -5       1.4722804491E-003
#     -6    -4       2.6917711005E-004
#     -6    -3       1.6209369603E-004
#     -6    -2       7.8924279789E-005
#     -6    -1       7.5994734555E-005
#     -6     0       1.2670530306E-004
#     -6     1       3.9966796693E-005
#     -6     2       1.5489703690E-004
#     -6     3       1.5630039281E-004
#     -6     4       4.9413461835E-004
#     -6     5       3.8371504810E-004
#     -6     6       5.8224270836E-005
#     -6     7       1.1333735115E-005
#     -6     8       1.9682355922E-005
#     -6     9       1.2151561969E-003
#     -6    10       1.2443438380E-003
#     -6    11       7.5626689063E-004
#     -6    12       7.5179901929E-004
#     -6    13       9.4721097986E-005
#     -6    14       5.7026823771E-004
#     -6    15       3.2900817813E-004
#     -6    16       1.9584276589E-004
#     -5   -27       2.9834003561E-004
#     -5   -26       1.2495892287E-006
#     -5   -25       6.7353395647E-004
#     -5   -24       1.2200908360E-005
#     -5   -23       4.2198681456E-004
#     -5   -22       5.1959814776E-004
#     -5   -21       1.0006413864E-005
#     -5   -20       2.0265455252E-003
#     -5   -19       4.4700005353E-006
#     -5   -18       3.0756091992E-004
#     -5   -17       2.3623576234E-004
#     -5   -16       2.5286856481E-005
#     -5   -15       1.4383218297E-003
#     -5   -14       3.3863668473E-005
#     -5   -13       6.9719040292E-005
#     -5   -12       6.8612365753E-005
#     -5   -11       5.1410568122E-005
#     -5   -10       1.1730258532E-002
#     -5    -9       6.2185261695E-005
#     -5    -8       6.9322696925E-004
#     -5    -7       1.5915144470E-003
#     -5    -6       2.8564706838E-005
#     -5    -5       8.9404388243E-003
#     -5    -4       9.0864404059E-006
#     -5    -3       1.0080474664E-003
#     -5    -2       7.3758729175E-005
#     -5    -1       5.6919534870E-007
#     -5     0       7.8086441081E-003
#     -5     1       2.8674346946E-005
#     -5     2       1.1540221604E-003
#     -5     3       8.2382253587E-004
#     -5     4       1.1372313748E-004
#     -5     5       6.3030590069E-004
#     -5     6       1.4224882343E-004
#     -5     7       2.0308880148E-004
#     -5     8       1.4524000329E-003
#     -5     9       1.3035789190E-004
#     -5    10       3.6466908322E-002
#     -5    11       5.1227348148E-005
#     -5    12       1.6732783241E-003
#     -5    13       1.6841692877E-004
#     -5    14       8.5352392031E-005
#     -5    15       1.8772102393E-002
#     -4   -28       2.2831140401E-006
#     -4   -27       9.8843793799E-007
#     -4   -26       5.1157389179E-005
#     -4   -25       6.8315076594E-005
#     -4   -24       3.9641340419E-004
#     -4   -23       7.2503606995E-005
#     -4   -22       4.1503045526E-005
#     -4   -21       9.5183260233E-005
#     -4   -20       1.0529715287E-004
#     -4   -19       2.9639368130E-004
#     -4   -18       2.0769794839E-004
#     -4   -17       4.5923386771E-006
#     -4   -16       3.7166192580E-005
#     -4   -15       1.2565450113E-004
#     -4   -14       3.2737188052E-005
#     -4   -13       4.7487646767E-006
#     -4   -12       6.8317761121E-005
#     -4   -11       1.2560010195E-004
#     -4   -10       1.1591212934E-004
#     -4    -9       4.9010872702E-004
#     -4    -8       4.3491025847E-004
#     -4    -7       2.9081111860E-004
#     -4    -6       3.6200707260E-004
#     -4    -5       3.5839635435E-004
#     -4    -4       3.2427659058E-004
#     -4    -3       8.7180612208E-006
#     -4    -2       2.4328152757E-004
#     -4    -1       6.8614469113E-005
#     -4     0       3.0103720103E-004
#     -4     1       2.6397719203E-004
#     -4     2       7.2069590576E-005
#     -4     3       6.8178829550E-005
#     -4     4       1.5614400181E-004
#     -4     5       3.0164554739E-004
#     -4     6       3.2120179616E-005
#     -4     7       6.3607172115E-004
#     -4     8       2.8820217216E-004
#     -4     9       2.6917369603E-004
#     -4    10       9.8961227483E-004
#     -4    11       2.3891844842E-003
#     -4    12       1.9174538581E-004
#     -4    13       1.9792797393E-005
#     -4    14       1.2128207867E-004
#     -3   -28       3.0948330053E-004
#     -3   -27       1.2222482700E-005
#     -3   -26       7.2982690045E-005
#     -3   -25       3.2569348007E-004
#     -3   -24       4.3042619404E-005
#     -3   -23       5.6191783131E-004
#     -3   -22       7.6071448475E-006
#     -3   -21       3.8575128092E-004
#     -3   -20       3.2971122674E-004
#     -3   -19       1.8424154761E-005
#     -3   -18       4.1676207717E-004
#     -3   -17       2.1606742859E-005
#     -3   -16       1.2099728629E-004
#     -3   -15       1.4699635334E-004
#     -3   -14       6.6139680040E-005
#     -3   -13       1.1845109907E-005
#     -3   -12       9.9290023418E-006
#     -3   -11       4.7294168970E-004
#     -3   -10       5.5599359844E-004
#     -3    -9       3.4346660283E-004
#     -3    -8       2.0266306861E-003
#     -3    -7       2.9292261978E-004
#     -3    -6       3.9730198638E-004
#     -3    -5       7.2625163027E-005
#     -3    -4       2.3469177611E-005
#     -3    -3       6.8891443551E-004
#     -3    -2       2.0239361626E-004
#     -3    -1       1.6053220351E-004
#     -3     0       1.1040083825E-004
#     -3     1       1.2436291562E-005
#     -3     2       3.9703342237E-005
#     -3     3       9.2825187263E-005
#     -3     4       3.4922465055E-005
#     -3     5       1.4632956888E-004
#     -3     6       1.2914793490E-004
#     -3     7       1.3176824438E-003
#     -3     8       1.5471063867E-004
#     -3     9       1.0301427943E-003
#     -3    10       1.3624232677E-003
#     -3    11       4.0706665470E-004
#     -3    12       1.9002265388E-004
#     -3    13       2.8039546862E-004
#     -2   -28       1.7496817502E-005
#     -2   -27       4.1486060704E-004
#     -2   -26       4.1834166409E-005
#     -2   -25       2.5690889071E-004
#     -2   -24       1.0805083781E-004
#     -2   -23       1.3827833590E-005
#     -2   -22       8.7684598993E-004
#     -2   -21       5.6055083666E-005
#     -2   -20       5.1671449761E-004
#     -2   -19       9.9655778870E-005
#     -2   -18       5.3890086378E-005
#     -2   -17       5.5667686691E-004
#     -2   -16       1.4460978482E-004
#     -2   -15       1.1093398910E-004
#     -2   -14       5.5078914486E-005
#     -2   -13       8.5380731652E-006
#     -2   -12       4.9652204578E-004
#     -2   -11       1.3313174486E-004
#     -2   -10       5.8719947807E-004
#     -2    -9       8.4987557595E-004
#     -2    -8       1.1838789365E-004
#     -2    -7       1.5401196182E-003
#     -2    -6       3.2330876794E-005
#     -2    -5       3.2679813647E-004
#     -2    -4       6.2972561297E-004
#     -2    -3       2.3718233269E-004
#     -2    -2       3.1683202034E-004
#     -2    -1       1.8936366786E-005
#     -2     0       2.6420826149E-005
#     -2     1       3.3365233125E-004
#     -2     2       4.1929235172E-004
#     -2     3       4.0559077436E-004
#     -2     4       6.3027774013E-006
#     -2     5       1.6337172809E-005
#     -2     6       1.0674576550E-004
#     -2     7       7.7743346100E-005
#     -2     8       1.0503625020E-004
#     -2     9       1.7640792684E-004
#     -2    10       6.1967569777E-004
#     -2    11       6.0391996022E-004
#     -2    12       1.2903078928E-004
#     -1   -27       1.4145342048E-004
#     -1   -26       2.3256292054E-004
#     -1   -25       4.8165243210E-005
#     -1   -24       1.1129707196E-004
#     -1   -23       2.8335981329E-005
#     -1   -22       1.7636158712E-004
#     -1   -21       3.0375073804E-004
#     -1   -20       2.6233163393E-005
#     -1   -19       3.0091561233E-005
#     -1   -18       2.8504864938E-005
#     -1   -17       1.1007220472E-004
#     -1   -16       1.9219947815E-005
#     -1   -15       3.6329718410E-005
#     -1   -14       4.9007662262E-005
#     -1   -13       2.8950673155E-005
#     -1   -12       1.5933607290E-004
#     -1   -11       6.3277212792E-004
#     -1   -10       3.1488237912E-004
#     -1    -9       8.1843911786E-005
#     -1    -8       1.0163781523E-004
#     -1    -7       1.9597547561E-004
#     -1    -6       4.0738139991E-004
#     -1    -5       4.8058541899E-004
#     -1    -4       2.1083019639E-004
#     -1    -3       7.2072072593E-005
#     -1    -2       8.3881404110E-005
#     -1    -1       2.6796171148E-004
#     -1     0       3.3727535527E-004
#     -1     1       2.3859862418E-004
#     -1     2       1.0003326906E-004
#     -1     3       1.0122999815E-004
#     -1     4       2.2554843258E-004
#     -1     5       1.3328059769E-004
#     -1     6       1.2966973368E-004
#     -1     7       1.3255861227E-005
#     -1     8       1.3732255443E-004
#     -1     9       2.1691688168E-004
#     -1    10       2.3393148197E-004
#     -1    11       1.5719316210E-004
#      0   -27       2.2938099370E-004
#      0   -26       1.1840481350E-005
#      0   -25       5.2944546596E-004
#      0   -24       1.1148112589E-005
#      0   -23       4.2354655868E-004
#      0   -22       6.1987066989E-004
#      0   -21       9.5027253659E-007
#      0   -20       3.0985976702E-003
#      0   -19       1.1445101727E-005
#      0   -18       3.8905935387E-007
#      0   -17       1.2666978383E-005
#      0   -16       2.9723731550E-005
#      0   -15       1.6280898314E-002
#      0   -14       2.6493144690E-005
#      0   -13       8.5135783101E-005
#      0   -12       4.1546162230E-004
#      0   -11       2.7174106262E-006
#      0   -10       1.4724213175E-002
#      0    -9       1.2677313752E-005
#      0    -8       1.1907039622E-004
#      0    -7       4.4107237608E-004
#      0    -6       1.5897665681E-005
#      0    -5       3.6489054242E-004
#      0    -4       3.4422473434E-005
#      0    -3       1.1340121576E-004
#      0    -2       8.8441645663E-004
#      0    -1       2.8037760939E-005
#      0     0       3.2188207857E-002
#      0     1       2.8019897323E-004
#      0     2       1.7264443210E-003
#      0     3       1.3037326498E-004
#      0     4       1.8138665075E-004
#      0     5       8.8681028274E-003
#      0     6       2.8742380616E-004
#      0     7       9.2282396233E-004
#      0     8       2.9873754809E-004
#      0     9       1.6596517281E-004
#      0    10       1.2286224432E-002
#      1   -27       5.7701057966E-005
#      1   -26       1.2536013440E-004
#      1   -25       3.3252371345E-004
#      1   -24       2.0185135525E-004
#      1   -23       7.2359241037E-005
#      1   -22       1.3487332434E-004
#      1   -21       1.1331109511E-004
#      1   -20       6.3288886150E-006
#      1   -19       1.7491244939E-005
#      1   -18       8.7962485160E-005
#      1   -17       9.0822692952E-005
#      1   -16       6.7720482562E-006
#      1   -15       7.5189016520E-005
#      1   -14       4.0983681469E-005
#      1   -13       8.7881368549E-005
#      1   -12       8.9746932610E-005
#      1   -11       2.1313756977E-005
#      1   -10       8.0616498988E-005
#      1    -9       2.1594808449E-004
#      1    -8       7.3943927887E-005
#      1    -7       3.2450399795E-005
#      1    -6       1.4159736869E-004
#      1    -5       1.1462707653E-004
#      1    -4       1.1466265663E-004
#      1    -3       9.0077050559E-005
#      1    -2       9.4697289914E-004
#      1    -1       5.5797748449E-004
#      1     0       1.0800261064E-003
#      1     1       1.5968250696E-003
#      1     2       1.9354568357E-004
#      1     3       1.6138790918E-005
#      1     4       1.1113865501E-004
#      1     5       4.6356809633E-004
#      1     6       4.8033752732E-004
#      1     7       1.5437172879E-004
#      1     8       6.3535629282E-006
#      1     9       7.1174724106E-005
#      2   -27       9.5663453856E-005
#      2   -26       2.7979775294E-004
#      2   -25       1.4827951129E-004
#      2   -24       1.4383671598E-004
#      2   -23       6.3433949591E-004
#      2   -22       1.0964802547E-004
#      2   -21       4.3080390613E-006
#      2   -20       8.9260024482E-005
#      2   -19       6.0847899253E-005
#      2   -18       4.8547775191E-004
#      2   -17       4.6436268858E-005
#      2   -16       8.4158472356E-005
#      2   -15       2.3081352572E-004
#      2   -14       1.4613554878E-004
#      2   -13       8.7143293605E-004
#      2   -12       1.4122088907E-004
#      2   -11       3.8711755025E-004
#      2   -10       2.1001042747E-004
#      2    -9       6.8913060432E-005
#      2    -8       3.6542094073E-004
#      2    -7       1.6152344104E-004
#      2    -6       2.9060574971E-004
#      2    -5       1.2058557620E-004
#      2    -4       1.6188208548E-006
#      2    -3       6.3445906356E-004
#      2    -2       5.3473105119E-004
#      2    -1       1.5369205219E-003
#      2     0       1.1306939177E-003
#      2     1       3.5722628352E-004
#      2     2       2.1739906232E-004
#      2     3       1.1737632170E-004
#      2     4       1.2352841122E-003
#      2     5       2.6935477081E-003
#      2     6       3.5494390653E-004
#      2     7       9.7936497082E-004
#      2     8       8.5851113566E-004
#      3   -26       3.0646178316E-005
#      3   -25       6.6934071941E-005
#      3   -24       5.3777270837E-004
#      3   -23       7.0794021387E-005
#      3   -22       2.9141518185E-004
#      3   -21       3.5346389620E-005
#      3   -20       3.8430853631E-004
#      3   -19       1.6751461578E-004
#      3   -18       7.4582522311E-005
#      3   -17       8.6289711798E-004
#      3   -16       8.0419735685E-005
#      3   -15       5.6074115583E-004
#      3   -14       5.9560667610E-004
#      3   -13       8.3631939342E-005
#      3   -12       4.1093255507E-004
#      3   -11       1.3110797174E-004
#      3   -10       9.0004618934E-004
#      3    -9       8.0449988812E-004
#      3    -8       2.4036905184E-004
#      3    -7       2.9164006204E-003
#      3    -6       1.0266843646E-004
#      3    -5       2.9626295611E-005
#      3    -4       1.1606188808E-004
#      3    -3       8.5872844006E-006
#      3    -2       1.4272702485E-003
#      3    -1       5.9171680821E-005
#      3     0       6.8098480735E-004
#      3     1       1.4812490427E-003
#      3     2       3.7576399945E-004
#      3     3       1.6115508755E-003
#      3     4       1.2325460092E-004
#      3     5       1.6750137312E-004
#      3     6       3.8577310486E-004
#      4   -26       2.3203052420E-004
#      4   -25       7.7619024100E-005
#      4   -24       8.7450940524E-005
#      4   -23       6.8695420486E-005
#      4   -22       9.9082675319E-005
#      4   -21       1.7289735851E-004
#      4   -20       8.4867913623E-005
#      4   -19       1.8312525260E-005
#      4   -18       7.4665979811E-005
#      4   -17       1.0422661860E-004
#      4   -16       4.2509473856E-004
#      4   -15       3.9749841671E-004
#      4   -14       3.3398576563E-004
#      4   -13       3.1035245299E-005
#      4   -12       2.7912678804E-004
#      4   -11       1.7421710509E-003
#      4   -10       1.3913661008E-003
#      4    -9       4.7983720380E-004
#      4    -8       3.5381506258E-004
#      4    -7       4.1484168127E-004
#      4    -6       1.9239676546E-004
#      4    -5       2.4670021665E-004
#      4    -4       3.2406557348E-005
#      4    -3       4.1958400289E-005
#      4    -2       4.9131723410E-005
#      4    -1       2.1888895482E-003
#      4     0       1.4415061987E-003
#      4     1       4.6468479583E-004
#      4     2       2.7467779537E-004
#      4     3       2.7065248865E-004
#      4     4       8.0022254481E-004
#      4     5       3.3427706636E-004
#      5   -25       2.8199927642E-003
#      5   -24       1.0921380535E-005
#      5   -23       4.3129467051E-005
#      5   -22       4.8580860292E-006
#      5   -21       1.4465717340E-006
#      5   -20       8.6788579681E-004
#      5   -19       9.2364095859E-006
#      5   -18       3.1085408494E-005
#      5   -17       3.8653296769E-004
#      5   -16       4.4654372793E-005
#      5   -15       1.7679755904E-002
#      5   -14       1.1389311896E-006
#      5   -13       4.8671281280E-006
#      5   -12       1.3396008540E-003
#      5   -11       4.7835768579E-005
#      5   -10       3.7718154009E-002
#      5    -9       4.0702963716E-005
#      5    -8       9.4769686261E-004
#      5    -7       8.4840927367E-005
#      5    -6       3.0635910368E-005
#      5    -5       9.4826066309E-003
#      5    -4       1.3951380130E-004
#      5    -3       8.8554280069E-005
#      5    -2       1.8258565020E-003
#      5    -1       4.7398749825E-004
#      5     0       5.2863148037E-002
#      5     1       1.6974046134E-004
#      5     2       1.2620087999E-003
#      5     3       2.7529842554E-004
#      6   -25       2.1002512463E-004
#      6   -24       2.5130799345E-004
#      6   -23       1.0120335896E-004
#      6   -22       2.9756590714E-004
#      6   -21       2.4774380693E-004
#      6   -20       1.2382082782E-004
#      6   -19       7.8569480272E-005
#      6   -18       3.9721397857E-005
#      6   -17       1.0753643276E-004
#      6   -16       7.9769605882E-005
#      6   -15       1.6057156040E-004
#      6   -14       6.4421510738E-005
#      6   -13       3.9602671132E-005
#      6   -12       5.5116534928E-004
#      6   -11       1.9159583878E-004
#      6   -10       9.0612242624E-004
#      6    -9       1.5438879852E-003
#      6    -8       4.7563247174E-005
#      6    -7       1.5970132478E-004
#      6    -6       2.6079739160E-004
#      6    -5       7.1980255439E-004
#      6    -4       1.5453608030E-003
#      6    -3       3.3502621055E-004
#      6    -2       9.0872925215E-004
#      6    -1       1.2871138066E-004
#      6     0       1.1282617219E-003
#      6     1       1.2172310384E-003
#      6     2       2.6737961963E-004
#      7   -24       1.2021923384E-004
#      7   -23       5.3446665039E-004
#      7   -22       9.3233061401E-005
#      7   -21       4.6466503699E-004
#      7   -20       1.7842780528E-004
#      7   -19       3.0674206834E-004
#      7   -18       7.3226112152E-004
#      7   -17       1.8934153041E-004
#      7   -16       3.0525694916E-004
#      7   -15       2.6285686782E-004
#      7   -14       2.8546594267E-005
#      7   -13       5.6270465918E-004
#      7   -12       1.5507043670E-004
#      7   -11       2.1981881206E-003
#      7   -10       1.0509802655E-003
#      7    -9       1.2134084921E-004
#      7    -8       2.5207065905E-004
#      7    -7       6.0551821082E-005
#      7    -6       8.3438872545E-004
#      7    -5       1.7436597846E-003
#      7    -4       3.9515306219E-004
#      7    -3       1.9921038514E-003
#      7    -2       6.4244988684E-004
#      7    -1       1.8192961611E-003
#      7     0       2.8372213796E-004
#      8   -23       1.7064149076E-004
#      8   -22       2.8956311017E-004
#      8   -21       2.5005678180E-005
#      8   -20       1.5325780457E-004
#      8   -19       6.3492510634E-004
#      8   -18       6.5046538942E-005
#      8   -17       1.8584148264E-003
#      8   -16       2.4939328530E-004
#      8   -15       2.7542715766E-004
#      8   -14       1.8060928655E-004
#      8   -13       5.9127528935E-005
#      8   -12       6.2885796142E-004
#      8   -11       3.4954049162E-004
#      8   -10       4.7341019871E-004
#      8    -9       2.4676040117E-004
#      8    -8       1.2748042184E-004
#      8    -7       5.0720147031E-004
#      8    -6       2.4153839710E-004
#      8    -5       3.4948593817E-004
#      8    -4       4.2657390513E-004
#      8    -3       7.3257261413E-005
#      8    -2       1.7781643661E-003
#      9   -21       7.7258260745E-004
#      9   -20       7.9154526697E-005
#      9   -19       4.4726316528E-004
#      9   -18       1.3349674302E-004
#      9   -17       1.1263335635E-003
#      9   -16       6.9601922243E-004
#      9   -15       3.0805941500E-004
#      9   -14       1.2928300684E-004
#      9   -13       2.2082923896E-004
#      9   -12       7.9605935936E-005
#      9   -11       2.5292361453E-004
#      9   -10       1.7345268158E-004
#      9    -9       4.8792088112E-005
#      9    -8       3.0453655604E-004
#      9    -7       5.2223066581E-004
#      9    -6       9.4439541849E-004
#      9    -5       2.1085978948E-004
#     10   -19       9.0039989268E-005
#     10   -18       5.2895607092E-004
#     10   -17       7.3559653524E-004
#     10   -16       2.5409067167E-004
#     10   -15       1.5195845791E-002
#     10   -14       1.3757058591E-005
#     10   -13       4.1596861610E-004
#     10   -12       3.1130781025E-004
#     10   -11       2.6713308566E-004
#     10   -10       1.2035997100E-002
#     10    -9       7.1696260235E-006
#     10    -8       9.7288694247E-004
