 Diffraction intensities for potential:_5x5_03D10001.in                        
#    -45    11       4.7383525579E-006
#    -45    12       1.2048151504E-005
#    -45    13       1.3137186418E-005
#    -45    14       8.6944485158E-005
#    -45    15       9.4050369402E-005
#    -45    16       9.5228417336E-005
#    -44     7       3.8160361014E-005
#    -44     8       8.9964925702E-006
#    -44     9       1.4864083049E-006
#    -44    10       7.4745216541E-006
#    -44    11       9.9630194083E-006
#    -44    12       3.3924523190E-005
#    -44    13       1.7835746466E-005
#    -44    14       1.2322966515E-005
#    -44    15       8.7204655290E-006
#    -44    16       3.7385505650E-005
#    -44    17       3.4386157822E-005
#    -44    18       3.2855520718E-005
#    -44    19       2.1787050116E-006
#    -44    20       8.8448960902E-006
#    -43     4       1.6652667550E-006
#    -43     5       1.6594695889E-005
#    -43     6       3.3448901224E-005
#    -43     7       5.9107196826E-005
#    -43     8       3.4835527115E-005
#    -43     9       1.0095159014E-005
#    -43    10       4.2161415975E-005
#    -43    11       1.1551150447E-004
#    -43    12       1.4388237824E-004
#    -43    13       4.2056547793E-005
#    -43    14       1.3253279296E-005
#    -43    15       4.7913971531E-005
#    -43    16       9.6862024281E-005
#    -43    17       1.0160465486E-004
#    -43    18       9.0042370256E-005
#    -43    19       9.2950917947E-006
#    -43    20       4.7810806350E-005
#    -43    21       6.4682467935E-005
#    -43    22       1.0393891314E-004
#    -42     2       1.6966696637E-005
#    -42     3       5.7669359445E-005
#    -42     4       3.7414327349E-005
#    -42     5       1.5017820383E-005
#    -42     6       3.8162734957E-006
#    -42     7       3.1594560328E-005
#    -42     8       1.0999745964E-004
#    -42     9       1.1710883493E-004
#    -42    10       5.9635138692E-005
#    -42    11       1.0534660673E-005
#    -42    12       5.9542873994E-005
#    -42    13       1.6980214567E-004
#    -42    14       1.3409688426E-004
#    -42    15       6.0734865648E-005
#    -42    16       4.3668744511E-006
#    -42    17       3.7384423949E-005
#    -42    18       1.8334552790E-004
#    -42    19       2.0972706292E-004
#    -42    20       6.5100120231E-005
#    -42    21       1.9433940385E-005
#    -42    22       6.9640601337E-005
#    -42    23       6.5770785407E-005
#    -41     0       3.8190462921E-006
#    -41     1       3.3085087652E-007
#    -41     2       8.2002246216E-006
#    -41     3       3.4946086523E-005
#    -41     4       1.2311552789E-005
#    -41     5       1.3413167069E-006
#    -41     6       5.3262757962E-006
#    -41     7       2.7047562072E-005
#    -41     8       3.5287282109E-005
#    -41     9       3.1896921651E-005
#    -41    10       6.0858979071E-006
#    -41    11       7.4940641673E-006
#    -41    12       5.7372917530E-005
#    -41    13       9.7229713734E-005
#    -41    14       5.9620672642E-005
#    -41    15       8.2017339932E-006
#    -41    16       2.5897027898E-005
#    -41    17       7.6304565722E-005
#    -41    18       9.1095501039E-005
#    -41    19       4.9447124723E-005
#    -41    20       3.2308203103E-005
#    -41    21       8.3654174646E-006
#    -41    22       2.8908062104E-005
#    -41    23       4.9732398614E-005
#    -41    24       3.5102372139E-005
#    -40    -2       6.3285371804E-006
#    -40    -1       1.2302482709E-005
#    -40     0       1.3625313308E-004
#    -40     1       7.9505690959E-005
#    -40     2       2.2322251488E-005
#    -40     3       1.0025576470E-005
#    -40     4       1.0284595710E-004
#    -40     5       1.2357718903E-004
#    -40     6       8.5551976049E-005
#    -40     7       4.4277651428E-005
#    -40     8       3.9231211757E-005
#    -40     9       1.1424242081E-004
#    -40    10       3.0652752100E-004
#    -40    11       1.7742144558E-004
#    -40    12       6.5668285854E-005
#    -40    13       7.1590257205E-005
#    -40    14       2.9206103292E-004
#    -40    15       2.8692976754E-004
#    -40    16       2.2518030154E-004
#    -40    17       5.3062629192E-005
#    -40    18       9.3036622179E-005
#    -40    19       2.5908598897E-004
#    -40    20       2.6718598997E-004
#    -40    21       2.6754732492E-004
#    -40    22       3.8008359172E-005
#    -40    23       3.8421303332E-005
#    -40    24       1.1299516565E-004
#    -40    25       1.0805573328E-004
#    -39    -4       6.9050049002E-006
#    -39    -3       3.9682227385E-005
#    -39    -2       5.9046575489E-006
#    -39    -1       2.5582842809E-006
#    -39     0       4.8980143271E-006
#    -39     1       1.8503540814E-005
#    -39     2       3.3622881582E-005
#    -39     3       1.1363933689E-005
#    -39     4       2.5441183591E-006
#    -39     5       2.0683613993E-006
#    -39     6       1.9613028754E-005
#    -39     7       5.4261320165E-005
#    -39     8       3.7583278685E-005
#    -39     9       9.1326068452E-006
#    -39    10       1.3334045225E-005
#    -39    11       8.5631659906E-005
#    -39    12       1.1648183094E-004
#    -39    13       6.1594122481E-005
#    -39    14       2.3975039029E-005
#    -39    15       2.1552599270E-005
#    -39    16       5.4239021687E-005
#    -39    17       1.2904433992E-004
#    -39    18       1.2694889616E-004
#    -39    19       2.4793699879E-005
#    -39    20       3.1169308113E-005
#    -39    21       9.4485824380E-005
#    -39    22       5.9720308057E-005
#    -39    23       3.5013366979E-005
#    -39    24       4.9225460495E-006
#    -39    25       2.6270206533E-006
#    -39    26       8.0083391262E-006
#    -38    -5       1.7434021063E-005
#    -38    -4       5.1318208803E-005
#    -38    -3       7.9740162223E-005
#    -38    -2       3.4400107376E-005
#    -38    -1       2.8016509144E-006
#    -38     0       2.5967769469E-005
#    -38     1       5.3680564718E-005
#    -38     2       8.1712356768E-005
#    -38     3       4.7486908833E-005
#    -38     4       1.6335993370E-005
#    -38     5       7.5021329415E-005
#    -38     6       1.3529413494E-004
#    -38     7       1.4468095649E-004
#    -38     8       4.1719725899E-005
#    -38     9       1.4088109633E-005
#    -38    10       8.6535353027E-005
#    -38    11       2.4617257667E-004
#    -38    12       2.5659786435E-004
#    -38    13       1.3295743150E-004
#    -38    14       2.1207193159E-005
#    -38    15       1.3139896637E-004
#    -38    16       2.2957579674E-004
#    -38    17       2.7907485366E-004
#    -38    18       2.2405267152E-004
#    -38    19       8.7250882384E-006
#    -38    20       1.0574757473E-004
#    -38    21       2.9806357033E-004
#    -38    22       3.0399656883E-004
#    -38    23       7.5205957522E-005
#    -38    24       4.4826150731E-005
#    -38    25       5.9576412067E-005
#    -38    26       9.0218231253E-005
#    -37    -7       4.2938284332E-005
#    -37    -6       2.0601148466E-005
#    -37    -5       9.0461395410E-006
#    -37    -4       4.8794891816E-006
#    -37    -3       3.5753723696E-005
#    -37    -2       8.4787950581E-005
#    -37    -1       6.1911704495E-005
#    -37     0       2.8535367756E-005
#    -37     1       3.5212327154E-006
#    -37     2       4.8440749406E-005
#    -37     3       1.5910929740E-004
#    -37     4       1.7559342963E-004
#    -37     5       6.3623142574E-005
#    -37     6       1.4597998972E-005
#    -37     7       8.0458196688E-005
#    -37     8       1.7742771442E-004
#    -37     9       1.8446245324E-004
#    -37    10       8.3843143162E-005
#    -37    11       5.9066815639E-006
#    -37    12       7.9885223428E-005
#    -37    13       2.3224978902E-004
#    -37    14       2.1704561718E-004
#    -37    15       9.5793524833E-005
#    -37    16       1.3563550140E-005
#    -37    17       1.2705426234E-004
#    -37    18       3.5300482145E-004
#    -37    19       3.2308458133E-004
#    -37    20       1.1653889915E-004
#    -37    21       1.3269932718E-005
#    -37    22       9.4636232169E-005
#    -37    23       1.2370498207E-004
#    -37    24       2.0125871133E-004
#    -37    25       4.0005614054E-005
#    -37    26       1.4986949942E-005
#    -37    27       3.0498688046E-005
#    -36    -8       1.3324510488E-005
#    -36    -7       2.6956929554E-005
#    -36    -6       1.0707267758E-006
#    -36    -5       1.2610980392E-006
#    -36    -4       1.6575407992E-005
#    -36    -3       1.7702711025E-005
#    -36    -2       3.2084323963E-005
#    -36    -1       1.6518536158E-005
#    -36     0       9.8291180506E-006
#    -36     1       8.1142307571E-006
#    -36     2       3.1276557499E-005
#    -36     3       7.3917117505E-005
#    -36     4       3.8677877496E-005
#    -36     5       2.4079266204E-006
#    -36     6       7.3363374204E-006
#    -36     7       4.2384326940E-005
#    -36     8       5.9422758082E-005
#    -36     9       3.6401550708E-005
#    -36    10       3.2734299681E-006
#    -36    11       2.2763716896E-005
#    -36    12       7.6093635828E-005
#    -36    13       9.7731813116E-005
#    -36    14       4.3539933569E-005
#    -36    15       7.9937555145E-006
#    -36    16       3.5974845612E-005
#    -36    17       8.6821567146E-005
#    -36    18       1.0609466739E-004
#    -36    19       1.0303963766E-004
#    -36    20       3.7472106616E-005
#    -36    21       4.7413164248E-006
#    -36    22       7.4957987146E-005
#    -36    23       1.2300156615E-004
#    -36    24       3.4167526172E-005
#    -36    25       6.8178800517E-006
#    -36    26       2.8700330958E-005
#    -36    27       3.9634811670E-005
#    -35    -9       5.7882413769E-005
#    -35    -8       1.8325196229E-005
#    -35    -7       2.1022839169E-005
#    -35    -6       5.3029526992E-005
#    -35    -5       1.1934606233E-004
#    -35    -4       1.0713781637E-004
#    -35    -3       3.6168085389E-005
#    -35    -2       1.3942623919E-005
#    -35    -1       6.4521832796E-005
#    -35     0       2.3963202736E-004
#    -35     1       1.4091659884E-004
#    -35     2       4.5377430716E-005
#    -35     3       5.8036471931E-005
#    -35     4       1.8373057976E-004
#    -35     5       8.1067929709E-005
#    -35     6       1.4099901066E-004
#    -35     7       5.6011690981E-005
#    -35     8       5.8054543208E-005
#    -35     9       1.7008149147E-004
#    -35    10       4.7767401116E-004
#    -35    11       1.0222170990E-004
#    -35    12       3.1216821034E-005
#    -35    13       4.0523347300E-005
#    -35    14       1.5252717213E-004
#    -35    15       4.6508402619E-004
#    -35    16       2.0157122504E-004
#    -35    17       7.1233127976E-005
#    -35    18       8.3253544459E-005
#    -35    19       3.4282482962E-004
#    -35    20       4.2832530520E-004
#    -35    21       2.9613345166E-004
#    -35    22       2.8712996996E-005
#    -35    23       4.7905247540E-005
#    -35    24       2.2446533806E-004
#    -35    25       2.1621180833E-004
#    -35    26       4.4893084151E-004
#    -35    27       4.6907371032E-005
#    -34   -11       3.2270356644E-006
#    -34   -10       3.9696215555E-006
#    -34    -9       1.3282742711E-005
#    -34    -8       3.1056628586E-005
#    -34    -7       2.9453737156E-005
#    -34    -6       9.4489941874E-006
#    -34    -5       2.8293983480E-006
#    -34    -4       2.0758505398E-005
#    -34    -3       4.4525532454E-005
#    -34    -2       2.8188965709E-005
#    -34    -1       8.3876882124E-006
#    -34     0       1.2238780626E-005
#    -34     1       6.3976164750E-005
#    -34     2       9.5107918156E-005
#    -34     3       4.9398791147E-005
#    -34     4       7.1994928969E-006
#    -34     5       2.4928378376E-006
#    -34     6       3.1125088987E-005
#    -34     7       4.2269460432E-005
#    -34     8       1.7123956243E-005
#    -34     9       3.4878281682E-006
#    -34    10       1.5042198753E-005
#    -34    11       2.9814122340E-005
#    -34    12       3.5876502114E-005
#    -34    13       3.3926894598E-005
#    -34    14       2.9252960937E-005
#    -34    15       4.3468265886E-007
#    -34    16       4.4538203581E-005
#    -34    17       1.2566166210E-004
#    -34    18       8.4410184444E-005
#    -34    19       1.2709848473E-007
#    -34    20       3.8163197235E-005
#    -34    21       3.3181168591E-005
#    -34    22       5.4983127099E-005
#    -34    23       1.3511257944E-004
#    -34    24       6.5534726061E-005
#    -34    25       4.9134963562E-006
#    -34    26       1.0516580300E-004
#    -34    27       1.2645992007E-004
#    -33   -12       2.7036849168E-005
#    -33   -11       1.0059140389E-005
#    -33   -10       2.7990797847E-005
#    -33    -9       7.8271744280E-005
#    -33    -8       7.7731239382E-005
#    -33    -7       6.0589406133E-005
#    -33    -6       1.7303169498E-005
#    -33    -5       6.5747329561E-005
#    -33    -4       1.5489822291E-004
#    -33    -3       1.5171568940E-004
#    -33    -2       5.2001160078E-005
#    -33    -1       7.6243275108E-006
#    -33     0       8.9011453724E-005
#    -33     1       1.7678187250E-004
#    -33     2       1.8664262863E-004
#    -33     3       7.2861186266E-005
#    -33     4       1.0964180484E-005
#    -33     5       5.3503957772E-005
#    -33     6       1.1000769250E-004
#    -33     7       8.0182158024E-005
#    -33     8       2.4734414909E-005
#    -33     9       1.7622791519E-005
#    -33    10       8.3627518002E-005
#    -33    11       1.4625264007E-004
#    -33    12       1.3020011852E-004
#    -33    13       4.9162808875E-005
#    -33    14       4.2013175462E-006
#    -33    15       3.2893586164E-005
#    -33    16       1.3554655327E-004
#    -33    17       1.8978141558E-004
#    -33    18       8.5001778584E-005
#    -33    19       2.5344964538E-005
#    -33    20       6.8318209109E-005
#    -33    21       1.9284604629E-004
#    -33    22       2.4871287022E-004
#    -33    23       1.1194518108E-004
#    -33    24       5.5434336192E-006
#    -33    25       1.2475200370E-004
#    -33    26       2.3580998102E-004
#    -33    27       1.8779910515E-004
#    -32   -13       4.1784536225E-005
#    -32   -12       1.0647581375E-004
#    -32   -11       1.0511660144E-004
#    -32   -10       5.5125654925E-005
#    -32    -9       9.9672063439E-006
#    -32    -8       5.8747127572E-005
#    -32    -7       1.4737069945E-004
#    -32    -6       1.2203667506E-004
#    -32    -5       5.3259729658E-005
#    -32    -4       1.0684365190E-005
#    -32    -3       7.5109671939E-005
#    -32    -2       1.7761606943E-004
#    -32    -1       1.6413575725E-004
#    -32     0       6.7094850378E-005
#    -32     1       1.3019497145E-005
#    -32     2       9.4485921720E-005
#    -32     3       1.6511908053E-004
#    -32     4       1.2228490566E-004
#    -32     5       3.4620659724E-005
#    -32     6       6.9338413885E-006
#    -32     7       4.5494519561E-005
#    -32     8       9.4772571556E-005
#    -32     9       7.4274137727E-005
#    -32    10       1.6709926064E-005
#    -32    11       9.0854308529E-006
#    -32    12       5.6066218226E-005
#    -32    13       5.2951695935E-005
#    -32    14       4.5036592137E-005
#    -32    15       2.8503830959E-005
#    -32    16       1.2925487599E-005
#    -32    17       6.4455572926E-005
#    -32    18       1.9508603874E-004
#    -32    19       7.1014929696E-005
#    -32    20       1.9560190260E-005
#    -32    21       3.2447956387E-006
#    -32    22       5.8417356708E-005
#    -32    23       5.7325819012E-004
#    -32    24       3.2305871643E-004
#    -32    25       2.5890824349E-004
#    -32    26       2.5919301581E-005
#    -32    27       1.9378784829E-004
#    -32    28       1.4194306203E-004
#    -31   -14       3.3235357383E-006
#    -31   -13       1.7346085712E-005
#    -31   -12       6.8379470815E-005
#    -31   -11       3.4230258002E-005
#    -31   -10       7.1926644334E-006
#    -31    -9       1.5820095970E-005
#    -31    -8       4.4565426730E-005
#    -31    -7       7.5622928595E-005
#    -31    -6       3.3661356316E-005
#    -31    -5       4.7620103420E-006
#    -31    -4       1.2325127473E-005
#    -31    -3       4.5023610450E-005
#    -31    -2       7.6260449595E-005
#    -31    -1       4.0516959172E-005
#    -31     0       1.0688001550E-005
#    -31     1       2.6837183271E-005
#    -31     2       3.7870493900E-005
#    -31     3       2.4178740005E-005
#    -31     4       1.3249727530E-005
#    -31     5       4.9103158478E-006
#    -31     6       7.5182177601E-006
#    -31     7       2.2146277639E-005
#    -31     8       2.6366975957E-005
#    -31     9       7.9427418074E-006
#    -31    10       1.0388199075E-006
#    -31    11       1.4701112048E-005
#    -31    12       2.4410696849E-005
#    -31    13       1.2785359705E-005
#    -31    14       1.0071435347E-007
#    -31    15       4.4229351849E-006
#    -31    16       4.9352511904E-006
#    -31    17       4.9127458172E-006
#    -31    18       1.5970809288E-005
#    -31    19       1.5828035820E-005
#    -31    20       3.5970511896E-006
#    -31    21       1.5334393043E-005
#    -31    22       9.8654953831E-005
#    -31    23       9.5725881738E-005
#    -31    24       1.2898252811E-004
#    -31    25       3.5148578726E-005
#    -31    26       1.3661517165E-005
#    -31    27       1.9562687764E-005
#    -31    28       9.2241886956E-005
#    -30   -15       1.2571608992E-004
#    -30   -14       1.1654936743E-004
#    -30   -13       4.1221536183E-005
#    -30   -12       4.7195752977E-005
#    -30   -11       1.6033510083E-004
#    -30   -10       2.8177730050E-004
#    -30    -9       1.6636800125E-004
#    -30    -8       3.1811105175E-005
#    -30    -7       5.1280103820E-005
#    -30    -6       1.4654177664E-004
#    -30    -5       8.1019806764E-005
#    -30    -4       1.8569067924E-004
#    -30    -3       6.6490464054E-005
#    -30    -2       3.0964693312E-005
#    -30    -1       1.5419113570E-004
#    -30     0       7.9022131973E-004
#    -30     1       7.3820831081E-005
#    -30     2       2.6750819206E-005
#    -30     3       3.0140187907E-005
#    -30     4       4.5347388054E-005
#    -30     5       9.4093803579E-004
#    -30     6       4.6234141370E-005
#    -30     7       1.1615724206E-005
#    -30     8       3.7580482709E-005
#    -30     9       4.7075408412E-005
#    -30    10       8.7917071061E-004
#    -30    11       2.5284624956E-005
#    -30    12       1.5232886175E-005
#    -30    13       1.2540846262E-005
#    -30    14       1.6100821766E-005
#    -30    15       4.8605922421E-004
#    -30    16       6.2556449426E-006
#    -30    17       1.9189884863E-006
#    -30    18       1.6569456538E-005
#    -30    19       2.9006349853E-006
#    -30    20       1.5111442441E-005
#    -30    21       2.8383766638E-004
#    -30    22       1.0624662063E-004
#    -30    23       2.4183590894E-004
#    -30    24       6.2635316006E-004
#    -30    25       5.1335508064E-004
#    -30    26       2.9084705900E-004
#    -30    27       6.1593850403E-005
#    -30    28       1.2004265254E-005
#    -29   -16       4.5648015463E-006
#    -29   -15       8.9291827648E-006
#    -29   -14       2.8336047420E-005
#    -29   -13       7.2758686781E-005
#    -29   -12       6.1589189871E-005
#    -29   -11       5.3956855131E-006
#    -29   -10       1.1488201070E-005
#    -29    -9       4.2076018570E-005
#    -29    -8       6.7558736567E-005
#    -29    -7       5.4595042096E-005
#    -29    -6       1.4384466459E-005
#    -29    -5       5.9732593329E-006
#    -29    -4       2.5391190255E-005
#    -29    -3       5.3704085631E-005
#    -29    -2       4.2469468544E-005
#    -29    -1       4.7159022216E-006
#    -29     0       4.0534749985E-006
#    -29     1       1.7526058412E-005
#    -29     2       2.3176878692E-005
#    -29     3       1.5663104270E-005
#    -29     4       8.0497805131E-007
#    -29     5       1.0296253481E-005
#    -29     6       4.9289586280E-005
#    -29     7       4.7444983190E-005
#    -29     8       2.6060557649E-005
#    -29     9       9.1398420043E-006
#    -29    10       3.4695218511E-006
#    -29    11       2.8522402504E-005
#    -29    12       2.4680097382E-005
#    -29    13       1.5023872690E-005
#    -29    14       2.2228455642E-005
#    -29    15       1.5960583680E-005
#    -29    16       6.7133559130E-008
#    -29    17       5.3244471995E-006
#    -29    18       9.4257021746E-006
#    -29    19       2.1773600696E-005
#    -29    20       1.4910566203E-006
#    -29    21       8.4703037690E-005
#    -29    22       1.7401479628E-004
#    -29    23       1.7630835002E-004
#    -29    24       4.7963119393E-006
#    -29    25       3.1047759435E-005
#    -29    26       7.2347887797E-005
#    -29    27       5.1470083041E-005
#    -28   -16       4.0946120530E-006
#    -28   -15       6.4944145348E-005
#    -28   -14       1.6613328997E-004
#    -28   -13       1.8588559204E-004
#    -28   -12       9.0777724711E-005
#    -28   -11       1.1910535291E-005
#    -28   -10       8.0279599005E-005
#    -28    -9       1.8076853286E-004
#    -28    -8       1.4565707484E-004
#    -28    -7       5.2178329759E-005
#    -28    -6       8.0425090842E-006
#    -28    -5       2.7844511374E-005
#    -28    -4       7.2266572199E-005
#    -28    -3       7.6309759260E-005
#    -28    -2       1.8932247303E-005
#    -28    -1       1.3133911267E-005
#    -28     0       4.7197294118E-005
#    -28     1       8.9246396547E-005
#    -28     2       8.0995633937E-005
#    -28     3       1.4810800065E-005
#    -28     4       3.6655142018E-006
#    -28     5       5.5777960321E-005
#    -28     6       1.1623304710E-004
#    -28     7       8.1588543838E-005
#    -28     8       1.4753593547E-005
#    -28     9       1.1864902779E-005
#    -28    10       5.4171380861E-005
#    -28    11       2.4472088003E-004
#    -28    12       3.4841051994E-004
#    -28    13       1.3051831304E-004
#    -28    14       1.1810160593E-005
#    -28    15       3.6001748832E-005
#    -28    16       4.3127127515E-005
#    -28    17       1.0500293122E-005
#    -28    18       2.5679523301E-005
#    -28    19       6.5202752659E-006
#    -28    20       6.0211239169E-005
#    -28    21       1.9053518190E-004
#    -28    22       3.9229437014E-004
#    -28    23       1.3044126771E-004
#    -28    24       1.2811074966E-005
#    -28    25       1.2417826981E-004
#    -28    26       2.6683293900E-004
#    -28    27       1.5729077701E-004
#    -27   -17       6.6086088413E-005
#    -27   -16       9.9653224101E-005
#    -27   -15       4.5002835403E-005
#    -27   -14       1.3288647383E-005
#    -27   -13       1.2630741272E-004
#    -27   -12       2.5474395250E-004
#    -27   -11       2.3495955945E-004
#    -27   -10       7.2195993708E-005
#    -27    -9       4.8112254369E-006
#    -27    -8       7.8094617732E-005
#    -27    -7       1.1465504647E-004
#    -27    -6       8.3762502647E-005
#    -27    -5       3.3935113966E-005
#    -27    -4       1.1184341260E-006
#    -27    -3       2.7348570042E-005
#    -27    -2       8.6194091357E-005
#    -27    -1       1.0814941341E-004
#    -27     0       6.0809770768E-005
#    -27     1       1.2793793090E-005
#    -27     2       5.3729956638E-005
#    -27     3       1.1495657384E-004
#    -27     4       9.4488177834E-005
#    -27     5       3.6720451947E-005
#    -27     6       3.5838082536E-007
#    -27     7       1.6583797146E-005
#    -27     8       7.5233976224E-005
#    -27     9       1.3405499790E-004
#    -27    10       9.0616114902E-005
#    -27    11       3.6536638541E-005
#    -27    12       2.0980250446E-004
#    -27    13       2.9789867304E-004
#    -27    14       1.9300586029E-004
#    -27    15       5.9275726987E-005
#    -27    16       1.1367389031E-005
#    -27    17       1.2339102540E-005
#    -27    18       4.9887288572E-005
#    -27    19       1.1283920917E-004
#    -27    20       6.4707920612E-005
#    -27    21       3.4139282024E-005
#    -27    22       2.6302660229E-004
#    -27    23       4.5693443722E-004
#    -27    24       4.1518232772E-004
#    -27    25       1.4203961963E-004
#    -27    26       2.3228269669E-005
#    -27    27       1.0332402150E-004
#    -26   -18       2.6534826012E-005
#    -26   -17       6.4821686034E-005
#    -26   -16       4.6056903869E-005
#    -26   -15       9.0673896007E-006
#    -26   -14       1.0147406265E-005
#    -26   -13       4.5044246460E-005
#    -26   -12       1.0242283991E-004
#    -26   -11       5.2272737677E-005
#    -26   -10       5.0325789082E-006
#    -26    -9       2.0911463940E-005
#    -26    -8       3.2258959879E-005
#    -26    -7       3.5862353587E-005
#    -26    -6       1.6215759741E-005
#    -26    -5       6.8460205584E-006
#    -26    -4       9.2251479180E-006
#    -26    -3       2.1615365348E-005
#    -26    -2       3.5894325574E-005
#    -26    -1       1.7464645075E-005
#    -26     0       4.8403755943E-006
#    -26     1       1.0847903185E-005
#    -26     2       7.8339119506E-006
#    -26     3       3.8029812394E-005
#    -26     4       7.2090158607E-005
#    -26     5       3.8273894909E-005
#    -26     6       1.3379808802E-005
#    -26     7       1.4078135753E-005
#    -26     8       9.0548616313E-006
#    -26     9       3.4134737577E-005
#    -26    10       1.8388546779E-005
#    -26    11       1.0892936335E-005
#    -26    12       1.4056436121E-004
#    -26    13       2.0746361280E-004
#    -26    14       6.8002444269E-005
#    -26    15       2.7524386721E-006
#    -26    16       5.3240870093E-006
#    -26    17       7.7837169594E-006
#    -26    18       2.1534870639E-006
#    -26    19       2.7144762510E-005
#    -26    20       1.7603374062E-005
#    -26    21       2.1116274019E-005
#    -26    22       6.8600752346E-005
#    -26    23       1.2568255619E-004
#    -26    24       3.2302677695E-005
#    -26    25       6.3404881638E-005
#    -26    26       1.1703349033E-005
#    -26    27       1.7459003731E-004
#    -25   -19       5.3284544803E-005
#    -25   -18       4.6219969399E-005
#    -25   -17       4.6189266857E-005
#    -25   -16       2.8337804898E-004
#    -25   -15       3.6151603262E-004
#    -25   -14       3.1066089760E-004
#    -25   -13       9.2788790413E-005
#    -25   -12       7.3371051312E-005
#    -25   -11       2.0701410403E-004
#    -25   -10       4.8642710395E-004
#    -25    -9       8.4766102448E-005
#    -25    -8       1.0038958399E-005
#    -25    -7       1.3624200515E-005
#    -25    -6       3.5495119148E-005
#    -25    -5       9.4905005740E-004
#    -25    -4       5.2680712619E-005
#    -25    -3       6.6784585207E-006
#    -25    -2       1.4754469381E-005
#    -25    -1       5.0214436678E-005
#    -25     0       2.1054645808E-003
#    -25     1       3.3175262644E-006
#    -25     2       2.5384918445E-006
#    -25     3       8.1381970717E-006
#    -25     4       5.9673077192E-005
#    -25     5       3.8761371417E-003
#    -25     6       1.2604790003E-004
#    -25     7       6.2194744626E-005
#    -25     8       3.2825374294E-005
#    -25     9       4.8737508767E-005
#    -25    10       5.1395338875E-003
#    -25    11       1.0748985056E-004
#    -25    12       5.9693602906E-005
#    -25    13       4.8647976169E-005
#    -25    14       9.8354986870E-005
#    -25    15       2.7847198473E-003
#    -25    16       8.3679469902E-005
#    -25    17       2.9678003518E-005
#    -25    18       2.0597013954E-005
#    -25    19       1.4157697538E-004
#    -25    20       1.5882319621E-003
#    -25    21       3.0176826451E-004
#    -25    22       6.7734011310E-005
#    -25    23       1.7517980788E-004
#    -25    24       3.3397745521E-004
#    -25    25       1.2800753412E-004
#    -25    26       2.9184150654E-004
#    -25    27       1.8336275869E-005
#    -24   -20       3.1729101531E-006
#    -24   -19       6.0576895399E-005
#    -24   -18       7.8421648359E-005
#    -24   -17       5.2866600916E-005
#    -24   -16       1.5514216362E-005
#    -24   -15       1.4311229586E-005
#    -24   -14       9.3480810610E-005
#    -24   -13       1.0811110779E-004
#    -24   -12       4.4719587776E-005
#    -24   -11       4.9420835324E-006
#    -24   -10       3.5163276742E-006
#    -24    -9       1.4946836215E-005
#    -24    -8       1.9591072371E-005
#    -24    -7       1.8451485535E-005
#    -24    -6       1.0012729568E-005
#    -24    -5       1.0785232095E-005
#    -24    -4       3.3651683022E-005
#    -24    -3       5.2849959933E-005
#    -24    -2       2.3211432167E-005
#    -24    -1       1.0130605840E-007
#    -24     0       1.1185507390E-005
#    -24     1       3.2736551950E-005
#    -24     2       4.0746579394E-005
#    -24     3       3.6909919464E-005
#    -24     4       2.2735470613E-005
#    -24     5       9.4846797877E-006
#    -24     6       6.6309091281E-006
#    -24     7       7.6167748951E-006
#    -24     8       1.3062815408E-005
#    -24     9       3.3189457366E-006
#    -24    10       8.5392077208E-006
#    -24    11       6.2103434372E-005
#    -24    12       8.6478673214E-005
#    -24    13       4.7099839624E-005
#    -24    14       2.3803005072E-005
#    -24    15       6.9316617129E-006
#    -24    16       7.0338892786E-006
#    -24    17       4.7500938722E-006
#    -24    18       3.5768125077E-005
#    -24    19       9.7972822271E-006
#    -24    20       3.6916264576E-005
#    -24    21       2.1409062282E-004
#    -24    22       2.5668934424E-004
#    -24    23       6.3373008985E-005
#    -24    24       9.5633437905E-007
#    -24    25       3.4597881156E-005
#    -24    26       9.9148183144E-005
#    -23   -20       4.5558471479E-005
#    -23   -19       1.9201745608E-004
#    -23   -18       2.4217235996E-004
#    -23   -17       1.1865106023E-004
#    -23   -16       2.7588882696E-005
#    -23   -15       1.7107373237E-004
#    -23   -14       2.8755312471E-004
#    -23   -13       1.9409019488E-004
#    -23   -12       6.1246808137E-005
#    -23   -11       9.6626716325E-006
#    -23   -10       5.4373208470E-005
#    -23    -9       7.0545000594E-005
#    -23    -8       4.4462735382E-005
#    -23    -7       2.6529137685E-005
#    -23    -6       2.3289352422E-006
#    -23    -5       1.9300990961E-005
#    -23    -4       6.6244428136E-005
#    -23    -3       4.5979687933E-005
#    -23    -2       1.4007037280E-005
#    -23    -1       2.1896643483E-006
#    -23     0       1.0532900512E-004
#    -23     1       3.7222436641E-004
#    -23     2       3.4901805679E-004
#    -23     3       1.4613685769E-004
#    -23     4       3.7469993383E-005
#    -23     5       2.3792096291E-005
#    -23     6       5.3375094322E-005
#    -23     7       9.9928875536E-005
#    -23     8       8.3255731296E-005
#    -23     9       1.9965707605E-005
#    -23    10       7.1151441616E-005
#    -23    11       3.5922221240E-004
#    -23    12       4.7932352162E-004
#    -23    13       2.4962709310E-004
#    -23    14       2.1986664128E-005
#    -23    15       4.6310233993E-005
#    -23    16       8.5217162169E-005
#    -23    17       7.5053693560E-005
#    -23    18       5.1908913499E-005
#    -23    19       1.1067998173E-005
#    -23    20       2.5051286041E-004
#    -23    21       3.9260538089E-004
#    -23    22       4.2675032563E-004
#    -23    23       1.9687566612E-004
#    -23    24       1.2090410389E-005
#    -23    25       1.9131120249E-004
#    -23    26       2.4053478298E-004
#    -22   -21       5.4062634770E-005
#    -22   -20       6.4384626435E-005
#    -22   -19       4.9860133715E-006
#    -22   -18       1.1388530246E-004
#    -22   -17       2.6060355070E-004
#    -22   -16       2.5821832647E-004
#    -22   -15       8.6607968016E-005
#    -22   -14       1.4799462315E-005
#    -22   -13       7.9769303189E-005
#    -22   -12       1.1567557169E-004
#    -22   -11       8.4732932453E-005
#    -22   -10       1.6246586829E-005
#    -22    -9       2.1475864916E-006
#    -22    -8       1.8240756684E-005
#    -22    -7       6.7609939298E-005
#    -22    -6       1.3840489865E-004
#    -22    -5       9.4644122203E-005
#    -22    -4       9.5622325200E-006
#    -22    -3       6.2746493419E-006
#    -22    -2       8.5578360290E-005
#    -22    -1       2.3403598651E-004
#    -22     0       1.3255015439E-004
#    -22     1       1.8376393670E-005
#    -22     2       9.8485849196E-005
#    -22     3       9.9648026907E-005
#    -22     4       3.1888176984E-005
#    -22     5       6.0912641895E-006
#    -22     6       3.0061378302E-006
#    -22     7       7.9851437793E-005
#    -22     8       2.9596811841E-004
#    -22     9       4.1435733028E-004
#    -22    10       1.7962211887E-004
#    -22    11       3.9625595575E-005
#    -22    12       2.3736777504E-004
#    -22    13       5.1632806211E-004
#    -22    14       4.3435794098E-004
#    -22    15       1.4229358710E-004
#    -22    16       4.3806282722E-005
#    -22    17       8.7677414372E-005
#    -22    18       2.7862940809E-004
#    -22    19       2.3103984749E-004
#    -22    20       2.1981053948E-004
#    -22    21       3.3249373033E-005
#    -22    22       3.5504005242E-004
#    -22    23       1.4939545308E-004
#    -22    24       3.6494925523E-004
#    -22    25       6.4414012930E-005
#    -22    26       1.9061508075E-005
#    -21   -22       3.4891446180E-005
#    -21   -21       3.1532041030E-005
#    -21   -20       2.1641836359E-005
#    -21   -19       2.4308772293E-005
#    -21   -18       1.3791345609E-004
#    -21   -17       1.5427736758E-004
#    -21   -16       8.6767296808E-005
#    -21   -15       9.9853433729E-006
#    -21   -14       7.8344412763E-006
#    -21   -13       3.5940874419E-005
#    -21   -12       3.4674783761E-005
#    -21   -11       1.1131152597E-005
#    -21   -10       6.9476614377E-008
#    -21    -9       7.3528538794E-006
#    -21    -8       1.3892420279E-005
#    -21    -7       5.5611943050E-005
#    -21    -6       7.1116966451E-005
#    -21    -5       3.3563869757E-005
#    -21    -4       3.5563234561E-006
#    -21    -3       1.6638199308E-005
#    -21    -2       7.4321131991E-005
#    -21    -1       6.1686394995E-005
#    -21     0       2.1895775560E-006
#    -21     1       3.6616581398E-005
#    -21     2       4.2430035710E-005
#    -21     3       6.5905240929E-006
#    -21     4       1.8978268907E-005
#    -21     5       3.2772223687E-005
#    -21     6       3.7511948420E-005
#    -21     7       6.1450349475E-005
#    -21     8       1.0885669135E-004
#    -21     9       1.1902580419E-004
#    -21    10       3.2045051020E-005
#    -21    11       4.6107530109E-005
#    -21    12       2.4389157745E-004
#    -21    13       2.4842073892E-004
#    -21    14       1.4611537569E-004
#    -21    15       1.2128557268E-005
#    -21    16       7.9482833957E-006
#    -21    17       3.3361073181E-005
#    -21    18       7.7819516525E-005
#    -21    19       2.5063222301E-005
#    -21    20       3.7575114230E-005
#    -21    21       9.5462920720E-006
#    -21    22       2.0682723486E-004
#    -21    23       1.8242106839E-004
#    -21    24       2.2085942636E-004
#    -21    25       2.8113031504E-006
#    -20   -22       1.2149542390E-005
#    -20   -21       1.8495323238E-004
#    -20   -20       2.1042512851E-004
#    -20   -19       1.7136164649E-004
#    -20   -18       1.1580863049E-004
#    -20   -17       1.0362329814E-004
#    -20   -16       3.7386228359E-004
#    -20   -15       5.1501057348E-004
#    -20   -14       1.2624017578E-004
#    -20   -13       3.7583417205E-005
#    -20   -12       5.2323970210E-005
#    -20   -11       5.5667400029E-005
#    -20   -10       8.5679532294E-004
#    -20    -9       1.7055740197E-005
#    -20    -8       2.5325769734E-005
#    -20    -7       1.3533938272E-005
#    -20    -6       7.3789404187E-005
#    -20    -5       4.2286609566E-003
#    -20    -4       4.2174915796E-005
#    -20    -3       3.4736953236E-005
#    -20    -2       9.9510722634E-005
#    -20    -1       2.6852206710E-004
#    -20     0       1.2908219573E-002
#    -20     1       5.5783350818E-005
#    -20     2       1.2342094615E-005
#    -20     3       4.9254089368E-006
#    -20     4       6.7008329706E-005
#    -20     5       1.2897386321E-002
#    -20     6       3.0058348037E-004
#    -20     7       1.3365250329E-004
#    -20     8       9.5277264143E-005
#    -20     9       3.2095929766E-004
#    -20    10       8.0166906959E-003
#    -20    11       5.8300182564E-004
#    -20    12       1.3971306327E-004
#    -20    13       1.0601659337E-004
#    -20    14       3.6304251314E-004
#    -20    15       1.8152834396E-003
#    -20    16       5.4395820014E-005
#    -20    17       3.7774607860E-005
#    -20    18       5.0307205100E-005
#    -20    19       7.7292371436E-005
#    -20    20       2.6842091545E-003
#    -20    21       3.8983812129E-004
#    -20    22       5.5399310932E-005
#    -20    23       4.3912321034E-005
#    -20    24       2.1581844700E-004
#    -20    25       1.0149460764E-003
#    -19   -23       3.0455758067E-005
#    -19   -22       5.1575787843E-005
#    -19   -21       1.7824471990E-005
#    -19   -20       1.0816187288E-005
#    -19   -19       8.1258099808E-005
#    -19   -18       1.3537733582E-004
#    -19   -17       7.9940623981E-005
#    -19   -16       1.5883305112E-005
#    -19   -15       1.6034247757E-005
#    -19   -14       4.9841488542E-005
#    -19   -13       2.2094040235E-005
#    -19   -12       1.8869069634E-006
#    -19   -11       6.0674103624E-006
#    -19   -10       2.2088867165E-007
#    -19    -9       8.1379891709E-006
#    -19    -8       4.5756757201E-005
#    -19    -7       5.2560067291E-005
#    -19    -6       1.2530444264E-005
#    -19    -5       1.2356675915E-006
#    -19    -4       1.0304956328E-005
#    -19    -3       3.7575558596E-005
#    -19    -2       3.3272315773E-005
#    -19    -1       6.2876077005E-006
#    -19     0       3.3702760393E-006
#    -19     1       1.3560428625E-005
#    -19     2       3.7147751212E-005
#    -19     3       7.7778976105E-005
#    -19     4       5.5256257199E-005
#    -19     5       1.1931948279E-005
#    -19     6       2.2957595983E-007
#    -19     7       3.8846207755E-006
#    -19     8       2.6111619233E-005
#    -19     9       2.9890185420E-005
#    -19    10       1.4474293136E-005
#    -19    11       4.4088202758E-005
#    -19    12       8.9476950641E-005
#    -19    13       1.1940931151E-004
#    -19    14       3.5933101861E-005
#    -19    15       1.4461642236E-005
#    -19    16       8.9857137788E-005
#    -19    17       1.4525738945E-004
#    -19    18       5.4536610925E-005
#    -19    19       3.4888205174E-005
#    -19    20       1.0791989292E-005
#    -19    21       1.2098682593E-005
#    -19    22       1.3954982660E-004
#    -19    23       6.5150240216E-005
#    -19    24       1.0206370673E-005
#    -19    25       4.2550270424E-005
#    -18   -23       9.0488557335E-005
#    -18   -22       6.9119213834E-006
#    -18   -21       1.1560203362E-005
#    -18   -20       7.9325538234E-005
#    -18   -19       2.3013091749E-004
#    -18   -18       2.3478728693E-004
#    -18   -17       5.2092502256E-005
#    -18   -16       2.4317616717E-005
#    -18   -15       6.1604750292E-005
#    -18   -14       5.3764703767E-005
#    -18   -13       1.4906670282E-005
#    -18   -12       5.0036859349E-005
#    -18   -11       1.4995265932E-005
#    -18   -10       2.6231921457E-005
#    -18    -9       1.2032828756E-004
#    -18    -8       1.2526896621E-004
#    -18    -7       5.0537071241E-005
#    -18    -6       1.6842035669E-005
#    -18    -5       3.5268631907E-005
#    -18    -4       1.0647037297E-004
#    -18    -3       5.7019460050E-005
#    -18    -2       5.9455393184E-006
#    -18    -1       1.5676891821E-005
#    -18     0       1.4614443301E-004
#    -18     1       6.1282178430E-004
#    -18     2       6.8249817551E-004
#    -18     3       2.1647963992E-004
#    -18     4       4.0310489905E-005
#    -18     5       6.1082381708E-005
#    -18     6       2.0968451226E-004
#    -18     7       3.0909537702E-004
#    -18     8       1.1404683169E-004
#    -18     9       2.7043621239E-005
#    -18    10       1.7554090770E-004
#    -18    11       9.7764012518E-005
#    -18    12       1.0062406311E-004
#    -18    13       6.7148941777E-005
#    -18    14       2.9459901637E-005
#    -18    15       8.1897605513E-005
#    -18    16       3.2298164526E-004
#    -18    17       2.5962660213E-004
#    -18    18       1.9012581178E-005
#    -18    19       2.9568616350E-006
#    -18    20       2.3248592718E-005
#    -18    21       3.2496959791E-004
#    -18    22       4.6650585066E-004
#    -18    23       5.1642023194E-005
#    -18    24       6.9219344116E-006
#    -17   -24       2.4395690208E-005
#    -17   -23       5.6618312689E-005
#    -17   -22       1.7908667813E-004
#    -17   -21       2.0621570743E-004
#    -17   -20       1.0645309904E-004
#    -17   -19       3.5468417514E-005
#    -17   -18       7.0555200492E-005
#    -17   -17       1.7198316689E-004
#    -17   -16       1.0470790554E-004
#    -17   -15       1.1476522645E-005
#    -17   -14       9.1185823190E-006
#    -17   -13       1.3611161690E-005
#    -17   -12       1.4946585407E-004
#    -17   -11       2.9716617989E-004
#    -17   -10       1.5513737202E-004
#    -17    -9       2.9587516321E-005
#    -17    -8       4.2647704852E-005
#    -17    -7       1.8746701817E-006
#    -17    -6       4.4150393346E-005
#    -17    -5       6.1495449080E-005
#    -17    -4       5.1547930355E-006
#    -17    -3       4.1199927008E-005
#    -17    -2       1.5732513965E-004
#    -17    -1       4.5795143399E-004
#    -17     0       3.5324216513E-004
#    -17     1       7.1023051487E-005
#    -17     2       3.6741383490E-004
#    -17     3       6.7429876398E-004
#    -17     4       4.5858186142E-004
#    -17     5       1.3718184852E-004
#    -17     6       5.4203918011E-005
#    -17     7       4.2389611268E-004
#    -17     8       8.4028944539E-004
#    -17     9       5.0138750123E-004
#    -17    10       9.9811501408E-005
#    -17    11       1.8103147535E-005
#    -17    12       9.1340768130E-006
#    -17    13       5.9235722350E-005
#    -17    14       6.2886725313E-005
#    -17    15       2.9200452110E-005
#    -17    16       4.5009266639E-006
#    -17    17       5.1179500951E-006
#    -17    18       5.2603667407E-005
#    -17    19       3.4685522700E-005
#    -17    20       1.0207192785E-004
#    -17    21       2.5715918466E-005
#    -17    22       3.1973491410E-005
#    -17    23       3.1523527534E-004
#    -17    24       1.0219416858E-003
#    -16   -24       2.5959688018E-006
#    -16   -23       8.2922893513E-005
#    -16   -22       8.0754295846E-005
#    -16   -21       5.6040602809E-005
#    -16   -20       3.0553504158E-005
#    -16   -19       3.6096971279E-005
#    -16   -18       9.5669462101E-005
#    -16   -17       7.4506162257E-005
#    -16   -16       6.1136379699E-006
#    -16   -15       4.3780701835E-006
#    -16   -14       5.0423741729E-007
#    -16   -13       2.2450847385E-005
#    -16   -12       1.1868958584E-004
#    -16   -11       1.0219724166E-004
#    -16   -10       1.6014730656E-005
#    -16    -9       5.0278508417E-006
#    -16    -8       5.2651501209E-006
#    -16    -7       5.6316160412E-005
#    -16    -6       8.0078323997E-005
#    -16    -5       2.8449387405E-005
#    -16    -4       1.7006745992E-005
#    -16    -3       1.1738601441E-005
#    -16    -2       2.5373529148E-004
#    -16    -1       4.2244390032E-004
#    -16     0       7.0290747250E-005
#    -16     1       1.3383578056E-004
#    -16     2       4.4831882981E-004
#    -16     3       2.5237935023E-004
#    -16     4       1.3400888864E-004
#    -16     5       1.0202120617E-004
#    -16     6       8.5959404937E-005
#    -16     7       3.0590208722E-004
#    -16     8       2.3906611900E-004
#    -16     9       3.8589086466E-005
#    -16    10       6.4383642111E-007
#    -16    11       1.6073331488E-005
#    -16    12       1.0910841180E-004
#    -16    13       1.1525564942E-005
#    -16    14       2.9256931805E-005
#    -16    15       4.9462784366E-006
#    -16    16       2.7507116659E-006
#    -16    17       1.0045165880E-005
#    -16    18       8.2232603178E-005
#    -16    19       1.4747940276E-004
#    -16    20       2.7079943814E-005
#    -16    21       1.0519941676E-005
#    -16    22       1.5133378330E-004
#    -16    23       8.7804927253E-005
#    -15   -25       1.3783127920E-004
#    -15   -24       3.0380776468E-004
#    -15   -23       2.9028194771E-005
#    -15   -22       5.3898117825E-005
#    -15   -21       2.7110252818E-004
#    -15   -20       3.4857453573E-004
#    -15   -19       1.0552632491E-004
#    -15   -18       2.8162314831E-005
#    -15   -17       1.8473058341E-005
#    -15   -16       1.5810723468E-005
#    -15   -15       5.9822863497E-004
#    -15   -14       2.9043352809E-004
#    -15   -13       1.5882766085E-004
#    -15   -12       9.8126768423E-005
#    -15   -11       2.5515910564E-004
#    -15   -10       5.5989337245E-003
#    -15    -9       6.6918800932E-005
#    -15    -8       2.8239071544E-005
#    -15    -7       1.4248668347E-005
#    -15    -6       2.1910275701E-004
#    -15    -5       1.2981124969E-002
#    -15    -4       1.9198026023E-004
#    -15    -3       1.4377883345E-004
#    -15    -2       3.9034322999E-004
#    -15    -1       1.7292565734E-003
#    -15     0       2.3215112264E-002
#    -15     1       1.6885035847E-003
#    -15     2       2.8579172442E-004
#    -15     3       2.5520875349E-004
#    -15     4       5.7049203283E-004
#    -15     5       2.3915519045E-002
#    -15     6       6.1563888778E-004
#    -15     7       9.2956999488E-005
#    -15     8       7.8015338395E-006
#    -15     9       9.4078106269E-006
#    -15    10       1.3373891671E-002
#    -15    11       5.1206787478E-004
#    -15    12       6.3084491291E-005
#    -15    13       1.6232976607E-005
#    -15    14       7.9081397770E-005
#    -15    15       1.4965284015E-002
#    -15    16       2.0071627379E-006
#    -15    17       5.2841634116E-005
#    -15    18       1.4024193294E-004
#    -15    19       1.6905882044E-004
#    -15    20       1.0237570227E-003
#    -15    21       8.9171355175E-004
#    -15    22       1.9735208462E-004
#    -15    23       9.3908907878E-005
#    -14   -25       4.1931497773E-005
#    -14   -24       8.8445309099E-005
#    -14   -23       7.9146426127E-005
#    -14   -22       5.3433774631E-005
#    -14   -21       9.0002450749E-006
#    -14   -20       1.5762656190E-005
#    -14   -19       4.9284012032E-005
#    -14   -18       7.1976463963E-005
#    -14   -17       1.7722714209E-005
#    -14   -16       6.0718043573E-006
#    -14   -15       4.5476578012E-006
#    -14   -14       6.7557909804E-005
#    -14   -13       1.4804197827E-004
#    -14   -12       1.0353700334E-004
#    -14   -11       1.1297536778E-005
#    -14   -10       3.0225009855E-006
#    -14    -9       2.5916854567E-005
#    -14    -8       9.4349531052E-005
#    -14    -7       1.1123387538E-004
#    -14    -6       5.2117229112E-005
#    -14    -5       4.6109827506E-006
#    -14    -4       3.7637403190E-005
#    -14    -3       1.7136014775E-004
#    -14    -2       2.5266177255E-004
#    -14    -1       1.5625727077E-004
#    -14     0       1.2044496027E-004
#    -14     1       2.5482021178E-004
#    -14     2       2.8188264169E-004
#    -14     3       7.0659509863E-005
#    -14     4       6.6838655244E-006
#    -14     5       5.7292990124E-005
#    -14     6       1.3012437702E-004
#    -14     7       1.0312003592E-004
#    -14     8       4.0613703989E-005
#    -14     9       1.4709012366E-005
#    -14    10       2.3912846323E-005
#    -14    11       9.3939720145E-005
#    -14    12       1.6495325000E-004
#    -14    13       6.4330859934E-005
#    -14    14       2.1794794396E-005
#    -14    15       5.5013509054E-006
#    -14    16       8.0939835100E-005
#    -14    17       1.9836211719E-004
#    -14    18       6.7491064755E-005
#    -14    19       6.8927637081E-005
#    -14    20       4.3674863484E-005
#    -14    21       4.1149652554E-004
#    -14    22       1.0183743992E-004
#    -13   -26       7.7469910652E-007
#    -13   -25       9.4865782442E-005
#    -13   -24       2.8670613484E-004
#    -13   -23       2.6768425164E-004
#    -13   -22       8.8865423438E-005
#    -13   -21       5.2846491628E-006
#    -13   -20       3.2322982233E-005
#    -13   -19       4.7927923504E-005
#    -13   -18       1.4023894178E-005
#    -13   -17       5.4132647066E-006
#    -13   -16       1.5064971325E-005
#    -13   -15       6.6647948522E-005
#    -13   -14       3.1550044361E-004
#    -13   -13       3.6086526485E-004
#    -13   -12       1.7369604111E-004
#    -13   -11       1.8270071204E-005
#    -13   -10       1.0056421978E-004
#    -13    -9       4.7297682243E-004
#    -13    -8       4.2857819262E-004
#    -13    -7       1.3196505696E-004
#    -13    -6       3.1620299556E-005
#    -13    -5       1.0697204672E-004
#    -13    -4       5.7915463289E-004
#    -13    -3       9.9253196338E-004
#    -13    -2       4.6173794004E-004
#    -13    -1       4.8888868874E-005
#    -13     0       2.6527579891E-004
#    -13     1       1.1535882576E-004
#    -13     2       1.8403999064E-006
#    -13     3       3.1276435498E-005
#    -13     4       2.9636401496E-005
#    -13     5       1.8024526569E-004
#    -13     6       5.8439886283E-004
#    -13     7       5.2753492837E-004
#    -13     8       1.5455515197E-004
#    -13     9       6.1503082656E-005
#    -13    10       4.0754215302E-004
#    -13    11       8.2358668056E-004
#    -13    12       5.5245576854E-004
#    -13    13       1.3007949180E-004
#    -13    14       2.1544165180E-005
#    -13    15       1.6538092572E-004
#    -13    16       5.9979600979E-004
#    -13    17       2.9187760374E-004
#    -13    18       5.4271177137E-005
#    -13    19       1.2645869729E-005
#    -13    20       1.9109256363E-004
#    -13    21       4.0513404491E-004
#    -12   -26       1.3602321854E-004
#    -12   -25       7.3981375404E-005
#    -12   -24       8.8725145741E-006
#    -12   -23       1.5098326013E-004
#    -12   -22       3.2178948343E-004
#    -12   -21       1.8216783801E-004
#    -12   -20       4.3168744153E-005
#    -12   -19       1.2302607512E-005
#    -12   -18       5.9491707289E-006
#    -12   -17       1.2126049748E-005
#    -12   -16       8.3990095585E-005
#    -12   -15       8.5978520022E-005
#    -12   -14       1.4552452787E-005
#    -12   -13       4.5286778820E-005
#    -12   -12       3.0125472524E-004
#    -12   -11       5.9634902328E-004
#    -12   -10       4.1252152268E-004
#    -12    -9       4.2290853652E-005
#    -12    -8       8.8487902312E-005
#    -12    -7       8.0367883084E-005
#    -12    -6       2.0754628456E-004
#    -12    -5       1.5576052362E-004
#    -12    -4       6.6273034464E-005
#    -12    -3       3.9996552323E-004
#    -12    -2       6.2613241551E-004
#    -12    -1       1.9233673024E-004
#    -12     0       6.6931866460E-006
#    -12     1       2.4075296070E-005
#    -12     2       1.7598404530E-004
#    -12     3       5.6573223276E-004
#    -12     4       8.7847612646E-004
#    -12     5       3.6021186233E-004
#    -12     6       9.6315630242E-005
#    -12     7       8.7955919110E-004
#    -12     8       1.4453825094E-003
#    -12     9       1.2084573529E-003
#    -12    10       7.3116562040E-004
#    -12    11       1.2636191665E-004
#    -12    12       1.5863000839E-004
#    -12    13       2.0476156167E-004
#    -12    14       2.9117535960E-004
#    -12    15       1.2490691075E-004
#    -12    16       2.7181073741E-005
#    -12    17       1.7321184614E-004
#    -12    18       1.1001250113E-004
#    -12    19       3.9589316794E-004
#    -12    20       1.6180401764E-004
#    -12    21       2.1671310657E-004
#    -11   -26       4.5771369976E-005
#    -11   -25       1.3850676540E-005
#    -11   -24       1.0574210023E-005
#    -11   -23       1.0976388165E-004
#    -11   -22       2.0401141706E-004
#    -11   -21       5.5530324820E-005
#    -11   -20       9.7388412226E-006
#    -11   -19       9.9298553879E-006
#    -11   -18       1.5777498689E-005
#    -11   -17       5.3676009484E-005
#    -11   -16       6.9596737718E-005
#    -11   -15       2.6602867184E-005
#    -11   -14       5.8027467259E-006
#    -11   -13       7.1939635904E-005
#    -11   -12       3.0364059821E-004
#    -11   -11       3.2290471366E-004
#    -11   -10       6.2098852809E-005
#    -11    -9       2.5048701966E-005
#    -11    -8       3.4428044887E-005
#    -11    -7       9.9464493192E-005
#    -11    -6       1.7289193963E-004
#    -11    -5       8.8824487660E-005
#    -11    -4       1.1359631374E-004
#    -11    -3       1.4823683449E-004
#    -11    -2       2.1314954226E-005
#    -11    -1       3.1158480729E-005
#    -11     0       1.5707383597E-005
#    -11     1       1.0603164580E-004
#    -11     2       5.3193895630E-004
#    -11     3       6.8478126394E-004
#    -11     4       5.3812228025E-004
#    -11     5       2.4789821947E-004
#    -11     6       1.5647244364E-004
#    -11     7       5.6648665579E-004
#    -11     8       5.1345463092E-004
#    -11     9       2.7603937429E-004
#    -11    10       5.3878021733E-005
#    -11    11       4.1326236310E-005
#    -11    12       5.7522082642E-005
#    -11    13       1.2739159763E-004
#    -11    14       2.0773176684E-004
#    -11    15       5.6552648987E-005
#    -11    16       6.3657314554E-005
#    -11    17       2.1404488086E-004
#    -11    18       1.3990089568E-004
#    -11    19       3.5924058436E-004
#    -11    20       2.5296903191E-006
#    -10   -27       6.9713375570E-005
#    -10   -26       1.0240983545E-004
#    -10   -25       3.8528377822E-004
#    -10   -24       3.7997618833E-004
#    -10   -23       9.8248679334E-005
#    -10   -22       4.4617487921E-005
#    -10   -21       2.0247730683E-004
#    -10   -20       2.2904285353E-005
#    -10   -19       8.1343342484E-006
#    -10   -18       2.8518616171E-005
#    -10   -17       1.4960086279E-005
#    -10   -16       8.9774219139E-005
#    -10   -15       3.1952857880E-003
#    -10   -14       2.7387417290E-004
#    -10   -13       2.2165444023E-004
#    -10   -12       1.5427115359E-004
#    -10   -11       9.3461178051E-004
#    -10   -10       7.6411108927E-003
#    -10    -9       3.5623020876E-004
#    -10    -8       8.1277446645E-005
#    -10    -7       2.5501363716E-004
#    -10    -6       9.7470909564E-004
#    -10    -5       2.2606855295E-002
#    -10    -4       3.6290501807E-004
#    -10    -3       2.9792186243E-005
#    -10    -2       1.4163768099E-004
#    -10    -1       1.0032792664E-003
#    -10     0       3.3880412754E-002
#    -10     1       2.3270519098E-003
#    -10     2       4.5877058838E-004
#    -10     3       5.4678118011E-004
#    -10     4       1.8930724449E-003
#    -10     5       1.3239173139E-002
#    -10     6       2.0499626901E-003
#    -10     7       3.2251130912E-004
#    -10     8       3.0575920227E-004
#    -10     9       7.7741790612E-004
#    -10    10       1.6227703391E-002
#    -10    11       1.1572820776E-004
#    -10    12       7.1918789684E-005
#    -10    13       5.4533284572E-005
#    -10    14       8.1809277697E-004
#    -10    15       1.9138774660E-002
#    -10    16       5.4745442774E-004
#    -10    17       2.6340553236E-004
#    -10    18       8.5899198154E-005
#    -10    19       5.5652769097E-004
#     -9   -27       3.7440429894E-005
#     -9   -26       5.2552622074E-005
#     -9   -25       1.8328790275E-005
#     -9   -24       6.6292929806E-005
#     -9   -23       1.9539032528E-004
#     -9   -22       6.2693479517E-005
#     -9   -21       1.7423314273E-005
#     -9   -20       1.7798567755E-005
#     -9   -19       1.9606097089E-006
#     -9   -18       8.9235108909E-006
#     -9   -17       1.6123964778E-005
#     -9   -16       2.3911048507E-005
#     -9   -15       2.1055482195E-005
#     -9   -14       7.5155271226E-005
#     -9   -13       2.2943760677E-004
#     -9   -12       2.3184072793E-004
#     -9   -11       5.6387420054E-005
#     -9   -10       2.4215552959E-005
#     -9    -9       1.1366805232E-004
#     -9    -8       2.2493211032E-004
#     -9    -7       1.4184902344E-004
#     -9    -6       3.8849926436E-005
#     -9    -5       2.7965395057E-005
#     -9    -4       2.1120650457E-005
#     -9    -3       1.0065187590E-004
#     -9    -2       3.4874979124E-004
#     -9    -1       2.0375281749E-004
#     -9     0       1.3807729361E-004
#     -9     1       6.4126668840E-004
#     -9     2       8.0937318126E-004
#     -9     3       3.0782434616E-004
#     -9     4       1.1869321218E-004
#     -9     5       1.8944711596E-004
#     -9     6       1.3632845291E-004
#     -9     7       2.2032073949E-004
#     -9     8       1.2071409615E-004
#     -9     9       7.2174177791E-006
#     -9    10       1.6736365778E-005
#     -9    11       1.8791939211E-004
#     -9    12       4.7492923447E-005
#     -9    13       6.0883049624E-005
#     -9    14       3.8836599001E-005
#     -9    15       1.5113539411E-005
#     -9    16       1.3263386530E-004
#     -9    17       7.0320152901E-004
#     -9    18       1.4615445695E-004
#     -9    19       7.1699753306E-005
#     -8   -27       5.2296462507E-005
#     -8   -26       1.0838330832E-005
#     -8   -25       1.2739961837E-004
#     -8   -24       2.9140589488E-004
#     -8   -23       2.6103850222E-004
#     -8   -22       1.1033927408E-004
#     -8   -21       2.6120239305E-005
#     -8   -20       5.6452211340E-005
#     -8   -19       8.8047244517E-005
#     -8   -18       8.3760232034E-005
#     -8   -17       2.9459849775E-005
#     -8   -16       5.6723122358E-005
#     -8   -15       1.3787855548E-004
#     -8   -14       5.7012231283E-004
#     -8   -13       7.6414888744E-004
#     -8   -12       2.8735354758E-004
#     -8   -11       6.7833402470E-005
#     -8   -10       1.2223473060E-004
#     -8    -9       1.9304560521E-004
#     -8    -8       3.2567706233E-004
#     -8    -7       1.5683080391E-004
#     -8    -6       3.5142741379E-006
#     -8    -5       2.0138247268E-004
#     -8    -4       9.3722386121E-004
#     -8    -3       1.4115558686E-003
#     -8    -2       6.2791629937E-004
#     -8    -1       7.9628151310E-005
#     -8     0       8.6638072090E-004
#     -8     1       9.7008681863E-004
#     -8     2       3.1256133216E-004
#     -8     3       1.5317710450E-004
#     -8     4       1.7581772236E-005
#     -8     5       2.7374928738E-005
#     -8     6       1.6435411609E-004
#     -8     7       3.9366643698E-004
#     -8     8       1.1957238970E-004
#     -8     9       2.1492582696E-005
#     -8    10       9.3619044301E-005
#     -8    11       5.3137768976E-004
#     -8    12       1.1478660994E-003
#     -8    13       2.0680384695E-004
#     -8    14       3.6959978723E-005
#     -8    15       1.7828296842E-004
#     -8    16       1.5188434323E-003
#     -8    17       1.0315183640E-003
#     -8    18       8.3625655502E-005
#     -7   -27       3.9135135871E-005
#     -7   -26       2.3545605491E-004
#     -7   -25       1.0955062615E-004
#     -7   -24       4.0077791679E-005
#     -7   -23       2.9929251791E-004
#     -7   -22       1.7277217543E-004
#     -7   -21       1.5003312747E-004
#     -7   -20       4.7856060614E-005
#     -7   -19       1.2685831923E-005
#     -7   -18       2.9932432453E-005
#     -7   -17       3.4457233088E-005
#     -7   -16       1.1153585205E-004
#     -7   -15       1.3603074779E-004
#     -7   -14       2.9157108718E-005
#     -7   -13       1.4299637851E-004
#     -7   -12       2.2702408039E-004
#     -7   -11       4.5410263814E-005
#     -7   -10       5.5003378864E-006
#     -7    -9       8.6885693170E-006
#     -7    -8       1.0493981334E-005
#     -7    -7       1.0022791568E-004
#     -7    -6       4.7514862172E-004
#     -7    -5       4.0819039323E-004
#     -7    -4       1.0835088610E-004
#     -7    -3       8.5799181475E-004
#     -7    -2       1.5463334694E-003
#     -7    -1       1.1203479325E-003
#     -7     0       3.0139802707E-004
#     -7     1       5.9025797876E-007
#     -7     2       7.4485785415E-005
#     -7     3       9.0446635178E-005
#     -7     4       1.8101651767E-004
#     -7     5       3.6592504071E-005
#     -7     6       5.2233599166E-005
#     -7     7       1.8247289599E-004
#     -7     8       1.9166699277E-005
#     -7     9       7.3897161044E-005
#     -7    10       4.7631311897E-004
#     -7    11       1.5083570539E-004
#     -7    12       5.0395789447E-004
#     -7    13       2.8331784408E-004
#     -7    14       1.3796081579E-004
#     -7    15       3.8906895656E-004
#     -7    16       2.6599678005E-004
#     -7    17       2.0349482213E-004
#     -6   -27       2.6343290020E-005
#     -6   -26       7.6236127471E-005
#     -6   -25       1.0617999075E-005
#     -6   -24       5.3424627494E-005
#     -6   -23       1.1417706055E-004
#     -6   -22       1.2702591529E-004
#     -6   -21       4.5779015617E-005
#     -6   -20       1.7052838414E-006
#     -6   -19       5.1208329492E-005
#     -6   -18       6.8893104451E-005
#     -6   -17       7.1206347672E-005
#     -6   -16       6.2355665229E-005
#     -6   -15       1.6269650829E-006
#     -6   -14       8.5509836987E-005
#     -6   -13       1.3283204980E-004
#     -6   -12       5.7618526876E-005
#     -6   -11       1.5374315898E-005
#     -6   -10       1.4703600420E-006
#     -6    -9       9.0354120561E-006
#     -6    -8       2.2734153192E-005
#     -6    -7       1.4617217922E-004
#     -6    -6       4.1135510416E-004
#     -6    -5       2.0343747546E-004
#     -6    -4       2.1222923484E-004
#     -6    -3       2.9324710876E-004
#     -6    -2       1.4956832731E-004
#     -6    -1       3.4006867173E-005
#     -6     0       1.3565776380E-005
#     -6     1       8.6200016624E-005
#     -6     2       2.5661989582E-004
#     -6     3       2.9096412442E-004
#     -6     4       2.7480508922E-004
#     -6     5       1.5656440108E-004
#     -6     6       1.8323578848E-005
#     -6     7       3.6611827620E-006
#     -6     8       1.9368615130E-005
#     -6     9       2.7499042817E-004
#     -6    10       1.2703101859E-004
#     -6    11       1.9019802316E-004
#     -6    12       3.6659733284E-004
#     -6    13       1.0637578013E-004
#     -6    14       9.3359827633E-005
#     -6    15       1.3167248932E-004
#     -6    16       9.9530265603E-005
#     -5   -27       9.6130003030E-005
#     -5   -26       1.9773082647E-004
#     -5   -25       3.3034575590E-004
#     -5   -24       4.3243449313E-004
#     -5   -23       7.2990982916E-005
#     -5   -22       8.0524329062E-005
#     -5   -21       1.3766489483E-004
#     -5   -20       1.3806344395E-003
#     -5   -19       1.2857287857E-004
#     -5   -18       4.6418024248E-005
#     -5   -17       9.6683994068E-005
#     -5   -16       2.4619991797E-004
#     -5   -15       1.6809914361E-003
#     -5   -14       2.6141554259E-004
#     -5   -13       3.9632674518E-005
#     -5   -12       2.2261494903E-005
#     -5   -11       2.0042324653E-004
#     -5   -10       1.1569205279E-002
#     -5    -9       3.3789985528E-004
#     -5    -8       1.4917786789E-004
#     -5    -7       4.9090844210E-004
#     -5    -6       2.0304813745E-003
#     -5    -5       1.2295236923E-002
#     -5    -4       1.6851041620E-003
#     -5    -3       2.9210270180E-004
#     -5    -2       6.7903160831E-006
#     -5    -1       3.0107222380E-004
#     -5     0       9.5062707116E-003
#     -5     1       7.8350236649E-004
#     -5     2       1.6642312481E-004
#     -5     3       2.5027368959E-004
#     -5     4       9.6048133022E-004
#     -5     5       1.5817015861E-003
#     -5     6       5.4175016577E-004
#     -5     7       9.7871611059E-006
#     -5     8       3.0042673599E-004
#     -5     9       2.5682692075E-003
#     -5    10       4.8710175318E-002
#     -5    11       2.2300697230E-003
#     -5    12       7.2949466686E-004
#     -5    13       1.1343540585E-004
#     -5    14       1.0982942911E-003
#     -5    15       2.0426379963E-002
#     -4   -28       3.9217503234E-005
#     -4   -27       1.8607014991E-005
#     -4   -26       6.3494771094E-006
#     -4   -25       5.9313951746E-006
#     -4   -24       1.0878515451E-004
#     -4   -23       1.8935574227E-004
#     -4   -22       8.4598469941E-005
#     -4   -21       1.2584545341E-005
#     -4   -20       1.4603781166E-005
#     -4   -19       4.1669584622E-005
#     -4   -18       1.5882765940E-004
#     -4   -17       8.9296178591E-005
#     -4   -16       1.7136359980E-005
#     -4   -15       2.1883050674E-006
#     -4   -14       6.1212392977E-005
#     -4   -13       8.0206867028E-006
#     -4   -12       3.7152172377E-005
#     -4   -11       5.0749711676E-005
#     -4   -10       4.9058557022E-005
#     -4    -9       2.2223564585E-004
#     -4    -8       4.2510737461E-004
#     -4    -7       2.3637916260E-004
#     -4    -6       1.7208039906E-004
#     -4    -5       2.0042278284E-004
#     -4    -4       1.5580206930E-004
#     -4    -3       7.0621368104E-005
#     -4    -2       3.2277597301E-004
#     -4    -1       1.5598173613E-004
#     -4     0       5.6507629421E-005
#     -4     1       2.5845318718E-004
#     -4     2       2.1567839656E-004
#     -4     3       7.7080483407E-005
#     -4     4       9.1028257283E-005
#     -4     5       1.8702868343E-004
#     -4     6       4.8860708818E-005
#     -4     7       3.6321606678E-004
#     -4     8       8.1245877893E-004
#     -4     9       3.8509713989E-004
#     -4    10       7.5708402793E-006
#     -4    11       1.0992933283E-003
#     -4    12       1.7678020864E-004
#     -4    13       7.2838859251E-005
#     -4    14       1.8485466686E-005
#     -3   -28       2.1704072990E-004
#     -3   -27       5.7981173942E-005
#     -3   -26       3.6248152939E-005
#     -3   -25       1.1146046735E-004
#     -3   -24       1.9599981827E-004
#     -3   -23       1.8096647511E-004
#     -3   -22       8.9183862581E-005
#     -3   -21       4.5933353040E-005
#     -3   -20       1.9630535725E-004
#     -3   -19       1.3328401404E-004
#     -3   -18       1.7295938194E-004
#     -3   -17       8.7463801494E-005
#     -3   -16       9.5350879617E-006
#     -3   -15       7.7367561944E-005
#     -3   -14       4.5776278044E-005
#     -3   -13       2.4503597067E-005
#     -3   -12       9.6583921394E-005
#     -3   -11       8.9887175972E-005
#     -3   -10       4.7266096265E-004
#     -3    -9       7.9590502221E-004
#     -3    -8       7.8799334381E-004
#     -3    -7       4.3351107890E-004
#     -3    -6       1.9972342949E-005
#     -3    -5       3.2290484844E-005
#     -3    -4       5.5415429636E-005
#     -3    -3       2.9946390632E-004
#     -3    -2       1.3790452148E-004
#     -3    -1       4.7093310106E-005
#     -3     0       1.3924454716E-004
#     -3     1       2.1112281221E-005
#     -3     2       6.6530001961E-006
#     -3     3       1.1055512900E-004
#     -3     4       5.8757475880E-005
#     -3     5       7.6724332898E-005
#     -3     6       2.4006410060E-004
#     -3     7       5.8202893932E-004
#     -3     8       2.3843935710E-004
#     -3     9       6.1068185107E-005
#     -3    10       5.7258341927E-004
#     -3    11       1.1117888520E-003
#     -3    12       1.4794926611E-004
#     -3    13       3.5502433396E-006
#     -2   -28       1.7672168071E-005
#     -2   -27       2.4976764181E-004
#     -2   -26       2.3071141321E-004
#     -2   -25       2.8745811915E-004
#     -2   -24       1.8303086537E-006
#     -2   -23       1.1991095478E-004
#     -2   -22       3.6639451471E-004
#     -2   -21       3.0295845120E-004
#     -2   -20       2.1665207814E-004
#     -2   -19       6.4716634793E-006
#     -2   -18       1.0220102772E-004
#     -2   -17       5.2351942167E-004
#     -2   -16       4.8007777942E-004
#     -2   -15       7.5709978033E-005
#     -2   -14       2.1104145069E-005
#     -2   -13       2.0498919088E-005
#     -2   -12       3.3079120457E-004
#     -2   -11       6.1102947888E-004
#     -2   -10       3.5273804052E-004
#     -2    -9       3.3907025322E-005
#     -2    -8       3.1026632121E-004
#     -2    -7       3.6776515738E-004
#     -2    -6       8.6069682451E-005
#     -2    -5       2.2961920226E-005
#     -2    -4       4.2055032051E-005
#     -2    -3       2.6786861952E-004
#     -2    -2       3.1779099427E-004
#     -2    -1       1.3062223948E-004
#     -2     0       3.9703899406E-005
#     -2     1       7.6819522161E-005
#     -2     2       3.7782414116E-004
#     -2     3       4.4967244380E-004
#     -2     4       1.1543759593E-004
#     -2     5       2.7714996118E-005
#     -2     6       1.4898232428E-005
#     -2     7       3.0660832180E-005
#     -2     8       8.3183446167E-005
#     -2     9       6.3622416663E-004
#     -2    10       3.8271554525E-004
#     -2    11       7.0300839189E-006
#     -2    12       2.8959612088E-004
#     -1   -27       9.6440287177E-005
#     -1   -26       5.7405982613E-005
#     -1   -25       3.5992439528E-005
#     -1   -24       5.7311102510E-005
#     -1   -23       1.7237498485E-005
#     -1   -22       1.0402886646E-004
#     -1   -21       6.5848257858E-005
#     -1   -20       2.7449760570E-005
#     -1   -19       3.0221168650E-005
#     -1   -18       5.7475658201E-005
#     -1   -17       1.1802097116E-004
#     -1   -16       3.9510220964E-005
#     -1   -15       2.0432852788E-005
#     -1   -14       3.3120939681E-005
#     -1   -13       5.2598999019E-005
#     -1   -12       1.8423519360E-004
#     -1   -11       1.6625166904E-004
#     -1   -10       5.0970137279E-005
#     -1    -9       6.5481078982E-006
#     -1    -8       1.4030596593E-004
#     -1    -7       2.1309977377E-004
#     -1    -6       2.0281760651E-004
#     -1    -5       1.3832396012E-004
#     -1    -4       9.4737046183E-005
#     -1    -3       8.3141157515E-005
#     -1    -2       1.7025720779E-005
#     -1    -1       1.6183771871E-004
#     -1     0       5.9097233162E-005
#     -1     1       2.6416766510E-004
#     -1     2       5.2221874815E-004
#     -1     3       1.1365008570E-004
#     -1     4       4.2325859625E-006
#     -1     5       3.5122022022E-005
#     -1     6       1.0729400529E-004
#     -1     7       1.1160573530E-004
#     -1     8       3.7805801609E-005
#     -1     9       2.3390401760E-005
#     -1    10       2.0159963430E-004
#     -1    11       1.2464194412E-004
#      0   -27       6.7948726110E-005
#      0   -26       6.3923892209E-004
#      0   -25       3.5236214984E-004
#      0   -24       5.5751467673E-004
#      0   -23       9.8278634090E-005
#      0   -22       1.3682474672E-004
#      0   -21       3.4688316405E-004
#      0   -20       2.6043589870E-003
#      0   -19       3.5896145390E-005
#      0   -18       6.0524467050E-006
#      0   -17       6.0111756468E-007
#      0   -16       1.9178426248E-005
#      0   -15       1.6254198225E-002
#      0   -14       9.6600541549E-005
#      0   -13       6.7778297708E-005
#      0   -12       3.9809090818E-005
#      0   -11       3.3338609155E-004
#      0   -10       1.7200677079E-002
#      0    -9       2.3058575977E-004
#      0    -8       1.9248976831E-006
#      0    -7       1.3783149429E-004
#      0    -6       6.0756397968E-004
#      0    -5       1.2611918645E-003
#      0    -4       5.8796667056E-004
#      0    -3       1.4998618849E-004
#      0    -2       3.0839212143E-004
#      0    -1       2.6049280876E-003
#      0     0       3.9119158590E-002
#      0     1       3.0918109147E-003
#      0     2       4.9080746844E-004
#      0     3       1.7856158328E-005
#      0     4       5.5677899886E-004
#      0     5       8.6800584234E-003
#      0     6       2.3572639808E-003
#      0     7       3.6525243301E-004
#      0     8       1.1828766107E-004
#      0     9       7.6962485267E-004
#      0    10       1.3743122335E-002
#      1   -27       5.6454592361E-005
#      1   -26       3.3966026613E-005
#      1   -25       8.3982453140E-005
#      1   -24       1.9613828728E-004
#      1   -23       5.1258555723E-005
#      1   -22       7.9093961411E-005
#      1   -21       4.0849531994E-005
#      1   -20       1.4905110696E-005
#      1   -19       2.3162935758E-005
#      1   -18       3.0290390902E-005
#      1   -17       2.8763598874E-005
#      1   -16       5.5511469744E-006
#      1   -15       4.1551431340E-005
#      1   -14       4.2144919493E-005
#      1   -13       1.0580290715E-004
#      1   -12       1.7723265344E-004
#      1   -11       8.7599535754E-006
#      1   -10       2.2269249883E-006
#      1    -9       2.2956658330E-005
#      1    -8       3.5706694606E-005
#      1    -7       2.9514262273E-005
#      1    -6       6.2263341396E-005
#      1    -5       2.2159153492E-004
#      1    -4       7.7250869781E-005
#      1    -3       2.5611489154E-004
#      1    -2       9.4663399379E-004
#      1    -1       5.8321839532E-004
#      1     0       4.9939162841E-004
#      1     1       3.8826337643E-004
#      1     2       1.3753354017E-004
#      1     3       7.8931651472E-005
#      1     4       1.3775701696E-004
#      1     5       3.5432781861E-006
#      1     6       1.3793978115E-004
#      1     7       1.7828488349E-004
#      1     8       4.4613125682E-004
#      1     9       6.1224953793E-005
#      2   -27       3.8048977993E-005
#      2   -26       1.5432453511E-004
#      2   -25       1.3012351222E-004
#      2   -24       6.7980769125E-004
#      2   -23       4.5122442876E-004
#      2   -22       1.3161064222E-004
#      2   -21       5.2184373554E-005
#      2   -20       2.0008762941E-005
#      2   -19       6.4033687595E-005
#      2   -18       1.8325343136E-004
#      2   -17       1.0753754953E-004
#      2   -16       1.7931385446E-005
#      2   -15       8.8633978466E-005
#      2   -14       3.5448004585E-004
#      2   -13       4.0082279991E-004
#      2   -12       1.1145250620E-004
#      2   -11       2.8512311096E-005
#      2   -10       1.2942674663E-004
#      2    -9       9.4241993736E-005
#      2    -8       8.3451453997E-005
#      2    -7       1.4397029342E-004
#      2    -6       8.2617939827E-005
#      2    -5       1.2356876649E-004
#      2    -4       8.8449119518E-006
#      2    -3       4.5675104354E-004
#      2    -2       6.1642579663E-004
#      2    -1       1.0243683156E-004
#      2     0       3.1440016184E-004
#      2     1       9.4095675070E-004
#      2     2       8.1339478518E-005
#      2     3       1.6437613834E-004
#      2     4       5.2240284292E-005
#      2     5       5.9599719120E-004
#      2     6       3.6809809321E-004
#      2     7       3.3801518729E-004
#      2     8       3.6431236460E-004
#      3   -26       1.6739326190E-004
#      3   -25       3.5243379657E-005
#      3   -24       1.7716215021E-005
#      3   -23       1.3069690556E-004
#      3   -22       2.3816790179E-004
#      3   -21       2.4301486616E-004
#      3   -20       1.2755108435E-004
#      3   -19       3.4103932581E-005
#      3   -18       3.1824027272E-004
#      3   -17       6.3389669037E-004
#      3   -16       7.4958882893E-004
#      3   -15       2.9123375839E-004
#      3   -14       1.3362965226E-004
#      3   -13       3.5692721737E-004
#      3   -12       2.1572770878E-004
#      3   -11       3.3296750234E-004
#      3   -10       3.1142305264E-004
#      3    -9       1.8779250798E-005
#      3    -8       6.4553630351E-004
#      3    -7       7.6701809383E-004
#      3    -6       3.5247296077E-004
#      3    -5       7.2240912984E-006
#      3    -4       4.0725370552E-007
#      3    -3       5.0749066664E-005
#      3    -2       7.2265186050E-004
#      3    -1       1.0044721771E-003
#      3     0       4.9000761477E-004
#      3     1       2.9738104223E-004
#      3     2       1.0844279675E-003
#      3     3       1.9659375712E-003
#      3     4       8.9852749101E-004
#      3     5       1.0152073142E-004
#      3     6       1.5245699053E-004
#      4   -26       9.6975679443E-005
#      4   -25       1.9331395256E-005
#      4   -24       2.5460374409E-004
#      4   -23       1.1507961607E-004
#      4   -22       2.1365370043E-004
#      4   -21       8.5956228090E-005
#      4   -20       3.2935471608E-005
#      4   -19       2.4101795266E-005
#      4   -18       1.2850843076E-004
#      4   -17       8.3674913291E-005
#      4   -16       2.3123517331E-004
#      4   -15       9.9483510697E-005
#      4   -14       6.4974850023E-005
#      4   -13       1.5029795671E-005
#      4   -12       4.9319657506E-004
#      4   -11       6.9010113422E-004
#      4   -10       2.1267972781E-004
#      4    -9       9.7723022685E-005
#      4    -8       6.1609506276E-004
#      4    -7       4.1100886900E-004
#      4    -6       8.6514406439E-005
#      4    -5       2.6526694679E-005
#      4    -4       2.5707040888E-004
#      4    -3       1.6414362283E-004
#      4    -2       3.3038949272E-005
#      4    -1       1.1613527644E-004
#      4     0       3.9486288916E-004
#      4     1       9.3947583564E-004
#      4     2       1.0122446335E-003
#      4     3       7.0366688100E-004
#      4     4       2.5773987557E-004
#      4     5       7.8244063748E-005
#      5   -25       1.3916173123E-003
#      5   -24       2.2126780179E-004
#      5   -23       7.7360270933E-005
#      5   -22       8.5520341557E-006
#      5   -21       2.9817188844E-004
#      5   -20       1.1180779029E-003
#      5   -19       1.9294861071E-004
#      5   -18       1.6410745962E-005
#      5   -17       8.2730292931E-005
#      5   -16       4.6806897301E-004
#      5   -15       1.9345497044E-002
#      5   -14       3.0371130529E-004
#      5   -13       2.2130360016E-005
#      5   -12       2.1414283697E-004
#      5   -11       3.3855997473E-003
#      5   -10       5.0422050558E-002
#      5    -9       2.9867365272E-003
#      5    -8       1.0534731432E-004
#      5    -7       5.6001091289E-005
#      5    -6       7.3254065437E-004
#      5    -5       8.9312187899E-003
#      5    -4       7.1670103272E-004
#      5    -3       2.7866690049E-005
#      5    -2       3.5232963795E-004
#      5    -1       3.1792656586E-003
#      5     0       6.4168303927E-002
#      5     1       2.8118458678E-003
#      5     2       5.0400772826E-004
#      5     3       1.0711657373E-004
#      6   -25       1.1656673297E-004
#      6   -24       1.4711180291E-004
#      6   -23       2.1106211574E-004
#      6   -22       5.9434190055E-005
#      6   -21       1.0390385960E-004
#      6   -20       2.5230326119E-004
#      6   -19       1.4399279215E-004
#      6   -18       3.4859900707E-005
#      6   -17       9.7947373260E-005
#      6   -16       2.9471679270E-005
#      6   -15       1.7291331375E-004
#      6   -14       1.1869778818E-005
#      6   -13       1.8127241889E-004
#      6   -12       9.5705907113E-004
#      6   -11       2.1425035529E-004
#      6   -10       2.3120711981E-006
#      6    -9       1.4252930234E-004
#      6    -8       1.4824338563E-004
#      6    -7       1.3692568971E-004
#      6    -6       3.5264100240E-004
#      6    -5       7.2014066636E-007
#      6    -4       3.7172981196E-004
#      6    -3       4.0852760426E-004
#      6    -2       1.3280417666E-003
#      6    -1       3.9462871794E-004
#      6     0       6.0427749172E-004
#      6     1       2.6326649095E-004
#      6     2       3.9395369502E-004
#      7   -24       7.0567453804E-004
#      7   -23       4.1148846185E-004
#      7   -22       1.2903953014E-004
#      7   -21       1.9780741609E-004
#      7   -20       3.0145897542E-004
#      7   -19       5.2834498522E-004
#      7   -18       3.2132485947E-004
#      7   -17       2.0693145864E-004
#      7   -16       1.8470381705E-005
#      7   -15       1.4148676953E-004
#      7   -14       2.0641697492E-004
#      7   -13       2.8574297494E-004
#      7   -12       5.0974814269E-004
#      7   -11       8.8328754967E-005
#      7   -10       5.0485029271E-004
#      7    -9       6.4258084430E-004
#      7    -8       7.6144973962E-005
#      7    -7       4.6593148363E-004
#      7    -6       6.1313409986E-005
#      7    -5       5.9799032805E-004
#      7    -4       1.2678289793E-003
#      7    -3       1.3432547033E-003
#      7    -2       9.1809552045E-004
#      7    -1       2.2040695830E-004
#      7     0       4.9727854920E-004
#      8   -23       3.6129847323E-004
#      8   -22       4.1356818231E-004
#      8   -21       2.0717424217E-004
#      8   -20       9.1061453407E-005
#      8   -19       2.5011798641E-004
#      8   -18       4.3715586370E-004
#      8   -17       1.1961651049E-003
#      8   -16       1.3140876383E-003
#      8   -15       2.2338059467E-004
#      8   -14       5.0588172656E-005
#      8   -13       4.7433830888E-005
#      8   -12       4.3783608153E-004
#      8   -11       1.3889160000E-003
#      8   -10       3.4184898783E-004
#      8    -9       4.6057270980E-005
#      8    -8       6.3477353323E-005
#      8    -7       1.6446245487E-004
#      8    -6       9.0952688717E-004
#      8    -5       1.1437626652E-004
#      8    -4       2.1000486760E-004
#      8    -3       1.8224309995E-004
#      8    -2       8.1252098863E-004
#      9   -21       1.9592099504E-004
#      9   -20       4.8540823634E-005
#      9   -19       1.0579400159E-004
#      9   -18       4.8092753941E-004
#      9   -17       5.6757505793E-004
#      9   -16       1.1874675947E-004
#      9   -15       3.2487510974E-005
#      9   -14       1.0981394636E-004
#      9   -13       5.0222049232E-005
#      9   -12       1.1677529894E-006
#      9   -11       1.0448545998E-004
#      9   -10       2.4715321057E-004
#      9    -9       3.3120541862E-004
#      9    -8       4.9949005820E-004
#      9    -7       1.7819989967E-004
#      9    -6       4.2272181231E-005
#      9    -5       4.0188607208E-005
#     10   -19       8.6983646079E-005
#     10   -18       1.3118909697E-004
#     10   -17       1.6217961273E-004
#     10   -16       1.3003969543E-003
#     10   -15       1.9723699472E-002
#     10   -14       2.1924130287E-004
#     10   -13       1.7501395818E-004
#     10   -12       1.3780727986E-004
#     10   -11       3.5166055141E-004
#     10   -10       1.2743651922E-002
#     10    -9       6.4443895306E-004
#     10    -8       5.2952685358E-004
