 Diffraction intensities for potential:_5x5_03D10005.in                        
#    -45    11       4.6445855628E-007
#    -45    12       4.5751711256E-005
#    -45    13       7.6396122161E-005
#    -45    14       3.4014425297E-005
#    -45    15       1.0571315453E-004
#    -45    16       3.3337920899E-005
#    -44     7       6.2214364631E-007
#    -44     8       1.3995891029E-005
#    -44     9       2.3233740278E-005
#    -44    10       1.8110172397E-006
#    -44    11       1.9809989304E-005
#    -44    12       6.5801577563E-006
#    -44    13       1.4500879159E-005
#    -44    14       2.6482251210E-005
#    -44    15       9.2585848942E-006
#    -44    16       4.3558159131E-005
#    -44    17       1.9918645069E-006
#    -44    18       2.0209898103E-005
#    -44    19       1.2365797679E-005
#    -44    20       1.8617921509E-005
#    -43     4       1.3216698572E-005
#    -43     5       1.0817291692E-005
#    -43     6       3.2547210111E-005
#    -43     7       2.4317572034E-006
#    -43     8       8.8932613668E-005
#    -43     9       2.9984506776E-005
#    -43    10       5.6003425497E-005
#    -43    11       1.4068541236E-004
#    -43    12       1.4815175845E-005
#    -43    13       1.0421725299E-004
#    -43    14       5.3298271799E-005
#    -43    15       4.1373505739E-005
#    -43    16       9.7092611209E-005
#    -43    17       6.2647124763E-006
#    -43    18       1.7078152170E-004
#    -43    19       8.1727962103E-005
#    -43    20       4.8622762626E-005
#    -43    21       4.5432124950E-005
#    -43    22       1.8251048145E-005
#    -42     2       4.3710051461E-005
#    -42     3       3.3306566184E-006
#    -42     4       3.5743125089E-005
#    -42     5       1.3330285070E-005
#    -42     6       5.5704542079E-006
#    -42     7       5.2095896742E-005
#    -42     8       7.0839598449E-006
#    -42     9       1.1436904564E-004
#    -42    10       6.4444296744E-005
#    -42    11       5.9475190596E-005
#    -42    12       2.0177863330E-004
#    -42    13       1.9246512221E-005
#    -42    14       1.4509132148E-004
#    -42    15       5.3350216024E-005
#    -42    16       5.2338023834E-005
#    -42    17       1.2588978252E-004
#    -42    18       1.2663202935E-005
#    -42    19       1.7690944178E-004
#    -42    20       6.1000358983E-005
#    -42    21       4.8787613689E-005
#    -42    22       1.2119259680E-004
#    -42    23       9.6591179265E-007
#    -41     0       3.2701051108E-006
#    -41     1       2.2138980427E-005
#    -41     2       6.4776148269E-006
#    -41     3       1.0123186630E-006
#    -41     4       1.7652114483E-005
#    -41     5       7.6544441658E-006
#    -41     6       1.4614466951E-005
#    -41     7       3.1530349111E-005
#    -41     8       4.9367039587E-006
#    -41     9       6.0541636686E-005
#    -41    10       7.1416726689E-006
#    -41    11       8.3492076785E-005
#    -41    12       7.1419427317E-005
#    -41    13       2.2061616121E-005
#    -41    14       6.9470782714E-005
#    -41    15       6.3584594925E-006
#    -41    16       4.5374899390E-005
#    -41    17       4.6372715984E-005
#    -41    18       1.6656133605E-005
#    -41    19       6.9978886194E-005
#    -41    20       3.2333444098E-005
#    -41    21       2.9940787210E-005
#    -41    22       7.8383363459E-005
#    -41    23       1.8223433874E-006
#    -41    24       7.3895206494E-005
#    -40    -2       4.5777031456E-005
#    -40    -1       1.7122733243E-005
#    -40     0       1.2144625442E-004
#    -40     1       2.3036391229E-005
#    -40     2       9.4001911372E-005
#    -40     3       4.3405070090E-005
#    -40     4       2.1813573781E-005
#    -40     5       1.0801564131E-004
#    -40     6       2.1965534754E-005
#    -40     7       1.6441035579E-004
#    -40     8       1.6183005397E-004
#    -40     9       2.5876495048E-005
#    -40    10       3.4776851776E-004
#    -40    11       4.6565167396E-005
#    -40    12       2.6083356700E-004
#    -40    13       2.7921758460E-004
#    -40    14       1.2276767254E-004
#    -40    15       3.0585665064E-004
#    -40    16       8.1753346631E-005
#    -40    17       2.3962164615E-004
#    -40    18       2.5586523685E-004
#    -40    19       6.3977512037E-005
#    -40    20       2.1620361762E-004
#    -40    21       5.7613217184E-005
#    -40    22       5.5389558830E-005
#    -40    23       1.5095045102E-004
#    -40    24       3.8809074271E-005
#    -40    25       1.6211549647E-004
#    -39    -4       1.3226026336E-005
#    -39    -3       2.0564999419E-006
#    -39    -2       8.3081063842E-006
#    -39    -1       1.2787728850E-005
#    -39     0       2.0486642963E-006
#    -39     1       2.4790969120E-005
#    -39     2       2.8686435303E-006
#    -39     3       1.4274709361E-005
#    -39     4       2.3642575035E-005
#    -39     5       5.7750609643E-006
#    -39     6       4.7797123097E-005
#    -39     7       9.8654673191E-006
#    -39     8       3.1314844404E-005
#    -39     9       4.7465887058E-005
#    -39    10       8.0831801599E-006
#    -39    11       9.5609772701E-005
#    -39    12       1.0717806196E-005
#    -39    13       7.0267473418E-005
#    -39    14       9.0382052862E-005
#    -39    15       2.7662027098E-005
#    -39    16       1.2479623612E-004
#    -39    17       9.0052454488E-006
#    -39    18       8.9405525280E-005
#    -39    19       7.6766759997E-005
#    -39    20       3.3958359603E-005
#    -39    21       9.8611086970E-005
#    -39    22       1.8653078497E-005
#    -39    23       6.2320188501E-005
#    -39    24       6.2706009088E-005
#    -39    25       1.6717376483E-006
#    -39    26       2.6482954546E-005
#    -38    -5       1.4257756307E-005
#    -38    -4       4.0214990359E-005
#    -38    -3       4.1505218511E-006
#    -38    -2       1.0562908427E-004
#    -38    -1       2.7623766808E-005
#    -38     0       1.7463797237E-005
#    -38     1       5.4099057189E-005
#    -38     2       2.8953297584E-006
#    -38     3       1.2465960598E-004
#    -38     4       4.3486648785E-005
#    -38     5       5.4997567823E-005
#    -38     6       1.0772790217E-004
#    -38     7       1.0712825237E-005
#    -38     8       1.2500094622E-004
#    -38     9       5.9676267827E-005
#    -38    10       8.7737647222E-005
#    -38    11       2.5047811387E-004
#    -38    12       1.6818773251E-005
#    -38    13       3.4351064460E-004
#    -38    14       1.4987439558E-004
#    -38    15       1.4437524650E-004
#    -38    16       2.5007179825E-004
#    -38    17       1.8293407768E-005
#    -38    18       4.4260377392E-004
#    -38    19       9.8588892422E-005
#    -38    20       1.0431071402E-004
#    -38    21       2.3599358235E-004
#    -38    22       2.6687145731E-005
#    -38    23       2.2493575196E-004
#    -38    24       2.0053619535E-004
#    -38    25       4.4416346370E-005
#    -38    26       6.5521322045E-005
#    -37    -7       5.7881541418E-006
#    -37    -6       3.8737467369E-005
#    -37    -5       8.3801326848E-006
#    -37    -4       1.7221819484E-005
#    -37    -3       3.4880419640E-005
#    -37    -2       7.2592738421E-006
#    -37    -1       4.2859101499E-005
#    -37     0       2.4283210300E-005
#    -37     1       1.9029798734E-005
#    -37     2       7.0426773551E-005
#    -37     3       9.7994198866E-006
#    -37     4       1.3736529113E-004
#    -37     5       7.5015392459E-005
#    -37     6       4.3440189362E-005
#    -37     7       1.5564367493E-004
#    -37     8       1.3501731795E-005
#    -37     9       1.6213208015E-004
#    -37    10       8.1385112435E-005
#    -37    11       1.0586683282E-004
#    -37    12       2.8495568876E-004
#    -37    13       1.7814625042E-005
#    -37    14       2.8073530672E-004
#    -37    15       1.1479607704E-004
#    -37    16       9.0464318570E-005
#    -37    17       2.2625871136E-004
#    -37    18       1.1364865566E-005
#    -37    19       2.4031644581E-004
#    -37    20       9.9866187207E-005
#    -37    21       1.0463240457E-004
#    -37    22       2.5716219562E-004
#    -37    23       1.0568970073E-005
#    -37    24       2.5838112145E-004
#    -37    25       7.5751722239E-005
#    -37    26       3.3202096374E-005
#    -37    27       1.0729689202E-004
#    -36    -8       3.8357447608E-006
#    -36    -7       7.0984964454E-006
#    -36    -6       8.0362900138E-006
#    -36    -5       5.1098526293E-006
#    -36    -4       2.7593311514E-005
#    -36    -3       1.2262382843E-005
#    -36    -2       5.4570079744E-006
#    -36    -1       3.5155415767E-005
#    -36     0       4.0873916758E-006
#    -36     1       3.0149253325E-005
#    -36     2       3.1924711973E-005
#    -36     3       3.2012424176E-006
#    -36     4       6.5816213035E-005
#    -36     5       4.9753638175E-006
#    -36     6       7.8667026093E-005
#    -36     7       4.4843285507E-005
#    -36     8       1.7565487188E-005
#    -36     9       4.7212904164E-005
#    -36    10       4.0902519725E-006
#    -36    11       7.0199555054E-005
#    -36    12       4.5292842762E-005
#    -36    13       2.5463635584E-005
#    -36    14       8.1614688536E-005
#    -36    15       2.0398978242E-005
#    -36    16       5.0571124516E-005
#    -36    17       7.6934555406E-005
#    -36    18       6.6350202147E-006
#    -36    19       1.7278383729E-004
#    -36    20       2.8954291894E-005
#    -36    21       1.3750849296E-004
#    -36    22       1.1180258700E-004
#    -36    23       3.2009476661E-005
#    -36    24       1.0451741756E-004
#    -36    25       1.5650564940E-005
#    -36    26       2.2629347701E-005
#    -36    27       6.5511050069E-006
#    -35    -9       1.9737516403E-005
#    -35    -8       8.2031922373E-005
#    -35    -7       5.3887274708E-005
#    -35    -6       9.2573899011E-006
#    -35    -5       1.2824228087E-004
#    -35    -4       2.4644136919E-005
#    -35    -3       1.2716782964E-004
#    -35    -2       1.0059374731E-004
#    -35    -1       1.9484300365E-005
#    -35     0       1.9043472630E-004
#    -35     1       3.2914203173E-005
#    -35     2       1.4947032790E-004
#    -35     3       1.6809308519E-004
#    -35     4       4.4894226773E-005
#    -35     5       1.1782544810E-004
#    -35     6       3.7493926140E-005
#    -35     7       1.7576483794E-004
#    -35     8       1.3896477831E-004
#    -35     9       6.2407430241E-005
#    -35    10       5.3080798826E-004
#    -35    11       4.9114992725E-005
#    -35    12       2.4692959316E-004
#    -35    13       1.8992966715E-004
#    -35    14       6.5301286674E-005
#    -35    15       4.1601786761E-004
#    -35    16       3.9987525217E-005
#    -35    17       1.4266303066E-004
#    -35    18       1.6453814263E-004
#    -35    19       5.4145761100E-005
#    -35    20       4.5850776240E-004
#    -35    21       1.3047624178E-004
#    -35    22       1.7477579078E-004
#    -35    23       2.7781117149E-004
#    -35    24       8.5357775466E-005
#    -35    25       3.3144914734E-004
#    -35    26       1.2233412876E-004
#    -35    27       1.3740142423E-004
#    -34   -11       1.8329880167E-008
#    -34   -10       7.6610604459E-007
#    -34    -9       3.7637267316E-005
#    -34    -8       1.7304644413E-005
#    -34    -7       3.3731076134E-005
#    -34    -6       2.4083574747E-005
#    -34    -5       5.4096031474E-006
#    -34    -4       4.9531931931E-005
#    -34    -3       8.2274649589E-006
#    -34    -2       2.8941098926E-005
#    -34    -1       2.0916337605E-005
#    -34     0       1.2864627656E-005
#    -34     1       3.9746731895E-005
#    -34     2       6.2272581971E-006
#    -34     3       3.6344161564E-005
#    -34     4       5.8227552820E-005
#    -34     5       5.3631625184E-006
#    -34     6       5.8151429486E-005
#    -34     7       1.0206718723E-005
#    -34     8       1.6160000922E-005
#    -34     9       3.4830290447E-005
#    -34    10       4.4336896633E-006
#    -34    11       6.3179512236E-005
#    -34    12       8.7842984010E-006
#    -34    13       4.3903992956E-005
#    -34    14       6.0034899508E-005
#    -34    15       1.3085936648E-005
#    -34    16       6.5541082023E-005
#    -34    17       6.6539612354E-006
#    -34    18       9.7905226427E-005
#    -34    19       3.2591700646E-005
#    -34    20       2.6429647206E-005
#    -34    21       5.3626664498E-005
#    -34    22       7.3636196635E-005
#    -34    23       6.5499944663E-005
#    -34    24       1.5569576002E-004
#    -34    25       8.8117817407E-006
#    -34    26       1.1438903289E-004
#    -34    27       2.6117330309E-005
#    -33   -12       5.6468820219E-005
#    -33   -11       2.2513091124E-005
#    -33   -10       4.0704285392E-005
#    -33    -9       1.2586848983E-004
#    -33    -8       3.5582573928E-006
#    -33    -7       2.0206116609E-004
#    -33    -6       4.9252570534E-005
#    -33    -5       5.9571777043E-005
#    -33    -4       1.7953979540E-004
#    -33    -3       6.2497290898E-006
#    -33    -2       1.8327857329E-004
#    -33    -1       5.1215655257E-005
#    -33     0       3.5417471422E-005
#    -33     1       1.0588362734E-004
#    -33     2       6.3023855252E-006
#    -33     3       1.8021992057E-004
#    -33     4       5.0864491625E-005
#    -33     5       6.2916389925E-005
#    -33     6       6.9338182985E-005
#    -33     7       8.5232108337E-006
#    -33     8       7.3263733188E-005
#    -33     9       4.7459821149E-005
#    -33    10       7.2987419069E-005
#    -33    11       1.4617009046E-004
#    -33    12       1.2178456980E-005
#    -33    13       2.1467623865E-004
#    -33    14       5.7230446771E-005
#    -33    15       5.9453437911E-005
#    -33    16       1.0001178017E-004
#    -33    17       5.5266710955E-006
#    -33    18       1.7226426529E-004
#    -33    19       1.2675491327E-004
#    -33    20       6.6070171120E-005
#    -33    21       2.3538538554E-004
#    -33    22       2.9334837607E-005
#    -33    23       3.3311897265E-004
#    -33    24       6.5579607529E-005
#    -33    25       9.2413153002E-005
#    -33    26       1.6787174940E-004
#    -33    27       3.1120752526E-005
#    -32   -13       6.1015674124E-005
#    -32   -12       1.0652154238E-005
#    -32   -11       1.3763211443E-004
#    -32   -10       6.4244123429E-005
#    -32    -9       5.9906653284E-005
#    -32    -8       1.4874894360E-004
#    -32    -7       2.8354258364E-006
#    -32    -6       1.1954047827E-004
#    -32    -5       5.6375467732E-005
#    -32    -4       6.8478280228E-005
#    -32    -3       1.6048257336E-004
#    -32    -2       1.9540942798E-006
#    -32    -1       1.0087297194E-004
#    -32     0       3.8632570983E-005
#    -32     1       4.2373598200E-005
#    -32     2       9.4959808541E-005
#    -32     3       5.9492588564E-006
#    -32     4       8.4903328345E-005
#    -32     5       2.9987040103E-005
#    -32     6       1.7797299284E-005
#    -32     7       4.9188780026E-005
#    -32     8       1.0546912498E-005
#    -32     9       9.6744021780E-005
#    -32    10       6.2617851184E-005
#    -32    11       3.8952423304E-005
#    -32    12       1.2307752896E-004
#    -32    13       5.9553868675E-006
#    -32    14       9.0860006928E-005
#    -32    15       1.1221282610E-005
#    -32    16       2.0225236552E-005
#    -32    17       3.7375038018E-005
#    -32    18       6.4849951576E-007
#    -32    19       1.0695339961E-004
#    -32    20       8.0377969821E-005
#    -32    21       2.6900012948E-005
#    -32    22       1.9301093268E-004
#    -32    23       2.0155060104E-005
#    -32    24       1.9728863525E-004
#    -32    25       1.1648305025E-004
#    -32    26       1.1901553865E-004
#    -32    27       2.7054173704E-004
#    -32    28       9.0902399484E-006
#    -31   -14       2.3008869765E-005
#    -31   -13       2.3004545768E-005
#    -31   -12       6.5391840390E-006
#    -31   -11       5.1197694685E-005
#    -31   -10       9.6426936869E-006
#    -31    -9       3.3368329618E-005
#    -31    -8       4.5219185911E-005
#    -31    -7       8.5109234450E-006
#    -31    -6       7.5230911372E-005
#    -31    -5       1.6740954750E-005
#    -31    -4       7.8432104599E-005
#    -31    -3       6.7777276362E-005
#    -31    -2       1.4993377612E-005
#    -31    -1       8.3140798673E-005
#    -31     0       8.2711548742E-006
#    -31     1       3.4888102075E-005
#    -31     2       2.2142439343E-005
#    -31     3       5.9304144531E-006
#    -31     4       1.5249449942E-005
#    -31     5       3.1698813209E-006
#    -31     6       2.0896271339E-005
#    -31     7       7.4702508550E-006
#    -31     8       1.8187582568E-005
#    -31     9       1.6679555460E-005
#    -31    10       3.7777093572E-007
#    -31    11       4.5624166181E-005
#    -31    12       2.2605630578E-005
#    -31    13       1.3201098323E-006
#    -31    14       5.2829911587E-006
#    -31    15       6.0719539559E-006
#    -31    16       2.5042122463E-006
#    -31    17       1.4721975740E-005
#    -31    18       4.0115752340E-006
#    -31    19       5.3166088238E-005
#    -31    20       4.8715536293E-006
#    -31    21       8.4071922510E-005
#    -31    22       6.7401255122E-005
#    -31    23       1.7383494435E-005
#    -31    24       1.6575510930E-004
#    -31    25       1.6348296257E-005
#    -31    26       7.9963395833E-005
#    -31    27       5.6121051944E-005
#    -31    28       1.4533233639E-006
#    -30   -15       1.0255669654E-004
#    -30   -14       2.9145097272E-005
#    -30   -13       8.9213223827E-005
#    -30   -12       2.1047216744E-004
#    -30   -11       4.8981711691E-005
#    -30   -10       3.2363365765E-004
#    -30    -9       4.4602178999E-005
#    -30    -8       1.0669309592E-004
#    -30    -7       1.6643949314E-004
#    -30    -6       4.2640552380E-005
#    -30    -5       1.4436455553E-004
#    -30    -4       5.6447953524E-005
#    -30    -3       1.7975749533E-004
#    -30    -2       1.2065960686E-004
#    -30    -1       2.4365580072E-005
#    -30     0       8.0677404104E-004
#    -30     1       2.6117705112E-005
#    -30     2       5.7627997278E-005
#    -30     3       2.9836149580E-005
#    -30     4       3.6556798275E-006
#    -30     5       1.0343044213E-003
#    -30     6       4.9527460455E-006
#    -30     7       1.0495978350E-004
#    -30     8       5.8144896356E-005
#    -30     9       1.6975400754E-005
#    -30    10       8.8731714447E-004
#    -30    11       1.4299664369E-005
#    -30    12       6.2180543426E-005
#    -30    13       7.5404844590E-005
#    -30    14       1.5745869850E-005
#    -30    15       5.9861990980E-004
#    -30    16       6.8149749690E-007
#    -30    17       8.2754684233E-006
#    -30    18       1.0330527659E-005
#    -30    19       2.5600578796E-006
#    -30    20       4.7564307151E-005
#    -30    21       9.0118905757E-005
#    -30    22       1.9511353078E-004
#    -30    23       5.9037203366E-004
#    -30    24       1.2800127672E-004
#    -30    25       3.1946231428E-004
#    -30    26       6.3388396541E-005
#    -30    27       2.4898222754E-004
#    -30    28       3.2807225520E-005
#    -29   -16       3.7892111799E-005
#    -29   -15       2.0585304243E-005
#    -29   -14       4.6475445461E-005
#    -29   -13       1.9046766121E-005
#    -29   -12       7.9793221761E-005
#    -29   -11       4.5756551221E-005
#    -29   -10       1.0899100815E-005
#    -29    -9       6.5984005685E-005
#    -29    -8       2.0057947730E-005
#    -29    -7       6.6672009713E-005
#    -29    -6       4.6210261607E-005
#    -29    -5       1.9896481038E-005
#    -29    -4       3.2219900608E-005
#    -29    -3       3.1122092411E-005
#    -29    -2       3.2124262171E-005
#    -29    -1       1.4436765375E-005
#    -29     0       8.9391605801E-006
#    -29     1       2.2631610308E-005
#    -29     2       1.9053723230E-005
#    -29     3       2.2031627710E-006
#    -29     4       2.1513596840E-005
#    -29     5       8.5167577150E-006
#    -29     6       8.0293678056E-005
#    -29     7       3.7559919275E-006
#    -29     8       4.4059255867E-005
#    -29     9       2.2140013281E-005
#    -29    10       2.8829323973E-006
#    -29    11       1.4776514526E-005
#    -29    12       1.4378219853E-005
#    -29    13       3.7043905121E-005
#    -29    14       6.7014185780E-005
#    -29    15       1.7351088076E-006
#    -29    16       3.0039237557E-005
#    -29    17       1.5101377810E-005
#    -29    18       3.6992169025E-006
#    -29    19       3.8705822022E-005
#    -29    20       1.7624820921E-007
#    -29    21       1.0842491859E-004
#    -29    22       3.0154552358E-006
#    -29    23       9.4611605580E-005
#    -29    24       7.1210477684E-005
#    -29    25       4.2276545877E-005
#    -29    26       5.3103311761E-005
#    -29    27       1.1629220889E-004
#    -28   -16       5.9101315363E-005
#    -28   -15       4.4221828291E-005
#    -28   -14       1.1702914002E-004
#    -28   -13       2.0879469927E-005
#    -28   -12       2.3984629408E-004
#    -28   -11       1.1392192610E-004
#    -28   -10       7.6252650969E-005
#    -28    -9       1.7365499462E-004
#    -28    -8       7.4841510321E-006
#    -28    -7       1.9159418264E-004
#    -28    -6       9.0481726556E-005
#    -28    -5       4.0038848402E-005
#    -28    -4       1.3056796538E-004
#    -28    -3       6.6033086906E-006
#    -28    -2       8.3743571364E-005
#    -28    -1       4.5594894875E-005
#    -28     0       3.3547917684E-005
#    -28     1       1.0550587640E-004
#    -28     2       7.2980486104E-006
#    -28     3       5.5184497667E-005
#    -28     4       7.9490455835E-006
#    -28     5       5.6450072964E-005
#    -28     6       8.6727044547E-005
#    -28     7       3.6830566814E-008
#    -28     8       1.5000997565E-005
#    -28     9       2.1989156408E-005
#    -28    10       2.2568819943E-005
#    -28    11       1.8153655152E-004
#    -28    12       3.1254552958E-005
#    -28    13       2.8856150415E-004
#    -28    14       1.1279901921E-004
#    -28    15       9.1159420130E-005
#    -28    16       1.2158828946E-004
#    -28    17       1.9146054332E-006
#    -28    18       7.7484611544E-005
#    -28    19       1.2052403117E-005
#    -28    20       3.9761043822E-005
#    -28    21       8.0002034587E-005
#    -28    22       2.6790591563E-005
#    -28    23       2.2775195325E-004
#    -28    24       1.0241800274E-004
#    -28    25       1.9440169667E-004
#    -28    26       4.8501057255E-004
#    -28    27       2.5010902151E-005
#    -27   -17       1.8886184788E-005
#    -27   -16       8.7640016513E-005
#    -27   -15       4.0988225293E-005
#    -27   -14       8.5457645389E-005
#    -27   -13       2.8416286974E-004
#    -27   -12       3.5159761117E-005
#    -27   -11       2.5680914681E-004
#    -27   -10       8.5694104542E-005
#    -27    -9       6.1276391102E-005
#    -27    -8       1.5845283231E-004
#    -27    -7       1.4205576966E-006
#    -27    -6       5.1246274135E-005
#    -27    -5       3.4120698249E-005
#    -27    -4       3.9444342755E-006
#    -27    -3       1.6931009232E-005
#    -27    -2       1.0851909665E-006
#    -27    -1       6.1645564124E-005
#    -27     0       2.8273462876E-005
#    -27     1       1.5987783501E-005
#    -27     2       2.6897579337E-005
#    -27     3       1.2421946036E-006
#    -27     4       1.0510858364E-004
#    -27     5       5.4215715323E-005
#    -27     6       1.0125204161E-004
#    -27     7       1.5059107709E-004
#    -27     8       4.5203173499E-006
#    -27     9       7.6836914884E-005
#    -27    10       8.6776938339E-005
#    -27    11       1.0560714587E-004
#    -27    12       4.4774717325E-004
#    -27    13       4.9466063024E-005
#    -27    14       3.9908601575E-004
#    -27    15       9.7441855614E-005
#    -27    16       8.2319386296E-005
#    -27    17       4.1458816174E-005
#    -27    18       7.0242292994E-006
#    -27    19       2.6967674624E-005
#    -27    20       2.8473626760E-005
#    -27    21       6.8904829077E-005
#    -27    22       2.9391692468E-004
#    -27    23       2.2902812372E-005
#    -27    24       4.1172973809E-004
#    -27    25       1.8196093471E-004
#    -27    26       6.6930535536E-005
#    -27    27       2.2615346519E-004
#    -26   -18       1.4712530867E-005
#    -26   -17       3.7106660453E-007
#    -26   -16       6.8443327841E-005
#    -26   -15       1.1980286249E-005
#    -26   -14       8.3635647372E-005
#    -26   -13       4.6457234435E-005
#    -26   -12       1.7456035989E-005
#    -26   -11       7.8354996574E-005
#    -26   -10       7.3700665871E-006
#    -26    -9       5.8420822452E-005
#    -26    -8       2.3696570741E-005
#    -26    -7       6.2985758765E-006
#    -26    -6       2.9814993430E-005
#    -26    -5       5.2901823096E-006
#    -26    -4       1.5531869117E-005
#    -26    -3       3.5408876166E-005
#    -26    -2       5.7036352703E-008
#    -26    -1       6.8253371532E-005
#    -26     0       1.5340622510E-005
#    -26     1       2.7303102632E-005
#    -26     2       1.2723560917E-005
#    -26     3       5.0915793258E-006
#    -26     4       4.6252483070E-005
#    -26     5       4.1036100341E-005
#    -26     6       7.6987350658E-006
#    -26     7       7.1173110987E-005
#    -26     8       9.7382757839E-007
#    -26     9       8.5715869214E-005
#    -26    10       2.3284375617E-005
#    -26    11       6.6205730214E-005
#    -26    12       1.0567214177E-004
#    -26    13       8.4366721508E-006
#    -26    14       5.3343007251E-005
#    -26    15       1.6726969464E-005
#    -26    16       1.7390578038E-005
#    -26    17       8.3456329400E-007
#    -26    18       1.6967435678E-005
#    -26    19       5.6694132979E-005
#    -26    20       1.1501769691E-006
#    -26    21       3.5392642431E-005
#    -26    22       3.5046199243E-005
#    -26    23       7.1664383471E-006
#    -26    24       2.6686305439E-005
#    -26    25       5.6459660332E-005
#    -26    26       2.9157783937E-004
#    -26    27       8.7288184039E-005
#    -25   -19       2.5733862883E-005
#    -25   -18       1.8285005835E-004
#    -25   -17       1.3837017816E-004
#    -25   -16       1.0353079661E-004
#    -25   -15       3.3139623085E-004
#    -25   -14       1.1332773683E-004
#    -25   -13       3.1956195878E-004
#    -25   -12       2.8772258333E-004
#    -25   -11       5.7904666469E-005
#    -25   -10       5.3151080807E-004
#    -25    -9       3.3257817962E-005
#    -25    -8       7.0598871042E-005
#    -25    -7       5.1716801387E-005
#    -25    -6       4.1992508902E-006
#    -25    -5       8.5313999479E-004
#    -25    -4       9.2247444973E-006
#    -25    -3       1.8047882315E-005
#    -25    -2       4.6499212320E-005
#    -25    -1       4.5522379099E-007
#    -25     0       2.1798855039E-003
#    -25     1       1.3276143177E-005
#    -25     2       5.0346724736E-005
#    -25     3       9.9971096728E-005
#    -25     4       2.0691418658E-005
#    -25     5       3.7100336034E-003
#    -25     6       3.5693037111E-005
#    -25     7       3.6774356953E-005
#    -25     8       7.5762240047E-005
#    -25     9       8.8343411696E-006
#    -25    10       5.0928712514E-003
#    -25    11       4.5504430338E-005
#    -25    12       2.2985858277E-004
#    -25    13       2.3962397268E-004
#    -25    14       7.9001164486E-005
#    -25    15       3.3599248951E-003
#    -25    16       4.3568013708E-005
#    -25    17       7.2670458426E-005
#    -25    18       7.9075987045E-005
#    -25    19       1.9430034705E-005
#    -25    20       1.1497800026E-003
#    -25    21       7.4105022916E-005
#    -25    22       1.6325773807E-004
#    -25    23       2.0386991258E-004
#    -25    24       7.0824139653E-005
#    -25    25       3.0777888055E-004
#    -25    26       1.2525270646E-004
#    -25    27       1.0767094925E-004
#    -24   -20       2.2424149612E-005
#    -24   -19       4.0790398033E-005
#    -24   -18       8.6039164000E-006
#    -24   -17       7.3460073381E-005
#    -24   -16       7.0705544585E-005
#    -24   -15       5.0752392348E-005
#    -24   -14       1.6539362324E-004
#    -24   -13       3.0966712380E-005
#    -24   -12       5.7004310913E-005
#    -24   -11       6.5148023522E-005
#    -24   -10       3.9800962590E-006
#    -24    -9       5.3912348361E-005
#    -24    -8       3.4650648564E-005
#    -24    -7       7.1862253387E-006
#    -24    -6       2.3551045099E-005
#    -24    -5       1.7521047883E-005
#    -24    -4       1.2172546646E-006
#    -24    -3       1.0914945085E-005
#    -24    -2       4.1711613619E-006
#    -24    -1       1.1677784697E-005
#    -24     0       8.6100815720E-006
#    -24     1       5.9855369401E-005
#    -24     2       7.1875944360E-006
#    -24     3       4.4413437880E-005
#    -24     4       3.9298364505E-006
#    -24     5       1.6022548106E-005
#    -24     6       7.1477518399E-006
#    -24     7       1.0368357089E-005
#    -24     8       4.0233638943E-006
#    -24     9       1.6860218083E-006
#    -24    10       1.2102261983E-005
#    -24    11       6.3820357599E-005
#    -24    12       3.0143157953E-005
#    -24    13       1.2880603985E-004
#    -24    14       9.5672356913E-005
#    -24    15       2.4942853858E-005
#    -24    16       1.2717426496E-004
#    -24    17       1.1698904026E-006
#    -24    18       7.9956268842E-006
#    -24    19       8.3453581595E-005
#    -24    20       6.0741351837E-006
#    -24    21       1.5209524189E-004
#    -24    22       4.7421844281E-005
#    -24    23       1.4143173932E-004
#    -24    24       8.6484557956E-005
#    -24    25       3.7139767370E-005
#    -24    26       1.6454448758E-004
#    -23   -20       5.1178710442E-005
#    -23   -19       1.9075624266E-004
#    -23   -18       1.5471610792E-005
#    -23   -17       2.7098818210E-004
#    -23   -16       1.2593743793E-004
#    -23   -15       1.3569927000E-004
#    -23   -14       2.6888491347E-004
#    -23   -13       1.2777091407E-005
#    -23   -12       2.1479326147E-004
#    -23   -11       7.0059175108E-005
#    -23   -10       5.9275252590E-005
#    -23    -9       1.2438392124E-004
#    -23    -8       2.3087211894E-006
#    -23    -7       9.7611292716E-005
#    -23    -6       5.4742731493E-005
#    -23    -5       2.6386576263E-005
#    -23    -4       5.0349652003E-005
#    -23    -3       1.3726118676E-005
#    -23    -2       2.4894745195E-005
#    -23    -1       2.3207825616E-005
#    -23     0       7.9225441283E-005
#    -23     1       3.0011961867E-004
#    -23     2       2.9062697474E-005
#    -23     3       1.8759415382E-004
#    -23     4       4.1466137808E-005
#    -23     5       4.3188386301E-005
#    -23     6       3.2778912584E-005
#    -23     7       1.2294195674E-006
#    -23     8       5.5595268150E-005
#    -23     9       5.5238603442E-005
#    -23    10       1.0134556599E-004
#    -23    11       4.3835197503E-004
#    -23    12       2.6090547175E-005
#    -23    13       5.0749327628E-004
#    -23    14       1.1510456633E-004
#    -23    15       1.3326390819E-004
#    -23    16       1.2293949573E-004
#    -23    17       1.2737409559E-005
#    -23    18       1.2374592162E-004
#    -23    19       5.7262462874E-005
#    -23    20       1.8891732268E-004
#    -23    21       1.8563941531E-004
#    -23    22       1.5769394317E-005
#    -23    23       2.4442123389E-004
#    -23    24       1.6382380157E-004
#    -23    25       8.5143477972E-005
#    -23    26       3.7152257383E-004
#    -22   -21       3.0878406268E-005
#    -22   -20       6.8523842230E-005
#    -22   -19       5.3314693224E-005
#    -22   -18       2.4219964764E-004
#    -22   -17       2.3893448930E-005
#    -22   -16       2.8414710957E-004
#    -22   -15       1.3000762182E-004
#    -22   -14       1.0158681889E-004
#    -22   -13       1.9130155347E-004
#    -22   -12       2.8316106444E-005
#    -22   -11       1.3371949286E-004
#    -22   -10       7.2591629075E-005
#    -22    -9       8.9516188196E-006
#    -22    -8       6.1705817116E-005
#    -22    -7       1.0108281088E-005
#    -22    -6       4.9365558275E-005
#    -22    -5       5.5440253753E-005
#    -22    -4       5.3773499787E-005
#    -22    -3       7.9674808838E-005
#    -22    -2       4.5176788514E-005
#    -22    -1       4.4766117640E-004
#    -22     0       2.0453074929E-004
#    -22     1       1.6214861835E-004
#    -22     2       1.7657017260E-004
#    -22     3       4.0352843130E-006
#    -22     4       6.5144238434E-005
#    -22     5       7.6594878010E-005
#    -22     6       8.6846248828E-005
#    -22     7       2.4704642188E-004
#    -22     8       1.7674747595E-005
#    -22     9       3.9526303171E-004
#    -22    10       2.4159080713E-004
#    -22    11       3.2525779368E-004
#    -22    12       8.0174329395E-004
#    -22    13       1.0439878417E-004
#    -22    14       6.1317786605E-004
#    -22    15       8.6897346090E-005
#    -22    16       2.0471687371E-004
#    -22    17       1.8995294155E-004
#    -22    18       1.2584764339E-005
#    -22    19       1.7290414961E-004
#    -22    20       3.3216558005E-004
#    -22    21       6.9057664102E-005
#    -22    22       5.5765763681E-004
#    -22    23       1.4635658519E-004
#    -22    24       4.3012495438E-004
#    -22    25       6.5342244344E-005
#    -22    26       6.3657418172E-005
#    -21   -22       1.4954348851E-005
#    -21   -21       4.3962728600E-005
#    -21   -20       1.4567033187E-005
#    -21   -19       8.8599802399E-005
#    -21   -18       9.9713592406E-005
#    -21   -17       1.0439251337E-005
#    -21   -16       1.1802869007E-004
#    -21   -15       3.6251769408E-005
#    -21   -14       3.5146499917E-005
#    -21   -13       2.0089584436E-005
#    -21   -12       1.8951331167E-005
#    -21   -11       3.9376053696E-005
#    -21   -10       3.4789276422E-006
#    -21    -9       3.3725081414E-005
#    -21    -8       5.1460100964E-006
#    -21    -7       3.1104305552E-006
#    -21    -6       1.6087425463E-005
#    -21    -5       3.5223106893E-006
#    -21    -4       4.1940121460E-006
#    -21    -3       6.2596053934E-005
#    -21    -2       3.6066183022E-005
#    -21    -1       1.2608873992E-004
#    -21     0       4.3258566214E-005
#    -21     1       5.5473530321E-005
#    -21     2       1.2732677973E-005
#    -21     3       2.1102323280E-005
#    -21     4       3.3974929379E-005
#    -21     5       5.8040150794E-005
#    -21     6       4.3998195416E-005
#    -21     7       1.1288222828E-004
#    -21     8       6.3163195473E-006
#    -21     9       2.2971341509E-004
#    -21    10       7.9753890255E-005
#    -21    11       1.8039054915E-004
#    -21    12       2.0554566312E-004
#    -21    13       4.5589116041E-005
#    -21    14       1.8208468975E-004
#    -21    15       4.9637947737E-005
#    -21    16       4.8747033977E-005
#    -21    17       2.6911667556E-005
#    -21    18       1.2298445954E-005
#    -21    19       2.9405576452E-005
#    -21    20       6.2608068001E-006
#    -21    21       1.7859430526E-005
#    -21    22       6.2516491820E-005
#    -21    23       1.2528193250E-005
#    -21    24       5.6318411824E-004
#    -21    25       5.1667991201E-006
#    -20   -22       1.4583620226E-004
#    -20   -21       5.9679153320E-005
#    -20   -20       2.3604255570E-004
#    -20   -19       3.1187572206E-005
#    -20   -18       5.2454154758E-004
#    -20   -17       2.8117466278E-004
#    -20   -16       8.7261866425E-005
#    -20   -15       4.9194702223E-004
#    -20   -14       3.7040729330E-005
#    -20   -13       1.6419103278E-004
#    -20   -12       1.1600970520E-004
#    -20   -11       1.5922665595E-005
#    -20   -10       1.0131853057E-003
#    -20    -9       5.5550632171E-006
#    -20    -8       7.9496918304E-006
#    -20    -7       7.5602285174E-005
#    -20    -6       5.6824583922E-005
#    -20    -5       3.5700336612E-003
#    -20    -4       6.0924673453E-006
#    -20    -3       2.6498003928E-004
#    -20    -2       2.2579693810E-004
#    -20    -1       4.6245349304E-005
#    -20     0       1.4371645832E-002
#    -20     1       4.8726847661E-006
#    -20     2       6.2269290714E-006
#    -20     3       8.9486863386E-005
#    -20     4       4.9721143186E-006
#    -20     5       1.3098717126E-002
#    -20     6       5.3045869775E-005
#    -20     7       1.3636367463E-004
#    -20     8       2.1077476336E-004
#    -20     9       9.2910928435E-005
#    -20    10       7.5264209229E-003
#    -20    11       1.7962583862E-004
#    -20    12       5.6345487907E-004
#    -20    13       4.2302822635E-004
#    -20    14       1.5648289446E-004
#    -20    15       1.6209702289E-003
#    -20    16       9.3075061272E-006
#    -20    17       2.2254722893E-004
#    -20    18       1.1871883511E-004
#    -20    19       2.5538925793E-005
#    -20    20       2.4881144820E-003
#    -20    21       1.1745917006E-004
#    -20    22       1.5352235005E-004
#    -20    23       4.5835202765E-004
#    -20    24       3.3787724337E-005
#    -20    25       1.8533374549E-003
#    -19   -23       4.3349349312E-006
#    -19   -22       5.9834482684E-005
#    -19   -21       5.8229052567E-005
#    -19   -20       7.1894265546E-006
#    -19   -19       8.0279296239E-005
#    -19   -18       8.5848259326E-006
#    -19   -17       1.1135524902E-004
#    -19   -16       5.1327719919E-005
#    -19   -15       3.4442875410E-005
#    -19   -14       9.1226796694E-005
#    -19   -13       1.7770336475E-005
#    -19   -12       2.1564287024E-005
#    -19   -11       2.6017706353E-005
#    -19   -10       4.9928678372E-007
#    -19    -9       2.2593218019E-006
#    -19    -8       4.6094653181E-007
#    -19    -7       5.6663554239E-005
#    -19    -6       1.3150003640E-005
#    -19    -5       5.9902575186E-005
#    -19    -4       5.6760306992E-005
#    -19    -3       1.7724866540E-005
#    -19    -2       6.1377407606E-005
#    -19    -1       1.3231366345E-005
#    -19     0       1.4218105206E-005
#    -19     1       5.4897701561E-005
#    -19     2       1.5686067918E-005
#    -19     3       4.2734141247E-005
#    -19     4       3.4496849888E-005
#    -19     5       7.4133624400E-006
#    -19     6       1.5164197230E-006
#    -19     7       1.6558167497E-005
#    -19     8       5.2711301841E-005
#    -19     9       1.0644174308E-004
#    -19    10       1.6372785004E-005
#    -19    11       2.0379636120E-004
#    -19    12       4.7972455306E-006
#    -19    13       1.4697880650E-004
#    -19    14       6.2256979326E-005
#    -19    15       1.8589344018E-004
#    -19    16       5.2378774797E-005
#    -19    17       5.2613322360E-005
#    -19    18       7.3934511116E-005
#    -19    19       3.1468473084E-006
#    -19    20       6.0178516678E-005
#    -19    21       3.8266034947E-005
#    -19    22       1.4638598066E-004
#    -19    23       1.9579926150E-004
#    -19    24       9.5922466749E-007
#    -19    25       5.2961511124E-005
#    -18   -23       6.1251976266E-006
#    -18   -22       6.7514520462E-005
#    -18   -21       6.4394303166E-005
#    -18   -20       1.3699742267E-004
#    -18   -19       2.5282561981E-004
#    -18   -18       1.3943836530E-005
#    -18   -17       2.1062272189E-004
#    -18   -16       4.5741779930E-005
#    -18   -15       5.6514861925E-005
#    -18   -14       4.8961799902E-005
#    -18   -13       2.4144256724E-006
#    -18   -12       7.2325511035E-005
#    -18   -11       3.9718133454E-005
#    -18   -10       4.9205463193E-005
#    -18    -9       1.0005722097E-004
#    -18    -8       1.3189454402E-005
#    -18    -7       5.5856292406E-005
#    -18    -6       5.1424174017E-006
#    -18    -5       1.3494949930E-005
#    -18    -4       1.2811874112E-004
#    -18    -3       1.6105624871E-005
#    -18    -2       4.9860780599E-006
#    -18    -1       3.4484767916E-005
#    -18     0       2.4473970975E-004
#    -18     1       7.3836907061E-004
#    -18     2       6.5878525942E-005
#    -18     3       4.1594179976E-004
#    -18     4       7.7110337272E-005
#    -18     5       8.3327997116E-005
#    -18     6       2.7099806825E-004
#    -18     7       1.8861755714E-005
#    -18     8       5.0853127975E-004
#    -18     9       1.4375695237E-004
#    -18    10       7.2354131498E-005
#    -18    11       7.3809908038E-005
#    -18    12       1.1663057092E-006
#    -18    13       1.4239168409E-004
#    -18    14       1.5367761020E-004
#    -18    15       7.8478586149E-005
#    -18    16       4.4247051679E-004
#    -18    17       1.2809755772E-005
#    -18    18       6.6425942389E-005
#    -18    19       1.0030427469E-005
#    -18    20       3.0979373413E-005
#    -18    21       2.4808127087E-004
#    -18    22       3.6372056224E-005
#    -18    23       2.9270778952E-004
#    -18    24       1.9928752703E-004
#    -17   -24       7.9511543667E-005
#    -17   -23       1.1885019863E-004
#    -17   -22       2.0243432040E-006
#    -17   -21       2.1534837820E-004
#    -17   -20       7.9158121150E-005
#    -17   -19       1.5721483256E-004
#    -17   -18       1.6939162204E-004
#    -17   -17       7.5114476240E-006
#    -17   -16       1.4913205300E-004
#    -17   -15       1.9077023708E-005
#    -17   -14       2.8598495128E-005
#    -17   -13       8.2457983247E-005
#    -17   -12       1.5395546556E-005
#    -17   -11       1.4937667931E-004
#    -17   -10       7.7322125507E-005
#    -17    -9       8.6235078491E-005
#    -17    -8       5.8476850340E-005
#    -17    -7       1.0523497027E-005
#    -17    -6       1.3012913489E-005
#    -17    -5       9.0841334420E-005
#    -17    -4       2.7281102289E-005
#    -17    -3       7.6923384743E-005
#    -17    -2       5.6572336332E-005
#    -17    -1       7.8618699280E-004
#    -17     0       3.8122426666E-004
#    -17     1       4.9750808625E-004
#    -17     2       8.7889318487E-004
#    -17     3       5.8176158165E-005
#    -17     4       6.0225563457E-004
#    -17     5       2.7786984217E-004
#    -17     6       3.2725798085E-004
#    -17     7       7.1911506196E-004
#    -17     8       3.4102816391E-005
#    -17     9       1.8308387410E-004
#    -17    10       1.8147454757E-005
#    -17    11       1.6098020791E-005
#    -17    12       8.1065132386E-005
#    -17    13       7.5390620952E-006
#    -17    14       7.7103061688E-005
#    -17    15       5.6711378916E-005
#    -17    16       1.4021644852E-006
#    -17    17       1.3816966288E-006
#    -17    18       1.8837064887E-005
#    -17    19       1.8200885086E-004
#    -17    20       3.3417596639E-004
#    -17    21       1.0063313762E-004
#    -17    22       4.8391063047E-006
#    -17    23       1.1489824029E-004
#    -17    24       1.6761894420E-004
#    -16   -24       5.2825175534E-005
#    -16   -23       9.9062084536E-005
#    -16   -22       2.9552987958E-005
#    -16   -21       1.1161049735E-004
#    -16   -20       7.3376976705E-006
#    -16   -19       1.0425394056E-004
#    -16   -18       1.0455314974E-004
#    -16   -17       1.3804835596E-005
#    -16   -16       5.5454282807E-005
#    -16   -15       8.7961169598E-006
#    -16   -14       2.5034473404E-005
#    -16   -13       1.9569010760E-005
#    -16   -12       3.7907668277E-005
#    -16   -11       1.3495863068E-004
#    -16   -10       2.7297920058E-007
#    -16    -9       3.1307933243E-005
#    -16    -8       2.3060871331E-007
#    -16    -7       1.3990748444E-005
#    -16    -6       5.2200563886E-005
#    -16    -5       3.2025193332E-006
#    -16    -4       1.9316620281E-005
#    -16    -3       6.5557955722E-005
#    -16    -2       4.6503356445E-005
#    -16    -1       6.7936416072E-004
#    -16     0       1.0383907474E-004
#    -16     1       5.5886810390E-004
#    -16     2       1.9978939142E-004
#    -16     3       1.8172540618E-004
#    -16     4       2.9380413166E-004
#    -16     5       1.0827582722E-004
#    -16     6       2.5146875889E-004
#    -16     7       1.4292303231E-004
#    -16     8       3.5546623399E-005
#    -16     9       4.8692852056E-006
#    -16    10       2.3442099306E-005
#    -16    11       2.8679021601E-005
#    -16    12       4.2608025885E-005
#    -16    13       1.4039956346E-006
#    -16    14       2.9653866717E-005
#    -16    15       6.7718263377E-006
#    -16    16       2.2340651091E-005
#    -16    17       3.3862680345E-005
#    -16    18       7.1919879496E-006
#    -16    19       1.3146294077E-005
#    -16    20       8.2672494411E-006
#    -16    21       1.5500834955E-005
#    -16    22       7.9835925310E-006
#    -16    23       2.5424940570E-005
#    -15   -25       1.5034421114E-004
#    -15   -24       1.0726874196E-004
#    -15   -23       2.1425644161E-004
#    -15   -22       2.4405675522E-004
#    -15   -21       1.1784870525E-004
#    -15   -20       4.3200322226E-004
#    -15   -19       3.1394289969E-005
#    -15   -18       2.0773666258E-004
#    -15   -17       5.0703176939E-005
#    -15   -16       1.6588452800E-005
#    -15   -15       6.3309579777E-004
#    -15   -14       8.5085239558E-005
#    -15   -13       2.6683550018E-004
#    -15   -12       4.5635040169E-004
#    -15   -11       1.3124689670E-004
#    -15   -10       4.9729806601E-003
#    -15    -9       2.6026905515E-005
#    -15    -8       4.5763432873E-005
#    -15    -7       1.6073117944E-004
#    -15    -6       7.5883521239E-005
#    -15    -5       1.3140688423E-002
#    -15    -4       3.4788038834E-005
#    -15    -3       5.0360639581E-004
#    -15    -2       1.0075014500E-003
#    -15    -1       3.3927051797E-004
#    -15     0       2.4536714092E-002
#    -15     1       4.4935460280E-004
#    -15     2       1.2726890490E-003
#    -15     3       6.7875777543E-004
#    -15     4       2.0533037226E-004
#    -15     5       2.3257724362E-002
#    -15     6       1.3948355492E-004
#    -15     7       2.3423816750E-004
#    -15     8       1.5132188357E-005
#    -15     9       3.2081731861E-006
#    -15    10       1.2085267492E-002
#    -15    11       1.4663334965E-004
#    -15    12       2.0796327761E-004
#    -15    13       2.8789722166E-005
#    -15    14       5.0046275077E-005
#    -15    15       1.5743758329E-002
#    -15    16       9.7957029448E-006
#    -15    17       2.4950366596E-004
#    -15    18       5.1784275518E-004
#    -15    19       5.1228021634E-005
#    -15    20       9.7882058944E-004
#    -15    21       2.6527677008E-004
#    -15    22       3.4422478861E-004
#    -15    23       8.2960469411E-004
#    -14   -25       1.5009004368E-005
#    -14   -24       1.5044155645E-004
#    -14   -23       1.2328090393E-005
#    -14   -22       1.0668450702E-004
#    -14   -21       1.0725861073E-004
#    -14   -20       4.8314305650E-006
#    -14   -19       7.3353111811E-005
#    -14   -18       1.6842774823E-005
#    -14   -17       1.0512223703E-005
#    -14   -16       1.1159264800E-005
#    -14   -15       1.0805653788E-006
#    -14   -14       1.3587499770E-004
#    -14   -13       5.0410097520E-005
#    -14   -12       1.1306577280E-004
#    -14   -11       6.5100932749E-005
#    -14   -10       7.0146871896E-006
#    -14    -9       2.0868422976E-005
#    -14    -8       1.9281166575E-005
#    -14    -7       7.9643794426E-005
#    -14    -6       8.4306094500E-005
#    -14    -5       4.3720789993E-005
#    -14    -4       1.4377679353E-004
#    -14    -3       5.1840568184E-005
#    -14    -2       3.5209923797E-004
#    -14    -1       3.9142391501E-004
#    -14     0       7.0525135009E-005
#    -14     1       3.3733382923E-004
#    -14     2       2.0268760785E-005
#    -14     3       2.1670797955E-004
#    -14     4       1.2232009772E-004
#    -14     5       2.8493321852E-005
#    -14     6       6.7827442376E-005
#    -14     7       1.1136249778E-005
#    -14     8       3.7249914961E-005
#    -14     9       2.0254643836E-004
#    -14    10       3.1828413881E-005
#    -14    11       2.8161237274E-004
#    -14    12       4.1232017738E-006
#    -14    13       8.2746017973E-005
#    -14    14       3.5755483904E-006
#    -14    15       2.6842688195E-004
#    -14    16       3.2259777423E-005
#    -14    17       4.1856742070E-005
#    -14    18       8.0168600349E-005
#    -14    19       3.0473160924E-005
#    -14    20       3.5435400468E-004
#    -14    21       7.5161692665E-004
#    -14    22       3.4107437949E-004
#    -13   -26       3.3011362463E-005
#    -13   -25       6.4770891716E-005
#    -13   -24       2.6455370068E-004
#    -13   -23       9.4379879069E-006
#    -13   -22       1.9271161471E-004
#    -13   -21       4.6085868551E-005
#    -13   -20       7.7419997935E-005
#    -13   -19       1.0675474439E-004
#    -13   -18       2.4802838183E-006
#    -13   -17       1.7694484443E-007
#    -13   -16       1.7007454561E-005
#    -13   -15       4.7677789709E-005
#    -13   -14       2.8602652922E-004
#    -13   -13       2.9952105649E-005
#    -13   -12       2.0353081810E-004
#    -13   -11       7.6909613834E-005
#    -13   -10       9.5213245180E-005
#    -13    -9       4.1428684831E-004
#    -13    -8       3.8785275502E-005
#    -13    -7       1.5665978849E-004
#    -13    -6       1.0441161212E-005
#    -13    -5       4.8811799223E-005
#    -13    -4       6.7347708365E-004
#    -13    -3       9.9455919664E-005
#    -13    -2       1.0716238681E-003
#    -13    -1       4.3793705844E-004
#    -13     0       1.3864171457E-004
#    -13     1       6.6657807551E-005
#    -13     2       3.2439231478E-006
#    -13     3       7.3085891708E-006
#    -13     4       1.7257149771E-006
#    -13     5       1.3756593420E-004
#    -13     6       4.5967492308E-004
#    -13     7       2.1482433337E-005
#    -13     8       7.4171980593E-004
#    -13     9       3.7217770754E-004
#    -13    10       3.0925126769E-004
#    -13    11       6.6128449687E-004
#    -13    12       1.6679474631E-005
#    -13    13       9.1990376191E-005
#    -13    14       1.3639771791E-004
#    -13    15       1.6276036407E-004
#    -13    16       7.4240801630E-004
#    -13    17       4.0121894163E-005
#    -13    18       2.5536373603E-004
#    -13    19       6.3605377952E-005
#    -13    20       1.9344128434E-004
#    -13    21       3.5874705815E-004
#    -12   -26       9.9016450191E-005
#    -12   -25       6.2051352400E-005
#    -12   -24       6.7105242402E-005
#    -12   -23       2.8330524650E-004
#    -12   -22       9.7733692250E-006
#    -12   -21       2.2720106412E-004
#    -12   -20       5.7649107608E-005
#    -12   -19       1.4794993160E-005
#    -12   -18       5.3942242901E-006
#    -12   -17       1.8130805704E-005
#    -12   -16       1.3171992203E-004
#    -12   -15       1.3767029551E-004
#    -12   -14       1.0371337698E-004
#    -12   -13       2.7489803371E-004
#    -12   -12       5.4264029952E-005
#    -12   -11       3.0971684723E-004
#    -12   -10       3.0893896994E-004
#    -12    -9       1.4751328346E-004
#    -12    -8       2.4640655481E-004
#    -12    -7       1.6548444853E-005
#    -12    -6       2.9194420797E-004
#    -12    -5       3.0138414763E-004
#    -12    -4       1.7836550253E-004
#    -12    -3       6.0315991163E-004
#    -12    -2       3.9903006430E-005
#    -12    -1       3.8217155965E-005
#    -12     0       5.9871653860E-006
#    -12     1       2.8312511124E-005
#    -12     2       2.2637056073E-004
#    -12     3       3.4210446697E-005
#    -12     4       8.3999780950E-004
#    -12     5       5.5023354647E-004
#    -12     6       6.7554232968E-004
#    -12     7       1.4971505806E-003
#    -12     8       1.1064146169E-004
#    -12     9       1.0268174483E-003
#    -12    10       5.0592745675E-004
#    -12    11       1.7688692304E-004
#    -12    12       2.0049351244E-004
#    -12    13       5.3644442718E-006
#    -12    14       2.1507246754E-004
#    -12    15       2.4964450766E-004
#    -12    16       1.2596815775E-004
#    -12    17       2.9179916957E-004
#    -12    18       1.3930819383E-005
#    -12    19       4.0551094449E-004
#    -12    20       2.7152417408E-004
#    -12    21       1.0668491460E-003
#    -11   -26       3.3483194976E-005
#    -11   -25       2.9223688760E-005
#    -11   -24       1.2069055946E-004
#    -11   -23       1.5691236563E-004
#    -11   -22       3.0658636349E-005
#    -11   -21       3.6860470794E-005
#    -11   -20       2.7136286124E-005
#    -11   -19       1.0123937123E-005
#    -11   -18       7.8279183238E-006
#    -11   -17       6.3710797265E-006
#    -11   -16       1.8705143251E-005
#    -11   -15       9.3090099556E-006
#    -11   -14       4.7604154431E-005
#    -11   -13       4.6654780145E-005
#    -11   -12       6.1362794418E-005
#    -11   -11       2.6182578221E-004
#    -11   -10       2.5968522404E-006
#    -11    -9       1.4495591067E-004
#    -11    -8       3.8600753099E-005
#    -11    -7       5.8326057441E-005
#    -11    -6       3.2773418027E-004
#    -11    -5       3.6385483984E-005
#    -11    -4       1.6880057372E-004
#    -11    -3       5.8717907304E-005
#    -11    -2       6.9589456276E-006
#    -11    -1       9.1536462556E-005
#    -11     0       3.2352800988E-005
#    -11     1       3.2070669292E-004
#    -11     2       2.4662798556E-004
#    -11     3       1.9175940792E-004
#    -11     4       8.0295379850E-004
#    -11     5       1.5214946223E-004
#    -11     6       3.9860861940E-004
#    -11     7       2.2860884823E-004
#    -11     8       5.8546853569E-005
#    -11     9       2.5634453159E-004
#    -11    10       1.1054754528E-005
#    -11    11       1.3636091436E-004
#    -11    12       9.8288886650E-005
#    -11    13       3.2988372707E-005
#    -11    14       4.6363280582E-004
#    -11    15       1.9361432282E-005
#    -11    16       1.7661773047E-004
#    -11    17       3.9396443188E-005
#    -11    18       4.7407851842E-005
#    -11    19       4.7682921919E-004
#    -11    20       6.8753411437E-006
#    -10   -27       5.7968026051E-005
#    -10   -26       7.7219387739E-006
#    -10   -25       3.6524323810E-004
#    -10   -24       6.3774032599E-005
#    -10   -23       3.5993618071E-004
#    -10   -22       1.7812847280E-004
#    -10   -21       2.9695358412E-005
#    -10   -20       3.1538153580E-005
#    -10   -19       9.9723647021E-006
#    -10   -18       4.5732958668E-005
#    -10   -17       4.9033460972E-005
#    -10   -16       2.4037842963E-005
#    -10   -15       3.2531858160E-003
#    -10   -14       8.3191297366E-005
#    -10   -13       5.6402542218E-004
#    -10   -12       7.0742306391E-004
#    -10   -11       3.4912096980E-004
#    -10   -10       7.3577041466E-003
#    -10    -9       8.5437266829E-005
#    -10    -8       6.0047195232E-004
#    -10    -7       6.8527774262E-004
#    -10    -6       2.1362073603E-004
#    -10    -5       2.3743015980E-002
#    -10    -4       1.0675980509E-004
#    -10    -3       2.9936467473E-005
#    -10    -2       3.6419385947E-004
#    -10    -1       2.5251441614E-004
#    -10     0       3.4503837069E-002
#    -10     1       5.7491430909E-004
#    -10     2       2.1960342782E-003
#    -10     3       1.4535409713E-003
#    -10     4       5.0621532454E-004
#    -10     5       1.4319028120E-002
#    -10     6       5.2076656104E-004
#    -10     7       1.0536371320E-003
#    -10     8       8.4569530593E-004
#    -10     9       2.8285899061E-004
#    -10    10       1.5762287228E-002
#    -10    11       1.1745944752E-005
#    -10    12       1.9528604290E-004
#    -10    13       6.5977050141E-004
#    -10    14       2.4023406600E-004
#    -10    15       2.0327847222E-002
#    -10    16       3.5270737195E-004
#    -10    17       6.4956238819E-004
#    -10    18       5.0962356606E-004
#    -10    19       2.4986526116E-004
#     -9   -27       2.8143642353E-005
#     -9   -26       8.4791772347E-005
#     -9   -25       2.9171443573E-005
#     -9   -24       6.5139831030E-005
#     -9   -23       2.2636812904E-005
#     -9   -22       1.2147623565E-004
#     -9   -21       1.0223632990E-004
#     -9   -20       9.0956272094E-006
#     -9   -19       3.0656264787E-005
#     -9   -18       3.5769688789E-006
#     -9   -17       1.1418391304E-005
#     -9   -16       5.2553790291E-005
#     -9   -15       5.9993193373E-006
#     -9   -14       1.7960491254E-004
#     -9   -13       3.4298594412E-005
#     -9   -12       2.8516080036E-004
#     -9   -11       2.4454735243E-004
#     -9   -10       4.4485605325E-005
#     -9    -9       2.1914912494E-004
#     -9    -8       5.7167293731E-005
#     -9    -7       2.6547366376E-004
#     -9    -6       2.0205217135E-004
#     -9    -5       3.0642879073E-006
#     -9    -4       2.9403389078E-006
#     -9    -3       3.6796088520E-005
#     -9    -2       2.9452485409E-004
#     -9    -1       6.4033531478E-004
#     -9     0       1.3090957717E-004
#     -9     1       8.1444268169E-004
#     -9     2       2.7548217108E-005
#     -9     3       3.5824128556E-004
#     -9     4       2.3288045934E-004
#     -9     5       7.1451236312E-005
#     -9     6       1.4470265878E-004
#     -9     7       3.5064017223E-005
#     -9     8       1.5670982957E-004
#     -9     9       5.2431133221E-005
#     -9    10       1.2845240135E-005
#     -9    11       3.1375945485E-004
#     -9    12       4.0718108938E-005
#     -9    13       1.1503382797E-004
#     -9    14       1.3115042130E-004
#     -9    15       2.6291758112E-004
#     -9    16       2.0481588634E-004
#     -9    17       1.3096344259E-005
#     -9    18       3.1571328127E-004
#     -9    19       5.9722498459E-005
#     -8   -27       9.9412475689E-005
#     -8   -26       1.3009093520E-004
#     -8   -25       8.5173017729E-005
#     -8   -24       2.3011294881E-004
#     -8   -23       8.6915806128E-006
#     -8   -22       1.9747096346E-004
#     -8   -21       1.5323731470E-004
#     -8   -20       2.4978297788E-005
#     -8   -19       4.6458463419E-005
#     -8   -18       1.5532297002E-005
#     -8   -17       4.1383448162E-005
#     -8   -16       1.2778109568E-004
#     -8   -15       1.0437215457E-004
#     -8   -14       4.9886450243E-004
#     -8   -13       5.4837696370E-005
#     -8   -12       4.9247891936E-004
#     -8   -11       1.0563296121E-004
#     -8   -10       1.0456663823E-004
#     -8    -9       2.6494510399E-004
#     -8    -8       5.2071205509E-006
#     -8    -7       2.3955429884E-004
#     -8    -6       3.8698565794E-005
#     -8    -5       9.8472420980E-005
#     -8    -4       8.8038789608E-004
#     -8    -3       1.2759336474E-004
#     -8    -2       2.0631564861E-003
#     -8    -1       8.0396762300E-004
#     -8     0       5.4172017421E-004
#     -8     1       6.4239936460E-004
#     -8     2       8.0663212311E-006
#     -8     3       3.4907190438E-004
#     -8     4       8.5690749930E-005
#     -8     5       2.4260959603E-005
#     -8     6       1.1617940556E-004
#     -8     7       5.0294911192E-005
#     -8     8       3.3035670748E-005
#     -8     9       2.2971950237E-005
#     -8    10       2.9206106971E-004
#     -8    11       6.1198186675E-004
#     -8    12       1.1863405388E-004
#     -8    13       1.4209356387E-004
#     -8    14       9.7056618635E-005
#     -8    15       7.4616151062E-005
#     -8    16       1.3415169325E-003
#     -8    17       1.1957840594E-004
#     -8    18       1.0857913936E-003
#     -7   -27       1.9167628552E-006
#     -7   -26       1.6575070360E-004
#     -7   -25       1.0256517187E-004
#     -7   -24       2.6041201078E-004
#     -7   -23       5.4503205477E-004
#     -7   -22       1.7059379104E-006
#     -7   -21       1.0015319008E-004
#     -7   -20       3.8528557733E-005
#     -7   -19       8.5064779055E-005
#     -7   -18       7.5833663214E-005
#     -7   -17       4.4388819083E-006
#     -7   -16       1.5927858880E-004
#     -7   -15       1.5929707428E-004
#     -7   -14       3.5290482575E-004
#     -7   -13       4.9778241130E-004
#     -7   -12       4.1401112475E-005
#     -7   -11       1.2509168573E-004
#     -7   -10       2.0942169537E-005
#     -7    -9       1.0060989140E-005
#     -7    -8       2.7118443689E-005
#     -7    -7       4.5798093360E-006
#     -7    -6       4.1830957185E-004
#     -7    -5       5.9659324445E-004
#     -7    -4       6.0682680256E-004
#     -7    -3       1.5803929855E-003
#     -7    -2       1.3078301269E-004
#     -7    -1       7.2010466874E-004
#     -7     0       9.5364555603E-005
#     -7     1       9.7561632885E-005
#     -7     2       1.3795508222E-005
#     -7     3       3.3848176831E-005
#     -7     4       2.2113849350E-004
#     -7     5       1.6903762648E-004
#     -7     6       1.8430941503E-004
#     -7     7       4.4061847223E-004
#     -7     8       5.2855541645E-005
#     -7     9       1.9836691688E-004
#     -7    10       4.7789146606E-004
#     -7    11       4.9121068949E-004
#     -7    12       9.1499089934E-004
#     -7    13       9.5917202216E-006
#     -7    14       4.2974222039E-004
#     -7    15       2.4223551232E-004
#     -7    16       9.4315787261E-004
#     -7    17       7.1974350024E-004
#     -6   -27       2.9505747849E-006
#     -6   -26       1.1828005274E-004
#     -6   -25       1.7540450819E-005
#     -6   -24       1.4684180745E-004
#     -6   -23       1.5340271217E-004
#     -6   -22       3.3280780390E-006
#     -6   -21       7.5772208171E-005
#     -6   -20       3.5357344958E-005
#     -6   -19       1.0934279952E-005
#     -6   -18       5.3180399110E-005
#     -6   -17       4.0778601378E-006
#     -6   -16       1.1784529222E-004
#     -6   -15       3.8211907915E-005
#     -6   -14       7.9961198213E-005
#     -6   -13       9.5893744574E-005
#     -6   -12       2.2953933092E-006
#     -6   -11       9.7532144084E-006
#     -6   -10       3.5997828303E-006
#     -6    -9       7.3847367246E-006
#     -6    -8       1.4244708631E-005
#     -6    -7       6.0745626851E-005
#     -6    -6       5.7013412794E-004
#     -6    -5       4.6728955785E-005
#     -6    -4       4.4007703974E-004
#     -6    -3       1.8268499068E-004
#     -6    -2       4.7937739387E-006
#     -6    -1       1.9706874728E-005
#     -6     0       3.6354967660E-006
#     -6     1       2.8937476729E-005
#     -6     2       9.8532258631E-005
#     -6     3       3.5241487875E-005
#     -6     4       4.2750540896E-004
#     -6     5       8.6643175392E-005
#     -6     6       1.2685560454E-004
#     -6     7       1.0098177947E-005
#     -6     8       1.3113015023E-005
#     -6     9       4.3909634693E-004
#     -6    10       8.3015374346E-005
#     -6    11       1.1366839409E-003
#     -6    12       9.5064347091E-004
#     -6    13       6.2416764590E-006
#     -6    14       1.6747455296E-004
#     -6    15       2.2476969009E-004
#     -6    16       7.1550070508E-004
#     -5   -27       2.4248871124E-004
#     -5   -26       5.0012753561E-005
#     -5   -25       3.7303998839E-004
#     -5   -24       1.2550593968E-004
#     -5   -23       2.5335932912E-004
#     -5   -22       3.0809610770E-004
#     -5   -21       1.7775714558E-005
#     -5   -20       1.1450857967E-003
#     -5   -19       6.8075739775E-005
#     -5   -18       8.8167321914E-005
#     -5   -17       2.3062336660E-004
#     -5   -16       9.5613250698E-005
#     -5   -15       1.7176789207E-003
#     -5   -14       1.2049801670E-004
#     -5   -13       1.3277887022E-004
#     -5   -12       7.0636853682E-005
#     -5   -11       1.2295663048E-004
#     -5   -10       1.2527895533E-002
#     -5    -9       9.4017100693E-005
#     -5    -8       7.4201812969E-004
#     -5    -7       1.2106593118E-003
#     -5    -6       4.0103342291E-004
#     -5    -5       1.4825298092E-002
#     -5    -4       3.6193246318E-004
#     -5    -3       3.0940290482E-004
#     -5    -2       3.0811107174E-005
#     -5    -1       4.4519908446E-005
#     -5     0       8.4694853967E-003
#     -5     1       1.4095484311E-004
#     -5     2       7.5605612820E-004
#     -5     3       5.3642757167E-004
#     -5     4       3.1453037283E-004
#     -5     5       1.2637869842E-003
#     -5     6       1.8371665692E-004
#     -5     7       1.6920084017E-004
#     -5     8       1.4296475188E-003
#     -5     9       6.1350546951E-004
#     -5    10       5.1867579366E-002
#     -5    11       4.8142797539E-004
#     -5    12       1.2924281374E-003
#     -5    13       5.3917748194E-004
#     -5    14       2.1605019709E-004
#     -5    15       1.7237945591E-002
#     -4   -28       3.7855523563E-006
#     -4   -27       2.3008870876E-005
#     -4   -26       4.8312067036E-005
#     -4   -25       1.7014105018E-005
#     -4   -24       7.9871648807E-005
#     -4   -23       4.1757875694E-006
#     -4   -22       5.9776974764E-005
#     -4   -21       4.1012289562E-005
#     -4   -20       2.5516298156E-005
#     -4   -19       6.0597005622E-005
#     -4   -18       1.5300758871E-005
#     -4   -17       1.0029045813E-005
#     -4   -16       1.0027065896E-005
#     -4   -15       2.2880895156E-005
#     -4   -14       6.4996816685E-005
#     -4   -13       1.0026693613E-005
#     -4   -12       1.8547044639E-004
#     -4   -11       1.8164498280E-004
#     -4   -10       8.1204500549E-005
#     -4    -9       3.5423768485E-004
#     -4    -8       1.2192141827E-004
#     -4    -7       3.5290386586E-004
#     -4    -6       6.5931691239E-004
#     -4    -5       2.8924008373E-005
#     -4    -4       8.5552396259E-005
#     -4    -3       2.7097803916E-005
#     -4    -2       7.2694355068E-005
#     -4    -1       1.2523831711E-004
#     -4     0       1.5443756665E-005
#     -4     1       1.0044738907E-004
#     -4     2       3.7326260638E-005
#     -4     3       1.4129838707E-004
#     -4     4       6.6270766175E-005
#     -4     5       5.4812573527E-005
#     -4     6       1.2791161302E-004
#     -4     7       7.8925544943E-005
#     -4     8       5.0250935600E-004
#     -4     9       1.0493729459E-003
#     -4    10       6.3502072359E-005
#     -4    11       1.3124191554E-003
#     -4    12       6.1709873342E-005
#     -4    13       2.8071771023E-006
#     -4    14       2.3922790267E-004
#     -3   -28       4.3416644063E-006
#     -3   -27       2.2816318487E-004
#     -3   -26       9.4473294487E-005
#     -3   -25       1.2985077008E-004
#     -3   -24       3.7268354373E-004
#     -3   -23       3.0438774173E-005
#     -3   -22       1.8795024157E-004
#     -3   -21       2.4701736824E-004
#     -3   -20       1.1334140540E-004
#     -3   -19       1.7827264629E-004
#     -3   -18       4.3783318069E-005
#     -3   -17       2.2591240751E-004
#     -3   -16       6.7157760963E-005
#     -3   -15       1.1350318857E-004
#     -3   -14       8.4496554208E-005
#     -3   -13       3.8324773668E-006
#     -3   -12       2.1878969441E-004
#     -3   -11       2.3595459293E-004
#     -3   -10       3.3828526428E-004
#     -3    -9       1.0219083788E-003
#     -3    -8       3.7627061061E-005
#     -3    -7       9.1694007519E-004
#     -3    -6       7.3708779389E-005
#     -3    -5       2.8608077399E-005
#     -3    -4       2.0281227049E-004
#     -3    -3       1.1703373067E-005
#     -3    -2       7.0824953034E-004
#     -3    -1       7.2317800903E-005
#     -3     0       2.0199104067E-005
#     -3     1       2.0945143517E-005
#     -3     2       7.6254571289E-006
#     -3     3       1.5261389742E-004
#     -3     4       3.2760185024E-005
#     -3     5       1.9651936380E-004
#     -3     6       4.3970357406E-004
#     -3     7       5.7411507131E-005
#     -3     8       3.7497896701E-004
#     -3     9       3.7764671496E-004
#     -3    10       6.9896223258E-004
#     -3    11       1.0213165407E-003
#     -3    12       4.3999171055E-005
#     -3    13       2.1672174467E-004
#     -2   -28       5.7109026097E-005
#     -2   -27       2.6961800705E-005
#     -2   -26       4.1418463923E-004
#     -2   -25       2.1297974436E-004
#     -2   -24       1.9407977702E-005
#     -2   -23       2.4451971175E-004
#     -2   -22       2.4134901798E-005
#     -2   -21       2.5235477088E-004
#     -2   -20       1.9953427443E-004
#     -2   -19       2.1309089574E-005
#     -2   -18       1.3776447086E-004
#     -2   -17       3.9418762508E-005
#     -2   -16       3.4403409474E-004
#     -2   -15       2.8927773017E-005
#     -2   -14       3.4160010594E-005
#     -2   -13       7.2755377794E-005
#     -2   -12       2.4107607944E-005
#     -2   -11       6.7838539678E-004
#     -2   -10       3.3025692340E-004
#     -2    -9       3.0769093823E-004
#     -2    -8       7.6451272572E-004
#     -2    -7       2.9582503795E-005
#     -2    -6       1.2335867032E-004
#     -2    -5       2.1610548921E-004
#     -2    -4       2.8564332099E-004
#     -2    -3       6.6056042570E-004
#     -2    -2       4.7273071897E-006
#     -2    -1       3.3787976268E-005
#     -2     0       6.6285781412E-005
#     -2     1       3.4012625155E-004
#     -2     2       8.0779873769E-004
#     -2     3       2.0719639877E-005
#     -2     4       5.3117305535E-005
#     -2     5       1.8186473373E-005
#     -2     6       1.0849886266E-004
#     -2     7       4.7938542307E-005
#     -2     8       3.3180046691E-005
#     -2     9       3.8238294854E-004
#     -2    10       2.7724810317E-004
#     -2    11       7.2180624065E-005
#     -2    12       3.6119529498E-004
#     -1   -27       9.3154949474E-005
#     -1   -26       7.7012251886E-005
#     -1   -25       1.7643209039E-005
#     -1   -24       3.1615941470E-005
#     -1   -23       7.7114174677E-005
#     -1   -22       3.3162824440E-005
#     -1   -21       8.2647640883E-005
#     -1   -20       4.4750691616E-007
#     -1   -19       6.6293857088E-006
#     -1   -18       2.5978824694E-005
#     -1   -17       6.2134851606E-005
#     -1   -16       3.3399037153E-006
#     -1   -15       2.8694402079E-005
#     -1   -14       6.7335264320E-006
#     -1   -13       8.7182913265E-005
#     -1   -12       6.1445188959E-006
#     -1   -11       3.5122605583E-004
#     -1   -10       9.8288833498E-005
#     -1    -9       1.9058586993E-004
#     -1    -8       1.2698018295E-004
#     -1    -7       2.1876398310E-005
#     -1    -6       2.2963081352E-004
#     -1    -5       1.7719597854E-005
#     -1    -4       3.3180887135E-004
#     -1    -3       3.5874107755E-005
#     -1    -2       1.3324279263E-005
#     -1    -1       1.9565760765E-004
#     -1     0       4.4145929650E-005
#     -1     1       6.5981107931E-004
#     -1     2       4.4315829483E-004
#     -1     3       4.1965077051E-005
#     -1     4       2.6275516263E-005
#     -1     5       2.9079488592E-005
#     -1     6       1.5578554354E-004
#     -1     7       9.8121614921E-005
#     -1     8       4.4704961513E-005
#     -1     9       9.8090695872E-005
#     -1    10       1.3345528930E-004
#     -1    11       4.1669218827E-004
#      0   -27       1.8876104150E-004
#      0   -26       1.9794222620E-004
#      0   -25       3.8716261068E-004
#      0   -24       1.7377388727E-004
#      0   -23       3.7361342701E-004
#      0   -22       4.0036461954E-004
#      0   -21       1.3477507049E-004
#      0   -20       2.4189659678E-003
#      0   -19       1.3098767781E-005
#      0   -18       8.0986913637E-005
#      0   -17       1.0305941795E-006
#      0   -16       2.5711065377E-006
#      0   -15       1.4791065092E-002
#      0   -14       2.2008664324E-005
#      0   -13       7.7306155803E-005
#      0   -12       2.9114579906E-004
#      0   -11       5.2637960114E-005
#      0   -10       1.5488695450E-002
#      0    -9       7.0628186706E-005
#      0    -8       9.9484291542E-005
#      0    -7       3.6895928552E-004
#      0    -6       1.9248946507E-004
#      0    -5       1.2730789182E-003
#      0    -4       7.0924110190E-005
#      0    -3       1.0578935517E-004
#      0    -2       6.6060701201E-004
#      0    -1       8.0138938926E-004
#      0     0       4.0935509345E-002
#      0     1       3.4363315586E-004
#      0     2       1.1249261473E-003
#      0     3       4.7174682732E-005
#      0     4       1.9575736206E-004
#      0     5       9.5436605875E-003
#      0     6       4.6979410539E-004
#      0     7       5.9242977403E-004
#      0     8       6.8537122784E-004
#      0     9       1.8320631745E-005
#      0    10       1.3925826659E-002
#      1   -27       1.1135914200E-004
#      1   -26       2.1501146059E-004
#      1   -25       4.2313609956E-005
#      1   -24       1.2547839798E-004
#      1   -23       2.4431838729E-005
#      1   -22       2.1106868161E-004
#      1   -21       6.4438005292E-005
#      1   -20       1.0020536562E-005
#      1   -19       1.6834505016E-006
#      1   -18       9.2014495622E-006
#      1   -17       8.4113004092E-005
#      1   -16       2.5157340319E-005
#      1   -15       9.6230338841E-005
#      1   -14       6.7934944814E-005
#      1   -13       5.9983433515E-005
#      1   -12       1.5711010787E-006
#      1   -11       3.6114734446E-006
#      1   -10       3.6467385464E-006
#      1    -9       4.0542513326E-005
#      1    -8       3.2287039514E-005
#      1    -7       4.4589474695E-006
#      1    -6       2.7776584118E-004
#      1    -5       1.9370463027E-005
#      1    -4       8.0384273447E-005
#      1    -3       9.5009509513E-005
#      1    -2       3.7432389724E-004
#      1    -1       6.4031788313E-004
#      1     0       3.0666591250E-004
#      1     1       6.7573289188E-004
#      1     2       4.5013050139E-005
#      1     3       1.7995463592E-004
#      1     4       8.8721863671E-005
#      1     5       4.2651358047E-004
#      1     6       3.4978796616E-004
#      1     7       5.2471902043E-006
#      1     8       2.2908599910E-004
#      1     9       2.0799840263E-004
#      2   -27       1.1182683374E-004
#      2   -26       2.2347313469E-004
#      2   -25       2.0520690299E-004
#      2   -24       4.9117806686E-004
#      2   -23       6.8450977549E-005
#      2   -22       2.2999663432E-004
#      2   -21       1.5849086413E-005
#      2   -20       5.4351518877E-006
#      2   -19       1.3608811050E-004
#      2   -18       6.6716766418E-005
#      2   -17       2.8760538095E-004
#      2   -16       5.0188181800E-005
#      2   -15       1.9455480676E-004
#      2   -14       3.2884448397E-004
#      2   -13       1.8949217647E-005
#      2   -12       2.0991543288E-004
#      2   -11       3.5379012363E-004
#      2   -10       1.9732571997E-004
#      2    -9       1.8008024011E-004
#      2    -8       7.2115366885E-006
#      2    -7       7.6660392953E-005
#      2    -6       5.6839797202E-005
#      2    -5       1.6568929519E-004
#      2    -4       3.9504189968E-006
#      2    -3       3.8977980124E-005
#      2    -2       1.1146669439E-003
#      2    -1       6.1907465852E-004
#      2     0       4.4126367422E-004
#      2     1       9.4880231576E-004
#      2     2       1.3025593654E-005
#      2     3       5.6658179258E-005
#      2     4       3.5233606105E-004
#      2     5       1.6814541700E-003
#      2     6       4.7607278124E-004
#      2     7       1.6362189012E-005
#      2     8       1.4643699936E-003
#      3   -26       3.0184001168E-004
#      3   -25       4.0009838936E-005
#      3   -24       4.3085673402E-004
#      3   -23       3.0508989217E-004
#      3   -22       6.1568307834E-005
#      3   -21       4.3746724499E-004
#      3   -20       1.4239904448E-004
#      3   -19       1.0915758196E-004
#      3   -18       4.9432391285E-004
#      3   -17       8.0240757700E-005
#      3   -16       6.7157476926E-004
#      3   -15       2.3142477736E-004
#      3   -14       4.2153931769E-004
#      3   -13       6.1036819510E-004
#      3   -12       5.0449253636E-005
#      3   -11       6.4454004374E-004
#      3   -10       3.5521190179E-004
#      3    -9       3.2536291433E-004
#      3    -8       1.5404685054E-003
#      3    -7       1.3159142810E-004
#      3    -6       5.8097480839E-004
#      3    -5       1.4412251836E-005
#      3    -4       9.2513107986E-005
#      3    -3       6.6736719327E-005
#      3    -2       2.6491341929E-005
#      3    -1       9.2531846135E-004
#      3     0       5.4344170434E-004
#      3     1       3.8561607983E-004
#      3     2       1.9409611436E-003
#      3     3       1.8040110636E-004
#      3     4       9.6718513382E-004
#      3     5       8.3140762993E-005
#      3     6       1.6971385903E-004
#      4   -26       4.7044704117E-005
#      4   -25       1.7447176201E-005
#      4   -24       4.9373168241E-004
#      4   -23       1.6268630979E-004
#      4   -22       2.0383850692E-005
#      4   -21       8.0331140825E-005
#      4   -20       6.2994248970E-005
#      4   -19       2.0604252054E-004
#      4   -18       1.5800556392E-005
#      4   -17       8.9892867736E-005
#      4   -16       8.2064132778E-005
#      4   -15       6.1082514631E-005
#      4   -14       2.0158037539E-004
#      4   -13       6.1175235773E-005
#      4   -12       6.6510940659E-005
#      4   -11       7.6105849876E-004
#      4   -10       2.7406171430E-004
#      4    -9       7.0502651672E-004
#      4    -8       6.1851611115E-004
#      4    -7       1.4275351380E-005
#      4    -6       6.7157316113E-005
#      4    -5       1.9539990366E-005
#      4    -4       1.7086882144E-004
#      4    -3       6.6042142976E-005
#      4    -2       1.1539971514E-004
#      4    -1       7.8070226056E-004
#      4     0       1.5386173385E-004
#      4     1       9.6015777509E-004
#      4     2       4.5850011882E-004
#      4     3       3.5758508469E-004
#      4     4       3.1482370346E-004
#      4     5       9.0962679108E-005
#      5   -25       1.6357445090E-003
#      5   -24       1.1673715581E-004
#      5   -23       3.2686489899E-004
#      5   -22       1.5297735428E-005
#      5   -21       1.7567966898E-004
#      5   -20       8.8646366092E-004
#      5   -19       2.3887497736E-005
#      5   -18       2.1283207422E-004
#      5   -17       2.0635507047E-004
#      5   -16       8.7259762512E-005
#      5   -15       1.9821557310E-002
#      5   -14       1.1844723171E-004
#      5   -13       1.1154950168E-004
#      5   -12       9.9179085085E-004
#      5   -11       9.1360363114E-004
#      5   -10       5.1149696357E-002
#      5    -9       6.9627712476E-004
#      5    -8       4.2316864200E-004
#      5    -7       2.8686487493E-005
#      5    -6       2.0593743743E-004
#      5    -5       9.3929128498E-003
#      5    -4       1.1984509309E-004
#      5    -3       9.2118116725E-005
#      5    -2       1.9885584980E-003
#      5    -1       6.0262754099E-004
#      5     0       6.8176063041E-002
#      5     1       3.2087394731E-004
#      5     2       1.6783846052E-003
#      5     3       1.2024991074E-004
#      6   -25       5.1286005374E-005
#      6   -24       1.3746362154E-004
#      6   -23       1.9579534417E-004
#      6   -22       3.8525943416E-004
#      6   -21       2.0439731461E-004
#      6   -20       1.9888953176E-004
#      6   -19       3.1032188330E-005
#      6   -18       6.2649037814E-006
#      6   -17       1.0468263699E-004
#      6   -16       1.4915268516E-004
#      6   -15       2.0170244112E-004
#      6   -14       4.4993055621E-005
#      6   -13       2.1873651615E-004
#      6   -12       8.1505532951E-004
#      6   -11       3.4029229917E-004
#      6   -10       1.4719052551E-004
#      6    -9       4.4308401176E-004
#      6    -8       2.2080544370E-004
#      6    -7       7.8077069317E-005
#      6    -6       8.2021640910E-004
#      6    -5       2.6924010701E-004
#      6    -4       3.9031087442E-004
#      6    -3       3.7865115673E-004
#      6    -2       7.4624148933E-004
#      6    -1       1.0165083681E-003
#      6     0       2.2717767563E-005
#      6     1       6.6932770246E-004
#      6     2       1.2364412130E-004
#      7   -24       1.9529857654E-004
#      7   -23       6.5909594832E-005
#      7   -22       5.3252089364E-004
#      7   -21       2.8748505781E-004
#      7   -20       1.5916892270E-004
#      7   -19       3.8183940445E-004
#      7   -18       7.3953106418E-005
#      7   -17       8.3459575530E-004
#      7   -16       1.4242692494E-004
#      7   -15       3.0745964370E-004
#      7   -14       3.4189997050E-004
#      7   -13       1.6305393556E-005
#      7   -12       1.4985089771E-003
#      7   -11       1.3367793079E-003
#      7   -10       5.6849167564E-004
#      7    -9       5.5914070423E-004
#      7    -8       4.8362796660E-005
#      7    -7       5.1427746988E-004
#      7    -6       1.5552092072E-004
#      7    -5       1.3749750616E-003
#      7    -4       6.3887298406E-004
#      7    -3       2.0037473043E-005
#      7    -2       1.2170389419E-003
#      7    -1       4.8995527147E-004
#      7     0       9.1600722861E-004
#      8   -23       6.0396978979E-004
#      8   -22       3.1692004880E-004
#      8   -21       6.9990256752E-004
#      8   -20       2.2358148096E-004
#      8   -19       9.4241467570E-004
#      8   -18       5.9632997021E-004
#      8   -17       1.5502414021E-004
#      8   -16       1.4296620366E-003
#      8   -15       1.7535175079E-004
#      8   -14       8.1769360332E-005
#      8   -13       5.1094501601E-004
#      8   -12       2.9818274505E-005
#      8   -11       1.1713976086E-003
#      8   -10       2.0918498340E-004
#      8    -9       1.6313739003E-004
#      8    -8       7.1085955962E-004
#      8    -7       6.8000002083E-005
#      8    -6       7.3472645509E-004
#      8    -5       1.1155873807E-004
#      8    -4       1.8520294091E-004
#      8    -3       7.9987614295E-005
#      8    -2       4.5383142071E-005
#      9   -21       3.9168727897E-004
#      9   -20       1.8067480722E-004
#      9   -19       3.7635879789E-004
#      9   -18       2.4678676542E-004
#      9   -17       2.2340964604E-004
#      9   -16       7.8692651661E-004
#      9   -15       7.9823767158E-005
#      9   -14       3.4810783973E-004
#      9   -13       2.0503474769E-005
#      9   -12       1.6312158734E-005
#      9   -11       1.9928334572E-004
#      9   -10       1.0366292031E-005
#      9    -9       4.7536189498E-004
#      9    -8       1.2865741664E-004
#      9    -7       2.1047696499E-004
#      9    -6       4.2586083456E-004
#      9    -5       5.8173224429E-005
#     10   -19       1.2969387796E-005
#     10   -18       9.7707250039E-004
#     10   -17       5.2930822129E-004
#     10   -16       2.9316657343E-004
#     10   -15       1.8806622700E-002
#     10   -14       1.7898433946E-004
#     10   -13       2.9747418664E-004
#     10   -12       4.8055482462E-004
#     10   -11       6.4082049013E-005
#     10   -10       1.3766510067E-002
#     10    -9       5.8978441582E-005
#     10    -8       1.2108994055E-003
