 Diffraction intensities for potential:_5x5_04D10003.in                        
#    -45    11       2.4681758697E-006
#    -45    12       5.0779279038E-005
#    -45    13       1.0749401070E-004
#    -45    14       9.2104631192E-006
#    -45    15       2.1272083106E-004
#    -45    16       8.2162144968E-006
#    -44     7       1.5841419108E-005
#    -44     8       4.3892024064E-005
#    -44     9       1.7198299742E-005
#    -44    10       9.5882179909E-006
#    -44    11       8.9656217322E-006
#    -44    12       3.8552878300E-005
#    -44    13       4.1896586466E-005
#    -44    14       4.4348478341E-005
#    -44    15       6.1697220002E-006
#    -44    16       2.2579982556E-005
#    -44    17       3.2753900326E-005
#    -44    18       7.3976506736E-005
#    -44    19       1.8885352447E-005
#    -44    20       3.8922404015E-005
#    -43     4       2.3018857247E-005
#    -43     5       1.1366393096E-006
#    -43     6       5.5741812964E-005
#    -43     7       9.1734915404E-006
#    -43     8       5.0500729567E-005
#    -43     9       5.8612410911E-005
#    -43    10       2.3955148657E-005
#    -43    11       2.1459845151E-004
#    -43    12       3.4859891922E-005
#    -43    13       9.4822258638E-005
#    -43    14       8.2134009773E-005
#    -43    15       2.4285545018E-005
#    -43    16       2.1288893468E-004
#    -43    17       2.7651815963E-005
#    -43    18       6.7560071470E-005
#    -43    19       1.2791115437E-004
#    -43    20       1.5162575985E-005
#    -43    21       7.2908908751E-005
#    -43    22       3.7216586143E-005
#    -42     2       1.4648673109E-005
#    -42     3       2.7376153789E-005
#    -42     4       7.8701406886E-005
#    -42     5       2.3469043439E-006
#    -42     6       9.7832874125E-006
#    -42     7       5.7128740219E-005
#    -42     8       8.7605036398E-006
#    -42     9       1.9203231089E-004
#    -42    10       2.2312093611E-005
#    -42    11       9.0694614687E-005
#    -42    12       1.1488416015E-004
#    -42    13       7.3779052992E-006
#    -42    14       3.0584425661E-004
#    -42    15       1.6116463826E-005
#    -42    16       1.2214593524E-004
#    -42    17       9.6883172980E-005
#    -42    18       4.5130198031E-005
#    -42    19       3.5616880178E-004
#    -42    20       1.6774390848E-005
#    -42    21       8.0692639777E-005
#    -42    22       5.5960696964E-005
#    -42    23       2.5268783364E-006
#    -41     0       1.1890359523E-005
#    -41     1       1.4193406589E-006
#    -41     2       2.0377050061E-005
#    -41     3       3.3493631576E-005
#    -41     4       2.8873497143E-006
#    -41     5       1.9913906750E-005
#    -41     6       1.8504866336E-005
#    -41     7       6.9053097620E-005
#    -41     8       1.7895830346E-005
#    -41     9       1.8600916383E-005
#    -41    10       2.2436947686E-005
#    -41    11       7.1091427873E-005
#    -41    12       2.3803000652E-004
#    -41    13       8.7778444011E-005
#    -41    14       2.3249250098E-005
#    -41    15       3.4730336629E-005
#    -41    16       1.0008692076E-004
#    -41    17       1.8307509012E-004
#    -41    18       9.0216196293E-005
#    -41    19       3.6804255658E-005
#    -41    20       6.1030471027E-005
#    -41    21       4.3991557656E-005
#    -41    22       1.6223531024E-004
#    -41    23       4.8248304269E-005
#    -41    24       3.3161395771E-005
#    -40    -2       3.8364897344E-005
#    -40    -1       3.5140118003E-006
#    -40     0       2.6631215249E-004
#    -40     1       9.3040222637E-007
#    -40     2       9.1902209844E-005
#    -40     3       5.1188535173E-005
#    -40     4       2.4225873355E-007
#    -40     5       2.0363453434E-004
#    -40     6       2.2608565785E-006
#    -40     7       1.5922913388E-004
#    -40     8       1.5488541611E-004
#    -40     9       1.4389062857E-006
#    -40    10       5.2707930589E-004
#    -40    11       1.4725959419E-005
#    -40    12       2.4064607074E-004
#    -40    13       3.7210672581E-004
#    -40    14       1.2327386201E-005
#    -40    15       6.7507641993E-004
#    -40    16       1.4023228033E-006
#    -40    17       2.8019783967E-004
#    -40    18       2.8154554384E-004
#    -40    19       4.6507401204E-006
#    -40    20       4.0970555716E-004
#    -40    21       4.4514121002E-006
#    -40    22       8.2188634304E-005
#    -40    23       1.7738548054E-004
#    -40    24       1.0741271699E-005
#    -40    25       2.7624032617E-004
#    -39    -4       7.7406602641E-006
#    -39    -3       1.7894275024E-005
#    -39    -2       2.8971029391E-005
#    -39    -1       3.1895687493E-005
#    -39     0       1.1259406237E-005
#    -39     1       9.7539204615E-006
#    -39     2       3.2475087238E-005
#    -39     3       5.0219832011E-005
#    -39     4       3.9800329263E-005
#    -39     5       1.5655922514E-005
#    -39     6       2.2609579552E-005
#    -39     7       7.7207946225E-005
#    -39     8       8.7631918335E-005
#    -39     9       6.6189677342E-005
#    -39    10       1.4558956513E-005
#    -39    11       4.6179155597E-005
#    -39    12       8.8015212866E-005
#    -39    13       1.9702415096E-004
#    -39    14       1.1865901552E-004
#    -39    15       4.9310645700E-005
#    -39    16       5.8940627114E-005
#    -39    17       1.2249318878E-004
#    -39    18       2.8603973887E-004
#    -39    19       6.4895922727E-005
#    -39    20       6.5923027987E-005
#    -39    21       4.0449382443E-005
#    -39    22       7.0205065112E-005
#    -39    23       2.0446529329E-004
#    -39    24       1.2683060513E-004
#    -39    25       5.5267746915E-005
#    -39    26       1.4195343371E-005
#    -38    -5       4.8888404215E-006
#    -38    -4       7.7621257100E-005
#    -38    -3       1.5525273552E-005
#    -38    -2       6.7137891545E-005
#    -38    -1       5.8637362452E-005
#    -38     0       6.1669284712E-006
#    -38     1       1.2034681561E-004
#    -38     2       1.2870509903E-005
#    -38     3       8.7014219879E-005
#    -38     4       7.7056394053E-005
#    -38     5       2.6251156933E-005
#    -38     6       2.1168915421E-004
#    -38     7       3.0171285307E-005
#    -38     8       7.8327864782E-005
#    -38     9       1.0093251759E-004
#    -38    10       2.5470820554E-005
#    -38    11       4.2685923644E-004
#    -38    12       4.9474749040E-005
#    -38    13       1.8638310061E-004
#    -38    14       3.0047858330E-004
#    -38    15       1.0984376912E-004
#    -38    16       5.0671061151E-004
#    -38    17       7.0847627011E-005
#    -38    18       2.6584222205E-004
#    -38    19       1.2548039117E-004
#    -38    20       2.5783540667E-005
#    -38    21       3.7578797404E-004
#    -38    22       4.6774337075E-005
#    -38    23       1.5121414451E-004
#    -38    24       3.5968221958E-004
#    -38    25       1.9757974213E-005
#    -38    26       2.2048820403E-004
#    -37    -7       2.2210263811E-005
#    -37    -6       6.2961642153E-005
#    -37    -5       3.3833122016E-006
#    -37    -4       3.2894403660E-005
#    -37    -3       2.8864002010E-005
#    -37    -2       1.8191755730E-005
#    -37    -1       9.9379069574E-005
#    -37     0       1.5232558631E-005
#    -37     1       4.2576474081E-005
#    -37     2       2.7576447253E-005
#    -37     3       1.8788495036E-005
#    -37     4       2.8857844917E-004
#    -37     5       1.8826579069E-005
#    -37     6       7.6257127013E-005
#    -37     7       1.1340746452E-004
#    -37     8       1.7705872842E-005
#    -37     9       2.6976040452E-004
#    -37    10       3.1778193068E-005
#    -37    11       1.4133175554E-004
#    -37    12       2.2871006478E-004
#    -37    13       1.9049061252E-005
#    -37    14       6.2015951662E-004
#    -37    15       1.6717785328E-005
#    -37    16       1.9128468444E-004
#    -37    17       1.8649798756E-004
#    -37    18       7.1203311564E-005
#    -37    19       3.6343185004E-004
#    -37    20       5.5672880975E-005
#    -37    21       1.4232853222E-004
#    -37    22       1.8720705892E-004
#    -37    23       3.6268277818E-005
#    -37    24       5.9276085898E-004
#    -37    25       3.7656069770E-005
#    -37    26       8.4158959028E-005
#    -37    27       9.8225336136E-005
#    -36    -8       2.7785575478E-005
#    -36    -7       1.7475912378E-005
#    -36    -6       8.2364100040E-007
#    -36    -5       1.5975414492E-005
#    -36    -4       4.4272775941E-005
#    -36    -3       5.3739081911E-005
#    -36    -2       2.6402347815E-005
#    -36    -1       1.6097095715E-005
#    -36     0       1.7415038830E-005
#    -36     1       9.5400060673E-006
#    -36     2       9.6106026731E-005
#    -36     3       5.9697829945E-005
#    -36     4       2.0892939561E-005
#    -36     5       2.4402266294E-005
#    -36     6       7.1509871543E-005
#    -36     7       1.2465257188E-004
#    -36     8       5.2967338530E-005
#    -36     9       7.9936620618E-006
#    -36    10       2.0551862223E-005
#    -36    11       8.6382060261E-005
#    -36    12       1.5093715553E-004
#    -36    13       8.4911000996E-005
#    -36    14       1.8083759197E-005
#    -36    15       6.2785513900E-005
#    -36    16       2.0441891841E-004
#    -36    17       2.3493370807E-004
#    -36    18       8.4614373999E-005
#    -36    19       6.6862161102E-005
#    -36    20       8.1179624732E-005
#    -36    21       1.1224831446E-004
#    -36    22       2.1813747252E-004
#    -36    23       1.2244296263E-004
#    -36    24       4.5685152117E-005
#    -36    25       1.3645405325E-005
#    -36    26       6.6272954101E-005
#    -36    27       9.0898725412E-005
#    -35    -9       2.6590898987E-006
#    -35    -8       8.9424109885E-005
#    -35    -7       6.5099772118E-005
#    -35    -6       2.5564639163E-006
#    -35    -5       2.0787564658E-004
#    -35    -4       3.2885966028E-006
#    -35    -3       1.2168274331E-004
#    -35    -2       9.1516278169E-005
#    -35    -1       5.1992806770E-006
#    -35     0       3.3707565875E-004
#    -35     1       2.1157078308E-007
#    -35     2       1.7495673927E-004
#    -35     3       1.6811853204E-004
#    -35     4       6.5183352846E-006
#    -35     5       2.1032104130E-004
#    -35     6       4.0101079081E-006
#    -35     7       1.2955243767E-004
#    -35     8       1.7272715986E-004
#    -35     9       5.7050677787E-006
#    -35    10       6.8146469342E-004
#    -35    11       1.9420490825E-005
#    -35    12       1.8531892265E-004
#    -35    13       2.8315308644E-004
#    -35    14       7.6175842611E-006
#    -35    15       8.0908524870E-004
#    -35    16       7.5468195561E-006
#    -35    17       1.6512602501E-004
#    -35    18       1.5203209422E-004
#    -35    19       6.6764257181E-006
#    -35    20       6.9643550623E-004
#    -35    21       4.5242892822E-005
#    -35    22       2.7481484640E-004
#    -35    23       3.3156782825E-004
#    -35    24       9.6342650134E-006
#    -35    25       6.4350400627E-004
#    -35    26       9.3044973806E-006
#    -35    27       8.4865557618E-005
#    -34   -11       2.7656619876E-006
#    -34   -10       9.8986498169E-006
#    -34    -9       2.0390509369E-005
#    -34    -8       4.9590124284E-005
#    -34    -7       7.4990013565E-005
#    -34    -6       3.1201685622E-005
#    -34    -5       7.2314573971E-006
#    -34    -4       2.6041464841E-005
#    -34    -3       6.8901411040E-005
#    -34    -2       8.3186610112E-005
#    -34    -1       5.8971541384E-005
#    -34     0       3.0779673554E-005
#    -34     1       2.1264311652E-005
#    -34     2       6.4958020338E-005
#    -34     3       1.0816582458E-004
#    -34     4       7.7795341678E-005
#    -34     5       2.3145575594E-005
#    -34     6       2.0922391740E-005
#    -34     7       6.4236674430E-005
#    -34     8       6.5918689339E-005
#    -34     9       3.2789318200E-005
#    -34    10       3.9351507637E-006
#    -34    11       4.6690714560E-005
#    -34    12       6.7742511646E-005
#    -34    13       1.2758617459E-004
#    -34    14       5.2618228229E-005
#    -34    15       3.5477164375E-005
#    -34    16       4.5086742403E-005
#    -34    17       7.0498697762E-005
#    -34    18       2.2384870725E-004
#    -34    19       2.9762911325E-005
#    -34    20       2.3429736434E-005
#    -34    21       1.6982682109E-005
#    -34    22       1.6420622235E-004
#    -34    23       2.7605214175E-004
#    -34    24       1.9313523651E-004
#    -34    25       4.8206561657E-005
#    -34    26       2.5175043287E-005
#    -34    27       2.0542578818E-006
#    -33   -12       1.3713451870E-005
#    -33   -11       3.2445237269E-005
#    -33   -10       2.0922655835E-005
#    -33    -9       2.0810289202E-004
#    -33    -8       8.8860406491E-006
#    -33    -7       8.2549122821E-005
#    -33    -6       7.0214139432E-005
#    -33    -5       3.8992906954E-005
#    -33    -4       3.5226226109E-004
#    -33    -3       2.7930860746E-005
#    -33    -2       1.2096429146E-004
#    -33    -1       1.1511679277E-004
#    -33     0       1.8748314913E-005
#    -33     1       2.3460471723E-004
#    -33     2       2.5864622905E-005
#    -33     3       1.5041093758E-004
#    -33     4       5.5986168730E-005
#    -33     5       1.2003952426E-005
#    -33     6       1.3142122036E-004
#    -33     7       2.2087445798E-005
#    -33     8       2.7599891354E-005
#    -33     9       6.8473190326E-005
#    -33    10       4.5897582308E-005
#    -33    11       1.8416212830E-004
#    -33    12       3.2712008846E-005
#    -33    13       9.5176231449E-005
#    -33    14       1.6817106109E-004
#    -33    15       5.5023929352E-005
#    -33    16       1.9682414964E-004
#    -33    17       1.8223321406E-005
#    -33    18       7.8834584589E-005
#    -33    19       1.8501354621E-004
#    -33    20       8.4253824137E-006
#    -33    21       4.2784736417E-004
#    -33    22       1.1886157994E-004
#    -33    23       3.4967131354E-004
#    -33    24       1.3261044137E-004
#    -33    25       2.9599154570E-005
#    -33    26       4.3571321249E-004
#    -33    27       1.8648833430E-005
#    -32   -13       4.7314953329E-005
#    -32   -12       1.2984330607E-005
#    -32   -11       2.3052836783E-004
#    -32   -10       3.3160719935E-005
#    -32    -9       9.2268887594E-005
#    -32    -8       9.5723340507E-005
#    -32    -7       1.8700720502E-005
#    -32    -6       2.4354676511E-004
#    -32    -5       2.3208019123E-005
#    -32    -4       9.3788627440E-005
#    -32    -3       1.1592457552E-004
#    -32    -2       4.3707747958E-005
#    -32    -1       2.4099304266E-004
#    -32     0       2.5561523535E-005
#    -32     1       9.3668769490E-005
#    -32     2       3.7699162797E-005
#    -32     3       3.7335499036E-005
#    -32     4       1.2600533570E-004
#    -32     5       1.9581746841E-005
#    -32     6       3.3115984608E-005
#    -32     7       4.9728741519E-005
#    -32     8       2.5164935439E-007
#    -32     9       1.3709607468E-004
#    -32    10       1.6119901009E-005
#    -32    11       2.2686502608E-005
#    -32    12       1.9052307099E-004
#    -32    13       7.0473575914E-006
#    -32    14       1.7266389651E-004
#    -32    15       3.5644663054E-006
#    -32    16       2.9155213088E-005
#    -32    17       2.9544560002E-005
#    -32    18       1.9120132364E-005
#    -32    19       1.5625790653E-004
#    -32    20       3.1408169066E-005
#    -32    21       8.8853424576E-005
#    -32    22       1.2290843056E-004
#    -32    23       7.9694396450E-005
#    -32    24       4.6716319836E-004
#    -32    25       7.3200114180E-005
#    -32    26       2.0672570892E-004
#    -32    27       2.3265638101E-004
#    -32    28       8.3093183878E-007
#    -31   -14       2.2695565146E-005
#    -31   -13       7.2247572325E-005
#    -31   -12       5.1958454741E-005
#    -31   -11       3.1308783108E-005
#    -31   -10       1.6432865601E-005
#    -31    -9       4.3314735098E-005
#    -31    -8       1.1990610263E-004
#    -31    -7       4.9440296013E-005
#    -31    -6       2.7808981902E-005
#    -31    -5       3.4055580182E-005
#    -31    -4       1.0378278678E-004
#    -31    -3       1.5403188721E-004
#    -31    -2       8.2885715795E-005
#    -31    -1       1.9284333762E-005
#    -31     0       4.4936936606E-005
#    -31     1       5.4577219491E-005
#    -31     2       7.8982708114E-005
#    -31     3       3.2878885911E-005
#    -31     4       2.0384266345E-005
#    -31     5       9.9795815977E-007
#    -31     6       1.3056894908E-005
#    -31     7       3.8829961057E-005
#    -31     8       1.7597338315E-005
#    -31     9       5.0811773689E-006
#    -31    10       1.2315647327E-005
#    -31    11       9.5462330454E-005
#    -31    12       1.6681052977E-005
#    -31    13       6.2540363638E-006
#    -31    14       9.1982902080E-006
#    -31    15       7.2116418256E-006
#    -31    16       5.6502224423E-006
#    -31    17       2.0661450652E-005
#    -31    18       1.8873491295E-009
#    -31    19       3.7200181441E-005
#    -31    20       5.7265967289E-005
#    -31    21       1.5271769849E-004
#    -31    22       2.3435032724E-004
#    -31    23       1.3793771043E-004
#    -31    24       5.8704057736E-005
#    -31    25       2.7330868975E-005
#    -31    26       7.4787475744E-005
#    -31    27       7.5383364168E-005
#    -31    28       7.7369884895E-005
#    -30   -15       2.0792864745E-004
#    -30   -14       1.6930070779E-006
#    -30   -13       1.3564539370E-004
#    -30   -12       1.9525612184E-004
#    -30   -11       2.0194219144E-005
#    -30   -10       5.3635153433E-004
#    -30    -9       3.9555220543E-006
#    -30    -8       1.0142128805E-004
#    -30    -7       1.9028453388E-004
#    -30    -6       1.5619262918E-005
#    -30    -5       2.4584323198E-004
#    -30    -4       1.1800892669E-005
#    -30    -3       1.9411396736E-004
#    -30    -2       1.1918254146E-004
#    -30    -1       1.3456583899E-006
#    -30     0       1.0411032156E-003
#    -30     1       1.9645507474E-006
#    -30     2       6.7789285818E-005
#    -30     3       2.4424670348E-005
#    -30     4       3.0266056990E-006
#    -30     5       1.1488827905E-003
#    -30     6       2.0733808387E-007
#    -30     7       7.5470671878E-005
#    -30     8       8.5023991866E-005
#    -30     9       1.5892172249E-005
#    -30    10       7.1795539628E-004
#    -30    11       3.7768406459E-005
#    -30    12       8.3403458043E-005
#    -30    13       4.7447033781E-005
#    -30    14       1.2312799905E-005
#    -30    15       6.5685053850E-004
#    -30    16       1.1406879806E-005
#    -30    17       4.3173397560E-006
#    -30    18       1.3612125351E-005
#    -30    19       4.8004901217E-006
#    -30    20       1.2346740305E-004
#    -30    21       1.2454020054E-005
#    -30    22       2.8751908234E-004
#    -30    23       6.8974866825E-004
#    -30    24       5.5699570610E-006
#    -30    25       5.3007468322E-004
#    -30    26       2.0905000192E-005
#    -30    27       1.6757248438E-004
#    -30    28       6.4284921344E-005
#    -29   -16       3.2464835321E-005
#    -29   -15       3.9972455433E-005
#    -29   -14       1.4324249679E-005
#    -29   -13       5.4823995205E-005
#    -29   -12       1.9990135972E-004
#    -29   -11       6.9019852064E-005
#    -29   -10       1.2899634766E-005
#    -29    -9       3.2279076697E-005
#    -29    -8       6.5718208762E-005
#    -29    -7       1.3700694662E-004
#    -29    -6       5.1071339915E-005
#    -29    -5       3.0703738698E-006
#    -29    -4       9.7531483982E-006
#    -29    -3       6.6880346859E-005
#    -29    -2       8.1098181381E-005
#    -29    -1       2.4006480607E-005
#    -29     0       5.8927965818E-006
#    -29     1       7.2285357675E-006
#    -29     2       7.1547598937E-005
#    -29     3       1.7467038663E-005
#    -29     4       4.1050849431E-005
#    -29     5       4.8910080495E-005
#    -29     6       2.2405234846E-005
#    -29     7       2.2426555551E-005
#    -29     8       1.0275775459E-004
#    -29     9       5.8595868384E-006
#    -29    10       1.6246053014E-005
#    -29    11       1.7098950207E-005
#    -29    12       1.9009925116E-005
#    -29    13       6.9868414187E-005
#    -29    14       8.3959792845E-005
#    -29    15       7.1538571052E-006
#    -29    16       9.8139880992E-006
#    -29    17       1.5443627615E-005
#    -29    18       1.7270751285E-005
#    -29    19       1.5022598012E-005
#    -29    20       2.4919005542E-005
#    -29    21       3.1507370395E-005
#    -29    22       8.1263229750E-005
#    -29    23       2.3961163898E-004
#    -29    24       1.8816597364E-004
#    -29    25       2.2267162715E-005
#    -29    26       2.2658143982E-005
#    -29    27       1.8176649385E-004
#    -28   -16       1.1575475789E-004
#    -28   -15       1.3557615765E-005
#    -28   -14       2.3214440358E-004
#    -28   -13       4.8017954797E-005
#    -28   -12       1.5549436574E-004
#    -28   -11       1.9750144104E-004
#    -28   -10       2.2241366963E-005
#    -28    -9       2.9139502256E-004
#    -28    -8       1.8158192132E-005
#    -28    -7       9.6871157978E-005
#    -28    -6       1.1739257949E-004
#    -28    -5       1.0940426092E-005
#    -28    -4       2.1664353936E-004
#    -28    -3       5.3971685366E-006
#    -28    -2       4.4140793214E-005
#    -28    -1       5.7505753293E-005
#    -28     0       1.7308669687E-005
#    -28     1       1.7950113981E-004
#    -28     2       2.6736174360E-005
#    -28     3       2.5608752012E-005
#    -28     4       1.5786499726E-005
#    -28     5       1.6757218911E-006
#    -28     6       2.5902111413E-004
#    -28     7       1.7470978288E-005
#    -28     8       5.1863262531E-005
#    -28     9       2.1557135306E-005
#    -28    10       7.4551303924E-006
#    -28    11       3.6049943740E-004
#    -28    12       2.2556954628E-005
#    -28    13       3.7561332407E-004
#    -28    14       1.7637102809E-004
#    -28    15       7.0384896427E-005
#    -28    16       2.4814743259E-004
#    -28    17       2.9009391584E-005
#    -28    18       6.2388860257E-005
#    -28    19       5.3110043657E-005
#    -28    20       3.1490125187E-005
#    -28    21       2.2918120187E-004
#    -28    22       6.9031175547E-005
#    -28    23       1.4741859996E-004
#    -28    24       1.5194808387E-004
#    -28    25       3.8615637259E-005
#    -28    26       5.3147413792E-004
#    -28    27       6.2458417919E-005
#    -27   -17       3.4244177662E-005
#    -27   -16       1.8104816049E-004
#    -27   -15       1.0272931154E-005
#    -27   -14       1.3873470814E-004
#    -27   -13       2.3869328999E-004
#    -27   -12       7.3699411034E-005
#    -27   -11       4.6812603420E-004
#    -27   -10       3.2723382280E-005
#    -27    -9       7.7246783504E-005
#    -27    -8       1.4192219558E-004
#    -27    -7       2.7733903817E-005
#    -27    -6       1.2948365365E-004
#    -27    -5       3.7557786906E-005
#    -27    -4       1.2319799407E-005
#    -27    -3       1.2725016569E-005
#    -27    -2       9.3844235259E-006
#    -27    -1       1.1240078274E-004
#    -27     0       3.1257600664E-005
#    -27     1       2.9602602662E-005
#    -27     2       8.6417987535E-006
#    -27     3       2.7887857694E-005
#    -27     4       1.7021660850E-004
#    -27     5       5.0825518376E-005
#    -27     6       2.2304283902E-004
#    -27     7       6.7201040697E-005
#    -27     8       2.6650196781E-005
#    -27     9       1.4397935185E-004
#    -27    10       8.7775488026E-005
#    -27    11       2.5190582259E-004
#    -27    12       2.5240279693E-004
#    -27    13       3.3891963726E-005
#    -27    14       6.6441451094E-004
#    -27    15       1.9922537855E-005
#    -27    16       1.3205416186E-004
#    -27    17       3.4864725146E-005
#    -27    18       7.5914392596E-006
#    -27    19       1.1275374144E-004
#    -27    20       1.0420801930E-005
#    -27    21       1.5044154173E-004
#    -27    22       1.7876739004E-004
#    -27    23       6.6768680782E-005
#    -27    24       4.4519468708E-004
#    -27    25       1.0576052104E-004
#    -27    26       1.3029312606E-004
#    -27    27       1.6930616265E-004
#    -26   -18       6.8088528812E-005
#    -26   -17       3.3945054399E-005
#    -26   -16       3.4900237690E-005
#    -26   -15       4.4606767393E-005
#    -26   -14       9.0957148050E-005
#    -26   -13       2.1602478686E-004
#    -26   -12       8.7114190999E-005
#    -26   -11       2.2392163493E-005
#    -26   -10       3.7462476950E-005
#    -26    -9       8.3037399987E-005
#    -26    -8       7.3668275781E-005
#    -26    -7       1.8902616589E-005
#    -26    -6       1.2047388994E-005
#    -26    -5       1.6970993928E-005
#    -26    -4       1.2725374608E-005
#    -26    -3       5.5336148899E-005
#    -26    -2       2.5453706909E-005
#    -26    -1       3.5343680265E-005
#    -26     0       3.9259253946E-005
#    -26     1       1.5300879961E-005
#    -26     2       2.5832346346E-005
#    -26     3       1.6406777420E-005
#    -26     4       8.6753687336E-005
#    -26     5       2.8387572035E-005
#    -26     6       6.0636450066E-006
#    -26     7       2.3103370919E-004
#    -26     8       3.3507812856E-005
#    -26     9       8.3892078421E-005
#    -26    10       1.4067399522E-005
#    -26    11       6.0778946874E-005
#    -26    12       2.6870791570E-004
#    -26    13       9.3461631240E-005
#    -26    14       7.3746604765E-005
#    -26    15       9.4262946154E-006
#    -26    16       5.8918732786E-005
#    -26    17       2.0790778455E-005
#    -26    18       7.4109517420E-005
#    -26    19       7.2664752147E-006
#    -26    20       1.3991326940E-005
#    -26    21       8.0796636916E-005
#    -26    22       8.9104432309E-005
#    -26    23       6.2359655210E-005
#    -26    24       4.4590896172E-005
#    -26    25       5.4424991166E-005
#    -26    26       2.7867548091E-004
#    -26    27       1.6206820255E-004
#    -25   -19       3.0239661015E-006
#    -25   -18       1.7053502739E-004
#    -25   -17       1.3943489901E-004
#    -25   -16       1.2960269369E-005
#    -25   -15       6.5006604372E-004
#    -25   -14       1.8957151000E-005
#    -25   -13       3.4042977546E-004
#    -25   -12       3.2678826072E-004
#    -25   -11       3.0380779138E-006
#    -25   -10       6.7436134888E-004
#    -25    -9       6.6696366514E-006
#    -25    -8       2.6199486040E-005
#    -25    -7       8.6105624006E-005
#    -25    -6       7.0945757544E-007
#    -25    -5       9.8283124566E-004
#    -25    -4       8.0126952019E-006
#    -25    -3       4.1168773917E-005
#    -25    -2       3.6228166640E-005
#    -25    -1       4.8570926508E-006
#    -25     0       2.2573848847E-003
#    -25     1       5.3275539224E-006
#    -25     2       4.8463230030E-005
#    -25     3       1.1719008066E-004
#    -25     4       1.8467867839E-005
#    -25     5       3.4381735710E-003
#    -25     6       2.1957713483E-005
#    -25     7       1.0236876135E-004
#    -25     8       4.1020017566E-005
#    -25     9       9.9417544065E-006
#    -25    10       5.1247626623E-003
#    -25    11       1.5326312052E-005
#    -25    12       3.2780775302E-004
#    -25    13       2.3666343859E-004
#    -25    14       4.8159899272E-005
#    -25    15       4.0258573154E-003
#    -25    16       1.9401427865E-005
#    -25    17       6.0192011832E-005
#    -25    18       1.0423070411E-004
#    -25    19       7.2119041317E-006
#    -25    20       1.3315467524E-003
#    -25    21       6.0036566803E-006
#    -25    22       1.7914030048E-004
#    -25    23       2.6174903255E-004
#    -25    24       4.9744916923E-005
#    -25    25       6.3745795778E-004
#    -25    26       1.0312029219E-005
#    -25    27       7.6102494771E-005
#    -24   -20       5.5727483210E-005
#    -24   -19       1.2079712948E-005
#    -24   -18       8.7764283279E-005
#    -24   -17       2.4263530100E-004
#    -24   -16       6.6421908305E-005
#    -24   -15       1.4408049702E-004
#    -24   -14       9.0428195424E-005
#    -24   -13       9.3982137601E-005
#    -24   -12       2.2278080006E-004
#    -24   -11       3.0645781206E-005
#    -24   -10       1.3515267609E-005
#    -24    -9       6.0747788508E-005
#    -24    -8       4.8893341482E-005
#    -24    -7       3.4904573231E-005
#    -24    -6       1.5972809551E-005
#    -24    -5       2.1127446754E-007
#    -24    -4       3.5590544875E-006
#    -24    -3       3.8476546477E-005
#    -24    -2       2.3817196260E-006
#    -24    -1       2.6385717883E-006
#    -24     0       1.4005209251E-005
#    -24     1       7.0688690906E-005
#    -24     2       5.4451720260E-005
#    -24     3       1.2946912201E-004
#    -24     4       1.1332090419E-005
#    -24     5       1.4160813172E-005
#    -24     6       3.4051705508E-006
#    -24     7       8.0887012542E-006
#    -24     8       4.7825112448E-005
#    -24     9       2.7523984278E-005
#    -24    10       4.0443630989E-005
#    -24    11       1.0234322233E-005
#    -24    12       7.2143858418E-005
#    -24    13       3.1403239000E-004
#    -24    14       8.6578593919E-005
#    -24    15       6.8280275997E-005
#    -24    16       5.6072645566E-005
#    -24    17       4.8192367383E-005
#    -24    18       2.5968222579E-005
#    -24    19       8.4493814071E-005
#    -24    20       2.6627749594E-005
#    -24    21       5.1794210963E-005
#    -24    22       1.7081960806E-004
#    -24    23       2.1402331899E-004
#    -24    24       1.6803359487E-004
#    -24    25       7.8891610729E-005
#    -24    26       4.3839423018E-005
#    -23   -20       1.7424708712E-005
#    -23   -19       3.8077485121E-004
#    -23   -18       4.1830130477E-005
#    -23   -17       2.0840193528E-004
#    -23   -16       2.5200399778E-004
#    -23   -15       6.4671716130E-005
#    -23   -14       5.1891067027E-004
#    -23   -13       4.0489053396E-005
#    -23   -12       1.0093086361E-004
#    -23   -11       1.0473027012E-004
#    -23   -10       4.7491274627E-005
#    -23    -9       1.0578691592E-004
#    -23    -8       9.5133012246E-006
#    -23    -7       2.1882552739E-005
#    -23    -6       1.1817589543E-004
#    -23    -5       2.5760002652E-007
#    -23    -4       1.2015884111E-004
#    -23    -3       1.3360284551E-005
#    -23    -2       2.1228898455E-005
#    -23    -1       7.7951759539E-005
#    -23     0       9.9195578971E-005
#    -23     1       5.6686163831E-004
#    -23     2       8.0202167217E-005
#    -23     3       1.0421082470E-004
#    -23     4       7.9754061164E-005
#    -23     5       3.7238263932E-005
#    -23     6       4.7783756108E-005
#    -23     7       2.2807705419E-005
#    -23     8       9.0512253835E-005
#    -23     9       8.8713891806E-005
#    -23    10       1.7235133464E-005
#    -23    11       8.3017592749E-004
#    -23    12       7.1941414143E-005
#    -23    13       5.9725747919E-004
#    -23    14       2.3690327735E-004
#    -23    15       1.0290877776E-004
#    -23    16       3.5125952144E-004
#    -23    17       6.6119440286E-005
#    -23    18       4.6299341950E-005
#    -23    19       8.7507667848E-005
#    -23    20       1.0731603790E-004
#    -23    21       2.1996489206E-004
#    -23    22       1.8359423532E-005
#    -23    23       3.4082138619E-004
#    -23    24       4.1481379046E-004
#    -23    25       9.4604259086E-005
#    -23    26       3.0104680836E-004
#    -22   -21       5.2536857442E-005
#    -22   -20       3.3295229991E-005
#    -22   -19       9.0864409945E-005
#    -22   -18       2.0407635986E-004
#    -22   -17       4.1872588714E-005
#    -22   -16       5.4125389822E-004
#    -22   -15       1.2405595105E-005
#    -22   -14       1.5032585444E-004
#    -22   -13       1.9460304482E-004
#    -22   -12       2.3292424249E-005
#    -22   -11       2.2528413229E-004
#    -22   -10       2.2698736735E-005
#    -22    -9       1.7727375690E-006
#    -22    -8       1.1169953876E-004
#    -22    -7       4.3427304035E-005
#    -22    -6       1.4802020988E-004
#    -22    -5       2.6938069304E-005
#    -22    -4       1.7533995976E-004
#    -22    -3       5.2486987968E-005
#    -22    -2       1.4572122008E-006
#    -22    -1       8.8123403608E-004
#    -22     0       2.9210845069E-006
#    -22     1       1.8152233612E-004
#    -22     2       2.6069129191E-004
#    -22     3       7.1121612882E-006
#    -22     4       1.1505397017E-004
#    -22     5       1.0953080745E-005
#    -22     6       1.9663396612E-004
#    -22     7       1.9375247354E-004
#    -22     8       3.1284570531E-005
#    -22     9       7.0794144759E-004
#    -22    10       1.4724352059E-004
#    -22    11       7.3095046204E-004
#    -22    12       5.6100066298E-004
#    -22    13       8.8334059140E-005
#    -22    14       1.3282932639E-003
#    -22    15       1.9595215908E-005
#    -22    16       2.2509889893E-004
#    -22    17       1.4367909875E-004
#    -22    18       5.9325739692E-005
#    -22    19       2.2367058807E-004
#    -22    20       1.2503391198E-004
#    -22    21       1.7371751294E-004
#    -22    22       2.8590137780E-004
#    -22    23       6.8600296501E-005
#    -22    24       9.3981563342E-004
#    -22    25       5.7134020854E-005
#    -22    26       1.7730600825E-004
#    -21   -22       3.1573685345E-005
#    -21   -21       1.1096293805E-005
#    -21   -20       5.9615566969E-005
#    -21   -19       1.1534091836E-004
#    -21   -18       2.9418188993E-004
#    -21   -17       1.1536438393E-004
#    -21   -16       4.6352680940E-005
#    -21   -15       9.2040283389E-005
#    -21   -14       5.9283858133E-005
#    -21   -13       1.2116667026E-004
#    -21   -12       2.8062947418E-005
#    -21   -11       7.1905167477E-006
#    -21   -10       3.0256960350E-005
#    -21    -9       5.3162933842E-005
#    -21    -8       3.6675051337E-005
#    -21    -7       3.5766996208E-005
#    -21    -6       2.4469068068E-005
#    -21    -5       2.0399056351E-005
#    -21    -4       9.5617214274E-006
#    -21    -3       1.8975262098E-004
#    -21    -2       1.1967548946E-004
#    -21    -1       1.9238324116E-005
#    -21     0       1.3606307894E-004
#    -21     1       1.4673849982E-004
#    -21     2       4.3267726993E-005
#    -21     3       4.6276401166E-005
#    -21     4       1.9197682216E-005
#    -21     5       4.9682734570E-005
#    -21     6       5.6769518040E-005
#    -21     7       5.1305302308E-004
#    -21     8       9.2552091255E-005
#    -21     9       2.4223913857E-004
#    -21    10       5.4877771781E-005
#    -21    11       3.0129761586E-004
#    -21    12       6.4185878681E-004
#    -21    13       2.5830621413E-004
#    -21    14       1.1331284488E-004
#    -21    15       7.3686325111E-005
#    -21    16       1.2116050546E-004
#    -21    17       5.8566843391E-005
#    -21    18       8.5715086881E-005
#    -21    19       1.6728763871E-005
#    -21    20       1.7448257241E-007
#    -21    21       5.8544673288E-005
#    -21    22       4.2683139046E-004
#    -21    23       8.7845297060E-005
#    -21    24       7.2232283871E-005
#    -21    25       4.1565903166E-006
#    -20   -22       1.1024035406E-004
#    -20   -21       1.4735077251E-005
#    -20   -20       5.0539784638E-004
#    -20   -19       3.3591386078E-007
#    -20   -18       4.8347478198E-004
#    -20   -17       3.1997657426E-004
#    -20   -16       9.6658018689E-006
#    -20   -15       9.0263591373E-004
#    -20   -14       6.1878582350E-006
#    -20   -13       1.5230363358E-004
#    -20   -12       1.6298085740E-004
#    -20   -11       2.2593142121E-005
#    -20   -10       8.6961273339E-004
#    -20    -9       2.8787206060E-006
#    -20    -8       3.8533039770E-005
#    -20    -7       8.4268030351E-005
#    -20    -6       2.3623138626E-005
#    -20    -5       3.2498243568E-003
#    -20    -4       3.6702320568E-006
#    -20    -3       2.6122436595E-004
#    -20    -2       2.8211087900E-004
#    -20    -1       2.1548095653E-005
#    -20     0       1.4045515572E-002
#    -20     1       1.8264829112E-005
#    -20     2       2.6539439577E-005
#    -20     3       1.0026018777E-004
#    -20     4       2.9477320050E-006
#    -20     5       1.1913690786E-002
#    -20     6       1.3638349950E-005
#    -20     7       2.1108082643E-004
#    -20     8       1.7064918502E-004
#    -20     9       2.3833479888E-005
#    -20    10       6.3534819381E-003
#    -20    11       6.7894887580E-006
#    -20    12       6.1614512764E-004
#    -20    13       5.1483195428E-004
#    -20    14       1.2607425956E-005
#    -20    15       1.1289451735E-003
#    -20    16       3.6875482558E-007
#    -20    17       2.6950550190E-004
#    -20    18       1.0441425796E-004
#    -20    19       2.5104735163E-005
#    -20    20       2.2160854111E-003
#    -20    21       5.2966644332E-006
#    -20    22       2.2191884660E-004
#    -20    23       5.2621979988E-004
#    -20    24       1.4430519388E-004
#    -20    25       2.0663675351E-003
#    -19   -23       8.3991637821E-006
#    -19   -22       1.0510076294E-004
#    -19   -21       1.0124457393E-004
#    -19   -20       2.5277458284E-005
#    -19   -19       1.1225086454E-005
#    -19   -18       1.3726128947E-004
#    -19   -17       3.0095707356E-004
#    -19   -16       4.9186150649E-005
#    -19   -15       5.7063069539E-005
#    -19   -14       4.4046476745E-005
#    -19   -13       2.3378182021E-005
#    -19   -12       6.2110329063E-005
#    -19   -11       3.1880379407E-005
#    -19   -10       6.1533214593E-006
#    -19    -9       1.0535108977E-005
#    -19    -8       2.2417290965E-005
#    -19    -7       7.9558544203E-005
#    -19    -6       6.0340395733E-005
#    -19    -5       7.7558012528E-005
#    -19    -4       3.5599754321E-005
#    -19    -3       3.2868075554E-005
#    -19    -2       1.0364018742E-004
#    -19    -1       4.6389913210E-006
#    -19     0       3.8142041347E-006
#    -19     1       6.7103053055E-005
#    -19     2       8.5582304720E-005
#    -19     3       9.4801308094E-005
#    -19     4       4.7459786046E-005
#    -19     5       2.4366058674E-005
#    -19     6       5.1194507963E-007
#    -19     7       7.6163754083E-005
#    -19     8       6.1864893519E-005
#    -19     9       2.1234801745E-004
#    -19    10       2.5950900602E-005
#    -19    11       2.0718502534E-004
#    -19    12       8.8304036209E-005
#    -19    13       4.3786319598E-004
#    -19    14       5.2439184949E-005
#    -19    15       8.0331341120E-005
#    -19    16       2.4045827549E-005
#    -19    17       1.7237056089E-004
#    -19    18       3.3940957746E-004
#    -19    19       1.1825035342E-005
#    -19    20       8.1444579600E-005
#    -19    21       1.0165425195E-004
#    -19    22       5.6317289391E-005
#    -19    23       3.6369604070E-004
#    -19    24       8.1528388223E-005
#    -19    25       2.0428076338E-004
#    -18   -23       3.2367265085E-005
#    -18   -22       6.8762463829E-005
#    -18   -21       1.6001567220E-004
#    -18   -20       4.2287767184E-005
#    -18   -19       5.1620567866E-004
#    -18   -18       6.2661085842E-005
#    -18   -17       1.6694854876E-004
#    -18   -16       1.5616332265E-004
#    -18   -15       2.5167804538E-005
#    -18   -14       1.4081388557E-004
#    -18   -13       6.9415072581E-006
#    -18   -12       4.1456384340E-005
#    -18   -11       1.1410130695E-005
#    -18   -10       2.1187638472E-005
#    -18    -9       2.0579752181E-004
#    -18    -8       7.7859752773E-006
#    -18    -7       1.3711245946E-004
#    -18    -6       1.0527727648E-005
#    -18    -5       1.8340231753E-005
#    -18    -4       9.4869400549E-005
#    -18    -3       6.2367710377E-006
#    -18    -2       9.6038221846E-006
#    -18    -1       7.4753823728E-005
#    -18     0       1.5337756226E-004
#    -18     1       1.1282446185E-003
#    -18     2       1.5333677949E-004
#    -18     3       2.2919077665E-004
#    -18     4       1.8865188885E-004
#    -18     5       7.1204274977E-005
#    -18     6       3.7627173120E-004
#    -18     7       1.1975776718E-004
#    -18     8       1.4003002071E-004
#    -18     9       2.0327211723E-004
#    -18    10       7.9307339334E-005
#    -18    11       1.0013289357E-004
#    -18    12       3.7719894653E-005
#    -18    13       6.6235095345E-005
#    -18    14       2.6246811083E-004
#    -18    15       6.9931278154E-006
#    -18    16       7.5309233059E-004
#    -18    17       3.3371207726E-005
#    -18    18       1.2949643099E-004
#    -18    19       1.1016002496E-005
#    -18    20       4.1846105769E-005
#    -18    21       2.2868736790E-004
#    -18    22       2.8744221649E-005
#    -18    23       3.5864304463E-004
#    -18    24       4.1428004938E-004
#    -17   -24       1.2882585517E-004
#    -17   -23       1.0861069316E-004
#    -17   -22       1.7294190595E-005
#    -17   -21       4.1085196550E-004
#    -17   -20       6.8262288699E-005
#    -17   -19       2.2425880832E-004
#    -17   -18       1.4858293776E-004
#    -17   -17       2.2107770372E-005
#    -17   -16       2.7384866095E-004
#    -17   -15       8.6482704668E-007
#    -17   -14       1.3780474675E-005
#    -17   -13       6.6700348725E-005
#    -17   -12       2.3615899368E-005
#    -17   -11       3.1702996779E-004
#    -17   -10       7.2562390533E-005
#    -17    -9       1.2918894194E-004
#    -17    -8       4.2042428651E-005
#    -17    -7       1.3649513683E-005
#    -17    -6       7.6304416358E-005
#    -17    -5       1.8734897658E-005
#    -17    -4       8.2417671379E-005
#    -17    -3       5.8340426644E-005
#    -17    -2       6.5174612752E-006
#    -17    -1       1.4600575304E-003
#    -17     0       1.4284854543E-004
#    -17     1       9.6453251185E-004
#    -17     2       9.1968363109E-004
#    -17     3       6.9953865746E-005
#    -17     4       1.0918991657E-003
#    -17     5       6.1715557636E-005
#    -17     6       5.4802892184E-004
#    -17     7       8.0471016326E-004
#    -17     8       8.9531585985E-005
#    -17     9       3.8490208207E-004
#    -17    10       5.8778872647E-006
#    -17    11       6.7537591935E-005
#    -17    12       1.2834169860E-004
#    -17    13       7.5225029115E-006
#    -17    14       1.0282188407E-004
#    -17    15       6.3317379981E-005
#    -17    16       4.7585739828E-005
#    -17    17       6.8259456794E-006
#    -17    18       2.0723857352E-005
#    -17    19       2.0384008892E-004
#    -17    20       1.0692373342E-004
#    -17    21       1.7749685702E-004
#    -17    22       4.4102118630E-005
#    -17    23       8.3944461553E-005
#    -17    24       7.0179494630E-004
#    -16   -24       2.5495332383E-005
#    -16   -23       1.6849867042E-004
#    -16   -22       1.1401562657E-004
#    -16   -21       4.5199734376E-005
#    -16   -20       3.3226980742E-005
#    -16   -19       1.3800583673E-004
#    -16   -18       2.1315865768E-004
#    -16   -17       9.0765196386E-005
#    -16   -16       4.4067736987E-005
#    -16   -15       2.8712484115E-005
#    -16   -14       1.0296782364E-005
#    -16   -13       4.8821858553E-005
#    -16   -12       1.2696988093E-004
#    -16   -11       4.3353523102E-005
#    -16   -10       8.2609915676E-007
#    -16    -9       3.2356032383E-005
#    -16    -8       1.3441487220E-005
#    -16    -7       5.6282941171E-005
#    -16    -6       8.3975563091E-006
#    -16    -5       3.7557886122E-005
#    -16    -4       3.7680815547E-005
#    -16    -3       2.6791324987E-004
#    -16    -2       2.3743682807E-004
#    -16    -1       2.4158812689E-004
#    -16     0       1.9886346038E-004
#    -16     1       7.4679079086E-004
#    -16     2       7.1758266544E-004
#    -16     3       4.8377323090E-004
#    -16     4       6.7379263891E-005
#    -16     5       2.2510346287E-004
#    -16     6       4.2696733356E-004
#    -16     7       5.1541089304E-004
#    -16     8       8.3414295794E-005
#    -16     9       3.8540182814E-005
#    -16    10       9.4333990346E-006
#    -16    11       1.2666744869E-004
#    -16    12       1.7810519482E-004
#    -16    13       5.1544801361E-006
#    -16    14       5.5088790251E-005
#    -16    15       2.1559811783E-005
#    -16    16       5.6135291930E-006
#    -16    17       6.0277539431E-005
#    -16    18       4.5677868486E-005
#    -16    19       2.7663990223E-006
#    -16    20       2.1967027046E-005
#    -16    21       9.2780055323E-007
#    -16    22       3.4135732441E-004
#    -16    23       1.4116003339E-004
#    -15   -25       1.7607358076E-004
#    -15   -24       5.4059394935E-005
#    -15   -23       2.7755704187E-004
#    -15   -22       2.6960126928E-004
#    -15   -21       3.2910021540E-005
#    -15   -20       6.5509945567E-004
#    -15   -19       7.9214543389E-006
#    -15   -18       1.6311657408E-004
#    -15   -17       7.0628813822E-005
#    -15   -16       3.2545615569E-007
#    -15   -15       6.9315696002E-004
#    -15   -14       1.2084715521E-005
#    -15   -13       3.1669974281E-004
#    -15   -12       4.0616907279E-004
#    -15   -11       4.3839494566E-005
#    -15   -10       4.9470629340E-003
#    -15    -9       9.5062417939E-006
#    -15    -8       1.3631928770E-004
#    -15    -7       2.0462731554E-004
#    -15    -6       1.0812544605E-005
#    -15    -5       1.1673832455E-002
#    -15    -4       5.7341135668E-006
#    -15    -3       4.7780236454E-004
#    -15    -2       9.9503641436E-004
#    -15    -1       2.1684341202E-005
#    -15     0       1.9772245066E-002
#    -15     1       5.2548647913E-005
#    -15     2       1.2458107350E-003
#    -15     3       8.7695280460E-004
#    -15     4       2.1561425773E-006
#    -15     5       1.9935439691E-002
#    -15     6       1.4853119033E-005
#    -15     7       3.9861857310E-004
#    -15     8       2.0974357333E-005
#    -15     9       8.1662938940E-006
#    -15    10       1.0966988625E-002
#    -15    11       1.1553838843E-005
#    -15    12       2.6307947125E-004
#    -15    13       6.5475605632E-005
#    -15    14       1.0260783321E-005
#    -15    15       1.5982283278E-002
#    -15    16       2.8373940964E-005
#    -15    17       2.2887608003E-004
#    -15    18       4.7114041236E-004
#    -15    19       7.8207296270E-005
#    -15    20       8.2058574707E-004
#    -15    21       1.2339677158E-006
#    -15    22       5.5325156244E-004
#    -15    23       1.3857673333E-003
#    -14   -25       5.0199042602E-005
#    -14   -24       7.6070936945E-005
#    -14   -23       6.0828679710E-005
#    -14   -22       2.3466726171E-004
#    -14   -21       1.1905503730E-004
#    -14   -20       5.4443569509E-005
#    -14   -19       2.0278372648E-005
#    -14   -18       5.7467051804E-005
#    -14   -17       2.7617431265E-005
#    -14   -16       1.0006800995E-006
#    -14   -15       1.6537302239E-005
#    -14   -14       7.1742252907E-005
#    -14   -13       1.0812905719E-004
#    -14   -12       3.9077215109E-004
#    -14   -11       6.5476923521E-005
#    -14   -10       3.8505411629E-006
#    -14    -9       8.5288351485E-006
#    -14    -8       1.0795336678E-004
#    -14    -7       2.2293170303E-004
#    -14    -6       1.2434913163E-004
#    -14    -5       9.3386285483E-005
#    -14    -4       6.4944003939E-005
#    -14    -3       2.2122574434E-004
#    -14    -2       9.5237738551E-004
#    -14    -1       5.6361713268E-004
#    -14     0       3.1009115402E-004
#    -14     1       1.6107547243E-004
#    -14     2       1.8446442387E-004
#    -14     3       5.3632029960E-004
#    -14     4       1.3430700815E-004
#    -14     5       9.5907323644E-005
#    -14     6       3.4512901859E-005
#    -14     7       7.3862442087E-005
#    -14     8       4.7428768218E-005
#    -14     9       2.5609882854E-004
#    -14    10       1.1170192218E-004
#    -14    11       2.2687009074E-004
#    -14    12       1.1088621195E-004
#    -14    13       3.2468353449E-004
#    -14    14       2.0309247952E-005
#    -14    15       1.8595071882E-004
#    -14    16       1.2215946491E-006
#    -14    17       1.9736772952E-004
#    -14    18       3.1260721738E-004
#    -14    19       1.1886543406E-004
#    -14    20       6.9176736196E-004
#    -14    21       7.9549507961E-004
#    -14    22       6.9408945252E-005
#    -13   -26       3.8837210542E-005
#    -13   -25       3.7780445042E-005
#    -13   -24       4.8619434552E-004
#    -13   -23       5.5353227084E-005
#    -13   -22       1.6368864994E-004
#    -13   -21       8.5177035844E-005
#    -13   -20       2.9418388409E-005
#    -13   -19       1.7382185928E-004
#    -13   -18       5.3200849068E-006
#    -13   -17       6.7741540804E-007
#    -13   -16       1.7481783445E-005
#    -13   -15       9.0903140248E-006
#    -13   -14       4.4201226382E-004
#    -13   -13       4.4070965825E-005
#    -13   -12       1.2568657215E-004
#    -13   -11       4.8753850947E-005
#    -13   -10       4.0482855006E-005
#    -13    -9       6.5701111851E-004
#    -13    -8       4.9124750934E-005
#    -13    -7       2.6053169818E-004
#    -13    -6       2.8140409977E-005
#    -13    -5       3.5345652742E-005
#    -13    -4       9.4776169344E-004
#    -13    -3       7.5209310345E-005
#    -13    -2       7.4539553193E-004
#    -13    -1       6.4064631076E-004
#    -13     0       4.2904560991E-005
#    -13     1       3.4167552062E-004
#    -13     2       1.6292922630E-005
#    -13     3       5.0579078815E-005
#    -13     4       1.3591452938E-005
#    -13     5       9.0392054864E-005
#    -13     6       6.6459552911E-004
#    -13     7       9.1616616982E-005
#    -13     8       1.8024943529E-004
#    -13     9       4.8507461586E-004
#    -13    10       1.5869638565E-004
#    -13    11       1.2621108155E-003
#    -13    12       1.2867418569E-005
#    -13    13       2.5213457428E-004
#    -13    14       3.0116334663E-004
#    -13    15       9.6394915572E-005
#    -13    16       1.5327912927E-003
#    -13    17       1.4554995034E-004
#    -13    18       1.3056801685E-004
#    -13    19       1.4049879399E-004
#    -13    20       9.9892231013E-005
#    -13    21       8.6795683534E-004
#    -12   -26       2.3623503754E-004
#    -12   -25       5.4229531397E-006
#    -12   -24       1.0790394729E-004
#    -12   -23       1.6906367053E-004
#    -12   -22       1.4086056020E-006
#    -12   -21       4.2335237394E-004
#    -12   -20       2.3016987505E-005
#    -12   -19       1.4065949790E-005
#    -12   -18       2.8796055563E-007
#    -12   -17       1.6205684503E-005
#    -12   -16       1.8923514131E-004
#    -12   -15       2.4813818075E-005
#    -12   -14       1.7839420268E-004
#    -12   -13       2.5351379651E-004
#    -12   -12       7.8301482771E-005
#    -12   -11       6.7627846389E-004
#    -12   -10       1.6793861842E-004
#    -12    -9       3.6682240730E-004
#    -12    -8       2.8389628095E-004
#    -12    -7       4.9880935679E-007
#    -12    -6       4.8240561484E-004
#    -12    -5       1.1564417916E-004
#    -12    -4       4.2244977446E-004
#    -12    -3       4.9324011581E-004
#    -12    -2       1.5273870748E-004
#    -12    -1       1.5321635054E-004
#    -12     0       2.2650425687E-005
#    -12     1       6.2570377240E-005
#    -12     2       2.5460995212E-004
#    -12     3       1.1606792903E-005
#    -12     4       1.6211415614E-003
#    -12     5       8.1305621276E-005
#    -12     6       9.8691588336E-004
#    -12     7       1.2828675909E-003
#    -12     8       1.9331355071E-004
#    -12     9       1.6540557853E-003
#    -12    10       2.5454834103E-004
#    -12    11       4.4155227275E-004
#    -12    12       1.1290994162E-004
#    -12    13       3.6593229139E-005
#    -12    14       5.8303651499E-004
#    -12    15       2.3468144351E-004
#    -12    16       5.1663671195E-004
#    -12    17       2.6070919500E-004
#    -12    18       1.3588948203E-005
#    -12    19       9.1701233503E-004
#    -12    20       2.3241012286E-005
#    -12    21       1.1227305212E-003
#    -11   -26       1.8098001990E-005
#    -11   -25       6.8856806257E-005
#    -11   -24       1.2668242895E-004
#    -11   -23       4.7571090448E-004
#    -11   -22       8.7809959641E-005
#    -11   -21       1.5173089673E-005
#    -11   -20       1.9755604727E-005
#    -11   -19       7.9018617168E-006
#    -11   -18       2.0870575231E-005
#    -11   -17       2.9659774001E-006
#    -11   -16       1.3707635894E-005
#    -11   -15       2.7262641448E-005
#    -11   -14       3.3497303412E-005
#    -11   -13       1.4610489813E-004
#    -11   -12       2.1353319796E-004
#    -11   -11       5.1431498513E-005
#    -11   -10       2.0291660017E-005
#    -11    -9       1.9009754808E-004
#    -11    -8       1.7122509915E-004
#    -11    -7       1.2692423908E-004
#    -11    -6       2.6065492023E-006
#    -11    -5       2.5722518458E-004
#    -11    -4       2.9872482477E-004
#    -11    -3       1.2077344824E-004
#    -11    -2       1.5933251328E-005
#    -11    -1       2.3823667874E-005
#    -11     0       3.7190945348E-005
#    -11     1       4.0263669457E-004
#    -11     2       1.0650503087E-003
#    -11     3       6.0054143969E-004
#    -11     4       2.2603623175E-004
#    -11     5       5.7178631187E-004
#    -11     6       7.7857998713E-004
#    -11     7       7.7434131070E-004
#    -11     8       2.5044864882E-004
#    -11     9       1.1360935791E-004
#    -11    10       4.9519011129E-005
#    -11    11       2.6133852860E-005
#    -11    12       3.5425432790E-004
#    -11    13       1.2352094111E-004
#    -11    14       1.5182100244E-004
#    -11    15       1.5441830243E-004
#    -11    16       4.0431362602E-004
#    -11    17       2.4553416449E-005
#    -11    18       2.0070870738E-005
#    -11    19       5.0103931983E-005
#    -11    20       3.2018531010E-005
#    -10   -27       8.3717523486E-005
#    -10   -26       9.3358609520E-006
#    -10   -25       6.8684133541E-004
#    -10   -24       2.1298348800E-006
#    -10   -23       3.9209934943E-004
#    -10   -22       2.2070037047E-004
#    -10   -21       2.0597613963E-006
#    -10   -20       5.6847817710E-005
#    -10   -19       5.1896850490E-006
#    -10   -18       7.3364380036E-005
#    -10   -17       5.2472220702E-005
#    -10   -16       6.4630364343E-006
#    -10   -15       3.4227613344E-003
#    -10   -14       1.0446856869E-005
#    -10   -13       6.9934061912E-004
#    -10   -12       7.1914233998E-004
#    -10   -11       6.0168717616E-005
#    -10   -10       5.8010052541E-003
#    -10    -9       4.3325066429E-005
#    -10    -8       3.4834035649E-004
#    -10    -7       1.0486618696E-003
#    -10    -6       1.9628601016E-005
#    -10    -5       2.0722255846E-002
#    -10    -4       2.2442157651E-005
#    -10    -3       7.7373821777E-005
#    -10    -2       4.2006795648E-004
#    -10    -1       1.6474210482E-005
#    -10     0       2.9950343616E-002
#    -10     1       1.0180107402E-005
#    -10     2       2.1810068846E-003
#    -10     3       2.0122700844E-003
#    -10     4       4.9724966885E-006
#    -10     5       9.3483539154E-003
#    -10     6       7.0095671249E-005
#    -10     7       1.0884875179E-003
#    -10     8       8.0262845527E-004
#    -10     9       1.1406811765E-004
#    -10    10       1.5624899472E-002
#    -10    11       1.2915958004E-005
#    -10    12       2.6506195002E-004
#    -10    13       6.8902723924E-004
#    -10    14       3.6359275494E-005
#    -10    15       1.7750077594E-002
#    -10    16       9.1768105084E-005
#    -10    17       4.1316810347E-004
#    -10    18       4.0514679430E-004
#    -10    19       2.7314057987E-006
#     -9   -27       1.1368215478E-004
#     -9   -26       1.8144168237E-004
#     -9   -25       1.7805066566E-005
#     -9   -24       3.6768726531E-005
#     -9   -23       1.5903214361E-004
#     -9   -22       3.4812013439E-004
#     -9   -21       1.0812811071E-004
#     -9   -20       1.2645017950E-005
#     -9   -19       8.3530036280E-006
#     -9   -18       1.9771655243E-005
#     -9   -17       1.2809796960E-005
#     -9   -16       3.2698878156E-005
#     -9   -15       5.1509158199E-005
#     -9   -14       8.1371515253E-005
#     -9   -13       1.4061234122E-004
#     -9   -12       9.4497258480E-004
#     -9   -11       1.5270386588E-004
#     -9   -10       1.1940315750E-004
#     -9    -9       1.9548868595E-004
#     -9    -8       3.0708133859E-004
#     -9    -7       7.4498525730E-004
#     -9    -6       3.2842943898E-004
#     -9    -5       1.8955488480E-004
#     -9    -4       8.1211086624E-006
#     -9    -3       2.1016889425E-004
#     -9    -2       1.0962646873E-003
#     -9    -1       1.0017645186E-003
#     -9     0       5.5483144986E-004
#     -9     1       4.9766082365E-004
#     -9     2       4.6563453583E-004
#     -9     3       1.1752898285E-003
#     -9     4       6.3201138894E-004
#     -9     5       2.0094361087E-004
#     -9     6       2.7297857215E-005
#     -9     7       1.0992467624E-004
#     -9     8       3.9262437369E-004
#     -9     9       8.7687077131E-005
#     -9    10       9.8340323948E-006
#     -9    11       1.0099792902E-004
#     -9    12       1.4009901478E-004
#     -9    13       2.6386993128E-004
#     -9    14       6.4422161837E-005
#     -9    15       4.6152124965E-004
#     -9    16       8.7994831227E-005
#     -9    17       1.9971914231E-004
#     -9    18       7.1780380212E-004
#     -9    19       1.0764746813E-004
#     -8   -27       5.1605119913E-005
#     -8   -26       2.3526637404E-004
#     -8   -25       3.6647352808E-005
#     -8   -24       6.0963642831E-004
#     -8   -23       1.9242005545E-005
#     -8   -22       1.7544279142E-004
#     -8   -21       2.5123241059E-004
#     -8   -20       2.0203094277E-005
#     -8   -19       1.1086256468E-004
#     -8   -18       1.7277772639E-005
#     -8   -17       3.1387287676E-005
#     -8   -16       1.3834707399E-004
#     -8   -15       3.0080234984E-005
#     -8   -14       9.1083381691E-004
#     -8   -13       7.2929372006E-005
#     -8   -12       3.5997599788E-004
#     -8   -11       2.9985187931E-004
#     -8   -10       6.9196658492E-005
#     -8    -9       6.4515740050E-004
#     -8    -8       9.2204703951E-005
#     -8    -7       2.9368805219E-004
#     -8    -6       1.4737098966E-004
#     -8    -5       6.0131853408E-005
#     -8    -4       1.2958359823E-003
#     -8    -3       3.0838179848E-004
#     -8    -2       1.4865582827E-003
#     -8    -1       1.6853420643E-003
#     -8     0       1.7886253581E-004
#     -8     1       2.4188316881E-003
#     -8     2       3.9745930150E-005
#     -8     3       6.0258563280E-004
#     -8     4       2.4754465335E-004
#     -8     5       1.8140223624E-005
#     -8     6       2.5122451852E-004
#     -8     7       1.0692438318E-004
#     -8     8       8.9694343454E-005
#     -8     9       6.7928232320E-005
#     -8    10       1.7173204335E-004
#     -8    11       9.5209738600E-004
#     -8    12       1.0435819315E-004
#     -8    13       3.4969909749E-004
#     -8    14       1.3359251252E-004
#     -8    15       1.1566691533E-006
#     -8    16       2.3943928116E-003
#     -8    17       3.5517958649E-004
#     -8    18       5.2226298443E-004
#     -7   -27       8.5128539793E-005
#     -7   -26       3.2714687655E-004
#     -7   -25       1.2934566687E-004
#     -7   -24       3.7789726754E-004
#     -7   -23       3.8238667434E-004
#     -7   -22       5.7473160878E-005
#     -7   -21       2.6811216018E-004
#     -7   -20       2.6894134106E-005
#     -7   -19       1.2849306853E-004
#     -7   -18       3.7073218941E-005
#     -7   -17       1.1272467297E-005
#     -7   -16       2.3305524873E-004
#     -7   -15       5.0442546726E-005
#     -7   -14       5.0748021995E-004
#     -7   -13       4.6860933697E-004
#     -7   -12       5.1999598279E-008
#     -7   -11       3.0138668844E-004
#     -7   -10       5.8256190102E-005
#     -7    -9       2.0419470371E-005
#     -7    -8       8.7931725386E-007
#     -7    -7       5.6938549300E-005
#     -7    -6       7.7325334803E-004
#     -7    -5       1.0639341900E-004
#     -7    -4       1.2191128427E-003
#     -7    -3       1.2380402626E-003
#     -7    -2       4.1929606766E-004
#     -7    -1       2.0946516818E-003
#     -7     0       2.0648491630E-004
#     -7     1       1.9286487353E-004
#     -7     2       2.5638467157E-005
#     -7     3       2.2849604351E-005
#     -7     4       1.9950151534E-004
#     -7     5       2.5846382510E-005
#     -7     6       2.3852524741E-004
#     -7     7       2.7128614863E-004
#     -7     8       1.3032248210E-005
#     -7     9       3.2248047173E-004
#     -7    10       1.2654872677E-004
#     -7    11       1.2959510959E-003
#     -7    12       5.6848867014E-004
#     -7    13       9.5808714788E-005
#     -7    14       4.8133113881E-004
#     -7    15       4.6795130901E-005
#     -7    16       1.0286037639E-003
#     -7    17       6.5909273946E-004
#     -6   -27       6.8218479735E-005
#     -6   -26       5.8754566676E-005
#     -6   -25       1.0669329204E-004
#     -6   -24       1.9507820762E-004
#     -6   -23       4.4403259911E-004
#     -6   -22       1.1528651165E-004
#     -6   -21       2.6373432697E-005
#     -6   -20       7.5233174136E-005
#     -6   -19       5.9233031504E-005
#     -6   -18       6.8796751999E-005
#     -6   -17       1.9890733985E-005
#     -6   -16       5.6980254777E-005
#     -6   -15       7.9679135313E-005
#     -6   -14       1.2411170084E-004
#     -6   -13       3.5616030075E-004
#     -6   -12       1.1170608530E-005
#     -6   -11       7.4820250376E-005
#     -6   -10       2.0083782975E-005
#     -6    -9       2.8874853633E-005
#     -6    -8       1.0318299065E-004
#     -6    -7       2.9847899098E-004
#     -6    -6       2.1104734023E-005
#     -6    -5       4.0413088230E-004
#     -6    -4       8.3394932832E-004
#     -6    -3       6.8562401677E-004
#     -6    -2       1.8185178405E-004
#     -6    -1       1.0336482416E-004
#     -6     0       2.3651295405E-005
#     -6     1       1.3653956279E-004
#     -6     2       7.6375617299E-004
#     -6     3       1.2671938361E-004
#     -6     4       9.2580003789E-005
#     -6     5       2.9663059894E-004
#     -6     6       1.9130498295E-004
#     -6     7       1.1238061743E-004
#     -6     8       5.1085770228E-006
#     -6     9       1.6184482197E-004
#     -6    10       3.4409017818E-004
#     -6    11       1.2385317759E-003
#     -6    12       2.0242921843E-003
#     -6    13       9.0566057455E-005
#     -6    14       6.7366469671E-005
#     -6    15       4.8945378261E-004
#     -6    16       8.0647860662E-004
#     -5   -27       3.2099355706E-004
#     -5   -26       1.6419141897E-005
#     -5   -25       6.8767407679E-004
#     -5   -24       1.8903817423E-005
#     -5   -23       3.1209829064E-004
#     -5   -22       3.6460945179E-004
#     -5   -21       8.5054694501E-006
#     -5   -20       1.5437489192E-003
#     -5   -19       1.2162549772E-005
#     -5   -18       1.2386701375E-004
#     -5   -17       2.1551055669E-004
#     -5   -16       2.2091010159E-005
#     -5   -15       1.2476288407E-003
#     -5   -14       2.5002389427E-005
#     -5   -13       1.4630857884E-004
#     -5   -12       1.1426085040E-004
#     -5   -11       2.2394632121E-005
#     -5   -10       1.2409417311E-002
#     -5    -9       5.9493679949E-005
#     -5    -8       4.3805021959E-004
#     -5    -7       1.5177386974E-003
#     -5    -6       1.4132226187E-005
#     -5    -5       1.0397430070E-002
#     -5    -4       2.1757162710E-005
#     -5    -3       5.2182930340E-004
#     -5    -2       5.7152562673E-005
#     -5    -1       2.2662813012E-005
#     -5     0       9.8777909523E-003
#     -5     1       2.8274333249E-005
#     -5     2       7.5225957879E-004
#     -5     3       8.1821490197E-004
#     -5     4       2.1499091706E-005
#     -5     5       6.1217559969E-004
#     -5     6       7.5209084724E-005
#     -5     7       1.2755426660E-004
#     -5     8       1.2383836866E-003
#     -5     9       7.0338876526E-005
#     -5    10       4.1058525447E-002
#     -5    11       1.4288267998E-004
#     -5    12       1.7961651864E-003
#     -5    13       3.8306437614E-004
#     -5    14       2.0695458118E-005
#     -5    15       1.5205288034E-002
#     -4   -28       2.5626488504E-006
#     -4   -27       3.6040033162E-005
#     -4   -26       9.4037274718E-005
#     -4   -25       6.1791238898E-006
#     -4   -24       1.8740802037E-005
#     -4   -23       9.9608092701E-005
#     -4   -22       1.5812961049E-004
#     -4   -21       6.8995785536E-005
#     -4   -20       2.0566437239E-005
#     -4   -19       1.0348534542E-005
#     -4   -18       1.0126542848E-004
#     -4   -17       9.0897898169E-005
#     -4   -16       4.3801004404E-005
#     -4   -15       2.4406519759E-006
#     -4   -14       4.1235261692E-005
#     -4   -13       2.7519734485E-005
#     -4   -12       5.8498433480E-004
#     -4   -11       1.4797119921E-004
#     -4   -10       2.4105664091E-004
#     -4    -9       2.4979715249E-004
#     -4    -8       4.6832904188E-004
#     -4    -7       1.0896659814E-003
#     -4    -6       9.8862326897E-004
#     -4    -5       4.0744177935E-004
#     -4    -4       1.6656846842E-005
#     -4    -3       6.3055386898E-005
#     -4    -2       4.9023827174E-004
#     -4    -1       4.3523931893E-004
#     -4     0       2.5934296611E-004
#     -4     1       1.8432806784E-004
#     -4     2       9.9472401883E-005
#     -4     3       3.1502744346E-004
#     -4     4       3.2192858594E-004
#     -4     5       3.2639085412E-005
#     -4     6       3.8415242734E-005
#     -4     7       1.7426142771E-004
#     -4     8       1.4764814478E-003
#     -4     9       1.3562005974E-003
#     -4    10       3.0506848212E-004
#     -4    11       4.9878193725E-004
#     -4    12       3.0771336483E-004
#     -4    13       3.0316387190E-005
#     -4    14       1.1160964947E-004
#     -3   -28       7.9162881790E-005
#     -3   -27       1.4747788885E-004
#     -3   -26       2.0088067707E-004
#     -3   -25       4.0864758133E-007
#     -3   -24       7.3039970933E-004
#     -3   -23       4.3782483386E-005
#     -3   -22       1.6829854375E-004
#     -3   -21       4.3215124649E-004
#     -3   -20       3.0239942902E-005
#     -3   -19       3.1520870893E-004
#     -3   -18       6.1498402764E-005
#     -3   -17       1.3084695072E-004
#     -3   -16       1.2037247342E-004
#     -3   -15       7.4546179772E-005
#     -3   -14       1.6874775693E-004
#     -3   -13       1.6472705365E-006
#     -3   -12       2.4488279426E-004
#     -3   -11       5.6422806399E-004
#     -3   -10       1.3049514363E-004
#     -3    -9       2.1169390814E-003
#     -3    -8       2.7676193103E-004
#     -3    -7       7.2101676036E-004
#     -3    -6       7.7249769417E-005
#     -3    -5       3.6685518294E-005
#     -3    -4       1.7689042908E-004
#     -3    -3       1.4345109663E-004
#     -3    -2       4.5957045897E-004
#     -3    -1       3.7635542229E-004
#     -3     0       1.8034877141E-004
#     -3     1       2.1812275925E-004
#     -3     2       3.1514447152E-005
#     -3     3       3.1654464115E-004
#     -3     4       7.8529453286E-005
#     -3     5       2.0904471275E-004
#     -3     6       6.6521854514E-004
#     -3     7       2.3632590384E-004
#     -3     8       1.8548746517E-004
#     -3     9       5.3673629977E-004
#     -3    10       1.8263471634E-004
#     -3    11       1.9549372713E-003
#     -3    12       6.2195000787E-007
#     -3    13       6.4124865505E-005
#     -2   -28       5.4953704410E-005
#     -2   -27       1.0421473891E-004
#     -2   -26       5.8094805266E-004
#     -2   -25       7.0045487746E-005
#     -2   -24       5.4502372451E-005
#     -2   -23       1.8617474199E-004
#     -2   -22       1.5989235064E-004
#     -2   -21       5.3638305926E-004
#     -2   -20       7.1322832382E-005
#     -2   -19       1.4306768499E-004
#     -2   -18       1.0753888180E-004
#     -2   -17       3.9516759101E-005
#     -2   -16       7.8691702412E-004
#     -2   -15       2.7684306195E-005
#     -2   -14       6.4050421992E-005
#     -2   -13       8.8269344642E-005
#     -2   -12       1.5875534611E-005
#     -2   -11       1.8055241484E-003
#     -2   -10       2.3464397737E-004
#     -2    -9       6.5605915499E-004
#     -2    -8       3.9145750348E-004
#     -2    -7       6.0558704978E-005
#     -2    -6       2.4071445690E-004
#     -2    -5       4.6811620754E-005
#     -2    -4       5.8072897096E-004
#     -2    -3       3.8270425277E-004
#     -2    -2       1.0993013347E-004
#     -2    -1       3.5805224534E-005
#     -2     0       9.8009177866E-005
#     -2     1       4.3368205568E-004
#     -2     2       5.8068245003E-004
#     -2     3       1.5498829769E-004
#     -2     4       4.0803007955E-005
#     -2     5       9.3240425523E-007
#     -2     6       1.9609339807E-004
#     -2     7       1.0641505797E-004
#     -2     8       1.4664975899E-004
#     -2     9       7.0907948447E-004
#     -2    10       2.4920529622E-004
#     -2    11       3.9666565351E-004
#     -2    12       3.0249529538E-004
#     -1   -27       1.0709437059E-004
#     -1   -26       2.6401349370E-005
#     -1   -25       6.2460975146E-006
#     -1   -24       2.0295360801E-005
#     -1   -23       1.7297911502E-004
#     -1   -22       1.5389279947E-004
#     -1   -21       5.0481861165E-005
#     -1   -20       5.5439303844E-007
#     -1   -19       4.9186206144E-006
#     -1   -18       2.5497972671E-004
#     -1   -17       1.5435694304E-004
#     -1   -16       1.2581922414E-005
#     -1   -15       9.2250142601E-007
#     -1   -14       3.8593974187E-006
#     -1   -13       2.9932814204E-004
#     -1   -12       1.2429604883E-004
#     -1   -11       4.6093988639E-004
#     -1   -10       1.4017619103E-004
#     -1    -9       1.2354987747E-004
#     -1    -8       3.1754850032E-004
#     -1    -7       2.4430311821E-004
#     -1    -6       1.2360842991E-007
#     -1    -5       1.3224906489E-004
#     -1    -4       3.5870466123E-004
#     -1    -3       2.3382720339E-004
#     -1    -2       3.2219266892E-005
#     -1    -1       1.7483870238E-005
#     -1     0       1.4939337826E-004
#     -1     1       1.0904989321E-003
#     -1     2       2.7700106330E-003
#     -1     3       1.0526717369E-004
#     -1     4       3.8261237468E-006
#     -1     5       1.4537414174E-004
#     -1     6       2.6311564710E-004
#     -1     7       4.6523783738E-004
#     -1     8       8.0186122239E-005
#     -1     9       4.0724051251E-005
#     -1    10       2.6653827191E-004
#     -1    11       1.0592403627E-004
#      0   -27       1.8271870757E-004
#      0   -26       7.5622616737E-005
#      0   -25       5.2447214530E-004
#      0   -24       5.5005659953E-005
#      0   -23       5.7025324221E-004
#      0   -22       3.8203564720E-004
#      0   -21       3.9299463613E-005
#      0   -20       2.5418100970E-003
#      0   -19       2.5975469851E-005
#      0   -18       8.7531552792E-005
#      0   -17       9.6173995503E-006
#      0   -16       4.8165516116E-006
#      0   -15       1.4858599373E-002
#      0   -14       2.1180165738E-006
#      0   -13       2.3703579202E-004
#      0   -12       3.7310882927E-004
#      0   -11       6.0975593741E-005
#      0   -10       1.5363427898E-002
#      0    -9       1.7048338543E-005
#      0    -8       2.3714312457E-004
#      0    -7       3.1222253581E-004
#      0    -6       6.0652456178E-005
#      0    -5       9.0230103649E-004
#      0    -4       9.9680461642E-006
#      0    -3       1.3365859733E-004
#      0    -2       7.9858035765E-004
#      0    -1       2.1241871650E-005
#      0     0       3.0617069806E-002
#      0     1       2.6755401850E-005
#      0     2       1.4858447421E-003
#      0     3       4.8604930767E-005
#      0     4       9.6294735298E-005
#      0     5       7.8588428120E-003
#      0     6       7.8826894180E-005
#      0     7       9.5490463878E-004
#      0     8       3.7309714438E-004
#      0     9       1.8248277050E-004
#      0    10       1.1793457836E-002
#      1   -27       3.3332203392E-004
#      1   -26       1.8278688065E-004
#      1   -25       9.2083241794E-005
#      1   -24       4.1635409144E-005
#      1   -23       3.5191096568E-005
#      1   -22       5.8664132092E-004
#      1   -21       1.2708381531E-004
#      1   -20       6.4616579244E-005
#      1   -19       7.9609698204E-006
#      1   -18       2.3148262317E-005
#      1   -17       1.0373020882E-004
#      1   -16       3.4319154170E-005
#      1   -15       7.0931165359E-005
#      1   -14       3.7894696834E-005
#      1   -13       1.8609635627E-004
#      1   -12       1.4403153845E-004
#      1   -11       5.5313077964E-005
#      1   -10       5.5417832831E-006
#      1    -9       2.7695831476E-005
#      1    -8       2.2833123297E-006
#      1    -7       1.6790613576E-005
#      1    -6       2.2374756343E-004
#      1    -5       1.5244873614E-004
#      1    -4       1.2311802669E-004
#      1    -3       2.3479864966E-004
#      1    -2       1.5486016082E-003
#      1    -1       1.6155942578E-003
#      1     0       1.3650826808E-003
#      1     1       1.0619067923E-004
#      1     2       3.0992310635E-004
#      1     3       3.6466326872E-004
#      1     4       1.5494541170E-004
#      1     5       4.8794582816E-004
#      1     6       5.7642460942E-005
#      1     7       3.8691368111E-005
#      1     8       5.7743591709E-004
#      1     9       6.8332165022E-004
#      2   -27       3.0113664521E-005
#      2   -26       2.1728477368E-004
#      2   -25       2.8402239484E-004
#      2   -24       5.3203051683E-004
#      2   -23       4.7785285058E-005
#      2   -22       2.0167824189E-004
#      2   -21       1.1287939760E-004
#      2   -20       8.7215955072E-006
#      2   -19       1.5033052274E-004
#      2   -18       8.3318006424E-005
#      2   -17       1.2390778735E-004
#      2   -16       3.9754102425E-005
#      2   -15       1.6717172104E-004
#      2   -14       7.1803177892E-004
#      2   -13       9.2339342417E-006
#      2   -12       1.7708933858E-004
#      2   -11       3.3664122195E-004
#      2   -10       1.1402467913E-004
#      2    -9       2.7754031743E-004
#      2    -8       2.8018483300E-005
#      2    -7       8.7457042705E-005
#      2    -6       5.1726983638E-006
#      2    -5       1.3401173069E-004
#      2    -4       3.6256034328E-006
#      2    -3       1.3424579750E-005
#      2    -2       1.3746253949E-003
#      2    -1       9.0437284058E-004
#      2     0       1.4091244192E-004
#      2     1       1.8564862632E-003
#      2     2       2.9023143344E-005
#      2     3       7.2197101765E-005
#      2     4       6.0918463206E-004
#      2     5       4.0258523988E-004
#      2     6       7.8625216889E-004
#      2     7       1.5924383721E-005
#      2     8       1.0609617206E-003
#      3   -26       4.8164929190E-004
#      3   -25       1.7058588752E-005
#      3   -24       3.4344677749E-004
#      3   -23       1.9350603766E-004
#      3   -22       5.0749048747E-005
#      3   -21       7.9800550245E-004
#      3   -20       3.7542020805E-005
#      3   -19       2.5169446626E-004
#      3   -18       3.1151286228E-004
#      3   -17       7.0258325039E-005
#      3   -16       1.1820855610E-003
#      3   -15       9.2082605843E-005
#      3   -14       6.3823283429E-004
#      3   -13       2.8243649543E-004
#      3   -12       5.9234740860E-005
#      3   -11       1.1941034086E-003
#      3   -10       5.3796684115E-005
#      3    -9       6.2998149693E-004
#      3    -8       7.2273714062E-004
#      3    -7       3.2493977209E-004
#      3    -6       7.5081974514E-004
#      3    -5       1.2996973947E-005
#      3    -4       5.7009179890E-006
#      3    -3       4.2974999840E-005
#      3    -2       6.6784822704E-005
#      3    -1       1.6357282534E-003
#      3     0       2.0919278068E-004
#      3     1       4.4357906376E-004
#      3     2       9.2958736120E-004
#      3     3       8.5586494809E-005
#      3     4       1.3280155529E-003
#      3     5       1.2879606966E-005
#      3     6       4.0130217065E-005
#      4   -26       3.1525727445E-005
#      4   -25       1.0869965817E-005
#      4   -24       3.3305845325E-004
#      4   -23       3.7767989305E-004
#      4   -22       6.8175188975E-005
#      4   -21       1.0416043733E-004
#      4   -20       3.2653931371E-005
#      4   -19       1.1068031687E-004
#      4   -18       1.6181139101E-004
#      4   -17       2.4654328324E-004
#      4   -16       1.2493399884E-004
#      4   -15       7.3215327284E-005
#      4   -14       3.2397774841E-004
#      4   -13       1.6107785996E-004
#      4   -12       3.8278516671E-004
#      4   -11       5.9642164331E-004
#      4   -10       3.8738709783E-004
#      4    -9       7.6526938386E-004
#      4    -8       1.7701929176E-003
#      4    -7       1.8542375664E-004
#      4    -6       7.7886246984E-005
#      4    -5       1.7668688745E-004
#      4    -4       3.1428731271E-004
#      4    -3       9.5159313093E-005
#      4    -2       1.8874588957E-005
#      4    -1       5.4624106291E-005
#      4     0       6.9112018812E-004
#      4     1       1.0085495953E-003
#      4     2       2.9722152381E-003
#      4     3       7.8004568832E-004
#      4     4       3.2250518466E-004
#      4     5       4.2839220895E-005
#      5   -25       1.8227798080E-003
#      5   -24       7.6282155946E-005
#      5   -23       2.5657895033E-004
#      5   -22       3.3894117935E-005
#      5   -21       3.6667784848E-005
#      5   -20       6.4200319581E-004
#      5   -19       3.2512281311E-005
#      5   -18       9.4411905690E-005
#      5   -17       3.5188221066E-004
#      5   -16       8.6211205815E-006
#      5   -15       1.6267312086E-002
#      5   -14       2.5037553193E-006
#      5   -13       3.5921630972E-004
#      5   -12       1.1120205023E-003
#      5   -11       6.0810092080E-005
#      5   -10       3.9508631720E-002
#      5    -9       5.4454391901E-005
#      5    -8       5.4776214638E-004
#      5    -7       1.3261517859E-004
#      5    -6       6.3200007358E-006
#      5    -5       6.7183727624E-003
#      5    -4       4.0651988034E-005
#      5    -3       2.1078612403E-004
#      5    -2       2.2080646167E-003
#      5    -1       2.4857995366E-004
#      5     0       5.9100865939E-002
#      5     1       4.9257400253E-005
#      5     2       1.9862454551E-003
#      5     3       2.5608371445E-005
#      6   -25       7.3514137198E-005
#      6   -24       3.6437237998E-005
#      6   -23       3.1373088338E-004
#      6   -22       7.0272321930E-004
#      6   -21       2.3113118283E-004
#      6   -20       6.1953985920E-004
#      6   -19       4.1247921626E-005
#      6   -18       4.4095803111E-006
#      6   -17       3.2362434759E-004
#      6   -16       1.0579896178E-004
#      6   -15       2.4058348593E-004
#      6   -14       2.0346876358E-005
#      6   -13       4.9804122747E-004
#      6   -12       1.2008819920E-003
#      6   -11       9.9492740399E-004
#      6   -10       4.5305501778E-004
#      6    -9       1.5005582692E-004
#      6    -8       9.9359598495E-005
#      6    -7       2.9173361986E-004
#      6    -6       1.0058013586E-003
#      6    -5       3.5571334826E-004
#      6    -4       8.3005020188E-006
#      6    -3       1.0955856158E-003
#      6    -2       2.5886643256E-003
#      6    -1       1.4781204284E-003
#      6     0       6.2176549953E-004
#      6     1       2.1693495248E-004
#      6     2       3.5768142553E-004
#      7   -24       4.0556914120E-004
#      7   -23       3.7666245716E-005
#      7   -22       4.1262468137E-004
#      7   -21       1.0586607181E-003
#      7   -20       5.3762715269E-005
#      7   -19       5.0306898329E-004
#      7   -18       1.3642694897E-005
#      7   -17       5.8874630479E-004
#      7   -16       3.2677606598E-004
#      7   -15       1.5913026415E-004
#      7   -14       3.1361124235E-004
#      7   -13       1.0049833784E-005
#      7   -12       1.2773781676E-003
#      7   -11       2.1636618186E-003
#      7   -10       1.7039423520E-004
#      7    -9       7.6599786690E-004
#      7    -8       9.6789459344E-005
#      7    -7       4.7525993906E-004
#      7    -6       1.2776470942E-004
#      7    -5       3.0212859856E-004
#      7    -4       1.0536732623E-003
#      7    -3       2.3405169210E-004
#      7    -2       1.4458043930E-003
#      7    -1       5.1585705686E-004
#      7     0       6.4913315289E-004
#      8   -23       5.7483669480E-004
#      8   -22       6.8665447803E-005
#      8   -21       1.2590593331E-003
#      8   -20       2.7453876428E-005
#      8   -19       8.3174711806E-004
#      8   -18       1.5797244964E-004
#      8   -17       4.5796825536E-004
#      8   -16       2.8566764393E-003
#      8   -15       1.1130016619E-004
#      8   -14       1.2363848318E-004
#      8   -13       2.6497975312E-004
#      8   -12       8.9509241724E-005
#      8   -11       1.8867706294E-003
#      8   -10       1.1371702812E-004
#      8    -9       1.3977180868E-004
#      8    -8       2.1071184157E-004
#      8    -7       2.3450648272E-004
#      8    -6       4.7639724636E-004
#      8    -5       1.2181524266E-005
#      8    -4       6.0533795424E-004
#      8    -3       5.1035212882E-005
#      8    -2       1.2550029195E-004
#      9   -21       3.0314365282E-004
#      9   -20       1.6346299123E-004
#      9   -19       2.6389543594E-004
#      9   -18       4.6542316816E-004
#      9   -17       6.9118750316E-004
#      9   -16       1.9699835901E-004
#      9   -15       6.7269284178E-004
#      9   -14       7.0176722683E-004
#      9   -13       1.4648184803E-004
#      9   -12       1.8952177763E-005
#      9   -11       1.1124705776E-004
#      9   -10       1.1206069521E-004
#      9    -9       4.6573129358E-004
#      9    -8       4.4535606472E-004
#      9    -7       2.9231088637E-004
#      9    -6       2.4270991189E-004
#      9    -5       1.3320721477E-004
#     10   -19       3.7974841086E-005
#     10   -18       3.8371569741E-004
#     10   -17       1.0432001781E-003
#     10   -16       1.1696238320E-005
#     10   -15       1.6519624136E-002
#     10   -14       1.9251641166E-004
#     10   -13       6.5394286971E-005
#     10   -12       6.3819001849E-004
#     10   -11       7.2199669936E-005
#     10   -10       1.3725188832E-002
#     10    -9       9.9018068331E-005
#     10    -8       7.5918835027E-004
