 Diffraction intensities for potential:_5x5_05D10009.in                        
#    -45    11       5.9643308985E-007
#    -45    12       5.0843149384E-005
#    -45    13       1.1188169582E-004
#    -45    14       1.8967785563E-007
#    -45    15       3.7611988379E-004
#    -45    16       3.0247807215E-005
#    -44     7       1.2457417346E-005
#    -44     8       1.1999309024E-005
#    -44     9       2.1347662868E-006
#    -44    10       5.2811634411E-006
#    -44    11       1.4600266504E-005
#    -44    12       5.3909771635E-005
#    -44    13       3.2421738901E-005
#    -44    14       8.9868773433E-006
#    -44    15       7.4980869598E-006
#    -44    16       4.1177159830E-005
#    -44    17       2.6888023014E-005
#    -44    18       1.5253846768E-005
#    -44    19       1.5115956025E-005
#    -44    20       1.0145144614E-006
#    -43     4       1.0876000733E-005
#    -43     5       3.3717482568E-005
#    -43     6       6.7792763044E-005
#    -43     7       1.1343259297E-005
#    -43     8       1.4778097895E-004
#    -43     9       1.8819933208E-005
#    -43    10       7.5026941617E-005
#    -43    11       2.3440994727E-004
#    -43    12       8.6030698585E-005
#    -43    13       1.9757135247E-004
#    -43    14       2.9961458675E-005
#    -43    15       6.7562976349E-005
#    -43    16       2.2701894414E-004
#    -43    17       6.3859054847E-005
#    -43    18       1.1719792169E-004
#    -43    19       4.7218594211E-005
#    -43    20       6.8696176125E-005
#    -43    21       7.5296493952E-005
#    -43    22       5.5202422742E-005
#    -42     2       7.3532197962E-005
#    -42     3       1.0628493880E-005
#    -42     4       9.1120453999E-005
#    -42     5       1.2020481719E-005
#    -42     6       4.0255114342E-006
#    -42     7       1.1260077700E-004
#    -42     8       5.4254485445E-005
#    -42     9       2.4500827039E-004
#    -42    10       1.0445673694E-004
#    -42    11       3.8169335006E-005
#    -42    12       1.8333818839E-004
#    -42    13       1.3459143984E-004
#    -42    14       3.1473058489E-004
#    -42    15       7.0478619017E-005
#    -42    16       1.8778480630E-005
#    -42    17       1.6542816471E-004
#    -42    18       8.2106714698E-005
#    -42    19       4.3694313360E-004
#    -42    20       1.0228032347E-004
#    -42    21       3.3989595748E-005
#    -42    22       1.5581373273E-004
#    -42    23       3.3963516160E-005
#    -41     0       5.5697368017E-006
#    -41     1       3.2691277822E-006
#    -41     2       1.1373382016E-005
#    -41     3       3.9126727802E-005
#    -41     4       1.4638372193E-005
#    -41     5       9.0229268227E-006
#    -41     6       8.5719782555E-006
#    -41     7       2.4172907466E-005
#    -41     8       9.1828900068E-005
#    -41     9       4.6564595472E-005
#    -41    10       2.5768396737E-005
#    -41    11       2.4108485257E-006
#    -41    12       6.2701129888E-005
#    -41    13       1.3239655231E-004
#    -41    14       4.8918534183E-005
#    -41    15       4.1588206614E-005
#    -41    16       2.3769624163E-005
#    -41    17       9.2365245025E-005
#    -41    18       8.9972958386E-005
#    -41    19       3.8130348299E-005
#    -41    20       1.9112825306E-005
#    -41    21       2.9630308200E-005
#    -41    22       4.7020341311E-005
#    -41    23       5.5122951532E-005
#    -41    24       2.9246047199E-005
#    -40    -2       7.2781058278E-005
#    -40    -1       3.3787939396E-006
#    -40     0       4.0272179817E-004
#    -40     1       5.0101202374E-006
#    -40     2       8.3463190306E-005
#    -40     3       4.2070042621E-005
#    -40     4       7.8276297641E-006
#    -40     5       2.8103379532E-004
#    -40     6       5.8868882983E-006
#    -40     7       1.9582482498E-004
#    -40     8       2.4759421740E-004
#    -40     9       8.1755619333E-006
#    -40    10       9.4059629211E-004
#    -40    11       2.9500777707E-005
#    -40    12       3.8587379731E-004
#    -40    13       4.0087151876E-004
#    -40    14       2.3794031183E-005
#    -40    15       1.0724237568E-003
#    -40    16       4.9869220436E-005
#    -40    17       3.2272791144E-004
#    -40    18       5.0756841824E-004
#    -40    19       2.2299655871E-005
#    -40    20       7.6361510998E-004
#    -40    21       1.3557468550E-005
#    -40    22       1.8865189847E-004
#    -40    23       2.4468538885E-004
#    -40    24       9.7796454120E-006
#    -40    25       3.8580214185E-004
#    -39    -4       1.0750903991E-005
#    -39    -3       1.0507493816E-005
#    -39    -2       1.1132716083E-005
#    -39    -1       4.8853039921E-006
#    -39     0       9.9755134029E-006
#    -39     1       2.3776805966E-005
#    -39     2       2.1800022352E-005
#    -39     3       1.5951853732E-005
#    -39     4       1.8500728945E-006
#    -39     5       2.9603673916E-005
#    -39     6       3.0580082214E-005
#    -39     7       7.1750328764E-005
#    -39     8       4.9188988700E-005
#    -39     9       5.1929185018E-006
#    -39    10       2.8721519832E-005
#    -39    11       5.3642435242E-005
#    -39    12       1.6177780867E-004
#    -39    13       7.5470853823E-005
#    -39    14       4.4471281241E-005
#    -39    15       4.5938679429E-005
#    -39    16       1.0098519592E-004
#    -39    17       1.0602522082E-004
#    -39    18       1.0449043753E-004
#    -39    19       1.1401263693E-005
#    -39    20       2.8666858526E-005
#    -39    21       5.7821761970E-005
#    -39    22       1.5749867249E-004
#    -39    23       1.3388408773E-004
#    -39    24       3.1710101779E-005
#    -39    25       5.9382180903E-005
#    -39    26       1.2095659122E-005
#    -38    -5       3.3591128735E-005
#    -38    -4       8.9752150081E-005
#    -38    -3       3.9200334236E-005
#    -38    -2       8.3078798144E-005
#    -38    -1       2.3432615936E-005
#    -38     0       7.3123587630E-005
#    -38     1       1.1219726381E-004
#    -38     2       3.3914471444E-005
#    -38     3       1.4970099915E-004
#    -38     4       3.0021223375E-005
#    -38     5       7.8365648331E-005
#    -38     6       2.4212996957E-004
#    -38     7       6.4858920389E-005
#    -38     8       1.7041841591E-004
#    -38     9       4.2640986592E-005
#    -38    10       1.2724971538E-004
#    -38    11       5.6844319795E-004
#    -38    12       1.5979376271E-004
#    -38    13       5.4508366538E-004
#    -38    14       7.2664704092E-005
#    -38    15       1.8019926072E-004
#    -38    16       5.5592730048E-004
#    -38    17       1.6027392796E-004
#    -38    18       4.6083059916E-004
#    -38    19       4.0413147110E-005
#    -38    20       1.5522714953E-004
#    -38    21       5.1072436542E-004
#    -38    22       2.4992657127E-004
#    -38    23       4.8356646606E-004
#    -38    24       1.0671490520E-004
#    -38    25       1.1254533319E-004
#    -38    26       1.7697628740E-004
#    -37    -7       1.2657196641E-005
#    -37    -6       6.7002247934E-005
#    -37    -5       1.1895818963E-005
#    -37    -4       1.4516670466E-005
#    -37    -3       4.1366123714E-005
#    -37    -2       2.1428101341E-005
#    -37    -1       1.1114638596E-004
#    -37     0       4.7265116854E-005
#    -37     1       8.4032931009E-006
#    -37     2       1.5005079474E-004
#    -37     3       7.0979445404E-005
#    -37     4       3.4086537966E-004
#    -37     5       1.0213666046E-004
#    -37     6       1.5471426341E-005
#    -37     7       2.3945629622E-004
#    -37     8       1.0699134689E-004
#    -37     9       2.8068704594E-004
#    -37    10       1.5219153352E-004
#    -37    11       3.6295696936E-005
#    -37    12       3.4540917893E-004
#    -37    13       1.9997529587E-004
#    -37    14       6.6053167472E-004
#    -37    15       1.0802563733E-004
#    -37    16       3.8737718730E-005
#    -37    17       3.7190561708E-004
#    -37    18       1.2707338981E-004
#    -37    19       5.1388535048E-004
#    -37    20       1.9812132787E-004
#    -37    21       6.7386073380E-005
#    -37    22       4.1063523440E-004
#    -37    23       1.2622448650E-004
#    -37    24       5.5857523101E-004
#    -37    25       7.2045939347E-005
#    -37    26       2.4226163871E-005
#    -37    27       1.0739205016E-004
#    -36    -8       1.1736681577E-005
#    -36    -7       1.1379297222E-005
#    -36    -6       4.1233312139E-006
#    -36    -5       8.8732556893E-006
#    -36    -4       7.6961862963E-006
#    -36    -3       1.5572348980E-005
#    -36    -2       3.3434913326E-005
#    -36    -1       8.2318052321E-006
#    -36     0       5.3910631209E-006
#    -36     1       1.5015769413E-005
#    -36     2       4.1482167614E-005
#    -36     3       1.1363339881E-004
#    -36     4       6.2477171304E-005
#    -36     5       3.8268269001E-005
#    -36     6       1.2309101875E-006
#    -36     7       4.7151688412E-005
#    -36     8       8.4247688706E-005
#    -36     9       3.7287240032E-005
#    -36    10       2.0021564402E-005
#    -36    11       1.0854685426E-005
#    -36    12       8.1485127914E-005
#    -36    13       1.3120111143E-004
#    -36    14       7.5848792132E-005
#    -36    15       6.0908426147E-005
#    -36    16       3.4319705237E-005
#    -36    17       1.5183486558E-004
#    -36    18       9.5963680863E-005
#    -36    19       9.5127497274E-005
#    -36    20       2.8118105297E-005
#    -36    21       2.6952238434E-005
#    -36    22       6.0247265032E-005
#    -36    23       2.1763759414E-004
#    -36    24       3.3426341164E-005
#    -36    25       5.6768508323E-005
#    -36    26       8.2823616425E-006
#    -36    27       6.7268631260E-005
#    -35    -9       2.1788796249E-006
#    -35    -8       1.4634470634E-004
#    -35    -7       1.1089135484E-004
#    -35    -6       8.3024546716E-006
#    -35    -5       2.7952351926E-004
#    -35    -4       1.7997488665E-006
#    -35    -3       1.4812447046E-004
#    -35    -2       1.4838732047E-004
#    -35    -1       1.4970133047E-005
#    -35     0       4.6260930367E-004
#    -35     1       3.3998995282E-006
#    -35     2       1.5485620030E-004
#    -35     3       2.4466349640E-004
#    -35     4       1.0132059638E-005
#    -35     5       4.4462946625E-004
#    -35     6       1.2195934529E-005
#    -35     7       1.9386258400E-004
#    -35     8       2.6850884922E-004
#    -35     9       1.8463571513E-005
#    -35    10       1.1720665350E-003
#    -35    11       8.1702594555E-005
#    -35    12       3.3545217823E-004
#    -35    13       2.3134960813E-004
#    -35    14       2.3838337150E-005
#    -35    15       9.9701805900E-004
#    -35    16       7.5669654879E-006
#    -35    17       1.9668915981E-004
#    -35    18       4.2892850762E-004
#    -35    19       2.6653113633E-005
#    -35    20       1.1373539719E-003
#    -35    21       3.0982128599E-005
#    -35    22       3.9247805486E-004
#    -35    23       2.8933719673E-004
#    -35    24       2.3140992453E-006
#    -35    25       8.9267248999E-004
#    -35    26       3.5917882515E-005
#    -35    27       8.4871492993E-005
#    -34   -11       6.0040062425E-007
#    -34   -10       5.1067905690E-006
#    -34    -9       1.8409555724E-005
#    -34    -8       5.3441809729E-005
#    -34    -7       2.4216524230E-005
#    -34    -6       5.7728561912E-006
#    -34    -5       2.9453960685E-005
#    -34    -4       3.0086640478E-005
#    -34    -3       7.0456908695E-005
#    -34    -2       4.1686128270E-005
#    -34    -1       3.3439419068E-006
#    -34     0       3.0735864284E-005
#    -34     1       3.8839931928E-005
#    -34     2       6.1607258606E-005
#    -34     3       3.2903723844E-005
#    -34     4       8.4465871521E-006
#    -34     5       8.1413120949E-005
#    -34     6       5.4402046583E-005
#    -34     7       7.2820999726E-005
#    -34     8       3.6351229780E-005
#    -34     9       1.4046140300E-005
#    -34    10       1.2560259311E-005
#    -34    11       3.4971470685E-005
#    -34    12       7.7471272693E-005
#    -34    13       6.9371611041E-005
#    -34    14       1.2425749278E-005
#    -34    15       2.4403921631E-005
#    -34    16       1.0263626994E-004
#    -34    17       8.5015031255E-005
#    -34    18       1.3551410066E-004
#    -34    19       1.8700554180E-005
#    -34    20       4.6007437303E-005
#    -34    21       1.6386052441E-005
#    -34    22       1.8077812806E-004
#    -34    23       1.2208270842E-004
#    -34    24       9.7719999036E-006
#    -34    25       7.4858768306E-005
#    -34    26       1.0147283245E-004
#    -34    27       2.0196798407E-005
#    -33   -12       5.1169868628E-005
#    -33   -11       1.4433121062E-005
#    -33   -10       7.4527375950E-005
#    -33    -9       2.4024081393E-004
#    -33    -8       8.9941353906E-005
#    -33    -7       1.9256668136E-004
#    -33    -6       3.0546292483E-005
#    -33    -5       7.8515564860E-005
#    -33    -4       3.4120166452E-004
#    -33    -3       1.1384010332E-004
#    -33    -2       1.5505818241E-004
#    -33    -1       3.8951981860E-005
#    -33     0       7.1418971779E-005
#    -33     1       2.5066442716E-004
#    -33     2       1.0193790041E-004
#    -33     3       2.3358180639E-004
#    -33     4       1.1553254204E-005
#    -33     5       1.1109227900E-004
#    -33     6       1.4524055671E-004
#    -33     7       5.1752690093E-005
#    -33     8       1.1967772352E-004
#    -33     9       2.1599133483E-005
#    -33    10       7.8247331361E-005
#    -33    11       3.1781958351E-004
#    -33    12       7.4036936500E-005
#    -33    13       2.9399032896E-004
#    -33    14       1.6453366812E-005
#    -33    15       6.4266591782E-005
#    -33    16       3.0187789132E-004
#    -33    17       7.2148419485E-005
#    -33    18       2.4783791833E-004
#    -33    19       5.2725903877E-005
#    -33    20       1.5027185704E-004
#    -33    21       4.0165587301E-004
#    -33    22       2.6296684958E-004
#    -33    23       5.5809431530E-004
#    -33    24       1.2587978836E-004
#    -33    25       1.5650226165E-004
#    -33    26       4.1954930699E-004
#    -33    27       8.2275225543E-005
#    -32   -13       1.1130284300E-004
#    -32   -12       5.3410110220E-005
#    -32   -11       2.3036640569E-004
#    -32   -10       1.0286900020E-004
#    -32    -9       4.5809360233E-005
#    -32    -8       2.4521875219E-004
#    -32    -7       7.1655336017E-005
#    -32    -6       2.4669151160E-004
#    -32    -5       1.0269469068E-004
#    -32    -4       6.3440809625E-005
#    -32    -3       2.4682848438E-004
#    -32    -2       6.2297874645E-005
#    -32    -1       2.5281266908E-004
#    -32     0       3.6576622295E-005
#    -32     1       3.3702422680E-005
#    -32     2       2.2371724464E-004
#    -32     3       6.0748129561E-005
#    -32     4       1.7584177255E-004
#    -32     5       7.6660574895E-005
#    -32     6       2.3152503368E-006
#    -32     7       8.6237379234E-005
#    -32     8       9.1351825831E-005
#    -32     9       1.7133268331E-004
#    -32    10       1.6179684631E-004
#    -32    11       3.4225519254E-006
#    -32    12       1.8246720675E-004
#    -32    13       1.0599251066E-004
#    -32    14       1.3088196985E-004
#    -32    15       3.5152838840E-007
#    -32    16       2.3164260552E-006
#    -32    17       1.5400680913E-004
#    -32    18       4.2126430278E-005
#    -32    19       2.7167356392E-004
#    -32    20       7.2475428981E-005
#    -32    21       4.4201805042E-005
#    -32    22       2.8579307949E-004
#    -32    23       2.5093369164E-004
#    -32    24       6.1557615627E-004
#    -32    25       1.2557181740E-004
#    -32    26       4.3264408799E-005
#    -32    27       4.4191827890E-004
#    -32    28       1.3128415303E-007
#    -31   -14       1.9204878709E-007
#    -31   -13       3.2403793230E-005
#    -31   -12       8.4030309381E-005
#    -31   -11       3.7322880881E-005
#    -31   -10       2.4707561181E-005
#    -31    -9       8.0348682753E-006
#    -31    -8       4.9353337379E-005
#    -31    -7       6.5943871988E-005
#    -31    -6       1.6128278087E-005
#    -31    -5       3.9052846293E-005
#    -31    -4       1.0116203184E-005
#    -31    -3       3.3736280528E-005
#    -31    -2       1.0310525378E-004
#    -31    -1       3.3984786116E-005
#    -31     0       2.1018548244E-005
#    -31     1       1.6146409579E-005
#    -31     2       2.2637990556E-005
#    -31     3       3.5265043216E-005
#    -31     4       1.3159774857E-005
#    -31     5       8.4302453102E-006
#    -31     6       1.1039445798E-006
#    -31     7       1.6982419908E-005
#    -31     8       2.5370355897E-005
#    -31     9       1.6366734127E-005
#    -31    10       6.4649208805E-006
#    -31    11       2.4866040061E-007
#    -31    12       5.5349227796E-005
#    -31    13       3.1858221442E-005
#    -31    14       2.0383030504E-005
#    -31    15       1.3798337754E-005
#    -31    16       3.9174529830E-006
#    -31    17       3.1894198906E-005
#    -31    18       8.0903122279E-006
#    -31    19       2.2678963215E-005
#    -31    20       1.7956266248E-005
#    -31    21       9.1976580892E-006
#    -31    22       1.0020045412E-004
#    -31    23       1.2717629939E-004
#    -31    24       1.2102303611E-004
#    -31    25       4.3031322522E-005
#    -31    26       4.0842405593E-005
#    -31    27       3.3283040018E-005
#    -31    28       1.4197541971E-004
#    -30   -15       3.7404043619E-004
#    -30   -14       8.8611095543E-006
#    -30   -13       1.9383498444E-004
#    -30   -12       1.7829310039E-004
#    -30   -11       2.2550208749E-006
#    -30   -10       9.2551824738E-004
#    -30    -9       5.0845180625E-006
#    -30    -8       1.7502536792E-004
#    -30    -7       2.4637477243E-004
#    -30    -6       1.3601564904E-006
#    -30    -5       4.6425534680E-004
#    -30    -4       8.5369174426E-006
#    -30    -3       2.4054315987E-004
#    -30    -2       2.2712637880E-004
#    -30    -1       1.6403159013E-005
#    -30     0       1.0765257351E-003
#    -30     1       4.3976017205E-006
#    -30     2       4.2638681317E-005
#    -30     3       9.1946189461E-005
#    -30     4       2.7527042675E-005
#    -30     5       1.3405875400E-003
#    -30     6       1.9770529681E-005
#    -30     7       1.5908858306E-004
#    -30     8       1.0353110565E-004
#    -30     9       1.2236673309E-005
#    -30    10       9.5239961302E-004
#    -30    11       4.9235569245E-005
#    -30    12       1.0480730004E-004
#    -30    13       1.0722219098E-004
#    -30    14       2.7399708635E-006
#    -30    15       5.8003567762E-004
#    -30    16       9.1311215518E-006
#    -30    17       1.0388422954E-005
#    -30    18       1.4960760492E-005
#    -30    19       2.7448468971E-006
#    -30    20       1.2171937996E-004
#    -30    21       4.7174747855E-006
#    -30    22       3.0495799176E-004
#    -30    23       8.7181308637E-004
#    -30    24       5.6238279673E-005
#    -30    25       9.2483332294E-004
#    -30    26       4.5587602859E-005
#    -30    27       2.4731649298E-004
#    -30    28       9.1082376477E-005
#    -29   -16       2.9846426533E-005
#    -29   -15       7.2195935360E-006
#    -29   -14       2.9340928823E-005
#    -29   -13       1.3182318166E-004
#    -29   -12       6.1774974713E-005
#    -29   -11       2.9532400403E-005
#    -29   -10       2.8672878725E-005
#    -29    -9       4.4356232127E-005
#    -29    -8       1.1178111862E-004
#    -29    -7       4.9052738716E-005
#    -29    -6       1.2907934079E-005
#    -29    -5       8.2577941660E-005
#    -29    -4       1.2233794730E-005
#    -29    -3       6.3149182902E-005
#    -29    -2       2.1868723215E-005
#    -29    -1       4.5574330988E-006
#    -29     0       9.7656350243E-005
#    -29     1       3.2978036361E-005
#    -29     2       4.5950906883E-005
#    -29     3       8.8760696532E-006
#    -29     4       2.6728115130E-005
#    -29     5       3.0272689874E-005
#    -29     6       2.6259525774E-005
#    -29     7       1.0118631012E-004
#    -29     8       1.8800423570E-005
#    -29     9       2.8105895697E-005
#    -29    10       1.5195402800E-005
#    -29    11       8.6753998740E-006
#    -29    12       1.3119275141E-004
#    -29    13       2.3465805407E-005
#    -29    14       8.8184316294E-005
#    -29    15       9.9398500258E-006
#    -29    16       1.6345678057E-005
#    -29    17       2.5236931451E-005
#    -29    18       6.3553565341E-006
#    -29    19       2.8668817283E-007
#    -29    20       5.8851679294E-005
#    -29    21       1.7849382134E-004
#    -29    22       1.5366979373E-004
#    -29    23       1.0453276729E-004
#    -29    24       4.6388407909E-005
#    -29    25       5.9277146234E-005
#    -29    26       4.6952491123E-005
#    -29    27       1.9855509324E-004
#    -28   -16       4.0411481058E-005
#    -28   -15       6.5120230874E-005
#    -28   -14       3.0517690229E-004
#    -28   -13       1.2955994732E-004
#    -28   -12       3.8416945779E-004
#    -28   -11       5.4128993942E-005
#    -28   -10       1.3035498844E-004
#    -28    -9       2.9404406975E-004
#    -28    -8       8.8367721020E-005
#    -28    -7       2.0434249816E-004
#    -28    -6       5.6431146867E-005
#    -28    -5       1.1466092171E-004
#    -28    -4       1.8366171422E-004
#    -28    -3       3.5871000979E-005
#    -28    -2       4.2579023531E-005
#    -28    -1       3.2603251056E-005
#    -28     0       5.1919242719E-005
#    -28     1       1.1951438984E-004
#    -28     2       9.3692952174E-005
#    -28     3       3.1578850485E-005
#    -28     4       1.1054868479E-006
#    -28     5       1.0671108282E-004
#    -28     6       1.6945401390E-004
#    -28     7       9.6975154093E-005
#    -28     8       4.3533544419E-005
#    -28     9       8.9200090722E-005
#    -28    10       6.0585328832E-005
#    -28    11       4.6443738358E-004
#    -28    12       1.7169269054E-004
#    -28    13       5.3959129803E-004
#    -28    14       3.3594638676E-005
#    -28    15       7.4403700078E-005
#    -28    16       2.3837487486E-004
#    -28    17       2.7694178793E-005
#    -28    18       9.8662212023E-005
#    -28    19       3.8271530870E-005
#    -28    20       4.1413986372E-005
#    -28    21       1.9884791325E-004
#    -28    22       1.5348435214E-004
#    -28    23       3.7591131591E-004
#    -28    24       2.9526419220E-005
#    -28    25       2.3797443937E-004
#    -28    26       7.4925815120E-004
#    -28    27       1.5031881055E-004
#    -27   -17       2.5761841717E-005
#    -27   -16       2.2035156982E-004
#    -27   -15       6.8223635489E-005
#    -27   -14       4.8045955870E-005
#    -27   -13       3.9643852384E-004
#    -27   -12       1.6277056820E-004
#    -27   -11       5.8292721297E-004
#    -27   -10       1.5744376747E-004
#    -27    -9       3.8869804623E-005
#    -27    -8       2.7861917533E-004
#    -27    -7       7.7018813453E-005
#    -27    -6       1.5009243703E-004
#    -27    -5       8.0458685911E-005
#    -27    -4       1.2548369854E-005
#    -27    -3       9.0614403305E-005
#    -27    -2       4.5630408011E-005
#    -27    -1       1.1698805355E-004
#    -27     0       5.3526933461E-005
#    -27     1       4.2923211901E-005
#    -27     2       1.6136595535E-004
#    -27     3       5.1423261846E-005
#    -27     4       2.3200996483E-004
#    -27     5       1.3534859993E-004
#    -27     6       9.4252447404E-005
#    -27     7       1.0829157082E-004
#    -27     8       4.6770855618E-005
#    -27     9       1.6756066696E-004
#    -27    10       1.8242424571E-004
#    -27    11       4.6169363473E-005
#    -27    12       5.9526637746E-004
#    -27    13       3.5355230245E-004
#    -27    14       5.3886290138E-004
#    -27    15       1.2970107872E-004
#    -27    16       5.2386714417E-005
#    -27    17       5.2536967720E-006
#    -27    18       2.7430303913E-005
#    -27    19       8.2189068821E-005
#    -27    20       1.3164993147E-004
#    -27    21       1.1724530960E-005
#    -27    22       7.0966909878E-004
#    -27    23       2.5270340153E-004
#    -27    24       7.7578432798E-004
#    -27    25       1.9592003038E-004
#    -27    26       6.6607993829E-005
#    -27    27       3.1058190137E-004
#    -26   -18       1.4673841964E-005
#    -26   -17       6.2191469208E-005
#    -26   -16       1.7955597009E-005
#    -26   -15       4.0698248160E-005
#    -26   -14       2.3538403622E-005
#    -26   -13       7.5819198009E-005
#    -26   -12       1.6318849997E-004
#    -26   -11       3.7847768259E-005
#    -26   -10       2.1342966963E-005
#    -26    -9       1.9007352989E-005
#    -26    -8       3.8028232351E-005
#    -26    -7       5.3499722195E-005
#    -26    -6       2.7609636245E-006
#    -26    -5       9.3106884458E-006
#    -26    -4       2.7019396824E-005
#    -26    -3       8.2201946452E-006
#    -26    -2       9.1923465789E-005
#    -26    -1       4.3174149282E-005
#    -26     0       2.0317310989E-005
#    -26     1       7.4140232281E-007
#    -26     2       1.7564699810E-005
#    -26     3       1.7532084022E-005
#    -26     4       1.3411461999E-005
#    -26     5       6.3802183799E-005
#    -26     6       3.2537156876E-005
#    -26     7       5.4455505733E-005
#    -26     8       1.1981420199E-004
#    -26     9       2.8399794264E-005
#    -26    10       1.1143863726E-004
#    -26    11       3.4840113336E-005
#    -26    12       1.8197838789E-004
#    -26    13       2.4614872709E-004
#    -26    14       3.9730738452E-005
#    -26    15       8.1322103481E-005
#    -26    16       3.7711165231E-005
#    -26    17       1.2279422479E-005
#    -26    18       2.5571273362E-005
#    -26    19       2.9104406391E-005
#    -26    20       3.8678245137E-005
#    -26    21       6.8206417463E-006
#    -26    22       2.6652710789E-005
#    -26    23       7.8320979312E-005
#    -26    24       7.3772040806E-005
#    -26    25       1.3004059105E-005
#    -26    26       1.7461630353E-004
#    -26    27       8.4531900679E-005
#    -25   -19       1.4815628952E-005
#    -25   -18       1.1429165900E-004
#    -25   -17       1.6044563640E-004
#    -25   -16       2.3453638853E-005
#    -25   -15       1.0589855191E-003
#    -25   -14       4.4902536716E-005
#    -25   -13       5.5835865142E-004
#    -25   -12       3.5641382136E-004
#    -25   -11       1.1114487665E-005
#    -25   -10       1.1794618188E-003
#    -25    -9       1.4558600606E-005
#    -25    -8       1.1456364284E-004
#    -25    -7       8.4895274065E-005
#    -25    -6       9.9778579851E-007
#    -25    -5       1.3409122310E-003
#    -25    -4       2.7331811495E-005
#    -25    -3       2.8950914722E-005
#    -25    -2       1.5622516078E-004
#    -25    -1       7.4073959839E-007
#    -25     0       1.7855772392E-003
#    -25     1       5.8289828399E-005
#    -25     2       1.5552246314E-004
#    -25     3       1.1603543828E-004
#    -25     4       5.9021582060E-006
#    -25     5       3.3601887983E-003
#    -25     6       1.7518024077E-005
#    -25     7       6.6340099687E-005
#    -25     8       1.9113003931E-004
#    -25     9       1.2881272953E-005
#    -25    10       5.6537460677E-003
#    -25    11       1.0893536280E-004
#    -25    12       3.7019410361E-004
#    -25    13       3.5331283919E-004
#    -25    14       5.1981750189E-006
#    -25    15       4.0924071005E-003
#    -25    16       2.3444524068E-006
#    -25    17       1.1368998897E-004
#    -25    18       6.4824728722E-005
#    -25    19       9.2029500950E-007
#    -25    20       1.8657920215E-003
#    -25    21       4.9087200858E-005
#    -25    22       2.0155678105E-004
#    -25    23       3.6236799647E-004
#    -25    24       4.8827477140E-005
#    -25    25       9.9285939522E-004
#    -25    26       2.2463220488E-005
#    -25    27       1.7529744350E-004
#    -24   -20       1.0150670167E-006
#    -24   -19       4.6300164237E-005
#    -24   -18       8.0288968230E-005
#    -24   -17       9.1969148163E-005
#    -24   -16       4.9724040870E-005
#    -24   -15       4.5968982721E-005
#    -24   -14       7.4163067156E-005
#    -24   -13       2.0516261540E-004
#    -24   -12       8.4027022299E-005
#    -24   -11       8.2366658799E-005
#    -24   -10       1.1587885349E-005
#    -24    -9       1.9911973153E-005
#    -24    -8       8.7344982763E-005
#    -24    -7       1.5173285445E-005
#    -24    -6       1.9126221450E-005
#    -24    -5       2.9139947731E-005
#    -24    -4       9.2292414833E-007
#    -24    -3       4.9405262249E-005
#    -24    -2       1.8606414451E-005
#    -24    -1       5.7973396810E-005
#    -24     0       4.1320579132E-005
#    -24     1       7.6161149439E-006
#    -24     2       5.8857100612E-005
#    -24     3       1.4433330786E-004
#    -24     4       2.8595836611E-005
#    -24     5       2.2147850895E-005
#    -24     6       2.3314217776E-005
#    -24     7       6.5759876338E-006
#    -24     8       1.3837457105E-005
#    -24     9       9.9508809238E-006
#    -24    10       4.1656911307E-005
#    -24    11       1.2616326725E-006
#    -24    12       3.0153162652E-004
#    -24    13       1.0032184223E-004
#    -24    14       1.0006918304E-004
#    -24    15       3.9886997689E-005
#    -24    16       2.3994082252E-005
#    -24    17       3.5080366629E-005
#    -24    18       1.6606415068E-006
#    -24    19       3.8441874399E-005
#    -24    20       5.1340557378E-005
#    -24    21       1.9212866436E-004
#    -24    22       2.6830637693E-004
#    -24    23       2.0034677806E-004
#    -24    24       7.9119498664E-005
#    -24    25       1.6027470523E-004
#    -24    26       2.1688596552E-004
#    -23   -20       6.8076017607E-005
#    -23   -19       4.2961297414E-004
#    -23   -18       8.8584665586E-005
#    -23   -17       3.2073077409E-004
#    -23   -16       1.0116717444E-004
#    -23   -15       1.8296732044E-004
#    -23   -14       6.7762790891E-004
#    -23   -13       1.3381246106E-004
#    -23   -12       3.3492064490E-004
#    -23   -11       3.3396654798E-005
#    -23   -10       7.3762154683E-005
#    -23    -9       1.5659381113E-004
#    -23    -8       2.2829692737E-005
#    -23    -7       1.4965299318E-004
#    -23    -6       2.4710300773E-005
#    -23    -5       1.0261275781E-004
#    -23    -4       2.1827132907E-004
#    -23    -3       1.6283296589E-005
#    -23    -2       1.5013813562E-004
#    -23    -1       7.2924843551E-006
#    -23     0       3.0313906117E-005
#    -23     1       6.8882937817E-004
#    -23     2       1.1225924209E-004
#    -23     3       2.3494521092E-004
#    -23     4       4.0186051907E-005
#    -23     5       3.9673248879E-005
#    -23     6       5.0112390053E-005
#    -23     7       4.5302671951E-005
#    -23     8       5.8694990541E-005
#    -23     9       9.2012773945E-005
#    -23    10       1.8878849274E-004
#    -23    11       1.1077205382E-003
#    -23    12       1.7647161207E-004
#    -23    13       9.1112260046E-004
#    -23    14       1.2222502372E-004
#    -23    15       1.4431727432E-004
#    -23    16       2.6752320704E-004
#    -23    17       8.0898341601E-005
#    -23    18       2.5572511623E-004
#    -23    19       3.6231306642E-005
#    -23    20       1.6333987580E-004
#    -23    21       5.1216690715E-004
#    -23    22       2.8708674468E-004
#    -23    23       3.5995358033E-004
#    -23    24       7.8903763424E-005
#    -23    25       2.5254713957E-004
#    -23    26       4.3875566531E-004
#    -22   -21       7.4031492974E-005
#    -22   -20       1.0103010791E-004
#    -22   -19       3.7974699730E-005
#    -22   -18       5.0458207812E-004
#    -22   -17       1.0617048547E-004
#    -22   -16       5.6639967097E-004
#    -22   -15       1.1092610945E-004
#    -22   -14       7.7273987511E-005
#    -22   -13       2.2844038367E-004
#    -22   -12       7.3805419461E-005
#    -22   -11       2.9928393591E-004
#    -22   -10       1.5583073166E-004
#    -22    -9       1.5094045315E-005
#    -22    -8       9.6799211819E-005
#    -22    -7       9.5976218672E-005
#    -22    -6       1.5600593152E-004
#    -22    -5       1.3031256045E-004
#    -22    -4       1.2550706777E-005
#    -22    -3       1.0927331828E-004
#    -22    -2       5.6473281441E-005
#    -22    -1       6.8146859467E-004
#    -22     0       2.4947779232E-004
#    -22     1       1.7117902841E-004
#    -22     2       1.7997928166E-004
#    -22     3       1.9833847406E-005
#    -22     4       1.1891594509E-004
#    -22     5       2.7671948079E-004
#    -22     6       5.4096611392E-005
#    -22     7       2.2604158158E-004
#    -22     8       1.2957388857E-004
#    -22     9       7.3233607377E-004
#    -22    10       5.9238603327E-004
#    -22    11       1.7751521283E-004
#    -22    12       6.9977669927E-004
#    -22    13       4.6165958560E-004
#    -22    14       9.8231372167E-004
#    -22    15       1.1032463586E-004
#    -22    16       7.1186350301E-005
#    -22    17       3.1710333557E-004
#    -22    18       2.9283429822E-004
#    -22    19       4.4880130572E-004
#    -22    20       6.1705296444E-004
#    -22    21       3.6508820617E-005
#    -22    22       7.4225656530E-004
#    -22    23       8.1787810459E-005
#    -22    24       7.9494083733E-004
#    -22    25       3.9349323052E-004
#    -22    26       5.7093892958E-007
#    -21   -22       5.4842351821E-005
#    -21   -21       3.3358638828E-005
#    -21   -20       1.8544913845E-005
#    -21   -19       2.2053799243E-005
#    -21   -18       1.0579453465E-004
#    -21   -17       1.6332379237E-004
#    -21   -16       4.0181253809E-005
#    -21   -15       6.1922435232E-005
#    -21   -14       2.3728805641E-005
#    -21   -13       6.7145840883E-005
#    -21   -12       6.9766121123E-005
#    -21   -11       2.7454759823E-006
#    -21   -10       6.2116231877E-006
#    -21    -9       1.1730327735E-005
#    -21    -8       1.6627872130E-005
#    -21    -7       9.1385991191E-005
#    -21    -6       9.0181691290E-005
#    -21    -5       6.1320653352E-005
#    -21    -4       5.4627132132E-006
#    -21    -3       1.4050933625E-004
#    -21    -2       1.1008257034E-004
#    -21    -1       1.6986634451E-004
#    -21     0       2.6474362582E-005
#    -21     1       5.3194535204E-006
#    -21     2       8.0994978718E-005
#    -21     3       1.8138869802E-005
#    -21     4       8.2326086897E-006
#    -21     5       6.4360864952E-005
#    -21     6       2.8573543826E-005
#    -21     7       5.5026747629E-005
#    -21     8       3.1232421954E-004
#    -21     9       4.6428232753E-005
#    -21    10       2.8461746328E-004
#    -21    11       1.7783524615E-004
#    -21    12       5.5763779102E-004
#    -21    13       4.3653445239E-004
#    -21    14       1.6435848006E-004
#    -21    15       1.5274249878E-004
#    -21    16       2.0733236144E-005
#    -21    17       7.6887045321E-005
#    -21    18       1.0517204036E-004
#    -21    19       5.8918082327E-006
#    -21    20       5.6333811414E-005
#    -21    21       1.3779489331E-004
#    -21    22       1.5333585913E-004
#    -21    23       3.2823443425E-004
#    -21    24       2.3978261208E-004
#    -21    25       1.2424124796E-005
#    -20   -22       1.5441934530E-004
#    -20   -21       2.9549805463E-005
#    -20   -20       7.5715737277E-004
#    -20   -19       1.0945770165E-005
#    -20   -18       4.6454755451E-004
#    -20   -17       3.7997777312E-004
#    -20   -16       3.4856298205E-005
#    -20   -15       1.0101857823E-003
#    -20   -14       1.1796677762E-005
#    -20   -13       2.8126081052E-004
#    -20   -12       1.7522652753E-004
#    -20   -11       2.9406495706E-007
#    -20   -10       1.0017087577E-003
#    -20    -9       2.6877030421E-005
#    -20    -8       3.7161215438E-005
#    -20    -7       9.8242932484E-005
#    -20    -6       3.0799278436E-005
#    -20    -5       3.4398918778E-003
#    -20    -4       2.8651754949E-005
#    -20    -3       2.2388389387E-004
#    -20    -2       1.7485483214E-004
#    -20    -1       5.3803894433E-006
#    -20     0       1.4062782499E-002
#    -20     1       1.0332248978E-005
#    -20     2       4.3512680509E-005
#    -20     3       1.5711091447E-004
#    -20     4       5.6098742678E-006
#    -20     5       1.1256482437E-002
#    -20     6       9.5428796502E-006
#    -20     7       1.2625413818E-004
#    -20     8       6.1286638281E-004
#    -20     9       2.3420618539E-005
#    -20    10       5.1335547458E-003
#    -20    11       1.5298019051E-004
#    -20    12       6.4323766834E-004
#    -20    13       4.8716152849E-004
#    -20    14       1.8121375504E-005
#    -20    15       6.8559657587E-004
#    -20    16       2.8131690291E-005
#    -20    17       4.0275382682E-004
#    -20    18       2.5788397300E-004
#    -20    19       1.7796738449E-005
#    -20    20       2.7411791315E-003
#    -20    21       1.0218133059E-004
#    -20    22       4.1471348359E-004
#    -20    23       6.0509616777E-004
#    -20    24       1.4809642133E-004
#    -20    25       2.6780868844E-003
#    -19   -23       3.3745935517E-005
#    -19   -22       4.7066612078E-005
#    -19   -21       1.3293086347E-005
#    -19   -20       2.9089402525E-005
#    -19   -19       4.0850944375E-005
#    -19   -18       1.2999346306E-004
#    -19   -17       1.5535769725E-004
#    -19   -16       7.5892979551E-006
#    -19   -15       2.4220843367E-005
#    -19   -14       1.5303030286E-005
#    -19   -13       1.0391254749E-004
#    -19   -12       5.4281198486E-005
#    -19   -11       4.9372670039E-005
#    -19   -10       1.4448295754E-005
#    -19    -9       8.8837698992E-005
#    -19    -8       4.3440486310E-005
#    -19    -7       5.1109193334E-005
#    -19    -6       1.8554348788E-005
#    -19    -5       2.1121195955E-005
#    -19    -4       3.7725518887E-005
#    -19    -3       1.8850182434E-005
#    -19    -2       7.8962125755E-005
#    -19    -1       1.0272274689E-005
#    -19     0       9.1968434652E-005
#    -19     1       1.8732693020E-005
#    -19     2       2.1563958544E-005
#    -19     3       1.3025293512E-004
#    -19     4       3.5136555849E-005
#    -19     5       1.3602589871E-005
#    -19     6       6.8891673940E-005
#    -19     7       3.8480713806E-006
#    -19     8       1.0747135759E-004
#    -19     9       6.7620167738E-006
#    -19    10       6.8126833359E-005
#    -19    11       1.1102187615E-004
#    -19    12       9.5219329217E-005
#    -19    13       2.0319154392E-004
#    -19    14       4.7740802651E-006
#    -19    15       6.8652900588E-005
#    -19    16       4.1837146126E-005
#    -19    17       1.9588014336E-004
#    -19    18       2.0600758237E-004
#    -19    19       4.2270555973E-005
#    -19    20       2.3304730283E-005
#    -19    21       2.9714736248E-005
#    -19    22       1.3062377055E-004
#    -19    23       2.8973915064E-004
#    -19    24       1.5472940448E-005
#    -19    25       1.3361829960E-004
#    -18   -23       5.5160160577E-005
#    -18   -22       1.8737897594E-004
#    -18   -21       5.7444440375E-005
#    -18   -20       1.5619313371E-004
#    -18   -19       5.2437854282E-004
#    -18   -18       9.8739050420E-005
#    -18   -17       1.9997546894E-004
#    -18   -16       1.0332068972E-004
#    -18   -15       6.1372298881E-005
#    -18   -14       1.2163069104E-004
#    -18   -13       3.1766891889E-005
#    -18   -12       1.1238237943E-004
#    -18   -11       9.3736337578E-006
#    -18   -10       6.0262636195E-005
#    -18    -9       1.5581154556E-004
#    -18    -8       1.1159835243E-004
#    -18    -7       5.8335444193E-005
#    -18    -6       2.1901744647E-005
#    -18    -5       3.8598889704E-005
#    -18    -4       1.1782649235E-004
#    -18    -3       1.7096832992E-005
#    -18    -2       4.6406803224E-005
#    -18    -1       1.9174386624E-005
#    -18     0       1.2925593209E-004
#    -18     1       1.4461439581E-003
#    -18     2       2.6425233535E-004
#    -18     3       5.8171762818E-004
#    -18     4       1.8733370501E-005
#    -18     5       1.6918396209E-004
#    -18     6       4.9743307147E-004
#    -18     7       2.6254794540E-004
#    -18     8       6.8113816798E-004
#    -18     9       3.3038107949E-005
#    -18    10       8.9295827975E-005
#    -18    11       2.5664162412E-004
#    -18    12       1.9338513540E-005
#    -18    13       9.0303970059E-005
#    -18    14       1.1508755450E-004
#    -18    15       9.4405363131E-005
#    -18    16       1.0411019405E-003
#    -18    17       4.9821070336E-005
#    -18    18       1.3362541078E-004
#    -18    19       9.0901270575E-006
#    -18    20       1.2546466861E-005
#    -18    21       5.9013231552E-004
#    -18    22       1.9428053629E-004
#    -18    23       1.8491756623E-004
#    -18    24       1.7308877241E-004
#    -17   -24       2.9401014361E-005
#    -17   -23       2.4296981302E-004
#    -17   -22       1.5667328178E-004
#    -17   -21       5.1473434193E-004
#    -17   -20       1.9971181855E-004
#    -17   -19       9.7480010428E-005
#    -17   -18       4.3847379982E-004
#    -17   -17       8.5385119678E-005
#    -17   -16       2.9318798054E-004
#    -17   -15       4.4080246266E-007
#    -17   -14       1.9381434534E-005
#    -17   -13       1.1387925159E-004
#    -17   -12       1.3489097668E-004
#    -17   -11       4.7052705131E-004
#    -17   -10       1.7987064034E-004
#    -17    -9       2.7273722944E-005
#    -17    -8       1.7663806775E-004
#    -17    -7       8.4288428599E-006
#    -17    -6       5.3158799899E-005
#    -17    -5       2.8325329373E-004
#    -17    -4       8.3334606103E-006
#    -17    -3       1.6095072763E-004
#    -17    -2       2.2701344037E-005
#    -17    -1       1.4550678839E-003
#    -17     0       3.7702540076E-004
#    -17     1       5.4267975314E-004
#    -17     2       1.3423111386E-003
#    -17     3       3.0396142028E-004
#    -17     4       1.3963273292E-003
#    -17     5       6.3035753831E-004
#    -17     6       2.5417480871E-004
#    -17     7       1.5371204117E-003
#    -17     8       2.9415601095E-004
#    -17     9       6.0460456729E-004
#    -17    10       4.0233781823E-005
#    -17    11       3.4312390951E-006
#    -17    12       5.5467043976E-005
#    -17    13       3.1146572082E-005
#    -17    14       1.5053612260E-004
#    -17    15       3.1722461935E-005
#    -17    16       1.5489433165E-006
#    -17    17       2.8170092816E-006
#    -17    18       3.7236997442E-005
#    -17    19       2.8854695249E-004
#    -17    20       2.0860944666E-004
#    -17    21       6.2591622640E-005
#    -17    22       2.7995890961E-005
#    -17    23       2.9126636575E-004
#    -17    24       9.8412369336E-004
#    -16   -24       9.7964247516E-006
#    -16   -23       1.3399390262E-004
#    -16   -22       2.5008205589E-004
#    -16   -21       6.7722639692E-005
#    -16   -20       2.8743515800E-005
#    -16   -19       2.7243163921E-005
#    -16   -18       1.3697055591E-004
#    -16   -17       7.0306615940E-005
#    -16   -16       2.1059893087E-006
#    -16   -15       1.3902749641E-005
#    -16   -14       2.5647555596E-006
#    -16   -13       2.5220588313E-005
#    -16   -12       1.7291650226E-004
#    -16   -11       4.4981872805E-005
#    -16   -10       1.0782186912E-004
#    -16    -9       1.3498782004E-005
#    -16    -8       1.4998128136E-005
#    -16    -7       5.0248607323E-005
#    -16    -6       5.6461498934E-005
#    -16    -5       6.7086946610E-005
#    -16    -4       5.1795213661E-006
#    -16    -3       1.3396157579E-004
#    -16    -2       2.6877197933E-004
#    -16    -1       5.4461511171E-004
#    -16     0       2.6371881778E-004
#    -16     1       7.0481066269E-005
#    -16     2       2.4354742294E-004
#    -16     3       4.9319908393E-004
#    -16     4       5.0447200956E-005
#    -16     5       2.4406558620E-004
#    -16     6       2.1898942127E-005
#    -16     7       8.4426642187E-005
#    -16     8       1.8082855500E-004
#    -16     9       7.4840562434E-005
#    -16    10       1.0844969933E-004
#    -16    11       2.7418702837E-005
#    -16    12       3.7319937529E-004
#    -16    13       1.6818372249E-005
#    -16    14       3.4574067184E-006
#    -16    15       3.9080713335E-006
#    -16    16       4.1013308186E-005
#    -16    17       6.1170714895E-005
#    -16    18       1.8311677606E-004
#    -16    19       5.7932494471E-005
#    -16    20       8.4391170874E-005
#    -16    21       1.2495105912E-004
#    -16    22       1.5429187172E-004
#    -16    23       2.3879819376E-004
#    -15   -25       3.8760639462E-004
#    -15   -24       3.1784212997E-005
#    -15   -23       4.8457180513E-004
#    -15   -22       4.1457453923E-004
#    -15   -21       2.7512164068E-005
#    -15   -20       1.1630925879E-003
#    -15   -19       1.9318866301E-005
#    -15   -18       2.4818580019E-004
#    -15   -17       1.5093291190E-004
#    -15   -16       3.7568350063E-006
#    -15   -15       5.8386578744E-004
#    -15   -14       8.9508476270E-005
#    -15   -13       5.4591525508E-004
#    -15   -12       5.8603723487E-004
#    -15   -11       3.3770837723E-005
#    -15   -10       5.5727971881E-003
#    -15    -9       1.0037902258E-005
#    -15    -8       6.6921510415E-005
#    -15    -7       2.3757771807E-004
#    -15    -6       2.9784377835E-005
#    -15    -5       1.1127017775E-002
#    -15    -4       3.5307364255E-005
#    -15    -3       5.9462786944E-004
#    -15    -2       1.3556869368E-003
#    -15    -1       7.0798565164E-005
#    -15     0       1.6042069247E-002
#    -15     1       8.2417139246E-005
#    -15     2       1.6583464013E-003
#    -15     3       1.4194196333E-003
#    -15     4       1.0574559192E-004
#    -15     5       1.8970898913E-002
#    -15     6       3.9100041076E-005
#    -15     7       5.3758899912E-004
#    -15     8       1.7379833128E-005
#    -15     9       1.0969551211E-005
#    -15    10       1.0545775734E-002
#    -15    11       1.6363375588E-004
#    -15    12       2.1276570505E-004
#    -15    13       1.9379115709E-005
#    -15    14       7.0453036737E-006
#    -15    15       1.5655857747E-002
#    -15    16       4.0721193741E-005
#    -15    17       4.7665541277E-004
#    -15    18       9.8922449275E-004
#    -15    19       7.1981382774E-005
#    -15    20       5.3323008958E-004
#    -15    21       1.9525760218E-004
#    -15    22       8.1163949377E-004
#    -15    23       1.0828915596E-003
#    -14   -25       5.9420562340E-005
#    -14   -24       1.0748338927E-004
#    -14   -23       1.2715796042E-004
#    -14   -22       6.1497372776E-005
#    -14   -21       3.1351903652E-005
#    -14   -20       4.7194523659E-005
#    -14   -19       5.2218793872E-005
#    -14   -18       4.1190631438E-005
#    -14   -17       3.0087959177E-005
#    -14   -16       9.5076677020E-006
#    -14   -15       1.0739386484E-005
#    -14   -14       3.4658641412E-005
#    -14   -13       3.5057562773E-004
#    -14   -12       1.8049026470E-004
#    -14   -11       1.0684242165E-004
#    -14   -10       4.3321695487E-005
#    -14    -9       9.3248614616E-005
#    -14    -8       1.3672963826E-004
#    -14    -7       5.8032611949E-005
#    -14    -6       1.0186386720E-005
#    -14    -5       1.4653194590E-005
#    -14    -4       1.9939805549E-005
#    -14    -3       3.0951400584E-004
#    -14    -2       2.4594730014E-004
#    -14    -1       8.2909758730E-005
#    -14     0       6.5631557615E-004
#    -14     1       2.7806217511E-004
#    -14     2       5.4362534677E-004
#    -14     3       6.0536437224E-005
#    -14     4       1.6707493001E-004
#    -14     5       3.3053559424E-005
#    -14     6       7.0745354056E-006
#    -14     7       1.8163513997E-004
#    -14     8       4.6322728444E-005
#    -14     9       3.7434493363E-006
#    -14    10       2.2779925811E-004
#    -14    11       3.8485954536E-004
#    -14    12       1.7592017579E-004
#    -14    13       1.5380490006E-004
#    -14    14       2.0877695481E-005
#    -14    15       3.2282861780E-005
#    -14    16       8.2623819347E-006
#    -14    17       2.6161361131E-004
#    -14    18       1.8077983699E-004
#    -14    19       2.3333918781E-005
#    -14    20       8.3368816947E-005
#    -14    21       5.1046909857E-004
#    -14    22       3.4000861804E-004
#    -13   -26       1.2076258611E-005
#    -13   -25       1.1284376603E-004
#    -13   -24       5.6154922976E-004
#    -13   -23       2.2018998773E-004
#    -13   -22       4.0002072868E-004
#    -13   -21       1.6967746936E-005
#    -13   -20       1.5224003917E-004
#    -13   -19       2.7298617585E-004
#    -13   -18       7.4524337744E-006
#    -13   -17       1.1586510194E-005
#    -13   -16       1.6071058842E-005
#    -13   -15       7.5321930638E-005
#    -13   -14       5.3475112939E-004
#    -13   -13       2.4166147153E-004
#    -13   -12       3.5486324575E-004
#    -13   -11       9.8140277752E-007
#    -13   -10       1.9433831735E-004
#    -13    -9       7.5864372652E-004
#    -13    -8       3.2174682192E-004
#    -13    -7       1.3367173232E-004
#    -13    -6       7.1501024396E-005
#    -13    -5       1.7307965076E-004
#    -13    -4       1.4215574351E-003
#    -13    -3       5.0030613181E-004
#    -13    -2       1.6728057252E-003
#    -13    -1       2.7925227313E-004
#    -13     0       3.9532305454E-004
#    -13     1       1.2502437016E-004
#    -13     2       1.9716196703E-005
#    -13     3       1.1291037112E-004
#    -13     4       2.9585395216E-005
#    -13     5       3.7423853863E-004
#    -13     6       7.3705158985E-004
#    -13     7       4.3596480860E-004
#    -13     8       8.9468301674E-004
#    -13     9       1.0430336787E-004
#    -13    10       2.5592429825E-004
#    -13    11       1.8500471801E-003
#    -13    12       2.9177304336E-004
#    -13    13       1.3854560056E-004
#    -13    14       9.5566973295E-005
#    -13    15       1.6563164438E-004
#    -13    16       1.5350100643E-003
#    -13    17       5.2595191383E-005
#    -13    18       4.6362885385E-004
#    -13    19       3.3549951929E-005
#    -13    20       3.4931939366E-004
#    -13    21       9.0314923281E-004
#    -12   -26       1.7758298926E-004
#    -12   -25       7.2135046340E-005
#    -12   -24       3.3602924613E-005
#    -12   -23       2.9327989713E-004
#    -12   -22       1.8434528716E-004
#    -12   -21       4.1024860581E-004
#    -12   -20       7.3365402258E-005
#    -12   -19       2.1844307741E-005
#    -12   -18       1.2573682112E-005
#    -12   -17       2.5763060264E-005
#    -12   -16       2.4575591499E-004
#    -12   -15       1.2727915929E-004
#    -12   -14       4.0516645210E-005
#    -12   -13       3.3964773269E-004
#    -12   -12       2.9746162686E-004
#    -12   -11       1.1054730073E-003
#    -12   -10       6.0084494082E-004
#    -12    -9       4.6825404935E-005
#    -12    -8       6.3025556840E-004
#    -12    -7       4.4928034406E-006
#    -12    -6       5.1251885094E-004
#    -12    -5       6.3444243639E-004
#    -12    -4       5.2239981707E-005
#    -12    -3       1.4375944742E-003
#    -12    -2       5.4803535709E-004
#    -12    -1       1.2695843332E-004
#    -12     0       1.0777120713E-005
#    -12     1       1.1733323200E-004
#    -12     2       7.1473291941E-004
#    -12     3       2.5708018900E-004
#    -12     4       1.8119588589E-003
#    -12     5       1.2915188975E-003
#    -12     6       5.0267134284E-004
#    -12     7       2.4787804703E-003
#    -12     8       5.8124356117E-004
#    -12     9       2.4225436468E-003
#    -12    10       2.0370064465E-004
#    -12    11       8.2317327260E-005
#    -12    12       4.2118541394E-004
#    -12    13       1.1870310209E-005
#    -12    14       6.8939829272E-004
#    -12    15       5.3901620658E-004
#    -12    16       6.1201475028E-005
#    -12    17       3.6897069154E-004
#    -12    18       4.5012279515E-005
#    -12    19       1.0276534466E-003
#    -12    20       5.9247337706E-004
#    -12    21       2.4411009407E-004
#    -11   -26       2.4300469878E-005
#    -11   -25       5.7108324694E-005
#    -11   -24       2.3993809402E-006
#    -11   -23       1.2356567005E-004
#    -11   -22       2.6615820262E-004
#    -11   -21       4.4757557569E-005
#    -11   -20       1.8107008122E-005
#    -11   -19       2.5614067962E-006
#    -11   -18       5.9053756320E-006
#    -11   -17       2.6630749592E-005
#    -11   -16       5.1837723351E-005
#    -11   -15       8.0245535953E-005
#    -11   -14       4.8789682059E-006
#    -11   -13       9.7592973816E-005
#    -11   -12       1.7612961053E-004
#    -11   -11       1.7951893114E-004
#    -11   -10       2.8825226396E-004
#    -11    -9       2.3259194974E-005
#    -11    -8       1.0955376499E-004
#    -11    -7       2.6578965899E-004
#    -11    -6       2.5631081586E-004
#    -11    -5       2.4749664069E-004
#    -11    -4       1.0639498732E-004
#    -11    -3       6.2245042437E-005
#    -11    -2       1.9649708755E-005
#    -11    -1       1.1722168884E-004
#    -11     0       3.4796175647E-004
#    -11     1       4.8631661515E-005
#    -11     2       3.1447589360E-004
#    -11     3       8.2564885467E-004
#    -11     4       1.3681439574E-004
#    -11     5       7.7589688998E-004
#    -11     6       1.6071484398E-004
#    -11     7       1.0230758540E-004
#    -11     8       5.6523855000E-004
#    -11     9       2.2086784433E-004
#    -11    10       1.1484263501E-004
#    -11    11       5.8047438693E-005
#    -11    12       5.9848994671E-005
#    -11    13       1.2975191391E-004
#    -11    14       1.6446560070E-004
#    -11    15       2.0555671016E-004
#    -11    16       5.1414942917E-005
#    -11    17       2.9295830966E-005
#    -11    18       1.7946793077E-004
#    -11    19       6.7829926982E-004
#    -11    20       1.3341645409E-004
#    -10   -27       1.0796447824E-004
#    -10   -26       8.1699369587E-006
#    -10   -25       8.9440765387E-004
#    -10   -24       1.0004840417E-005
#    -10   -23       5.6326483349E-004
#    -10   -22       2.8863486578E-004
#    -10   -21       9.1964424986E-006
#    -10   -20       1.1688943350E-004
#    -10   -19       2.7595646348E-007
#    -10   -18       9.8330757741E-005
#    -10   -17       6.0567317322E-006
#    -10   -16       3.7031182911E-005
#    -10   -15       4.0271227936E-003
#    -10   -14       9.9242042093E-005
#    -10   -13       9.0468072595E-004
#    -10   -12       7.0451752538E-004
#    -10   -11       1.7860779361E-004
#    -10   -10       5.1175469182E-003
#    -10    -9       6.8959379303E-006
#    -10    -8       6.9273937608E-004
#    -10    -7       1.5533359632E-003
#    -10    -6       2.2183752530E-005
#    -10    -5       1.8945168640E-002
#    -10    -4       1.6878099114E-004
#    -10    -3       1.1622535046E-004
#    -10    -2       7.0721493890E-004
#    -10    -1       4.8438177226E-005
#    -10     0       2.3319261193E-002
#    -10     1       1.0642196662E-004
#    -10     2       3.2490493475E-003
#    -10     3       2.9214041153E-003
#    -10     4       4.7322649748E-005
#    -10     5       6.0920953772E-003
#    -10     6       2.9891524361E-004
#    -10     7       2.2417217170E-003
#    -10     8       1.1767163543E-003
#    -10     9       2.6114979945E-004
#    -10    10       1.5052296803E-002
#    -10    11       4.7306282981E-005
#    -10    12       3.8831515142E-004
#    -10    13       5.9399599727E-004
#    -10    14       3.9600523491E-005
#    -10    15       1.3793491327E-002
#    -10    16       3.7966935865E-004
#    -10    17       9.0477192155E-004
#    -10    18       6.7608819078E-004
#    -10    19       9.4865769548E-005
#     -9   -27       6.7315081398E-005
#     -9   -26       3.6204778642E-005
#     -9   -25       7.5264184723E-005
#     -9   -24       1.2662995559E-004
#     -9   -23       2.5275331587E-004
#     -9   -22       1.0086203185E-004
#     -9   -21       4.6256562542E-006
#     -9   -20       5.8110800950E-005
#     -9   -19       3.8637888072E-005
#     -9   -18       2.7559322082E-005
#     -9   -17       1.2774884896E-005
#     -9   -16       2.5228726350E-006
#     -9   -15       3.8169897001E-005
#     -9   -14       1.2060821256E-004
#     -9   -13       4.6149399044E-004
#     -9   -12       5.5636282443E-004
#     -9   -11       1.5283252652E-004
#     -9   -10       6.8364685277E-005
#     -9    -9       3.3624181337E-005
#     -9    -8       2.9851047254E-004
#     -9    -7       8.7111000371E-005
#     -9    -6       4.0000562134E-005
#     -9    -5       3.4163952586E-005
#     -9    -4       3.0684370202E-005
#     -9    -3       2.5387889334E-004
#     -9    -2       3.1307656378E-004
#     -9    -1       1.0658171658E-004
#     -9     0       4.9251370138E-004
#     -9     1       9.4738500437E-004
#     -9     2       8.9121128741E-004
#     -9     3       2.1235363893E-004
#     -9     4       4.3927553788E-004
#     -9     5       1.8840098121E-004
#     -9     6       1.0602694620E-004
#     -9     7       8.5842968121E-004
#     -9     8       1.0403299076E-004
#     -9     9       3.8384328573E-005
#     -9    10       6.9696958729E-007
#     -9    11       3.0240485245E-005
#     -9    12       1.6489995859E-004
#     -9    13       1.4185475533E-004
#     -9    14       1.3857144133E-004
#     -9    15       1.1911582614E-004
#     -9    16       1.0767558655E-004
#     -9    17       3.6906022130E-004
#     -9    18       3.3632130894E-004
#     -9    19       1.1980270153E-004
#     -8   -27       8.5271924129E-005
#     -8   -26       1.0155542955E-004
#     -8   -25       1.5688962236E-004
#     -8   -24       6.1984900973E-004
#     -8   -23       1.2827803937E-004
#     -8   -22       3.0534009695E-004
#     -8   -21       1.7845154238E-004
#     -8   -20       4.0758501087E-005
#     -8   -19       8.1793041690E-005
#     -8   -18       2.4252261195E-005
#     -8   -17       1.0717054403E-004
#     -8   -16       2.2962354535E-005
#     -8   -15       1.4100671612E-004
#     -8   -14       9.7709873028E-004
#     -8   -13       4.3544824005E-004
#     -8   -12       6.4729302795E-004
#     -8   -11       1.1153023228E-004
#     -8   -10       8.9717053887E-005
#     -8    -9       6.1290141386E-004
#     -8    -8       1.8427748127E-004
#     -8    -7       5.4954330362E-004
#     -8    -6       7.6344929250E-006
#     -8    -5       3.7026430893E-004
#     -8    -4       1.7934614366E-003
#     -8    -3       8.2145446299E-004
#     -8    -2       3.2433261175E-003
#     -8    -1       9.4701364059E-004
#     -8     0       1.1449665252E-003
#     -8     1       2.2675525960E-003
#     -8     2       1.1678276954E-004
#     -8     3       1.0114611843E-003
#     -8     4       1.0082017417E-004
#     -8     5       1.0048387109E-004
#     -8     6       4.4314784145E-004
#     -8     7       2.8441481933E-004
#     -8     8       1.5519076228E-004
#     -8     9       8.4370116726E-005
#     -8    10       2.4243792918E-004
#     -8    11       1.7270868739E-003
#     -8    12       6.2073917955E-004
#     -8    13       9.9455816780E-005
#     -8    14       9.4024762593E-005
#     -8    15       3.3450154241E-004
#     -8    16       2.9955126452E-003
#     -8    17       8.7996693989E-004
#     -8    18       1.7306983147E-003
#     -7   -27       2.0366531589E-005
#     -7   -26       4.2153769474E-004
#     -7   -25       1.2578812076E-004
#     -7   -24       1.2181365133E-004
#     -7   -23       8.7220897954E-004
#     -7   -22       1.5348570336E-004
#     -7   -21       1.9645301915E-004
#     -7   -20       1.3090428857E-004
#     -7   -19       2.8444153658E-005
#     -7   -18       6.0876363823E-005
#     -7   -17       3.3361196024E-005
#     -7   -16       2.5900933016E-004
#     -7   -15       1.0907369559E-004
#     -7   -14       1.6346734292E-004
#     -7   -13       4.8621598643E-004
#     -7   -12       9.6157570765E-005
#     -7   -11       2.5800670248E-004
#     -7   -10       4.0050528267E-005
#     -7    -9       7.4673232641E-005
#     -7    -8       1.8995274059E-005
#     -7    -7       1.8384885528E-004
#     -7    -6       7.2891163824E-004
#     -7    -5       1.2842165118E-003
#     -7    -4       1.3560861899E-004
#     -7    -3       2.9134626848E-003
#     -7    -2       8.9179008888E-004
#     -7    -1       2.2692652863E-003
#     -7     0       9.6718196339E-005
#     -7     1       6.6573744491E-005
#     -7     2       1.2121429894E-004
#     -7     3       3.6490599214E-005
#     -7     4       2.2315665797E-004
#     -7     5       5.2753836757E-004
#     -7     6       1.9795625366E-004
#     -7     7       6.8960186513E-004
#     -7     8       8.1843736509E-005
#     -7     9       3.3064781991E-004
#     -7    10       7.9699786607E-004
#     -7    11       2.4842668355E-004
#     -7    12       1.8987648322E-003
#     -7    13       5.4929525459E-005
#     -7    14       5.4804960977E-004
#     -7    15       1.7991296789E-004
#     -7    16       2.6172143688E-004
#     -7    17       1.0824759205E-003
#     -6   -27       8.2459850528E-005
#     -6   -26       4.3472535191E-005
#     -6   -25       4.3405602962E-005
#     -6   -24       5.6414075301E-005
#     -6   -23       1.0486088949E-004
#     -6   -22       1.5300512172E-004
#     -6   -21       1.1513454718E-005
#     -6   -20       3.7965366709E-005
#     -6   -19       8.9006637370E-007
#     -6   -18       1.5624899160E-006
#     -6   -17       8.0532922118E-005
#     -6   -16       7.0440228718E-005
#     -6   -15       1.5246504944E-004
#     -6   -14       1.7999395850E-005
#     -6   -13       2.0381862322E-004
#     -6   -12       1.9187589831E-005
#     -6   -11       3.3548966777E-006
#     -6   -10       1.0801923619E-004
#     -6    -9       1.0924263508E-005
#     -6    -8       4.5185792185E-005
#     -6    -7       4.3229910781E-004
#     -6    -6       5.0023265031E-004
#     -6    -5       7.7323607642E-004
#     -6    -4       4.7329669867E-005
#     -6    -3       2.1155982999E-004
#     -6    -2       1.1692868002E-004
#     -6    -1       6.6502957942E-005
#     -6     0       3.4729303364E-004
#     -6     1       7.6291481148E-005
#     -6     2       1.2685365904E-004
#     -6     3       2.5011909168E-004
#     -6     4       2.8958624236E-005
#     -6     5       1.7686307776E-004
#     -6     6       1.3094557812E-004
#     -6     7       9.8309285563E-005
#     -6     8       1.4765010271E-005
#     -6     9       2.8620476621E-004
#     -6    10       1.0262512953E-003
#     -6    11       2.9007001385E-004
#     -6    12       6.3296610986E-004
#     -6    13       1.3181531247E-004
#     -6    14       6.2664043354E-005
#     -6    15       2.8610805492E-004
#     -6    16       2.3201911700E-004
#     -5   -27       4.4350051043E-004
#     -5   -26       4.1012473664E-005
#     -5   -25       9.2839929649E-004
#     -5   -24       4.6505491422E-005
#     -5   -23       3.7498547492E-004
#     -5   -22       7.0710804878E-004
#     -5   -21       6.9002460121E-006
#     -5   -20       1.8456953481E-003
#     -5   -19       3.7867522696E-005
#     -5   -18       2.5372773692E-004
#     -5   -17       3.1228839824E-004
#     -5   -16       2.0379007694E-005
#     -5   -15       6.9518570852E-004
#     -5   -14       4.8855425092E-006
#     -5   -13       9.1227423542E-005
#     -5   -12       5.5117215820E-005
#     -5   -11       2.7512904834E-005
#     -5   -10       1.0537880369E-002
#     -5    -9       3.7827634127E-006
#     -5    -8       8.8813407907E-004
#     -5    -7       2.4670772689E-003
#     -5    -6       1.6011197650E-004
#     -5    -5       6.1157051463E-003
#     -5    -4       4.3940407838E-004
#     -5    -3       1.0106982821E-003
#     -5    -2       1.2175157113E-004
#     -5    -1       7.6337687547E-005
#     -5     0       8.0002125883E-003
#     -5     1       1.3027090101E-004
#     -5     2       1.5271710461E-003
#     -5     3       1.2544326107E-003
#     -5     4       6.6788027626E-005
#     -5     5       2.1406762273E-004
#     -5     6       6.5785377155E-005
#     -5     7       4.6767253583E-004
#     -5     8       1.8324788088E-003
#     -5     9       2.9767639602E-004
#     -5    10       2.9117063808E-002
#     -5    11       1.9756438163E-004
#     -5    12       1.7257838241E-003
#     -5    13       2.7893416355E-004
#     -5    14       8.7487561177E-005
#     -5    15       1.4524555273E-002
#     -4   -28       1.3639237048E-007
#     -4   -27       3.3359382944E-005
#     -4   -26       4.5608943424E-005
#     -4   -25       5.9414643022E-005
#     -4   -24       2.9356484752E-005
#     -4   -23       2.5259127687E-004
#     -4   -22       2.6457082580E-005
#     -4   -21       4.8836174149E-005
#     -4   -20       5.1773645051E-005
#     -4   -19       3.5934531157E-005
#     -4   -18       2.9135058544E-004
#     -4   -17       7.6052944436E-005
#     -4   -16       2.7823795119E-005
#     -4   -15       6.7797970254E-005
#     -4   -14       1.1538137377E-004
#     -4   -13       3.1648481093E-005
#     -4   -12       3.7235746715E-004
#     -4   -11       1.6381045765E-004
#     -4   -10       2.2673312640E-004
#     -4    -9       1.0416389772E-004
#     -4    -8       5.7922803338E-004
#     -4    -7       1.0161790569E-004
#     -4    -6       2.9902692213E-004
#     -4    -5       1.8865824094E-004
#     -4    -4       1.0048392698E-004
#     -4    -3       3.6548447741E-005
#     -4    -2       1.2735134451E-004
#     -4    -1       1.3029565038E-004
#     -4     0       5.3527653263E-005
#     -4     1       6.4575023269E-005
#     -4     2       1.4830092510E-004
#     -4     3       2.3866573716E-005
#     -4     4       6.4041925632E-005
#     -4     5       6.6141836141E-005
#     -4     6       3.5648296450E-005
#     -4     7       8.8555361606E-004
#     -4     8       4.0757691055E-004
#     -4     9       3.8668866904E-004
#     -4    10       5.6643295464E-004
#     -4    11       6.1075287397E-004
#     -4    12       2.5744567371E-004
#     -4    13       1.7650285461E-005
#     -4    14       4.5249150665E-005
#     -3   -28       1.4193127879E-004
#     -3   -27       2.4792037633E-004
#     -3   -26       4.6885085709E-005
#     -3   -25       2.3776946647E-004
#     -3   -24       7.7554110585E-004
#     -3   -23       7.7870664340E-005
#     -3   -22       2.0041864132E-004
#     -3   -21       1.9195777584E-004
#     -3   -20       1.6405644578E-004
#     -3   -19       4.4787219039E-004
#     -3   -18       1.0449282247E-004
#     -3   -17       4.0074439833E-004
#     -3   -16       4.1630980263E-005
#     -3   -15       9.3489221775E-005
#     -3   -14       1.4933115019E-004
#     -3   -13       1.6977390290E-005
#     -3   -12       2.1280218503E-004
#     -3   -11       3.8443285783E-004
#     -3   -10       2.5512139925E-004
#     -3    -9       2.4165177310E-003
#     -3    -8       5.6367121928E-004
#     -3    -7       2.2396485317E-003
#     -3    -6       1.0549745362E-004
#     -3    -5       1.0106370850E-004
#     -3    -4       2.2182458836E-004
#     -3    -3       2.4981889953E-004
#     -3    -2       1.5246189263E-003
#     -3    -1       6.4368412917E-005
#     -3     0       6.1572376951E-005
#     -3     1       3.1351575180E-005
#     -3     2       6.8156456238E-005
#     -3     3       2.0300200830E-004
#     -3     4       4.8040657367E-005
#     -3     5       8.6859132857E-005
#     -3     6       1.0741576926E-003
#     -3     7       6.4460026483E-004
#     -3     8       9.9090764307E-004
#     -3     9       2.1874791021E-004
#     -3    10       1.1643993078E-003
#     -3    11       2.4375490810E-003
#     -3    12       4.0259237848E-005
#     -3    13       2.2633334468E-004
#     -2   -28       9.1305304131E-005
#     -2   -27       1.9875890844E-004
#     -2   -26       7.5014923611E-004
#     -2   -25       1.9590753052E-004
#     -2   -24       7.3624277369E-005
#     -2   -23       3.6108194354E-004
#     -2   -22       2.6792855900E-004
#     -2   -21       5.1184775110E-004
#     -2   -20       6.1804023299E-004
#     -2   -19       5.8383189666E-006
#     -2   -18       2.5754153275E-004
#     -2   -17       1.9488690162E-004
#     -2   -16       1.0368262151E-003
#     -2   -15       3.1356325319E-005
#     -2   -14       3.4344925826E-006
#     -2   -13       1.9351722708E-005
#     -2   -12       1.7571884105E-004
#     -2   -11       1.8459721676E-003
#     -2   -10       2.0328138942E-004
#     -2    -9       2.2045983967E-004
#     -2    -8       1.1775577887E-003
#     -2    -7       8.5880424616E-004
#     -2    -6       4.4604545171E-004
#     -2    -5       5.2823844867E-004
#     -2    -4       2.8979390464E-005
#     -2    -3       1.2525699560E-003
#     -2    -2       1.4741876625E-004
#     -2    -1       3.1162486233E-005
#     -2     0       2.0230164457E-004
#     -2     1       5.0376208467E-005
#     -2     2       1.4138203235E-003
#     -2     3       4.0742164742E-005
#     -2     4       8.8283679794E-006
#     -2     5       4.8205949179E-006
#     -2     6       6.6084055002E-005
#     -2     7       4.4741217475E-005
#     -2     8       6.4818052272E-006
#     -2     9       6.9609030371E-004
#     -2    10       5.5501027481E-004
#     -2    11       5.8435263243E-005
#     -2    12       9.0371420276E-004
#     -1   -27       1.5024943902E-004
#     -1   -26       6.6514274270E-005
#     -1   -25       1.2953946938E-005
#     -1   -24       4.8703516665E-005
#     -1   -23       1.9980589032E-004
#     -1   -22       2.8706024829E-004
#     -1   -21       3.6579520232E-005
#     -1   -20       5.6240547350E-005
#     -1   -19       1.7763403087E-005
#     -1   -18       2.0602577465E-004
#     -1   -17       4.9301960435E-005
#     -1   -16       1.5339637058E-006
#     -1   -15       3.9740995140E-006
#     -1   -14       7.0336971520E-006
#     -1   -13       1.5316695001E-004
#     -1   -12       2.9087315292E-004
#     -1   -11       8.1740836243E-005
#     -1   -10       1.1468018087E-004
#     -1    -9       2.6072007929E-004
#     -1    -8       1.0434681152E-004
#     -1    -7       2.8487024448E-004
#     -1    -6       1.9762364315E-004
#     -1    -5       1.7722563985E-004
#     -1    -4       6.6493443400E-005
#     -1    -3       2.3653576213E-005
#     -1    -2       6.8586697910E-005
#     -1    -1       5.0313806567E-005
#     -1     0       2.4132959974E-004
#     -1     1       3.2884693677E-004
#     -1     2       6.1565259475E-004
#     -1     3       4.8131620830E-004
#     -1     4       8.2117699008E-005
#     -1     5       1.8417236446E-005
#     -1     6       1.5066270924E-004
#     -1     7       1.6049766059E-004
#     -1     8       9.7357811285E-005
#     -1     9       1.2124430991E-004
#     -1    10       7.5042834430E-005
#     -1    11       5.5663027311E-005
#      0   -27       3.0992790959E-004
#      0   -26       1.7451311196E-004
#      0   -25       9.9087933963E-004
#      0   -24       7.9091304289E-005
#      0   -23       3.5836014339E-004
#      0   -22       7.4294585222E-004
#      0   -21       1.3776523518E-004
#      0   -20       2.7451030658E-003
#      0   -19       4.2287830434E-005
#      0   -18       1.3309113941E-004
#      0   -17       2.8731378117E-006
#      0   -16       4.1012664406E-005
#      0   -15       1.5656868403E-002
#      0   -14       2.0864645277E-005
#      0   -13       1.3774850893E-004
#      0   -12       4.1867544350E-004
#      0   -11       5.7766500855E-005
#      0   -10       1.5049304605E-002
#      0    -9       3.8378277785E-005
#      0    -8       1.5547173308E-004
#      0    -7       6.8796485886E-004
#      0    -6       1.3069624973E-004
#      0    -5       2.1702105347E-004
#      0    -4       6.3734342089E-005
#      0    -3       2.0241908612E-004
#      0    -2       1.4143821221E-003
#      0    -1       3.2883696573E-004
#      0     0       2.3000120522E-002
#      0     1       1.4380659230E-004
#      0     2       2.5649857606E-003
#      0     3       1.1553129518E-004
#      0     4       2.6394504041E-004
#      0     5       7.0613114910E-003
#      0     6       6.1252157236E-005
#      0     7       8.2385370728E-004
#      0     8       3.5069519077E-004
#      0     9       1.5629346919E-005
#      0    10       1.2675201203E-002
#      1   -27       8.4442794764E-005
#      1   -26       2.2352797168E-005
#      1   -25       1.6025943120E-004
#      1   -24       7.8414117636E-005
#      1   -23       8.2177182845E-005
#      1   -22       1.5356089321E-004
#      1   -21       1.0221337884E-004
#      1   -20       2.3279090088E-005
#      1   -19       9.1661540044E-006
#      1   -18       3.7301676353E-005
#      1   -17       6.1171595090E-005
#      1   -16       4.0621173090E-005
#      1   -15       3.2094442291E-005
#      1   -14       9.5262886283E-005
#      1   -13       1.1705541536E-005
#      1   -12       5.9254140902E-005
#      1   -11       4.7192271573E-005
#      1   -10       7.3095104027E-007
#      1    -9       8.4460199125E-005
#      1    -8       8.1467565671E-005
#      1    -7       9.8927335093E-005
#      1    -6       6.5924739408E-005
#      1    -5       6.5732946473E-005
#      1    -4       4.7829060800E-005
#      1    -3       4.0309268744E-005
#      1    -2       6.1600186130E-004
#      1    -1       1.4370291688E-004
#      1     0       5.5923019426E-004
#      1     1       1.2979877331E-004
#      1     2       1.6724565465E-004
#      1     3       1.3194675818E-004
#      1     4       2.6083741621E-004
#      1     5       1.0149086818E-003
#      1     6       4.1861385965E-005
#      1     7       9.6568825094E-005
#      1     8       3.1445211759E-005
#      1     9       1.4604692128E-005
#      2   -27       1.7489108396E-004
#      2   -26       2.1700600827E-004
#      2   -25       2.5235856279E-004
#      2   -24       7.9517942536E-004
#      2   -23       3.2819094107E-004
#      2   -22       4.1460687551E-004
#      2   -21       2.9906332578E-005
#      2   -20       1.2679888575E-005
#      2   -19       2.8865800715E-004
#      2   -18       1.8324646757E-004
#      2   -17       4.7720767369E-004
#      2   -16       8.3198316709E-006
#      2   -15       1.6546231591E-004
#      2   -14       6.8744583331E-004
#      2   -13       1.2910412507E-004
#      2   -12       3.8786886686E-004
#      2   -11       3.0120895126E-005
#      2   -10       2.4221038423E-004
#      2    -9       3.3143761634E-004
#      2    -8       1.4925382473E-005
#      2    -7       4.6562498076E-004
#      2    -6       3.5618172586E-005
#      2    -5       8.6304480777E-005
#      2    -4       8.5387985449E-006
#      2    -3       4.8038946693E-004
#      2    -2       2.5657769575E-003
#      2    -1       1.2978644395E-004
#      2     0       8.0946117972E-004
#      2     1       2.0504941075E-003
#      2     2       2.9680754219E-005
#      2     3       1.3698174335E-004
#      2     4       2.7137253976E-006
#      2     5       9.8402054457E-004
#      2     6       8.4650246450E-004
#      2     7       9.8743255217E-005
#      2     8       9.9174310940E-004
#      3   -26       4.3909450604E-004
#      3   -25       3.9264429809E-004
#      3   -24       2.3990242367E-004
#      3   -23       6.0528956461E-004
#      3   -22       1.3043174471E-004
#      3   -21       5.8928212015E-004
#      3   -20       2.0959696162E-004
#      3   -19       5.7898550901E-005
#      3   -18       9.9103460779E-004
#      3   -17       2.6157156778E-004
#      3   -16       1.5349238368E-003
#      3   -15       5.3893689353E-004
#      3   -14       1.6455637244E-004
#      3   -13       5.9377605434E-004
#      3   -12       1.6564638832E-004
#      3   -11       1.7320523321E-003
#      3   -10       7.9811083121E-004
#      3    -9       2.8685384290E-004
#      3    -8       1.8340715246E-003
#      3    -7       8.8541878893E-004
#      3    -6       1.0715750837E-003
#      3    -5       4.9420386609E-006
#      3    -4       8.2049208257E-005
#      3    -3       1.1504490660E-004
#      3    -2       1.6758471645E-004
#      3    -1       2.0501336295E-003
#      3     0       5.7131513493E-004
#      3     1       1.9256676595E-004
#      3     2       3.5837258459E-003
#      3     3       9.9251865228E-005
#      3     4       9.7626012916E-004
#      3     5       1.9988497226E-004
#      3     6       6.8931997853E-004
#      4   -26       5.6253268494E-007
#      4   -25       1.2421898608E-005
#      4   -24       1.4789307494E-004
#      4   -23       2.8908524068E-004
#      4   -22       1.9402052391E-004
#      4   -21       6.2593150675E-005
#      4   -20       8.4554113615E-005
#      4   -19       7.1971640885E-005
#      4   -18       1.8069007543E-004
#      4   -17       5.2665156176E-005
#      4   -16       6.1230839825E-005
#      4   -15       2.0568173935E-004
#      4   -14       3.9786345462E-005
#      4   -13       1.4228260418E-004
#      4   -12       6.2203263016E-004
#      4   -11       2.4903358333E-004
#      4   -10       1.0272677590E-003
#      4    -9       2.9768473082E-004
#      4    -8       4.0736414048E-004
#      4    -7       6.4449540621E-004
#      4    -6       6.6055897572E-005
#      4    -5       1.8309819476E-005
#      4    -4       2.6429138192E-004
#      4    -3       1.3185597135E-004
#      4    -2       2.9551696505E-005
#      4    -1       1.9246502596E-004
#      4     0       3.7008900732E-004
#      4     1       2.0194593550E-004
#      4     2       3.9712632625E-004
#      4     3       9.6379703235E-004
#      4     4       5.4681133604E-004
#      4     5       1.8844878876E-005
#      5   -25       2.6778869387E-003
#      5   -24       1.5548822125E-005
#      5   -23       1.8413271357E-004
#      5   -22       2.7772259452E-005
#      5   -21       1.2499736433E-004
#      5   -20       5.3315943461E-004
#      5   -19       2.3394376152E-005
#      5   -18       4.6393804311E-004
#      5   -17       3.6971948292E-004
#      5   -16       5.1486480282E-005
#      5   -15       1.3780982095E-002
#      5   -14       1.3869284749E-004
#      5   -13       1.0027870486E-004
#      5   -12       1.9006394983E-003
#      5   -11       2.9039575653E-004
#      5   -10       2.9095596369E-002
#      5    -9       3.8686253400E-004
#      5    -8       9.9205812771E-004
#      5    -7       4.4838515558E-005
#      5    -6       1.5073949922E-004
#      5    -5       7.0597910719E-003
#      5    -4       2.6093606124E-004
#      5    -3       1.3665650654E-004
#      5    -2       3.5812692314E-003
#      5    -1       2.0189546782E-004
#      5     0       4.7510715371E-002
#      5     1       2.2975331673E-004
#      5     2       3.2119152519E-003
#      5     3       3.5435242269E-005
#      6   -25       1.3377916774E-004
#      6   -24       1.7283377728E-004
#      6   -23       2.9111799383E-004
#      6   -22       1.5441697681E-004
#      6   -21       1.9521503510E-004
#      6   -20       8.3393465851E-005
#      6   -19       3.3425705076E-005
#      6   -18       4.4895012920E-005
#      6   -17       2.9300043311E-005
#      6   -16       3.7936362190E-004
#      6   -15       1.1944590316E-004
#      6   -14       9.4365506925E-005
#      6   -13       5.4834936045E-005
#      6   -12       6.3373887051E-004
#      6   -11       1.9774626236E-004
#      6   -10       5.6698976354E-004
#      6    -9       2.1874853851E-004
#      6    -8       6.3777439835E-006
#      6    -7       1.6081535691E-004
#      6    -6       6.1413723551E-005
#      6    -5       1.0159043604E-003
#      6    -4       2.7464802027E-006
#      6    -3       9.9545436807E-005
#      6    -2       3.9715668078E-004
#      6    -1       2.2938865566E-004
#      6     0       1.0546680788E-005
#      6     1       3.2503245806E-004
#      6     2       6.6771865601E-004
#      7   -24       9.8389142997E-004
#      7   -23       2.3895570576E-004
#      7   -22       8.1212708503E-004
#      7   -21       5.1067861218E-004
#      7   -20       3.4893330850E-004
#      7   -19       1.0266121688E-003
#      7   -18       1.7945253560E-004
#      7   -17       9.0664670894E-004
#      7   -16       1.0804794334E-004
#      7   -15       3.3547576558E-004
#      7   -14       5.4774827899E-004
#      7   -13       1.3195343901E-004
#      7   -12       1.7272994791E-003
#      7   -11       6.1095648543E-004
#      7   -10       1.1651691225E-003
#      7    -9       6.9468509704E-004
#      7    -8       9.7200246340E-005
#      7    -7       8.2464918958E-004
#      7    -6       4.1990810162E-005
#      7    -5       9.8497368019E-004
#      7    -4       9.7691371925E-004
#      7    -3       9.6508159626E-004
#      7    -2       3.2111039693E-003
#      7    -1       3.2496234372E-004
#      7     0       9.1470563408E-005
#      8   -23       1.0836000636E-003
#      8   -22       3.3986191568E-004
#      8   -21       9.0186327536E-004
#      8   -20       5.9258507341E-004
#      8   -19       6.7786945567E-004
#      8   -18       6.7805709255E-004
#      8   -17       3.6953652021E-004
#      8   -16       2.9970135721E-003
#      8   -15       1.7999694013E-004
#      8   -14       6.2746701452E-005
#      8   -13       2.7910071423E-004
#      8   -12       2.5770049670E-004
#      8   -11       2.4380948673E-003
#      8   -10       5.5519354517E-004
#      8    -9       1.2098619583E-004
#      8    -8       3.5156891556E-004
#      8    -7       9.6911508353E-005
#      8    -6       8.4802776537E-004
#      8    -5       1.9944074041E-004
#      8    -4       5.4681407129E-004
#      8    -3       3.5411708988E-005
#      8    -2       6.6708542392E-004
#      9   -21       2.4404193646E-004
#      9   -20       1.3332766573E-004
#      9   -19       9.4845272906E-005
#      9   -18       3.3694539180E-004
#      9   -17       8.8041089561E-004
#      9   -16       2.6206175920E-004
#      9   -15       2.8626072929E-004
#      9   -14       8.7541528073E-005
#      9   -13       1.7611972663E-005
#      9   -12       4.0360940418E-005
#      9   -11       5.8329341593E-005
#      9   -10       7.5299879710E-005
#      9    -9       1.5614595691E-005
#      9    -8       3.1255194735E-005
#      9    -7       9.8797405903E-005
#      9    -6       6.8906724288E-004
#      9    -5       1.8809632459E-005
#     10   -19       1.1983419480E-004
#     10   -18       1.7315258247E-003
#     10   -17       1.0832427346E-003
#     10   -16       2.3190628319E-004
#     10   -15       1.4527865931E-002
#     10   -14       4.5228929298E-005
#     10   -13       2.2604949312E-004
#     10   -12       9.0454506422E-004
#     10   -11       5.5738784595E-005
#     10   -10       1.2677789201E-002
#     10    -9       1.4615945668E-005
#     10    -8       9.9234898403E-004
