 Diffraction intensities for potential:_5x5_05D10006.in                        
#    -45    11       1.0977668962E-005
#    -45    12       2.9674112702E-005
#    -45    13       4.5133394686E-005
#    -45    14       8.0448015316E-007
#    -45    15       3.4136240176E-004
#    -45    16       2.9134708445E-005
#    -44     7       6.5027741364E-005
#    -44     8       4.6548127804E-005
#    -44     9       1.2091199366E-006
#    -44    10       1.4579431223E-005
#    -44    11       3.6242728435E-007
#    -44    12       1.5543087694E-004
#    -44    13       6.8090960313E-005
#    -44    14       1.6779928806E-006
#    -44    15       1.3446645330E-005
#    -44    16       1.9934993328E-005
#    -44    17       1.1881931953E-004
#    -44    18       7.9205276170E-005
#    -44    19       5.8954739768E-006
#    -44    20       2.9970696467E-006
#    -43     4       1.3615264929E-005
#    -43     5       3.1832336124E-005
#    -43     6       4.0065305516E-005
#    -43     7       6.9682341246E-005
#    -43     8       6.4081082067E-007
#    -43     9       1.0387138535E-004
#    -43    10       2.4617023392E-005
#    -43    11       1.6230190285E-004
#    -43    12       2.3343903414E-004
#    -43    13       1.1690962307E-006
#    -43    14       1.8570245463E-004
#    -43    15       7.8123320615E-005
#    -43    16       1.9213562924E-004
#    -43    17       1.8824716017E-004
#    -43    18       5.7344598401E-006
#    -43    19       1.6209636972E-004
#    -43    20       6.4225791840E-005
#    -43    21       6.5536914618E-005
#    -43    22       1.2868628881E-004
#    -42     2       1.5869802640E-006
#    -42     3       4.1160254264E-005
#    -42     4       4.1913029285E-005
#    -42     5       1.5350645317E-005
#    -42     6       1.8239563142E-005
#    -42     7       3.4381078118E-006
#    -42     8       1.3017225812E-004
#    -42     9       1.5927325052E-004
#    -42    10       6.2333556321E-005
#    -42    11       1.0576459899E-004
#    -42    12       4.8705860096E-006
#    -42    13       3.4785527518E-004
#    -42    14       2.2017772766E-004
#    -42    15       9.8576943008E-005
#    -42    16       1.4954863333E-004
#    -42    17       3.9487144090E-007
#    -42    18       2.3356427464E-004
#    -42    19       2.3641696255E-004
#    -42    20       6.5083940354E-005
#    -42    21       1.1197492249E-004
#    -42    22       1.6577786926E-006
#    -42    23       6.1273825425E-005
#    -41     0       1.3413995132E-005
#    -41     1       5.4477320313E-007
#    -41     2       1.6071324726E-005
#    -41     3       1.2573066763E-004
#    -41     4       8.9967428901E-007
#    -41     5       7.1661499372E-006
#    -41     6       1.9518213296E-007
#    -41     7       9.5896620110E-005
#    -41     8       1.4353056339E-004
#    -41     9       1.3250618465E-005
#    -41    10       3.3186846507E-005
#    -41    11       1.9590350631E-006
#    -41    12       1.5463374846E-004
#    -41    13       3.3716650312E-004
#    -41    14       2.2847865650E-005
#    -41    15       5.1897306161E-005
#    -41    16       7.2319010706E-006
#    -41    17       2.6436682235E-004
#    -41    18       2.4271655807E-004
#    -41    19       2.4305534095E-005
#    -41    20       1.7503402836E-005
#    -41    21       5.9387168487E-006
#    -41    22       1.8946812986E-004
#    -41    23       1.0491551868E-004
#    -41    24       1.2572718567E-005
#    -40    -2       1.6831361008E-005
#    -40    -1       2.5687295655E-006
#    -40     0       4.0300576547E-004
#    -40     1       1.7125280557E-005
#    -40     2       2.9786704239E-005
#    -40     3       2.2014967447E-005
#    -40     4       2.8521962226E-005
#    -40     5       3.7137127815E-004
#    -40     6       5.2688517156E-006
#    -40     7       1.0276392415E-004
#    -40     8       9.8887819387E-005
#    -40     9       2.9736023748E-005
#    -40    10       7.6000936107E-004
#    -40    11       6.4698251404E-005
#    -40    12       1.7439090447E-004
#    -40    13       1.4538902184E-004
#    -40    14       2.7612183154E-005
#    -40    15       1.0411719433E-003
#    -40    16       5.3787906643E-005
#    -40    17       1.3555497213E-004
#    -40    18       1.7197873784E-004
#    -40    19       9.3765375931E-005
#    -40    20       7.8882205498E-004
#    -40    21       2.1269208488E-005
#    -40    22       3.9447133985E-005
#    -40    23       9.0780182945E-005
#    -40    24       1.7280657499E-005
#    -40    25       2.6741318949E-004
#    -39    -4       3.5282045556E-006
#    -39    -3       5.7446744802E-005
#    -39    -2       1.8675975301E-005
#    -39    -1       2.3468621562E-006
#    -39     0       1.0935877132E-005
#    -39     1       2.2520777374E-006
#    -39     2       9.3789455598E-005
#    -39     3       7.4057580291E-005
#    -39     4       1.2108550804E-006
#    -39     5       3.1834190728E-005
#    -39     6       4.0709161842E-006
#    -39     7       2.2360728274E-004
#    -39     8       1.2208921545E-004
#    -39     9       2.9290241506E-006
#    -39    10       3.0367450576E-005
#    -39    11       2.4536029170E-005
#    -39    12       3.2211995924E-004
#    -39    13       2.3780712635E-004
#    -39    14       5.1790507380E-006
#    -39    15       4.5950652241E-005
#    -39    16       3.6469690533E-005
#    -39    17       4.9363246030E-004
#    -39    18       3.5992774408E-004
#    -39    19       2.4999649337E-006
#    -39    20       3.1989119408E-005
#    -39    21       1.4846343304E-005
#    -39    22       2.2036428016E-004
#    -39    23       1.9274951868E-004
#    -39    24       2.7786240929E-006
#    -39    25       1.1331648514E-004
#    -39    26       7.1530437774E-006
#    -38    -5       2.6454027314E-005
#    -38    -4       6.0931160274E-005
#    -38    -3       1.1039740618E-004
#    -38    -2       1.7311735044E-006
#    -38    -1       8.0101982537E-005
#    -38     0       3.4193146644E-005
#    -38     1       8.1023896979E-005
#    -38     2       1.2210190465E-004
#    -38     3       1.2401068385E-006
#    -38     4       1.4913084952E-004
#    -38     5       6.0955484123E-005
#    -38     6       1.5698946406E-004
#    -38     7       2.3343629024E-004
#    -38     8       2.0932064356E-006
#    -38     9       1.8223543639E-004
#    -38    10       1.3927766279E-004
#    -38    11       4.0681274212E-004
#    -38    12       4.2419102525E-004
#    -38    13       5.2844796599E-006
#    -38    14       4.6156435417E-004
#    -38    15       1.4827970902E-004
#    -38    16       3.0235712030E-004
#    -38    17       4.2332700195E-004
#    -38    18       1.7294672020E-006
#    -38    19       2.1266933124E-004
#    -38    20       1.5876461994E-004
#    -38    21       3.3079545601E-004
#    -38    22       4.2853061491E-004
#    -38    23       1.0485701911E-005
#    -38    24       3.8994864784E-004
#    -38    25       8.9332531991E-005
#    -38    26       1.9734955285E-004
#    -37    -7       5.5403884462E-005
#    -37    -6       2.4961807267E-005
#    -37    -5       1.6019294488E-005
#    -37    -4       4.3332937684E-005
#    -37    -3       8.6569070484E-007
#    -37    -2       8.2053537023E-005
#    -37    -1       7.6889190911E-005
#    -37     0       3.0132807746E-005
#    -37     1       6.9522451062E-005
#    -37     2       9.5656361400E-007
#    -37     3       1.9640922629E-004
#    -37     4       2.1700782512E-004
#    -37     5       7.2516094309E-005
#    -37     6       1.1710924948E-004
#    -37     7       8.2758919901E-007
#    -37     8       2.7588730323E-004
#    -37     9       3.0994106638E-004
#    -37    10       1.1258381633E-004
#    -37    11       2.4094397012E-004
#    -37    12       1.0885132174E-005
#    -37    13       4.0849238542E-004
#    -37    14       3.5687120958E-004
#    -37    15       1.9375263420E-004
#    -37    16       3.1224398041E-004
#    -37    17       6.6612337118E-006
#    -37    18       4.0859922930E-004
#    -37    19       2.9048753623E-004
#    -37    20       1.1557831958E-004
#    -37    21       1.9696768906E-004
#    -37    22       4.1509124469E-006
#    -37    23       2.3356010888E-004
#    -37    24       3.8281946557E-004
#    -37    25       1.0227454296E-004
#    -37    26       1.2466932299E-004
#    -37    27       2.9204394913E-006
#    -36    -8       4.2397708112E-005
#    -36    -7       9.8715018353E-005
#    -36    -6       1.2697226716E-006
#    -36    -5       1.4119553462E-005
#    -36    -4       8.6271788800E-006
#    -36    -3       9.4212818974E-005
#    -36    -2       1.2606908593E-004
#    -36    -1       6.0346819761E-006
#    -36     0       2.1418233314E-005
#    -36     1       3.3710347364E-006
#    -36     2       9.4668549808E-005
#    -36     3       2.8682947730E-004
#    -36     4       2.8968501036E-006
#    -36     5       5.8320141360E-005
#    -36     6       1.8213495607E-006
#    -36     7       1.3883370133E-004
#    -36     8       2.0393296149E-004
#    -36     9       1.7671864500E-005
#    -36    10       4.0816019304E-005
#    -36    11       1.5747585764E-006
#    -36    12       1.8493717821E-004
#    -36    13       3.3621007457E-004
#    -36    14       2.4351664680E-005
#    -36    15       6.9111784618E-005
#    -36    16       1.5716855578E-005
#    -36    17       4.0131091035E-004
#    -36    18       1.9098992748E-004
#    -36    19       4.9819165468E-005
#    -36    20       8.1160280508E-006
#    -36    21       2.3363111994E-005
#    -36    22       1.6917296798E-004
#    -36    23       3.4510563430E-004
#    -36    24       3.5723200499E-005
#    -36    25       6.2107977535E-005
#    -36    26       3.1982371563E-005
#    -36    27       2.1207142932E-004
#    -35    -9       1.4291106019E-005
#    -35    -8       5.0287547700E-005
#    -35    -7       1.5294363851E-005
#    -35    -6       8.7036909323E-006
#    -35    -5       3.7131959604E-004
#    -35    -4       2.9384004295E-005
#    -35    -3       5.9659687450E-005
#    -35    -2       5.8018454457E-005
#    -35    -1       3.1292294494E-005
#    -35     0       5.3688237005E-004
#    -35     1       2.3319576888E-005
#    -35     2       6.2484583405E-005
#    -35     3       6.5339873991E-005
#    -35     4       4.7290222773E-005
#    -35     5       3.3577991746E-004
#    -35     6       1.6971760098E-005
#    -35     7       9.9209839551E-005
#    -35     8       9.1448458330E-005
#    -35     9       4.0446379339E-005
#    -35    10       1.0860000987E-003
#    -35    11       8.9891712418E-005
#    -35    12       2.0453471427E-004
#    -35    13       1.2881622904E-004
#    -35    14       1.6770484492E-005
#    -35    15       1.0886471710E-003
#    -35    16       2.1558210811E-005
#    -35    17       6.0909738019E-005
#    -35    18       1.2204732502E-004
#    -35    19       1.3667181816E-004
#    -35    20       9.6486229096E-004
#    -35    21       9.4366968220E-005
#    -35    22       1.4527287159E-004
#    -35    23       1.9180829420E-004
#    -35    24       3.4770499462E-005
#    -35    25       9.2031251015E-004
#    -35    26       8.5648492336E-005
#    -35    27       1.4659650798E-004
#    -34   -11       1.6622133215E-006
#    -34   -10       2.3953223279E-005
#    -34    -9       5.2484412549E-006
#    -34    -8       9.1717111793E-005
#    -34    -7       7.5810521252E-005
#    -34    -6       6.5494866456E-008
#    -34    -5       3.7212432141E-005
#    -34    -4       5.6586113265E-006
#    -34    -3       2.0718241188E-004
#    -34    -2       1.0588639373E-004
#    -34    -1       5.5100953004E-006
#    -34     0       3.8121398213E-005
#    -34     1       3.2469396241E-006
#    -34     2       3.2235802495E-004
#    -34     3       1.5460656699E-004
#    -34     4       7.6619598582E-006
#    -34     5       3.9612950696E-005
#    -34     6       3.1657962395E-006
#    -34     7       1.5600847470E-004
#    -34     8       7.6666766795E-005
#    -34     9       3.9964997625E-006
#    -34    10       7.7055672448E-007
#    -34    11       2.0438509521E-005
#    -34    12       1.5384980197E-004
#    -34    13       2.0341286458E-004
#    -34    14       5.6009957234E-006
#    -34    15       4.2742525260E-005
#    -34    16       2.3424894260E-005
#    -34    17       3.9387754021E-004
#    -34    18       2.2181631061E-004
#    -34    19       6.6271737767E-006
#    -34    20       3.5435427263E-005
#    -34    21       2.2911094368E-006
#    -34    22       4.7529916208E-004
#    -34    23       3.4512878245E-004
#    -34    24       4.7910162255E-007
#    -34    25       4.6341060725E-005
#    -34    26       1.3372110566E-005
#    -34    27       6.9925962650E-005
#    -33   -12       2.8428094432E-007
#    -33   -11       6.9383563966E-005
#    -33   -10       3.1574147175E-005
#    -33    -9       9.4880241836E-005
#    -33    -8       1.8517185526E-004
#    -33    -7       3.0250969236E-006
#    -33    -6       1.2629522393E-004
#    -33    -5       6.7475718014E-005
#    -33    -4       2.0056165990E-004
#    -33    -3       2.9640739041E-004
#    -33    -2       5.8091252806E-006
#    -33    -1       1.2258467674E-004
#    -33     0       1.6728405715E-004
#    -33     1       2.3298696642E-004
#    -33     2       2.7876474055E-004
#    -33     3       9.4206492217E-007
#    -33     4       1.1753020644E-004
#    -33     5       2.7748717710E-005
#    -33     6       1.3495072745E-004
#    -33     7       1.4128970598E-004
#    -33     8       6.8566679277E-006
#    -33     9       1.1316622372E-004
#    -33    10       3.8678134583E-005
#    -33    11       1.7503648502E-004
#    -33    12       2.0966864976E-004
#    -33    13       1.8413868265E-005
#    -33    14       2.8177269298E-004
#    -33    15       6.7046581669E-005
#    -33    16       1.1756173835E-004
#    -33    17       1.7544578094E-004
#    -33    18       3.5367479821E-005
#    -33    19       1.6594180304E-004
#    -33    20       5.0303402309E-005
#    -33    21       3.0973117251E-004
#    -33    22       6.0205805061E-004
#    -33    23       5.8808993803E-006
#    -33    24       2.4305680415E-004
#    -33    25       2.6261103420E-004
#    -33    26       4.6800756618E-004
#    -33    27       2.2421089280E-004
#    -32   -13       2.9348723228E-006
#    -32   -12       1.3408552963E-004
#    -32   -11       1.6936381002E-004
#    -32   -10       5.3351108393E-005
#    -32    -9       1.5683387472E-004
#    -32    -8       8.8492567369E-007
#    -32    -7       1.8526694108E-004
#    -32    -6       1.7025650230E-004
#    -32    -5       8.5615737469E-005
#    -32    -4       1.6565164553E-004
#    -32    -3       4.6434105801E-006
#    -32    -2       2.5713331860E-004
#    -32    -1       2.4908931793E-004
#    -32     0       1.4995876860E-004
#    -32     1       1.8784071407E-004
#    -32     2       1.3708379680E-005
#    -32     3       2.0196215113E-004
#    -32     4       9.9995472860E-005
#    -32     5       8.1597030196E-006
#    -32     6       5.7805242496E-005
#    -32     7       1.8002006859E-006
#    -32     8       1.0990182828E-004
#    -32     9       1.4449936768E-004
#    -32    10       4.5163255248E-005
#    -32    11       1.6775539932E-004
#    -32    12       2.7512958999E-005
#    -32    13       1.5219421376E-004
#    -32    14       9.4093795971E-005
#    -32    15       4.6333092005E-005
#    -32    16       5.9327112674E-005
#    -32    17       1.8114758221E-005
#    -32    18       7.5567971124E-005
#    -32    19       7.7940595635E-005
#    -32    20       4.5617426317E-005
#    -32    21       1.0660010701E-004
#    -32    22       2.1935708496E-005
#    -32    23       9.0450142928E-004
#    -32    24       4.1585509539E-004
#    -32    25       2.2101320597E-004
#    -32    26       1.8896322102E-004
#    -32    27       1.6807856634E-005
#    -32    28       1.5269154129E-005
#    -31   -14       4.1044529443E-007
#    -31   -13       9.6727357929E-005
#    -31   -12       1.5862802109E-004
#    -31   -11       1.8946843459E-005
#    -31   -10       2.5536179500E-005
#    -31    -9       5.6699214855E-007
#    -31    -8       1.4920931226E-004
#    -31    -7       2.0230620620E-004
#    -31    -6       9.7743162166E-006
#    -31    -5       4.4420023960E-005
#    -31    -4       2.7127982638E-006
#    -31    -3       1.7197403786E-004
#    -31    -2       3.6583695290E-004
#    -31    -1       2.0304682928E-006
#    -31     0       1.1316237129E-004
#    -31     1       2.2840982623E-005
#    -31     2       8.5754176044E-005
#    -31     3       1.4848589691E-004
#    -31     4       2.4231606579E-007
#    -31     5       1.5861046020E-005
#    -31     6       7.9582226189E-007
#    -31     7       4.8652908288E-005
#    -31     8       4.4909513691E-005
#    -31     9       7.8413605118E-006
#    -31    10       9.9707491036E-006
#    -31    11       1.6522877387E-006
#    -31    12       3.7713084680E-005
#    -31    13       3.7822891301E-005
#    -31    14       5.2668337369E-006
#    -31    15       1.9795796244E-005
#    -31    16       6.0021369389E-006
#    -31    17       4.7634957744E-005
#    -31    18       1.3032619804E-005
#    -31    19       1.7830915738E-005
#    -31    20       1.0112637969E-004
#    -31    21       2.4388965654E-005
#    -31    22       3.7196141948E-004
#    -31    23       4.4362389545E-004
#    -31    24       1.9942844715E-005
#    -31    25       6.7545389926E-005
#    -31    26       3.8072911840E-005
#    -31    27       9.3445453654E-005
#    -31    28       3.4018830851E-004
#    -30   -15       3.5004575522E-004
#    -30   -14       2.4207737493E-005
#    -30   -13       7.2487005293E-005
#    -30   -12       1.0785312696E-004
#    -30   -11       5.8329158142E-005
#    -30   -10       7.3827914743E-004
#    -30    -9       2.0850165279E-005
#    -30    -8       7.1596371257E-005
#    -30    -7       1.0303269030E-004
#    -30    -6       3.5555574205E-005
#    -30    -5       3.5039837635E-004
#    -30    -4       2.4334017092E-005
#    -30    -3       9.3858859653E-005
#    -30    -2       7.6563293412E-005
#    -30    -1       5.2709817806E-005
#    -30     0       1.1687118247E-003
#    -30     1       1.9712027274E-005
#    -30     2       1.4088776714E-005
#    -30     3       1.9857179427E-005
#    -30     4       3.9298174712E-005
#    -30     5       1.2314269781E-003
#    -30     6       8.7727263395E-006
#    -30     7       7.1831009696E-005
#    -30     8       3.1673798869E-005
#    -30     9       2.2781133785E-005
#    -30    10       8.4327891117E-004
#    -30    11       4.5678359509E-005
#    -30    12       5.4708406280E-005
#    -30    13       1.0784389410E-004
#    -30    14       2.5287478223E-005
#    -30    15       7.1709077773E-004
#    -30    16       4.7199086541E-005
#    -30    17       7.5930033798E-006
#    -30    18       7.1415108519E-005
#    -30    19       2.0380143776E-005
#    -30    20       1.5196589312E-004
#    -30    21       1.7929980010E-004
#    -30    22       2.0704528239E-004
#    -30    23       3.1965606606E-004
#    -30    24       1.7921253959E-004
#    -30    25       1.1706249042E-003
#    -30    26       5.4408479843E-005
#    -30    27       1.4493377676E-004
#    -30    28       2.7766552795E-005
#    -29   -16       4.2489494044E-006
#    -29   -15       1.4026273243E-005
#    -29   -14       8.6478856763E-006
#    -29   -13       2.4449304244E-004
#    -29   -12       2.0632091056E-004
#    -29   -11       4.3871323868E-006
#    -29   -10       3.5875796910E-005
#    -29    -9       1.7827868731E-005
#    -29    -8       2.3067308640E-004
#    -29    -7       1.3733197249E-004
#    -29    -6       1.8746281670E-007
#    -29    -5       4.2055884701E-005
#    -29    -4       5.8862658711E-006
#    -29    -3       1.4986248893E-004
#    -29    -2       8.7961615553E-005
#    -29    -1       9.9498577585E-006
#    -29     0       5.3921188020E-005
#    -29     1       7.3463980226E-007
#    -29     2       1.7873344644E-004
#    -29     3       5.0489125725E-005
#    -29     4       2.2588322473E-005
#    -29     5       3.4804791535E-005
#    -29     6       7.3912089686E-006
#    -29     7       1.1092715353E-004
#    -29     8       5.0035679077E-005
#    -29     9       1.7870346977E-005
#    -29    10       4.5327713782E-005
#    -29    11       2.4988409165E-006
#    -29    12       1.7548689046E-004
#    -29    13       9.4142600041E-005
#    -29    14       5.7681184479E-006
#    -29    15       1.0239744845E-005
#    -29    16       1.0579836326E-005
#    -29    17       3.7252335573E-005
#    -29    18       6.4144157132E-005
#    -29    19       1.5836020995E-005
#    -29    20       4.2477859576E-005
#    -29    21       1.9254635252E-005
#    -29    22       4.9948670940E-004
#    -29    23       5.8466646821E-004
#    -29    24       3.8433634012E-006
#    -29    25       4.6075384543E-005
#    -29    26       1.4863390931E-005
#    -29    27       3.0542223672E-004
#    -28   -16       1.1801100032E-004
#    -28   -15       8.5134320875E-005
#    -28   -14       2.5338467355E-004
#    -28   -13       3.7276843085E-004
#    -28   -12       9.1314232981E-006
#    -28   -11       2.5612707054E-004
#    -28   -10       1.7636137887E-004
#    -28    -9       2.2623835045E-004
#    -28    -8       2.3083945195E-004
#    -28    -7       8.4563221909E-006
#    -28    -6       1.2209900978E-004
#    -28    -5       9.5683333859E-005
#    -28    -4       1.2533919756E-004
#    -28    -3       7.6669425563E-005
#    -28    -2       7.4805710889E-006
#    -28    -1       6.8216855279E-005
#    -28     0       1.7803723290E-005
#    -28     1       1.1994971011E-004
#    -28     2       1.6899571158E-004
#    -28     3       2.0707686095E-005
#    -28     4       2.8776831833E-005
#    -28     5       1.1099154917E-004
#    -28     6       1.9528077701E-004
#    -28     7       1.3973649320E-004
#    -28     8       2.1434287131E-005
#    -28     9       1.3317284102E-005
#    -28    10       1.2864982418E-004
#    -28    11       3.1330358540E-004
#    -28    12       4.7806623981E-004
#    -28    13       9.6278697667E-006
#    -28    14       3.3078020486E-004
#    -28    15       3.3548056898E-005
#    -28    16       2.0200875212E-004
#    -28    17       6.9609404322E-005
#    -28    18       7.1301292006E-005
#    -28    19       7.0674964673E-005
#    -28    20       1.7692337618E-004
#    -28    21       2.7097860305E-004
#    -28    22       4.2417673017E-004
#    -28    23       2.1189749992E-005
#    -28    24       2.4317277336E-004
#    -28    25       2.1645892669E-004
#    -28    26       2.8488216185E-004
#    -28    27       2.0700818217E-004
#    -27   -17       1.3594835602E-004
#    -27   -16       1.8434575401E-004
#    -27   -15       1.3037008081E-004
#    -27   -14       1.2381775544E-004
#    -27   -13       2.2636485006E-006
#    -27   -12       3.8310687448E-004
#    -27   -11       4.2509623262E-004
#    -27   -10       9.6996109591E-005
#    -27    -9       1.9734851595E-004
#    -27    -8       2.9961571368E-006
#    -27    -7       1.6809094157E-004
#    -27    -6       1.0138028125E-004
#    -27    -5       8.8592930016E-006
#    -27    -4       8.8293629388E-005
#    -27    -3       2.5566811223E-005
#    -27    -2       1.0739706299E-004
#    -27    -1       9.2911405872E-005
#    -27     0       5.4985938959E-005
#    -27     1       9.1806856052E-005
#    -27     2       2.5254364978E-005
#    -27     3       1.5333539960E-004
#    -27     4       1.0420471208E-004
#    -27     5       3.7090277257E-005
#    -27     6       1.3708414292E-004
#    -27     7       2.6315913329E-006
#    -27     8       7.1930659722E-005
#    -27     9       9.8142491924E-005
#    -27    10       4.7605880760E-005
#    -27    11       4.9494393302E-004
#    -27    12       1.6480417949E-005
#    -27    13       7.6574791346E-004
#    -27    14       5.8582504926E-004
#    -27    15       1.7153157603E-004
#    -27    16       1.5018082324E-004
#    -27    17       8.4949035013E-006
#    -27    18       1.8914962030E-004
#    -27    19       6.0978726077E-005
#    -27    20       7.3506819194E-005
#    -27    21       1.2362729511E-004
#    -27    22       4.3056736385E-005
#    -27    23       3.6778495918E-004
#    -27    24       2.4984387593E-004
#    -27    25       2.5135454801E-004
#    -27    26       2.4151492608E-004
#    -27    27       3.1551727796E-006
#    -26   -18       7.2995853734E-005
#    -26   -17       2.3319345459E-004
#    -26   -16       7.7366887160E-006
#    -26   -15       4.3755813321E-005
#    -26   -14       1.5361013960E-006
#    -26   -13       2.8487480802E-004
#    -26   -12       3.1107617386E-004
#    -26   -11       4.5360571172E-005
#    -26   -10       2.8662633049E-005
#    -26    -9       1.0274671823E-006
#    -26    -8       1.1940069151E-004
#    -26    -7       1.0848177191E-004
#    -26    -6       1.6988022486E-005
#    -26    -5       8.9526933840E-006
#    -26    -4       8.2278868158E-006
#    -26    -3       6.0912333050E-005
#    -26    -2       2.2361309519E-004
#    -26    -1       7.9670305140E-006
#    -26     0       6.8951929273E-005
#    -26     1       1.0691904217E-005
#    -26     2       2.9129572270E-006
#    -26     3       1.7661644993E-005
#    -26     4       3.5931913838E-005
#    -26     5       2.2611851617E-005
#    -26     6       1.8500566056E-005
#    -26     7       1.1643189075E-004
#    -26     8       2.1580605532E-004
#    -26     9       1.9753456379E-005
#    -26    10       1.4138512837E-005
#    -26    11       1.1210994072E-006
#    -26    12       4.5067581651E-004
#    -26    13       4.1017177668E-004
#    -26    14       1.0946367558E-005
#    -26    15       9.6753272870E-005
#    -26    16       8.3091519268E-006
#    -26    17       8.7861123540E-006
#    -26    18       2.1596381780E-004
#    -26    19       6.2844508081E-006
#    -26    20       1.6347756256E-004
#    -26    21       2.5346428454E-006
#    -26    22       2.5676952865E-004
#    -26    23       3.1489628131E-004
#    -26    24       2.7784810807E-005
#    -26    25       6.9683755848E-005
#    -26    26       3.2051178733E-005
#    -26    27       2.7609836032E-004
#    -25   -19       1.5827770473E-005
#    -25   -18       7.9461060838E-005
#    -25   -17       5.6921761009E-005
#    -25   -16       4.4316133403E-005
#    -25   -15       1.0544410014E-003
#    -25   -14       1.2835517858E-004
#    -25   -13       1.8334540304E-004
#    -25   -12       1.5673188404E-004
#    -25   -11       6.1476905456E-005
#    -25   -10       9.6762223425E-004
#    -25    -9       3.0127833412E-005
#    -25    -8       4.0420695981E-005
#    -25    -7       5.1754200663E-005
#    -25    -6       4.5088168633E-005
#    -25    -5       1.1388427679E-003
#    -25    -4       1.6203824584E-006
#    -25    -3       1.9974268478E-005
#    -25    -2       2.9690245038E-005
#    -25    -1       5.7669822543E-005
#    -25     0       2.5161453543E-003
#    -25     1       5.3601037706E-005
#    -25     2       8.8088513155E-005
#    -25     3       5.6997283425E-005
#    -25     4       4.1003912009E-005
#    -25     5       3.5199357371E-003
#    -25     6       8.6383727071E-006
#    -25     7       6.3630064836E-006
#    -25     8       1.0083119291E-004
#    -25     9       3.8132892467E-005
#    -25    10       4.8139302040E-003
#    -25    11       4.2405869600E-005
#    -25    12       1.9268904387E-004
#    -25    13       2.1030808064E-004
#    -25    14       6.3858906812E-005
#    -25    15       4.8150342557E-003
#    -25    16       1.4757914814E-004
#    -25    17       2.4047592741E-005
#    -25    18       2.5438372229E-007
#    -25    19       2.6960603412E-005
#    -25    20       2.0666911794E-003
#    -25    21       3.1964653696E-005
#    -25    22       9.7413629949E-005
#    -25    23       2.8019056798E-004
#    -25    24       1.1901476491E-004
#    -25    25       6.8579128934E-004
#    -25    26       2.6005405409E-004
#    -25    27       8.6810733883E-005
#    -24   -20       2.5812378375E-005
#    -24   -19       9.8419396371E-006
#    -24   -18       2.2996144950E-004
#    -24   -17       2.6702853875E-004
#    -24   -16       2.1393000296E-006
#    -24   -15       2.4502504522E-005
#    -24   -14       1.9190362759E-005
#    -24   -13       3.2416103694E-004
#    -24   -12       2.0772818388E-004
#    -24   -11       2.0313781925E-005
#    -24   -10       3.2714663974E-006
#    -24    -9       1.7773234526E-005
#    -24    -8       6.6952289824E-005
#    -24    -7       5.1472541081E-005
#    -24    -6       3.0374915499E-007
#    -24    -5       1.4241589667E-005
#    -24    -4       8.1375656695E-006
#    -24    -3       1.3136991061E-004
#    -24    -2       2.9155869544E-006
#    -24    -1       5.1870274584E-005
#    -24     0       3.5014097882E-005
#    -24     1       3.3297672089E-005
#    -24     2       6.9616763792E-005
#    -24     3       1.7684896639E-004
#    -24     4       1.1286055320E-005
#    -24     5       1.8742390312E-005
#    -24     6       1.4003757621E-005
#    -24     7       1.6633274444E-005
#    -24     8       3.0554424916E-005
#    -24     9       2.2467102264E-005
#    -24    10       3.4019172979E-005
#    -24    11       1.3524363298E-005
#    -24    12       4.6232822603E-004
#    -24    13       3.6806001110E-004
#    -24    14       3.7082717456E-006
#    -24    15       7.3099400610E-005
#    -24    16       4.0326070637E-005
#    -24    17       1.7100874972E-004
#    -24    18       1.8221352043E-004
#    -24    19       5.0618682482E-006
#    -24    20       1.0607529904E-004
#    -24    21       8.2195761758E-006
#    -24    22       5.1203329427E-004
#    -24    23       1.9402744208E-004
#    -24    24       3.4235602853E-005
#    -24    25       1.5840130320E-004
#    -24    26       8.7144527184E-005
#    -23   -20       5.7693446816E-005
#    -23   -19       2.4134556000E-004
#    -23   -18       3.4339548012E-004
#    -23   -17       3.9184278279E-007
#    -23   -16       3.6146522445E-004
#    -23   -15       1.3439294699E-004
#    -23   -14       4.8095091851E-004
#    -23   -13       4.8876648190E-004
#    -23   -12       2.6758580131E-005
#    -23   -11       1.1271909285E-004
#    -23   -10       7.2509274033E-005
#    -23    -9       7.0962022178E-005
#    -23    -8       1.2181278210E-004
#    -23    -7       3.0813243339E-005
#    -23    -6       8.3143625595E-005
#    -23    -5       1.2366828070E-004
#    -23    -4       1.3569684255E-004
#    -23    -3       1.9593361849E-005
#    -23    -2       2.1690517294E-005
#    -23    -1       1.7401911988E-004
#    -23     0       5.6400133604E-005
#    -23     1       5.4162069932E-004
#    -23     2       7.3048952887E-004
#    -23     3       2.8064162278E-005
#    -23     4       1.5867537398E-004
#    -23     5       3.5697271808E-007
#    -23     6       2.0108891626E-005
#    -23     7       1.3260951862E-004
#    -23     8       1.5297350067E-005
#    -23     9       1.0750797390E-004
#    -23    10       1.7517706721E-004
#    -23    11       5.0210867293E-004
#    -23    12       6.7084409482E-004
#    -23    13       3.0131957481E-007
#    -23    14       3.6412208756E-004
#    -23    15       1.1072821277E-004
#    -23    16       3.3473653886E-004
#    -23    17       1.6583431958E-004
#    -23    18       8.6917199720E-005
#    -23    19       1.9522014572E-004
#    -23    20       3.8814824135E-004
#    -23    21       2.0555684007E-004
#    -23    22       5.8980460635E-004
#    -23    23       4.5163952398E-005
#    -23    24       5.7533814634E-004
#    -23    25       8.2440910480E-005
#    -23    26       1.8662188493E-004
#    -22   -21       2.8419047962E-005
#    -22   -20       3.8746702851E-005
#    -22   -19       2.5487032931E-004
#    -22   -18       2.3204735338E-006
#    -22   -17       4.2897726706E-004
#    -22   -16       3.7966665089E-004
#    -22   -15       2.3779558355E-004
#    -22   -14       1.0968155885E-004
#    -22   -13       5.3726942661E-008
#    -22   -12       1.1103608860E-004
#    -22   -11       1.9257332229E-004
#    -22   -10       2.4429302594E-005
#    -22    -9       6.0229135718E-005
#    -22    -8       4.4449610827E-006
#    -22    -7       8.9030235428E-005
#    -22    -6       1.0731563326E-004
#    -22    -5       4.2575921439E-005
#    -22    -4       1.2139454476E-004
#    -22    -3       3.6545451075E-005
#    -22    -2       1.0163169365E-004
#    -22    -1       5.0660360686E-004
#    -22     0       6.8009662297E-004
#    -22     1       1.3465220420E-004
#    -22     2       3.4248818194E-005
#    -22     3       9.2705500368E-005
#    -22     4       5.8313332473E-005
#    -22     5       3.3291852166E-005
#    -22     6       1.3912842145E-004
#    -22     7       1.4719052378E-006
#    -22     8       2.9216510991E-004
#    -22     9       4.0051941024E-004
#    -22    10       1.4442425737E-004
#    -22    11       1.0783956598E-003
#    -22    12       2.8975914936E-005
#    -22    13       1.5314874265E-003
#    -22    14       9.0970660575E-004
#    -22    15       2.4160923203E-004
#    -22    16       4.4875376304E-004
#    -22    17       9.0381387332E-006
#    -22    18       3.7615239806E-004
#    -22    19       1.6035763167E-004
#    -22    20       1.8954823526E-004
#    -22    21       2.0997532813E-004
#    -22    22       7.6065712365E-005
#    -22    23       4.3299746180E-004
#    -22    24       8.5847762882E-004
#    -22    25       2.6933907524E-005
#    -22    26       2.5103315912E-004
#    -21   -22       5.0376782785E-005
#    -21   -21       1.0430804732E-005
#    -21   -20       6.2737085144E-005
#    -21   -19       1.9511000435E-006
#    -21   -18       3.1539671136E-004
#    -21   -17       5.4324306699E-004
#    -21   -16       5.5913595516E-006
#    -21   -15       5.0636373256E-005
#    -21   -14       3.4951077117E-007
#    -21   -13       2.0466677470E-004
#    -21   -12       7.4142318221E-005
#    -21   -11       2.0546123571E-005
#    -21   -10       2.8279620941E-007
#    -21    -9       9.4008964317E-006
#    -21    -8       1.0761486776E-005
#    -21    -7       1.8415387514E-004
#    -21    -6       6.3060921766E-006
#    -21    -5       1.5229909185E-005
#    -21    -4       7.2704944511E-006
#    -21    -3       1.7769991634E-004
#    -21    -2       4.8007391839E-004
#    -21    -1       5.2453315866E-005
#    -21     0       1.6492394630E-004
#    -21     1       2.0524359144E-005
#    -21     2       1.5280149530E-004
#    -21     3       1.7674119068E-004
#    -21     4       1.5104193721E-005
#    -21     5       4.7220652049E-005
#    -21     6       3.9430173496E-005
#    -21     7       4.2449946696E-004
#    -21     8       6.0801441976E-004
#    -21     9       8.4004140855E-005
#    -21    10       1.8066117295E-004
#    -21    11       4.0597122242E-005
#    -21    12       8.8799378709E-004
#    -21    13       7.9406212950E-004
#    -21    14       4.7937793898E-005
#    -21    15       7.9950802215E-005
#    -21    16       3.5245874849E-006
#    -21    17       9.6170949187E-005
#    -21    18       1.5331283145E-004
#    -21    19       8.1691723410E-006
#    -21    20       8.7329894274E-005
#    -21    21       1.4676064154E-006
#    -21    22       7.0111183442E-004
#    -21    23       6.9773424509E-004
#    -21    24       2.5692154569E-005
#    -21    25       3.1626290114E-006
#    -20   -22       8.0106535489E-005
#    -20   -21       5.6171227485E-005
#    -20   -20       7.8402978282E-004
#    -20   -19       3.8068027034E-005
#    -20   -18       2.7717987785E-004
#    -20   -17       1.3617609893E-004
#    -20   -16       8.0151737563E-005
#    -20   -15       1.2690490340E-003
#    -20   -14       8.2207897053E-005
#    -20   -13       7.6456855742E-005
#    -20   -12       9.5734594771E-005
#    -20   -11       1.3884280154E-005
#    -20   -10       9.3928813391E-004
#    -20    -9       6.7390875347E-005
#    -20    -8       1.2353561576E-005
#    -20    -7       4.5443566640E-005
#    -20    -6       1.4096043041E-005
#    -20    -5       3.5742857918E-003
#    -20    -4       4.7185348056E-005
#    -20    -3       6.6685744571E-005
#    -20    -2       6.6040991531E-005
#    -20    -1       5.2524089029E-005
#    -20     0       1.2933456885E-002
#    -20     1       1.2116500288E-004
#    -20     2       3.3370264251E-005
#    -20     3       7.7485708169E-005
#    -20     4       3.0811674591E-005
#    -20     5       1.1127479939E-002
#    -20     6       3.8636447840E-005
#    -20     7       6.1113573204E-005
#    -20     8       1.7011248017E-004
#    -20     9       1.1797984098E-004
#    -20    10       4.5510424627E-003
#    -20    11       1.9485858816E-004
#    -20    12       4.2674642493E-004
#    -20    13       3.0206196426E-004
#    -20    14       5.9729088245E-005
#    -20    15       1.2272064983E-003
#    -20    16       3.3098144659E-005
#    -20    17       1.1214276427E-004
#    -20    18       1.1028005346E-004
#    -20    19       8.4347373135E-005
#    -20    20       2.4269927843E-003
#    -20    21       1.5020615402E-004
#    -20    22       5.5293487349E-005
#    -20    23       4.3559446203E-004
#    -20    24       2.3301867471E-007
#    -20    25       2.5906392446E-003
#    -19   -23       8.5844559927E-005
#    -19   -22       1.6715801391E-004
#    -19   -21       2.5220937842E-005
#    -19   -20       6.4578199053E-005
#    -19   -19       1.4298748033E-005
#    -19   -18       4.0954541998E-004
#    -19   -17       3.8985078898E-004
#    -19   -16       2.6603355990E-005
#    -19   -15       4.1588631514E-005
#    -19   -14       1.0462326676E-005
#    -19   -13       6.5224186203E-005
#    -19   -12       2.1920997431E-005
#    -19   -11       2.4134330241E-005
#    -19   -10       3.8072950393E-005
#    -19    -9       1.4432998296E-005
#    -19    -8       1.7663883283E-004
#    -19    -7       1.0462417613E-004
#    -19    -6       2.8976189420E-005
#    -19    -5       1.9040191176E-005
#    -19    -4       2.3244910154E-005
#    -19    -3       2.8881262754E-004
#    -19    -2       1.0673269526E-004
#    -19    -1       3.6820786949E-005
#    -19     0       5.8819305368E-005
#    -19     1       3.2283450005E-005
#    -19     2       1.4920861684E-004
#    -19     3       1.1558698029E-004
#    -19     4       2.2802182447E-005
#    -19     5       5.0050415137E-005
#    -19     6       3.5965887710E-005
#    -19     7       1.3169852885E-004
#    -19     8       1.5249057861E-004
#    -19     9       5.9226305270E-005
#    -19    10       1.6751254230E-005
#    -19    11       1.0396611039E-004
#    -19    12       4.4384884580E-004
#    -19    13       5.1387046507E-004
#    -19    14       7.8640636184E-006
#    -19    15       3.0404353867E-005
#    -19    16       8.7238850329E-006
#    -19    17       3.8376500738E-004
#    -19    18       1.7315011495E-004
#    -19    19       2.9020866833E-005
#    -19    20       3.7965789751E-005
#    -19    21       4.8404059209E-005
#    -19    22       1.5620515460E-004
#    -19    23       1.5014260939E-004
#    -19    24       9.6058983022E-005
#    -19    25       2.0256029605E-004
#    -18   -23       1.1750204006E-004
#    -18   -22       5.6625908005E-006
#    -18   -21       2.3009122168E-004
#    -18   -20       1.5101744829E-004
#    -18   -19       4.5069659123E-004
#    -18   -18       2.7106785699E-004
#    -18   -17       6.0898173267E-006
#    -18   -16       2.3111961160E-004
#    -18   -15       6.9227060496E-005
#    -18   -14       2.0663253682E-004
#    -18   -13       7.8172908460E-005
#    -18   -12       1.5429001489E-005
#    -18   -11       2.7724057841E-005
#    -18   -10       1.5403738555E-004
#    -18    -9       7.8992732886E-005
#    -18    -8       1.0065270723E-004
#    -18    -7       3.6303802123E-005
#    -18    -6       2.3423804313E-005
#    -18    -5       6.4389977048E-005
#    -18    -4       5.0968684871E-005
#    -18    -3       4.0900968910E-005
#    -18    -2       4.7687624052E-005
#    -18    -1       1.8202622744E-004
#    -18     0       1.1377515789E-004
#    -18     1       6.4886446670E-004
#    -18     2       1.4358482776E-003
#    -18     3       1.3454848166E-005
#    -18     4       4.0566582869E-004
#    -18     5       3.8417982846E-005
#    -18     6       2.9929485063E-004
#    -18     7       6.1187835973E-004
#    -18     8       2.6544134564E-005
#    -18     9       2.6723908550E-004
#    -18    10       1.2786197320E-004
#    -18    11       4.2200524692E-005
#    -18    12       1.2628158048E-004
#    -18    13       2.4292331873E-005
#    -18    14       2.3739997897E-004
#    -18    15       1.6914113106E-004
#    -18    16       3.3007409801E-004
#    -18    17       4.0035656250E-004
#    -18    18       6.5908304477E-005
#    -18    19       1.3586102940E-005
#    -18    20       8.4555412714E-005
#    -18    21       2.1835444274E-004
#    -18    22       7.5397473613E-004
#    -18    23       6.1190137868E-005
#    -18    24       5.8310248617E-004
#    -17   -24       4.3444836888E-005
#    -17   -23       7.7549148903E-006
#    -17   -22       3.3647203118E-004
#    -17   -21       2.1497615398E-004
#    -17   -20       6.8694801762E-005
#    -17   -19       3.6277511201E-004
#    -17   -18       7.4340532766E-006
#    -17   -17       3.5544369473E-004
#    -17   -16       1.5637524659E-004
#    -17   -15       4.8161956690E-005
#    -17   -14       8.1332798401E-007
#    -17   -13       1.7637501300E-005
#    -17   -12       2.1826757004E-004
#    -17   -11       3.9116450798E-004
#    -17   -10       1.0705795639E-004
#    -17    -9       2.4715758268E-004
#    -17    -8       2.4106206458E-006
#    -17    -7       4.3332396920E-006
#    -17    -6       6.6983355000E-005
#    -17    -5       5.4016561762E-005
#    -17    -4       1.2465777193E-004
#    -17    -3       8.0063372189E-005
#    -17    -2       1.4621306538E-004
#    -17    -1       6.7376378812E-004
#    -17     0       9.3336209290E-004
#    -17     1       1.2588970389E-003
#    -17     2       2.3352242500E-006
#    -17     3       9.2971942406E-004
#    -17     4       7.4314131703E-004
#    -17     5       1.7231030336E-004
#    -17     6       7.9492420208E-004
#    -17     7       2.3513176511E-005
#    -17     8       8.8113214133E-004
#    -17     9       3.8242207371E-004
#    -17    10       1.9626883179E-004
#    -17    11       1.3628834538E-004
#    -17    12       1.7575763473E-005
#    -17    13       9.8942686230E-005
#    -17    14       5.6341646265E-005
#    -17    15       1.0237648644E-005
#    -17    16       3.1117447149E-005
#    -17    17       1.0204347251E-005
#    -17    18       1.0418424359E-005
#    -17    19       1.1892138996E-004
#    -17    20       3.2867201292E-005
#    -17    21       2.6971316775E-004
#    -17    22       8.6012351421E-005
#    -17    23       1.6650420521E-004
#    -17    24       9.9847229233E-004
#    -16   -24       3.1843043097E-006
#    -16   -23       1.9652726852E-004
#    -16   -22       3.3290226789E-004
#    -16   -21       6.4627357077E-005
#    -16   -20       8.2059016833E-005
#    -16   -19       7.2815971827E-006
#    -16   -18       1.7346023106E-004
#    -16   -17       3.8577193898E-004
#    -16   -16       2.4798389957E-005
#    -16   -15       2.3127258012E-005
#    -16   -14       1.1323865499E-005
#    -16   -13       1.9704557935E-004
#    -16   -12       1.6202828834E-004
#    -16   -11       3.8380918707E-005
#    -16   -10       3.3843931334E-005
#    -16    -9       1.8371871116E-005
#    -16    -8       6.2846536058E-006
#    -16    -7       1.7926756190E-004
#    -16    -6       2.1520461995E-005
#    -16    -5       1.7696266610E-005
#    -16    -4       5.9500084072E-006
#    -16    -3       2.1042796999E-004
#    -16    -2       1.0068797698E-003
#    -16    -1       1.4441261624E-004
#    -16     0       6.1113448405E-004
#    -16     1       8.4813236033E-005
#    -16     2       1.6579263518E-003
#    -16     3       1.6759372089E-003
#    -16     4       3.7282143741E-005
#    -16     5       3.3474829067E-004
#    -16     6       1.1380495819E-005
#    -16     7       6.8527833417E-004
#    -16     8       6.4645213696E-004
#    -16     9       1.6003521568E-005
#    -16    10       7.2251565724E-005
#    -16    11       2.5301467458E-005
#    -16    12       1.8362975634E-004
#    -16    13       8.4158116953E-008
#    -16    14       3.7203844699E-005
#    -16    15       4.8787758402E-005
#    -16    16       3.0332452034E-005
#    -16    17       1.7191313111E-005
#    -16    18       2.6418504407E-004
#    -16    19       3.2570995259E-005
#    -16    20       5.8772686944E-005
#    -16    21       2.5400511885E-005
#    -16    22       4.6821533762E-004
#    -16    23       9.2202927468E-004
#    -15   -25       2.1731372271E-004
#    -15   -24       5.8330352301E-005
#    -15   -23       1.3046583418E-004
#    -15   -22       2.0779797101E-004
#    -15   -21       8.8039451195E-005
#    -15   -20       8.7791716113E-004
#    -15   -19       5.8244911712E-006
#    -15   -18       1.5774314627E-004
#    -15   -17       2.0672243883E-005
#    -15   -16       2.7374166590E-005
#    -15   -15       7.3300741925E-004
#    -15   -14       1.3787750959E-004
#    -15   -13       8.8309163432E-005
#    -15   -12       3.4953373213E-004
#    -15   -11       1.0063242008E-004
#    -15   -10       5.4349097861E-003
#    -15    -9       1.2523825750E-005
#    -15    -8       7.0618485009E-005
#    -15    -7       1.3956483072E-004
#    -15    -6       4.2188367121E-005
#    -15    -5       1.0933987389E-002
#    -15    -4       1.4524725096E-004
#    -15    -3       1.8903350703E-004
#    -15    -2       4.0677079672E-004
#    -15    -1       3.8255834965E-004
#    -15     0       1.3448663330E-002
#    -15     1       5.1599226361E-004
#    -15     2       3.6795739233E-004
#    -15     3       2.3145416215E-004
#    -15     4       2.8576243841E-004
#    -15     5       1.9473651357E-002
#    -15     6       6.9222219251E-005
#    -15     7       8.1962478636E-005
#    -15     8       1.1218911550E-004
#    -15     9       2.0448880721E-005
#    -15    10       1.1324050556E-002
#    -15    11       8.7198273976E-005
#    -15    12       2.1822142751E-004
#    -15    13       8.3020349090E-005
#    -15    14       1.4201306548E-007
#    -15    15       1.4095824384E-002
#    -15    16       4.2347285987E-005
#    -15    17       1.1816725050E-004
#    -15    18       3.2731576977E-004
#    -15    19       1.5333447787E-004
#    -15    20       3.6729083112E-004
#    -15    21       3.4416112975E-004
#    -15    22       2.7253241272E-004
#    -15    23       7.2703478985E-004
#    -14   -25       3.4707162856E-005
#    -14   -24       1.7456987440E-005
#    -14   -23       2.5052623943E-004
#    -14   -22       2.6525097979E-004
#    -14   -21       2.6580997062E-005
#    -14   -20       2.7651663163E-005
#    -14   -19       9.1027936645E-006
#    -14   -18       4.4028768927E-005
#    -14   -17       8.7815287107E-005
#    -14   -16       5.9258697899E-005
#    -14   -15       1.2053582231E-005
#    -14   -14       9.2433209900E-005
#    -14   -13       4.7888965953E-004
#    -14   -12       4.1905601043E-004
#    -14   -11       8.7549998137E-005
#    -14   -10       7.8766165133E-005
#    -14    -9       3.8119382236E-005
#    -14    -8       5.8668719843E-004
#    -14    -7       3.2874900025E-004
#    -14    -6       2.3057820741E-005
#    -14    -5       1.1206186383E-005
#    -14    -4       3.4487096828E-005
#    -14    -3       1.0716228013E-003
#    -14    -2       1.3825928102E-003
#    -14    -1       1.3841993928E-006
#    -14     0       6.1682247153E-004
#    -14     1       1.1047754348E-004
#    -14     2       8.4485204833E-004
#    -14     3       3.9563458307E-004
#    -14     4       5.6304295650E-005
#    -14     5       4.3743709089E-005
#    -14     6       3.8045861882E-005
#    -14     7       1.5632615318E-004
#    -14     8       1.0861378388E-004
#    -14     9       2.7124720013E-005
#    -14    10       6.8248416117E-005
#    -14    11       9.0323821828E-005
#    -14    12       7.1503901184E-004
#    -14    13       3.0976744774E-004
#    -14    14       3.9723763259E-005
#    -14    15       2.9670885035E-005
#    -14    16       5.2895233424E-005
#    -14    17       5.5842728204E-004
#    -14    18       3.6367010700E-004
#    -14    19       1.5788742005E-004
#    -14    20       9.4012338750E-005
#    -14    21       7.0094748105E-005
#    -14    22       9.4665364371E-004
#    -13   -26       6.2025247968E-005
#    -13   -25       8.9284053432E-005
#    -13   -24       3.0310902957E-004
#    -13   -23       4.6943856628E-004
#    -13   -22       2.0037020483E-006
#    -13   -21       1.7382397674E-004
#    -13   -20       3.6643620203E-005
#    -13   -19       1.0330164429E-004
#    -13   -18       1.0721736443E-005
#    -13   -17       6.4356133468E-006
#    -13   -16       4.5147716087E-005
#    -13   -15       2.5661946066E-005
#    -13   -14       2.6480972519E-004
#    -13   -13       5.6106204335E-004
#    -13   -12       1.1979546943E-006
#    -13   -11       6.4179844296E-005
#    -13   -10       2.0395195296E-004
#    -13    -9       2.0693518363E-004
#    -13    -8       5.8901699529E-004
#    -13    -7       5.5212489277E-005
#    -13    -6       4.9322260863E-005
#    -13    -5       1.3852901229E-004
#    -13    -4       9.0946173535E-004
#    -13    -3       1.4839287095E-003
#    -13    -2       3.4418397294E-005
#    -13    -1       6.8036453011E-004
#    -13     0       4.8531699897E-004
#    -13     1       2.3154343133E-004
#    -13     2       3.8417535160E-005
#    -13     3       2.0800941229E-005
#    -13     4       3.1844336120E-005
#    -13     5       1.9442560302E-004
#    -13     6       7.0700510624E-004
#    -13     7       8.0595301331E-004
#    -13     8       1.6075661087E-005
#    -13     9       5.6535494850E-004
#    -13    10       7.0308265291E-004
#    -13    11       9.8651801295E-004
#    -13    12       9.3887864673E-004
#    -13    13       1.9974821032E-005
#    -13    14       2.9577880361E-004
#    -13    15       2.1103351046E-004
#    -13    16       8.5316786724E-004
#    -13    17       3.6376155925E-004
#    -13    18       2.4609589439E-004
#    -13    19       7.7448947513E-005
#    -13    20       3.6476999409E-005
#    -13    21       8.2463058829E-004
#    -12   -26       2.7715073849E-004
#    -12   -25       1.2659889786E-004
#    -12   -24       1.9809763096E-004
#    -12   -23       3.8723747856E-006
#    -12   -22       3.9373697953E-004
#    -12   -21       2.1935301817E-004
#    -12   -20       5.0737933582E-005
#    -12   -19       2.0468735291E-005
#    -12   -18       3.5149096922E-006
#    -12   -17       1.3129921069E-006
#    -12   -16       2.9543836202E-004
#    -12   -15       2.1907621887E-004
#    -12   -14       1.4385237510E-004
#    -12   -13       3.0132222390E-005
#    -12   -12       4.0782602923E-004
#    -12   -11       9.2006003109E-004
#    -12   -10       2.8377550051E-004
#    -12    -9       7.7793844040E-004
#    -12    -8       5.3847787509E-007
#    -12    -7       9.8105028155E-005
#    -12    -6       2.6696474880E-004
#    -12    -5       8.9321505713E-005
#    -12    -4       1.2423832839E-003
#    -12    -3       5.3562983638E-005
#    -12    -2       1.0791367344E-003
#    -12    -1       3.5890166985E-004
#    -12     0       1.4007882073E-005
#    -12     1       2.2199180243E-004
#    -12     2       3.0721103641E-005
#    -12     3       5.8069817959E-004
#    -12     4       1.2060426443E-003
#    -12     5       5.9924422579E-004
#    -12     6       1.2569779831E-003
#    -12     7       5.4463755962E-005
#    -12     8       1.4900364143E-003
#    -12     9       1.0928692253E-003
#    -12    10       1.0054724951E-003
#    -12    11       2.7226751636E-004
#    -12    12       1.5443678848E-005
#    -12    13       1.4513812439E-004
#    -12    14       4.4507083585E-004
#    -12    15       3.8257687188E-004
#    -12    16       2.0113488302E-004
#    -12    17       6.6549234304E-005
#    -12    18       7.9872645194E-007
#    -12    19       4.5178342840E-004
#    -12    20       8.5014797247E-004
#    -12    21       9.6628438529E-004
#    -11   -26       1.5412451847E-007
#    -11   -25       3.7719726318E-005
#    -11   -24       2.4479303512E-006
#    -11   -23       4.0233774996E-004
#    -11   -22       4.6928488772E-004
#    -11   -21       6.9021928576E-006
#    -11   -20       2.9174385965E-005
#    -11   -19       2.7316318769E-005
#    -11   -18       5.3641811481E-005
#    -11   -17       6.1572539717E-005
#    -11   -16       6.7027667245E-006
#    -11   -15       1.7562260164E-006
#    -11   -14       1.0523044656E-005
#    -11   -13       4.1744797408E-004
#    -11   -12       2.8239822149E-004
#    -11   -11       6.0958837069E-005
#    -11   -10       6.8552007897E-005
#    -11    -9       4.8669339303E-005
#    -11    -8       3.6869647692E-004
#    -11    -7       6.6143947121E-004
#    -11    -6       4.7747849871E-005
#    -11    -5       3.9700539799E-004
#    -11    -4       6.6157445088E-006
#    -11    -3       2.2926156748E-004
#    -11    -2       1.3131854946E-005
#    -11    -1       2.0333161751E-006
#    -11     0       4.5426061943E-004
#    -11     1       5.8938914787E-005
#    -11     2       2.0232837714E-003
#    -11     3       2.0716584540E-003
#    -11     4       9.2782175393E-005
#    -11     5       5.3142007157E-004
#    -11     6       3.3458051062E-006
#    -11     7       1.4444533724E-003
#    -11     8       1.6374084655E-003
#    -11     9       5.5010236221E-005
#    -11    10       9.8121386640E-005
#    -11    11       1.6957232682E-005
#    -11    12       5.6217024590E-004
#    -11    13       7.9279977752E-004
#    -11    14       9.4667353339E-005
#    -11    15       4.3523066261E-004
#    -11    16       1.2571736393E-005
#    -11    17       4.7179174384E-004
#    -11    18       7.3138199749E-004
#    -11    19       8.6630661539E-005
#    -11    20       7.5670976559E-005
#    -10   -27       2.3378149989E-005
#    -10   -26       2.1246623373E-005
#    -10   -25       9.4089157563E-004
#    -10   -24       1.5830937141E-004
#    -10   -23       2.1360497126E-004
#    -10   -22       1.7333950192E-004
#    -10   -21       8.9378320955E-006
#    -10   -20       1.1202165416E-004
#    -10   -19       3.1810024202E-005
#    -10   -18       3.5885934134E-005
#    -10   -17       4.6204315905E-005
#    -10   -16       8.5217517452E-006
#    -10   -15       4.0708639518E-003
#    -10   -14       1.7249356576E-004
#    -10   -13       2.4035737992E-004
#    -10   -12       5.2555258301E-004
#    -10   -11       2.6959790889E-004
#    -10   -10       4.8656225945E-003
#    -10    -9       2.2075455210E-004
#    -10    -8       3.7899876404E-004
#    -10    -7       4.1239933309E-004
#    -10    -6       2.4567202723E-004
#    -10    -5       1.9073905949E-002
#    -10    -4       1.4593509835E-004
#    -10    -3       1.9418098524E-005
#    -10    -2       1.4345373602E-004
#    -10    -1       5.2791160373E-004
#    -10     0       2.1728771496E-002
#    -10     1       5.2073082321E-004
#    -10     2       6.7800479729E-004
#    -10     3       8.2224396387E-004
#    -10     4       6.1810499347E-004
#    -10     5       5.7226917845E-003
#    -10     6       4.7841816209E-004
#    -10     7       7.7299444211E-004
#    -10     8       6.9497455241E-004
#    -10     9       1.4441297052E-004
#    -10    10       1.5873588273E-002
#    -10    11       6.0131962166E-005
#    -10    12       5.3670394138E-005
#    -10    13       3.8543737101E-004
#    -10    14       2.0638832498E-004
#    -10    15       1.2115898535E-002
#    -10    16       2.0134661246E-004
#    -10    17       3.3908404034E-005
#    -10    18       4.3840903726E-004
#    -10    19       1.5206565721E-004
#     -9   -27       1.4120538829E-004
#     -9   -26       4.6053064265E-005
#     -9   -25       7.5707610937E-005
#     -9   -24       2.4907952161E-005
#     -9   -23       7.3895213781E-004
#     -9   -22       4.2144113239E-004
#     -9   -21       2.1013725669E-006
#     -9   -20       8.8247032517E-005
#     -9   -19       7.7780381985E-006
#     -9   -18       1.5975544803E-004
#     -9   -17       5.9481119825E-005
#     -9   -16       1.2410573262E-005
#     -9   -15       1.1365777387E-004
#     -9   -14       1.3925744845E-004
#     -9   -13       7.1810856406E-004
#     -9   -12       1.1626608496E-003
#     -9   -11       2.0281638377E-004
#     -9   -10       1.6156413782E-005
#     -9    -9       1.9644456181E-006
#     -9    -8       8.5663539152E-004
#     -9    -7       5.5331807054E-004
#     -9    -6       1.0263111127E-004
#     -9    -5       1.1607937066E-004
#     -9    -4       2.9065396345E-005
#     -9    -3       8.4781885843E-004
#     -9    -2       1.3488905587E-003
#     -9    -1       4.8892313969E-005
#     -9     0       9.7638828881E-004
#     -9     1       2.4312981632E-004
#     -9     2       1.9247279093E-003
#     -9     3       1.1133440324E-003
#     -9     4       4.2281225017E-005
#     -9     5       4.1299301961E-004
#     -9     6       2.5909585684E-005
#     -9     7       1.2050454222E-003
#     -9     8       3.4830047002E-004
#     -9     9       3.2096601732E-005
#     -9    10       1.6944678703E-004
#     -9    11       7.1094183631E-005
#     -9    12       2.3005016947E-004
#     -9    13       1.3010351454E-004
#     -9    14       1.5807266668E-005
#     -9    15       3.2361191654E-004
#     -9    16       1.2983437659E-004
#     -9    17       1.7128052884E-003
#     -9    18       1.1457964025E-004
#     -9    19       1.4042310071E-004
#     -8   -27       1.2771400931E-005
#     -8   -26       3.3331608546E-004
#     -8   -25       1.7785004548E-004
#     -8   -24       6.7188068480E-004
#     -8   -23       4.5326662751E-004
#     -8   -22       9.9224301175E-006
#     -8   -21       3.5336546594E-004
#     -8   -20       1.6197693181E-004
#     -8   -19       3.9381291369E-005
#     -8   -18       1.5936454850E-004
#     -8   -17       1.1947438052E-005
#     -8   -16       1.7111343222E-004
#     -8   -15       7.8780370556E-005
#     -8   -14       4.6543676795E-004
#     -8   -13       1.2608704920E-003
#     -8   -12       6.4948784852E-007
#     -8   -11       2.3921760093E-004
#     -8   -10       1.1240648596E-004
#     -8    -9       6.2822550561E-004
#     -8    -8       4.7574680199E-004
#     -8    -7       3.9804204453E-005
#     -8    -6       1.8488081462E-004
#     -8    -5       1.7085442803E-004
#     -8    -4       1.3431313743E-003
#     -8    -3       2.0444317125E-003
#     -8    -2       5.6907493012E-005
#     -8    -1       1.7673688096E-003
#     -8     0       1.7494672236E-003
#     -8     1       1.8339648100E-003
#     -8     2       3.0945974203E-004
#     -8     3       2.8559621196E-006
#     -8     4       5.7728404120E-004
#     -8     5       5.2436007538E-005
#     -8     6       1.7733035272E-004
#     -8     7       5.5966375325E-004
#     -8     8       8.6330342209E-007
#     -8     9       1.4684314396E-004
#     -8    10       9.7684407775E-005
#     -8    11       5.7262934951E-004
#     -8    12       1.8332883066E-003
#     -8    13       3.0186914688E-005
#     -8    14       4.6849026010E-004
#     -8    15       5.5003287475E-004
#     -8    16       1.2993732614E-003
#     -8    17       1.3144248662E-003
#     -8    18       3.4074425359E-004
#     -7   -27       1.6073323008E-004
#     -7   -26       2.5219943913E-004
#     -7   -25       1.3493910476E-004
#     -7   -24       5.4720825005E-004
#     -7   -23       1.0591827743E-005
#     -7   -22       4.4395173660E-004
#     -7   -21       2.7805052041E-004
#     -7   -20       8.8044848178E-005
#     -7   -19       2.5220575054E-004
#     -7   -18       4.8347845000E-006
#     -7   -17       4.9490559009E-005
#     -7   -16       3.9574239116E-004
#     -7   -15       4.0399988843E-004
#     -7   -14       5.5811798434E-004
#     -7   -13       5.1785749643E-005
#     -7   -12       2.1357799013E-004
#     -7   -11       2.3690827666E-004
#     -7   -10       4.0309592303E-005
#     -7    -9       2.6518371587E-004
#     -7    -8       1.4700257269E-005
#     -7    -7       2.8578961581E-004
#     -7    -6       3.7476892826E-004
#     -7    -5       4.8101364365E-004
#     -7    -4       2.4847106315E-003
#     -7    -3       7.1373457656E-006
#     -7    -2       2.9497036480E-003
#     -7    -1       1.7148847372E-003
#     -7     0       2.4095200775E-004
#     -7     1       6.9377940041E-005
#     -7     2       1.2027880255E-005
#     -7     3       1.3389996826E-006
#     -7     4       6.9310521561E-005
#     -7     5       1.2351383611E-005
#     -7     6       6.0953399000E-004
#     -7     7       2.9033834192E-005
#     -7     8       2.7955337187E-005
#     -7     9       6.1429569489E-005
#     -7    10       8.8568736784E-004
#     -7    11       1.5329519322E-003
#     -7    12       5.7922699769E-006
#     -7    13       5.2295958303E-004
#     -7    14       5.0436910417E-004
#     -7    15       3.5734372434E-004
#     -7    16       2.0126503267E-003
#     -7    17       4.8640477530E-005
#     -6   -27       1.6368572735E-004
#     -6   -26       2.4811461092E-005
#     -6   -25       9.1756558068E-005
#     -6   -24       2.3603855625E-005
#     -6   -23       4.4082277877E-004
#     -6   -22       5.2342054753E-004
#     -6   -21       3.6607509062E-005
#     -6   -20       7.6284563186E-005
#     -6   -19       5.0760644846E-005
#     -6   -18       1.9649352047E-004
#     -6   -17       2.0519306007E-004
#     -6   -16       2.0919297272E-005
#     -6   -15       3.2687825315E-005
#     -6   -14       1.4071349073E-005
#     -6   -13       6.5828310852E-004
#     -6   -12       1.8237434360E-004
#     -6   -11       5.6573859945E-006
#     -6   -10       3.3970574666E-005
#     -6    -9       1.6449263749E-005
#     -6    -8       1.4858969034E-004
#     -6    -7       1.2424889623E-003
#     -6    -6       9.5837602266E-005
#     -6    -5       9.6406846701E-004
#     -6    -4       8.6100371816E-006
#     -6    -3       9.2129044722E-004
#     -6    -2       3.1276530618E-004
#     -6    -1       3.7258003173E-005
#     -6     0       6.4727346640E-005
#     -6     1       7.4301520944E-005
#     -6     2       8.5262636087E-004
#     -6     3       4.8606222007E-004
#     -6     4       4.7602532987E-005
#     -6     5       1.1845370347E-004
#     -6     6       6.4656282719E-005
#     -6     7       4.6629096174E-005
#     -6     8       1.2898071431E-004
#     -6     9       3.2381521660E-004
#     -6    10       6.7479870911E-004
#     -6    11       1.3076557868E-005
#     -6    12       1.8864274048E-003
#     -6    13       7.8852810153E-004
#     -6    14       1.5680348577E-004
#     -6    15       1.6487902112E-004
#     -6    16       4.9937062974E-006
#     -5   -27       1.4555380756E-004
#     -5   -26       9.8726371852E-005
#     -5   -25       1.2252997800E-003
#     -5   -24       9.5474844453E-006
#     -5   -23       2.1981792445E-004
#     -5   -22       1.9834657687E-004
#     -5   -21       4.9952903596E-005
#     -5   -20       2.3642517527E-003
#     -5   -19       3.6063245258E-006
#     -5   -18       1.0270314148E-004
#     -5   -17       8.5424470241E-005
#     -5   -16       1.5795238775E-004
#     -5   -15       7.4302775959E-004
#     -5   -14       8.5367423856E-005
#     -5   -13       1.9651976407E-005
#     -5   -12       3.8488271390E-005
#     -5   -11       7.9011102136E-005
#     -5   -10       1.1153008585E-002
#     -5    -9       2.7718975665E-004
#     -5    -8       3.0924439969E-004
#     -5    -7       7.7049522182E-004
#     -5    -6       3.1194881110E-004
#     -5    -5       5.4967745088E-003
#     -5    -4       5.7981406511E-004
#     -5    -3       4.9443892777E-004
#     -5    -2       1.3507970782E-004
#     -5    -1       3.5333355535E-004
#     -5     0       9.0640881743E-003
#     -5     1       2.7730754330E-004
#     -5     2       4.7906687759E-004
#     -5     3       3.0275413465E-004
#     -5     4       1.7590921478E-004
#     -5     5       5.5251473490E-004
#     -5     6       3.4137732766E-005
#     -5     7       9.4689896377E-005
#     -5     8       1.0921326947E-003
#     -5     9       6.3273813034E-004
#     -5    10       2.6757956740E-002
#     -5    11       6.3916951404E-004
#     -5    12       5.2298424544E-004
#     -5    13       3.7392764440E-005
#     -5    14       1.0481809452E-004
#     -5    15       1.6777286719E-002
#     -4   -28       4.3139824133E-005
#     -4   -27       5.9371085587E-005
#     -4   -26       2.6247210465E-005
#     -4   -25       4.0646463530E-005
#     -4   -24       4.1236290059E-005
#     -4   -23       3.6498267774E-004
#     -4   -22       1.5665811680E-004
#     -4   -21       4.5035110372E-006
#     -4   -20       5.8052553759E-005
#     -4   -19       1.3641170899E-005
#     -4   -18       7.0924521767E-004
#     -4   -17       2.7652935972E-004
#     -4   -16       6.4676217538E-007
#     -4   -15       6.7329888376E-005
#     -4   -14       2.9327341306E-005
#     -4   -13       1.2145727923E-005
#     -4   -12       6.5027581237E-004
#     -4   -11       1.0781723039E-004
#     -4   -10       1.2767416682E-004
#     -4    -9       2.1577192303E-005
#     -4    -8       1.2640611925E-003
#     -4    -7       1.0978311732E-003
#     -4    -6       5.3915857566E-005
#     -4    -5       3.2535729289E-004
#     -4    -4       3.0512077338E-005
#     -4    -3       1.2032524339E-006
#     -4    -2       4.8157689829E-004
#     -4    -1       6.2567266184E-006
#     -4     0       5.4034262976E-005
#     -4     1       8.7561169069E-006
#     -4     2       1.2080588298E-004
#     -4     3       2.7435140522E-004
#     -4     4       1.0580427966E-004
#     -4     5       1.7848885226E-004
#     -4     6       3.4960505821E-005
#     -4     7       1.0554393613E-003
#     -4     8       1.9131705083E-003
#     -4     9       1.4440983322E-005
#     -4    10       8.6891865069E-004
#     -4    11       2.8142850898E-004
#     -4    12       7.4012830368E-004
#     -4    13       2.8342642311E-004
#     -4    14       1.5409986467E-005
#     -3   -28       4.2075754695E-004
#     -3   -27       2.8376712271E-005
#     -3   -26       3.1201205193E-004
#     -3   -25       1.4317167407E-004
#     -3   -24       4.5456841774E-004
#     -3   -23       3.1949967863E-004
#     -3   -22       2.0101801621E-005
#     -3   -21       3.9840004671E-004
#     -3   -20       3.1077824864E-004
#     -3   -19       3.6962981135E-004
#     -3   -18       1.3055573521E-004
#     -3   -17       4.8348274552E-005
#     -3   -16       1.2293290366E-004
#     -3   -15       2.5955310935E-004
#     -3   -14       2.5497650666E-004
#     -3   -13       3.8183095931E-005
#     -3   -12       2.1380454934E-005
#     -3   -11       5.3622268594E-004
#     -3   -10       5.8768079140E-004
#     -3    -9       1.7733156873E-003
#     -3    -8       1.2797850129E-003
#     -3    -7       7.3407525063E-005
#     -3    -6       6.6095184459E-004
#     -3    -5       8.7711133822E-005
#     -3    -4       1.1053318100E-004
#     -3    -3       2.9958202646E-004
#     -3    -2       4.9446263965E-005
#     -3    -1       4.5236486089E-004
#     -3     0       2.2102414512E-004
#     -3     1       1.9878142400E-004
#     -3     2       1.0367265596E-005
#     -3     3       3.0845314511E-005
#     -3     4       3.1708518960E-004
#     -3     5       1.9435651914E-005
#     -3     6       2.2195000352E-004
#     -3     7       9.8445003520E-004
#     -3     8       4.8707798548E-005
#     -3     9       2.0539920872E-003
#     -3    10       8.9417269343E-004
#     -3    11       1.7225063469E-003
#     -3    12       1.9314456030E-004
#     -3    13       9.9141502576E-005
#     -2   -28       3.4989102362E-006
#     -2   -27       5.8244815111E-004
#     -2   -26       3.3433948891E-004
#     -2   -25       1.1430479504E-004
#     -2   -24       2.0483390629E-004
#     -2   -23       1.3003598710E-005
#     -2   -22       5.8011767164E-004
#     -2   -21       3.9774938641E-004
#     -2   -20       1.3970909551E-004
#     -2   -19       1.6723237619E-004
#     -2   -18       1.1731334967E-005
#     -2   -17       5.6261827499E-004
#     -2   -16       3.6912777471E-004
#     -2   -15       3.3258662221E-006
#     -2   -14       1.2006867118E-005
#     -2   -13       1.0208907063E-005
#     -2   -12       6.1221427633E-004
#     -2   -11       1.0257230994E-003
#     -2   -10       7.6559260534E-004
#     -2    -9       1.0063100645E-003
#     -2    -8       1.5821482190E-005
#     -2    -7       8.7712902776E-004
#     -2    -6       5.1380307132E-004
#     -2    -5       5.2414869875E-005
#     -2    -4       1.1306532653E-003
#     -2    -3       2.8925940672E-005
#     -2    -2       4.4330301265E-004
#     -2    -1       1.2422365895E-004
#     -2     0       9.6014391547E-005
#     -2     1       5.3610360995E-004
#     -2     2       2.1430437939E-005
#     -2     3       4.0289567571E-004
#     -2     4       9.8591870901E-005
#     -2     5       4.5433024718E-004
#     -2     6       3.1960543910E-004
#     -2     7       3.1861290883E-006
#     -2     8       1.7417734605E-004
#     -2     9       1.1385043745E-003
#     -2    10       3.5255807084E-004
#     -2    11       8.3794067963E-004
#     -2    12       3.1572377895E-005
#     -1   -27       1.5444872359E-004
#     -1   -26       1.1900350355E-005
#     -1   -25       3.4370720645E-005
#     -1   -24       2.7466566114E-005
#     -1   -23       9.9191149066E-005
#     -1   -22       4.5173705823E-004
#     -1   -21       2.9868963368E-005
#     -1   -20       2.0326771721E-005
#     -1   -19       1.0413113395E-004
#     -1   -18       2.8687274453E-004
#     -1   -17       1.6380849425E-004
#     -1   -16       3.4343312165E-005
#     -1   -15       4.2045715914E-005
#     -1   -14       5.3994740050E-005
#     -1   -13       4.3014491492E-004
#     -1   -12       1.1127003001E-003
#     -1   -11       9.2102016530E-005
#     -1   -10       2.6273434306E-004
#     -1    -9       1.4534697842E-005
#     -1    -8       3.0584217994E-004
#     -1    -7       3.1791321815E-004
#     -1    -6       1.6535294838E-005
#     -1    -5       1.9535114807E-004
#     -1    -4       2.9206226611E-005
#     -1    -3       3.4078156516E-004
#     -1    -2       6.3817331569E-005
#     -1    -1       1.3105776511E-004
#     -1     0       9.7819933019E-005
#     -1     1       5.5708215038E-005
#     -1     2       1.9167401051E-003
#     -1     3       1.0233716858E-003
#     -1     4       1.0813653438E-004
#     -1     5       6.8892844983E-006
#     -1     6       2.7185780958E-004
#     -1     7       7.6513019768E-004
#     -1     8       3.0420906990E-004
#     -1     9       8.2891239913E-005
#     -1    10       1.1006083685E-004
#     -1    11       5.8788895991E-005
#      0   -27       1.5217839384E-004
#      0   -26       1.0153839378E-004
#      0   -25       4.8597479842E-004
#      0   -24       1.5597789833E-004
#      0   -23       1.3702182884E-004
#      0   -22       1.6346735545E-004
#      0   -21       2.0529975035E-004
#      0   -20       2.9269103243E-003
#      0   -19       3.3234199939E-005
#      0   -18       5.8855945809E-005
#      0   -17       4.2429508176E-005
#      0   -16       7.1522807276E-005
#      0   -15       1.5377775081E-002
#      0   -14       2.3135397477E-005
#      0   -13       7.8253604139E-005
#      0   -12       2.2009011782E-004
#      0   -11       1.9743275291E-004
#      0   -10       1.7328347942E-002
#      0    -9       1.4535716405E-005
#      0    -8       1.8336338409E-005
#      0    -7       3.2530041326E-004
#      0    -6       5.3574201358E-006
#      0    -5       6.1345965347E-004
#      0    -4       2.2539757996E-004
#      0    -3       1.1786340837E-005
#      0    -2       5.8159936236E-004
#      0    -1       3.0701652553E-004
#      0     0       2.4419130120E-002
#      0     1       1.0682818790E-003
#      0     2       1.1959869428E-003
#      0     3       9.7670499665E-005
#      0     4       2.7966959351E-004
#      0     5       8.0191649348E-003
#      0     6       4.9301949135E-004
#      0     7       1.4112210446E-004
#      0     8       2.7307035205E-004
#      0     9       7.2008006319E-004
#      0    10       8.9456814748E-003
#      1   -27       2.7952440197E-004
#      1   -26       3.0005727247E-005
#      1   -25       3.2282150905E-004
#      1   -24       2.7063520892E-006
#      1   -23       2.4811654263E-004
#      1   -22       4.7261474792E-004
#      1   -21       3.8727565233E-005
#      1   -20       9.6784170728E-006
#      1   -19       2.5883029180E-005
#      1   -18       8.0635804647E-005
#      1   -17       5.5333340703E-006
#      1   -16       1.1643345292E-005
#      1   -15       1.9988610897E-005
#      1   -14       1.9932873834E-005
#      1   -13       2.9712468515E-004
#      1   -12       3.0594566486E-004
#      1   -11       9.1967161552E-005
#      1   -10       6.6923049358E-005
#      1    -9       7.7509440020E-005
#      1    -8       7.9938581589E-005
#      1    -7       2.2219918947E-005
#      1    -6       1.1230395906E-004
#      1    -5       5.3411963362E-005
#      1    -4       5.9548348987E-005
#      1    -3       1.1872114332E-004
#      1    -2       1.5959362378E-003
#      1    -1       1.2924522861E-004
#      1     0       5.5903234930E-004
#      1     1       1.7969171424E-004
#      1     2       7.1804289393E-004
#      1     3       2.0540860378E-004
#      1     4       2.7518448547E-004
#      1     5       2.8072841630E-004
#      1     6       1.6208749339E-004
#      1     7       1.8792134473E-004
#      1     8       8.6601845307E-004
#      1     9       3.0298508685E-004
#      2   -27       1.1754742579E-005
#      2   -26       2.4405309379E-004
#      2   -25       4.3989652529E-004
#      2   -24       2.2208310086E-004
#      2   -23       5.0636428814E-004
#      2   -22       2.1738605701E-005
#      2   -21       1.7337482497E-005
#      2   -20       2.7057390652E-005
#      2   -19       1.7218077678E-004
#      2   -18       1.2908693880E-004
#      2   -17       2.4504541878E-006
#      2   -16       1.3557464579E-004
#      2   -15       4.6401729174E-004
#      2   -14       7.5778762168E-004
#      2   -13       6.5366181234E-004
#      2   -12       2.5080655611E-005
#      2   -11       1.5939786825E-004
#      2   -10       1.7114807514E-005
#      2    -9       3.7535382716E-004
#      2    -8       1.9249714177E-004
#      2    -7       3.9114881152E-005
#      2    -6       3.0575630543E-004
#      2    -5       2.2190251492E-005
#      2    -4       2.4013436172E-005
#      2    -3       7.8597209174E-004
#      2    -2       3.4581589323E-006
#      2    -1       2.5885440783E-003
#      2     0       7.6031886098E-004
#      2     1       1.6622975102E-003
#      2     2       1.5201934952E-004
#      2     3       3.2835414427E-005
#      2     4       1.2991143004E-003
#      2     5       1.3335438504E-003
#      2     6       1.0818521416E-003
#      2     7       5.5004215656E-004
#      2     8       4.7128513625E-005
#      3   -26       3.2013864571E-004
#      3   -25       1.1323266945E-004
#      3   -24       1.0553742984E-003
#      3   -23       1.8410665317E-005
#      3   -22       4.4736607515E-005
#      3   -21       3.6570179900E-004
#      3   -20       2.3663318689E-005
#      3   -19       4.8448369971E-005
#      3   -18       2.9954335154E-006
#      3   -17       7.2948625559E-004
#      3   -16       6.2211304672E-004
#      3   -15       4.5410052618E-004
#      3   -14       7.6885948113E-004
#      3   -13       5.7366010850E-006
#      3   -12       1.5797903697E-004
#      3   -11       7.5404406364E-004
#      3   -10       1.0099460836E-003
#      3    -9       8.5483712808E-004
#      3    -8       3.3601774966E-006
#      3    -7       1.2763878812E-003
#      3    -6       4.4609742010E-004
#      3    -5       3.5455445762E-004
#      3    -4       1.2304515575E-004
#      3    -3       2.9699729460E-007
#      3    -2       3.4914368324E-004
#      3    -1       1.3565943367E-003
#      3     0       1.0906402844E-003
#      3     1       1.7359450364E-003
#      3     2       1.7086546002E-005
#      3     3       8.2611954270E-004
#      3     4       6.8884943990E-004
#      3     5       5.6268497951E-005
#      3     6       1.0042179922E-003
#      4   -26       8.8080159574E-005
#      4   -25       3.4118391596E-005
#      4   -24       4.8537782417E-006
#      4   -23       1.8300311583E-004
#      4   -22       3.9085353899E-004
#      4   -21       2.2240154341E-006
#      4   -20       2.2812712387E-005
#      4   -19       8.9962709707E-005
#      4   -18       2.1005987411E-004
#      4   -17       1.6066947673E-004
#      4   -16       7.5454281915E-005
#      4   -15       3.4595031166E-004
#      4   -14       6.3224757177E-005
#      4   -13       2.1861775701E-004
#      4   -12       1.8346611261E-003
#      4   -11       2.7360849646E-004
#      4   -10       7.8426138554E-004
#      4    -9       4.3091727259E-005
#      4    -8       1.8767921060E-003
#      4    -7       5.7509889237E-004
#      4    -6       8.3361971873E-005
#      4    -5       9.4152619797E-005
#      4    -4       1.6051084670E-004
#      4    -3       7.7356986252E-005
#      4    -2       1.4579838921E-004
#      4    -1       1.4507929559E-004
#      4     0       3.7727300530E-004
#      4     1       2.5196054862E-004
#      4     2       2.4688985306E-003
#      4     3       2.3609203332E-003
#      4     4       1.9948235190E-006
#      4     5       2.7890878682E-004
#      5   -25       3.2717929189E-003
#      5   -24       9.3268484137E-005
#      5   -23       1.1083446339E-004
#      5   -22       2.1610137246E-005
#      5   -21       3.1182122393E-004
#      5   -20       6.5524384715E-004
#      5   -19       7.0376976544E-005
#      5   -18       2.7102620242E-004
#      5   -17       3.3218275121E-004
#      5   -16       8.8249133191E-005
#      5   -15       1.1932071261E-002
#      5   -14       4.0820281631E-004
#      5   -13       1.7415405591E-004
#      5   -12       8.7494576042E-004
#      5   -11       1.1798794783E-003
#      5   -10       2.7033998429E-002
#      5    -9       4.3078219592E-004
#      5    -8       4.4030863099E-004
#      5    -7       2.1456779349E-005
#      5    -6       2.0920488335E-004
#      5    -5       6.7760664718E-003
#      5    -4       7.6236778654E-005
#      5    -3       4.0239364750E-004
#      5    -2       1.1764183923E-003
#      5    -1       1.9148683764E-003
#      5     0       4.1818264846E-002
#      5     1       6.3539828490E-004
#      5     2       7.0644806469E-004
#      5     3       5.1276019520E-004
#      6   -25       2.9577904995E-004
#      6   -24       2.0625705146E-004
#      6   -23       2.6314883730E-004
#      6   -22       2.9674290708E-004
#      6   -21       2.2538757172E-005
#      6   -20       1.2247144003E-004
#      6   -19       2.0177238146E-004
#      6   -18       1.1176228850E-005
#      6   -17       5.3685154592E-004
#      6   -16       8.0488650918E-005
#      6   -15       3.1455229312E-004
#      6   -14       1.5979804738E-006
#      6   -13       7.8988357532E-004
#      6   -12       1.3089944258E-003
#      6   -11       1.0264088265E-005
#      6   -10       5.3914474478E-004
#      6    -9       1.5771399304E-004
#      6    -8       1.5441631623E-005
#      6    -7       6.4523023247E-004
#      6    -6       4.5398864999E-005
#      6    -5       1.6685930887E-004
#      6    -4       2.8914887820E-004
#      6    -3       1.5714755774E-003
#      6    -2       2.4130340641E-003
#      6    -1       1.7967740910E-004
#      6     0       1.8692199418E-003
#      6     1       1.0066564900E-004
#      6     2       1.7395503948E-003
#      7   -24       6.4626697760E-004
#      7   -23       7.0238748820E-004
#      7   -22       5.2955355772E-007
#      7   -21       5.2292635158E-004
#      7   -20       3.2708933281E-004
#      7   -19       8.0699343791E-004
#      7   -18       4.7189128652E-004
#      7   -17       1.7575694747E-005
#      7   -16       6.5135440042E-004
#      7   -15       5.3132449527E-004
#      7   -14       4.2926220941E-004
#      7   -13       3.1510633425E-004
#      7   -12       5.3347832609E-006
#      7   -11       2.2018048635E-003
#      7   -10       1.0381415961E-003
#      7    -9       2.1957260332E-004
#      7    -8       1.2152801294E-004
#      7    -7       3.6112643546E-007
#      7    -6       9.0014450192E-004
#      7    -5       1.1439136354E-003
#      7    -4       1.2561797229E-003
#      7    -3       2.2584952805E-003
#      7    -2       1.7321198502E-004
#      7    -1       1.9539037126E-003
#      7     0       2.3120496264E-004
#      8   -23       8.8757280277E-005
#      8   -22       9.0318688066E-004
#      8   -21       7.5472267521E-004
#      8   -20       9.6198409536E-004
#      8   -19       1.0179280342E-003
#      8   -18       7.7350785606E-006
#      8   -17       1.8577209178E-003
#      8   -16       1.9607186196E-003
#      8   -15       3.6831658235E-004
#      8   -14       4.7393322518E-004
#      8   -13       2.1341929732E-005
#      8   -12       8.9737423689E-004
#      8   -11       2.0033207867E-003
#      8   -10       5.6665317284E-004
#      8    -9       2.6987165197E-004
#      8    -8       3.5756033038E-005
#      8    -7       1.7989861789E-004
#      8    -6       4.2436096707E-004
#      8    -5       1.2871014431E-004
#      8    -4       4.8392734925E-004
#      8    -3       1.1885322504E-004
#      8    -2       1.5914972189E-003
#      9   -21       7.2864483861E-005
#      9   -20       1.8867699343E-005
#      9   -19       5.7209388502E-006
#      9   -18       2.9914715039E-004
#      9   -17       2.0819828457E-003
#      9   -16       2.8760219486E-005
#      9   -15       2.6841280686E-004
#      9   -14       9.4759881556E-007
#      9   -13       5.7116470940E-004
#      9   -12       7.3793446058E-005
#      9   -11       8.8393098854E-006
#      9   -10       8.9894091103E-005
#      9    -9       3.3468395529E-004
#      9    -8       9.7406348012E-004
#      9    -7       1.3901493497E-003
#      9    -6       1.6191382062E-004
#      9    -5       9.8894473545E-005
#     10   -19       8.7551669153E-005
#     10   -18       8.5582095416E-004
#     10   -17       4.4294664868E-004
#     10   -16       5.8469218215E-004
#     10   -15       1.5762849587E-002
#     10   -14       3.1606814008E-004
#     10   -13       5.0614953629E-005
#     10   -12       8.6831499695E-005
#     10   -11       6.1119778084E-004
#     10   -10       1.1231705725E-002
#     10    -9       6.7630408275E-005
#     10    -8       5.8693620541E-004
