 Diffraction intensities for potential:pot10001.in                             
 Required number of z grid points, m =          550
 Number of diffraction channels, n =         163
# Diffraction Probabilities at:
# ------------------------------------
 # Beam energy           ei = 0.6400E+02
 # Polar angle        theta =   0.000000E+00  0.000000E+00
#     -5     1          0.254749E-03
#     -5     2          0.815800E-03
#     -5     3          0.309731E-03
#     -5     4          0.122793E-03
#     -4    -1          0.254749E-03
#     -4     0          0.367428E-02
#     -4     1          0.810568E-02
#     -4     2          0.716376E-02
#     -4     3          0.453792E-02
#     -4     4          0.141242E-02
#     -4     5          0.122793E-03
#     -3    -2          0.815800E-03
#     -3    -1          0.810568E-02
#     -3     0          0.358556E-01
#     -3     1          0.262879E-01
#     -3     2          0.149538E-01
#     -3     3          0.212372E-01
#     -3     4          0.453792E-02
#     -3     5          0.309730E-03
#     -2    -3          0.309730E-03
#     -2    -2          0.716376E-02
#     -2    -1          0.262879E-01
#     -2     0          0.320125E-01
#     -2     1          0.665451E-02
#     -2     2          0.496253E-01
#     -2     3          0.149538E-01
#     -2     4          0.716376E-02
#     -2     5          0.815798E-03
#     -1    -4          0.122794E-03
#     -1    -3          0.453792E-02
#     -1    -2          0.149538E-01
#     -1    -1          0.665451E-02
#     -1     0          0.257469E-01
#     -1     1          0.111685E-02
#     -1     2          0.665451E-02
#     -1     3          0.262879E-01
#     -1     4          0.810567E-02
#     -1     5          0.254750E-03
#      0    -4          0.141242E-02
#      0    -3          0.212372E-01
#      0    -2          0.496253E-01
#      0    -1          0.111685E-02
#      0     0          0.727172E-01
#      0     1          0.257469E-01
#      0     2          0.320125E-01
#      0     3          0.358556E-01
#      0     4          0.367428E-02
#      1    -5          0.122794E-03
#      1    -4          0.453792E-02
#      1    -3          0.149538E-01
#      1    -2          0.665451E-02
#      1    -1          0.257469E-01
#      1     0          0.111685E-02
#      1     1          0.665451E-02
#      1     2          0.262879E-01
#      1     3          0.810567E-02
#      1     4          0.254750E-03
#      2    -5          0.309729E-03
#      2    -4          0.716376E-02
#      2    -3          0.262879E-01
#      2    -2          0.320125E-01
#      2    -1          0.665451E-02
#      2     0          0.496253E-01
#      2     1          0.149538E-01
#      2     2          0.716376E-02
#      2     3          0.815798E-03
#      3    -5          0.815800E-03
#      3    -4          0.810567E-02
#      3    -3          0.358556E-01
#      3    -2          0.262879E-01
#      3    -1          0.149538E-01
#      3     0          0.212372E-01
#      3     1          0.453792E-02
#      3     2          0.309730E-03
#      4    -5          0.254748E-03
#      4    -4          0.367429E-02
#      4    -3          0.810567E-02
#      4    -2          0.716376E-02
#      4    -1          0.453792E-02
#      4     0          0.141242E-02
#      4     1          0.122793E-03
#      5    -4          0.254748E-03
#      5    -3          0.815801E-03
#      5    -2          0.309730E-03
#      5    -1          0.122793E-03
