 Diffraction intensities for potential:ga5x5_25D10009.in                       
#    -28    13       5.8885910347E-007
#    -28    14       2.4991510146E-006
#    -28    15       7.4258519312E-006
#    -27     7       4.4640336907E-007
#    -27     8       1.7441808958E-007
#    -27     9       2.2308526998E-007
#    -27    10       3.7604190648E-006
#    -27    11       9.0364520068E-007
#    -27    12       6.0031667595E-007
#    -27    13       3.1249604748E-006
#    -27    14       1.4638268098E-006
#    -27    15       7.1941987867E-007
#    -27    16       2.0077793787E-006
#    -27    17       1.5397902844E-007
#    -27    18       1.1788182650E-006
#    -27    19       2.1022971939E-006
#    -27    20       1.2304891737E-006
#    -26     4       7.3596116327E-009
#    -26     5       1.5335874106E-007
#    -26     6       2.3924121152E-006
#    -26     7       2.7352074834E-006
#    -26     8       9.7233679960E-007
#    -26     9       5.0260949740E-007
#    -26    10       6.5639001811E-007
#    -26    11       2.2593367330E-006
#    -26    12       1.8772047434E-006
#    -26    13       5.2066352566E-006
#    -26    14       3.2186483827E-007
#    -26    15       5.9509859343E-007
#    -26    16       5.4864995498E-007
#    -26    17       1.8800091636E-006
#    -26    18       4.8095098008E-006
#    -26    19       6.0405354867E-006
#    -26    20       5.4779154854E-007
#    -26    21       1.1856058590E-006
#    -26    22       2.6994590117E-006
#    -25     2       1.3275355933E-006
#    -25     3       3.5946433754E-007
#    -25     4       1.1795694512E-006
#    -25     5       2.4345687117E-007
#    -25     6       4.5601835443E-007
#    -25     7       2.0887774758E-007
#    -25     8       8.3401528166E-007
#    -25     9       2.1634707719E-006
#    -25    10       4.6733393838E-007
#    -25    11       4.8063312102E-007
#    -25    12       4.2145108919E-007
#    -25    13       2.3605308921E-006
#    -25    14       2.3938106988E-007
#    -25    15       1.9216662627E-007
#    -25    16       4.1782994757E-006
#    -25    17       1.2774084960E-006
#    -25    18       3.7578620877E-006
#    -25    19       2.9524584290E-006
#    -25    20       1.8941572466E-006
#    -25    21       5.5523195582E-006
#    -25    22       2.2571661284E-006
#    -25    23       9.5926840776E-007
#    -24     0       5.7091249135E-007
#    -24     1       3.1013536438E-008
#    -24     2       1.0497160400E-006
#    -24     3       7.6538236771E-007
#    -24     4       9.6795882170E-008
#    -24     5       1.8549084503E-007
#    -24     6       2.7658422627E-007
#    -24     7       2.7523635469E-007
#    -24     8       1.4991625287E-006
#    -24     9       1.2832211653E-006
#    -24    10       3.7450759259E-007
#    -24    11       1.2006082735E-006
#    -24    12       3.9467177628E-008
#    -24    13       6.2153660809E-006
#    -24    14       4.6580206029E-006
#    -24    15       5.1083081253E-007
#    -24    16       5.5392695325E-006
#    -24    17       3.7140277749E-007
#    -24    18       2.1214781302E-006
#    -24    19       6.4944351556E-006
#    -24    20       3.0883209287E-006
#    -24    21       1.6834075399E-005
#    -24    22       8.3337566255E-006
#    -24    23       2.0031036179E-006
#    -24    24       1.4457163768E-006
#    -23    -2       1.8286627411E-006
#    -23    -1       1.7762443483E-006
#    -23     0       1.2976325140E-006
#    -23     1       6.9997871634E-007
#    -23     2       2.9188082578E-008
#    -23     3       1.6456073993E-006
#    -23     4       2.3183816009E-007
#    -23     5       5.1549378833E-006
#    -23     6       1.0163715335E-006
#    -23     7       4.2802050023E-008
#    -23     8       2.1988703510E-006
#    -23     9       8.6144025427E-007
#    -23    10       9.0518761158E-006
#    -23    11       2.8976451660E-007
#    -23    12       9.2964556675E-007
#    -23    13       1.7167912547E-006
#    -23    14       3.3508657331E-007
#    -23    15       4.6193160119E-006
#    -23    16       4.1333641998E-007
#    -23    17       3.2758782740E-006
#    -23    18       7.8165476873E-006
#    -23    19       7.9867308514E-006
#    -23    20       7.9938635744E-006
#    -23    21       9.2380926542E-007
#    -23    22       2.5613128457E-006
#    -23    23       4.0422588756E-006
#    -23    24       2.4611122478E-007
#    -23    25       3.9603349720E-006
#    -22    -4       9.3327179976E-008
#    -22    -3       1.5899327948E-007
#    -22    -2       1.4793222411E-006
#    -22    -1       7.6852824424E-007
#    -22     0       3.7937964284E-007
#    -22     1       2.4655224840E-006
#    -22     2       4.9991416314E-006
#    -22     3       6.3270928940E-007
#    -22     4       9.3346207496E-007
#    -22     5       1.1137343228E-006
#    -22     6       8.8070244138E-007
#    -22     7       1.6738492204E-006
#    -22     8       1.1617250949E-006
#    -22     9       1.8559361948E-006
#    -22    10       4.8391022406E-006
#    -22    11       2.6873453489E-006
#    -22    12       6.1028597541E-007
#    -22    13       2.4270450197E-006
#    -22    14       2.8180039562E-006
#    -22    15       2.8534669411E-006
#    -22    16       2.7119802193E-006
#    -22    17       2.5449798456E-006
#    -22    18       5.1598812621E-006
#    -22    19       1.4599633420E-007
#    -22    20       1.6769014898E-007
#    -22    21       1.1323093304E-006
#    -22    22       6.7038617731E-006
#    -22    23       2.5927010777E-006
#    -22    24       1.5752023674E-006
#    -22    25       4.6619629266E-007
#    -22    26       1.1691238843E-006
#    -21    -5       2.7013763485E-006
#    -21    -4       1.1614578575E-006
#    -21    -3       5.4243373760E-007
#    -21    -2       3.4177256736E-006
#    -21    -1       1.2456857125E-006
#    -21     0       1.2317605689E-006
#    -21     1       6.3156434399E-007
#    -21     2       2.0623548563E-006
#    -21     3       9.4786211543E-008
#    -21     4       1.6524849866E-007
#    -21     5       1.0372594173E-006
#    -21     6       2.3554747828E-006
#    -21     7       1.2334548775E-006
#    -21     8       2.5694894393E-007
#    -21     9       1.8618798821E-006
#    -21    10       6.0235313548E-007
#    -21    11       3.8099358434E-006
#    -21    12       3.1523681151E-007
#    -21    13       5.3124993947E-008
#    -21    14       5.4066437262E-006
#    -21    15       1.7054734104E-006
#    -21    16       2.9135623525E-006
#    -21    17       2.0228638952E-007
#    -21    18       1.0841075434E-006
#    -21    19       2.5430221016E-006
#    -21    20       7.8892670827E-007
#    -21    21       3.5879823067E-006
#    -21    22       1.0975686122E-006
#    -21    23       9.3583316698E-007
#    -21    24       6.3905992348E-006
#    -21    25       3.5091752332E-006
#    -21    26       6.8591675442E-007
#    -20    -7       7.2490648617E-007
#    -20    -6       2.6104492410E-006
#    -20    -5       6.5541910276E-008
#    -20    -4       1.0179577595E-006
#    -20    -3       2.2175736119E-006
#    -20    -2       6.4099918972E-006
#    -20    -1       3.5875463182E-006
#    -20     0       7.3327910452E-008
#    -20     1       1.8325946106E-006
#    -20     2       4.3740649770E-006
#    -20     3       2.9753109126E-006
#    -20     4       4.5739668106E-006
#    -20     5       3.8934878956E-007
#    -20     6       1.6476154820E-006
#    -20     7       5.9897196314E-006
#    -20     8       2.8521982282E-006
#    -20     9       1.8957624404E-006
#    -20    10       5.8217325550E-007
#    -20    11       3.3935894965E-006
#    -20    12       9.1163101870E-006
#    -20    13       8.2241180846E-007
#    -20    14       1.5451443812E-006
#    -20    15       4.3047076552E-007
#    -20    16       3.3036094674E-006
#    -20    17       4.7018916781E-006
#    -20    18       2.6720900501E-006
#    -20    19       2.7809076699E-006
#    -20    20       1.3659968978E-006
#    -20    21       4.1833364099E-006
#    -20    22       1.0271605473E-007
#    -20    23       3.0110516660E-006
#    -20    24       1.7754539430E-006
#    -20    25       1.9714004010E-006
#    -20    26       1.7263219559E-006
#    -20    27       6.9506371442E-007
#    -19    -8       6.9272530464E-006
#    -19    -7       2.7250810846E-006
#    -19    -6       7.7864961771E-007
#    -19    -5       1.6007785335E-007
#    -19    -4       6.1112869206E-007
#    -19    -3       2.0182803681E-006
#    -19    -2       3.8914985119E-006
#    -19    -1       1.7908186290E-006
#    -19     0       6.5445964671E-007
#    -19     1       1.3950656012E-006
#    -19     2       1.1375422729E-006
#    -19     3       3.4219676592E-006
#    -19     4       8.3186915569E-007
#    -19     5       8.6903758198E-007
#    -19     6       1.8167214646E-006
#    -19     7       9.2133446057E-006
#    -19     8       1.2969279170E-005
#    -19     9       1.8964794990E-006
#    -19    10       2.1708668812E-006
#    -19    11       4.4357255166E-007
#    -19    12       2.4700644209E-006
#    -19    13       3.6779463793E-006
#    -19    14       3.7353782328E-006
#    -19    15       3.5250668997E-006
#    -19    16       8.4851200330E-007
#    -19    17       4.1902910146E-006
#    -19    18       9.6123293122E-007
#    -19    19       3.4565739307E-007
#    -19    20       9.4927992708E-007
#    -19    21       6.1549078191E-006
#    -19    22       4.2765371236E-006
#    -19    23       2.0282798415E-006
#    -19    24       1.5355274056E-006
#    -19    25       2.5943502732E-006
#    -19    26       3.5451026863E-006
#    -19    27       6.9760329684E-007
#    -18    -9       3.5774192494E-006
#    -18    -8       1.1523080211E-005
#    -18    -7       2.3027070915E-006
#    -18    -6       2.3903401838E-006
#    -18    -5       1.8103582668E-006
#    -18    -4       1.2366901111E-006
#    -18    -3       1.9766200783E-006
#    -18    -2       4.9216350417E-006
#    -18    -1       5.2469953792E-006
#    -18     0       3.7380400646E-008
#    -18     1       6.0732840442E-006
#    -18     2       1.5462007875E-007
#    -18     3       2.1826973331E-006
#    -18     4       3.4465687868E-006
#    -18     5       5.4828617477E-006
#    -18     6       4.7916005045E-006
#    -18     7       2.4636800839E-007
#    -18     8       1.5464768222E-005
#    -18     9       1.0117084251E-005
#    -18    10       3.2462602045E-006
#    -18    11       6.6914805841E-006
#    -18    12       1.3918497827E-006
#    -18    13       2.8919890489E-005
#    -18    14       2.1212753098E-005
#    -18    15       1.5556805107E-006
#    -18    16       4.3989961461E-008
#    -18    17       2.6331750998E-006
#    -18    18       1.5136263597E-005
#    -18    19       1.2328903812E-005
#    -18    20       3.9828698948E-006
#    -18    21       1.0204950662E-006
#    -18    22       6.5225499807E-006
#    -18    23       3.2160946264E-006
#    -18    24       7.7003885865E-007
#    -18    25       1.1461978509E-005
#    -18    26       1.4573038838E-005
#    -18    27       2.5188667953E-007
#    -17   -10       5.3983239944E-006
#    -17    -9       7.5468405926E-007
#    -17    -8       1.3088091038E-005
#    -17    -7       5.0346754260E-006
#    -17    -6       8.7261949989E-007
#    -17    -5       5.4282696657E-006
#    -17    -4       1.6976140560E-006
#    -17    -3       9.1924205504E-007
#    -17    -2       7.8334188056E-006
#    -17    -1       2.8958542656E-006
#    -17     0       2.1509367995E-006
#    -17     1       8.2566059429E-007
#    -17     2       4.8414008958E-006
#    -17     3       3.3769040961E-006
#    -17     4       3.5100265782E-006
#    -17     5       1.5901569548E-005
#    -17     6       7.8534215841E-006
#    -17     7       2.2797956301E-006
#    -17     8       2.8297459810E-006
#    -17     9       2.1698770201E-005
#    -17    10       1.7471316207E-005
#    -17    11       2.7851715603E-005
#    -17    12       1.1194803940E-005
#    -17    13       3.1378029132E-006
#    -17    14       1.6417447834E-005
#    -17    15       3.2914140788E-006
#    -17    16       1.9135256138E-005
#    -17    17       7.0564120779E-006
#    -17    18       2.3974443135E-006
#    -17    19       1.7870110162E-006
#    -17    20       3.6876371257E-006
#    -17    21       4.2313067418E-006
#    -17    22       1.2431959297E-005
#    -17    23       4.1570821963E-006
#    -17    24       2.4362398076E-006
#    -17    25       1.0557384715E-005
#    -17    26       1.2822929826E-006
#    -17    27       3.6390342382E-006
#    -16   -11       1.3301940959E-006
#    -16   -10       3.2900306398E-006
#    -16    -9       1.7725778419E-006
#    -16    -8       1.2143299500E-006
#    -16    -7       8.8930097261E-007
#    -16    -6       2.1792627645E-006
#    -16    -5       2.7709291668E-007
#    -16    -4       6.2285158007E-006
#    -16    -3       2.9998211901E-006
#    -16    -2       2.4711311253E-006
#    -16    -1       4.5621298854E-006
#    -16     0       2.2059926958E-006
#    -16     1       6.4649202408E-006
#    -16     2       1.5834553038E-005
#    -16     3       5.7073250068E-006
#    -16     4       3.5137989674E-006
#    -16     5       1.1636127386E-005
#    -16     6       2.0835202880E-005
#    -16     7       9.3423725188E-006
#    -16     8       9.5506575087E-006
#    -16     9       1.2521427619E-005
#    -16    10       3.0779678080E-005
#    -16    11       3.8024301156E-006
#    -16    12       7.9871256840E-006
#    -16    13       6.6351279761E-007
#    -16    14       2.8789568572E-005
#    -16    15       1.1543720651E-005
#    -16    16       1.8333467614E-007
#    -16    17       1.2537889171E-006
#    -16    18       3.4826368294E-006
#    -16    19       1.6410371857E-005
#    -16    20       1.5152255449E-006
#    -16    21       4.5867148981E-006
#    -16    22       4.4386955855E-006
#    -16    23       3.4109933871E-007
#    -16    24       8.8388395179E-007
#    -16    25       1.4846421026E-006
#    -16    26       1.3769125075E-006
#    -16    27       3.9921546731E-006
#    -15   -13       2.8294109575E-006
#    -15   -12       5.8913457449E-006
#    -15   -11       3.2219400038E-006
#    -15   -10       1.4457470486E-005
#    -15    -9       5.3027616752E-006
#    -15    -8       4.1948149904E-007
#    -15    -7       3.2120001469E-006
#    -15    -6       7.2685062416E-007
#    -15    -5       5.1349844390E-006
#    -15    -4       5.2861975912E-006
#    -15    -3       3.8922358729E-006
#    -15    -2       7.5653060834E-007
#    -15    -1       9.6565759692E-006
#    -15     0       3.2199195533E-007
#    -15     1       1.5439136328E-005
#    -15     2       6.8176738763E-006
#    -15     3       8.7689958749E-006
#    -15     4       8.3130884923E-006
#    -15     5       2.0687478492E-006
#    -15     6       5.6742675942E-005
#    -15     7       3.9495721763E-005
#    -15     8       1.1353615295E-005
#    -15     9       1.4677949524E-005
#    -15    10       1.8977711488E-005
#    -15    11       2.7530255432E-005
#    -15    12       1.0719990888E-005
#    -15    13       3.5896978673E-006
#    -15    14       6.5178112679E-006
#    -15    15       4.1948028883E-005
#    -15    16       4.5752853515E-006
#    -15    17       9.8639316864E-006
#    -15    18       2.7940827758E-006
#    -15    19       4.4930638549E-006
#    -15    20       2.7349620034E-005
#    -15    21       1.1912483354E-005
#    -15    22       5.9647807527E-006
#    -15    23       6.7991509264E-006
#    -15    24       2.6272327041E-006
#    -15    25       1.9809736194E-006
#    -15    26       2.1643821779E-006
#    -15    27       6.0877560730E-006
#    -15    28       8.3443882745E-006
#    -14   -14       3.5064821437E-005
#    -14   -13       4.0055170753E-006
#    -14   -12       4.7647888665E-006
#    -14   -11       6.8874387382E-006
#    -14   -10       3.3450577932E-005
#    -14    -9       2.1420827363E-006
#    -14    -8       6.3619451872E-007
#    -14    -7       8.7536587839E-007
#    -14    -6       4.3688813677E-006
#    -14    -5       1.4269716278E-006
#    -14    -4       1.7733541066E-006
#    -14    -3       4.6281174947E-006
#    -14    -2       2.7249484782E-005
#    -14    -1       1.2993351890E-006
#    -14     0       1.2600145064E-005
#    -14     1       2.7461737532E-006
#    -14     2       1.1616930596E-005
#    -14     3       3.8643059453E-005
#    -14     4       3.6524822131E-005
#    -14     5       7.1590904757E-006
#    -14     6       2.7509789053E-005
#    -14     7       7.8322633886E-005
#    -14     8       5.3262086694E-006
#    -14     9       3.2708431142E-005
#    -14    10       5.2756979597E-006
#    -14    11       5.2608776084E-005
#    -14    12       4.0062648871E-005
#    -14    13       1.4883339301E-006
#    -14    14       1.1141080965E-005
#    -14    15       2.4818199504E-006
#    -14    16       1.0177091881E-005
#    -14    17       6.2945120735E-006
#    -14    18       8.3652671769E-006
#    -14    19       9.4435828007E-006
#    -14    20       3.3865333513E-007
#    -14    21       4.2918183785E-006
#    -14    22       7.5715375703E-006
#    -14    23       1.1936126856E-006
#    -14    24       1.2783812805E-006
#    -14    25       8.8269538306E-006
#    -14    26       3.0890644466E-005
#    -14    27       2.2140137195E-005
#    -14    28       1.5223114746E-005
#    -13   -15       1.0041131538E-006
#    -13   -14       1.1356782524E-005
#    -13   -13       2.0652314302E-005
#    -13   -12       8.2346444716E-007
#    -13   -11       2.4655584899E-005
#    -13   -10       9.0065223977E-006
#    -13    -9       5.3572684212E-006
#    -13    -8       1.1590805933E-005
#    -13    -7       8.0494002692E-006
#    -13    -6       1.6947844046E-005
#    -13    -5       1.4744754463E-005
#    -13    -4       9.8065131268E-006
#    -13    -3       8.7628252898E-007
#    -13    -2       3.2771159447E-005
#    -13    -1       2.5189494146E-005
#    -13     0       7.5888634446E-006
#    -13     1       1.0040043111E-005
#    -13     2       8.3052406294E-006
#    -13     3       1.1485013314E-004
#    -13     4       6.0630695445E-005
#    -13     5       1.3917782240E-005
#    -13     6       1.6655457598E-005
#    -13     7       5.3365088165E-005
#    -13     8       1.3609539380E-004
#    -13     9       3.3398253734E-005
#    -13    10       3.9583854164E-005
#    -13    11       9.7379574898E-006
#    -13    12       4.2469468899E-005
#    -13    13       1.8581791302E-005
#    -13    14       4.4832570884E-006
#    -13    15       3.6574408539E-005
#    -13    16       3.0541875346E-005
#    -13    17       1.5311690705E-005
#    -13    18       1.9377030767E-005
#    -13    19       8.9577319977E-006
#    -13    20       7.1009271463E-006
#    -13    21       2.9479750678E-005
#    -13    22       3.1218013067E-005
#    -13    23       1.4113139216E-005
#    -13    24       4.5936957406E-006
#    -13    25       6.8018681577E-006
#    -13    26       4.6662777951E-005
#    -13    27       6.4996111027E-006
#    -13    28       1.9325598983E-005
#    -12   -15       8.1067573944E-006
#    -12   -14       3.4947384343E-005
#    -12   -13       4.1138334032E-005
#    -12   -12       3.8346068926E-006
#    -12   -11       6.6164827766E-006
#    -12   -10       1.6587417944E-005
#    -12    -9       3.8664489597E-005
#    -12    -8       3.0280142908E-005
#    -12    -7       1.2647268982E-005
#    -12    -6       1.1701926074E-005
#    -12    -5       2.4317819326E-005
#    -12    -4       3.3686418518E-005
#    -12    -3       1.0210059174E-006
#    -12    -2       1.4974003570E-005
#    -12    -1       1.0685631515E-004
#    -12     0       3.6654724691E-005
#    -12     1       3.0014722662E-005
#    -12     2       2.1600969020E-005
#    -12     3       7.8467209758E-005
#    -12     4       1.1449105931E-004
#    -12     5       7.5124938659E-005
#    -12     6       4.0732170590E-005
#    -12     7       5.7723167155E-005
#    -12     8       7.7814904922E-005
#    -12     9       2.1816668079E-005
#    -12    10       2.6615468773E-005
#    -12    11       1.0372797675E-005
#    -12    12       3.4832806691E-005
#    -12    13       4.1801269185E-005
#    -12    14       8.4457644232E-006
#    -12    15       8.0269300261E-006
#    -12    16       8.5753802307E-006
#    -12    17       2.4890124355E-005
#    -12    18       1.7034383114E-005
#    -12    19       1.6481070133E-006
#    -12    20       3.6423353578E-006
#    -12    21       1.2936122446E-005
#    -12    22       4.7705076669E-006
#    -12    23       9.5460247025E-006
#    -12    24       6.8859044112E-006
#    -12    25       4.0628779925E-006
#    -12    26       3.1436704828E-005
#    -12    27       6.5207024264E-005
#    -11   -16       4.4547063935E-006
#    -11   -15       2.2352460977E-007
#    -11   -14       1.7496385890E-005
#    -11   -13       1.1190419904E-005
#    -11   -12       4.5392694014E-006
#    -11   -11       2.2209654357E-006
#    -11   -10       6.3772230172E-005
#    -11    -9       4.2093556942E-005
#    -11    -8       1.8073909909E-005
#    -11    -7       1.4056363206E-005
#    -11    -6       5.5265020515E-006
#    -11    -5       2.4795859212E-005
#    -11    -4       6.3665913399E-005
#    -11    -3       1.0530077733E-005
#    -11    -2       7.3216731949E-006
#    -11    -1       8.2757039374E-005
#    -11     0       1.1985331487E-004
#    -11     1       1.9364216040E-005
#    -11     2       1.2264421267E-004
#    -11     3       2.6766338866E-005
#    -11     4       1.5177161598E-004
#    -11     5       1.5354333954E-004
#    -11     6       5.7826419704E-005
#    -11     7       7.8738434240E-005
#    -11     8       3.3632440264E-005
#    -11     9       1.2018021183E-004
#    -11    10       5.5385174357E-005
#    -11    11       8.7266010230E-005
#    -11    12       3.0520188088E-005
#    -11    13       4.0480418100E-005
#    -11    14       2.5800934806E-005
#    -11    15       7.2895411063E-006
#    -11    16       3.5606540573E-005
#    -11    17       1.3337093483E-005
#    -11    18       2.4715198308E-005
#    -11    19       5.3111720593E-005
#    -11    20       3.6397931440E-006
#    -11    21       2.2414125223E-005
#    -11    22       7.0262816962E-006
#    -11    23       8.9202293318E-006
#    -11    24       6.2235186713E-006
#    -11    25       7.9846834078E-006
#    -11    26       6.9475572615E-006
#    -11    27       1.4292936488E-005
#    -10   -17       1.9370590105E-005
#    -10   -16       2.2985937078E-006
#    -10   -15       4.6954298423E-005
#    -10   -14       1.7131047103E-005
#    -10   -13       3.9431440898E-005
#    -10   -12       1.0021987783E-005
#    -10   -11       1.3001262804E-005
#    -10   -10       1.2909073691E-005
#    -10    -9       3.7987233514E-005
#    -10    -8       1.2153043293E-005
#    -10    -7       3.8931572095E-005
#    -10    -6       1.2846454733E-005
#    -10    -5       1.5815376219E-005
#    -10    -4       8.3472010512E-005
#    -10    -3       1.4536469358E-005
#    -10    -2       1.6487924447E-005
#    -10    -1       5.2381464534E-005
#    -10     0       1.0378005630E-005
#    -10     1       2.5685714489E-004
#    -10     2       1.0619457963E-004
#    -10     3       2.6168938669E-005
#    -10     4       3.2046416125E-005
#    -10     5       9.4398333053E-005
#    -10     6       1.8990555528E-004
#    -10     7       4.6269079640E-005
#    -10     8       6.2026665841E-005
#    -10     9       1.1963193660E-005
#    -10    10       1.6961841705E-004
#    -10    11       5.3274141649E-005
#    -10    12       5.7637478969E-005
#    -10    13       4.4144310091E-005
#    -10    14       1.0738125808E-005
#    -10    15       9.2460722152E-005
#    -10    16       2.2466868612E-005
#    -10    17       8.4870134806E-005
#    -10    18       8.1477001092E-006
#    -10    19       7.0841830603E-006
#    -10    20       1.0121933923E-004
#    -10    21       4.3350130991E-005
#    -10    22       1.3764767932E-005
#    -10    23       2.2108468472E-005
#    -10    24       1.0581322229E-005
#    -10    25       2.0124914870E-005
#    -10    26       9.3001346801E-006
#    -10    27       2.6147793715E-005
#     -9   -18       9.2112529081E-005
#     -9   -17       1.8731150107E-005
#     -9   -16       4.4790464960E-007
#     -9   -15       8.5279889766E-005
#     -9   -14       1.0146612377E-005
#     -9   -13       3.5216428403E-005
#     -9   -12       2.7618062429E-005
#     -9   -11       1.3866284416E-006
#     -9   -10       2.5864967604E-005
#     -9    -9       1.6627865492E-005
#     -9    -8       6.9169555918E-005
#     -9    -7       4.2758119740E-005
#     -9    -6       8.1160936797E-005
#     -9    -5       1.9933223353E-005
#     -9    -4       3.1977979453E-005
#     -9    -3       1.0436044841E-004
#     -9    -2       1.7337863158E-004
#     -9    -1       1.3514744746E-004
#     -9     0       5.1089986925E-006
#     -9     1       1.3550826787E-004
#     -9     2       2.4113194579E-005
#     -9     3       2.1644531113E-004
#     -9     4       1.5705015108E-004
#     -9     5       1.2618266103E-005
#     -9     6       4.1777775469E-004
#     -9     7       5.5959795233E-005
#     -9     8       1.2508505054E-005
#     -9     9       1.9197245439E-004
#     -9    10       1.3155574662E-004
#     -9    11       1.8978224810E-004
#     -9    12       7.1640179007E-005
#     -9    13       4.2922383265E-006
#     -9    14       2.2682717086E-004
#     -9    15       5.0798261738E-006
#     -9    16       1.8394358209E-005
#     -9    17       4.6506487705E-005
#     -9    18       1.4192680594E-005
#     -9    19       8.0253721018E-005
#     -9    20       4.4752485745E-006
#     -9    21       2.7007261477E-005
#     -9    22       2.4186760327E-005
#     -9    23       1.4341218675E-005
#     -9    24       5.7953841939E-007
#     -9    25       9.1453299248E-006
#     -9    26       1.0855470956E-005
#     -9    27       7.0570689116E-005
#     -8   -19       6.6777429105E-006
#     -8   -18       4.0540410260E-005
#     -8   -17       5.5644519694E-006
#     -8   -16       1.3141971676E-005
#     -8   -15       3.5447273283E-005
#     -8   -14       2.2370196667E-005
#     -8   -13       1.6031429419E-005
#     -8   -12       6.1559321766E-005
#     -8   -11       2.7638867355E-005
#     -8   -10       1.2706825273E-004
#     -8    -9       5.7029475832E-005
#     -8    -8       9.8462849486E-006
#     -8    -7       2.1276498007E-006
#     -8    -6       8.7278563707E-005
#     -8    -5       1.7242313052E-004
#     -8    -4       1.3967813849E-005
#     -8    -3       8.8896455606E-005
#     -8    -2       2.4700712576E-004
#     -8    -1       9.6883946073E-006
#     -8     0       1.2797382312E-004
#     -8     1       2.7997028706E-004
#     -8     2       3.4371308364E-004
#     -8     3       6.7191250037E-004
#     -8     4       1.2989897184E-004
#     -8     5       6.2655632652E-005
#     -8     6       3.4830217899E-004
#     -8     7       3.7108721420E-004
#     -8     8       3.0169445370E-004
#     -8     9       3.3481548518E-004
#     -8    10       1.0633625598E-005
#     -8    11       1.8012424061E-004
#     -8    12       7.3352352853E-005
#     -8    13       2.3510062004E-005
#     -8    14       1.1352141662E-004
#     -8    15       9.3871871869E-006
#     -8    16       6.4232256842E-005
#     -8    17       1.4913276423E-005
#     -8    18       4.3484982674E-005
#     -8    19       9.3493723148E-005
#     -8    20       2.2633670612E-006
#     -8    21       7.5338022889E-005
#     -8    22       2.5738730071E-005
#     -8    23       2.7058612191E-005
#     -8    24       6.2956004848E-005
#     -8    25       6.7335583193E-006
#     -8    26       1.2764769831E-004
#     -8    27       3.1999666471E-006
#     -7   -20       1.6833178140E-005
#     -7   -19       7.7036328332E-006
#     -7   -18       1.2751867569E-005
#     -7   -17       1.1171317067E-005
#     -7   -16       1.7813050717E-006
#     -7   -15       1.3989600724E-005
#     -7   -14       9.1309861661E-006
#     -7   -13       1.8708665885E-005
#     -7   -12       5.5831912080E-005
#     -7   -11       1.4753330582E-004
#     -7   -10       1.0111145481E-004
#     -7    -9       2.5765831956E-005
#     -7    -8       9.2040682605E-005
#     -7    -7       9.5428650122E-005
#     -7    -6       9.3004465160E-005
#     -7    -5       1.4941885692E-004
#     -7    -4       8.6204286516E-006
#     -7    -3       4.8792755311E-005
#     -7    -2       5.5998554193E-004
#     -7    -1       2.1341363563E-004
#     -7     0       4.2723673752E-004
#     -7     1       3.0084029657E-004
#     -7     2       8.1908118961E-006
#     -7     3       3.6372505438E-004
#     -7     4       7.5368791689E-004
#     -7     5       1.3889717652E-004
#     -7     6       6.8268266382E-004
#     -7     7       1.8218178516E-004
#     -7     8       4.6231058521E-004
#     -7     9       4.1466379939E-004
#     -7    10       1.6563812013E-005
#     -7    11       2.8023432856E-004
#     -7    12       4.2697975002E-004
#     -7    13       3.3839810670E-004
#     -7    14       3.1940611502E-005
#     -7    15       8.3823042659E-006
#     -7    16       1.6989906592E-005
#     -7    17       7.3314654347E-005
#     -7    18       1.7187669508E-004
#     -7    19       6.6617127914E-006
#     -7    20       3.5782827944E-005
#     -7    21       1.3848626781E-005
#     -7    22       1.1729237185E-005
#     -7    23       1.0315841390E-004
#     -7    24       8.7156410441E-006
#     -7    25       2.1824077109E-005
#     -7    26       2.0184496466E-005
#     -7    27       7.9706428185E-006
#     -6   -20       9.8225925187E-006
#     -6   -19       1.0155452120E-006
#     -6   -18       5.6144764496E-006
#     -6   -17       3.6599587371E-005
#     -6   -16       1.8612960952E-005
#     -6   -15       5.2671958513E-005
#     -6   -14       7.5067746044E-005
#     -6   -13       7.0856497471E-005
#     -6   -12       2.9089371788E-005
#     -6   -11       1.1226104351E-004
#     -6   -10       1.5588729239E-004
#     -6    -9       3.7717212535E-005
#     -6    -8       2.5379660534E-004
#     -6    -7       1.8943617822E-004
#     -6    -6       1.1686619644E-005
#     -6    -5       1.3387922070E-005
#     -6    -4       7.8318636295E-005
#     -6    -3       6.7118831662E-004
#     -6    -2       5.9223088208E-004
#     -6    -1       3.4876666174E-004
#     -6     0       1.1028691276E-004
#     -6     1       3.1170574094E-004
#     -6     2       2.9981818781E-004
#     -6     3       5.7884085848E-004
#     -6     4       6.4194742970E-004
#     -6     5       4.1715917151E-004
#     -6     6       2.9551811354E-004
#     -6     7       1.4037015043E-004
#     -6     8       3.1733971982E-004
#     -6     9       4.1134525921E-004
#     -6    10       1.7302864597E-004
#     -6    11       4.7580535110E-005
#     -6    12       1.3690932215E-004
#     -6    13       4.0134099478E-006
#     -6    14       5.1470465222E-005
#     -6    15       7.2944978787E-006
#     -6    16       2.9637154134E-005
#     -6    17       1.5182977795E-005
#     -6    18       1.7093755254E-004
#     -6    19       1.0018747414E-004
#     -6    20       1.0047755360E-005
#     -6    21       4.3118120195E-005
#     -6    22       1.8823221721E-006
#     -6    23       1.4078876035E-004
#     -6    24       6.0695221193E-006
#     -6    25       9.5785163873E-006
#     -6    26       1.4880241630E-005
#     -5   -21       7.2768558809E-006
#     -5   -20       7.4357475619E-006
#     -5   -19       5.3055529666E-006
#     -5   -18       6.6100309922E-006
#     -5   -17       7.9056919003E-005
#     -5   -16       3.2219150882E-005
#     -5   -15       4.0080633418E-005
#     -5   -14       1.3659437946E-004
#     -5   -13       6.3103023167E-005
#     -5   -12       4.6449660069E-005
#     -5   -11       2.2260960606E-004
#     -5   -10       7.7456190010E-004
#     -5    -9       4.2342643393E-004
#     -5    -8       9.1577014199E-006
#     -5    -7       1.4472303686E-004
#     -5    -6       1.8984782274E-004
#     -5    -5       1.4658246058E-003
#     -5    -4       1.3810838392E-003
#     -5    -3       2.9686129351E-005
#     -5    -2       1.6163229485E-004
#     -5    -1       3.4628254145E-004
#     -5     0       2.0410340192E-003
#     -5     1       9.6857786726E-004
#     -5     2       5.4653537219E-004
#     -5     3       2.1338582813E-005
#     -5     4       2.9307917912E-004
#     -5     5       7.8503970785E-003
#     -5     6       1.1065553413E-003
#     -5     7       3.6388432282E-004
#     -5     8       1.3440430795E-004
#     -5     9       5.0247093719E-004
#     -5    10       8.8252058043E-003
#     -5    11       1.8498648559E-003
#     -5    12       6.7091507546E-005
#     -5    13       1.6241117948E-004
#     -5    14       6.0582940240E-004
#     -5    15       2.0045340494E-003
#     -5    16       5.1954785505E-004
#     -5    17       1.4951858621E-005
#     -5    18       4.2401852792E-005
#     -5    19       1.6868383053E-004
#     -5    20       2.5099901269E-004
#     -5    21       1.8241652140E-004
#     -5    22       5.4988937539E-006
#     -5    23       2.7720140217E-005
#     -5    24       5.3264177054E-005
#     -5    25       1.0827484572E-004
#     -5    26       1.7887167865E-005
#     -4   -22       5.5395575054E-006
#     -4   -21       1.0993141393E-005
#     -4   -20       5.3182196363E-005
#     -4   -19       5.8627199000E-005
#     -4   -18       3.8420422412E-005
#     -4   -17       6.8000202007E-005
#     -4   -16       4.9919245238E-005
#     -4   -15       3.3309085714E-005
#     -4   -14       1.4534193709E-004
#     -4   -13       3.4618545211E-004
#     -4   -12       1.0224675713E-004
#     -4   -11       6.1630529882E-005
#     -4   -10       1.4545620171E-004
#     -4    -9       2.3137454332E-004
#     -4    -8       2.8615454049E-004
#     -4    -7       1.0533784642E-003
#     -4    -6       3.5206313687E-004
#     -4    -5       4.9384365792E-004
#     -4    -4       4.3941472132E-005
#     -4    -3       2.4054914601E-003
#     -4    -2       1.9866014033E-003
#     -4    -1       1.6425340377E-003
#     -4     0       1.8667205889E-005
#     -4     1       1.7473791165E-003
#     -4     2       3.7026039972E-004
#     -4     3       9.9572314061E-004
#     -4     4       1.3464500248E-003
#     -4     5       5.8017970212E-004
#     -4     6       2.2459622858E-003
#     -4     7       1.0434118951E-004
#     -4     8       6.6049074821E-004
#     -4     9       2.9845252335E-005
#     -4    10       1.0207892963E-003
#     -4    11       8.1940975132E-004
#     -4    12       2.7406129294E-004
#     -4    13       5.1062760619E-004
#     -4    14       2.0673899167E-005
#     -4    15       5.6373343866E-004
#     -4    16       8.0751833819E-005
#     -4    17       2.3571042059E-004
#     -4    18       4.5410611903E-005
#     -4    19       2.1234607826E-005
#     -4    20       4.3006421967E-005
#     -4    21       1.1854583532E-004
#     -4    22       4.5027605384E-005
#     -4    23       4.0382419329E-005
#     -4    24       7.7639355150E-005
#     -4    25       1.4399112185E-005
#     -4    26       1.2916553588E-006
#     -3   -22       3.6211824473E-006
#     -3   -21       5.8440358044E-005
#     -3   -20       1.8161522479E-005
#     -3   -19       2.0569526219E-005
#     -3   -18       4.6022945369E-006
#     -3   -17       7.1851871697E-005
#     -3   -16       1.0043524136E-004
#     -3   -15       1.0405551907E-005
#     -3   -14       4.1889941880E-005
#     -3   -13       2.2887866958E-004
#     -3   -12       1.7522022256E-004
#     -3   -11       1.5348977094E-004
#     -3   -10       7.4645673552E-004
#     -3    -9       6.6345190437E-004
#     -3    -8       5.0707443310E-004
#     -3    -7       1.1001417690E-005
#     -3    -6       9.5788943140E-005
#     -3    -5       7.4264842980E-004
#     -3    -4       5.2426529560E-004
#     -3    -3       8.9800694758E-004
#     -3    -2       3.7292914769E-003
#     -3    -1       3.6771968792E-004
#     -3     0       1.7019640343E-003
#     -3     1       4.9755144619E-003
#     -3     2       4.0604004106E-003
#     -3     3       4.1018227576E-003
#     -3     4       8.1040887068E-004
#     -3     5       1.0304660450E-003
#     -3     6       4.5973445492E-003
#     -3     7       1.7009377733E-003
#     -3     8       8.3296725955E-004
#     -3     9       1.0723994913E-003
#     -3    10       4.5009729453E-004
#     -3    11       1.7665295694E-003
#     -3    12       1.1134257317E-004
#     -3    13       3.8314631598E-005
#     -3    14       6.0704401900E-004
#     -3    15       1.6627229992E-004
#     -3    16       7.6794035624E-004
#     -3    17       9.7981398323E-005
#     -3    18       1.3402841258E-004
#     -3    19       4.1625863779E-004
#     -3    20       2.6198509628E-005
#     -3    21       3.5742438040E-004
#     -3    22       5.1920414883E-005
#     -3    23       7.9373255190E-005
#     -3    24       1.6409792722E-004
#     -3    25       2.8914305332E-005
#     -2   -23       6.1054215140E-006
#     -2   -22       4.0437067302E-005
#     -2   -21       5.9037518338E-005
#     -2   -20       1.0014763106E-006
#     -2   -19       3.9332220304E-005
#     -2   -18       1.1996345764E-005
#     -2   -17       1.5019728461E-005
#     -2   -16       8.2591393057E-005
#     -2   -15       3.9512006097E-005
#     -2   -14       9.4382776259E-005
#     -2   -13       2.0932521407E-004
#     -2   -12       9.0737157799E-004
#     -2   -11       4.2064807264E-004
#     -2   -10       3.8085943058E-004
#     -2    -9       1.3236110552E-004
#     -2    -8       3.9835008290E-004
#     -2    -7       9.0754599050E-004
#     -2    -6       6.6690977007E-004
#     -2    -5       1.8908639999E-003
#     -2    -4       5.1520275780E-004
#     -2    -3       4.7481780121E-004
#     -2    -2       3.2909455318E-003
#     -2    -1       1.2705861729E-003
#     -2     0       1.0450813136E-003
#     -2     1       1.4969794540E-003
#     -2     2       2.2145638639E-004
#     -2     3       2.3623561253E-004
#     -2     4       2.9054327124E-004
#     -2     5       1.8823620502E-004
#     -2     6       1.5629172257E-003
#     -2     7       4.6735031567E-004
#     -2     8       1.1484863801E-003
#     -2     9       1.1338884383E-003
#     -2    10       1.7731921686E-004
#     -2    11       9.3576640853E-004
#     -2    12       2.7320025822E-004
#     -2    13       1.1693463789E-003
#     -2    14       4.7289115739E-004
#     -2    15       4.7508257734E-005
#     -2    16       8.9431512111E-005
#     -2    17       4.6173332432E-004
#     -2    18       4.6178264216E-004
#     -2    19       4.6315571933E-005
#     -2    20       7.1389980946E-005
#     -2    21       2.6028479418E-005
#     -2    22       1.4322602252E-005
#     -2    23       3.9984012254E-006
#     -2    24       8.2843715474E-007
#     -2    25       5.0872055958E-006
#     -1   -23       2.6077598946E-005
#     -1   -22       1.2447738807E-005
#     -1   -21       2.0101492195E-005
#     -1   -20       9.5905275033E-006
#     -1   -19       3.2108810120E-005
#     -1   -18       1.7425646261E-005
#     -1   -17       3.4979143786E-005
#     -1   -16       9.8205925877E-005
#     -1   -15       4.4268406045E-004
#     -1   -14       3.3537978106E-004
#     -1   -13       2.7428360204E-004
#     -1   -12       2.3992861298E-004
#     -1   -11       1.9977051513E-004
#     -1   -10       1.7445566825E-004
#     -1    -9       9.8605176619E-004
#     -1    -8       1.0172284098E-003
#     -1    -7       1.5722802307E-003
#     -1    -6       1.6886642280E-004
#     -1    -5       2.9214133886E-004
#     -1    -4       2.5675522593E-004
#     -1    -3       1.4194237183E-003
#     -1    -2       4.1156114291E-003
#     -1    -1       4.0929605889E-003
#     -1     0       1.5594035733E-003
#     -1     1       6.4291719163E-004
#     -1     2       1.5633351082E-003
#     -1     3       3.0550679089E-003
#     -1     4       2.9018024281E-003
#     -1     5       1.8976179419E-003
#     -1     6       8.4820879800E-004
#     -1     7       4.0753957329E-004
#     -1     8       2.0611661133E-004
#     -1     9       1.1083247712E-003
#     -1    10       1.4406664420E-004
#     -1    11       8.1661480592E-004
#     -1    12       6.2496425695E-004
#     -1    13       6.4344657109E-004
#     -1    14       1.9718556576E-004
#     -1    15       1.7702328302E-004
#     -1    16       4.5170309168E-004
#     -1    17       1.7602074306E-004
#     -1    18       4.8940493173E-004
#     -1    19       2.4014301168E-004
#     -1    20       2.2582127536E-004
#     -1    21       1.3373486368E-004
#     -1    22       2.6984277376E-006
#     -1    23       3.0229435597E-005
#     -1    24       1.7128526411E-005
#      0   -24       1.5597535013E-005
#      0   -23       1.1104977755E-004
#      0   -22       3.4538292624E-005
#      0   -21       1.3161746353E-005
#      0   -20       1.7972032299E-005
#      0   -19       1.6189025592E-005
#      0   -18       2.4227649522E-005
#      0   -17       2.9249472434E-005
#      0   -16       8.1004730251E-005
#      0   -15       7.1238896002E-005
#      0   -14       1.5772024590E-006
#      0   -13       1.7422607868E-004
#      0   -12       7.7435894920E-004
#      0   -11       1.0261868631E-003
#      0   -10       5.7098676330E-004
#      0    -9       1.2053171190E-004
#      0    -8       1.3549098841E-004
#      0    -7       1.4082249305E-004
#      0    -6       3.5663313588E-004
#      0    -5       8.5622409337E-003
#      0    -4       5.2525765598E-004
#      0    -3       2.7313639260E-004
#      0    -2       1.0477160867E-004
#      0    -1       5.5440423949E-004
#      0     0       3.8447498560E-001
#      0     1       2.8757938236E-003
#      0     2       1.7024084036E-003
#      0     3       1.9915886283E-004
#      0     4       1.0518989818E-003
#      0     5       2.1704489223E-002
#      0     6       4.2973842847E-003
#      0     7       8.4217581650E-004
#      0     8       7.9511303565E-004
#      0     9       8.7744852236E-004
#      0    10       1.4648093505E-002
#      0    11       2.2086623982E-004
#      0    12       8.5062497041E-005
#      0    13       1.8320862920E-004
#      0    14       4.7479037823E-004
#      0    15       9.6931578011E-004
#      0    16       6.1864333637E-004
#      0    17       8.8237192704E-005
#      0    18       4.6786040861E-005
#      0    19       1.2405312874E-004
#      0    20       2.9021796840E-004
#      0    21       5.4044271080E-004
#      0    22       7.2189658638E-005
#      0    23       1.8641387257E-004
#      0    24       4.0445807993E-005
#      1   -24       7.7667621347E-006
#      1   -23       5.3784558662E-006
#      1   -22       2.2495862033E-006
#      1   -21       6.1377511147E-005
#      1   -20       7.2337638070E-005
#      1   -19       6.6101537821E-005
#      1   -18       1.0170560054E-005
#      1   -17       3.1803444705E-005
#      1   -16       9.4329934338E-006
#      1   -15       2.1735300664E-004
#      1   -14       4.3044374549E-004
#      1   -13       1.2814723235E-004
#      1   -12       4.3937540119E-004
#      1   -11       5.8351724835E-004
#      1   -10       2.1881441120E-004
#      1    -9       7.0683198811E-004
#      1    -8       1.2567519023E-004
#      1    -7       2.0816976173E-003
#      1    -6       1.4707214072E-003
#      1    -5       1.3477164461E-003
#      1    -4       4.3332862037E-003
#      1    -3       3.3880385922E-003
#      1    -2       1.9108207582E-003
#      1    -1       1.9188661795E-003
#      1     0       3.4940135653E-003
#      1     1       6.7750991558E-003
#      1     2       3.1413303997E-003
#      1     3       1.0321675715E-003
#      1     4       2.8681781570E-004
#      1     5       9.3780748199E-004
#      1     6       9.6635058591E-004
#      1     7       3.5486126784E-004
#      1     8       1.1835042413E-006
#      1     9       4.0534576437E-005
#      1    10       2.7856118103E-005
#      1    11       2.2483397332E-005
#      1    12       1.8279759113E-004
#      1    13       4.5662535504E-004
#      1    14       2.7544949131E-004
#      1    15       2.0224227289E-004
#      1    16       7.6409061733E-005
#      1    17       2.9600485841E-004
#      1    18       3.2898336851E-004
#      1    19       1.0441202610E-004
#      1    20       3.7043678816E-005
#      1    21       7.3000797295E-005
#      1    22       5.7293185661E-005
#      1    23       2.3844132022E-005
#      2   -25       2.8390073630E-005
#      2   -24       3.8261375082E-005
#      2   -23       8.6585457844E-005
#      2   -22       1.0653247392E-004
#      2   -21       1.2727718306E-005
#      2   -20       4.3578272808E-005
#      2   -19       4.8486563366E-005
#      2   -18       6.4444416596E-007
#      2   -17       1.6306983821E-004
#      2   -16       3.4930233396E-004
#      2   -15       6.7767179793E-004
#      2   -14       9.3653257683E-004
#      2   -13       1.8955065991E-004
#      2   -12       7.4283693755E-004
#      2   -11       1.0193737810E-004
#      2   -10       2.1186158065E-003
#      2    -9       1.3882128229E-003
#      2    -8       2.8539284868E-003
#      2    -7       2.7320243633E-003
#      2    -6       3.2929935861E-004
#      2    -5       3.7605313332E-004
#      2    -4       4.9933926946E-005
#      2    -3       1.3760414334E-003
#      2    -2       1.3450818932E-003
#      2    -1       8.9284200914E-004
#      2     0       2.5795877198E-003
#      2     1       5.0653323736E-003
#      2     2       3.6733322891E-003
#      2     3       1.6128976109E-003
#      2     4       5.2803540167E-004
#      2     5       3.1547601666E-003
#      2     6       2.2409891970E-003
#      2     7       1.1345022027E-003
#      2     8       1.8275455364E-003
#      2     9       3.1219283215E-003
#      2    10       2.7721822589E-004
#      2    11       5.8698014063E-004
#      2    12       5.8231911759E-004
#      2    13       3.8034894583E-004
#      2    14       1.4960891990E-003
#      2    15       5.2480330736E-005
#      2    16       7.4397747456E-004
#      2    17       1.6369226593E-004
#      2    18       2.8192718002E-004
#      2    19       7.4829150344E-004
#      2    20       4.3765645189E-005
#      2    21       1.2107791150E-004
#      2    22       1.9527081031E-005
#      2    23       9.3348376623E-006
#      3   -25       6.7334103654E-005
#      3   -24       6.0258288556E-005
#      3   -23       1.6994787559E-004
#      3   -22       7.6607256135E-005
#      3   -21       7.4280879933E-005
#      3   -20       3.6381664633E-005
#      3   -19       9.5656758677E-005
#      3   -18       5.2564055720E-004
#      3   -17       8.5228207129E-005
#      3   -16       3.6104015752E-006
#      3   -15       6.9189730744E-006
#      3   -14       1.2138488188E-004
#      3   -13       4.2434635594E-004
#      3   -12       2.2822696688E-006
#      3   -11       1.5007887847E-004
#      3   -10       5.6005641388E-005
#      3    -9       5.0304071676E-006
#      3    -8       8.2403648125E-004
#      3    -7       3.1225666082E-003
#      3    -6       3.3020607898E-003
#      3    -5       2.3730875542E-004
#      3    -4       4.0761377243E-004
#      3    -3       1.3686615340E-003
#      3    -2       4.9214602273E-003
#      3    -1       1.9886440301E-003
#      3     0       5.8802729560E-004
#      3     1       7.3043789814E-004
#      3     2       2.5142163371E-003
#      3     3       1.3502114915E-004
#      3     4       2.8513285487E-005
#      3     5       3.6209030259E-004
#      3     6       3.6623478107E-003
#      3     7       1.5159137307E-003
#      3     8       1.6350011140E-003
#      3     9       6.8372316590E-005
#      3    10       2.9667649366E-004
#      3    11       4.7605379361E-003
#      3    12       5.4351781243E-004
#      3    13       3.0262158674E-004
#      3    14       3.5346747211E-004
#      3    15       6.6425771338E-004
#      3    16       1.0028576431E-003
#      3    17       2.4670848444E-004
#      3    18       7.6242821846E-004
#      3    19       2.3790630982E-005
#      3    20       4.3927952721E-006
#      3    21       8.8442546068E-005
#      3    22       9.9902727389E-006
#      4   -26       7.3982505467E-005
#      4   -25       6.1349414752E-005
#      4   -24       7.9540460004E-006
#      4   -23       1.1326227290E-004
#      4   -22       5.7238870711E-005
#      4   -21       5.7939896123E-005
#      4   -20       4.5826355411E-005
#      4   -19       3.9090501727E-004
#      4   -18       1.5216889789E-004
#      4   -17       1.4055552562E-005
#      4   -16       2.3526264624E-004
#      4   -15       5.8150676877E-004
#      4   -14       7.1874423329E-004
#      4   -13       4.4582705459E-004
#      4   -12       4.2326264223E-005
#      4   -11       1.1469264904E-003
#      4   -10       2.3799921596E-003
#      4    -9       4.2167801750E-004
#      4    -8       8.4671661663E-004
#      4    -7       1.3791694611E-003
#      4    -6       1.2729571544E-003
#      4    -5       3.4775184118E-004
#      4    -4       2.0983987978E-003
#      4    -3       3.2657644044E-003
#      4    -2       4.8388603154E-003
#      4    -1       8.8241507917E-004
#      4     0       4.3921352928E-003
#      4     1       4.4853211071E-003
#      4     2       3.6228890824E-003
#      4     3       1.5674793242E-003
#      4     4       2.3704342070E-003
#      4     5       2.3642542901E-003
#      4     6       2.0904334714E-004
#      4     7       1.1962672128E-003
#      4     8       4.2496959461E-003
#      4     9       2.5800618589E-003
#      4    10       8.5843234146E-005
#      4    11       2.0734932802E-004
#      4    12       9.1000189924E-005
#      4    13       6.4329404028E-004
#      4    14       4.2996657716E-004
#      4    15       9.2453107348E-006
#      4    16       1.4300505419E-004
#      4    17       8.4459333082E-005
#      4    18       2.5861679756E-004
#      4    19       5.2698891589E-004
#      4    20       1.6879751444E-004
#      4    21       2.5499201172E-005
#      4    22       9.0051009471E-005
#      5   -26       1.2668101075E-004
#      5   -25       1.4393987017E-005
#      5   -24       1.7614569812E-005
#      5   -23       4.0116023026E-004
#      5   -22       3.9626221776E-004
#      5   -21       1.8093295391E-004
#      5   -20       1.5399690272E-005
#      5   -19       1.1179835085E-005
#      5   -18       1.6012451598E-004
#      5   -17       4.3331710747E-004
#      5   -16       7.2058991817E-004
#      5   -15       3.1874955960E-004
#      5   -14       4.9206642525E-004
#      5   -13       1.9473192588E-004
#      5   -12       1.1447538541E-003
#      5   -11       4.8729718272E-004
#      5   -10       9.6838156713E-003
#      5    -9       4.5021511406E-003
#      5    -8       3.1708952053E-003
#      5    -7       4.6662337193E-003
#      5    -6       3.2194182420E-003
#      5    -5       4.0661858308E-003
#      5    -4       2.5892255961E-003
#      5    -3       4.6695628520E-004
#      5    -2       4.6521745848E-003
#      5    -1       3.8590065432E-003
#      5     0       3.8492934368E-002
#      5     1       1.4742867394E-002
#      5     2       2.2160472834E-004
#      5     3       2.6779064082E-003
#      5     4       2.5533387608E-003
#      5     5       5.0864684143E-002
#      5     6       8.3580499728E-003
#      5     7       1.4188726156E-003
#      5     8       2.0876421650E-003
#      5     9       6.0293799326E-003
#      5    10       1.2398887365E-002
#      5    11       4.1954661380E-004
#      5    12       1.0532813373E-003
#      5    13       1.2473321095E-003
#      5    14       9.8775356205E-004
#      5    15       4.2160672512E-004
#      5    16       1.0444702077E-004
#      5    17       4.3282922804E-005
#      5    18       2.1471345799E-004
#      5    19       2.2397669402E-005
#      5    20       1.7243957761E-005
#      5    21       2.1020622905E-004
#      6   -26       2.7208545747E-004
#      6   -25       1.0394159907E-004
#      6   -24       1.3449753681E-004
#      6   -23       1.3618262389E-004
#      6   -22       3.1981389266E-004
#      6   -21       1.2610764472E-004
#      6   -20       6.9434101180E-004
#      6   -19       1.1882292572E-003
#      6   -18       1.6716971059E-003
#      6   -17       4.3892025871E-004
#      6   -16       3.6029706244E-004
#      6   -15       1.8626475832E-003
#      6   -14       9.1615032905E-004
#      6   -13       2.3957290253E-003
#      6   -12       1.8520074263E-003
#      6   -11       2.5892696709E-004
#      6   -10       9.8969514343E-004
#      6    -9       2.8249359635E-005
#      6    -8       8.4566354072E-003
#      6    -7       9.2337533948E-003
#      6    -6       2.3160907518E-003
#      6    -5       1.3831360906E-003
#      6    -4       9.0414162821E-003
#      6    -3       1.4142809877E-002
#      6    -2       1.1408782754E-002
#      6    -1       4.3303847604E-004
#      6     0       1.1405095206E-002
#      6     1       2.7611807285E-002
#      6     2       6.3266517351E-003
#      6     3       4.8930090563E-003
#      6     4       1.9695250739E-003
#      6     5       2.2180715448E-002
#      6     6       2.2159021673E-002
#      6     7       1.4013887696E-004
#      6     8       2.6487664039E-003
#      6     9       2.0903878306E-003
#      6    10       8.1229283193E-003
#      6    11       2.4620634296E-003
#      6    12       1.7636293747E-004
#      6    13       4.2995910176E-004
#      6    14       2.4987051778E-004
#      6    15       9.5354530099E-004
#      6    16       2.7986499239E-004
#      6    17       3.4518383309E-004
#      6    18       4.6013409573E-004
#      6    19       6.2209123528E-004
#      6    20       5.3614729318E-005
#      7   -27       1.1991020482E-004
#      7   -26       3.3004127115E-004
#      7   -25       2.1067400761E-006
#      7   -24       5.3599912862E-005
#      7   -23       1.1688529944E-004
#      7   -22       2.5440270533E-004
#      7   -21       2.4918833364E-004
#      7   -20       1.0753990887E-004
#      7   -19       2.7060247808E-004
#      7   -18       4.4325556057E-004
#      7   -17       9.1829457868E-005
#      7   -16       6.3899917777E-004
#      7   -15       5.0594750897E-003
#      7   -14       9.0282183108E-004
#      7   -13       1.4795648882E-006
#      7   -12       5.0281005334E-004
#      7   -11       4.1349171162E-003
#      7   -10       1.2295480462E-002
#      7    -9       2.8697835990E-003
#      7    -8       6.2671600147E-004
#      7    -7       3.0916220145E-003
#      7    -6       1.1688392723E-003
#      7    -5       9.2856201457E-003
#      7    -4       9.7757979447E-003
#      7    -3       3.4437607067E-003
#      7    -2       2.1496882435E-003
#      7    -1       1.7940279255E-003
#      7     0       1.0501375300E-002
#      7     1       2.1440035617E-002
#      7     2       9.2909964006E-003
#      7     3       2.1530869898E-003
#      7     4       2.5792036841E-003
#      7     5       3.8005341427E-003
#      7     6       1.6987987203E-002
#      7     7       6.5707313878E-003
#      7     8       2.1382903673E-004
#      7     9       1.3514212335E-003
#      7    10       1.7545573266E-003
#      7    11       1.0030094791E-002
#      7    12       2.0322688098E-003
#      7    13       1.4146236021E-004
#      7    14       2.1819629839E-004
#      7    15       1.1783304152E-003
#      7    16       2.3993027441E-003
#      7    17       8.8479597986E-005
#      7    18       2.4578262604E-004
#      7    19       3.5143916127E-004
#      7    20       7.8240311321E-006
#      8   -27       6.2059761544E-005
#      8   -26       2.1333671909E-004
#      8   -25       3.8465841829E-004
#      8   -24       1.8312764416E-004
#      8   -23       3.5158457970E-004
#      8   -22       1.9534683266E-004
#      8   -21       5.4265127636E-004
#      8   -20       3.2216023108E-006
#      8   -19       2.7196237694E-004
#      8   -18       2.1722252450E-003
#      8   -17       1.6846494031E-003
#      8   -16       4.1883075879E-004
#      8   -15       8.1483034364E-005
#      8   -14       1.2066015508E-003
#      8   -13       6.1026211277E-003
#      8   -12       8.1029233756E-003
#      8   -11       2.3300291667E-003
#      8   -10       1.5926344069E-003
#      8    -9       1.7757092314E-003
#      8    -8       5.9676571521E-003
#      8    -7       1.8223038336E-002
#      8    -6       3.5182076791E-003
#      8    -5       3.1320877313E-003
#      8    -4       1.8815801520E-003
#      8    -3       1.4715476631E-003
#      8    -2       1.2907309503E-002
#      8    -1       6.6124797694E-004
#      8     0       1.1901942646E-003
#      8     1       7.0323236246E-004
#      8     2       1.7130196921E-003
#      8     3       2.2763089834E-003
#      8     4       1.3163410116E-003
#      8     5       2.0141987655E-003
#      8     6       6.4570692457E-004
#      8     7       3.4829903365E-003
#      8     8       2.9124600532E-003
#      8     9       1.1207976153E-004
#      8    10       2.4116589052E-004
#      8    11       1.8355077466E-003
#      8    12       9.8377768661E-004
#      8    13       5.1280960075E-006
#      8    14       9.5406962842E-004
#      8    15       1.2815847748E-004
#      8    16       5.3674390537E-004
#      8    17       1.4705542226E-004
#      8    18       9.2689911224E-005
#      8    19       5.5507111081E-005
#      9   -27       1.5697391818E-004
#      9   -26       1.4614213040E-005
#      9   -25       1.5829695251E-004
#      9   -24       2.7407127172E-005
#      9   -23       2.0237651298E-004
#      9   -22       1.4442881208E-004
#      9   -21       2.8739154291E-004
#      9   -20       9.5591855047E-004
#      9   -19       3.8255158435E-004
#      9   -18       2.0285933795E-004
#      9   -17       1.7812703632E-004
#      9   -16       1.2651396406E-004
#      9   -15       3.1102450727E-003
#      9   -14       1.4395863157E-003
#      9   -13       6.3281912955E-004
#      9   -12       1.1534536085E-005
#      9   -11       1.1987645835E-003
#      9   -10       5.1741719374E-003
#      9    -9       4.4282739378E-003
#      9    -8       2.3533561834E-003
#      9    -7       5.9326545090E-003
#      9    -6       2.9649847171E-003
#      9    -5       4.5683107347E-003
#      9    -4       7.3909472248E-003
#      9    -3       6.1332024700E-003
#      9    -2       2.9462686143E-003
#      9    -1       3.2420935032E-003
#      9     0       2.7443470550E-003
#      9     1       3.8233580675E-003
#      9     2       1.5930298493E-003
#      9     3       5.0060740656E-003
#      9     4       7.7787523154E-003
#      9     5       3.3403588967E-003
#      9     6       5.4216449868E-003
#      9     7       3.8924380673E-003
#      9     8       8.9163048348E-003
#      9     9       8.0057278841E-003
#      9    10       1.2262950793E-003
#      9    11       3.7309985712E-003
#      9    12       2.9779848966E-003
#      9    13       1.1037391887E-003
#      9    14       7.6050748216E-004
#      9    15       2.0003621115E-004
#      9    16       2.5477532226E-004
#      9    17       5.6027978571E-005
#      9    18       2.8718242549E-005
#     10   -27       4.4101744637E-005
#     10   -26       5.1422032328E-006
#     10   -25       9.6875807862E-006
#     10   -24       8.8285853160E-006
#     10   -23       4.6996092622E-004
#     10   -22       2.7712073160E-005
#     10   -21       9.1764690046E-005
#     10   -20       3.4943515782E-004
#     10   -19       4.5710968274E-004
#     10   -18       1.8722251601E-003
#     10   -17       1.0262031902E-003
#     10   -16       2.7307474635E-004
#     10   -15       3.1250767033E-005
#     10   -14       1.6225572241E-003
#     10   -13       2.7267191107E-004
#     10   -12       2.2438805014E-003
#     10   -11       2.5658310184E-003
#     10   -10       9.4184660515E-003
#     10    -9       6.4395245652E-005
#     10    -8       1.0383298477E-004
#     10    -7       3.9093670473E-003
#     10    -6       4.5569705087E-003
#     10    -5       2.3654619301E-002
#     10    -4       6.7178744830E-003
#     10    -3       9.9045611058E-004
#     10    -2       2.5777824365E-003
#     10    -1       2.0686542235E-003
#     10     0       2.6952679782E-002
#     10     1       1.1425821182E-002
#     10     2       1.7575153248E-003
#     10     3       3.8524907280E-004
#     10     4       2.5667420730E-004
#     10     5       1.6284696853E-002
#     10     6       1.3603705815E-003
#     10     7       4.3649224174E-003
#     10     8       5.7422345097E-004
#     10     9       2.4730120504E-003
#     10    10       1.1750672901E-003
#     10    11       1.6475498080E-003
#     10    12       1.0551848709E-003
#     10    13       2.0893761855E-004
#     10    14       5.2107317585E-004
#     10    15       1.0454132219E-003
#     10    16       2.6298343568E-004
#     10    17       1.5072775428E-004
#     11   -27       1.4931932462E-004
#     11   -26       2.1544731405E-004
#     11   -25       1.4513442754E-005
#     11   -24       1.8309569153E-004
#     11   -23       8.3734439922E-005
#     11   -22       1.7877609204E-004
#     11   -21       1.6617456004E-005
#     11   -20       4.6060860921E-004
#     11   -19       5.4598854106E-005
#     11   -18       1.0450399583E-003
#     11   -17       1.4924412594E-003
#     11   -16       4.1089290712E-005
#     11   -15       1.7802300005E-003
#     11   -14       9.2454135928E-005
#     11   -13       2.6261157641E-003
#     11   -12       3.0551695402E-003
#     11   -11       1.8000357527E-003
#     11   -10       1.0926205673E-004
#     11    -9       3.4552370607E-003
#     11    -8       1.6761903090E-002
#     11    -7       9.7903521703E-004
#     11    -6       3.7797933638E-003
#     11    -5       1.5756682715E-002
#     11    -4       3.7541272280E-002
#     11    -3       5.9381400179E-003
#     11    -2       8.5705083464E-004
#     11    -1       3.5829681838E-003
#     11     0       1.5912124381E-002
#     11     1       2.6787724252E-002
#     11     2       7.2294358446E-005
#     11     3       4.4465818095E-003
#     11     4       6.8289992718E-003
#     11     5       1.5036282725E-002
#     11     6       1.2129682836E-002
#     11     7       2.0188684823E-003
#     11     8       6.2757937296E-003
#     11     9       3.9932384235E-003
#     11    10       8.3186981036E-003
#     11    11       1.9173536842E-003
#     11    12       1.2352306117E-003
#     11    13       1.5628127503E-003
#     11    14       1.1787362312E-004
#     11    15       1.1044123654E-003
#     11    16       2.7448197621E-005
#     12   -27       2.7567390947E-005
#     12   -26       1.5338222752E-005
#     12   -25       1.9355016388E-004
#     12   -24       1.7657873209E-004
#     12   -23       3.3813421774E-005
#     12   -22       4.1704354338E-005
#     12   -21       6.9218747134E-005
#     12   -20       6.0036686148E-005
#     12   -19       9.2886736611E-005
#     12   -18       4.4685387695E-004
#     12   -17       1.4192063609E-003
#     12   -16       1.5219322747E-003
#     12   -15       9.2475058941E-004
#     12   -14       1.6283777105E-003
#     12   -13       1.7115266013E-003
#     12   -12       6.8442163699E-003
#     12   -11       6.5885982828E-004
#     12   -10       1.6525040306E-003
#     12    -9       7.6605749513E-004
#     12    -8       1.0138985486E-002
#     12    -7       1.1451899326E-002
#     12    -6       6.0495021020E-004
#     12    -5       6.0608824019E-003
#     12    -4       1.1575792926E-002
#     12    -3       1.0093019760E-002
#     12    -2       3.5753604482E-003
#     12    -1       2.9810492238E-004
#     12     0       4.8293377549E-003
#     12     1       7.0569925824E-003
#     12     2       5.6224130353E-003
#     12     3       6.3841363243E-004
#     12     4       3.7703996822E-004
#     12     5       9.1404735420E-004
#     12     6       5.0479933052E-003
#     12     7       4.1902623184E-003
#     12     8       6.7603402642E-004
#     12     9       3.5110723356E-004
#     12    10       4.1091132604E-004
#     12    11       9.2681266035E-003
#     12    12       1.6565619366E-003
#     12    13       3.2031383185E-005
#     12    14       3.9742628904E-005
#     12    15       1.2111949981E-004
#     13   -28       1.9128736841E-006
#     13   -27       7.8432021662E-005
#     13   -26       2.0081084912E-004
#     13   -25       6.4057097724E-005
#     13   -24       3.1957314552E-004
#     13   -23       6.3983746171E-005
#     13   -22       2.1257934982E-004
#     13   -21       4.7275181852E-004
#     13   -20       3.3320147740E-004
#     13   -19       1.2398945289E-005
#     13   -18       1.6342244364E-004
#     13   -17       5.4423766893E-004
#     13   -16       1.7593159297E-003
#     13   -15       1.1799536113E-004
#     13   -14       9.8857259187E-004
#     13   -13       7.0807766457E-003
#     13   -12       1.0761026931E-002
#     13   -11       2.5012406188E-003
#     13   -10       2.0145271271E-003
#     13    -9       1.4098089374E-003
#     13    -8       5.9632071505E-003
#     13    -7       3.4275012341E-002
#     13    -6       3.3666878049E-003
#     13    -5       6.7451887828E-004
#     13    -4       1.5185458329E-003
#     13    -3       9.8741903747E-003
#     13    -2       1.5473393591E-002
#     13    -1       1.3139787964E-003
#     13     0       7.8910607545E-003
#     13     1       7.6693287949E-004
#     13     2       5.7645100616E-003
#     13     3       8.3214964968E-003
#     13     4       6.4370032264E-004
#     13     5       4.1528901833E-003
#     13     6       1.7124785701E-003
#     13     7       5.9361448844E-003
#     13     8       2.4682609295E-003
#     13     9       1.4913011127E-003
#     13    10       1.7621617206E-003
#     13    11       2.3349806387E-003
#     13    12       5.4195634168E-004
#     13    13       3.9902916044E-004
#     13    14       6.1816736322E-004
#     13    15       2.1493394380E-004
#     14   -28       3.9574694698E-004
#     14   -27       3.4529511240E-004
#     14   -26       3.0712083293E-004
#     14   -25       4.5118803655E-005
#     14   -24       2.4609460395E-004
#     14   -23       4.6587829881E-004
#     14   -22       3.5402265726E-004
#     14   -21       1.7894846053E-004
#     14   -20       1.9349475238E-003
#     14   -19       6.8269134278E-004
#     14   -18       1.1638037067E-003
#     14   -17       9.3636684900E-004
#     14   -16       8.0059138846E-003
#     14   -15       5.3741813032E-003
#     14   -14       2.5146630840E-004
#     14   -13       6.4614582137E-004
#     14   -12       9.2326416100E-004
#     14   -11       2.7392962397E-003
#     14   -10       6.6794166575E-003
#     14    -9       1.0617934564E-003
#     14    -8       4.3922664700E-004
#     14    -7       3.8518722313E-003
#     14    -6       6.3599548907E-003
#     14    -5       3.0511829667E-003
#     14    -4       3.7635851363E-003
#     14    -3       7.0677559748E-004
#     14    -2       2.0710396654E-003
#     14    -1       1.6010929389E-003
#     14     0       6.9275721359E-003
#     14     1       3.3570735973E-003
#     14     2       1.0844491950E-003
#     14     3       4.7767347240E-003
#     14     4       3.4151094665E-003
#     14     5       3.4268262333E-003
#     14     6       2.0988416774E-003
#     14     7       1.2945974040E-003
#     14     8       4.7806445796E-003
#     14     9       1.8269571737E-003
#     14    10       2.7030470920E-004
#     14    11       5.7589086171E-004
#     14    12       6.3612811943E-004
#     14    13       1.7450851299E-004
#     14    14       3.9603892766E-005
#     15   -28       6.8021666455E-004
#     15   -27       1.3124488000E-004
#     15   -26       9.9865207637E-004
#     15   -25       1.1829695904E-004
#     15   -24       1.5323855154E-003
#     15   -23       2.6884756921E-004
#     15   -22       1.3310006895E-003
#     15   -21       1.0511093244E-003
#     15   -20       3.7427595013E-005
#     15   -19       7.5499068257E-004
#     15   -18       1.2903417048E-003
#     15   -17       1.9538430164E-003
#     15   -16       7.9757797749E-004
#     15   -15       9.0155093672E-003
#     15   -14       6.1161455316E-005
#     15   -13       3.9842741937E-003
#     15   -12       2.9728223029E-003
#     15   -11       5.8016772343E-004
#     15   -10       1.2552348899E-002
#     15    -9       1.5599828749E-003
#     15    -8       3.1235759171E-003
#     15    -7       9.9414145499E-003
#     15    -6       1.2484129465E-002
#     15    -5       1.0890515969E-002
#     15    -4       2.7891505308E-003
#     15    -3       3.4214044806E-004
#     15    -2       5.7268765621E-003
#     15    -1       2.2535326497E-003
#     15     0       2.7418264978E-004
#     15     1       2.2158562182E-003
#     15     2       2.8776174990E-003
#     15     3       2.4377261226E-003
#     15     4       4.8554754126E-003
#     15     5       6.4338567296E-004
#     15     6       5.1749127949E-003
#     15     7       2.4503614072E-003
#     15     8       1.6118886774E-003
#     15     9       1.5189532456E-003
#     15    10       2.7043759596E-003
#     15    11       2.5426702424E-003
#     15    12       7.4438893577E-005
#     15    13       2.3664498328E-005
#     16   -27       9.4428192063E-004
#     16   -26       9.6108418778E-004
#     16   -25       1.9636974205E-004
#     16   -24       1.0139336598E-004
#     16   -23       1.7617496403E-004
#     16   -22       5.7726635577E-004
#     16   -21       8.4897089169E-004
#     16   -20       9.8295939510E-004
#     16   -19       1.0213022717E-003
#     16   -18       1.2298140543E-003
#     16   -17       7.9530211240E-004
#     16   -16       1.9375178006E-005
#     16   -15       4.1591486125E-003
#     16   -14       1.7531381401E-003
#     16   -13       2.5889509557E-003
#     16   -12       1.0298128753E-003
#     16   -11       5.1674913437E-003
#     16   -10       3.0300118639E-003
#     16    -9       3.9838301077E-003
#     16    -8       6.6509567015E-003
#     16    -7       1.7063814351E-003
#     16    -6       3.2423945897E-003
#     16    -5       1.5534604426E-003
#     16    -4       1.1911520959E-002
#     16    -3       2.5929188801E-003
#     16    -2       7.4862276729E-004
#     16    -1       6.8586187059E-003
#     16     0       6.0885257730E-003
#     16     1       7.7271023690E-003
#     16     2       1.0910940576E-003
#     16     3       4.4067951603E-004
#     16     4       2.0558513516E-003
#     16     5       1.4606884560E-003
#     16     6       3.3710772085E-003
#     16     7       7.2694468074E-004
#     16     8       5.8352020358E-004
#     16     9       6.3895510709E-004
#     16    10       9.3567961184E-004
#     16    11       1.5641641283E-003
#     17   -27       4.5044518995E-004
#     17   -26       1.3836681032E-004
#     17   -25       2.3953741315E-004
#     17   -24       8.1096420691E-004
#     17   -23       8.5394293604E-004
#     17   -22       2.3900723359E-004
#     17   -21       1.1980214835E-003
#     17   -20       2.5264284495E-003
#     17   -19       5.8919252143E-004
#     17   -18       1.4262127282E-003
#     17   -17       4.0634059358E-003
#     17   -16       2.9035691348E-003
#     17   -15       9.5110439913E-003
#     17   -14       1.3885458949E-002
#     17   -13       6.5236415874E-003
#     17   -12       1.1168330227E-002
#     17   -11       1.3472562103E-003
#     17   -10       4.9378611433E-004
#     17    -9       2.0925113988E-003
#     17    -8       6.4373637541E-003
#     17    -7       1.8759502927E-002
#     17    -6       3.8496960509E-003
#     17    -5       1.2996389633E-003
#     17    -4       6.6155798938E-004
#     17    -3       4.5322699728E-003
#     17    -2       4.2791711762E-003
#     17    -1       5.1602726132E-003
#     17     0       1.6703169017E-004
#     17     1       5.5047706314E-003
#     17     2       1.1270506882E-003
#     17     3       5.0157080654E-004
#     17     4       1.4423714116E-003
#     17     5       2.5954888220E-004
#     17     6       2.6973170294E-003
#     17     7       1.3193875922E-003
#     17     8       4.8748000124E-004
#     17     9       3.1265355421E-004
#     17    10       3.5547355435E-004
#     18   -27       3.9870769054E-006
#     18   -26       4.6915735297E-004
#     18   -25       1.2198602660E-003
#     18   -24       1.3332081789E-003
#     18   -23       2.7193547867E-003
#     18   -22       3.4460576714E-005
#     18   -21       2.2093826275E-003
#     18   -20       1.0293550085E-003
#     18   -19       4.5478475916E-004
#     18   -18       5.5062797437E-003
#     18   -17       1.8688406265E-003
#     18   -16       1.4590917816E-003
#     18   -15       2.3961788367E-003
#     18   -14       1.2500787825E-003
#     18   -13       3.4133866095E-003
#     18   -12       6.4259391337E-003
#     18   -11       2.8257368758E-004
#     18   -10       1.1378926456E-003
#     18    -9       2.1570927363E-003
#     18    -8       8.4616868537E-004
#     18    -7       1.6838116614E-002
#     18    -6       1.5210232105E-003
#     18    -5       7.5886407355E-004
#     18    -4       1.0613679074E-003
#     18    -3       6.9398458483E-003
#     18    -2       2.2549384981E-002
#     18    -1       2.5024499420E-003
#     18     0       1.2667057966E-003
#     18     1       2.6074061283E-003
#     18     2       2.0646733071E-003
#     18     3       1.3681037662E-002
#     18     4       9.8426965109E-004
#     18     5       2.1434391768E-004
#     18     6       4.0797275606E-004
#     18     7       3.8595356712E-004
#     18     8       2.2585846869E-003
#     18     9       6.3715593125E-005
#     19   -27       1.4561776947E-003
#     19   -26       1.2826576322E-003
#     19   -25       2.6466844731E-006
#     19   -24       1.6234360626E-003
#     19   -23       1.8185814615E-003
#     19   -22       1.0470669521E-003
#     19   -21       1.7138864994E-003
#     19   -20       2.1266402935E-003
#     19   -19       1.9913403492E-003
#     19   -18       3.0070377175E-003
#     19   -17       1.7859194271E-003
#     19   -16       9.4559924280E-003
#     19   -15       1.2071215700E-002
#     19   -14       4.0128278015E-003
#     19   -13       1.0205997971E-003
#     19   -12       1.6447604107E-003
#     19   -11       1.9767044345E-003
#     19   -10       1.5756783331E-002
#     19    -9       6.3593952762E-003
#     19    -8       6.2479151907E-003
#     19    -7       2.5995731238E-004
#     19    -6       1.1977952734E-003
#     19    -5       2.2876572685E-003
#     19    -4       4.4877291135E-003
#     19    -3       1.7213960210E-003
#     19    -2       3.3592824195E-003
#     19    -1       6.5408659810E-005
#     19     0       2.0737312804E-003
#     19     1       1.4805779180E-003
#     19     2       2.1848718306E-003
#     19     3       2.0066926411E-003
#     19     4       6.5962047107E-006
#     19     5       1.8928641633E-003
#     19     6       5.4149135401E-006
#     19     7       2.4192618838E-004
#     19     8       3.6354749260E-004
#     20   -27       2.1960239014E-004
#     20   -26       7.1214178549E-004
#     20   -25       7.0650477362E-004
#     20   -24       5.0889121070E-003
#     20   -23       1.5406465585E-003
#     20   -22       2.7939843234E-003
#     20   -21       1.6371148435E-003
#     20   -20       1.7987460653E-003
#     20   -19       3.8253126146E-004
#     20   -18       4.9124370016E-003
#     20   -17       6.7111308407E-003
#     20   -16       9.5600205458E-004
#     20   -15       7.0527967177E-003
#     20   -14       3.4576972728E-004
#     20   -13       8.9197524125E-003
#     20   -12       1.0444349315E-002
#     20   -11       7.0607500068E-003
#     20   -10       1.1513933536E-003
#     20    -9       1.2973821486E-003
#     20    -8       4.6079373027E-004
#     20    -7       6.0542336554E-003
#     20    -6       3.3918632410E-003
#     20    -5       2.9563780450E-003
#     20    -4       8.7672187818E-004
#     20    -3       1.3190324828E-003
#     20    -2       6.4635246020E-003
#     20    -1       4.8487859901E-003
#     20     0       3.5092426558E-003
#     20     1       9.7915048698E-004
#     20     2       9.4946276081E-004
#     20     3       4.7748163659E-004
#     20     4       2.6807411428E-003
#     20     5       1.6863943485E-003
#     20     6       8.5697372264E-004
#     20     7       3.1378793905E-004
#     21   -26       8.4008220900E-004
#     21   -25       2.9243512906E-003
#     21   -24       1.6816590855E-004
#     21   -23       7.8156731095E-004
#     21   -22       1.4390971627E-003
#     21   -21       3.1169271599E-003
#     21   -20       6.2446730408E-003
#     21   -19       9.5342799207E-004
#     21   -18       1.9955974126E-003
#     21   -17       2.3031070578E-003
#     21   -16       9.0915717687E-004
#     21   -15       8.3487160396E-003
#     21   -14       2.9354375749E-003
#     21   -13       1.9356377937E-003
#     21   -12       6.3906178666E-003
#     21   -11       7.4208327602E-003
#     21   -10       1.5405546987E-003
#     21    -9       5.3172926686E-003
#     21    -8       1.6463086678E-003
#     21    -7       1.7828958777E-003
#     21    -6       5.0652856148E-003
#     21    -5       2.2124776222E-003
#     21    -4       4.2237342309E-003
#     21    -3       8.2456520792E-004
#     21    -2       1.3924615046E-003
#     21    -1       2.1818296368E-003
#     21     0       1.4940299428E-003
#     21     1       1.6624598314E-003
#     21     2       2.1557984786E-003
#     21     3       1.3412746529E-003
#     21     4       1.9253141838E-004
#     21     5       6.6855288327E-004
#     22   -26       1.8674723482E-004
#     22   -25       1.1964190229E-004
#     22   -24       1.0657678959E-003
#     22   -23       2.9530451634E-003
#     22   -22       1.3448470933E-003
#     22   -21       1.4275520733E-003
#     22   -20       6.7026603621E-003
#     22   -19       3.1745812956E-003
#     22   -18       4.3729211059E-003
#     22   -17       1.6816122884E-003
#     22   -16       8.1032521477E-004
#     22   -15       7.3656619114E-003
#     22   -14       8.2498159364E-003
#     22   -13       5.5573587658E-003
#     22   -12       8.5320216252E-003
#     22   -11       1.5025141355E-003
#     22   -10       2.5544692387E-003
#     22    -9       1.8632698812E-003
#     22    -8       1.5259998425E-003
#     22    -7       6.1285175503E-003
#     22    -6       1.7798116025E-003
#     22    -5       4.4347396298E-003
#     22    -4       5.2915796573E-003
#     22    -3       2.2783848591E-006
#     22    -2       9.8525032504E-005
#     22    -1       1.2481661010E-003
#     22     0       4.0142104115E-005
#     22     1       2.9624859533E-003
#     22     2       4.1607108559E-004
#     22     3       5.3221743506E-004
#     22     4       5.3556170306E-004
#     23   -25       1.4787960084E-003
#     23   -24       1.5899118516E-003
#     23   -23       5.3320675160E-003
#     23   -22       2.8163997842E-003
#     23   -21       4.1287717941E-004
#     23   -20       2.7554498149E-003
#     23   -19       1.5153686247E-003
#     23   -18       5.1215204236E-003
#     23   -17       3.2020124242E-003
#     23   -16       2.7011965331E-003
#     23   -15       1.7540781213E-003
#     23   -14       2.2951968827E-003
#     23   -13       1.0588229262E-003
#     23   -12       4.9592469864E-003
#     23   -11       1.5912463940E-003
#     23   -10       1.3601535127E-003
#     23    -9       3.9197788996E-004
#     23    -8       5.3879457972E-003
#     23    -7       1.1781604871E-002
#     23    -6       9.4813020226E-004
#     23    -5       3.5132924088E-004
#     23    -4       9.8538129844E-004
#     23    -3       4.4782347349E-004
#     23    -2       6.9882678475E-003
#     23    -1       1.2335356605E-003
#     23     0       4.9285101643E-004
#     23     1       1.1074100468E-003
#     23     2       2.8376593198E-004
#     24   -24       4.2254183279E-004
#     24   -23       8.0965512017E-004
#     24   -22       1.8374946512E-003
#     24   -21       2.3413724913E-003
#     24   -20       2.9480095933E-003
#     24   -19       3.9948717353E-003
#     24   -18       4.6536645288E-005
#     24   -17       1.7021120655E-003
#     24   -16       7.8077662551E-004
#     24   -15       6.5670891870E-003
#     24   -14       3.9383696398E-003
#     24   -13       3.4981156430E-003
#     24   -12       1.4295688332E-004
#     24   -11       1.4965361505E-003
#     24   -10       8.1173501062E-003
#     24    -9       2.5211813925E-003
#     24    -8       6.3380445397E-004
#     24    -7       6.7774808567E-004
#     24    -6       8.4847930729E-004
#     24    -5       2.3210720954E-003
#     24    -4       5.6346656131E-004
#     24    -3       9.2519200410E-005
#     24    -2       1.8492766872E-003
#     24    -1       8.5547915476E-006
#     24     0       6.9947133039E-004
#     25   -23       4.4345025451E-003
#     25   -22       2.2712557464E-003
#     25   -21       8.1158881132E-005
#     25   -20       5.1051091851E-004
#     25   -19       1.3411637517E-003
#     25   -18       3.4977678227E-003
#     25   -17       6.1911194478E-003
#     25   -16       2.5535415642E-003
#     25   -15       8.0491588649E-004
#     25   -14       1.3579009002E-004
#     25   -13       5.5890396956E-004
#     25   -12       4.8606748835E-003
#     25   -11       5.2459578969E-003
#     25   -10       8.1485323384E-005
#     25    -9       2.3880197546E-007
#     25    -8       3.4631246087E-005
#     25    -7       4.2082512651E-003
#     25    -6       2.5974037384E-003
#     25    -5       8.5937535420E-004
#     25    -4       4.5987758752E-004
#     25    -3       1.2424366212E-003
#     25    -2       1.3139385295E-003
#     26   -22       1.0738442522E-004
#     26   -21       3.3370763274E-005
#     26   -20       1.9965843805E-003
#     26   -19       1.2818217076E-003
