 Diffraction intensities for potential:ga5x5_05D10001.in                       
#    -28    13       9.5901125283E-006
#    -28    14       6.7824313544E-005
#    -28    15       4.7717594495E-006
#    -27     7       5.6931556816E-005
#    -27     8       2.7394193421E-005
#    -27     9       2.1351925739E-005
#    -27    10       4.8286510154E-005
#    -27    11       2.0704675597E-005
#    -27    12       5.0880923930E-005
#    -27    13       1.7082437895E-005
#    -27    14       1.3577212401E-004
#    -27    15       8.0785493828E-005
#    -27    16       7.6521095439E-005
#    -27    17       1.5159997532E-004
#    -27    18       3.4510959154E-005
#    -27    19       3.6232160072E-005
#    -27    20       1.7667545550E-005
#    -26     4       7.0943391537E-006
#    -26     5       5.9098932897E-006
#    -26     6       3.8253827500E-005
#    -26     7       9.4309899991E-005
#    -26     8       6.6817405693E-005
#    -26     9       1.0381828155E-004
#    -26    10       2.8539279635E-004
#    -26    11       6.5705226530E-005
#    -26    12       1.7797727146E-004
#    -26    13       1.1001012356E-004
#    -26    14       7.2211616533E-006
#    -26    15       3.9982613299E-005
#    -26    16       1.2815772838E-005
#    -26    17       6.9767240237E-005
#    -26    18       1.9681323762E-005
#    -26    19       5.0358548954E-005
#    -26    20       4.4026011179E-005
#    -26    21       1.3419706083E-005
#    -26    22       6.5402755602E-006
#    -25     2       2.0454105861E-005
#    -25     3       6.2803702774E-005
#    -25     4       2.3957083929E-005
#    -25     5       8.7290368029E-004
#    -25     6       9.5555958925E-005
#    -25     7       2.6287295278E-005
#    -25     8       3.7375049240E-005
#    -25     9       1.2252854710E-004
#    -25    10       9.0498532752E-004
#    -25    11       3.5088796743E-005
#    -25    12       1.9189659193E-004
#    -25    13       1.9468369241E-005
#    -25    14       3.2170338949E-005
#    -25    15       2.9662586538E-004
#    -25    16       4.3351758403E-005
#    -25    17       8.8788192197E-005
#    -25    18       3.6494814870E-005
#    -25    19       4.9176692709E-005
#    -25    20       1.9225964952E-004
#    -25    21       2.2390356953E-005
#    -25    22       4.1693672381E-006
#    -25    23       4.1741092127E-006
#    -24     0       1.1772221849E-005
#    -24     1       1.3829551739E-005
#    -24     2       5.4906489648E-005
#    -24     3       1.3031063380E-004
#    -24     4       7.5111758022E-005
#    -24     5       3.0853955587E-004
#    -24     6       4.5283630178E-005
#    -24     7       8.4525808620E-005
#    -24     8       1.2791892811E-004
#    -24     9       2.8755217972E-005
#    -24    10       7.0876788592E-005
#    -24    11       5.1005263454E-005
#    -24    12       3.3756621487E-004
#    -24    13       1.7036920418E-004
#    -24    14       1.7660213647E-004
#    -24    15       2.0433412402E-004
#    -24    16       1.9271862551E-005
#    -24    17       6.6452283536E-005
#    -24    18       7.6859764514E-006
#    -24    19       4.8548350988E-005
#    -24    20       6.0160122285E-005
#    -24    21       1.4287144568E-006
#    -24    22       8.5096032565E-006
#    -24    23       1.0114414212E-005
#    -24    24       1.1031793157E-005
#    -23    -2       2.3796290604E-005
#    -23    -1       1.2809716044E-005
#    -23     0       5.9368431204E-005
#    -23     1       7.5400572940E-005
#    -23     2       8.3168702172E-005
#    -23     3       2.4581016374E-005
#    -23     4       4.7747010817E-005
#    -23     5       1.0882988788E-004
#    -23     6       4.6974468131E-006
#    -23     7       2.7632005527E-004
#    -23     8       2.9325655258E-004
#    -23     9       1.1948946764E-005
#    -23    10       2.1165945714E-004
#    -23    11       8.0400450250E-005
#    -23    12       4.3225222007E-005
#    -23    13       2.4277500271E-005
#    -23    14       1.2087317966E-005
#    -23    15       3.6092468257E-005
#    -23    16       6.0067740495E-006
#    -23    17       2.3160834532E-006
#    -23    18       3.7876932025E-005
#    -23    19       7.1540988794E-006
#    -23    20       1.4528596454E-005
#    -23    21       2.9103019342E-006
#    -23    22       2.0239519152E-006
#    -23    23       3.3921336646E-007
#    -23    24       1.2310586606E-006
#    -23    25       3.4438679976E-006
#    -22    -4       4.5010767990E-006
#    -22    -3       6.3485489711E-006
#    -22    -2       1.2521785068E-005
#    -22    -1       4.3966022652E-006
#    -22     0       2.7857633581E-005
#    -22     1       8.6300889590E-005
#    -22     2       9.8434618345E-006
#    -22     3       5.3057913877E-005
#    -22     4       1.4524401184E-004
#    -22     5       5.0491874172E-005
#    -22     6       4.4034332450E-005
#    -22     7       3.9485570824E-004
#    -22     8       5.5753218161E-005
#    -22     9       2.3279275854E-004
#    -22    10       3.8499580890E-004
#    -22    11       4.7885788834E-005
#    -22    12       3.7790010582E-004
#    -22    13       1.7716016546E-004
#    -22    14       3.2173001805E-004
#    -22    15       4.2338193201E-004
#    -22    16       1.6105773919E-004
#    -22    17       1.9536082616E-004
#    -22    18       1.3375626712E-004
#    -22    19       3.3092310626E-005
#    -22    20       3.2523066550E-005
#    -22    21       2.0719307985E-005
#    -22    22       9.8657863431E-006
#    -22    23       2.3581937047E-006
#    -22    24       1.3577355678E-005
#    -22    25       8.9091067684E-006
#    -22    26       4.8687390362E-006
#    -21    -5       2.9587298843E-006
#    -21    -4       2.0836214663E-005
#    -21    -3       1.1222727787E-005
#    -21    -2       2.1088034060E-005
#    -21    -1       9.5409996405E-007
#    -21     0       1.0129165432E-004
#    -21     1       4.7464319169E-005
#    -21     2       2.9806460805E-005
#    -21     3       3.2677352409E-004
#    -21     4       1.8270719179E-005
#    -21     5       1.0924711192E-004
#    -21     6       1.1579550378E-004
#    -21     7       1.0615200397E-004
#    -21     8       9.9998322432E-005
#    -21     9       6.3573837362E-005
#    -21    10       3.3539456122E-004
#    -21    11       8.1983896957E-005
#    -21    12       7.1999143928E-005
#    -21    13       1.1251133816E-004
#    -21    14       9.1812670646E-006
#    -21    15       7.0123943031E-005
#    -21    16       8.0566958488E-006
#    -21    17       4.7740652213E-005
#    -21    18       6.2031038232E-005
#    -21    19       2.4024480190E-005
#    -21    20       5.1133096857E-006
#    -21    21       3.0819673946E-005
#    -21    22       1.1237051803E-005
#    -21    23       1.9021164298E-006
#    -21    24       2.5943686654E-006
#    -21    25       2.5664782478E-006
#    -21    26       1.5942440352E-006
#    -20    -7       7.6243208629E-006
#    -20    -6       6.4009326957E-006
#    -20    -5       4.8635052844E-004
#    -20    -4       3.4229042678E-005
#    -20    -3       8.1104436195E-005
#    -20    -2       7.2578612360E-005
#    -20    -1       5.5194163448E-005
#    -20     0       7.1909196580E-003
#    -20     1       1.1645452146E-005
#    -20     2       1.4706021357E-004
#    -20     3       1.4571146143E-004
#    -20     4       3.0375415393E-006
#    -20     5       1.1049490892E-002
#    -20     6       9.3050463245E-005
#    -20     7       9.7445705327E-005
#    -20     8       3.3414876445E-005
#    -20     9       3.7603039872E-004
#    -20    10       4.7119104995E-003
#    -20    11       1.4345231861E-004
#    -20    12       3.4254123436E-004
#    -20    13       9.4794704976E-005
#    -20    14       2.0029519087E-004
#    -20    15       6.2733178144E-003
#    -20    16       9.7636393583E-005
#    -20    17       1.6377865955E-004
#    -20    18       1.5193000377E-004
#    -20    19       7.6008219536E-005
#    -20    20       1.9280554703E-003
#    -20    21       3.8535093116E-005
#    -20    22       9.5811306090E-006
#    -20    23       4.1945327028E-006
#    -20    24       1.1310496546E-006
#    -20    25       2.8967323959E-004
#    -20    26       5.4192393616E-007
#    -20    27       1.8126981195E-006
#    -19    -8       8.3642445095E-007
#    -19    -7       4.7624868328E-007
#    -19    -6       1.1601326347E-005
#    -19    -5       1.1597304327E-005
#    -19    -4       2.8659286875E-005
#    -19    -3       6.5895888230E-005
#    -19    -2       3.3195726379E-005
#    -19    -1       8.2779360794E-005
#    -19     0       1.9672148577E-004
#    -19     1       1.1950291883E-004
#    -19     2       4.0607173556E-005
#    -19     3       8.0328934210E-005
#    -19     4       6.0451399177E-005
#    -19     5       3.1678562875E-004
#    -19     6       1.6657346706E-005
#    -19     7       3.0784722841E-004
#    -19     8       3.8000462921E-004
#    -19     9       9.4166072345E-005
#    -19    10       3.7814987827E-004
#    -19    11       6.4772876103E-005
#    -19    12       3.2781531553E-004
#    -19    13       2.2141292271E-004
#    -19    14       3.2801621611E-005
#    -19    15       8.2334365030E-005
#    -19    16       5.6314330395E-005
#    -19    17       9.1764138248E-006
#    -19    18       1.4710030906E-005
#    -19    19       1.3131295061E-006
#    -19    20       2.5172024994E-005
#    -19    21       9.4901298777E-006
#    -19    22       2.6417566711E-006
#    -19    23       3.3908577460E-006
#    -19    24       4.1446366858E-006
#    -19    25       3.9239429495E-006
#    -19    26       2.4294170361E-006
#    -19    27       1.3679001996E-006
#    -18    -9       1.8641908098E-007
#    -18    -8       3.8905048044E-005
#    -18    -7       1.8997272751E-005
#    -18    -6       1.0876403887E-005
#    -18    -5       1.0677681020E-005
#    -18    -4       1.5196833552E-005
#    -18    -3       2.9838782302E-005
#    -18    -2       2.2260169791E-005
#    -18    -1       8.3587147225E-005
#    -18     0       1.4820536075E-004
#    -18     1       1.3704115749E-004
#    -18     2       1.5028681454E-004
#    -18     3       1.6971792897E-004
#    -18     4       1.8639777736E-004
#    -18     5       4.7293232581E-006
#    -18     6       8.4011684406E-005
#    -18     7       1.8093435584E-004
#    -18     8       3.8990059028E-005
#    -18     9       2.2029984228E-004
#    -18    10       1.1305015352E-004
#    -18    11       1.3198089389E-004
#    -18    12       3.1630644669E-004
#    -18    13       8.1349297868E-005
#    -18    14       6.7624578912E-005
#    -18    15       5.6265958979E-005
#    -18    16       5.0969312312E-006
#    -18    17       6.0658168134E-005
#    -18    18       1.7751119863E-005
#    -18    19       5.9178416520E-005
#    -18    20       5.1047908515E-005
#    -18    21       2.3997569538E-007
#    -18    22       3.1397985517E-005
#    -18    23       5.3135730897E-006
#    -18    24       1.1981331547E-005
#    -18    25       5.1854295670E-006
#    -18    26       1.8268787134E-006
#    -18    27       1.3014973595E-006
#    -17   -10       1.1950352217E-005
#    -17    -9       1.2858788276E-005
#    -17    -8       2.3834932392E-006
#    -17    -7       4.8627192725E-005
#    -17    -6       7.7872715537E-007
#    -17    -5       2.1312940369E-006
#    -17    -4       1.5534171691E-005
#    -17    -3       3.9017819172E-005
#    -17    -2       5.0624400756E-006
#    -17    -1       1.1498103495E-006
#    -17     0       5.5207804562E-005
#    -17     1       6.9570218350E-005
#    -17     2       3.4361677883E-006
#    -17     3       8.4125303431E-005
#    -17     4       2.5953389548E-005
#    -17     5       2.0445207209E-004
#    -17     6       1.1070156074E-005
#    -17     7       4.5600710632E-004
#    -17     8       4.6465478776E-004
#    -17     9       1.4885833532E-004
#    -17    10       4.4918673661E-004
#    -17    11       5.6618024165E-005
#    -17    12       2.6200227826E-004
#    -17    13       2.6468532731E-004
#    -17    14       1.4150979579E-004
#    -17    15       3.1900893231E-004
#    -17    16       2.1213592008E-004
#    -17    17       5.6248486635E-005
#    -17    18       6.8661635018E-005
#    -17    19       3.1708904292E-005
#    -17    20       1.5116501147E-005
#    -17    21       3.1057120051E-006
#    -17    22       2.4716287355E-005
#    -17    23       7.6650640247E-006
#    -17    24       6.1195831085E-006
#    -17    25       5.8605554933E-006
#    -17    26       4.5688559342E-006
#    -17    27       2.8528753399E-006
#    -16   -11       3.2323520460E-006
#    -16   -10       1.3077038952E-006
#    -16    -9       7.8260474278E-007
#    -16    -8       9.1287190007E-006
#    -16    -7       6.4291855890E-006
#    -16    -6       1.0404551116E-005
#    -16    -5       1.8193515425E-004
#    -16    -4       4.0609424396E-005
#    -16    -3       5.5587133476E-005
#    -16    -2       3.3052857570E-004
#    -16    -1       4.1783502016E-005
#    -16     0       9.0589779404E-005
#    -16     1       3.0128365741E-005
#    -16     2       4.7166932342E-005
#    -16     3       1.8989037041E-004
#    -16     4       1.5122895601E-005
#    -16     5       8.1455226644E-005
#    -16     6       9.6252568328E-005
#    -16     7       1.7429652709E-004
#    -16     8       5.4329575596E-005
#    -16     9       4.0941419177E-005
#    -16    10       1.7843898856E-004
#    -16    11       3.8115063805E-005
#    -16    12       2.8097807821E-005
#    -16    13       9.7417694549E-006
#    -16    14       5.6327616134E-005
#    -16    15       8.3602137491E-005
#    -16    16       3.6988854688E-006
#    -16    17       5.5553247496E-005
#    -16    18       3.4734395684E-005
#    -16    19       1.7209917318E-005
#    -16    20       2.0128457151E-005
#    -16    21       1.5289783100E-005
#    -16    22       1.6415735519E-005
#    -16    23       5.7866973176E-006
#    -16    24       2.1763315716E-006
#    -16    25       1.0769506186E-006
#    -16    26       2.7809312251E-006
#    -16    27       1.0489415570E-006
#    -15   -13       2.8160202178E-006
#    -15   -12       4.2011173134E-006
#    -15   -11       1.0934849994E-005
#    -15   -10       8.3368760633E-004
#    -15    -9       5.0961686829E-006
#    -15    -8       3.0779458537E-005
#    -15    -7       3.2107516469E-006
#    -15    -6       8.1515767714E-005
#    -15    -5       1.1815020433E-002
#    -15    -4       1.2365769111E-005
#    -15    -3       5.1441045294E-004
#    -15    -2       1.4284797108E-004
#    -15    -1       2.0618894834E-004
#    -15     0       3.9443594608E-002
#    -15     1       1.9471456219E-004
#    -15     2       1.5635471811E-004
#    -15     3       3.6325164450E-005
#    -15     4       1.2575366957E-004
#    -15     5       1.4954508261E-002
#    -15     6       3.4104470772E-005
#    -15     7       3.1414259429E-004
#    -15     8       1.6152539306E-004
#    -15     9       2.6729889811E-004
#    -15    10       1.2012525424E-002
#    -15    11       1.1682693757E-004
#    -15    12       2.4069877482E-004
#    -15    13       1.7529052072E-004
#    -15    14       4.6917910277E-005
#    -15    15       2.2754964924E-002
#    -15    16       6.2477244508E-005
#    -15    17       2.0168834955E-004
#    -15    18       2.4490224347E-004
#    -15    19       1.4021590159E-006
#    -15    20       6.6706575940E-003
#    -15    21       5.8066809710E-006
#    -15    22       3.3136507910E-005
#    -15    23       5.8384282814E-007
#    -15    24       1.2063640834E-005
#    -15    25       2.8445843947E-004
#    -15    26       5.3252525062E-006
#    -15    27       1.3540894141E-005
#    -15    28       3.4527079692E-006
#    -14   -14       7.9126672021E-006
#    -14   -13       5.8461415325E-006
#    -14   -12       2.4275720054E-005
#    -14   -11       2.5934302869E-006
#    -14   -10       1.9517004026E-006
#    -14    -9       1.0552884218E-005
#    -14    -8       2.7996360312E-005
#    -14    -7       3.5525850874E-005
#    -14    -6       1.0327643724E-005
#    -14    -5       2.5462371517E-004
#    -14    -4       2.3521497213E-006
#    -14    -3       6.3226838807E-006
#    -14    -2       3.0344150831E-005
#    -14    -1       1.1804541056E-004
#    -14     0       3.3551601506E-005
#    -14     1       8.3680941592E-005
#    -14     2       9.8801054504E-005
#    -14     3       1.0019771706E-004
#    -14     4       1.0674713778E-004
#    -14     5       2.9666319742E-006
#    -14     6       1.3259671121E-004
#    -14     7       9.5320796189E-005
#    -14     8       6.2360370653E-007
#    -14     9       8.2501542067E-005
#    -14    10       1.9067840732E-004
#    -14    11       5.1338804832E-005
#    -14    12       8.3730425521E-005
#    -14    13       1.9031999161E-004
#    -14    14       5.2529144021E-005
#    -14    15       3.9110749200E-005
#    -14    16       1.3856121862E-005
#    -14    17       1.3009881787E-004
#    -14    18       3.7539570818E-005
#    -14    19       4.5652622199E-006
#    -14    20       9.0145708962E-005
#    -14    21       7.3764849332E-006
#    -14    22       2.1791848987E-005
#    -14    23       1.9016617348E-005
#    -14    24       7.0967531326E-006
#    -14    25       7.9567392129E-006
#    -14    26       1.5365436363E-008
#    -14    27       4.1470007734E-006
#    -14    28       3.4289584492E-006
#    -13   -15       1.8343746884E-006
#    -13   -14       5.2814714163E-006
#    -13   -13       2.4052352133E-006
#    -13   -12       2.0919722739E-006
#    -13   -11       4.3977139048E-005
#    -13   -10       1.5242791391E-005
#    -13    -9       1.6507619670E-005
#    -13    -8       2.8853654003E-005
#    -13    -7       1.1648294486E-004
#    -13    -6       1.8301107283E-005
#    -13    -5       8.3362667996E-006
#    -13    -4       1.2438511574E-004
#    -13    -3       6.8670003903E-005
#    -13    -2       1.9528251378E-005
#    -13    -1       4.2063356845E-005
#    -13     0       1.9930189385E-005
#    -13     1       7.5417922236E-005
#    -13     2       4.5810338293E-007
#    -13     3       1.5368299765E-006
#    -13     4       1.5703233623E-005
#    -13     5       9.9726629637E-005
#    -13     6       3.4394648460E-005
#    -13     7       1.4719923047E-006
#    -13     8       3.2259885957E-005
#    -13     9       1.5194014370E-004
#    -13    10       1.1394762277E-004
#    -13    11       6.5981594058E-005
#    -13    12       4.3899806976E-004
#    -13    13       1.3509351957E-004
#    -13    14       7.3177625272E-005
#    -13    15       3.0746530340E-004
#    -13    16       3.9960214073E-006
#    -13    17       1.0583554070E-004
#    -13    18       9.2655624135E-005
#    -13    19       7.7741113387E-005
#    -13    20       4.1219094021E-005
#    -13    21       1.3073570853E-006
#    -13    22       7.5850893746E-005
#    -13    23       2.1467529372E-006
#    -13    24       2.3595120671E-005
#    -13    25       1.5658620220E-005
#    -13    26       7.3177265996E-006
#    -13    27       1.7770207844E-005
#    -13    28       3.6337670573E-006
#    -12   -15       5.6900324139E-007
#    -12   -14       1.9498915534E-005
#    -12   -13       2.6529005072E-005
#    -12   -12       2.7564292180E-006
#    -12   -11       2.4151289472E-005
#    -12   -10       5.4339799531E-005
#    -12    -9       2.7848169615E-005
#    -12    -8       1.1720366292E-004
#    -12    -7       1.9235680353E-005
#    -12    -6       1.7497895907E-005
#    -12    -5       4.1412639501E-004
#    -12    -4       6.3743579138E-005
#    -12    -3       8.9801482669E-005
#    -12    -2       3.2207686898E-004
#    -12    -1       1.1129906363E-004
#    -12     0       2.3000132951E-005
#    -12     1       1.5411500830E-005
#    -12     2       5.9575490877E-005
#    -12     3       2.0241621464E-005
#    -12     4       3.1215570875E-005
#    -12     5       5.3507893070E-005
#    -12     6       5.1749263813E-006
#    -12     7       1.4232730007E-004
#    -12     8       2.0883897846E-004
#    -12     9       4.8608915559E-005
#    -12    10       2.0521579424E-004
#    -12    11       1.5656300662E-004
#    -12    12       7.0672858782E-005
#    -12    13       3.2144530604E-004
#    -12    14       5.5166662353E-006
#    -12    15       1.7814192175E-004
#    -12    16       8.8657048460E-005
#    -12    17       5.5521451833E-005
#    -12    18       2.3462161718E-005
#    -12    19       3.7464851652E-006
#    -12    20       1.0538595897E-004
#    -12    21       1.1836302599E-006
#    -12    22       4.7093457480E-005
#    -12    23       5.2508629258E-005
#    -12    24       1.0180307637E-005
#    -12    25       8.4927173428E-006
#    -12    26       6.4488233592E-007
#    -12    27       1.8607033813E-006
#    -11   -16       7.6972466963E-006
#    -11   -15       1.5801116810E-005
#    -11   -14       1.0206104848E-005
#    -11   -13       2.9287026787E-006
#    -11   -12       1.9127122764E-005
#    -11   -11       5.4865604570E-005
#    -11   -10       3.0342312955E-005
#    -11    -9       7.1976637188E-006
#    -11    -8       2.9458837012E-005
#    -11    -7       2.4225187563E-004
#    -11    -6       1.6230604104E-005
#    -11    -5       1.5137361275E-005
#    -11    -4       7.4983154770E-005
#    -11    -3       2.9012765256E-004
#    -11    -2       8.7056952800E-005
#    -11    -1       1.8233359305E-005
#    -11     0       4.1737244386E-004
#    -11     1       6.0088623750E-005
#    -11     2       1.0924253199E-004
#    -11     3       1.4806133944E-004
#    -11     4       4.1020268931E-005
#    -11     5       6.5300565345E-005
#    -11     6       2.3365349906E-005
#    -11     7       7.4353450793E-005
#    -11     8       6.3359711510E-005
#    -11     9       8.8299218392E-006
#    -11    10       9.2191611124E-005
#    -11    11       1.7918918549E-006
#    -11    12       2.2261669413E-004
#    -11    13       4.2429378424E-005
#    -11    14       3.3992936505E-005
#    -11    15       2.4996688500E-004
#    -11    16       2.4837530888E-005
#    -11    17       1.5510679228E-005
#    -11    18       6.7233841348E-005
#    -11    19       8.2302215766E-005
#    -11    20       1.6181451153E-006
#    -11    21       2.0616587568E-005
#    -11    22       5.6598635122E-005
#    -11    23       7.0198072827E-007
#    -11    24       8.6173116780E-006
#    -11    25       1.0582797518E-005
#    -11    26       7.3164480273E-007
#    -11    27       6.9869229601E-006
#    -10   -17       4.1313196042E-006
#    -10   -16       2.3330411590E-005
#    -10   -15       4.7380122619E-004
#    -10   -14       1.1899847412E-005
#    -10   -13       5.2343713398E-005
#    -10   -12       2.0417388572E-006
#    -10   -11       1.3946881169E-005
#    -10   -10       6.5389052383E-003
#    -10    -9       8.2683564748E-005
#    -10    -8       8.8626385440E-005
#    -10    -7       1.7173516877E-005
#    -10    -6       1.1122508086E-004
#    -10    -5       1.6520988149E-002
#    -10    -4       2.4625323903E-005
#    -10    -3       1.2726898569E-004
#    -10    -2       5.7514714545E-005
#    -10    -1       3.1750871717E-004
#    -10     0       1.3867924301E-002
#    -10     1       4.3224019092E-005
#    -10     2       3.5545301649E-004
#    -10     3       1.6514872697E-004
#    -10     4       1.6524658131E-004
#    -10     5       2.7707006874E-003
#    -10     6       1.8210207497E-004
#    -10     7       3.3759318864E-004
#    -10     8       3.1057880854E-004
#    -10     9       2.1603366029E-004
#    -10    10       4.1010656301E-002
#    -10    11       2.0277378044E-004
#    -10    12       1.8046557948E-004
#    -10    13       3.2798890444E-004
#    -10    14       4.1586499034E-006
#    -10    15       1.3484157360E-002
#    -10    16       3.7490172660E-005
#    -10    17       1.4784198003E-004
#    -10    18       3.3292877877E-005
#    -10    19       7.0524151611E-006
#    -10    20       5.0947385411E-003
#    -10    21       6.0769856874E-006
#    -10    22       6.9291700122E-005
#    -10    23       5.0286619694E-005
#    -10    24       2.4119254118E-005
#    -10    25       6.6293629888E-004
#    -10    26       5.8386502814E-006
#    -10    27       6.6511350992E-006
#     -9   -18       2.3946769541E-006
#     -9   -17       9.9448025470E-006
#     -9   -16       1.6753364297E-006
#     -9   -15       1.4091243812E-005
#     -9   -14       3.3964817140E-006
#     -9   -13       2.0108591669E-005
#     -9   -12       3.6474643758E-005
#     -9   -11       7.6928224565E-005
#     -9   -10       3.4432326435E-005
#     -9    -9       4.5210380982E-005
#     -9    -8       9.5703495109E-005
#     -9    -7       1.7528264154E-004
#     -9    -6       3.2132650955E-005
#     -9    -5       6.1539471829E-005
#     -9    -4       1.7539963119E-004
#     -9    -3       3.0497576348E-004
#     -9    -2       6.1710817463E-005
#     -9    -1       4.6210993164E-006
#     -9     0       4.9017691915E-004
#     -9     1       7.3617129157E-005
#     -9     2       7.4395405677E-005
#     -9     3       1.9998142487E-004
#     -9     4       7.3739168609E-006
#     -9     5       4.6518575429E-006
#     -9     6       7.3349045304E-005
#     -9     7       7.8796845891E-005
#     -9     8       2.0207201234E-005
#     -9     9       1.6054103362E-004
#     -9    10       3.1136517805E-005
#     -9    11       2.3829748430E-005
#     -9    12       9.4752687925E-005
#     -9    13       9.6760301049E-006
#     -9    14       1.4455324605E-005
#     -9    15       7.0069539406E-005
#     -9    16       1.6571640730E-005
#     -9    17       1.3156028366E-005
#     -9    18       9.5040542724E-005
#     -9    19       2.9734595105E-005
#     -9    20       1.6964575420E-005
#     -9    21       2.1501044284E-005
#     -9    22       1.8626738690E-005
#     -9    23       2.1214460629E-005
#     -9    24       3.6001599814E-006
#     -9    25       4.7686678744E-006
#     -9    26       3.3574390128E-007
#     -9    27       6.6470791840E-006
#     -8   -19       8.4428030220E-006
#     -8   -18       8.0151063134E-006
#     -8   -17       2.0349200619E-005
#     -8   -16       8.1349146751E-006
#     -8   -15       6.4177236190E-006
#     -8   -14       1.4665770964E-006
#     -8   -13       2.5357188396E-005
#     -8   -12       2.3358981985E-005
#     -8   -11       1.2690260266E-004
#     -8   -10       1.8587158444E-004
#     -8    -9       2.0471983977E-004
#     -8    -8       1.1099813763E-004
#     -8    -7       6.6600420156E-005
#     -8    -6       1.9924707877E-004
#     -8    -5       1.6667858381E-004
#     -8    -4       3.1281612084E-005
#     -8    -3       8.3430139832E-005
#     -8    -2       1.2514808133E-004
#     -8    -1       2.5152076983E-004
#     -8     0       1.4068238591E-004
#     -8     1       5.8102559483E-005
#     -8     2       3.9468597161E-004
#     -8     3       1.1198407680E-004
#     -8     4       2.8242888729E-005
#     -8     5       1.7509822774E-004
#     -8     6       3.6817042217E-005
#     -8     7       2.5000950295E-005
#     -8     8       1.4038882026E-004
#     -8     9       3.4438532738E-005
#     -8    10       1.3578189958E-004
#     -8    11       9.9527665341E-005
#     -8    12       5.6179339466E-005
#     -8    13       1.5806516993E-004
#     -8    14       1.3986807054E-005
#     -8    15       5.4543091660E-006
#     -8    16       1.5133251812E-005
#     -8    17       1.9635775598E-004
#     -8    18       2.5389647107E-005
#     -8    19       6.4002684628E-005
#     -8    20       1.6901562402E-004
#     -8    21       6.5725084174E-005
#     -8    22       1.3733017335E-004
#     -8    23       3.1738647257E-005
#     -8    24       1.1667248214E-005
#     -8    25       1.6862575684E-005
#     -8    26       1.6381901932E-005
#     -8    27       5.0927894283E-006
#     -7   -20       7.0025031266E-006
#     -7   -19       2.7874738815E-005
#     -7   -18       1.5100163515E-005
#     -7   -17       2.0981310506E-005
#     -7   -16       4.1153484630E-006
#     -7   -15       9.0666267905E-006
#     -7   -14       2.4145978097E-006
#     -7   -13       2.5057602634E-005
#     -7   -12       7.5934904956E-006
#     -7   -11       1.4180518715E-004
#     -7   -10       5.1695095517E-005
#     -7    -9       5.2268172053E-005
#     -7    -8       3.3986805398E-004
#     -7    -7       3.8872334752E-005
#     -7    -6       8.1578035568E-005
#     -7    -5       1.1346536644E-004
#     -7    -4       2.5619293573E-005
#     -7    -3       4.9177842453E-004
#     -7    -2       1.6076319468E-004
#     -7    -1       2.7129778150E-005
#     -7     0       6.3639475878E-004
#     -7     1       1.2945772632E-004
#     -7     2       1.2927034796E-004
#     -7     3       4.2932896576E-004
#     -7     4       1.5879412392E-005
#     -7     5       7.9968871253E-005
#     -7     6       1.1154728639E-004
#     -7     7       5.8793650613E-006
#     -7     8       4.4588005102E-005
#     -7     9       5.5741754026E-005
#     -7    10       9.9367480806E-006
#     -7    11       2.4273154589E-005
#     -7    12       7.2783209395E-006
#     -7    13       1.1873442475E-005
#     -7    14       2.3221356876E-005
#     -7    15       1.1158493291E-004
#     -7    16       5.3804283646E-005
#     -7    17       3.2752970148E-005
#     -7    18       1.5507015396E-004
#     -7    19       1.1392491955E-006
#     -7    20       7.3251187975E-005
#     -7    21       3.0127842563E-005
#     -7    22       2.3758559332E-005
#     -7    23       6.0486682615E-005
#     -7    24       5.4622703870E-006
#     -7    25       9.9296599517E-006
#     -7    26       4.9633432158E-006
#     -7    27       5.2687036776E-006
#     -6   -20       3.6820740442E-005
#     -6   -19       1.8622665316E-005
#     -6   -18       1.3872089691E-006
#     -6   -17       1.7326898766E-006
#     -6   -16       1.8331863503E-005
#     -6   -15       2.3085250975E-005
#     -6   -14       5.6104321170E-005
#     -6   -13       3.2295056658E-005
#     -6   -12       6.1741980731E-005
#     -6   -11       9.7806400690E-005
#     -6   -10       1.4726818986E-005
#     -6    -9       2.0748918357E-004
#     -6    -8       4.0948562175E-005
#     -6    -7       6.6354519728E-005
#     -6    -6       1.8841323813E-004
#     -6    -5       1.3778415739E-004
#     -6    -4       9.3027766805E-005
#     -6    -3       3.8089492124E-005
#     -6    -2       3.0316994198E-004
#     -6    -1       7.5770691294E-005
#     -6     0       1.1162714608E-005
#     -6     1       6.9180770146E-005
#     -6     2       2.5419035337E-004
#     -6     3       6.3816717910E-005
#     -6     4       4.1375192810E-005
#     -6     5       3.0820054475E-004
#     -6     6       1.1351051712E-004
#     -6     7       7.3237467148E-005
#     -6     8       1.3970921565E-004
#     -6     9       5.8661869059E-005
#     -6    10       3.2764391968E-005
#     -6    11       1.5529132541E-005
#     -6    12       1.2408881439E-005
#     -6    13       1.0563713087E-005
#     -6    14       4.1812395187E-005
#     -6    15       9.1616961477E-006
#     -6    16       1.7970420774E-006
#     -6    17       1.1481252744E-004
#     -6    18       6.1221529049E-007
#     -6    19       2.2798286268E-005
#     -6    20       4.9391789846E-005
#     -6    21       4.5586818777E-006
#     -6    22       7.1544635740E-005
#     -6    23       1.7704215974E-006
#     -6    24       7.6496540020E-006
#     -6    25       1.8650645223E-005
#     -6    26       1.3428618756E-005
#     -5   -21       1.0516054815E-005
#     -5   -20       4.3934451783E-004
#     -5   -19       6.5522027936E-006
#     -5   -18       6.5613432567E-006
#     -5   -17       5.3540596957E-005
#     -5   -16       1.0246255089E-005
#     -5   -15       7.4678474589E-003
#     -5   -14       8.1629207843E-005
#     -5   -13       7.7294892455E-005
#     -5   -12       1.5889683897E-004
#     -5   -11       8.6098240795E-005
#     -5   -10       1.5290164992E-002
#     -5    -9       7.7341880297E-005
#     -5    -8       2.3970552043E-004
#     -5    -7       4.3016492621E-006
#     -5    -6       6.6588251342E-005
#     -5    -5       2.6684880089E-003
#     -5    -4       2.1320598788E-005
#     -5    -3       7.7953529344E-004
#     -5    -2       4.6072880432E-004
#     -5    -1       1.7840208629E-004
#     -5     0       2.8185133299E-002
#     -5     1       2.3391389769E-004
#     -5     2       1.5212615674E-004
#     -5     3       2.7782949080E-004
#     -5     4       1.7352405688E-005
#     -5     5       1.9740893617E-003
#     -5     6       1.8038437106E-005
#     -5     7       1.5221375409E-004
#     -5     8       5.7791731610E-005
#     -5     9       5.0356609790E-005
#     -5    10       3.8153536175E-003
#     -5    11       2.8036128438E-005
#     -5    12       2.0148642076E-005
#     -5    13       9.2602186324E-006
#     -5    14       6.7123657524E-007
#     -5    15       1.3040024324E-002
#     -5    16       2.6142570573E-005
#     -5    17       1.5335036682E-004
#     -5    18       2.2488873746E-004
#     -5    19       6.3838260356E-005
#     -5    20       9.7313140138E-003
#     -5    21       1.4106702687E-005
#     -5    22       8.7203514782E-005
#     -5    23       5.7877992595E-005
#     -5    24       1.9174460480E-005
#     -5    25       6.9632911957E-004
#     -5    26       5.5361206189E-006
#     -4   -22       4.4110099309E-005
#     -4   -21       2.6390180581E-005
#     -4   -20       6.3828268728E-007
#     -4   -19       4.4107927433E-005
#     -4   -18       4.2104428639E-005
#     -4   -17       8.3848320729E-006
#     -4   -16       3.2973035169E-005
#     -4   -15       2.4212782489E-004
#     -4   -14       2.5784390308E-005
#     -4   -13       1.9965573036E-004
#     -4   -12       4.0378670751E-004
#     -4   -11       1.0163306392E-004
#     -4   -10       6.0302524233E-004
#     -4    -9       1.2052670234E-004
#     -4    -8       8.6740227692E-005
#     -4    -7       1.3709209587E-004
#     -4    -6       1.1439659747E-004
#     -4    -5       4.5501536211E-005
#     -4    -4       5.6697105379E-005
#     -4    -3       5.0993249481E-005
#     -4    -2       9.9248483146E-005
#     -4    -1       1.2290284181E-004
#     -4     0       1.2403624083E-004
#     -4     1       9.6266186416E-006
#     -4     2       2.0653839627E-004
#     -4     3       1.3111572736E-004
#     -4     4       1.0839355910E-005
#     -4     5       1.5211862330E-004
#     -4     6       5.1253699219E-005
#     -4     7       9.5919122682E-007
#     -4     8       6.6213664271E-005
#     -4     9       5.2020875652E-005
#     -4    10       1.3230319218E-005
#     -4    11       1.8412551086E-005
#     -4    12       9.1773407066E-005
#     -4    13       9.2733581227E-005
#     -4    14       4.6103726160E-005
#     -4    15       2.5622811368E-005
#     -4    16       9.3709828839E-005
#     -4    17       1.6065182010E-005
#     -4    18       5.7668286703E-005
#     -4    19       1.7041342555E-005
#     -4    20       4.2070314439E-005
#     -4    21       1.6139458820E-005
#     -4    22       2.4027829881E-005
#     -4    23       4.4093959181E-005
#     -4    24       1.7795186240E-006
#     -4    25       9.9772641093E-008
#     -4    26       8.8856871170E-006
#     -3   -22       3.6478116847E-005
#     -3   -21       5.2898691965E-006
#     -3   -20       2.6596066247E-005
#     -3   -19       2.9120779634E-005
#     -3   -18       8.4982526099E-006
#     -3   -17       2.6910512899E-005
#     -3   -16       1.8841153800E-004
#     -3   -15       5.3211322851E-005
#     -3   -14       4.0470854400E-005
#     -3   -13       5.9082026939E-004
#     -3   -12       2.4263959025E-005
#     -3   -11       2.6963576258E-004
#     -3   -10       4.4069784511E-004
#     -3    -9       7.4019084358E-005
#     -3    -8       5.9339915148E-004
#     -3    -7       1.7169165168E-004
#     -3    -6       1.2576098675E-004
#     -3    -5       1.1746041413E-004
#     -3    -4       5.7976535605E-005
#     -3    -3       2.0271650289E-004
#     -3    -2       1.6343399268E-005
#     -3    -1       4.1905630570E-005
#     -3     0       1.4090102004E-004
#     -3     1       6.7409210318E-006
#     -3     2       5.0082814725E-005
#     -3     3       1.8598315218E-005
#     -3     4       1.4400059708E-004
#     -3     5       1.5172371507E-004
#     -3     6       1.3530443833E-005
#     -3     7       3.8541326886E-004
#     -3     8       6.3208174673E-005
#     -3     9       1.3278501430E-005
#     -3    10       1.3005688166E-004
#     -3    11       6.9583969738E-006
#     -3    12       9.0615074381E-005
#     -3    13       2.1984508404E-005
#     -3    14       5.1257981643E-005
#     -3    15       3.5880613624E-004
#     -3    16       2.3476328821E-005
#     -3    17       2.1014996958E-004
#     -3    18       1.6153057920E-004
#     -3    19       9.4503842215E-005
#     -3    20       1.4497785076E-004
#     -3    21       8.5626449608E-006
#     -3    22       4.1921715155E-005
#     -3    23       1.2386525125E-005
#     -3    24       1.3102849210E-005
#     -3    25       1.1646899421E-005
#     -2   -23       3.7975869113E-005
#     -2   -22       1.1327781890E-006
#     -2   -21       7.0071632850E-005
#     -2   -20       2.3690645207E-005
#     -2   -19       1.3398306591E-005
#     -2   -18       6.5227820163E-005
#     -2   -17       7.1962030606E-005
#     -2   -16       6.4479992842E-005
#     -2   -15       9.2566117111E-005
#     -2   -14       1.8931369200E-004
#     -2   -13       1.4548176365E-006
#     -2   -12       3.2540485960E-005
#     -2   -11       2.2721853476E-004
#     -2   -10       9.2991130661E-005
#     -2    -9       3.4933584607E-005
#     -2    -8       3.2827346785E-005
#     -2    -7       9.1600966970E-005
#     -2    -6       4.2146246866E-005
#     -2    -5       1.2609057866E-004
#     -2    -4       1.9958118999E-004
#     -2    -3       6.2127916328E-005
#     -2    -2       4.6222069378E-004
#     -2    -1       5.6789182775E-005
#     -2     0       6.4226786527E-005
#     -2     1       9.4305366547E-005
#     -2     2       2.4016254705E-005
#     -2     3       1.0806370132E-004
#     -2     4       2.4769892305E-005
#     -2     5       1.9175696756E-004
#     -2     6       7.3643496916E-005
#     -2     7       8.4942453922E-008
#     -2     8       8.9955931740E-005
#     -2     9       7.9659098128E-005
#     -2    10       1.1670684164E-005
#     -2    11       1.3836174611E-005
#     -2    12       8.2941826002E-005
#     -2    13       1.9220315471E-004
#     -2    14       6.8485340270E-006
#     -2    15       1.5885749360E-004
#     -2    16       1.6755012651E-004
#     -2    17       7.3223779390E-005
#     -2    18       1.6146134568E-004
#     -2    19       7.9810794158E-007
#     -2    20       1.2237599346E-004
#     -2    21       9.5303223778E-006
#     -2    22       3.6296804945E-006
#     -2    23       3.0048439407E-005
#     -2    24       1.3373697186E-006
#     -2    25       4.1482957581E-007
#     -1   -23       8.7324838610E-006
#     -1   -22       2.4088976755E-005
#     -1   -21       4.5926520469E-005
#     -1   -20       6.6241529813E-006
#     -1   -19       2.9713722363E-005
#     -1   -18       1.2152196584E-004
#     -1   -17       1.4043471843E-004
#     -1   -16       8.4164144531E-005
#     -1   -15       1.9289793940E-004
#     -1   -14       2.6601498039E-004
#     -1   -13       2.7764736953E-005
#     -1   -12       5.4070463207E-004
#     -1   -11       6.8317910278E-005
#     -1   -10       1.4810031478E-006
#     -1    -9       1.8940526918E-004
#     -1    -8       1.2422130072E-004
#     -1    -7       2.9328745495E-006
#     -1    -6       7.0011410218E-006
#     -1    -5       1.7384653090E-004
#     -1    -4       1.3259623932E-005
#     -1    -3       2.1428407130E-004
#     -1    -2       1.6625985478E-004
#     -1    -1       4.5229656921E-005
#     -1     0       1.4488597103E-004
#     -1     1       1.2671915884E-004
#     -1     2       2.9730904058E-005
#     -1     3       1.9027241594E-005
#     -1     4       1.6858570992E-004
#     -1     5       7.9778080435E-005
#     -1     6       2.9339535609E-006
#     -1     7       2.4679760340E-004
#     -1     8       2.7128688320E-006
#     -1     9       8.3425076921E-006
#     -1    10       4.1747615448E-005
#     -1    11       2.6608360572E-007
#     -1    12       1.1734799123E-004
#     -1    13       4.0396124954E-006
#     -1    14       3.9934561788E-005
#     -1    15       2.3102315446E-004
#     -1    16       1.5381995087E-005
#     -1    17       9.8944900616E-005
#     -1    18       5.9502966579E-005
#     -1    19       1.3740403466E-005
#     -1    20       6.6513902905E-006
#     -1    21       4.4704542522E-005
#     -1    22       5.8763190001E-006
#     -1    23       1.4454425784E-005
#     -1    24       1.6754415093E-005
#      0   -24       1.3365715171E-006
#      0   -23       3.0630279681E-005
#      0   -22       3.3988255440E-005
#      0   -21       5.6713928110E-007
#      0   -20       2.6040997885E-003
#      0   -19       7.8597790500E-005
#      0   -18       1.0493545601E-004
#      0   -17       5.1091023871E-005
#      0   -16       9.9578549707E-005
#      0   -15       2.1055891977E-002
#      0   -14       5.9666374063E-005
#      0   -13       5.0733404742E-004
#      0   -12       7.7529108485E-004
#      0   -11       5.7808232868E-005
#      0   -10       4.0558431364E-002
#      0    -9       2.6583445953E-004
#      0    -8       1.3632553585E-004
#      0    -7       3.3307867198E-004
#      0    -6       3.1942347160E-004
#      0    -5       1.7716272785E-003
#      0    -4       2.9884431960E-005
#      0    -3       1.1798574453E-004
#      0    -2       3.9110147362E-005
#      0    -1       8.3713127173E-005
#      0     0       2.9678597067E-002
#      0     1       9.5430528442E-005
#      0     2       1.9733560014E-004
#      0     3       3.4180540567E-004
#      0     4       1.0354120849E-004
#      0     5       2.7444678557E-002
#      0     6       1.3068843412E-004
#      0     7       8.0982933372E-005
#      0     8       9.5837246893E-005
#      0     9       1.1885795399E-004
#      0    10       1.4019798142E-002
#      0    11       9.6845163168E-005
#      0    12       3.2459502563E-004
#      0    13       4.0085128488E-004
#      0    14       1.2793030976E-005
#      0    15       3.7298041590E-002
#      0    16       1.3397241082E-004
#      0    17       1.9210950124E-004
#      0    18       1.1524876270E-004
#      0    19       1.6731951917E-006
#      0    20       6.5487170897E-003
#      0    21       1.4208452270E-006
#      0    22       5.2359706865E-006
#      0    23       8.1046464839E-007
#      0    24       2.6532196581E-006
#      1   -24       2.6724023431E-005
#      1   -23       3.9685299417E-005
#      1   -22       1.0364595573E-005
#      1   -21       1.6171363125E-005
#      1   -20       1.2201223981E-004
#      1   -19       1.0077239103E-005
#      1   -18       1.6335883325E-005
#      1   -17       1.6951310051E-004
#      1   -16       8.5803583630E-005
#      1   -15       1.2711114620E-004
#      1   -14       1.1735607196E-004
#      1   -13       3.2545781282E-004
#      1   -12       1.2185218387E-004
#      1   -11       1.4593831008E-004
#      1   -10       2.0056475548E-004
#      1    -9       4.3285052561E-006
#      1    -8       3.8103935116E-004
#      1    -7       1.9374250069E-004
#      1    -6       3.6436822156E-005
#      1    -5       8.3023098362E-005
#      1    -4       2.0970416374E-004
#      1    -3       3.3202096263E-005
#      1    -2       3.7410010222E-005
#      1    -1       7.6618694999E-005
#      1     0       3.4487637630E-005
#      1     1       7.7067165585E-005
#      1     2       1.4357023717E-004
#      1     3       1.0067541104E-005
#      1     4       2.4832464074E-004
#      1     5       5.2817601901E-005
#      1     6       1.4264216450E-005
#      1     7       1.7294144484E-004
#      1     8       4.8779533383E-007
#      1     9       7.4855125596E-005
#      1    10       1.2502352825E-005
#      1    11       7.5140358659E-006
#      1    12       5.4209845998E-005
#      1    13       1.3687371148E-004
#      1    14       8.8052422230E-006
#      1    15       5.0285545145E-005
#      1    16       1.0927930345E-004
#      1    17       1.1661576488E-005
#      1    18       8.1170049854E-005
#      1    19       3.0823873890E-006
#      1    20       4.8377376590E-005
#      1    21       2.3276751079E-005
#      1    22       1.6357378320E-005
#      1    23       4.5084308475E-005
#      2   -25       2.6459365148E-005
#      2   -24       3.7129539029E-005
#      2   -23       1.5719943213E-005
#      2   -22       8.1515857344E-005
#      2   -21       4.9045965812E-005
#      2   -20       5.5840487061E-005
#      2   -19       1.3400963177E-005
#      2   -18       3.0767562546E-004
#      2   -17       3.4331573353E-005
#      2   -16       1.5617413590E-004
#      2   -15       3.0213313808E-004
#      2   -14       2.5544520264E-004
#      2   -13       1.0623172441E-004
#      2   -12       1.3315910894E-004
#      2   -11       4.0007427710E-004
#      2   -10       1.0564908280E-004
#      2    -9       1.0225988319E-004
#      2    -8       7.2506649795E-005
#      2    -7       1.7890234688E-005
#      2    -6       1.0671298229E-004
#      2    -5       1.2077376437E-004
#      2    -4       1.5216660312E-005
#      2    -3       2.4384792190E-005
#      2    -2       1.7530130522E-005
#      2    -1       2.0358920478E-006
#      2     0       4.3351534343E-005
#      2     1       3.9258273341E-005
#      2     2       5.8721223388E-005
#      2     3       1.4058954638E-004
#      2     4       5.1091247989E-005
#      2     5       7.8816078156E-005
#      2     6       8.8178234203E-005
#      2     7       6.5210179888E-005
#      2     8       2.4494690464E-005
#      2     9       1.4121287735E-004
#      2    10       2.7015347032E-004
#      2    11       7.8506021814E-005
#      2    12       5.0175161115E-004
#      2    13       3.3222791292E-004
#      2    14       2.6952609513E-005
#      2    15       4.2601350578E-004
#      2    16       8.0042108717E-005
#      2    17       5.1920239776E-005
#      2    18       6.5549697010E-005
#      2    19       2.1418249127E-006
#      2    20       1.1655182311E-005
#      2    21       4.7968040042E-005
#      2    22       2.8044239721E-006
#      2    23       1.5647811096E-005
#      3   -25       7.6153647512E-005
#      3   -24       2.3125836459E-006
#      3   -23       5.5518202203E-005
#      3   -22       2.2500040976E-005
#      3   -21       9.2261407236E-007
#      3   -20       4.2235843406E-005
#      3   -19       2.5470537653E-005
#      3   -18       2.1937369092E-006
#      3   -17       5.7033704738E-005
#      3   -16       1.1643571570E-004
#      3   -15       1.2744521288E-004
#      3   -14       1.5277739126E-004
#      3   -13       2.1493813209E-005
#      3   -12       4.6901657850E-004
#      3   -11       9.3070497131E-005
#      3   -10       1.7413247852E-005
#      3    -9       2.2711489487E-004
#      3    -8       1.3165118240E-004
#      3    -7       2.9596546347E-006
#      3    -6       1.3388955203E-004
#      3    -5       3.2099299144E-005
#      3    -4       3.7843855603E-007
#      3    -3       9.3907960540E-005
#      3    -2       2.0309872154E-005
#      3    -1       1.1689508983E-004
#      3     0       1.8787059725E-004
#      3     1       1.6607078707E-004
#      3     2       1.1301142774E-004
#      3     3       1.9597381789E-004
#      3     4       9.2748172035E-005
#      3     5       1.1142142931E-004
#      3     6       2.7285963793E-005
#      3     7       4.0714921097E-005
#      3     8       5.3479386897E-005
#      3     9       5.0369936387E-005
#      3    10       1.2463920420E-004
#      3    11       6.5865224753E-005
#      3    12       5.0206603233E-006
#      3    13       3.2451583039E-004
#      3    14       1.1026116083E-005
#      3    15       1.5219400227E-004
#      3    16       2.2686837169E-005
#      3    17       4.3866277894E-005
#      3    18       1.2840098609E-004
#      3    19       5.3865294859E-006
#      3    20       3.8163416250E-005
#      3    21       5.1459911414E-006
#      3    22       1.2380546516E-005
#      4   -26       2.1774403342E-005
#      4   -25       2.2807691198E-006
#      4   -24       2.9629321729E-005
#      4   -23       2.8259940900E-005
#      4   -22       7.4343427243E-006
#      4   -21       5.6147789947E-005
#      4   -20       1.3730350028E-005
#      4   -19       2.3059550692E-005
#      4   -18       8.0731741010E-007
#      4   -17       1.0709957336E-004
#      4   -16       1.4113236021E-005
#      4   -15       8.6643729448E-005
#      4   -14       1.2801737900E-004
#      4   -13       1.0249253013E-004
#      4   -12       1.9150954038E-004
#      4   -11       1.7757325528E-005
#      4   -10       3.1570712124E-004
#      4    -9       5.2625533519E-005
#      4    -8       1.3250086452E-005
#      4    -7       2.4958045867E-004
#      4    -6       1.1701605688E-004
#      4    -5       1.8245720568E-005
#      4    -4       1.2812503627E-004
#      4    -3       7.3894102972E-005
#      4    -2       6.4954890194E-005
#      4    -1       1.8051425973E-004
#      4     0       1.4839413955E-004
#      4     1       8.3832414860E-005
#      4     2       2.4461511621E-004
#      4     3       8.3285355416E-005
#      4     4       1.4232262896E-004
#      4     5       1.4329566285E-004
#      4     6       7.8012221398E-005
#      4     7       1.6309961230E-004
#      4     8       8.9432126974E-005
#      4     9       1.9422871507E-004
#      4    10       2.1460139354E-004
#      4    11       6.2711849507E-005
#      4    12       3.4663735095E-004
#      4    13       8.2413958933E-005
#      4    14       1.0274788615E-005
#      4    15       1.0315185684E-004
#      4    16       7.7991049362E-005
#      4    17       6.8984958106E-005
#      4    18       1.5113406671E-004
#      4    19       3.6700298524E-005
#      4    20       6.9964503947E-005
#      4    21       8.4311475088E-006
#      4    22       9.0873940556E-006
#      5   -26       4.8174361313E-007
#      5   -25       4.4190640984E-004
#      5   -24       4.1760017725E-005
#      5   -23       8.3375269784E-006
#      5   -22       1.2104442614E-005
#      5   -21       3.6106759993E-005
#      5   -20       6.6662227423E-003
#      5   -19       5.3153613901E-005
#      5   -18       2.0421456122E-004
#      5   -17       8.9803364685E-005
#      5   -16       8.2341965961E-005
#      5   -15       1.3063619693E-002
#      5   -14       8.6451798889E-005
#      5   -13       2.1006834117E-004
#      5   -12       7.4659488536E-005
#      5   -11       1.6313755854E-004
#      5   -10       3.3286064865E-003
#      5    -9       4.5515785971E-005
#      5    -8       3.7052865859E-004
#      5    -7       2.1730986104E-004
#      5    -6       3.7087718556E-005
#      5    -5       3.0765603520E-002
#      5    -4       8.2602748556E-005
#      5    -3       7.5930842006E-006
#      5    -2       1.0743422177E-005
#      5    -1       6.9195209033E-005
#      5     0       2.7505768873E-003
#      5     1       1.7996799193E-004
#      5     2       2.0004820222E-004
#      5     3       3.1062179579E-004
#      5     4       9.5116094076E-005
#      5     5       3.1461550040E-003
#      5     6       9.1595639150E-005
#      5     7       5.8832263045E-005
#      5     8       9.8589272571E-005
#      5     9       6.9234043345E-005
#      5    10       1.2010748173E-002
#      5    11       1.0683511286E-004
#      5    12       2.0738394155E-004
#      5    13       3.4236299707E-004
#      5    14       1.4266452041E-005
#      5    15       9.5597879421E-003
#      5    16       5.6842934732E-005
#      5    17       1.0243035947E-004
#      5    18       6.5108070483E-005
#      5    19       1.7753477408E-006
#      5    20       8.2041928134E-004
#      5    21       2.0630022440E-006
#      6   -26       1.9379378649E-005
#      6   -25       6.2435775633E-005
#      6   -24       4.0160049110E-007
#      6   -23       2.0923681257E-005
#      6   -22       8.5166300497E-005
#      6   -21       9.3358886195E-006
#      6   -20       1.2161250516E-004
#      6   -19       3.6547742827E-005
#      6   -18       2.7298881417E-005
#      6   -17       6.3074887166E-005
#      6   -16       1.4811054770E-004
#      6   -15       7.8382292645E-005
#      6   -14       5.4956936020E-005
#      6   -13       1.7213890912E-006
#      6   -12       3.2799872890E-005
#      6   -11       1.1628626015E-004
#      6   -10       8.5131361484E-005
#      6    -9       8.4401905584E-006
#      6    -8       9.7295262876E-005
#      6    -7       5.4258741680E-005
#      6    -6       5.1505608533E-005
#      6    -5       8.4503843004E-005
#      6    -4       1.7092030451E-005
#      6    -3       3.6703593114E-005
#      6    -2       3.9908566685E-005
#      6    -1       4.9689448336E-005
#      6     0       2.7267313979E-005
#      6     1       8.4502965495E-006
#      6     2       9.3543010726E-005
#      6     3       1.6975293828E-004
#      6     4       4.6116741801E-005
#      6     5       1.2937398492E-004
#      6     6       5.0650179772E-005
#      6     7       7.2563577956E-005
#      6     8       5.0711539341E-006
#      6     9       1.1096315603E-004
#      6    10       2.9537861748E-005
#      6    11       1.0406455192E-006
#      6    12       1.2575773956E-004
#      6    13       5.5699662235E-005
#      6    14       4.2791778220E-005
#      6    15       2.4703920664E-004
#      6    16       6.3753390328E-005
#      6    17       1.0697379448E-004
#      6    18       1.1241500401E-004
#      6    19       2.3641633157E-005
#      6    20       8.5045239343E-005
#      7   -27       8.0941224082E-006
#      7   -26       3.5772952783E-005
#      7   -25       9.3302819076E-007
#      7   -24       2.3033863917E-005
#      7   -23       7.4770565997E-005
#      7   -22       6.0422077603E-006
#      7   -21       6.8817258092E-005
#      7   -20       4.5343116787E-005
#      7   -19       6.2111065948E-006
#      7   -18       1.9448174486E-004
#      7   -17       6.6064038924E-005
#      7   -16       5.5174641697E-005
#      7   -15       6.7176974334E-005
#      7   -14       1.5854606573E-005
#      7   -13       1.6954886892E-004
#      7   -12       4.4750000438E-005
#      7   -11       5.2919765621E-005
#      7   -10       4.1187742510E-005
#      7    -9       5.9579742150E-005
#      7    -8       1.6750715622E-004
#      7    -7       6.3092552797E-006
#      7    -6       1.6701645931E-004
#      7    -5       4.1419665324E-005
#      7    -4       8.2995460020E-006
#      7    -3       1.7604293695E-004
#      7    -2       2.2469030263E-005
#      7    -1       9.8103219546E-005
#      7     0       3.5610444402E-004
#      7     1       1.9609691561E-005
#      7     2       2.5863263079E-004
#      7     3       1.4292245676E-004
#      7     4       4.0755651672E-006
#      7     5       7.7160837160E-005
#      7     6       5.4016158338E-005
#      7     7       1.4793947608E-004
#      7     8       1.4979633850E-004
#      7     9       1.6359497013E-004
#      7    10       5.0996395271E-004
#      7    11       1.5297103770E-004
#      7    12       2.4753931660E-004
#      7    13       3.1130556973E-004
#      7    14       6.4120450336E-005
#      7    15       2.2879665420E-004
#      7    16       1.5785975790E-004
#      7    17       7.3894667985E-005
#      7    18       1.2909188783E-005
#      7    19       8.9287152364E-006
#      7    20       2.0589662348E-005
#      8   -27       7.0260428635E-006
#      8   -26       3.9249592390E-006
#      8   -25       5.7517165391E-005
#      8   -24       4.1218881943E-005
#      8   -23       1.0424125476E-005
#      8   -22       1.7955080305E-005
#      8   -21       3.0093132081E-005
#      8   -20       8.4987341452E-005
#      8   -19       3.9569708954E-005
#      8   -18       7.7869625563E-005
#      8   -17       2.8861979482E-005
#      8   -16       1.2600770700E-004
#      8   -15       1.2246994633E-004
#      8   -14       1.7865584185E-005
#      8   -13       9.4836553296E-005
#      8   -12       2.0429697803E-004
#      8   -11       2.6549923605E-005
#      8   -10       4.5236067162E-004
#      8    -9       1.1436900293E-004
#      8    -8       2.1888985326E-004
#      8    -7       3.0599852776E-004
#      8    -6       2.3933469402E-005
#      8    -5       4.6127332583E-005
#      8    -4       2.8070153663E-005
#      8    -3       1.4383834681E-005
#      8    -2       1.4923736174E-004
#      8    -1       9.5469667487E-005
#      8     0       1.6807687808E-004
#      8     1       1.7010712519E-004
#      8     2       3.7410639643E-007
#      8     3       1.4030515891E-004
#      8     4       9.0510676034E-006
#      8     5       2.8669252778E-005
#      8     6       3.6980306124E-005
#      8     7       1.9008794306E-005
#      8     8       2.5939659110E-005
#      8     9       8.3133992848E-005
#      8    10       6.6950306047E-005
#      8    11       3.8838119860E-005
#      8    12       1.0986120065E-004
#      8    13       1.5907073227E-004
#      8    14       1.4462741046E-006
#      8    15       2.9573240349E-004
#      8    16       1.0064235006E-005
#      8    17       1.3159976183E-005
#      8    18       3.6510599184E-005
#      8    19       1.5823118791E-005
#      9   -27       9.2818298350E-006
#      9   -26       1.1874837988E-005
#      9   -25       1.3324933906E-005
#      9   -24       1.5917002988E-005
#      9   -23       4.0221775753E-005
#      9   -22       1.1053191312E-004
#      9   -21       3.3832406916E-005
#      9   -20       2.4138578832E-005
#      9   -19       8.9375179270E-005
#      9   -18       9.3814390004E-005
#      9   -17       1.1822109674E-004
#      9   -16       8.2025943201E-005
#      9   -15       2.9816958549E-005
#      9   -14       1.6019131180E-005
#      9   -13       2.3511568372E-004
#      9   -12       8.5503437328E-005
#      9   -11       1.0802512076E-004
#      9   -10       7.4050987931E-005
#      9    -9       1.1523871880E-005
#      9    -8       2.2262840556E-004
#      9    -7       1.7650484976E-005
#      9    -6       1.5122344065E-004
#      9    -5       1.7513947104E-005
#      9    -4       8.7669561110E-006
#      9    -3       1.8182577522E-004
#      9    -2       1.0884149473E-004
#      9    -1       9.0895500001E-005
#      9     0       3.2293429630E-004
#      9     1       1.0991696996E-004
#      9     2       1.6155850481E-004
#      9     3       1.0562689942E-004
#      9     4       6.3065334943E-005
#      9     5       4.1777010463E-005
#      9     6       1.7353087298E-005
#      9     7       1.7720326222E-004
#      9     8       4.3718637413E-005
#      9     9       6.8939256512E-005
#      9    10       3.6693518379E-004
#      9    11       5.0391947944E-007
#      9    12       2.2355814399E-004
#      9    13       3.2769420444E-004
#      9    14       5.6668085120E-005
#      9    15       1.0135964753E-004
#      9    16       5.2668940846E-005
#      9    17       1.0598872493E-004
#      9    18       2.7037304608E-005
#     10   -27       1.1329554050E-005
#     10   -26       2.6184937859E-005
#     10   -25       2.7165828279E-004
#     10   -24       2.5538548563E-005
#     10   -23       5.1112764216E-005
#     10   -22       2.5737345646E-005
#     10   -21       3.3442959016E-005
#     10   -20       4.6279125022E-003
#     10   -19       4.2116620083E-005
#     10   -18       1.4448934755E-004
#     10   -17       2.2103869368E-004
#     10   -16       1.2180326185E-005
#     10   -15       1.1650029957E-002
#     10   -14       2.1713244543E-005
#     10   -13       2.3674020545E-004
#     10   -12       1.8617190275E-004
#     10   -11       3.6440443441E-005
#     10   -10       1.4371092016E-002
#     10    -9       1.0391019416E-004
#     10    -8       3.9835336308E-004
#     10    -7       1.8222519793E-004
#     10    -6       6.4475445880E-005
#     10    -5       2.7843907828E-003
#     10    -4       5.8142110567E-006
#     10    -3       1.6546201189E-004
#     10    -2       1.9811704373E-004
#     10    -1       2.4186684538E-005
#     10     0       4.2012396330E-002
#     10     1       6.3109190742E-005
#     10     2       1.0251835574E-004
#     10     3       1.1037736108E-004
#     10     4       4.0351284525E-005
#     10     5       1.6069923497E-002
#     10     6       8.6316513339E-005
#     10     7       7.3375521817E-005
#     10     8       2.7205770198E-004
#     10     9       2.4564125716E-005
#     10    10       4.0953289502E-003
#     10    11       2.7039504847E-004
#     10    12       1.1455494340E-004
#     10    13       2.0867168367E-004
#     10    14       1.5459252356E-005
#     10    15       3.7816463721E-004
#     10    16       7.9670767563E-006
#     10    17       8.2873548508E-006
#     11   -27       3.9465765289E-005
#     11   -26       7.3270322198E-006
#     11   -25       4.7338506938E-005
#     11   -24       2.3562197154E-005
#     11   -23       1.7658375850E-005
#     11   -22       1.4087595298E-004
#     11   -21       4.9285292192E-005
#     11   -20       7.4387099500E-005
#     11   -19       6.3456242742E-005
#     11   -18       1.4929152436E-004
#     11   -17       1.5306218501E-004
#     11   -16       1.6721102191E-004
#     11   -15       7.9958730339E-005
#     11   -14       1.2005113321E-005
#     11   -13       1.0000592619E-004
#     11   -12       2.7877182708E-004
#     11   -11       3.2028816243E-005
#     11   -10       3.6636379094E-005
#     11    -9       1.9675410196E-005
#     11    -8       3.8895326665E-005
#     11    -7       3.2027170997E-005
#     11    -6       1.8865194356E-004
#     11    -5       1.4160352755E-005
#     11    -4       7.5227960504E-005
#     11    -3       9.3571225893E-005
#     11    -2       3.9329565040E-005
#     11    -1       7.0356119465E-005
#     11     0       3.1231685996E-005
#     11     1       5.2849432102E-005
#     11     2       2.0891677533E-005
#     11     3       1.0120064765E-004
#     11     4       1.5515781529E-004
#     11     5       9.2225547746E-005
#     11     6       5.1451896803E-005
#     11     7       3.0347548511E-004
#     11     8       3.8758506524E-005
#     11     9       1.3323586764E-004
#     11    10       4.3193859591E-004
#     11    11       1.9423222730E-005
#     11    12       1.9474450973E-004
#     11    13       2.2683079622E-004
#     11    14       3.2500411938E-005
#     11    15       6.4801371670E-005
#     11    16       4.2057133961E-005
#     12   -27       1.7017119919E-006
#     12   -26       3.0305063961E-005
#     12   -25       4.4286070865E-005
#     12   -24       1.0753743197E-005
#     12   -23       1.0696403649E-004
#     12   -22       2.0888510078E-005
#     12   -21       3.1465010965E-005
#     12   -20       1.7801139629E-004
#     12   -19       7.5202713493E-005
#     12   -18       2.3665185799E-004
#     12   -17       7.8822694612E-005
#     12   -16       1.7732339119E-005
#     12   -15       3.2642746501E-004
#     12   -14       7.1767457701E-005
#     12   -13       3.3785075925E-004
#     12   -12       8.4377487660E-005
#     12   -11       3.7516865060E-005
#     12   -10       4.3073077379E-004
#     12    -9       4.9678593962E-005
#     12    -8       3.4506093830E-004
#     12    -7       3.7397543690E-005
#     12    -6       4.5644800811E-005
#     12    -5       9.9205712963E-005
#     12    -4       1.2385310074E-005
#     12    -3       1.9597463976E-004
#     12    -2       2.3960345195E-004
#     12    -1       1.0576667505E-004
#     12     0       3.4656558397E-004
#     12     1       5.0847549221E-005
#     12     2       1.3994995291E-004
#     12     3       2.8227616756E-005
#     12     4       1.3559577328E-005
#     12     5       2.8790641836E-005
#     12     6       7.7666471585E-005
#     12     7       6.8769354614E-005
#     12     8       1.9739158847E-004
#     12     9       1.7033975863E-005
#     12    10       3.1744472369E-004
#     12    11       1.2608443655E-004
#     12    12       6.2251856849E-005
#     12    13       1.5254278510E-004
#     12    14       2.4027558268E-005
#     12    15       4.4877616760E-005
#     13   -28       1.4132576741E-006
#     13   -27       1.7602224055E-005
#     13   -26       3.9597529103E-005
#     13   -25       2.4433433494E-005
#     13   -24       2.2557467771E-005
#     13   -23       3.5825880963E-006
#     13   -22       1.5730159689E-004
#     13   -21       3.9718589624E-005
#     13   -20       1.5942536473E-004
#     13   -19       7.8576085750E-005
#     13   -18       1.7316811821E-005
#     13   -17       2.9179141895E-004
#     13   -16       1.2086138569E-004
#     13   -15       2.9925183359E-004
#     13   -14       1.8400529083E-005
#     13   -13       7.4041138812E-005
#     13   -12       5.8207813023E-004
#     13   -11       1.7539146044E-005
#     13   -10       3.8141821408E-004
#     13    -9       1.1079077496E-004
#     13    -8       4.8736622858E-005
#     13    -7       1.4209917036E-004
#     13    -6       8.5748160236E-006
#     13    -5       9.5581664824E-005
#     13    -4       6.4644055788E-005
#     13    -3       4.7264441821E-005
#     13    -2       2.0479106408E-004
#     13    -1       3.6186430701E-006
#     13     0       2.4381430269E-004
#     13     1       5.5542011377E-005
#     13     2       1.0307778510E-004
#     13     3       4.9495514753E-005
#     13     4       1.6644724784E-004
#     13     5       6.0311371935E-007
#     13     6       1.1411484241E-004
#     13     7       3.6871096342E-005
#     13     8       1.9217295364E-004
#     13     9       4.5232138166E-005
#     13    10       5.2171286308E-005
#     13    11       1.2144782327E-004
#     13    12       5.1789940343E-005
#     13    13       8.3419562801E-005
#     13    14       1.2231788907E-005
#     13    15       2.5037137345E-005
#     14   -28       1.1733755052E-005
#     14   -27       2.5010298779E-005
#     14   -26       3.5613883261E-006
#     14   -25       1.3066686098E-005
#     14   -24       2.4257312196E-005
#     14   -23       5.0941125732E-005
#     14   -22       5.3606757602E-005
#     14   -21       3.3347924388E-005
#     14   -20       9.0706869593E-005
#     14   -19       9.0526288711E-005
#     14   -18       2.4851141359E-004
#     14   -17       1.1618786967E-004
#     14   -16       2.8892837860E-005
#     14   -15       1.5150459894E-004
#     14   -14       8.1539943920E-005
#     14   -13       3.3732975216E-004
#     14   -12       6.8898295011E-006
#     14   -11       5.5870763803E-005
#     14   -10       2.1889818215E-004
#     14    -9       1.3888990820E-005
#     14    -8       3.3834916362E-004
#     14    -7       2.7217993347E-005
#     14    -6       2.0686670018E-004
#     14    -5       1.3945092653E-004
#     14    -4       4.7583955268E-005
#     14    -3       2.1915766082E-004
#     14    -2       1.4874192039E-005
#     14    -1       1.0577826607E-004
#     14     0       4.7267703199E-005
#     14     1       6.4437446241E-006
#     14     2       2.7790934696E-006
#     14     3       2.7824129634E-005
#     14     4       8.2552404859E-006
#     14     5       1.4372312089E-004
#     14     6       7.6510610473E-005
#     14     7       2.1674745003E-004
#     14     8       2.5718555133E-004
#     14     9       2.8738795640E-005
#     14    10       4.4067839155E-004
#     14    11       1.2068942461E-004
#     14    12       5.8977001266E-005
#     14    13       1.1323968904E-004
#     14    14       7.0303853784E-005
#     15   -28       1.1718533439E-005
#     15   -27       2.4802952396E-006
#     15   -26       6.4650603901E-006
#     15   -25       8.5596985421E-004
#     15   -24       3.1664770658E-007
#     15   -23       2.0229624968E-005
#     15   -22       1.1140575358E-004
#     15   -21       1.8024527706E-005
#     15   -20       9.0845200809E-003
#     15   -19       2.6271336099E-005
#     15   -18       1.1264756227E-004
#     15   -17       2.3760274096E-004
#     15   -16       3.1323535610E-005
#     15   -15       3.6526441787E-002
#     15   -14       1.9830709525E-006
#     15   -13       1.5648261057E-004
#     15   -12       4.6449653159E-004
#     15   -11       1.4302893311E-005
#     15   -10       1.5032499866E-002
#     15    -9       2.8665673934E-005
#     15    -8       9.1176211494E-005
#     15    -7       3.4880798608E-005
#     15    -6       1.8696747834E-005
#     15    -5       1.9306755156E-002
#     15    -4       1.8165511398E-004
#     15    -3       9.9033039329E-005
#     15    -2       3.1404132895E-004
#     15    -1       5.0547964893E-005
#     15     0       2.5992611165E-002
#     15     1       7.0561386154E-005
#     15     2       1.5482950980E-004
#     15     3       5.7471209127E-005
#     15     4       1.9421688420E-004
#     15     5       7.4534218735E-003
#     15     6       1.6349562462E-004
#     15     7       2.4351649842E-005
#     15     8       1.5320885174E-004
#     15     9       3.7808820815E-005
#     15    10       5.8838177633E-004
#     15    11       1.0917592134E-004
#     15    12       3.0158182086E-005
#     15    13       3.1188326146E-006
#     16   -27       4.9553550809E-006
#     16   -26       8.5793094057E-006
#     16   -25       2.4379666156E-006
#     16   -24       4.4913202551E-005
#     16   -23       1.2563177442E-005
#     16   -22       1.3099230190E-004
#     16   -21       4.1874607252E-005
#     16   -20       1.1044040501E-005
#     16   -19       6.4099917935E-005
#     16   -18       1.7158945582E-004
#     16   -17       1.5085705639E-004
#     16   -16       8.8665332684E-005
#     16   -15       2.2482051776E-005
#     16   -14       8.7291946299E-005
#     16   -13       1.5315495131E-004
#     16   -12       2.0640459207E-004
#     16   -11       1.3540209137E-005
#     16   -10       4.5771346865E-006
#     16    -9       3.1333343242E-005
#     16    -8       5.9680194912E-005
#     16    -7       3.4987405044E-005
#     16    -6       4.1905603279E-005
#     16    -5       8.1121316607E-005
#     16    -4       1.6945279205E-005
#     16    -3       7.4748246531E-005
#     16    -2       4.0915112541E-005
#     16    -1       1.0187960158E-005
#     16     0       7.8945145973E-005
#     16     1       3.7187984698E-006
#     16     2       1.6894527317E-005
#     16     3       1.0400168853E-005
#     16     4       2.9039821019E-005
#     16     5       3.3658302179E-005
#     16     6       3.7917635503E-005
#     16     7       6.0483214848E-005
#     16     8       8.7528784229E-005
#     16     9       2.8454249300E-005
#     16    10       1.1558961437E-004
#     16    11       1.1016143119E-005
#     17   -27       1.4155455959E-005
#     17   -26       9.3657176129E-007
#     17   -25       3.1998513329E-005
#     17   -24       1.0483963735E-005
#     17   -23       5.7272038256E-005
#     17   -22       4.4427812032E-005
#     17   -21       1.9322511023E-006
#     17   -20       2.2932964591E-004
#     17   -19       6.7036579638E-005
#     17   -18       1.3258589290E-004
#     17   -17       5.3325499712E-005
#     17   -16       1.5656405710E-005
#     17   -15       3.3442012891E-004
#     17   -14       2.4518441896E-005
#     17   -13       2.2897919571E-004
#     17   -12       1.5736593126E-004
#     17   -11       2.6769474352E-005
#     17   -10       4.1067418533E-004
#     17    -9       3.6931846948E-005
#     17    -8       2.0086520536E-004
#     17    -7       3.5389988417E-005
#     17    -6       4.7878390037E-005
#     17    -5       1.4427461075E-004
#     17    -4       9.6882763240E-006
#     17    -3       1.6433632680E-004
#     17    -2       1.6723590970E-004
#     17    -1       1.1421668145E-004
#     17     0       2.6304966533E-004
#     17     1       8.0864880722E-005
#     17     2       1.4045440532E-004
#     17     3       8.1271342452E-005
#     17     4       4.1907529751E-005
#     17     5       8.5373721489E-005
#     17     6       1.2730541723E-004
#     17     7       5.8461239001E-006
#     17     8       9.3581220352E-005
#     17     9       1.9196502201E-005
#     17    10       4.8477949448E-005
#     18   -27       4.0460610291E-006
#     18   -26       4.2100730967E-006
#     18   -25       2.3546257215E-005
#     18   -24       4.4282167066E-006
#     18   -23       1.0453411733E-005
#     18   -22       8.2518369440E-005
#     18   -21       1.4456839971E-005
#     18   -20       6.8246563445E-005
#     18   -19       4.9099522442E-005
#     18   -18       1.1644111776E-005
#     18   -17       3.4115378266E-004
#     18   -16       4.8176758294E-006
#     18   -15       1.8334010450E-004
#     18   -14       1.3560774160E-004
#     18   -13       5.7138841782E-006
#     18   -12       3.4741759066E-004
#     18   -11       1.4809863665E-005
#     18   -10       6.2519947787E-005
#     18    -9       8.5432548175E-006
#     18    -8       7.4374721932E-005
#     18    -7       2.3021392625E-005
#     18    -6       1.4724661166E-004
#     18    -5       2.6536933061E-005
#     18    -4       2.5349792471E-004
#     18    -3       1.8227769387E-006
#     18    -2       1.4892801080E-004
#     18    -1       2.7177733621E-005
#     18     0       9.3697969005E-005
#     18     1       3.3702235340E-005
#     18     2       7.0861519109E-005
#     18     3       4.1876834680E-005
#     18     4       7.8333475490E-005
#     18     5       1.1340512629E-005
#     18     6       2.7574473251E-005
#     18     7       3.4931268251E-005
#     18     8       7.7185964385E-005
#     18     9       1.9589199303E-005
#     19   -27       2.4509248165E-007
#     19   -26       7.7492577827E-006
#     19   -25       8.4765667095E-007
#     19   -24       1.7702862979E-005
#     19   -23       1.5339845096E-005
#     19   -22       2.6864308874E-005
#     19   -21       1.8111205944E-006
#     19   -20       7.4490703938E-005
#     19   -19       2.2497362726E-005
#     19   -18       1.8774253751E-004
#     19   -17       2.2152733290E-005
#     19   -16       2.6628406111E-005
#     19   -15       2.0199758814E-004
#     19   -14       9.4027660760E-006
#     19   -13       2.1265431462E-004
#     19   -12       3.5937834083E-005
#     19   -11       2.9045117153E-005
#     19   -10       8.2485499086E-005
#     19    -9       2.3274697088E-005
#     19    -8       5.7494912216E-005
#     19    -7       2.3355216126E-005
#     19    -6       1.5524214229E-005
#     19    -5       2.0097191291E-004
#     19    -4       4.3716202256E-006
#     19    -3       1.1783704506E-004
#     19    -2       9.6186242116E-005
#     19    -1       8.2575056726E-005
#     19     0       5.1578321322E-005
#     19     1       7.5799115279E-005
#     19     2       5.8392383884E-005
#     19     3       1.0048931449E-004
#     19     4       4.7632234615E-005
#     19     5       3.5759551510E-005
#     19     6       4.2466915190E-005
#     19     7       1.4967080601E-006
#     19     8       4.6491423719E-005
#     20   -27       1.0693060657E-005
#     20   -26       6.2267504357E-006
#     20   -25       5.9661913375E-004
#     20   -24       1.2108002742E-005
#     20   -23       3.1707595277E-005
#     20   -22       7.9820049244E-005
#     20   -21       1.2090404752E-006
#     20   -20       6.2413289890E-003
#     20   -19       9.3294602590E-006
#     20   -18       8.2295109098E-006
#     20   -17       7.5057822817E-005
#     20   -16       2.0657181015E-005
#     20   -15       1.0537793753E-002
#     20   -14       9.0038711095E-006
#     20   -13       1.5336466332E-005
#     20   -12       7.7589104103E-005
#     20   -11       8.0836996763E-006
#     20   -10       7.1685042080E-003
#     20    -9       1.5594787420E-005
#     20    -8       5.7738795547E-007
#     20    -7       1.1018662762E-004
#     20    -6       1.8601851407E-005
#     20    -5       8.8298417721E-003
#     20    -4       1.5735031547E-004
#     20    -3       2.2193404152E-005
#     20    -2       1.3721782030E-004
#     20    -1       7.1329318203E-005
#     20     0       2.7465052030E-003
#     20     1       1.7439851082E-005
#     20     2       4.5386503253E-005
#     20     3       3.0807769463E-006
#     20     4       2.7553466374E-005
#     20     5       3.9820599639E-004
#     20     6       3.6530969580E-005
#     20     7       1.6475337756E-005
#     21   -26       7.4483103304E-007
#     21   -25       3.5141414589E-006
#     21   -24       1.6817452523E-006
#     21   -23       1.2611335800E-005
#     21   -22       1.7278343342E-005
#     21   -21       1.1438946859E-005
#     21   -20       3.7325053001E-006
#     21   -19       2.5705647401E-005
#     21   -18       3.7111286508E-005
#     21   -17       7.0687152380E-005
#     21   -16       1.2941730423E-006
#     21   -15       3.3061992831E-006
#     21   -14       5.6660511503E-005
#     21   -13       1.2819778224E-005
#     21   -12       3.2651304242E-005
#     21   -11       1.3842689481E-005
#     21   -10       3.4402622073E-005
#     21    -9       3.5458414544E-006
#     21    -8       9.3832559155E-005
#     21    -7       8.7143409315E-006
#     21    -6       4.5633329003E-005
#     21    -5       6.6252940808E-005
#     21    -4       2.5668580929E-006
#     21    -3       5.8088495381E-006
#     21    -2       3.4345928676E-005
#     21    -1       2.9322942663E-006
#     21     0       6.2139689907E-006
#     21     1       2.8045996901E-005
#     21     2       1.1765475431E-005
#     21     3       6.7868264157E-006
#     21     4       2.8568940405E-006
#     21     5       1.2331917795E-005
#     22   -26       1.6836699514E-006
#     22   -25       5.9911989011E-006
#     22   -24       8.2501340319E-007
#     22   -23       6.3810254188E-006
#     22   -22       1.3317389412E-005
#     22   -21       2.7947227290E-006
#     22   -20       4.8838083718E-005
#     22   -19       7.1350285712E-006
#     22   -18       5.7218474173E-005
#     22   -17       4.1301573387E-005
#     22   -16       5.4162858297E-006
#     22   -15       1.9946147298E-004
#     22   -14       2.1217613814E-005
#     22   -13       9.6974844505E-005
#     22   -12       5.3498667430E-005
#     22   -11       3.6610199184E-005
#     22   -10       5.3980083123E-005
#     22    -9       8.4214311002E-006
#     22    -8       1.6106669882E-005
#     22    -7       3.2735933251E-005
#     22    -6       1.4709956692E-005
#     22    -5       3.8955617346E-005
#     22    -4       4.0665966140E-005
#     22    -3       6.0752107009E-006
#     22    -2       3.1856738165E-005
#     22    -1       7.5098699732E-005
#     22     0       2.0452126396E-005
#     22     1       4.7961032105E-005
#     22     2       6.5202508080E-005
#     22     3       4.5494257182E-005
#     22     4       3.1905442354E-005
#     23   -25       3.4169752302E-006
#     23   -24       1.6345295296E-006
#     23   -23       2.4109049171E-006
#     23   -22       1.7882405617E-005
#     23   -21       1.8944831642E-006
#     23   -20       2.3191467237E-005
#     23   -19       1.2184600396E-005
#     23   -18       8.0796390493E-007
#     23   -17       4.9565971203E-005
#     23   -16       1.2383015291E-005
#     23   -15       1.9665809097E-005
#     23   -14       1.6631584494E-005
#     23   -13       1.1779166755E-005
#     23   -12       2.3190646732E-005
#     23   -11       3.5826194412E-005
#     23   -10       6.0053000074E-005
#     23    -9       1.4969737648E-006
#     23    -8       6.1746052495E-005
#     23    -7       4.3569587232E-006
#     23    -6       2.0440817721E-005
#     23    -5       1.4674922960E-005
#     23    -4       2.4205022718E-005
#     23    -3       1.5308683527E-005
#     23    -2       2.7999980600E-005
#     23    -1       3.3278203206E-006
#     23     0       5.6654895838E-006
#     23     1       1.7896162056E-006
#     23     2       9.7193877723E-007
#     24   -24       2.7893340225E-008
#     24   -23       1.1938853474E-006
#     24   -22       1.6931073335E-006
#     24   -21       1.9374299177E-006
#     24   -20       3.1329381957E-005
#     24   -19       2.1537579170E-005
#     24   -18       1.4075595234E-005
#     24   -17       1.2102469964E-005
#     24   -16       1.5407544362E-005
#     24   -15       2.7624032530E-005
#     24   -14       3.4961750307E-005
#     24   -13       2.5347263964E-005
#     24   -12       1.5476516956E-005
#     24   -11       2.6061582427E-005
#     24   -10       2.7697256728E-006
#     24    -9       4.8087243956E-006
#     24    -8       7.8781110656E-006
#     24    -7       7.5714664510E-006
#     24    -6       3.1848414211E-006
#     24    -5       3.6195052849E-005
#     24    -4       1.8204957372E-005
#     24    -3       8.2891917192E-005
#     24    -2       2.6758567939E-005
#     24    -1       1.8972224546E-005
#     24     0       4.5168096341E-006
#     25   -23       4.4276282196E-006
#     25   -22       1.5942580484E-006
#     25   -21       6.7939476124E-006
#     25   -20       7.3822939625E-004
#     25   -19       9.2800661482E-006
#     25   -18       1.0163232773E-005
#     25   -17       1.3091743762E-005
#     25   -16       5.8811461309E-006
#     25   -15       6.2643772613E-004
#     25   -14       7.8312154510E-006
#     25   -13       1.0722866466E-006
#     25   -12       5.1874879380E-006
#     25   -11       1.4534789839E-005
#     25   -10       3.0629983452E-004
#     25    -9       1.7464445566E-005
#     25    -8       4.6850213056E-005
#     25    -7       1.7917520460E-005
#     25    -6       4.1105071043E-005
#     25    -5       3.6943488222E-004
#     25    -4       1.5436318730E-005
#     25    -3       2.1822768100E-005
#     25    -2       9.3710656530E-006
#     26   -22       3.1395312081E-006
#     26   -21       1.5370830217E-006
#     26   -20       2.9424099573E-006
#     26   -19       9.0156387736E-006
#     26   -18       1.0750359235E-006
#     26   -17       2.6497677432E-005
#     26   -16       5.0619558227E-006
