 Diffraction intensities for potential:ga5x5_30D10002.in                       
#    -28    13       3.3602385366E-005
#    -28    14       5.4644882812E-006
#    -28    15       4.6850107212E-005
#    -27     7       4.0002723963E-005
#    -27     8       1.1208442351E-005
#    -27     9       7.4960244328E-005
#    -27    10       3.9827727052E-005
#    -27    11       3.9890458048E-005
#    -27    12       3.8017881459E-004
#    -27    13       1.0542330513E-004
#    -27    14       6.0437708831E-005
#    -27    15       1.2424630431E-004
#    -27    16       4.2599398915E-005
#    -27    17       6.3064942987E-005
#    -27    18       1.4805456445E-005
#    -27    19       1.2680038236E-004
#    -27    20       3.4693979486E-005
#    -26     4       2.2374567229E-004
#    -26     5       2.0997787565E-004
#    -26     6       1.0279958558E-004
#    -26     7       1.5511913383E-004
#    -26     8       4.7814909217E-005
#    -26     9       4.9347592217E-006
#    -26    10       1.1657683811E-004
#    -26    11       1.4687515520E-004
#    -26    12       7.7867715930E-004
#    -26    13       1.1169555786E-004
#    -26    14       1.1959802400E-004
#    -26    15       1.9836335126E-004
#    -26    16       2.8495882713E-004
#    -26    17       7.3826942878E-004
#    -26    18       5.1903491292E-005
#    -26    19       1.8045960835E-004
#    -26    20       7.0631233273E-004
#    -26    21       2.7729533851E-004
#    -26    22       5.4157275090E-005
#    -25     2       3.7652042436E-004
#    -25     3       3.4077629568E-004
#    -25     4       3.1126430815E-004
#    -25     5       1.8236741067E-003
#    -25     6       1.0295810624E-003
#    -25     7       7.7319012454E-004
#    -25     8       1.5556173049E-004
#    -25     9       2.4917124742E-004
#    -25    10       7.9649791245E-004
#    -25    11       1.8207770394E-004
#    -25    12       1.7540249739E-004
#    -25    13       4.5357015831E-005
#    -25    14       8.6202863739E-005
#    -25    15       1.5829427609E-004
#    -25    16       1.5111024274E-004
#    -25    17       2.6063589832E-004
#    -25    18       9.0996068207E-005
#    -25    19       1.6494094033E-004
#    -25    20       9.0307489195E-004
#    -25    21       2.6203753990E-004
#    -25    22       2.3833461900E-006
#    -25    23       2.3354800938E-004
#    -24     0       2.6006645813E-004
#    -24     1       3.5292511326E-004
#    -24     2       1.0237148410E-004
#    -24     3       2.6221807779E-004
#    -24     4       1.8325983596E-004
#    -24     5       1.7512863826E-004
#    -24     6       1.0400415368E-004
#    -24     7       8.7236063631E-005
#    -24     8       2.5157899459E-004
#    -24     9       3.4036823078E-004
#    -24    10       6.3724223509E-006
#    -24    11       1.8911837676E-004
#    -24    12       5.9910716358E-005
#    -24    13       3.3860594118E-004
#    -24    14       2.5760485829E-004
#    -24    15       2.3260840497E-004
#    -24    16       1.6481413923E-004
#    -24    17       2.2249926015E-004
#    -24    18       9.9531024538E-005
#    -24    19       2.6956411976E-004
#    -24    20       5.0256592332E-004
#    -24    21       2.2098245372E-004
#    -24    22       1.7941744500E-004
#    -24    23       8.8588143819E-005
#    -24    24       9.3859229793E-005
#    -23    -2       1.7197550656E-004
#    -23    -1       3.3059771836E-004
#    -23     0       1.2272691757E-005
#    -23     1       5.0820493556E-004
#    -23     2       5.2439929578E-004
#    -23     3       1.0706194841E-003
#    -23     4       7.1949271505E-004
#    -23     5       5.5954082785E-005
#    -23     6       5.2299785634E-004
#    -23     7       5.6844299837E-004
#    -23     8       1.1245332436E-004
#    -23     9       1.5619998708E-003
#    -23    10       9.0095030268E-005
#    -23    11       1.7239665333E-004
#    -23    12       2.3087598151E-004
#    -23    13       7.2716259310E-004
#    -23    14       2.6535150635E-006
#    -23    15       4.9418581047E-005
#    -23    16       2.3418210523E-003
#    -23    17       7.3265218464E-004
#    -23    18       1.0014361892E-004
#    -23    19       5.6573754675E-004
#    -23    20       6.4435572621E-004
#    -23    21       7.8352986266E-005
#    -23    22       1.9870002810E-005
#    -23    23       1.1707750168E-004
#    -23    24       3.1208634672E-004
#    -23    25       2.6039349825E-004
#    -22    -4       3.2350688947E-004
#    -22    -3       8.8014478358E-005
#    -22    -2       2.5076745707E-004
#    -22    -1       2.5616351053E-005
#    -22     0       4.1208980517E-005
#    -22     1       7.8553892649E-005
#    -22     2       5.7529093886E-006
#    -22     3       5.8485668893E-004
#    -22     4       1.7224511179E-004
#    -22     5       3.0759963327E-005
#    -22     6       4.4984281600E-004
#    -22     7       3.2003578682E-004
#    -22     8       3.9663954121E-004
#    -22     9       8.1882053426E-005
#    -22    10       1.7862372795E-006
#    -22    11       4.5065782664E-004
#    -22    12       2.5180689256E-004
#    -22    13       2.9766645511E-004
#    -22    14       1.5388689644E-004
#    -22    15       5.4732775711E-004
#    -22    16       3.2145653594E-004
#    -22    17       1.2551324991E-004
#    -22    18       1.5815774652E-004
#    -22    19       1.9110762097E-004
#    -22    20       1.9055306915E-004
#    -22    21       8.9735850725E-005
#    -22    22       3.4749508126E-004
#    -22    23       3.1154120503E-005
#    -22    24       3.4315860939E-004
#    -22    25       5.9200735781E-006
#    -22    26       1.2333759456E-005
#    -21    -5       8.3643632059E-005
#    -21    -4       1.1592691529E-004
#    -21    -3       2.2608076448E-004
#    -21    -2       1.3112524401E-004
#    -21    -1       7.0752646342E-004
#    -21     0       3.8354423183E-004
#    -21     1       5.3495777639E-004
#    -21     2       1.1593236883E-003
#    -21     3       2.1765969415E-004
#    -21     4       3.3562718804E-004
#    -21     5       3.3429403712E-004
#    -21     6       1.1314024919E-003
#    -21     7       1.3125640444E-003
#    -21     8       2.9291418752E-004
#    -21     9       4.9661620727E-004
#    -21    10       1.9301388084E-004
#    -21    11       1.7360126381E-004
#    -21    12       3.6016083517E-004
#    -21    13       1.0024759297E-004
#    -21    14       3.2232385374E-005
#    -21    15       5.4771351689E-004
#    -21    16       2.5056610019E-004
#    -21    17       3.2934438001E-005
#    -21    18       3.9693520472E-004
#    -21    19       3.3376872252E-004
#    -21    20       8.1380489961E-005
#    -21    21       2.7344798966E-004
#    -21    22       9.0766571396E-005
#    -21    23       5.0977568451E-005
#    -21    24       2.9909328161E-004
#    -21    25       3.1555009943E-006
#    -21    26       9.0627734794E-005
#    -20    -7       1.6866262692E-004
#    -20    -6       1.1232504155E-004
#    -20    -5       3.4169777127E-004
#    -20    -4       1.2798051127E-004
#    -20    -3       7.4031834314E-004
#    -20    -2       7.8750611368E-005
#    -20    -1       2.3647287433E-004
#    -20     0       2.4773383466E-003
#    -20     1       6.7409512520E-004
#    -20     2       5.3007937533E-004
#    -20     3       2.9374806868E-004
#    -20     4       7.5321200771E-004
#    -20     5       5.0866257209E-003
#    -20     6       8.7665516480E-004
#    -20     7       2.5702280241E-005
#    -20     8       4.5001132064E-004
#    -20     9       1.9187020544E-004
#    -20    10       6.4735467360E-004
#    -20    11       1.2923619279E-004
#    -20    12       1.2837239132E-003
#    -20    13       4.2905656721E-004
#    -20    14       1.5854146601E-004
#    -20    15       2.7640323356E-003
#    -20    16       7.7567999051E-005
#    -20    17       8.8043110066E-005
#    -20    18       5.5614060480E-005
#    -20    19       6.2685159007E-004
#    -20    20       1.6680617702E-003
#    -20    21       1.8165927862E-004
#    -20    22       2.1497505391E-004
#    -20    23       2.9012933625E-004
#    -20    24       4.4765693166E-004
#    -20    25       1.2051943154E-004
#    -20    26       6.0008452455E-005
#    -20    27       1.3388569918E-004
#    -19    -8       8.4652079288E-005
#    -19    -7       2.1387945068E-005
#    -19    -6       7.9781300049E-005
#    -19    -5       1.7246088400E-004
#    -19    -4       3.3978387911E-005
#    -19    -3       1.8627877557E-004
#    -19    -2       1.3200162609E-004
#    -19    -1       1.0536888767E-004
#    -19     0       3.7259714727E-005
#    -19     1       2.0506726504E-004
#    -19     2       7.1197909887E-004
#    -19     3       1.6307499523E-004
#    -19     4       5.3990716206E-005
#    -19     5       6.0959818161E-004
#    -19     6       3.9575324026E-005
#    -19     7       9.1301967900E-005
#    -19     8       1.6455469727E-005
#    -19     9       4.6407047285E-004
#    -19    10       1.6116015219E-004
#    -19    11       4.5316875518E-004
#    -19    12       1.7795460878E-004
#    -19    13       2.6621427285E-005
#    -19    14       4.6759817922E-004
#    -19    15       1.0642866568E-004
#    -19    16       2.1506464581E-004
#    -19    17       2.8326035015E-004
#    -19    18       8.8834436150E-006
#    -19    19       4.0021521560E-004
#    -19    20       9.9454708785E-005
#    -19    21       4.0151091315E-004
#    -19    22       1.4026139711E-004
#    -19    23       2.3118340057E-004
#    -19    24       1.6575405584E-004
#    -19    25       9.8036583617E-005
#    -19    26       2.7089492623E-005
#    -19    27       1.9913697013E-004
#    -18    -9       5.2228091447E-005
#    -18    -8       1.0908454665E-004
#    -18    -7       2.2496732011E-004
#    -18    -6       8.1256732840E-005
#    -18    -5       9.2727833852E-004
#    -18    -4       5.4662244236E-005
#    -18    -3       2.0484668960E-004
#    -18    -2       6.7570304513E-005
#    -18    -1       6.1675195531E-004
#    -18     0       5.0644028207E-005
#    -18     1       6.4091559573E-005
#    -18     2       1.7001669214E-004
#    -18     3       1.2086980375E-003
#    -18     4       1.0186347438E-003
#    -18     5       2.2587135014E-004
#    -18     6       1.8151666067E-005
#    -18     7       1.3135850665E-004
#    -18     8       1.1465607167E-004
#    -18     9       1.2077156352E-003
#    -18    10       4.5550997591E-004
#    -18    11       1.9312146379E-003
#    -18    12       9.2139141404E-004
#    -18    13       1.3847226116E-004
#    -18    14       6.6823823179E-005
#    -18    15       3.0598649982E-004
#    -18    16       1.0271719530E-004
#    -18    17       3.5880274706E-004
#    -18    18       4.0463544000E-004
#    -18    19       3.5302627430E-004
#    -18    20       6.3388015398E-004
#    -18    21       3.1498903662E-004
#    -18    22       2.3710109357E-004
#    -18    23       1.2286333168E-004
#    -18    24       6.9427931951E-005
#    -18    25       5.4423715607E-005
#    -18    26       1.4149409400E-006
#    -18    27       7.2671274643E-005
#    -17   -10       7.2319310941E-005
#    -17    -9       1.2763793757E-004
#    -17    -8       1.6770170695E-005
#    -17    -7       8.9588166223E-005
#    -17    -6       3.2320094081E-004
#    -17    -5       2.3779476921E-005
#    -17    -4       4.9542101412E-004
#    -17    -3       1.1559384195E-004
#    -17    -2       8.7567979151E-005
#    -17    -1       4.2064238426E-004
#    -17     0       2.3042446424E-004
#    -17     1       8.4992374688E-004
#    -17     2       4.9582646199E-004
#    -17     3       8.7998307219E-004
#    -17     4       1.7242981193E-004
#    -17     5       6.1257812025E-005
#    -17     6       4.2183652643E-004
#    -17     7       1.7307597312E-004
#    -17     8       7.5816149896E-004
#    -17     9       3.9870218086E-004
#    -17    10       8.5087339421E-004
#    -17    11       2.0822463133E-004
#    -17    12       6.4708614511E-004
#    -17    13       6.6674004915E-004
#    -17    14       1.6243512700E-004
#    -17    15       3.2482814737E-004
#    -17    16       4.1800502399E-004
#    -17    17       1.9638791775E-004
#    -17    18       1.9493064642E-004
#    -17    19       1.2503979441E-004
#    -17    20       1.1164356259E-004
#    -17    21       9.4302241720E-005
#    -17    22       6.5717021694E-005
#    -17    23       1.8679318668E-005
#    -17    24       1.0706792620E-005
#    -17    25       5.5649024319E-005
#    -17    26       9.0971156574E-005
#    -17    27       8.7952676582E-005
#    -16   -11       4.3918930899E-005
#    -16   -10       1.9514518285E-005
#    -16    -9       2.5117920427E-004
#    -16    -8       9.1800932356E-005
#    -16    -7       6.0760918692E-005
#    -16    -6       1.9031243467E-004
#    -16    -5       2.3079621971E-004
#    -16    -4       5.3733337794E-004
#    -16    -3       3.0403644943E-004
#    -16    -2       5.3638464050E-004
#    -16    -1       2.7957817435E-004
#    -16     0       1.0744118793E-003
#    -16     1       1.2045989221E-003
#    -16     2       8.9513354362E-004
#    -16     3       9.4343232760E-004
#    -16     4       1.9438498497E-004
#    -16     5       1.3279490661E-004
#    -16     6       6.1309596556E-004
#    -16     7       2.9696884419E-005
#    -16     8       3.0513709845E-004
#    -16     9       1.0094649350E-003
#    -16    10       1.0430334932E-003
#    -16    11       1.5474133199E-004
#    -16    12       2.6008104768E-006
#    -16    13       1.8617754223E-004
#    -16    14       7.8967862747E-004
#    -16    15       1.5164386193E-004
#    -16    16       7.3247613837E-004
#    -16    17       1.4529528203E-004
#    -16    18       2.0578033778E-004
#    -16    19       7.1162164737E-004
#    -16    20       1.9247419991E-004
#    -16    21       1.4220631433E-004
#    -16    22       4.3834061178E-004
#    -16    23       4.2230978403E-005
#    -16    24       1.0637737023E-004
#    -16    25       6.8223043586E-005
#    -16    26       1.8930665525E-004
#    -16    27       1.0664884117E-004
#    -15   -13       3.6192544243E-005
#    -15   -12       3.1387163630E-005
#    -15   -11       1.3641504557E-005
#    -15   -10       8.3369852502E-004
#    -15    -9       3.8619280154E-007
#    -15    -8       5.4656333956E-005
#    -15    -7       1.5283838756E-005
#    -15    -6       4.7900926140E-004
#    -15    -5       2.9304751220E-003
#    -15    -4       1.5088978340E-004
#    -15    -3       4.1761950854E-004
#    -15    -2       7.3534241960E-004
#    -15    -1       5.2664731546E-005
#    -15     0       1.3872399794E-002
#    -15     1       4.6147522687E-004
#    -15     2       9.2658441661E-004
#    -15     3       1.6497311466E-004
#    -15     4       1.6754203234E-004
#    -15     5       5.1280926593E-003
#    -15     6       3.2751545857E-004
#    -15     7       4.2994227226E-004
#    -15     8       2.1453067956E-003
#    -15     9       7.0494853761E-004
#    -15    10       6.3808277432E-003
#    -15    11       3.5751763671E-004
#    -15    12       2.6591000771E-004
#    -15    13       4.9683302930E-004
#    -15    14       2.1025172081E-005
#    -15    15       1.0176538635E-002
#    -15    16       1.1890987241E-004
#    -15    17       3.7084895242E-004
#    -15    18       6.2692431155E-004
#    -15    19       3.7581878318E-004
#    -15    20       3.3206257640E-003
#    -15    21       3.0068486879E-004
#    -15    22       6.0456702566E-005
#    -15    23       6.0851324410E-005
#    -15    24       8.6927438079E-005
#    -15    25       2.1852788694E-004
#    -15    26       2.3789451467E-004
#    -15    27       2.4862551987E-004
#    -15    28       1.8457853528E-004
#    -14   -14       6.4700928255E-005
#    -14   -13       1.5246431994E-004
#    -14   -12       1.3601965721E-004
#    -14   -11       3.6428741235E-005
#    -14   -10       1.7569286395E-004
#    -14    -9       9.7502375392E-005
#    -14    -8       3.2024420627E-004
#    -14    -7       2.2311112222E-004
#    -14    -6       1.5676689270E-005
#    -14    -5       5.9998299131E-004
#    -14    -4       1.6621003270E-005
#    -14    -3       4.9829341595E-004
#    -14    -2       9.3202935173E-005
#    -14    -1       6.8280448500E-004
#    -14     0       1.0103363090E-003
#    -14     1       5.5196467623E-005
#    -14     2       2.0030250508E-004
#    -14     3       1.0203701746E-004
#    -14     4       4.0904332788E-004
#    -14     5       6.9850623190E-004
#    -14     6       5.9763358886E-005
#    -14     7       8.1367264643E-005
#    -14     8       6.7791237795E-005
#    -14     9       3.7038002644E-005
#    -14    10       7.7272431292E-004
#    -14    11       1.2468417639E-003
#    -14    12       2.9199555786E-006
#    -14    13       4.7555119847E-004
#    -14    14       7.1045409160E-004
#    -14    15       2.1332157428E-004
#    -14    16       7.7150737909E-005
#    -14    17       7.2941108093E-004
#    -14    18       8.2642254796E-005
#    -14    19       2.7819083346E-005
#    -14    20       7.7575401564E-005
#    -14    21       1.5220710382E-004
#    -14    22       3.4102682255E-004
#    -14    23       3.0258778634E-004
#    -14    24       6.0701057426E-006
#    -14    25       2.1446791854E-004
#    -14    26       8.7282925260E-006
#    -14    27       1.2667154053E-005
#    -14    28       3.8440435982E-005
#    -13   -15       7.1709311630E-005
#    -13   -14       1.1235643960E-004
#    -13   -13       1.5518264081E-004
#    -13   -12       8.1260393251E-005
#    -13   -11       4.1402765535E-006
#    -13   -10       5.2589729660E-005
#    -13    -9       3.2370810033E-005
#    -13    -8       4.4783378338E-004
#    -13    -7       3.1769493983E-004
#    -13    -6       6.2876664437E-005
#    -13    -5       2.8670509520E-004
#    -13    -4       1.1072742437E-004
#    -13    -3       1.5650819733E-004
#    -13    -2       6.2435770172E-005
#    -13    -1       1.2876660874E-003
#    -13     0       2.9664136222E-004
#    -13     1       1.1800839495E-003
#    -13     2       5.7871360480E-004
#    -13     3       6.9090462160E-004
#    -13     4       1.7819512967E-003
#    -13     5       1.3283007393E-003
#    -13     6       3.7681622823E-004
#    -13     7       6.0513377928E-004
#    -13     8       3.0970950143E-004
#    -13     9       1.9689094053E-004
#    -13    10       1.4166177685E-004
#    -13    11       5.3202913278E-004
#    -13    12       5.2200350224E-004
#    -13    13       3.0683764244E-004
#    -13    14       4.2883518226E-004
#    -13    15       9.1107594152E-004
#    -13    16       1.9906199362E-004
#    -13    17       1.0303961113E-003
#    -13    18       9.8235292544E-004
#    -13    19       1.2497979969E-005
#    -13    20       2.6617711357E-004
#    -13    21       2.8431874096E-005
#    -13    22       9.3144416007E-005
#    -13    23       9.4647593441E-005
#    -13    24       2.8015462122E-004
#    -13    25       3.5952648409E-004
#    -13    26       4.8501218868E-004
#    -13    27       6.5229322745E-004
#    -13    28       1.2693241931E-004
#    -12   -15       1.8593566882E-006
#    -12   -14       3.6370787690E-006
#    -12   -13       1.2502917923E-004
#    -12   -12       2.3294217004E-004
#    -12   -11       2.1588662238E-004
#    -12   -10       2.6586035393E-005
#    -12    -9       1.1805951490E-003
#    -12    -8       2.5873895158E-004
#    -12    -7       5.1803595666E-004
#    -12    -6       3.8137585465E-004
#    -12    -5       3.2941415816E-005
#    -12    -4       2.3114043680E-004
#    -12    -3       2.3810416391E-004
#    -12    -2       4.3084584028E-004
#    -12    -1       2.3343485460E-004
#    -12     0       5.2886370269E-004
#    -12     1       8.9859056833E-004
#    -12     2       2.7455184276E-004
#    -12     3       1.2243962722E-003
#    -12     4       5.1389965584E-004
#    -12     5       2.2896571303E-004
#    -12     6       9.7582855910E-005
#    -12     7       2.8239547199E-004
#    -12     8       2.2957513028E-004
#    -12     9       2.1341063684E-004
#    -12    10       2.4339766934E-004
#    -12    11       2.7873138029E-004
#    -12    12       7.4403260212E-005
#    -12    13       9.7691345216E-004
#    -12    14       3.5946649431E-004
#    -12    15       4.1748398531E-004
#    -12    16       1.3282277264E-005
#    -12    17       1.5844109604E-004
#    -12    18       3.5354329507E-004
#    -12    19       5.0417659574E-005
#    -12    20       1.1330817763E-004
#    -12    21       3.1772550904E-004
#    -12    22       4.0404179588E-004
#    -12    23       6.5942918047E-004
#    -12    24       6.0177502949E-004
#    -12    25       5.1446173423E-004
#    -12    26       7.0421910810E-005
#    -12    27       3.6034947167E-004
#    -11   -16       3.3681640645E-005
#    -11   -15       2.9119443318E-004
#    -11   -14       4.0823376639E-004
#    -11   -13       3.1812180789E-005
#    -11   -12       4.8036406676E-005
#    -11   -11       5.1209745116E-004
#    -11   -10       1.5092084536E-004
#    -11    -9       4.9382749033E-004
#    -11    -8       2.7357312364E-004
#    -11    -7       4.5886334170E-005
#    -11    -6       1.2699488094E-004
#    -11    -5       4.6985568167E-004
#    -11    -4       3.3984060635E-004
#    -11    -3       9.8749095324E-005
#    -11    -2       2.1452079403E-004
#    -11    -1       1.8092557357E-004
#    -11     0       5.4093321383E-004
#    -11     1       1.7530932922E-004
#    -11     2       8.0412132244E-006
#    -11     3       1.9545274916E-005
#    -11     4       3.3657989236E-004
#    -11     5       1.3883225082E-004
#    -11     6       1.1603632035E-003
#    -11     7       1.5203237169E-004
#    -11     8       3.8771163259E-004
#    -11     9       1.1507644568E-003
#    -11    10       5.5841083707E-004
#    -11    11       6.5524158288E-004
#    -11    12       2.9244546848E-005
#    -11    13       1.0310101966E-004
#    -11    14       3.9067413476E-004
#    -11    15       1.4923084440E-004
#    -11    16       3.7142135585E-005
#    -11    17       1.1502125589E-004
#    -11    18       7.3478849367E-005
#    -11    19       1.1678074086E-004
#    -11    20       4.7335652265E-006
#    -11    21       3.7162581672E-005
#    -11    22       7.9584016487E-005
#    -11    23       8.3536109801E-005
#    -11    24       3.0893152817E-005
#    -11    25       3.5543318409E-004
#    -11    26       1.2625954844E-004
#    -11    27       8.4300572858E-005
#    -10   -17       1.8572216522E-004
#    -10   -16       4.8502735539E-005
#    -10   -15       4.0427815990E-004
#    -10   -14       3.8250882312E-005
#    -10   -13       2.0555003873E-004
#    -10   -12       2.2077300196E-004
#    -10   -11       1.2258214280E-004
#    -10   -10       2.6013011735E-003
#    -10    -9       2.2498625415E-004
#    -10    -8       1.2672594641E-004
#    -10    -7       2.1844362933E-004
#    -10    -6       2.3490392849E-004
#    -10    -5       3.9156211704E-003
#    -10    -4       1.2638157850E-003
#    -10    -3       3.9581658058E-004
#    -10    -2       6.4471382857E-004
#    -10    -1       4.9002448932E-005
#    -10     0       4.8986172801E-003
#    -10     1       2.0562529313E-003
#    -10     2       8.3068103905E-005
#    -10     3       3.0894992547E-004
#    -10     4       2.2524293783E-004
#    -10     5       2.6371086989E-004
#    -10     6       2.8427542840E-004
#    -10     7       7.6639312708E-004
#    -10     8       8.5312606440E-004
#    -10     9       1.9138523651E-004
#    -10    10       1.8702271562E-002
#    -10    11       3.5199898978E-004
#    -10    12       1.8402107310E-004
#    -10    13       2.2803626750E-004
#    -10    14       1.4715960103E-003
#    -10    15       9.4657571313E-003
#    -10    16       5.0108594306E-004
#    -10    17       1.8941202445E-004
#    -10    18       6.7231594043E-004
#    -10    19       2.7831105429E-004
#    -10    20       2.2078465838E-003
#    -10    21       1.1318295054E-003
#    -10    22       1.1102319868E-004
#    -10    23       1.7270175224E-006
#    -10    24       5.2758726904E-004
#    -10    25       6.2633993035E-005
#    -10    26       2.0395438935E-004
#    -10    27       1.1483230269E-004
#     -9   -18       5.9748067786E-006
#     -9   -17       1.9242036662E-005
#     -9   -16       4.4349977348E-005
#     -9   -15       5.2352147195E-005
#     -9   -14       1.9343713980E-004
#     -9   -13       5.1576795005E-005
#     -9   -12       3.4977691300E-006
#     -9   -11       6.1606149405E-005
#     -9   -10       2.5143015390E-005
#     -9    -9       4.0686800937E-004
#     -9    -8       1.8030070578E-004
#     -9    -7       9.3264467044E-006
#     -9    -6       1.0839116775E-003
#     -9    -5       1.2995855075E-005
#     -9    -4       4.6049914625E-005
#     -9    -3       1.5997296507E-005
#     -9    -2       3.8241975702E-005
#     -9    -1       9.4493396548E-004
#     -9     0       4.6640932142E-005
#     -9     1       1.2847111298E-004
#     -9     2       1.6138020387E-004
#     -9     3       6.5994755965E-005
#     -9     4       6.4153501672E-004
#     -9     5       6.8193400120E-004
#     -9     6       9.3960265187E-005
#     -9     7       8.9254798529E-005
#     -9     8       2.9253944934E-004
#     -9     9       3.4221218207E-004
#     -9    10       1.7830109601E-003
#     -9    11       4.8047585334E-004
#     -9    12       4.2674704147E-005
#     -9    13       2.3996580068E-004
#     -9    14       2.9004287681E-004
#     -9    15       3.6660969197E-004
#     -9    16       2.9892637479E-004
#     -9    17       5.5830001385E-004
#     -9    18       9.2348579147E-004
#     -9    19       1.3451072085E-004
#     -9    20       9.3299123737E-005
#     -9    21       9.1109389255E-005
#     -9    22       8.2047963644E-005
#     -9    23       2.1284356672E-004
#     -9    24       3.1496896057E-006
#     -9    25       1.0130955556E-004
#     -9    26       3.3404358756E-005
#     -9    27       5.5712902611E-006
#     -8   -19       1.0604959876E-004
#     -8   -18       6.8310999440E-005
#     -8   -17       4.3259826024E-005
#     -8   -16       4.0236275820E-005
#     -8   -15       1.2241650098E-004
#     -8   -14       9.2158036508E-004
#     -8   -13       2.8375330485E-004
#     -8   -12       1.3170112391E-004
#     -8   -11       9.3200320288E-005
#     -8   -10       2.6327377990E-004
#     -8    -9       6.5363306076E-004
#     -8    -8       9.5279223093E-005
#     -8    -7       9.8948916117E-005
#     -8    -6       1.0749188872E-003
#     -8    -5       1.0415061437E-003
#     -8    -4       4.8782531745E-004
#     -8    -3       1.6610419281E-003
#     -8    -2       2.1782088136E-004
#     -8    -1       1.1139790400E-003
#     -8     0       2.0242163041E-004
#     -8     1       2.6652564169E-006
#     -8     2       2.0579343503E-004
#     -8     3       1.7928386666E-004
#     -8     4       8.9962893799E-004
#     -8     5       3.5552412714E-004
#     -8     6       5.5406075067E-004
#     -8     7       1.7151048685E-004
#     -8     8       2.2906735008E-004
#     -8     9       1.5022791662E-003
#     -8    10       8.3157385351E-005
#     -8    11       1.6952537314E-005
#     -8    12       6.2555669039E-004
#     -8    13       2.4212162368E-004
#     -8    14       6.7997269749E-004
#     -8    15       4.0824187651E-005
#     -8    16       1.3283746407E-004
#     -8    17       3.0694246922E-004
#     -8    18       5.5383006350E-004
#     -8    19       5.0714275064E-005
#     -8    20       5.2650718380E-004
#     -8    21       5.1382194190E-004
#     -8    22       1.8379616723E-004
#     -8    23       4.8513729524E-005
#     -8    24       1.8624675123E-004
#     -8    25       2.3763132551E-004
#     -8    26       4.7811738712E-005
#     -8    27       7.3685986909E-005
#     -7   -20       1.0902195742E-004
#     -7   -19       1.0913823927E-004
#     -7   -18       1.1452550180E-004
#     -7   -17       1.8491247873E-004
#     -7   -16       2.9100998416E-005
#     -7   -15       2.3565882662E-004
#     -7   -14       3.0311794297E-004
#     -7   -13       3.9378197090E-005
#     -7   -12       1.2144580211E-004
#     -7   -11       5.8800978661E-005
#     -7   -10       1.3072676217E-004
#     -7    -9       8.8576555466E-005
#     -7    -8       1.9312680082E-004
#     -7    -7       3.2574620540E-005
#     -7    -6       1.0284025096E-003
#     -7    -5       6.5342650089E-004
#     -7    -4       4.8356049738E-004
#     -7    -3       2.6966431941E-004
#     -7    -2       4.6105507614E-005
#     -7    -1       4.9698908804E-005
#     -7     0       3.1969956643E-004
#     -7     1       7.8144707639E-004
#     -7     2       5.4474680234E-004
#     -7     3       9.5210414993E-005
#     -7     4       7.9994888339E-005
#     -7     5       3.4562892372E-004
#     -7     6       2.5320851496E-004
#     -7     7       3.4167178157E-004
#     -7     8       2.0853769282E-004
#     -7     9       2.5589136198E-004
#     -7    10       1.8228412053E-004
#     -7    11       8.1607821522E-004
#     -7    12       9.2075532544E-005
#     -7    13       1.5847919763E-004
#     -7    14       4.1846735538E-004
#     -7    15       2.3601194460E-004
#     -7    16       9.0612560258E-004
#     -7    17       3.7944361998E-004
#     -7    18       2.7847108368E-004
#     -7    19       3.9238896955E-005
#     -7    20       3.7761988416E-004
#     -7    21       8.1965275645E-004
#     -7    22       1.5799412891E-005
#     -7    23       7.6708853737E-004
#     -7    24       5.9601786793E-004
#     -7    25       5.8568773985E-004
#     -7    26       3.4866932499E-004
#     -7    27       1.8486484937E-004
#     -6   -20       2.0216215066E-004
#     -6   -19       6.2488809840E-005
#     -6   -18       3.3659310711E-005
#     -6   -17       1.0841072751E-004
#     -6   -16       2.1979758250E-004
#     -6   -15       1.6840751151E-005
#     -6   -14       8.7981942950E-005
#     -6   -13       1.6925814421E-004
#     -6   -12       2.4550377742E-004
#     -6   -11       1.3725098692E-004
#     -6   -10       1.0304548919E-005
#     -6    -9       9.5405270173E-005
#     -6    -8       2.3084110016E-004
#     -6    -7       7.9666902695E-005
#     -6    -6       5.7939970809E-004
#     -6    -5       3.9317910380E-005
#     -6    -4       1.4318766540E-004
#     -6    -3       1.2133576018E-004
#     -6    -2       6.4333277767E-004
#     -6    -1       1.1637565499E-004
#     -6     0       9.4961288993E-004
#     -6     1       4.5931622023E-004
#     -6     2       6.7124345247E-005
#     -6     3       1.2550859095E-004
#     -6     4       8.2298625515E-005
#     -6     5       2.0225355018E-004
#     -6     6       2.0023122778E-004
#     -6     7       1.8864177955E-004
#     -6     8       4.2318946787E-004
#     -6     9       6.8980556488E-005
#     -6    10       2.4935825564E-004
#     -6    11       8.7652447805E-004
#     -6    12       9.4046047364E-005
#     -6    13       2.7172422515E-004
#     -6    14       2.7718180015E-004
#     -6    15       3.0335742604E-004
#     -6    16       2.5091047868E-004
#     -6    17       5.5586826882E-005
#     -6    18       1.4544052419E-004
#     -6    19       1.4761681731E-003
#     -6    20       1.3727880374E-004
#     -6    21       7.0458157416E-004
#     -6    22       4.7816775226E-005
#     -6    23       1.1613276860E-007
#     -6    24       2.8527702277E-004
#     -6    25       8.6446434354E-005
#     -6    26       2.7342148265E-004
#     -5   -21       6.5219479238E-007
#     -5   -20       5.3447977246E-004
#     -5   -19       1.7043432628E-004
#     -5   -18       2.7970338611E-004
#     -5   -17       5.9858526954E-004
#     -5   -16       3.7120212858E-004
#     -5   -15       3.4837427116E-003
#     -5   -14       2.5632929007E-004
#     -5   -13       4.1480649332E-004
#     -5   -12       5.5972512962E-004
#     -5   -11       3.2267364664E-004
#     -5   -10       5.6923694823E-003
#     -5    -9       9.9791327636E-004
#     -5    -8       2.0462533123E-003
#     -5    -7       2.8144578739E-004
#     -5    -6       5.3932910365E-004
#     -5    -5       2.4705058470E-003
#     -5    -4       1.7624034100E-005
#     -5    -3       1.2572398065E-003
#     -5    -2       1.5568299650E-004
#     -5    -1       2.4276196749E-004
#     -5     0       8.7388191620E-003
#     -5     1       4.8983125189E-004
#     -5     2       9.0696767139E-004
#     -5     3       1.7005705523E-004
#     -5     4       9.7397031550E-005
#     -5     5       1.1759913214E-003
#     -5     6       8.1443038005E-004
#     -5     7       1.0143820463E-003
#     -5     8       2.0022532178E-004
#     -5     9       9.5779658962E-004
#     -5    10       1.4626033231E-003
#     -5    11       2.8161610115E-005
#     -5    12       5.3541060689E-004
#     -5    13       1.5258981502E-005
#     -5    14       1.5182254039E-004
#     -5    15       9.9863292300E-003
#     -5    16       6.8660595196E-004
#     -5    17       6.8068279270E-004
#     -5    18       3.1686655248E-005
#     -5    19       1.3192723957E-003
#     -5    20       4.8627539899E-003
#     -5    21       1.4482003501E-004
#     -5    22       6.1939039999E-004
#     -5    23       2.5526170200E-004
#     -5    24       8.1931675166E-004
#     -5    25       1.5621575021E-003
#     -5    26       9.9970777012E-006
#     -4   -22       5.6721387893E-005
#     -4   -21       1.0509568059E-004
#     -4   -20       2.2507527023E-004
#     -4   -19       6.7154457363E-005
#     -4   -18       5.2880866985E-004
#     -4   -17       1.0161030696E-004
#     -4   -16       8.0036675553E-005
#     -4   -15       1.3069279485E-004
#     -4   -14       7.8818242142E-005
#     -4   -13       5.8085119865E-005
#     -4   -12       1.2424838311E-004
#     -4   -11       5.8997112158E-004
#     -4   -10       1.1355567389E-003
#     -4    -9       2.2264527909E-004
#     -4    -8       2.4957036178E-006
#     -4    -7       6.4434728766E-005
#     -4    -6       6.8952206808E-004
#     -4    -5       4.0732024712E-004
#     -4    -4       1.4602646638E-004
#     -4    -3       1.8152337658E-004
#     -4    -2       1.3545064438E-004
#     -4    -1       5.2772072490E-004
#     -4     0       2.3795205221E-004
#     -4     1       8.7231794066E-004
#     -4     2       2.2436980579E-004
#     -4     3       1.0463360161E-004
#     -4     4       5.1324125140E-005
#     -4     5       1.0800571551E-005
#     -4     6       4.7566407532E-004
#     -4     7       9.8093190102E-004
#     -4     8       1.3555453795E-004
#     -4     9       2.2566488528E-004
#     -4    10       2.6114328884E-004
#     -4    11       4.5593903711E-004
#     -4    12       3.0726638913E-005
#     -4    13       4.1158627951E-005
#     -4    14       1.2013060270E-003
#     -4    15       9.2349246562E-005
#     -4    16       2.8195353143E-004
#     -4    17       4.1322099586E-004
#     -4    18       1.2129971758E-004
#     -4    19       2.4192828698E-004
#     -4    20       8.7362463475E-006
#     -4    21       1.6198748267E-004
#     -4    22       1.3866117579E-004
#     -4    23       4.9938153391E-004
#     -4    24       1.3456357039E-005
#     -4    25       3.4581475560E-005
#     -4    26       7.7899272376E-005
#     -3   -22       4.0986361143E-005
#     -3   -21       1.0537219089E-004
#     -3   -20       6.1785433776E-005
#     -3   -19       5.6810230532E-004
#     -3   -18       5.7843868083E-005
#     -3   -17       7.6506389751E-005
#     -3   -16       7.5714448975E-005
#     -3   -15       4.7189925614E-004
#     -3   -14       2.0216132077E-005
#     -3   -13       1.8536640656E-004
#     -3   -12       5.7760110939E-004
#     -3   -11       2.8905901465E-004
#     -3   -10       3.3158264803E-004
#     -3    -9       1.1374123857E-005
#     -3    -8       1.1427484993E-004
#     -3    -7       1.1725764293E-003
#     -3    -6       9.3809826226E-004
#     -3    -5       1.0575549482E-004
#     -3    -4       2.0505293432E-004
#     -3    -3       4.6830655682E-005
#     -3    -2       6.0924293348E-004
#     -3    -1       6.4682816691E-004
#     -3     0       9.8024745033E-004
#     -3     1       1.0775746599E-003
#     -3     2       1.0147707468E-003
#     -3     3       8.1849310465E-005
#     -3     4       1.5449374066E-004
#     -3     5       9.5745103319E-005
#     -3     6       2.0365932101E-004
#     -3     7       3.1634162347E-004
#     -3     8       6.8455339158E-005
#     -3     9       1.5420377364E-004
#     -3    10       2.4969502309E-004
#     -3    11       6.1980722473E-006
#     -3    12       4.2076600096E-005
#     -3    13       5.7818616307E-005
#     -3    14       9.1856453354E-004
#     -3    15       6.4591639228E-004
#     -3    16       2.6600905169E-004
#     -3    17       1.6818586895E-004
#     -3    18       1.3021043107E-004
#     -3    19       4.3949668178E-004
#     -3    20       2.2733946867E-004
#     -3    21       2.0004886118E-004
#     -3    22       2.3166037258E-004
#     -3    23       1.7106690455E-005
#     -3    24       1.1566735803E-005
#     -3    25       7.9296757714E-006
#     -2   -23       4.4800741987E-005
#     -2   -22       8.5447190241E-005
#     -2   -21       3.9371598561E-004
#     -2   -20       1.7397773849E-004
#     -2   -19       7.3019972070E-005
#     -2   -18       4.0663596974E-005
#     -2   -17       6.5002800035E-005
#     -2   -16       2.2918713298E-005
#     -2   -15       2.0586570772E-004
#     -2   -14       7.5152084785E-004
#     -2   -13       8.4925015149E-005
#     -2   -12       8.2959618597E-005
#     -2   -11       8.6430800506E-004
#     -2   -10       4.3702465054E-004
#     -2    -9       3.7500686288E-004
#     -2    -8       1.6873862419E-004
#     -2    -7       1.7324120043E-003
#     -2    -6       2.9211398586E-004
#     -2    -5       2.3381969560E-004
#     -2    -4       6.4495587735E-004
#     -2    -3       1.0100035138E-003
#     -2    -2       1.8035621463E-004
#     -2    -1       4.7114033046E-004
#     -2     0       2.0961426844E-004
#     -2     1       7.6359774329E-005
#     -2     2       5.4393904559E-004
#     -2     3       8.2872515662E-004
#     -2     4       2.0746328051E-005
#     -2     5       4.6307627472E-005
#     -2     6       2.6139541932E-004
#     -2     7       1.0945928530E-004
#     -2     8       8.0792259859E-004
#     -2     9       5.6757702698E-004
#     -2    10       3.6207520755E-005
#     -2    11       1.7834580645E-003
#     -2    12       4.9411800231E-004
#     -2    13       4.7396544706E-005
#     -2    14       1.0336073588E-004
#     -2    15       7.1806601773E-005
#     -2    16       8.2618984680E-004
#     -2    17       7.9438108671E-004
#     -2    18       9.0460485679E-004
#     -2    19       2.8498651558E-004
#     -2    20       3.1702751012E-004
#     -2    21       2.0670081353E-004
#     -2    22       1.5348193946E-004
#     -2    23       4.2757554323E-004
#     -2    24       3.5457109927E-004
#     -2    25       7.0429904512E-005
#     -1   -23       3.5767902177E-005
#     -1   -22       1.6603062412E-005
#     -1   -21       2.0098552793E-004
#     -1   -20       1.0304200951E-004
#     -1   -19       6.3685464250E-006
#     -1   -18       1.1492171253E-005
#     -1   -17       3.4284899856E-004
#     -1   -16       2.4712620860E-004
#     -1   -15       4.2108775377E-004
#     -1   -14       2.4492428019E-004
#     -1   -13       4.9449342291E-007
#     -1   -12       6.7033807359E-004
#     -1   -11       1.3826381901E-003
#     -1   -10       6.9163664444E-004
#     -1    -9       3.0867184726E-004
#     -1    -8       9.8208271254E-004
#     -1    -7       3.2203304280E-004
#     -1    -6       1.0133399689E-004
#     -1    -5       9.7337315022E-005
#     -1    -4       1.1562309089E-004
#     -1    -3       6.9213754848E-006
#     -1    -2       3.1937783499E-004
#     -1    -1       6.2135519235E-004
#     -1     0       2.3781619316E-004
#     -1     1       2.6413403162E-004
#     -1     2       4.7928185649E-005
#     -1     3       4.9589834321E-004
#     -1     4       3.5611056522E-004
#     -1     5       7.3806627239E-004
#     -1     6       2.0751648357E-004
#     -1     7       3.8721958389E-005
#     -1     8       8.2770679256E-005
#     -1     9       4.3707951487E-004
#     -1    10       8.0585692454E-004
#     -1    11       1.5448181996E-003
#     -1    12       4.2562189774E-004
#     -1    13       3.5680625235E-005
#     -1    14       1.1009561272E-003
#     -1    15       2.0670552487E-004
#     -1    16       2.5502176528E-004
#     -1    17       8.5091186269E-005
#     -1    18       5.0097285100E-005
#     -1    19       5.2429591479E-004
#     -1    20       7.5671288943E-005
#     -1    21       1.4112998652E-004
#     -1    22       1.5881298378E-004
#     -1    23       2.6564248398E-005
#     -1    24       8.4121971110E-005
#      0   -24       1.9879694697E-004
#      0   -23       2.2398389967E-005
#      0   -22       1.6882299188E-004
#      0   -21       1.0981766949E-004
#      0   -20       8.4321000834E-004
#      0   -19       3.1746351237E-004
#      0   -18       4.4888709107E-004
#      0   -17       2.0964132298E-004
#      0   -16       8.8507380328E-005
#      0   -15       9.9073681146E-003
#      0   -14       3.1756505397E-004
#      0   -13       7.3054726156E-004
#      0   -12       6.9967373285E-004
#      0   -11       6.3417201096E-005
#      0   -10       1.4287362082E-002
#      0    -9       6.6842924130E-004
#      0    -8       1.4805388071E-003
#      0    -7       1.2047163060E-004
#      0    -6       1.8591084504E-005
#      0    -5       9.5293154268E-004
#      0    -4       1.8045385501E-003
#      0    -3       1.8485901083E-004
#      0    -2       4.1099466199E-005
#      0    -1       7.5499346299E-004
#      0     0       1.2419672489E-002
#      0     1       7.0579349086E-004
#      0     2       3.6799120997E-004
#      0     3       6.6636792895E-004
#      0     4       8.4492076555E-005
#      0     5       1.0241839557E-002
#      0     6       7.3953257187E-004
#      0     7       4.8134288312E-004
#      0     8       2.7057968430E-004
#      0     9       1.0266456635E-004
#      0    10       6.8177002060E-003
#      0    11       7.7633803044E-005
#      0    12       1.6182921945E-004
#      0    13       5.8176030001E-004
#      0    14       9.8756113461E-004
#      0    15       1.5690108695E-002
#      0    16       7.3147904308E-004
#      0    17       2.7080295942E-004
#      0    18       2.1277488396E-004
#      0    19       8.9084901020E-004
#      0    20       1.9689853970E-003
#      0    21       9.0426046621E-005
#      0    22       3.2767553347E-004
#      0    23       8.0806364616E-004
#      0    24       2.2192316555E-004
#      1   -24       1.1842437310E-005
#      1   -23       2.9969941585E-005
#      1   -22       3.0515958514E-006
#      1   -21       6.7283082420E-006
#      1   -20       3.2926272224E-004
#      1   -19       1.3805118045E-005
#      1   -18       3.2665703302E-004
#      1   -17       2.5212732529E-005
#      1   -16       4.4559602667E-004
#      1   -15       3.6525297021E-004
#      1   -14       3.3082213236E-004
#      1   -13       4.7759116952E-004
#      1   -12       1.3084542033E-004
#      1   -11       2.7764296772E-004
#      1   -10       7.8236935254E-004
#      1    -9       7.0516144552E-005
#      1    -8       1.2405603715E-004
#      1    -7       7.3825774682E-005
#      1    -6       1.9043681156E-004
#      1    -5       1.0660264058E-004
#      1    -4       5.2139029613E-004
#      1    -3       4.5262719070E-005
#      1    -2       3.7297794900E-004
#      1    -1       3.3952037993E-004
#      1     0       3.6758607312E-004
#      1     1       1.1248061961E-003
#      1     2       1.8678549530E-004
#      1     3       4.2799120211E-004
#      1     4       3.7688572209E-004
#      1     5       7.4462096890E-004
#      1     6       2.8414056857E-004
#      1     7       5.6267504369E-005
#      1     8       9.3541708653E-005
#      1     9       6.7981839071E-004
#      1    10       4.8125121792E-004
#      1    11       4.5965196215E-004
#      1    12       4.1558683546E-005
#      1    13       3.4998506735E-004
#      1    14       2.6462035125E-004
#      1    15       6.8357943435E-005
#      1    16       4.6484595400E-004
#      1    17       2.0361710811E-004
#      1    18       2.7107675528E-004
#      1    19       2.7348251938E-005
#      1    20       1.4699953291E-004
#      1    21       9.9709566224E-005
#      1    22       1.5273370260E-004
#      1    23       2.9114462627E-004
#      2   -25       1.6860223524E-004
#      2   -24       6.9173765608E-006
#      2   -23       1.0764174384E-004
#      2   -22       1.1644562835E-004
#      2   -21       2.9890864308E-005
#      2   -20       5.7895237940E-004
#      2   -19       1.0708912949E-004
#      2   -18       3.2316981466E-004
#      2   -17       2.1303275147E-004
#      2   -16       9.6819026096E-004
#      2   -15       1.5332638236E-004
#      2   -14       5.9669061937E-004
#      2   -13       3.0710766435E-005
#      2   -12       2.0126573167E-003
#      2   -11       6.0690621040E-004
#      2   -10       1.3209478469E-003
#      2    -9       2.5710670360E-004
#      2    -8       3.3758093213E-004
#      2    -7       6.1822824499E-004
#      2    -6       6.8391868806E-006
#      2    -5       2.7930226659E-004
#      2    -4       2.4304584585E-005
#      2    -3       1.0971121148E-004
#      2    -2       5.9097039332E-005
#      2    -1       7.0886268643E-004
#      2     0       9.3515744594E-004
#      2     1       9.7958798814E-005
#      2     2       2.7236703235E-004
#      2     3       7.2724558778E-005
#      2     4       9.0111013239E-004
#      2     5       6.7129828151E-004
#      2     6       4.9988993849E-004
#      2     7       1.2493662074E-005
#      2     8       6.0190004924E-007
#      2     9       6.7938476097E-004
#      2    10       2.2283405732E-004
#      2    11       1.2510538093E-004
#      2    12       2.0923383375E-004
#      2    13       1.0540429645E-003
#      2    14       1.2050581215E-003
#      2    15       4.4720877371E-004
#      2    16       3.1120393152E-004
#      2    17       1.2418115589E-005
#      2    18       1.6945788518E-004
#      2    19       6.0184875532E-004
#      2    20       8.1785063285E-004
#      2    21       2.8143005813E-004
#      2    22       3.7190885457E-005
#      2    23       2.6047434031E-005
#      3   -25       9.1948994647E-005
#      3   -24       7.6043660883E-005
#      3   -23       2.7823491112E-004
#      3   -22       1.8815706285E-004
#      3   -21       1.8698311343E-004
#      3   -20       2.3172934602E-004
#      3   -19       6.2442166459E-005
#      3   -18       5.4326978561E-006
#      3   -17       1.0607530489E-004
#      3   -16       2.0835156272E-004
#      3   -15       4.9375222447E-005
#      3   -14       8.4361746875E-005
#      3   -13       4.7987430457E-004
#      3   -12       6.3832943710E-004
#      3   -11       8.9343760765E-004
#      3   -10       6.0845093837E-005
#      3    -9       5.1132439305E-004
#      3    -8       4.7351004492E-004
#      3    -7       2.0818750291E-004
#      3    -6       1.9426315097E-004
#      3    -5       1.4455992560E-004
#      3    -4       5.5762022117E-004
#      3    -3       4.8636983210E-004
#      3    -2       7.3382345448E-005
#      3    -1       8.4232705689E-004
#      3     0       7.6459442331E-004
#      3     1       1.1694437139E-003
#      3     2       8.0386124958E-005
#      3     3       2.3328134511E-005
#      3     4       5.3806215972E-004
#      3     5       1.5904455927E-004
#      3     6       6.2896819458E-004
#      3     7       3.9248306915E-004
#      3     8       2.5918785006E-005
#      3     9       1.0691294760E-004
#      3    10       1.4106021020E-005
#      3    11       1.7033970907E-003
#      3    12       5.0829094615E-004
#      3    13       1.0432587135E-004
#      3    14       8.7672953776E-005
#      3    15       4.4359062464E-005
#      3    16       6.8352547549E-004
#      3    17       1.1785352092E-004
#      3    18       1.8903225266E-004
#      3    19       1.1557227728E-004
#      3    20       1.1343142982E-004
#      3    21       4.5639589469E-005
#      3    22       1.5539589124E-005
#      4   -26       1.0326950863E-004
#      4   -25       5.5265715871E-005
#      4   -24       1.2324140599E-005
#      4   -23       2.2128060769E-004
#      4   -22       3.0803624002E-004
#      4   -21       5.9193785452E-004
#      4   -20       8.0415920170E-005
#      4   -19       2.7182076735E-004
#      4   -18       1.7770860354E-005
#      4   -17       6.0298275429E-004
#      4   -16       1.8789517280E-004
#      4   -15       6.7827742416E-004
#      4   -14       1.0435828117E-005
#      4   -13       2.3726146250E-004
#      4   -12       1.7506208457E-004
#      4   -11       6.4981990697E-004
#      4   -10       1.6110944107E-003
#      4    -9       2.4886438196E-005
#      4    -8       5.5390080681E-004
#      4    -7       4.0319807891E-004
#      4    -6       3.4265982286E-004
#      4    -5       6.4172446480E-004
#      4    -4       8.4675376360E-004
#      4    -3       3.6602101054E-004
#      4    -2       4.3037461859E-005
#      4    -1       1.2340784072E-004
#      4     0       6.2760680606E-004
#      4     1       8.3449406002E-004
#      4     2       1.1908889120E-004
#      4     3       7.7990790332E-005
#      4     4       2.8022710700E-004
#      4     5       2.1995580673E-004
#      4     6       2.4796667873E-004
#      4     7       3.5242707566E-004
#      4     8       3.1579319682E-004
#      4     9       1.5938171877E-004
#      4    10       3.5900733857E-004
#      4    11       6.8396292371E-005
#      4    12       4.7873531758E-004
#      4    13       2.6360599280E-004
#      4    14       5.3647354368E-004
#      4    15       6.0235210266E-005
#      4    16       2.5176068688E-004
#      4    17       8.9899657513E-005
#      4    18       3.4502995725E-004
#      4    19       6.5323680657E-004
#      4    20       1.7143124786E-005
#      4    21       2.0576374070E-005
#      4    22       9.8959679971E-005
#      5   -26       9.2696809477E-005
#      5   -25       1.5932530979E-004
#      5   -24       3.0607577798E-004
#      5   -23       3.2877887787E-004
#      5   -22       1.5358587521E-004
#      5   -21       4.7080817262E-005
#      5   -20       2.1409834611E-003
#      5   -19       3.4358697463E-004
#      5   -18       7.3435908412E-004
#      5   -17       6.1637841762E-004
#      5   -16       1.5396723332E-004
#      5   -15       3.5642734071E-003
#      5   -14       8.4263093928E-004
#      5   -13       6.7875500747E-004
#      5   -12       1.2668931429E-004
#      5   -11       9.4405850483E-005
#      5   -10       1.0445662941E-003
#      5    -9       1.2671318373E-004
#      5    -8       4.1675717332E-004
#      5    -7       2.3154565760E-004
#      5    -6       1.0566839285E-004
#      5    -5       1.4612061234E-002
#      5    -4       6.9691919848E-005
#      5    -3       8.8386114574E-004
#      5    -2       6.4999324816E-004
#      5    -1       5.3981078928E-004
#      5     0       2.2402788817E-004
#      5     1       6.8831047955E-004
#      5     2       8.0840921999E-005
#      5     3       1.3634646971E-003
#      5     4       2.8805422568E-004
#      5     5       1.9311167715E-003
#      5     6       1.1282627877E-004
#      5     7       7.0843089667E-005
#      5     8       1.7481191169E-003
#      5     9       3.2696350794E-005
#      5    10       3.8066785653E-003
#      5    11       6.5844335299E-004
#      5    12       8.2038549227E-005
#      5    13       7.1565595033E-004
#      5    14       5.6356051442E-004
#      5    15       3.6571523859E-003
#      5    16       1.6190516583E-004
#      5    17       3.7494641111E-005
#      5    18       1.1437761796E-004
#      5    19       6.7872854713E-004
#      5    20       1.1813400694E-004
#      5    21       1.3225512808E-004
#      6   -26       2.2137245572E-004
#      6   -25       1.2125962042E-005
#      6   -24       2.0858282698E-005
#      6   -23       2.0246295753E-004
#      6   -22       4.4232054242E-004
#      6   -21       5.8237773470E-004
#      6   -20       2.0330574945E-004
#      6   -19       1.6602380824E-004
#      6   -18       5.8231431042E-005
#      6   -17       3.3940223016E-004
#      6   -16       1.4897822985E-003
#      6   -15       9.0923709959E-005
#      6   -14       3.7087523766E-004
#      6   -13       4.1180375966E-004
#      6   -12       2.0530736950E-004
#      6   -11       2.6673894278E-004
#      6   -10       3.0881682112E-004
#      6    -9       2.5883247440E-004
#      6    -8       4.2669239285E-004
#      6    -7       3.3751247050E-005
#      6    -6       1.5374277308E-004
#      6    -5       1.1278612521E-003
#      6    -4       7.7512959389E-004
#      6    -3       2.6500582377E-004
#      6    -2       4.6176703627E-004
#      6    -1       5.6420239624E-004
#      6     0       1.2891049718E-005
#      6     1       1.9324304150E-005
#      6     2       1.5815394290E-004
#      6     3       5.5588626769E-004
#      6     4       1.8049251482E-004
#      6     5       2.4626124552E-004
#      6     6       4.2430516978E-004
#      6     7       8.0235600265E-006
#      6     8       3.3819034644E-005
#      6     9       4.0460006089E-004
#      6    10       5.8213335634E-004
#      6    11       6.5311708872E-004
#      6    12       1.4197712832E-004
#      6    13       8.3346170086E-005
#      6    14       1.8654814620E-004
#      6    15       1.3933249351E-004
#      6    16       2.0056495000E-004
#      6    17       3.2816887569E-005
#      6    18       1.2168594524E-004
#      6    19       2.8113180726E-005
#      6    20       1.1886917555E-004
#      7   -27       4.2360885880E-005
#      7   -26       1.0998551079E-004
#      7   -25       1.8643470752E-004
#      7   -24       5.6360159895E-005
#      7   -23       2.6633330648E-004
#      7   -22       3.9060759389E-004
#      7   -21       1.3380720003E-003
#      7   -20       1.1967526733E-004
#      7   -19       3.0508037443E-005
#      7   -18       5.5175142447E-005
#      7   -17       3.6814327437E-004
#      7   -16       9.5913413405E-004
#      7   -15       4.7373809859E-004
#      7   -14       2.0482288418E-004
#      7   -13       4.9296194904E-004
#      7   -12       1.4005414329E-003
#      7   -11       2.7998329911E-005
#      7   -10       2.8543027955E-004
#      7    -9       4.1382584438E-005
#      7    -8       9.8503175434E-004
#      7    -7       4.4519548945E-004
#      7    -6       1.0408914111E-003
#      7    -5       9.6295318492E-004
#      7    -4       9.0029381846E-005
#      7    -3       5.5065387650E-004
#      7    -2       3.4663162995E-004
#      7    -1       3.1208633039E-004
#      7     0       3.5916842713E-004
#      7     1       3.4661828467E-004
#      7     2       6.3996661818E-005
#      7     3       8.4173643393E-004
#      7     4       4.6749983384E-005
#      7     5       1.5666237526E-004
#      7     6       3.5579466729E-004
#      7     7       6.6384862372E-004
#      7     8       7.6785923897E-005
#      7     9       4.7253026634E-004
#      7    10       1.6238543576E-004
#      7    11       4.2884161584E-005
#      7    12       7.8240554629E-005
#      7    13       3.3033403912E-005
#      7    14       2.7735562848E-004
#      7    15       2.2667470034E-004
#      7    16       4.9814742487E-004
#      7    17       1.1974002368E-005
#      7    18       3.0446498239E-004
#      7    19       4.3466066469E-005
#      7    20       3.1441171598E-005
#      8   -27       4.0719192219E-004
#      8   -26       1.4788256651E-005
#      8   -25       8.0388640620E-005
#      8   -24       1.2526808215E-004
#      8   -23       7.4930363055E-005
#      8   -22       3.7854839619E-004
#      8   -21       7.8486301988E-005
#      8   -20       4.3481625772E-004
#      8   -19       7.7182980311E-004
#      8   -18       3.1854444421E-004
#      8   -17       2.0119557951E-005
#      8   -16       1.2729491210E-003
#      8   -15       1.0472137546E-004
#      8   -14       7.1392687825E-005
#      8   -13       1.4777504949E-004
#      8   -12       8.7455551418E-004
#      8   -11       7.4582103882E-005
#      8   -10       3.8007273470E-004
#      8    -9       7.9888226237E-004
#      8    -8       5.1278856197E-005
#      8    -7       8.4533675853E-005
#      8    -6       6.2653564129E-005
#      8    -5       3.6079971435E-004
#      8    -4       2.4681072723E-004
#      8    -3       4.3476676551E-004
#      8    -2       1.2435285761E-003
#      8    -1       2.4988300587E-004
#      8     0       1.5905363535E-003
#      8     1       5.4009976436E-004
#      8     2       6.9445808289E-004
#      8     3       1.9139892130E-005
#      8     4       8.3805959616E-004
#      8     5       6.6821612720E-004
#      8     6       9.2152724141E-005
#      8     7       2.1795429441E-004
#      8     8       1.0459725801E-005
#      8     9       1.3198719243E-004
#      8    10       1.4997774699E-004
#      8    11       1.8699043740E-004
#      8    12       2.5647426342E-004
#      8    13       5.1285298942E-004
#      8    14       1.3039569162E-004
#      8    15       9.0818646359E-005
#      8    16       7.5714070050E-005
#      8    17       1.0390990946E-004
#      8    18       1.6992378829E-005
#      8    19       7.8842001243E-005
#      9   -27       4.3473591002E-004
#      9   -26       1.4962327825E-004
#      9   -25       4.6285721418E-005
#      9   -24       1.1794863262E-004
#      9   -23       2.4509479852E-004
#      9   -22       6.9384953571E-004
#      9   -21       4.3634239308E-005
#      9   -20       2.2901032754E-004
#      9   -19       1.2149545323E-004
#      9   -18       3.1661689005E-004
#      9   -17       2.2538809270E-004
#      9   -16       1.0442187549E-003
#      9   -15       4.3667575266E-004
#      9   -14       2.9446610370E-005
#      9   -13       3.0848591561E-004
#      9   -12       7.8489054024E-005
#      9   -11       3.7787404299E-005
#      9   -10       2.4596407588E-004
#      9    -9       7.9530532091E-004
#      9    -8       3.6303282303E-004
#      9    -7       3.6867953203E-005
#      9    -6       8.2915651133E-006
#      9    -5       2.6584865078E-004
#      9    -4       1.2093424233E-004
#      9    -3       4.2635833371E-004
#      9    -2       1.2534184236E-004
#      9    -1       2.1927073290E-004
#      9     0       3.9250454392E-004
#      9     1       3.7565170891E-004
#      9     2       3.4294801935E-005
#      9     3       1.6491762221E-005
#      9     4       1.5005711726E-004
#      9     5       7.1667417231E-005
#      9     6       7.2392739785E-005
#      9     7       2.0718358280E-004
#      9     8       3.4942812325E-005
#      9     9       1.7448442135E-004
#      9    10       1.5805890814E-004
#      9    11       1.0697317644E-004
#      9    12       8.9831111462E-005
#      9    13       8.8479891318E-006
#      9    14       2.0790066651E-004
#      9    15       8.9926233475E-005
#      9    16       1.3922285836E-004
#      9    17       1.0843605981E-004
#      9    18       2.5647257735E-005
#     10   -27       2.5844366461E-005
#     10   -26       1.3644493987E-004
#     10   -25       8.1248706568E-005
#     10   -24       2.1260770867E-007
#     10   -23       2.9772522612E-004
#     10   -22       7.7283946471E-005
#     10   -21       2.6380434472E-004
#     10   -20       6.3191204823E-004
#     10   -19       2.5193832751E-004
#     10   -18       2.8700341543E-004
#     10   -17       3.7947313078E-004
#     10   -16       2.8991010623E-004
#     10   -15       9.4371318256E-003
#     10   -14       5.0702501129E-004
#     10   -13       5.0778101146E-004
#     10   -12       3.5256994712E-004
#     10   -11       3.3884826843E-004
#     10   -10       8.2131624828E-003
#     10    -9       5.1906421877E-004
#     10    -8       2.0030691949E-005
#     10    -7       3.5850641656E-004
#     10    -6       2.2413961507E-004
#     10    -5       4.7875867302E-004
#     10    -4       2.6614190374E-004
#     10    -3       2.6801824824E-004
#     10    -2       2.8597498070E-003
#     10    -1       2.7937541910E-004
#     10     0       1.6602595676E-002
#     10     1       1.0820925157E-003
#     10     2       2.0647701065E-004
#     10     3       9.9689193674E-005
#     10     4       1.7311266303E-003
#     10     5       5.7282981554E-003
#     10     6       2.3781683839E-004
#     10     7       2.3767951635E-004
#     10     8       6.7300907424E-004
#     10     9       9.1460463799E-005
#     10    10       2.7031922478E-003
#     10    11       8.5164330306E-004
#     10    12       7.0963564842E-007
#     10    13       3.6148787962E-004
#     10    14       3.4915774760E-005
#     10    15       6.0797468412E-004
#     10    16       3.0027879253E-005
#     10    17       2.3027160926E-005
#     11   -27       4.3699939632E-005
#     11   -26       2.9582636654E-005
#     11   -25       1.1904267138E-004
#     11   -24       1.4312599460E-004
#     11   -23       3.1548878275E-004
#     11   -22       3.9151753450E-004
#     11   -21       5.1123750239E-004
#     11   -20       5.9311281433E-005
#     11   -19       3.0252870317E-004
#     11   -18       3.3012082547E-004
#     11   -17       2.0951036402E-004
#     11   -16       9.2298095951E-006
#     11   -15       4.1923261798E-005
#     11   -14       5.5571693176E-006
#     11   -13       3.1304842944E-004
#     11   -12       1.4909758145E-004
#     11   -11       4.6246617819E-004
#     11   -10       2.9143967441E-004
#     11    -9       5.6728212201E-004
#     11    -8       6.5242023090E-005
#     11    -7       6.5271089651E-004
#     11    -6       4.7854563594E-005
#     11    -5       1.8276478707E-006
#     11    -4       4.7704958748E-004
#     11    -3       1.6922727532E-004
#     11    -2       1.4576186912E-004
#     11    -1       1.0896958018E-003
#     11     0       8.1002873854E-004
#     11     1       8.8239601280E-005
#     11     2       1.5517394892E-004
#     11     3       5.4169556797E-004
#     11     4       4.7831687076E-004
#     11     5       4.7030352892E-004
#     11     6       6.3209616581E-005
#     11     7       1.2037329014E-004
#     11     8       1.8806669851E-004
#     11     9       1.9192501719E-004
#     11    10       2.4112742602E-004
#     11    11       6.9718173056E-006
#     11    12       1.1395907093E-004
#     11    13       3.1296955323E-005
#     11    14       3.7406782331E-004
#     11    15       4.0717278164E-005
#     11    16       8.8529557808E-005
#     12   -27       2.4877651412E-005
#     12   -26       2.2361298498E-004
#     12   -25       9.9562041517E-005
#     12   -24       1.0163586403E-004
#     12   -23       1.4635619780E-005
#     12   -22       1.1249291359E-004
#     12   -21       2.1672977642E-003
#     12   -20       3.9424140111E-005
#     12   -19       4.1713720316E-004
#     12   -18       2.6498161198E-004
#     12   -17       1.0005149557E-003
#     12   -16       7.7837812985E-004
#     12   -15       1.8174796635E-004
#     12   -14       1.1909679683E-004
#     12   -13       5.9724133560E-005
#     12   -12       7.4536999219E-004
#     12   -11       8.1479853243E-005
#     12   -10       3.3204269704E-004
#     12    -9       8.7724644398E-005
#     12    -8       1.6251354238E-004
#     12    -7       5.2761509774E-004
#     12    -6       4.3853450863E-004
#     12    -5       1.6947983101E-004
#     12    -4       2.1111575114E-004
#     12    -3       8.1245974008E-004
#     12    -2       3.1954790327E-005
#     12    -1       1.6047868517E-003
#     12     0       5.1971740639E-004
#     12     1       9.2618791700E-004
#     12     2       1.3758997901E-004
#     12     3       3.0800587400E-004
#     12     4       2.1179442060E-005
#     12     5       8.2339347069E-004
#     12     6       6.9615453987E-005
#     12     7       8.2969817441E-005
#     12     8       8.5682885845E-004
#     12     9       5.3352057381E-004
#     12    10       5.4734009672E-004
#     12    11       8.3082162578E-005
#     12    12       3.3041924483E-005
#     12    13       9.1969889994E-005
#     12    14       2.8992088534E-004
#     12    15       1.7296149026E-005
#     13   -28       2.1867118226E-004
#     13   -27       1.5866246701E-004
#     13   -26       3.6293984292E-005
#     13   -25       1.8322286706E-004
#     13   -24       2.9266563874E-004
#     13   -23       2.2232806166E-005
#     13   -22       1.5381906832E-004
#     13   -21       1.0015305382E-004
#     13   -20       4.7591028742E-004
#     13   -19       7.9595632291E-005
#     13   -18       1.4187514506E-004
#     13   -17       5.0933708667E-004
#     13   -16       3.2447096688E-005
#     13   -15       8.0689592611E-004
#     13   -14       1.9808733935E-003
#     13   -13       1.1248396297E-003
#     13   -12       3.6022238742E-004
#     13   -11       8.6521985620E-004
#     13   -10       7.6063573270E-005
#     13    -9       2.9573179062E-004
#     13    -8       1.0393254540E-003
#     13    -7       1.9107750854E-004
#     13    -6       2.3634539881E-004
#     13    -5       5.5876576547E-004
#     13    -4       4.8005209431E-004
#     13    -3       1.7671334311E-004
#     13    -2       5.8000458618E-005
#     13    -1       1.6943308212E-004
#     13     0       4.2736369623E-004
#     13     1       1.1341439291E-003
#     13     2       8.5983768019E-004
#     13     3       3.5194828369E-005
#     13     4       7.3093199438E-004
#     13     5       1.2760264856E-004
#     13     6       9.3797982819E-005
#     13     7       5.7170810454E-005
#     13     8       2.2406808680E-004
#     13     9       4.0422839039E-005
#     13    10       4.0764786548E-005
#     13    11       1.5640332953E-005
#     13    12       2.3503500500E-004
#     13    13       1.6553475258E-004
#     13    14       7.7716732857E-005
#     13    15       3.7749838033E-005
#     14   -28       7.6449594245E-005
#     14   -27       6.9076629180E-004
#     14   -26       3.1381719619E-004
#     14   -25       1.4586385589E-004
#     14   -24       3.7621076926E-004
#     14   -23       1.1562858210E-004
#     14   -22       3.6500459297E-004
#     14   -21       2.5534485909E-004
#     14   -20       3.4612531847E-004
#     14   -19       9.2383187372E-005
#     14   -18       1.1242308757E-004
#     14   -17       4.1038459481E-004
#     14   -16       1.3857699831E-004
#     14   -15       7.3462125541E-004
#     14   -14       8.0172723565E-004
#     14   -13       1.7539266761E-004
#     14   -12       5.9581597757E-005
#     14   -11       5.2900345427E-004
#     14   -10       2.9646094798E-004
#     14    -9       2.6063410743E-004
#     14    -8       2.3939238097E-004
#     14    -7       1.1475942451E-005
#     14    -6       5.5826838242E-004
#     14    -5       1.7038697912E-004
#     14    -4       9.9296245822E-005
#     14    -3       5.4446593461E-004
#     14    -2       1.3050302226E-004
#     14    -1       7.5791530503E-004
#     14     0       3.0098378235E-004
#     14     1       4.0418581843E-004
#     14     2       7.4197075084E-004
#     14     3       1.2970366021E-004
#     14     4       2.5401214344E-004
#     14     5       6.0167062693E-005
#     14     6       5.0223277148E-004
#     14     7       7.2868983266E-004
#     14     8       7.3199842844E-005
#     14     9       2.7802063814E-004
#     14    10       2.4741555755E-005
#     14    11       2.9086150003E-004
#     14    12       3.0905816001E-004
#     14    13       3.4253312361E-005
#     14    14       5.1109798783E-005
#     15   -28       3.8607028513E-005
#     15   -27       1.4877140681E-005
#     15   -26       3.4149531516E-004
#     15   -25       1.9963228089E-004
#     15   -24       3.4649543902E-004
#     15   -23       3.6560121406E-004
#     15   -22       1.7429726622E-004
#     15   -21       7.8608385917E-004
#     15   -20       6.0865199487E-003
#     15   -19       4.7483833608E-005
#     15   -18       5.8237698727E-004
#     15   -17       1.4732387586E-004
#     15   -16       9.0976894431E-004
#     15   -15       2.1376544067E-002
#     15   -14       5.8574159703E-004
#     15   -13       9.4249856336E-004
#     15   -12       4.2373658331E-004
#     15   -11       1.3369880232E-004
#     15   -10       6.0714636460E-003
#     15    -9       1.6941220964E-003
#     15    -8       4.9527424409E-004
#     15    -7       5.4384338176E-004
#     15    -6       9.4733461289E-004
#     15    -5       7.3613040885E-003
#     15    -4       9.9670698992E-004
#     15    -3       8.1414290440E-005
#     15    -2       8.5643817868E-004
#     15    -1       2.2620719988E-004
#     15     0       1.0238085339E-002
#     15     1       1.4989176190E-003
#     15     2       6.8571857140E-004
#     15     3       2.0747718294E-004
#     15     4       3.2001877532E-004
#     15     5       2.2295234900E-003
#     15     6       8.8189904041E-005
#     15     7       2.5467485542E-004
#     15     8       5.3088777180E-005
#     15     9       3.7506487550E-005
#     15    10       7.9928307260E-005
#     15    11       1.5162591383E-004
#     15    12       1.0201057512E-004
#     15    13       1.2704486216E-005
#     16   -27       3.0001232206E-005
#     16   -26       4.3807238638E-005
#     16   -25       5.9351260180E-006
#     16   -24       8.0421225202E-005
#     16   -23       1.0865847007E-004
#     16   -22       2.0486409371E-004
#     16   -21       1.1130244893E-004
#     16   -20       5.2291683815E-004
#     16   -19       1.9030007264E-004
#     16   -18       3.6625307794E-005
#     16   -17       4.8970071381E-004
#     16   -16       1.6307994834E-004
#     16   -15       1.3513767566E-003
#     16   -14       1.2153307307E-004
#     16   -13       8.2624365547E-005
#     16   -12       7.4768426053E-004
#     16   -11       2.5362636563E-004
#     16   -10       5.4851401148E-005
#     16    -9       1.8729602966E-004
#     16    -8       1.5850685134E-005
#     16    -7       1.0802264520E-003
#     16    -6       3.2126985532E-005
#     16    -5       3.2348491773E-004
#     16    -4       8.2557917929E-005
#     16    -3       3.2303151048E-004
#     16    -2       3.1964958488E-004
#     16    -1       9.6448710089E-005
#     16     0       3.6032036137E-004
#     16     1       5.2708904544E-005
#     16     2       1.4794804711E-004
#     16     3       1.0635702142E-004
#     16     4       2.0022075337E-004
#     16     5       3.7112190599E-004
#     16     6       9.8417403918E-005
#     16     7       1.2432604997E-004
#     16     8       1.1195066771E-004
#     16     9       2.3790964169E-005
#     16    10       1.0497939071E-004
#     16    11       1.5929066707E-005
#     17   -27       2.3176943747E-004
#     17   -26       7.8354988384E-004
#     17   -25       7.0001766376E-005
#     17   -24       2.2019289352E-004
#     17   -23       1.2409264553E-004
#     17   -22       8.4868997594E-005
#     17   -21       8.3054011207E-004
#     17   -20       2.4066295039E-004
#     17   -19       2.6414096214E-004
#     17   -18       3.2728520880E-004
#     17   -17       1.6331037900E-003
#     17   -16       6.9705182852E-004
#     17   -15       1.4167987178E-004
#     17   -14       3.2008520909E-004
#     17   -13       1.0784273794E-004
#     17   -12       2.6813142475E-004
#     17   -11       1.0842998029E-003
#     17   -10       3.9250027902E-004
#     17    -9       9.7381278790E-005
#     17    -8       2.2669913426E-004
#     17    -7       5.1187245092E-005
#     17    -6       2.8591995207E-005
#     17    -5       4.0208176895E-004
#     17    -4       6.6303303860E-004
#     17    -3       6.0410580005E-006
#     17    -2       2.0226649937E-004
#     17    -1       9.1526267768E-004
#     17     0       5.8459469134E-004
#     17     1       2.3724195134E-004
#     17     2       1.0314053889E-004
#     17     3       4.8117003853E-004
#     17     4       1.3067097489E-004
#     17     5       2.1633476855E-004
#     17     6       3.2480791482E-004
#     17     7       1.3420816156E-005
#     17     8       2.4857237246E-004
#     17     9       2.2278818483E-004
#     17    10       9.1918452606E-005
#     18   -27       3.4136342166E-005
#     18   -26       6.3892319659E-005
#     18   -25       6.6348002330E-004
#     18   -24       8.9629828399E-005
#     18   -23       3.1811976948E-004
#     18   -22       1.7804556497E-004
#     18   -21       3.6932703381E-004
#     18   -20       9.6136751465E-004
#     18   -19       6.4779560121E-004
#     18   -18       1.7264172849E-004
#     18   -17       3.4099755630E-005
#     18   -16       8.3176001058E-004
#     18   -15       1.0756087340E-003
#     18   -14       4.5666139710E-005
#     18   -13       2.2352280774E-004
#     18   -12       2.0794129383E-004
#     18   -11       4.5570156995E-004
#     18   -10       5.0238490536E-004
#     18    -9       6.0859327247E-004
#     18    -8       7.9687032363E-004
#     18    -7       1.9255062776E-004
#     18    -6       1.8220215781E-004
#     18    -5       6.5299902678E-004
#     18    -4       9.4348102956E-005
#     18    -3       2.3544397533E-004
#     18    -2       1.2139224253E-004
#     18    -1       1.0432101556E-003
#     18     0       1.5021460737E-004
#     18     1       1.4592338169E-004
#     18     2       1.3176065246E-004
#     18     3       5.9475410269E-005
#     18     4       5.3877222814E-004
#     18     5       2.2509039984E-004
#     18     6       2.5610973433E-005
#     18     7       5.5671516146E-005
#     18     8       1.1834829306E-004
#     18     9       7.4882524438E-006
#     19   -27       3.6520900943E-004
#     19   -26       8.6090135439E-005
#     19   -25       8.1828888673E-006
#     19   -24       9.2368981830E-005
#     19   -23       3.3130335071E-004
#     19   -22       1.6114262638E-004
#     19   -21       2.6931180042E-004
#     19   -20       1.2600007064E-005
#     19   -19       7.4290380310E-006
#     19   -18       2.0158887687E-004
#     19   -17       2.9876405928E-005
#     19   -16       3.7720845621E-004
#     19   -15       1.9781449821E-005
#     19   -14       2.3075473596E-004
#     19   -13       4.4491067113E-005
#     19   -12       1.3515603881E-004
#     19   -11       4.3657286902E-005
#     19   -10       3.5847961761E-004
#     19    -9       2.2099976108E-006
#     19    -8       7.5329570587E-004
#     19    -7       2.6241926917E-005
#     19    -6       9.8856884840E-004
#     19    -5       6.0244680450E-005
#     19    -4       3.2601880188E-006
#     19    -3       6.9664041451E-004
#     19    -2       8.2515822930E-005
#     19    -1       1.0436166920E-003
#     19     0       1.0412428098E-004
#     19     1       5.5479756074E-005
#     19     2       5.2415061231E-005
#     19     3       5.0616457810E-005
#     19     4       1.4938390755E-004
#     19     5       1.3373518324E-005
#     19     6       3.4486287834E-005
#     19     7       1.5218112090E-004
#     19     8       1.9588349903E-005
#     20   -27       1.2301296457E-004
#     20   -26       4.1673138608E-004
#     20   -25       2.1017603968E-004
#     20   -24       4.9421096351E-004
#     20   -23       5.3711399975E-004
#     20   -22       9.0964383559E-004
#     20   -21       3.8609131297E-004
#     20   -20       8.9260619566E-004
#     20   -19       3.6993368519E-004
#     20   -18       7.2256583642E-005
#     20   -17       1.0122694739E-003
#     20   -16       1.6079896618E-003
#     20   -15       3.4054739578E-003
#     20   -14       4.2107381340E-005
#     20   -13       9.1197736276E-005
#     20   -12       2.3379660170E-004
#     20   -11       6.4980961362E-005
#     20   -10       2.0209638452E-003
#     20    -9       7.6985125083E-004
#     20    -8       3.0044688358E-004
#     20    -7       1.4841099687E-004
#     20    -6       8.1250617244E-004
#     20    -5       4.7014142285E-003
#     20    -4       2.0819040199E-004
#     20    -3       1.8536117623E-004
#     20    -2       3.3768370223E-005
#     20    -1       6.4389002287E-004
#     20     0       7.5596745658E-004
#     20     1       4.5351624137E-004
#     20     2       6.7963037410E-004
#     20     3       7.2388803215E-004
#     20     4       2.3231677516E-004
#     20     5       1.2379559118E-004
#     20     6       1.8084525710E-004
#     20     7       3.9156543508E-006
#     21   -26       4.4158621147E-005
#     21   -25       7.0335238201E-005
#     21   -24       1.6535891546E-004
#     21   -23       2.4663802865E-006
#     21   -22       1.8120023594E-004
#     21   -21       2.0014883765E-004
#     21   -20       2.1802582896E-004
#     21   -19       3.8315735272E-005
#     21   -18       1.8380692031E-004
#     21   -17       6.1622762507E-004
#     21   -16       5.7679495415E-004
#     21   -15       1.0536359303E-005
#     21   -14       1.4169513564E-004
#     21   -13       1.6990991687E-004
#     21   -12       1.7692516870E-005
#     21   -11       4.8168780781E-004
#     21   -10       1.0079867668E-004
#     21    -9       1.5044489600E-004
#     21    -8       1.6630053427E-004
#     21    -7       1.8991436216E-004
#     21    -6       1.7589682311E-005
#     21    -5       3.5540825127E-005
#     21    -4       2.5434698406E-005
#     21    -3       9.0082458253E-006
#     21    -2       7.2270840532E-004
#     21    -1       3.1560844727E-004
#     21     0       3.8598845665E-004
#     21     1       3.9263537409E-004
#     21     2       4.3738525764E-005
#     21     3       2.7623733640E-005
#     21     4       3.9466001194E-005
#     21     5       1.3501907794E-004
#     22   -26       1.5119506945E-004
#     22   -25       3.8083631131E-005
#     22   -24       2.6276811598E-004
#     22   -23       8.0148336554E-006
#     22   -22       2.4672929606E-004
#     22   -21       2.7094416758E-005
#     22   -20       8.9096108007E-004
#     22   -19       6.0015073083E-004
#     22   -18       2.6856566825E-004
#     22   -17       4.9242684582E-004
#     22   -16       4.5426108992E-005
#     22   -15       5.4453598351E-004
#     22   -14       5.1054435809E-004
#     22   -13       5.3740450576E-004
#     22   -12       1.0214893154E-004
#     22   -11       5.4524614004E-005
#     22   -10       1.8042100480E-004
#     22    -9       4.8566222734E-004
#     22    -8       1.6608896846E-004
#     22    -7       1.1912163321E-004
#     22    -6       9.8603208259E-005
#     22    -5       2.2394992194E-004
#     22    -4       3.5148288154E-004
#     22    -3       8.3699673635E-005
#     22    -2       1.8464190825E-004
#     22    -1       2.0485374979E-004
#     22     0       6.1426338784E-004
#     22     1       3.0599492748E-004
#     22     2       7.1295071321E-006
#     22     3       1.5171375182E-004
#     22     4       9.7532975290E-005
#     23   -25       1.4865863796E-004
#     23   -24       1.6539058065E-004
#     23   -23       1.3225777889E-004
#     23   -22       2.9825486475E-005
#     23   -21       6.7809530955E-004
#     23   -20       3.5614492736E-004
#     23   -19       9.3254919271E-005
#     23   -18       9.5886968165E-004
#     23   -17       4.2712263489E-004
#     23   -16       5.6422559700E-004
#     23   -15       5.8697862983E-005
#     23   -14       3.9126911087E-006
#     23   -13       2.4355120259E-004
#     23   -12       1.1528539913E-003
#     23   -11       3.7665143190E-004
#     23   -10       7.9014887282E-004
#     23    -9       5.3049718683E-004
#     23    -8       8.2218546731E-004
#     23    -7       5.0994303099E-004
#     23    -6       4.6659021537E-004
#     23    -5       4.1274441842E-005
#     23    -4       3.0872982427E-004
#     23    -3       1.8937231780E-004
#     23    -2       6.7930140761E-005
#     23    -1       1.8310576238E-004
#     23     0       2.6687029013E-005
#     23     1       4.9577867659E-005
#     23     2       1.5621061433E-004
#     24   -24       3.1268759902E-004
#     24   -23       6.1590397526E-005
#     24   -22       3.5760451164E-005
#     24   -21       4.0997159976E-005
#     24   -20       3.1540977469E-005
#     24   -19       7.3814961777E-006
#     24   -18       2.7584098966E-004
#     24   -17       1.2487982180E-004
#     24   -16       9.0589037431E-006
#     24   -15       6.5489198909E-006
#     24   -14       2.1496622517E-004
#     24   -13       7.6013656843E-006
#     24   -12       3.5986336453E-004
#     24   -11       6.4538388710E-004
#     24   -10       1.1055668395E-004
#     24    -9       1.6707165657E-004
#     24    -8       9.4733327215E-004
#     24    -7       1.3433742201E-004
#     24    -6       4.6371435579E-004
#     24    -5       5.0878713349E-004
#     24    -4       1.4586073357E-004
#     24    -3       1.5464224752E-004
#     24    -2       1.3883908189E-004
#     24    -1       1.7285933212E-004
#     24     0       4.1867710793E-004
#     25   -23       1.9063275638E-004
#     25   -22       1.5123009327E-004
#     25   -21       7.5476545429E-004
#     25   -20       4.2455189849E-005
#     25   -19       6.9161470533E-004
#     25   -18       9.3961762356E-005
#     25   -17       5.1962511331E-004
#     25   -16       5.1179745605E-004
#     25   -15       2.7176666183E-004
#     25   -14       2.2519506704E-004
#     25   -13       1.7539445420E-004
#     25   -12       2.4669454814E-005
#     25   -11       1.0741996074E-004
#     25   -10       1.0029705838E-004
#     25    -9       1.2004585976E-004
#     25    -8       1.8148978053E-004
#     25    -7       1.5986571026E-004
#     25    -6       1.2686888222E-004
#     25    -5       5.4155945651E-004
#     25    -4       2.0834045033E-004
#     25    -3       1.6588828427E-004
#     25    -2       1.1688486372E-004
#     26   -22       2.1757352219E-005
#     26   -21       3.9087224593E-004
#     26   -20       3.6802405567E-005
#     26   -19       4.1178076207E-005
