 Diffraction intensities for potential:ga5x5_02D10010.in                       
#    -28    13       2.2815925531E-007
#    -28    14       1.8279261604E-006
#    -28    15       1.3833737094E-007
#    -27     7       2.4271904006E-006
#    -27     8       9.3591883365E-007
#    -27     9       9.6187530124E-007
#    -27    10       2.1513533058E-006
#    -27    11       9.1985036591E-008
#    -27    12       1.2531448764E-006
#    -27    13       7.8122177688E-008
#    -27    14       3.9608496918E-006
#    -27    15       6.6262554000E-007
#    -27    16       4.2533456569E-006
#    -27    17       1.3203017427E-007
#    -27    18       2.2957183346E-006
#    -27    19       2.2038225895E-007
#    -27    20       2.3605423119E-006
#    -26     4       4.5305573923E-007
#    -26     5       2.8780117512E-006
#    -26     6       1.6402145613E-007
#    -26     7       2.5823931889E-006
#    -26     8       1.6862028784E-006
#    -26     9       1.6156254083E-006
#    -26    10       2.2588681651E-006
#    -26    11       2.0713262557E-006
#    -26    12       5.1940351141E-006
#    -26    13       6.3317111006E-006
#    -26    14       2.4964531508E-006
#    -26    15       4.6286012375E-006
#    -26    16       3.2415454321E-006
#    -26    17       3.0273038541E-006
#    -26    18       5.1524221646E-006
#    -26    19       3.8601272707E-006
#    -26    20       3.0830348568E-006
#    -26    21       3.6971001230E-006
#    -26    22       2.4326102904E-006
#    -25     2       3.8675302936E-006
#    -25     3       1.0289715813E-006
#    -25     4       4.1014706415E-007
#    -25     5       7.8648288588E-004
#    -25     6       6.2635490122E-007
#    -25     7       3.0694148538E-006
#    -25     8       9.1758896775E-006
#    -25     9       3.2864781973E-006
#    -25    10       8.7045009868E-004
#    -25    11       6.7485433676E-006
#    -25    12       1.7467758550E-007
#    -25    13       9.7254509184E-006
#    -25    14       2.6010957441E-007
#    -25    15       3.5834317658E-004
#    -25    16       1.4225998078E-007
#    -25    17       2.0109640960E-005
#    -25    18       3.8509912560E-007
#    -25    19       2.4621806727E-006
#    -25    20       2.4733140424E-004
#    -25    21       1.3566300140E-006
#    -25    22       6.2771518700E-007
#    -25    23       3.6499301439E-006
#    -24     0       1.8662489935E-006
#    -24     1       2.9491592910E-007
#    -24     2       8.6280633532E-007
#    -24     3       4.6016431128E-007
#    -24     4       3.7492654738E-006
#    -24     5       1.6683050573E-006
#    -24     6       7.1716921898E-006
#    -24     7       3.2345910748E-006
#    -24     8       1.3543392514E-005
#    -24     9       6.0935178852E-006
#    -24    10       2.3286548621E-006
#    -24    11       8.1945385243E-006
#    -24    12       2.1639556216E-006
#    -24    13       1.6812174117E-005
#    -24    14       2.9605089725E-006
#    -24    15       1.2970933768E-005
#    -24    16       4.7244475553E-006
#    -24    17       7.0490114429E-006
#    -24    18       1.6755042891E-006
#    -24    19       4.3934573268E-006
#    -24    20       3.0235072036E-006
#    -24    21       3.4524495903E-006
#    -24    22       1.7225172785E-006
#    -24    23       7.2524308782E-006
#    -24    24       1.4139338192E-006
#    -23    -2       7.4488791136E-007
#    -23    -1       1.0706591518E-006
#    -23     0       3.3591560915E-006
#    -23     1       2.9910267043E-006
#    -23     2       3.8431514875E-006
#    -23     3       2.6173390691E-006
#    -23     4       8.5409199858E-006
#    -23     5       6.5651154195E-007
#    -23     6       1.5349372729E-005
#    -23     7       6.6537001042E-007
#    -23     8       1.6315650409E-005
#    -23     9       2.1323784802E-006
#    -23    10       1.2574986142E-005
#    -23    11       6.5876817796E-006
#    -23    12       1.0413883494E-005
#    -23    13       1.6134051393E-005
#    -23    14       1.6155122742E-005
#    -23    15       8.8923852076E-006
#    -23    16       1.4239366112E-005
#    -23    17       8.1045656550E-006
#    -23    18       6.5712597974E-006
#    -23    19       1.6365445108E-006
#    -23    20       4.0147173839E-006
#    -23    21       3.1892249872E-006
#    -23    22       4.3526479347E-006
#    -23    23       1.9776234057E-005
#    -23    24       4.6601313886E-007
#    -23    25       1.2990480324E-005
#    -22    -4       1.7357967781E-006
#    -22    -3       1.4602488746E-006
#    -22    -2       1.5358873395E-006
#    -22    -1       2.6912985186E-006
#    -22     0       4.9068163359E-006
#    -22     1       7.2847086272E-007
#    -22     2       8.2185904941E-006
#    -22     3       3.4169813116E-007
#    -22     4       1.5181327671E-005
#    -22     5       3.0908621424E-007
#    -22     6       1.5830204905E-005
#    -22     7       1.1749536056E-006
#    -22     8       1.3622801700E-005
#    -22     9       7.3728218574E-008
#    -22    10       9.8985537563E-006
#    -22    11       3.8740726891E-006
#    -22    12       1.6585720913E-005
#    -22    13       9.4680578007E-006
#    -22    14       2.6302680247E-005
#    -22    15       7.2101941252E-006
#    -22    16       2.8382800145E-005
#    -22    17       6.2317918362E-006
#    -22    18       1.4240785639E-005
#    -22    19       1.6639229203E-006
#    -22    20       1.7054127250E-006
#    -22    21       3.3540445584E-006
#    -22    22       2.9046715997E-007
#    -22    23       1.1042969228E-005
#    -22    24       2.9056561564E-006
#    -22    25       1.6949293271E-006
#    -22    26       2.1982663239E-006
#    -21    -5       3.5070883121E-006
#    -21    -4       2.5694857987E-007
#    -21    -3       3.3462802169E-006
#    -21    -2       2.0277459269E-006
#    -21    -1       1.9532115926E-006
#    -21     0       5.2513430055E-006
#    -21     1       1.6100390977E-006
#    -21     2       4.6975779338E-006
#    -21     3       3.2273186057E-006
#    -21     4       7.9473883209E-006
#    -21     5       3.0340907106E-006
#    -21     6       1.1431437832E-005
#    -21     7       2.4392300758E-006
#    -21     8       1.0653647451E-005
#    -21     9       8.1629717275E-007
#    -21    10       8.8283984145E-006
#    -21    11       3.1510936405E-006
#    -21    12       1.4804082462E-005
#    -21    13       9.2265712159E-006
#    -21    14       2.9100657638E-005
#    -21    15       1.2769786969E-005
#    -21    16       2.2716321062E-005
#    -21    17       7.9566971407E-006
#    -21    18       2.4126371713E-005
#    -21    19       4.9381002963E-007
#    -21    20       8.2956853644E-006
#    -21    21       6.2633575276E-007
#    -21    22       4.6488450891E-006
#    -21    23       5.0782638242E-006
#    -21    24       2.4649591377E-007
#    -21    25       8.2729643877E-006
#    -21    26       1.9282048940E-005
#    -20    -7       2.3250963619E-006
#    -20    -6       1.5225379205E-007
#    -20    -5       7.6447877598E-004
#    -20    -4       2.4460463688E-007
#    -20    -3       3.8166569824E-006
#    -20    -2       1.1223269278E-006
#    -20    -1       7.7555156252E-006
#    -20     0       7.9882069895E-003
#    -20     1       8.0917672955E-006
#    -20     2       2.6486783149E-006
#    -20     3       7.5578249386E-006
#    -20     4       7.3327703567E-006
#    -20     5       1.3135754298E-002
#    -20     6       1.4541725301E-005
#    -20     7       6.3654211549E-006
#    -20     8       1.4371853968E-005
#    -20     9       2.8812563073E-006
#    -20    10       7.7207787439E-003
#    -20    11       4.6075057610E-008
#    -20    12       2.1637495222E-005
#    -20    13       5.3089985107E-006
#    -20    14       3.7587975995E-005
#    -20    15       7.7552800006E-003
#    -20    16       4.1016299359E-005
#    -20    17       8.0162119323E-006
#    -20    18       3.0586593243E-005
#    -20    19       1.0096805640E-006
#    -20    20       2.7195056834E-003
#    -20    21       1.8474797659E-007
#    -20    22       1.0102540430E-005
#    -20    23       3.5632170922E-006
#    -20    24       1.2502064787E-005
#    -20    25       2.5275911051E-004
#    -20    26       2.0203277711E-005
#    -20    27       2.6486143311E-006
#    -19    -8       4.5211645516E-007
#    -19    -7       2.1390266539E-006
#    -19    -6       2.3301865620E-007
#    -19    -5       4.4858261939E-006
#    -19    -4       9.2758518013E-007
#    -19    -3       9.5177321407E-006
#    -19    -2       1.4050419832E-006
#    -19    -1       1.5847865759E-005
#    -19     0       6.1821230970E-007
#    -19     1       2.3033962522E-005
#    -19     2       1.4932986602E-006
#    -19     3       2.6871753819E-005
#    -19     4       5.9646142339E-006
#    -19     5       3.2065381023E-005
#    -19     6       1.6190135032E-005
#    -19     7       2.9376784923E-005
#    -19     8       1.6429644868E-005
#    -19     9       1.7642521961E-005
#    -19    10       2.1118032330E-005
#    -19    11       5.8092087458E-006
#    -19    12       2.9358997167E-005
#    -19    13       7.5159515587E-007
#    -19    14       4.6713119975E-005
#    -19    15       3.2577240297E-006
#    -19    16       5.7061107741E-005
#    -19    17       6.2009916728E-006
#    -19    18       4.8319848104E-005
#    -19    19       6.6653063013E-006
#    -19    20       3.3975730592E-005
#    -19    21       3.8403349550E-006
#    -19    22       2.8136144062E-005
#    -19    23       2.0141062961E-008
#    -19    24       2.8553746743E-005
#    -19    25       8.8712103873E-007
#    -19    26       2.6979119457E-005
#    -19    27       2.0506844479E-006
#    -18    -9       7.2328359699E-007
#    -18    -8       4.9287391159E-006
#    -18    -7       3.7238956860E-006
#    -18    -6       5.2225427541E-006
#    -18    -5       5.0792717679E-006
#    -18    -4       8.5292899823E-006
#    -18    -3       7.5886137291E-006
#    -18    -2       7.2023296863E-006
#    -18    -1       2.9871231629E-005
#    -18     0       4.4362976445E-006
#    -18     1       4.6637365881E-005
#    -18     2       2.4892121252E-007
#    -18     3       4.8091510396E-005
#    -18     4       3.3706246404E-006
#    -18     5       5.5195800137E-005
#    -18     6       1.1367506597E-005
#    -18     7       5.4982066195E-005
#    -18     8       9.9199596558E-006
#    -18     9       4.2999612412E-005
#    -18    10       8.1203660631E-006
#    -18    11       2.8814043577E-005
#    -18    12       2.4508563582E-005
#    -18    13       1.8364578348E-005
#    -18    14       3.8544633810E-005
#    -18    15       1.9004768900E-005
#    -18    16       5.6024776591E-005
#    -18    17       1.4935962611E-005
#    -18    18       3.9295352456E-005
#    -18    19       2.6430515361E-005
#    -18    20       3.3134874758E-005
#    -18    21       2.8498617215E-005
#    -18    22       1.5352678477E-005
#    -18    23       2.7089189243E-005
#    -18    24       2.8657257190E-005
#    -18    25       3.6662703924E-005
#    -18    26       2.4368385972E-005
#    -18    27       2.4911105995E-005
#    -17   -10       6.9011489644E-007
#    -17    -9       7.0379730909E-007
#    -17    -8       8.7973563994E-006
#    -17    -7       1.7725439983E-006
#    -17    -6       1.4376530101E-005
#    -17    -5       1.9166765037E-006
#    -17    -4       1.9433197544E-005
#    -17    -3       1.0094241748E-005
#    -17    -2       1.9766153059E-005
#    -17    -1       3.7532002192E-005
#    -17     0       1.8838358711E-005
#    -17     1       5.1536396694E-005
#    -17     2       7.6665548155E-006
#    -17     3       5.6088401696E-005
#    -17     4       2.9738483644E-006
#    -17     5       7.1491739433E-005
#    -17     6       7.2590893007E-006
#    -17     7       7.2748659649E-005
#    -17     8       3.1799364136E-006
#    -17     9       6.3117806625E-005
#    -17    10       4.0204426250E-007
#    -17    11       4.6817306318E-005
#    -17    12       4.7073292852E-006
#    -17    13       3.7048506556E-005
#    -17    14       1.4425913346E-005
#    -17    15       4.1117494399E-005
#    -17    16       2.9012297842E-005
#    -17    17       6.5424029270E-005
#    -17    18       3.0454328836E-005
#    -17    19       6.7368064728E-005
#    -17    20       1.4614014632E-005
#    -17    21       6.1718740631E-005
#    -17    22       1.3985336797E-005
#    -17    23       5.4242550305E-005
#    -17    24       1.0970133382E-005
#    -17    25       9.2334617228E-005
#    -17    26       1.6226609946E-006
#    -17    27       1.8269647063E-005
#    -16   -11       5.7211069483E-009
#    -16   -10       2.0066318667E-006
#    -16    -9       2.2993353082E-006
#    -16    -8       1.4020324524E-005
#    -16    -7       1.8291655568E-006
#    -16    -6       1.7882135511E-005
#    -16    -5       6.9679555033E-008
#    -16    -4       2.7080275271E-005
#    -16    -3       7.0080003944E-006
#    -16    -2       3.8368252508E-005
#    -16    -1       2.2915672115E-005
#    -16     0       4.2371524941E-005
#    -16     1       2.7655129121E-005
#    -16     2       2.0052792343E-005
#    -16     3       4.1893715373E-005
#    -16     4       9.3510674569E-006
#    -16     5       6.6654400977E-005
#    -16     6       1.0504095453E-005
#    -16     7       8.4506856283E-005
#    -16     8       7.6229470709E-006
#    -16     9       6.1808221358E-005
#    -16    10       5.3972640793E-006
#    -16    11       4.6827046206E-005
#    -16    12       1.9924244968E-006
#    -16    13       3.3258161964E-005
#    -16    14       2.0350934195E-006
#    -16    15       5.0972708101E-005
#    -16    16       4.7047552005E-006
#    -16    17       8.9655062939E-005
#    -16    18       7.0256168197E-006
#    -16    19       1.1219159555E-004
#    -16    20       5.6743759727E-006
#    -16    21       9.5465673163E-005
#    -16    22       2.7812840016E-006
#    -16    23       6.7873762119E-005
#    -16    24       1.2240809386E-005
#    -16    25       4.9601420857E-005
#    -16    26       4.1677174162E-006
#    -16    27       2.3344753261E-005
#    -15   -13       2.6597186244E-007
#    -15   -12       5.1321568809E-007
#    -15   -11       1.0339126075E-006
#    -15   -10       8.7656706112E-004
#    -15    -9       7.4451355832E-006
#    -15    -8       7.0206520976E-006
#    -15    -7       6.5038994165E-006
#    -15    -6       1.5136740238E-005
#    -15    -5       1.2644612564E-002
#    -15    -4       3.3277849474E-005
#    -15    -3       1.2367643652E-006
#    -15    -2       4.8920471732E-005
#    -15    -1       3.7637825527E-006
#    -15     0       4.4278348147E-002
#    -15     1       8.8535918448E-006
#    -15     2       3.9832700711E-005
#    -15     3       2.3977155348E-005
#    -15     4       2.2632340164E-005
#    -15     5       1.5173267872E-002
#    -15     6       2.7180432708E-005
#    -15     7       7.3733693624E-005
#    -15     8       3.3198789254E-005
#    -15     9       4.9397964579E-005
#    -15    10       1.4878604209E-002
#    -15    11       2.5287398834E-005
#    -15    12       1.4224506500E-005
#    -15    13       1.9200018990E-005
#    -15    14       5.2709777517E-006
#    -15    15       2.7270605882E-002
#    -15    16       5.4363426476E-007
#    -15    17       8.8273341312E-005
#    -15    18       8.6903687801E-006
#    -15    19       1.1216678129E-004
#    -15    20       7.4832447330E-003
#    -15    21       1.0824726280E-004
#    -15    22       2.6412806117E-005
#    -15    23       1.0270917864E-004
#    -15    24       2.8350971849E-005
#    -15    25       6.1537897836E-004
#    -15    26       2.0929076401E-005
#    -15    27       1.3392466869E-005
#    -15    28       2.4038697540E-006
#    -14   -14       1.0197518404E-007
#    -14   -13       1.2257737643E-006
#    -14   -12       3.3260668140E-006
#    -14   -11       6.7290305319E-006
#    -14   -10       5.5721962679E-006
#    -14    -9       1.1164008804E-005
#    -14    -8       5.9882428480E-006
#    -14    -7       9.4841357518E-006
#    -14    -6       1.1864591455E-005
#    -14    -5       5.2386396770E-006
#    -14    -4       2.6476168457E-005
#    -14    -3       1.8926200139E-006
#    -14    -2       4.4936741261E-005
#    -14    -1       1.2002423045E-006
#    -14     0       5.7437206675E-005
#    -14     1       1.3058824483E-007
#    -14     2       4.5067807123E-005
#    -14     3       9.6669018922E-006
#    -14     4       4.4508479045E-005
#    -14     5       4.0185834436E-005
#    -14     6       6.7678197131E-005
#    -14     7       4.7672043043E-005
#    -14     8       8.3530588097E-005
#    -14     9       2.3032534473E-005
#    -14    10       6.2854745610E-005
#    -14    11       5.8229482332E-006
#    -14    12       2.8258974400E-005
#    -14    13       3.8786915787E-006
#    -14    14       6.1755109754E-006
#    -14    15       1.9052152361E-005
#    -14    16       6.2961505723E-006
#    -14    17       6.3453914308E-005
#    -14    18       2.3996461458E-005
#    -14    19       8.7796215122E-005
#    -14    20       6.7114243335E-005
#    -14    21       8.4569794446E-005
#    -14    22       8.2274342955E-005
#    -14    23       4.5855251649E-005
#    -14    24       5.8354741153E-005
#    -14    25       2.3231370460E-005
#    -14    26       3.0570936147E-005
#    -14    27       5.7315878388E-006
#    -14    28       3.3762266282E-005
#    -13   -15       5.8854605895E-007
#    -13   -14       2.1085011977E-007
#    -13   -13       1.1219602159E-005
#    -13   -12       1.4733827464E-006
#    -13   -11       9.9636869890E-006
#    -13   -10       1.0623666804E-006
#    -13    -9       1.4658253139E-005
#    -13    -8       1.2681568475E-006
#    -13    -7       1.3468747112E-005
#    -13    -6       7.0119217546E-006
#    -13    -5       1.0350800374E-005
#    -13    -4       1.7485641822E-005
#    -13    -3       1.0015681870E-005
#    -13    -2       4.0006625944E-005
#    -13    -1       1.1494527650E-005
#    -13     0       4.3035795982E-005
#    -13     1       3.4890494089E-006
#    -13     2       4.3025956428E-005
#    -13     3       3.1060007638E-006
#    -13     4       6.6877628971E-005
#    -13     5       2.0155944289E-005
#    -13     6       1.2109537711E-004
#    -13     7       1.6537054597E-005
#    -13     8       1.2640251376E-004
#    -13     9       9.7536639391E-006
#    -13    10       7.8247391105E-005
#    -13    11       4.8085893365E-006
#    -13    12       3.0044967702E-005
#    -13    13       8.0925328384E-007
#    -13    14       3.3518010160E-006
#    -13    15       1.2841803060E-005
#    -13    16       1.2851991091E-005
#    -13    17       4.6634115687E-005
#    -13    18       7.1971659791E-005
#    -13    19       5.0762698839E-005
#    -13    20       1.1682589605E-004
#    -13    21       6.1985275582E-005
#    -13    22       1.0511462112E-004
#    -13    23       3.5740102420E-005
#    -13    24       8.2368411251E-005
#    -13    25       5.3273530694E-006
#    -13    26       1.3247247122E-005
#    -13    27       4.0346299261E-006
#    -13    28       1.8041561772E-005
#    -12   -15       1.2215132764E-006
#    -12   -14       3.5359440330E-007
#    -12   -13       8.0973248839E-006
#    -12   -12       2.3647298900E-006
#    -12   -11       1.7506134876E-005
#    -12   -10       2.5699796587E-007
#    -12    -9       1.6659906956E-005
#    -12    -8       8.3908967182E-007
#    -12    -7       1.8804340809E-005
#    -12    -6       4.0191544522E-006
#    -12    -5       1.7232064977E-005
#    -12    -4       1.1292951365E-005
#    -12    -3       1.7953964121E-005
#    -12    -2       2.3708654671E-005
#    -12    -1       2.3190445488E-005
#    -12     0       2.4930108000E-005
#    -12     1       1.0752504960E-005
#    -12     2       3.0117984923E-005
#    -12     3       2.1262615940E-006
#    -12     4       7.7330184759E-005
#    -12     5       1.1114391677E-005
#    -12     6       1.3153386182E-004
#    -12     7       2.6414680933E-005
#    -12     8       1.2345397100E-004
#    -12     9       4.0645384533E-005
#    -12    10       6.8029443618E-005
#    -12    11       2.3389358898E-005
#    -12    12       1.9724614250E-005
#    -12    13       3.8407721898E-006
#    -12    14       2.0341287715E-006
#    -12    15       1.4164488270E-005
#    -12    16       1.5198516522E-005
#    -12    17       2.8460762517E-005
#    -12    18       7.4740262581E-005
#    -12    19       2.3336039290E-005
#    -12    20       1.2324523109E-004
#    -12    21       2.8405869822E-005
#    -12    22       1.4651499269E-004
#    -12    23       1.3853100677E-005
#    -12    24       9.1950549963E-005
#    -12    25       1.2580576565E-005
#    -12    26       3.7520289046E-005
#    -12    27       1.6191207649E-005
#    -11   -16       1.4533455376E-006
#    -11   -15       5.0460134766E-006
#    -11   -14       3.8488681733E-006
#    -11   -13       1.4642302411E-005
#    -11   -12       6.2502419234E-006
#    -11   -11       1.4750857312E-005
#    -11   -10       9.6316026180E-007
#    -11    -9       2.3484294948E-005
#    -11    -8       2.7839526045E-007
#    -11    -7       2.8853250116E-005
#    -11    -6       1.5171891831E-006
#    -11    -5       2.2899681981E-005
#    -11    -4       7.1423161247E-006
#    -11    -3       2.1770749908E-005
#    -11    -2       1.4689842651E-005
#    -11    -1       2.5641136966E-005
#    -11     0       1.0468934215E-005
#    -11     1       9.2409451905E-006
#    -11     2       2.0451371051E-005
#    -11     3       5.8310009371E-006
#    -11     4       6.9302195634E-005
#    -11     5       2.7290056455E-005
#    -11     6       1.0853744338E-004
#    -11     7       6.5370489238E-005
#    -11     8       9.0462179149E-005
#    -11     9       7.4970874180E-005
#    -11    10       5.9801712552E-005
#    -11    11       3.0659782429E-005
#    -11    12       2.8521594507E-005
#    -11    13       1.0628819005E-005
#    -11    14       3.3801180673E-006
#    -11    15       1.2003151301E-005
#    -11    16       2.5395710843E-005
#    -11    17       1.1400619803E-005
#    -11    18       7.9414317172E-005
#    -11    19       2.1437655751E-005
#    -11    20       1.3970748013E-004
#    -11    21       3.4544565302E-005
#    -11    22       1.4857142680E-004
#    -11    23       3.3570960858E-005
#    -11    24       6.8130918777E-005
#    -11    25       1.2765056556E-005
#    -11    26       1.4795686132E-005
#    -11    27       5.0350884574E-005
#    -10   -17       7.3052671230E-007
#    -10   -16       3.3794367478E-006
#    -10   -15       4.1643790165E-004
#    -10   -14       1.2144418610E-005
#    -10   -13       1.1416564301E-005
#    -10   -12       1.2054064320E-005
#    -10   -11       1.6650348252E-005
#    -10   -10       6.8372244844E-003
#    -10    -9       3.7562361529E-005
#    -10    -8       8.4192708268E-007
#    -10    -7       4.1254586070E-005
#    -10    -6       3.5300100469E-009
#    -10    -5       1.4662905128E-002
#    -10    -4       3.3163136782E-006
#    -10    -3       2.4942227682E-005
#    -10    -2       9.0699515448E-006
#    -10    -1       1.7032686848E-005
#    -10     0       1.6068277242E-002
#    -10     1       3.4063069218E-006
#    -10     2       1.6628178363E-005
#    -10     3       9.0466654341E-006
#    -10     4       5.8596490613E-005
#    -10     5       3.5800758907E-003
#    -10     6       8.2582650689E-005
#    -10     7       8.1358957466E-005
#    -10     8       8.5958911810E-005
#    -10     9       6.9037517199E-005
#    -10    10       4.7640248880E-002
#    -10    11       3.7990414693E-005
#    -10    12       2.6881286119E-005
#    -10    13       2.5395819468E-005
#    -10    14       6.4165378669E-006
#    -10    15       1.5944087127E-002
#    -10    16       5.1265659415E-005
#    -10    17       1.9831238624E-006
#    -10    18       7.7659259664E-005
#    -10    19       3.5786038767E-005
#    -10    20       7.2072882185E-003
#    -10    21       7.1566667645E-005
#    -10    22       7.7858573106E-005
#    -10    23       8.9923445205E-005
#    -10    24       2.4213253171E-005
#    -10    25       1.1490707274E-003
#    -10    26       3.0702257749E-006
#    -10    27       4.2276414578E-005
#     -9   -18       4.5853789583E-007
#     -9   -17       2.0360285189E-006
#     -9   -16       1.2709814192E-005
#     -9   -15       5.6879116466E-006
#     -9   -14       1.7753464490E-005
#     -9   -13       6.9484688832E-006
#     -9   -12       1.2926931492E-005
#     -9   -11       1.9331872654E-005
#     -9   -10       1.1212799765E-005
#     -9    -9       5.0118035973E-005
#     -9    -8       1.3051628424E-005
#     -9    -7       4.4084231238E-005
#     -9    -6       2.2329277321E-006
#     -9    -5       3.3385978651E-005
#     -9    -4       5.9229287742E-007
#     -9    -3       2.7502216229E-005
#     -9    -2       4.0761711034E-006
#     -9    -1       1.3015509363E-005
#     -9     0       3.6843998215E-006
#     -9     1       8.9717806862E-007
#     -9     2       2.1390929442E-005
#     -9     3       9.1033776294E-006
#     -9     4       5.5593127182E-005
#     -9     5       4.5683337333E-005
#     -9     6       7.7649149322E-005
#     -9     7       6.7591047177E-005
#     -9     8       9.4850402658E-005
#     -9     9       6.0235660365E-005
#     -9    10       6.4133886558E-005
#     -9    11       6.8037691654E-005
#     -9    12       7.6920108571E-006
#     -9    13       4.5559140058E-005
#     -9    14       1.2807600753E-005
#     -9    15       8.6036934302E-006
#     -9    16       4.2528859731E-005
#     -9    17       1.9084117172E-005
#     -9    18       5.5940224202E-005
#     -9    19       5.6600644707E-005
#     -9    20       4.2629680117E-005
#     -9    21       1.2228115835E-004
#     -9    22       8.7332994661E-006
#     -9    23       1.3800430701E-004
#     -9    24       1.6394828994E-007
#     -9    25       2.8823455608E-005
#     -9    26       4.8779486434E-006
#     -9    27       1.6781881035E-005
#     -8   -19       3.0508807186E-007
#     -8   -18       1.1927441046E-005
#     -8   -17       5.8929098813E-006
#     -8   -16       1.3399954421E-005
#     -8   -15       1.9922270524E-006
#     -8   -14       2.6714489188E-005
#     -8   -13       2.0395231655E-006
#     -8   -12       2.0075492229E-005
#     -8   -11       3.1687112102E-005
#     -8   -10       3.3140901966E-005
#     -8    -9       3.7986420508E-005
#     -8    -8       3.0939534804E-005
#     -8    -7       3.5285123967E-005
#     -8    -6       1.3283823010E-005
#     -8    -5       3.7271183295E-005
#     -8    -4       1.6921293359E-006
#     -8    -3       3.0603244393E-005
#     -8    -2       2.4699316391E-007
#     -8    -1       1.5306478797E-005
#     -8     0       5.5882233378E-006
#     -8     1       1.9774750348E-006
#     -8     2       2.9276110507E-005
#     -8     3       8.5992234858E-006
#     -8     4       5.3491826527E-005
#     -8     5       3.8651042213E-005
#     -8     6       7.0317368034E-005
#     -8     7       5.9658692987E-005
#     -8     8       6.9516827461E-005
#     -8     9       8.4916356347E-005
#     -8    10       1.8907462247E-005
#     -8    11       7.9726254150E-005
#     -8    12       4.5955076104E-007
#     -8    13       3.6730991951E-005
#     -8    14       1.0275994787E-005
#     -8    15       2.9086246123E-005
#     -8    16       1.1230951857E-005
#     -8    17       6.6772763905E-005
#     -8    18       1.2640856783E-005
#     -8    19       8.2013900842E-005
#     -8    20       9.0529802804E-006
#     -8    21       1.5875176959E-004
#     -8    22       1.4568866775E-005
#     -8    23       1.1595104480E-004
#     -8    24       1.5998310554E-005
#     -8    25       6.7885468570E-006
#     -8    26       6.1500512389E-006
#     -8    27       7.4264131188E-006
#     -7   -20       5.6927048377E-007
#     -7   -19       3.4912306809E-006
#     -7   -18       8.7115739383E-006
#     -7   -17       3.6443813693E-006
#     -7   -16       2.4981462774E-005
#     -7   -15       1.3686939079E-006
#     -7   -14       2.0600447571E-005
#     -7   -13       5.1485343184E-006
#     -7   -12       4.3724251904E-005
#     -7   -11       1.6566995950E-005
#     -7   -10       6.9485904804E-005
#     -7    -9       2.2090883383E-005
#     -7    -8       5.6204824355E-005
#     -7    -7       2.3811955515E-005
#     -7    -6       3.1268213408E-005
#     -7    -5       2.8336909161E-005
#     -7    -4       1.1859866839E-005
#     -7    -3       2.7914247209E-005
#     -7    -2       3.1317633327E-006
#     -7    -1       1.7397326531E-005
#     -7     0       1.1326339143E-005
#     -7     1       5.7865076677E-006
#     -7     2       3.3510492965E-005
#     -7     3       1.5009948930E-005
#     -7     4       3.7441536896E-005
#     -7     5       4.4629866071E-005
#     -7     6       3.6135650709E-005
#     -7     7       6.9173043724E-005
#     -7     8       1.7559091789E-005
#     -7     9       9.2678405258E-005
#     -7    10       9.4973461776E-008
#     -7    11       6.5206448849E-005
#     -7    12       6.7216196206E-006
#     -7    13       3.8414314797E-005
#     -7    14       5.4137170876E-006
#     -7    15       4.6054737986E-005
#     -7    16       1.6579513897E-006
#     -7    17       8.0591334682E-005
#     -7    18       1.4055724365E-005
#     -7    19       7.2246788314E-005
#     -7    20       1.7301930448E-005
#     -7    21       6.7268236039E-005
#     -7    22       7.7484661009E-005
#     -7    23       4.8760371126E-005
#     -7    24       5.8599383346E-005
#     -7    25       6.5030073618E-006
#     -7    26       6.3548270539E-005
#     -7    27       7.0112973266E-007
#     -6   -20       4.3595171422E-006
#     -6   -19       7.1430442679E-006
#     -6   -18       1.0217515292E-005
#     -6   -17       4.9833707527E-006
#     -6   -16       2.4743217450E-005
#     -6   -15       1.8858531317E-006
#     -6   -14       3.1406430420E-005
#     -6   -13       2.2838580145E-006
#     -6   -12       8.2825090480E-005
#     -6   -11       2.0464261292E-006
#     -6   -10       9.0707265876E-005
#     -6    -9       5.0942781510E-006
#     -6    -8       7.7005746714E-005
#     -6    -7       6.7978088084E-006
#     -6    -6       5.0306211764E-005
#     -6    -5       1.3708163285E-005
#     -6    -4       2.2726150206E-005
#     -6    -3       1.8176551967E-005
#     -6    -2       1.1632158282E-005
#     -6    -1       1.6215037166E-005
#     -6     0       2.1562560892E-005
#     -6     1       1.1197512613E-005
#     -6     2       2.6022300082E-005
#     -6     3       2.5293285965E-005
#     -6     4       1.6201985754E-005
#     -6     5       4.4630376797E-005
#     -6     6       6.6773567440E-006
#     -6     7       5.9526425498E-005
#     -6     8       1.1737945781E-007
#     -6     9       6.3472472043E-005
#     -6    10       3.8859343670E-006
#     -6    11       4.5700946689E-005
#     -6    12       1.5566006309E-005
#     -6    13       2.9206357781E-005
#     -6    14       2.1474314896E-005
#     -6    15       2.9549502942E-005
#     -6    16       2.9955595183E-005
#     -6    17       6.3897847552E-005
#     -6    18       3.4463135320E-005
#     -6    19       4.2868242235E-005
#     -6    20       3.7293559272E-005
#     -6    21       1.7930379558E-005
#     -6    22       1.2477721244E-004
#     -6    23       2.9780807117E-006
#     -6    24       7.7085086808E-005
#     -6    25       1.7986888852E-005
#     -6    26       4.9791617766E-005
#     -5   -21       2.6412041364E-007
#     -5   -20       2.7231551432E-004
#     -5   -19       9.8648451984E-006
#     -5   -18       9.7723987800E-006
#     -5   -17       1.1060768154E-005
#     -5   -16       1.8001344604E-005
#     -5   -15       8.0273470144E-003
#     -5   -14       5.0311775013E-005
#     -5   -13       1.7279057331E-007
#     -5   -12       8.5595406867E-005
#     -5   -11       4.3740955380E-006
#     -5   -10       1.4125336516E-002
#     -5    -9       4.9555948849E-006
#     -5    -8       8.6288223833E-005
#     -5    -7       3.0702877587E-008
#     -5    -6       5.3827238519E-005
#     -5    -5       4.6203936933E-003
#     -5    -4       2.5540130645E-005
#     -5    -3       8.2871317240E-006
#     -5    -2       2.0090001504E-005
#     -5    -1       1.1089849442E-005
#     -5     0       3.2559915619E-002
#     -5     1       1.0927468808E-005
#     -5     2       2.1449082124E-005
#     -5     3       2.3009646625E-005
#     -5     4       7.8605550208E-006
#     -5     5       1.7301186933E-003
#     -5     6       1.4621729291E-006
#     -5     7       3.4930225176E-005
#     -5     8       3.2973170357E-007
#     -5     9       3.9964183457E-005
#     -5    10       4.0844795870E-003
#     -5    11       2.6489019066E-005
#     -5    12       3.1815280527E-005
#     -5    13       7.6555898102E-006
#     -5    14       3.8688556402E-005
#     -5    15       1.5183245700E-002
#     -5    16       4.9014983774E-005
#     -5    17       4.8518885950E-005
#     -5    18       6.8955706415E-005
#     -5    19       2.0887287312E-005
#     -5    20       1.1898497798E-002
#     -5    21       1.8178620104E-006
#     -5    22       1.1626533814E-004
#     -5    23       4.1572435303E-005
#     -5    24       5.9132934247E-005
#     -5    25       9.9203659108E-004
#     -5    26       5.0475670526E-006
#     -4   -22       1.8779246957E-006
#     -4   -21       7.1375471569E-006
#     -4   -20       1.0698429790E-005
#     -4   -19       1.2549881844E-005
#     -4   -18       5.5717498385E-006
#     -4   -17       1.0666871824E-005
#     -4   -16       1.8751085557E-005
#     -4   -15       5.7501031755E-006
#     -4   -14       6.4485352942E-005
#     -4   -13       1.2309806164E-005
#     -4   -12       8.0092848956E-005
#     -4   -11       2.3924792484E-005
#     -4   -10       7.9476213560E-005
#     -4    -9       2.0044638867E-005
#     -4    -8       6.4179260959E-005
#     -4    -7       9.6441870184E-006
#     -4    -6       3.7034210593E-005
#     -4    -5       4.5256896360E-008
#     -4    -4       2.5650564153E-005
#     -4    -3       3.7409069474E-006
#     -4    -2       3.1034752373E-005
#     -4    -1       3.1924863580E-006
#     -4     0       3.2517264259E-005
#     -4     1       1.2182457857E-005
#     -4     2       1.6826178786E-005
#     -4     3       2.7259318049E-005
#     -4     4       7.0650904941E-006
#     -4     5       2.9460759695E-005
#     -4     6       3.9353664734E-006
#     -4     7       3.3959958207E-005
#     -4     8       3.5374560820E-006
#     -4     9       2.9765207921E-005
#     -4    10       2.0702375473E-005
#     -4    11       1.3005794757E-005
#     -4    12       3.2021649299E-005
#     -4    13       1.3958943682E-005
#     -4    14       3.0369839433E-005
#     -4    15       1.9768344263E-005
#     -4    16       5.5282238492E-005
#     -4    17       2.6223913925E-005
#     -4    18       9.8876622066E-005
#     -4    19       5.9122209672E-006
#     -4    20       5.0737459338E-005
#     -4    21       2.2708149042E-005
#     -4    22       8.3632648903E-005
#     -4    23       8.2014397469E-005
#     -4    24       3.0441197698E-005
#     -4    25       4.4413699536E-005
#     -4    26       1.1816626513E-005
#     -3   -22       4.8094185391E-006
#     -3   -21       1.2981560760E-005
#     -3   -20       8.5899900926E-006
#     -3   -19       1.7020032575E-005
#     -3   -18       2.6308945514E-006
#     -3   -17       1.3760012410E-005
#     -3   -16       2.4747171857E-005
#     -3   -15       1.9480647319E-005
#     -3   -14       5.3774614675E-005
#     -3   -13       3.2120810352E-005
#     -3   -12       5.2565343633E-005
#     -3   -11       4.0723926660E-005
#     -3   -10       5.8403826286E-005
#     -3    -9       4.2876144973E-005
#     -3    -8       3.4247271356E-005
#     -3    -7       1.8413042635E-005
#     -3    -6       1.7287725085E-005
#     -3    -5       1.9924678165E-006
#     -3    -4       2.7117506773E-005
#     -3    -3       7.0301023251E-007
#     -3    -2       4.2444745166E-005
#     -3    -1       5.0854643244E-006
#     -3     0       2.8300029388E-005
#     -3     1       3.3682339507E-005
#     -3     2       1.3404940156E-005
#     -3     3       5.0506101122E-005
#     -3     4       2.3023829299E-005
#     -3     5       3.8567664226E-005
#     -3     6       2.3640045336E-005
#     -3     7       3.6683307977E-005
#     -3     8       1.5637599969E-005
#     -3     9       2.7618840010E-005
#     -3    10       2.5868571673E-005
#     -3    11       2.0873327549E-005
#     -3    12       1.7544124138E-005
#     -3    13       3.6329665225E-005
#     -3    14       9.3679466148E-006
#     -3    15       2.7913985222E-005
#     -3    16       5.4111829308E-005
#     -3    17       1.0315787066E-005
#     -3    18       9.5804458674E-005
#     -3    19       2.9155323463E-005
#     -3    20       3.2434801887E-005
#     -3    21       8.3752682650E-005
#     -3    22       1.1206089639E-005
#     -3    23       1.1721404717E-004
#     -3    24       2.3517742772E-005
#     -3    25       1.9642548046E-005
#     -2   -23       3.1377220201E-006
#     -2   -22       4.6799180365E-006
#     -2   -21       8.9269696714E-006
#     -2   -20       3.5495334247E-006
#     -2   -19       3.6019364800E-005
#     -2   -18       4.0870246183E-006
#     -2   -17       2.1904442723E-005
#     -2   -16       2.9464851965E-005
#     -2   -15       4.4794417297E-005
#     -2   -14       2.6150421728E-005
#     -2   -13       4.6063609209E-005
#     -2   -12       4.7964104896E-005
#     -2   -11       5.5260636537E-005
#     -2   -10       3.8828530060E-005
#     -2    -9       4.1535659393E-005
#     -2    -8       1.4856147429E-005
#     -2    -7       1.6272131086E-005
#     -2    -6       1.1923736903E-005
#     -2    -5       7.7163913639E-006
#     -2    -4       3.7963438673E-005
#     -2    -3       9.5637032164E-006
#     -2    -2       4.0492908280E-005
#     -2    -1       3.6147316724E-005
#     -2     0       1.9833109421E-005
#     -2     1       6.3686002766E-005
#     -2     2       4.6278433099E-005
#     -2     3       4.8266537427E-005
#     -2     4       7.5299083764E-005
#     -2     5       4.8619882599E-005
#     -2     6       5.0559878678E-005
#     -2     7       5.6174768884E-005
#     -2     8       2.3096475699E-005
#     -2     9       3.4732603452E-005
#     -2    10       1.7100839972E-005
#     -2    11       2.6402853367E-005
#     -2    12       1.0989172538E-005
#     -2    13       3.1318657587E-005
#     -2    14       2.9612768724E-005
#     -2    15       6.7595300576E-006
#     -2    16       9.0689807285E-005
#     -2    17       3.9210049270E-005
#     -2    18       2.5741887033E-005
#     -2    19       5.6272560666E-005
#     -2    20       1.9893230036E-006
#     -2    21       7.8415684211E-005
#     -2    22       3.8846626777E-005
#     -2    23       5.7503825533E-005
#     -2    24       3.8273758658E-005
#     -2    25       4.9769365821E-006
#     -1   -23       5.7727268408E-006
#     -1   -22       1.6750081096E-006
#     -1   -21       1.4792122479E-005
#     -1   -20       2.5560426476E-006
#     -1   -19       2.4412647136E-005
#     -1   -18       3.1259985440E-006
#     -1   -17       4.2689272335E-005
#     -1   -16       1.9374310877E-005
#     -1   -15       5.7696261108E-005
#     -1   -14       3.0282025856E-005
#     -1   -13       4.9142642349E-005
#     -1   -12       5.2209027044E-005
#     -1   -11       4.5898091967E-005
#     -1   -10       4.4481572032E-005
#     -1    -9       2.6175427533E-005
#     -1    -8       2.0548898774E-005
#     -1    -7       1.0715273237E-005
#     -1    -6       2.4863712301E-005
#     -1    -5       1.4705347101E-005
#     -1    -4       4.8278714874E-005
#     -1    -3       3.4778783476E-005
#     -1    -2       3.7029825337E-005
#     -1    -1       6.9978006275E-005
#     -1     0       5.5973573980E-005
#     -1     1       5.0612741464E-005
#     -1     2       1.1942017235E-004
#     -1     3       5.3033733184E-005
#     -1     4       9.6726222448E-005
#     -1     5       1.0422646987E-004
#     -1     6       3.5857305491E-005
#     -1     7       8.7225487869E-005
#     -1     8       1.8964414183E-005
#     -1     9       4.1531587117E-005
#     -1    10       1.3862513676E-005
#     -1    11       1.6172269792E-005
#     -1    12       3.3702586878E-005
#     -1    13       1.0572080340E-006
#     -1    14       4.2005148553E-005
#     -1    15       1.6252819144E-005
#     -1    16       3.5222657853E-005
#     -1    17       1.0110900907E-004
#     -1    18       1.0452332996E-006
#     -1    19       4.8133860381E-005
#     -1    20       2.6283489165E-005
#     -1    21       5.7297059379E-005
#     -1    22       9.6271022613E-005
#     -1    23       2.1589083203E-005
#     -1    24       4.7522882020E-005
#      0   -24       5.2960682602E-006
#      0   -23       2.1226292233E-005
#      0   -22       6.4664070102E-006
#      0   -21       1.2703531393E-005
#      0   -20       2.5724246164E-003
#      0   -19       2.9634423028E-005
#      0   -18       6.8779958498E-007
#      0   -17       6.3628397011E-005
#      0   -16       9.0509406942E-006
#      0   -15       2.5678245336E-002
#      0   -14       3.9935507532E-005
#      0   -13       4.0157727816E-005
#      0   -12       6.6825225063E-005
#      0   -11       3.3367626184E-005
#      0   -10       4.7709304277E-002
#      0    -9       6.2418571862E-006
#      0    -8       3.8182622515E-005
#      0    -7       6.0009211716E-006
#      0    -6       5.7874449404E-005
#      0    -5       2.3079431010E-003
#      0    -4       6.7412137315E-005
#      0    -3       6.3797886988E-005
#      0    -2       7.4052691597E-005
#      0    -1       5.5830587483E-005
#      0     0       3.0497946476E-002
#      0     1       5.2829303624E-005
#      0     2       1.3591281537E-004
#      0     3       1.3590104751E-004
#      0     4       4.4832202664E-005
#      0     5       3.1940059514E-002
#      0     6       1.9672262543E-005
#      0     7       7.9521726551E-005
#      0     8       2.7288020776E-005
#      0     9       1.7866803757E-005
#      0    10       1.5945556202E-002
#      0    11       6.6375071204E-007
#      0    12       3.6909448788E-005
#      0    13       1.5036232595E-005
#      0    14       2.0807777924E-005
#      0    15       4.2634688766E-002
#      0    16       2.5667176517E-007
#      0    17       8.9256778871E-005
#      0    18       3.2241326018E-005
#      0    19       9.8166143406E-006
#      0    20       7.0670857067E-003
#      0    21       2.0232224262E-005
#      0    22       1.2146834911E-004
#      0    23       3.8141035677E-005
#      0    24       3.0600803254E-005
#      1   -24       5.7844846727E-006
#      1   -23       1.1468895139E-005
#      1   -22       7.9922543270E-006
#      1   -21       2.2662760321E-005
#      1   -20       5.0725479802E-006
#      1   -19       4.5581373256E-005
#      1   -18       1.1205709995E-006
#      1   -17       6.4663971404E-005
#      1   -16       4.4855923483E-006
#      1   -15       5.7070006443E-005
#      1   -14       3.4858398331E-005
#      1   -13       5.3666170284E-005
#      1   -12       5.8643558235E-005
#      1   -11       2.9513493250E-005
#      1   -10       5.3612150488E-005
#      1    -9       4.8759321155E-006
#      1    -8       6.2904156762E-005
#      1    -7       7.3954067369E-006
#      1    -6       9.2837810719E-005
#      1    -5       4.1425949467E-005
#      1    -4       9.8389992678E-005
#      1    -3       6.0263446815E-005
#      1    -2       1.4582973588E-004
#      1    -1       5.2313236956E-005
#      1     0       1.4963546781E-004
#      1     1       1.4234333040E-004
#      1     2       4.9547335556E-005
#      1     3       2.3053559636E-004
#      1     4       1.7169203644E-005
#      1     5       1.4681758328E-004
#      1     6       5.3743257309E-005
#      1     7       3.5661411062E-005
#      1     8       4.0474892387E-005
#      1     9       9.7448184364E-007
#      1    10       2.1130503166E-005
#      1    11       1.3833783404E-005
#      1    12       1.1466796421E-005
#      1    13       4.0102497924E-005
#      1    14       5.7937344835E-006
#      1    15       6.5732867460E-005
#      1    16       5.0182877501E-005
#      1    17       3.2924218676E-005
#      1    18       8.1553908380E-005
#      1    19       8.2598439801E-006
#      1    20       6.5527006207E-005
#      1    21       4.7506487839E-005
#      1    22       2.0540278267E-005
#      1    23       5.4821462893E-005
#      2   -25       8.0909630223E-006
#      2   -24       1.3440844251E-006
#      2   -23       1.7566441103E-005
#      2   -22       6.6436927437E-006
#      2   -21       2.5804550410E-005
#      2   -20       7.4759128992E-006
#      2   -19       4.5557021007E-005
#      2   -18       3.9338216806E-006
#      2   -17       7.5026595948E-005
#      2   -16       4.9042751246E-006
#      2   -15       7.3756210907E-005
#      2   -14       3.2553755577E-005
#      2   -13       7.2491915832E-005
#      2   -12       4.1165215332E-005
#      2   -11       5.2465887388E-005
#      2   -10       4.5974925063E-005
#      2    -9       2.0401274373E-005
#      2    -8       8.0878208092E-005
#      2    -7       2.7984846205E-005
#      2    -6       1.0173524065E-004
#      2    -5       6.2298755377E-005
#      2    -4       1.2876679665E-004
#      2    -3       6.5969890598E-005
#      2    -2       1.4741738801E-004
#      2    -1       1.3403762154E-004
#      2     0       6.1118517383E-005
#      2     1       2.3890436671E-004
#      2     2       1.2666777170E-005
#      2     3       1.8364196345E-004
#      2     4       7.6858989902E-005
#      2     5       5.1938830702E-005
#      2     6       8.9736222173E-005
#      2     7       1.9626959073E-006
#      2     8       3.0252383344E-005
#      2     9       3.1728434092E-006
#      2    10       7.1017886555E-006
#      2    11       3.6950559695E-005
#      2    12       9.8248102975E-006
#      2    13       3.9477660320E-005
#      2    14       3.8027197220E-005
#      2    15       1.7775574428E-005
#      2    16       9.3630359909E-005
#      2    17       4.4261028660E-006
#      2    18       2.7001906989E-005
#      2    19       2.8996746253E-005
#      2    20       3.4666132349E-005
#      2    21       5.0400643080E-005
#      2    22       1.9350014295E-005
#      2    23       3.2652214036E-005
#      3   -25       7.7174316838E-007
#      3   -24       4.2166922838E-006
#      3   -23       1.7086120875E-005
#      3   -22       1.9418290802E-005
#      3   -21       2.9795574694E-005
#      3   -20       1.0077059038E-005
#      3   -19       7.2229798317E-005
#      3   -18       1.6731352223E-005
#      3   -17       6.3398166692E-005
#      3   -16       6.6979131071E-006
#      3   -15       8.7985143603E-005
#      3   -14       9.9666123544E-006
#      3   -13       9.4044847390E-005
#      3   -12       1.5713114156E-005
#      3   -11       6.6118993857E-005
#      3   -10       3.6667668859E-005
#      3    -9       5.4073776433E-005
#      3    -8       6.4910559917E-005
#      3    -7       7.8218136285E-005
#      3    -6       8.3547705425E-005
#      3    -5       9.2914714878E-005
#      3    -4       1.1129689376E-004
#      3    -3       1.3074652898E-004
#      3    -2       5.8914727344E-005
#      3    -1       2.2062515945E-004
#      3     0       8.1213611723E-006
#      3     1       1.9447220021E-004
#      3     2       7.9191074220E-005
#      3     3       5.9467259272E-005
#      3     4       1.2747153097E-004
#      3     5       1.5766086370E-006
#      3     6       5.9792135764E-005
#      3     7       1.9478176950E-006
#      3     8       1.4225334159E-005
#      3     9       7.5318568635E-006
#      3    10       1.2285456369E-005
#      3    11       2.5736592868E-005
#      3    12       4.1076091403E-005
#      3    13       4.6105598086E-006
#      3    14       5.0082516217E-005
#      3    15       6.5634698258E-006
#      3    16       4.4611477213E-005
#      3    17       5.7662769803E-005
#      3    18       1.2866069539E-005
#      3    19       5.8155457618E-005
#      3    20       2.4784043277E-005
#      3    21       8.3662308600E-005
#      3    22       1.8006686089E-005
#      4   -26       6.9334916493E-006
#      4   -25       8.5500804294E-006
#      4   -24       1.0156076489E-005
#      4   -23       1.7685887628E-005
#      4   -22       2.3198383702E-005
#      4   -21       2.0576589534E-005
#      4   -20       3.1007441607E-005
#      4   -19       3.1300175772E-005
#      4   -18       2.5857816540E-005
#      4   -17       4.9292942101E-005
#      4   -16       6.0050001183E-006
#      4   -15       8.3184102415E-005
#      4   -14       1.1206089391E-006
#      4   -13       1.0690928469E-004
#      4   -12       3.3771840259E-006
#      4   -11       9.2024872159E-005
#      4   -10       1.6839654354E-005
#      4    -9       1.0378754974E-004
#      4    -8       3.3025401825E-005
#      4    -7       1.1440859807E-004
#      4    -6       5.5900324985E-005
#      4    -5       1.3115566381E-004
#      4    -4       4.6677143172E-005
#      4    -3       1.9833922330E-004
#      4    -2       7.7683687571E-006
#      4    -1       1.8619473517E-004
#      4     0       6.7531775205E-005
#      4     1       6.5083621570E-005
#      4     2       1.2904064124E-004
#      4     3       2.6424390160E-006
#      4     4       8.4002952206E-005
#      4     5       3.5078707949E-006
#      4     6       2.3330799716E-005
#      4     7       1.3080918378E-006
#      4     8       1.2425178560E-005
#      4     9       3.2623530104E-006
#      4    10       3.1904421604E-005
#      4    11       1.2217701232E-006
#      4    12       5.5078958088E-005
#      4    13       5.6525786976E-006
#      4    14       3.3135162756E-005
#      4    15       4.0631168745E-005
#      4    16       1.0342473669E-005
#      4    17       5.0336661165E-005
#      4    18       2.3302432570E-005
#      4    19       4.4046517641E-005
#      4    20       3.9902781802E-005
#      4    21       1.3037364008E-005
#      4    22       4.4790890205E-005
#      5   -26       1.1465938648E-005
#      5   -25       3.6415719992E-004
#      5   -24       2.4555884190E-005
#      5   -23       3.0175598130E-005
#      5   -22       4.6218602936E-005
#      5   -21       1.4507198108E-005
#      5   -20       7.7365872658E-003
#      5   -19       2.0646559719E-005
#      5   -18       3.1057085778E-005
#      5   -17       3.0995447046E-005
#      5   -16       9.2683549814E-006
#      5   -15       1.4335613543E-002
#      5   -14       5.2344226948E-006
#      5   -13       1.0217761225E-004
#      5   -12       1.9184076503E-006
#      5   -11       1.0426412805E-004
#      5   -10       4.4071099543E-003
#      5    -9       1.1547604583E-004
#      5    -8       1.7762573734E-005
#      5    -7       1.1513433130E-004
#      5    -6       2.4233125509E-005
#      5    -5       3.0535505784E-002
#      5    -4       6.2205173392E-006
#      5    -3       1.5954104622E-004
#      5    -2       4.5394803510E-005
#      5    -1       6.9784322172E-005
#      5     0       1.3280795423E-003
#      5     1       3.9465947855E-006
#      5     2       9.8671717410E-005
#      5     3       9.7888506765E-006
#      5     4       3.9730845377E-005
#      5     5       4.0522856336E-003
#      5     6       1.0211836807E-005
#      5     7       2.4037169426E-006
#      5     8       2.2177206836E-005
#      5     9       1.2030162680E-007
#      5    10       1.4178319773E-002
#      5    11       1.0397382135E-005
#      5    12       3.9253075310E-005
#      5    13       3.8793675837E-005
#      5    14       3.9091387105E-006
#      5    15       1.1036136577E-002
#      5    16       1.4675855329E-005
#      5    17       1.8209024811E-005
#      5    18       4.3812176372E-005
#      5    19       2.2663121392E-005
#      5    20       6.3296365953E-004
#      5    21       1.7097079958E-005
#      6   -26       1.3999312176E-005
#      6   -25       2.1763571428E-005
#      6   -24       1.6916621685E-005
#      6   -23       5.0208958677E-006
#      6   -22       5.7327491379E-005
#      6   -21       1.1800692019E-005
#      6   -20       4.1678577724E-005
#      6   -19       1.0789058442E-005
#      6   -18       2.5048710844E-005
#      6   -17       2.8815375867E-005
#      6   -16       1.7746799261E-005
#      6   -15       6.5798276668E-005
#      6   -14       2.0320025094E-005
#      6   -13       7.6490126993E-005
#      6   -12       2.7136716450E-005
#      6   -11       7.2355699140E-005
#      6   -10       2.5068467197E-005
#      6    -9       8.4299651563E-005
#      6    -8       2.1572723387E-005
#      6    -7       8.7217282142E-005
#      6    -6       8.8272697811E-006
#      6    -5       1.0593441825E-004
#      6    -4       2.4701102169E-005
#      6    -3       6.9954871333E-005
#      6    -2       7.7011165048E-005
#      6    -1       7.3182773987E-006
#      6     0       9.1557488061E-005
#      6     1       8.5522875694E-006
#      6     2       4.5981831175E-005
#      6     3       2.8362781192E-005
#      6     4       1.1037402458E-005
#      6     5       2.1900866701E-005
#      6     6       1.2408532547E-005
#      6     7       5.3261176799E-006
#      6     8       4.1041061438E-005
#      6     9       1.0694098980E-005
#      6    10       3.8830912637E-005
#      6    11       4.9628414440E-005
#      6    12       1.9924664657E-006
#      6    13       4.6001293363E-005
#      6    14       7.6173890663E-006
#      6    15       2.5232252900E-005
#      6    16       2.4826201034E-005
#      6    17       4.2276662246E-006
#      6    18       3.3326081357E-005
#      6    19       3.3437348905E-005
#      6    20       1.8774932821E-005
#      7   -27       2.2770263082E-006
#      7   -26       2.3303870964E-005
#      7   -25       1.7307510767E-005
#      7   -24       5.6232233478E-005
#      7   -23       7.2762917377E-006
#      7   -22       3.7505260208E-005
#      7   -21       4.9842124103E-006
#      7   -20       2.5381953650E-005
#      7   -19       3.7113236871E-006
#      7   -18       2.4721239255E-005
#      7   -17       2.7270375992E-005
#      7   -16       2.1228871782E-005
#      7   -15       4.6943258041E-005
#      7   -14       4.8519550872E-005
#      7   -13       3.0102891939E-005
#      7   -12       6.2643964272E-005
#      7   -11       2.6950944803E-005
#      7   -10       3.9214655118E-005
#      7    -9       3.3969913053E-005
#      7    -8       1.9981063003E-005
#      7    -7       5.1145298738E-005
#      7    -6       1.2395603714E-005
#      7    -5       4.8148402594E-005
#      7    -4       4.0289115465E-005
#      7    -3       1.4683445454E-005
#      7    -2       6.0797057627E-005
#      7    -1       3.6262650244E-006
#      7     0       4.8169520254E-005
#      7     1       3.5674855335E-005
#      7     2       9.1461396509E-006
#      7     3       5.4386242398E-005
#      7     4       7.7195635071E-006
#      7     5       1.8880013132E-005
#      7     6       4.7577929695E-005
#      7     7       5.9198443644E-006
#      7     8       4.6675588759E-005
#      7     9       6.4231639709E-005
#      7    10       1.1740827512E-005
#      7    11       5.6779714179E-005
#      7    12       7.2852093704E-006
#      7    13       2.0597482245E-005
#      7    14       2.3452770576E-005
#      7    15       2.9956455556E-006
#      7    16       3.2703334247E-005
#      7    17       2.1731121473E-005
#      7    18       2.4129373562E-005
#      7    19       3.0931791197E-005
#      7    20       4.0409938120E-006
#      8   -27       2.5520847539E-006
#      8   -26       7.3366388810E-006
#      8   -25       3.4626697627E-005
#      8   -24       6.4287871582E-007
#      8   -23       2.5507703102E-005
#      8   -22       2.2036327770E-005
#      8   -21       1.0170374477E-005
#      8   -20       1.9987488718E-005
#      8   -19       1.3318384119E-005
#      8   -18       3.2223659708E-005
#      8   -17       3.6894944480E-005
#      8   -16       4.4596678009E-005
#      8   -15       2.1445061132E-005
#      8   -14       6.4914132831E-005
#      8   -13       1.2451858340E-005
#      8   -12       5.0475011309E-005
#      8   -11       1.0763618173E-005
#      8   -10       2.0658383282E-005
#      8    -9       1.5484161875E-005
#      8    -8       8.2783512834E-006
#      8    -7       2.9378857676E-005
#      8    -6       1.4586308933E-005
#      8    -5       1.9827729650E-005
#      8    -4       3.4092416458E-005
#      8    -3       3.9083156974E-007
#      8    -2       3.1188940744E-005
#      8    -1       2.9487144455E-005
#      8     0       8.9492067724E-006
#      8     1       7.4662189283E-005
#      8     2       1.3853559694E-005
#      8     3       4.5646511500E-005
#      8     4       7.4921956977E-005
#      8     5       2.3431528870E-006
#      8     6       7.7572420657E-005
#      8     7       5.4558221414E-005
#      8     8       2.2939069970E-005
#      8     9       1.1045414168E-004
#      8    10       1.4584920007E-006
#      8    11       2.7496828123E-005
#      8    12       3.3504182873E-005
#      8    13       9.7495244353E-007
#      8    14       2.9728672230E-005
#      8    15       2.7926479047E-005
#      8    16       8.0009832214E-006
#      8    17       1.9145639858E-005
#      8    18       6.9554152767E-008
#      8    19       1.3070157475E-005
#      9   -27       1.2126759049E-005
#      9   -26       1.2756393653E-005
#      9   -25       1.9694604910E-005
#      9   -24       1.8946558405E-005
#      9   -23       1.1968284167E-005
#      9   -22       1.8881598525E-005
#      9   -21       3.6680939521E-007
#      9   -20       2.8902307954E-005
#      9   -19       2.1737733157E-005
#      9   -18       2.3239049930E-005
#      9   -17       3.5659135728E-005
#      9   -16       4.6420931073E-005
#      9   -15       1.8628346480E-005
#      9   -14       3.1082641319E-005
#      9   -13       2.2110851218E-005
#      9   -12       9.8437835405E-006
#      9   -11       1.5636623021E-005
#      9   -10       6.0873944278E-006
#      9    -9       1.0171758273E-005
#      9    -8       4.6657933501E-006
#      9    -7       2.7614709206E-005
#      9    -6       1.6625104622E-005
#      9    -5       1.4906230063E-005
#      9    -4       3.1885104501E-005
#      9    -3       1.4649664876E-005
#      9    -2       6.8999614221E-006
#      9    -1       6.6811737664E-005
#      9     0       2.0109466712E-005
#      9     1       4.5878470240E-005
#      9     2       1.1328325393E-004
#      9     3       5.3909835429E-007
#      9     4       1.1635210120E-004
#      9     5       4.7305681684E-005
#      9     6       3.7519136726E-005
#      9     7       1.3789266386E-004
#      9     8       2.5024650283E-006
#      9     9       9.6315737661E-005
#      9    10       4.7269184074E-005
#      9    11       2.7906810982E-006
#      9    12       5.0762195990E-005
#      9    13       1.4171649469E-005
#      9    14       5.3201248068E-006
#      9    15       2.5520105857E-005
#      9    16       6.9306370211E-006
#      9    17       1.2566187685E-005
#      9    18       9.6981039291E-006
#     10   -27       1.9902795925E-005
#     10   -26       8.1168059523E-006
#     10   -25       4.1478912837E-004
#     10   -24       7.0575839682E-006
#     10   -23       1.3900828313E-005
#     10   -22       3.0140063527E-005
#     10   -21       8.6258946171E-008
#     10   -20       6.0508431990E-003
#     10   -19       3.0805963611E-005
#     10   -18       4.0857178940E-005
#     10   -17       4.7938586407E-005
#     10   -16       3.0831899826E-005
#     10   -15       1.6218167871E-002
#     10   -14       1.0075208633E-006
#     10   -13       2.6180258854E-005
#     10   -12       1.3298345060E-005
#     10   -11       9.0381917140E-006
#     10   -10       1.6083233121E-002
#     10    -9       2.6998660814E-005
#     10    -8       8.2795720659E-006
#     10    -7       3.7757607306E-005
#     10    -6       3.0767875285E-005
#     10    -5       4.9359047773E-003
#     10    -4       1.6440584044E-005
#     10    -3       4.6198582650E-005
#     10    -2       1.7215558841E-005
#     10    -1       4.2122183377E-005
#     10     0       4.5908955555E-002
#     10     1       9.4617213572E-007
#     10     2       1.7521485212E-004
#     10     3       6.6383604019E-005
#     10     4       6.3586313262E-005
#     10     5       1.3696463244E-002
#     10     6       2.2221627033E-006
#     10     7       1.3746510137E-004
#     10     8       4.8427868659E-005
#     10     9       1.6727997765E-005
#     10    10       5.8454944816E-003
#     10    11       1.2078302778E-005
#     10    12       1.6423258018E-005
#     10    13       2.0399956263E-005
#     10    14       1.8224360909E-006
#     10    15       7.9145718940E-004
#     10    16       3.9655799441E-006
#     10    17       4.9608183180E-006
#     11   -27       2.2415036490E-005
#     11   -26       5.6147257566E-006
#     11   -25       8.1944131559E-006
#     11   -24       1.7446777794E-005
#     11   -23       2.1289624131E-005
#     11   -22       3.1300436864E-005
#     11   -21       2.0368960476E-006
#     11   -20       6.8296855170E-005
#     11   -19       4.2209210213E-005
#     11   -18       5.9653956175E-005
#     11   -17       3.9151546650E-005
#     11   -16       3.5121072905E-005
#     11   -15       2.0070959207E-005
#     11   -14       2.7639036338E-005
#     11   -13       1.0213878902E-005
#     11   -12       4.8113780727E-005
#     11   -11       3.9383140884E-005
#     11   -10       1.8567924961E-005
#     11    -9       7.6409320478E-005
#     11    -8       1.9183914881E-005
#     11    -7       5.6851791726E-005
#     11    -6       3.0247260708E-005
#     11    -5       4.6602063627E-005
#     11    -4       1.8410798025E-005
#     11    -3       4.3660867914E-005
#     11    -2       9.7525608551E-005
#     11    -1       4.4466614725E-006
#     11     0       1.7125239866E-004
#     11     1       8.7318746285E-005
#     11     2       7.4145908490E-005
#     11     3       2.0811271237E-004
#     11     4       1.7748820910E-006
#     11     5       1.7055794770E-004
#     11     6       7.4794691292E-005
#     11     7       4.3060075140E-005
#     11     8       8.5727559580E-005
#     11     9       7.7046573302E-006
#     11    10       3.5262842873E-005
#     11    11       3.9575266634E-005
#     11    12       4.3133956801E-006
#     11    13       2.4444909602E-005
#     11    14       6.0304051344E-006
#     11    15       8.2263858037E-006
#     11    16       1.2111140333E-005
#     12   -27       1.2416221780E-005
#     12   -26       1.6150265234E-005
#     12   -25       2.3404897096E-005
#     12   -24       1.9171696528E-005
#     12   -23       1.1779404633E-005
#     12   -22       4.1678970097E-005
#     12   -21       7.7276513708E-006
#     12   -20       7.6472416412E-005
#     12   -19       2.3756437511E-005
#     12   -18       1.1760277999E-004
#     12   -17       1.4669364651E-005
#     12   -16       4.3274897757E-005
#     12   -15       9.7457357473E-006
#     12   -14       3.0912076286E-005
#     12   -13       6.4338409902E-005
#     12   -12       2.3987210670E-005
#     12   -11       1.4635815308E-004
#     12   -10       8.1451971170E-006
#     12    -9       1.2270637749E-004
#     12    -8       4.3505924471E-005
#     12    -7       6.1520540278E-005
#     12    -6       4.9789849838E-005
#     12    -5       3.5766195699E-005
#     12    -4       7.5535782154E-005
#     12    -3       5.1578508807E-006
#     12    -2       1.4160148681E-004
#     12    -1       8.7330750970E-005
#     12     0       7.7505262141E-005
#     12     1       2.0504618063E-004
#     12     2       5.1242544144E-006
#     12     3       1.9097162362E-004
#     12     4       1.0641754378E-004
#     12     5       5.0904026915E-005
#     12     6       1.8245058925E-004
#     12     7       4.8040320983E-006
#     12     8       6.4163947164E-005
#     12     9       3.6172486440E-005
#     12    10       5.6814992773E-006
#     12    11       3.2730363084E-005
#     12    12       6.8675905654E-006
#     12    13       1.1195530783E-005
#     12    14       2.9721674882E-005
#     12    15       1.9429921924E-006
#     13   -28       1.5335477991E-006
#     13   -27       3.0576342939E-005
#     13   -26       7.1195689076E-006
#     13   -25       6.4643307414E-006
#     13   -24       2.1845171652E-005
#     13   -23       1.8237694457E-005
#     13   -22       2.9596274058E-005
#     13   -21       4.4062359837E-005
#     13   -20       9.7378434853E-005
#     13   -19       1.6711789997E-005
#     13   -18       1.4238882020E-004
#     13   -17       1.0205940735E-006
#     13   -16       5.7822623926E-005
#     13   -15       3.4511284960E-005
#     13   -14       1.0396782546E-005
#     13   -13       1.6114471987E-004
#     13   -12       4.9828970181E-006
#     13   -11       2.2563990292E-004
#     13   -10       6.2576368080E-005
#     13    -9       1.0819308751E-004
#     13    -8       1.0098262357E-004
#     13    -7       3.5880514181E-005
#     13    -6       8.1668658726E-005
#     13    -5       5.1268887315E-007
#     13    -4       1.0280772748E-004
#     13    -3       5.8390522392E-005
#     13    -2       5.8812952509E-005
#     13    -1       1.8531621584E-004
#     13     0       2.1898503032E-005
#     13     1       2.0013676101E-004
#     13     2       1.1846171219E-004
#     13     3       6.6139042448E-005
#     13     4       2.4095041648E-004
#     13     5       8.3078200744E-006
#     13     6       9.6975535281E-005
#     13     7       6.0243308521E-005
#     13     8       3.7803836669E-007
#     13     9       3.4757909261E-005
#     13    10       1.1242730402E-005
#     13    11       1.1249375578E-005
#     13    12       1.3759037784E-005
#     13    13       1.6338199972E-005
#     13    14       2.2490044640E-005
#     13    15       2.3627655000E-006
#     14   -28       3.3627779519E-005
#     14   -27       1.4989699270E-005
#     14   -26       2.5489851950E-005
#     14   -25       1.1825458283E-005
#     14   -24       4.6690365267E-005
#     14   -23       3.2058078368E-005
#     14   -22       4.4478878573E-005
#     14   -21       5.9074982203E-005
#     14   -20       7.5580318288E-005
#     14   -19       3.6583165409E-005
#     14   -18       1.1008478500E-004
#     14   -17       5.4233499731E-005
#     14   -16       3.5266385326E-005
#     14   -15       9.4965401488E-005
#     14   -14       2.4197864721E-005
#     14   -13       1.8967954505E-004
#     14   -12       1.0079238881E-004
#     14   -11       1.4280152601E-004
#     14   -10       1.6625384727E-004
#     14    -9       4.8957314380E-005
#     14    -8       1.5019564620E-004
#     14    -7       5.2513060277E-006
#     14    -6       1.0685536050E-004
#     14    -5       2.3392150884E-005
#     14    -4       7.0542862482E-005
#     14    -3       1.3548003324E-004
#     14    -2       2.1880314140E-005
#     14    -1       1.6736122790E-004
#     14     0       1.1862559361E-004
#     14     1       5.0645968014E-005
#     14     2       2.1954497142E-004
#     14     3       2.3931956964E-005
#     14     4       1.4767482946E-004
#     14     5       9.9528803530E-005
#     14     6       1.7426508734E-005
#     14     7       1.0793510843E-004
#     14     8       1.3465687831E-005
#     14     9       1.8961715961E-005
#     14    10       1.5375208937E-005
#     14    11       5.0254147642E-006
#     14    12       8.3310804508E-006
#     14    13       1.7446118972E-006
#     14    14       2.0298678410E-006
#     15   -28       2.1168386232E-005
#     15   -27       1.1065998207E-005
#     15   -26       1.7259603546E-005
#     15   -25       6.5721743030E-004
#     15   -24       2.0356036225E-005
#     15   -23       5.0003088724E-005
#     15   -22       2.9313357537E-005
#     15   -21       8.8775635866E-005
#     15   -20       1.3097286728E-002
#     15   -19       1.3098791495E-004
#     15   -18       3.1521909262E-005
#     15   -17       1.3933987722E-004
#     15   -16       3.3670530946E-005
#     15   -15       4.3884167769E-002
#     15   -14       1.3885254608E-004
#     15   -13       8.1581019622E-005
#     15   -12       2.4163888215E-004
#     15   -11       4.1522187461E-005
#     15   -10       1.2813226718E-002
#     15    -9       1.6220459267E-005
#     15    -8       1.3958635103E-004
#     15    -7       2.6256221697E-005
#     15    -6       7.2714131353E-005
#     15    -5       1.3938867574E-002
#     15    -4       2.9097294174E-005
#     15    -3       1.1808387317E-004
#     15    -2       1.0565962511E-004
#     15    -1       4.2428302212E-005
#     15     0       2.3582800831E-002
#     15     1       3.4529397248E-005
#     15     2       1.5179586957E-004
#     15     3       1.2974104952E-004
#     15     4       2.6219872908E-005
#     15     5       6.4063421955E-003
#     15     6       2.0247802861E-005
#     15     7       4.0754264711E-005
#     15     8       2.6342016779E-005
#     15     9       1.4457966068E-006
#     15    10       3.5738250342E-004
#     15    11       7.4811917501E-006
#     15    12       4.2806449090E-006
#     15    13       2.0199957764E-005
#     16   -27       5.6133402342E-005
#     16   -26       2.8009357883E-005
#     16   -25       4.8760226333E-005
#     16   -24       6.6680698894E-005
#     16   -23       1.0196694294E-004
#     16   -22       1.0671549082E-005
#     16   -21       8.5548331434E-005
#     16   -20       9.6406945931E-006
#     16   -19       1.1271634459E-004
#     16   -18       1.4080403561E-005
#     16   -17       1.4274888448E-004
#     16   -16       9.1436997942E-005
#     16   -15       2.6718479860E-005
#     16   -14       2.0984630318E-004
#     16   -13       5.1684337824E-006
#     16   -12       2.5628153461E-004
#     16   -11       2.8458341421E-005
#     16   -10       1.7025574259E-004
#     16    -9       6.3482022838E-005
#     16    -8       6.4577642115E-005
#     16    -7       7.4294859964E-005
#     16    -6       1.6749797687E-005
#     16    -5       9.7033575415E-005
#     16    -4       7.1999829334E-005
#     16    -3       4.6521701569E-005
#     16    -2       1.7237675930E-004
#     16    -1       4.0597129126E-005
#     16     0       1.5193098658E-004
#     16     1       1.3586605167E-004
#     16     2       2.8776423775E-005
#     16     3       1.2829026753E-004
#     16     4       3.4197308303E-005
#     16     5       4.0464875783E-005
#     16     6       4.9389696224E-005
#     16     7       3.0871951501E-006
#     16     8       5.0582325658E-005
#     16     9       6.8222100612E-006
#     16    10       2.1077719388E-005
#     16    11       3.5240733873E-005
#     17   -27       4.9006163199E-005
#     17   -26       1.1471894311E-005
#     17   -25       2.9374900390E-005
#     17   -24       1.5194178509E-005
#     17   -23       1.3298085124E-004
#     17   -22       3.3573404519E-005
#     17   -21       8.7514280635E-005
#     17   -20       8.1960174560E-005
#     17   -19       5.5189036796E-005
#     17   -18       9.2126430210E-005
#     17   -17       4.1414666878E-005
#     17   -16       2.2160281335E-004
#     17   -15       2.6566615058E-007
#     17   -14       1.9513758658E-004
#     17   -13       3.3347087167E-005
#     17   -12       1.5479136724E-004
#     17   -11       8.8099213343E-005
#     17   -10       5.9339766445E-005
#     17    -9       1.0348199866E-004
#     17    -8       6.2639694812E-006
#     17    -7       7.9836572591E-005
#     17    -6       2.8316484031E-005
#     17    -5       3.6933642777E-005
#     17    -4       1.1804823839E-004
#     17    -3       4.9617532056E-005
#     17    -2       9.5995193561E-005
#     17    -1       1.2132953734E-004
#     17     0       2.2992016407E-005
#     17     1       1.3410709893E-004
#     17     2       3.5083548460E-005
#     17     3       5.5478234499E-005
#     17     4       1.0380866594E-004
#     17     5       7.2709181173E-006
#     17     6       4.1855936061E-005
#     17     7       2.1121632488E-005
#     17     8       1.7215232490E-005
#     17     9       8.1710165491E-006
#     17    10       1.0503674576E-005
#     18   -27       3.5304086281E-005
#     18   -26       1.0499645431E-005
#     18   -25       2.2119262376E-005
#     18   -24       3.0845533731E-005
#     18   -23       5.7586874345E-005
#     18   -22       1.1572354815E-004
#     18   -21       4.8360033807E-005
#     18   -20       1.1968552425E-004
#     18   -19       1.8288088339E-006
#     18   -18       2.3248440900E-004
#     18   -17       8.5829306056E-006
#     18   -16       1.8476079699E-004
#     18   -15       4.8332319103E-005
#     18   -14       1.0205017643E-004
#     18   -13       1.0916898208E-004
#     18   -12       4.2485314684E-005
#     18   -11       1.0378160501E-004
#     18   -10       6.3298516142E-006
#     18    -9       7.1398728547E-005
#     18    -8       2.7121390438E-006
#     18    -7       4.0561037541E-005
#     18    -6       6.1745438507E-005
#     18    -5       2.4243954017E-005
#     18    -4       5.5731977916E-005
#     18    -3       1.0912027734E-004
#     18    -2       2.1367774841E-005
#     18    -1       1.0440807778E-004
#     18     0       6.3190443305E-005
#     18     1       4.3154731629E-005
#     18     2       7.8962583692E-005
#     18     3       1.3149726698E-005
#     18     4       8.6009286105E-005
#     18     5       1.1214145129E-005
#     18     6       3.2889813783E-005
#     18     7       2.4677390084E-005
#     18     8       7.4749801602E-006
#     18     9       8.3224796537E-006
#     19   -27       3.2775404778E-005
#     19   -26       7.7438150941E-005
#     19   -25       1.9166515065E-005
#     19   -24       1.1052133005E-004
#     19   -23       2.9142866056E-005
#     19   -22       1.1613666292E-004
#     19   -21       1.7014889071E-005
#     19   -20       5.9780057609E-005
#     19   -19       4.4459748366E-005
#     19   -18       1.1589729463E-004
#     19   -17       8.5061158091E-005
#     19   -16       9.6927478639E-005
#     19   -15       1.2947290432E-004
#     19   -14       2.1755234165E-005
#     19   -13       1.1635884726E-004
#     19   -12       5.2327107242E-006
#     19   -11       5.5982271492E-005
#     19   -10       8.9868854923E-006
#     19    -9       1.8931273244E-005
#     19    -8       1.4640410404E-005
#     19    -7       2.5797044209E-005
#     19    -6       2.1110884356E-005
#     19    -5       6.8425522435E-005
#     19    -4       1.7989660576E-005
#     19    -3       9.4571405445E-005
#     19    -2       4.4047214155E-005
#     19    -1       4.0067327338E-005
#     19     0       8.7793281782E-005
#     19     1       9.8174353357E-006
#     19     2       5.0267017026E-005
#     19     3       2.7047312981E-005
#     19     4       2.0238269661E-005
#     19     5       3.3954511383E-005
#     19     6       1.7847319170E-005
#     19     7       4.3141840614E-005
#     19     8       2.0820461922E-005
#     20   -27       3.0778368702E-005
#     20   -26       7.5829150905E-005
#     20   -25       5.4388048739E-004
#     20   -24       1.2017290781E-004
#     20   -23       3.1244933519E-005
#     20   -22       1.0098522172E-004
#     20   -21       6.3356423749E-005
#     20   -20       7.6713925718E-003
#     20   -19       7.4728633845E-005
#     20   -18       1.7474651448E-005
#     20   -17       1.6486490965E-004
#     20   -16       1.5906573927E-005
#     20   -15       1.0133809064E-002
#     20   -14       9.8586918309E-006
#     20   -13       6.7554367204E-005
#     20   -12       1.4800677802E-005
#     20   -11       1.4628936522E-005
#     20   -10       6.9187290174E-003
#     20    -9       8.5095124721E-006
#     20    -8       1.6264202898E-005
#     20    -7       3.0523673690E-005
#     20    -6       1.7416070617E-005
#     20    -5       7.1270151026E-003
#     20    -4       4.3462816497E-005
#     20    -3       2.2749607241E-005
#     20    -2       7.0768939528E-005
#     20    -1       5.2233574980E-006
#     20     0       1.7596288378E-003
#     20     1       3.3906874493E-005
#     20     2       1.9739077473E-005
#     20     3       4.6457065964E-005
#     20     4       2.5141289946E-005
#     20     5       2.2372265280E-004
#     20     6       3.4413198289E-005
#     20     7       1.2474310069E-005
#     21   -26       8.5695206161E-006
#     21   -25       6.8607378151E-005
#     21   -24       3.3485896967E-005
#     21   -23       9.6105160598E-005
#     21   -22       3.5691728196E-005
#     21   -21       1.1766182520E-004
#     21   -20       8.8065127565E-006
#     21   -19       7.8348143258E-005
#     21   -18       3.2293177631E-005
#     21   -17       1.0021376765E-004
#     21   -16       4.9213526381E-005
#     21   -15       7.0486970383E-005
#     21   -14       2.2149075208E-005
#     21   -13       1.9785870275E-005
#     21   -12       3.3816393921E-005
#     21   -11       2.2858974083E-006
#     21   -10       1.2001560603E-005
#     21    -9       7.0371219699E-006
#     21    -8       1.3645151433E-006
#     21    -7       2.4088589174E-005
#     21    -6       2.8917072694E-005
#     21    -5       4.4953382481E-006
#     21    -4       7.4033390150E-005
#     21    -3       4.9304022920E-006
#     21    -2       3.4771886441E-005
#     21    -1       3.6851272299E-005
#     21     0       3.0007443359E-005
#     21     1       4.5579166226E-005
#     21     2       3.5348037556E-005
#     21     3       3.8530538004E-005
#     21     4       3.4559732106E-005
#     21     5       3.4935783322E-006
#     22   -26       2.2073037423E-005
#     22   -25       4.6953487718E-005
#     22   -24       1.2854810840E-005
#     22   -23       1.1610518430E-004
#     22   -22       2.8610939191E-005
#     22   -21       5.2192848804E-005
#     22   -20       4.7496351357E-005
#     22   -19       3.0990918260E-005
#     22   -18       8.5310755385E-005
#     22   -17       1.2553643290E-005
#     22   -16       4.2625762040E-005
#     22   -15       1.5165146771E-005
#     22   -14       2.8667392338E-005
#     22   -13       2.8974297503E-006
#     22   -12       1.4859270598E-005
#     22   -11       3.7974209616E-006
#     22   -10       7.9670247685E-006
#     22    -9       1.9726949712E-006
#     22    -8       1.4914149988E-005
#     22    -7       1.4103564872E-006
#     22    -6       4.3444804060E-005
#     22    -5       2.4699233154E-006
#     22    -4       3.4086548106E-005
#     22    -3       2.5977554283E-005
#     22    -2       7.5638451029E-006
#     22    -1       3.8157123041E-005
#     22     0       2.5081302549E-005
#     22     1       4.0244288578E-005
#     22     2       4.8573393132E-005
#     22     3       1.9830299566E-005
#     22     4       3.4871258604E-005
#     23   -25       4.0745504524E-005
#     23   -24       4.1987421868E-005
#     23   -23       4.8052060111E-005
#     23   -22       1.6265906118E-005
#     23   -21       2.6473687660E-005
#     23   -20       8.3872863459E-005
#     23   -19       2.1609223899E-006
#     23   -18       2.7158303125E-005
#     23   -17       5.3564801902E-006
#     23   -16       3.2383207877E-005
#     23   -15       2.1006893425E-005
#     23   -14       1.3549270185E-005
#     23   -13       1.6483435751E-006
#     23   -12       6.4325852109E-006
#     23   -11       4.7475428768E-006
#     23   -10       1.9561568487E-005
#     23    -9       2.2555101659E-006
#     23    -8       2.8924186669E-005
#     23    -7       1.3791335984E-005
#     23    -6       6.4932302300E-006
#     23    -5       2.1325092562E-005
#     23    -4       5.3116700596E-007
#     23    -3       4.6461481990E-005
#     23    -2       3.3239029220E-005
#     23    -1       2.3745519662E-005
#     23     0       3.6156684543E-005
#     23     1       3.1480967358E-005
#     23     2       4.4128643963E-005
#     24   -24       5.3704447369E-005
#     24   -23       2.7688827039E-005
#     24   -22       7.6091265744E-005
#     24   -21       2.5249911564E-005
#     24   -20       7.1952672703E-005
#     24   -19       8.2297972732E-006
#     24   -18       2.0144665157E-005
#     24   -17       2.2227589368E-005
#     24   -16       1.4643471733E-005
#     24   -15       2.4439817791E-005
#     24   -14       2.5052079304E-006
#     24   -13       2.2033894172E-005
#     24   -12       2.1464317841E-007
#     24   -11       8.9774450936E-006
#     24   -10       3.3297204358E-006
#     24    -9       5.7518164855E-006
#     24    -8       3.0504081195E-006
#     24    -7       2.3373815834E-005
#     24    -6       5.2661053450E-006
#     24    -5       2.0895347645E-005
#     24    -4       2.0973477382E-005
#     24    -3       3.5794063791E-005
#     24    -2       4.5189776062E-005
#     24    -1       2.0332032952E-005
#     24     0       3.9357845752E-005
#     25   -23       2.0706453708E-005
#     25   -22       1.6350607786E-005
#     25   -21       7.8333045368E-006
#     25   -20       5.3444225365E-004
#     25   -19       4.5297253355E-005
#     25   -18       3.8354115386E-006
#     25   -17       2.8165262803E-005
#     25   -16       2.0279644763E-006
#     25   -15       1.0978306428E-003
#     25   -14       4.2959376206E-006
#     25   -13       1.3097057698E-005
#     25   -12       1.9442140694E-006
#     25   -11       3.5354145615E-006
#     25   -10       4.8271041991E-004
#     25    -9       1.4524819922E-006
#     25    -8       1.5648417390E-005
#     25    -7       8.0169610906E-006
#     25    -6       1.5677817820E-005
#     25    -5       2.5130267525E-004
#     25    -4       2.6934993568E-005
#     25    -3       6.4058764083E-006
#     25    -2       3.6485330641E-005
#     26   -22       1.9892267799E-005
#     26   -21       2.2961950089E-005
#     26   -20       8.0120027086E-006
#     26   -19       4.4159254586E-005
