 Diffraction intensities for potential:ga5x5_06D10002.in                       
#    -28    13       2.3021574431E-006
#    -28    14       3.0007061656E-005
#    -28    15       3.5394326711E-005
#    -27     7       5.5888676290E-005
#    -27     8       4.9005249646E-005
#    -27     9       1.2458844557E-004
#    -27    10       4.6248147316E-005
#    -27    11       1.5169874917E-005
#    -27    12       1.6633459681E-005
#    -27    13       9.4280744918E-006
#    -27    14       5.1342501734E-005
#    -27    15       2.0153445400E-006
#    -27    16       2.0947936545E-004
#    -27    17       5.4245535332E-005
#    -27    18       1.6319048622E-005
#    -27    19       3.8664288602E-005
#    -27    20       9.2554317248E-006
#    -26     4       1.2837709085E-005
#    -26     5       5.0588557289E-005
#    -26     6       4.4196079201E-005
#    -26     7       1.2315245728E-005
#    -26     8       1.9009046837E-005
#    -26     9       2.9540625822E-005
#    -26    10       1.7779259008E-004
#    -26    11       2.7694662289E-005
#    -26    12       1.4491436143E-004
#    -26    13       1.0842851165E-005
#    -26    14       7.2366333828E-005
#    -26    15       2.1696626877E-005
#    -26    16       5.0305014038E-005
#    -26    17       4.8200036592E-006
#    -26    18       8.6411302821E-005
#    -26    19       3.0791507196E-005
#    -26    20       7.0221245348E-005
#    -26    21       5.9369584480E-007
#    -26    22       6.7464185023E-006
#    -25     2       1.2595615557E-006
#    -25     3       4.4310109003E-005
#    -25     4       3.4495427472E-005
#    -25     5       4.2835837555E-004
#    -25     6       2.0290689347E-004
#    -25     7       9.0172015472E-005
#    -25     8       5.7793789061E-005
#    -25     9       1.3238104530E-004
#    -25    10       7.3925357345E-004
#    -25    11       4.7120344400E-005
#    -25    12       9.1103748400E-005
#    -25    13       7.8311135737E-005
#    -25    14       9.9514999966E-005
#    -25    15       6.9083367863E-004
#    -25    16       8.2387177652E-005
#    -25    17       2.3104117327E-005
#    -25    18       4.4764159827E-005
#    -25    19       1.6130211032E-004
#    -25    20       3.0429173113E-004
#    -25    21       9.7478452194E-005
#    -25    22       4.8478470406E-005
#    -25    23       1.8522378146E-004
#    -24     0       1.0942392611E-004
#    -24     1       2.7686297651E-005
#    -24     2       2.5626206364E-005
#    -24     3       3.9655837023E-005
#    -24     4       1.1167748976E-004
#    -24     5       2.7962353078E-004
#    -24     6       7.9206303238E-005
#    -24     7       1.8170328337E-004
#    -24     8       3.5530168119E-005
#    -24     9       4.8477557103E-005
#    -24    10       1.1525620540E-004
#    -24    11       3.4742566862E-006
#    -24    12       5.8729796509E-005
#    -24    13       1.4617322366E-004
#    -24    14       5.7532543399E-005
#    -24    15       1.2902787742E-004
#    -24    16       6.1522670353E-005
#    -24    17       3.9227135120E-005
#    -24    18       1.0022822178E-006
#    -24    19       2.5629646615E-006
#    -24    20       2.7695734689E-004
#    -24    21       1.4736905234E-005
#    -24    22       1.1553016139E-004
#    -24    23       9.2852308129E-005
#    -24    24       4.0274729075E-005
#    -23    -2       1.1540294474E-005
#    -23    -1       1.0345846937E-004
#    -23     0       8.9080035816E-005
#    -23     1       1.6048148370E-004
#    -23     2       2.5600957403E-005
#    -23     3       2.4368118910E-004
#    -23     4       4.3716793503E-005
#    -23     5       1.2298274811E-004
#    -23     6       1.3640264851E-005
#    -23     7       5.6548973076E-005
#    -23     8       2.4993061088E-004
#    -23     9       1.9543372227E-004
#    -23    10       3.3560228761E-004
#    -23    11       8.4681513473E-005
#    -23    12       1.6238826043E-004
#    -23    13       6.6918634420E-005
#    -23    14       1.0273299869E-004
#    -23    15       1.3056755594E-004
#    -23    16       3.2032214225E-005
#    -23    17       7.4204507778E-006
#    -23    18       1.7172432474E-004
#    -23    19       1.1136439691E-004
#    -23    20       6.2824358839E-005
#    -23    21       1.8635834224E-004
#    -23    22       2.1620735767E-005
#    -23    23       1.1831906895E-004
#    -23    24       2.1796159825E-004
#    -23    25       3.9156016580E-005
#    -22    -4       1.4035493734E-004
#    -22    -3       6.3396902375E-005
#    -22    -2       5.3040881025E-005
#    -22    -1       5.6774623340E-005
#    -22     0       1.7930737126E-005
#    -22     1       2.8100759485E-004
#    -22     2       4.0356051110E-005
#    -22     3       2.7215621603E-004
#    -22     4       5.0840968440E-006
#    -22     5       8.4964288423E-005
#    -22     6       2.3192949463E-005
#    -22     7       2.6119888387E-004
#    -22     8       5.2923930016E-005
#    -22     9       5.1092020278E-004
#    -22    10       4.2438054961E-005
#    -22    11       1.2287428039E-004
#    -22    12       5.5995795082E-005
#    -22    13       3.3066693441E-005
#    -22    14       5.6572461456E-005
#    -22    15       7.1033113701E-005
#    -22    16       5.4478652588E-006
#    -22    17       6.7968390170E-005
#    -22    18       1.4869111288E-004
#    -22    19       1.3457486169E-004
#    -22    20       8.0875670857E-006
#    -22    21       4.6832058723E-005
#    -22    22       2.2564764583E-004
#    -22    23       1.1312609943E-004
#    -22    24       5.0295988479E-005
#    -22    25       2.6364035599E-005
#    -22    26       1.5970619228E-005
#    -21    -5       4.4079825542E-005
#    -21    -4       1.2956047734E-005
#    -21    -3       1.4041625099E-004
#    -21    -2       2.0308951875E-006
#    -21    -1       5.2701379114E-005
#    -21     0       5.6723814673E-005
#    -21     1       4.3898963370E-006
#    -21     2       1.6185689082E-005
#    -21     3       2.4192444689E-005
#    -21     4       3.8345554320E-005
#    -21     5       1.3609943357E-004
#    -21     6       1.8409475732E-004
#    -21     7       2.1362312529E-004
#    -21     8       1.2870577127E-004
#    -21     9       2.3619807475E-004
#    -21    10       1.8672773599E-004
#    -21    11       1.7712445756E-005
#    -21    12       5.1730274554E-005
#    -21    13       1.8798984436E-004
#    -21    14       4.0639495572E-005
#    -21    15       7.5614247055E-005
#    -21    16       3.3833210354E-006
#    -21    17       7.3350593501E-005
#    -21    18       7.4330789586E-005
#    -21    19       1.2835575868E-005
#    -21    20       8.6085910458E-005
#    -21    21       1.0534398273E-004
#    -21    22       2.3990086271E-004
#    -21    23       2.1101605083E-005
#    -21    24       1.8742690981E-005
#    -21    25       4.7265582543E-005
#    -21    26       1.1384799565E-004
#    -20    -7       6.7985609233E-005
#    -20    -6       8.5675693856E-005
#    -20    -5       5.8410819392E-004
#    -20    -4       2.5395028039E-004
#    -20    -3       1.4987409693E-004
#    -20    -2       3.2344013826E-004
#    -20    -1       2.8112896238E-005
#    -20     0       6.4125707551E-003
#    -20     1       7.0706931117E-005
#    -20     2       1.1823273117E-005
#    -20     3       5.3050437945E-004
#    -20     4       9.3272568490E-005
#    -20     5       8.8102983969E-003
#    -20     6       1.0927899254E-004
#    -20     7       3.2936514168E-005
#    -20     8       1.4096421378E-004
#    -20     9       1.3991358815E-005
#    -20    10       6.5136853248E-003
#    -20    11       2.2502302949E-006
#    -20    12       6.5123810653E-005
#    -20    13       1.5520838701E-004
#    -20    14       2.6662490311E-005
#    -20    15       7.6649070603E-003
#    -20    16       3.4331215327E-007
#    -20    17       3.5342862970E-005
#    -20    18       1.4655972842E-004
#    -20    19       8.1458865132E-005
#    -20    20       1.8181771868E-003
#    -20    21       1.7123720225E-004
#    -20    22       4.4364712942E-005
#    -20    23       9.5723793014E-005
#    -20    24       7.8068609587E-005
#    -20    25       6.9615881619E-005
#    -20    26       1.6081416918E-004
#    -20    27       9.8071660153E-006
#    -19    -8       8.4830302558E-005
#    -19    -7       6.3700822425E-005
#    -19    -6       2.9371162838E-005
#    -19    -5       2.1175535874E-004
#    -19    -4       1.3024684210E-005
#    -19    -3       3.6795236965E-004
#    -19    -2       4.7052839644E-005
#    -19    -1       1.9739500094E-004
#    -19     0       6.5922178650E-006
#    -19     1       4.0734667638E-005
#    -19     2       3.8526915074E-006
#    -19     3       2.4226093505E-004
#    -19     4       7.4010777667E-005
#    -19     5       2.7496731839E-004
#    -19     6       3.4413160994E-005
#    -19     7       1.2485227541E-004
#    -19     8       3.6040348063E-005
#    -19     9       1.3693292958E-004
#    -19    10       5.7878488750E-005
#    -19    11       8.4715526812E-005
#    -19    12       1.8510486793E-005
#    -19    13       7.5297665517E-005
#    -19    14       8.4729951584E-006
#    -19    15       1.8039033859E-005
#    -19    16       1.3171973463E-004
#    -19    17       3.1508478364E-004
#    -19    18       6.2365562976E-005
#    -19    19       8.1183284211E-005
#    -19    20       4.5558609173E-005
#    -19    21       9.5000623048E-006
#    -19    22       2.6668309798E-004
#    -19    23       2.5431604320E-006
#    -19    24       5.8786353136E-005
#    -19    25       1.1007819999E-004
#    -19    26       8.4813519946E-005
#    -19    27       1.1860911978E-004
#    -18    -9       6.6420226831E-005
#    -18    -8       1.9115372465E-005
#    -18    -7       7.5381274239E-005
#    -18    -6       3.9172968099E-005
#    -18    -5       1.9003373797E-005
#    -18    -4       1.3564358793E-004
#    -18    -3       2.1154642092E-004
#    -18    -2       5.9076689763E-005
#    -18    -1       2.8601152792E-004
#    -18     0       1.4475553962E-004
#    -18     1       7.0468673812E-005
#    -18     2       1.3702809569E-004
#    -18     3       1.0499558152E-007
#    -18     4       2.0069606701E-004
#    -18     5       3.7911774199E-005
#    -18     6       3.0957307953E-004
#    -18     7       6.2072581847E-005
#    -18     8       1.1240017985E-005
#    -18     9       1.9475683021E-004
#    -18    10       2.3139519474E-004
#    -18    11       1.1781675777E-004
#    -18    12       2.9621069181E-005
#    -18    13       2.7990122777E-004
#    -18    14       1.9584967358E-005
#    -18    15       4.7624632308E-004
#    -18    16       1.0055042730E-004
#    -18    17       1.3124170646E-004
#    -18    18       1.6716782029E-004
#    -18    19       2.3383276138E-005
#    -18    20       2.4448910595E-004
#    -18    21       2.6012259670E-004
#    -18    22       8.0948594786E-005
#    -18    23       9.8965753902E-005
#    -18    24       5.1976536148E-007
#    -18    25       2.9129311629E-005
#    -18    26       3.3492040797E-005
#    -18    27       3.2069564849E-005
#    -17   -10       3.1605484704E-005
#    -17    -9       1.2280124641E-004
#    -17    -8       1.3060532364E-004
#    -17    -7       3.6880078858E-004
#    -17    -6       3.8541752296E-005
#    -17    -5       1.7622907281E-004
#    -17    -4       3.5360948583E-005
#    -17    -3       9.7644178643E-005
#    -17    -2       7.9977363161E-005
#    -17    -1       2.2316859540E-004
#    -17     0       2.3855163586E-004
#    -17     1       1.0039648115E-004
#    -17     2       2.7205602423E-004
#    -17     3       1.7170372198E-004
#    -17     4       5.6977495563E-004
#    -17     5       7.0106588701E-005
#    -17     6       3.5853319969E-004
#    -17     7       5.9045759100E-005
#    -17     8       5.9872977169E-005
#    -17     9       5.1851627087E-006
#    -17    10       2.3775195422E-004
#    -17    11       1.3875376418E-006
#    -17    12       4.2981454218E-005
#    -17    13       4.0224992084E-004
#    -17    14       8.7763845250E-006
#    -17    15       6.8635218522E-004
#    -17    16       4.1485896425E-005
#    -17    17       8.2228248073E-005
#    -17    18       7.0043030243E-005
#    -17    19       1.6805529685E-004
#    -17    20       2.2215504170E-004
#    -17    21       1.0641853250E-004
#    -17    22       1.7238573975E-004
#    -17    23       9.6034318465E-005
#    -17    24       9.7303145182E-005
#    -17    25       5.3624334981E-005
#    -17    26       4.8866429531E-005
#    -17    27       7.2067442385E-005
#    -16   -11       7.7376486921E-005
#    -16   -10       3.0210636941E-005
#    -16    -9       5.3256143813E-006
#    -16    -8       2.2881973340E-005
#    -16    -7       1.0911122607E-004
#    -16    -6       1.3975206705E-004
#    -16    -5       6.8173099539E-005
#    -16    -4       5.6240976596E-005
#    -16    -3       4.5404342708E-005
#    -16    -2       2.4225230693E-004
#    -16    -1       9.8782050704E-005
#    -16     0       2.5984658804E-004
#    -16     1       2.1058813083E-005
#    -16     2       1.2748330424E-005
#    -16     3       5.3788807355E-005
#    -16     4       2.1154066803E-004
#    -16     5       2.2985067537E-004
#    -16     6       3.3019325662E-004
#    -16     7       2.0515520770E-004
#    -16     8       5.6910950548E-006
#    -16     9       8.1442718488E-005
#    -16    10       4.4896001689E-005
#    -16    11       1.0335933151E-004
#    -16    12       3.6874416391E-006
#    -16    13       2.2174433461E-005
#    -16    14       3.6920477773E-005
#    -16    15       1.1603993576E-004
#    -16    16       2.7556290259E-004
#    -16    17       2.7132039161E-004
#    -16    18       2.5124075791E-005
#    -16    19       2.0461620889E-004
#    -16    20       1.9642232395E-004
#    -16    21       6.2733435804E-005
#    -16    22       9.2856396266E-005
#    -16    23       1.2694886831E-004
#    -16    24       1.7568506903E-004
#    -16    25       2.7004964093E-005
#    -16    26       6.1450454206E-005
#    -16    27       3.5897981750E-005
#    -15   -13       1.5601659877E-005
#    -15   -12       7.6977862393E-005
#    -15   -11       5.9290065506E-005
#    -15   -10       9.4010202040E-004
#    -15    -9       4.8097593292E-005
#    -15    -8       4.0771031925E-005
#    -15    -7       4.1501199385E-004
#    -15    -6       1.0726832507E-004
#    -15    -5       8.5269946668E-003
#    -15    -4       1.3824784930E-004
#    -15    -3       1.9707053179E-005
#    -15    -2       5.7437338348E-004
#    -15    -1       1.7978867634E-005
#    -15     0       3.4284938078E-002
#    -15     1       9.4894786713E-006
#    -15     2       4.6653210085E-004
#    -15     3       6.7881816502E-005
#    -15     4       2.6519538843E-005
#    -15     5       1.3562997010E-002
#    -15     6       1.7616122995E-004
#    -15     7       7.3802580535E-005
#    -15     8       2.1077424176E-005
#    -15     9       1.0576753378E-004
#    -15    10       1.2992708395E-002
#    -15    11       1.8110693511E-004
#    -15    12       1.8212081322E-004
#    -15    13       2.4823583773E-004
#    -15    14       1.0112062129E-004
#    -15    15       2.0584480552E-002
#    -15    16       9.5688036152E-005
#    -15    17       4.8679522464E-005
#    -15    18       1.6435803394E-004
#    -15    19       1.5245602324E-005
#    -15    20       5.0169876179E-003
#    -15    21       7.1694089903E-005
#    -15    22       1.7009239968E-005
#    -15    23       1.2044586984E-004
#    -15    24       1.0620453949E-004
#    -15    25       1.5738542033E-004
#    -15    26       2.6793893587E-005
#    -15    27       3.9513509243E-005
#    -15    28       4.0365497081E-005
#    -14   -14       1.0811428134E-005
#    -14   -13       1.4471875655E-004
#    -14   -12       5.3654888454E-005
#    -14   -11       1.1732488671E-004
#    -14   -10       3.4529508804E-005
#    -14    -9       1.9906677577E-005
#    -14    -8       5.6205433271E-005
#    -14    -7       1.2736698673E-004
#    -14    -6       2.2577344429E-004
#    -14    -5       1.2806320149E-004
#    -14    -4       2.9721709840E-004
#    -14    -3       9.0446893870E-006
#    -14    -2       7.8554949447E-005
#    -14    -1       1.6698894679E-005
#    -14     0       2.4418569808E-004
#    -14     1       8.8039631250E-005
#    -14     2       3.2595502682E-004
#    -14     3       6.5211656688E-005
#    -14     4       1.0904805346E-004
#    -14     5       1.2741593456E-004
#    -14     6       1.5548345963E-004
#    -14     7       2.7460842306E-005
#    -14     8       3.6722509323E-005
#    -14     9       9.8724123111E-005
#    -14    10       2.6120141098E-007
#    -14    11       6.2916487198E-005
#    -14    12       1.5723329479E-004
#    -14    13       1.4376775745E-004
#    -14    14       1.2805080649E-004
#    -14    15       6.0492707365E-004
#    -14    16       8.3935113534E-005
#    -14    17       1.0440030330E-004
#    -14    18       7.2172489841E-008
#    -14    19       2.9104396132E-004
#    -14    20       1.0901894898E-004
#    -14    21       1.7969876550E-005
#    -14    22       4.7743950748E-005
#    -14    23       5.0533539492E-005
#    -14    24       1.0739848027E-004
#    -14    25       2.5960376245E-006
#    -14    26       2.8996419526E-005
#    -14    27       9.3058041066E-005
#    -14    28       4.7074880198E-005
#    -13   -15       7.6399735194E-005
#    -13   -14       6.1410666559E-005
#    -13   -13       2.8642276052E-005
#    -13   -12       6.8728443858E-005
#    -13   -11       1.4511882078E-004
#    -13   -10       1.7437094720E-004
#    -13    -9       1.2660042489E-004
#    -13    -8       7.1710257867E-005
#    -13    -7       2.6065349295E-005
#    -13    -6       2.3385031937E-004
#    -13    -5       1.3603856859E-005
#    -13    -4       5.1778299245E-004
#    -13    -3       7.9706531680E-005
#    -13    -2       2.9617246609E-004
#    -13    -1       1.8168448048E-004
#    -13     0       1.4928545109E-004
#    -13     1       4.0895788316E-004
#    -13     2       3.5184869670E-005
#    -13     3       1.3692048981E-005
#    -13     4       4.4590207451E-005
#    -13     5       1.3375805259E-004
#    -13     6       2.2200857971E-004
#    -13     7       3.6229063966E-006
#    -13     8       3.0352036001E-004
#    -13     9       1.0792908590E-004
#    -13    10       4.6189469134E-004
#    -13    11       3.9549058896E-004
#    -13    12       4.9292132152E-005
#    -13    13       1.1203773042E-005
#    -13    14       2.1947628427E-005
#    -13    15       4.6434206988E-004
#    -13    16       2.1122432842E-004
#    -13    17       1.3049419780E-005
#    -13    18       1.0227660687E-004
#    -13    19       8.1289770949E-005
#    -13    20       2.6903088574E-004
#    -13    21       3.8424594581E-005
#    -13    22       2.8819861496E-005
#    -13    23       1.6797446885E-004
#    -13    24       6.0156042071E-005
#    -13    25       1.1324083855E-004
#    -13    26       8.8769830902E-006
#    -13    27       1.1895887496E-005
#    -13    28       8.0555189810E-005
#    -12   -15       6.7669352553E-005
#    -12   -14       3.0280615112E-005
#    -12   -13       3.8479061102E-005
#    -12   -12       1.0662158742E-004
#    -12   -11       1.9072735258E-004
#    -12   -10       1.9783178015E-004
#    -12    -9       3.1175829689E-005
#    -12    -8       1.1709281619E-004
#    -12    -7       2.2163452376E-005
#    -12    -6       2.9229634749E-004
#    -12    -5       1.2364151914E-006
#    -12    -4       2.9065620817E-004
#    -12    -3       2.1436908368E-005
#    -12    -2       8.7901546993E-005
#    -12    -1       7.6485632894E-005
#    -12     0       1.6604582185E-004
#    -12     1       3.6463740277E-004
#    -12     2       2.7608852648E-004
#    -12     3       6.8232165171E-006
#    -12     4       1.8288506052E-004
#    -12     5       1.2462730014E-004
#    -12     6       3.1490099792E-005
#    -12     7       2.1310477865E-005
#    -12     8       7.1180353932E-005
#    -12     9       1.5522860394E-004
#    -12    10       4.7021632471E-004
#    -12    11       4.6141542030E-004
#    -12    12       1.7817794633E-004
#    -12    13       4.9325684183E-005
#    -12    14       4.7760378597E-004
#    -12    15       6.6377524141E-004
#    -12    16       6.6765965191E-006
#    -12    17       1.7811454194E-004
#    -12    18       3.0642910017E-005
#    -12    19       1.5135232301E-004
#    -12    20       2.5260577562E-004
#    -12    21       7.6879986909E-007
#    -12    22       5.2390800856E-006
#    -12    23       4.0475185237E-005
#    -12    24       1.6889920583E-004
#    -12    25       5.4285776440E-005
#    -12    26       3.2086836436E-005
#    -12    27       1.8790479277E-005
#    -11   -16       8.7785621357E-005
#    -11   -15       1.0605046807E-005
#    -11   -14       5.0399531189E-005
#    -11   -13       2.0960749938E-005
#    -11   -12       7.5135450020E-006
#    -11   -11       1.3268780253E-004
#    -11   -10       1.7849021599E-004
#    -11    -9       1.4417216332E-005
#    -11    -8       6.7499032198E-005
#    -11    -7       2.2288339995E-005
#    -11    -6       1.1692432329E-004
#    -11    -5       1.8604942179E-004
#    -11    -4       1.9559410763E-004
#    -11    -3       2.8478309513E-004
#    -11    -2       4.6809785586E-005
#    -11    -1       6.2761810939E-005
#    -11     0       1.4782033166E-004
#    -11     1       2.6750827732E-004
#    -11     2       1.6414206974E-004
#    -11     3       3.6772846846E-005
#    -11     4       1.2384408993E-004
#    -11     5       2.0303697464E-004
#    -11     6       1.4914728354E-004
#    -11     7       1.0866088092E-004
#    -11     8       1.2089667220E-004
#    -11     9       1.1196437474E-004
#    -11    10       2.3098677044E-004
#    -11    11       9.8459412358E-005
#    -11    12       1.6636649511E-005
#    -11    13       2.4913303033E-005
#    -11    14       2.2734808894E-004
#    -11    15       2.1544654708E-004
#    -11    16       1.4881908401E-004
#    -11    17       2.4061208757E-007
#    -11    18       1.4383340761E-005
#    -11    19       8.5343572502E-005
#    -11    20       1.8374625171E-004
#    -11    21       4.9075693024E-005
#    -11    22       8.0035813882E-006
#    -11    23       1.5103474698E-004
#    -11    24       7.0326755336E-005
#    -11    25       6.0309011482E-005
#    -11    26       2.1725742626E-006
#    -11    27       1.1843454894E-005
#    -10   -17       4.1824023538E-005
#    -10   -16       5.9359200634E-006
#    -10   -15       6.3109990391E-004
#    -10   -14       4.2897458313E-006
#    -10   -13       4.4344305824E-005
#    -10   -12       4.0776073427E-005
#    -10   -11       3.7918861482E-005
#    -10   -10       5.2823930978E-003
#    -10    -9       2.5642019474E-006
#    -10    -8       2.4811915534E-004
#    -10    -7       1.5175304511E-006
#    -10    -6       5.1694923182E-005
#    -10    -5       1.4578986840E-002
#    -10    -4       2.8163154118E-005
#    -10    -3       1.8809874498E-004
#    -10    -2       4.6723242154E-005
#    -10    -1       2.1169066041E-005
#    -10     0       1.3641488073E-002
#    -10     1       2.5720055891E-004
#    -10     2       1.8070710356E-005
#    -10     3       1.1627225606E-004
#    -10     4       4.3282330752E-005
#    -10     5       4.0302565418E-003
#    -10     6       4.2175487807E-005
#    -10     7       7.3268998063E-005
#    -10     8       1.7675147591E-004
#    -10     9       6.6501775660E-005
#    -10    10       3.8199076179E-002
#    -10    11       1.1856582138E-005
#    -10    12       4.1679355548E-004
#    -10    13       3.4845195233E-005
#    -10    14       7.4282384694E-005
#    -10    15       1.2105427455E-002
#    -10    16       1.5986534428E-005
#    -10    17       1.8222084241E-004
#    -10    18       1.4248049869E-006
#    -10    19       9.7763121722E-005
#    -10    20       4.4186876284E-003
#    -10    21       2.5224801189E-005
#    -10    22       2.5412126457E-005
#    -10    23       1.3765628366E-004
#    -10    24       1.6289617782E-004
#    -10    25       6.0731158794E-004
#    -10    26       8.8177858692E-005
#    -10    27       2.4141526172E-005
#     -9   -18       3.0471589649E-006
#     -9   -17       1.4087600616E-005
#     -9   -16       2.8045740088E-005
#     -9   -15       2.4289096219E-005
#     -9   -14       1.1381605993E-004
#     -9   -13       2.5017641690E-005
#     -9   -12       1.0447738629E-004
#     -9   -11       4.9375742234E-005
#     -9   -10       1.8143535178E-005
#     -9    -9       5.1742465173E-005
#     -9    -8       2.2425826694E-005
#     -9    -7       9.2915792187E-005
#     -9    -6       6.0420010025E-006
#     -9    -5       7.1396251068E-005
#     -9    -4       3.4904560734E-005
#     -9    -3       1.5234259774E-004
#     -9    -2       5.0902593017E-005
#     -9    -1       6.3324106361E-005
#     -9     0       1.2432218383E-004
#     -9     1       1.8925235903E-004
#     -9     2       3.4188537937E-005
#     -9     3       1.1819788502E-004
#     -9     4       1.6867786947E-004
#     -9     5       1.3008202685E-004
#     -9     6       7.3110529010E-005
#     -9     7       1.6300767982E-004
#     -9     8       4.1621190641E-005
#     -9     9       2.1458028117E-005
#     -9    10       2.8727901795E-004
#     -9    11       1.7207782270E-006
#     -9    12       2.1308060682E-004
#     -9    13       2.9709023143E-005
#     -9    14       9.5472936087E-005
#     -9    15       7.0177744674E-005
#     -9    16       6.9860816318E-005
#     -9    17       3.7169177364E-005
#     -9    18       4.6119437090E-005
#     -9    19       2.6331892486E-004
#     -9    20       8.7325482776E-005
#     -9    21       3.6306057963E-006
#     -9    22       2.9630820829E-005
#     -9    23       7.4675777953E-005
#     -9    24       1.0059097505E-004
#     -9    25       1.2002006486E-005
#     -9    26       2.6302541957E-005
#     -9    27       2.4303106004E-005
#     -8   -19       9.2513039107E-006
#     -8   -18       1.9768069174E-007
#     -8   -17       1.7733696017E-005
#     -8   -16       4.6049677035E-005
#     -8   -15       1.0622858868E-004
#     -8   -14       5.0020973312E-005
#     -8   -13       5.4978338111E-006
#     -8   -12       4.5881187847E-005
#     -8   -11       3.4200309050E-005
#     -8   -10       1.8706735008E-004
#     -8    -9       2.3930136285E-005
#     -8    -8       1.0819258617E-004
#     -8    -7       3.4687463254E-005
#     -8    -6       1.0722512562E-005
#     -8    -5       1.9323294218E-005
#     -8    -4       5.4679460124E-005
#     -8    -3       7.0436059575E-005
#     -8    -2       3.5552685283E-006
#     -8    -1       9.1653847572E-005
#     -8     0       3.6186022059E-004
#     -8     1       1.5627377857E-004
#     -8     2       5.1250236190E-005
#     -8     3       5.0633388928E-006
#     -8     4       1.6163245020E-004
#     -8     5       2.0042055611E-005
#     -8     6       2.0235492167E-004
#     -8     7       1.2328916853E-004
#     -8     8       1.6955568281E-004
#     -8     9       1.8610266748E-004
#     -8    10       1.3837669652E-005
#     -8    11       6.2307379695E-005
#     -8    12       1.4009166986E-004
#     -8    13       5.0938297584E-005
#     -8    14       3.9415800018E-005
#     -8    15       3.0078530524E-004
#     -8    16       5.4583485672E-005
#     -8    17       1.7007488303E-004
#     -8    18       1.5501976254E-006
#     -8    19       4.0156261733E-005
#     -8    20       3.3428722705E-004
#     -8    21       1.0212966175E-005
#     -8    22       1.3771816361E-004
#     -8    23       8.5828291023E-005
#     -8    24       3.2651365841E-005
#     -8    25       4.6638709737E-005
#     -8    26       1.5094359805E-006
#     -8    27       1.8583853021E-005
#     -7   -20       2.2928828922E-005
#     -7   -19       1.8327657444E-006
#     -7   -18       1.6030808380E-005
#     -7   -17       8.9087541188E-005
#     -7   -16       2.1710017605E-005
#     -7   -15       1.7818223486E-004
#     -7   -14       1.3324266323E-005
#     -7   -13       7.0889303577E-005
#     -7   -12       5.5763133686E-005
#     -7   -11       1.1558739176E-004
#     -7   -10       5.2444203108E-005
#     -7    -9       7.1405036082E-006
#     -7    -8       3.4671253812E-005
#     -7    -7       1.2693372394E-004
#     -7    -6       5.7685061666E-006
#     -7    -5       6.7103312505E-005
#     -7    -4       8.4363566855E-005
#     -7    -3       3.1376768421E-005
#     -7    -2       1.3576007026E-004
#     -7    -1       8.2302159733E-005
#     -7     0       2.4234599759E-004
#     -7     1       6.2622109851E-005
#     -7     2       2.7685349122E-006
#     -7     3       8.7244020652E-005
#     -7     4       1.2379865837E-004
#     -7     5       8.6476194007E-005
#     -7     6       1.2127267444E-004
#     -7     7       8.5395254780E-005
#     -7     8       9.0417262246E-006
#     -7     9       3.7862962325E-005
#     -7    10       8.4010048321E-006
#     -7    11       1.8297314712E-004
#     -7    12       5.5055208613E-005
#     -7    13       7.0637584211E-005
#     -7    14       4.6319940479E-005
#     -7    15       3.6457869489E-004
#     -7    16       2.1374636885E-005
#     -7    17       1.0977059669E-004
#     -7    18       1.1021700715E-004
#     -7    19       6.3388415215E-005
#     -7    20       2.5605227963E-004
#     -7    21       3.8256929638E-005
#     -7    22       1.1412870743E-004
#     -7    23       2.1675268911E-005
#     -7    24       1.6048993631E-004
#     -7    25       1.7593603080E-005
#     -7    26       2.2351939511E-004
#     -7    27       3.9514503316E-005
#     -6   -20       2.3459510143E-006
#     -6   -19       8.0104272743E-005
#     -6   -18       2.2897600916E-005
#     -6   -17       2.6396959627E-006
#     -6   -16       9.7560333151E-005
#     -6   -15       5.8644200430E-005
#     -6   -14       2.6713142017E-005
#     -6   -13       1.6893584768E-005
#     -6   -12       6.2287852997E-005
#     -6   -11       6.9322305924E-005
#     -6   -10       3.3756384665E-005
#     -6    -9       3.2167883828E-006
#     -6    -8       2.0769107965E-005
#     -6    -7       9.2910430381E-005
#     -6    -6       5.7799900422E-005
#     -6    -5       5.1911511186E-005
#     -6    -4       5.2189424498E-005
#     -6    -3       4.6156230684E-005
#     -6    -2       1.8107297425E-005
#     -6    -1       6.0613703235E-005
#     -6     0       1.5475022470E-004
#     -6     1       2.2885204308E-005
#     -6     2       3.7465396702E-006
#     -6     3       4.1208642454E-005
#     -6     4       6.5420915631E-005
#     -6     5       1.3743697329E-004
#     -6     6       9.1924156685E-005
#     -6     7       4.5676915297E-004
#     -6     8       6.1478702798E-005
#     -6     9       8.1647189990E-005
#     -6    10       3.7291189928E-005
#     -6    11       7.2664473837E-005
#     -6    12       3.5969486857E-005
#     -6    13       8.5513771235E-005
#     -6    14       1.1501175549E-004
#     -6    15       8.7231988980E-005
#     -6    16       2.2647187844E-004
#     -6    17       5.5691310789E-005
#     -6    18       7.7988629508E-005
#     -6    19       9.5306055742E-005
#     -6    20       4.1877745260E-005
#     -6    21       4.5882766058E-006
#     -6    22       3.0377639089E-005
#     -6    23       1.7764238264E-004
#     -6    24       8.5943416353E-006
#     -6    25       3.7394641696E-004
#     -6    26       2.6665578777E-005
#     -5   -21       1.3318784210E-005
#     -5   -20       7.9814985443E-004
#     -5   -19       2.0458367777E-005
#     -5   -18       5.0988596009E-006
#     -5   -17       1.1847924350E-004
#     -5   -16       1.7124833872E-005
#     -5   -15       7.0025380271E-003
#     -5   -14       9.5160739857E-006
#     -5   -13       7.2605011563E-005
#     -5   -12       3.6407043131E-005
#     -5   -11       1.6110805724E-004
#     -5   -10       1.3155253862E-002
#     -5    -9       6.0222472335E-005
#     -5    -8       9.1566192665E-005
#     -5    -7       1.4259210369E-004
#     -5    -6       1.6006288540E-005
#     -5    -5       3.8928164011E-003
#     -5    -4       6.3265541441E-005
#     -5    -3       1.0076810939E-004
#     -5    -2       7.9390897750E-005
#     -5    -1       5.8079554151E-007
#     -5     0       2.7744528186E-002
#     -5     1       3.4376665285E-006
#     -5     2       4.3317011308E-005
#     -5     3       6.1321696743E-005
#     -5     4       2.3605002168E-005
#     -5     5       2.1126670479E-003
#     -5     6       1.5571326382E-004
#     -5     7       6.6565845188E-005
#     -5     8       2.9693962527E-005
#     -5     9       7.2850081225E-005
#     -5    10       3.5010714741E-003
#     -5    11       2.0438749721E-005
#     -5    12       3.0779010526E-005
#     -5    13       7.4708155082E-006
#     -5    14       3.2718154724E-004
#     -5    15       1.1785251597E-002
#     -5    16       3.8495345023E-004
#     -5    17       1.6811913567E-004
#     -5    18       1.0132038098E-004
#     -5    19       6.9511891101E-005
#     -5    20       9.0278030958E-003
#     -5    21       1.2101648538E-004
#     -5    22       1.5633941353E-004
#     -5    23       1.1593962814E-004
#     -5    24       6.6270423128E-005
#     -5    25       9.0870052898E-004
#     -5    26       5.1301786683E-005
#     -4   -22       8.5023694673E-006
#     -4   -21       2.9217495419E-005
#     -4   -20       3.6365998137E-005
#     -4   -19       1.1830231804E-004
#     -4   -18       5.3335831236E-006
#     -4   -17       4.7099016929E-006
#     -4   -16       5.0119029496E-005
#     -4   -15       3.7098874483E-005
#     -4   -14       6.5874835484E-005
#     -4   -13       5.9270143986E-005
#     -4   -12       8.9079145511E-005
#     -4   -11       1.7185996121E-004
#     -4   -10       4.2425162690E-005
#     -4    -9       5.7286220880E-005
#     -4    -8       7.5494760658E-005
#     -4    -7       1.8214802601E-004
#     -4    -6       1.2146254022E-004
#     -4    -5       3.8400297366E-005
#     -4    -4       2.1700841279E-004
#     -4    -3       7.1057034534E-005
#     -4    -2       3.7203464899E-005
#     -4    -1       5.3387155694E-006
#     -4     0       1.6563205361E-004
#     -4     1       6.5086251842E-005
#     -4     2       7.4544356088E-005
#     -4     3       2.5821431104E-006
#     -4     4       2.7191603522E-005
#     -4     5       1.6874704560E-004
#     -4     6       2.8164904290E-004
#     -4     7       4.5076294581E-005
#     -4     8       1.9040169728E-006
#     -4     9       2.6954900934E-004
#     -4    10       1.8247873913E-004
#     -4    11       3.2364820580E-005
#     -4    12       1.8757832964E-004
#     -4    13       1.3009138858E-004
#     -4    14       8.1510070740E-005
#     -4    15       4.3217197842E-004
#     -4    16       2.3570107558E-005
#     -4    17       3.5084111771E-005
#     -4    18       5.4261385899E-005
#     -4    19       2.3696411008E-004
#     -4    20       1.5998103279E-004
#     -4    21       1.9455258884E-004
#     -4    22       2.5309389014E-006
#     -4    23       2.0404671373E-006
#     -4    24       1.0096628299E-004
#     -4    25       1.0698453073E-004
#     -4    26       1.1948031816E-004
#     -3   -22       1.3446565572E-006
#     -3   -21       1.4780808082E-005
#     -3   -20       7.0176413672E-005
#     -3   -19       1.8118336860E-004
#     -3   -18       2.2018325749E-005
#     -3   -17       1.1518726797E-004
#     -3   -16       7.2557361934E-005
#     -3   -15       3.4419531053E-004
#     -3   -14       8.8711896116E-005
#     -3   -13       9.4759950779E-005
#     -3   -12       1.7063185654E-004
#     -3   -11       1.2722849848E-004
#     -3   -10       1.8443234347E-004
#     -3    -9       2.2104151032E-005
#     -3    -8       1.1803326483E-004
#     -3    -7       8.1865735075E-005
#     -3    -6       2.2422987389E-005
#     -3    -5       3.0972223034E-005
#     -3    -4       3.7738317361E-004
#     -3    -3       1.1488092572E-005
#     -3    -2       3.7433626446E-005
#     -3    -1       9.3805122466E-005
#     -3     0       7.4830093732E-006
#     -3     1       2.2408466452E-004
#     -3     2       1.8478399782E-005
#     -3     3       7.8343673958E-005
#     -3     4       1.6752529713E-005
#     -3     5       6.3428324199E-004
#     -3     6       2.0571523445E-004
#     -3     7       6.5388543696E-005
#     -3     8       1.1063529103E-004
#     -3     9       1.7277491039E-004
#     -3    10       8.1105357216E-005
#     -3    11       7.8570118186E-005
#     -3    12       1.3275965500E-004
#     -3    13       9.5807816907E-005
#     -3    14       4.9482389858E-005
#     -3    15       4.6588528201E-004
#     -3    16       4.0251018359E-004
#     -3    17       1.4232255121E-004
#     -3    18       1.0412885144E-004
#     -3    19       2.2285811177E-005
#     -3    20       1.9572182496E-004
#     -3    21       6.3260144839E-005
#     -3    22       1.1929822251E-004
#     -3    23       1.5324935486E-004
#     -3    24       9.6904236474E-006
#     -3    25       1.4309151774E-004
#     -2   -23       2.7366485627E-006
#     -2   -22       7.6456318604E-005
#     -2   -21       5.6616828879E-006
#     -2   -20       1.0730912114E-004
#     -2   -19       9.4196591802E-005
#     -2   -18       5.7891822937E-005
#     -2   -17       4.6756408421E-006
#     -2   -16       3.9388021757E-006
#     -2   -15       1.9541521150E-004
#     -2   -14       1.1542104615E-006
#     -2   -13       1.0668453703E-004
#     -2   -12       1.3355322048E-005
#     -2   -11       4.3920081388E-004
#     -2   -10       1.3870256547E-004
#     -2    -9       1.0526828398E-004
#     -2    -8       5.1996638455E-004
#     -2    -7       2.4452451740E-005
#     -2    -6       1.5566609261E-004
#     -2    -5       1.1524482500E-005
#     -2    -4       3.4727289888E-005
#     -2    -3       2.0640422833E-007
#     -2    -2       7.0353270572E-005
#     -2    -1       1.3126728759E-004
#     -2     0       1.1892697872E-005
#     -2     1       2.9775646536E-004
#     -2     2       1.8863652906E-006
#     -2     3       3.5257448269E-005
#     -2     4       1.0056678457E-004
#     -2     5       8.4025226909E-004
#     -2     6       6.4199919083E-005
#     -2     7       9.7062703153E-005
#     -2     8       9.0162037750E-005
#     -2     9       3.5410894737E-004
#     -2    10       4.5932932090E-005
#     -2    11       3.3887580840E-004
#     -2    12       5.6946122133E-006
#     -2    13       4.7413715998E-005
#     -2    14       3.6393519648E-004
#     -2    15       6.4882794376E-004
#     -2    16       2.7597411877E-004
#     -2    17       1.0819500890E-004
#     -2    18       3.8188568453E-005
#     -2    19       1.7908551237E-004
#     -2    20       8.5198707226E-005
#     -2    21       2.4121466750E-004
#     -2    22       7.4659215962E-006
#     -2    23       1.3928537001E-004
#     -2    24       9.6119032153E-005
#     -2    25       1.8971253130E-005
#     -1   -23       3.4928100101E-005
#     -1   -22       4.2566799579E-006
#     -1   -21       3.5379076395E-005
#     -1   -20       5.0111428252E-006
#     -1   -19       1.8134082672E-004
#     -1   -18       6.8125466674E-006
#     -1   -17       1.2408232675E-004
#     -1   -16       8.0381544344E-006
#     -1   -15       2.7005324996E-004
#     -1   -14       1.2569499011E-004
#     -1   -13       6.4279627073E-005
#     -1   -12       2.7740898612E-004
#     -1   -11       1.0450912736E-004
#     -1   -10       1.7530260979E-004
#     -1    -9       3.0811843184E-006
#     -1    -8       8.3344178153E-005
#     -1    -7       2.1649171097E-005
#     -1    -6       1.8951636851E-004
#     -1    -5       1.8525750059E-004
#     -1    -4       7.1103419299E-005
#     -1    -3       1.5077225466E-004
#     -1    -2       1.4017023571E-004
#     -1    -1       3.2236173055E-005
#     -1     0       2.2330897657E-004
#     -1     1       3.0528560142E-004
#     -1     2       7.6176282835E-005
#     -1     3       3.8990909339E-005
#     -1     4       1.7089621014E-004
#     -1     5       3.0836627199E-004
#     -1     6       3.2068626234E-005
#     -1     7       6.3210367270E-005
#     -1     8       2.6213290176E-005
#     -1     9       3.1459703822E-004
#     -1    10       8.6610442698E-005
#     -1    11       4.1317394076E-004
#     -1    12       1.7265005332E-004
#     -1    13       7.9943973805E-006
#     -1    14       2.4368862581E-004
#     -1    15       3.5309858069E-004
#     -1    16       1.5566221986E-005
#     -1    17       2.9862726457E-005
#     -1    18       7.2092804281E-005
#     -1    19       8.6727440057E-005
#     -1    20       2.4735093521E-005
#     -1    21       1.3839482716E-004
#     -1    22       1.0005407257E-004
#     -1    23       4.1810159166E-005
#     -1    24       1.5114651828E-005
#      0   -24       5.3129243430E-005
#      0   -23       6.8777601996E-005
#      0   -22       1.2785708444E-005
#      0   -21       6.0684531264E-006
#      0   -20       3.1139584144E-003
#      0   -19       3.7025006818E-005
#      0   -18       3.6915807676E-005
#      0   -17       4.9255601132E-005
#      0   -16       2.0157937212E-005
#      0   -15       2.2055073458E-002
#      0   -14       1.5036960575E-006
#      0   -13       1.6735223854E-004
#      0   -12       3.1153443287E-004
#      0   -11       4.8429788062E-005
#      0   -10       4.0522255989E-002
#      0    -9       7.7238674781E-005
#      0    -8       6.4427173889E-005
#      0    -7       1.4967097026E-004
#      0    -6       6.7434514303E-006
#      0    -5       1.8684740418E-003
#      0    -4       7.4752574680E-005
#      0    -3       1.6808443806E-004
#      0    -2       3.8216191314E-006
#      0    -1       1.8387893542E-004
#      0     0       2.9509080085E-002
#      0     1       1.9113629236E-004
#      0     2       1.9350318837E-004
#      0     3       3.8292658944E-005
#      0     4       1.8713331416E-004
#      0     5       2.5615233904E-002
#      0     6       8.6463124824E-005
#      0     7       2.7749436745E-004
#      0     8       8.6961607939E-005
#      0     9       3.0568304147E-005
#      0    10       1.1616042264E-002
#      0    11       1.5420827244E-004
#      0    12       1.2044180894E-004
#      0    13       4.0162884608E-005
#      0    14       1.5298398312E-004
#      0    15       3.3653926047E-002
#      0    16       9.9540304426E-005
#      0    17       3.5447907878E-004
#      0    18       9.4102347687E-005
#      0    19       2.9347228855E-005
#      0    20       6.7779451440E-003
#      0    21       1.3311011330E-004
#      0    22       1.1084544077E-004
#      0    23       2.0550471178E-004
#      0    24       8.4952221027E-005
#      1   -24       2.6827891758E-005
#      1   -23       7.8251470429E-006
#      1   -22       7.1400176443E-005
#      1   -21       1.9516496129E-005
#      1   -20       6.9607918572E-005
#      1   -19       2.1269437293E-004
#      1   -18       1.0523944351E-005
#      1   -17       7.2206616231E-005
#      1   -16       3.2921817844E-005
#      1   -15       1.0850446480E-006
#      1   -14       3.3088302365E-004
#      1   -13       3.4981252601E-005
#      1   -12       2.5273213082E-005
#      1   -11       2.9176491929E-004
#      1   -10       7.5991081968E-005
#      1    -9       4.2029449212E-005
#      1    -8       5.2761946536E-005
#      1    -7       1.5892797328E-004
#      1    -6       1.8569477355E-005
#      1    -5       1.1050923855E-004
#      1    -4       1.5513542730E-004
#      1    -3       6.7545252649E-005
#      1    -2       2.5698567345E-004
#      1    -1       2.3994609986E-004
#      1     0       1.1115848434E-004
#      1     1       1.7665267591E-004
#      1     2       1.6538792938E-004
#      1     3       7.6425405366E-005
#      1     4       1.5164413909E-004
#      1     5       2.1001725909E-004
#      1     6       8.8178363939E-005
#      1     7       1.1800443734E-005
#      1     8       6.8403183014E-005
#      1     9       6.9763981767E-005
#      1    10       5.8192492592E-004
#      1    11       1.2276722719E-004
#      1    12       3.3565548992E-005
#      1    13       6.3401758902E-005
#      1    14       2.8092724807E-004
#      1    15       4.4724877793E-004
#      1    16       1.1694128672E-004
#      1    17       1.5854196850E-004
#      1    18       9.1309568008E-005
#      1    19       3.7152970833E-005
#      1    20       8.0794853740E-006
#      1    21       2.8517984305E-004
#      1    22       1.7904984150E-005
#      1    23       1.4972167115E-004
#      2   -25       1.6177273157E-005
#      2   -24       1.8985701422E-004
#      2   -23       1.0713724102E-004
#      2   -22       2.4005171182E-005
#      2   -21       6.8150909128E-005
#      2   -20       6.4484278749E-006
#      2   -19       3.7490019512E-005
#      2   -18       1.9827213620E-005
#      2   -17       1.0951000517E-004
#      2   -16       1.1897549276E-005
#      2   -15       3.2878714132E-004
#      2   -14       2.8330431331E-004
#      2   -13       1.1140407021E-004
#      2   -12       9.1692320862E-005
#      2   -11       2.4780854606E-004
#      2   -10       9.8868527936E-005
#      2    -9       1.0142599211E-004
#      2    -8       8.2878191867E-005
#      2    -7       4.1166713386E-005
#      2    -6       8.3539409466E-005
#      2    -5       4.5867493603E-004
#      2    -4       2.7345769104E-005
#      2    -3       2.5641220209E-005
#      2    -2       2.8032733818E-004
#      2    -1       6.8932943030E-005
#      2     0       2.0531215247E-004
#      2     1       2.0531077721E-004
#      2     2       1.7459666198E-004
#      2     3       4.1084353076E-006
#      2     4       1.6300211889E-004
#      2     5       1.6511432669E-005
#      2     6       2.3796981863E-004
#      2     7       9.0776271180E-005
#      2     8       9.7167167441E-006
#      2     9       1.8497942955E-004
#      2    10       3.7527786202E-004
#      2    11       1.8370408890E-004
#      2    12       1.1239513069E-004
#      2    13       3.3424176731E-006
#      2    14       5.2752840560E-005
#      2    15       2.6174245447E-004
#      2    16       2.2449613260E-006
#      2    17       2.2553533978E-004
#      2    18       5.9860488229E-007
#      2    19       2.5949049225E-005
#      2    20       2.3444158750E-004
#      2    21       7.9819727446E-006
#      2    22       1.1699122470E-004
#      2    23       2.3045485433E-005
#      3   -25       4.0916846926E-005
#      3   -24       2.2385226061E-005
#      3   -23       1.1412897097E-004
#      3   -22       3.2752052289E-006
#      3   -21       4.1684119148E-005
#      3   -20       1.9745366656E-005
#      3   -19       1.8295566658E-004
#      3   -18       4.6892900130E-005
#      3   -17       5.7929002941E-005
#      3   -16       9.4982315151E-005
#      3   -15       2.6375535701E-004
#      3   -14       2.7830554844E-005
#      3   -13       2.5597790784E-004
#      3   -12       6.6097927975E-005
#      3   -11       2.0220603134E-005
#      3   -10       1.6862386361E-004
#      3    -9       9.0773284248E-005
#      3    -8       4.8319926606E-005
#      3    -7       1.5998565372E-004
#      3    -6       2.4381967163E-004
#      3    -5       2.2307230455E-004
#      3    -4       6.1837484713E-005
#      3    -3       3.4019170983E-004
#      3    -2       2.1196179659E-005
#      3    -1       1.9724524590E-004
#      3     0       1.4242342823E-004
#      3     1       8.4165183877E-005
#      3     2       1.0351020911E-004
#      3     3       1.8402551430E-004
#      3     4       1.2849392510E-004
#      3     5       2.7065243620E-004
#      3     6       1.9614382739E-004
#      3     7       7.6315637835E-006
#      3     8       2.7357744646E-006
#      3     9       1.0857177988E-004
#      3    10       4.1619548296E-004
#      3    11       1.1100446305E-004
#      3    12       6.5593515709E-005
#      3    13       4.1806999275E-005
#      3    14       3.2432279002E-004
#      3    15       3.0260382800E-004
#      3    16       2.3468093297E-004
#      3    17       6.5357024901E-005
#      3    18       1.3220927468E-004
#      3    19       6.1531427176E-005
#      3    20       1.0713856779E-004
#      3    21       2.0716517321E-004
#      3    22       2.8323606582E-005
#      4   -26       4.5846515763E-006
#      4   -25       1.8384161422E-005
#      4   -24       8.4685294942E-005
#      4   -23       5.3771710516E-006
#      4   -22       2.7118916416E-005
#      4   -21       5.0971044465E-005
#      4   -20       3.5629576478E-005
#      4   -19       2.1735168981E-004
#      4   -18       3.6358745038E-005
#      4   -17       3.2001773266E-004
#      4   -16       3.8991664302E-006
#      4   -15       3.8900551812E-005
#      4   -14       2.3730359904E-004
#      4   -13       1.4447346523E-004
#      4   -12       1.3513980911E-004
#      4   -11       2.0459810792E-004
#      4   -10       1.6302711852E-004
#      4    -9       8.0573422050E-005
#      4    -8       4.3778221527E-005
#      4    -7       3.6909636071E-005
#      4    -6       9.3453132998E-005
#      4    -5       1.4754393157E-004
#      4    -4       3.9542973508E-005
#      4    -3       3.1131047636E-004
#      4    -2       2.1832007478E-005
#      4    -1       4.7505437564E-004
#      4     0       1.1435164891E-004
#      4     1       7.5964056948E-005
#      4     2       1.4151042190E-004
#      4     3       1.7219698409E-004
#      4     4       4.0548967544E-005
#      4     5       1.5750438003E-004
#      4     6       2.1850179107E-005
#      4     7       4.2071664802E-005
#      4     8       3.8012104847E-005
#      4     9       6.5046131688E-005
#      4    10       2.7511675345E-004
#      4    11       9.5557935000E-005
#      4    12       4.8059600463E-005
#      4    13       1.0877139622E-005
#      4    14       1.3489305257E-004
#      4    15       1.9769177647E-005
#      4    16       5.2298422510E-005
#      4    17       7.1005284675E-005
#      4    18       3.8536890361E-005
#      4    19       4.8802241390E-005
#      4    20       1.8200893007E-004
#      4    21       3.5931351227E-005
#      4    22       2.5057050785E-004
#      5   -26       1.1337641401E-005
#      5   -25       5.4532998728E-004
#      5   -24       7.6393343131E-005
#      5   -23       2.3156308505E-004
#      5   -22       4.3053877040E-006
#      5   -21       1.1214027901E-004
#      5   -20       7.3714499976E-003
#      5   -19       7.8959901601E-006
#      5   -18       1.2339211230E-006
#      5   -17       2.5079281360E-004
#      5   -16       1.4582583287E-004
#      5   -15       1.1745215906E-002
#      5   -14       2.0343988124E-004
#      5   -13       1.0326045063E-004
#      5   -12       6.2625027444E-006
#      5   -11       6.0571478048E-006
#      5   -10       4.0513132804E-003
#      5    -9       6.3666946718E-006
#      5    -8       1.0970677742E-004
#      5    -7       4.6936275729E-004
#      5    -6       2.1881546839E-005
#      5    -5       2.5240850242E-002
#      5    -4       5.9457080438E-005
#      5    -3       6.5052090579E-006
#      5    -2       5.0797072734E-005
#      5    -1       2.8196782818E-004
#      5     0       1.9030971533E-003
#      5     1       2.4045945565E-004
#      5     2       6.4851920582E-005
#      5     3       3.1025421825E-006
#      5     4       6.9560630711E-005
#      5     5       4.1967499710E-003
#      5     6       3.2230778148E-006
#      5     7       1.7890919239E-005
#      5     8       5.9320597783E-005
#      5     9       5.1210285715E-005
#      5    10       1.1673450670E-002
#      5    11       1.0695806528E-004
#      5    12       1.4749014479E-004
#      5    13       3.1130793571E-005
#      5    14       3.2403378533E-005
#      5    15       1.0284124287E-002
#      5    16       6.4624939103E-005
#      5    17       1.9057704183E-004
#      5    18       7.3857063740E-005
#      5    19       2.3847104376E-005
#      5    20       6.1043185975E-004
#      5    21       2.8479161846E-005
#      6   -26       1.5539624458E-005
#      6   -25       4.1973632794E-005
#      6   -24       6.1314761085E-005
#      6   -23       9.0026446525E-005
#      6   -22       2.1755795453E-005
#      6   -21       7.4706595017E-005
#      6   -20       1.2678126702E-005
#      6   -19       2.0597406238E-004
#      6   -18       7.1830692213E-005
#      6   -17       6.4208659644E-005
#      6   -16       1.3017937375E-004
#      6   -15       4.8582752888E-005
#      6   -14       2.9377907468E-005
#      6   -13       1.8831093768E-004
#      6   -12       2.7674826177E-005
#      6   -11       3.1405409589E-004
#      6   -10       1.2967494447E-005
#      6    -9       2.9367899140E-004
#      6    -8       6.7505777392E-006
#      6    -7       2.7007928578E-004
#      6    -6       3.4178938708E-005
#      6    -5       4.6936996340E-004
#      6    -4       7.4274357256E-005
#      6    -3       2.5586729167E-005
#      6    -2       1.4409289192E-004
#      6    -1       1.3309534669E-004
#      6     0       1.4308714654E-005
#      6     1       9.9622476194E-005
#      6     2       1.0877074523E-004
#      6     3       1.2173095477E-005
#      6     4       3.2227471624E-004
#      6     5       3.9477090555E-005
#      6     6       7.2622911242E-005
#      6     7       3.2337864639E-005
#      6     8       5.5901766158E-005
#      6     9       9.3740778773E-006
#      6    10       3.0415862602E-004
#      6    11       1.0584862717E-005
#      6    12       3.3572870594E-005
#      6    13       1.2269709426E-004
#      6    14       3.2013968863E-005
#      6    15       1.1639388473E-004
#      6    16       7.0243025790E-005
#      6    17       1.3698714595E-005
#      6    18       2.3189994530E-004
#      6    19       5.8668588507E-005
#      6    20       2.8312478528E-005
#      7   -27       5.8954169683E-005
#      7   -26       8.4076396576E-007
#      7   -25       2.0336729933E-005
#      7   -24       5.6276559604E-005
#      7   -23       7.7466270333E-005
#      7   -22       1.3501131258E-005
#      7   -21       8.0360224135E-005
#      7   -20       1.1077987749E-004
#      7   -19       1.4594586750E-004
#      7   -18       1.7249797985E-004
#      7   -17       3.6443906307E-004
#      7   -16       4.3520140745E-005
#      7   -15       3.4300015293E-004
#      7   -14       7.4907894993E-005
#      7   -13       3.1561197635E-005
#      7   -12       4.6422329912E-006
#      7   -11       1.3302192295E-004
#      7   -10       2.7499692764E-005
#      7    -9       4.3518201896E-004
#      7    -8       1.7242225590E-004
#      7    -7       3.5655459004E-006
#      7    -6       4.1387637736E-004
#      7    -5       2.2802969059E-004
#      7    -4       1.2968953340E-006
#      7    -3       4.6304505453E-005
#      7    -2       2.1315900751E-004
#      7    -1       5.3540031029E-005
#      7     0       2.8849868740E-004
#      7     1       1.0203520772E-004
#      7     2       2.8519639610E-005
#      7     3       1.5319859054E-005
#      7     4       6.6958898558E-005
#      7     5       8.6284936658E-005
#      7     6       8.3616992898E-005
#      7     7       5.7921336442E-005
#      7     8       5.6147391384E-005
#      7     9       2.6786508299E-005
#      7    10       3.0739807608E-004
#      7    11       3.6940081402E-005
#      7    12       5.3093890517E-005
#      7    13       9.2739786156E-006
#      7    14       1.5171388511E-005
#      7    15       6.1785870558E-005
#      7    16       1.1396514931E-005
#      7    17       8.3840302148E-005
#      7    18       2.4205279859E-005
#      7    19       4.8026484510E-005
#      7    20       1.4742508151E-005
#      8   -27       4.1901071192E-006
#      8   -26       2.7879412019E-006
#      8   -25       4.3570493030E-005
#      8   -24       5.1465623541E-005
#      8   -23       1.7350023105E-004
#      8   -22       5.7665391905E-005
#      8   -21       8.6353919495E-005
#      8   -20       4.3254199835E-005
#      8   -19       9.3702248675E-005
#      8   -18       4.8800157456E-006
#      8   -17       4.3336458511E-005
#      8   -16       7.5816112504E-005
#      8   -15       2.0166143111E-004
#      8   -14       7.4900833900E-005
#      8   -13       1.8418909419E-004
#      8   -12       6.8904954819E-005
#      8   -11       2.6427999778E-005
#      8   -10       9.9103961495E-005
#      8    -9       6.1408135472E-005
#      8    -8       7.2843196000E-005
#      8    -7       1.6610507077E-004
#      8    -6       4.9655852788E-004
#      8    -5       3.4700057684E-004
#      8    -4       7.4461807218E-005
#      8    -3       7.2688535691E-005
#      8    -2       3.4028995092E-005
#      8    -1       4.6661545027E-005
#      8     0       1.9696490225E-004
#      8     1       3.1513477573E-004
#      8     2       5.0591526078E-005
#      8     3       1.0093208595E-004
#      8     4       1.4195123213E-004
#      8     5       8.3737975536E-005
#      8     6       8.0144558242E-006
#      8     7       6.8151235076E-005
#      8     8       1.9250833217E-005
#      8     9       7.6009943116E-005
#      8    10       1.3875131507E-004
#      8    11       1.4725345257E-005
#      8    12       1.1751798260E-005
#      8    13       1.2454939633E-004
#      8    14       9.3543314824E-005
#      8    15       4.5410460500E-005
#      8    16       7.7445900335E-005
#      8    17       1.7811077890E-006
#      8    18       3.7546906402E-005
#      8    19       4.6210471989E-005
#      9   -27       2.8433593190E-006
#      9   -26       3.4635801897E-005
#      9   -25       1.3905446609E-004
#      9   -24       8.7201076800E-005
#      9   -23       6.4753710375E-007
#      9   -22       5.6756727719E-005
#      9   -21       1.6458366878E-005
#      9   -20       6.0874836486E-005
#      9   -19       3.1337717925E-004
#      9   -18       1.3733561060E-004
#      9   -17       2.8122522827E-004
#      9   -16       8.7701281883E-005
#      9   -15       7.2675062263E-005
#      9   -14       1.1854526773E-005
#      9   -13       1.3728685947E-005
#      9   -12       7.7601861117E-005
#      9   -11       3.6779794725E-005
#      9   -10       5.4602460845E-004
#      9    -9       1.1629407138E-004
#      9    -8       4.5324115490E-005
#      9    -7       3.8146468692E-004
#      9    -6       1.1812610087E-004
#      9    -5       7.3976640035E-005
#      9    -4       4.2386984286E-005
#      9    -3       2.2525592102E-004
#      9    -2       2.2609185720E-005
#      9    -1       1.0606449628E-004
#      9     0       9.9238795712E-005
#      9     1       1.5678182399E-004
#      9     2       1.1987786427E-004
#      9     3       1.8813780965E-004
#      9     4       1.4636802623E-004
#      9     5       7.6655145018E-005
#      9     6       1.3702225511E-005
#      9     7       3.6798275447E-005
#      9     8       6.8075356464E-006
#      9     9       2.4107367295E-005
#      9    10       1.5439685011E-004
#      9    11       3.0341394272E-005
#      9    12       1.2432365307E-004
#      9    13       7.2503489006E-005
#      9    14       1.9518410033E-005
#      9    15       4.2409897595E-006
#      9    16       1.4363489467E-005
#      9    17       2.4099293432E-005
#      9    18       1.5431690377E-005
#     10   -27       2.2076250117E-005
#     10   -26       4.4343727203E-005
#     10   -25       4.2020144248E-004
#     10   -24       2.4159847037E-006
#     10   -23       1.3387751287E-004
#     10   -22       4.9957181438E-005
#     10   -21       1.0882502792E-004
#     10   -20       5.4212666821E-003
#     10   -19       4.5769223594E-006
#     10   -18       5.2828078807E-005
#     10   -17       7.8312976966E-005
#     10   -16       1.1350823078E-005
#     10   -15       1.2920309470E-002
#     10   -14       8.1582674014E-005
#     10   -13       4.1744081674E-005
#     10   -12       6.4414898514E-006
#     10   -11       5.6472338399E-005
#     10   -10       1.2765441371E-002
#     10    -9       9.2877219029E-005
#     10    -8       3.5121266431E-005
#     10    -7       1.9088807315E-004
#     10    -6       1.6999768180E-004
#     10    -5       4.0233320276E-003
#     10    -4       1.9777656626E-005
#     10    -3       1.7467575752E-004
#     10    -2       3.8658123934E-005
#     10    -1       1.8061493038E-004
#     10     0       4.2601112602E-002
#     10     1       1.2226694798E-005
#     10     2       3.2440074901E-004
#     10     3       1.8260568962E-005
#     10     4       4.5977160118E-005
#     10     5       1.3330146245E-002
#     10     6       7.0097123156E-005
#     10     7       2.5332687661E-004
#     10     8       6.9939981104E-005
#     10     9       2.6444177645E-005
#     10    10       5.2320975513E-003
#     10    11       6.2982049323E-006
#     10    12       1.6297096698E-004
#     10    13       6.2845660087E-005
#     10    14       9.5910252778E-005
#     10    15       3.4761897922E-004
#     10    16       4.2807629281E-005
#     10    17       4.4354635369E-005
#     11   -27       4.2426282614E-005
#     11   -26       1.1851514381E-005
#     11   -25       2.9722554409E-005
#     11   -24       1.1463469638E-004
#     11   -23       6.2115681876E-005
#     11   -22       1.1969486544E-004
#     11   -21       7.7059213545E-005
#     11   -20       2.0338857471E-005
#     11   -19       1.7826358144E-004
#     11   -18       1.1115430494E-004
#     11   -17       7.7810355858E-005
#     11   -16       1.2810135166E-004
#     11   -15       4.1495650524E-006
#     11   -14       8.2243291795E-005
#     11   -13       4.4972304759E-005
#     11   -12       1.0413231126E-004
#     11   -11       1.1429704908E-004
#     11   -10       1.0972279665E-004
#     11    -9       7.4871279250E-005
#     11    -8       3.8689046562E-005
#     11    -7       1.3671316708E-004
#     11    -6       2.5447261284E-004
#     11    -5       7.4697511457E-005
#     11    -4       6.3995075579E-005
#     11    -3       1.5431958879E-005
#     11    -2       2.2674586852E-004
#     11    -1       2.4110776106E-005
#     11     0       1.7104665415E-004
#     11     1       1.4083842718E-004
#     11     2       2.8706433609E-004
#     11     3       9.6752534039E-005
#     11     4       2.0943689642E-005
#     11     5       1.1030528950E-004
#     11     6       7.4886289263E-005
#     11     7       7.2604527893E-005
#     11     8       4.4654205406E-005
#     11     9       4.0991369633E-005
#     11    10       9.2475283056E-007
#     11    11       7.6250602424E-006
#     11    12       1.1623106435E-005
#     11    13       1.1820828190E-004
#     11    14       1.0071156931E-005
#     11    15       4.6199471765E-005
#     11    16       4.7302631313E-005
#     12   -27       1.4159284373E-005
#     12   -26       1.0012540382E-004
#     12   -25       6.1630746860E-005
#     12   -24       2.1688374479E-005
#     12   -23       3.9025493805E-005
#     12   -22       7.3353894320E-006
#     12   -21       1.9029808531E-005
#     12   -20       7.3354144202E-005
#     12   -19       5.3979959572E-005
#     12   -18       7.2832216858E-005
#     12   -17       5.3523231648E-005
#     12   -16       1.6881970395E-004
#     12   -15       1.5460135051E-004
#     12   -14       6.5125107145E-005
#     12   -13       2.1726512271E-005
#     12   -12       4.8078822910E-005
#     12   -11       1.7823911365E-005
#     12   -10       4.1903722545E-004
#     12    -9       4.4762229980E-005
#     12    -8       1.6617950599E-005
#     12    -7       2.3698042614E-005
#     12    -6       1.9757603770E-004
#     12    -5       5.0879115665E-005
#     12    -4       9.1948321341E-005
#     12    -3       5.6251192616E-005
#     12    -2       2.4894102067E-004
#     12    -1       2.3241885001E-005
#     12     0       8.7045089888E-005
#     12     1       2.6169307437E-004
#     12     2       5.2648461905E-004
#     12     3       4.3862506016E-005
#     12     4       4.9937124088E-005
#     12     5       8.3751282274E-005
#     12     6       4.2882338976E-005
#     12     7       8.1275662819E-005
#     12     8       1.5299666152E-005
#     12     9       8.1049444795E-005
#     12    10       2.9346204964E-005
#     12    11       4.3971201142E-005
#     12    12       2.5663495212E-005
#     12    13       1.7903569036E-005
#     12    14       4.7288596681E-005
#     12    15       7.4686968158E-005
#     13   -28       2.7123963054E-005
#     13   -27       1.9160285691E-005
#     13   -26       2.6635925812E-005
#     13   -25       6.9114375025E-007
#     13   -24       4.8472218106E-005
#     13   -23       7.5396138730E-005
#     13   -22       1.6769710636E-004
#     13   -21       1.0459443709E-004
#     13   -20       2.1070208914E-004
#     13   -19       6.7109896513E-005
#     13   -18       1.1060530713E-005
#     13   -17       3.3197799318E-005
#     13   -16       6.6694858364E-005
#     13   -15       1.1455798953E-004
#     13   -14       8.3605341469E-005
#     13   -13       2.3765072535E-004
#     13   -12       6.4724647402E-008
#     13   -11       1.1110565366E-004
#     13   -10       3.9857286323E-004
#     13    -9       1.4297774673E-006
#     13    -8       2.0013205002E-005
#     13    -7       1.0910903341E-004
#     13    -6       1.1584841626E-004
#     13    -5       2.5413491072E-005
#     13    -4       4.9645522699E-005
#     13    -3       2.0276534419E-004
#     13    -2       7.8406236913E-005
#     13    -1       9.7699304760E-005
#     13     0       1.2661481680E-004
#     13     1       6.3165079800E-005
#     13     2       4.2009655896E-004
#     13     3       1.5650323557E-005
#     13     4       4.3432382961E-006
#     13     5       7.3409218580E-005
#     13     6       9.0512464910E-005
#     13     7       1.5970863892E-005
#     13     8       1.0470523577E-004
#     13     9       9.9257102236E-006
#     13    10       1.6573897105E-005
#     13    11       3.3169530260E-005
#     13    12       8.8799896434E-007
#     13    13       6.2219350294E-005
#     13    14       4.0409997238E-006
#     13    15       1.6515484274E-004
#     14   -28       1.1185800948E-005
#     14   -27       1.9061788853E-005
#     14   -26       2.7697451425E-005
#     14   -25       9.8573715509E-005
#     14   -24       1.2169306744E-004
#     14   -23       7.9950370527E-006
#     14   -22       1.1081168936E-004
#     14   -21       2.4057279723E-006
#     14   -20       1.1320565142E-005
#     14   -19       2.1782012458E-004
#     14   -18       3.8521756406E-005
#     14   -17       1.8899052635E-005
#     14   -16       8.7000422336E-005
#     14   -15       1.2435136887E-004
#     14   -14       1.4465170038E-004
#     14   -13       1.2164967774E-004
#     14   -12       6.7658603321E-005
#     14   -11       1.0668602845E-004
#     14   -10       2.0574484934E-004
#     14    -9       4.4945159081E-007
#     14    -8       1.0227279514E-005
#     14    -7       1.4894064152E-004
#     14    -6       1.3151605204E-005
#     14    -5       8.9274355083E-005
#     14    -4       1.4570996144E-005
#     14    -3       1.3733935979E-004
#     14    -2       1.6605539790E-004
#     14    -1       2.7335528131E-004
#     14     0       7.2455025572E-005
#     14     1       1.5680126965E-004
#     14     2       5.8390745795E-004
#     14     3       2.1776318428E-005
#     14     4       1.6677517406E-004
#     14     5       1.1920315502E-004
#     14     6       2.3071621748E-005
#     14     7       1.1722931130E-004
#     14     8       2.9922277347E-005
#     14     9       9.9996897752E-005
#     14    10       5.5457430711E-006
#     14    11       8.3506083973E-005
#     14    12       1.9788396426E-005
#     14    13       2.9186235889E-005
#     14    14       9.7300974848E-006
#     15   -28       3.5904665597E-005
#     15   -27       1.3300756114E-005
#     15   -26       1.0081743485E-004
#     15   -25       5.5846356674E-004
#     15   -24       4.1074168008E-005
#     15   -23       6.9024905595E-005
#     15   -22       4.5761435080E-005
#     15   -21       2.1617957266E-005
#     15   -20       9.9012459021E-003
#     15   -19       7.6393173892E-005
#     15   -18       7.4434953248E-006
#     15   -17       1.4413989525E-004
#     15   -16       4.6814904619E-005
#     15   -15       3.8449312211E-002
#     15   -14       1.4821136238E-004
#     15   -13       4.1062560110E-006
#     15   -12       7.9512685657E-005
#     15   -11       2.2925800312E-005
#     15   -10       1.2407686303E-002
#     15    -9       3.2723113713E-005
#     15    -8       1.4994198741E-005
#     15    -7       9.2596130539E-006
#     15    -6       5.8791440950E-005
#     15    -5       1.4665202557E-002
#     15    -4       1.6322259674E-004
#     15    -3       1.2973104733E-005
#     15    -2       4.2677102239E-004
#     15    -1       1.5921571919E-004
#     15     0       2.6492400284E-002
#     15     1       7.0385895913E-005
#     15     2       5.2463703788E-004
#     15     3       2.7071376237E-006
#     15     4       6.5228180927E-005
#     15     5       6.6943529450E-003
#     15     6       1.1898778200E-005
#     15     7       1.5902547967E-004
#     15     8       9.3102425834E-005
#     15     9       1.0705029262E-004
#     15    10       1.1158998430E-004
#     15    11       1.9850938713E-005
#     15    12       2.2013733562E-005
#     15    13       1.5958184384E-005
#     16   -27       3.5082124434E-005
#     16   -26       1.1268543065E-005
#     16   -25       5.5777581390E-005
#     16   -24       1.2052691551E-004
#     16   -23       4.8947479698E-005
#     16   -22       1.3757413021E-004
#     16   -21       2.8345376334E-005
#     16   -20       9.1406686557E-005
#     16   -19       4.2559484525E-004
#     16   -18       6.4861310313E-005
#     16   -17       9.2798635695E-005
#     16   -16       1.2943627053E-004
#     16   -15       6.1520591257E-005
#     16   -14       1.0569807452E-004
#     16   -13       1.7102579963E-004
#     16   -12       2.5476231017E-005
#     16   -11       6.0920829479E-005
#     16   -10       1.0950912749E-004
#     16    -9       1.0328342022E-004
#     16    -8       9.2687142622E-005
#     16    -7       2.0757215521E-004
#     16    -6       7.2206318578E-005
#     16    -5       2.6326084521E-004
#     16    -4       6.7076124889E-005
#     16    -3       5.9638068578E-006
#     16    -2       5.8494134335E-004
#     16    -1       2.9580677194E-004
#     16     0       1.0673923101E-006
#     16     1       7.6252684218E-005
#     16     2       2.7761158859E-004
#     16     3       4.5943333746E-005
#     16     4       2.7797831858E-005
#     16     5       7.0842739360E-005
#     16     6       1.0157415908E-005
#     16     7       2.0544478237E-005
#     16     8       6.7356500141E-005
#     16     9       2.1147531044E-005
#     16    10       7.1918456323E-005
#     16    11       6.2956652679E-005
#     17   -27       1.4170828809E-005
#     17   -26       4.0361646835E-005
#     17   -25       5.2049189095E-005
#     17   -24       1.7520842022E-004
#     17   -23       3.2543940723E-005
#     17   -22       4.3744459591E-005
#     17   -21       8.8393667749E-006
#     17   -20       3.9494296145E-005
#     17   -19       2.5626251692E-004
#     17   -18       7.5340617787E-005
#     17   -17       2.1717972188E-005
#     17   -16       1.6117049474E-004
#     17   -15       2.1106236421E-004
#     17   -14       2.5077049719E-004
#     17   -13       2.2128620709E-004
#     17   -12       2.9173289152E-005
#     17   -11       2.5682395363E-004
#     17   -10       2.0045089305E-004
#     17    -9       5.0925550451E-005
#     17    -8       1.0902909616E-004
#     17    -7       2.3021973006E-004
#     17    -6       1.7469580819E-004
#     17    -5       2.1534745605E-004
#     17    -4       5.4368726129E-005
#     17    -3       5.1742376332E-005
#     17    -2       2.2843351989E-004
#     17    -1       9.3312810581E-005
#     17     0       9.4027344028E-006
#     17     1       4.2167625601E-005
#     17     2       3.3628958067E-004
#     17     3       8.8299168013E-005
#     17     4       9.7371972895E-005
#     17     5       3.7363427821E-005
#     17     6       3.7086344659E-005
#     17     7       5.1183910557E-005
#     17     8       3.4793212218E-005
#     17     9       5.4534177256E-005
#     17    10       5.1375855818E-006
#     18   -27       1.9285033867E-006
#     18   -26       2.1833488810E-006
#     18   -25       3.4476166989E-005
#     18   -24       3.2207650153E-007
#     18   -23       7.5768212873E-005
#     18   -22       1.4692790753E-004
#     18   -21       4.1662277260E-005
#     18   -20       3.0314993288E-004
#     18   -19       2.0695856849E-005
#     18   -18       3.1201319709E-005
#     18   -17       1.9405790742E-004
#     18   -16       1.3770562930E-005
#     18   -15       3.8859499250E-004
#     18   -14       1.0121795586E-004
#     18   -13       4.2938044485E-006
#     18   -12       2.1113377246E-006
#     18   -11       9.1298095479E-005
#     18   -10       7.1597553239E-005
#     18    -9       4.9151852555E-005
#     18    -8       2.4154114770E-005
#     18    -7       1.7631577897E-004
#     18    -6       3.9308400983E-005
#     18    -5       2.4933505355E-004
#     18    -4       1.2774087827E-004
#     18    -3       3.7011863239E-005
#     18    -2       3.6849281760E-004
#     18    -1       1.0157127140E-004
#     18     0       8.3509594124E-006
#     18     1       5.4663805485E-006
#     18     2       1.3060143329E-004
#     18     3       1.3984949635E-005
#     18     4       1.0004315078E-004
#     18     5       1.2229051855E-004
#     18     6       1.7751797966E-005
#     18     7       7.9350126617E-005
#     18     8       2.1281263684E-005
#     18     9       1.5371161624E-005
#     19   -27       2.8205440557E-005
#     19   -26       1.0405410498E-005
#     19   -25       4.8360305601E-005
#     19   -24       1.3843924376E-004
#     19   -23       2.7467395672E-005
#     19   -22       1.0231055322E-004
#     19   -21       2.7872844031E-006
#     19   -20       7.7243251450E-005
#     19   -19       1.5959057541E-004
#     19   -18       1.3165474643E-004
#     19   -17       1.3919661802E-004
#     19   -16       2.9566117721E-004
#     19   -15       7.3174224512E-005
#     19   -14       1.0323882045E-006
#     19   -13       1.4517788821E-004
#     19   -12       2.8728603262E-006
#     19   -11       2.4899918197E-004
#     19   -10       1.6759738335E-005
#     19    -9       4.3150403960E-005
#     19    -8       2.0769298090E-004
#     19    -7       1.5247371590E-004
#     19    -6       3.3939674041E-005
#     19    -5       1.5616038895E-004
#     19    -4       9.7498979688E-006
#     19    -3       1.0565832335E-004
#     19    -2       1.8768035549E-004
#     19    -1       2.7663245288E-004
#     19     0       1.6499958137E-005
#     19     1       1.3210069633E-004
#     19     2       2.1315101939E-004
#     19     3       5.5816875057E-005
#     19     4       2.0877095990E-004
#     19     5       3.9853525951E-005
#     19     6       1.3358221567E-004
#     19     7       2.2764358931E-005
#     19     8       5.0619944359E-005
#     20   -27       2.3912745039E-005
#     20   -26       6.0321082160E-005
#     20   -25       5.1019162842E-004
#     20   -24       2.9998536458E-004
#     20   -23       4.7396828650E-006
#     20   -22       1.5154133488E-005
#     20   -21       4.8535012479E-005
#     20   -20       6.5990595918E-003
#     20   -19       7.0865863996E-005
#     20   -18       5.8924805085E-005
#     20   -17       1.7333740513E-005
#     20   -16       9.8497541431E-005
#     20   -15       1.1151554851E-002
#     20   -14       4.1110967808E-005
#     20   -13       1.3253277037E-005
#     20   -12       2.9998168861E-005
#     20   -11       2.1440611678E-004
#     20   -10       5.6808463421E-003
#     20    -9       1.6382082603E-005
#     20    -8       7.0424491149E-005
#     20    -7       1.7601676249E-004
#     20    -6       2.1348331781E-005
#     20    -5       6.2540958237E-003
#     20    -4       7.0739680951E-005
#     20    -3       2.3986835510E-005
#     20    -2       1.0976671912E-004
#     20    -1       6.2743814861E-005
#     20     0       1.5120105348E-003
#     20     1       8.4002464544E-005
#     20     2       1.4698885983E-004
#     20     3       4.8363477594E-005
#     20     4       1.4671647577E-004
#     20     5       2.1312933726E-004
#     20     6       3.2137801542E-005
#     20     7       4.2179231716E-005
#     21   -26       4.1978180207E-005
#     21   -25       3.7261655753E-005
#     21   -24       1.8104613941E-005
#     21   -23       1.2789796306E-004
#     21   -22       1.6519554793E-004
#     21   -21       5.2996728039E-005
#     21   -20       3.3235973184E-004
#     21   -19       4.6672189548E-005
#     21   -18       2.7925979972E-005
#     21   -17       5.1952704098E-005
#     21   -16       7.6207068801E-006
#     21   -15       1.7082352936E-004
#     21   -14       1.3387358971E-004
#     21   -13       1.1739256965E-004
#     21   -12       1.9699622375E-005
#     21   -11       4.2428808180E-005
#     21   -10       8.3100948689E-005
#     21    -9       1.5901489382E-004
#     21    -8       4.3272576020E-005
#     21    -7       1.7941663039E-004
#     21    -6       2.6575286995E-005
#     21    -5       2.4496162155E-004
#     21    -4       2.6904603195E-006
#     21    -3       1.0917451741E-006
#     21    -2       2.1104515143E-004
#     21    -1       1.3923503886E-004
#     21     0       3.3007248007E-004
#     21     1       6.1960406616E-005
#     21     2       2.5238334719E-005
#     21     3       6.2126287252E-005
#     21     4       1.2401744165E-005
#     21     5       1.5165452551E-005
#     22   -26       3.0683705470E-007
#     22   -25       5.1727594220E-005
#     22   -24       2.1368371839E-004
#     22   -23       5.1117542427E-005
#     22   -22       2.2484533986E-004
#     22   -21       1.1451738355E-005
#     22   -20       2.5497341582E-006
#     22   -19       1.6165295866E-004
#     22   -18       1.0201171560E-004
#     22   -17       2.7881627807E-005
#     22   -16       1.2442975300E-004
#     22   -15       3.7288617810E-006
#     22   -14       4.1795800873E-005
#     22   -13       7.7640191109E-006
#     22   -12       1.2071989412E-006
#     22   -11       2.0772785619E-004
#     22   -10       8.1536446003E-005
#     22    -9       3.0570389696E-004
#     22    -8       6.0710841672E-005
#     22    -7       7.0074178554E-005
#     22    -6       1.2584847756E-006
#     22    -5       1.5989170178E-004
#     22    -4       1.1090327988E-004
#     22    -3       6.3041742723E-005
#     22    -2       1.2798529272E-004
#     22    -1       5.6383544498E-005
#     22     0       2.2692006706E-005
#     22     1       1.2792870295E-004
#     22     2       6.5178334983E-005
#     22     3       7.5099860567E-006
#     22     4       5.2151732467E-005
#     23   -25       9.4210303280E-005
#     23   -24       1.6467155680E-004
#     23   -23       2.4845363356E-005
#     23   -22       1.0470350345E-005
#     23   -21       9.0645486933E-005
#     23   -20       2.5332945900E-004
#     23   -19       7.0382821273E-005
#     23   -18       1.6346668883E-004
#     23   -17       2.0779024863E-005
#     23   -16       9.3127364424E-005
#     23   -15       8.8366041580E-005
#     23   -14       4.4019009455E-005
#     23   -13       5.3193445901E-005
#     23   -12       2.9252857317E-005
#     23   -11       2.0717666039E-004
#     23   -10       1.1145082585E-004
#     23    -9       4.2158532429E-005
#     23    -8       3.6527701749E-005
#     23    -7       8.4260968017E-005
#     23    -6       7.6174304714E-005
#     23    -5       1.9796902239E-004
#     23    -4       8.0330509821E-005
#     23    -3       1.4658979177E-004
#     23    -2       2.6807445396E-005
#     23    -1       1.3192841912E-005
#     23     0       1.2849801235E-004
#     23     1       4.2236213006E-005
#     23     2       1.8097046251E-004
#     24   -24       4.5898129469E-006
#     24   -23       3.0123471791E-005
#     24   -22       2.3864172832E-004
#     24   -21       5.1848940385E-005
#     24   -20       3.9755858964E-004
#     24   -19       2.7288037478E-006
#     24   -18       2.9261174696E-005
#     24   -17       1.7423982503E-005
#     24   -16       4.5042959764E-005
#     24   -15       7.8057979860E-005
#     24   -14       5.7241037227E-005
#     24   -13       1.1343842461E-004
#     24   -12       2.0675096269E-005
#     24   -11       4.2257047241E-006
#     24   -10       5.6378269360E-006
#     24    -9       6.1930947400E-005
#     24    -8       1.2701950774E-004
#     24    -7       1.9440478789E-004
#     24    -6       3.8880389331E-007
#     24    -5       1.0106417016E-004
#     24    -4       2.3965865788E-005
#     24    -3       9.0900918495E-006
#     24    -2       2.6452952143E-004
#     24    -1       2.3508205742E-005
#     24     0       1.1563541826E-004
#     25   -23       4.2628498393E-005
#     25   -22       8.6319393269E-005
#     25   -21       3.2119751560E-005
#     25   -20       6.3827970573E-004
#     25   -19       7.2355989156E-005
#     25   -18       6.4755614935E-005
#     25   -17       1.9840822870E-005
#     25   -16       1.1784856018E-004
#     25   -15       1.1350992330E-003
#     25   -14       1.6622857317E-005
#     25   -13       7.9875405994E-006
#     25   -12       2.9901354919E-006
#     25   -11       4.3856700019E-005
#     25   -10       5.1615193747E-004
#     25    -9       9.8478779428E-005
#     25    -8       1.4861470624E-005
#     25    -7       4.9962838530E-005
#     25    -6       6.5797795434E-005
#     25    -5       2.5239889066E-004
#     25    -4       3.7498808968E-005
#     25    -3       6.9315099659E-005
#     25    -2       1.7329135523E-004
#     26   -22       5.9317172227E-006
#     26   -21       4.1896177578E-006
#     26   -20       1.1668620538E-004
#     26   -19       3.1555073800E-005
