 Diffraction intensities for potential:ga5x5_20D10009.in                       
#    -28    13       4.2189860244E-005
#    -28    14       2.7422533190E-004
#    -28    15       5.5199835707E-005
#    -27     7       1.8149538081E-004
#    -27     8       1.7785771038E-004
#    -27     9       5.6326508115E-005
#    -27    10       2.7016112488E-004
#    -27    11       8.3024795704E-006
#    -27    12       3.2687188525E-004
#    -27    13       2.4291154926E-004
#    -27    14       6.0728732643E-006
#    -27    15       1.4592928387E-004
#    -27    16       3.1454053827E-005
#    -27    17       1.3671141434E-004
#    -27    18       3.7900276316E-005
#    -27    19       3.6725414785E-005
#    -27    20       7.9941116036E-006
#    -26     4       3.9431711627E-005
#    -26     5       1.5912191626E-004
#    -26     6       1.2432603672E-004
#    -26     7       6.3707648989E-004
#    -26     8       2.5386633387E-004
#    -26     9       1.8918144568E-004
#    -26    10       2.2816381408E-005
#    -26    11       1.6542263879E-004
#    -26    12       4.7258135427E-005
#    -26    13       2.5541059527E-005
#    -26    14       2.2509036793E-004
#    -26    15       1.1877825734E-004
#    -26    16       1.2404772582E-004
#    -26    17       2.8436779693E-004
#    -26    18       2.2113594974E-004
#    -26    19       3.9696900982E-005
#    -26    20       1.9338836082E-004
#    -26    21       1.0428732614E-004
#    -26    22       6.0666932386E-005
#    -25     2       2.5152976154E-004
#    -25     3       8.6703312062E-005
#    -25     4       1.8446997961E-004
#    -25     5       2.8175972024E-004
#    -25     6       2.2765047572E-004
#    -25     7       2.7419548609E-004
#    -25     8       1.7719493371E-004
#    -25     9       3.5466500197E-004
#    -25    10       3.6269409834E-004
#    -25    11       4.0567476050E-005
#    -25    12       2.9209740959E-004
#    -25    13       2.3936517703E-004
#    -25    14       7.7980194524E-004
#    -25    15       7.9665296254E-004
#    -25    16       4.2629751621E-005
#    -25    17       2.0859605114E-004
#    -25    18       1.2917879049E-005
#    -25    19       7.7270585377E-004
#    -25    20       7.4798471913E-004
#    -25    21       3.4167923740E-004
#    -25    22       3.8533857470E-005
#    -25    23       2.5078438315E-005
#    -24     0       6.4042653295E-005
#    -24     1       9.4163087571E-005
#    -24     2       8.1220748087E-005
#    -24     3       3.9183853174E-004
#    -24     4       5.1028382782E-004
#    -24     5       1.8630855862E-004
#    -24     6       6.8910106269E-005
#    -24     7       4.4302461200E-005
#    -24     8       2.8310243861E-004
#    -24     9       8.7622369722E-005
#    -24    10       3.3361574374E-004
#    -24    11       5.3759922658E-005
#    -24    12       7.8417120704E-005
#    -24    13       9.6687354347E-005
#    -24    14       8.6073544102E-004
#    -24    15       2.4976706717E-004
#    -24    16       5.0783733642E-005
#    -24    17       3.6466218118E-004
#    -24    18       1.6326137307E-004
#    -24    19       4.2136960607E-005
#    -24    20       4.9616528387E-004
#    -24    21       1.4957417225E-004
#    -24    22       9.7284704854E-005
#    -24    23       9.0178578038E-004
#    -24    24       8.1120005394E-005
#    -23    -2       7.2070514129E-005
#    -23    -1       2.0740024962E-005
#    -23     0       1.5469603798E-004
#    -23     1       2.6450332740E-004
#    -23     2       4.6081660166E-004
#    -23     3       6.0021329513E-005
#    -23     4       5.6991874370E-005
#    -23     5       9.3182825275E-005
#    -23     6       1.9384167720E-004
#    -23     7       1.9663499080E-004
#    -23     8       5.8372308981E-004
#    -23     9       3.2691761359E-004
#    -23    10       7.2064874910E-004
#    -23    11       1.2346653582E-004
#    -23    12       2.0050062497E-004
#    -23    13       1.8703019210E-004
#    -23    14       2.2796989041E-005
#    -23    15       6.0994040852E-005
#    -23    16       4.0063602577E-005
#    -23    17       1.2512650048E-004
#    -23    18       1.0832822129E-004
#    -23    19       2.6145421651E-004
#    -23    20       3.0060016089E-004
#    -23    21       1.0397963061E-004
#    -23    22       6.0525294366E-005
#    -23    23       1.7931535033E-005
#    -23    24       7.3661710105E-005
#    -23    25       1.3132268300E-004
#    -22    -4       1.4834229879E-004
#    -22    -3       1.6645049492E-005
#    -22    -2       3.7379147876E-004
#    -22    -1       7.4202678577E-005
#    -22     0       1.2202034933E-004
#    -22     1       4.8386579372E-005
#    -22     2       4.9642048126E-004
#    -22     3       5.6010651506E-004
#    -22     4       1.5899360952E-004
#    -22     5       4.3494793901E-004
#    -22     6       1.8409290397E-004
#    -22     7       1.0505540119E-004
#    -22     8       3.3255030048E-004
#    -22     9       2.1685535485E-005
#    -22    10       2.3586771209E-004
#    -22    11       1.9846039185E-004
#    -22    12       1.5009033106E-004
#    -22    13       3.3317171837E-004
#    -22    14       8.1371573370E-004
#    -22    15       2.3886128206E-004
#    -22    16       1.5696258470E-004
#    -22    17       7.2606749392E-005
#    -22    18       2.5748838333E-005
#    -22    19       1.9250988414E-004
#    -22    20       5.2075568273E-004
#    -22    21       9.0738565792E-005
#    -22    22       1.4923239856E-005
#    -22    23       1.2832453775E-004
#    -22    24       2.0039494064E-004
#    -22    25       6.8981225588E-005
#    -22    26       1.8935072320E-005
#    -21    -5       1.5450300682E-005
#    -21    -4       1.4551106979E-005
#    -21    -3       4.9069276504E-004
#    -21    -2       9.1566405600E-005
#    -21    -1       2.2712939907E-004
#    -21     0       1.4283374167E-004
#    -21     1       1.5172245730E-005
#    -21     2       7.1725736660E-005
#    -21     3       7.2531739164E-004
#    -21     4       4.5986534392E-004
#    -21     5       4.0419421395E-004
#    -21     6       4.4266194308E-006
#    -21     7       5.4753957648E-005
#    -21     8       8.3497202321E-005
#    -21     9       5.2819872758E-004
#    -21    10       5.3211735837E-005
#    -21    11       3.0649145631E-004
#    -21    12       2.0664631893E-004
#    -21    13       2.2117527017E-005
#    -21    14       4.5030820971E-005
#    -21    15       1.1572426569E-004
#    -21    16       6.8131121347E-004
#    -21    17       4.0342604808E-004
#    -21    18       7.1966563950E-005
#    -21    19       4.3079446774E-004
#    -21    20       5.2360818317E-004
#    -21    21       7.0032971582E-005
#    -21    22       1.6961925259E-004
#    -21    23       2.2710641146E-004
#    -21    24       1.0041937738E-004
#    -21    25       4.7632311884E-004
#    -21    26       1.4798524570E-004
#    -20    -7       4.6201189769E-005
#    -20    -6       8.8582838895E-006
#    -20    -5       7.4511172123E-004
#    -20    -4       2.5594523470E-004
#    -20    -3       2.2331399647E-004
#    -20    -2       2.2724779322E-004
#    -20    -1       2.1961804852E-004
#    -20     0       2.5690088026E-003
#    -20     1       1.7840132720E-004
#    -20     2       1.8128726470E-004
#    -20     3       6.8469317405E-006
#    -20     4       3.0701588672E-004
#    -20     5       4.1452686728E-003
#    -20     6       1.2497373740E-004
#    -20     7       1.8116618909E-004
#    -20     8       5.7040303210E-004
#    -20     9       8.6644368891E-005
#    -20    10       1.9180582922E-003
#    -20    11       1.8027739364E-004
#    -20    12       3.3225591000E-004
#    -20    13       3.6950094945E-005
#    -20    14       2.6043646919E-004
#    -20    15       4.7844510028E-003
#    -20    16       6.4279295471E-004
#    -20    17       2.7581714521E-004
#    -20    18       1.1041400218E-003
#    -20    19       1.4772650640E-005
#    -20    20       1.2207111226E-003
#    -20    21       4.8796167642E-005
#    -20    22       5.4033554558E-004
#    -20    23       2.3890815857E-005
#    -20    24       2.2600018377E-004
#    -20    25       4.9736547654E-004
#    -20    26       5.9444906373E-005
#    -20    27       8.0756204384E-006
#    -19    -8       2.2446092656E-004
#    -19    -7       1.8412766670E-004
#    -19    -6       1.1569434818E-004
#    -19    -5       4.2101903079E-004
#    -19    -4       1.9887863040E-004
#    -19    -3       3.0857568654E-005
#    -19    -2       4.0368635349E-005
#    -19    -1       4.6807071718E-004
#    -19     0       7.6698556666E-004
#    -19     1       1.8142931785E-004
#    -19     2       3.7079526976E-004
#    -19     3       6.4833081443E-005
#    -19     4       6.4682653311E-005
#    -19     5       1.3937979384E-003
#    -19     6       3.2727550572E-004
#    -19     7       7.7176254680E-004
#    -19     8       2.0256360345E-004
#    -19     9       3.2751761430E-005
#    -19    10       9.4530149798E-005
#    -19    11       1.0344299395E-004
#    -19    12       4.2622907185E-004
#    -19    13       1.8220515480E-003
#    -19    14       3.5496850659E-004
#    -19    15       3.9175532159E-004
#    -19    16       1.8194158190E-005
#    -19    17       8.8847181940E-004
#    -19    18       3.5710548485E-004
#    -19    19       5.5442774318E-004
#    -19    20       2.3169985362E-004
#    -19    21       2.8590376789E-005
#    -19    22       2.9678885566E-004
#    -19    23       1.1169203103E-004
#    -19    24       2.0501008361E-005
#    -19    25       2.1129986640E-004
#    -19    26       2.3747642804E-004
#    -19    27       2.0004960414E-004
#    -18    -9       2.7812903413E-005
#    -18    -8       6.5486177009E-005
#    -18    -7       8.0939488241E-006
#    -18    -6       5.1177625971E-005
#    -18    -5       2.8993922830E-004
#    -18    -4       1.2652508969E-004
#    -18    -3       1.6023732496E-004
#    -18    -2       4.2772704354E-006
#    -18    -1       3.2231001760E-004
#    -18     0       2.9238332329E-005
#    -18     1       4.6986223383E-005
#    -18     2       1.3266515867E-004
#    -18     3       8.0879206185E-005
#    -18     4       3.6483401115E-004
#    -18     5       9.4509176927E-005
#    -18     6       7.1848639974E-006
#    -18     7       2.4787395014E-004
#    -18     8       3.0010308711E-004
#    -18     9       1.9141816040E-004
#    -18    10       9.1173429887E-005
#    -18    11       3.8398342290E-004
#    -18    12       5.5743232422E-005
#    -18    13       6.3698270888E-005
#    -18    14       1.8506548516E-004
#    -18    15       7.3162689950E-005
#    -18    16       3.7109507492E-004
#    -18    17       2.3965546452E-005
#    -18    18       2.5126797858E-004
#    -18    19       3.8565167162E-005
#    -18    20       1.9535050043E-004
#    -18    21       3.3439637832E-005
#    -18    22       1.3107277002E-004
#    -18    23       1.3672168258E-004
#    -18    24       9.9749713572E-005
#    -18    25       1.9849286063E-004
#    -18    26       6.2956544828E-006
#    -18    27       7.0681764424E-006
#    -17   -10       7.6261472002E-005
#    -17    -9       3.6967545567E-005
#    -17    -8       3.7452862114E-004
#    -17    -7       3.6053281995E-004
#    -17    -6       1.5665675084E-004
#    -17    -5       2.3726102185E-004
#    -17    -4       2.7281166178E-005
#    -17    -3       2.3853550225E-004
#    -17    -2       4.1198463908E-004
#    -17    -1       8.2560630276E-005
#    -17     0       5.5381948950E-004
#    -17     1       5.5644131375E-004
#    -17     2       7.4253761611E-005
#    -17     3       4.4156457560E-004
#    -17     4       3.0737463946E-005
#    -17     5       3.8206218333E-004
#    -17     6       4.9600335569E-004
#    -17     7       8.5888981206E-005
#    -17     8       8.1684218775E-005
#    -17     9       3.3665321936E-004
#    -17    10       5.3998443821E-004
#    -17    11       1.3599372511E-004
#    -17    12       6.3468402617E-004
#    -17    13       8.7814406789E-005
#    -17    14       6.7294191089E-004
#    -17    15       2.2651474699E-004
#    -17    16       8.3808034711E-004
#    -17    17       2.2490257817E-004
#    -17    18       9.7428007932E-005
#    -17    19       1.0364435562E-004
#    -17    20       2.5861028653E-004
#    -17    21       5.5981289123E-005
#    -17    22       1.9209959987E-004
#    -17    23       3.9554312268E-006
#    -17    24       3.4780014482E-004
#    -17    25       5.4853945486E-004
#    -17    26       1.5838213798E-004
#    -17    27       5.5025852129E-005
#    -16   -11       3.7075168008E-005
#    -16   -10       1.4867360529E-005
#    -16    -9       6.8558284036E-005
#    -16    -8       2.6028319562E-004
#    -16    -7       1.7412542429E-006
#    -16    -6       4.1886631884E-004
#    -16    -5       4.3850711809E-005
#    -16    -4       4.0446654303E-005
#    -16    -3       2.8902185144E-004
#    -16    -2       1.5624619181E-004
#    -16    -1       8.4093630154E-004
#    -16     0       1.0051297252E-003
#    -16     1       1.8925430736E-004
#    -16     2       1.3427713640E-004
#    -16     3       4.9068384168E-004
#    -16     4       4.9372808745E-004
#    -16     5       6.2475073348E-004
#    -16     6       4.2505268169E-004
#    -16     7       3.5778952951E-004
#    -16     8       1.9769113807E-004
#    -16     9       2.5976134908E-005
#    -16    10       3.5235907111E-005
#    -16    11       4.5669490518E-004
#    -16    12       9.8696085057E-004
#    -16    13       4.7108093819E-004
#    -16    14       7.5956058154E-005
#    -16    15       3.5774005360E-004
#    -16    16       6.3266221705E-005
#    -16    17       3.9844482657E-004
#    -16    18       1.1277760558E-004
#    -16    19       2.3346545378E-004
#    -16    20       6.2746138955E-004
#    -16    21       2.0222037386E-006
#    -16    22       1.9819189892E-004
#    -16    23       1.2729910411E-004
#    -16    24       1.5488534205E-004
#    -16    25       3.2658752416E-004
#    -16    26       2.4653521794E-004
#    -16    27       4.4370406979E-005
#    -15   -13       6.8754042760E-006
#    -15   -12       6.7961575711E-005
#    -15   -11       5.6502481013E-005
#    -15   -10       4.3959958517E-004
#    -15    -9       9.7020929160E-005
#    -15    -8       3.2670959012E-005
#    -15    -7       6.4091073673E-005
#    -15    -6       2.8492481295E-004
#    -15    -5       2.7377045371E-003
#    -15    -4       1.4653516458E-004
#    -15    -3       3.5229986668E-004
#    -15    -2       9.5767180556E-005
#    -15    -1       4.9523347964E-004
#    -15     0       1.5786309719E-002
#    -15     1       3.7871209737E-004
#    -15     2       5.4580542907E-005
#    -15     3       6.4540038190E-004
#    -15     4       7.4604462254E-004
#    -15     5       6.0093821479E-003
#    -15     6       5.0447057708E-004
#    -15     7       3.7284057974E-004
#    -15     8       7.5608422980E-005
#    -15     9       3.3081529671E-004
#    -15    10       9.4118822486E-003
#    -15    11       2.5759263373E-004
#    -15    12       1.2758119816E-003
#    -15    13       9.9458945253E-004
#    -15    14       9.5674033770E-004
#    -15    15       1.4853382896E-002
#    -15    16       8.3314186694E-005
#    -15    17       6.3707480207E-004
#    -15    18       2.9018894372E-004
#    -15    19       5.3421802973E-007
#    -15    20       2.8358403831E-003
#    -15    21       8.1403576966E-005
#    -15    22       5.0982821157E-004
#    -15    23       6.8956553378E-004
#    -15    24       3.5966556782E-004
#    -15    25       4.5423022493E-004
#    -15    26       8.7234302528E-005
#    -15    27       1.0353487720E-004
#    -15    28       6.3418713837E-005
#    -14   -14       9.7494531651E-005
#    -14   -13       1.0598139019E-005
#    -14   -12       4.1659048062E-004
#    -14   -11       3.3380158970E-004
#    -14   -10       7.3552938185E-004
#    -14    -9       7.3846654433E-004
#    -14    -8       1.2778845085E-004
#    -14    -7       2.7370482555E-004
#    -14    -6       7.0035193263E-004
#    -14    -5       5.2473675697E-004
#    -14    -4       1.5250111122E-004
#    -14    -3       2.9327951329E-004
#    -14    -2       3.3124791595E-004
#    -14    -1       1.1152788823E-003
#    -14     0       1.0095394897E-003
#    -14     1       1.6050240379E-004
#    -14     2       6.2918387785E-004
#    -14     3       4.0088782004E-004
#    -14     4       1.4381144154E-004
#    -14     5       8.2239514208E-004
#    -14     6       3.1534306950E-004
#    -14     7       1.7489907816E-004
#    -14     8       3.8095966654E-004
#    -14     9       5.4359408156E-004
#    -14    10       1.0162940352E-004
#    -14    11       7.0538581358E-005
#    -14    12       8.1106459743E-004
#    -14    13       4.2924509078E-004
#    -14    14       1.3410344508E-003
#    -14    15       5.3191641532E-004
#    -14    16       1.8712890668E-004
#    -14    17       6.6726212391E-004
#    -14    18       8.5020342697E-004
#    -14    19       2.1217718412E-004
#    -14    20       7.6339913420E-004
#    -14    21       7.1979033885E-005
#    -14    22       8.3161332586E-005
#    -14    23       2.7350905727E-004
#    -14    24       2.5816081732E-004
#    -14    25       1.1455053551E-005
#    -14    26       1.8597961537E-005
#    -14    27       5.1767979357E-005
#    -14    28       1.6178130470E-005
#    -13   -15       9.8592198363E-005
#    -13   -14       2.4599001313E-005
#    -13   -13       5.1138972244E-005
#    -13   -12       3.3029956930E-004
#    -13   -11       5.3714327231E-005
#    -13   -10       1.2173993635E-005
#    -13    -9       3.6863719694E-004
#    -13    -8       2.8469409313E-005
#    -13    -7       2.2614066863E-004
#    -13    -6       2.8627892821E-004
#    -13    -5       4.9378493811E-006
#    -13    -4       6.4997964805E-005
#    -13    -3       4.3275312517E-004
#    -13    -2       1.1751003291E-003
#    -13    -1       3.1931820182E-004
#    -13     0       2.8619487667E-004
#    -13     1       2.4160141877E-004
#    -13     2       3.8513814316E-004
#    -13     3       3.2704885554E-004
#    -13     4       5.8734123694E-004
#    -13     5       2.6673517472E-004
#    -13     6       4.0352636981E-005
#    -13     7       5.3686181420E-005
#    -13     8       3.2890042489E-004
#    -13     9       3.3887547435E-004
#    -13    10       4.9346793945E-005
#    -13    11       2.3400719577E-004
#    -13    12       6.4271643653E-005
#    -13    13       5.4730900558E-004
#    -13    14       1.5170557319E-005
#    -13    15       4.9957900466E-005
#    -13    16       3.2433399599E-004
#    -13    17       4.4826967205E-004
#    -13    18       1.1926674930E-004
#    -13    19       1.1887676444E-004
#    -13    20       9.5831073207E-005
#    -13    21       1.1905425793E-004
#    -13    22       1.6498648051E-004
#    -13    23       6.4149025072E-005
#    -13    24       6.9013337108E-005
#    -13    25       2.1870664437E-005
#    -13    26       8.2361164998E-006
#    -13    27       2.0802760067E-004
#    -13    28       2.6370251419E-005
#    -12   -15       1.5321651310E-004
#    -12   -14       2.4039489057E-005
#    -12   -13       1.6643205200E-004
#    -12   -12       2.5393811716E-004
#    -12   -11       6.5588791809E-005
#    -12   -10       1.6226406070E-005
#    -12    -9       3.5072828304E-005
#    -12    -8       8.4153411858E-005
#    -12    -7       3.4876289335E-005
#    -12    -6       3.2465908133E-005
#    -12    -5       2.2670817975E-004
#    -12    -4       6.7384692022E-005
#    -12    -3       2.2258989784E-004
#    -12    -2       3.1072167179E-005
#    -12    -1       5.6738613197E-004
#    -12     0       3.4176641284E-004
#    -12     1       8.2471435394E-004
#    -12     2       3.7940589402E-004
#    -12     3       3.3731483647E-004
#    -12     4       4.7092630135E-004
#    -12     5       3.0159458680E-004
#    -12     6       4.6747708521E-004
#    -12     7       3.1361316889E-005
#    -12     8       1.3241181855E-004
#    -12     9       7.3073290755E-004
#    -12    10       3.4020527273E-005
#    -12    11       1.3259228816E-004
#    -12    12       1.1639416633E-003
#    -12    13       6.2957790055E-004
#    -12    14       4.6107588971E-004
#    -12    15       1.9487520151E-004
#    -12    16       1.8336077965E-004
#    -12    17       4.5594830901E-004
#    -12    18       2.7169486498E-005
#    -12    19       2.9640985950E-004
#    -12    20       7.3425916938E-004
#    -12    21       6.5286167107E-004
#    -12    22       7.6939455941E-004
#    -12    23       3.9144580853E-004
#    -12    24       2.5811974693E-004
#    -12    25       3.5264841932E-004
#    -12    26       4.8834770785E-005
#    -12    27       7.1225693585E-005
#    -11   -16       8.6897227019E-005
#    -11   -15       3.9605982825E-005
#    -11   -14       5.3164535541E-005
#    -11   -13       2.2620119720E-004
#    -11   -12       3.5964484458E-005
#    -11   -11       1.2763495934E-004
#    -11   -10       1.6533267242E-004
#    -11    -9       1.1532004280E-004
#    -11    -8       2.2389543076E-004
#    -11    -7       9.9587163891E-005
#    -11    -6       2.2218742718E-004
#    -11    -5       1.4642165219E-003
#    -11    -4       2.1798291766E-005
#    -11    -3       1.0054689540E-003
#    -11    -2       1.5543205258E-004
#    -11    -1       7.9640905560E-004
#    -11     0       1.4391449623E-003
#    -11     1       4.6487728366E-004
#    -11     2       4.9779741689E-004
#    -11     3       8.2568886189E-005
#    -11     4       2.5162849665E-004
#    -11     5       8.9592659169E-006
#    -11     6       1.5520809891E-004
#    -11     7       5.2701252932E-004
#    -11     8       1.1290717464E-004
#    -11     9       5.9362814692E-004
#    -11    10       1.1400414502E-003
#    -11    11       3.1874283364E-004
#    -11    12       2.3241727326E-004
#    -11    13       2.0927830228E-004
#    -11    14       2.6667046218E-004
#    -11    15       1.5374136611E-005
#    -11    16       3.0444318050E-004
#    -11    17       2.4112066711E-004
#    -11    18       3.3893588272E-004
#    -11    19       8.9381864147E-004
#    -11    20       1.5616092891E-004
#    -11    21       1.4961804610E-005
#    -11    22       1.9381401021E-004
#    -11    23       2.4035330693E-004
#    -11    24       3.2262234755E-005
#    -11    25       5.8097070240E-005
#    -11    26       1.3466560842E-005
#    -11    27       2.9051499140E-005
#    -10   -17       2.0838816570E-006
#    -10   -16       1.0365878433E-004
#    -10   -15       1.6607326589E-004
#    -10   -14       1.7768924663E-004
#    -10   -13       8.7248412902E-005
#    -10   -12       9.7654730196E-005
#    -10   -11       4.3611209780E-004
#    -10   -10       1.1663152160E-003
#    -10    -9       1.9170168031E-004
#    -10    -8       2.8060682723E-004
#    -10    -7       8.7259158106E-005
#    -10    -6       8.4593826556E-004
#    -10    -5       5.1050709972E-003
#    -10    -4       3.0666390752E-004
#    -10    -3       4.5269175214E-004
#    -10    -2       4.7617552213E-005
#    -10    -1       5.5102058514E-005
#    -10     0       4.8416574095E-003
#    -10     1       1.6573574689E-004
#    -10     2       7.3831988893E-005
#    -10     3       1.9892102388E-004
#    -10     4       3.3481506110E-004
#    -10     5       2.8423664909E-003
#    -10     6       2.1746368995E-005
#    -10     7       6.8773440162E-004
#    -10     8       1.9958110841E-004
#    -10     9       4.4594407155E-005
#    -10    10       2.4422416913E-002
#    -10    11       4.8878770810E-004
#    -10    12       4.0758590594E-004
#    -10    13       7.1910480492E-004
#    -10    14       7.3740107962E-005
#    -10    15       1.0880149159E-002
#    -10    16       4.1825126300E-004
#    -10    17       9.6709777141E-004
#    -10    18       1.6015249948E-003
#    -10    19       7.8165006959E-004
#    -10    20       2.1323790322E-003
#    -10    21       4.7948211435E-004
#    -10    22       1.8736226725E-004
#    -10    23       4.2869220027E-004
#    -10    24       6.6386150763E-004
#    -10    25       8.8371022695E-004
#    -10    26       3.6722538883E-005
#    -10    27       2.3466099629E-005
#     -9   -18       8.6471153730E-006
#     -9   -17       1.4613360073E-004
#     -9   -16       2.1409629945E-006
#     -9   -15       1.2364783848E-004
#     -9   -14       6.9748104755E-005
#     -9   -13       1.3482826309E-004
#     -9   -12       1.7680181909E-004
#     -9   -11       7.0849898500E-005
#     -9   -10       2.3344829958E-004
#     -9    -9       8.4675547802E-005
#     -9    -8       6.0176010012E-005
#     -9    -7       3.9403311300E-004
#     -9    -6       1.8286019617E-004
#     -9    -5       3.5550255945E-004
#     -9    -4       7.4911290210E-004
#     -9    -3       2.7979884170E-006
#     -9    -2       5.4978510647E-005
#     -9    -1       8.4734482778E-004
#     -9     0       4.0618271693E-004
#     -9     1       2.4918281824E-004
#     -9     2       3.5692854585E-005
#     -9     3       3.7232871373E-004
#     -9     4       2.6086846758E-004
#     -9     5       5.9226065818E-004
#     -9     6       2.5019570825E-004
#     -9     7       2.3471475330E-004
#     -9     8       1.1828816287E-004
#     -9     9       4.5891504345E-005
#     -9    10       1.2189975073E-003
#     -9    11       6.7302288778E-004
#     -9    12       1.4823361154E-004
#     -9    13       8.3380334650E-004
#     -9    14       5.1155712901E-005
#     -9    15       3.1517401797E-006
#     -9    16       9.9041736849E-005
#     -9    17       3.8924301108E-004
#     -9    18       1.9072635414E-004
#     -9    19       1.2805510963E-004
#     -9    20       4.5841703553E-004
#     -9    21       1.9251401326E-005
#     -9    22       9.8249555355E-005
#     -9    23       1.5289369365E-005
#     -9    24       2.9217412893E-005
#     -9    25       9.8751237416E-005
#     -9    26       7.3094976943E-005
#     -9    27       2.3321139561E-004
#     -8   -19       7.6791417449E-005
#     -8   -18       5.5249416284E-005
#     -8   -17       2.1526030835E-004
#     -8   -16       3.4437113990E-004
#     -8   -15       1.8463771944E-005
#     -8   -14       3.5166060080E-005
#     -8   -13       3.3166248328E-004
#     -8   -12       1.1291497138E-004
#     -8   -11       3.3478707138E-004
#     -8   -10       3.9321181315E-004
#     -8    -9       1.3318703527E-005
#     -8    -8       6.3153918030E-005
#     -8    -7       3.1346843053E-004
#     -8    -6       4.7972017690E-004
#     -8    -5       2.0654629028E-004
#     -8    -4       1.6224846888E-004
#     -8    -3       3.7601399856E-004
#     -8    -2       1.6702844251E-004
#     -8    -1       8.7804448718E-004
#     -8     0       5.8947484636E-005
#     -8     1       1.2956155884E-004
#     -8     2       1.0463521202E-003
#     -8     3       4.8205674624E-004
#     -8     4       1.8457958791E-005
#     -8     5       8.8326571218E-005
#     -8     6       2.2908137420E-004
#     -8     7       3.8378246901E-004
#     -8     8       1.5907170607E-004
#     -8     9       2.1670370333E-004
#     -8    10       4.1805296853E-004
#     -8    11       2.2848364502E-004
#     -8    12       4.0935162998E-004
#     -8    13       6.9842417040E-007
#     -8    14       3.0658224389E-006
#     -8    15       3.8475979166E-005
#     -8    16       5.6880249075E-005
#     -8    17       2.1956691835E-004
#     -8    18       3.3167918856E-005
#     -8    19       3.3028461901E-004
#     -8    20       7.2071115962E-005
#     -8    21       4.1236833645E-005
#     -8    22       5.2123128763E-004
#     -8    23       9.1942241566E-005
#     -8    24       1.2807720477E-005
#     -8    25       1.0665732409E-004
#     -8    26       1.0131112939E-004
#     -8    27       5.7306354065E-005
#     -7   -20       3.9914064263E-005
#     -7   -19       6.4378336634E-005
#     -7   -18       2.5671389127E-004
#     -7   -17       7.4684157796E-005
#     -7   -16       3.6783172588E-005
#     -7   -15       2.5337742797E-005
#     -7   -14       1.2311850328E-004
#     -7   -13       9.8885057644E-005
#     -7   -12       2.0003549629E-004
#     -7   -11       7.1242313862E-006
#     -7   -10       6.2205351103E-005
#     -7    -9       4.0968584841E-005
#     -7    -8       7.9752635168E-005
#     -7    -7       1.2303024582E-006
#     -7    -6       1.4642847358E-004
#     -7    -5       1.5701143720E-004
#     -7    -4       2.6080129910E-004
#     -7    -3       2.8729146880E-004
#     -7    -2       9.1548814650E-004
#     -7    -1       1.1700893083E-004
#     -7     0       2.4102458317E-005
#     -7     1       5.8474262151E-004
#     -7     2       1.7504024261E-004
#     -7     3       2.2802074263E-004
#     -7     4       6.1756417706E-004
#     -7     5       1.6279557445E-004
#     -7     6       2.4664172691E-004
#     -7     7       1.4398045472E-004
#     -7     8       1.2635819239E-003
#     -7     9       3.1286630132E-004
#     -7    10       5.9563343820E-005
#     -7    11       9.1281697082E-004
#     -7    12       2.3142804750E-005
#     -7    13       3.0328595141E-004
#     -7    14       1.4593620920E-004
#     -7    15       2.8499075995E-004
#     -7    16       4.5807945033E-004
#     -7    17       3.6701175702E-004
#     -7    18       2.1367293429E-004
#     -7    19       5.7837348951E-005
#     -7    20       2.7046512777E-004
#     -7    21       1.6556532154E-004
#     -7    22       3.5180060785E-004
#     -7    23       5.3631638376E-005
#     -7    24       5.2243761555E-004
#     -7    25       2.3714317624E-004
#     -7    26       2.0306889992E-005
#     -7    27       1.3105996240E-004
#     -6   -20       1.7311536229E-004
#     -6   -19       6.5751461485E-005
#     -6   -18       1.5129470294E-004
#     -6   -17       1.4475934612E-004
#     -6   -16       1.3787569337E-004
#     -6   -15       1.0676613945E-004
#     -6   -14       5.2886887403E-005
#     -6   -13       5.3116125323E-006
#     -6   -12       1.1691512562E-004
#     -6   -11       3.5379650357E-004
#     -6   -10       2.6939484540E-004
#     -6    -9       4.3767758327E-005
#     -6    -8       1.0855104404E-004
#     -6    -7       3.7511637301E-005
#     -6    -6       2.0145456368E-004
#     -6    -5       6.8938663761E-004
#     -6    -4       2.8424823606E-004
#     -6    -3       3.2917287475E-004
#     -6    -2       2.0990187541E-004
#     -6    -1       3.3777695905E-004
#     -6     0       1.0473366008E-004
#     -6     1       8.0066542665E-006
#     -6     2       3.0121619123E-004
#     -6     3       1.9176255800E-004
#     -6     4       7.5962056095E-005
#     -6     5       8.6557315453E-007
#     -6     6       1.7780283235E-004
#     -6     7       8.5149353261E-004
#     -6     8       7.4141240622E-005
#     -6     9       2.2160363436E-004
#     -6    10       7.3048485524E-004
#     -6    11       3.7475497317E-005
#     -6    12       1.3367753226E-004
#     -6    13       6.7403742829E-005
#     -6    14       1.0292158522E-003
#     -6    15       2.3486890954E-004
#     -6    16       5.4734304918E-004
#     -6    17       3.4318420919E-004
#     -6    18       1.0528774590E-004
#     -6    19       5.2625962075E-004
#     -6    20       1.2958429231E-005
#     -6    21       4.2457997464E-004
#     -6    22       6.1919344133E-005
#     -6    23       1.1729605208E-004
#     -6    24       1.8161326030E-006
#     -6    25       4.1083868504E-004
#     -6    26       3.7354177832E-006
#     -5   -21       4.7473799806E-005
#     -5   -20       3.6083891518E-004
#     -5   -19       6.9843429587E-005
#     -5   -18       3.0479847392E-004
#     -5   -17       2.2857195739E-004
#     -5   -16       1.6061903654E-004
#     -5   -15       3.7560564834E-003
#     -5   -14       2.6927135715E-005
#     -5   -13       7.5553394285E-006
#     -5   -12       1.3940883818E-004
#     -5   -11       2.2447540293E-004
#     -5   -10       7.1202512531E-003
#     -5    -9       4.8290981851E-005
#     -5    -8       1.7916626245E-004
#     -5    -7       3.1570948876E-004
#     -5    -6       1.0858056382E-004
#     -5    -5       2.5597953263E-003
#     -5    -4       3.0441922932E-005
#     -5    -3       3.5357108087E-004
#     -5    -2       5.0805435562E-005
#     -5    -1       7.1983323727E-005
#     -5     0       1.5902143337E-002
#     -5     1       7.2341827971E-004
#     -5     2       6.6476660541E-005
#     -5     3       2.0470617809E-004
#     -5     4       1.9599601820E-004
#     -5     5       3.2267035319E-003
#     -5     6       2.3802247590E-004
#     -5     7       4.7228841682E-005
#     -5     8       5.6839904683E-004
#     -5     9       6.7402133663E-004
#     -5    10       1.9365760874E-003
#     -5    11       1.8395712347E-004
#     -5    12       4.4757590067E-005
#     -5    13       4.1080056304E-005
#     -5    14       1.9575145229E-004
#     -5    15       6.2860468134E-003
#     -5    16       7.2308397316E-005
#     -5    17       2.6438882080E-004
#     -5    18       7.7452137958E-005
#     -5    19       2.4714766300E-004
#     -5    20       6.5889360114E-003
#     -5    21       5.2041734517E-005
#     -5    22       2.2250661713E-005
#     -5    23       7.8324021987E-006
#     -5    24       7.9624618481E-005
#     -5    25       1.1296703378E-003
#     -5    26       6.6947081856E-006
#     -4   -22       1.8690748770E-004
#     -4   -21       1.1105531679E-004
#     -4   -20       1.3811275148E-004
#     -4   -19       5.7226700935E-005
#     -4   -18       8.5114422080E-005
#     -4   -17       1.3641813768E-004
#     -4   -16       1.5027370710E-005
#     -4   -15       2.2653654583E-004
#     -4   -14       1.9688618287E-004
#     -4   -13       5.0002305466E-005
#     -4   -12       1.2747883894E-004
#     -4   -11       1.1957878970E-004
#     -4   -10       7.6902888556E-004
#     -4    -9       4.6619664882E-004
#     -4    -8       1.0757414732E-003
#     -4    -7       1.2658546143E-004
#     -4    -6       8.1296851934E-004
#     -4    -5       1.0172859319E-003
#     -4    -4       1.6364325223E-004
#     -4    -3       1.0507503014E-004
#     -4    -2       3.0493128283E-005
#     -4    -1       2.2898299250E-004
#     -4     0       7.5407128718E-004
#     -4     1       1.3705093276E-004
#     -4     2       1.8322371397E-006
#     -4     3       2.7620969968E-004
#     -4     4       2.6046549703E-004
#     -4     5       6.2431792701E-004
#     -4     6       4.2334162385E-004
#     -4     7       8.7148489802E-004
#     -4     8       1.2014799056E-004
#     -4     9       6.0577558731E-004
#     -4    10       3.7886267599E-004
#     -4    11       5.8980673189E-004
#     -4    12       1.5310281975E-005
#     -4    13       1.6200813219E-004
#     -4    14       1.3176028738E-004
#     -4    15       1.6279182256E-004
#     -4    16       2.6113702851E-006
#     -4    17       1.2645309925E-004
#     -4    18       9.3699743131E-006
#     -4    19       2.9624003204E-004
#     -4    20       3.5381328765E-004
#     -4    21       1.4288604879E-004
#     -4    22       2.6458020364E-004
#     -4    23       9.9260458925E-005
#     -4    24       1.3550424027E-004
#     -4    25       2.4245080033E-004
#     -4    26       9.7262506842E-005
#     -3   -22       1.5555219701E-004
#     -3   -21       2.0575653677E-004
#     -3   -20       1.2278134276E-004
#     -3   -19       8.8191676300E-005
#     -3   -18       1.0708594584E-005
#     -3   -17       7.0966790566E-004
#     -3   -16       2.4297882902E-004
#     -3   -15       2.3023579991E-004
#     -3   -14       1.2304117466E-004
#     -3   -13       1.2983820740E-004
#     -3   -12       7.7815841132E-004
#     -3   -11       6.5665614703E-005
#     -3   -10       8.2967326011E-004
#     -3    -9       4.8198170532E-004
#     -3    -8       3.1813216784E-005
#     -3    -7       3.4991264120E-004
#     -3    -6       1.1869751901E-004
#     -3    -5       1.4141267201E-004
#     -3    -4       1.8837634967E-004
#     -3    -3       4.0972037321E-005
#     -3    -2       9.1738021908E-004
#     -3    -1       1.7811773011E-004
#     -3     0       5.6514105824E-005
#     -3     1       4.1391172273E-005
#     -3     2       5.6573484704E-004
#     -3     3       4.3266918075E-004
#     -3     4       1.3471220611E-004
#     -3     5       1.7119835561E-004
#     -3     6       2.6015202601E-004
#     -3     7       9.0931900395E-006
#     -3     8       5.5894080419E-004
#     -3     9       2.2885694243E-004
#     -3    10       3.2457712848E-005
#     -3    11       2.7851245796E-004
#     -3    12       3.9114001022E-004
#     -3    13       5.2788730716E-005
#     -3    14       3.6959887532E-004
#     -3    15       9.0786367222E-004
#     -3    16       1.2604489351E-004
#     -3    17       1.3936520395E-003
#     -3    18       1.3637913890E-004
#     -3    19       4.6209019782E-005
#     -3    20       1.0220253895E-004
#     -3    21       5.3971714231E-006
#     -3    22       6.2708512688E-004
#     -3    23       6.3644554754E-004
#     -3    24       1.7457782621E-004
#     -3    25       3.4275623921E-004
#     -2   -23       2.3274413409E-004
#     -2   -22       2.0324624686E-004
#     -2   -21       6.0823621047E-006
#     -2   -20       2.2235989516E-004
#     -2   -19       7.4909295375E-005
#     -2   -18       1.1886313424E-004
#     -2   -17       3.5852875969E-004
#     -2   -16       7.8841888806E-006
#     -2   -15       4.1760420508E-005
#     -2   -14       3.1801608643E-004
#     -2   -13       3.2182728673E-004
#     -2   -12       5.6609060248E-004
#     -2   -11       1.6517498575E-005
#     -2   -10       1.3137230443E-004
#     -2    -9       1.7244621892E-003
#     -2    -8       4.1707342596E-004
#     -2    -7       1.4050807207E-005
#     -2    -6       4.1920535624E-004
#     -2    -5       9.3200994728E-005
#     -2    -4       2.9227773330E-005
#     -2    -3       4.2861085084E-004
#     -2    -2       1.5700213406E-004
#     -2    -1       1.7107840857E-003
#     -2     0       8.7564037499E-005
#     -2     1       2.5349279422E-004
#     -2     2       7.0962051764E-004
#     -2     3       8.2841478126E-004
#     -2     4       3.3164967004E-004
#     -2     5       3.0091113040E-004
#     -2     6       4.6515661657E-004
#     -2     7       2.0752977702E-004
#     -2     8       9.0468005640E-005
#     -2     9       1.8964707080E-004
#     -2    10       2.3101330426E-004
#     -2    11       4.6811470967E-004
#     -2    12       1.1411203126E-004
#     -2    13       7.0527058439E-004
#     -2    14       1.1986869268E-004
#     -2    15       9.7751600115E-005
#     -2    16       1.0548565220E-003
#     -2    17       4.9666979105E-004
#     -2    18       9.7206196054E-005
#     -2    19       1.1531963913E-004
#     -2    20       1.5116661577E-005
#     -2    21       1.7316785004E-004
#     -2    22       6.9984099908E-005
#     -2    23       2.7232294671E-004
#     -2    24       3.5777851554E-004
#     -2    25       1.9356327117E-006
#     -1   -23       1.4918374860E-005
#     -1   -22       1.0770385616E-004
#     -1   -21       6.5145836875E-005
#     -1   -20       5.5784381290E-004
#     -1   -19       1.6930214932E-004
#     -1   -18       2.1847937467E-004
#     -1   -17       1.3518593142E-004
#     -1   -16       3.8240694958E-004
#     -1   -15       1.1224333293E-003
#     -1   -14       9.0128061953E-006
#     -1   -13       6.6390115968E-004
#     -1   -12       7.2357304075E-004
#     -1   -11       1.2547276520E-003
#     -1   -10       4.6021917030E-004
#     -1    -9       2.6109696865E-005
#     -1    -8       3.7801895111E-004
#     -1    -7       1.5267656380E-004
#     -1    -6       3.1423966640E-004
#     -1    -5       1.6335162802E-004
#     -1    -4       4.9205898771E-004
#     -1    -3       1.5160262184E-003
#     -1    -2       2.6395829634E-005
#     -1    -1       9.9051072421E-004
#     -1     0       5.1902070941E-004
#     -1     1       1.1605331222E-005
#     -1     2       4.3026058002E-004
#     -1     3       6.2771464119E-005
#     -1     4       4.2112146172E-004
#     -1     5       4.1192125306E-004
#     -1     6       1.1348889667E-004
#     -1     7       4.1141187614E-005
#     -1     8       5.6636443935E-004
#     -1     9       7.0991056661E-005
#     -1    10       6.7513893761E-004
#     -1    11       1.9292583770E-004
#     -1    12       4.5845994605E-004
#     -1    13       6.9038266464E-005
#     -1    14       1.4165054487E-003
#     -1    15       2.4121900042E-004
#     -1    16       5.1375877518E-004
#     -1    17       1.4299055203E-004
#     -1    18       6.5916931899E-005
#     -1    19       2.5518362187E-004
#     -1    20       4.9069143641E-004
#     -1    21       1.8689108799E-005
#     -1    22       2.1129133834E-004
#     -1    23       6.2171105382E-005
#     -1    24       5.4648210686E-005
#      0   -24       1.1756190774E-004
#      0   -23       1.6031403263E-004
#      0   -22       6.0932105882E-004
#      0   -21       8.1618466885E-005
#      0   -20       1.7200144529E-003
#      0   -19       1.8004054354E-005
#      0   -18       4.4791971188E-004
#      0   -17       9.2462707504E-005
#      0   -16       1.8405257285E-004
#      0   -15       1.2448653665E-002
#      0   -14       2.1931001235E-004
#      0   -13       7.8919785212E-004
#      0   -12       3.0402092778E-005
#      0   -11       9.4873633306E-005
#      0   -10       1.8371357849E-002
#      0    -9       4.8686009881E-004
#      0    -8       1.3151600670E-004
#      0    -7       1.0316894019E-003
#      0    -6       1.3080615157E-004
#      0    -5       4.5420804092E-004
#      0    -4       3.0057207150E-004
#      0    -3       4.9352321442E-004
#      0    -2       9.6012008261E-004
#      0    -1       1.9634475579E-004
#      0     0       1.5584199603E-002
#      0     1       5.7062672141E-005
#      0     2       8.9170688203E-005
#      0     3       8.2831137512E-004
#      0     4       1.0859541713E-003
#      0     5       1.9894663958E-002
#      0     6       1.2403784886E-004
#      0     7       2.9258777363E-004
#      0     8       2.6695557151E-004
#      0     9       4.0829078461E-004
#      0    10       6.6492208764E-003
#      0    11       3.1856549171E-004
#      0    12       1.2652993087E-003
#      0    13       3.5028322305E-004
#      0    14       1.6119200590E-004
#      0    15       1.7625372192E-002
#      0    16       5.0490787159E-005
#      0    17       5.3106029999E-004
#      0    18       3.4975525234E-004
#      0    19       4.2283582065E-005
#      0    20       3.9772768258E-003
#      0    21       1.3070671474E-004
#      0    22       7.7129210290E-005
#      0    23       5.4420503016E-005
#      0    24       3.1288074023E-005
#      1   -24       2.0095509146E-004
#      1   -23       2.3772634572E-005
#      1   -22       2.4202625111E-004
#      1   -21       2.2604340791E-004
#      1   -20       1.0270747626E-004
#      1   -19       2.9588370428E-004
#      1   -18       2.7900109894E-004
#      1   -17       1.0186151520E-004
#      1   -16       6.3894557706E-006
#      1   -15       4.8814829823E-005
#      1   -14       3.3790133566E-004
#      1   -13       1.0668100768E-004
#      1   -12       6.1304883560E-004
#      1   -11       3.7611758880E-004
#      1   -10       1.2753285035E-004
#      1    -9       5.9788947874E-004
#      1    -8       3.4646547825E-004
#      1    -7       8.4679928582E-004
#      1    -6       3.4743352782E-005
#      1    -5       2.7960873450E-004
#      1    -4       1.2641745069E-003
#      1    -3       2.0530069982E-004
#      1    -2       9.1734962900E-004
#      1    -1       2.0085332992E-004
#      1     0       2.7252883540E-004
#      1     1       5.1100175967E-004
#      1     2       9.6352415891E-006
#      1     3       1.0667433115E-003
#      1     4       3.9162204578E-004
#      1     5       7.5964871347E-006
#      1     6       1.7044550211E-004
#      1     7       7.3645500160E-004
#      1     8       8.4726135979E-005
#      1     9       2.2930533820E-008
#      1    10       7.4546703652E-004
#      1    11       8.6697896715E-004
#      1    12       3.1533147341E-004
#      1    13       3.5893391556E-004
#      1    14       1.0702598396E-004
#      1    15       2.7220945457E-004
#      1    16       6.1081223569E-004
#      1    17       2.0908799657E-005
#      1    18       6.8186058141E-004
#      1    19       9.0676779053E-005
#      1    20       6.4202419786E-004
#      1    21       2.7774579397E-004
#      1    22       1.7882048484E-006
#      1    23       1.5123186434E-004
#      2   -25       1.6743306710E-004
#      2   -24       1.7331052893E-004
#      2   -23       8.4502550983E-005
#      2   -22       2.4661349986E-004
#      2   -21       2.3077185172E-004
#      2   -20       1.0415870980E-004
#      2   -19       1.7796839886E-004
#      2   -18       1.2308599217E-004
#      2   -17       1.3347742430E-003
#      2   -16       2.0041143758E-004
#      2   -15       7.5440805886E-004
#      2   -14       3.5033509877E-004
#      2   -13       2.5993557995E-004
#      2   -12       2.1608901454E-003
#      2   -11       5.9141405680E-004
#      2   -10       1.0930669290E-005
#      2    -9       1.7680886448E-005
#      2    -8       7.2994211193E-005
#      2    -7       5.5775198562E-004
#      2    -6       2.8470706143E-005
#      2    -5       5.7664377091E-004
#      2    -4       3.0946823141E-004
#      2    -3       4.2437555574E-004
#      2    -2       1.4151215226E-005
#      2    -1       9.7789605979E-004
#      2     0       6.7597728353E-005
#      2     1       1.4026986504E-004
#      2     2       1.2484507283E-004
#      2     3       3.9316868050E-004
#      2     4       2.7659360883E-004
#      2     5       3.8287654027E-008
#      2     6       2.6564177837E-004
#      2     7       2.0592062340E-004
#      2     8       1.9890308281E-004
#      2     9       4.1320501365E-004
#      2    10       1.8568815086E-004
#      2    11       2.1039880882E-004
#      2    12       6.0335476536E-004
#      2    13       7.1215518833E-006
#      2    14       5.5317355597E-004
#      2    15       3.7025561200E-004
#      2    16       4.4130842577E-005
#      2    17       4.4003836439E-004
#      2    18       2.7767537656E-004
#      2    19       3.7227464081E-005
#      2    20       4.5858300633E-004
#      2    21       5.4964817040E-005
#      2    22       3.9297915721E-004
#      2    23       3.8008285509E-004
#      3   -25       1.2385624931E-004
#      3   -24       6.0738764905E-005
#      3   -23       2.6996334871E-004
#      3   -22       2.0755751493E-004
#      3   -21       2.1592750266E-004
#      3   -20       2.1271646440E-004
#      3   -19       2.0324682813E-006
#      3   -18       4.5858376486E-004
#      3   -17       5.7525229395E-004
#      3   -16       1.9862867626E-004
#      3   -15       1.7636782134E-004
#      3   -14       7.9898065394E-004
#      3   -13       1.0738752044E-003
#      3   -12       4.6652612151E-004
#      3   -11       3.0105709173E-004
#      3   -10       1.8503830180E-005
#      3    -9       9.3995922017E-005
#      3    -8       3.1556554761E-005
#      3    -7       3.4384783922E-004
#      3    -6       2.0412403811E-004
#      3    -5       5.6296753851E-005
#      3    -4       4.5266653014E-004
#      3    -3       2.1542608909E-004
#      3    -2       7.5601658702E-004
#      3    -1       1.6380697039E-005
#      3     0       2.4312833031E-005
#      3     1       8.1680755794E-005
#      3     2       1.0607838146E-004
#      3     3       2.4291687161E-004
#      3     4       1.2777909255E-004
#      3     5       2.2653048195E-004
#      3     6       4.2920668867E-004
#      3     7       2.8649711739E-005
#      3     8       3.3393991941E-004
#      3     9       6.1749603223E-005
#      3    10       2.2046332506E-004
#      3    11       7.9530272683E-004
#      3    12       2.3110925073E-004
#      3    13       1.7206942425E-004
#      3    14       2.0377852927E-004
#      3    15       4.5869704027E-004
#      3    16       3.7213987639E-004
#      3    17       9.9400283701E-005
#      3    18       5.3280816663E-005
#      3    19       6.2465060145E-005
#      3    20       1.3362759851E-004
#      3    21       2.0480580486E-004
#      3    22       7.1274839569E-005
#      4   -26       1.0100703109E-004
#      4   -25       4.9991242846E-005
#      4   -24       1.4992915609E-004
#      4   -23       2.5027137416E-005
#      4   -22       4.2403180616E-004
#      4   -21       1.7767417324E-004
#      4   -20       9.2725736846E-004
#      4   -19       9.4800858427E-005
#      4   -18       3.1958686172E-004
#      4   -17       1.5936144200E-004
#      4   -16       5.0509022716E-004
#      4   -15       5.3041517811E-004
#      4   -14       5.5131798808E-004
#      4   -13       3.6369578179E-004
#      4   -12       2.5405483909E-004
#      4   -11       5.4318073422E-004
#      4   -10       3.4905172226E-005
#      4    -9       7.0565923206E-005
#      4    -8       1.7330558932E-004
#      4    -7       1.8305057629E-004
#      4    -6       5.7990515151E-004
#      4    -5       6.7886092002E-005
#      4    -4       9.7543225629E-005
#      4    -3       2.5832832533E-004
#      4    -2       3.0235493946E-005
#      4    -1       9.8006973173E-005
#      4     0       4.7577177935E-005
#      4     1       1.8492495770E-004
#      4     2       2.8686851017E-004
#      4     3       4.6478432550E-004
#      4     4       2.0033170174E-004
#      4     5       3.7116682839E-004
#      4     6       2.5772063223E-004
#      4     7       1.3701593976E-004
#      4     8       4.6553366254E-005
#      4     9       5.6650507535E-004
#      4    10       6.2505803101E-005
#      4    11       1.3075858143E-004
#      4    12       1.6761634876E-004
#      4    13       1.0967141664E-004
#      4    14       6.7787947514E-005
#      4    15       8.5497161547E-005
#      4    16       3.2738639957E-004
#      4    17       1.3081762629E-004
#      4    18       2.7729302906E-005
#      4    19       3.2576519165E-005
#      4    20       1.0535295161E-003
#      4    21       3.2840858122E-006
#      4    22       4.4830126048E-005
#      5   -26       2.8239385497E-005
#      5   -25       3.2370333195E-005
#      5   -24       2.4269240805E-005
#      5   -23       8.4204573030E-005
#      5   -22       5.4962347628E-004
#      5   -21       1.0816235037E-004
#      5   -20       4.2283716261E-003
#      5   -19       1.0442870052E-004
#      5   -18       2.2679519206E-004
#      5   -17       6.9775234350E-004
#      5   -16       2.1518528422E-004
#      5   -15       6.5324462200E-003
#      5   -14       1.3345815295E-006
#      5   -13       1.5843379004E-004
#      5   -12       3.0499941945E-004
#      5   -11       7.3612824995E-005
#      5   -10       4.1311901629E-003
#      5    -9       1.6032053021E-004
#      5    -8       9.3351175115E-005
#      5    -7       2.6222751018E-004
#      5    -6       3.4013638861E-004
#      5    -5       1.8027731054E-002
#      5    -4       7.8810385922E-004
#      5    -3       1.1845592792E-004
#      5    -2       5.7056559125E-004
#      5    -1       4.2583868931E-004
#      5     0       1.5442247929E-003
#      5     1       7.8518241214E-005
#      5     2       8.8435644788E-006
#      5     3       5.1806601225E-004
#      5     4       9.6718855782E-005
#      5     5       3.0440618715E-003
#      5     6       3.8979673356E-004
#      5     7       9.3843956981E-005
#      5     8       3.8326660227E-005
#      5     9       3.4237279024E-004
#      5    10       6.1856204725E-003
#      5    11       4.8398380351E-006
#      5    12       7.3797611354E-005
#      5    13       2.4559727104E-005
#      5    14       1.8837299365E-005
#      5    15       4.6606306084E-003
#      5    16       8.1770735667E-006
#      5    17       6.2012859698E-004
#      5    18       1.5335598431E-004
#      5    19       3.6710154348E-005
#      5    20       4.5258168497E-004
#      5    21       2.7995253565E-007
#      6   -26       1.2859211273E-004
#      6   -25       4.2422182459E-004
#      6   -24       3.6912102753E-004
#      6   -23       7.7078785977E-005
#      6   -22       2.6492371597E-004
#      6   -21       1.0608850940E-005
#      6   -20       3.6696311086E-004
#      6   -19       7.5009279205E-004
#      6   -18       2.9915111311E-004
#      6   -17       3.0241560403E-004
#      6   -16       1.9933334876E-005
#      6   -15       7.7746138050E-004
#      6   -14       8.0137858377E-004
#      6   -13       6.6156157078E-005
#      6   -12       4.2112940673E-004
#      6   -11       5.6198716394E-006
#      6   -10       2.1578756697E-004
#      6    -9       6.5885368363E-005
#      6    -8       3.4664802864E-005
#      6    -7       1.5150078877E-005
#      6    -6       2.8755886962E-005
#      6    -5       8.4927329868E-004
#      6    -4       4.4889406770E-004
#      6    -3       9.4764254873E-005
#      6    -2       1.4805916911E-004
#      6    -1       4.9777705297E-006
#      6     0       6.2981377572E-004
#      6     1       6.8284437555E-006
#      6     2       1.9682648584E-004
#      6     3       6.2173842593E-004
#      6     4       6.5836392980E-004
#      6     5       4.4656313543E-004
#      6     6       5.2043227002E-004
#      6     7       6.0584473988E-005
#      6     8       5.1782445203E-004
#      6     9       1.3886344326E-004
#      6    10       2.5137489395E-004
#      6    11       2.2464207613E-004
#      6    12       1.9905868527E-005
#      6    13       1.1376473391E-004
#      6    14       5.9278797149E-004
#      6    15       1.6324685503E-004
#      6    16       2.1691876253E-004
#      6    17       2.1847807285E-006
#      6    18       3.8598430667E-004
#      6    19       9.4223147248E-005
#      6    20       7.2977185844E-005
#      7   -27       4.5953704468E-005
#      7   -26       2.8631548591E-005
#      7   -25       2.8005747713E-004
#      7   -24       6.6678747058E-005
#      7   -23       1.0045033634E-005
#      7   -22       2.7795007664E-004
#      7   -21       6.3541181876E-005
#      7   -20       1.3530694515E-005
#      7   -19       2.1045430999E-004
#      7   -18       4.7306275186E-006
#      7   -17       5.7569221322E-005
#      7   -16       3.0776950325E-004
#      7   -15       1.6050399287E-004
#      7   -14       3.6646563837E-004
#      7   -13       4.4049521293E-004
#      7   -12       2.4430371986E-004
#      7   -11       1.3601628763E-004
#      7   -10       9.6409891094E-005
#      7    -9       4.4841061829E-004
#      7    -8       3.3846951975E-004
#      7    -7       2.0748349766E-004
#      7    -6       5.5241471813E-004
#      7    -5       9.2319489924E-005
#      7    -4       5.3845607709E-005
#      7    -3       3.6211548158E-004
#      7    -2       4.1154008356E-004
#      7    -1       1.1234781129E-004
#      7     0       1.4030712014E-005
#      7     1       3.5510100214E-005
#      7     2       1.8425568900E-004
#      7     3       9.3411839311E-005
#      7     4       2.3326921784E-004
#      7     5       4.0911385851E-005
#      7     6       7.8171648021E-004
#      7     7       3.2482479699E-005
#      7     8       3.8632393919E-004
#      7     9       7.7496361280E-004
#      7    10       5.6102272749E-005
#      7    11       3.3669829688E-005
#      7    12       4.3489368083E-004
#      7    13       1.1138174755E-004
#      7    14       5.4287369756E-005
#      7    15       7.6492869459E-005
#      7    16       1.0715058006E-005
#      7    17       2.1999869962E-004
#      7    18       1.3111144550E-004
#      7    19       4.1323922154E-004
#      7    20       9.6561373264E-006
#      8   -27       3.9205090152E-004
#      8   -26       1.0767811635E-004
#      8   -25       3.0418921138E-004
#      8   -24       3.0511554546E-004
#      8   -23       7.8155347288E-005
#      8   -22       4.3460671976E-005
#      8   -21       5.3238673393E-004
#      8   -20       3.6317024662E-004
#      8   -19       5.1506206852E-005
#      8   -18       1.2364511504E-003
#      8   -17       2.0372245086E-004
#      8   -16       2.3082716557E-004
#      8   -15       1.2289877164E-004
#      8   -14       1.1506981407E-004
#      8   -13       3.8365643056E-004
#      8   -12       3.9759342471E-004
#      8   -11       7.6609752225E-004
#      8   -10       1.7886349911E-004
#      8    -9       2.4237566352E-005
#      8    -8       1.0024044572E-003
#      8    -7       3.4904556185E-004
#      8    -6       6.1386625592E-005
#      8    -5       2.3023676201E-004
#      8    -4       6.2331681331E-006
#      8    -3       5.8442826961E-005
#      8    -2       1.5360759342E-003
#      8    -1       1.9263082925E-004
#      8     0       1.9173656180E-004
#      8     1       2.2136041679E-004
#      8     2       8.4582024784E-004
#      8     3       4.0986008726E-006
#      8     4       2.6529449543E-006
#      8     5       3.5504083669E-006
#      8     6       6.9118606089E-005
#      8     7       1.3153602718E-004
#      8     8       3.9382209243E-004
#      8     9       6.6103589151E-006
#      8    10       9.6184119045E-005
#      8    11       4.9699521156E-004
#      8    12       2.8466446252E-004
#      8    13       1.9587569533E-004
#      8    14       7.3702785428E-005
#      8    15       4.6093669694E-004
#      8    16       1.0815572805E-005
#      8    17       1.1563561131E-005
#      8    18       1.9361130353E-005
#      8    19       8.2420682957E-005
#      9   -27       1.6562592264E-005
#      9   -26       1.0893478042E-004
#      9   -25       1.6035646791E-004
#      9   -24       8.9919826170E-005
#      9   -23       8.5547623550E-005
#      9   -22       1.3452584076E-004
#      9   -21       1.4925678172E-004
#      9   -20       1.6947990592E-004
#      9   -19       5.7581133249E-004
#      9   -18       2.0873135066E-004
#      9   -17       5.2778543089E-005
#      9   -16       7.0426244760E-004
#      9   -15       2.6393386102E-004
#      9   -14       3.6890048816E-004
#      9   -13       3.3656950730E-004
#      9   -12       5.5101958467E-004
#      9   -11       6.9021253426E-005
#      9   -10       3.6194499307E-004
#      9    -9       6.4906777339E-004
#      9    -8       4.3965306524E-004
#      9    -7       8.9854467334E-005
#      9    -6       2.4886860171E-004
#      9    -5       8.1794897281E-004
#      9    -4       1.6403333376E-005
#      9    -3       2.0704164873E-004
#      9    -2       3.2026501836E-004
#      9    -1       1.0506955136E-004
#      9     0       1.4107235337E-003
#      9     1       5.0082236987E-004
#      9     2       2.6003847054E-004
#      9     3       3.4185861817E-005
#      9     4       4.1973053952E-004
#      9     5       4.3451949313E-004
#      9     6       8.4446163750E-004
#      9     7       2.8887698861E-004
#      9     8       7.2554601990E-005
#      9     9       6.6794722939E-005
#      9    10       1.2027317587E-004
#      9    11       4.0049868343E-005
#      9    12       4.0435086524E-005
#      9    13       3.8205369898E-005
#      9    14       1.2378353238E-004
#      9    15       2.1766035202E-005
#      9    16       1.0382077761E-004
#      9    17       2.9356294968E-005
#      9    18       4.3749327847E-005
#     10   -27       8.1130200761E-005
#     10   -26       7.8739803693E-005
#     10   -25       2.2384062655E-005
#     10   -24       1.7884204802E-004
#     10   -23       1.2256413445E-004
#     10   -22       6.9503765812E-004
#     10   -21       2.0647889771E-004
#     10   -20       3.1113489852E-003
#     10   -19       2.4511983872E-005
#     10   -18       1.6366321169E-004
#     10   -17       3.5687692952E-004
#     10   -16       5.9581176798E-004
#     10   -15       6.9017147692E-003
#     10   -14       1.4231499575E-003
#     10   -13       6.2854919943E-004
#     10   -12       4.9710733873E-004
#     10   -11       1.9457605238E-005
#     10   -10       9.3429475203E-003
#     10    -9       9.6986943667E-004
#     10    -8       4.6533553824E-004
#     10    -7       1.7387639497E-004
#     10    -6       7.7394895823E-006
#     10    -5       2.2412353221E-003
#     10    -4       8.1640114405E-004
#     10    -3       1.0087183390E-003
#     10    -2       8.8323911511E-005
#     10    -1       6.3179239253E-005
#     10     0       2.5427436172E-002
#     10     1       2.9894617309E-004
#     10     2       1.3411403489E-004
#     10     3       6.5014727542E-005
#     10     4       1.2189128947E-004
#     10     5       1.0601613909E-002
#     10     6       1.6087700415E-005
#     10     7       1.7130510600E-005
#     10     8       8.6298147258E-005
#     10     9       6.0536676708E-005
#     10    10       1.4424501142E-003
#     10    11       2.0452417346E-005
#     10    12       1.6526550271E-004
#     10    13       1.2153747111E-004
#     10    14       1.0527249718E-004
#     10    15       1.1027226804E-003
#     10    16       3.3770788864E-005
#     10    17       7.7684406788E-005
#     11   -27       8.3718238780E-005
#     11   -26       1.5280555897E-005
#     11   -25       8.1746679041E-005
#     11   -24       4.8368355603E-004
#     11   -23       2.3429779071E-005
#     11   -22       5.0401473211E-005
#     11   -21       5.9297480023E-004
#     11   -20       2.0775584872E-004
#     11   -19       4.6733696088E-004
#     11   -18       7.7972189461E-004
#     11   -17       1.4297994425E-004
#     11   -16       3.3424998139E-004
#     11   -15       6.3848678586E-004
#     11   -14       1.5671139193E-004
#     11   -13       3.2384966887E-005
#     11   -12       1.7145456169E-005
#     11   -11       4.0456879483E-004
#     11   -10       1.6706087120E-004
#     11    -9       6.3151057867E-004
#     11    -8       8.3036008344E-005
#     11    -7       1.7892033789E-004
#     11    -6       3.3361621215E-004
#     11    -5       2.4981704042E-004
#     11    -4       2.3612647202E-003
#     11    -3       8.7909589233E-005
#     11    -2       2.1310355512E-004
#     11    -1       5.9337174581E-005
#     11     0       1.0948019437E-003
#     11     1       6.2252154569E-004
#     11     2       6.0013330365E-005
#     11     3       2.9623357515E-004
#     11     4       5.2105881983E-004
#     11     5       2.6109932144E-004
#     11     6       5.0842730805E-005
#     11     7       8.6676079225E-007
#     11     8       7.3176100239E-004
#     11     9       3.1162815245E-004
#     11    10       4.9797292072E-006
#     11    11       1.6127197113E-004
#     11    12       1.2732990350E-004
#     11    13       1.0876331360E-004
#     11    14       7.6867518784E-005
#     11    15       3.9678237450E-004
#     11    16       4.0497238690E-004
#     12   -27       2.4088389713E-005
#     12   -26       9.5654327290E-005
#     12   -25       3.4451321843E-004
#     12   -24       1.5420807200E-004
#     12   -23       2.1204379171E-004
#     12   -22       2.5441729975E-005
#     12   -21       2.7279870611E-004
#     12   -20       9.0990826604E-004
#     12   -19       9.8802129319E-005
#     12   -18       5.5950318410E-004
#     12   -17       3.0055513471E-004
#     12   -16       1.4424234681E-003
#     12   -15       1.1100477639E-003
#     12   -14       4.0687002487E-004
#     12   -13       5.5539127769E-004
#     12   -12       4.8688737930E-004
#     12   -11       8.7061242864E-004
#     12   -10       5.5298533857E-005
#     12    -9       4.2660388280E-004
#     12    -8       3.7653735742E-004
#     12    -7       5.6691913348E-004
#     12    -6       3.6829770511E-004
#     12    -5       2.5965999883E-004
#     12    -4       1.4076737750E-004
#     12    -3       1.8096153877E-005
#     12    -2       7.2083422568E-004
#     12    -1       1.7364424286E-003
#     12     0       1.7748864608E-005
#     12     1       5.0503010793E-004
#     12     2       6.8546448732E-004
#     12     3       5.2458823446E-004
#     12     4       1.8235180140E-004
#     12     5       3.5004622275E-004
#     12     6       2.1787069585E-004
#     12     7       2.2947008869E-004
#     12     8       2.0592774553E-004
#     12     9       2.2281049252E-004
#     12    10       3.3445791401E-005
#     12    11       1.2792567904E-004
#     12    12       4.7374274631E-004
#     12    13       1.0709586721E-005
#     12    14       7.9826650707E-005
#     12    15       4.1063004281E-005
#     13   -28       1.4274996822E-004
#     13   -27       1.4353704992E-004
#     13   -26       1.5973135235E-004
#     13   -25       2.1613100662E-004
#     13   -24       2.1812638464E-004
#     13   -23       8.3774494555E-004
#     13   -22       2.4145443321E-005
#     13   -21       4.0108524454E-005
#     13   -20       4.4713722945E-005
#     13   -19       1.5506134030E-003
#     13   -18       3.0357115439E-004
#     13   -17       5.0429930544E-004
#     13   -16       5.0173783142E-004
#     13   -15       5.4351593380E-004
#     13   -14       5.9010817461E-004
#     13   -13       7.9104257798E-004
#     13   -12       9.3316603377E-004
#     13   -11       7.4594258587E-004
#     13   -10       6.7894939848E-005
#     13    -9       1.1135508044E-004
#     13    -8       9.2078759847E-005
#     13    -7       3.8314305087E-004
#     13    -6       5.0723640419E-004
#     13    -5       3.0765781307E-004
#     13    -4       2.2871948020E-004
#     13    -3       3.0611634754E-004
#     13    -2       1.0863096420E-003
#     13    -1       1.4575907597E-004
#     13     0       2.9891113750E-004
#     13     1       9.4468844122E-004
#     13     2       1.1373082052E-004
#     13     3       3.1732235462E-004
#     13     4       6.6183733101E-004
#     13     5       6.2269779213E-005
#     13     6       7.3010560975E-005
#     13     7       9.4127165834E-005
#     13     8       9.9880029040E-005
#     13     9       6.4674701695E-005
#     13    10       4.1190792950E-004
#     13    11       1.9432876891E-006
#     13    12       1.0166436543E-004
#     13    13       5.8299487078E-005
#     13    14       1.3552823368E-004
#     13    15       2.1919565324E-004
#     14   -28       1.8243927900E-004
#     14   -27       1.0133280319E-004
#     14   -26       1.2663442300E-007
#     14   -25       7.4159303365E-005
#     14   -24       1.1786680694E-004
#     14   -23       8.4580878587E-005
#     14   -22       3.3737251500E-004
#     14   -21       2.1771924513E-004
#     14   -20       3.6517025269E-005
#     14   -19       3.9864127339E-004
#     14   -18       4.2420706817E-004
#     14   -17       3.3373759570E-005
#     14   -16       4.3336370779E-004
#     14   -15       2.2192407617E-004
#     14   -14       1.1335217019E-003
#     14   -13       2.2074174335E-004
#     14   -12       3.3712779944E-004
#     14   -11       8.9957974225E-004
#     14   -10       2.0117545909E-004
#     14    -9       2.9158125840E-004
#     14    -8       8.1358579156E-004
#     14    -7       1.3719302188E-004
#     14    -6       9.2833997195E-005
#     14    -5       4.4154228450E-004
#     14    -4       1.7334022585E-004
#     14    -3       3.4048549731E-006
#     14    -2       2.2146366017E-004
#     14    -1       1.5593893085E-004
#     14     0       4.3780057784E-004
#     14     1       6.6480484203E-005
#     14     2       1.0134700973E-004
#     14     3       2.3462138968E-004
#     14     4       2.7689735898E-004
#     14     5       6.2572766850E-006
#     14     6       1.3077457310E-004
#     14     7       7.5494735977E-005
#     14     8       2.8006491979E-006
#     14     9       4.7641402422E-005
#     14    10       2.8162667517E-004
#     14    11       1.6494358275E-005
#     14    12       8.8879028395E-006
#     14    13       1.1741282846E-004
#     14    14       2.1545591845E-005
#     15   -28       3.0979386877E-005
#     15   -27       9.7150560622E-006
#     15   -26       2.4595644939E-005
#     15   -25       1.8343181485E-004
#     15   -24       2.0257976465E-004
#     15   -23       1.4194049432E-004
#     15   -22       5.3876448369E-004
#     15   -21       8.6908381156E-004
#     15   -20       4.9714230528E-003
#     15   -19       1.0682133621E-004
#     15   -18       1.0209267562E-003
#     15   -17       4.2130985587E-004
#     15   -16       2.4474861401E-005
#     15   -15       2.1676754693E-002
#     15   -14       1.9623535202E-004
#     15   -13       2.3442013087E-004
#     15   -12       1.1112584970E-004
#     15   -11       1.0268576725E-003
#     15   -10       9.9985874587E-003
#     15    -9       5.4619068491E-004
#     15    -8       2.2940407166E-004
#     15    -7       5.3887424564E-004
#     15    -6       3.5159187469E-006
#     15    -5       1.1019514903E-002
#     15    -4       1.2181573069E-003
#     15    -3       1.3424732759E-004
#     15    -2       8.6497997754E-005
#     15    -1       6.7876188807E-004
#     15     0       1.3999479110E-002
#     15     1       1.7460680472E-004
#     15     2       1.8612825118E-004
#     15     3       1.5676353479E-004
#     15     4       4.2473432180E-004
#     15     5       5.5704245599E-003
#     15     6       1.1123830885E-004
#     15     7       2.3113989110E-004
#     15     8       5.3421916690E-005
#     15     9       4.1133657526E-005
#     15    10       4.2584765819E-004
#     15    11       8.3923735542E-005
#     15    12       3.9950650454E-005
#     15    13       2.2334186740E-005
#     16   -27       8.0024499253E-005
#     16   -26       1.7053666944E-004
#     16   -25       1.6161640326E-004
#     16   -24       9.0332731254E-005
#     16   -23       3.5140278450E-004
#     16   -22       2.0295274263E-004
#     16   -21       1.5924991658E-004
#     16   -20       8.1418551083E-005
#     16   -19       9.5360571139E-004
#     16   -18       4.2362773255E-005
#     16   -17       5.6746268775E-004
#     16   -16       3.4884274071E-004
#     16   -15       3.3062659770E-004
#     16   -14       1.3394165382E-003
#     16   -13       5.9629479420E-004
#     16   -12       2.7031605161E-004
#     16   -11       1.9893482816E-005
#     16   -10       4.1569632837E-004
#     16    -9       6.5106598994E-005
#     16    -8       1.8216928802E-004
#     16    -7       4.5413745683E-004
#     16    -6       2.3306780506E-004
#     16    -5       6.8960703895E-005
#     16    -4       3.4119036391E-006
#     16    -3       2.7972168743E-005
#     16    -2       4.3945660095E-005
#     16    -1       5.0224985993E-005
#     16     0       1.5629060357E-004
#     16     1       5.6879461201E-004
#     16     2       4.5687588866E-005
#     16     3       4.9707134696E-004
#     16     4       9.6840066151E-005
#     16     5       1.1911854560E-004
#     16     6       1.4514388121E-004
#     16     7       1.0735965993E-004
#     16     8       4.8994780305E-004
#     16     9       1.5194220633E-005
#     16    10       5.4063150520E-005
#     16    11       6.6401024817E-005
#     17   -27       9.8697335981E-006
#     17   -26       4.3254262946E-005
#     17   -25       5.5918355529E-004
#     17   -24       4.0394265680E-004
#     17   -23       4.4576045756E-004
#     17   -22       6.2395652322E-004
#     17   -21       1.6882833376E-004
#     17   -20       6.4160699198E-004
#     17   -19       1.5070049036E-003
#     17   -18       2.7591641391E-004
#     17   -17       8.3880913926E-004
#     17   -16       4.8838523867E-004
#     17   -15       1.7136022328E-005
#     17   -14       3.3818290661E-005
#     17   -13       6.7654593581E-004
#     17   -12       1.9894247845E-004
#     17   -11       1.2597757646E-003
#     17   -10       1.1604671951E-004
#     17    -9       2.9943488136E-005
#     17    -8       3.2857205776E-005
#     17    -7       3.5628010026E-004
#     17    -6       3.3966019460E-005
#     17    -5       3.5793577004E-004
#     17    -4       3.2019432672E-005
#     17    -3       8.6770621322E-005
#     17    -2       1.2905081291E-003
#     17    -1       4.4466881489E-004
#     17     0       1.9503756106E-004
#     17     1       1.5041974924E-005
#     17     2       3.4729331784E-004
#     17     3       1.5513350006E-004
#     17     4       5.3041127598E-005
#     17     5       3.3851386212E-005
#     17     6       1.4232536628E-004
#     17     7       2.5776107221E-004
#     17     8       8.8057940232E-005
#     17     9       8.2292584686E-005
#     17    10       2.8753903665E-005
#     18   -27       5.5101421449E-005
#     18   -26       5.4863796847E-005
#     18   -25       2.2693863660E-004
#     18   -24       4.8913917325E-004
#     18   -23       3.6262319639E-005
#     18   -22       4.6070415782E-004
#     18   -21       9.6657310750E-005
#     18   -20       1.0327355287E-003
#     18   -19       8.1812789451E-005
#     18   -18       3.0384262168E-005
#     18   -17       3.9339624930E-004
#     18   -16       1.7822957051E-004
#     18   -15       1.5929353716E-005
#     18   -14       3.9616673209E-004
#     18   -13       5.9104633377E-004
#     18   -12       5.7454238861E-004
#     18   -11       3.9362127098E-004
#     18   -10       1.9781683417E-004
#     18    -9       1.1628898494E-004
#     18    -8       2.1644425355E-004
#     18    -7       1.0246835136E-004
#     18    -6       6.1926815128E-004
#     18    -5       5.5718925588E-006
#     18    -4       3.1354161426E-004
#     18    -3       9.5789492191E-005
#     18    -2       3.0742970606E-004
#     18    -1       4.6765821202E-004
#     18     0       3.1468682785E-005
#     18     1       2.0562553067E-004
#     18     2       5.0978358864E-007
#     18     3       6.3228498685E-005
#     18     4       1.0869259894E-004
#     18     5       2.2896729700E-004
#     18     6       1.5524897053E-005
#     18     7       1.6705131573E-005
#     18     8       3.2028245427E-006
#     18     9       5.5496556821E-006
#     19   -27       1.3994898942E-004
#     19   -26       7.5997200910E-005
#     19   -25       1.4646754564E-004
#     19   -24       1.0826054823E-005
#     19   -23       5.5682400814E-005
#     19   -22       2.5751698826E-004
#     19   -21       3.0626995644E-004
#     19   -20       6.7162959029E-004
#     19   -19       1.1039774672E-004
#     19   -18       2.2931314029E-004
#     19   -17       4.8614913517E-004
#     19   -16       3.2271191708E-005
#     19   -15       7.4612583626E-004
#     19   -14       4.1288988240E-004
#     19   -13       1.4184916375E-004
#     19   -12       3.8413784201E-004
#     19   -11       3.4769231631E-005
#     19   -10       1.0093572198E-004
#     19    -9       1.4366928852E-004
#     19    -8       8.0661971995E-005
#     19    -7       7.0089061472E-005
#     19    -6       6.0065330365E-005
#     19    -5       1.9559738059E-004
#     19    -4       3.6152203061E-004
#     19    -3       2.8683252167E-004
#     19    -2       1.7741498301E-004
#     19    -1       2.1533172658E-006
#     19     0       3.7415503422E-005
#     19     1       4.0353789658E-005
#     19     2       8.2183944461E-005
#     19     3       4.7254137605E-005
#     19     4       2.7577932493E-005
#     19     5       4.4456954062E-004
#     19     6       1.3447681769E-004
#     19     7       4.1431206442E-006
#     19     8       9.0036877557E-007
#     20   -27       2.3345870697E-005
#     20   -26       7.9612052148E-005
#     20   -25       2.2155254567E-004
#     20   -24       4.6484043326E-004
#     20   -23       8.6732073564E-005
#     20   -22       2.4152453744E-004
#     20   -21       4.1679382040E-004
#     20   -20       2.3988712814E-003
#     20   -19       2.6861094589E-004
#     20   -18       9.3097537767E-006
#     20   -17       1.5565176317E-004
#     20   -16       2.5696814168E-004
#     20   -15       8.4322841582E-003
#     20   -14       1.3638319961E-004
#     20   -13       9.6504763420E-006
#     20   -12       1.1145505681E-004
#     20   -11       4.1695113860E-004
#     20   -10       3.4519834431E-003
#     20    -9       4.8231554355E-004
#     20    -8       4.8364452738E-004
#     20    -7       1.3319125030E-004
#     20    -6       5.2479628455E-004
#     20    -5       5.1664983020E-003
#     20    -4       8.5096640121E-004
#     20    -3       1.7976278093E-006
#     20    -2       4.9553455075E-006
#     20    -1       3.5636658653E-004
#     20     0       2.2103881084E-003
#     20     1       2.6686922536E-004
#     20     2       3.8002381252E-005
#     20     3       1.7147987063E-004
#     20     4       3.8714127020E-005
#     20     5       3.4548356772E-004
#     20     6       1.9437686277E-005
#     20     7       2.0398918056E-005
#     21   -26       2.1735373597E-005
#     21   -25       3.2553885249E-004
#     21   -24       5.3738421949E-004
#     21   -23       2.8810796190E-004
#     21   -22       8.9749482683E-005
#     21   -21       9.3506531011E-005
#     21   -20       1.4068640321E-004
#     21   -19       9.4289521881E-004
#     21   -18       4.1123668220E-004
#     21   -17       2.5489019972E-005
#     21   -16       4.7216039052E-005
#     21   -15       2.4069278048E-004
#     21   -14       2.7496092127E-004
#     21   -13       2.2769663580E-004
#     21   -12       1.3212923863E-004
#     21   -11       6.3976798879E-005
#     21   -10       2.5980937311E-004
#     21    -9       2.8787977394E-004
#     21    -8       5.1166267815E-005
#     21    -7       1.4827953808E-004
#     21    -6       7.8283396060E-005
#     21    -5       1.2916190612E-005
#     21    -4       3.5996741437E-004
#     21    -3       2.6991222320E-005
#     21    -2       7.5091187697E-005
#     21    -1       1.1323252685E-004
#     21     0       2.0617316618E-004
#     21     1       1.1288848638E-004
#     21     2       7.2781066947E-005
#     21     3       3.1253724077E-004
#     21     4       1.0972240190E-004
#     21     5       4.1081519075E-005
#     22   -26       6.6709554086E-005
#     22   -25       2.9979479801E-005
#     22   -24       2.5853199821E-004
#     22   -23       1.2573065629E-004
#     22   -22       3.5804307217E-005
#     22   -21       5.3802274019E-004
#     22   -20       1.6700547974E-004
#     22   -19       1.3328084479E-004
#     22   -18       2.7140164274E-004
#     22   -17       3.3914179559E-004
#     22   -16       2.4349149806E-004
#     22   -15       1.1045440720E-004
#     22   -14       3.7988435080E-004
#     22   -13       4.0629282810E-005
#     22   -12       9.7142887634E-005
#     22   -11       2.7104813754E-004
#     22   -10       1.3178426448E-004
#     22    -9       1.4900542549E-004
#     22    -8       5.8980250770E-005
#     22    -7       3.7423863201E-005
#     22    -6       4.9439001282E-005
#     22    -5       2.6273472019E-004
#     22    -4       5.6551476510E-005
#     22    -3       5.0797136956E-005
#     22    -2       2.1818448446E-004
#     22    -1       5.7325875795E-005
#     22     0       8.3387402805E-005
#     22     1       1.3799205729E-004
#     22     2       5.0902415029E-005
#     22     3       2.3946725908E-004
#     22     4       1.1694939129E-005
#     23   -25       8.2444863013E-005
#     23   -24       6.4493236162E-005
#     23   -23       9.5579217799E-005
#     23   -22       4.4223237852E-004
#     23   -21       5.9161479708E-005
#     23   -20       3.5712794005E-004
#     23   -19       4.4338352824E-006
#     23   -18       3.1619149032E-005
#     23   -17       5.6890943454E-004
#     23   -16       1.4392175934E-004
#     23   -15       2.6555481513E-004
#     23   -14       1.3027521278E-004
#     23   -13       1.2013803755E-004
#     23   -12       1.3561169132E-004
#     23   -11       5.4450123712E-005
#     23   -10       9.6329025578E-005
#     23    -9       1.8600534134E-004
#     23    -8       3.4023991632E-007
#     23    -7       1.5668998315E-004
#     23    -6       1.6409626667E-004
#     23    -5       1.0475913051E-004
#     23    -4       5.2242869801E-005
#     23    -3       6.7246473316E-005
#     23    -2       1.1072878548E-004
#     23    -1       4.5653487399E-005
#     23     0       1.8381602818E-004
#     23     1       1.3563783952E-004
#     23     2       1.9703616040E-005
#     24   -24       6.8068349466E-004
#     24   -23       1.1492944059E-004
#     24   -22       1.7744000539E-004
#     24   -21       5.1132548286E-005
#     24   -20       4.4323280140E-004
#     24   -19       9.3793744342E-005
#     24   -18       2.6615800354E-004
#     24   -17       1.6625025259E-004
#     24   -16       1.2732468169E-004
#     24   -15       4.4669045703E-004
#     24   -14       1.1334425398E-004
#     24   -13       8.9253157454E-005
#     24   -12       4.0215024405E-004
#     24   -11       1.1812499768E-004
#     24   -10       1.6104736946E-004
#     24    -9       6.1710076139E-005
#     24    -8       2.3774459279E-004
#     24    -7       1.6501486683E-004
#     24    -6       1.2931433256E-004
#     24    -5       2.0896022889E-004
#     24    -4       1.9763875102E-004
#     24    -3       2.7106382444E-005
#     24    -2       1.9669748373E-005
#     24    -1       3.0387256865E-006
#     24     0       1.3008183817E-004
#     25   -23       1.0478984825E-004
#     25   -22       1.2514231196E-004
#     25   -21       9.0932142482E-005
#     25   -20       2.2097173128E-004
#     25   -19       4.2279788523E-004
#     25   -18       1.0503624646E-005
#     25   -17       3.8744161482E-005
#     25   -16       9.8239986472E-006
#     25   -15       2.0179948923E-004
#     25   -14       2.3244446737E-004
#     25   -13       7.9703627901E-007
#     25   -12       2.1021784916E-005
#     25   -11       1.7822510677E-004
#     25   -10       3.8745026498E-005
#     25    -9       1.8314753468E-004
#     25    -8       1.0992537718E-004
#     25    -7       2.4153433693E-005
#     25    -6       2.7752346400E-005
#     25    -5       4.2824906481E-004
#     25    -4       1.7102243631E-004
#     25    -3       1.3842536895E-004
#     25    -2       2.3552630110E-005
#     26   -22       1.1883772979E-005
#     26   -21       4.8223425139E-005
#     26   -20       1.1125512680E-004
#     26   -19       3.8618579221E-004
