 Diffraction intensities for potential:ga5x5_06D10001.in                       
#    -28    13       2.3477211772E-005
#    -28    14       1.6417722176E-006
#    -28    15       2.4398509780E-006
#    -27     7       5.3855193021E-006
#    -27     8       2.4685109492E-005
#    -27     9       1.2799243961E-006
#    -27    10       2.2949476168E-007
#    -27    11       2.5387033720E-006
#    -27    12       5.5689507173E-006
#    -27    13       6.4791615965E-006
#    -27    14       1.1148293324E-006
#    -27    15       1.5940888337E-005
#    -27    16       9.5996165027E-007
#    -27    17       4.5361889026E-007
#    -27    18       2.7746380691E-005
#    -27    19       2.9567115239E-005
#    -27    20       1.3187896710E-005
#    -26     4       9.4881489572E-006
#    -26     5       5.5032368880E-006
#    -26     6       1.3678842419E-005
#    -26     7       2.8383253478E-005
#    -26     8       6.6142714705E-007
#    -26     9       2.0798100948E-005
#    -26    10       4.0714346823E-005
#    -26    11       2.2377487820E-005
#    -26    12       1.7589487333E-005
#    -26    13       1.7729084572E-005
#    -26    14       3.6224833781E-005
#    -26    15       2.0628227753E-005
#    -26    16       1.7649529625E-005
#    -26    17       2.1335264022E-005
#    -26    18       1.2830341095E-005
#    -26    19       8.1737428764E-006
#    -26    20       3.5596714347E-006
#    -26    21       1.7137065386E-005
#    -26    22       1.6984455357E-005
#    -25     2       7.3090394790E-006
#    -25     3       3.1294493235E-005
#    -25     4       2.8547857925E-005
#    -25     5       7.6264474995E-004
#    -25     6       1.2177505878E-005
#    -25     7       8.1378485665E-006
#    -25     8       4.1924736292E-005
#    -25     9       2.9125075070E-006
#    -25    10       8.4910796767E-004
#    -25    11       1.6794055294E-005
#    -25    12       3.4795225616E-006
#    -25    13       3.8450592632E-005
#    -25    14       6.2582278419E-005
#    -25    15       6.3288543619E-004
#    -25    16       8.1161258858E-005
#    -25    17       7.2611476388E-005
#    -25    18       3.6969357449E-005
#    -25    19       2.6919451530E-005
#    -25    20       1.3450075382E-004
#    -25    21       4.8607396730E-006
#    -25    22       6.7691414471E-006
#    -25    23       3.0213759087E-006
#    -24     0       5.4956727859E-006
#    -24     1       1.2090171001E-005
#    -24     2       4.4487219391E-005
#    -24     3       6.5429169071E-005
#    -24     4       3.2798267016E-005
#    -24     5       8.8601400879E-005
#    -24     6       1.3216133778E-005
#    -24     7       1.2386134689E-005
#    -24     8       9.2807730186E-006
#    -24     9       1.8661555611E-005
#    -24    10       1.0611226485E-004
#    -24    11       3.5927911979E-006
#    -24    12       1.9646678554E-006
#    -24    13       3.3765425668E-005
#    -24    14       1.1526543008E-006
#    -24    15       1.1692723510E-005
#    -24    16       2.6484045956E-005
#    -24    17       2.7199952041E-005
#    -24    18       4.7208858100E-005
#    -24    19       3.3638321356E-005
#    -24    20       1.5561899796E-004
#    -24    21       6.6887339141E-005
#    -24    22       3.0233101982E-006
#    -24    23       6.9153422105E-005
#    -24    24       2.3290686298E-005
#    -23    -2       3.6245576287E-005
#    -23    -1       2.1754361024E-005
#    -23     0       5.0201696837E-005
#    -23     1       2.9347085244E-005
#    -23     2       9.6170128629E-006
#    -23     3       7.0714586797E-005
#    -23     4       1.4838392313E-005
#    -23     5       4.2303179955E-005
#    -23     6       9.3652720651E-005
#    -23     7       4.7718090572E-005
#    -23     8       1.3894025446E-004
#    -23     9       8.1599699245E-005
#    -23    10       4.0415319706E-005
#    -23    11       8.8347318601E-005
#    -23    12       9.3308471947E-005
#    -23    13       1.5503416398E-004
#    -23    14       1.9070686912E-005
#    -23    15       3.8014894220E-005
#    -23    16       3.2046798264E-005
#    -23    17       1.9805902132E-005
#    -23    18       5.1689571190E-006
#    -23    19       4.8427636366E-005
#    -23    20       6.2968692239E-008
#    -23    21       4.2923231968E-005
#    -23    22       1.0026543769E-004
#    -23    23       1.2219171502E-005
#    -23    24       4.3664622838E-005
#    -23    25       2.2986396134E-005
#    -22    -4       8.9822254224E-006
#    -22    -3       1.2330049227E-005
#    -22    -2       1.1304571614E-004
#    -22    -1       8.2941817230E-006
#    -22     0       9.4846151156E-005
#    -22     1       2.2671293128E-005
#    -22     2       2.3936093233E-005
#    -22     3       4.4678332086E-006
#    -22     4       8.0079021698E-006
#    -22     5       3.1547154387E-005
#    -22     6       2.8790443566E-005
#    -22     7       3.2816192173E-005
#    -22     8       8.1039893779E-006
#    -22     9       9.6417993941E-006
#    -22    10       1.3166024815E-004
#    -22    11       1.9470335693E-004
#    -22    12       4.5052646991E-005
#    -22    13       7.4317311380E-005
#    -22    14       1.9509513196E-004
#    -22    15       8.9178828116E-005
#    -22    16       7.9522943744E-005
#    -22    17       1.2593598289E-004
#    -22    18       1.5760732989E-005
#    -22    19       9.3489392489E-005
#    -22    20       1.0550754831E-006
#    -22    21       2.9435601510E-006
#    -22    22       3.1875453222E-005
#    -22    23       1.9079933916E-005
#    -22    24       9.0241117504E-006
#    -22    25       3.0762606779E-005
#    -22    26       1.6816597004E-005
#    -21    -5       2.3657306345E-005
#    -21    -4       3.4156655937E-005
#    -21    -3       5.5362025178E-006
#    -21    -2       5.9115283604E-005
#    -21    -1       1.2692049100E-004
#    -21     0       3.3527407466E-005
#    -21     1       1.5416467977E-004
#    -21     2       2.6071500020E-004
#    -21     3       8.7629873269E-006
#    -21     4       2.5225659090E-005
#    -21     5       7.0474897329E-005
#    -21     6       5.3427690260E-005
#    -21     7       1.5793296758E-004
#    -21     8       1.6214021296E-005
#    -21     9       2.2286540554E-005
#    -21    10       1.0022896456E-004
#    -21    11       3.8266275560E-005
#    -21    12       3.6214065837E-005
#    -21    13       1.0996887374E-004
#    -21    14       1.2301911027E-004
#    -21    15       5.7953162447E-005
#    -21    16       1.4325044531E-005
#    -21    17       3.0996944749E-004
#    -21    18       2.0752974117E-005
#    -21    19       1.7823852154E-005
#    -21    20       1.6697679254E-004
#    -21    21       4.1828193599E-005
#    -21    22       9.2893279392E-005
#    -21    23       7.1314591802E-006
#    -21    24       3.7399806633E-006
#    -21    25       2.8989332590E-005
#    -21    26       2.6217851686E-005
#    -20    -7       4.5016061109E-005
#    -20    -6       5.2297654760E-006
#    -20    -5       6.6477539396E-004
#    -20    -4       1.2315054416E-005
#    -20    -3       3.5062991057E-005
#    -20    -2       1.1340531168E-005
#    -20    -1       1.0641466351E-004
#    -20     0       8.2721337273E-003
#    -20     1       4.7601856495E-005
#    -20     2       1.4640733185E-004
#    -20     3       1.1803854964E-004
#    -20     4       5.3872775489E-005
#    -20     5       9.8724766959E-003
#    -20     6       5.0034125341E-005
#    -20     7       7.8364481363E-005
#    -20     8       5.7914236788E-005
#    -20     9       4.1950083433E-005
#    -20    10       4.3653981053E-003
#    -20    11       8.6302189343E-005
#    -20    12       1.1541716617E-005
#    -20    13       1.4797574049E-004
#    -20    14       2.2231365023E-004
#    -20    15       6.6385081384E-003
#    -20    16       8.2853885565E-006
#    -20    17       5.8486863780E-005
#    -20    18       9.2994168148E-005
#    -20    19       4.4298353030E-005
#    -20    20       1.9931258301E-003
#    -20    21       1.3452063328E-004
#    -20    22       1.8398774644E-005
#    -20    23       1.1641388795E-004
#    -20    24       8.7521863553E-005
#    -20    25       2.9931066644E-004
#    -20    26       8.4017602160E-006
#    -20    27       1.5680003677E-005
#    -19    -8       3.6870108143E-005
#    -19    -7       5.6096317944E-005
#    -19    -6       2.8299227845E-005
#    -19    -5       1.5497362952E-004
#    -19    -4       2.8645308740E-005
#    -19    -3       7.9440643475E-005
#    -19    -2       4.1045931841E-005
#    -19    -1       8.5778370912E-005
#    -19     0       2.5707264469E-005
#    -19     1       1.2672248025E-004
#    -19     2       2.3503836777E-005
#    -19     3       2.3664983201E-004
#    -19     4       2.6458054677E-005
#    -19     5       1.6766198281E-005
#    -19     6       1.6968108580E-005
#    -19     7       4.2750787073E-005
#    -19     8       8.5625338943E-005
#    -19     9       5.2166335782E-006
#    -19    10       7.7923928996E-005
#    -19    11       2.1058718558E-004
#    -19    12       1.8341297255E-004
#    -19    13       4.9308557451E-005
#    -19    14       2.0012173943E-004
#    -19    15       2.1911997927E-004
#    -19    16       4.7032299937E-005
#    -19    17       1.2340696545E-004
#    -19    18       1.7750617391E-004
#    -19    19       2.8214956481E-005
#    -19    20       2.7816097030E-005
#    -19    21       1.7229254909E-005
#    -19    22       1.5983210948E-004
#    -19    23       6.6620587205E-008
#    -19    24       2.6101823894E-005
#    -19    25       1.2512984651E-004
#    -19    26       1.0072165284E-005
#    -19    27       4.6222021108E-006
#    -18    -9       2.5693450763E-006
#    -18    -8       4.8880189837E-006
#    -18    -7       1.5828188849E-004
#    -18    -6       2.6882975794E-005
#    -18    -5       3.7978945563E-005
#    -18    -4       1.4284559050E-004
#    -18    -3       5.0865039209E-005
#    -18    -2       2.3637832758E-004
#    -18    -1       3.4922944510E-004
#    -18     0       2.9048437756E-005
#    -18     1       8.5796709004E-006
#    -18     2       1.9627957477E-004
#    -18     3       3.2956500367E-004
#    -18     4       8.8103392976E-005
#    -18     5       2.9876878186E-006
#    -18     6       9.7700871964E-005
#    -18     7       5.4582787613E-005
#    -18     8       1.1242040908E-004
#    -18     9       7.4156114557E-005
#    -18    10       3.3128035160E-006
#    -18    11       1.4091066591E-004
#    -18    12       2.0868985136E-006
#    -18    13       1.8200526841E-005
#    -18    14       1.3337281308E-004
#    -18    15       1.3342133628E-004
#    -18    16       1.4563656428E-004
#    -18    17       6.3747094848E-006
#    -18    18       2.1246884786E-004
#    -18    19       1.2504246374E-004
#    -18    20       7.6883295021E-006
#    -18    21       4.7598437738E-005
#    -18    22       1.0583177129E-004
#    -18    23       4.4421849569E-005
#    -18    24       2.3997519158E-005
#    -18    25       2.7411000382E-005
#    -18    26       1.0279036809E-005
#    -18    27       1.1943236421E-005
#    -17   -10       8.4092310059E-005
#    -17    -9       6.5315370280E-005
#    -17    -8       1.3746877364E-005
#    -17    -7       4.2780541505E-005
#    -17    -6       6.2137495079E-005
#    -17    -5       8.8547324530E-005
#    -17    -4       2.6782181028E-004
#    -17    -3       2.1565145656E-005
#    -17    -2       1.1861795203E-004
#    -17    -1       1.4317409538E-004
#    -17     0       2.2490863781E-004
#    -17     1       1.8405881659E-005
#    -17     2       3.0875120947E-004
#    -17     3       1.2615721723E-004
#    -17     4       8.3137436445E-005
#    -17     5       6.5349702855E-005
#    -17     6       9.8770421716E-005
#    -17     7       2.8797442183E-004
#    -17     8       4.5403984919E-005
#    -17     9       3.5215953336E-006
#    -17    10       1.3959643573E-004
#    -17    11       3.4681252009E-004
#    -17    12       3.6218861967E-005
#    -17    13       6.9712422569E-005
#    -17    14       1.3942582684E-004
#    -17    15       8.1137450145E-006
#    -17    16       2.1017904148E-005
#    -17    17       8.3713587855E-005
#    -17    18       1.6485320654E-005
#    -17    19       8.9890280654E-005
#    -17    20       1.3093877265E-004
#    -17    21       1.0255009707E-005
#    -17    22       9.0844760898E-005
#    -17    23       5.3506650328E-005
#    -17    24       5.3824146589E-006
#    -17    25       5.8803287514E-005
#    -17    26       9.6591594152E-006
#    -17    27       2.8457405913E-005
#    -16   -11       1.5028547888E-005
#    -16   -10       5.6302813050E-006
#    -16    -9       2.5738932512E-005
#    -16    -8       5.6858828402E-005
#    -16    -7       2.6468239518E-004
#    -16    -6       2.0875579824E-005
#    -16    -5       6.1806641627E-005
#    -16    -4       2.2174319721E-004
#    -16    -3       3.3908734424E-005
#    -16    -2       2.9855837074E-004
#    -16    -1       7.8943711898E-005
#    -16     0       2.4922723684E-004
#    -16     1       1.1026371271E-004
#    -16     2       3.8733095877E-004
#    -16     3       1.3145333079E-004
#    -16     4       4.3188548339E-005
#    -16     5       9.6568724994E-005
#    -16     6       3.0758943225E-005
#    -16     7       5.0819832094E-005
#    -16     8       1.0148776547E-004
#    -16     9       1.4308333453E-004
#    -16    10       1.1511441027E-004
#    -16    11       1.2466357011E-004
#    -16    12       3.2321021232E-004
#    -16    13       7.9688038404E-005
#    -16    14       2.2929132556E-004
#    -16    15       1.7547934579E-004
#    -16    16       1.0200102456E-005
#    -16    17       1.3141116544E-004
#    -16    18       5.8159785770E-005
#    -16    19       1.2966317173E-005
#    -16    20       3.7964849281E-005
#    -16    21       7.5227571976E-005
#    -16    22       9.4556457594E-005
#    -16    23       5.0465741451E-005
#    -16    24       9.8107378422E-005
#    -16    25       2.9387298991E-005
#    -16    26       2.1385628109E-005
#    -16    27       9.7177783812E-006
#    -15   -13       1.9062560864E-005
#    -15   -12       2.8552529913E-006
#    -15   -11       2.4891616917E-006
#    -15   -10       1.0838414212E-003
#    -15    -9       7.2490501114E-005
#    -15    -8       1.1585409552E-005
#    -15    -7       2.5774085126E-005
#    -15    -6       1.4604536092E-004
#    -15    -5       9.3895173073E-003
#    -15    -4       2.9471334292E-004
#    -15    -3       7.3444956153E-006
#    -15    -2       2.2995949643E-005
#    -15    -1       2.9000485732E-004
#    -15     0       3.8741647239E-002
#    -15     1       1.4795378548E-005
#    -15     2       2.2577031624E-004
#    -15     3       5.1694723566E-004
#    -15     4       7.4775253088E-005
#    -15     5       1.2996949133E-002
#    -15     6       9.2165895403E-006
#    -15     7       8.7544386548E-006
#    -15     8       6.4215400502E-005
#    -15     9       1.0361404599E-005
#    -15    10       1.2783696239E-002
#    -15    11       4.2297878788E-005
#    -15    12       2.6661436961E-004
#    -15    13       1.3894795366E-004
#    -15    14       5.3594337471E-005
#    -15    15       2.0041452124E-002
#    -15    16       8.8272874148E-005
#    -15    17       5.3552289735E-005
#    -15    18       2.7255561113E-004
#    -15    19       8.6311995285E-005
#    -15    20       7.6339194185E-003
#    -15    21       2.7797316375E-005
#    -15    22       1.7017706461E-004
#    -15    23       2.6155805399E-005
#    -15    24       1.6804713170E-005
#    -15    25       9.9476795943E-004
#    -15    26       3.7662554796E-006
#    -15    27       1.2819477397E-005
#    -15    28       7.3765910272E-007
#    -14   -14       2.8272423153E-005
#    -14   -13       6.9841651588E-005
#    -14   -12       1.1574452955E-004
#    -14   -11       6.6989000694E-006
#    -14   -10       4.1862473223E-005
#    -14    -9       1.1145816814E-004
#    -14    -8       1.9262922284E-004
#    -14    -7       1.3939454218E-004
#    -14    -6       2.8123863457E-005
#    -14    -5       5.0898286948E-005
#    -14    -4       6.4673164332E-005
#    -14    -3       3.7618469169E-004
#    -14    -2       5.5479395866E-005
#    -14    -1       3.1873075436E-004
#    -14     0       7.0199438381E-005
#    -14     1       2.3897936212E-005
#    -14     2       3.3891388392E-006
#    -14     3       4.6674026176E-004
#    -14     4       2.0026817456E-004
#    -14     5       9.8099740000E-007
#    -14     6       4.0757827296E-005
#    -14     7       3.5873098509E-005
#    -14     8       1.1804743119E-004
#    -14     9       4.5705040833E-006
#    -14    10       3.0601364081E-005
#    -14    11       7.3405468906E-005
#    -14    12       2.2124068431E-004
#    -14    13       3.2782236344E-004
#    -14    14       1.3322762037E-004
#    -14    15       1.7767020715E-004
#    -14    16       2.6829145024E-004
#    -14    17       1.2355555913E-004
#    -14    18       8.5624087839E-005
#    -14    19       5.1381724884E-004
#    -14    20       5.9090046777E-005
#    -14    21       1.8321706850E-005
#    -14    22       5.2789615579E-005
#    -14    23       4.0510126254E-005
#    -14    24       1.1872308614E-004
#    -14    25       3.2793499283E-005
#    -14    26       4.4305666005E-005
#    -14    27       4.1945587460E-005
#    -14    28       1.1621538768E-006
#    -13   -15       3.2204821759E-005
#    -13   -14       2.1723528234E-005
#    -13   -13       9.8959083010E-007
#    -13   -12       2.8667824967E-005
#    -13   -11       1.8073508791E-004
#    -13   -10       2.4907152741E-004
#    -13    -9       2.8433056769E-005
#    -13    -8       1.5321102147E-005
#    -13    -7       6.6638355623E-005
#    -13    -6       2.6501487269E-004
#    -13    -5       2.2913614070E-004
#    -13    -4       7.2722659146E-005
#    -13    -3       1.4080672794E-004
#    -13    -2       2.0219714693E-004
#    -13    -1       8.0818561717E-004
#    -13     0       1.6739319025E-004
#    -13     1       2.9586940362E-006
#    -13     2       1.6633722968E-005
#    -13     3       7.2124441193E-005
#    -13     4       8.5162572540E-005
#    -13     5       5.9372329452E-005
#    -13     6       1.9335515305E-005
#    -13     7       2.9586064082E-006
#    -13     8       5.5262033575E-006
#    -13     9       2.5866310949E-004
#    -13    10       4.7282408511E-005
#    -13    11       1.1384767884E-005
#    -13    12       2.7831520750E-005
#    -13    13       2.2691804038E-004
#    -13    14       5.7995720905E-005
#    -13    15       5.2922901477E-005
#    -13    16       2.7188485435E-004
#    -13    17       1.5283287527E-004
#    -13    18       7.3336246616E-005
#    -13    19       9.2093882821E-005
#    -13    20       1.7200906484E-004
#    -13    21       3.6989242708E-004
#    -13    22       5.6277838021E-005
#    -13    23       1.5089201634E-004
#    -13    24       1.9053689844E-005
#    -13    25       2.4222803666E-005
#    -13    26       3.5263813059E-006
#    -13    27       2.5001314067E-005
#    -13    28       1.0282094855E-005
#    -12   -15       9.3191668983E-006
#    -12   -14       2.5854176190E-005
#    -12   -13       8.8067327747E-005
#    -12   -12       4.5573878903E-005
#    -12   -11       3.2786636249E-005
#    -12   -10       2.5969665920E-006
#    -12    -9       2.0720069506E-004
#    -12    -8       2.5885742756E-004
#    -12    -7       7.0148612556E-005
#    -12    -6       2.9555509461E-005
#    -12    -5       3.9398596412E-006
#    -12    -4       1.1535680186E-004
#    -12    -3       4.1483873793E-004
#    -12    -2       2.6155420049E-004
#    -12    -1       6.1711859762E-004
#    -12     0       4.9444920015E-004
#    -12     1       4.3473228603E-006
#    -12     2       1.9636090093E-004
#    -12     3       3.1687730771E-005
#    -12     4       8.7603208727E-005
#    -12     5       1.7929342720E-005
#    -12     6       1.1434255065E-005
#    -12     7       1.4253195000E-004
#    -12     8       1.1587318175E-005
#    -12     9       1.5917615529E-004
#    -12    10       1.6219544024E-004
#    -12    11       9.6454136430E-005
#    -12    12       2.0163411501E-004
#    -12    13       7.2956211554E-005
#    -12    14       7.1932758650E-005
#    -12    15       1.9378941676E-005
#    -12    16       1.9747427890E-004
#    -12    17       3.2058095265E-005
#    -12    18       9.1620748900E-005
#    -12    19       1.0847775696E-004
#    -12    20       3.4070138170E-005
#    -12    21       2.0808891487E-004
#    -12    22       1.2917688376E-004
#    -12    23       3.2635245716E-005
#    -12    24       1.4462367617E-004
#    -12    25       8.3389827377E-005
#    -12    26       1.4090997884E-005
#    -12    27       1.8900343840E-005
#    -11   -16       3.9667835760E-005
#    -11   -15       1.2573288917E-004
#    -11   -14       2.4854070133E-005
#    -11   -13       1.2280435570E-005
#    -11   -12       1.5841992290E-004
#    -11   -11       3.3663068666E-004
#    -11   -10       2.7278213689E-005
#    -11    -9       6.2620098686E-005
#    -11    -8       4.6571155425E-005
#    -11    -7       1.0751476574E-004
#    -11    -6       2.8385502382E-004
#    -11    -5       1.6929232297E-004
#    -11    -4       5.6318772337E-006
#    -11    -3       1.2934909842E-004
#    -11    -2       2.0648636742E-004
#    -11    -1       6.7343080460E-005
#    -11     0       7.6261457399E-004
#    -11     1       2.6052732398E-004
#    -11     2       9.9459060397E-005
#    -11     3       9.9155947512E-005
#    -11     4       2.0020548507E-005
#    -11     5       1.2437299819E-005
#    -11     6       9.4516940639E-005
#    -11     7       1.5080163678E-004
#    -11     8       1.2562047039E-006
#    -11     9       1.3850174853E-004
#    -11    10       5.6013671078E-004
#    -11    11       2.0366797232E-004
#    -11    12       1.9600188287E-004
#    -11    13       3.3927278052E-004
#    -11    14       1.2760706010E-004
#    -11    15       6.3243090269E-005
#    -11    16       2.2630707765E-004
#    -11    17       5.1600350958E-005
#    -11    18       9.2925618726E-005
#    -11    19       5.5731256160E-005
#    -11    20       4.7550085302E-005
#    -11    21       2.6421031960E-005
#    -11    22       2.4494550017E-004
#    -11    23       9.0438571003E-005
#    -11    24       7.6967582304E-006
#    -11    25       8.4178042104E-005
#    -11    26       8.4991484679E-006
#    -11    27       1.5596210614E-005
#    -10   -17       3.7158128660E-005
#    -10   -16       2.1474009963E-006
#    -10   -15       4.0825078204E-004
#    -10   -14       1.5814358970E-004
#    -10   -13       7.2396580230E-005
#    -10   -12       1.0224179902E-004
#    -10   -11       2.1476875911E-005
#    -10   -10       6.1613040510E-003
#    -10    -9       3.1457100310E-004
#    -10    -8       2.1192812727E-004
#    -10    -7       1.3084974983E-004
#    -10    -6       4.1551610976E-005
#    -10    -5       1.2932450577E-002
#    -10    -4       2.8181573579E-004
#    -10    -3       8.0151217568E-005
#    -10    -2       1.9453914942E-005
#    -10    -1       1.0540558323E-004
#    -10     0       1.1839438208E-002
#    -10     1       2.3173821372E-004
#    -10     2       1.9314658592E-005
#    -10     3       6.2675145759E-005
#    -10     4       1.5176231046E-004
#    -10     5       4.2550034751E-003
#    -10     6       1.4310046444E-004
#    -10     7       8.3968774083E-005
#    -10     8       1.9564409250E-004
#    -10     9       1.1182486668E-004
#    -10    10       3.8840381893E-002
#    -10    11       1.7090039048E-004
#    -10    12       3.1036860087E-005
#    -10    13       2.4875458295E-004
#    -10    14       3.5826910226E-005
#    -10    15       1.4631521785E-002
#    -10    16       2.5682744501E-004
#    -10    17       2.5372739208E-005
#    -10    18       2.8146951135E-004
#    -10    19       2.4177179953E-004
#    -10    20       6.8614838356E-003
#    -10    21       1.6275346333E-005
#    -10    22       1.1401329651E-004
#    -10    23       3.4844277652E-005
#    -10    24       6.1272008245E-005
#    -10    25       8.2971706718E-004
#    -10    26       6.8354089924E-005
#    -10    27       2.9783862896E-005
#     -9   -18       6.5987505677E-006
#     -9   -17       1.5340829850E-005
#     -9   -16       7.1693595201E-005
#     -9   -15       5.0819566282E-005
#     -9   -14       4.3584490946E-005
#     -9   -13       8.1955644184E-007
#     -9   -12       2.2968601107E-004
#     -9   -11       6.2895574465E-005
#     -9   -10       1.0326147951E-004
#     -9    -9       5.2863943421E-005
#     -9    -8       8.7865563309E-005
#     -9    -7       1.6084338831E-006
#     -9    -6       1.2287752025E-004
#     -9    -5       1.2503219977E-004
#     -9    -4       4.0444003578E-004
#     -9    -3       2.2697234777E-004
#     -9    -2       8.0695207330E-005
#     -9    -1       1.0332659557E-004
#     -9     0       6.1484842525E-006
#     -9     1       1.6882863997E-004
#     -9     2       1.1107359951E-004
#     -9     3       9.9497569951E-005
#     -9     4       1.3356282115E-004
#     -9     5       6.7557355375E-005
#     -9     6       1.6801535001E-004
#     -9     7       5.8682176444E-005
#     -9     8       3.3391876246E-004
#     -9     9       6.3391298414E-005
#     -9    10       2.8860291428E-005
#     -9    11       2.7568150916E-004
#     -9    12       1.3326471563E-004
#     -9    13       6.0868514135E-004
#     -9    14       2.4725483829E-004
#     -9    15       1.5074695486E-004
#     -9    16       9.0809148092E-005
#     -9    17       2.4661594470E-005
#     -9    18       2.8780129460E-004
#     -9    19       4.5760822942E-005
#     -9    20       1.0835296372E-004
#     -9    21       2.9756165355E-004
#     -9    22       2.6835722541E-006
#     -9    23       1.2000919434E-004
#     -9    24       1.2689368673E-005
#     -9    25       2.6462118609E-005
#     -9    26       7.1466143784E-006
#     -9    27       2.9217970166E-006
#     -8   -19       3.8844717738E-005
#     -8   -18       8.5982547839E-005
#     -8   -17       4.8882739807E-005
#     -8   -16       9.9767949444E-006
#     -8   -15       6.8583282460E-005
#     -8   -14       2.1869338210E-004
#     -8   -13       2.7081325209E-005
#     -8   -12       7.6701139945E-005
#     -8   -11       1.3421212794E-004
#     -8   -10       2.0112586000E-004
#     -8    -9       7.7602719307E-005
#     -8    -8       4.5326145179E-005
#     -8    -7       2.0027190294E-004
#     -8    -6       1.9191758283E-004
#     -8    -5       2.2788795083E-004
#     -8    -4       1.8174646550E-005
#     -8    -3       9.7797128428E-005
#     -8    -2       1.7817311483E-004
#     -8    -1       1.6980017872E-005
#     -8     0       8.1009066072E-005
#     -8     1       9.8221532504E-005
#     -8     2       2.7533529458E-004
#     -8     3       2.0311327038E-004
#     -8     4       2.1736287020E-005
#     -8     5       2.5774347441E-005
#     -8     6       9.9705037239E-005
#     -8     7       1.1061880960E-004
#     -8     8       9.2518427340E-006
#     -8     9       1.7840360511E-004
#     -8    10       2.8418512799E-004
#     -8    11       6.3550109299E-004
#     -8    12       5.5023950706E-005
#     -8    13       3.7285733499E-008
#     -8    14       2.4660126456E-004
#     -8    15       1.4339347859E-004
#     -8    16       4.9916745054E-005
#     -8    17       1.5402699750E-004
#     -8    18       1.7801648441E-004
#     -8    19       2.3487925414E-004
#     -8    20       2.3215630304E-005
#     -8    21       1.6232468757E-005
#     -8    22       2.7276321783E-004
#     -8    23       6.6148967475E-005
#     -8    24       1.2896466139E-005
#     -8    25       1.6844102224E-005
#     -8    26       1.7183400799E-005
#     -8    27       1.6228655765E-005
#     -7   -20       4.8731074192E-005
#     -7   -19       2.7808982146E-006
#     -7   -18       1.3294921148E-005
#     -7   -17       5.0558891703E-005
#     -7   -16       7.1619152113E-006
#     -7   -15       1.0893697006E-004
#     -7   -14       5.4872317809E-005
#     -7   -13       3.6878468784E-005
#     -7   -12       7.9323449515E-005
#     -7   -11       2.7753493776E-004
#     -7   -10       9.3935146097E-005
#     -7    -9       3.3194449539E-005
#     -7    -8       3.8652915947E-005
#     -7    -7       1.5278682625E-005
#     -7    -6       5.9313667486E-005
#     -7    -5       2.9172848602E-005
#     -7    -4       4.3096516533E-005
#     -7    -3       2.9923980700E-004
#     -7    -2       3.6793813970E-004
#     -7    -1       7.7267990953E-005
#     -7     0       1.0729332383E-005
#     -7     1       1.1412560109E-004
#     -7     2       3.7421008507E-005
#     -7     3       9.2877234379E-006
#     -7     4       3.3248897868E-005
#     -7     5       3.4241670909E-004
#     -7     6       2.3960749649E-004
#     -7     7       6.1257454103E-004
#     -7     8       7.2931531387E-005
#     -7     9       2.9680139733E-005
#     -7    10       1.9740737478E-005
#     -7    11       1.5184755087E-004
#     -7    12       3.2420759682E-005
#     -7    13       9.4336128021E-005
#     -7    14       1.8622845740E-004
#     -7    15       1.1278190364E-004
#     -7    16       3.5564741361E-004
#     -7    17       5.6604052189E-005
#     -7    18       6.4204588032E-006
#     -7    19       2.3432914570E-004
#     -7    20       2.3739785458E-005
#     -7    21       1.2289522178E-005
#     -7    22       9.5400979946E-005
#     -7    23       1.2147769834E-004
#     -7    24       6.8769895734E-005
#     -7    25       3.3740379075E-005
#     -7    26       2.2183770946E-005
#     -7    27       9.8707989982E-006
#     -6   -20       1.6749527571E-005
#     -6   -19       2.3480432416E-005
#     -6   -18       7.8637727525E-005
#     -6   -17       4.3042862026E-005
#     -6   -16       5.3071955613E-005
#     -6   -15       9.8904045019E-005
#     -6   -14       2.4328413426E-005
#     -6   -13       1.1622493218E-005
#     -6   -12       1.3349384843E-005
#     -6   -11       3.2885831147E-004
#     -6   -10       6.8405568740E-005
#     -6    -9       7.6800762440E-006
#     -6    -8       3.1879639844E-005
#     -6    -7       5.4265892714E-005
#     -6    -6       1.9711238956E-004
#     -6    -5       9.7709006514E-005
#     -6    -4       8.1117174802E-006
#     -6    -3       9.0075018076E-005
#     -6    -2       8.2360832859E-005
#     -6    -1       5.4314839278E-005
#     -6     0       1.3320123516E-004
#     -6     1       2.3373872839E-004
#     -6     2       2.8228213481E-004
#     -6     3       2.0046763921E-004
#     -6     4       9.8668501995E-005
#     -6     5       4.5564523819E-005
#     -6     6       2.8360801303E-005
#     -6     7       2.3154849133E-004
#     -6     8       1.2786624619E-005
#     -6     9       4.1487992465E-005
#     -6    10       2.9961563359E-004
#     -6    11       5.0938730099E-005
#     -6    12       2.2937786555E-004
#     -6    13       2.3629700618E-005
#     -6    14       5.1340989665E-005
#     -6    15       3.2654110616E-004
#     -6    16       7.2438228347E-005
#     -6    17       8.6312619585E-005
#     -6    18       2.6900822230E-004
#     -6    19       1.6626546921E-004
#     -6    20       1.4954815163E-004
#     -6    21       6.7973261197E-005
#     -6    22       2.7143258051E-005
#     -6    23       2.6421656687E-005
#     -6    24       1.4708858827E-005
#     -6    25       6.1672330368E-005
#     -6    26       4.3491059957E-005
#     -5   -21       2.9244251532E-005
#     -5   -20       2.2140053163E-004
#     -5   -19       2.9710586990E-005
#     -5   -18       2.4012059547E-006
#     -5   -17       3.8759613816E-005
#     -5   -16       2.7089105559E-005
#     -5   -15       5.3966150598E-003
#     -5   -14       1.1572018880E-004
#     -5   -13       1.7020886273E-005
#     -5   -12       4.4538628919E-005
#     -5   -11       1.0478831707E-004
#     -5   -10       1.1479483485E-002
#     -5    -9       2.4738479680E-005
#     -5    -8       5.7907295768E-006
#     -5    -7       3.4895838686E-005
#     -5    -6       1.8740271303E-004
#     -5    -5       4.0558586472E-003
#     -5    -4       2.8235817985E-006
#     -5    -3       1.5866021229E-005
#     -5    -2       2.5867414582E-004
#     -5    -1       1.7769488368E-004
#     -5     0       2.6122648005E-002
#     -5     1       1.3506240129E-004
#     -5     2       6.3816969486E-005
#     -5     3       2.5837564292E-004
#     -5     4       6.2984055073E-005
#     -5     5       1.7227879532E-003
#     -5     6       5.1552764468E-005
#     -5     7       2.5768521038E-004
#     -5     8       1.5228443365E-004
#     -5     9       1.4312450610E-007
#     -5    10       3.3264964079E-003
#     -5    11       1.0908150159E-004
#     -5    12       3.8247937322E-004
#     -5    13       3.5426007624E-005
#     -5    14       3.3463909289E-005
#     -5    15       1.2420869448E-002
#     -5    16       7.7249809641E-005
#     -5    17       1.9451375485E-004
#     -5    18       1.3623001090E-006
#     -5    19       7.6656188447E-005
#     -5    20       1.0380955253E-002
#     -5    21       4.1812918819E-005
#     -5    22       1.3122579901E-005
#     -5    23       6.8847166208E-005
#     -5    24       3.3473702025E-005
#     -5    25       9.2959809868E-004
#     -5    26       1.6066256488E-006
#     -4   -22       3.0265214483E-006
#     -4   -21       2.3967404828E-005
#     -4   -20       5.2826316769E-005
#     -4   -19       3.2417659064E-006
#     -4   -18       1.0542553660E-004
#     -4   -17       6.0126456242E-006
#     -4   -16       2.5117654072E-005
#     -4   -15       2.4670875928E-004
#     -4   -14       4.1410918073E-005
#     -4   -13       3.3358867424E-005
#     -4   -12       3.4007483804E-005
#     -4   -11       2.9164158949E-005
#     -4   -10       2.5475199068E-004
#     -4    -9       6.4699246779E-005
#     -4    -8       1.3233613120E-004
#     -4    -7       9.2423902626E-005
#     -4    -6       8.8119677180E-006
#     -4    -5       1.4269282339E-004
#     -4    -4       1.7243175694E-005
#     -4    -3       1.4031299808E-005
#     -4    -2       1.6104201768E-005
#     -4    -1       1.4045808541E-004
#     -4     0       9.4236849009E-005
#     -4     1       1.9497355231E-004
#     -4     2       4.3591469302E-004
#     -4     3       4.9540681552E-004
#     -4     4       1.4747587881E-004
#     -4     5       1.2152357922E-004
#     -4     6       5.6454515170E-005
#     -4     7       2.0288103899E-004
#     -4     8       3.4784179579E-004
#     -4     9       8.2636246421E-005
#     -4    10       5.8068207626E-005
#     -4    11       1.0594433807E-004
#     -4    12       1.2412299297E-004
#     -4    13       2.0165454655E-004
#     -4    14       1.0106275467E-004
#     -4    15       1.2256294804E-005
#     -4    16       2.3293220560E-004
#     -4    17       6.2239828560E-005
#     -4    18       1.9441246390E-005
#     -4    19       1.6958853212E-004
#     -4    20       5.3719021514E-005
#     -4    21       2.4340938350E-004
#     -4    22       3.7335259368E-005
#     -4    23       5.9401108000E-005
#     -4    24       2.7482574216E-006
#     -4    25       9.8587303292E-005
#     -4    26       4.0647137997E-005
#     -3   -22       1.0412245284E-005
#     -3   -21       5.1038259285E-005
#     -3   -20       4.8538615471E-005
#     -3   -19       1.8088797971E-004
#     -3   -18       2.4085476356E-006
#     -3   -17       1.2203794574E-005
#     -3   -16       2.6197355700E-004
#     -3   -15       5.9844073333E-005
#     -3   -14       3.2911642759E-004
#     -3   -13       6.1587752505E-005
#     -3   -12       1.7937214332E-004
#     -3   -11       2.2740998186E-004
#     -3   -10       5.3984152542E-005
#     -3    -9       4.5178426546E-005
#     -3    -8       1.1477398588E-004
#     -3    -7       1.1232470873E-004
#     -3    -6       7.9341372829E-005
#     -3    -5       2.0299783539E-004
#     -3    -4       2.3652983755E-004
#     -3    -3       7.5907259232E-005
#     -3    -2       6.4526585431E-005
#     -3    -1       4.5017360251E-004
#     -3     0       3.5174813656E-005
#     -3     1       2.4703260500E-004
#     -3     2       1.3740145548E-004
#     -3     3       2.8258787866E-004
#     -3     4       4.2700919409E-004
#     -3     5       5.7869069436E-005
#     -3     6       6.4723775176E-005
#     -3     7       5.4517285190E-005
#     -3     8       4.4571553758E-004
#     -3     9       5.8836436490E-005
#     -3    10       3.2497251852E-005
#     -3    11       1.5962888858E-004
#     -3    12       4.0401016299E-005
#     -3    13       1.3649939746E-004
#     -3    14       8.0162857863E-005
#     -3    15       3.0453539256E-005
#     -3    16       4.5184490661E-004
#     -3    17       8.5730701263E-005
#     -3    18       4.8181784110E-004
#     -3    19       1.3981081169E-005
#     -3    20       1.3302078077E-006
#     -3    21       1.0455349641E-004
#     -3    22       4.1613144347E-005
#     -3    23       1.6542318740E-004
#     -3    24       5.5578770615E-005
#     -3    25       2.8800426896E-006
#     -2   -23       3.0481737029E-005
#     -2   -22       4.0044016727E-005
#     -2   -21       1.3969242639E-005
#     -2   -20       2.2690264729E-005
#     -2   -19       1.2059311344E-005
#     -2   -18       1.8171517961E-004
#     -2   -17       1.0203261804E-004
#     -2   -16       3.1766697015E-004
#     -2   -15       3.1733880700E-006
#     -2   -14       1.7304569327E-004
#     -2   -13       1.3996586773E-004
#     -2   -12       4.5180126535E-006
#     -2   -11       5.6966181626E-004
#     -2   -10       1.8469327737E-004
#     -2    -9       3.7245691714E-004
#     -2    -8       1.0834506171E-004
#     -2    -7       6.8616531105E-006
#     -2    -6       1.0316021454E-005
#     -2    -5       2.4923131520E-004
#     -2    -4       2.3766581406E-004
#     -2    -3       3.0850966281E-004
#     -2    -2       6.8758984209E-006
#     -2    -1       4.4415360131E-004
#     -2     0       3.6131956994E-004
#     -2     1       2.3280670483E-004
#     -2     2       3.4216334605E-006
#     -2     3       3.3335648238E-005
#     -2     4       2.8640254345E-004
#     -2     5       7.7587422263E-005
#     -2     6       2.3964184280E-004
#     -2     7       1.0747029191E-005
#     -2     8       2.0926872287E-004
#     -2     9       1.6396102667E-004
#     -2    10       7.2435777624E-005
#     -2    11       3.6098608870E-004
#     -2    12       2.2733442699E-004
#     -2    13       1.3168062313E-004
#     -2    14       1.9417742378E-004
#     -2    15       4.0275033235E-005
#     -2    16       6.4785187235E-005
#     -2    17       4.9441931716E-005
#     -2    18       1.1902705842E-004
#     -2    19       2.3564301575E-005
#     -2    20       1.0915664794E-004
#     -2    21       4.8845714875E-005
#     -2    22       1.0434272193E-005
#     -2    23       2.0632277577E-005
#     -2    24       3.0232623326E-006
#     -2    25       4.7870660681E-005
#     -1   -23       1.5724271545E-005
#     -1   -22       1.9033068588E-005
#     -1   -21       1.4073112544E-004
#     -1   -20       1.6599538020E-005
#     -1   -19       2.0863298457E-004
#     -1   -18       1.3982597446E-004
#     -1   -17       5.7503576078E-005
#     -1   -16       2.7061532271E-004
#     -1   -15       2.2127085976E-004
#     -1   -14       1.4199044677E-007
#     -1   -13       4.6703649183E-004
#     -1   -12       1.7773640862E-004
#     -1   -11       1.8126552557E-004
#     -1   -10       2.3851589601E-004
#     -1    -9       2.6020533901E-004
#     -1    -8       1.7845774923E-004
#     -1    -7       2.9038471118E-004
#     -1    -6       8.9635286692E-005
#     -1    -5       5.9777736793E-007
#     -1    -4       1.7914454387E-004
#     -1    -3       3.2095832174E-004
#     -1    -2       8.1819740583E-005
#     -1    -1       2.3929663503E-004
#     -1     0       8.6850909862E-004
#     -1     1       7.3260584154E-005
#     -1     2       1.5486153709E-004
#     -1     3       3.8404253933E-004
#     -1     4       1.5834841273E-004
#     -1     5       2.9294957010E-004
#     -1     6       1.7956725518E-005
#     -1     7       1.5653179723E-004
#     -1     8       5.9396323100E-004
#     -1     9       4.4274400586E-004
#     -1    10       8.1504740477E-005
#     -1    11       5.1537897224E-005
#     -1    12       1.7307279414E-005
#     -1    13       1.2558758811E-004
#     -1    14       3.7168635651E-005
#     -1    15       5.5624837584E-005
#     -1    16       1.5093516406E-005
#     -1    17       1.4996341596E-004
#     -1    18       4.1382772944E-004
#     -1    19       1.6858652588E-004
#     -1    20       3.7829989842E-005
#     -1    21       3.5648746060E-005
#     -1    22       1.1851463488E-004
#     -1    23       8.0248044430E-005
#     -1    24       3.6474191499E-006
#      0   -24       2.3619361841E-005
#      0   -23       8.9260216286E-005
#      0   -22       6.8350127917E-005
#      0   -21       4.2341249394E-005
#      0   -20       1.6126224875E-003
#      0   -19       4.4929692470E-005
#      0   -18       7.1744572798E-005
#      0   -17       1.6822442289E-004
#      0   -16       3.8911604284E-004
#      0   -15       2.2511577345E-002
#      0   -14       1.3820134038E-004
#      0   -13       1.2777701361E-004
#      0   -12       1.0239801038E-004
#      0   -11       2.8815120590E-005
#      0   -10       3.6427949915E-002
#      0    -9       1.1642992236E-005
#      0    -8       7.7714588026E-005
#      0    -7       3.4721110736E-006
#      0    -6       1.1399013131E-004
#      0    -5       1.5982470536E-003
#      0    -4       1.1465364607E-004
#      0    -3       3.6653352740E-004
#      0    -2       4.0681613668E-005
#      0    -1       4.2559603684E-005
#      0     0       2.4637930593E-002
#      0     1       2.9246823150E-004
#      0     2       5.4650258099E-005
#      0     3       2.7574243603E-005
#      0     4       6.8705481619E-005
#      0     5       2.5942608102E-002
#      0     6       2.9467979171E-004
#      0     7       9.2488826134E-006
#      0     8       7.0837626082E-005
#      0     9       1.3550764138E-004
#      0    10       1.4360429806E-002
#      0    11       1.0650530915E-004
#      0    12       9.5514008109E-005
#      0    13       1.5346235194E-004
#      0    14       2.7900201347E-007
#      0    15       3.9179821536E-002
#      0    16       4.4299682607E-005
#      0    17       8.8224533258E-005
#      0    18       4.1102847905E-005
#      0    19       1.1699893873E-006
#      0    20       7.9114704494E-003
#      0    21       8.5949606539E-005
#      0    22       3.0532784577E-005
#      0    23       1.5715821624E-005
#      0    24       8.4192793994E-006
#      1   -24       3.8557420630E-005
#      1   -23       1.2173955323E-005
#      1   -22       3.5481882145E-005
#      1   -21       1.0526301988E-004
#      1   -20       8.4002672055E-005
#      1   -19       2.4659761275E-004
#      1   -18       1.6451422845E-004
#      1   -17       2.7127570901E-005
#      1   -16       5.3405633515E-005
#      1   -15       1.0142518330E-004
#      1   -14       4.7643208032E-004
#      1   -13       2.8099201153E-004
#      1   -12       1.1298199814E-004
#      1   -11       1.7158340975E-005
#      1   -10       3.3839897457E-004
#      1    -9       5.2736282123E-005
#      1    -8       7.1720469112E-004
#      1    -7       2.7727450930E-004
#      1    -6       1.8365281267E-005
#      1    -5       1.2241256802E-004
#      1    -4       6.2157599527E-005
#      1    -3       1.8863769798E-005
#      1    -2       1.2059151068E-004
#      1    -1       5.6251121431E-005
#      1     0       4.0666211091E-004
#      1     1       3.6137043798E-004
#      1     2       1.7047811533E-004
#      1     3       5.2018150625E-004
#      1     4       6.9565934192E-005
#      1     5       9.8273578542E-005
#      1     6       2.8174820055E-004
#      1     7       1.5192722209E-004
#      1     8       5.0589221992E-004
#      1     9       2.2195478465E-004
#      1    10       1.8318389822E-004
#      1    11       1.7166429783E-004
#      1    12       1.1064392965E-004
#      1    13       8.0754250337E-006
#      1    14       4.7062588497E-005
#      1    15       4.5327427309E-005
#      1    16       7.3876863129E-005
#      1    17       2.2323061659E-004
#      1    18       2.5529351315E-004
#      1    19       8.2406661423E-005
#      1    20       2.4251778842E-005
#      1    21       1.4475696980E-005
#      1    22       7.8214953927E-005
#      1    23       1.0881339861E-004
#      2   -25       3.2430616115E-005
#      2   -24       3.5756270696E-005
#      2   -23       1.7621397971E-005
#      2   -22       1.8068839902E-004
#      2   -21       7.0764909112E-005
#      2   -20       6.4908688711E-005
#      2   -19       1.3420465768E-004
#      2   -18       1.2223852286E-005
#      2   -17       2.2679737342E-004
#      2   -16       4.2117999966E-005
#      2   -15       7.6705421558E-004
#      2   -14       2.9026082338E-004
#      2   -13       4.3493870301E-005
#      2   -12       1.7830416340E-005
#      2   -11       5.0642933379E-004
#      2   -10       2.7244292340E-004
#      2    -9       2.5512167555E-004
#      2    -8       1.8475750060E-004
#      2    -7       4.7392513770E-006
#      2    -6       2.5322033322E-005
#      2    -5       5.3517441240E-004
#      2    -4       2.0867141117E-004
#      2    -3       1.6575397184E-005
#      2    -2       2.3250305440E-006
#      2    -1       2.4230247083E-004
#      2     0       5.3194907329E-005
#      2     1       3.9001160902E-004
#      2     2       3.7945489258E-005
#      2     3       5.3836232210E-005
#      2     4       2.3267615990E-004
#      2     5       4.3404514498E-004
#      2     6       4.5546385503E-004
#      2     7       3.0405841673E-004
#      2     8       2.7402925660E-004
#      2     9       2.3675922068E-004
#      2    10       3.0713373686E-005
#      2    11       6.9144187873E-005
#      2    12       3.3620780350E-005
#      2    13       6.0511958499E-005
#      2    14       7.0787122814E-005
#      2    15       8.6843918542E-005
#      2    16       4.2216138669E-004
#      2    17       2.8212680015E-005
#      2    18       9.7157730172E-005
#      2    19       7.5370159448E-005
#      2    20       1.2334070436E-004
#      2    21       4.1414670184E-005
#      2    22       1.0062939891E-005
#      2    23       2.6271013133E-005
#      3   -25       5.4785463512E-006
#      3   -24       3.8181565693E-005
#      3   -23       1.3426814473E-004
#      3   -22       3.6077227656E-006
#      3   -21       2.9088495280E-005
#      3   -20       4.3616721315E-005
#      3   -19       6.2060663159E-004
#      3   -18       2.1366772731E-004
#      3   -17       1.5493899897E-005
#      3   -16       2.6018909570E-005
#      3   -15       1.7820725395E-004
#      3   -14       1.8198519702E-004
#      3   -13       4.7902104420E-004
#      3   -12       1.5561166315E-004
#      3   -11       3.4332206882E-004
#      3   -10       9.1161740670E-005
#      3    -9       2.2417818077E-004
#      3    -8       7.1141463339E-005
#      3    -7       2.9724140725E-004
#      3    -6       1.8954853056E-005
#      3    -5       1.3966537022E-004
#      3    -4       4.2319168920E-004
#      3    -3       1.8792873282E-004
#      3    -2       1.2136541073E-004
#      3    -1       1.9801413316E-004
#      3     0       6.9003471449E-005
#      3     1       2.2139710409E-004
#      3     2       7.0576792120E-004
#      3     3       1.4958911116E-004
#      3     4       1.6954161364E-005
#      3     5       2.1692053636E-005
#      3     6       2.2618605869E-004
#      3     7       8.3815631390E-005
#      3     8       8.5144234248E-005
#      3     9       6.8076158923E-005
#      3    10       7.9379640998E-008
#      3    11       6.8475737230E-006
#      3    12       1.2562308007E-004
#      3    13       1.0830758396E-004
#      3    14       4.3489108620E-005
#      3    15       5.0764081191E-005
#      3    16       1.2154486089E-004
#      3    17       1.3212281359E-004
#      3    18       1.1490743119E-004
#      3    19       5.2059268022E-006
#      3    20       8.5473785131E-005
#      3    21       2.6946964450E-005
#      3    22       3.1608927367E-005
#      4   -26       2.1979609229E-005
#      4   -25       8.4668460073E-006
#      4   -24       8.7596706521E-005
#      4   -23       2.3923149388E-005
#      4   -22       2.5693690966E-004
#      4   -21       6.4698384764E-006
#      4   -20       5.8828787543E-005
#      4   -19       1.4442402994E-004
#      4   -18       4.5337262888E-006
#      4   -17       7.9312333870E-005
#      4   -16       3.2277248286E-004
#      4   -15       3.2127577011E-005
#      4   -14       1.6700946980E-004
#      4   -13       2.9001414143E-004
#      4   -12       4.6817993496E-005
#      4   -11       6.7365872318E-005
#      4   -10       2.4377851539E-004
#      4    -9       6.7464245752E-005
#      4    -8       1.4290666469E-004
#      4    -7       4.8409255602E-005
#      4    -6       6.5736061695E-005
#      4    -5       5.5223006753E-005
#      4    -4       2.1111098839E-004
#      4    -3       1.3645125080E-004
#      4    -2       2.6497208953E-005
#      4    -1       2.1703465184E-005
#      4     0       5.8717056334E-004
#      4     1       7.0835561200E-005
#      4     2       2.1876337818E-004
#      4     3       6.3120973229E-005
#      4     4       4.8757888416E-005
#      4     5       2.4914707950E-004
#      4     6       2.2638338154E-005
#      4     7       1.4736636878E-005
#      4     8       6.6999760209E-005
#      4     9       2.4086408528E-004
#      4    10       4.6290985283E-006
#      4    11       1.0995606380E-005
#      4    12       4.8575883559E-005
#      4    13       3.8594859287E-005
#      4    14       1.9609503700E-004
#      4    15       2.2435877066E-004
#      4    16       3.3964959661E-005
#      4    17       9.5361118525E-005
#      4    18       8.1615992952E-005
#      4    19       2.7625997766E-005
#      4    20       1.6509813388E-004
#      4    21       6.9076107308E-006
#      4    22       2.4130448101E-005
#      5   -26       6.1752891080E-006
#      5   -25       4.2249402437E-004
#      5   -24       7.1824679201E-005
#      5   -23       7.8985679562E-005
#      5   -22       8.6868563147E-007
#      5   -21       8.3536906226E-005
#      5   -20       6.9218431402E-003
#      5   -19       9.2496460021E-005
#      5   -18       2.1588910987E-004
#      5   -17       7.7038055035E-007
#      5   -16       3.4628898789E-004
#      5   -15       1.3380259097E-002
#      5   -14       5.5638194203E-005
#      5   -13       1.8470484954E-004
#      5   -12       2.0007134175E-005
#      5   -11       1.9316529238E-004
#      5   -10       2.9950338043E-003
#      5    -9       5.2407469359E-005
#      5    -8       2.3214283943E-004
#      5    -7       8.9554615656E-005
#      5    -6       9.9486812527E-007
#      5    -5       2.9090262962E-002
#      5    -4       1.3766991329E-004
#      5    -3       2.6526233419E-005
#      5    -2       5.4230530879E-005
#      5    -1       5.2076202536E-005
#      5     0       1.1867737308E-003
#      5     1       6.5020261405E-005
#      5     2       2.0460663456E-005
#      5     3       1.3961906212E-004
#      5     4       2.1939146579E-004
#      5     5       2.8412534800E-003
#      5     6       2.6925305133E-004
#      5     7       3.4776522366E-006
#      5     8       3.9670223697E-005
#      5     9       6.3757657482E-005
#      5    10       1.4389604336E-002
#      5    11       5.8029319413E-005
#      5    12       1.5746032436E-005
#      5    13       1.4320267170E-004
#      5    14       6.6457022977E-005
#      5    15       1.1308994589E-002
#      5    16       4.2966223022E-005
#      5    17       1.3596867080E-004
#      5    18       8.4665879735E-005
#      5    19       8.3262744815E-006
#      5    20       1.2529171137E-003
#      5    21       4.7266933219E-006
#      6   -26       8.3410085482E-006
#      6   -25       1.1632907426E-005
#      6   -24       1.0123210608E-004
#      6   -23       4.0224355551E-006
#      6   -22       1.4987967805E-004
#      6   -21       1.9349153353E-005
#      6   -20       1.7483766165E-005
#      6   -19       9.4375155423E-006
#      6   -18       2.3868870763E-005
#      6   -17       1.0854692748E-005
#      6   -16       5.1601202361E-005
#      6   -15       4.4843833564E-005
#      6   -14       1.5896113993E-005
#      6   -13       4.2876256719E-004
#      6   -12       7.1345016650E-005
#      6   -11       1.0444174586E-004
#      6   -10       4.7085150895E-005
#      6    -9       1.9429188523E-005
#      6    -8       6.3280901753E-006
#      6    -7       1.2566152490E-004
#      6    -6       2.2545013027E-005
#      6    -5       1.2812988492E-004
#      6    -4       3.3629030908E-004
#      6    -3       1.6822668919E-004
#      6    -2       1.0085697704E-004
#      6    -1       2.3420741367E-004
#      6     0       1.0435748547E-004
#      6     1       1.7569182140E-005
#      6     2       6.0063003760E-005
#      6     3       1.1934393646E-004
#      6     4       2.5081466770E-004
#      6     5       1.4587271542E-004
#      6     6       6.9963057813E-005
#      6     7       4.1271178980E-006
#      6     8       5.9180542227E-005
#      6     9       1.8489300084E-005
#      6    10       1.4324205366E-004
#      6    11       4.4211945806E-005
#      6    12       6.9454345067E-005
#      6    13       9.4681456216E-005
#      6    14       2.0673948035E-005
#      6    15       8.4937354015E-005
#      6    16       4.5663993040E-005
#      6    17       5.5998732734E-005
#      6    18       1.5468547811E-004
#      6    19       1.7349864889E-005
#      6    20       1.6557385862E-005
#      7   -27       1.4363380050E-006
#      7   -26       8.1201106453E-005
#      7   -25       4.2520460219E-005
#      7   -24       5.5822481308E-005
#      7   -23       2.9594732560E-005
#      7   -22       4.0504912866E-005
#      7   -21       1.0095766643E-004
#      7   -20       1.5235472020E-004
#      7   -19       8.8820560736E-006
#      7   -18       1.0096258961E-005
#      7   -17       9.8079606950E-005
#      7   -16       2.1885087187E-004
#      7   -15       1.1507441742E-005
#      7   -14       2.6751303791E-005
#      7   -13       1.1502915881E-004
#      7   -12       4.8643277386E-005
#      7   -11       9.7658608161E-006
#      7   -10       1.7740343817E-004
#      7    -9       1.1590796408E-004
#      7    -8       6.2826404501E-005
#      7    -7       3.9991362462E-005
#      7    -6       2.4296879022E-005
#      7    -5       4.7943532206E-005
#      7    -4       3.2895874566E-004
#      7    -3       5.3124237008E-005
#      7    -2       2.4091113414E-006
#      7    -1       2.7646000748E-004
#      7     0       6.6914036396E-005
#      7     1       2.7082807036E-005
#      7     2       1.2842971727E-005
#      7     3       2.2035969129E-004
#      7     4       1.3138620047E-004
#      7     5       2.1855648423E-005
#      7     6       4.8680232134E-005
#      7     7       1.5003060178E-005
#      7     8       1.9309278107E-004
#      7     9       1.4250131348E-004
#      7    10       2.4080285167E-005
#      7    11       9.2867169978E-005
#      7    12       2.1292237175E-005
#      7    13       2.2783053146E-004
#      7    14       1.3459691429E-004
#      7    15       1.2435480825E-004
#      7    16       1.8346981889E-005
#      7    17       1.0086779215E-004
#      7    18       7.6310056733E-005
#      7    19       3.5688945313E-005
#      7    20       1.7885341857E-005
#      8   -27       6.9854458914E-006
#      8   -26       3.4943280850E-006
#      8   -25       7.9227169042E-005
#      8   -24       4.3980524070E-005
#      8   -23       2.2258861463E-005
#      8   -22       1.0392161510E-004
#      8   -21       1.0000329721E-004
#      8   -20       1.2782007337E-005
#      8   -19       2.1980617984E-004
#      8   -18       9.2954927952E-006
#      8   -17       4.8472792813E-005
#      8   -16       1.9560652759E-004
#      8   -15       6.2314812021E-005
#      8   -14       9.2173005778E-005
#      8   -13       1.4482862579E-004
#      8   -12       6.3795357910E-005
#      8   -11       2.0669856241E-004
#      8   -10       2.6397894515E-004
#      8    -9       1.5266713396E-004
#      8    -8       2.4406383007E-004
#      8    -7       1.6867591098E-004
#      8    -6       5.0350984312E-005
#      8    -5       5.4982185031E-005
#      8    -4       1.0935330890E-004
#      8    -3       1.8657793984E-005
#      8    -2       3.0445742156E-006
#      8    -1       2.1700539118E-004
#      8     0       5.6357260877E-006
#      8     1       2.8421307864E-004
#      8     2       3.1605041480E-005
#      8     3       7.3316247220E-005
#      8     4       7.9374218966E-005
#      8     5       1.1294686917E-004
#      8     6       2.8653811406E-004
#      8     7       4.0259206730E-005
#      8     8       1.0998436953E-004
#      8     9       1.0491979166E-004
#      8    10       2.7237916737E-005
#      8    11       1.2932427496E-004
#      8    12       5.3606861127E-005
#      8    13       2.0132094525E-004
#      8    14       7.1499105395E-005
#      8    15       2.6031871948E-005
#      8    16       5.7796122144E-005
#      8    17       3.9383904314E-005
#      8    18       2.9636627841E-005
#      8    19       4.6007759342E-005
#      9   -27       1.1447939188E-005
#      9   -26       2.9974116848E-005
#      9   -25       4.4020591972E-005
#      9   -24       3.1872327421E-005
#      9   -23       4.0968100000E-005
#      9   -22       1.5096810307E-004
#      9   -21       3.0558092031E-006
#      9   -20       1.3659727144E-004
#      9   -19       2.6794744137E-006
#      9   -18       6.8107294853E-005
#      9   -17       1.0495144662E-004
#      9   -16       9.6394297962E-005
#      9   -15       5.3888369037E-005
#      9   -14       2.4735391498E-005
#      9   -13       3.4264752059E-004
#      9   -12       1.8965257879E-004
#      9   -11       6.6018168084E-005
#      9   -10       2.1328563081E-004
#      9    -9       4.0217667406E-005
#      9    -8       1.5421149349E-004
#      9    -7       8.7054198934E-005
#      9    -6       4.4951249135E-005
#      9    -5       4.4001167195E-004
#      9    -4       3.6173273807E-005
#      9    -3       1.5313612652E-005
#      9    -2       2.2946403765E-004
#      9    -1       1.2068716316E-004
#      9     0       4.9929490564E-005
#      9     1       1.0822246027E-004
#      9     2       1.7654704542E-004
#      9     3       2.9192357792E-004
#      9     4       3.7362639123E-005
#      9     5       6.7555852840E-005
#      9     6       1.5569948990E-004
#      9     7       9.1193225846E-005
#      9     8       1.5303448424E-004
#      9     9       3.7488535570E-006
#      9    10       2.0575139121E-004
#      9    11       4.1106149183E-005
#      9    12       7.6785641579E-005
#      9    13       4.0755016684E-005
#      9    14       8.4298567862E-007
#      9    15       2.3654755800E-004
#      9    16       3.9213430295E-005
#      9    17       5.2015404618E-005
#      9    18       4.0661799606E-006
#     10   -27       2.3166744409E-005
#     10   -26       3.3893023849E-005
#     10   -25       3.3389488068E-004
#     10   -24       1.7112468378E-004
#     10   -23       1.0347760080E-004
#     10   -22       1.5048769185E-004
#     10   -21       5.0757003066E-005
#     10   -20       5.2402725672E-003
#     10   -19       8.5980082695E-005
#     10   -18       2.0339902692E-004
#     10   -17       1.6418044076E-004
#     10   -16       9.7116335076E-005
#     10   -15       1.2416083399E-002
#     10   -14       5.0822357082E-006
#     10   -13       1.8317326150E-004
#     10   -12       1.0606567165E-005
#     10   -11       4.8940579006E-005
#     10   -10       1.4852006664E-002
#     10    -9       7.8896450766E-005
#     10    -8       2.0207797541E-004
#     10    -7       2.3842383080E-004
#     10    -6       1.5821721542E-004
#     10    -5       3.2951227039E-003
#     10    -4       2.8927780289E-005
#     10    -3       9.8465516652E-005
#     10    -2       1.4750602860E-004
#     10    -1       4.0436024309E-005
#     10     0       4.1245839337E-002
#     10     1       3.9874194797E-005
#     10     2       4.8825174208E-005
#     10     3       2.2364141900E-004
#     10     4       6.3305493349E-005
#     10     5       1.2810454182E-002
#     10     6       1.3349824140E-005
#     10     7       1.2695449530E-004
#     10     8       9.5141099203E-005
#     10     9       5.6189840591E-005
#     10    10       4.2712153240E-003
#     10    11       2.2269215531E-005
#     10    12       1.0039257039E-004
#     10    13       5.9747923027E-005
#     10    14       1.0492303005E-005
#     10    15       3.1970581668E-004
#     10    16       8.8251099250E-006
#     10    17       4.1003608874E-005
#     11   -27       9.0077177948E-005
#     11   -26       5.0248290067E-005
#     11   -25       6.1062813364E-005
#     11   -24       5.3299557152E-005
#     11   -23       1.2765331908E-005
#     11   -22       1.4526490264E-004
#     11   -21       2.0357345257E-004
#     11   -20       9.0140626315E-005
#     11   -19       9.0038092818E-005
#     11   -18       7.8119908480E-005
#     11   -17       1.1065154379E-004
#     11   -16       5.4736087539E-005
#     11   -15       2.2144958304E-004
#     11   -14       1.9525427089E-004
#     11   -13       6.5143278809E-005
#     11   -12       3.2344467523E-004
#     11   -11       1.2492295969E-004
#     11   -10       2.3726469584E-004
#     11    -9       7.5450352081E-005
#     11    -8       6.1809141647E-005
#     11    -7       1.0885888778E-005
#     11    -6       1.0739884382E-004
#     11    -5       3.0671449449E-004
#     11    -4       6.9406353329E-005
#     11    -3       1.4223808861E-004
#     11    -2       5.9756894325E-005
#     11    -1       4.8186824209E-005
#     11     0       6.1099952787E-004
#     11     1       6.2096456329E-005
#     11     2       3.5508266214E-004
#     11     3       8.6489529205E-005
#     11     4       5.0964148367E-005
#     11     5       4.0164447516E-004
#     11     6       2.6710671452E-005
#     11     7       2.0254832238E-004
#     11     8       4.9304090346E-005
#     11     9       7.6897163788E-005
#     11    10       1.5525513684E-004
#     11    11       3.9999091092E-007
#     11    12       1.2396777728E-004
#     11    13       2.6397680036E-005
#     11    14       9.4624839500E-005
#     11    15       7.0472375185E-005
#     11    16       7.3188107807E-006
#     12   -27       4.7871974802E-005
#     12   -26       1.4212244379E-005
#     12   -25       5.5975434639E-005
#     12   -24       1.4112754433E-004
#     12   -23       1.2250282230E-004
#     12   -22       1.8490925036E-004
#     12   -21       1.8152309319E-005
#     12   -20       1.3660809831E-004
#     12   -19       4.3188911073E-005
#     12   -18       5.7441329924E-004
#     12   -17       2.5772084744E-005
#     12   -16       5.2022252152E-005
#     12   -15       4.5129749747E-004
#     12   -14       2.1118736095E-004
#     12   -13       1.5073487440E-004
#     12   -12       1.1009288925E-004
#     12   -11       1.0575523101E-005
#     12   -10       1.0418215545E-004
#     12    -9       6.3265741970E-006
#     12    -8       8.2609724342E-005
#     12    -7       7.2748169066E-005
#     12    -6       5.4362960868E-005
#     12    -5       9.1756163361E-005
#     12    -4       1.4075221959E-004
#     12    -3       3.1407862368E-004
#     12    -2       1.9965098556E-005
#     12    -1       3.3677446594E-004
#     12     0       3.2500087832E-005
#     12     1       1.6795322907E-004
#     12     2       1.4018754577E-004
#     12     3       1.8978297907E-004
#     12     4       4.5245145358E-004
#     12     5       3.0975429415E-005
#     12     6       1.2483356029E-005
#     12     7       1.9053164967E-004
#     12     8       7.1805035120E-005
#     12     9       8.3777773508E-005
#     12    10       3.3108648238E-005
#     12    11       1.3479705460E-005
#     12    12       2.6721032179E-004
#     12    13       9.6145788360E-006
#     12    14       3.3634256853E-005
#     12    15       3.2021311071E-005
#     13   -28       5.6805199180E-006
#     13   -27       8.7138650913E-005
#     13   -26       7.7647695274E-005
#     13   -25       6.4977356436E-005
#     13   -24       2.6942217545E-005
#     13   -23       2.3353294499E-005
#     13   -22       2.1599971806E-004
#     13   -21       6.2498776099E-005
#     13   -20       4.2593126872E-004
#     13   -19       4.1752620826E-005
#     13   -18       4.7940127205E-005
#     13   -17       3.4047251359E-004
#     13   -16       1.7742066458E-004
#     13   -15       8.3517079559E-004
#     13   -14       1.0642732461E-004
#     13   -13       1.6939163705E-004
#     13   -12       7.1572575468E-005
#     13   -11       8.9644220346E-005
#     13   -10       2.3185845967E-004
#     13    -9       1.6334959397E-005
#     13    -8       2.1611917721E-005
#     13    -7       6.8033519131E-005
#     13    -6       1.1195467147E-004
#     13    -5       2.8258461631E-005
#     13    -4       2.0191322856E-004
#     13    -3       1.6495082769E-005
#     13    -2       3.5899283177E-004
#     13    -1       3.2577224856E-004
#     13     0       9.6268385965E-005
#     13     1       3.5619177627E-004
#     13     2       8.6090543143E-005
#     13     3       6.5604488509E-005
#     13     4       2.8881265872E-004
#     13     5       1.1472451709E-004
#     13     6       1.6536587831E-004
#     13     7       9.3494520781E-005
#     13     8       2.2255502870E-005
#     13     9       1.5273329532E-004
#     13    10       1.1520890333E-004
#     13    11       1.0716275472E-005
#     13    12       7.1207450821E-005
#     13    13       6.4815190771E-005
#     13    14       1.3833534008E-004
#     13    15       3.9471247883E-005
#     14   -28       1.4476857133E-005
#     14   -27       2.8875480223E-005
#     14   -26       1.3124983721E-005
#     14   -25       2.3763378387E-005
#     14   -24       4.9307085944E-005
#     14   -23       2.5909579479E-004
#     14   -22       7.2586905153E-005
#     14   -21       1.2274285930E-004
#     14   -20       7.6809434334E-006
#     14   -19       1.4630846472E-004
#     14   -18       2.0416420267E-004
#     14   -17       2.6587210876E-004
#     14   -16       3.6986562678E-005
#     14   -15       7.7041306951E-005
#     14   -14       1.1955518985E-004
#     14   -13       5.6411472157E-004
#     14   -12       9.2829480041E-005
#     14   -11       7.7849826346E-005
#     14   -10       6.0029654187E-005
#     14    -9       2.8163131678E-005
#     14    -8       3.7115919801E-005
#     14    -7       1.5864259085E-004
#     14    -6       7.1314103250E-005
#     14    -5       8.8365737174E-005
#     14    -4       8.5301631650E-005
#     14    -3       1.4513342486E-004
#     14    -2       4.8063069916E-004
#     14    -1       7.1772976310E-005
#     14     0       1.8267325814E-004
#     14     1       3.2617070507E-005
#     14     2       1.5509857582E-004
#     14     3       1.6908017127E-004
#     14     4       2.0847599483E-005
#     14     5       9.5222532988E-005
#     14     6       1.7569801143E-004
#     14     7       9.8539709002E-005
#     14     8       9.5727824270E-005
#     14     9       8.6501341992E-005
#     14    10       3.3146575923E-005
#     14    11       1.1282996866E-005
#     14    12       9.6259742858E-005
#     14    13       2.8476557770E-005
#     14    14       1.8153764976E-005
#     15   -28       1.4244495396E-005
#     15   -27       1.1154182157E-004
#     15   -26       6.2117699529E-006
#     15   -25       2.8973150276E-004
#     15   -24       2.2280045456E-005
#     15   -23       2.3751470927E-004
#     15   -22       1.9597206141E-004
#     15   -21       1.3946107856E-004
#     15   -20       9.1934504054E-003
#     15   -19       1.2555908299E-004
#     15   -18       1.3511435582E-004
#     15   -17       1.9046443682E-005
#     15   -16       2.8045958013E-004
#     15   -15       4.1992046931E-002
#     15   -14       1.2615191002E-004
#     15   -13       6.7189970669E-005
#     15   -12       4.3306086534E-005
#     15   -11       3.3292211730E-005
#     15   -10       1.3345682300E-002
#     15    -9       3.3257064190E-005
#     15    -8       1.3279356346E-005
#     15    -7       4.3004826917E-005
#     15    -6       3.5993612639E-005
#     15    -5       1.2091192528E-002
#     15    -4       4.6718772219E-006
#     15    -3       3.6389263538E-005
#     15    -2       1.5647590794E-005
#     15    -1       8.5020425083E-006
#     15     0       2.0196264341E-002
#     15     1       1.2122094884E-005
#     15     2       8.0052579216E-005
#     15     3       2.0514235924E-005
#     15     4       6.0222748498E-005
#     15     5       6.0324183095E-003
#     15     6       1.6942565887E-005
#     15     7       1.2546191804E-004
#     15     8       8.2915271781E-005
#     15     9       5.1450456004E-005
#     15    10       1.0465999430E-004
#     15    11       2.2980143527E-005
#     15    12       4.6603856072E-005
#     15    13       9.8431522684E-006
#     16   -27       1.1447804212E-004
#     16   -26       1.3190264365E-005
#     16   -25       4.2487997178E-005
#     16   -24       5.7600053040E-005
#     16   -23       6.2342570304E-005
#     16   -22       1.8904657135E-004
#     16   -21       3.4501505328E-005
#     16   -20       3.3650594045E-004
#     16   -19       9.3075500478E-005
#     16   -18       3.5125701144E-004
#     16   -17       3.0737593463E-004
#     16   -16       2.6585982246E-004
#     16   -15       8.1247272858E-005
#     16   -14       5.2679186768E-005
#     16   -13       1.2023618838E-004
#     16   -12       6.2660783643E-005
#     16   -11       2.7494381975E-005
#     16   -10       1.2729452009E-004
#     16    -9       5.8816639887E-005
#     16    -8       8.3203154249E-005
#     16    -7       2.4302898327E-005
#     16    -6       4.3105316523E-005
#     16    -5       1.7446684148E-004
#     16    -4       2.8164329841E-005
#     16    -3       2.7312635791E-004
#     16    -2       1.1810585166E-004
#     16    -1       9.7402044503E-005
#     16     0       1.6370363486E-004
#     16     1       1.1507877253E-004
#     16     2       1.6750685583E-004
#     16     3       2.9385676236E-005
#     16     4       2.7460977096E-005
#     16     5       1.9733382943E-004
#     16     6       1.1251911221E-004
#     16     7       1.2994977635E-004
#     16     8       1.1906477529E-005
#     16     9       4.3084196675E-005
#     16    10       3.6389837480E-005
#     16    11       5.5428260205E-005
#     17   -27       4.4236065330E-005
#     17   -26       3.9155699249E-005
#     17   -25       7.8590480556E-005
#     17   -24       5.8592472722E-005
#     17   -23       1.9606416410E-004
#     17   -22       4.1928372154E-005
#     17   -21       1.1852220553E-004
#     17   -20       1.9627047647E-005
#     17   -19       7.9298052965E-005
#     17   -18       1.2507509997E-004
#     17   -17       1.0212346063E-004
#     17   -16       2.4919016158E-005
#     17   -15       3.9480163422E-004
#     17   -14       4.0703055508E-005
#     17   -13       1.5106477324E-004
#     17   -12       7.0239447939E-006
#     17   -11       3.5822143281E-005
#     17   -10       3.9098263983E-005
#     17    -9       1.5713780899E-004
#     17    -8       1.1205302412E-004
#     17    -7       2.4353726018E-005
#     17    -6       1.1209458027E-004
#     17    -5       4.6174766627E-005
#     17    -4       7.1313131636E-005
#     17    -3       1.5901879222E-004
#     17    -2       1.2958350388E-005
#     17    -1       2.0420444453E-004
#     17     0       8.7497296628E-006
#     17     1       6.1589742951E-005
#     17     2       4.9275966499E-005
#     17     3       2.5474761769E-006
#     17     4       2.3769269987E-004
#     17     5       2.2934984987E-005
#     17     6       8.6715703870E-005
#     17     7       3.7170766541E-005
#     17     8       7.0496532340E-006
#     17     9       1.1055305554E-004
#     17    10       8.0766371126E-006
#     18   -27       5.7231754310E-005
#     18   -26       5.6438337100E-006
#     18   -25       2.1639397047E-004
#     18   -24       4.3371195249E-005
#     18   -23       1.5739251248E-004
#     18   -22       8.3656448552E-005
#     18   -21       3.8644270160E-004
#     18   -20       1.3348117103E-004
#     18   -19       1.3626917774E-004
#     18   -18       1.6689286858E-004
#     18   -17       4.1517670358E-005
#     18   -16       2.0782443907E-005
#     18   -15       1.8163888438E-004
#     18   -14       3.7113135063E-005
#     18   -13       3.7314197094E-005
#     18   -12       1.7784822579E-004
#     18   -11       8.1138942673E-005
#     18   -10       7.3876345932E-006
#     18    -9       9.0312813078E-005
#     18    -8       1.5760431089E-005
#     18    -7       1.2955272946E-004
#     18    -6       1.0269110508E-004
#     18    -5       3.9073680737E-005
#     18    -4       4.6968443952E-005
#     18    -3       6.7238765131E-005
#     18    -2       8.8627741333E-005
#     18    -1       1.0400459658E-004
#     18     0       2.4684528543E-005
#     18     1       8.7758246615E-006
#     18     2       1.0512152455E-004
#     18     3       3.8094334236E-006
#     18     4       2.4070766740E-004
#     18     5       4.9383379960E-006
#     18     6       2.1986774860E-005
#     18     7       1.2205074527E-004
#     18     8       1.0713459691E-006
#     18     9       8.1366060244E-006
#     19   -27       1.2665111209E-005
#     19   -26       4.3810519931E-005
#     19   -25       1.7008892612E-004
#     19   -24       6.0440964702E-006
#     19   -23       2.2019216625E-004
#     19   -22       2.3045423880E-004
#     19   -21       1.1611795229E-004
#     19   -20       2.0121936085E-004
#     19   -19       1.3027050422E-004
#     19   -18       5.0173887917E-004
#     19   -17       2.6975585019E-005
#     19   -16       1.9622203535E-005
#     19   -15       7.2073712323E-005
#     19   -14       4.9994086464E-005
#     19   -13       7.9114563089E-005
#     19   -12       1.2237633134E-004
#     19   -11       4.3269656753E-005
#     19   -10       1.9473022209E-004
#     19    -9       5.0418354050E-006
#     19    -8       3.8148401453E-005
#     19    -7       1.0993414265E-004
#     19    -6       7.3084188475E-006
#     19    -5       1.7163070372E-004
#     19    -4       1.9343408560E-005
#     19    -3       1.0005453473E-004
#     19    -2       2.9128656060E-005
#     19    -1       2.5200937731E-005
#     19     0       7.1714062892E-005
#     19     1       5.2718383529E-005
#     19     2       1.6575745984E-004
#     19     3       1.7651046850E-005
#     19     4       3.0079408452E-005
#     19     5       1.9225699752E-005
#     19     6       7.9219576640E-005
#     19     7       7.3966965730E-005
#     19     8       1.1861408621E-005
#     20   -27       5.1320358503E-006
#     20   -26       1.1804126049E-004
#     20   -25       4.1763483518E-004
#     20   -24       4.1469734983E-007
#     20   -23       9.0560222168E-005
#     20   -22       1.2585889118E-005
#     20   -21       2.6308065864E-007
#     20   -20       6.4037563724E-003
#     20   -19       2.9985374321E-005
#     20   -18       8.9519596657E-005
#     20   -17       1.5913217550E-004
#     20   -16       1.9921410234E-005
#     20   -15       1.0350897782E-002
#     20   -14       2.9534406621E-006
#     20   -13       1.0348154258E-005
#     20   -12       1.2439664518E-005
#     20   -11       5.2778392633E-005
#     20   -10       4.2822113257E-003
#     20    -9       1.0485323879E-005
#     20    -8       5.1891600464E-006
#     20    -7       7.8417395462E-007
#     20    -6       7.0929934892E-006
#     20    -5       6.0573809449E-003
#     20    -4       1.4659308624E-006
#     20    -3       2.0633039481E-005
#     20    -2       3.3580002550E-005
#     20    -1       9.1900150717E-007
#     20     0       1.4118443746E-003
#     20     1       1.3874943320E-004
#     20     2       6.0253870009E-006
#     20     3       5.3363068696E-005
#     20     4       7.3263392345E-005
#     20     5       1.8888396798E-004
#     20     6       5.4276583176E-005
#     20     7       8.8272284510E-006
#     21   -26       5.3538443325E-005
#     21   -25       1.0362594435E-004
#     21   -24       2.2436713980E-005
#     21   -23       1.7139665330E-004
#     21   -22       1.5038906792E-005
#     21   -21       1.6251763698E-004
#     21   -20       5.8294280764E-007
#     21   -19       4.0214313558E-006
#     21   -18       9.6586924730E-006
#     21   -17       1.2293233740E-004
#     21   -16       2.6168359660E-005
#     21   -15       2.9583195041E-005
#     21   -14       5.1908333036E-006
#     21   -13       1.2281037376E-005
#     21   -12       1.0685404156E-004
#     21   -11       1.8533666841E-005
#     21   -10       7.7743564882E-005
#     21    -9       5.7632413742E-005
#     21    -8       1.0517570580E-004
#     21    -7       3.4663223648E-005
#     21    -6       1.0921021862E-005
#     21    -5       9.4912419530E-005
#     21    -4       7.5900298851E-005
#     21    -3       4.5640535478E-005
#     21    -2       1.0039232620E-004
#     21    -1       3.5254973493E-005
#     21     0       3.5046941075E-006
#     21     1       1.1637545439E-004
#     21     2       1.4909325166E-005
#     21     3       1.3960078231E-007
#     21     4       1.1493892861E-004
#     21     5       1.3738704168E-005
#     22   -26       3.4650448038E-005
#     22   -25       6.2051795066E-005
#     22   -24       2.6761409630E-005
#     22   -23       2.1873958106E-004
#     22   -22       3.8522749743E-005
#     22   -21       6.7681089938E-005
#     22   -20       1.8495331570E-004
#     22   -19       1.5567630105E-005
#     22   -18       6.0183726039E-005
#     22   -17       8.7730919736E-006
#     22   -16       1.2033422795E-005
#     22   -15       1.0854024308E-004
#     22   -14       1.6348070672E-005
#     22   -13       2.1166861377E-005
#     22   -12       7.5476429242E-006
#     22   -11       7.4248326892E-006
#     22   -10       2.7764433337E-005
#     22    -9       1.0420257173E-004
#     22    -8       2.4051439473E-005
#     22    -7       3.2865922455E-005
#     22    -6       4.6597957379E-005
#     22    -5       4.4344017709E-007
#     22    -4       1.6108951573E-004
#     22    -3       6.1287829285E-005
#     22    -2       1.8184902059E-006
#     22    -1       1.0041475854E-004
#     22     0       4.6795050938E-005
#     22     1       1.6052683509E-005
#     22     2       3.6884563621E-005
#     22     3       8.1472040287E-005
#     22     4       1.3289214610E-005
#     23   -25       1.0924800560E-004
#     23   -24       3.2585187688E-005
#     23   -23       9.5730761335E-005
#     23   -22       3.4924056709E-005
#     23   -21       1.2046282240E-004
#     23   -20       6.1223488078E-005
#     23   -19       7.8485191746E-005
#     23   -18       4.8688056968E-006
#     23   -17       7.9716149509E-005
#     23   -16       1.9252245880E-005
#     23   -15       1.5542117159E-005
#     23   -14       5.6932268156E-005
#     23   -13       3.0361683069E-005
#     23   -12       7.8094251372E-005
#     23   -11       7.9700768767E-006
#     23   -10       9.6159624360E-006
#     23    -9       2.4721295539E-005
#     23    -8       5.3823272293E-005
#     23    -7       1.1171762566E-004
#     23    -6       9.8321044201E-005
#     23    -5       8.3893669232E-006
#     23    -4       1.8721996420E-005
#     23    -3       7.0925361835E-005
#     23    -2       8.4039562028E-005
#     23    -1       2.3256072748E-005
#     23     0       7.7957332933E-005
#     23     1       9.0725990596E-005
#     23     2       2.8986724803E-005
#     24   -24       7.6201275204E-005
#     24   -23       1.3783729265E-004
#     24   -22       2.2913993704E-005
#     24   -21       2.9102311660E-005
#     24   -20       6.4342237253E-005
#     24   -19       3.5265115355E-005
#     24   -18       3.6320447122E-005
#     24   -17       6.1422110281E-005
#     24   -16       1.1146008253E-005
#     24   -15       7.7904266077E-006
#     24   -14       1.4085010695E-005
#     24   -13       6.6486005717E-006
#     24   -12       4.9517547083E-005
#     24   -11       3.1545009431E-006
#     24   -10       1.4316366282E-006
#     24    -9       6.4893388861E-005
#     24    -8       3.9733234602E-005
#     24    -7       9.8550291857E-007
#     24    -6       5.9322533072E-005
#     24    -5       4.8700761464E-005
#     24    -4       7.1410144066E-005
#     24    -3       1.6021231090E-005
#     24    -2       6.9179164238E-005
#     24    -1       5.4360533804E-005
#     24     0       9.7976953802E-006
#     25   -23       1.1454933009E-004
#     25   -22       4.3612285494E-005
#     25   -21       3.8904050776E-005
#     25   -20       4.9023936407E-004
#     25   -19       5.8242041106E-005
#     25   -18       3.2579496642E-005
#     25   -17       2.3804708523E-005
#     25   -16       3.0378673293E-005
#     25   -15       5.8360371335E-004
#     25   -14       3.0853182891E-005
#     25   -13       1.3567424722E-005
#     25   -12       9.5610260139E-006
#     25   -11       2.4069616346E-005
#     25   -10       1.6836085080E-004
#     25    -9       2.4317368228E-005
#     25    -8       5.0340451325E-006
#     25    -7       9.6646909913E-005
#     25    -6       2.1859363172E-005
#     25    -5       1.1285832275E-004
#     25    -4       5.6812061637E-005
#     25    -3       9.2792927839E-006
#     25    -2       2.5426328101E-005
#     26   -22       4.0108211612E-005
#     26   -21       1.0352010517E-005
#     26   -20       3.0980747307E-005
#     26   -19       5.3356435872E-005
