 Diffraction intensities for potential:ga5x5_03D10001.in                       
#    -28    13       4.7544461744E-006
#    -28    14       7.8255612671E-006
#    -28    15       3.6963948714E-005
#    -27     7       1.0167834133E-005
#    -27     8       2.0406622093E-005
#    -27     9       1.1446922799E-005
#    -27    10       1.7241620717E-006
#    -27    11       9.7712800158E-006
#    -27    12       1.0345227454E-005
#    -27    13       4.0674466336E-005
#    -27    14       3.2333168126E-005
#    -27    15       2.1774411645E-005
#    -27    16       7.8228880994E-005
#    -27    17       1.8070367356E-005
#    -27    18       7.9030382822E-006
#    -27    19       2.4355266435E-005
#    -27    20       7.7037581400E-006
#    -26     4       2.1781803995E-005
#    -26     5       3.6161447415E-005
#    -26     6       1.0919338142E-005
#    -26     7       1.3819081945E-005
#    -26     8       2.2313913635E-005
#    -26     9       1.0322593804E-005
#    -26    10       1.5812192700E-005
#    -26    11       3.4636217181E-005
#    -26    12       3.5424761290E-005
#    -26    13       6.4680138064E-006
#    -26    14       9.9067450706E-006
#    -26    15       2.5885095850E-005
#    -26    16       2.1254058247E-005
#    -26    17       1.0871414117E-005
#    -26    18       6.0856641059E-006
#    -26    19       3.6899224734E-005
#    -26    20       3.5400301028E-005
#    -26    21       7.5813789243E-006
#    -26    22       4.7176387991E-005
#    -25     2       2.2836922765E-005
#    -25     3       8.6682145841E-006
#    -25     4       2.2399222343E-005
#    -25     5       9.0099167101E-004
#    -25     6       1.9350497561E-005
#    -25     7       2.3837866967E-005
#    -25     8       2.5998877272E-006
#    -25     9       4.2504431388E-005
#    -25    10       6.5585857142E-004
#    -25    11       1.5049665132E-005
#    -25    12       3.0069327439E-005
#    -25    13       3.1173737467E-006
#    -25    14       2.8293971285E-005
#    -25    15       3.3574808525E-004
#    -25    16       2.4631739439E-005
#    -25    17       5.4078739823E-006
#    -25    18       1.8760897987E-005
#    -25    19       4.1980470213E-005
#    -25    20       1.8060649563E-004
#    -25    21       5.1107467999E-005
#    -25    22       9.3327144555E-006
#    -25    23       4.7637878892E-005
#    -24     0       1.3684253647E-005
#    -24     1       7.6619807806E-005
#    -24     2       1.5263781903E-005
#    -24     3       2.7700512657E-005
#    -24     4       1.6063594857E-006
#    -24     5       2.6153832383E-005
#    -24     6       1.9914819107E-005
#    -24     7       6.0293478006E-005
#    -24     8       2.3865203641E-005
#    -24     9       5.6126196946E-005
#    -24    10       9.0693821928E-006
#    -24    11       1.7345740432E-005
#    -24    12       2.6670217443E-006
#    -24    13       2.8206073899E-005
#    -24    14       9.1664511564E-006
#    -24    15       2.6169558514E-005
#    -24    16       3.7943120982E-005
#    -24    17       4.5624605480E-005
#    -24    18       4.6344398597E-005
#    -24    19       3.6035527679E-005
#    -24    20       5.5319324969E-005
#    -24    21       1.5191699782E-005
#    -24    22       3.7280392472E-005
#    -24    23       5.3407335825E-005
#    -24    24       4.0327009640E-005
#    -23    -2       6.0171908959E-005
#    -23    -1       2.8935377719E-005
#    -23     0       3.2639078916E-005
#    -23     1       2.7056389141E-005
#    -23     2       2.6870686335E-005
#    -23     3       2.6193765886E-005
#    -23     4       5.9188529731E-005
#    -23     5       2.0396886919E-005
#    -23     6       9.3355565112E-005
#    -23     7       1.1840458910E-005
#    -23     8       2.2156965216E-005
#    -23     9       6.7664351298E-006
#    -23    10       2.6358870381E-005
#    -23    11       3.6765635301E-005
#    -23    12       5.2929120841E-005
#    -23    13       2.2092841673E-005
#    -23    14       8.7423195575E-005
#    -23    15       2.6481986043E-005
#    -23    16       5.8323149881E-005
#    -23    17       4.2762702100E-005
#    -23    18       8.3957356713E-006
#    -23    19       1.5935901876E-005
#    -23    20       2.3481418576E-005
#    -23    21       6.8466396532E-005
#    -23    22       5.7142906670E-005
#    -23    23       9.0086152350E-005
#    -23    24       4.9657046123E-005
#    -23    25       2.4317865609E-005
#    -22    -4       9.2853922789E-006
#    -22    -3       1.1419335661E-005
#    -22    -2       2.4624499029E-005
#    -22    -1       3.2333702319E-005
#    -22     0       1.3440960344E-006
#    -22     1       7.4441933354E-005
#    -22     2       1.5920435719E-005
#    -22     3       1.4647710771E-004
#    -22     4       2.2654182175E-005
#    -22     5       6.1079904449E-005
#    -22     6       1.7193947581E-006
#    -22     7       2.1101995977E-005
#    -22     8       2.1123415840E-005
#    -22     9       6.0335659720E-005
#    -22    10       2.8486612795E-005
#    -22    11       2.8825399467E-005
#    -22    12       1.4089930409E-005
#    -22    13       5.5393617522E-005
#    -22    14       1.1836424359E-005
#    -22    15       1.6232842143E-005
#    -22    16       6.1417512909E-006
#    -22    17       1.0948651342E-005
#    -22    18       9.3693359571E-005
#    -22    19       6.0109093763E-005
#    -22    20       9.7811915921E-005
#    -22    21       3.6947438301E-005
#    -22    22       4.3459535060E-005
#    -22    23       6.1310979414E-006
#    -22    24       1.4731070363E-005
#    -22    25       9.8458531965E-006
#    -22    26       2.4214464777E-005
#    -21    -5       2.3086960910E-005
#    -21    -4       1.0532877825E-005
#    -21    -3       2.7073571931E-005
#    -21    -2       6.4974760598E-005
#    -21    -1       1.0830885622E-005
#    -21     0       1.5198389736E-004
#    -21     1       5.2605683272E-005
#    -21     2       1.0281566681E-004
#    -21     3       4.0542132702E-005
#    -21     4       1.1973415284E-005
#    -21     5       3.4190098199E-005
#    -21     6       8.1777690323E-005
#    -21     7       3.8245519503E-005
#    -21     8       5.7116458720E-005
#    -21     9       1.1986975779E-005
#    -21    10       2.1336976214E-005
#    -21    11       1.4993263321E-006
#    -21    12       2.6373864283E-005
#    -21    13       2.0753096523E-005
#    -21    14       7.9549638193E-006
#    -21    15       6.5680222601E-005
#    -21    16       6.0099255618E-005
#    -21    17       1.2609227405E-004
#    -21    18       7.9870224690E-005
#    -21    19       5.7832054853E-005
#    -21    20       1.2741303590E-005
#    -21    21       2.6970896796E-005
#    -21    22       2.3087003733E-005
#    -21    23       3.6167816618E-005
#    -21    24       7.2366348579E-005
#    -21    25       4.9473207041E-005
#    -21    26       5.1785443087E-006
#    -20    -7       2.8429667619E-006
#    -20    -6       1.2584600690E-005
#    -20    -5       9.2425975804E-004
#    -20    -4       1.4148665941E-005
#    -20    -3       1.0961732590E-004
#    -20    -2       5.7150837040E-005
#    -20    -1       1.6435763220E-004
#    -20     0       6.3368443298E-003
#    -20     1       3.5172617623E-005
#    -20     2       4.9081769100E-005
#    -20     3       1.3421296629E-004
#    -20     4       4.6082037546E-005
#    -20     5       1.0427677193E-002
#    -20     6       2.6837070774E-005
#    -20     7       2.7764740737E-005
#    -20     8       3.4950709033E-007
#    -20     9       8.0754507703E-006
#    -20    10       6.9724974366E-003
#    -20    11       4.7814319848E-006
#    -20    12       1.6519635127E-005
#    -20    13       2.3882692613E-005
#    -20    14       8.4859340236E-005
#    -20    15       7.1608516435E-003
#    -20    16       4.6296648440E-005
#    -20    17       2.1470384958E-005
#    -20    18       4.8092390441E-006
#    -20    19       9.8767804103E-006
#    -20    20       2.2319864768E-003
#    -20    21       5.4661642582E-005
#    -20    22       5.2216314430E-005
#    -20    23       7.2421381767E-005
#    -20    24       2.9949847387E-005
#    -20    25       2.0243459488E-004
#    -20    26       1.6737091768E-005
#    -20    27       5.9074547083E-006
#    -19    -8       2.9806705042E-006
#    -19    -7       7.0089737041E-006
#    -19    -6       1.9219926953E-005
#    -19    -5       3.6766329954E-005
#    -19    -4       9.4695054324E-005
#    -19    -3       1.5376453991E-004
#    -19    -2       5.3892190404E-005
#    -19    -1       1.1646660684E-004
#    -19     0       8.6100792366E-005
#    -19     1       2.4257920410E-005
#    -19     2       2.4476914391E-004
#    -19     3       1.8819386394E-005
#    -19     4       1.3601552250E-004
#    -19     5       5.9628830562E-006
#    -19     6       5.2100299419E-006
#    -19     7       8.0309229028E-006
#    -19     8       1.2639070324E-005
#    -19     9       9.8382179156E-006
#    -19    10       9.6525267526E-006
#    -19    11       4.0593027591E-005
#    -19    12       5.0951781871E-005
#    -19    13       5.2313303405E-005
#    -19    14       2.0232231441E-005
#    -19    15       1.2512982423E-006
#    -19    16       2.3451139907E-005
#    -19    17       5.1749545423E-005
#    -19    18       9.6551725277E-005
#    -19    19       5.4372012340E-005
#    -19    20       4.4021894453E-005
#    -19    21       1.4619731061E-005
#    -19    22       1.8669033847E-005
#    -19    23       5.1308665986E-006
#    -19    24       9.0904138968E-006
#    -19    25       7.1878112881E-005
#    -19    26       1.9215318198E-005
#    -19    27       2.1696034533E-005
#    -18    -9       1.5949217668E-005
#    -18    -8       3.3471410580E-006
#    -18    -7       1.7185013270E-006
#    -18    -6       1.0104965336E-004
#    -18    -5       1.6681920094E-005
#    -18    -4       1.1703967253E-004
#    -18    -3       5.2208834404E-005
#    -18    -2       4.8404433144E-005
#    -18    -1       2.5616556199E-004
#    -18     0       1.9909035664E-007
#    -18     1       2.8862612613E-004
#    -18     2       3.6193297850E-005
#    -18     3       6.0904115132E-005
#    -18     4       6.6546358537E-005
#    -18     5       2.2413564750E-005
#    -18     6       2.7869577736E-005
#    -18     7       1.7499337573E-005
#    -18     8       6.4878565287E-006
#    -18     9       2.2439987060E-005
#    -18    10       6.4748483076E-005
#    -18    11       4.2325273620E-005
#    -18    12       4.1297198013E-006
#    -18    13       3.2490245287E-006
#    -18    14       4.5843284322E-005
#    -18    15       1.0144560241E-004
#    -18    16       1.2102380279E-004
#    -18    17       8.2035699915E-005
#    -18    18       4.8580953206E-005
#    -18    19       2.8676721443E-005
#    -18    20       1.4286486574E-006
#    -18    21       1.8601113850E-005
#    -18    22       3.3698302191E-005
#    -18    23       2.0593623178E-005
#    -18    24       6.9593825244E-005
#    -18    25       2.7503684585E-005
#    -18    26       7.2617466434E-006
#    -18    27       2.4809191895E-007
#    -17   -10       5.8963177277E-006
#    -17    -9       2.1766047852E-005
#    -17    -8       7.4050934320E-006
#    -17    -7       7.5591646775E-005
#    -17    -6       1.5189482696E-005
#    -17    -5       8.6308880434E-005
#    -17    -4       1.6549129088E-004
#    -17    -3       1.5801279555E-005
#    -17    -2       3.2330005142E-004
#    -17    -1       9.1082990852E-005
#    -17     0       1.4516723213E-004
#    -17     1       1.2940585916E-004
#    -17     2       3.2110922588E-005
#    -17     3       1.0330975484E-004
#    -17     4       9.4561663683E-005
#    -17     5       2.1569549422E-005
#    -17     6       1.7350924803E-005
#    -17     7       7.7821118861E-006
#    -17     8       3.5559367651E-005
#    -17     9       8.8784236800E-006
#    -17    10       1.2063902495E-005
#    -17    11       1.2481493204E-005
#    -17    12       5.5507275507E-005
#    -17    13       1.5402996673E-004
#    -17    14       1.4623620550E-004
#    -17    15       1.3200458305E-004
#    -17    16       4.0494968986E-005
#    -17    17       7.5946980086E-007
#    -17    18       3.3907011297E-006
#    -17    19       5.7723184975E-005
#    -17    20       3.5241054314E-005
#    -17    21       4.3414210848E-005
#    -17    22       5.4931925419E-005
#    -17    23       4.3210156131E-005
#    -17    24       1.4943814168E-005
#    -17    25       3.3157518661E-005
#    -17    26       6.6360260677E-007
#    -17    27       1.1580624633E-005
#    -16   -11       7.3938078774E-007
#    -16   -10       2.9414171862E-005
#    -16    -9       7.2213047980E-006
#    -16    -8       7.8314022299E-005
#    -16    -7       5.5446725263E-005
#    -16    -6       1.1329289660E-004
#    -16    -5       1.8052925942E-004
#    -16    -4       1.6280902651E-004
#    -16    -3       1.4096289553E-004
#    -16    -2       1.9360556428E-004
#    -16    -1       3.6613451923E-005
#    -16     0       1.3494479830E-004
#    -16     1       1.8530995934E-004
#    -16     2       5.7770904541E-005
#    -16     3       1.6860261554E-004
#    -16     4       3.8230091236E-006
#    -16     5       5.0827376744E-006
#    -16     6       1.2971131799E-005
#    -16     7       1.1917991788E-005
#    -16     8       4.9255929209E-006
#    -16     9       1.8983694925E-006
#    -16    10       7.5728059086E-005
#    -16    11       1.5124375336E-004
#    -16    12       1.5276506047E-004
#    -16    13       1.2118248247E-004
#    -16    14       5.5669989841E-005
#    -16    15       2.8701406136E-007
#    -16    16       2.4057038683E-005
#    -16    17       1.0168863682E-004
#    -16    18       1.0739221017E-004
#    -16    19       9.3220658341E-005
#    -16    20       3.4781492863E-005
#    -16    21       5.1555563207E-005
#    -16    22       4.5138377966E-006
#    -16    23       1.6243049209E-006
#    -16    24       1.2146056013E-005
#    -16    25       1.4879172474E-005
#    -16    26       2.4009370630E-005
#    -16    27       9.1575958196E-006
#    -15   -13       4.6279908037E-005
#    -15   -12       3.2741628272E-007
#    -15   -11       2.4888640226E-005
#    -15   -10       9.2035917920E-004
#    -15    -9       4.8544809263E-005
#    -15    -8       4.5050434586E-005
#    -15    -7       2.2533710110E-004
#    -15    -6       8.2314953142E-005
#    -15    -5       9.1671810514E-003
#    -15    -4       3.9862198519E-005
#    -15    -3       1.6410923726E-004
#    -15    -2       1.7649557216E-004
#    -15    -1       2.8317987796E-005
#    -15     0       3.8427277782E-002
#    -15     1       1.7984569366E-006
#    -15     2       1.1536319545E-004
#    -15     3       4.2094982580E-005
#    -15     4       4.3951774731E-006
#    -15     5       1.4843070064E-002
#    -15     6       3.6301916331E-006
#    -15     7       1.5716512224E-005
#    -15     8       3.3022909008E-005
#    -15     9       1.0564288739E-004
#    -15    10       1.3149320596E-002
#    -15    11       8.8191937662E-005
#    -15    12       7.2753104709E-005
#    -15    13       4.9919459576E-005
#    -15    14       4.3684516910E-005
#    -15    15       2.7540351767E-002
#    -15    16       1.2975606280E-004
#    -15    17       3.9644557306E-005
#    -15    18       3.0867444345E-005
#    -15    19       4.8939038219E-006
#    -15    20       8.4804698869E-003
#    -15    21       2.3625186682E-005
#    -15    22       6.0864401914E-006
#    -15    23       3.3088160885E-005
#    -15    24       6.3816802156E-006
#    -15    25       3.7214533033E-004
#    -15    26       1.0921378053E-005
#    -15    27       1.7384355884E-005
#    -15    28       7.4490887594E-006
#    -14   -14       3.1049801637E-005
#    -14   -13       5.4954282208E-006
#    -14   -12       1.3290851185E-005
#    -14   -11       1.0014862553E-005
#    -14   -10       6.8506726867E-005
#    -14    -9       1.7039438521E-005
#    -14    -8       2.8739282248E-004
#    -14    -7       2.0150614658E-005
#    -14    -6       2.9444921129E-004
#    -14    -5       1.3942208169E-004
#    -14    -4       3.7002717447E-005
#    -14    -3       3.7147274808E-004
#    -14    -2       1.6006006381E-005
#    -14    -1       2.2628668883E-004
#    -14     0       8.6098152051E-005
#    -14     1       2.0004581971E-005
#    -14     2       1.1665472831E-004
#    -14     3       1.5489267850E-005
#    -14     4       3.6287559712E-005
#    -14     5       3.8923441869E-007
#    -14     6       3.0516951711E-005
#    -14     7       6.8315321527E-005
#    -14     8       5.0624849145E-005
#    -14     9       1.4017102649E-004
#    -14    10       7.9036856094E-005
#    -14    11       7.7421936300E-005
#    -14    12       1.8081912499E-004
#    -14    13       1.4325433505E-004
#    -14    14       1.4055576719E-004
#    -14    15       1.4102282925E-004
#    -14    16       6.8765947513E-006
#    -14    17       1.2782350897E-005
#    -14    18       7.7100898986E-005
#    -14    19       4.7432672342E-005
#    -14    20       1.2309014897E-004
#    -14    21       2.9514336790E-005
#    -14    22       3.6941682706E-005
#    -14    23       1.0188548059E-005
#    -14    24       3.1012548554E-005
#    -14    25       1.9473399431E-006
#    -14    26       1.9264346207E-005
#    -14    27       5.0043431594E-005
#    -14    28       1.4871457839E-007
#    -13   -15       3.8036427605E-006
#    -13   -14       3.1522537154E-006
#    -13   -13       1.3151188677E-005
#    -13   -12       6.2722206527E-007
#    -13   -11       7.4917733242E-005
#    -13   -10       6.5385865632E-006
#    -13    -9       2.1572554770E-004
#    -13    -8       4.5398117004E-005
#    -13    -7       8.1178012619E-005
#    -13    -6       2.7469462773E-004
#    -13    -5       6.9006872123E-005
#    -13    -4       3.1585356547E-004
#    -13    -3       1.8644366421E-004
#    -13    -2       7.3462167803E-005
#    -13    -1       1.5324561378E-004
#    -13     0       3.7580131494E-005
#    -13     1       8.2688508862E-005
#    -13     2       5.1293166228E-005
#    -13     3       1.6649427797E-005
#    -13     4       1.4905612277E-007
#    -13     5       2.1092193516E-005
#    -13     6       7.2407300142E-005
#    -13     7       2.2967404051E-005
#    -13     8       7.0643382652E-005
#    -13     9       1.0090667240E-004
#    -13    10       7.9637421422E-005
#    -13    11       2.1683398306E-004
#    -13    12       1.5206448259E-004
#    -13    13       4.7305319036E-005
#    -13    14       2.7248550101E-005
#    -13    15       1.0860098006E-005
#    -13    16       6.0262345464E-005
#    -13    17       1.1792881193E-004
#    -13    18       1.3518092486E-004
#    -13    19       1.3454420115E-004
#    -13    20       5.1677377149E-005
#    -13    21       8.2149993706E-005
#    -13    22       1.1070051194E-005
#    -13    23       1.5409260882E-005
#    -13    24       6.1785806215E-006
#    -13    25       3.4158312178E-005
#    -13    26       2.3074372661E-005
#    -13    27       1.8345663576E-005
#    -13    28       2.6352595867E-005
#    -12   -15       1.6423651891E-006
#    -12   -14       4.9072661655E-005
#    -12   -13       4.6979560269E-006
#    -12   -12       5.8578754053E-005
#    -12   -11       1.7985157191E-006
#    -12   -10       1.1337930241E-004
#    -12    -9       6.3264978203E-005
#    -12    -8       9.8115957250E-005
#    -12    -7       1.9806797667E-004
#    -12    -6       2.5987027239E-004
#    -12    -5       8.8363854124E-005
#    -12    -4       2.1265798955E-004
#    -12    -3       4.5840046558E-005
#    -12    -2       9.2738281368E-005
#    -12    -1       1.1303917890E-004
#    -12     0       1.7213258957E-005
#    -12     1       6.3915136419E-005
#    -12     2       1.7853193732E-005
#    -12     3       1.8422520465E-006
#    -12     4       4.3323055073E-005
#    -12     5       4.5714944707E-005
#    -12     6       2.5977331357E-005
#    -12     7       1.8353785737E-005
#    -12     8       1.2134131568E-004
#    -12     9       5.3959405942E-005
#    -12    10       8.2344013539E-005
#    -12    11       8.0176678644E-005
#    -12    12       4.2484180215E-006
#    -12    13       1.2274214111E-005
#    -12    14       8.3025904933E-005
#    -12    15       1.2775043169E-004
#    -12    16       6.0971245158E-005
#    -12    17       1.0630540883E-004
#    -12    18       1.5143553219E-005
#    -12    19       2.5908810789E-005
#    -12    20       3.1380278670E-006
#    -12    21       6.8587829406E-007
#    -12    22       9.9382837016E-006
#    -12    23       1.0630085300E-006
#    -12    24       2.5630295284E-005
#    -12    25       1.7222913538E-005
#    -12    26       2.5914675185E-005
#    -12    27       3.3445619153E-005
#    -11   -16       1.5155972365E-005
#    -11   -15       2.8089228455E-005
#    -11   -14       3.0946345251E-006
#    -11   -13       2.6114008130E-005
#    -11   -12       3.4535702250E-006
#    -11   -11       2.9378205629E-005
#    -11   -10       3.4643140123E-005
#    -11    -9       1.3638149672E-004
#    -11    -8       5.9510704272E-005
#    -11    -7       2.7918429070E-004
#    -11    -6       6.6829598733E-005
#    -11    -5       1.0639978830E-004
#    -11    -4       1.7530680735E-004
#    -11    -3       7.1555612593E-006
#    -11    -2       1.2034844095E-004
#    -11    -1       1.1113523950E-005
#    -11     0       1.9791332247E-005
#    -11     1       3.2601705793E-005
#    -11     2       1.6519370418E-005
#    -11     3       1.9860215373E-005
#    -11     4       3.5773214426E-006
#    -11     5       2.7526465565E-005
#    -11     6       1.8064379775E-005
#    -11     7       1.0099788929E-004
#    -11     8       9.0486808939E-005
#    -11     9       4.1997585375E-005
#    -11    10       6.9762118415E-005
#    -11    11       6.2106216727E-005
#    -11    12       4.9836899135E-005
#    -11    13       1.4488160120E-004
#    -11    14       7.5427868602E-005
#    -11    15       1.1030471276E-005
#    -11    16       3.3394995526E-005
#    -11    17       1.6608085635E-005
#    -11    18       7.2378258958E-006
#    -11    19       3.9478123261E-005
#    -11    20       3.8829547238E-005
#    -11    21       2.7485890040E-005
#    -11    22       2.1658617540E-005
#    -11    23       9.4789775663E-006
#    -11    24       1.0778974052E-005
#    -11    25       3.9932873495E-005
#    -11    26       1.4787287126E-005
#    -11    27       2.3012305665E-005
#    -10   -17       7.7201581840E-006
#    -10   -16       1.7038591590E-005
#    -10   -15       4.5039812082E-004
#    -10   -14       2.8880392717E-005
#    -10   -13       3.6833910606E-006
#    -10   -12       5.3064097311E-005
#    -10   -11       4.1153338811E-006
#    -10   -10       5.3206841437E-003
#    -10    -9       1.6849640263E-005
#    -10    -8       8.8416498653E-005
#    -10    -7       1.0897723131E-004
#    -10    -6       3.8534853860E-005
#    -10    -5       1.2902743177E-002
#    -10    -4       3.7281533763E-005
#    -10    -3       6.7617741251E-005
#    -10    -2       4.3607732872E-005
#    -10    -1       9.5967900956E-006
#    -10     0       1.5453263424E-002
#    -10     1       2.8997216447E-005
#    -10     2       8.8550016194E-007
#    -10     3       1.2975067781E-006
#    -10     4       1.6229323411E-005
#    -10     5       5.4757103237E-003
#    -10     6       5.4343329494E-005
#    -10     7       1.2375813776E-004
#    -10     8       2.2537884110E-005
#    -10     9       6.1444924846E-005
#    -10    10       4.7259858951E-002
#    -10    11       3.0783435858E-005
#    -10    12       7.5163153322E-005
#    -10    13       2.6887745821E-005
#    -10    14       7.8835520391E-007
#    -10    15       1.6018637524E-002
#    -10    16       1.0179011279E-004
#    -10    17       5.9653625001E-005
#    -10    18       1.1196674988E-004
#    -10    19       6.8161820960E-005
#    -10    20       5.7345034806E-003
#    -10    21       1.2094017628E-005
#    -10    22       1.4826132544E-005
#    -10    23       3.1632204076E-005
#    -10    24       8.0410255622E-006
#    -10    25       8.0958611907E-004
#    -10    26       8.5992339299E-006
#    -10    27       3.9081552519E-005
#     -9   -18       3.0308868503E-007
#     -9   -17       2.8862388226E-005
#     -9   -16       3.0146673662E-006
#     -9   -15       3.7556374006E-005
#     -9   -14       4.1208017429E-006
#     -9   -13       5.4948675872E-005
#     -9   -12       2.0358357031E-006
#     -9   -11       3.9917445337E-005
#     -9   -10       3.0494716005E-005
#     -9    -9       3.5994208418E-005
#     -9    -8       8.0610313436E-005
#     -9    -7       7.1434306112E-005
#     -9    -6       7.3122718334E-005
#     -9    -5       7.2341907844E-005
#     -9    -4       1.3190945732E-005
#     -9    -3       2.3651984312E-005
#     -9    -2       3.7303118473E-005
#     -9    -1       8.5292352629E-008
#     -9     0       2.4739987270E-005
#     -9     1       4.2357265688E-006
#     -9     2       1.6904831579E-005
#     -9     3       3.3925413270E-005
#     -9     4       9.9621474791E-005
#     -9     5       2.5960843985E-005
#     -9     6       8.9218485384E-005
#     -9     7       1.7167915413E-005
#     -9     8       2.1923179839E-005
#     -9     9       2.8529149805E-005
#     -9    10       1.0127271590E-005
#     -9    11       9.7895683138E-006
#     -9    12       5.4416708958E-006
#     -9    13       3.7227551887E-005
#     -9    14       5.9900708134E-005
#     -9    15       1.5139181563E-004
#     -9    16       1.4236383760E-004
#     -9    17       1.1304995178E-004
#     -9    18       6.4021274528E-005
#     -9    19       5.0452000177E-005
#     -9    20       1.8681958636E-005
#     -9    21       3.6313971789E-005
#     -9    22       1.3029115868E-005
#     -9    23       2.0971537641E-005
#     -9    24       7.9347402780E-006
#     -9    25       1.0115888962E-005
#     -9    26       1.9285779988E-005
#     -9    27       2.2462189540E-006
#     -8   -19       2.9357790400E-006
#     -8   -18       4.6683136662E-006
#     -8   -17       2.4186164139E-005
#     -8   -16       4.4961201817E-005
#     -8   -15       1.2813280506E-005
#     -8   -14       3.2209143033E-005
#     -8   -13       6.5184122731E-006
#     -8   -12       1.2416326173E-005
#     -8   -11       6.9420980843E-006
#     -8   -10       7.0948661581E-005
#     -8    -9       2.2752043023E-005
#     -8    -8       8.1593706527E-005
#     -8    -7       1.2163015278E-005
#     -8    -6       2.3169264228E-005
#     -8    -5       2.4003229135E-005
#     -8    -4       1.7859002059E-006
#     -8    -3       3.1879139422E-005
#     -8    -2       1.3064380260E-005
#     -8    -1       1.8143076832E-005
#     -8     0       1.3461872514E-005
#     -8     1       4.1898810004E-005
#     -8     2       2.7328938796E-005
#     -8     3       7.6332436658E-005
#     -8     4       3.0264287710E-005
#     -8     5       2.8426980542E-005
#     -8     6       1.1811830623E-005
#     -8     7       1.0957896693E-006
#     -8     8       1.9503400198E-005
#     -8     9       2.6278481992E-006
#     -8    10       6.6319444943E-006
#     -8    11       9.1667226420E-006
#     -8    12       6.6372349716E-005
#     -8    13       1.1965901238E-004
#     -8    14       1.0075893444E-004
#     -8    15       1.9042697427E-004
#     -8    16       2.9051609019E-005
#     -8    17       6.3752959769E-005
#     -8    18       1.0735094381E-006
#     -8    19       2.0423613412E-006
#     -8    20       8.3755276178E-006
#     -8    21       7.4833381663E-006
#     -8    22       9.0303855888E-006
#     -8    23       2.3947640957E-005
#     -8    24       3.5155750190E-006
#     -8    25       2.4214042008E-005
#     -8    26       5.5531107997E-007
#     -8    27       2.6988588160E-005
#     -7   -20       2.0975073021E-007
#     -7   -19       3.6311752142E-005
#     -7   -18       4.9557997344E-007
#     -7   -17       5.2630605955E-005
#     -7   -16       1.2216881217E-005
#     -7   -15       2.2881183300E-005
#     -7   -14       1.7900059436E-005
#     -7   -13       2.4314399829E-005
#     -7   -12       1.7599383765E-005
#     -7   -11       4.2341925369E-005
#     -7   -10       6.5245559957E-006
#     -7    -9       6.3379854611E-006
#     -7    -8       5.9868891016E-006
#     -7    -7       8.4426687937E-006
#     -7    -6       1.5876513600E-005
#     -7    -5       2.0946122768E-005
#     -7    -4       1.1438727494E-005
#     -7    -3       1.8449271411E-005
#     -7    -2       2.5749941264E-005
#     -7    -1       7.4130326852E-006
#     -7     0       5.3375553699E-005
#     -7     1       5.2557652528E-006
#     -7     2       4.3802243218E-005
#     -7     3       4.4329016469E-006
#     -7     4       1.9896859199E-005
#     -7     5       1.3634264497E-005
#     -7     6       9.4060257452E-006
#     -7     7       1.1649575222E-005
#     -7     8       6.6619841547E-007
#     -7     9       1.3200503580E-007
#     -7    10       9.4767355494E-006
#     -7    11       6.1830816077E-005
#     -7    12       7.5216301128E-005
#     -7    13       5.2313136529E-005
#     -7    14       6.3251857325E-005
#     -7    15       9.9936320828E-006
#     -7    16       2.4895103653E-005
#     -7    17       2.6400455524E-005
#     -7    18       2.2398888805E-006
#     -7    19       1.8731249860E-005
#     -7    20       1.3495292554E-005
#     -7    21       4.4798841437E-006
#     -7    22       6.7512472869E-006
#     -7    23       3.9521080146E-006
#     -7    24       6.3556021552E-006
#     -7    25       3.3928705706E-006
#     -7    26       4.1225421990E-005
#     -7    27       2.2487170467E-005
#     -6   -20       1.0042674469E-005
#     -6   -19       1.9442300310E-005
#     -6   -18       2.7065540199E-005
#     -6   -17       2.0967295605E-005
#     -6   -16       4.9138903119E-005
#     -6   -15       3.5928564859E-005
#     -6   -14       1.9271675577E-005
#     -6   -13       2.5936523302E-005
#     -6   -12       5.1404591425E-006
#     -6   -11       2.5528793753E-006
#     -6   -10       1.0689189495E-005
#     -6    -9       2.1493613965E-005
#     -6    -8       3.7173960271E-005
#     -6    -7       1.0225084273E-006
#     -6    -6       2.1106750312E-005
#     -6    -5       7.1463295325E-006
#     -6    -4       2.0010963439E-005
#     -6    -3       3.1032933367E-005
#     -6    -2       8.6197351889E-006
#     -6    -1       6.8876878127E-005
#     -6     0       5.4093698589E-007
#     -6     1       3.7427336582E-005
#     -6     2       4.2401593991E-007
#     -6     3       2.6019033358E-005
#     -6     4       2.5459545369E-006
#     -6     5       1.3561288236E-005
#     -6     6       1.6770291703E-005
#     -6     7       8.9907658952E-006
#     -6     8       1.1551555377E-005
#     -6     9       4.9996356810E-005
#     -6    10       4.0340224411E-005
#     -6    11       3.6812474437E-005
#     -6    12       3.9392720427E-005
#     -6    13       1.1854200591E-005
#     -6    14       7.6158859868E-005
#     -6    15       2.6115054791E-006
#     -6    16       1.3771660516E-004
#     -6    17       1.2134586985E-005
#     -6    18       1.0831286281E-004
#     -6    19       2.7319647931E-005
#     -6    20       4.9609261354E-005
#     -6    21       4.8663704159E-005
#     -6    22       3.6710964532E-005
#     -6    23       2.9323161939E-005
#     -6    24       1.4503628766E-005
#     -6    25       6.2342848855E-005
#     -6    26       4.7183380005E-005
#     -5   -21       8.6778967035E-006
#     -5   -20       3.5305418122E-004
#     -5   -19       4.6693133607E-005
#     -5   -18       3.1352942538E-005
#     -5   -17       9.9215332152E-005
#     -5   -16       1.1672512343E-005
#     -5   -15       7.4445885785E-003
#     -5   -14       2.0068347241E-005
#     -5   -13       2.4751025516E-007
#     -5   -12       3.5042632024E-005
#     -5   -11       3.3592256095E-005
#     -5   -10       1.4203044040E-002
#     -5    -9       8.8078395266E-006
#     -5    -8       1.8945895758E-005
#     -5    -7       2.6678931681E-005
#     -5    -6       1.1094428466E-005
#     -5    -5       4.5210460659E-003
#     -5    -4       1.8698560880E-005
#     -5    -3       2.3472296424E-005
#     -5    -2       6.7499871088E-005
#     -5    -1       5.5680923374E-006
#     -5     0       3.2164992734E-002
#     -5     1       2.5871332235E-006
#     -5     2       1.5690278093E-005
#     -5     3       1.1917976420E-005
#     -5     4       8.5456790049E-005
#     -5     5       1.9641091645E-003
#     -5     6       2.3151275477E-005
#     -5     7       2.5212627478E-005
#     -5     8       1.9173062192E-005
#     -5     9       3.8334547470E-005
#     -5    10       4.0429711765E-003
#     -5    11       4.1505492916E-005
#     -5    12       4.0758031787E-005
#     -5    13       1.0657397241E-004
#     -5    14       9.9999816083E-005
#     -5    15       1.2999303071E-002
#     -5    16       9.0040572076E-005
#     -5    17       1.7551047841E-004
#     -5    18       4.8057196923E-005
#     -5    19       1.1712411522E-004
#     -5    20       1.0739033899E-002
#     -5    21       6.9426754649E-005
#     -5    22       4.9354207241E-005
#     -5    23       6.4536056621E-005
#     -5    24       4.7909794158E-005
#     -5    25       4.7239160698E-004
#     -5    26       1.7082739120E-005
#     -4   -22       2.9697386466E-005
#     -4   -21       2.2957257529E-006
#     -4   -20       5.5474638497E-005
#     -4   -19       1.0515287327E-005
#     -4   -18       8.9603016387E-005
#     -4   -17       8.6082804689E-006
#     -4   -16       4.1706434670E-005
#     -4   -15       7.3767640825E-005
#     -4   -14       3.1757438556E-006
#     -4   -13       1.1494246721E-004
#     -4   -12       4.8279067898E-006
#     -4   -11       7.6953723558E-005
#     -4   -10       3.2153841742E-005
#     -4    -9       1.0305226079E-005
#     -4    -8       9.8273156108E-005
#     -4    -7       7.8113807289E-007
#     -4    -6       7.6811748136E-005
#     -4    -5       1.1518467047E-005
#     -4    -4       2.2020295675E-005
#     -4    -3       7.3979576310E-005
#     -4    -2       2.4255186827E-005
#     -4    -1       3.8103521670E-005
#     -4     0       2.1849122513E-005
#     -4     1       3.3407922760E-005
#     -4     2       2.8958524996E-005
#     -4     3       1.2561166907E-004
#     -4     4       1.1923132706E-005
#     -4     5       2.0906705677E-005
#     -4     6       1.4874594183E-005
#     -4     7       5.0750865700E-006
#     -4     8       1.8801249062E-005
#     -4     9       2.5103164227E-005
#     -4    10       1.0534641335E-005
#     -4    11       8.8227008849E-005
#     -4    12       4.4492493567E-005
#     -4    13       1.6740750432E-004
#     -4    14       4.0551602646E-005
#     -4    15       1.0512667497E-004
#     -4    16       8.5016902153E-005
#     -4    17       8.8807443332E-005
#     -4    18       9.2090882630E-005
#     -4    19       7.4052653221E-005
#     -4    20       6.1948564307E-005
#     -4    21       5.5576237436E-005
#     -4    22       8.2547051112E-005
#     -4    23       3.8717499544E-005
#     -4    24       4.9370361586E-005
#     -4    25       4.6548303436E-005
#     -4    26       3.8058376772E-005
#     -3   -22       1.3805401823E-006
#     -3   -21       5.6700796126E-005
#     -3   -20       3.3338904054E-006
#     -3   -19       4.9064052195E-005
#     -3   -18       3.7807355555E-005
#     -3   -17       4.7429545701E-005
#     -3   -16       1.5506848943E-004
#     -3   -15       4.1310143872E-005
#     -3   -14       1.0054626494E-004
#     -3   -13       2.4574406290E-005
#     -3   -12       1.8613348207E-005
#     -3   -11       1.0124597342E-004
#     -3   -10       1.4047902430E-005
#     -3    -9       1.4703527271E-004
#     -3    -8       2.6697471072E-005
#     -3    -7       4.4254496743E-005
#     -3    -6       3.6928517558E-005
#     -3    -5       3.0779819912E-005
#     -3    -4       5.1599804184E-005
#     -3    -3       5.9073001295E-005
#     -3    -2       1.0491168661E-005
#     -3    -1       6.6312047039E-005
#     -3     0       8.2652996814E-005
#     -3     1       4.2969847999E-005
#     -3     2       1.1113860983E-004
#     -3     3       2.4261233681E-005
#     -3     4       1.0380149420E-005
#     -3     5       2.8115176633E-006
#     -3     6       4.2939000203E-005
#     -3     7       1.2398793832E-006
#     -3     8       8.4616125495E-005
#     -3     9       3.2609698806E-006
#     -3    10       9.7354084497E-005
#     -3    11       3.1425487914E-005
#     -3    12       1.1993022116E-004
#     -3    13       1.4524409759E-005
#     -3    14       6.8809144079E-005
#     -3    15       5.8088219088E-006
#     -3    16       2.8270291168E-005
#     -3    17       2.4226144163E-005
#     -3    18       6.7055038732E-006
#     -3    19       1.8282932544E-005
#     -3    20       4.2249310378E-006
#     -3    21       9.2785346641E-006
#     -3    22       7.5500537841E-006
#     -3    23       2.8751273656E-005
#     -3    24       3.5274495524E-005
#     -3    25       2.5121600594E-005
#     -2   -23       2.5005975672E-005
#     -2   -22       1.7672428421E-005
#     -2   -21       6.4787332686E-006
#     -2   -20       4.1169334134E-005
#     -2   -19       2.9484178394E-005
#     -2   -18       8.2143145883E-005
#     -2   -17       7.3714469441E-005
#     -2   -16       9.6450471044E-005
#     -2   -15       3.5279090743E-005
#     -2   -14       5.3208327874E-005
#     -2   -13       3.7554158651E-005
#     -2   -12       9.8457234874E-005
#     -2   -11       1.2128788495E-004
#     -2   -10       5.2541885995E-005
#     -2    -9       8.8230047918E-005
#     -2    -8       1.6601439519E-005
#     -2    -7       4.4217898914E-005
#     -2    -6       8.4525938742E-005
#     -2    -5       9.6941210877E-006
#     -2    -4       6.4819985390E-005
#     -2    -3       4.0186636868E-005
#     -2    -2       3.0084314120E-005
#     -2    -1       1.5388224797E-004
#     -2     0       4.4354509814E-005
#     -2     1       5.1593002083E-005
#     -2     2       5.3947607369E-005
#     -2     3       1.8545888281E-005
#     -2     4       8.3359445484E-005
#     -2     5       1.0817827639E-004
#     -2     6       3.4157164286E-005
#     -2     7       1.2149624187E-004
#     -2     8       1.6167324744E-005
#     -2     9       1.6170867778E-004
#     -2    10       9.8288821567E-005
#     -2    11       4.2862996532E-005
#     -2    12       1.0439194557E-004
#     -2    13       4.7177393932E-006
#     -2    14       1.0643670756E-004
#     -2    15       9.9045424185E-006
#     -2    16       1.1126223392E-004
#     -2    17       2.9203980976E-005
#     -2    18       9.0888884008E-005
#     -2    19       4.3133574877E-005
#     -2    20       5.0311917387E-005
#     -2    21       1.3548038685E-005
#     -2    22       4.6455622039E-005
#     -2    23       3.5351798119E-005
#     -2    24       6.4022508919E-005
#     -2    25       2.7889847538E-005
#     -1   -23       2.2830415630E-005
#     -1   -22       1.0833665360E-005
#     -1   -21       6.0614130381E-005
#     -1   -20       1.0591738321E-005
#     -1   -19       8.5800405765E-005
#     -1   -18       1.2832080055E-005
#     -1   -17       6.9264250959E-005
#     -1   -16       9.6041852632E-005
#     -1   -15       4.5082822368E-006
#     -1   -14       1.6242439713E-004
#     -1   -13       9.2070684882E-006
#     -1   -12       1.9792045685E-004
#     -1   -11       2.4368566173E-006
#     -1   -10       8.5256613435E-005
#     -1    -9       9.9827791222E-005
#     -1    -8       1.5523905326E-005
#     -1    -7       1.1452956474E-004
#     -1    -6       5.4085172197E-006
#     -1    -5       1.6890101617E-005
#     -1    -4       9.3046532094E-005
#     -1    -3       1.5160845280E-005
#     -1    -2       1.6056622148E-004
#     -1    -1       3.4747084350E-005
#     -1     0       2.9952374528E-005
#     -1     1       8.3475950454E-005
#     -1     2       9.8195344230E-005
#     -1     3       9.0835824412E-005
#     -1     4       1.5083150224E-004
#     -1     5       6.6077601878E-005
#     -1     6       8.1607996577E-005
#     -1     7       4.8752118549E-005
#     -1     8       7.8858574041E-005
#     -1     9       1.0009782229E-004
#     -1    10       2.1581157311E-005
#     -1    11       1.5426912097E-004
#     -1    12       1.0193376347E-004
#     -1    13       1.8515238431E-004
#     -1    14       1.3663593374E-004
#     -1    15       2.4173417002E-004
#     -1    16       1.1327874939E-004
#     -1    17       2.3563835538E-004
#     -1    18       1.0831681671E-004
#     -1    19       1.6218904386E-004
#     -1    20       6.4858000280E-005
#     -1    21       1.1698578271E-004
#     -1    22       2.1287421335E-005
#     -1    23       7.0337261557E-005
#     -1    24       8.1308945922E-005
#      0   -24       2.6910171536E-005
#      0   -23       1.5990794332E-006
#      0   -22       7.9179827275E-005
#      0   -21       5.6443113650E-006
#      0   -20       2.9108120199E-003
#      0   -19       1.9844318650E-005
#      0   -18       1.4552960676E-005
#      0   -17       1.7143575964E-004
#      0   -16       1.6654748387E-005
#      0   -15       2.5030041371E-002
#      0   -14       2.6965603059E-005
#      0   -13       9.0398267138E-005
#      0   -12       9.7274117535E-005
#      0   -11       5.2401750099E-006
#      0   -10       4.4385037142E-002
#      0    -9       1.8395658557E-005
#      0    -8       6.4302574795E-005
#      0    -7       3.1872663119E-005
#      0    -6       5.8055961437E-006
#      0    -5       2.7103090897E-003
#      0    -4       6.6875885803E-005
#      0    -3       9.5276229508E-005
#      0    -2       7.2417144986E-005
#      0    -1       3.4162021529E-005
#      0     0       3.1777436153E-002
#      0     1       1.4286378869E-004
#      0     2       5.7884377449E-005
#      0     3       1.0738640289E-004
#      0     4       9.8857109320E-006
#      0     5       3.2770857937E-002
#      0     6       2.1859927533E-005
#      0     7       1.8995409166E-005
#      0     8       7.2554914193E-005
#      0     9       1.0011071560E-005
#      0    10       1.5969067376E-002
#      0    11       1.9232024685E-004
#      0    12       1.1587929964E-004
#      0    13       2.3894432323E-004
#      0    14       1.4390159419E-004
#      0    15       4.0724957922E-002
#      0    16       2.3722371071E-004
#      0    17       1.5640768896E-004
#      0    18       2.1460384150E-004
#      0    19       8.4620684809E-005
#      0    20       6.2677734589E-003
#      0    21       9.8570567888E-005
#      0    22       1.5313673353E-004
#      0    23       6.3982750822E-005
#      0    24       7.3864725451E-005
#      1   -24       7.2624149529E-007
#      1   -23       4.0463628565E-005
#      1   -22       1.2009087781E-005
#      1   -21       1.2343988169E-005
#      1   -20       3.1529414612E-005
#      1   -19       3.0324794868E-005
#      1   -18       1.4139689781E-004
#      1   -17       7.2625976576E-005
#      1   -16       5.1497633380E-005
#      1   -15       4.8601376345E-005
#      1   -14       2.0850990488E-006
#      1   -13       1.0807868872E-004
#      1   -12       6.2320646276E-005
#      1   -11       1.3712812323E-004
#      1   -10       9.2092078352E-005
#      1    -9       1.2199967270E-005
#      1    -8       5.8080181469E-005
#      1    -7       6.4803228217E-005
#      1    -6       6.2147082788E-005
#      1    -5       1.1109259810E-004
#      1    -4       3.2533845988E-005
#      1    -3       5.5744750915E-005
#      1    -2       3.1371572600E-005
#      1    -1       9.2775315288E-005
#      1     0       1.0840565031E-004
#      1     1       3.6497312543E-005
#      1     2       3.1321488004E-005
#      1     3       8.3013503019E-006
#      1     4       5.6345353131E-006
#      1     5       8.1578123041E-007
#      1     6       2.0948277425E-005
#      1     7       1.7651435004E-005
#      1     8       2.6318505728E-005
#      1     9       7.6971940722E-005
#      1    10       1.7007497509E-004
#      1    11       4.6708360188E-005
#      1    12       1.5212344527E-004
#      1    13       3.8084263242E-005
#      1    14       1.1193480707E-004
#      1    15       8.3126904123E-005
#      1    16       6.9155709829E-005
#      1    17       4.2093922075E-005
#      1    18       2.5398990578E-005
#      1    19       6.7890617347E-005
#      1    20       3.6256362227E-005
#      1    21       6.1283171071E-005
#      1    22       4.6849323090E-005
#      1    23       9.1159267307E-005
#      2   -25       4.2762379409E-008
#      2   -24       2.8257142778E-005
#      2   -23       1.4659886030E-005
#      2   -22       3.6349203322E-005
#      2   -21       3.9523395112E-005
#      2   -20       5.6215203062E-005
#      2   -19       2.8334000778E-005
#      2   -18       4.7476482509E-005
#      2   -17       2.9210230691E-006
#      2   -16       1.7827929367E-005
#      2   -15       6.0303286816E-005
#      2   -14       4.5335032418E-005
#      2   -13       1.7254447121E-004
#      2   -12       4.0796429783E-005
#      2   -11       9.7897462681E-005
#      2   -10       4.1589939376E-005
#      2    -9       5.4374308817E-005
#      2    -8       1.2166031614E-004
#      2    -7       7.0931308212E-005
#      2    -6       8.8365763225E-005
#      2    -5       2.3372022243E-005
#      2    -4       2.0360209277E-005
#      2    -3       4.6066027151E-005
#      2    -2       6.5461972371E-005
#      2    -1       4.6852113437E-005
#      2     0       3.9637894496E-005
#      2     1       4.8923856564E-007
#      2     2       3.0025229990E-005
#      2     3       3.3350117802E-005
#      2     4       4.2369360466E-005
#      2     5       4.9070253410E-005
#      2     6       1.3841519930E-006
#      2     7       5.2509035424E-005
#      2     8       2.8671159170E-005
#      2     9       7.7455754605E-005
#      2    10       7.6333772953E-005
#      2    11       2.1904486872E-005
#      2    12       2.6862391662E-005
#      2    13       4.3982202921E-006
#      2    14       3.2242465917E-006
#      2    15       5.3955393355E-006
#      2    16       2.4170800821E-005
#      2    17       5.7567197384E-006
#      2    18       2.2424514585E-005
#      2    19       6.6927929808E-007
#      2    20       5.5129844890E-005
#      2    21       5.1270520353E-005
#      2    22       7.5540793657E-005
#      2    23       5.4471241907E-005
#      3   -25       2.4627512378E-005
#      3   -24       9.2447728567E-006
#      3   -23       3.8661464724E-005
#      3   -22       1.5859316748E-005
#      3   -21       2.5284657792E-005
#      3   -20       3.1678666107E-007
#      3   -19       1.8218862940E-005
#      3   -18       6.7395106276E-005
#      3   -17       5.0683658998E-005
#      3   -16       1.1953398233E-004
#      3   -15       7.4484493467E-005
#      3   -14       7.1203710629E-005
#      3   -13       5.3480796211E-005
#      3   -12       3.7938793998E-005
#      3   -11       8.9026063959E-005
#      3   -10       9.2103694345E-005
#      3    -9       1.1691891825E-004
#      3    -8       1.2776059467E-004
#      3    -7       2.3719701844E-005
#      3    -6       5.4159734120E-005
#      3    -5       2.6725746685E-005
#      3    -4       4.7917978998E-005
#      3    -3       6.1030423799E-005
#      3    -2       3.1905349060E-005
#      3    -1       6.5263520594E-006
#      3     0       1.3022643801E-005
#      3     1       2.5858586087E-005
#      3     2       7.0411478052E-005
#      3     3       3.1342010047E-005
#      3     4       3.3703598876E-005
#      3     5       9.8744886889E-006
#      3     6       5.5781426006E-005
#      3     7       3.2493431414E-005
#      3     8       7.0048442261E-005
#      3     9       4.1572479672E-005
#      3    10       3.4097682892E-005
#      3    11       5.1757457901E-005
#      3    12       5.9924485914E-005
#      3    13       6.4000338083E-005
#      3    14       8.8053061005E-005
#      3    15       7.1936192337E-005
#      3    16       5.2524763616E-005
#      3    17       6.0520887142E-005
#      3    18       2.5157415881E-005
#      3    19       4.8942695299E-005
#      3    20       2.6031203856E-005
#      3    21       5.6643451213E-005
#      3    22       1.2981093896E-005
#      4   -26       1.6597279076E-005
#      4   -25       5.3382575102E-006
#      4   -24       6.3901235599E-005
#      4   -23       1.6105610528E-006
#      4   -22       4.2100031438E-006
#      4   -21       9.9318655093E-006
#      4   -20       1.0510197294E-005
#      4   -19       7.8810542924E-005
#      4   -18       9.9688744208E-005
#      4   -17       9.9169453366E-005
#      4   -16       6.9649370640E-005
#      4   -15       2.4360353700E-005
#      4   -14       4.1150694244E-005
#      4   -13       7.8781994557E-005
#      4   -12       9.1090795621E-005
#      4   -11       1.7324752276E-004
#      4   -10       7.1179375582E-005
#      4    -9       1.4377704688E-004
#      4    -8       3.8605780302E-005
#      4    -7       4.7929412617E-005
#      4    -6       1.0928867818E-004
#      4    -5       5.0457483518E-005
#      4    -4       7.5364084806E-005
#      4    -3       2.0173614296E-005
#      4    -2       1.7423144003E-006
#      4    -1       8.0724427537E-006
#      4     0       7.6754610183E-006
#      4     1       5.3179133542E-005
#      4     2       5.0403737388E-006
#      4     3       1.9177714690E-005
#      4     4       1.7983935620E-005
#      4     5       3.2205844476E-005
#      4     6       9.7324333504E-006
#      4     7       3.8721135744E-005
#      4     8       2.7541436041E-005
#      4     9       7.9126579651E-005
#      4    10       3.7350699913E-005
#      4    11       1.3279608257E-004
#      4    12       7.0408709260E-005
#      4    13       1.8026791329E-004
#      4    14       9.9618268984E-005
#      4    15       1.3942731364E-004
#      4    16       1.5068499456E-004
#      4    17       9.0894490538E-005
#      4    18       1.3568656585E-004
#      4    19       3.2934304759E-005
#      4    20       8.0693247812E-005
#      4    21       3.4872646984E-005
#      4    22       5.9148235319E-005
#      5   -26       4.4375222229E-006
#      5   -25       4.5513597127E-004
#      5   -24       1.8155550876E-005
#      5   -23       4.8863442413E-007
#      5   -22       6.6695048037E-005
#      5   -21       1.4374288893E-005
#      5   -20       9.1488513407E-003
#      5   -19       5.4006633840E-005
#      5   -18       5.5026796646E-005
#      5   -17       4.7284309462E-006
#      5   -16       4.4484196629E-005
#      5   -15       1.6002492992E-002
#      5   -14       1.4723485995E-004
#      5   -13       8.0017583463E-005
#      5   -12       1.6835514372E-004
#      5   -11       1.0023784196E-004
#      5   -10       3.5430825594E-003
#      5    -9       1.3077207324E-004
#      5    -8       2.3726413933E-005
#      5    -7       2.0892758170E-004
#      5    -6       4.7839234624E-005
#      5    -5       3.0791282059E-002
#      5    -4       2.4390400189E-005
#      5    -3       5.6984089724E-006
#      5    -2       5.4405091319E-007
#      5    -1       1.8382012932E-005
#      5     0       1.9203849195E-003
#      5     1       2.9304732984E-006
#      5     2       1.8200998714E-006
#      5     3       2.7070007026E-005
#      5     4       5.9604146023E-006
#      5     5       4.5980406804E-003
#      5     6       9.2255929906E-006
#      5     7       1.5874911029E-005
#      5     8       3.7598641805E-005
#      5     9       7.2773594577E-005
#      5    10       1.3785496317E-002
#      5    11       9.5741125670E-005
#      5    12       1.4144891600E-004
#      5    13       6.9471751887E-005
#      5    14       1.1234981110E-004
#      5    15       1.0444170779E-002
#      5    16       5.3007396860E-005
#      5    17       7.1926075371E-005
#      5    18       2.1137658664E-005
#      5    19       5.4264779433E-005
#      5    20       4.5628736891E-004
#      5    21       4.2182118472E-006
#      6   -26       1.3521627737E-005
#      6   -25       4.1905052718E-005
#      6   -24       1.1445019019E-005
#      6   -23       9.3781459216E-005
#      6   -22       1.1622367267E-005
#      6   -21       5.0529075450E-005
#      6   -20       7.2903296849E-006
#      6   -19       1.2383682507E-005
#      6   -18       5.1572821274E-005
#      6   -17       3.8726703600E-005
#      6   -16       1.2639501744E-004
#      6   -15       6.2456031854E-005
#      6   -14       1.2720042623E-004
#      6   -13       4.2730528268E-005
#      6   -12       1.0876202359E-004
#      6   -11       5.3940492497E-006
#      6   -10       1.5008535154E-004
#      6    -9       6.5531541253E-005
#      6    -8       2.0291775547E-004
#      6    -7       1.0695178900E-004
#      6    -6       9.4213309366E-005
#      6    -5       3.9358923213E-005
#      6    -4       3.9994732971E-007
#      6    -3       1.5310999277E-006
#      6    -2       5.6720127429E-006
#      6    -1       1.2852851382E-006
#      6     0       9.3077745974E-006
#      6     1       1.8571810251E-005
#      6     2       5.6139818386E-005
#      6     3       2.8074351979E-005
#      6     4       4.5134589022E-005
#      6     5       8.3921753885E-006
#      6     6       3.6602169935E-005
#      6     7       5.1248530981E-006
#      6     8       1.0102716237E-004
#      6     9       9.8606877459E-006
#      6    10       8.2190933059E-005
#      6    11       2.3123187133E-005
#      6    12       4.4799090618E-005
#      6    13       1.2640253846E-005
#      6    14       5.0589217768E-005
#      6    15       1.3566160812E-005
#      6    16       4.7495962721E-005
#      6    17       5.1695580283E-005
#      6    18       5.2763215964E-005
#      6    19       3.9872951075E-005
#      6    20       5.7493784600E-005
#      7   -27       1.1786128131E-005
#      7   -26       2.2998809220E-005
#      7   -25       1.6513063697E-005
#      7   -24       2.5539447322E-005
#      7   -23       1.2669917512E-005
#      7   -22       1.4034949275E-005
#      7   -21       1.2322857377E-005
#      7   -20       4.3153306926E-006
#      7   -19       1.3196405686E-004
#      7   -18       2.6593933908E-005
#      7   -17       1.7287374131E-004
#      7   -16       1.3105305927E-006
#      7   -15       1.1177208667E-004
#      7   -14       5.4493171615E-006
#      7   -13       6.2139029615E-005
#      7   -12       5.5877801990E-005
#      7   -11       6.5633405020E-005
#      7   -10       1.8365268027E-004
#      7    -9       7.6506426601E-005
#      7    -8       1.8674924542E-004
#      7    -7       1.7283160420E-005
#      7    -6       7.8834556351E-005
#      7    -5       2.7290658058E-005
#      7    -4       2.0191703819E-005
#      7    -3       3.4061970261E-005
#      7    -2       9.5797148837E-006
#      7    -1       1.4381718362E-005
#      7     0       3.5790125721E-005
#      7     1       3.1566557176E-005
#      7     2       4.9514908346E-005
#      7     3       2.0080642714E-005
#      7     4       7.0986161725E-006
#      7     5       2.6223127326E-005
#      7     6       1.3812389794E-005
#      7     7       6.6308597737E-005
#      7     8       1.7939875789E-005
#      7     9       3.6599198051E-005
#      7    10       1.8400456165E-008
#      7    11       6.2591272755E-006
#      7    12       5.4620916456E-006
#      7    13       1.1276749032E-005
#      7    14       2.0114684896E-006
#      7    15       8.2720172138E-006
#      7    16       7.0152190881E-006
#      7    17       1.4751900171E-005
#      7    18       7.3095218531E-006
#      7    19       4.6045313494E-005
#      7    20       1.3878666762E-005
#      8   -27       3.8583344019E-006
#      8   -26       7.2078881811E-007
#      8   -25       1.5767600588E-005
#      8   -24       9.6190354132E-006
#      8   -23       3.1752671679E-005
#      8   -22       3.3863213655E-005
#      8   -21       9.5431999898E-005
#      8   -20       6.4938600035E-005
#      8   -19       4.9481121738E-005
#      8   -18       5.6965924755E-005
#      8   -17       3.0365731352E-005
#      8   -16       3.2757490101E-005
#      8   -15       5.8623554157E-005
#      8   -14       5.0873847379E-006
#      8   -13       1.1693768928E-004
#      8   -12       1.1775632507E-005
#      8   -11       2.0365029191E-004
#      8   -10       2.9959577036E-005
#      8    -9       1.8055512983E-004
#      8    -8       6.3272572246E-005
#      8    -7       8.4968079314E-005
#      8    -6       1.2467476461E-004
#      8    -5       8.6286409323E-005
#      8    -4       1.1146172796E-004
#      8    -3       4.0660625719E-005
#      8    -2       4.0469169017E-005
#      8    -1       2.0094957536E-005
#      8     0       5.6976168190E-006
#      8     1       3.4712653537E-005
#      8     2       2.6544084206E-006
#      8     3       3.8784409794E-006
#      8     4       4.4286484459E-005
#      8     5       6.4706390186E-006
#      8     6       3.7881006110E-005
#      8     7       1.4656195826E-005
#      8     8       1.1749600998E-005
#      8     9       1.3695768803E-005
#      8    10       2.7036523755E-006
#      8    11       2.5704043217E-005
#      8    12       7.2632267629E-006
#      8    13       3.1581548929E-006
#      8    14       1.1158541515E-005
#      8    15       2.1348799579E-005
#      8    16       3.0162942652E-005
#      8    17       1.0254875639E-006
#      8    18       1.2948704392E-006
#      8    19       2.2560316931E-005
#      9   -27       2.7332398131E-007
#      9   -26       1.0092273013E-005
#      9   -25       4.6999878981E-006
#      9   -24       8.8537895818E-005
#      9   -23       1.7026383207E-005
#      9   -22       1.1691967627E-004
#      9   -21       2.7223151990E-006
#      9   -20       3.7298980062E-005
#      9   -19       1.8835095541E-005
#      9   -18       2.6728541994E-005
#      9   -17       8.1911977309E-005
#      9   -16       3.0726625837E-005
#      9   -15       4.0380025031E-005
#      9   -14       7.0578608883E-005
#      9   -13       1.4431866076E-005
#      9   -12       1.1458963928E-004
#      9   -11       6.5652584790E-005
#      9   -10       6.4907891574E-005
#      9    -9       1.5795939993E-004
#      9    -8       7.6449059152E-005
#      9    -7       2.4423628456E-004
#      9    -6       1.4152513402E-004
#      9    -5       1.4110076035E-004
#      9    -4       8.3079520682E-005
#      9    -3       3.3165396088E-005
#      9    -2       2.3052586616E-005
#      9    -1       1.7153800423E-005
#      9     0       1.7725445530E-005
#      9     1       4.1746832905E-005
#      9     2       1.5600150549E-005
#      9     3       8.2194767917E-005
#      9     4       1.0068980712E-005
#      9     5       4.6719833555E-005
#      9     6       3.8846990705E-006
#      9     7       4.7635830759E-005
#      9     8       4.3093206744E-006
#      9     9       6.4384680615E-005
#      9    10       2.5260059082E-005
#      9    11       6.1293247561E-005
#      9    12       1.0705453189E-005
#      9    13       2.9703036058E-005
#      9    14       1.1705599289E-005
#      9    15       7.8058556714E-006
#      9    16       8.3563329746E-006
#      9    17       4.9910435099E-006
#      9    18       1.1079958977E-005
#     10   -27       1.7448753038E-005
#     10   -26       1.3071505729E-006
#     10   -25       7.4622034221E-004
#     10   -24       3.7752190123E-006
#     10   -23       4.0358532130E-005
#     10   -22       8.1692177489E-006
#     10   -21       1.3888753519E-006
#     10   -20       7.6719660540E-003
#     10   -19       1.1743461860E-005
#     10   -18       1.5540193076E-004
#     10   -17       1.0734490563E-006
#     10   -16       5.3512764768E-005
#     10   -15       1.5033129102E-002
#     10   -14       1.6581846946E-005
#     10   -13       3.9014010598E-005
#     10   -12       4.9452364659E-005
#     10   -11       8.6437919950E-006
#     10   -10       1.4822513896E-002
#     10    -9       1.0821978218E-004
#     10    -8       1.7748827238E-004
#     10    -7       1.5126787232E-004
#     10    -6       1.0425245333E-004
#     10    -5       3.5769306125E-003
#     10    -4       2.0550695674E-005
#     10    -3       1.5250337099E-005
#     10    -2       1.4248548444E-005
#     10    -1       3.1903213820E-005
#     10     0       4.7477334817E-002
#     10     1       4.6780749326E-005
#     10     2       1.2761783183E-004
#     10     3       4.7793599885E-005
#     10     4       7.2051084568E-005
#     10     5       1.5187688227E-002
#     10     6       5.6123678309E-005
#     10     7       8.1970364603E-006
#     10     8       4.5023826213E-005
#     10     9       1.2061405707E-005
#     10    10       5.7365388213E-003
#     10    11       5.2797582023E-006
#     10    12       5.4639871631E-005
#     10    13       3.5820139346E-005
#     10    14       2.1686619730E-005
#     10    15       8.2771275028E-004
#     10    16       4.2665533725E-005
#     10    17       2.9805224664E-005
#     11   -27       6.9686570901E-007
#     11   -26       8.8364566852E-006
#     11   -25       3.3291264365E-006
#     11   -24       3.2762255899E-006
#     11   -23       3.5361584861E-005
#     11   -22       5.1879100392E-005
#     11   -21       9.1688728055E-005
#     11   -20       4.8662371741E-005
#     11   -19       6.1815253064E-005
#     11   -18       1.7969698892E-005
#     11   -17       7.9220336791E-006
#     11   -16       3.1052177295E-005
#     11   -15       2.1860618856E-005
#     11   -14       2.4556403157E-005
#     11   -13       2.0730059733E-005
#     11   -12       1.4562613349E-005
#     11   -11       3.9142705108E-005
#     11   -10       1.1307341992E-004
#     11    -9       8.7894621721E-005
#     11    -8       1.0391154682E-004
#     11    -7       5.3779462211E-005
#     11    -6       2.8206084480E-005
#     11    -5       3.6110278031E-005
#     11    -4       1.8748906884E-005
#     11    -3       3.1264813090E-005
#     11    -2       2.2323690144E-005
#     11    -1       4.7695064610E-005
#     11     0       6.0641294999E-005
#     11     1       7.2225977389E-005
#     11     2       3.6997819604E-005
#     11     3       3.6763328160E-005
#     11     4       1.0064604369E-005
#     11     5       2.2922603805E-005
#     11     6       2.2969387202E-005
#     11     7       3.3226957974E-005
#     11     8       2.3431620618E-005
#     11     9       4.4372916887E-005
#     11    10       1.6397847755E-005
#     11    11       3.8426756834E-005
#     11    12       9.7549393270E-006
#     11    13       2.7003175532E-005
#     11    14       1.9792721379E-005
#     11    15       2.2624970343E-005
#     11    16       3.6292186748E-005
#     12   -27       3.9682259796E-006
#     12   -26       5.1953835369E-006
#     12   -25       1.9045547963E-005
#     12   -24       3.6241956541E-005
#     12   -23       1.1129429844E-004
#     12   -22       5.0999246250E-005
#     12   -21       8.0429030035E-005
#     12   -20       1.0233228375E-005
#     12   -19       1.9346891336E-005
#     12   -18       3.3770040986E-005
#     12   -17       5.3029413366E-005
#     12   -16       6.9613280426E-005
#     12   -15       1.7076064777E-005
#     12   -14       1.2974033768E-005
#     12   -13       8.9629490094E-006
#     12   -12       1.5765372101E-005
#     12   -11       7.0336922449E-005
#     12   -10       5.3334920241E-005
#     12    -9       4.0820952028E-005
#     12    -8       5.9964171640E-005
#     12    -7       4.9030850939E-005
#     12    -6       5.6117871515E-005
#     12    -5       6.1326909227E-005
#     12    -4       5.1238700897E-005
#     12    -3       3.1334446311E-005
#     12    -2       3.0139103734E-005
#     12    -1       2.8246353119E-005
#     12     0       2.7687176043E-005
#     12     1       1.6100707397E-005
#     12     2       1.8868322472E-006
#     12     3       6.5676035694E-007
#     12     4       8.6645221439E-006
#     12     5       5.5197632070E-006
#     12     6       8.5168244708E-006
#     12     7       8.4649843814E-006
#     12     8       9.4895153950E-006
#     12     9       1.4285279039E-005
#     12    10       1.7635668367E-005
#     12    11       7.4867879818E-006
#     12    12       1.2633511301E-005
#     12    13       6.0101005823E-006
#     12    14       6.4697537232E-006
#     12    15       1.2152644818E-005
#     13   -28       6.2796075697E-006
#     13   -27       6.9532712308E-006
#     13   -26       2.4550885137E-005
#     13   -25       1.7991064598E-005
#     13   -24       5.5895055094E-005
#     13   -23       2.6436035770E-005
#     13   -22       2.5944472362E-005
#     13   -21       1.3029303210E-005
#     13   -20       2.5618889176E-005
#     13   -19       9.5983570680E-005
#     13   -18       7.9419926907E-005
#     13   -17       1.0752678740E-004
#     13   -16       3.6108038980E-005
#     13   -15       8.4643917936E-006
#     13   -14       5.9560179902E-006
#     13   -13       2.3061097383E-005
#     13   -12       2.3762652423E-005
#     13   -11       4.2086901594E-005
#     13   -10       1.7859005544E-005
#     13    -9       3.4980467351E-005
#     13    -8       7.7023995557E-005
#     13    -7       5.9998414425E-005
#     13    -6       1.2024387764E-004
#     13    -5       3.5323155524E-005
#     13    -4       4.0974280284E-005
#     13    -3       1.3185073034E-005
#     13    -2       1.0883943752E-005
#     13    -1       6.5280330100E-006
#     13     0       1.7596885484E-005
#     13     1       1.0433511874E-005
#     13     2       1.4025292019E-005
#     13     3       1.8720927238E-005
#     13     4       1.2563190018E-005
#     13     5       1.7362556238E-005
#     13     6       6.3178457844E-006
#     13     7       4.6604445884E-006
#     13     8       1.6535358530E-005
#     13     9       2.0914363436E-005
#     13    10       2.3398162653E-006
#     13    11       2.2766390041E-005
#     13    12       1.0825465518E-005
#     13    13       6.6468624004E-008
#     13    14       3.1261406401E-006
#     13    15       4.1439692986E-005
#     14   -28       5.9226034132E-006
#     14   -27       1.1852019064E-005
#     14   -26       3.2337076355E-006
#     14   -25       7.0803293968E-006
#     14   -24       2.9849127692E-006
#     14   -23       9.5893784219E-007
#     14   -22       2.0742300548E-005
#     14   -21       6.5116265378E-005
#     14   -20       7.0191808037E-005
#     14   -19       1.1294817024E-004
#     14   -18       4.4537542953E-005
#     14   -17       3.3672543574E-005
#     14   -16       6.3555877231E-006
#     14   -15       1.6702244466E-005
#     14   -14       5.0987987678E-005
#     14   -13       1.7052811391E-005
#     14   -12       2.7193759702E-005
#     14   -11       5.4756830491E-006
#     14   -10       6.0123365427E-006
#     14    -9       6.7664225883E-005
#     14    -8       3.6611565770E-005
#     14    -7       7.2678322098E-005
#     14    -6       3.9383285896E-005
#     14    -5       2.4919285919E-005
#     14    -4       7.2432930175E-006
#     14    -3       1.5688864591E-005
#     14    -2       7.7856772810E-006
#     14    -1       2.3690085903E-005
#     14     0       3.2291052968E-005
#     14     1       4.8661805826E-005
#     14     2       6.0517612208E-005
#     14     3       4.4483341104E-005
#     14     4       3.6931529091E-005
#     14     5       2.2739857021E-005
#     14     6       1.3243498485E-005
#     14     7       5.8159497187E-006
#     14     8       1.0255522687E-005
#     14     9       1.3657004507E-005
#     14    10       1.8151741954E-005
#     14    11       1.2205734030E-005
#     14    12       2.7579626467E-005
#     14    13       2.1892500136E-005
#     14    14       3.1970466835E-006
#     15   -28       1.8700931203E-006
#     15   -27       5.9619840930E-007
#     15   -26       2.0271985347E-007
#     15   -25       1.0705267585E-003
#     15   -24       2.4433472905E-005
#     15   -23       4.2888663544E-005
#     15   -22       1.0987908585E-004
#     15   -21       7.1770897260E-005
#     15   -20       1.1109252323E-002
#     15   -19       2.6798837057E-005
#     15   -18       6.9951404852E-006
#     15   -17       5.6770092785E-005
#     15   -16       3.3779255947E-005
#     15   -15       4.2700750736E-002
#     15   -14       2.8704358550E-005
#     15   -13       3.3174038324E-005
#     15   -12       3.7595766368E-006
#     15   -11       6.7159984565E-006
#     15   -10       1.4669430522E-002
#     15    -9       4.2280132218E-005
#     15    -8       1.9084137177E-005
#     15    -7       2.6720237202E-005
#     15    -6       1.3978236111E-007
#     15    -5       1.6658534400E-002
#     15    -4       2.8286725798E-006
#     15    -3       9.3411244009E-006
#     15    -2       9.9667545534E-006
#     15    -1       3.6326469415E-005
#     15     0       2.7287599755E-002
#     15     1       7.6145522407E-005
#     15     2       3.2618105159E-005
#     15     3       3.8487129128E-005
#     15     4       1.8431928851E-005
#     15     5       7.5168645548E-003
#     15     6       1.6192739175E-005
#     15     7       4.2579966395E-005
#     15     8       3.8023888403E-005
#     15     9       3.9834354251E-005
#     15    10       2.7083710119E-004
#     15    11       2.8768597697E-005
#     15    12       2.5790157051E-006
#     15    13       2.7528344450E-005
#     16   -27       4.2872105351E-006
#     16   -26       1.2490298634E-005
#     16   -25       1.9137847181E-005
#     16   -24       3.7377642814E-005
#     16   -23       6.0061731719E-005
#     16   -22       7.2965806526E-005
#     16   -21       2.4069412745E-005
#     16   -20       2.9750769089E-005
#     16   -19       1.2445162899E-005
#     16   -18       9.5382042569E-005
#     16   -17       8.9232223802E-005
#     16   -16       1.1119731234E-004
#     16   -15       6.6324012056E-005
#     16   -14       1.5775371326E-005
#     16   -13       5.4072726174E-006
#     16   -12       1.0468570025E-005
#     16   -11       1.2340027982E-005
#     16   -10       2.6039642488E-005
#     16    -9       4.4898625892E-007
#     16    -8       4.8101570150E-006
#     16    -7       1.8077470384E-005
#     16    -6       1.2147476840E-005
#     16    -5       3.2577797935E-005
#     16    -4       2.2353118685E-005
#     16    -3       1.7506283563E-005
#     16    -2       4.0071600118E-005
#     16    -1       2.9709834515E-005
#     16     0       5.6431841597E-005
#     16     1       2.5219334284E-005
#     16     2       3.9432912411E-005
#     16     3       4.2439650742E-006
#     16     4       2.4979560505E-005
#     16     5       1.2741849764E-005
#     16     6       2.4814370250E-005
#     16     7       1.4915234722E-005
#     16     8       8.1530000601E-006
#     16     9       3.7133146715E-005
#     16    10       1.4210647324E-005
#     16    11       7.8913915990E-006
#     17   -27       2.7944476133E-006
#     17   -26       1.6335366073E-006
#     17   -25       4.2130809336E-005
#     17   -24       9.5617065895E-006
#     17   -23       1.4041434285E-005
#     17   -22       2.7112055212E-006
#     17   -21       1.1771063406E-005
#     17   -20       5.8277406704E-005
#     17   -19       5.0080856346E-005
#     17   -18       1.4420271727E-004
#     17   -17       5.1036332046E-005
#     17   -16       7.5516314048E-005
#     17   -15       3.9448469564E-007
#     17   -14       5.0651221016E-006
#     17   -13       3.1110934378E-005
#     17   -12       9.3516042680E-006
#     17   -11       2.4504304463E-005
#     17   -10       3.3638334055E-006
#     17    -9       2.9349727810E-006
#     17    -8       4.3108763664E-005
#     17    -7       3.5515111349E-005
#     17    -6       7.6340442913E-005
#     17    -5       2.5964264548E-005
#     17    -4       2.2662392854E-005
#     17    -3       1.7397632471E-005
#     17    -2       1.5204954583E-005
#     17    -1       2.1611806249E-005
#     17     0       3.7805730576E-006
#     17     1       1.2213566347E-005
#     17     2       1.1428028934E-006
#     17     3       1.4212278143E-005
#     17     4       3.0431647415E-009
#     17     5       2.8497220932E-005
#     17     6       1.2657267588E-005
#     17     7       2.0732764321E-005
#     17     8       2.0295664776E-005
#     17     9       1.7249150079E-005
#     17    10       2.7545279680E-006
#     18   -27       2.3485678944E-006
#     18   -26       1.3121658394E-006
#     18   -25       7.2879292458E-008
#     18   -24       4.3472871754E-006
#     18   -23       1.1991814445E-005
#     18   -22       6.7614715220E-006
#     18   -21       8.2752878581E-005
#     18   -20       3.3572537532E-005
#     18   -19       1.2657352819E-004
#     18   -18       1.7383268281E-005
#     18   -17       2.3380853216E-005
#     18   -16       2.1257186412E-005
#     18   -15       4.4541816254E-006
#     18   -14       6.6529296555E-005
#     18   -13       2.6306244547E-005
#     18   -12       4.0156147565E-005
#     18   -11       2.7795756872E-006
#     18   -10       1.5111427234E-005
#     18    -9       2.0831216541E-005
#     18    -8       4.0242224446E-005
#     18    -7       3.1105422729E-005
#     18    -6       7.9494484350E-006
#     18    -5       9.9246734048E-006
#     18    -4       3.8104732707E-006
#     18    -3       4.7567035451E-006
#     18    -2       5.6241089815E-006
#     18    -1       1.8405288273E-006
#     18     0       1.4022334737E-005
#     18     1       2.6848109969E-006
#     18     2       1.3391546848E-005
#     18     3       6.7227946874E-006
#     18     4       3.3317438810E-005
#     18     5       1.0466322408E-005
#     18     6       2.6409488042E-005
#     18     7       4.0356897613E-005
#     18     8       6.4717422580E-006
#     18     9       1.0752742706E-005
#     19   -27       6.1385402303E-006
#     19   -26       1.5808172235E-006
#     19   -25       1.5985019746E-005
#     19   -24       9.6588912273E-006
#     19   -23       2.0507387433E-005
#     19   -22       5.5075968666E-005
#     19   -21       4.3758216115E-005
#     19   -20       4.9381666769E-005
#     19   -19       1.5380874019E-005
#     19   -18       7.2847423725E-007
#     19   -17       3.3084582728E-005
#     19   -16       4.2110882520E-005
#     19   -15       7.8620940042E-005
#     19   -14       4.8231288997E-005
#     19   -13       4.2992242004E-005
#     19   -12       6.4984515011E-006
#     19   -11       6.5723746851E-006
#     19   -10       3.2661367124E-006
#     19    -9       1.0403405126E-005
#     19    -8       1.3635043436E-005
#     19    -7       8.0414332767E-007
#     19    -6       4.2708305137E-006
#     19    -5       6.7231714339E-006
#     19    -4       6.8554727683E-006
#     19    -3       1.9152730251E-005
#     19    -2       1.8314138023E-006
#     19    -1       1.4507051008E-005
#     19     0       4.0341617679E-006
#     19     1       1.4010074973E-005
#     19     2       1.0975250844E-005
#     19     3       3.4355797964E-005
#     19     4       1.7426739420E-005
#     19     5       3.3170884317E-005
#     19     6       3.4618163997E-005
#     19     7       3.5727741237E-005
#     19     8       1.3409330391E-005
#     20   -27       4.9644905439E-007
#     20   -26       6.4936411160E-006
#     20   -25       8.8594998981E-004
#     20   -24       2.8351512408E-005
#     20   -23       2.3385220417E-005
#     20   -22       3.0400190039E-005
#     20   -21       1.5668266435E-005
#     20   -20       7.7656681698E-003
#     20   -19       1.7332173717E-005
#     20   -18       2.8684841124E-005
#     20   -17       9.8097478760E-005
#     20   -16       6.4593565378E-005
#     20   -15       1.0980263692E-002
#     20   -14       2.5086644087E-005
#     20   -13       7.6166406561E-006
#     20   -12       6.6368332756E-006
#     20   -11       4.4966360120E-006
#     20   -10       6.4589601602E-003
#     20    -9       7.9717255796E-007
#     20    -8       1.0429428513E-006
#     20    -7       6.7379288966E-006
#     20    -6       5.7228067474E-006
#     20    -5       8.3229563123E-003
#     20    -4       7.2088547817E-006
#     20    -3       1.6685679212E-005
#     20    -2       1.0928793517E-005
#     20    -1       2.6269996556E-005
#     20     0       2.3165703367E-003
#     20     1       4.4916830250E-005
#     20     2       3.6655578999E-005
#     20     3       5.8730285296E-005
#     20     4       3.7515125776E-005
#     20     5       3.1472187667E-004
#     20     6       1.3550309247E-005
#     20     7       6.9235878416E-006
#     21   -26       6.8032776563E-007
#     21   -25       1.2022962292E-005
#     21   -24       1.5549365694E-005
#     21   -23       1.5991415640E-005
#     21   -22       7.5950907295E-006
#     21   -21       1.7568182392E-006
#     21   -20       3.0609755597E-005
#     21   -19       1.6788062690E-005
#     21   -18       8.6310076206E-005
#     21   -17       3.1053219325E-005
#     21   -16       4.5795053755E-005
#     21   -15       3.1887212754E-006
#     21   -14       3.7331264647E-006
#     21   -13       2.9167319423E-005
#     21   -12       2.2378955390E-005
#     21   -11       2.7370477004E-005
#     21   -10       9.3777499511E-006
#     21    -9       1.7813607867E-005
#     21    -8       2.8328125683E-005
#     21    -7       1.5489808174E-005
#     21    -6       2.3840331683E-005
#     21    -5       3.2786592824E-005
#     21    -4       1.7297650620E-005
#     21    -3       2.0239541275E-005
#     21    -2       3.8430280443E-005
#     21    -1       3.6888799784E-005
#     21     0       3.2063657416E-005
#     21     1       3.2731748657E-005
#     21     2       2.6770535302E-005
#     21     3       2.9535930244E-005
#     21     4       5.8421288582E-006
#     21     5       1.2157942669E-005
#     22   -26       6.3421893531E-006
#     22   -25       1.0305636515E-005
#     22   -24       1.0802179231E-005
#     22   -23       7.5229853074E-006
#     22   -22       1.5468114389E-005
#     22   -21       1.8909820599E-005
#     22   -20       1.9142778227E-005
#     22   -19       4.0964177250E-005
#     22   -18       1.5457490740E-005
#     22   -17       2.0192138871E-005
#     22   -16       2.1235598940E-006
#     22   -15       1.5176620216E-005
#     22   -14       2.8713472554E-005
#     22   -13       4.1756661962E-005
#     22   -12       4.3270129102E-005
#     22   -11       1.6916994922E-005
#     22   -10       2.0171383990E-005
#     22    -9       2.6120392346E-005
#     22    -8       2.4812644257E-005
#     22    -7       2.2132610099E-005
#     22    -6       1.7827755044E-005
#     22    -5       2.1559767605E-005
#     22    -4       2.4257370582E-005
#     22    -3       3.7103688271E-005
#     22    -2       3.2126614374E-005
#     22    -1       3.8729617173E-005
#     22     0       4.0244038014E-005
#     22     1       8.4613249333E-006
#     22     2       2.3592673938E-005
#     22     3       5.1680324667E-006
#     22     4       1.9901338427E-005
#     23   -25       6.5216618573E-006
#     23   -24       5.6664846502E-006
#     23   -23       1.4800911575E-005
#     23   -22       3.3224587475E-006
#     23   -21       2.9753041384E-005
#     23   -20       3.7811337445E-005
#     23   -19       1.0498509637E-005
#     23   -18       1.0716972867E-005
#     23   -17       4.4015871683E-006
#     23   -16       2.9834565839E-005
#     23   -15       4.5408335719E-005
#     23   -14       6.5808768346E-005
#     23   -13       1.9409942029E-005
#     23   -12       2.4826450922E-005
#     23   -11       2.0824140364E-005
#     23   -10       2.4899810875E-006
#     23    -9       2.6404863259E-005
#     23    -8       3.7103201556E-006
#     23    -7       2.3023215456E-005
#     23    -6       2.9059017387E-005
#     23    -5       1.6396552529E-005
#     23    -4       2.5326944437E-005
#     23    -3       4.1168985212E-005
#     23    -2       2.4637563299E-005
#     23    -1       1.8815913500E-005
#     23     0       4.4498071768E-005
#     23     1       2.4609742594E-005
#     23     2       7.2889447276E-006
#     24   -24       6.2029961952E-006
#     24   -23       6.9737278731E-006
#     24   -22       2.8573604596E-005
#     24   -21       5.2222256274E-006
#     24   -20       1.4856830736E-005
#     24   -19       4.4728429372E-006
#     24   -18       1.1669935531E-005
#     24   -17       3.2917314800E-005
#     24   -16       1.0747665096E-005
#     24   -15       5.2984078097E-005
#     24   -14       2.1296294172E-005
#     24   -13       1.2735589125E-005
#     24   -12       4.5034586282E-006
#     24   -11       8.6217794582E-006
#     24   -10       1.9540561815E-005
#     24    -9       1.4136826127E-005
#     24    -8       6.8068249884E-006
#     24    -7       1.3817866927E-005
#     24    -6       2.1805084759E-005
#     24    -5       2.2737368947E-005
#     24    -4       5.7736766841E-005
#     24    -3       1.8687933756E-005
#     24    -2       3.5207414423E-005
#     24    -1       4.6375392307E-005
#     24     0       3.5764420978E-005
#     25   -23       1.1992980074E-005
#     25   -22       4.0458227865E-006
#     25   -21       3.5562929699E-006
#     25   -20       9.0733056849E-004
#     25   -19       2.0591449493E-005
#     25   -18       1.6511049838E-005
#     25   -17       6.4713129558E-006
#     25   -16       2.1702819172E-005
#     25   -15       9.3452906519E-004
#     25   -14       8.8915286032E-006
#     25   -13       7.2214240145E-006
#     25   -12       1.3875581521E-005
#     25   -11       8.2551829448E-006
#     25   -10       4.5337035139E-004
#     25    -9       1.1388130173E-005
#     25    -8       9.0420470107E-006
#     25    -7       3.0242704960E-005
#     25    -6       2.4111061197E-005
#     25    -5       5.1484763868E-004
#     25    -4       3.1893047067E-005
#     25    -3       3.0636274124E-005
#     25    -2       3.5789934463E-005
#     26   -22       4.1024646446E-006
#     26   -21       3.6098964588E-006
#     26   -20       7.7000635370E-006
#     26   -19       1.2028782412E-005
