 Diffraction intensities for potential:ga5x5_04D10005.in                       
#    -28    13       1.4552223246E-006
#    -28    14       2.5560331121E-005
#    -28    15       3.6711785451E-006
#    -27     7       5.3057198011E-006
#    -27     8       1.7270922356E-007
#    -27     9       6.0856356684E-006
#    -27    10       2.2766788090E-006
#    -27    11       1.0303707867E-006
#    -27    12       1.3483575233E-005
#    -27    13       6.4989454794E-006
#    -27    14       5.0075799101E-007
#    -27    15       3.0980506554E-005
#    -27    16       1.2456796164E-005
#    -27    17       8.0531673408E-006
#    -27    18       2.5303496281E-005
#    -27    19       5.9276330561E-006
#    -27    20       1.8152344057E-005
#    -26     4       1.5700722547E-006
#    -26     5       1.4538426322E-006
#    -26     6       7.8096911882E-006
#    -26     7       2.5140123835E-006
#    -26     8       2.5862279296E-006
#    -26     9       3.9289111467E-006
#    -26    10       1.1287620576E-005
#    -26    11       2.8538206485E-006
#    -26    12       2.7660739509E-006
#    -26    13       6.3283411924E-005
#    -26    14       1.0059455093E-005
#    -26    15       3.4657169322E-005
#    -26    16       1.2488420661E-005
#    -26    17       4.8565844828E-005
#    -26    18       7.3892398281E-005
#    -26    19       2.1539381638E-005
#    -26    20       4.5565081350E-006
#    -26    21       2.7320306807E-007
#    -26    22       2.6587835700E-005
#    -25     2       2.9279319374E-006
#    -25     3       1.9333166752E-006
#    -25     4       7.6731182482E-006
#    -25     5       8.0183165651E-004
#    -25     6       2.8868037344E-007
#    -25     7       8.4035665218E-006
#    -25     8       1.2674514737E-005
#    -25     9       2.3935857884E-005
#    -25    10       9.8330610234E-004
#    -25    11       1.4804029941E-005
#    -25    12       2.5469562938E-005
#    -25    13       3.3204063665E-005
#    -25    14       9.7364836624E-005
#    -25    15       1.5409090153E-004
#    -25    16       7.3154810142E-005
#    -25    17       1.4599089014E-005
#    -25    18       3.3581669723E-006
#    -25    19       3.7316497947E-005
#    -25    20       4.8804729045E-004
#    -25    21       1.0813809150E-005
#    -25    22       2.7596455196E-006
#    -25    23       1.0710854598E-006
#    -24     0       2.6464933564E-006
#    -24     1       4.3959773195E-006
#    -24     2       6.0831303904E-008
#    -24     3       6.7636004077E-006
#    -24     4       2.4295882130E-006
#    -24     5       2.0707077049E-006
#    -24     6       3.6682655391E-006
#    -24     7       1.9951991029E-005
#    -24     8       6.0403616408E-005
#    -24     9       4.1938152084E-006
#    -24    10       2.9226915726E-005
#    -24    11       7.1706976168E-005
#    -24    12       2.4513558036E-005
#    -24    13       1.2433761135E-004
#    -24    14       4.6364891063E-006
#    -24    15       2.2447082981E-005
#    -24    16       4.3662225250E-005
#    -24    17       1.5474957100E-004
#    -24    18       7.9055603397E-005
#    -24    19       1.9377019466E-005
#    -24    20       1.9002573416E-005
#    -24    21       7.2785182138E-006
#    -24    22       1.1092678622E-005
#    -24    23       2.9852516361E-006
#    -24    24       1.9342869341E-006
#    -23    -2       3.9524561601E-006
#    -23    -1       2.5128742346E-006
#    -23     0       5.9329268806E-006
#    -23     1       4.8108433711E-006
#    -23     2       1.3882993560E-006
#    -23     3       8.0838155282E-006
#    -23     4       9.9715353411E-006
#    -23     5       7.9613287495E-006
#    -23     6       2.7163579146E-005
#    -23     7       5.8822488736E-006
#    -23     8       3.9617382242E-005
#    -23     9       8.2245899000E-006
#    -23    10       1.1075036899E-004
#    -23    11       4.8154141887E-005
#    -23    12       3.9198574214E-005
#    -23    13       6.7887465370E-005
#    -23    14       3.2521065353E-004
#    -23    15       7.6961044099E-005
#    -23    16       6.4738850163E-005
#    -23    17       9.4471778177E-005
#    -23    18       7.3747267725E-005
#    -23    19       6.7875638343E-005
#    -23    20       5.1206085573E-005
#    -23    21       3.3157014067E-006
#    -23    22       9.2880447821E-006
#    -23    23       7.9900707717E-006
#    -23    24       4.0817027232E-006
#    -23    25       7.2317522372E-007
#    -22    -4       5.3549055145E-007
#    -22    -3       4.2975314275E-006
#    -22    -2       1.0569499613E-006
#    -22    -1       3.7724959003E-007
#    -22     0       2.3932743141E-005
#    -22     1       4.5134827736E-006
#    -22     2       2.7296070007E-006
#    -22     3       1.6142727591E-005
#    -22     4       1.3118880319E-006
#    -22     5       7.8566116020E-005
#    -22     6       1.0976374747E-005
#    -22     7       5.2598133298E-005
#    -22     8       9.3260035644E-005
#    -22     9       8.2552807557E-005
#    -22    10       7.5221794950E-005
#    -22    11       2.8523627177E-004
#    -22    12       3.2267991135E-005
#    -22    13       5.5656102622E-005
#    -22    14       1.0121111690E-004
#    -22    15       1.3351151667E-004
#    -22    16       5.0375353336E-005
#    -22    17       2.3072202985E-004
#    -22    18       2.6637310911E-005
#    -22    19       4.9954777060E-007
#    -22    20       1.1435715598E-004
#    -22    21       2.2707402366E-005
#    -22    22       6.8292375119E-006
#    -22    23       1.2508438212E-005
#    -22    24       3.6595677964E-006
#    -22    25       3.6363082649E-006
#    -22    26       1.5146515280E-005
#    -21    -5       3.4620122132E-006
#    -21    -4       5.3488948837E-008
#    -21    -3       1.2507266347E-005
#    -21    -2       2.2953605105E-005
#    -21    -1       3.2995990170E-006
#    -21     0       1.5696497384E-006
#    -21     1       4.2341701170E-006
#    -21     2       3.1597113059E-005
#    -21     3       2.5411193715E-005
#    -21     4       1.2576582810E-005
#    -21     5       4.0197553568E-005
#    -21     6       1.6239498946E-004
#    -21     7       2.1303355754E-006
#    -21     8       1.9103017080E-004
#    -21     9       4.5193609643E-006
#    -21    10       8.2909793229E-005
#    -21    11       1.2017963414E-004
#    -21    12       1.5671147043E-004
#    -21    13       9.9554757701E-005
#    -21    14       3.1066750490E-004
#    -21    15       3.1147526128E-005
#    -21    16       2.2592398812E-006
#    -21    17       2.4409982447E-004
#    -21    18       1.9387894880E-004
#    -21    19       7.7732217749E-006
#    -21    20       2.5874410431E-005
#    -21    21       1.0960278883E-005
#    -21    22       9.8284469492E-006
#    -21    23       4.4120654092E-006
#    -21    24       1.3421076153E-005
#    -21    25       1.6539554705E-005
#    -21    26       1.2137886807E-005
#    -20    -7       1.8458599688E-006
#    -20    -6       1.2563954472E-006
#    -20    -5       6.2561112945E-004
#    -20    -4       3.5244052557E-006
#    -20    -3       7.8516686719E-006
#    -20    -2       6.1220555496E-006
#    -20    -1       5.3643915241E-006
#    -20     0       7.0510917642E-003
#    -20     1       2.1876348438E-005
#    -20     2       1.4599654434E-005
#    -20     3       9.6157881279E-005
#    -20     4       7.7539003370E-006
#    -20     5       1.0664592276E-002
#    -20     6       1.0187170339E-005
#    -20     7       7.7223853811E-005
#    -20     8       1.8175941758E-004
#    -20     9       3.0163073066E-004
#    -20    10       5.7872884512E-003
#    -20    11       3.1686839384E-004
#    -20    12       7.3834215782E-006
#    -20    13       1.0975087823E-005
#    -20    14       2.0481649129E-004
#    -20    15       8.9518846040E-003
#    -20    16       3.0424676932E-006
#    -20    17       1.3021786444E-004
#    -20    18       5.9960835764E-006
#    -20    19       3.3356731326E-005
#    -20    20       2.3415393083E-003
#    -20    21       3.1732154012E-005
#    -20    22       2.8340316875E-005
#    -20    23       1.5409539604E-005
#    -20    24       4.0846665186E-006
#    -20    25       2.5109986068E-004
#    -20    26       4.4996455527E-006
#    -20    27       2.2865244874E-006
#    -19    -8       5.8569029402E-006
#    -19    -7       5.3486981161E-006
#    -19    -6       4.3436758884E-006
#    -19    -5       2.3530666406E-006
#    -19    -4       8.2194128281E-006
#    -19    -3       4.7028877286E-005
#    -19    -2       2.8369071620E-005
#    -19    -1       2.6327752953E-005
#    -19     0       7.6992301872E-005
#    -19     1       3.9523596726E-005
#    -19     2       8.4934334169E-005
#    -19     3       1.1208570647E-005
#    -19     4       5.9349749409E-005
#    -19     5       1.2352917974E-004
#    -19     6       4.1394082543E-004
#    -19     7       1.3790099219E-005
#    -19     8       1.3623204006E-004
#    -19     9       9.3451280683E-006
#    -19    10       4.6016613329E-005
#    -19    11       1.5030973444E-004
#    -19    12       4.9248231085E-004
#    -19    13       2.9002653847E-005
#    -19    14       2.0750147650E-004
#    -19    15       4.6802563640E-006
#    -19    16       7.0876039458E-005
#    -19    17       1.2371556733E-004
#    -19    18       1.2118040337E-004
#    -19    19       6.0306904112E-005
#    -19    20       1.1670448366E-004
#    -19    21       1.5258222202E-005
#    -19    22       1.4177238981E-006
#    -19    23       7.6884998215E-006
#    -19    24       6.4679624795E-006
#    -19    25       5.2146842383E-006
#    -19    26       2.7225707360E-005
#    -19    27       9.5738176301E-006
#    -18    -9       1.0821282404E-006
#    -18    -8       2.2144901496E-006
#    -18    -7       7.5788582295E-006
#    -18    -6       1.5413413835E-005
#    -18    -5       2.3090128628E-005
#    -18    -4       1.3626262003E-005
#    -18    -3       3.7184159451E-005
#    -18    -2       1.1442250039E-004
#    -18    -1       4.3339078312E-005
#    -18     0       7.3197274902E-005
#    -18     1       5.4136974761E-005
#    -18     2       4.9813425178E-005
#    -18     3       4.0632941357E-004
#    -18     4       5.5887254013E-006
#    -18     5       1.4206270472E-004
#    -18     6       7.1084696922E-006
#    -18     7       5.4382355073E-005
#    -18     8       1.6872185827E-004
#    -18     9       4.9640907052E-004
#    -18    10       8.9346911950E-005
#    -18    11       1.0936237165E-004
#    -18    12       1.6626420539E-005
#    -18    13       2.0850911557E-004
#    -18    14       1.7395694728E-004
#    -18    15       2.5585660103E-004
#    -18    16       4.7688484002E-005
#    -18    17       1.7364161564E-004
#    -18    18       2.6161522655E-005
#    -18    19       9.7648398152E-007
#    -18    20       9.1810662484E-006
#    -18    21       1.6769759446E-005
#    -18    22       5.6694106692E-005
#    -18    23       3.6780037020E-005
#    -18    24       5.5421598482E-005
#    -18    25       2.3731155677E-005
#    -18    26       1.3174173496E-008
#    -18    27       2.5975391145E-006
#    -17   -10       3.1350366412E-006
#    -17    -9       5.8198827392E-006
#    -17    -8       3.5503661353E-006
#    -17    -7       4.1228790967E-006
#    -17    -6       6.4228409725E-006
#    -17    -5       1.0698317456E-004
#    -17    -4       3.0360426000E-005
#    -17    -3       1.3280339470E-004
#    -17    -2       6.4105230058E-006
#    -17    -1       1.6316985308E-005
#    -17     0       4.4326361332E-004
#    -17     1       1.4403990961E-004
#    -17     2       1.9253438511E-004
#    -17     3       6.8008833708E-006
#    -17     4       4.7994580782E-005
#    -17     5       2.2959321495E-004
#    -17     6       6.0815105169E-004
#    -17     7       4.1217588564E-005
#    -17     8       1.1640888220E-005
#    -17     9       4.3225310508E-005
#    -17    10       1.6224180313E-004
#    -17    11       8.9121588211E-005
#    -17    12       4.2138243951E-004
#    -17    13       6.5175998704E-006
#    -17    14       1.5236622510E-004
#    -17    15       7.8347844681E-006
#    -17    16       9.2618299860E-005
#    -17    17       3.9164763149E-005
#    -17    18       1.9317489785E-005
#    -17    19       1.0666655238E-004
#    -17    20       1.7440049663E-004
#    -17    21       1.1725398320E-004
#    -17    22       4.7914508258E-005
#    -17    23       2.5058666689E-005
#    -17    24       5.9127324349E-006
#    -17    25       1.0984514217E-005
#    -17    26       1.3145387204E-005
#    -17    27       1.6160814491E-005
#    -16   -11       3.6392940281E-006
#    -16   -10       1.0321883419E-006
#    -16    -9       1.8061378786E-006
#    -16    -8       3.5906663614E-005
#    -16    -7       5.6820927516E-005
#    -16    -6       3.9796570861E-005
#    -16    -5       1.3020657071E-005
#    -16    -4       6.5333579729E-006
#    -16    -3       2.2571553988E-004
#    -16    -2       3.8258163376E-004
#    -16    -1       6.4633408261E-005
#    -16     0       4.7448354720E-005
#    -16     1       9.5680063647E-005
#    -16     2       8.5852397944E-005
#    -16     3       6.5133726933E-004
#    -16     4       2.2112201163E-005
#    -16     5       4.2148550900E-005
#    -16     6       5.1264397407E-005
#    -16     7       5.8768625900E-005
#    -16     8       6.9050822734E-005
#    -16     9       3.6667047366E-004
#    -16    10       8.2530595562E-005
#    -16    11       4.0408207569E-005
#    -16    12       2.3863112747E-005
#    -16    13       2.5698931470E-004
#    -16    14       5.0846585512E-005
#    -16    15       8.9708690493E-005
#    -16    16       7.4443193866E-005
#    -16    17       1.1881854837E-004
#    -16    18       1.6305972791E-004
#    -16    19       8.4690774995E-005
#    -16    20       3.1105133345E-005
#    -16    21       3.2600315387E-005
#    -16    22       1.9878288195E-005
#    -16    23       4.8838891974E-005
#    -16    24       5.9900956603E-005
#    -16    25       1.3684699211E-005
#    -16    26       1.3759689132E-005
#    -16    27       7.2447354492E-006
#    -15   -13       5.8955619955E-007
#    -15   -12       7.4789909912E-007
#    -15   -11       4.4220617288E-006
#    -15   -10       6.9584559744E-004
#    -15    -9       5.7679274799E-006
#    -15    -8       1.0798993833E-005
#    -15    -7       1.3814340270E-005
#    -15    -6       3.3607064642E-005
#    -15    -5       8.8132721658E-003
#    -15    -4       3.2585325307E-005
#    -15    -3       6.8741874118E-005
#    -15    -2       6.5110323506E-005
#    -15    -1       3.4241909094E-005
#    -15     0       3.6089998858E-002
#    -15     1       1.7896973142E-004
#    -15     2       5.4970050952E-005
#    -15     3       3.9768342876E-005
#    -15     4       9.6535272131E-005
#    -15     5       1.3820499765E-002
#    -15     6       3.5824566088E-004
#    -15     7       7.9271088138E-005
#    -15     8       4.3740650093E-005
#    -15     9       5.0760771403E-005
#    -15    10       1.5478292413E-002
#    -15    11       1.1381207150E-005
#    -15    12       1.2778639264E-004
#    -15    13       3.8623071117E-006
#    -15    14       1.4828137125E-004
#    -15    15       2.7376028700E-002
#    -15    16       6.1834698075E-005
#    -15    17       4.4439444614E-005
#    -15    18       3.7347953758E-005
#    -15    19       4.7705423979E-005
#    -15    20       7.1026294349E-003
#    -15    21       2.5029607769E-004
#    -15    22       7.6021862902E-005
#    -15    23       5.0738809474E-005
#    -15    24       6.2782951951E-005
#    -15    25       2.9462436650E-004
#    -15    26       1.2352925294E-005
#    -15    27       6.1695736027E-006
#    -15    28       3.3410019370E-007
#    -14   -14       1.6095378636E-006
#    -14   -13       6.1756892668E-006
#    -14   -12       3.6430199804E-006
#    -14   -11       1.7543303811E-006
#    -14   -10       3.1127813699E-006
#    -14    -9       7.4978183626E-006
#    -14    -8       1.4138432500E-004
#    -14    -7       1.1743824719E-004
#    -14    -6       1.8039186117E-005
#    -14    -5       3.8611246545E-005
#    -14    -4       1.3384976472E-004
#    -14    -3       2.9674621423E-004
#    -14    -2       4.0524252421E-004
#    -14    -1       2.6211549109E-006
#    -14     0       3.0658417423E-005
#    -14     1       3.0766829720E-004
#    -14     2       1.2670264647E-004
#    -14     3       3.4698405122E-004
#    -14     4       1.2482689153E-005
#    -14     5       6.1432631581E-005
#    -14     6       1.0541117843E-004
#    -14     7       3.1170338812E-005
#    -14     8       3.6559276103E-006
#    -14     9       1.9684275689E-004
#    -14    10       1.0075650223E-004
#    -14    11       4.1336691487E-005
#    -14    12       4.6633496364E-007
#    -14    13       8.1973720635E-005
#    -14    14       2.0132686248E-008
#    -14    15       2.9897825285E-005
#    -14    16       4.9179109590E-005
#    -14    17       9.2611144695E-006
#    -14    18       2.1263943240E-004
#    -14    19       1.4908191571E-004
#    -14    20       6.1425961290E-005
#    -14    21       1.9684794707E-004
#    -14    22       4.9025896444E-005
#    -14    23       1.4340983903E-005
#    -14    24       1.9708318293E-005
#    -14    25       2.1673811457E-006
#    -14    26       8.6478749129E-006
#    -14    27       7.6690651092E-007
#    -14    28       3.0509939037E-005
#    -13   -15       1.8558000461E-006
#    -13   -14       6.6860879845E-007
#    -13   -13       4.2936265604E-007
#    -13   -12       4.9095124851E-006
#    -13   -11       7.1815028827E-006
#    -13   -10       9.0008173785E-005
#    -13    -9       3.4051363006E-006
#    -13    -8       1.0221032445E-005
#    -13    -7       1.5830836272E-004
#    -13    -6       5.6823770518E-005
#    -13    -5       2.8710465481E-004
#    -13    -4       1.3642634038E-005
#    -13    -3       1.7880775727E-005
#    -13    -2       2.8302847670E-004
#    -13    -1       8.5974676268E-005
#    -13     0       3.6745034079E-004
#    -13     1       3.7412669530E-005
#    -13     2       2.0711614302E-005
#    -13     3       2.1103403983E-004
#    -13     4       3.2937240821E-005
#    -13     5       1.0000354724E-004
#    -13     6       1.2143776733E-004
#    -13     7       1.6371682519E-004
#    -13     8       1.6742277009E-004
#    -13     9       1.2656094218E-005
#    -13    10       9.4506000939E-005
#    -13    11       5.0232628065E-005
#    -13    12       1.3911493529E-004
#    -13    13       4.5025100630E-005
#    -13    14       1.7205458858E-005
#    -13    15       7.7824315752E-005
#    -13    16       7.5917873614E-005
#    -13    17       1.1442681103E-005
#    -13    18       1.1897916788E-004
#    -13    19       2.0188289884E-004
#    -13    20       6.3540298554E-006
#    -13    21       9.7574189640E-005
#    -13    22       3.0235563140E-005
#    -13    23       9.0771219591E-005
#    -13    24       4.8490340288E-005
#    -13    25       7.0774101053E-006
#    -13    26       3.4607578344E-005
#    -13    27       1.2923367521E-005
#    -13    28       2.7121628066E-006
#    -12   -15       6.8833896887E-007
#    -12   -14       1.7410949192E-006
#    -12   -13       9.2698404302E-006
#    -12   -12       7.4369125800E-006
#    -12   -11       1.6477747458E-006
#    -12   -10       5.9533846905E-005
#    -12    -9       4.7251187375E-005
#    -12    -8       8.2019610266E-005
#    -12    -7       5.9798104755E-005
#    -12    -6       1.8390091487E-005
#    -12    -5       1.5033217381E-004
#    -12    -4       2.1761777748E-004
#    -12    -3       1.7363219858E-004
#    -12    -2       1.2687282570E-004
#    -12    -1       2.9704011052E-005
#    -12     0       2.8730013119E-004
#    -12     1       2.0926397964E-004
#    -12     2       1.3490588282E-004
#    -12     3       4.6348875211E-005
#    -12     4       1.3340111683E-005
#    -12     5       2.6644568724E-004
#    -12     6       6.2475161677E-005
#    -12     7       4.7494911707E-006
#    -12     8       3.9959555410E-005
#    -12     9       1.9775652880E-004
#    -12    10       2.4639888891E-004
#    -12    11       3.3207368722E-005
#    -12    12       4.3229789701E-005
#    -12    13       6.5073418062E-005
#    -12    14       8.6581505288E-006
#    -12    15       3.9206108917E-005
#    -12    16       1.5413521294E-004
#    -12    17       1.2560752438E-005
#    -12    18       7.7554680903E-005
#    -12    19       1.8526112579E-005
#    -12    20       1.4710553911E-004
#    -12    21       2.2634236592E-004
#    -12    22       6.4582612869E-005
#    -12    23       5.5510019064E-005
#    -12    24       2.9937576327E-005
#    -12    25       1.8401793357E-006
#    -12    26       1.1649332361E-005
#    -12    27       2.0088564017E-007
#    -11   -16       4.1298958647E-007
#    -11   -15       1.7594144025E-006
#    -11   -14       3.3610260073E-007
#    -11   -13       3.6531622423E-006
#    -11   -12       4.1127375390E-005
#    -11   -11       4.0039467559E-006
#    -11   -10       5.2701233393E-005
#    -11    -9       1.5220616355E-005
#    -11    -8       7.3532527162E-005
#    -11    -7       2.3154912543E-004
#    -11    -6       4.9336946795E-005
#    -11    -5       6.0235310389E-005
#    -11    -4       2.3622611361E-005
#    -11    -3       1.9133779502E-004
#    -11    -2       2.9892036469E-004
#    -11    -1       4.3099416241E-005
#    -11     0       6.6142395439E-005
#    -11     1       1.9250767605E-005
#    -11     2       1.2154509219E-004
#    -11     3       2.1349006268E-004
#    -11     4       4.1067229458E-005
#    -11     5       1.6339083204E-005
#    -11     6       4.9575970835E-005
#    -11     7       3.6873210624E-004
#    -11     8       2.6294444726E-004
#    -11     9       3.1854234124E-006
#    -11    10       7.9599471265E-005
#    -11    11       1.0035177963E-004
#    -11    12       4.8815559620E-005
#    -11    13       2.4657589180E-004
#    -11    14       5.0662766605E-005
#    -11    15       4.6171704367E-005
#    -11    16       8.8678798801E-006
#    -11    17       4.9145594403E-005
#    -11    18       1.3740689605E-004
#    -11    19       1.8890110380E-004
#    -11    20       1.5808818247E-005
#    -11    21       7.8890399630E-005
#    -11    22       7.2989141810E-006
#    -11    23       3.2700461866E-005
#    -11    24       2.4879489084E-005
#    -11    25       1.9053727138E-006
#    -11    26       1.1419828665E-005
#    -11    27       9.8401956707E-006
#    -10   -17       2.4173187575E-007
#    -10   -16       8.9588731071E-007
#    -10   -15       3.4839020786E-004
#    -10   -14       7.0415392707E-006
#    -10   -13       7.4538930013E-006
#    -10   -12       6.5044091730E-006
#    -10   -11       3.0335781401E-005
#    -10   -10       5.4185312489E-003
#    -10    -9       7.4021962067E-005
#    -10    -8       3.3658094366E-006
#    -10    -7       2.2019410610E-006
#    -10    -6       8.1710163550E-005
#    -10    -5       1.2731911512E-002
#    -10    -4       4.0748120826E-005
#    -10    -3       6.3689714619E-005
#    -10    -2       8.1293009850E-006
#    -10    -1       2.9805282830E-005
#    -10     0       1.3886548558E-002
#    -10     1       6.3300278799E-006
#    -10     2       1.0256995402E-004
#    -10     3       3.5384001663E-005
#    -10     4       6.5378838364E-005
#    -10     5       2.1003067443E-003
#    -10     6       2.8388604243E-005
#    -10     7       1.9122646556E-006
#    -10     8       1.2318863867E-004
#    -10     9       7.8948371638E-005
#    -10    10       4.1869198449E-002
#    -10    11       1.3759474116E-004
#    -10    12       2.7632939938E-005
#    -10    13       5.4757996400E-005
#    -10    14       1.0644743413E-004
#    -10    15       1.8616725167E-002
#    -10    16       2.3214228735E-004
#    -10    17       3.4694424122E-005
#    -10    18       5.8167266548E-005
#    -10    19       6.2083050386E-006
#    -10    20       6.0963728497E-003
#    -10    21       6.8805130792E-005
#    -10    22       2.4359201715E-005
#    -10    23       6.4428566273E-005
#    -10    24       1.0014226930E-005
#    -10    25       8.9836580622E-004
#    -10    26       1.9387740169E-005
#    -10    27       7.7313354377E-006
#     -9   -18       1.8735691311E-007
#     -9   -17       4.3697035355E-006
#     -9   -16       5.7225706830E-009
#     -9   -15       4.9291436352E-006
#     -9   -14       3.2354103631E-006
#     -9   -13       2.5636745813E-005
#     -9   -12       3.9497789347E-005
#     -9   -11       4.3459604749E-006
#     -9   -10       2.0344492647E-005
#     -9    -9       9.4913076657E-006
#     -9    -8       1.4266916631E-004
#     -9    -7       9.2310610625E-005
#     -9    -6       1.1287065069E-005
#     -9    -5       7.3123752502E-006
#     -9    -4       1.2638835774E-005
#     -9    -3       2.9031033440E-004
#     -9    -2       1.3723638520E-004
#     -9    -1       8.1268947672E-005
#     -9     0       4.1909847598E-005
#     -9     1       5.4216796205E-005
#     -9     2       2.9243788666E-004
#     -9     3       6.4292125087E-005
#     -9     4       1.0385856286E-004
#     -9     5       3.6462352219E-005
#     -9     6       1.2800007278E-006
#     -9     7       5.6356512140E-004
#     -9     8       2.5342743228E-004
#     -9     9       6.4185391835E-006
#     -9    10       1.1805073801E-004
#     -9    11       2.2562294584E-004
#     -9    12       2.3335960679E-005
#     -9    13       2.6757013947E-004
#     -9    14       7.3176490123E-005
#     -9    15       3.2202413227E-005
#     -9    16       4.8150091325E-005
#     -9    17       8.7291210564E-005
#     -9    18       7.1960635260E-005
#     -9    19       1.1029156975E-004
#     -9    20       5.9240423942E-005
#     -9    21       7.1644968984E-005
#     -9    22       1.4315576869E-005
#     -9    23       3.2520704761E-005
#     -9    24       3.8682417171E-005
#     -9    25       8.2769980663E-006
#     -9    26       5.4224439493E-006
#     -9    27       1.6376717424E-006
#     -8   -19       1.6780396808E-006
#     -8   -18       5.1752229019E-006
#     -8   -17       3.9978011070E-006
#     -8   -16       5.9144219709E-006
#     -8   -15       1.2143701725E-005
#     -8   -14       8.7177684953E-006
#     -8   -13       1.6864355509E-005
#     -8   -12       1.4422516351E-005
#     -8   -11       5.1358899552E-005
#     -8   -10       9.3156504038E-005
#     -8    -9       2.1599199409E-005
#     -8    -8       2.7106256905E-005
#     -8    -7       5.8576656551E-005
#     -8    -6       3.3351891330E-005
#     -8    -5       1.4927637399E-004
#     -8    -4       2.9760106722E-005
#     -8    -3       2.2891666418E-005
#     -8    -2       9.9018963032E-005
#     -8    -1       1.4026640525E-004
#     -8     0       3.5805384896E-004
#     -8     1       4.6324565622E-005
#     -8     2       4.3856269166E-005
#     -8     3       2.2024215186E-004
#     -8     4       2.3783236504E-004
#     -8     5       3.7680636378E-004
#     -8     6       6.5223709989E-005
#     -8     7       3.6043197720E-005
#     -8     8       2.4058471976E-004
#     -8     9       1.1863117128E-005
#     -8    10       3.1211993315E-004
#     -8    11       9.2003000419E-005
#     -8    12       3.4261943251E-005
#     -8    13       2.3483377919E-004
#     -8    14       1.5385346820E-004
#     -8    15       7.2977485401E-005
#     -8    16       1.7280348074E-004
#     -8    17       7.4658817860E-005
#     -8    18       1.6914803557E-004
#     -8    19       1.2527730361E-005
#     -8    20       1.6981942886E-005
#     -8    21       5.9088918697E-005
#     -8    22       4.1286680513E-005
#     -8    23       7.4491817134E-005
#     -8    24       5.0267251725E-006
#     -8    25       6.5704758811E-006
#     -8    26       6.8614177903E-006
#     -8    27       5.2515651044E-006
#     -7   -20       3.6091780371E-006
#     -7   -19       9.2672201127E-007
#     -7   -18       1.0217456274E-005
#     -7   -17       2.0066122864E-006
#     -7   -16       2.0160680677E-006
#     -7   -15       3.4868280633E-005
#     -7   -14       1.9305760822E-006
#     -7   -13       5.6199156761E-005
#     -7   -12       2.2086148185E-005
#     -7   -11       4.3542796522E-006
#     -7   -10       1.2006638327E-004
#     -7    -9       3.1422724815E-005
#     -7    -8       8.0996004525E-005
#     -7    -7       1.4230791641E-005
#     -7    -6       2.1783089080E-005
#     -7    -5       8.3189292770E-005
#     -7    -4       4.6593643705E-006
#     -7    -3       4.2174872165E-004
#     -7    -2       8.1902155755E-005
#     -7    -1       2.6186421848E-005
#     -7     0       3.7163237801E-004
#     -7     1       3.6364168798E-005
#     -7     2       2.7717948889E-004
#     -7     3       4.4540295913E-005
#     -7     4       4.7498830723E-005
#     -7     5       2.3812303892E-004
#     -7     6       2.6309187282E-005
#     -7     7       4.7310273895E-004
#     -7     8       1.1968850893E-004
#     -7     9       4.9821776894E-005
#     -7    10       2.6799917784E-004
#     -7    11       2.1021594341E-004
#     -7    12       3.0449251288E-005
#     -7    13       1.0614522732E-004
#     -7    14       2.7201847718E-005
#     -7    15       2.7832688252E-004
#     -7    16       1.0625025842E-004
#     -7    17       5.9377151788E-005
#     -7    18       7.5220041000E-005
#     -7    19       1.1277311012E-004
#     -7    20       1.4226141775E-004
#     -7    21       3.7681872070E-005
#     -7    22       3.0498501857E-005
#     -7    23       1.1467011601E-005
#     -7    24       1.7137613843E-005
#     -7    25       5.6050662512E-006
#     -7    26       1.1426410256E-005
#     -7    27       1.2437930481E-006
#     -6   -20       2.8777340236E-007
#     -6   -19       1.5099146247E-007
#     -6   -18       2.3365759584E-006
#     -6   -17       3.0858798917E-005
#     -6   -16       8.9887996306E-006
#     -6   -15       2.2868780334E-005
#     -6   -14       3.8120957329E-006
#     -6   -13       3.8241138946E-005
#     -6   -12       1.3867505457E-004
#     -6   -11       1.0969410978E-005
#     -6   -10       7.6621004152E-005
#     -6    -9       6.9964049150E-007
#     -6    -8       4.2607295261E-006
#     -6    -7       7.3526170917E-005
#     -6    -6       1.0983113024E-004
#     -6    -5       1.4234580309E-004
#     -6    -4       8.1061372668E-005
#     -6    -3       1.1903896667E-004
#     -6    -2       1.6451894413E-004
#     -6    -1       2.7363659162E-004
#     -6     0       9.1697855326E-005
#     -6     1       7.7075009281E-005
#     -6     2       2.0631268968E-004
#     -6     3       3.1053107082E-004
#     -6     4       3.3512361077E-004
#     -6     5       1.6995274449E-004
#     -6     6       2.3570584847E-004
#     -6     7       1.5279347495E-004
#     -6     8       2.1273144357E-004
#     -6     9       3.2188780227E-005
#     -6    10       1.2288865751E-004
#     -6    11       8.8045333753E-006
#     -6    12       1.9694535024E-004
#     -6    13       3.3040421471E-004
#     -6    14       6.5175335429E-005
#     -6    15       1.8720970201E-005
#     -6    16       1.1525567358E-004
#     -6    17       2.6758343086E-004
#     -6    18       2.6651873507E-004
#     -6    19       5.4341676485E-005
#     -6    20       4.0471287138E-006
#     -6    21       4.1486118920E-005
#     -6    22       7.6660364920E-005
#     -6    23       1.0996261735E-004
#     -6    24       6.5342650320E-006
#     -6    25       5.2133374248E-006
#     -6    26       5.1150804833E-006
#     -5   -21       5.8480194656E-008
#     -5   -20       2.5622615380E-004
#     -5   -19       4.2630768800E-006
#     -5   -18       7.8524633291E-006
#     -5   -17       2.7882738160E-007
#     -5   -16       1.9599501755E-005
#     -5   -15       6.6936996164E-003
#     -5   -14       5.5594609966E-005
#     -5   -13       4.9401003432E-005
#     -5   -12       9.8642169556E-006
#     -5   -11       3.0457042400E-005
#     -5   -10       1.4107701681E-002
#     -5    -9       1.6416733395E-004
#     -5    -8       1.0166255178E-004
#     -5    -7       4.3241236224E-005
#     -5    -6       2.4926163177E-005
#     -5    -5       2.9552230506E-003
#     -5    -4       3.4307376443E-005
#     -5    -3       3.3313599595E-004
#     -5    -2       1.6068080823E-004
#     -5    -1       7.4115347748E-005
#     -5     0       2.5340779597E-002
#     -5     1       5.1749354071E-005
#     -5     2       3.3062526186E-005
#     -5     3       3.6936525182E-004
#     -5     4       2.8918973703E-005
#     -5     5       3.3867461879E-003
#     -5     6       4.0648330045E-005
#     -5     7       2.4809225640E-004
#     -5     8       8.3032644936E-005
#     -5     9       1.3585805369E-004
#     -5    10       2.4646297585E-003
#     -5    11       5.0209837277E-005
#     -5    12       2.0314238949E-005
#     -5    13       9.6159287478E-005
#     -5    14       6.0385459860E-005
#     -5    15       1.1930371529E-002
#     -5    16       9.0685202396E-005
#     -5    17       2.4432236164E-005
#     -5    18       1.2144064209E-004
#     -5    19       3.8906459378E-005
#     -5    20       1.0152884474E-002
#     -5    21       2.9543088548E-005
#     -5    22       8.2488490649E-006
#     -5    23       3.7369144364E-005
#     -5    24       2.8482404049E-006
#     -5    25       6.2989477825E-004
#     -5    26       1.0943808697E-006
#     -4   -22       1.3556062381E-007
#     -4   -21       1.2868245803E-007
#     -4   -20       3.7160159370E-006
#     -4   -19       2.9427047851E-006
#     -4   -18       1.5722554464E-005
#     -4   -17       4.8261087070E-005
#     -4   -16       2.7180916595E-006
#     -4   -15       3.0672216504E-005
#     -4   -14       3.2544990306E-005
#     -4   -13       1.0089677065E-004
#     -4   -12       2.0793480194E-004
#     -4   -11       6.7183452545E-005
#     -4   -10       1.5931508558E-004
#     -4    -9       3.7900721056E-006
#     -4    -8       4.0425614958E-005
#     -4    -7       3.2293578896E-005
#     -4    -6       1.2314498390E-004
#     -4    -5       1.8769039663E-004
#     -4    -4       1.7768790150E-004
#     -4    -3       3.0822127830E-004
#     -4    -2       1.2730037603E-004
#     -4    -1       1.1530815005E-004
#     -4     0       5.6226918073E-005
#     -4     1       5.4274448866E-005
#     -4     2       4.0370583264E-004
#     -4     3       1.0847104899E-004
#     -4     4       2.4759620463E-004
#     -4     5       3.0217035671E-004
#     -4     6       3.4287078622E-004
#     -4     7       1.6661119924E-004
#     -4     8       8.7723065029E-005
#     -4     9       8.1896123660E-005
#     -4    10       1.9938121962E-005
#     -4    11       3.1408839969E-006
#     -4    12       3.9868088850E-004
#     -4    13       1.6208695640E-004
#     -4    14       4.7548252750E-005
#     -4    15       7.7226009070E-005
#     -4    16       2.1358310917E-005
#     -4    17       4.7006290731E-004
#     -4    18       2.0209593407E-004
#     -4    19       5.3366687372E-005
#     -4    20       8.1385467195E-005
#     -4    21       5.0095793863E-005
#     -4    22       7.9938270729E-005
#     -4    23       2.7536569432E-005
#     -4    24       4.4395744142E-006
#     -4    25       8.7316355516E-006
#     -4    26       5.8383230605E-006
#     -3   -22       1.8145366222E-006
#     -3   -21       1.9841049036E-006
#     -3   -20       4.0153638632E-006
#     -3   -19       7.5602516782E-006
#     -3   -18       8.1629576647E-006
#     -3   -17       7.3861575442E-006
#     -3   -16       9.4687865312E-005
#     -3   -15       9.3240606244E-005
#     -3   -14       5.7829324292E-005
#     -3   -13       1.4549390105E-004
#     -3   -12       7.8961182696E-005
#     -3   -11       7.6254427618E-005
#     -3   -10       3.5953943201E-005
#     -3    -9       1.2272124989E-004
#     -3    -8       1.4318026134E-004
#     -3    -7       1.5154364621E-004
#     -3    -6       8.2024724957E-006
#     -3    -5       1.3280872678E-004
#     -3    -4       5.4198095222E-005
#     -3    -3       4.0992603804E-005
#     -3    -2       1.6476031636E-004
#     -3    -1       3.3730200505E-004
#     -3     0       4.8943974750E-004
#     -3     1       2.7688948596E-005
#     -3     2       1.7326300665E-004
#     -3     3       7.2218311070E-004
#     -3     4       7.3732915149E-006
#     -3     5       3.0238219693E-005
#     -3     6       1.6630169569E-004
#     -3     7       1.0977864496E-004
#     -3     8       7.0912384633E-005
#     -3     9       1.6587945319E-004
#     -3    10       2.4406391122E-004
#     -3    11       6.4088792557E-007
#     -3    12       1.1128375990E-005
#     -3    13       1.1451593783E-004
#     -3    14       2.0588592661E-004
#     -3    15       4.6933841764E-004
#     -3    16       3.1890462720E-005
#     -3    17       9.8892560118E-005
#     -3    18       3.3699540810E-004
#     -3    19       1.3617381809E-005
#     -3    20       1.0692343767E-004
#     -3    21       1.2549149091E-006
#     -3    22       1.9562769214E-005
#     -3    23       7.3178540721E-005
#     -3    24       2.1780562618E-007
#     -3    25       3.4244718162E-006
#     -2   -23       9.4923746544E-007
#     -2   -22       1.8894392314E-007
#     -2   -21       4.9183397513E-007
#     -2   -20       2.0710664547E-005
#     -2   -19       1.3782695249E-006
#     -2   -18       4.4801112550E-005
#     -2   -17       1.4502836181E-005
#     -2   -16       2.7277261951E-005
#     -2   -15       1.7386956060E-004
#     -2   -14       1.4896771978E-005
#     -2   -13       1.6212393670E-004
#     -2   -12       5.1580446822E-005
#     -2   -11       7.5180770350E-005
#     -2   -10       4.8070175870E-004
#     -2    -9       3.9871788057E-005
#     -2    -8       3.8874416676E-005
#     -2    -7       2.4777256893E-005
#     -2    -6       4.9034122964E-005
#     -2    -5       1.4553171412E-004
#     -2    -4       2.5915605947E-004
#     -2    -3       3.0030571742E-004
#     -2    -2       2.7954697363E-005
#     -2    -1       8.4476621778E-005
#     -2     0       4.8385816638E-004
#     -2     1       2.3696160266E-005
#     -2     2       2.4556841891E-004
#     -2     3       6.1356337283E-005
#     -2     4       1.8948711797E-004
#     -2     5       3.3079124829E-004
#     -2     6       1.4190046239E-004
#     -2     7       9.7360258831E-005
#     -2     8       5.0330009680E-005
#     -2     9       4.0927358591E-005
#     -2    10       4.2064816831E-005
#     -2    11       2.9907211453E-005
#     -2    12       4.2872790547E-004
#     -2    13       2.7436475925E-005
#     -2    14       1.2340111873E-005
#     -2    15       4.4184660550E-004
#     -2    16       5.1589561265E-005
#     -2    17       2.5250691688E-004
#     -2    18       6.0982375705E-006
#     -2    19       1.0263651715E-005
#     -2    20       1.4766931807E-004
#     -2    21       3.6674135376E-005
#     -2    22       3.2919806984E-005
#     -2    23       2.2296119984E-006
#     -2    24       1.1913516488E-006
#     -2    25       6.6039275650E-006
#     -1   -23       2.9676758252E-006
#     -1   -22       7.0773710160E-006
#     -1   -21       8.9426700277E-007
#     -1   -20       5.7312276091E-006
#     -1   -19       5.5649958883E-007
#     -1   -18       4.8118898549E-005
#     -1   -17       7.8057624491E-005
#     -1   -16       4.8583189227E-005
#     -1   -15       4.8271170155E-005
#     -1   -14       4.1878013503E-006
#     -1   -13       3.3998732686E-004
#     -1   -12       3.9380222706E-004
#     -1   -11       1.7116164498E-005
#     -1   -10       2.8072324790E-006
#     -1    -9       4.7954154263E-005
#     -1    -8       9.0614350669E-005
#     -1    -7       1.9471757996E-004
#     -1    -6       2.1128985886E-005
#     -1    -5       9.1070976832E-006
#     -1    -4       1.3773944939E-004
#     -1    -3       7.4200771918E-005
#     -1    -2       1.8447364912E-005
#     -1    -1       3.6277184762E-004
#     -1     0       9.8104691928E-005
#     -1     1       3.4057672080E-005
#     -1     2       4.5536820092E-004
#     -1     3       4.3925856475E-004
#     -1     4       8.6596712812E-006
#     -1     5       4.2614585511E-005
#     -1     6       1.7159028703E-004
#     -1     7       3.3932805654E-005
#     -1     8       3.8253745569E-005
#     -1     9       1.8840177020E-004
#     -1    10       6.8754136749E-005
#     -1    11       4.3109524675E-006
#     -1    12       2.4042958532E-004
#     -1    13       2.7302509081E-004
#     -1    14       1.9229649191E-004
#     -1    15       7.3121083643E-005
#     -1    16       2.1669507893E-005
#     -1    17       2.5956338496E-004
#     -1    18       3.2578447677E-004
#     -1    19       1.5584348168E-005
#     -1    20       1.2816227260E-005
#     -1    21       1.6079721067E-005
#     -1    22       2.7645566771E-005
#     -1    23       3.6662081758E-005
#     -1    24       5.4456755563E-007
#      0   -24       1.5679920940E-006
#      0   -23       2.3825818623E-006
#      0   -22       5.3587850517E-007
#      0   -21       5.8586086594E-006
#      0   -20       1.9376817761E-003
#      0   -19       8.0917252200E-006
#      0   -18       3.5389219924E-005
#      0   -17       4.8829112143E-006
#      0   -16       4.2098958692E-005
#      0   -15       2.2822731598E-002
#      0   -14       5.0506638849E-005
#      0   -13       9.9654312611E-005
#      0   -12       1.2914141760E-005
#      0   -11       1.4471757026E-005
#      0   -10       4.1862717171E-002
#      0    -9       6.4513845914E-005
#      0    -8       8.6790380392E-006
#      0    -7       1.3155569912E-005
#      0    -6       3.7896050782E-005
#      0    -5       2.7184684362E-003
#      0    -4       1.3042128580E-004
#      0    -3       1.4943503272E-004
#      0    -2       3.2844542097E-005
#      0    -1       1.1349870087E-004
#      0     0       2.9423766084E-002
#      0     1       1.2112507254E-004
#      0     2       5.2107144164E-005
#      0     3       1.4122680554E-004
#      0     4       1.8684662710E-004
#      0     5       3.0046211880E-002
#      0     6       2.3985443329E-005
#      0     7       5.9050204836E-005
#      0     8       4.2483939518E-005
#      0     9       2.8697714020E-005
#      0    10       1.4027366980E-002
#      0    11       4.8187567371E-005
#      0    12       1.0246862231E-004
#      0    13       5.7768563476E-005
#      0    14       4.5582635246E-005
#      0    15       3.6033467368E-002
#      0    16       3.8929285838E-005
#      0    17       2.7302051223E-005
#      0    18       8.7965119663E-005
#      0    19       3.4166244567E-006
#      0    20       6.3006574760E-003
#      0    21       1.0205553109E-005
#      0    22       3.9603341834E-006
#      0    23       9.2374436486E-006
#      0    24       8.5743991907E-007
#      1   -24       1.0955858418E-006
#      1   -23       3.5189485793E-006
#      1   -22       2.0775152714E-005
#      1   -21       7.6517095179E-006
#      1   -20       1.3684121990E-005
#      1   -19       1.9425180547E-005
#      1   -18       3.4351044881E-005
#      1   -17       1.4880127309E-004
#      1   -16       4.2712205053E-005
#      1   -15       2.9645555496E-005
#      1   -14       5.4685543076E-005
#      1   -13       2.1474281847E-004
#      1   -12       4.3244676467E-004
#      1   -11       5.9912396166E-005
#      1   -10       1.1971975778E-005
#      1    -9       3.5669857574E-005
#      1    -8       7.2842542570E-005
#      1    -7       1.0436925604E-004
#      1    -6       3.2268676649E-005
#      1    -5       2.3102980467E-005
#      1    -4       7.5136128183E-005
#      1    -3       9.4110842489E-005
#      1    -2       9.9104273903E-005
#      1    -1       3.0277421541E-004
#      1     0       4.3991219701E-006
#      1     1       8.9931774618E-005
#      1     2       4.0743313620E-004
#      1     3       7.4264491744E-005
#      1     4       2.1089132388E-006
#      1     5       5.8938986452E-005
#      1     6       1.8277939690E-005
#      1     7       2.6060670255E-005
#      1     8       2.0441391050E-005
#      1     9       6.4828896767E-005
#      1    10       3.2030978550E-005
#      1    11       1.5441154046E-005
#      1    12       4.5345409883E-004
#      1    13       2.0378061017E-004
#      1    14       2.9459621427E-005
#      1    15       6.2302803488E-005
#      1    16       9.3245026322E-005
#      1    17       1.8994545037E-004
#      1    18       1.1129468080E-004
#      1    19       1.8594586288E-005
#      1    20       1.0276543141E-005
#      1    21       1.6452725230E-005
#      1    22       1.4807485708E-005
#      1    23       1.9105439349E-006
#      2   -25       5.0068971810E-006
#      2   -24       2.8693138260E-006
#      2   -23       1.2228254160E-005
#      2   -22       1.1758610799E-005
#      2   -21       1.7574838336E-005
#      2   -20       8.1306613081E-006
#      2   -19       2.9279129122E-005
#      2   -18       8.2727003512E-005
#      2   -17       7.3772094086E-006
#      2   -16       6.3960344273E-005
#      2   -15       1.6832164576E-004
#      2   -14       1.5082028063E-004
#      2   -13       1.7708593435E-004
#      2   -12       3.6068340501E-005
#      2   -11       4.1636396812E-006
#      2   -10       2.0432318486E-004
#      2    -9       5.3502696963E-005
#      2    -8       2.2049937254E-005
#      2    -7       6.5354021668E-009
#      2    -6       4.1381047996E-005
#      2    -5       8.2884886649E-005
#      2    -4       1.6589036439E-004
#      2    -3       1.0394938010E-004
#      2    -2       1.2408929543E-006
#      2    -1       1.5252895472E-004
#      2     0       1.8651325829E-004
#      2     1       1.2218470203E-004
#      2     2       1.2353848771E-006
#      2     3       3.7066990999E-005
#      2     4       1.1857004392E-004
#      2     5       2.7341164541E-005
#      2     6       1.1311597468E-005
#      2     7       3.9801706271E-005
#      2     8       4.1876122204E-005
#      2     9       1.4657304199E-004
#      2    10       2.3076957968E-004
#      2    11       8.2539805841E-006
#      2    12       4.1977806332E-005
#      2    13       2.6421976155E-004
#      2    14       4.3929036986E-005
#      2    15       3.0820939540E-004
#      2    16       1.3050491131E-006
#      2    17       8.4754405115E-006
#      2    18       1.4406340167E-004
#      2    19       4.0975421377E-007
#      2    20       6.0641519081E-005
#      2    21       3.9342211536E-008
#      2    22       2.5989576633E-006
#      2    23       4.4226810562E-006
#      3   -25       5.3169472758E-006
#      3   -24       3.0909989359E-007
#      3   -23       2.9960661288E-006
#      3   -22       6.1590456789E-006
#      3   -21       2.3470183668E-005
#      3   -20       1.0487805309E-004
#      3   -19       2.2210584889E-005
#      3   -18       2.6953669564E-005
#      3   -17       4.6501951060E-005
#      3   -16       1.5194728529E-004
#      3   -15       1.4190367840E-004
#      3   -14       1.5484601554E-005
#      3   -13       4.5052576091E-005
#      3   -12       1.5186039158E-004
#      3   -11       1.0660533157E-004
#      3   -10       1.6993142774E-005
#      3    -9       9.6572911122E-006
#      3    -8       9.2789371116E-005
#      3    -7       6.8910885061E-005
#      3    -6       1.0279833224E-004
#      3    -5       3.6981123958E-005
#      3    -4       2.3183388501E-005
#      3    -3       1.1499650457E-005
#      3    -2       1.6581936886E-004
#      3    -1       1.2489247373E-004
#      3     0       2.4368650201E-006
#      3     1       1.8276966126E-004
#      3     2       1.4967049671E-004
#      3     3       1.2589383611E-005
#      3     4       1.5033467855E-005
#      3     5       2.7413978641E-005
#      3     6       7.4896722117E-006
#      3     7       6.1579003878E-005
#      3     8       1.9370303028E-006
#      3     9       1.7883826144E-005
#      3    10       2.2712664371E-004
#      3    11       2.8118540002E-005
#      3    12       2.0277269305E-004
#      3    13       1.6072746027E-005
#      3    14       9.0983407228E-006
#      3    15       1.9050458501E-004
#      3    16       7.7961050339E-005
#      3    17       8.7598353281E-005
#      3    18       2.6275473398E-006
#      3    19       9.9747661731E-006
#      3    20       3.9059882735E-005
#      3    21       6.4258539791E-006
#      3    22       2.4817846085E-006
#      4   -26       8.9101619185E-007
#      4   -25       2.9896147899E-007
#      4   -24       4.2201435316E-007
#      4   -23       3.7981821474E-005
#      4   -22       9.3538460417E-005
#      4   -21       2.5418991887E-005
#      4   -20       5.3019167545E-007
#      4   -19       2.1054174371E-006
#      4   -18       2.0767829547E-004
#      4   -17       9.9743959169E-005
#      4   -16       1.7068315545E-005
#      4   -15       3.0941430622E-005
#      4   -14       6.8980095385E-005
#      4   -13       1.8949243411E-004
#      4   -12       3.1224338013E-005
#      4   -11       9.3687801677E-006
#      4   -10       4.4731095583E-005
#      4    -9       5.8860913310E-005
#      4    -8       7.4937507413E-005
#      4    -7       4.0468402757E-005
#      4    -6       7.2884461040E-005
#      4    -5       4.5945056700E-005
#      4    -4       1.3077790661E-004
#      4    -3       2.1145023836E-004
#      4    -2       9.2353669201E-005
#      4    -1       2.2755299186E-004
#      4     0       5.4086425842E-005
#      4     1       1.2109742611E-005
#      4     2       2.3899197298E-005
#      4     3       1.2458665343E-005
#      4     4       1.1970475618E-005
#      4     5       3.5117086356E-006
#      4     6       1.3068446398E-005
#      4     7       1.3045583885E-004
#      4     8       3.4214010915E-005
#      4     9       7.9905662762E-005
#      4    10       2.4558015233E-005
#      4    11       1.0857075276E-006
#      4    12       1.3612029185E-004
#      4    13       2.3359497232E-004
#      4    14       1.3367273599E-005
#      4    15       5.1545391371E-005
#      4    16       1.0658886597E-005
#      4    17       4.0341296856E-005
#      4    18       9.6730730092E-005
#      4    19       8.8054058840E-007
#      4    20       6.7147982151E-006
#      4    21       1.8657398227E-006
#      4    22       2.5341988082E-006
#      5   -26       1.2753180248E-006
#      5   -25       1.5931948710E-004
#      5   -24       1.9200992229E-005
#      5   -23       8.8350768319E-007
#      5   -22       1.4590772941E-005
#      5   -21       3.4880828907E-005
#      5   -20       5.9927245513E-003
#      5   -19       2.1324274734E-005
#      5   -18       7.7316424297E-006
#      5   -17       4.7860978746E-006
#      5   -16       1.0643856521E-004
#      5   -15       1.2477497622E-002
#      5   -14       6.5227486858E-005
#      5   -13       2.5952559180E-005
#      5   -12       3.3496760581E-005
#      5   -11       4.3799588876E-005
#      5   -10       3.9192465387E-003
#      5    -9       3.5432571473E-005
#      5    -8       2.9400031348E-005
#      5    -7       3.9445932470E-005
#      5    -6       3.2637443296E-004
#      5    -5       3.1404524799E-002
#      5    -4       1.5926760293E-004
#      5    -3       1.6960365348E-005
#      5    -2       2.7886017739E-005
#      5    -1       1.5260136106E-004
#      5     0       2.7239144143E-003
#      5     1       1.1482552164E-004
#      5     2       2.8395333221E-006
#      5     3       6.9041097662E-006
#      5     4       3.3964808268E-005
#      5     5       4.8932607722E-003
#      5     6       7.0099112482E-006
#      5     7       1.2052539512E-005
#      5     8       9.0104306688E-006
#      5     9       9.1622927946E-005
#      5    10       1.2460522780E-002
#      5    11       1.7648245850E-005
#      5    12       1.7658600625E-005
#      5    13       1.2511898548E-005
#      5    14       1.5312984480E-005
#      5    15       9.7550739900E-003
#      5    16       2.1130112161E-005
#      5    17       1.1067897027E-005
#      5    18       1.3584327929E-005
#      5    19       7.6052138960E-007
#      5    20       6.0094093434E-004
#      5    21       2.4310687117E-007
#      6   -26       2.1942120918E-006
#      6   -25       5.8774964320E-006
#      6   -24       1.1806888031E-005
#      6   -23       6.4508380827E-005
#      6   -22       1.1609185294E-004
#      6   -21       8.7817129634E-007
#      6   -20       8.5257364128E-006
#      6   -19       9.9985158282E-005
#      6   -18       2.9631844878E-004
#      6   -17       2.8224213050E-004
#      6   -16       3.1493151901E-005
#      6   -15       6.6819386858E-005
#      6   -14       1.2412445611E-005
#      6   -13       2.4607112595E-005
#      6   -12       7.3771638001E-005
#      6   -11       1.6800012854E-005
#      6   -10       2.3797943284E-005
#      6    -9       7.2972244510E-005
#      6    -8       1.9654913626E-004
#      6    -7       4.2602263126E-005
#      6    -6       4.1442361871E-005
#      6    -5       2.9806067376E-005
#      6    -4       2.0215418379E-004
#      6    -3       3.7470483243E-004
#      6    -2       8.3387761266E-005
#      6    -1       4.4903660002E-005
#      6     0       5.8215163562E-005
#      6     1       1.3120185330E-005
#      6     2       1.0178140845E-005
#      6     3       6.6399607917E-005
#      6     4       8.8604255572E-006
#      6     5       2.1256014214E-005
#      6     6       2.3164044619E-005
#      6     7       1.8815036596E-004
#      6     8       9.5675893117E-006
#      6     9       3.3166518826E-006
#      6    10       3.8728327802E-005
#      6    11       5.0006928712E-006
#      6    12       8.0550117781E-005
#      6    13       9.1370841900E-005
#      6    14       4.0231902682E-006
#      6    15       3.3625933572E-006
#      6    16       2.8950396445E-005
#      6    17       2.7999299260E-005
#      6    18       2.2833904671E-005
#      6    19       1.8457783051E-006
#      6    20       1.8561237302E-006
#      7   -27       6.8971818346E-006
#      7   -26       1.1895843251E-005
#      7   -25       1.7489970724E-006
#      7   -24       1.4897740960E-005
#      7   -23       2.7090756769E-005
#      7   -22       1.0833014433E-004
#      7   -21       1.6561219934E-004
#      7   -20       1.8475951655E-004
#      7   -19       5.6918189151E-005
#      7   -18       1.1809284698E-004
#      7   -17       7.6038027696E-005
#      7   -16       1.1277682470E-004
#      7   -15       2.2136630778E-004
#      7   -14       1.2923239378E-004
#      7   -13       6.2388511034E-005
#      7   -12       1.0948499419E-005
#      7   -11       5.2860171301E-005
#      7   -10       1.8597102082E-005
#      7    -9       2.2501001659E-005
#      7    -8       7.8176337108E-005
#      7    -7       2.1405775233E-004
#      7    -6       4.5423923693E-004
#      7    -5       7.1603838440E-005
#      7    -4       4.5707620204E-005
#      7    -3       7.6223461591E-005
#      7    -2       1.8474019381E-005
#      7    -1       1.9902020653E-004
#      7     0       7.6788178740E-005
#      7     1       1.8066017928E-005
#      7     2       4.0272396512E-006
#      7     3       6.2219512487E-005
#      7     4       4.7016575425E-005
#      7     5       1.2916450731E-004
#      7     6       4.6040018496E-006
#      7     7       6.8693022504E-005
#      7     8       5.5135127426E-005
#      7     9       7.7834932307E-005
#      7    10       5.9773894875E-005
#      7    11       1.6234115592E-005
#      7    12       1.4581732514E-005
#      7    13       4.9820503311E-005
#      7    14       7.4952181195E-006
#      7    15       8.7264737645E-005
#      7    16       5.4749471730E-006
#      7    17       1.2769074534E-007
#      7    18       1.0254004123E-005
#      7    19       1.8754184943E-007
#      7    20       6.9577738696E-006
#      8   -27       2.7031439013E-006
#      8   -26       4.5710083680E-006
#      8   -25       3.2920857827E-006
#      8   -24       6.9559940142E-005
#      8   -23       5.2694430159E-005
#      8   -22       2.5469060366E-005
#      8   -21       7.1247894256E-005
#      8   -20       1.5770978489E-004
#      8   -19       1.7667308345E-004
#      8   -18       2.6494206834E-004
#      8   -17       1.6675157720E-004
#      8   -16       2.0191812917E-004
#      8   -15       3.0322220690E-004
#      8   -14       1.2338831047E-004
#      8   -13       1.8896889958E-005
#      8   -12       7.4089461423E-005
#      8   -11       4.3004359863E-006
#      8   -10       2.0121884629E-004
#      8    -9       4.1852106307E-005
#      8    -8       7.1048607917E-005
#      8    -7       4.5728133874E-005
#      8    -6       5.9216869361E-007
#      8    -5       1.6288518230E-004
#      8    -4       2.7394895880E-004
#      8    -3       2.8163666122E-004
#      8    -2       1.4068097388E-005
#      8    -1       2.8889480737E-005
#      8     0       5.3995794656E-005
#      8     1       5.2629362470E-005
#      8     2       1.2611722541E-004
#      8     3       3.8455136869E-005
#      8     4       2.7814817051E-005
#      8     5       2.2807801952E-004
#      8     6       3.7344747114E-005
#      8     7       8.9858021567E-005
#      8     8       1.1520146582E-005
#      8     9       3.2804441079E-005
#      8    10       9.6331504798E-005
#      8    11       1.1462457168E-005
#      8    12       2.4867681168E-005
#      8    13       1.8819461656E-005
#      8    14       5.7397145469E-006
#      8    15       3.0392085686E-005
#      8    16       1.5672614478E-005
#      8    17       2.4290174126E-006
#      8    18       4.4490237940E-006
#      8    19       8.8967700333E-007
#      9   -27       1.5643931264E-005
#      9   -26       1.0341045369E-005
#      9   -25       5.3597780932E-006
#      9   -24       5.8880389692E-006
#      9   -23       1.1950476204E-004
#      9   -22       1.4678954440E-004
#      9   -21       1.8514772235E-004
#      9   -20       6.3912899722E-005
#      9   -19       8.0497585668E-005
#      9   -18       6.6506862852E-004
#      9   -17       2.3621225607E-004
#      9   -16       1.2366624570E-004
#      9   -15       3.6675477419E-005
#      9   -14       3.3775040002E-005
#      9   -13       1.1131685390E-004
#      9   -12       1.4714846638E-005
#      9   -11       1.1470278343E-004
#      9   -10       6.5730932996E-006
#      9    -9       5.5376762788E-005
#      9    -8       1.5052996196E-004
#      9    -7       2.3462662128E-004
#      9    -6       3.0257049521E-004
#      9    -5       7.2300346993E-005
#      9    -4       3.9164873557E-005
#      9    -3       1.8455948384E-004
#      9    -2       5.9405637772E-005
#      9    -1       7.2021707223E-005
#      9     0       9.1112003533E-005
#      9     1       4.1782783373E-006
#      9     2       5.7638130260E-005
#      9     3       3.3204790173E-004
#      9     4       5.0080513907E-005
#      9     5       3.9880628105E-005
#      9     6       4.5477615521E-005
#      9     7       2.1568365890E-004
#      9     8       7.3922930959E-005
#      9     9       2.1345563984E-005
#      9    10       1.3710803905E-005
#      9    11       5.4705304767E-006
#      9    12       3.9411882142E-005
#      9    13       5.4015986293E-005
#      9    14       1.3614061487E-007
#      9    15       1.1913582884E-005
#      9    16       9.5543727929E-007
#      9    17       4.5013124695E-007
#      9    18       4.8716401273E-006
#     10   -27       4.4978513329E-006
#     10   -26       1.5167770966E-005
#     10   -25       2.2625266152E-004
#     10   -24       5.6796541196E-005
#     10   -23       3.3757315192E-005
#     10   -22       2.8109903202E-005
#     10   -21       2.6517409252E-004
#     10   -20       4.3019671165E-003
#     10   -19       4.8530092688E-005
#     10   -18       4.8547126979E-005
#     10   -17       2.3499316282E-005
#     10   -16       2.1504524452E-004
#     10   -15       1.5439012216E-002
#     10   -14       1.6112294249E-004
#     10   -13       7.1287143002E-005
#     10   -12       3.6923305251E-005
#     10   -11       7.6680398872E-005
#     10   -10       1.4120408794E-002
#     10    -9       1.0556342644E-004
#     10    -8       6.0025716168E-005
#     10    -7       2.8618392387E-004
#     10    -6       2.3875004684E-005
#     10    -5       3.0503838912E-003
#     10    -4       1.1398644546E-004
#     10    -3       5.2959207220E-005
#     10    -2       5.7093366432E-006
#     10    -1       6.0829036045E-005
#     10     0       4.5274401755E-002
#     10     1       7.8330861502E-005
#     10     2       1.1418497619E-004
#     10     3       3.3889820462E-005
#     10     4       5.4536537425E-005
#     10     5       1.1257811130E-002
#     10     6       3.5631946089E-005
#     10     7       9.9644929761E-006
#     10     8       7.4681748319E-005
#     10     9       5.9213245881E-005
#     10    10       5.8314832333E-003
#     10    11       1.5414551425E-005
#     10    12       4.2196219092E-006
#     10    13       1.0043595902E-006
#     10    14       4.5658224529E-006
#     10    15       7.7192079937E-004
#     10    16       6.1566369409E-006
#     10    17       3.7286340368E-006
#     11   -27       1.0556017305E-005
#     11   -26       8.2147455004E-006
#     11   -25       1.8626046893E-005
#     11   -24       8.0335605291E-005
#     11   -23       1.6265124181E-004
#     11   -22       1.4792614323E-004
#     11   -21       2.6319888924E-005
#     11   -20       6.7986351622E-006
#     11   -19       1.0428597003E-004
#     11   -18       7.9308027318E-004
#     11   -17       2.1285842466E-004
#     11   -16       4.1185865005E-005
#     11   -15       1.3534938076E-004
#     11   -14       2.2517609632E-005
#     11   -13       1.2922664420E-004
#     11   -12       2.1603889175E-004
#     11   -11       2.5562993437E-004
#     11   -10       4.6613712132E-005
#     11    -9       2.9264112079E-004
#     11    -8       4.9561223554E-005
#     11    -7       5.2533157149E-005
#     11    -6       1.1324095531E-004
#     11    -5       9.0281296206E-005
#     11    -4       6.3993595045E-005
#     11    -3       2.1344126455E-004
#     11    -2       1.1149424051E-004
#     11    -1       5.3125380877E-006
#     11     0       4.0257752215E-006
#     11     1       7.0894809975E-005
#     11     2       3.0673713032E-004
#     11     3       4.4010543243E-004
#     11     4       4.1937379399E-005
#     11     5       7.2129890450E-005
#     11     6       1.2079224577E-004
#     11     7       2.1360996233E-004
#     11     8       2.2456010112E-005
#     11     9       4.9909555605E-006
#     11    10       2.8800488313E-005
#     11    11       4.1261315784E-006
#     11    12       1.4577824256E-005
#     11    13       1.6956767007E-005
#     11    14       7.9844573278E-007
#     11    15       2.4148490597E-007
#     11    16       3.7547932151E-006
#     12   -27       1.2004253662E-005
#     12   -26       5.3345146484E-005
#     12   -25       3.9231278593E-005
#     12   -24       2.0187581897E-006
#     12   -23       6.8839920084E-006
#     12   -22       1.2768925791E-004
#     12   -21       2.3926004565E-004
#     12   -20       5.1048280096E-004
#     12   -19       2.7446029547E-005
#     12   -18       5.2661155725E-005
#     12   -17       2.5548543177E-004
#     12   -16       7.8044286967E-005
#     12   -15       9.9812121721E-005
#     12   -14       2.9946528097E-004
#     12   -13       1.2256555291E-004
#     12   -12       2.4699530365E-005
#     12   -11       4.0569347938E-004
#     12   -10       1.3250384296E-004
#     12    -9       7.5078689632E-005
#     12    -8       4.6167860831E-005
#     12    -7       3.5967622596E-004
#     12    -6       3.4655522656E-005
#     12    -5       1.3640137518E-004
#     12    -4       1.4748132879E-005
#     12    -3       3.7732507268E-006
#     12    -2       6.1800217261E-005
#     12    -1       3.2298420060E-005
#     12     0       5.0750893734E-004
#     12     1       8.7316842915E-005
#     12     2       8.4458484567E-006
#     12     3       3.2846257064E-004
#     12     4       7.3444586726E-005
#     12     5       3.5981281046E-004
#     12     6       1.0375749832E-005
#     12     7       3.1103980788E-005
#     12     8       7.4715142421E-005
#     12     9       2.8373337937E-005
#     12    10       1.1658048042E-005
#     12    11       1.5417036606E-005
#     12    12       1.3260946429E-005
#     12    13       6.5287501268E-007
#     12    14       4.7041111496E-007
#     12    15       2.8747282960E-006
#     13   -28       7.0087119874E-006
#     13   -27       6.2731816475E-006
#     13   -26       7.0259918938E-006
#     13   -25       3.8550741294E-005
#     13   -24       1.6661484841E-004
#     13   -23       9.1609582668E-005
#     13   -22       5.8408393526E-005
#     13   -21       1.4207383237E-004
#     13   -20       1.5055581551E-004
#     13   -19       7.6936416606E-005
#     13   -18       3.6074703701E-004
#     13   -17       4.0542700012E-005
#     13   -16       3.9563418853E-005
#     13   -15       2.3459911702E-004
#     13   -14       5.3502581502E-005
#     13   -13       1.9079612339E-004
#     13   -12       3.1216144984E-004
#     13   -11       1.0859445487E-004
#     13   -10       4.1955257881E-005
#     13    -9       6.1606674013E-004
#     13    -8       2.8056035614E-005
#     13    -7       1.4238455993E-005
#     13    -6       7.5933988651E-005
#     13    -5       9.5879523957E-005
#     13    -4       3.9808947673E-005
#     13    -3       1.7411369736E-004
#     13    -2       1.3393804967E-004
#     13    -1       6.7421487802E-005
#     13     0       9.0239503145E-005
#     13     1       1.8356503792E-004
#     13     2       3.4490236840E-004
#     13     3       1.9305140394E-004
#     13     4       1.4696744919E-005
#     13     5       2.1949035409E-004
#     13     6       8.6202906461E-005
#     13     7       7.4153300323E-005
#     13     8       2.4293965585E-007
#     13     9       1.8961137691E-005
#     13    10       2.7592532274E-005
#     13    11       2.6306752941E-006
#     13    12       9.3282150207E-008
#     13    13       6.9568646651E-006
#     13    14       3.6793959419E-006
#     13    15       4.2397754377E-007
#     14   -28       1.7821455204E-005
#     14   -27       2.2519854889E-005
#     14   -26       7.4337030102E-005
#     14   -25       1.6564128231E-005
#     14   -24       3.8051080759E-005
#     14   -23       1.1825340561E-004
#     14   -22       9.0128603437E-005
#     14   -21       2.8394301274E-005
#     14   -20       1.5795164824E-004
#     14   -19       6.2518079680E-005
#     14   -18       6.3253044128E-005
#     14   -17       3.7402974888E-004
#     14   -16       1.5629172702E-005
#     14   -15       1.7419222704E-005
#     14   -14       3.2406642660E-004
#     14   -13       1.2545148335E-004
#     14   -12       1.6558786439E-004
#     14   -11       6.5880418365E-004
#     14   -10       8.8087396783E-005
#     14    -9       4.6420252861E-006
#     14    -8       4.7031803407E-005
#     14    -7       2.5633200135E-004
#     14    -6       1.5134714212E-006
#     14    -5       1.0616688178E-004
#     14    -4       1.1149031098E-005
#     14    -3       8.4664719371E-005
#     14    -2       1.6505374631E-004
#     14    -1       6.3816897806E-006
#     14     0       3.2234040172E-004
#     14     1       9.3948964102E-005
#     14     2       2.5985865557E-005
#     14     3       4.1932079714E-004
#     14     4       6.1097415191E-005
#     14     5       6.7719986638E-005
#     14     6       1.3981024064E-005
#     14     7       8.1720940238E-005
#     14     8       4.4602157378E-005
#     14     9       1.2818377042E-005
#     14    10       1.4637650302E-006
#     14    11       3.2874744764E-006
#     14    12       6.0655376565E-006
#     14    13       3.7364356825E-006
#     14    14       3.7522227649E-006
#     15   -28       1.0970088085E-006
#     15   -27       9.3364403722E-006
#     15   -26       7.5588730430E-005
#     15   -25       1.0340533240E-003
#     15   -24       5.2456592644E-005
#     15   -23       1.3923987108E-005
#     15   -22       5.6363954604E-006
#     15   -21       2.0474174657E-004
#     15   -20       1.4604283322E-002
#     15   -19       1.1474285319E-004
#     15   -18       1.1305526130E-004
#     15   -17       9.3664533206E-006
#     15   -16       7.1983843410E-005
#     15   -15       3.9991111827E-002
#     15   -14       1.2680757920E-004
#     15   -13       2.6726495015E-004
#     15   -12       2.6474314209E-004
#     15   -11       1.8948504278E-005
#     15   -10       1.6371087739E-002
#     15    -9       4.0625277881E-004
#     15    -8       7.3378480742E-006
#     15    -7       9.5041285627E-006
#     15    -6       7.3699385947E-005
#     15    -5       1.7353902155E-002
#     15    -4       3.8402213135E-005
#     15    -3       9.0143030824E-005
#     15    -2       5.0846492094E-005
#     15    -1       1.0932547589E-004
#     15     0       2.4718679204E-002
#     15     1       1.6717182186E-004
#     15     2       1.4108001074E-004
#     15     3       1.2941059540E-005
#     15     4       9.5995600499E-007
#     15     5       5.7705083632E-003
#     15     6       3.1710994969E-005
#     15     7       1.4885617034E-005
#     15     8       1.5251644613E-005
#     15     9       1.0249291215E-005
#     15    10       3.2382843580E-004
#     15    11       8.2493437749E-007
#     15    12       4.7858764271E-006
#     15    13       1.7316597317E-007
#     16   -27       9.3511349783E-006
#     16   -26       2.1531320339E-005
#     16   -25       7.9643321981E-007
#     16   -24       8.2974863975E-005
#     16   -23       2.7320207226E-004
#     16   -22       2.6142381665E-005
#     16   -21       1.1794334695E-005
#     16   -20       1.0987633825E-004
#     16   -19       1.0397295731E-005
#     16   -18       2.4257610967E-005
#     16   -17       3.6571095320E-004
#     16   -16       3.2467352129E-006
#     16   -15       8.2515797806E-005
#     16   -14       2.0842087387E-004
#     16   -13       9.5067676231E-005
#     16   -12       7.9263519812E-005
#     16   -11       3.1123944802E-004
#     16   -10       8.7586074028E-005
#     16    -9       8.7321709656E-005
#     16    -8       7.3188083247E-005
#     16    -7       1.7181790138E-004
#     16    -6       2.4474303383E-005
#     16    -5       3.8761622754E-005
#     16    -4       8.4886902849E-006
#     16    -3       1.6557100401E-004
#     16    -2       1.8489676657E-004
#     16    -1       5.2959010655E-005
#     16     0       5.1764680960E-005
#     16     1       4.9322397103E-005
#     16     2       9.4816054497E-005
#     16     3       2.6117839536E-004
#     16     4       4.4763674905E-005
#     16     5       6.0331345041E-006
#     16     6       2.8337267171E-005
#     16     7       5.0419970512E-005
#     16     8       1.5661053267E-005
#     16     9       5.7766014930E-006
#     16    10       3.9173390558E-006
#     16    11       5.8396447113E-007
#     17   -27       2.5742485629E-005
#     17   -26       1.2987425935E-004
#     17   -25       4.5203274825E-005
#     17   -24       1.2398212135E-006
#     17   -23       2.8547376798E-005
#     17   -22       4.1133538878E-005
#     17   -21       6.6461705623E-005
#     17   -20       2.3996485975E-005
#     17   -19       1.0598366045E-004
#     17   -18       4.5102051652E-005
#     17   -17       8.1597489396E-005
#     17   -16       5.4471682616E-005
#     17   -15       2.2187584732E-004
#     17   -14       4.9245042110E-005
#     17   -13       1.2997986872E-004
#     17   -12       2.2743692587E-004
#     17   -11       1.2336720557E-004
#     17   -10       1.3939164526E-005
#     17    -9       7.5243536757E-005
#     17    -8       8.6625233355E-005
#     17    -7       4.7352849015E-006
#     17    -6       2.3362304052E-005
#     17    -5       2.4794152168E-004
#     17    -4       5.1103187383E-005
#     17    -3       5.4858502580E-005
#     17    -2       8.0276166605E-006
#     17    -1       2.8871128017E-005
#     17     0       2.4295804959E-004
#     17     1       8.8507536546E-005
#     17     2       3.9801335678E-005
#     17     3       6.0677391262E-005
#     17     4       1.1114388827E-005
#     17     5       1.2060546531E-004
#     17     6       1.0464001758E-005
#     17     7       1.5097854283E-006
#     17     8       2.0941279845E-005
#     17     9       3.6655385893E-006
#     17    10       1.8450696353E-007
#     18   -27       5.8636550147E-006
#     18   -26       1.7991661201E-005
#     18   -25       1.5139855315E-005
#     18   -24       5.5933435466E-005
#     18   -23       1.0751785275E-004
#     18   -22       2.4768736533E-007
#     18   -21       5.2064981818E-006
#     18   -20       8.3375439585E-005
#     18   -19       2.6910201456E-005
#     18   -18       1.0781172868E-004
#     18   -17       2.4284162448E-004
#     18   -16       1.0832378111E-005
#     18   -15       2.0145985224E-004
#     18   -14       1.9388887787E-004
#     18   -13       6.4256834296E-005
#     18   -12       4.8033488684E-006
#     18   -11       1.0194999225E-005
#     18   -10       9.7289332146E-005
#     18    -9       6.2949562204E-005
#     18    -8       1.0741394036E-005
#     18    -7       1.3311738090E-004
#     18    -6       1.0016646354E-004
#     18    -5       1.4774458838E-005
#     18    -4       1.4638566489E-005
#     18    -3       1.2265432320E-004
#     18    -2       1.1892469348E-004
#     18    -1       8.5307015726E-005
#     18     0       7.5320527418E-006
#     18     1       4.8932870981E-005
#     18     2       8.4644268971E-005
#     18     3       8.3942735886E-005
#     18     4       2.6976864266E-005
#     18     5       1.3205364634E-005
#     18     6       1.3411125157E-005
#     18     7       1.7383612661E-005
#     18     8       8.6732980613E-007
#     18     9       2.8578913807E-006
#     19   -27       3.0176142254E-005
#     19   -26       4.0927966982E-005
#     19   -25       3.0890266621E-005
#     19   -24       2.3774394360E-005
#     19   -23       1.1612147251E-004
#     19   -22       1.0476716835E-004
#     19   -21       2.3155599867E-005
#     19   -20       4.0675162725E-005
#     19   -19       1.0685627750E-004
#     19   -18       1.4763502347E-005
#     19   -17       1.4979234576E-004
#     19   -16       4.4495571846E-005
#     19   -15       7.4017340696E-005
#     19   -14       8.2994579822E-006
#     19   -13       4.4303558577E-005
#     19   -12       1.4737569443E-004
#     19   -11       7.2237652327E-005
#     19   -10       2.0783197938E-006
#     19    -9       1.4988341772E-005
#     19    -8       1.5785595702E-004
#     19    -7       1.4167950166E-005
#     19    -6       1.3850842050E-006
#     19    -5       1.6893401790E-004
#     19    -4       7.3996072968E-005
#     19    -3       5.8837738346E-005
#     19    -2       2.4772623255E-005
#     19    -1       5.3099379026E-006
#     19     0       9.5161780582E-005
#     19     1       5.2793071095E-005
#     19     2       4.2319911260E-006
#     19     3       3.5019809306E-005
#     19     4       7.0235693730E-006
#     19     5       1.3810484045E-005
#     19     6       4.9729148566E-006
#     19     7       4.4658456896E-007
#     19     8       4.8962080178E-006
#     20   -27       4.6744973311E-006
#     20   -26       2.9974516772E-005
#     20   -25       5.7482893787E-004
#     20   -24       4.9801754246E-006
#     20   -23       1.9263189357E-005
#     20   -22       3.3009238024E-005
#     20   -21       4.4936956488E-006
#     20   -20       6.9597407946E-003
#     20   -19       2.9667507020E-005
#     20   -18       6.8584058932E-005
#     20   -17       6.1888474066E-005
#     20   -16       6.9862535337E-006
#     20   -15       1.0719839581E-002
#     20   -14       1.0094513207E-004
#     20   -13       2.1187597426E-005
#     20   -12       2.5349697226E-005
#     20   -11       3.0569906648E-005
#     20   -10       6.0260902867E-003
#     20    -9       1.7607688139E-005
#     20    -8       1.5258493318E-005
#     20    -7       8.9948351052E-005
#     20    -6       1.0778348419E-004
#     20    -5       7.7681589428E-003
#     20    -4       1.9179560342E-005
#     20    -3       3.0238441753E-005
#     20    -2       3.7395545936E-005
#     20    -1       4.7272466537E-005
#     20     0       2.2301813401E-003
#     20     1       1.8392058116E-005
#     20     2       2.3055333885E-005
#     20     3       4.5299940447E-006
#     20     4       4.8958720016E-006
#     20     5       2.4231357992E-004
#     20     6       1.7047065963E-006
#     20     7       3.1806745972E-006
#     21   -26       4.1657046886E-006
#     21   -25       2.4938340310E-006
#     21   -24       3.6235503378E-005
#     21   -23       7.0776943459E-005
#     21   -22       5.8235149479E-005
#     21   -21       3.5188314308E-006
#     21   -20       6.1780085468E-005
#     21   -19       6.9599452747E-005
#     21   -18       9.4789945879E-006
#     21   -17       9.2819330150E-005
#     21   -16       3.7648563264E-005
#     21   -15       2.2157762492E-006
#     21   -14       4.1368424888E-005
#     21   -13       7.9723854667E-005
#     21   -12       5.7812292134E-005
#     21   -11       1.0969549349E-005
#     21   -10       3.5585458726E-005
#     21    -9       8.1521976069E-006
#     21    -8       1.2396524618E-004
#     21    -7       1.0774409886E-005
#     21    -6       1.3615716685E-005
#     21    -5       5.4525660434E-005
#     21    -4       1.7165052757E-005
#     21    -3       5.0711439154E-005
#     21    -2       1.7283636974E-005
#     21    -1       1.1141217806E-005
#     21     0       1.8209156055E-005
#     21     1       3.9765189530E-006
#     21     2       4.6339247795E-007
#     21     3       1.2970476416E-005
#     21     4       2.4819045405E-006
#     21     5       2.7408984939E-006
#     22   -26       1.5113578416E-005
#     22   -25       3.1961438040E-005
#     22   -24       6.5383461428E-006
#     22   -23       2.1452764934E-005
#     22   -22       6.9386654574E-005
#     22   -21       4.2314827314E-006
#     22   -20       2.8081068784E-005
#     22   -19       2.9139409864E-005
#     22   -18       1.4461324228E-005
#     22   -17       8.1285261577E-006
#     22   -16       3.9564722104E-006
#     22   -15       5.7220487277E-005
#     22   -14       1.1906798798E-005
#     22   -13       4.6210933156E-006
#     22   -12       3.4177018903E-005
#     22   -11       4.8926219451E-005
#     22   -10       6.8309782633E-005
#     22    -9       1.7098619275E-006
#     22    -8       4.3189776362E-005
#     22    -7       1.6232898661E-005
#     22    -6       2.9945107984E-005
#     22    -5       2.4722219562E-005
#     22    -4       1.7956817921E-005
#     22    -3       2.2310525188E-005
#     22    -2       5.2863823920E-007
#     22    -1       8.2293861755E-006
#     22     0       1.1245938965E-005
#     22     1       4.9981049574E-006
#     22     2       7.0810719737E-006
#     22     3       6.1324868805E-006
#     22     4       7.4452156951E-007
#     23   -25       2.7095144773E-007
#     23   -24       1.2296310257E-005
#     23   -23       2.3098115454E-005
#     23   -22       2.5269026285E-005
#     23   -21       1.2955781685E-006
#     23   -20       4.2909726831E-005
#     23   -19       1.9276901678E-005
#     23   -18       1.1353998605E-005
#     23   -17       2.3530261537E-005
#     23   -16       1.1685275449E-005
#     23   -15       1.3302529148E-006
#     23   -14       2.7593038129E-005
#     23   -13       1.8409705577E-005
#     23   -12       1.4318928616E-005
#     23   -11       1.2199578219E-005
#     23   -10       4.0709429247E-005
#     23    -9       5.5952694754E-006
#     23    -8       2.8766769197E-005
#     23    -7       1.9819054050E-005
#     23    -6       3.1796137947E-005
#     23    -5       1.0677865466E-005
#     23    -4       6.4841788791E-006
#     23    -3       3.0134957803E-006
#     23    -2       6.1981020267E-006
#     23    -1       1.0678490960E-005
#     23     0       3.5267947179E-006
#     23     1       3.5823571662E-006
#     23     2       1.8046979903E-007
#     24   -24       8.6409675567E-007
#     24   -23       2.2566371330E-005
#     24   -22       4.4996919365E-005
#     24   -21       2.9779362088E-007
#     24   -20       3.2964252215E-006
#     24   -19       1.0217367302E-005
#     24   -18       3.6522043505E-006
#     24   -17       6.1878175482E-006
#     24   -16       5.4970593519E-006
#     24   -15       7.3913620579E-007
#     24   -14       4.4125145888E-006
#     24   -13       1.4599352655E-005
#     24   -12       4.6348771590E-006
#     24   -11       1.1105506691E-005
#     24   -10       5.2747013428E-006
#     24    -9       6.8300071842E-006
#     24    -8       2.4985067007E-005
#     24    -7       1.4859796646E-006
#     24    -6       4.8842636782E-006
#     24    -5       7.9066868321E-006
#     24    -4       1.2656253645E-005
#     24    -3       1.1184217765E-005
#     24    -2       1.7398883214E-006
#     24    -1       5.5750724929E-007
#     24     0       1.7296827164E-006
#     25   -23       7.3668300500E-006
#     25   -22       6.7149819608E-006
#     25   -21       7.1366504120E-007
#     25   -20       6.2574570427E-004
#     25   -19       3.7052944311E-007
#     25   -18       2.2218892275E-007
#     25   -17       8.5991687296E-008
#     25   -16       6.3660478658E-006
#     25   -15       9.5884508314E-004
#     25   -14       1.8990024121E-006
#     25   -13       5.1081951413E-006
#     25   -12       3.6479314762E-007
#     25   -11       2.2064363152E-006
#     25   -10       2.9730820768E-004
#     25    -9       4.5115832317E-006
#     25    -8       4.3879000497E-006
#     25    -7       1.0599577953E-005
#     25    -6       9.3699239444E-006
#     25    -5       2.7075284377E-004
#     25    -4       1.2256690583E-006
#     25    -3       5.0128776819E-006
#     25    -2       4.4949108168E-007
#     26   -22       9.6972984893E-006
#     26   -21       1.3092216280E-006
#     26   -20       6.5704401145E-007
#     26   -19       2.3706268470E-006
