 Diffraction intensities for potential:ga5x5_03D10005.in                       
#    -28    13       5.4243014166E-006
#    -28    14       4.6988347595E-006
#    -28    15       3.3615904233E-006
#    -27     7       3.2640924022E-006
#    -27     8       2.9297872724E-006
#    -27     9       2.0313062561E-005
#    -27    10       2.4846781103E-006
#    -27    11       7.9438838210E-006
#    -27    12       9.7862192051E-006
#    -27    13       3.9528626555E-006
#    -27    14       3.2933452061E-006
#    -27    15       6.4299991158E-007
#    -27    16       1.8033249434E-006
#    -27    17       7.0228732486E-007
#    -27    18       5.7653272114E-006
#    -27    19       2.1121600042E-006
#    -27    20       3.1221223616E-006
#    -26     4       1.2824781387E-005
#    -26     5       1.2269767813E-005
#    -26     6       9.1842722313E-006
#    -26     7       4.7316858884E-006
#    -26     8       1.6623560473E-006
#    -26     9       1.4485381276E-005
#    -26    10       4.8927561156E-006
#    -26    11       8.3117020137E-006
#    -26    12       1.4199251299E-005
#    -26    13       3.6448064930E-006
#    -26    14       1.1035908794E-005
#    -26    15       1.1880257297E-005
#    -26    16       7.5986351366E-006
#    -26    17       2.5753535948E-006
#    -26    18       6.6773162073E-006
#    -26    19       3.0554122166E-007
#    -26    20       2.1138389474E-006
#    -26    21       4.9393419238E-006
#    -26    22       2.2528415440E-006
#    -25     2       8.6790155922E-007
#    -25     3       6.3263641628E-006
#    -25     4       8.8007705122E-006
#    -25     5       6.7203101090E-004
#    -25     6       1.5686871618E-006
#    -25     7       7.7931692929E-006
#    -25     8       1.3848617086E-005
#    -25     9       5.3248426484E-006
#    -25    10       1.0257920696E-003
#    -25    11       3.8874156320E-006
#    -25    12       2.1288372227E-005
#    -25    13       1.9516627865E-005
#    -25    14       1.6746220697E-005
#    -25    15       4.6547449740E-004
#    -25    16       1.0864741162E-005
#    -25    17       2.1109687912E-005
#    -25    18       9.6025526667E-006
#    -25    19       3.1269459231E-006
#    -25    20       2.9694933325E-004
#    -25    21       1.5341546968E-007
#    -25    22       1.2121767673E-006
#    -25    23       4.1125545097E-006
#    -24     0       6.8830674131E-006
#    -24     1       1.2894572441E-007
#    -24     2       5.7982876465E-006
#    -24     3       3.8087769089E-006
#    -24     4       1.4228236647E-006
#    -24     5       4.1315456312E-006
#    -24     6       1.0994613176E-005
#    -24     7       1.0212179796E-005
#    -24     8       1.5482552106E-005
#    -24     9       1.0586664509E-005
#    -24    10       1.0956158188E-005
#    -24    11       4.3835627101E-006
#    -24    12       6.8232664934E-006
#    -24    13       4.4519506831E-006
#    -24    14       2.3137286462E-005
#    -24    15       7.6785943164E-006
#    -24    16       1.7116282540E-005
#    -24    17       3.7263567222E-005
#    -24    18       1.8879835631E-005
#    -24    19       2.2214873894E-005
#    -24    20       2.0478906600E-005
#    -24    21       6.1858323363E-006
#    -24    22       1.1185120298E-005
#    -24    23       9.7393104730E-006
#    -24    24       7.9701529385E-006
#    -23    -2       3.0687287700E-005
#    -23    -1       3.5723188006E-005
#    -23     0       6.3991150921E-005
#    -23     1       1.1388736214E-005
#    -23     2       1.5968446310E-005
#    -23     3       2.3945851623E-005
#    -23     4       1.3343791365E-005
#    -23     5       1.8723381723E-005
#    -23     6       2.9298756545E-005
#    -23     7       3.0576150520E-005
#    -23     8       2.5763886321E-005
#    -23     9       6.8699156407E-005
#    -23    10       2.4598414226E-005
#    -23    11       6.8833489815E-006
#    -23    12       1.3459174020E-005
#    -23    13       2.3449749513E-006
#    -23    14       7.3286894563E-006
#    -23    15       4.5646464543E-006
#    -23    16       2.6439728635E-005
#    -23    17       1.7314633022E-005
#    -23    18       5.7123337701E-006
#    -23    19       3.0644537287E-005
#    -23    20       3.1961620457E-005
#    -23    21       3.3722545597E-005
#    -23    22       2.2045964795E-005
#    -23    23       2.3255862261E-005
#    -23    24       3.1449461486E-005
#    -23    25       2.0230190174E-005
#    -22    -4       3.3836174681E-005
#    -22    -3       2.4128122934E-005
#    -22    -2       8.0107310780E-005
#    -22    -1       6.9353222794E-005
#    -22     0       4.4422657042E-005
#    -22     1       2.5548352537E-005
#    -22     2       5.9135279338E-005
#    -22     3       4.2431880743E-005
#    -22     4       3.6531214693E-005
#    -22     5       2.3709824311E-005
#    -22     6       4.3106000911E-005
#    -22     7       3.4462386839E-005
#    -22     8       3.2006889060E-005
#    -22     9       7.0797144155E-005
#    -22    10       2.8280131780E-005
#    -22    11       3.7052386901E-005
#    -22    12       3.1061068909E-005
#    -22    13       2.5385960541E-005
#    -22    14       3.1702135408E-005
#    -22    15       1.0586497867E-005
#    -22    16       3.9295038666E-005
#    -22    17       1.0504046127E-005
#    -22    18       2.8754514120E-005
#    -22    19       2.9007274662E-005
#    -22    20       2.6598521435E-005
#    -22    21       3.3188246739E-005
#    -22    22       3.6646849582E-005
#    -22    23       4.4669758665E-005
#    -22    24       2.8029234780E-005
#    -22    25       1.1121713499E-005
#    -22    26       1.3882306088E-005
#    -21    -5       2.6199625539E-006
#    -21    -4       8.8867417746E-006
#    -21    -3       5.0370099070E-005
#    -21    -2       5.6899736301E-005
#    -21    -1       6.1107563094E-005
#    -21     0       3.7025213690E-005
#    -21     1       5.0728947543E-005
#    -21     2       5.9513337764E-005
#    -21     3       8.0598843045E-005
#    -21     4       2.3815223328E-005
#    -21     5       4.5303698739E-005
#    -21     6       7.5937176509E-005
#    -21     7       8.0737560655E-006
#    -21     8       3.1403967157E-005
#    -21     9       2.7834321383E-005
#    -21    10       1.1612467581E-005
#    -21    11       2.9112712765E-005
#    -21    12       2.4242469432E-005
#    -21    13       5.2798784167E-005
#    -21    14       2.5403334802E-005
#    -21    15       5.2714693300E-005
#    -21    16       5.1669816542E-005
#    -21    17       2.4190683899E-005
#    -21    18       4.8575751751E-005
#    -21    19       1.9047365361E-005
#    -21    20       2.5536125499E-005
#    -21    21       3.0933805675E-005
#    -21    22       1.5584072556E-005
#    -21    23       2.4094720842E-005
#    -21    24       2.0005015458E-005
#    -21    25       2.0858915188E-005
#    -21    26       4.9784137605E-006
#    -20    -7       1.6320662273E-005
#    -20    -6       1.7798175167E-005
#    -20    -5       6.1323872799E-004
#    -20    -4       2.9423081493E-005
#    -20    -3       3.7713847337E-005
#    -20    -2       1.2548781295E-005
#    -20    -1       7.4657901344E-006
#    -20     0       7.4559948563E-003
#    -20     1       3.9277959381E-005
#    -20     2       1.1382851438E-004
#    -20     3       8.2912170088E-005
#    -20     4       3.3977673987E-005
#    -20     5       1.0423233705E-002
#    -20     6       1.1034287115E-004
#    -20     7       3.1300723823E-006
#    -20     8       1.1399310014E-005
#    -20     9       3.9957053750E-006
#    -20    10       6.9332513080E-003
#    -20    11       4.0249557028E-006
#    -20    12       1.3994795813E-005
#    -20    13       1.0560751284E-005
#    -20    14       2.7889298888E-005
#    -20    15       7.5169187313E-003
#    -20    16       1.5652898976E-005
#    -20    17       3.9987687857E-005
#    -20    18       1.5471754954E-005
#    -20    19       1.5920401755E-005
#    -20    20       2.1385146671E-003
#    -20    21       3.1580511427E-006
#    -20    22       3.5303328173E-006
#    -20    23       2.3170835718E-006
#    -20    24       1.2563120794E-005
#    -20    25       3.6171941002E-004
#    -20    26       1.3550088915E-005
#    -20    27       1.1586813528E-005
#    -19    -8       2.6051894861E-005
#    -19    -7       6.1198562969E-005
#    -19    -6       1.3829183273E-004
#    -19    -5       1.0030219302E-004
#    -19    -4       5.4564803735E-006
#    -19    -3       3.6708530380E-006
#    -19    -2       1.0050040644E-005
#    -19    -1       1.7962264037E-005
#    -19     0       2.5348722796E-006
#    -19     1       4.5323495144E-005
#    -19     2       8.6367698317E-005
#    -19     3       1.7267770771E-005
#    -19     4       5.9535658236E-005
#    -19     5       1.5973578477E-004
#    -19     6       5.9883729865E-005
#    -19     7       2.2064083061E-005
#    -19     8       4.6238970121E-005
#    -19     9       1.6690694396E-005
#    -19    10       1.1656877319E-005
#    -19    11       2.1155201226E-005
#    -19    12       6.9992003750E-007
#    -19    13       2.2300229884E-005
#    -19    14       2.4779839453E-005
#    -19    15       1.1854629572E-006
#    -19    16       2.3996173611E-005
#    -19    17       8.9863822955E-006
#    -19    18       1.6045887213E-006
#    -19    19       2.4588841921E-006
#    -19    20       1.4509253794E-006
#    -19    21       4.4620759295E-007
#    -19    22       2.3481640766E-006
#    -19    23       9.8458723504E-006
#    -19    24       6.6679361490E-006
#    -19    25       9.6011571993E-006
#    -19    26       9.2595922640E-006
#    -19    27       3.0220623597E-006
#    -18    -9       2.9988763547E-005
#    -18    -8       2.3945352880E-005
#    -18    -7       1.3613658243E-004
#    -18    -6       1.6233461758E-004
#    -18    -5       9.4063459108E-005
#    -18    -4       9.8501347632E-005
#    -18    -3       1.6291740188E-004
#    -18    -2       1.1981253927E-004
#    -18    -1       5.7334909138E-005
#    -18     0       2.6045609262E-006
#    -18     1       4.4226980936E-005
#    -18     2       6.3141832248E-005
#    -18     3       8.4243592439E-006
#    -18     4       5.3084315915E-005
#    -18     5       8.3145042543E-005
#    -18     6       2.6699207055E-005
#    -18     7       6.3395172896E-005
#    -18     8       6.2492279468E-005
#    -18     9       2.9177561664E-005
#    -18    10       4.4225750836E-005
#    -18    11       6.6640041605E-006
#    -18    12       3.7541125079E-005
#    -18    13       2.4650427098E-005
#    -18    14       2.6991459292E-006
#    -18    15       1.5015866767E-005
#    -18    16       2.5364362507E-006
#    -18    17       9.9683680580E-006
#    -18    18       1.7325845931E-006
#    -18    19       2.4300661367E-005
#    -18    20       1.8380290631E-005
#    -18    21       2.3233467528E-005
#    -18    22       3.6685299236E-005
#    -18    23       1.0444204905E-005
#    -18    24       2.1039174528E-005
#    -18    25       1.4068616235E-005
#    -18    26       1.1296429618E-006
#    -18    27       8.7095078327E-006
#    -17   -10       1.2438837821E-005
#    -17    -9       3.8945064509E-005
#    -17    -8       1.5731952977E-004
#    -17    -7       2.2261508267E-004
#    -17    -6       1.0779221560E-004
#    -17    -5       1.7072237651E-004
#    -17    -4       2.4679115437E-004
#    -17    -3       2.0307718835E-004
#    -17    -2       1.2460176527E-004
#    -17    -1       4.1441411643E-005
#    -17     0       5.1213959277E-005
#    -17     1       2.2240622508E-004
#    -17     2       1.4116384668E-004
#    -17     3       7.9037985840E-006
#    -17     4       1.0292347127E-004
#    -17     5       8.8769534444E-005
#    -17     6       1.8542880527E-005
#    -17     7       5.0212174827E-005
#    -17     8       1.6164243632E-005
#    -17     9       1.7842987649E-005
#    -17    10       9.2900963297E-007
#    -17    11       3.0664279241E-005
#    -17    12       1.2158186449E-005
#    -17    13       2.2904248034E-005
#    -17    14       6.0022796533E-005
#    -17    15       5.4137260881E-006
#    -17    16       5.5169243261E-005
#    -17    17       3.7264816692E-005
#    -17    18       2.6921228153E-005
#    -17    19       6.9970010173E-005
#    -17    20       2.3919539211E-005
#    -17    21       8.4129561383E-005
#    -17    22       3.6896040406E-005
#    -17    23       3.8225713981E-005
#    -17    24       3.8090840472E-005
#    -17    25       1.6733559772E-005
#    -17    26       1.7160479416E-005
#    -17    27       9.6110631654E-006
#    -16   -11       2.2400595721E-005
#    -16   -10       7.6885233514E-005
#    -16    -9       3.5462924816E-005
#    -16    -8       9.5897482166E-005
#    -16    -7       2.6163997906E-005
#    -16    -6       1.0290378777E-004
#    -16    -5       1.8278987229E-004
#    -16    -4       2.1483765142E-004
#    -16    -3       1.8840244319E-004
#    -16    -2       1.3197432137E-004
#    -16    -1       9.3148059514E-005
#    -16     0       2.3606372912E-004
#    -16     1       2.5565389246E-004
#    -16     2       7.2510841895E-005
#    -16     3       1.4847098395E-004
#    -16     4       2.9111440919E-004
#    -16     5       8.8663439615E-005
#    -16     6       6.5044232740E-005
#    -16     7       7.7258585673E-005
#    -16     8       2.2228637850E-005
#    -16     9       2.7402405588E-005
#    -16    10       3.8525241551E-005
#    -16    11       6.2802523020E-006
#    -16    12       5.3446214158E-005
#    -16    13       1.2980731998E-004
#    -16    14       3.2005851656E-005
#    -16    15       1.1580006249E-004
#    -16    16       1.3400473573E-004
#    -16    17       4.4929880257E-005
#    -16    18       1.1794659950E-004
#    -16    19       4.0397195970E-005
#    -16    20       9.7248580708E-005
#    -16    21       7.3077683414E-005
#    -16    22       4.1554752347E-005
#    -16    23       5.7131448380E-005
#    -16    24       5.0306583157E-005
#    -16    25       1.8918661952E-005
#    -16    26       1.8080635640E-005
#    -16    27       1.1248562613E-005
#    -15   -13       1.2628911841E-005
#    -15   -12       3.8742719747E-005
#    -15   -11       1.2652823199E-004
#    -15   -10       8.3695478717E-004
#    -15    -9       4.8483594515E-007
#    -15    -8       2.6827095282E-005
#    -15    -7       8.4780687070E-005
#    -15    -6       4.5303382030E-005
#    -15    -5       1.2928549394E-002
#    -15    -4       1.1295196760E-004
#    -15    -3       1.4980125787E-004
#    -15    -2       1.0889235993E-004
#    -15    -1       2.0124374408E-004
#    -15     0       4.1603730309E-002
#    -15     1       6.3461290930E-005
#    -15     2       9.3558002755E-005
#    -15     3       3.2448994200E-004
#    -15     4       1.8750807444E-004
#    -15     5       1.4781274753E-002
#    -15     6       1.4490011243E-004
#    -15     7       8.1065255722E-005
#    -15     8       7.5260639467E-005
#    -15     9       1.1211226963E-004
#    -15    10       1.4693901116E-002
#    -15    11       1.0930204799E-004
#    -15    12       2.2706117217E-004
#    -15    13       7.8787692976E-005
#    -15    14       1.6174106313E-004
#    -15    15       2.3225258284E-002
#    -15    16       8.1279101871E-005
#    -15    17       1.6871107593E-004
#    -15    18       1.1637461092E-004
#    -15    19       7.3693166477E-005
#    -15    20       6.6541315515E-003
#    -15    21       4.7593916071E-005
#    -15    22       7.4017385369E-005
#    -15    23       1.4332757587E-005
#    -15    24       1.2166184035E-005
#    -15    25       4.0164360598E-004
#    -15    26       8.2324169612E-006
#    -15    27       2.8776725109E-006
#    -15    28       8.4974312717E-006
#    -14   -14       2.1946489620E-005
#    -14   -13       8.7000786415E-005
#    -14   -12       1.7901539509E-004
#    -14   -11       4.1109718926E-005
#    -14   -10       5.3446788997E-005
#    -14    -9       2.1694952174E-004
#    -14    -8       1.8387921487E-004
#    -14    -7       3.5235193277E-005
#    -14    -6       1.6438192511E-005
#    -14    -5       4.5443024113E-007
#    -14    -4       3.0601242661E-005
#    -14    -3       3.1012502654E-005
#    -14    -2       9.1321959618E-005
#    -14    -1       6.9990312919E-005
#    -14     0       8.8710453837E-006
#    -14     1       1.1665347889E-005
#    -14     2       1.3174577146E-004
#    -14     3       1.5236027891E-004
#    -14     4       2.9504156951E-005
#    -14     5       8.1738422867E-005
#    -14     6       9.5758893017E-005
#    -14     7       6.1263066669E-005
#    -14     8       1.3073804728E-004
#    -14     9       6.9088840325E-005
#    -14    10       1.1582992280E-004
#    -14    11       2.4221680091E-004
#    -14    12       9.0161881789E-005
#    -14    13       1.2803063581E-004
#    -14    14       2.4585626140E-004
#    -14    15       6.8884689916E-005
#    -14    16       1.2961910644E-004
#    -14    17       1.1769380490E-004
#    -14    18       4.6015196498E-005
#    -14    19       7.4295762182E-005
#    -14    20       1.9973662923E-005
#    -14    21       4.8326412108E-005
#    -14    22       2.4383955494E-005
#    -14    23       1.0889075257E-005
#    -14    24       9.2260471480E-006
#    -14    25       5.9949752789E-006
#    -14    26       2.1094387399E-005
#    -14    27       6.9652359444E-007
#    -14    28       2.4713255442E-006
#    -13   -15       1.0811491175E-005
#    -13   -14       8.7813397470E-005
#    -13   -13       1.4946946302E-004
#    -13   -12       3.3542393790E-005
#    -13   -11       3.2668080395E-005
#    -13   -10       2.3107654341E-004
#    -13    -9       2.1965835441E-004
#    -13    -8       5.7491267818E-005
#    -13    -7       1.5171335113E-004
#    -13    -6       1.6657431558E-004
#    -13    -5       2.5320720156E-005
#    -13    -4       2.9632884563E-006
#    -13    -3       1.9573768206E-005
#    -13    -2       2.6009633357E-005
#    -13    -1       4.6705679090E-006
#    -13     0       7.9576013643E-005
#    -13     1       3.3124729402E-005
#    -13     2       2.7918521691E-005
#    -13     3       5.3171660657E-005
#    -13     4       9.3617032379E-008
#    -13     5       4.4691713604E-005
#    -13     6       1.6278180184E-005
#    -13     7       4.3065564037E-005
#    -13     8       3.5757993744E-005
#    -13     9       3.0954927220E-005
#    -13    10       1.6187231737E-004
#    -13    11       4.4387480711E-005
#    -13    12       6.2252032349E-005
#    -13    13       1.7143205062E-004
#    -13    14       1.6583536596E-005
#    -13    15       7.4823311831E-005
#    -13    16       7.9942465239E-005
#    -13    17       1.7138499930E-005
#    -13    18       4.1620607518E-005
#    -13    19       9.2067142801E-006
#    -13    20       1.8818439886E-005
#    -13    21       4.3087539559E-006
#    -13    22       1.0748668266E-005
#    -13    23       2.0642403231E-005
#    -13    24       8.0605686013E-006
#    -13    25       2.1677400536E-005
#    -13    26       1.8969802395E-005
#    -13    27       7.8684827320E-006
#    -13    28       1.8993054645E-008
#    -12   -15       3.1640625663E-005
#    -12   -14       1.1819825883E-004
#    -12   -13       3.6126625224E-006
#    -12   -12       6.1285383690E-005
#    -12   -11       2.3790355372E-004
#    -12   -10       1.6184082942E-004
#    -12    -9       5.2489931174E-006
#    -12    -8       1.0311094827E-004
#    -12    -7       3.2226620137E-004
#    -12    -6       1.4383177684E-004
#    -12    -5       8.5538033138E-005
#    -12    -4       6.8691422238E-005
#    -12    -3       1.6380922061E-005
#    -12    -2       2.6079697985E-005
#    -12    -1       1.2968208421E-004
#    -12     0       8.3500594604E-005
#    -12     1       1.7751627228E-005
#    -12     2       1.4651926877E-004
#    -12     3       6.4956521832E-005
#    -12     4       3.4700121112E-005
#    -12     5       6.8823895686E-005
#    -12     6       1.1319453847E-005
#    -12     7       2.6770492193E-005
#    -12     8       1.9435820703E-005
#    -12     9       3.7990381451E-005
#    -12    10       5.3383516845E-006
#    -12    11       8.3772371394E-005
#    -12    12       1.1226422067E-004
#    -12    13       5.5274255828E-007
#    -12    14       1.0730692830E-004
#    -12    15       6.5240382563E-005
#    -12    16       4.6340457306E-005
#    -12    17       7.9782803504E-005
#    -12    18       3.9084464264E-005
#    -12    19       5.8453991562E-005
#    -12    20       2.8825902275E-005
#    -12    21       3.1411775735E-005
#    -12    22       5.6485796831E-005
#    -12    23       1.7688495186E-005
#    -12    24       3.8882718200E-005
#    -12    25       1.7781088228E-005
#    -12    26       2.0551559305E-005
#    -12    27       7.6289130272E-006
#    -11   -16       3.5126471654E-005
#    -11   -15       1.7210605171E-005
#    -11   -14       6.5013983692E-007
#    -11   -13       6.7953839295E-005
#    -11   -12       1.7046673184E-004
#    -11   -11       6.5776892946E-005
#    -11   -10       2.5985649239E-005
#    -11    -9       6.5788374786E-005
#    -11    -8       2.0578609351E-004
#    -11    -7       1.6650675510E-004
#    -11    -6       6.5795982129E-005
#    -11    -5       1.8086945521E-004
#    -11    -4       8.2680806549E-005
#    -11    -3       5.0477711770E-005
#    -11    -2       9.9469718360E-005
#    -11    -1       6.9257172142E-005
#    -11     0       1.5642443332E-005
#    -11     1       1.3493143556E-004
#    -11     2       9.1927184324E-005
#    -11     3       1.5543076980E-005
#    -11     4       1.0092657058E-004
#    -11     5       6.1027642082E-005
#    -11     6       3.1413992924E-005
#    -11     7       1.0644911525E-004
#    -11     8       6.3791986421E-005
#    -11     9       1.9151156675E-005
#    -11    10       2.1601489129E-004
#    -11    11       1.8956701029E-004
#    -11    12       3.9873038276E-005
#    -11    13       2.5141015156E-004
#    -11    14       1.6177711584E-004
#    -11    15       1.1985954583E-004
#    -11    16       2.1109968905E-004
#    -11    17       1.2538989362E-004
#    -11    18       1.5621031877E-004
#    -11    19       9.9768321191E-005
#    -11    20       6.7890727204E-005
#    -11    21       8.9155469943E-005
#    -11    22       2.5775808734E-005
#    -11    23       6.1118131011E-005
#    -11    24       1.5346753061E-005
#    -11    25       1.3203869213E-005
#    -11    26       2.2204145953E-005
#    -11    27       1.0983253223E-005
#    -10   -17       6.6575668251E-005
#    -10   -16       1.7107020525E-006
#    -10   -15       3.6304252007E-004
#    -10   -14       6.3733426892E-005
#    -10   -13       9.9659540219E-005
#    -10   -12       3.0998093563E-005
#    -10   -11       8.1231536061E-005
#    -10   -10       5.7960796562E-003
#    -10    -9       5.5084511533E-005
#    -10    -8       8.5588622465E-005
#    -10    -7       1.2729897839E-005
#    -10    -6       7.4916102026E-005
#    -10    -5       1.6168868253E-002
#    -10    -4       6.6233801209E-005
#    -10    -3       1.0018228658E-004
#    -10    -2       5.0763666828E-005
#    -10    -1       2.1004604240E-005
#    -10     0       1.4336550131E-002
#    -10     1       5.2038230999E-005
#    -10     2       2.7907898278E-006
#    -10     3       4.6366921864E-005
#    -10     4       6.6963801361E-005
#    -10     5       4.5869667078E-003
#    -10     6       6.8763830154E-005
#    -10     7       1.0816178936E-004
#    -10     8       2.7277984135E-005
#    -10     9       2.3538232826E-004
#    -10    10       4.4120448153E-002
#    -10    11       5.4890795752E-005
#    -10    12       3.1151751052E-004
#    -10    13       2.7595360082E-004
#    -10    14       1.3296371616E-004
#    -10    15       1.2710654469E-002
#    -10    16       1.8515966006E-004
#    -10    17       1.9733860198E-004
#    -10    18       1.2929407166E-004
#    -10    19       6.8853554243E-005
#    -10    20       5.5689823798E-003
#    -10    21       2.1897544012E-005
#    -10    22       4.9345771268E-005
#    -10    23       2.5915798986E-005
#    -10    24       9.4862934889E-006
#    -10    25       7.0349442016E-004
#    -10    26       3.8568099404E-006
#    -10    27       7.1168851436E-006
#     -9   -18       2.8454586770E-005
#     -9   -17       2.1777544802E-006
#     -9   -16       3.8964984431E-005
#     -9   -15       6.8045440553E-005
#     -9   -14       3.0475619198E-005
#     -9   -13       5.2552330765E-005
#     -9   -12       6.9860552957E-005
#     -9   -11       2.4456235580E-004
#     -9   -10       9.9356356013E-005
#     -9    -9       4.2692937199E-005
#     -9    -8       1.4459459039E-004
#     -9    -7       5.4417641794E-006
#     -9    -6       7.6888892216E-005
#     -9    -5       6.2087771553E-005
#     -9    -4       8.0640400465E-005
#     -9    -3       5.5883650704E-005
#     -9    -2       5.7734991265E-005
#     -9    -1       1.0286586596E-004
#     -9     0       8.8263305100E-006
#     -9     1       1.0499323646E-004
#     -9     2       4.9007313736E-005
#     -9     3       3.2199393783E-005
#     -9     4       8.9799867793E-005
#     -9     5       3.4681799842E-006
#     -9     6       9.2779086284E-005
#     -9     7       4.1665248365E-005
#     -9     8       1.2593500085E-004
#     -9     9       2.6310752605E-004
#     -9    10       4.8929207368E-005
#     -9    11       2.1367687550E-004
#     -9    12       2.5054207529E-004
#     -9    13       7.4105810806E-005
#     -9    14       1.6203799163E-004
#     -9    15       1.2311426109E-004
#     -9    16       1.2950712677E-004
#     -9    17       1.0952789941E-004
#     -9    18       4.8859830394E-005
#     -9    19       6.4497857969E-005
#     -9    20       8.2905931796E-006
#     -9    21       3.0587858147E-005
#     -9    22       2.7887897369E-005
#     -9    23       2.6903347345E-006
#     -9    24       1.6391646090E-005
#     -9    25       3.6262580224E-006
#     -9    26       9.4337441577E-006
#     -9    27       3.6676333100E-006
#     -8   -19       1.2407780337E-005
#     -8   -18       1.0379417183E-005
#     -8   -17       8.0666673223E-006
#     -8   -16       8.1686290667E-005
#     -8   -15       6.5087249225E-006
#     -8   -14       8.6203753321E-005
#     -8   -13       1.6416159865E-004
#     -8   -12       8.4615396091E-005
#     -8   -11       9.9209433200E-005
#     -8   -10       2.7733416056E-005
#     -8    -9       1.7564724177E-004
#     -8    -8       9.3898689914E-005
#     -8    -7       1.2212923553E-005
#     -8    -6       5.2075542977E-005
#     -8    -5       4.3672652100E-005
#     -8    -4       5.1707843345E-005
#     -8    -3       4.5416682317E-005
#     -8    -2       1.7291275477E-004
#     -8    -1       2.1063303795E-005
#     -8     0       1.2430948480E-004
#     -8     1       1.8717028642E-004
#     -8     2       8.7906900537E-007
#     -8     3       1.6197613714E-004
#     -8     4       8.7399986370E-005
#     -8     5       1.7792088740E-005
#     -8     6       5.3348045380E-005
#     -8     7       1.2548784783E-005
#     -8     8       1.2568074883E-004
#     -8     9       2.4407335136E-005
#     -8    10       7.0244870711E-005
#     -8    11       1.3779263588E-004
#     -8    12       1.2795689365E-005
#     -8    13       6.1219618754E-005
#     -8    14       3.4793589859E-005
#     -8    15       4.1407192780E-005
#     -8    16       3.6932004533E-005
#     -8    17       1.3923227687E-005
#     -8    18       3.4455799099E-005
#     -8    19       9.0181895370E-007
#     -8    20       3.1582990794E-005
#     -8    21       1.5219917573E-005
#     -8    22       9.2029538018E-006
#     -8    23       2.7901790203E-005
#     -8    24       8.7150303526E-006
#     -8    25       1.4270730431E-006
#     -8    26       1.2486669337E-005
#     -8    27       1.0368682610E-006
#     -7   -20       5.1825462445E-007
#     -7   -19       2.0044369125E-005
#     -7   -18       2.0839364510E-005
#     -7   -17       1.5395984833E-005
#     -7   -16       5.8653253326E-005
#     -7   -15       7.1743498284E-005
#     -7   -14       1.1688148377E-004
#     -7   -13       4.0663284693E-005
#     -7   -12       1.5045461179E-004
#     -7   -11       8.0560590362E-005
#     -7   -10       3.8125260434E-005
#     -7    -9       1.3470348358E-004
#     -7    -8       2.2577223400E-005
#     -7    -7       8.0029050722E-006
#     -7    -6       3.6706073678E-006
#     -7    -5       1.7576994545E-005
#     -7    -4       6.3761208730E-006
#     -7    -3       1.5185381555E-004
#     -7    -2       1.4234588874E-004
#     -7    -1       1.5280475823E-005
#     -7     0       2.1418611392E-004
#     -7     1       9.0604459218E-005
#     -7     2       5.4105284767E-005
#     -7     3       1.2185732676E-004
#     -7     4       1.0544892923E-005
#     -7     5       1.5489582418E-005
#     -7     6       2.7715703974E-006
#     -7     7       1.9028440304E-005
#     -7     8       4.4531177375E-006
#     -7     9       4.4391096090E-005
#     -7    10       4.8954005062E-005
#     -7    11       1.3642737993E-006
#     -7    12       4.7302755088E-005
#     -7    13       1.2383594976E-005
#     -7    14       3.1201019303E-005
#     -7    15       1.8738082165E-005
#     -7    16       3.0895072997E-005
#     -7    17       4.7560909439E-005
#     -7    18       5.6644908464E-006
#     -7    19       4.1795619942E-005
#     -7    20       3.4524341273E-005
#     -7    21       1.1800304655E-005
#     -7    22       5.9456389966E-005
#     -7    23       1.0946623767E-005
#     -7    24       2.9799499484E-005
#     -7    25       1.5595079237E-005
#     -7    26       6.0094469621E-006
#     -7    27       1.2330931074E-005
#     -6   -20       2.4535117433E-005
#     -6   -19       3.1119382239E-005
#     -6   -18       1.7705590577E-006
#     -6   -17       1.0758271466E-004
#     -6   -16       7.7360208401E-005
#     -6   -15       5.4335045283E-005
#     -6   -14       8.2409335786E-005
#     -6   -13       6.6156243783E-005
#     -6   -12       1.3565922400E-004
#     -6   -11       1.1592619590E-005
#     -6   -10       1.3011287510E-004
#     -6    -9       1.4916276286E-004
#     -6    -8       2.8296384502E-005
#     -6    -7       5.2648818402E-005
#     -6    -6       6.2698048139E-006
#     -6    -5       1.3923538369E-005
#     -6    -4       3.8794365909E-005
#     -6    -3       1.9541885654E-004
#     -6    -2       6.1200716166E-005
#     -6    -1       7.9963540070E-005
#     -6     0       3.0740818597E-004
#     -6     1       1.2127527093E-004
#     -6     2       1.6917654865E-005
#     -6     3       1.0831654558E-004
#     -6     4       5.2327727322E-005
#     -6     5       1.9172094215E-005
#     -6     6       5.6276635716E-005
#     -6     7       2.1884146293E-005
#     -6     8       1.0353792436E-004
#     -6     9       7.3356289036E-005
#     -6    10       1.5413464897E-005
#     -6    11       9.8708699367E-005
#     -6    12       2.5634825433E-005
#     -6    13       4.6332479934E-005
#     -6    14       4.0648667730E-005
#     -6    15       3.8873860602E-005
#     -6    16       8.6806756021E-005
#     -6    17       2.5466777083E-005
#     -6    18       4.7955855170E-005
#     -6    19       4.1832735835E-005
#     -6    20       5.8713501814E-006
#     -6    21       7.0343203269E-005
#     -6    22       8.2105635238E-006
#     -6    23       1.5510187395E-005
#     -6    24       3.1445670611E-005
#     -6    25       1.6201088058E-005
#     -6    26       1.2064223050E-005
#     -5   -21       1.4368988076E-005
#     -5   -20       1.8667031467E-004
#     -5   -19       6.7022945521E-008
#     -5   -18       1.1470048579E-004
#     -5   -17       9.2748456354E-005
#     -5   -16       4.8966059812E-006
#     -5   -15       6.4827569277E-003
#     -5   -14       7.3316191514E-005
#     -5   -13       5.4719035972E-005
#     -5   -12       6.1994796811E-005
#     -5   -11       4.0511603920E-005
#     -5   -10       1.3387136513E-002
#     -5    -9       7.4355657607E-005
#     -5    -8       1.5918755819E-004
#     -5    -7       1.0388305665E-004
#     -5    -6       6.5546020072E-005
#     -5    -5       3.5442842351E-003
#     -5    -4       4.8094478316E-005
#     -5    -3       1.2362452774E-004
#     -5    -2       5.4905635722E-006
#     -5    -1       2.8416403368E-004
#     -5     0       2.8775339606E-002
#     -5     1       3.3037309231E-005
#     -5     2       1.9085521875E-004
#     -5     3       2.8987030489E-004
#     -5     4       1.0559770797E-004
#     -5     5       1.5143663384E-003
#     -5     6       1.2019345702E-004
#     -5     7       1.7850381006E-004
#     -5     8       1.5457738416E-004
#     -5     9       3.0664637240E-005
#     -5    10       3.6109624342E-003
#     -5    11       5.5954093419E-005
#     -5    12       2.3925605603E-005
#     -5    13       5.5580592153E-005
#     -5    14       6.7408812853E-006
#     -5    15       1.4288301676E-002
#     -5    16       2.3382403617E-005
#     -5    17       2.4395452958E-005
#     -5    18       3.8018244775E-005
#     -5    19       2.9911578253E-006
#     -5    20       1.0981747655E-002
#     -5    21       2.4925635500E-005
#     -5    22       1.5035326657E-005
#     -5    23       1.8016044448E-005
#     -5    24       7.9620115218E-006
#     -5    25       7.1605203047E-004
#     -5    26       8.8111360218E-006
#     -4   -22       6.3627307893E-006
#     -4   -21       2.3050485520E-005
#     -4   -20       4.1843925091E-006
#     -4   -19       6.7497517646E-005
#     -4   -18       7.2969616513E-005
#     -4   -17       3.2705528772E-006
#     -4   -16       1.6034372072E-004
#     -4   -15       1.4768152440E-004
#     -4   -14       8.2347644699E-006
#     -4   -13       1.6595761227E-004
#     -4   -12       3.9777038285E-005
#     -4   -11       3.6797612472E-005
#     -4   -10       1.5238193946E-005
#     -4    -9       1.0618060773E-004
#     -4    -8       1.6921436041E-004
#     -4    -7       8.8963526387E-005
#     -4    -6       2.3402540698E-004
#     -4    -5       4.1547478117E-005
#     -4    -4       8.9484303963E-005
#     -4    -3       1.1457433769E-004
#     -4    -2       3.8293945104E-005
#     -4    -1       3.4120115727E-004
#     -4     0       1.5393208648E-004
#     -4     1       8.3288280846E-005
#     -4     2       3.5753280012E-004
#     -4     3       2.0569677773E-004
#     -4     4       1.4642098470E-004
#     -4     5       1.7866884789E-004
#     -4     6       2.0042389677E-004
#     -4     7       2.0060917704E-004
#     -4     8       4.7265614738E-005
#     -4     9       1.3169129405E-004
#     -4    10       1.1585141645E-004
#     -4    11       1.2039453143E-006
#     -4    12       5.7638396752E-005
#     -4    13       1.2414926337E-005
#     -4    14       1.6336506749E-005
#     -4    15       1.2346096960E-005
#     -4    16       2.7666635638E-006
#     -4    17       7.7311766354E-006
#     -4    18       1.4150152766E-005
#     -4    19       5.7078218774E-005
#     -4    20       1.2587808959E-005
#     -4    21       2.0402035254E-005
#     -4    22       3.1148554938E-005
#     -4    23       1.0799074762E-005
#     -4    24       3.0899885343E-005
#     -4    25       1.8241185573E-005
#     -4    26       9.7485404975E-006
#     -3   -22       2.5180231745E-006
#     -3   -21       5.0942968082E-006
#     -3   -20       3.3088948026E-005
#     -3   -19       1.0066453129E-005
#     -3   -18       3.4641154063E-005
#     -3   -17       8.7436066276E-005
#     -3   -16       1.2212144847E-004
#     -3   -15       5.8041060000E-006
#     -3   -14       2.1244935983E-004
#     -3   -13       1.8182259232E-004
#     -3   -12       1.5089162911E-005
#     -3   -11       8.9201059404E-005
#     -3   -10       2.4535186130E-005
#     -3    -9       5.3024054899E-005
#     -3    -8       1.0741339959E-005
#     -3    -7       1.8073176507E-004
#     -3    -6       1.7484537503E-004
#     -3    -5       5.3518566528E-005
#     -3    -4       2.7486667466E-004
#     -3    -3       7.1916827177E-005
#     -3    -2       6.3944361066E-005
#     -3    -1       1.7382106896E-004
#     -3     0       5.8232447184E-006
#     -3     1       9.6141838752E-005
#     -3     2       1.1428045375E-004
#     -3     3       2.8897944227E-005
#     -3     4       5.3157793165E-005
#     -3     5       8.4519792321E-005
#     -3     6       9.8677329090E-005
#     -3     7       1.7962246870E-005
#     -3     8       7.1466573366E-005
#     -3     9       1.1263783903E-004
#     -3    10       7.7926786080E-006
#     -3    11       4.2759899231E-005
#     -3    12       5.7554211191E-005
#     -3    13       1.0927919543E-005
#     -3    14       6.7440967028E-006
#     -3    15       2.5586676768E-005
#     -3    16       6.3194149631E-006
#     -3    17       1.9888709422E-005
#     -3    18       8.5856122435E-005
#     -3    19       9.6243656095E-006
#     -3    20       4.7920716806E-005
#     -3    21       4.5445274698E-005
#     -3    22       1.2883806091E-005
#     -3    23       3.9225253924E-005
#     -3    24       6.3717385675E-005
#     -3    25       1.4273056098E-005
#     -2   -23       3.8587739574E-006
#     -2   -22       6.8986275314E-006
#     -2   -21       3.0396506869E-005
#     -2   -20       7.1008394024E-007
#     -2   -19       6.8097007642E-005
#     -2   -18       7.4626414446E-005
#     -2   -17       3.3506565476E-006
#     -2   -16       8.4932216810E-006
#     -2   -15       8.7142030883E-005
#     -2   -14       1.7615378255E-004
#     -2   -13       4.4840484900E-005
#     -2   -12       2.0954479093E-004
#     -2   -11       2.4099360201E-004
#     -2   -10       8.1865839253E-006
#     -2    -9       5.4863893996E-005
#     -2    -8       7.5645112704E-005
#     -2    -7       1.0900412606E-004
#     -2    -6       2.0161395000E-005
#     -2    -5       1.9187059089E-004
#     -2    -4       2.0826549809E-004
#     -2    -3       2.7469680584E-005
#     -2    -2       1.3184960388E-004
#     -2    -1       1.2385612804E-004
#     -2     0       9.6519371863E-006
#     -2     1       1.9605903615E-005
#     -2     2       3.4504777921E-005
#     -2     3       2.4277438742E-005
#     -2     4       1.9131427541E-005
#     -2     5       9.0575909895E-006
#     -2     6       1.1821554855E-005
#     -2     7       7.9738904091E-005
#     -2     8       5.4451386334E-005
#     -2     9       1.4031140121E-005
#     -2    10       6.7187386404E-005
#     -2    11       6.4438703122E-005
#     -2    12       2.8373186302E-005
#     -2    13       9.3623229720E-006
#     -2    14       5.8944634866E-005
#     -2    15       2.9648329375E-005
#     -2    16       1.4162155196E-005
#     -2    17       7.6591911138E-005
#     -2    18       2.4564311796E-005
#     -2    19       5.4465283881E-005
#     -2    20       6.7650465228E-005
#     -2    21       1.3131944608E-005
#     -2    22       4.6880821926E-005
#     -2    23       3.4537511675E-005
#     -2    24       1.0187298623E-005
#     -2    25       2.2244692376E-005
#     -1   -23       8.8911634097E-006
#     -1   -22       1.2541979862E-005
#     -1   -21       4.2744262554E-007
#     -1   -20       4.7465909602E-005
#     -1   -19       9.6524555579E-005
#     -1   -18       1.9280655244E-005
#     -1   -17       9.1780722539E-005
#     -1   -16       4.8224262953E-005
#     -1   -15       2.7050409388E-005
#     -1   -14       9.9820841977E-006
#     -1   -13       1.1631366739E-004
#     -1   -12       3.3466393156E-004
#     -1   -11       8.3563639236E-005
#     -1   -10       1.4197649147E-004
#     -1    -9       2.6646182793E-004
#     -1    -8       6.2605600046E-005
#     -1    -7       3.3615569730E-007
#     -1    -6       3.4814060407E-005
#     -1    -5       8.8373563912E-005
#     -1    -4       4.7842572172E-005
#     -1    -3       6.2340539504E-005
#     -1    -2       1.4542351101E-004
#     -1    -1       1.0347264267E-004
#     -1     0       8.7455775896E-005
#     -1     1       1.6194057804E-004
#     -1     2       1.7856876126E-004
#     -1     3       1.6149090367E-004
#     -1     4       1.2247506235E-004
#     -1     5       1.2624687427E-004
#     -1     6       2.3061671525E-004
#     -1     7       1.1555552073E-004
#     -1     8       1.1988678877E-005
#     -1     9       1.7600717936E-004
#     -1    10       1.2831747104E-004
#     -1    11       1.3012884050E-005
#     -1    12       3.3015088687E-005
#     -1    13       7.2091418381E-005
#     -1    14       4.1395851057E-005
#     -1    15       5.1601441027E-006
#     -1    16       7.3125576520E-005
#     -1    17       3.0671275369E-005
#     -1    18       7.7093487873E-005
#     -1    19       1.0587219585E-004
#     -1    20       1.5865819119E-005
#     -1    21       4.2930043636E-005
#     -1    22       3.9164830800E-005
#     -1    23       1.1113339584E-005
#     -1    24       2.2383298763E-005
#      0   -24       7.7522917141E-006
#      0   -23       2.7714886764E-006
#      0   -22       6.4129728097E-006
#      0   -21       2.0252313099E-005
#      0   -20       2.1774344919E-003
#      0   -19       1.7158426973E-005
#      0   -18       1.0353846153E-004
#      0   -17       1.2363192107E-004
#      0   -16       1.2094921733E-005
#      0   -15       2.5471744277E-002
#      0   -14       1.6350948600E-005
#      0   -13       1.1083427262E-004
#      0   -12       7.8333469197E-005
#      0   -11       3.9714034577E-005
#      0   -10       4.3597999730E-002
#      0    -9       1.8090679390E-004
#      0    -8       1.3325510702E-005
#      0    -7       6.5377062977E-005
#      0    -6       1.6116237450E-005
#      0    -5       2.3923497387E-003
#      0    -4       2.2687044015E-005
#      0    -3       6.0182601199E-005
#      0    -2       7.7179877975E-005
#      0    -1       9.8829880021E-005
#      0     0       2.9230919992E-002
#      0     1       1.9643008885E-004
#      0     2       2.0372016463E-004
#      0     3       2.2187129108E-004
#      0     4       1.9540579137E-004
#      0     5       3.0531316458E-002
#      0     6       2.3545518149E-004
#      0     7       2.8316236004E-005
#      0     8       2.1347174315E-004
#      0     9       2.4413905069E-004
#      0    10       1.5459528655E-002
#      0    11       5.0595587603E-005
#      0    12       1.2998329530E-004
#      0    13       4.9696230682E-005
#      0    14       7.1331575120E-006
#      0    15       4.2010707276E-002
#      0    16       2.6226216199E-005
#      0    17       6.6518010180E-005
#      0    18       1.2763871837E-004
#      0    19       1.6715755573E-005
#      0    20       7.7285270763E-003
#      0    21       4.2608476328E-005
#      0    22       2.2472581356E-005
#      0    23       3.7338322145E-005
#      0    24       1.7671906161E-005
#      1   -24       9.2041094356E-007
#      1   -23       9.3648642427E-006
#      1   -22       1.0306046960E-005
#      1   -21       1.1688690974E-006
#      1   -20       7.4567615841E-007
#      1   -19       2.6811313118E-005
#      1   -18       6.1481842881E-005
#      1   -17       2.0051097191E-005
#      1   -16       1.2440097782E-004
#      1   -15       1.0881032412E-004
#      1   -14       1.6758493356E-006
#      1   -13       1.0168793090E-004
#      1   -12       3.3856827963E-005
#      1   -11       9.8600037921E-005
#      1   -10       1.8996776540E-004
#      1    -9       1.9264084156E-005
#      1    -8       7.3413544329E-005
#      1    -7       9.8659465688E-005
#      1    -6       1.9010575156E-005
#      1    -5       2.2276861391E-005
#      1    -4       7.1596248654E-005
#      1    -3       5.1234230165E-005
#      1    -2       2.7312058929E-005
#      1    -1       1.0624634715E-004
#      1     0       1.0631052245E-004
#      1     1       5.8210590498E-005
#      1     2       1.0096398770E-004
#      1     3       9.5991207202E-005
#      1     4       1.0663604310E-004
#      1     5       1.6197251634E-004
#      1     6       3.0938339576E-005
#      1     7       7.9737079761E-005
#      1     8       2.3730141733E-004
#      1     9       6.7144248926E-005
#      1    10       3.4397720144E-005
#      1    11       1.7716632956E-004
#      1    12       8.2406944112E-005
#      1    13       1.0268000771E-005
#      1    14       1.1310105115E-004
#      1    15       4.5766899734E-005
#      1    16       5.5957824451E-005
#      1    17       1.1646561764E-004
#      1    18       1.6164709904E-005
#      1    19       2.7189109328E-005
#      1    20       4.6048396746E-005
#      1    21       2.0699551830E-005
#      1    22       4.4831271227E-005
#      1    23       1.8882333055E-005
#      2   -25       5.0133417189E-007
#      2   -24       5.6610207837E-006
#      2   -23       1.5518905651E-005
#      2   -22       1.5171525052E-006
#      2   -21       1.6188925545E-005
#      2   -20       1.1926210384E-005
#      2   -19       2.1872971482E-006
#      2   -18       1.8817670265E-006
#      2   -17       4.6911836211E-005
#      2   -16       9.7286298218E-005
#      2   -15       1.7945427316E-005
#      2   -14       9.0218310211E-005
#      2   -13       1.7417288965E-004
#      2   -12       1.9871653542E-005
#      2   -11       6.3781423614E-005
#      2   -10       5.2736794662E-005
#      2    -9       7.7908001200E-006
#      2    -8       8.2205254801E-005
#      2    -7       5.1669518737E-005
#      2    -6       4.1278833273E-006
#      2    -5       7.8026999916E-005
#      2    -4       9.0551410351E-005
#      2    -3       9.8897274494E-006
#      2    -2       3.4875012556E-005
#      2    -1       8.3551148581E-005
#      2     0       3.3098606406E-005
#      2     1       1.1454104516E-006
#      2     2       2.3040743321E-005
#      2     3       9.2896141860E-006
#      2     4       1.5715299784E-005
#      2     5       3.3914243494E-005
#      2     6       8.6751059179E-006
#      2     7       7.1111174698E-005
#      2     8       8.6206735257E-005
#      2     9       4.0011110212E-005
#      2    10       1.1269208542E-004
#      2    11       9.6258306294E-005
#      2    12       1.6610872320E-005
#      2    13       1.0379172607E-004
#      2    14       5.0235307925E-005
#      2    15       2.6220075301E-005
#      2    16       1.0645779972E-004
#      2    17       1.5660042833E-005
#      2    18       3.4515954970E-005
#      2    19       4.5010636893E-005
#      2    20       1.8682133245E-005
#      2    21       3.5522410503E-005
#      2    22       1.8601411257E-005
#      2    23       3.1494168744E-006
#      3   -25       6.7002921307E-007
#      3   -24       7.9405754716E-006
#      3   -23       2.2234930764E-006
#      3   -22       1.0456425658E-005
#      3   -21       1.4185356517E-005
#      3   -20       1.3238286026E-005
#      3   -19       4.7844123601E-005
#      3   -18       1.7867695945E-005
#      3   -17       2.2439656228E-005
#      3   -16       3.0489261469E-005
#      3   -15       1.2320794833E-005
#      3   -14       1.3787987211E-004
#      3   -13       9.2848947799E-005
#      3   -12       1.9590614466E-006
#      3   -11       4.9949399232E-005
#      3   -10       2.9469158452E-005
#      3    -9       2.4156135412E-005
#      3    -8       5.4165496923E-005
#      3    -7       2.3548315772E-005
#      3    -6       2.3750149438E-005
#      3    -5       5.0773488987E-005
#      3    -4       3.1522878808E-005
#      3    -3       1.7688048407E-005
#      3    -2       2.9288196298E-005
#      3    -1       5.6384600964E-005
#      3     0       4.4485673203E-005
#      3     1       1.3890219282E-007
#      3     2       3.3361213724E-005
#      3     3       2.6620138524E-005
#      3     4       1.3971106837E-005
#      3     5       5.8051919018E-005
#      3     6       1.5545669388E-005
#      3     7       4.1219180330E-005
#      3     8       9.5819233135E-005
#      3     9       9.1093499736E-005
#      3    10       5.8613823449E-005
#      3    11       4.8540594918E-005
#      3    12       9.2715727980E-005
#      3    13       2.9839917826E-005
#      3    14       3.0914641265E-005
#      3    15       1.1048277424E-004
#      3    16       2.8309601803E-005
#      3    17       4.2844594617E-005
#      3    18       6.6198040344E-005
#      3    19       2.0553052899E-005
#      3    20       4.4441680751E-005
#      3    21       2.7385394331E-005
#      3    22       1.2996019497E-005
#      4   -26       4.7433862572E-006
#      4   -25       5.8540336602E-007
#      4   -24       3.5559373766E-006
#      4   -23       6.3141699185E-007
#      4   -22       6.2933938619E-006
#      4   -21       9.2265568221E-006
#      4   -20       4.7969562853E-005
#      4   -19       3.6132763893E-005
#      4   -18       6.2991835198E-006
#      4   -17       5.5913731620E-005
#      4   -16       1.2122101778E-005
#      4   -15       3.3863364069E-005
#      4   -14       1.1262025224E-004
#      4   -13       4.4243858071E-005
#      4   -12       1.5786374730E-006
#      4   -11       3.5937471638E-005
#      4   -10       2.3385653343E-005
#      4    -9       3.1155711657E-005
#      4    -8       7.3468557121E-005
#      4    -7       4.2616514303E-005
#      4    -6       4.5808274756E-006
#      4    -5       6.4972049841E-005
#      4    -4       1.2325295194E-004
#      4    -3       4.4842986497E-005
#      4    -2       1.3520976488E-005
#      4    -1       1.2612791892E-004
#      4     0       8.1071483484E-005
#      4     1       1.2003748493E-006
#      4     2       6.0216906563E-005
#      4     3       2.1474848060E-005
#      4     4       1.5177377777E-005
#      4     5       4.6861835955E-005
#      4     6       5.4986974722E-006
#      4     7       6.1003855794E-005
#      4     8       1.2990913139E-004
#      4     9       4.9492733663E-005
#      4    10       4.5595702485E-005
#      4    11       1.1483333106E-004
#      4    12       2.6458953594E-005
#      4    13       6.0883009621E-005
#      4    14       1.6622194918E-004
#      4    15       4.4024835607E-005
#      4    16       2.6464846567E-005
#      4    17       6.4240208741E-005
#      4    18       2.1256695409E-005
#      4    19       4.4776559378E-005
#      4    20       5.2582367226E-005
#      4    21       2.1763546497E-005
#      4    22       1.4640763455E-005
#      5   -26       2.2236217544E-006
#      5   -25       2.5215460436E-004
#      5   -24       3.3054159084E-006
#      5   -23       5.1037636916E-006
#      5   -22       1.1527923365E-006
#      5   -21       1.5930855866E-005
#      5   -20       7.4190141584E-003
#      5   -19       3.7494459446E-006
#      5   -18       4.1203454027E-005
#      5   -17       3.4778629610E-005
#      5   -16       8.2407937982E-006
#      5   -15       1.4195831367E-002
#      5   -14       9.9961594195E-005
#      5   -13       3.1461194829E-005
#      5   -12       1.6629018979E-005
#      5   -11       5.4111950884E-005
#      5   -10       4.2794091766E-003
#      5    -9       4.8256605438E-005
#      5    -8       6.1468518256E-005
#      5    -7       2.8702346895E-006
#      5    -6       7.0838477987E-005
#      5    -5       2.9266798893E-002
#      5    -4       1.4062085007E-004
#      5    -3       3.0959731335E-006
#      5    -2       1.3496251263E-004
#      5    -1       2.4287911558E-004
#      5     0       1.7281489012E-003
#      5     1       3.3551950090E-005
#      5     2       1.3098248026E-004
#      5     3       4.1490983343E-005
#      5     4       3.5819163986E-005
#      5     5       3.4800665015E-003
#      5     6       1.3319092466E-006
#      5     7       9.0473932403E-005
#      5     8       1.0765189630E-004
#      5     9       1.7127911330E-005
#      5    10       1.5799621121E-002
#      5    11       5.2944132224E-005
#      5    12       4.6450247372E-005
#      5    13       1.4471228382E-004
#      5    14       3.9474368503E-005
#      5    15       1.2943959171E-002
#      5    16       2.2323617938E-005
#      5    17       4.9622038280E-006
#      5    18       4.9659003863E-005
#      5    19       4.5629770237E-005
#      5    20       1.0620877710E-003
#      5    21       5.2748536339E-006
#      6   -26       1.5368583449E-006
#      6   -25       4.4055894979E-006
#      6   -24       4.5744500509E-006
#      6   -23       2.6603220882E-006
#      6   -22       8.4127301226E-007
#      6   -21       7.9451246657E-006
#      6   -20       1.9691422245E-006
#      6   -19       5.3566410728E-006
#      6   -18       8.2400226722E-006
#      6   -17       1.1556145818E-006
#      6   -16       2.6528017459E-005
#      6   -15       5.2668951012E-005
#      6   -14       5.8069408436E-005
#      6   -13       3.6395811147E-005
#      6   -12       6.3472271637E-005
#      6   -11       9.0672990706E-005
#      6   -10       3.6171163442E-005
#      6    -9       1.2094548672E-005
#      6    -8       2.5425652079E-006
#      6    -7       3.2517156904E-005
#      6    -6       1.3483612935E-004
#      6    -5       1.2548263001E-004
#      6    -4       1.2092974016E-005
#      6    -3       6.2989964188E-005
#      6    -2       2.3220489084E-004
#      6    -1       1.4683303836E-004
#      6     0       1.0109615552E-006
#      6     1       1.5613180950E-004
#      6     2       1.7986693230E-004
#      6     3       3.1384717798E-005
#      6     4       1.2531801575E-004
#      6     5       1.0119794200E-004
#      6     6       2.7773682194E-005
#      6     7       1.6186223528E-004
#      6     8       6.4349936053E-005
#      6     9       2.2829839790E-005
#      6    10       9.0032322804E-005
#      6    11       4.2454812436E-005
#      6    12       7.7796475460E-005
#      6    13       2.8912342455E-005
#      6    14       6.3398451559E-006
#      6    15       1.2448264333E-005
#      6    16       2.9375219507E-007
#      6    17       2.1750824190E-005
#      6    18       2.2853108711E-005
#      6    19       1.2257886340E-005
#      6    20       4.0816076798E-006
#      7   -27       6.8675637084E-007
#      7   -26       1.3422476296E-007
#      7   -25       3.9669760865E-007
#      7   -24       2.0661227254E-006
#      7   -23       3.5308952167E-007
#      7   -22       6.4582012694E-006
#      7   -21       8.6343636804E-006
#      7   -20       6.3268628384E-007
#      7   -19       1.1115084950E-005
#      7   -18       1.3488973818E-005
#      7   -17       4.4332799826E-007
#      7   -16       7.5861395337E-007
#      7   -15       8.2303576917E-006
#      7   -14       2.3449169414E-005
#      7   -13       3.1368054828E-005
#      7   -12       7.8390219109E-005
#      7   -11       7.2508885700E-005
#      7   -10       1.0615014620E-005
#      7    -9       1.1874329235E-005
#      7    -8       4.8330401246E-005
#      7    -7       7.1027387414E-005
#      7    -6       3.7437665966E-005
#      7    -5       9.4577458519E-006
#      7    -4       7.6608641256E-005
#      7    -3       1.1386342849E-004
#      7    -2       6.6365449803E-005
#      7    -1       2.9974671571E-005
#      7     0       6.7304688315E-005
#      7     1       1.2611261510E-004
#      7     2       2.9271616282E-005
#      7     3       3.7485367551E-005
#      7     4       1.2778433024E-004
#      7     5       2.3627522373E-005
#      7     6       8.4138160367E-005
#      7     7       1.1315739337E-004
#      7     8       1.0449118398E-007
#      7     9       9.5979492530E-005
#      7    10       9.6534209263E-005
#      7    11       2.8936321478E-005
#      7    12       2.0421499771E-005
#      7    13       3.2010873332E-005
#      7    14       2.7714817923E-005
#      7    15       1.7814580550E-006
#      7    16       2.3704565946E-005
#      7    17       1.7147796283E-005
#      7    18       8.6014645728E-006
#      7    19       3.7626274569E-006
#      7    20       9.3078692739E-007
#      8   -27       1.0677085354E-006
#      8   -26       2.8388690439E-007
#      8   -25       1.1754077602E-007
#      8   -24       1.8039098579E-006
#      8   -23       1.8937322422E-006
#      8   -22       1.0236836443E-005
#      8   -21       3.4225573866E-006
#      8   -20       2.2773653524E-005
#      8   -19       5.5478736147E-005
#      8   -18       1.8471047238E-005
#      8   -17       3.5024872475E-005
#      8   -16       3.8789681445E-005
#      8   -15       1.1324049404E-005
#      8   -14       3.2841834075E-006
#      8   -13       3.1451123042E-005
#      8   -12       6.8992287310E-005
#      8   -11       4.2272552739E-005
#      8   -10       1.9198295606E-005
#      8    -9       6.9747303465E-005
#      8    -8       1.0636576093E-004
#      8    -7       4.3133629468E-005
#      8    -6       9.9470299074E-006
#      8    -5       1.5264824332E-004
#      8    -4       1.7349395357E-004
#      8    -3       1.0593832480E-005
#      8    -2       9.4565356775E-005
#      8    -1       2.0769024431E-004
#      8     0       5.8858635167E-005
#      8     1       1.4458219671E-005
#      8     2       8.0024112543E-005
#      8     3       6.2798865265E-005
#      8     4       6.2568058250E-006
#      8     5       2.8547702934E-005
#      8     6       6.6466111743E-005
#      8     7       1.9713432216E-006
#      8     8       6.8614253506E-005
#      8     9       9.7012219169E-005
#      8    10       2.1570559442E-005
#      8    11       1.1523819985E-005
#      8    12       4.5858212844E-005
#      8    13       4.6726106067E-005
#      8    14       3.0232896518E-008
#      8    15       5.3033696685E-005
#      8    16       2.8356906192E-005
#      8    17       2.0515444018E-005
#      8    18       2.2797621896E-006
#      8    19       5.9629526776E-006
#      9   -27       2.1938423468E-006
#      9   -26       2.2014483184E-006
#      9   -25       1.0426012209E-005
#      9   -24       3.4441484043E-006
#      9   -23       5.5748163538E-006
#      9   -22       1.0502353796E-005
#      9   -21       5.4515247685E-006
#      9   -20       4.4785004164E-005
#      9   -19       1.4411702262E-005
#      9   -18       5.8655096897E-005
#      9   -17       1.2684509325E-004
#      9   -16       4.8697018058E-005
#      9   -15       9.3186780642E-006
#      9   -14       3.9824026769E-005
#      9   -13       6.7176820297E-005
#      9   -12       4.8875053724E-005
#      9   -11       7.8403079608E-006
#      9   -10       4.9994366522E-005
#      9    -9       1.1978401642E-004
#      9    -8       7.7812160101E-005
#      9    -7       2.7698386104E-006
#      9    -6       9.1776622367E-005
#      9    -5       2.1044196316E-004
#      9    -4       6.4676283294E-005
#      9    -3       5.6950491900E-005
#      9    -2       3.3817517435E-004
#      9    -1       2.1662700720E-004
#      9     0       2.3892121372E-005
#      9     1       2.6594274492E-004
#      9     2       2.3771684475E-004
#      9     3       1.4009986006E-005
#      9     4       1.1308586998E-004
#      9     5       1.2373208327E-004
#      9     6       1.1509055811E-005
#      9     7       5.9322485372E-005
#      9     8       5.7719151441E-005
#      9     9       7.6675749882E-006
#      9    10       1.2246589638E-005
#      9    11       2.1731345751E-005
#      9    12       1.8958964805E-005
#      9    13       1.8426753845E-006
#      9    14       3.9983876342E-005
#      9    15       4.1193624568E-005
#      9    16       7.2754633652E-006
#      9    17       8.5066087521E-006
#      9    18       9.0690917954E-006
#     10   -27       5.3121086510E-008
#     10   -26       6.3583326784E-006
#     10   -25       3.4440252992E-004
#     10   -24       7.1795699057E-007
#     10   -23       2.4599035898E-005
#     10   -22       9.7578171427E-006
#     10   -21       1.5801257306E-005
#     10   -20       6.4724199773E-003
#     10   -19       2.2666659997E-005
#     10   -18       1.1700984994E-004
#     10   -17       6.7412803376E-005
#     10   -16       7.8552026813E-006
#     10   -15       1.5135014877E-002
#     10   -14       7.9023423236E-005
#     10   -13       4.4481276985E-005
#     10   -12       6.1024975014E-006
#     10   -11       2.4537649002E-005
#     10   -10       1.5252343156E-002
#     10    -9       7.0359756307E-005
#     10    -8       7.1917798474E-006
#     10    -7       2.5444838262E-005
#     10    -6       8.6958731109E-005
#     10    -5       3.3306576793E-003
#     10    -4       6.0863077373E-007
#     10    -3       1.6637152327E-004
#     10    -2       2.5142686941E-004
#     10    -1       2.4873065577E-005
#     10     0       4.5168874913E-002
#     10     1       3.4475911383E-004
#     10     2       6.3806404337E-005
#     10     3       9.6181540066E-005
#     10     4       2.2662699191E-004
#     10     5       1.7307560198E-002
#     10     6       6.5237010369E-005
#     10     7       7.0697720127E-005
#     10     8       1.2449900923E-005
#     10     9       3.0689152521E-005
#     10    10       7.2597906408E-003
#     10    11       2.7584722198E-006
#     10    12       1.1240486183E-005
#     10    13       2.6562341077E-005
#     10    14       4.4719022901E-005
#     10    15       1.0252267860E-003
#     10    16       1.7477497746E-005
#     10    17       1.5148306889E-005
#     11   -27       3.2626332004E-006
#     11   -26       3.3118920142E-006
#     11   -25       4.7449157584E-007
#     11   -24       1.7685857390E-005
#     11   -23       2.3990191505E-005
#     11   -22       2.8046528804E-006
#     11   -21       1.3160910364E-005
#     11   -20       2.7079560354E-005
#     11   -19       4.5474410288E-005
#     11   -18       4.1851418951E-005
#     11   -17       7.8167878911E-007
#     11   -16       8.0502125137E-005
#     11   -15       1.1268386890E-004
#     11   -14       3.2403465876E-005
#     11   -13       1.9056300918E-005
#     11   -12       4.1045091444E-005
#     11   -11       7.9423267361E-005
#     11   -10       7.2702216117E-005
#     11    -9       2.1156778883E-005
#     11    -8       6.2392926779E-005
#     11    -7       2.8335985123E-005
#     11    -6       3.9040241035E-005
#     11    -5       6.0340937505E-005
#     11    -4       1.4712329160E-006
#     11    -3       1.0155668071E-004
#     11    -2       6.6005438490E-005
#     11    -1       2.3781959097E-005
#     11     0       1.9072499981E-004
#     11     1       8.1577335237E-005
#     11     2       3.1541836229E-005
#     11     3       1.5488506571E-004
#     11     4       7.3167066305E-005
#     11     5       1.3619155469E-005
#     11     6       4.7226133973E-005
#     11     7       2.5564247776E-005
#     11     8       2.2583418334E-005
#     11     9       2.4150306856E-005
#     11    10       3.4522628470E-006
#     11    11       6.2920326869E-006
#     11    12       2.5062833349E-005
#     11    13       1.8916643913E-005
#     11    14       3.4764609575E-006
#     11    15       6.5959052547E-006
#     11    16       7.9982248060E-007
#     12   -27       4.6004302919E-007
#     12   -26       2.6774969685E-006
#     12   -25       7.1684440096E-006
#     12   -24       1.3089628215E-005
#     12   -23       9.2275511405E-006
#     12   -22       1.2431079539E-005
#     12   -21       5.1245821411E-005
#     12   -20       3.7896196427E-005
#     12   -19       1.1952898065E-005
#     12   -18       1.8936230896E-005
#     12   -17       6.4487997565E-005
#     12   -16       1.0631737667E-004
#     12   -15       4.3766999313E-005
#     12   -14       2.8891702729E-005
#     12   -13       1.0845629581E-004
#     12   -12       8.5874634604E-005
#     12   -11       6.5431299351E-005
#     12   -10       4.8742618520E-005
#     12    -9       8.0970123903E-005
#     12    -8       7.6860563837E-005
#     12    -7       3.2745965175E-006
#     12    -6       7.5425871868E-005
#     12    -5       5.5750424170E-005
#     12    -4       3.9434540352E-006
#     12    -3       7.5675803585E-005
#     12    -2       4.4595196988E-005
#     12    -1       2.4680569781E-005
#     12     0       6.9586322014E-005
#     12     1       7.0707089133E-005
#     12     2       6.0362932749E-005
#     12     3       3.4784796909E-005
#     12     4       5.0001576401E-006
#     12     5       1.4840564103E-005
#     12     6       1.4339123552E-005
#     12     7       6.4869359553E-006
#     12     8       9.3530478545E-006
#     12     9       4.3900509037E-006
#     12    10       1.5041707300E-005
#     12    11       2.4528816539E-005
#     12    12       8.8531108898E-007
#     12    13       8.6246796980E-006
#     12    14       9.2293136615E-006
#     12    15       9.6150978982E-007
#     13   -28       1.4220018960E-006
#     13   -27       5.3963210893E-006
#     13   -26       1.3612527756E-005
#     13   -25       2.8590101309E-006
#     13   -24       6.1914464484E-006
#     13   -23       8.1183349488E-006
#     13   -22       3.8896499078E-005
#     13   -21       4.6641045471E-005
#     13   -20       8.7991857392E-006
#     13   -19       2.5305040238E-005
#     13   -18       8.7204929335E-005
#     13   -17       7.4276559152E-005
#     13   -16       5.1703492817E-005
#     13   -15       2.6772240288E-005
#     13   -14       1.0155925507E-004
#     13   -13       1.3119618570E-004
#     13   -12       5.8617426075E-005
#     13   -11       7.4209563636E-005
#     13   -10       8.4431611078E-005
#     13    -9       7.5552700153E-005
#     13    -8       4.8125243578E-005
#     13    -7       1.3419193857E-005
#     13    -6       5.4212619155E-005
#     13    -5       2.3929847497E-005
#     13    -4       1.5481332679E-005
#     13    -3       7.4539599555E-005
#     13    -2       2.8070055822E-005
#     13    -1       2.3674853220E-005
#     13     0       1.2437594420E-004
#     13     1       1.0442640813E-004
#     13     2       3.4333507436E-006
#     13     3       3.6000031997E-005
#     13     4       5.8275794574E-005
#     13     5       2.3254009808E-005
#     13     6       9.8087546575E-007
#     13     7       1.8723496116E-005
#     13     8       2.6995976196E-005
#     13     9       2.3159517339E-005
#     13    10       4.4036256410E-005
#     13    11       9.5464807298E-006
#     13    12       2.8152470889E-005
#     13    13       3.8205318436E-006
#     13    14       2.0428282663E-006
#     13    15       5.6728218878E-006
#     14   -28       2.1128357945E-006
#     14   -27       1.0578444552E-005
#     14   -26       3.0813590354E-006
#     14   -25       5.4497533209E-006
#     14   -24       9.3981851273E-006
#     14   -23       1.8480890510E-005
#     14   -22       4.0516627486E-005
#     14   -21       1.5217097964E-005
#     14   -20       1.8697201983E-005
#     14   -19       6.6150015212E-005
#     14   -18       6.9293183609E-005
#     14   -17       4.9321527311E-005
#     14   -16       4.6476298736E-005
#     14   -15       5.5893313412E-005
#     14   -14       1.2532513094E-004
#     14   -13       1.0429061813E-004
#     14   -12       8.1782563585E-005
#     14   -11       8.3166110372E-005
#     14   -10       5.3255898425E-005
#     14    -9       1.0549929257E-004
#     14    -8       8.7996589512E-005
#     14    -7       4.4979570229E-006
#     14    -6       3.9666765985E-005
#     14    -5       1.9512425759E-005
#     14    -4       1.7174137244E-005
#     14    -3       3.8970245203E-005
#     14    -2       2.1028378518E-007
#     14    -1       8.2202686874E-005
#     14     0       1.4020730705E-004
#     14     1       2.7143933320E-005
#     14     2       2.0169438452E-005
#     14     3       1.0162494305E-004
#     14     4       7.4857556819E-005
#     14     5       5.6277152529E-006
#     14     6       2.3591331366E-005
#     14     7       2.9846260592E-005
#     14     8       2.6019843852E-005
#     14     9       4.0124737237E-005
#     14    10       2.2429544765E-005
#     14    11       4.1617330808E-005
#     14    12       3.6619440258E-005
#     14    13       5.8794805464E-006
#     14    14       1.5768060684E-005
#     15   -28       2.4058593730E-006
#     15   -27       2.9049127293E-006
#     15   -26       1.7455345267E-006
#     15   -25       7.6225412884E-004
#     15   -24       7.6834823002E-006
#     15   -23       2.0252556411E-005
#     15   -22       2.1931998006E-005
#     15   -21       1.3716101503E-005
#     15   -20       1.1336392548E-002
#     15   -19       4.7785346335E-005
#     15   -18       4.4922671989E-005
#     15   -17       5.4556106537E-005
#     15   -16       3.8985987383E-005
#     15   -15       4.2305915067E-002
#     15   -14       1.6818571679E-004
#     15   -13       1.0976170274E-004
#     15   -12       6.9995853376E-005
#     15   -11       6.8888818540E-005
#     15   -10       1.3719425080E-002
#     15    -9       1.8512035361E-004
#     15    -8       7.0900563900E-005
#     15    -7       7.5085592741E-006
#     15    -6       8.0671839804E-005
#     15    -5       1.5721931118E-002
#     15    -4       3.4838042425E-005
#     15    -3       2.2829379487E-005
#     15    -2       1.0668703422E-005
#     15    -1       8.9781794694E-005
#     15     0       2.5469040310E-002
#     15     1       8.6212018989E-006
#     15     2       3.9408521324E-005
#     15     3       8.9104320727E-005
#     15     4       4.8895318401E-005
#     15     5       8.6154029988E-003
#     15     6       2.1041517324E-005
#     15     7       1.7109228010E-005
#     15     8       4.4797663445E-005
#     15     9       1.6737977300E-005
#     15    10       2.6308863928E-004
#     15    11       4.0917887938E-005
#     15    12       2.1997146476E-005
#     15    13       5.4736627044E-007
#     16   -27       2.7048169451E-006
#     16   -26       6.3471499020E-006
#     16   -25       4.6552566594E-006
#     16   -24       4.8191794804E-006
#     16   -23       1.6819162817E-005
#     16   -22       8.7434889052E-006
#     16   -21       2.8837459536E-005
#     16   -20       3.7788384931E-005
#     16   -19       3.1097953044E-005
#     16   -18       4.2994677741E-005
#     16   -17       3.4813500920E-005
#     16   -16       4.5874093865E-005
#     16   -15       1.1563041642E-004
#     16   -14       1.1721885009E-004
#     16   -13       6.1080386677E-005
#     16   -12       6.7417958452E-005
#     16   -11       1.0311246344E-004
#     16   -10       1.6503681316E-004
#     16    -9       1.2163860121E-004
#     16    -8       4.2578836046E-006
#     16    -7       6.1964233200E-005
#     16    -6       1.1876592515E-004
#     16    -5       5.3733669832E-005
#     16    -4       3.8664307680E-005
#     16    -3       2.0000867492E-005
#     16    -2       5.4540134886E-005
#     16    -1       1.1690473318E-004
#     16     0       5.2436778669E-005
#     16     1       1.8741440128E-005
#     16     2       6.0615276387E-005
#     16     3       9.0144635944E-005
#     16     4       3.1697969744E-005
#     16     5       1.8366512455E-006
#     16     6       3.2524932661E-005
#     16     7       3.4463847457E-005
#     16     8       2.1697293348E-005
#     16     9       2.0519261688E-006
#     16    10       2.4515120992E-005
#     16    11       5.5528696940E-006
#     17   -27       2.0493890540E-006
#     17   -26       4.2331462555E-006
#     17   -25       4.8225743954E-006
#     17   -24       3.9107432634E-006
#     17   -23       1.7917273182E-005
#     17   -22       1.4277121518E-005
#     17   -21       1.9963354487E-005
#     17   -20       2.3915995181E-005
#     17   -19       1.3283620522E-005
#     17   -18       2.7041827328E-005
#     17   -17       3.2285367319E-005
#     17   -16       5.7411526202E-005
#     17   -15       7.9613229897E-005
#     17   -14       4.1634739999E-005
#     17   -13       5.0976645051E-005
#     17   -12       1.2293585438E-004
#     17   -11       1.1629422840E-004
#     17   -10       8.8416376132E-005
#     17    -9       4.9583653031E-005
#     17    -8       3.7198776193E-005
#     17    -7       8.0155622900E-005
#     17    -6       6.6954900540E-005
#     17    -5       1.2103574155E-005
#     17    -4       1.6178449263E-005
#     17    -3       2.7640085632E-005
#     17    -2       8.8870849270E-005
#     17    -1       8.4319249488E-005
#     17     0       7.8476481554E-006
#     17     1       6.3768385038E-005
#     17     2       8.9928929242E-005
#     17     3       4.8750551151E-005
#     17     4       5.0359490668E-006
#     17     5       2.0588066871E-005
#     17     6       5.6113042744E-005
#     17     7       4.9485427418E-005
#     17     8       2.7675262767E-005
#     17     9       2.7983710273E-005
#     17    10       6.0573614054E-006
#     18   -27       1.9413420483E-006
#     18   -26       6.8471921820E-006
#     18   -25       1.6962238859E-006
#     18   -24       8.2814443718E-006
#     18   -23       1.1082325516E-005
#     18   -22       5.7039986903E-006
#     18   -21       1.8665281453E-005
#     18   -20       1.0741937470E-005
#     18   -19       4.5688599233E-006
#     18   -18       3.1804597259E-005
#     18   -17       3.6281256073E-005
#     18   -16       2.7026223755E-005
#     18   -15       3.2872613432E-005
#     18   -14       2.9377847758E-005
#     18   -13       1.0927683169E-004
#     18   -12       1.2870708126E-004
#     18   -11       3.6861059889E-005
#     18   -10       7.2907101666E-005
#     18    -9       1.0326886624E-004
#     18    -8       4.4985813541E-005
#     18    -7       3.6753199423E-005
#     18    -6       1.9039347610E-005
#     18    -5       1.1082705190E-006
#     18    -4       5.3124011859E-006
#     18    -3       4.0610849431E-005
#     18    -2       5.5756576954E-005
#     18    -1       1.5707385589E-005
#     18     0       8.2371674290E-005
#     18     1       6.1033565377E-005
#     18     2       3.7524973475E-005
#     18     3       1.4696484221E-005
#     18     4       1.8118503270E-006
#     18     5       4.2077911763E-005
#     18     6       6.7669239365E-005
#     18     7       2.9508269729E-005
#     18     8       5.7872820229E-005
#     18     9       3.3068035628E-005
#     19   -27       1.2600600201E-006
#     19   -26       1.8581058223E-006
#     19   -25       1.6766957115E-007
#     19   -24       5.0921094737E-006
#     19   -23       9.0368944720E-006
#     19   -22       1.0569835070E-006
#     19   -21       5.3187046450E-006
#     19   -20       4.6082919135E-007
#     19   -19       1.7741752879E-005
#     19   -18       4.6532467489E-005
#     19   -17       2.0812886591E-005
#     19   -16       4.7576685451E-006
#     19   -15       2.5042543435E-005
#     19   -14       5.2114964382E-005
#     19   -13       1.1799087982E-004
#     19   -12       6.1057286018E-005
#     19   -11       3.5552160071E-005
#     19   -10       1.6615180367E-004
#     19    -9       1.3297942380E-004
#     19    -8       1.0305233317E-006
#     19    -7       5.3204275658E-005
#     19    -6       3.9561887708E-005
#     19    -5       7.7924218537E-006
#     19    -4       1.1752041133E-005
#     19    -3       1.5125884880E-005
#     19    -2       1.0715115048E-005
#     19    -1       6.3965679170E-005
#     19     0       6.5746985333E-005
#     19     1       5.7207486094E-006
#     19     2       3.6717851365E-005
#     19     3       2.6667941805E-005
#     19     4       2.6549501917E-006
#     19     5       4.6237032182E-005
#     19     6       2.5140124118E-005
#     19     7       2.3609340759E-006
#     19     8       1.7209275525E-005
#     20   -27       1.4627407747E-007
#     20   -26       2.4194759559E-006
#     20   -25       8.4878696551E-004
#     20   -24       5.9563185380E-006
#     20   -23       2.0215573961E-006
#     20   -22       3.8558526023E-006
#     20   -21       3.0162847532E-006
#     20   -20       8.0595996126E-003
#     20   -19       1.2843831818E-005
#     20   -18       4.3516189023E-005
#     20   -17       1.3238599364E-005
#     20   -16       1.6846612065E-005
#     20   -15       1.1504086396E-002
#     20   -14       6.0528639320E-005
#     20   -13       5.7699286400E-005
#     20   -12       2.5235796354E-005
#     20   -11       7.3653702731E-005
#     20   -10       5.1287705659E-003
#     20    -9       5.4391193402E-005
#     20    -8       1.6846459174E-005
#     20    -7       7.9222128582E-005
#     20    -6       3.9649611319E-005
#     20    -5       7.6601350075E-003
#     20    -4       9.4455283477E-006
#     20    -3       6.7910326805E-006
#     20    -2       5.1577780771E-005
#     20    -1       8.5748219529E-005
#     20     0       2.2608514286E-003
#     20     1       2.3291370314E-005
#     20     2       6.7198795460E-005
#     20     3       7.7411997987E-006
#     20     4       1.2512997503E-005
#     20     5       3.4734132997E-004
#     20     6       5.5384911537E-007
#     20     7       2.0085940973E-005
#     21   -26       1.4770826106E-006
#     21   -25       1.0831808466E-006
#     21   -24       2.2547665404E-006
#     21   -23       1.7566861656E-006
#     21   -22       4.8519919777E-006
#     21   -21       1.1665762780E-006
#     21   -20       1.3739968877E-006
#     21   -19       1.0869605297E-005
#     21   -18       2.4866226212E-005
#     21   -17       9.4801948652E-007
#     21   -16       5.7123247287E-005
#     21   -15       7.6005183180E-005
#     21   -14       3.1763062877E-005
#     21   -13       5.8625848787E-005
#     21   -12       4.4566405621E-005
#     21   -11       9.1486866680E-005
#     21   -10       8.1399111476E-005
#     21    -9       1.1113247679E-005
#     21    -8       8.9529872076E-005
#     21    -7       6.2481135857E-005
#     21    -6       1.4482809464E-005
#     21    -5       5.1546974887E-006
#     21    -4       1.3089630379E-005
#     21    -3       2.9272193185E-005
#     21    -2       4.4234617630E-005
#     21    -1       2.7704437246E-005
#     21     0       6.0611265108E-007
#     21     1       3.6287941992E-005
#     21     2       3.6600765538E-005
#     21     3       1.6398382129E-006
#     21     4       3.1725576235E-005
#     21     5       8.8670518632E-006
#     22   -26       1.7668384100E-006
#     22   -25       5.3650144411E-008
#     22   -24       1.2505418317E-006
#     22   -23       5.3335744255E-006
#     22   -22       2.3874673615E-006
#     22   -21       1.5619455724E-006
#     22   -20       3.5092187598E-006
#     22   -19       1.8510547160E-006
#     22   -18       3.3082313899E-006
#     22   -17       1.7273235605E-005
#     22   -16       5.2776458137E-005
#     22   -15       2.7216525524E-005
#     22   -14       3.7766745212E-005
#     22   -13       8.0872339095E-005
#     22   -12       4.8059334480E-005
#     22   -11       5.5149290656E-005
#     22   -10       3.6398911538E-005
#     22    -9       3.2208457557E-005
#     22    -8       6.1048153509E-005
#     22    -7       2.2733975638E-005
#     22    -6       5.9051019298E-006
#     22    -5       4.2183634153E-005
#     22    -4       1.2111260782E-005
#     22    -3       7.8734730881E-006
#     22    -2       1.7726770718E-005
#     22    -1       9.2602334860E-006
#     22     0       1.9312169459E-005
#     22     1       2.8453967389E-005
#     22     2       2.3873502552E-006
#     22     3       1.8307792382E-005
#     22     4       1.5118243350E-005
#     23   -25       1.5068408866E-006
#     23   -24       4.6664013585E-006
#     23   -23       4.6502573924E-006
#     23   -22       3.7088691155E-006
#     23   -21       1.2054668230E-005
#     23   -20       4.6735328066E-006
#     23   -19       4.9352516427E-006
#     23   -18       4.4293517653E-006
#     23   -17       3.1564557120E-005
#     23   -16       3.8728178798E-005
#     23   -15       3.3282267164E-006
#     23   -14       5.1881681371E-005
#     23   -13       6.5532561997E-005
#     23   -12       3.4330853049E-005
#     23   -11       4.9994635529E-005
#     23   -10       2.5213279654E-005
#     23    -9       5.5678598259E-005
#     23    -8       3.8042121836E-005
#     23    -7       5.0596883476E-006
#     23    -6       4.7267458388E-005
#     23    -5       2.5154085121E-005
#     23    -4       3.9872053573E-006
#     23    -3       6.2776366882E-006
#     23    -2       1.0507010891E-005
#     23    -1       1.4333490651E-006
#     23     0       6.9577438476E-006
#     23     1       3.2132837484E-006
#     23     2       2.9933243428E-006
#     24   -24       4.5624441153E-006
#     24   -23       6.6295410250E-007
#     24   -22       9.4235433748E-006
#     24   -21       7.8580643065E-007
#     24   -20       2.2140020075E-006
#     24   -19       1.5499115815E-005
#     24   -18       1.7624980793E-005
#     24   -17       2.5355955018E-005
#     24   -16       3.6245073275E-005
#     24   -15       2.0160237286E-005
#     24   -14       5.7263051114E-005
#     24   -13       2.6155042772E-005
#     24   -12       2.7017994001E-005
#     24   -11       3.3498395493E-005
#     24   -10       4.2261014935E-005
#     24    -9       3.8432253730E-005
#     24    -8       2.8764452198E-005
#     24    -7       1.4805573793E-005
#     24    -6       4.9380086198E-005
#     24    -5       1.3730289140E-005
#     24    -4       2.0318235609E-006
#     24    -3       2.8413934528E-005
#     24    -2       8.6712752751E-006
#     24    -1       4.6238277473E-006
#     24     0       4.0788443539E-006
#     25   -23       4.9348619238E-006
#     25   -22       3.4665428196E-006
#     25   -21       8.6295762285E-007
#     25   -20       9.6656030245E-004
#     25   -19       4.3928193383E-006
#     25   -18       1.1241704573E-005
#     25   -17       2.8234444229E-005
#     25   -16       4.9030628853E-006
#     25   -15       9.3280931683E-004
#     25   -14       2.6571160628E-005
#     25   -13       1.5029517209E-005
#     25   -12       2.9644563903E-005
#     25   -11       3.3630162005E-005
#     25   -10       2.6576511894E-004
#     25    -9       9.9031457432E-006
#     25    -8       4.1007855913E-006
#     25    -7       3.0805687657E-005
#     25    -6       1.6907444057E-005
#     25    -5       3.1773169824E-004
#     25    -4       8.3677307920E-006
#     25    -3       2.3959821847E-005
#     25    -2       5.1169645463E-006
#     26   -22       4.7907537657E-006
#     26   -21       8.4528174639E-007
#     26   -20       1.1075874013E-005
#     26   -19       6.9580885083E-006
