 Diffraction intensities for potential:pot10001.in                             
#    -27     7       4.5313083045E-005
#    -27     8       4.9511345550E-004
#    -27     9       3.4699389230E-004
#    -27    10       7.3211989363E-005
#    -26     3       6.0570478710E-005
#    -26     4       1.2907583936E-004
#    -26     5       1.2326347902E-004
#    -26     6       7.2447095884E-005
#    -26     7       3.8005022504E-004
#    -26     8       2.4313268306E-004
#    -26     9       5.4021949709E-005
#    -26    10       6.2463545138E-004
#    -26    11       1.2101287848E-003
#    -26    12       1.3086002027E-004
#    -26    13       1.1045553351E-004
#    -25     1       3.4545414326E-005
#    -25     2       1.1500416782E-005
#    -25     3       8.9311642762E-005
#    -25     4       2.3652932212E-005
#    -25     5       1.9379195860E-004
#    -25     6       6.2001680090E-004
#    -25     7       3.5582344805E-004
#    -25     8       4.8221768678E-005
#    -25     9       1.0092258259E-003
#    -25    10       6.8104228474E-004
#    -25    11       1.6167397309E-004
#    -25    12       3.4547495566E-004
#    -25    13       9.3607289313E-004
#    -25    14       5.8773505501E-004
#    -24    -1       3.3091824994E-005
#    -24     0       1.0659750025E-004
#    -24     1       4.0081120040E-005
#    -24     2       2.1249372759E-004
#    -24     3       6.5486157432E-005
#    -24     4       2.4036065941E-004
#    -24     5       1.8997475733E-004
#    -24     6       1.0426237759E-004
#    -24     7       1.3742725480E-005
#    -24     8       1.2917054245E-003
#    -24     9       2.0554319808E-003
#    -24    10       9.7292335730E-005
#    -24    11       1.7603182131E-003
#    -24    12       1.1491271857E-003
#    -24    13       2.8738031317E-004
#    -24    14       7.7101342802E-006
#    -24    15       3.0131173620E-004
#    -23    -3       6.1993515935E-005
#    -23    -2       1.1672048276E-005
#    -23    -1       4.2612728197E-005
#    -23     0       1.0741157038E-004
#    -23     1       1.2710627134E-004
#    -23     2       1.3821327397E-004
#    -23     3       3.5223258986E-004
#    -23     4       3.5839777962E-004
#    -23     5       4.5007650888E-005
#    -23     6       2.8419937704E-004
#    -23     7       6.7815511566E-004
#    -23     8       9.0650395066E-004
#    -23     9       3.5183557054E-004
#    -23    10       6.6956035215E-004
#    -23    11       2.5667262803E-003
#    -23    12       1.2074994639E-004
#    -23    13       5.7346242242E-004
#    -23    14       6.9450532669E-004
#    -23    15       4.6094333175E-004
#    -22    -4       1.2791114439E-004
#    -22    -3       8.5064629364E-005
#    -22    -2       2.1369010497E-004
#    -22    -1       1.2675132282E-004
#    -22     0       7.8472063432E-006
#    -22     1       1.2032269466E-004
#    -22     2       1.0478968895E-004
#    -22     3       2.0534653936E-004
#    -22     4       4.6921010684E-005
#    -22     5       5.6514840053E-004
#    -22     6       9.1446138635E-004
#    -22     7       2.4152157305E-004
#    -22     8       8.4223622946E-005
#    -22     9       8.9049802729E-004
#    -22    10       1.4926060915E-003
#    -22    11       3.9254048027E-004
#    -22    12       1.8293718970E-004
#    -22    13       1.9707070055E-003
#    -22    14       1.1032025456E-003
#    -22    15       1.4900966062E-004
#    -22    16       5.4498136760E-004
#    -21    -5       1.2341510259E-004
#    -21    -4       2.4319578272E-005
#    -21    -3       6.8552517469E-005
#    -21    -2       1.3684037521E-004
#    -21    -1       1.1780410997E-004
#    -21     0       4.0388899521E-004
#    -21     1       2.1445635160E-004
#    -21     2       4.0130607997E-004
#    -21     3       5.3738039061E-005
#    -21     4       4.6531376927E-004
#    -21     5       4.2871277671E-004
#    -21     6       3.5905675367E-004
#    -21     7       2.7046661307E-004
#    -21     8       1.0558789730E-003
#    -21     9       2.0948820365E-003
#    -21    10       1.8959258484E-004
#    -21    11       1.1243444513E-003
#    -21    12       8.8389951874E-004
#    -21    13       6.5372263886E-004
#    -21    14       1.6395681482E-004
#    -21    15       1.2741875085E-003
#    -21    16       1.5735001217E-004
#    -20    -7       4.4752443464E-005
#    -20    -6       7.1136651373E-005
#    -20    -5       1.8831035538E-004
#    -20    -4       2.4214085356E-004
#    -20    -3       3.5584933274E-004
#    -20    -2       1.0520399402E-004
#    -20    -1       2.2260734380E-004
#    -20     0       1.1911834883E-004
#    -20     1       2.6285622674E-004
#    -20     2       1.2726941729E-004
#    -20     3       7.3375042258E-005
#    -20     4       1.4832681992E-004
#    -20     5       1.2571920995E-005
#    -20     6       4.2675624896E-004
#    -20     7       1.1425866874E-004
#    -20     8       6.8605176226E-005
#    -20     9       3.2517116845E-004
#    -20    10       3.6487587476E-004
#    -20    11       1.7228744380E-003
#    -20    12       3.0291630825E-004
#    -20    13       5.8405655866E-005
#    -20    14       2.1189288313E-003
#    -20    15       1.5281406870E-003
#    -20    16       8.5712285106E-004
#    -19    -8       4.9939475109E-004
#    -19    -7       3.7910384337E-004
#    -19    -6       6.1676266942E-004
#    -19    -5       1.8545396499E-004
#    -19    -4       3.5586411578E-004
#    -19    -3       1.9590635973E-004
#    -19    -2       3.9814569498E-004
#    -19    -1       2.5191391691E-004
#    -19     0       3.0229260224E-004
#    -19     1       1.3852428812E-004
#    -19     2       7.9314769252E-005
#    -19     3       2.0183741737E-005
#    -19     4       1.2313421450E-004
#    -19     5       1.3976304363E-004
#    -19     6       3.8072672379E-006
#    -19     7       2.7667874705E-004
#    -19     8       2.2138687168E-004
#    -19     9       4.0439143513E-004
#    -19    10       7.3365645141E-004
#    -19    11       2.9259216816E-004
#    -19    12       2.3921477807E-005
#    -19    13       2.8575329868E-004
#    -19    14       3.6460084499E-004
#    -19    15       1.5150034749E-004
#    -19    16       3.3174808351E-004
#    -18    -9       3.5167567035E-004
#    -18    -8       2.4609174926E-004
#    -18    -7       3.6682626927E-004
#    -18    -6       1.0676791588E-004
#    -18    -5       4.8735819605E-005
#    -18    -4       4.9273967311E-005
#    -18    -3       5.7919279962E-005
#    -18    -2       1.2560577577E-004
#    -18    -1       1.4886747450E-004
#    -18     0       8.2804877313E-004
#    -18     1       2.4653825751E-004
#    -18     2       1.9039963276E-005
#    -18     3       2.3734532540E-004
#    -18     4       5.2068314158E-004
#    -18     5       4.5477270731E-004
#    -18     6       1.3495425618E-003
#    -18     7       2.4908947264E-004
#    -18     8       2.5717790811E-005
#    -18     9       4.4850285647E-004
#    -18    10       1.5670493880E-004
#    -18    11       4.4282627109E-005
#    -18    12       1.2456929096E-004
#    -18    13       2.5208136441E-004
#    -18    14       1.4955719084E-003
#    -18    15       1.1123424191E-003
#    -18    16       1.2542974877E-004
#    -17   -10       7.5086328681E-005
#    -17    -9       5.7014666544E-005
#    -17    -8       4.9913390122E-005
#    -17    -7       1.4034417798E-005
#    -17    -6       2.7900356958E-004
#    -17    -5       5.4970674199E-004
#    -17    -4       4.5912408754E-004
#    -17    -3       7.2092962122E-005
#    -17    -2       7.8702204708E-005
#    -17    -1       2.3901103833E-004
#    -17     0       5.6081562360E-004
#    -17     1       1.5647836646E-004
#    -17     2       7.4967710413E-005
#    -17     3       3.2046278104E-004
#    -17     4       5.0340758689E-004
#    -17     5       8.5582851807E-004
#    -17     6       2.0386603727E-004
#    -17     7       2.6344220583E-004
#    -17     8       9.8536208161E-004
#    -17     9       1.1243628187E-005
#    -17    10       1.9600585561E-004
#    -17    11       3.6131607006E-005
#    -17    12       9.1055651688E-005
#    -17    13       1.7767829538E-003
#    -17    14       3.6684044851E-003
#    -17    15       4.3097684027E-004
#    -17    16       6.6670178058E-004
#    -16   -10       6.3761407068E-004
#    -16    -9       1.0269247054E-003
#    -16    -8       1.3027726299E-003
#    -16    -7       6.9331301679E-004
#    -16    -6       9.2350895125E-004
#    -16    -5       4.3509924570E-004
#    -16    -4       1.4464857057E-004
#    -16    -3       2.1190634154E-005
#    -16    -2       1.8442921969E-005
#    -16    -1       1.4870066825E-004
#    -16     0       1.1146967676E-003
#    -16     1       3.3851383302E-004
#    -16     2       1.0456330334E-004
#    -16     3       4.6122519896E-006
#    -16     4       4.0597671128E-004
#    -16     5       4.2175061209E-004
#    -16     6       6.9927766562E-004
#    -16     7       2.9290259228E-003
#    -16     8       2.4917905027E-004
#    -16     9       1.1068051441E-003
#    -16    10       3.8715527667E-004
#    -16    11       7.1653067436E-005
#    -16    12       1.8702402420E-004
#    -16    13       1.5754162996E-003
#    -16    14       3.3048375966E-004
#    -16    15       6.9857552389E-004
#    -16    16       1.9827713154E-004
#    -15   -11       1.2222243474E-003
#    -15   -10       6.9191699941E-004
#    -15    -9       2.0726195429E-003
#    -15    -8       9.1809944465E-004
#    -15    -7       2.4504313165E-004
#    -15    -6       3.6289316697E-004
#    -15    -5       1.0580876209E-005
#    -15    -4       1.2057682078E-004
#    -15    -3       2.4626336880E-004
#    -15    -2       7.5202038221E-005
#    -15    -1       3.2471387464E-004
#    -15     0       3.8377015716E-003
#    -15     1       2.5798956048E-004
#    -15     2       7.3432972543E-004
#    -15     3       2.4129580491E-003
#    -15     4       6.9905628419E-005
#    -15     5       3.2783608962E-006
#    -15     6       3.7380660663E-003
#    -15     7       1.5785076818E-004
#    -15     8       7.0951337108E-004
#    -15     9       2.4062816512E-003
#    -15    10       2.7916958509E-004
#    -15    11       9.3059204841E-005
#    -15    12       1.0997965635E-003
#    -15    13       5.3884915188E-004
#    -15    14       4.0382482334E-003
#    -15    15       1.0730259562E-003
#    -15    16       8.4836990142E-004
#    -14   -12       1.3145275420E-004
#    -14   -11       1.6558354844E-004
#    -14   -10       9.2590899250E-005
#    -14    -9       3.4563939980E-004
#    -14    -8       9.1360939217E-005
#    -14    -7       2.7757492033E-004
#    -14    -6       4.2270713860E-004
#    -14    -5       1.4600134815E-004
#    -14    -4       5.1597223956E-004
#    -14    -3       3.1165074694E-004
#    -14    -2       1.0644699126E-004
#    -14    -1       2.6317493806E-004
#    -14     0       2.4404161759E-005
#    -14     1       9.1198239866E-004
#    -14     2       5.9684397384E-004
#    -14     3       7.9433003640E-004
#    -14     4       4.5862458052E-004
#    -14     5       6.7914228677E-004
#    -14     6       1.1166663397E-003
#    -14     7       2.0201051772E-003
#    -14     8       2.2335979778E-003
#    -14     9       3.3404163617E-004
#    -14    10       9.7105570673E-004
#    -14    11       1.5044069755E-003
#    -14    12       6.1015476652E-004
#    -14    13       2.2012779381E-003
#    -14    14       4.1950819092E-003
#    -14    15       3.5893284289E-004
#    -14    16       1.2202612053E-004
#    -13   -13       1.1293126564E-004
#    -13   -12       3.5470392281E-004
#    -13   -11       1.7856751443E-003
#    -13   -10       6.8853832550E-004
#    -13    -9       9.0045642737E-004
#    -13    -8       1.0806824288E-003
#    -13    -7       1.1906009651E-004
#    -13    -6       4.2538859454E-006
#    -13    -5       4.6750433917E-004
#    -13    -4       4.9942429978E-004
#    -13    -3       5.0056140269E-006
#    -13    -2       7.2864327281E-004
#    -13    -1       8.9324367081E-004
#    -13     0       6.8351913194E-003
#    -13     1       2.3217739964E-003
#    -13     2       1.0153491988E-003
#    -13     3       6.7006936346E-004
#    -13     4       1.7657659175E-004
#    -13     5       1.4722801874E-004
#    -13     6       3.9685471732E-004
#    -13     7       2.6342074671E-003
#    -13     8       9.4075783557E-005
#    -13     9       1.3309336650E-003
#    -13    10       1.1552393571E-003
#    -13    11       4.6987869080E-004
#    -13    12       1.8640936194E-004
#    -13    13       2.0988226051E-003
#    -13    14       9.5190029190E-004
#    -13    15       7.9468947271E-004
#    -12   -13       9.4202767574E-004
#    -12   -12       1.1477500284E-003
#    -12   -11       2.5674089612E-003
#    -12   -10       1.4826644349E-003
#    -12    -9       2.0754099377E-003
#    -12    -8       6.7971737289E-005
#    -12    -7       2.8142778224E-004
#    -12    -6       1.3488293323E-003
#    -12    -5       8.7047508569E-004
#    -12    -4       4.1292061439E-004
#    -12    -3       2.3777165233E-003
#    -12    -2       5.8890421583E-004
#    -12    -1       2.3461208533E-003
#    -12     0       8.1061749188E-003
#    -12     1       4.8155553424E-004
#    -12     2       1.9987157156E-004
#    -12     3       9.3502076659E-003
#    -12     4       3.7324913686E-004
#    -12     5       6.1996464087E-004
#    -12     6       5.4250953130E-003
#    -12     7       5.6665054668E-005
#    -12     8       1.3950786492E-003
#    -12     9       5.5216405811E-004
#    -12    10       1.2883420717E-003
#    -12    11       5.1087543060E-005
#    -12    12       1.5549997397E-003
#    -12    13       2.1231536467E-005
#    -12    14       4.1124778495E-005
#    -12    15       2.6285702065E-003
#    -11   -14       5.7891321117E-004
#    -11   -13       2.8360545294E-004
#    -11   -12       1.1323145751E-004
#    -11   -11       3.7889748269E-004
#    -11   -10       1.8099056532E-004
#    -11    -9       3.1680519890E-004
#    -11    -8       2.3108129426E-004
#    -11    -7       2.5648677291E-004
#    -11    -6       2.0810403648E-004
#    -11    -5       4.2190001036E-004
#    -11    -4       7.5586165753E-005
#    -11    -3       7.9665799745E-004
#    -11    -2       1.0051747681E-003
#    -11    -1       4.6879209503E-004
#    -11     0       3.2375685389E-003
#    -11     1       2.3852603257E-003
#    -11     2       1.7525759674E-003
#    -11     3       1.8274487438E-004
#    -11     4       1.8677075008E-004
#    -11     5       8.5904710568E-004
#    -11     6       7.3825337121E-004
#    -11     7       1.4465781296E-003
#    -11     8       6.1162281775E-004
#    -11     9       8.3006426134E-004
#    -11    10       9.9621710896E-005
#    -11    11       3.7475706072E-004
#    -11    12       7.1959660317E-004
#    -11    13       1.2642431903E-003
#    -11    14       2.4778091414E-003
#    -10   -14       7.7353739036E-006
#    -10   -13       5.8762279339E-004
#    -10   -12       1.8564527319E-004
#    -10   -11       1.1219932110E-003
#    -10   -10       3.6255864731E-004
#    -10    -9       3.9033090259E-004
#    -10    -8       2.8337015896E-005
#    -10    -7       2.7283758876E-004
#    -10    -6       7.0702169731E-004
#    -10    -5       4.3407832870E-006
#    -10    -4       4.6851283099E-004
#    -10    -3       6.7092697515E-004
#    -10    -2       2.0139504247E-004
#    -10    -1       2.4153893215E-003
#    -10     0       4.1363540755E-003
#    -10     1       5.6999580038E-003
#    -10     2       5.7727191661E-004
#    -10     3       3.6719815571E-003
#    -10     4       4.1956075110E-003
#    -10     5       3.1425435334E-004
#    -10     6       1.3737390477E-003
#    -10     7       7.3304456403E-005
#    -10     8       7.7450668353E-005
#    -10     9       7.6858904354E-004
#    -10    10       1.6753343384E-003
#    -10    11       8.9837857302E-004
#    -10    12       2.1817340296E-005
#    -10    13       7.7799706642E-005
#    -10    14       5.7972889676E-004
#     -9   -15       3.0561898005E-004
#     -9   -14       6.9206787883E-004
#     -9   -13       1.9705304497E-003
#     -9   -12       8.6465005562E-004
#     -9   -11       1.6965828482E-003
#     -9   -10       7.1211030706E-004
#     -9    -9       4.5129924055E-004
#     -9    -8       1.0077566347E-003
#     -9    -7       2.9506052794E-003
#     -9    -6       3.7455496760E-003
#     -9    -5       6.6583163068E-004
#     -9    -4       1.7219000641E-004
#     -9    -3       9.4053798448E-003
#     -9    -2       1.7587243827E-003
#     -9    -1       5.6890559900E-003
#     -9     0       1.0317782760E-002
#     -9     1       5.3372790799E-004
#     -9     2       1.5197775055E-003
#     -9     3       1.0640987598E-002
#     -9     4       3.5186024109E-003
#     -9     5       9.9650229326E-004
#     -9     6       6.2108266859E-003
#     -9     7       7.0335522472E-004
#     -9     8       9.0811910925E-004
#     -9     9       1.7105293475E-002
#     -9    10       3.2904261434E-005
#     -9    11       1.5949525616E-004
#     -9    12       1.0066108211E-003
#     -9    13       1.6175369659E-004
#     -8   -15       4.4719979920E-004
#     -8   -14       1.0852782565E-003
#     -8   -13       6.3410638676E-004
#     -8   -12       2.8286989041E-004
#     -8   -11       2.8887971843E-004
#     -8   -10       1.5569115872E-004
#     -8    -9       9.8649461312E-006
#     -8    -8       2.3882286096E-004
#     -8    -7       1.6072622851E-004
#     -8    -6       1.0977745200E-003
#     -8    -5       1.4071502878E-004
#     -8    -4       3.8128409508E-004
#     -8    -3       1.8804839566E-004
#     -8    -2       5.7185676323E-004
#     -8    -1       5.2146003222E-004
#     -8     0       3.2750883562E-003
#     -8     1       2.7335948602E-003
#     -8     2       1.0325410470E-003
#     -8     3       2.8530648164E-004
#     -8     4       2.7005412558E-004
#     -8     5       2.1800779789E-004
#     -8     6       9.3578468943E-004
#     -8     7       3.1478274613E-004
#     -8     8       2.6280735090E-005
#     -8     9       1.7582815629E-003
#     -8    10       2.0640554976E-004
#     -8    11       1.3471689469E-003
#     -8    12       3.5952133064E-004
#     -8    13       8.0010626022E-004
#     -7   -15       1.5816386983E-004
#     -7   -14       1.7244006657E-004
#     -7   -13       6.3797218026E-005
#     -7   -12       1.9621595672E-005
#     -7   -11       4.0644952288E-005
#     -7   -10       2.0691947763E-004
#     -7    -9       1.1291854115E-003
#     -7    -8       7.2941531538E-004
#     -7    -7       2.0353291897E-003
#     -7    -6       4.0149947173E-004
#     -7    -5       6.1628832317E-004
#     -7    -4       1.9220656483E-004
#     -7    -3       3.7036904577E-003
#     -7    -2       1.5120974695E-003
#     -7    -1       2.7570838764E-003
#     -7     0       3.3962586423E-004
#     -7     1       1.6214907725E-003
#     -7     2       2.0737504669E-004
#     -7     3       2.1273219619E-003
#     -7     4       2.6818512910E-003
#     -7     5       7.6294103197E-005
#     -7     6       9.6561372139E-004
#     -7     7       1.2256021407E-003
#     -7     8       8.5718764286E-004
#     -7     9       1.9068420918E-003
#     -7    10       2.0613575441E-003
#     -7    11       6.3236332192E-004
#     -7    12       2.3498447591E-004
#     -6   -16       5.5652892728E-004
#     -6   -15       1.2645508773E-003
#     -6   -14       2.1065737994E-003
#     -6   -13       2.8509387882E-004
#     -6   -12       1.1528060076E-004
#     -6   -11       4.1613156228E-005
#     -6   -10       3.9733250695E-004
#     -6    -9       2.4041302446E-003
#     -6    -8       2.1985915263E-003
#     -6    -7       2.6145773523E-003
#     -6    -6       5.4452508012E-003
#     -6    -5       8.6410379939E-004
#     -6    -4       4.2205982312E-003
#     -6    -3       1.0616009143E-002
#     -6    -2       1.0285049289E-003
#     -6    -1       1.6053008251E-003
#     -6     0       1.1774339177E-002
#     -6     1       8.4523284380E-004
#     -6     2       1.0848536491E-003
#     -6     3       3.2732404814E-003
#     -6     4       3.1214830999E-003
#     -6     5       4.1733307793E-003
#     -6     6       5.9007216565E-003
#     -6     7       3.9645988818E-003
#     -6     8       1.0617141416E-003
#     -6     9       3.3022649357E-003
#     -6    10       5.0183960365E-003
#     -6    11       1.3830415543E-003
#     -5   -16       1.5371174371E-004
#     -5   -15       1.5018364837E-003
#     -5   -14       3.5161812134E-004
#     -5   -13       2.4234645311E-004
#     -5   -12       8.5847545692E-005
#     -5   -11       6.9935764719E-005
#     -5   -10       2.9614755842E-004
#     -5    -9       3.3604764811E-004
#     -5    -8       9.7465754386E-005
#     -5    -7       5.5628614882E-005
#     -5    -6       7.5442487665E-004
#     -5    -5       3.0723586887E-004
#     -5    -4       3.5261378836E-003
#     -5    -3       2.9025388844E-004
#     -5    -2       2.0445443664E-004
#     -5    -1       8.5270481491E-004
#     -5     0       3.1637562124E-004
#     -5     1       1.7267441843E-003
#     -5     2       1.6077259172E-003
#     -5     3       6.1354108537E-003
#     -5     4       2.0527744964E-004
#     -5     5       4.0908287017E-003
#     -5     6       2.1058177526E-003
#     -5     7       4.0495958107E-005
#     -5     8       4.1314447600E-005
#     -5     9       3.5779015560E-003
#     -5    10       1.2420894611E-003
#     -5    11       2.1473028305E-003
#     -4   -16       8.7777673445E-004
#     -4   -15       1.5807167600E-004
#     -4   -14       1.5236146225E-003
#     -4   -13       1.8130833296E-003
#     -4   -12       1.9734511692E-004
#     -4   -11       9.7633852048E-005
#     -4   -10       9.9033484792E-004
#     -4    -9       1.3361766378E-003
#     -4    -8       1.3924504033E-003
#     -4    -7       1.4388005813E-003
#     -4    -6       1.3851040613E-003
#     -4    -5       9.9152940822E-004
#     -4    -4       2.7456798481E-004
#     -4    -3       2.1324885750E-003
#     -4    -2       1.0918837788E-003
#     -4    -1       1.7192650472E-003
#     -4     0       7.3737075563E-004
#     -4     1       1.4881150804E-003
#     -4     2       8.1552481049E-005
#     -4     3       1.0650085636E-003
#     -4     4       8.0093930015E-004
#     -4     5       7.7508936445E-004
#     -4     6       5.1986247802E-003
#     -4     7       9.7284989032E-004
#     -4     8       2.6394158089E-003
#     -4     9       2.5287982840E-003
#     -4    10       2.6359861223E-003
#     -3   -16       3.3353150024E-004
#     -3   -15       1.0947524671E-003
#     -3   -14       3.6622071341E-003
#     -3   -13       1.5937957260E-003
#     -3   -12       1.0884817188E-003
#     -3   -11       1.4923394603E-003
#     -3   -10       1.1432664270E-003
#     -3    -9       5.5451863915E-004
#     -3    -8       5.9426636250E-004
#     -3    -7       7.4016122898E-005
#     -3    -6       6.2037338716E-003
#     -3    -5       2.1521825714E-004
#     -3    -4       2.6830788185E-003
#     -3    -3       3.2948245001E-003
#     -3    -2       1.6044207681E-003
#     -3    -1       1.4961647442E-003
#     -3     0       7.6465294121E-003
#     -3     1       5.3916727321E-004
#     -3     2       9.1757230392E-004
#     -3     3       1.8243401686E-003
#     -3     4       3.1637978854E-004
#     -3     5       3.5221320921E-003
#     -3     6       1.8879836893E-002
#     -3     7       2.6270043466E-003
#     -3     8       2.0900513082E-003
#     -3     9       1.1735230537E-002
#     -2   -16       1.3288420837E-004
#     -2   -15       4.1717097321E-004
#     -2   -14       3.2439882842E-004
#     -2   -13       5.5881430845E-004
#     -2   -12       5.9934998448E-004
#     -2   -11       4.5476515908E-004
#     -2   -10       1.2577368417E-003
#     -2    -9       8.2924813224E-004
#     -2    -8       7.3685770079E-005
#     -2    -7       7.1238029718E-004
#     -2    -6       9.4231362682E-004
#     -2    -5       7.8250684116E-005
#     -2    -4       3.1077046870E-003
#     -2    -3       6.1450587503E-003
#     -2    -2       8.2193227786E-005
#     -2    -1       5.3722762113E-004
#     -2     0       5.9674359390E-003
#     -2     1       1.6318128677E-003
#     -2     2       2.8114756124E-004
#     -2     3       3.1449173444E-004
#     -2     4       5.4445377924E-004
#     -2     5       1.5994314492E-003
#     -2     6       4.3918473918E-003
#     -2     7       2.6464043987E-004
#     -2     8       6.8716554107E-004
#     -1   -16       6.7667144417E-004
#     -1   -15       7.0808954136E-004
#     -1   -14       4.0387761841E-003
#     -1   -13       2.2293115670E-003
#     -1   -12       1.9561528785E-004
#     -1   -11       5.3092785004E-005
#     -1   -10       9.8578076173E-005
#     -1    -9       7.8586718174E-004
#     -1    -8       9.0276995360E-004
#     -1    -7       3.1110536049E-004
#     -1    -6       9.6056707716E-004
#     -1    -5       4.1773483984E-003
#     -1    -4       2.0568470072E-004
#     -1    -3       1.0617584739E-003
#     -1    -2       9.1661423412E-004
#     -1    -1       1.6327489335E-003
#     -1     0       3.4208577671E-003
#     -1     1       1.0949444773E-003
#     -1     2       1.6557243582E-003
#     -1     3       8.7787039333E-004
#     -1     4       2.5476585849E-005
#     -1     5       3.7671690288E-004
#     -1     6       4.6129834872E-003
#     -1     7       2.3024215257E-003
#      0   -16       1.9359061163E-004
#      0   -15       1.0620312860E-003
#      0   -14       4.1649739731E-003
#      0   -13       2.0737993652E-003
#      0   -12       1.5523704603E-003
#      0   -11       3.7742316698E-004
#      0   -10       1.6829144807E-003
#      0    -9       1.7097549083E-002
#      0    -8       2.6646987509E-005
#      0    -7       1.2220841967E-003
#      0    -6       5.9015528363E-003
#      0    -5       4.0816530546E-003
#      0    -4       7.9941496596E-004
#      0    -3       1.8213107656E-003
#      0    -2       2.8306324668E-004
#      0    -1       1.0996832723E-003
#      0     0       1.6567107534E-002
#      0     1       5.1685937209E-004
#      0     2       1.8148377911E-003
#      0     3       4.4084131826E-003
#      0     4       4.6765184105E-003
#      0     5       3.2438624395E-004
#      0     6       7.4842667364E-003
#      1   -16       8.3061345665E-004
#      1   -15       3.4938607068E-004
#      1   -14       9.2871153376E-004
#      1   -13       1.9935924948E-005
#      1   -12       7.3184154549E-004
#      1   -11       8.8483914174E-004
#      1   -10       3.0797034278E-005
#      1    -9       1.7402540820E-003
#      1    -8       8.5034926009E-004
#      1    -7       3.9559898657E-003
#      1    -6       2.1049761085E-003
#      1    -5       7.7073448072E-004
#      1    -4       3.1753612157E-004
#      1    -3       3.1498362049E-004
#      1    -2       1.6505587160E-003
#      1    -1       5.1740897088E-004
#      1     0       7.1844220321E-003
#      1     1       4.6173403134E-004
#      1     2       9.5405166857E-004
#      1     3       1.3448244391E-003
#      1     4       3.6658127984E-003
#      1     5       1.3390606279E-003
#      2   -16       1.1685474302E-004
#      2   -15       7.8458896971E-004
#      2   -14       4.2200579416E-005
#      2   -13       1.2730771465E-003
#      2   -12       2.0937708175E-005
#      2   -11       1.5420176128E-004
#      2   -10       2.0916140556E-004
#      2    -9       1.9004186999E-003
#      2    -8       1.0706817868E-003
#      2    -7       3.8226622705E-005
#      2    -6       5.2026012549E-003
#      2    -5       3.5210132251E-003
#      2    -4       5.4094316532E-004
#      2    -3       8.7923849662E-004
#      2    -2       1.8140264180E-003
#      2    -1       4.6005776464E-004
#      2     0       1.2233449198E-003
#      2     1       4.7601702427E-003
#      2     2       3.4342613224E-004
#      2     3       1.1460688843E-003
#      3   -15       2.5960493838E-003
#      3   -14       2.4546919534E-003
#      3   -13       7.5185560446E-005
#      3   -12       1.0182013100E-003
#      3   -11       1.3400824470E-003
#      3   -10       2.0510091431E-003
#      3    -9       3.2958272622E-003
#      3    -8       4.1080987815E-005
#      3    -7       9.8141910782E-004
#      3    -6       1.8870202054E-002
#      3    -5       1.6029036470E-003
#      3    -4       2.5226883103E-005
#      3    -3       4.4044406439E-003
#      3    -2       9.5140113206E-004
#      3    -1       4.7611165857E-003
#      3     0       1.9397681321E-002
#      3     1       8.4440951653E-004
#      3     2       7.0353514719E-003
#      4   -14       5.8049079624E-004
#      4   -13       1.6334198801E-004
#      4   -12       3.5880652283E-004
#      4   -11       6.2137948751E-004
#      4   -10       4.9914186399E-003
#      4    -9       3.5649775676E-003
#      4    -8       2.6366480597E-003
#      4    -7       2.6277315150E-003
#      4    -6       4.3861061147E-003
#      4    -5       3.7696993942E-004
#      4    -4       4.6739728050E-003
#      4    -3       1.3461326445E-003
#      4    -2       3.4379916142E-004
#      4    -1       8.4391801556E-004
#      4     0       2.3468655384E-003
#      5   -13       7.9808275943E-004
#      5   -12       2.3342547160E-004
#      5   -11       1.3829445441E-003
#      5   -10       1.2409273222E-003
#      5    -9       2.5310872376E-003
#      5    -8       2.0917867588E-003
#      5    -7       2.6498132239E-004
#      5    -6       4.6155485527E-003
#      5    -5       3.2603821870E-004
#      5    -4       3.6669116168E-003
#      5    -3       1.1453565669E-003
#      5    -2       7.0324645972E-003
#      6   -11       2.1544526099E-003
#      6   -10       2.6421035573E-003
#      6    -9       1.1723205535E-002
#      6    -8       6.8604751226E-004
#      6    -7       2.2976650348E-003
#      6    -6       7.4922695078E-003
#      6    -5       1.3379768480E-003
