 Diffraction intensities for potential:gv5x5_04D10005.in                       
#    -28    13       8.9799856541E-007
#    -28    14       3.4171072919E-006
#    -28    15       8.4458136983E-006
#    -27     7       8.3798342015E-006
#    -27     8       3.1626230326E-006
#    -27     9       8.3055289797E-006
#    -27    10       2.2630717455E-007
#    -27    11       5.7980134955E-007
#    -27    12       9.8215125956E-008
#    -27    13       3.0747096919E-006
#    -27    14       3.6615775322E-006
#    -27    15       1.3706135471E-007
#    -27    16       3.1751038236E-006
#    -27    17       8.7094412305E-007
#    -27    18       1.1524276343E-005
#    -27    19       2.2102746356E-007
#    -27    20       5.8650568061E-007
#    -26     4       8.7488083694E-007
#    -26     5       1.1012581082E-005
#    -26     6       9.7830787624E-006
#    -26     7       3.5680306358E-006
#    -26     8       2.0116892372E-005
#    -26     9       5.3191344980E-006
#    -26    10       3.3768010673E-006
#    -26    11       3.8421728919E-008
#    -26    12       4.5390680312E-006
#    -26    13       1.0255371465E-005
#    -26    14       3.3667062780E-006
#    -26    15       4.1501912847E-006
#    -26    16       2.3273453048E-006
#    -26    17       2.2773298980E-006
#    -26    18       1.0427737521E-005
#    -26    19       6.1325496614E-006
#    -26    20       7.7664644332E-006
#    -26    21       1.4377972551E-006
#    -26    22       1.4105445180E-006
#    -25     2       2.6215136626E-005
#    -25     3       7.8811932527E-006
#    -25     4       2.9789986054E-005
#    -25     5       7.6244381893E-004
#    -25     6       1.5995938084E-005
#    -25     7       1.2772947972E-005
#    -25     8       3.8306945582E-006
#    -25     9       3.2839529781E-005
#    -25    10       6.2833837087E-004
#    -25    11       6.8923808467E-007
#    -25    12       4.3284000120E-007
#    -25    13       3.3102138359E-006
#    -25    14       1.2707431220E-005
#    -25    15       2.9057750471E-004
#    -25    16       3.2009012771E-005
#    -25    17       8.7960025335E-007
#    -25    18       4.4510205770E-006
#    -25    19       1.0729765372E-006
#    -25    20       2.0834964346E-004
#    -25    21       1.5246663972E-005
#    -25    22       2.6583365182E-005
#    -25    23       1.0359839640E-005
#    -24     0       1.3852579899E-005
#    -24     1       3.5513624686E-005
#    -24     2       5.3851377478E-006
#    -24     3       2.7949750020E-005
#    -24     4       2.9180342263E-005
#    -24     5       2.6129145807E-005
#    -24     6       2.7022937795E-005
#    -24     7       1.8841668990E-006
#    -24     8       2.7347011890E-005
#    -24     9       5.4132482184E-006
#    -24    10       2.6613674730E-005
#    -24    11       3.0506733323E-005
#    -24    12       1.0689882376E-005
#    -24    13       2.6809845775E-006
#    -24    14       1.6757554340E-006
#    -24    15       1.4769468645E-005
#    -24    16       9.3358003883E-006
#    -24    17       7.4966816875E-006
#    -24    18       6.4539559821E-007
#    -24    19       3.1908177113E-006
#    -24    20       1.4020222046E-005
#    -24    21       1.2047241769E-005
#    -24    22       8.7916271719E-006
#    -24    23       4.2227319764E-006
#    -24    24       1.2723586477E-005
#    -23    -2       7.1891391677E-005
#    -23    -1       2.7404784358E-005
#    -23     0       2.4152706791E-005
#    -23     1       8.7315266342E-006
#    -23     2       4.4568461790E-005
#    -23     3       1.6526850675E-005
#    -23     4       2.7130473490E-005
#    -23     5       4.7872231328E-005
#    -23     6       7.4675925483E-006
#    -23     7       3.9941543962E-005
#    -23     8       7.9986605635E-007
#    -23     9       1.1884188975E-005
#    -23    10       3.5838961324E-005
#    -23    11       2.0165565320E-006
#    -23    12       1.4647356726E-005
#    -23    13       1.6484545220E-005
#    -23    14       2.6026571239E-005
#    -23    15       1.6744514401E-005
#    -23    16       1.9483128427E-005
#    -23    17       8.1283966253E-006
#    -23    18       7.4885265266E-006
#    -23    19       6.0407114089E-006
#    -23    20       6.8634012635E-006
#    -23    21       2.3545705051E-005
#    -23    22       2.4683079775E-005
#    -23    23       1.5954624000E-005
#    -23    24       1.7751724595E-005
#    -23    25       2.3278589138E-005
#    -22    -4       5.2701244019E-005
#    -22    -3       8.7096948782E-006
#    -22    -2       2.2794956904E-005
#    -22    -1       6.6254698600E-005
#    -22     0       3.3335186427E-005
#    -22     1       9.8457877147E-005
#    -22     2       3.8775768084E-005
#    -22     3       2.3698272410E-005
#    -22     4       3.2420023158E-005
#    -22     5       5.5742843482E-006
#    -22     6       9.0132435914E-005
#    -22     7       3.0044670644E-005
#    -22     8       1.5056362600E-005
#    -22     9       2.6420387415E-006
#    -22    10       1.9109262612E-005
#    -22    11       4.5421135493E-005
#    -22    12       4.2974196356E-006
#    -22    13       9.5665424846E-006
#    -22    14       1.6482881335E-007
#    -22    15       1.2806482847E-005
#    -22    16       3.9344031620E-005
#    -22    17       4.2206237185E-006
#    -22    18       1.8179202389E-005
#    -22    19       1.8903596244E-005
#    -22    20       2.5658533244E-005
#    -22    21       2.1785490234E-005
#    -22    22       4.1108068201E-005
#    -22    23       1.3655478974E-006
#    -22    24       2.2065442972E-005
#    -22    25       4.3772602031E-005
#    -22    26       1.7908831322E-005
#    -21    -5       5.1847502184E-006
#    -21    -4       1.4876278886E-005
#    -21    -3       4.0887433067E-005
#    -21    -2       8.2364712815E-005
#    -21    -1       1.3478970835E-005
#    -21     0       1.0557049201E-004
#    -21     1       3.1151180024E-005
#    -21     2       5.4817918799E-005
#    -21     3       1.3986707050E-004
#    -21     4       2.3737394250E-005
#    -21     5       3.5330315150E-005
#    -21     6       6.9497530434E-006
#    -21     7       3.8337826491E-005
#    -21     8       4.5866979665E-005
#    -21     9       9.1626508391E-006
#    -21    10       2.4158823451E-005
#    -21    11       2.8291250466E-006
#    -21    12       6.2669637313E-005
#    -21    13       2.1599785184E-005
#    -21    14       1.7618202995E-006
#    -21    15       1.7863640250E-005
#    -21    16       1.8543660476E-006
#    -21    17       4.2898262781E-005
#    -21    18       4.4774530790E-005
#    -21    19       1.7902069966E-005
#    -21    20       2.8907517506E-006
#    -21    21       9.1286018177E-005
#    -21    22       2.1834289713E-005
#    -21    23       4.5631661755E-005
#    -21    24       1.8188849382E-005
#    -21    25       7.4059670057E-006
#    -21    26       1.6772462488E-005
#    -20    -7       2.8780350534E-006
#    -20    -6       4.7356705454E-005
#    -20    -5       1.0909742124E-003
#    -20    -4       3.0876680207E-005
#    -20    -3       1.1188252263E-004
#    -20    -2       2.2827509734E-005
#    -20    -1       6.2778404138E-005
#    -20     0       7.5744827121E-003
#    -20     1       8.1798006071E-005
#    -20     2       1.5634320700E-004
#    -20     3       6.5958053691E-006
#    -20     4       9.5791845541E-005
#    -20     5       1.1653516509E-002
#    -20     6       5.6865868862E-005
#    -20     7       3.7928383991E-005
#    -20     8       1.2175150523E-005
#    -20     9       2.9475152813E-005
#    -20    10       7.0761057660E-003
#    -20    11       6.2728792127E-005
#    -20    12       8.7002024056E-005
#    -20    13       1.2086867939E-005
#    -20    14       4.7054069466E-005
#    -20    15       7.3515844374E-003
#    -20    16       2.0109157870E-005
#    -20    17       7.6728374420E-007
#    -20    18       1.2722065706E-005
#    -20    19       2.4178295566E-005
#    -20    20       1.8290823625E-003
#    -20    21       4.3001388767E-005
#    -20    22       7.4148192174E-005
#    -20    23       3.4468827998E-005
#    -20    24       1.6226388526E-005
#    -20    25       3.0056938314E-004
#    -20    26       1.4476845780E-005
#    -20    27       2.4195680387E-005
#    -19    -8       8.3287556835E-006
#    -19    -7       8.0729751258E-005
#    -19    -6       4.4858293753E-005
#    -19    -5       1.6572676657E-005
#    -19    -4       5.2307374250E-005
#    -19    -3       9.0071877876E-006
#    -19    -2       1.7752843698E-004
#    -19    -1       1.4829361310E-004
#    -19     0       5.3041325991E-005
#    -19     1       2.5378066109E-005
#    -19     2       2.1885961312E-005
#    -19     3       1.5431158934E-004
#    -19     4       9.6890571881E-005
#    -19     5       3.2975580986E-006
#    -19     6       1.2365930069E-005
#    -19     7       2.6360164715E-005
#    -19     8       1.1071565380E-004
#    -19     9       3.5014299536E-006
#    -19    10       2.2674163658E-005
#    -19    11       4.1213154562E-005
#    -19    12       3.1335399600E-006
#    -19    13       1.2011481202E-004
#    -19    14       1.9619188007E-005
#    -19    15       4.2086530078E-006
#    -19    16       5.1124869850E-005
#    -19    17       1.0916016674E-004
#    -19    18       3.0431627262E-005
#    -19    19       2.0246403374E-005
#    -19    20       1.9954865509E-006
#    -19    21       8.7851263002E-005
#    -19    22       1.8438363219E-004
#    -19    23       6.2550238082E-005
#    -19    24       6.0714042951E-005
#    -19    25       1.0380538301E-005
#    -19    26       2.6421206260E-005
#    -19    27       2.7133973710E-005
#    -18    -9       6.0469297524E-009
#    -18    -8       3.1187512578E-005
#    -18    -7       5.3486205656E-005
#    -18    -6       4.7630014242E-005
#    -18    -5       8.8992120066E-005
#    -18    -4       2.9888053194E-005
#    -18    -3       1.1179560389E-004
#    -18    -2       5.3781965205E-005
#    -18    -1       5.4107691712E-005
#    -18     0       2.1800456773E-004
#    -18     1       6.1126949978E-005
#    -18     2       9.2715964123E-005
#    -18     3       1.7234889263E-005
#    -18     4       4.7075309820E-005
#    -18     5       5.6117763247E-005
#    -18     6       1.6091010012E-006
#    -18     7       6.1813377059E-005
#    -18     8       1.9301980858E-005
#    -18     9       8.1430431881E-005
#    -18    10       1.8686398557E-005
#    -18    11       1.4233367915E-005
#    -18    12       6.4929523551E-005
#    -18    13       3.4315273154E-005
#    -18    14       3.3170630608E-005
#    -18    15       4.2004779544E-005
#    -18    16       5.2774208841E-005
#    -18    17       7.3045835123E-006
#    -18    18       2.0173386867E-004
#    -18    19       8.4083305272E-005
#    -18    20       6.0992259123E-005
#    -18    21       9.2616512993E-005
#    -18    22       1.9549871052E-005
#    -18    23       1.8652537532E-004
#    -18    24       1.7847781820E-005
#    -18    25       8.7691680837E-005
#    -18    26       2.6910311000E-005
#    -18    27       2.6911903554E-006
#    -17   -10       9.0918735699E-006
#    -17    -9       1.4764596254E-005
#    -17    -8       5.5198422090E-005
#    -17    -7       2.1610088278E-005
#    -17    -6       1.3423470733E-004
#    -17    -5       2.4791249307E-005
#    -17    -4       6.8371407332E-005
#    -17    -3       1.8602398645E-005
#    -17    -2       8.8349081849E-005
#    -17    -1       2.0748720548E-004
#    -17     0       2.7139306141E-005
#    -17     1       6.0903461484E-005
#    -17     2       3.1601800074E-005
#    -17     3       5.0409760987E-005
#    -17     4       1.1180762714E-004
#    -17     5       1.2088645547E-006
#    -17     6       1.2016356617E-005
#    -17     7       1.3413207973E-005
#    -17     8       7.2193182377E-005
#    -17     9       1.4058352697E-004
#    -17    10       8.2694512546E-006
#    -17    11       1.8293614664E-005
#    -17    12       1.1249891345E-005
#    -17    13       1.6033205740E-005
#    -17    14       7.6378459580E-006
#    -17    15       1.3627302683E-005
#    -17    16       8.4975860596E-006
#    -17    17       1.2162530969E-004
#    -17    18       1.6766822628E-004
#    -17    19       1.7123981318E-004
#    -17    20       6.4593889643E-005
#    -17    21       4.2540515077E-005
#    -17    22       1.0812333436E-004
#    -17    23       1.1405032836E-004
#    -17    24       1.7954614103E-004
#    -17    25       9.2442040087E-005
#    -17    26       1.3212039463E-005
#    -17    27       2.3028848281E-005
#    -16   -11       5.4940067704E-006
#    -16   -10       5.0786001085E-005
#    -16    -9       4.4870889417E-007
#    -16    -8       3.1219842719E-005
#    -16    -7       7.1251887562E-005
#    -16    -6       2.9500324700E-005
#    -16    -5       1.1798158245E-004
#    -16    -4       1.0807698289E-004
#    -16    -3       3.5799936165E-005
#    -16    -2       5.8066434577E-005
#    -16    -1       6.2585063992E-006
#    -16     0       1.7565971936E-004
#    -16     1       8.3143767426E-005
#    -16     2       7.1608189092E-006
#    -16     3       8.1048102734E-005
#    -16     4       1.0607348939E-006
#    -16     5       1.1603070571E-004
#    -16     6       6.6982098177E-006
#    -16     7       1.4259909137E-005
#    -16     8       7.6062535340E-005
#    -16     9       9.6157584253E-006
#    -16    10       1.1020411219E-004
#    -16    11       9.9338186839E-006
#    -16    12       2.9200817879E-006
#    -16    13       1.2704153641E-006
#    -16    14       8.3107312067E-005
#    -16    15       6.1114978883E-005
#    -16    16       2.6943750211E-005
#    -16    17       3.1506746740E-005
#    -16    18       4.1086342348E-005
#    -16    19       3.4636703982E-004
#    -16    20       1.6821587953E-004
#    -16    21       2.1607777311E-004
#    -16    22       4.4490199042E-005
#    -16    23       3.7685423038E-005
#    -16    24       1.2425474801E-004
#    -16    25       2.0084047972E-005
#    -16    26       8.4684069623E-005
#    -16    27       8.7430375173E-006
#    -15   -13       7.6468801504E-006
#    -15   -12       2.4037446257E-006
#    -15   -11       7.0227691949E-006
#    -15   -10       9.7535698148E-004
#    -15    -9       1.2192820042E-005
#    -15    -8       6.1146646921E-005
#    -15    -7       1.4296766938E-005
#    -15    -6       6.5137478007E-005
#    -15    -5       1.2750276920E-002
#    -15    -4       6.5434248928E-005
#    -15    -3       7.4630305837E-005
#    -15    -2       1.6256045732E-005
#    -15    -1       1.5141094682E-004
#    -15     0       4.0479303549E-002
#    -15     1       9.3270370680E-006
#    -15     2       3.1509269095E-005
#    -15     3       5.5864323203E-007
#    -15     4       9.0778044505E-005
#    -15     5       1.4131002972E-002
#    -15     6       4.1746144051E-005
#    -15     7       1.0851747571E-005
#    -15     8       1.6391205254E-005
#    -15     9       6.5148182444E-005
#    -15    10       1.5706894957E-002
#    -15    11       2.6396978296E-005
#    -15    12       1.8610257137E-006
#    -15    13       3.2819338969E-005
#    -15    14       3.8933317218E-005
#    -15    15       2.3128531578E-002
#    -15    16       1.2963813690E-004
#    -15    17       1.0764280626E-004
#    -15    18       5.8532972757E-005
#    -15    19       6.7001773616E-005
#    -15    20       6.0458235769E-003
#    -15    21       4.4910913331E-005
#    -15    22       2.0337011969E-004
#    -15    23       1.5003027480E-004
#    -15    24       1.1061582871E-005
#    -15    25       6.5158090391E-004
#    -15    26       4.1905272487E-006
#    -15    27       3.7244815166E-005
#    -15    28       5.8631257929E-005
#    -14   -14       2.2156638098E-006
#    -14   -13       7.3343480713E-007
#    -14   -12       2.5530369956E-005
#    -14   -11       8.7810075592E-006
#    -14   -10       1.0215081855E-005
#    -14    -9       5.6969279236E-005
#    -14    -8       1.1968006360E-006
#    -14    -7       6.4818073500E-005
#    -14    -6       8.1666774557E-005
#    -14    -5       7.0933919060E-005
#    -14    -4       1.0942510750E-004
#    -14    -3       1.5068551335E-005
#    -14    -2       1.8163708811E-005
#    -14    -1       8.3260050226E-005
#    -14     0       1.5718887620E-005
#    -14     1       2.5992953917E-004
#    -14     2       2.9485343165E-005
#    -14     3       1.7639381371E-006
#    -14     4       5.5555162306E-005
#    -14     5       2.8207972165E-005
#    -14     6       1.5073542104E-004
#    -14     7       4.2784049745E-007
#    -14     8       9.0092257172E-006
#    -14     9       1.6602321150E-005
#    -14    10       2.3048082497E-005
#    -14    11       8.2258357615E-007
#    -14    12       6.7228567554E-005
#    -14    13       1.9195217887E-005
#    -14    14       1.1054856855E-004
#    -14    15       2.0958856141E-004
#    -14    16       4.1382760026E-004
#    -14    17       1.9152092578E-004
#    -14    18       8.9080710085E-005
#    -14    19       4.9141938131E-005
#    -14    20       1.3255802131E-004
#    -14    21       3.3705669329E-004
#    -14    22       2.0900843305E-004
#    -14    23       2.8495775274E-005
#    -14    24       8.8265493942E-005
#    -14    25       1.1853405393E-005
#    -14    26       7.2311312719E-005
#    -14    27       1.9931768331E-005
#    -14    28       1.3617045465E-005
#    -13   -15       2.1790741363E-006
#    -13   -14       1.1663022120E-006
#    -13   -13       4.2330667798E-005
#    -13   -12       2.2436885096E-005
#    -13   -11       5.3941145504E-006
#    -13   -10       2.2131704041E-005
#    -13    -9       1.6604893670E-005
#    -13    -8       5.8056390850E-005
#    -13    -7       4.9647871266E-005
#    -13    -6       3.8497830216E-006
#    -13    -5       7.3320937909E-005
#    -13    -4       7.0975832955E-005
#    -13    -3       8.7941352983E-005
#    -13    -2       1.8845768846E-005
#    -13    -1       2.2536206094E-006
#    -13     0       1.9560899990E-004
#    -13     1       6.3960605652E-005
#    -13     2       6.1090129729E-005
#    -13     3       2.2378001528E-006
#    -13     4       6.8695418641E-006
#    -13     5       1.1807635226E-004
#    -13     6       2.1375537441E-005
#    -13     7       5.9598825402E-005
#    -13     8       6.9563795718E-008
#    -13     9       6.5021913163E-006
#    -13    10       1.5680914417E-005
#    -13    11       7.1398033302E-005
#    -13    12       8.3560069927E-005
#    -13    13       9.5041868595E-005
#    -13    14       7.9991717978E-005
#    -13    15       8.2951927975E-005
#    -13    16       5.4076977324E-004
#    -13    17       2.3385334416E-004
#    -13    18       4.8719342644E-004
#    -13    19       2.0979139260E-005
#    -13    20       1.0666132672E-005
#    -13    21       1.2860856246E-004
#    -13    22       6.1120833189E-005
#    -13    23       2.9291477822E-004
#    -13    24       1.3334647058E-004
#    -13    25       1.9923513437E-005
#    -13    26       6.2617685385E-005
#    -13    27       2.2524698673E-005
#    -13    28       4.4798584153E-005
#    -12   -15       3.1441098891E-007
#    -12   -14       4.3232894418E-007
#    -12   -13       1.2711873754E-005
#    -12   -12       2.5181052222E-005
#    -12   -11       9.5165403968E-005
#    -12   -10       2.9430076985E-005
#    -12    -9       5.1596562769E-006
#    -12    -8       4.4195025388E-006
#    -12    -7       2.9641067164E-005
#    -12    -6       9.1350549913E-005
#    -12    -5       6.6881837979E-005
#    -12    -4       9.5623443289E-005
#    -12    -3       1.2833266601E-004
#    -12    -2       5.3709881488E-006
#    -12    -1       6.2143405653E-008
#    -12     0       2.0733847939E-005
#    -12     1       7.8490643644E-005
#    -12     2       1.0546094216E-004
#    -12     3       1.1418748009E-005
#    -12     4       1.5542679675E-005
#    -12     5       4.5405706547E-005
#    -12     6       5.8880769734E-005
#    -12     7       3.2446191324E-005
#    -12     8       2.4355475271E-005
#    -12     9       2.7828952037E-005
#    -12    10       1.9903095231E-005
#    -12    11       4.2942841164E-005
#    -12    12       2.7519903289E-004
#    -12    13       1.5451970996E-004
#    -12    14       1.9032970304E-004
#    -12    15       5.7476541188E-005
#    -12    16       5.4599538814E-005
#    -12    17       7.2716528721E-004
#    -12    18       6.0757602992E-005
#    -12    19       3.6705848814E-004
#    -12    20       1.5593590482E-004
#    -12    21       1.4064263480E-005
#    -12    22       1.7498795857E-004
#    -12    23       3.9707750998E-005
#    -12    24       6.6683708856E-005
#    -12    25       1.4306838330E-004
#    -12    26       1.1585055998E-005
#    -12    27       2.3069853572E-005
#    -11   -16       8.8218655504E-008
#    -11   -15       1.4369087332E-005
#    -11   -14       1.7690784593E-005
#    -11   -13       4.1981324463E-006
#    -11   -12       5.2020386667E-005
#    -11   -11       2.1986316158E-005
#    -11   -10       5.8711121695E-005
#    -11    -9       7.1463959236E-005
#    -11    -8       5.7532050273E-005
#    -11    -7       3.5189735394E-005
#    -11    -6       3.9381699860E-006
#    -11    -5       5.6412255376E-006
#    -11    -4       1.0400116808E-004
#    -11    -3       1.5098166436E-005
#    -11    -2       9.1833160104E-005
#    -11    -1       3.5171929104E-007
#    -11     0       1.3187114880E-005
#    -11     1       1.2827070428E-004
#    -11     2       5.4442596087E-006
#    -11     3       8.1971423526E-005
#    -11     4       4.0222074359E-005
#    -11     5       1.1969210214E-005
#    -11     6       9.8013860224E-005
#    -11     7       5.7027236010E-006
#    -11     8       3.3088057159E-005
#    -11     9       7.1674576034E-005
#    -11    10       5.1994594414E-005
#    -11    11       6.1185705261E-005
#    -11    12       1.0959411190E-004
#    -11    13       4.4865708207E-004
#    -11    14       2.7897617998E-004
#    -11    15       1.6790481251E-004
#    -11    16       8.7464351711E-006
#    -11    17       1.2706946039E-004
#    -11    18       3.6792998737E-004
#    -11    19       4.3031026656E-004
#    -11    20       4.8247481772E-005
#    -11    21       1.7077826001E-004
#    -11    22       4.4062776919E-005
#    -11    23       1.2040540831E-004
#    -11    24       7.0544881936E-005
#    -11    25       9.4023977173E-005
#    -11    26       1.7808281234E-005
#    -11    27       5.6546553482E-005
#    -10   -17       1.2582247409E-007
#    -10   -16       8.8183845858E-006
#    -10   -15       2.9402764652E-004
#    -10   -14       1.8830983670E-005
#    -10   -13       2.4345469568E-005
#    -10   -12       1.2713130427E-005
#    -10   -11       7.1667114181E-005
#    -10   -10       5.8803424635E-003
#    -10    -9       1.9122772229E-005
#    -10    -8       2.0349843157E-005
#    -10    -7       3.5927824648E-005
#    -10    -6       7.2876799161E-005
#    -10    -5       1.4685526917E-002
#    -10    -4       9.0813194216E-006
#    -10    -3       9.2504348928E-005
#    -10    -2       1.9813707165E-005
#    -10    -1       1.8056156323E-005
#    -10     0       1.5540368421E-002
#    -10     1       6.7596785736E-006
#    -10     2       1.5539305256E-004
#    -10     3       3.4397111708E-005
#    -10     4       4.2242374109E-005
#    -10     5       3.1195265554E-003
#    -10     6       2.3658147185E-005
#    -10     7       3.7040431193E-005
#    -10     8       2.7874848609E-005
#    -10     9       7.5885315173E-005
#    -10    10       4.4069717713E-002
#    -10    11       6.5221030550E-005
#    -10    12       3.5124209037E-005
#    -10    13       3.8923713225E-004
#    -10    14       1.5548638786E-004
#    -10    15       1.0763876034E-002
#    -10    16       1.3811474194E-005
#    -10    17       8.0561954618E-006
#    -10    18       1.2143580412E-004
#    -10    19       4.5259019238E-005
#    -10    20       6.7299487120E-003
#    -10    21       2.8158387821E-004
#    -10    22       2.4336717640E-005
#    -10    23       9.3228404274E-005
#    -10    24       6.5514527956E-005
#    -10    25       1.0676584287E-003
#    -10    26       2.7594180129E-005
#    -10    27       1.2839845864E-005
#     -9   -18       3.5375601205E-007
#     -9   -17       6.9431537870E-008
#     -9   -16       9.7244120557E-006
#     -9   -15       1.9538547114E-005
#     -9   -14       8.3401875780E-005
#     -9   -13       1.5989076343E-005
#     -9   -12       7.5720345904E-006
#     -9   -11       5.2486254188E-005
#     -9   -10       2.3409249480E-005
#     -9    -9       1.4895448117E-004
#     -9    -8       7.0835369666E-005
#     -9    -7       2.9310755014E-005
#     -9    -6       2.1327508774E-005
#     -9    -5       2.2710637408E-005
#     -9    -4       4.1768632560E-006
#     -9    -3       3.4304927784E-005
#     -9    -2       3.5846140780E-005
#     -9    -1       2.6922695544E-005
#     -9     0       2.9652910238E-005
#     -9     1       6.5054198469E-005
#     -9     2       1.3261730889E-004
#     -9     3       4.1992481012E-005
#     -9     4       9.1168729684E-005
#     -9     5       3.9239290270E-005
#     -9     6       9.3134319022E-005
#     -9     7       5.2514233044E-005
#     -9     8       6.8257341370E-006
#     -9     9       2.2705395070E-004
#     -9    10       6.5217210132E-005
#     -9    11       2.3887768871E-004
#     -9    12       2.4799314674E-005
#     -9    13       7.2672961146E-006
#     -9    14       5.3947187848E-004
#     -9    15       8.3276212097E-005
#     -9    16       3.8205768159E-004
#     -9    17       2.0907901243E-004
#     -9    18       2.0824293095E-006
#     -9    19       5.7625801231E-005
#     -9    20       1.1120244698E-004
#     -9    21       3.3078810582E-005
#     -9    22       3.0678377410E-004
#     -9    23       2.8534631840E-005
#     -9    24       8.5893006368E-005
#     -9    25       5.7575496662E-005
#     -9    26       4.0076242716E-005
#     -9    27       8.1914246965E-007
#     -8   -19       3.9686140048E-006
#     -8   -18       2.2379156377E-006
#     -8   -17       5.4966448471E-006
#     -8   -16       1.7280435584E-006
#     -8   -15       1.7793227829E-005
#     -8   -14       4.5578836615E-006
#     -8   -13       7.9822776022E-005
#     -8   -12       1.3503546319E-004
#     -8   -11       2.8752181041E-005
#     -8   -10       1.3070487088E-004
#     -8    -9       3.1885571272E-005
#     -8    -8       4.5624864090E-005
#     -8    -7       2.0290217888E-005
#     -8    -6       2.3169580190E-005
#     -8    -5       5.5575835371E-005
#     -8    -4       2.7086894989E-005
#     -8    -3       3.0533487538E-006
#     -8    -2       1.0652758634E-004
#     -8    -1       8.9016678018E-007
#     -8     0       3.7162046226E-005
#     -8     1       1.2488253746E-004
#     -8     2       2.1443015199E-006
#     -8     3       1.8098349450E-004
#     -8     4       6.2385359542E-006
#     -8     5       7.0999450491E-005
#     -8     6       1.2258742432E-004
#     -8     7       2.0654438267E-005
#     -8     8       1.5454625078E-005
#     -8     9       1.9396804140E-005
#     -8    10       3.1379628065E-004
#     -8    11       2.3054604717E-004
#     -8    12       1.1490375874E-004
#     -8    13       1.0821767702E-005
#     -8    14       7.3283690918E-005
#     -8    15       1.6031101144E-004
#     -8    16       4.8268842650E-004
#     -8    17       4.4002427564E-005
#     -8    18       3.1939219033E-004
#     -8    19       3.3685557346E-005
#     -8    20       1.1453599045E-004
#     -8    21       5.9116397800E-005
#     -8    22       1.6777171671E-004
#     -8    23       6.8348056331E-005
#     -8    24       4.5641292658E-005
#     -8    25       1.1577486898E-005
#     -8    26       8.0084565558E-006
#     -8    27       7.3993254880E-006
#     -7   -20       3.5440163866E-006
#     -7   -19       1.6874217956E-006
#     -7   -18       1.4108914523E-005
#     -7   -17       2.0028326440E-005
#     -7   -16       1.0499094120E-005
#     -7   -15       9.3500041513E-006
#     -7   -14       7.6026827697E-005
#     -7   -13       1.3348513816E-004
#     -7   -12       3.5586183252E-006
#     -7   -11       9.9921393297E-005
#     -7   -10       5.1915743435E-005
#     -7    -9       1.4405191717E-004
#     -7    -8       9.5920594588E-005
#     -7    -7       3.2025740399E-007
#     -7    -6       3.0452061064E-005
#     -7    -5       2.3162157095E-005
#     -7    -4       4.3673471016E-005
#     -7    -3       3.2013574607E-005
#     -7    -2       3.3633145149E-005
#     -7    -1       1.0626853164E-004
#     -7     0       4.1794550831E-005
#     -7     1       2.3717361002E-005
#     -7     2       1.3425093824E-004
#     -7     3       7.3547209812E-005
#     -7     4       2.0393873348E-005
#     -7     5       4.4195077746E-005
#     -7     6       2.2444456261E-005
#     -7     7       1.4917095978E-004
#     -7     8       2.9515815383E-005
#     -7     9       2.6855808676E-005
#     -7    10       2.1579218533E-004
#     -7    11       4.6397085191E-005
#     -7    12       3.4379851639E-004
#     -7    13       6.9236431781E-006
#     -7    14       8.6287511846E-005
#     -7    15       4.2782588266E-005
#     -7    16       7.8712150073E-005
#     -7    17       3.3641860995E-004
#     -7    18       3.7903412789E-004
#     -7    19       7.7158734243E-005
#     -7    20       1.5764102809E-004
#     -7    21       1.1361448911E-004
#     -7    22       4.2992385944E-005
#     -7    23       1.1908562630E-004
#     -7    24       1.0627411514E-005
#     -7    25       4.8383335013E-005
#     -7    26       6.0272406792E-007
#     -7    27       3.4536391777E-005
#     -6   -20       4.7888114397E-006
#     -6   -19       3.2966583953E-007
#     -6   -18       2.5223926916E-005
#     -6   -17       3.0330167314E-005
#     -6   -16       2.1571001988E-005
#     -6   -15       9.3306956727E-007
#     -6   -14       6.3670190683E-005
#     -6   -13       1.6071842152E-005
#     -6   -12       2.9638160706E-004
#     -6   -11       1.3301814831E-004
#     -6   -10       4.0956212013E-005
#     -6    -9       1.1892729735E-004
#     -6    -8       3.3498087732E-005
#     -6    -7       9.3810304653E-005
#     -6    -6       1.9633925582E-005
#     -6    -5       1.6095914221E-005
#     -6    -4       3.2535499207E-005
#     -6    -3       4.3493563120E-005
#     -6    -2       2.3665834223E-005
#     -6    -1       1.7292014306E-004
#     -6     0       1.2547069041E-005
#     -6     1       6.3218881800E-005
#     -6     2       4.9949312647E-005
#     -6     3       2.9058000086E-005
#     -6     4       6.0256963221E-005
#     -6     5       2.3501972135E-005
#     -6     6       1.2349754296E-004
#     -6     7       1.0867727882E-005
#     -6     8       6.9639814229E-005
#     -6     9       8.6497121168E-006
#     -6    10       3.0577130063E-005
#     -6    11       2.3825766829E-004
#     -6    12       5.4171676522E-005
#     -6    13       1.6720861431E-004
#     -6    14       2.2681466940E-004
#     -6    15       4.3904261059E-005
#     -6    16       1.5977025256E-005
#     -6    17       2.9007153237E-004
#     -6    18       2.2799359970E-006
#     -6    19       4.9725839343E-004
#     -6    20       1.1041768741E-005
#     -6    21       1.9163664522E-004
#     -6    22       2.2027823135E-005
#     -6    23       1.2175591399E-004
#     -6    24       4.1393034652E-005
#     -6    25       1.5541157568E-005
#     -6    26       5.4346835232E-005
#     -5   -21       5.8097338483E-006
#     -5   -20       2.6620973258E-004
#     -5   -19       4.7045917147E-006
#     -5   -18       6.1230525332E-006
#     -5   -17       3.4129526213E-005
#     -5   -16       4.1808283681E-005
#     -5   -15       7.4081163154E-003
#     -5   -14       7.5743417958E-006
#     -5   -13       2.2193291191E-004
#     -5   -12       9.9025768270E-005
#     -5   -11       7.8407270216E-005
#     -5   -10       1.3382352151E-002
#     -5    -9       2.6285536549E-005
#     -5    -8       2.3610123394E-004
#     -5    -7       5.6867344694E-006
#     -5    -6       3.5346238637E-005
#     -5    -5       4.2894361080E-003
#     -5    -4       8.1788780159E-006
#     -5    -3       2.1458297001E-005
#     -5    -2       5.9465992699E-005
#     -5    -1       5.1383848013E-006
#     -5     0       3.0365891727E-002
#     -5     1       4.1044535924E-005
#     -5     2       8.3483083047E-006
#     -5     3       4.4855241912E-005
#     -5     4       2.8214560053E-005
#     -5     5       1.8789044684E-003
#     -5     6       1.4771701144E-005
#     -5     7       1.8593016266E-004
#     -5     8       5.6335707717E-005
#     -5     9       2.9040445901E-005
#     -5    10       3.8671691504E-003
#     -5    11       5.3402189218E-005
#     -5    12       4.2683494891E-005
#     -5    13       1.8156825657E-004
#     -5    14       2.0527207464E-005
#     -5    15       1.1419041708E-002
#     -5    16       1.2524215711E-005
#     -5    17       1.4712686122E-004
#     -5    18       2.1988825660E-004
#     -5    19       1.4359315957E-004
#     -5    20       1.0790751019E-002
#     -5    21       1.0823076826E-004
#     -5    22       9.1919379471E-005
#     -5    23       1.1645808158E-004
#     -5    24       1.5971681637E-005
#     -5    25       1.0006344096E-003
#     -5    26       1.1302322292E-005
#     -4   -22       7.5194735975E-006
#     -4   -21       6.2819395221E-006
#     -4   -20       4.1160220840E-005
#     -4   -19       3.9782103398E-006
#     -4   -18       1.4645240242E-005
#     -4   -17       5.3163513994E-005
#     -4   -16       1.0483323585E-004
#     -4   -15       8.2321261761E-005
#     -4   -14       4.5540648205E-005
#     -4   -13       4.2557457083E-005
#     -4   -12       2.2710508360E-004
#     -4   -11       3.4660378273E-004
#     -4   -10       4.7323752685E-005
#     -4    -9       7.2456713942E-005
#     -4    -8       6.7128047928E-005
#     -4    -7       1.1737106550E-004
#     -4    -6       2.8542097852E-005
#     -4    -5       4.8654621922E-005
#     -4    -4       2.9957749433E-005
#     -4    -3       2.4653088453E-005
#     -4    -2       1.0962097451E-005
#     -4    -1       4.5605975810E-005
#     -4     0       8.9274359870E-005
#     -4     1       1.5575370670E-005
#     -4     2       1.9084074547E-005
#     -4     3       5.8846779375E-006
#     -4     4       1.0258873608E-005
#     -4     5       1.2428345087E-005
#     -4     6       1.7745819256E-004
#     -4     7       1.3343092125E-004
#     -4     8       5.9220410565E-005
#     -4     9       2.0971250297E-005
#     -4    10       3.8833035595E-005
#     -4    11       1.2795929978E-004
#     -4    12       9.0505846526E-006
#     -4    13       8.2173441742E-005
#     -4    14       1.9319425928E-004
#     -4    15       3.1518073546E-004
#     -4    16       1.5878318782E-004
#     -4    17       1.9450194668E-004
#     -4    18       9.8162589645E-005
#     -4    19       1.3643698396E-004
#     -4    20       1.1317933994E-004
#     -4    21       1.0485740848E-005
#     -4    22       1.4453509551E-004
#     -4    23       1.0703800571E-006
#     -4    24       1.4499197067E-004
#     -4    25       3.6164150738E-005
#     -4    26       4.0390129706E-006
#     -3   -22       1.3135395569E-005
#     -3   -21       2.2973646937E-005
#     -3   -20       4.7984791370E-006
#     -3   -19       2.3641131668E-005
#     -3   -18       1.2699983427E-005
#     -3   -17       1.3451080837E-004
#     -3   -16       1.0271052150E-004
#     -3   -15       1.2454520854E-004
#     -3   -14       1.4026034649E-004
#     -3   -13       3.9928317817E-005
#     -3   -12       3.2115046501E-004
#     -3   -11       4.7854496231E-005
#     -3   -10       1.9926936063E-004
#     -3    -9       1.1258800240E-004
#     -3    -8       2.5680992517E-005
#     -3    -7       1.7613603242E-004
#     -3    -6       9.4405465646E-006
#     -3    -5       1.1739756190E-005
#     -3    -4       7.4250810254E-005
#     -3    -3       3.3407683048E-005
#     -3    -2       2.5199625740E-005
#     -3    -1       7.9209268842E-006
#     -3     0       9.1583626075E-006
#     -3     1       4.1266392555E-005
#     -3     2       9.3457250343E-005
#     -3     3       5.7667987808E-005
#     -3     4       1.8307284708E-006
#     -3     5       3.1687414592E-006
#     -3     6       7.5896939224E-005
#     -3     7       9.2997799348E-005
#     -3     8       2.7695731942E-004
#     -3     9       4.5029486349E-006
#     -3    10       4.7903479496E-006
#     -3    11       1.2347101554E-004
#     -3    12       7.7856629094E-005
#     -3    13       1.5974981707E-004
#     -3    14       1.6331697977E-004
#     -3    15       2.9566952113E-005
#     -3    16       3.7064199515E-004
#     -3    17       6.9023354634E-006
#     -3    18       2.6504768834E-004
#     -3    19       8.0821761764E-005
#     -3    20       1.6801426508E-004
#     -3    21       1.5047090271E-004
#     -3    22       1.9431807539E-005
#     -3    23       7.9112586403E-005
#     -3    24       1.2026414378E-004
#     -3    25       2.9361843182E-005
#     -2   -23       1.2245306100E-005
#     -2   -22       1.4632726776E-005
#     -2   -21       5.2250719276E-006
#     -2   -20       6.0324539101E-005
#     -2   -19       4.0381016427E-005
#     -2   -18       3.6219110912E-005
#     -2   -17       1.1840542008E-005
#     -2   -16       2.0560856617E-004
#     -2   -15       1.8907861018E-004
#     -2   -14       5.4218363261E-005
#     -2   -13       1.6339445111E-004
#     -2   -12       4.2584896164E-006
#     -2   -11       4.6170975808E-004
#     -2   -10       1.8602564200E-004
#     -2    -9       8.0840968271E-005
#     -2    -8       3.5488748398E-005
#     -2    -7       2.4419473350E-005
#     -2    -6       7.7195297567E-005
#     -2    -5       2.4733626654E-005
#     -2    -4       4.2417581589E-005
#     -2    -3       6.5363953522E-005
#     -2    -2       2.8908751639E-005
#     -2    -1       4.1509149297E-005
#     -2     0       2.1792643006E-005
#     -2     1       4.2766114482E-005
#     -2     2       7.7966325680E-005
#     -2     3       6.1664505649E-006
#     -2     4       2.1481589154E-004
#     -2     5       4.5690780764E-005
#     -2     6       2.1168272932E-005
#     -2     7       1.9877879221E-004
#     -2     8       5.3359550358E-005
#     -2     9       1.3201288812E-004
#     -2    10       2.7899923796E-005
#     -2    11       2.4340989326E-005
#     -2    12       1.6142074747E-004
#     -2    13       2.6850825575E-006
#     -2    14       3.1908355426E-004
#     -2    15       4.3018455906E-004
#     -2    16       5.2992048216E-005
#     -2    17       1.5306719433E-004
#     -2    18       5.0042659447E-005
#     -2    19       1.6066679164E-004
#     -2    20       2.9159732184E-004
#     -2    21       6.6391193429E-007
#     -2    22       8.5279308164E-005
#     -2    23       1.1322385854E-004
#     -2    24       2.0471684692E-005
#     -2    25       1.0371463233E-004
#     -1   -23       4.0601286556E-005
#     -1   -22       1.1969636501E-005
#     -1   -21       2.7106526642E-005
#     -1   -20       1.5490617415E-005
#     -1   -19       1.0660994456E-005
#     -1   -18       1.0371271559E-004
#     -1   -17       9.7803281622E-005
#     -1   -16       1.6621837621E-004
#     -1   -15       1.0633878469E-004
#     -1   -14       2.6531443679E-004
#     -1   -13       1.1444225837E-004
#     -1   -12       1.2682572481E-004
#     -1   -11       2.4352210575E-004
#     -1   -10       1.2005886713E-004
#     -1    -9       1.2953506756E-004
#     -1    -8       7.0681546400E-005
#     -1    -7       9.5761916451E-005
#     -1    -6       8.2924618379E-005
#     -1    -5       1.0078124096E-007
#     -1    -4       1.6464649092E-005
#     -1    -3       5.2451497477E-005
#     -1    -2       1.5276772459E-004
#     -1    -1       3.2719929150E-005
#     -1     0       1.7113528341E-005
#     -1     1       8.2203002006E-006
#     -1     2       1.7786096149E-005
#     -1     3       2.6908342434E-004
#     -1     4       2.0032727042E-004
#     -1     5       6.6315391747E-005
#     -1     6       7.6335019839E-005
#     -1     7       1.0989578553E-004
#     -1     8       9.0381988055E-005
#     -1     9       6.4658770389E-005
#     -1    10       4.0540076172E-005
#     -1    11       1.2911172067E-004
#     -1    12       8.9402137979E-005
#     -1    13       1.8367501217E-004
#     -1    14       2.4537636644E-004
#     -1    15       4.3772544316E-005
#     -1    16       4.3208334835E-004
#     -1    17       1.4911368724E-004
#     -1    18       3.2543989542E-005
#     -1    19       8.8235208222E-005
#     -1    20       8.0826419991E-006
#     -1    21       2.1530715133E-004
#     -1    22       1.6458374669E-004
#     -1    23       9.1736875297E-006
#     -1    24       9.0879917706E-005
#      0   -24       3.3532189386E-005
#      0   -23       7.7147628086E-005
#      0   -22       3.5513825324E-005
#      0   -21       5.2973832143E-005
#      0   -20       1.6778309367E-003
#      0   -19       8.5783489921E-005
#      0   -18       1.1196804164E-005
#      0   -17       1.1329535480E-004
#      0   -16       2.0391453185E-005
#      0   -15       2.3173118211E-002
#      0   -14       1.2801178905E-004
#      0   -13       5.3185580072E-005
#      0   -12       1.2951940101E-004
#      0   -11       3.4475343062E-005
#      0   -10       4.3422354854E-002
#      0    -9       5.8086298753E-005
#      0    -8       5.6323488919E-005
#      0    -7       2.3300159131E-005
#      0    -6       7.5992007568E-005
#      0    -5       2.0565887420E-003
#      0    -4       3.1725956479E-005
#      0    -3       8.9232596308E-005
#      0    -2       2.6981552097E-005
#      0    -1       1.1780672471E-004
#      0     0       2.9136498115E-002
#      0     1       2.6015136146E-005
#      0     2       9.5670086626E-006
#      0     3       7.4922488926E-005
#      0     4       7.2057094266E-005
#      0     5       3.0330839019E-002
#      0     6       5.7499515973E-005
#      0     7       1.3477842753E-005
#      0     8       9.6038072488E-005
#      0     9       1.1084706902E-004
#      0    10       1.3339151910E-002
#      0    11       5.0396760739E-005
#      0    12       7.0247065045E-005
#      0    13       1.2531409639E-004
#      0    14       8.0946078257E-005
#      0    15       3.7090415244E-002
#      0    16       1.2157514596E-004
#      0    17       1.4224492158E-004
#      0    18       1.3594314338E-004
#      0    19       5.0067722665E-005
#      0    20       6.8151188831E-003
#      0    21       1.0671175253E-004
#      0    22       5.4127950639E-005
#      0    23       2.3244331151E-004
#      0    24       6.8914779024E-005
#      1   -24       3.6963661031E-005
#      1   -23       2.4185828846E-005
#      1   -22       1.1663677199E-004
#      1   -21       1.2702601165E-004
#      1   -20       2.4168771642E-005
#      1   -19       3.8155818256E-005
#      1   -18       1.2183104599E-004
#      1   -17       7.2366311834E-005
#      1   -16       1.7300965190E-004
#      1   -15       4.6799957602E-005
#      1   -14       2.5599998046E-004
#      1   -13       2.3064349037E-004
#      1   -12       4.6555438078E-005
#      1   -11       1.0524818453E-004
#      1   -10       4.4883817635E-005
#      1    -9       6.4281383471E-005
#      1    -8       2.9973497936E-005
#      1    -7       8.2987359710E-005
#      1    -6       1.6447041580E-004
#      1    -5       5.0099089413E-006
#      1    -4       1.1548534785E-004
#      1    -3       7.4389102583E-005
#      1    -2       1.1056881612E-004
#      1    -1       1.5463815046E-004
#      1     0       4.4668383610E-006
#      1     1       1.5598425282E-004
#      1     2       9.4333098720E-005
#      1     3       4.7702664997E-005
#      1     4       1.4591098616E-004
#      1     5       6.6035030409E-005
#      1     6       1.2537255097E-004
#      1     7       1.5684883792E-004
#      1     8       6.0513044710E-005
#      1     9       6.3304635242E-006
#      1    10       1.3629323545E-005
#      1    11       3.2625942184E-004
#      1    12       3.9708328335E-004
#      1    13       2.2225972079E-005
#      1    14       1.2868312592E-004
#      1    15       3.2701093550E-006
#      1    16       2.9539524393E-004
#      1    17       4.0562085639E-004
#      1    18       4.1774796309E-005
#      1    19       4.7819918749E-005
#      1    20       9.7737197872E-005
#      1    21       4.8902976825E-005
#      1    22       4.0376064723E-005
#      1    23       6.4913192892E-005
#      2   -25       1.0078524930E-004
#      2   -24       1.4957469299E-005
#      2   -23       5.9078767974E-005
#      2   -22       5.3011828978E-005
#      2   -21       3.0596130130E-005
#      2   -20       2.0962391393E-004
#      2   -19       1.4878520726E-004
#      2   -18       2.9753696184E-006
#      2   -17       7.2248123723E-005
#      2   -16       8.2432128767E-005
#      2   -15       1.4836099914E-004
#      2   -14       2.7903633322E-004
#      2   -13       1.8541418949E-005
#      2   -12       4.5467269430E-005
#      2   -11       4.8377466620E-005
#      2   -10       1.1054207652E-004
#      2    -9       8.9812612577E-005
#      2    -8       2.0878580045E-005
#      2    -7       5.1909594286E-005
#      2    -6       1.0501044044E-005
#      2    -5       1.8241996286E-004
#      2    -4       9.1949753877E-005
#      2    -3       3.5804623448E-005
#      2    -2       1.4298610836E-004
#      2    -1       1.6816766601E-005
#      2     0       1.4129978179E-004
#      2     1       1.6983969530E-004
#      2     2       1.1185746466E-005
#      2     3       6.6247085015E-005
#      2     4       1.0133725126E-004
#      2     5       2.9033988076E-005
#      2     6       9.7166811821E-005
#      2     7       6.4924874961E-006
#      2     8       7.3532125393E-005
#      2     9       9.1751188950E-005
#      2    10       1.5405841345E-004
#      2    11       1.9581811709E-004
#      2    12       3.4819654507E-005
#      2    13       4.3345777754E-004
#      2    14       9.3572751738E-005
#      2    15       1.5799045829E-004
#      2    16       9.6550189245E-005
#      2    17       3.2726204139E-005
#      2    18       2.2400034817E-004
#      2    19       1.3714779126E-004
#      2    20       6.8124299906E-005
#      2    21       5.7418146967E-005
#      2    22       5.1507006058E-005
#      2    23       4.2544535418E-005
#      3   -25       5.3544392728E-006
#      3   -24       8.4007330979E-005
#      3   -23       1.0163150177E-004
#      3   -22       4.5147397908E-005
#      3   -21       1.8287110224E-004
#      3   -20       1.0054257884E-004
#      3   -19       7.4436845727E-005
#      3   -18       2.0512141113E-004
#      3   -17       8.6360821444E-005
#      3   -16       7.2445486176E-006
#      3   -15       7.7959157093E-005
#      3   -14       3.0553504728E-005
#      3   -13       2.1701161587E-004
#      3   -12       5.9071893373E-005
#      3   -11       1.8571465516E-005
#      3   -10       1.6907792748E-005
#      3    -9       2.9582333067E-005
#      3    -8       7.3143127087E-005
#      3    -7       1.6542187928E-005
#      3    -6       2.2987992801E-004
#      3    -5       2.9208007853E-005
#      3    -4       4.9854161308E-005
#      3    -3       1.5054035619E-004
#      3    -2       2.9566893285E-005
#      3    -1       1.0729909423E-004
#      3     0       5.2400123864E-006
#      3     1       1.3166014922E-005
#      3     2       1.5666489370E-004
#      3     3       8.5164344712E-005
#      3     4       8.6587701530E-006
#      3     5       9.8065591068E-005
#      3     6       4.9077166793E-005
#      3     7       3.1613681776E-005
#      3     8       4.4802409924E-005
#      3     9       2.5449950433E-005
#      3    10       4.4825164852E-006
#      3    11       8.3193347086E-005
#      3    12       4.4838302037E-004
#      3    13       9.2606843845E-005
#      3    14       2.2668838689E-004
#      3    15       5.0072490520E-005
#      3    16       1.6029604120E-004
#      3    17       2.1485016836E-004
#      3    18       8.5351366459E-005
#      3    19       6.7917360442E-005
#      3    20       1.3497553424E-004
#      3    21       5.8250398685E-005
#      3    22       6.6507991429E-006
#      4   -26       5.3581305299E-006
#      4   -25       5.8562374276E-005
#      4   -24       1.4186807418E-004
#      4   -23       1.0326907553E-005
#      4   -22       1.0423900903E-004
#      4   -21       5.1120719930E-005
#      4   -20       9.6348737770E-005
#      4   -19       2.1246575209E-004
#      4   -18       1.3093078658E-005
#      4   -17       1.0823616331E-004
#      4   -16       1.3001482037E-004
#      4   -15       3.7416637961E-005
#      4   -14       1.4191716075E-004
#      4   -13       2.5213048252E-006
#      4   -12       3.6878842462E-005
#      4   -11       2.6519289988E-005
#      4   -10       8.0606758990E-005
#      4    -9       8.5301059320E-005
#      4    -8       3.5861241658E-006
#      4    -7       1.3957125554E-004
#      4    -6       1.3877624861E-004
#      4    -5       1.2413623859E-004
#      4    -4       7.3017444107E-005
#      4    -3       2.1427274458E-005
#      4    -2       3.9318602940E-005
#      4    -1       7.4758134067E-005
#      4     0       2.6497593219E-005
#      4     1       6.6043580440E-006
#      4     2       3.9088678062E-005
#      4     3       6.9369945978E-006
#      4     4       1.1086943159E-004
#      4     5       4.0222390958E-005
#      4     6       5.1917611221E-005
#      4     7       1.8249469743E-005
#      4     8       1.4051038769E-004
#      4     9       1.0621015676E-004
#      4    10       6.0400664985E-005
#      4    11       8.1111581054E-005
#      4    12       5.1385340738E-005
#      4    13       1.8790521518E-004
#      4    14       2.4101066762E-004
#      4    15       1.3024371267E-004
#      4    16       6.2679820755E-005
#      4    17       5.1095478345E-005
#      4    18       9.2352693408E-005
#      4    19       4.0460127106E-005
#      4    20       1.6425607307E-004
#      4    21       3.2167963710E-005
#      4    22       5.7233161858E-005
#      5   -26       1.6510042189E-005
#      5   -25       4.3916477906E-004
#      5   -24       2.7410756598E-005
#      5   -23       2.4674944485E-004
#      5   -22       1.2063505837E-004
#      5   -21       4.4760544624E-005
#      5   -20       7.2276681991E-003
#      5   -19       4.2260250707E-006
#      5   -18       2.7977500842E-004
#      5   -17       1.7739348241E-004
#      5   -16       8.9557270187E-007
#      5   -15       1.3936365785E-002
#      5   -14       2.7679671911E-005
#      5   -13       1.2943070492E-004
#      5   -12       1.7241484887E-005
#      5   -11       1.0266124521E-006
#      5   -10       3.9949410933E-003
#      5    -9       1.1905744663E-005
#      5    -8       3.2995215641E-005
#      5    -7       7.4661849494E-005
#      5    -6       2.5253268366E-005
#      5    -5       2.8895085351E-002
#      5    -4       1.7809046332E-005
#      5    -3       4.6276909775E-005
#      5    -2       2.3909876924E-005
#      5    -1       7.0725824954E-006
#      5     0       2.6049483805E-003
#      5     1       2.5577569632E-005
#      5     2       2.6404236577E-005
#      5     3       2.7754572146E-005
#      5     4       2.4847713643E-005
#      5     5       3.7244693067E-003
#      5     6       9.6392758156E-005
#      5     7       7.6064346620E-005
#      5     8       1.5837505673E-004
#      5     9       2.6971493330E-005
#      5    10       1.3336755250E-002
#      5    11       2.1755330561E-005
#      5    12       1.4312280162E-004
#      5    13       1.2459825208E-004
#      5    14       1.8631307978E-005
#      5    15       1.0003856945E-002
#      5    16       8.8111674324E-005
#      5    17       1.1845638167E-004
#      5    18       8.4537463900E-006
#      5    19       6.2542742947E-005
#      5    20       6.8139261414E-004
#      5    21       1.8301604529E-005
#      6   -26       4.7180749289E-005
#      6   -25       2.8592771341E-005
#      6   -24       2.3805190534E-004
#      6   -23       1.3055368031E-004
#      6   -22       5.8968985459E-005
#      6   -21       2.9032790854E-004
#      6   -20       1.7817455621E-005
#      6   -19       1.5824154154E-004
#      6   -18       3.7665580489E-005
#      6   -17       1.5348699579E-004
#      6   -16       1.5413482563E-004
#      6   -15       2.1740975347E-005
#      6   -14       1.0169637791E-004
#      6   -13       1.5181595546E-005
#      6   -12       7.7157187391E-005
#      6   -11       8.5418807025E-006
#      6   -10       1.0123065163E-005
#      6    -9       1.1404013651E-004
#      6    -8       1.3186239657E-005
#      6    -7       2.0259534629E-005
#      6    -6       1.2097476933E-004
#      6    -5       3.3528134064E-005
#      6    -4       1.3838720056E-004
#      6    -3       6.3524188568E-005
#      6    -2       1.8747707314E-005
#      6    -1       2.4523213998E-005
#      6     0       1.6119261455E-005
#      6     1       1.5586339278E-005
#      6     2       1.4052308921E-004
#      6     3       1.5441090134E-005
#      6     4       7.4706353390E-005
#      6     5       1.4953987667E-005
#      6     6       1.2685691665E-006
#      6     7       1.1544157884E-004
#      6     8       1.5654784716E-005
#      6     9       2.9901604288E-004
#      6    10       4.7089502342E-005
#      6    11       1.5430550372E-004
#      6    12       2.1791047905E-005
#      6    13       6.7839092172E-005
#      6    14       1.0454588616E-004
#      6    15       4.8505971076E-006
#      6    16       6.4833095555E-005
#      6    17       2.1420788782E-005
#      6    18       1.1504416287E-004
#      6    19       2.0473737850E-005
#      6    20       3.5701869970E-005
#      7   -27       4.2888692915E-005
#      7   -26       9.6891110051E-006
#      7   -25       6.8423544854E-005
#      7   -24       4.5076197220E-005
#      7   -23       1.4672721257E-004
#      7   -22       3.4993532415E-004
#      7   -21       3.8463256680E-005
#      7   -20       1.9674271614E-004
#      7   -19       8.8924426198E-005
#      7   -18       1.1989552086E-004
#      7   -17       1.6291647160E-004
#      7   -16       8.3359634395E-005
#      7   -15       4.4875942833E-005
#      7   -14       4.5644667324E-005
#      7   -13       8.0100126110E-005
#      7   -12       6.9630462248E-005
#      7   -11       5.5786566210E-005
#      7   -10       1.2198588117E-005
#      7    -9       7.1204010589E-005
#      7    -8       4.2923318756E-005
#      7    -7       6.3516193087E-005
#      7    -6       6.7563463755E-005
#      7    -5       3.6348739571E-005
#      7    -4       8.3519991880E-005
#      7    -3       3.9110844326E-006
#      7    -2       1.3637298504E-004
#      7    -1       1.7694143242E-005
#      7     0       4.6268593946E-005
#      7     1       2.2331574109E-005
#      7     2       1.9599176591E-006
#      7     3       3.1170400289E-004
#      7     4       4.4292033870E-005
#      7     5       7.6511498064E-005
#      7     6       7.6016733837E-006
#      7     7       1.3046489130E-005
#      7     8       1.4222473421E-004
#      7     9       1.3714935803E-004
#      7    10       7.8160729863E-005
#      7    11       1.3351121891E-004
#      7    12       7.1321198986E-005
#      7    13       5.6254850282E-005
#      7    14       5.6010476214E-005
#      7    15       2.9627391019E-005
#      7    16       5.3120521373E-006
#      7    17       1.3175072594E-004
#      7    18       2.1461378398E-005
#      7    19       4.4114933325E-005
#      7    20       2.6132208342E-005
#      8   -27       4.0082847863E-006
#      8   -26       2.3595634356E-005
#      8   -25       7.6804023607E-005
#      8   -24       4.4183263619E-005
#      8   -23       1.8164498953E-004
#      8   -22       3.7191210921E-005
#      8   -21       3.9083017908E-004
#      8   -20       1.9699147281E-004
#      8   -19       4.2107370289E-005
#      8   -18       1.5174261608E-004
#      8   -17       5.4164636331E-005
#      8   -16       2.7982484197E-004
#      8   -15       3.0150555495E-006
#      8   -14       2.3409917501E-005
#      8   -13       3.8024877435E-005
#      8   -12       4.0519604095E-005
#      8   -11       7.2579170360E-005
#      8   -10       1.0375286499E-004
#      8    -9       2.0001992436E-006
#      8    -8       7.7636633760E-005
#      8    -7       6.3842598613E-005
#      8    -6       6.9218241677E-005
#      8    -5       1.5356706148E-004
#      8    -4       9.4039086986E-006
#      8    -3       1.0852554736E-005
#      8    -2       4.5354524624E-005
#      8    -1       1.4878554840E-004
#      8     0       1.3392457918E-004
#      8     1       1.1259809812E-005
#      8     2       7.8862261476E-005
#      8     3       9.2406458945E-005
#      8     4       1.5359501858E-004
#      8     5       2.3206307108E-004
#      8     6       9.0681506248E-006
#      8     7       9.6182364574E-006
#      8     8       3.4313140406E-005
#      8     9       3.5262384892E-005
#      8    10       2.4978958270E-004
#      8    11       1.9666695911E-006
#      8    12       1.1134269665E-004
#      8    13       2.9248327429E-005
#      8    14       6.0947861021E-005
#      8    15       3.1087570080E-006
#      8    16       1.7983974955E-005
#      8    17       6.4646815854E-006
#      8    18       3.6903843176E-005
#      8    19       3.8102818085E-005
#      9   -27       3.8693394775E-005
#      9   -26       5.0275067982E-005
#      9   -25       1.3230047551E-004
#      9   -24       2.7625590914E-004
#      9   -23       4.0443735133E-006
#      9   -22       3.3113505539E-004
#      9   -21       1.1009109897E-004
#      9   -20       1.3877832591E-004
#      9   -19       9.0475872726E-005
#      9   -18       1.5198604595E-005
#      9   -17       1.5014094123E-004
#      9   -16       1.7770251661E-005
#      9   -15       3.1702615876E-004
#      9   -14       1.3059625654E-004
#      9   -13       1.3398635985E-005
#      9   -12       1.4103285557E-005
#      9   -11       1.1883902009E-004
#      9   -10       3.1467644041E-005
#      9    -9       1.4009609297E-004
#      9    -8       8.5667794450E-006
#      9    -7       2.6283464387E-005
#      9    -6       2.3282143735E-004
#      9    -5       1.1624209039E-005
#      9    -4       1.7671170486E-004
#      9    -3       4.6035742391E-006
#      9    -2       4.2194095237E-005
#      9    -1       2.2756646435E-004
#      9     0       1.3543808022E-005
#      9     1       1.3759966371E-004
#      9     2       9.8710153627E-006
#      9     3       4.9299504622E-005
#      9     4       2.7237965406E-004
#      9     5       1.4757587484E-005
#      9     6       1.3174299248E-004
#      9     7       3.9383018680E-005
#      9     8       3.9445074842E-005
#      9     9       1.3163253172E-004
#      9    10       3.6684144012E-005
#      9    11       8.0968304085E-005
#      9    12       9.4619027879E-006
#      9    13       4.6263517990E-005
#      9    14       1.9283144045E-005
#      9    15       3.5050595162E-005
#      9    16       1.8565325385E-005
#      9    17       2.2713652681E-006
#      9    18       1.9318330220E-006
#     10   -27       4.1462841748E-005
#     10   -26       5.5692630431E-005
#     10   -25       3.1779618586E-004
#     10   -24       5.0325028749E-005
#     10   -23       1.0282746179E-004
#     10   -22       1.0797773092E-004
#     10   -21       2.0595693628E-004
#     10   -20       5.0920144724E-003
#     10   -19       1.6562499197E-004
#     10   -18       1.4496137432E-004
#     10   -17       4.0703783909E-006
#     10   -16       1.1032220665E-004
#     10   -15       1.3415022665E-002
#     10   -14       7.4261793770E-005
#     10   -13       1.9608916786E-004
#     10   -12       8.2307628452E-006
#     10   -11       3.6509763939E-005
#     10   -10       1.3411512370E-002
#     10    -9       1.3058136305E-004
#     10    -8       7.9863545661E-005
#     10    -7       5.2901218388E-006
#     10    -6       1.3146379907E-005
#     10    -5       2.5734899476E-003
#     10    -4       9.3842809598E-005
#     10    -3       1.1382825600E-004
#     10    -2       2.9424937149E-005
#     10    -1       2.1519796124E-005
#     10     0       4.3051342666E-002
#     10     1       9.2430607412E-005
#     10     2       9.5084307874E-006
#     10     3       2.9961721898E-005
#     10     4       2.7276308033E-006
#     10     5       1.3842190972E-002
#     10     6       1.8616538518E-004
#     10     7       4.4538069408E-005
#     10     8       5.6269195706E-005
#     10     9       3.1732640946E-006
#     10    10       6.5831309880E-003
#     10    11       1.2990753515E-004
#     10    12       2.9751725678E-006
#     10    13       5.2018867004E-006
#     10    14       6.9072919183E-005
#     10    15       6.8075529215E-004
#     10    16       2.0594364148E-005
#     10    17       1.9746916140E-005
#     11   -27       4.4055662084E-005
#     11   -26       1.2375808660E-004
#     11   -25       4.1851148983E-005
#     11   -24       9.1952373470E-005
#     11   -23       1.1507494396E-004
#     11   -22       7.6588039411E-006
#     11   -21       1.9477701918E-004
#     11   -20       6.6019853497E-005
#     11   -19       4.9396327721E-004
#     11   -18       2.7280628117E-005
#     11   -17       9.4221272020E-005
#     11   -16       2.0897448300E-006
#     11   -15       5.7617110110E-005
#     11   -14       3.2641199462E-004
#     11   -13       3.5465697502E-004
#     11   -12       6.1841277161E-005
#     11   -11       4.7100679546E-005
#     11   -10       1.3174980796E-004
#     11    -9       5.5637647562E-005
#     11    -8       2.9728372695E-004
#     11    -7       9.0443900372E-006
#     11    -6       8.9073761746E-007
#     11    -5       8.8630763228E-005
#     11    -4       9.5817427425E-005
#     11    -3       2.3709545033E-004
#     11    -2       8.7299614651E-006
#     11    -1       1.0764244436E-004
#     11     0       8.0796502305E-005
#     11     1       7.2295725714E-005
#     11     2       8.1371587414E-005
#     11     3       6.7994670009E-005
#     11     4       1.0574363219E-004
#     11     5       6.4870237929E-005
#     11     6       1.6678333576E-005
#     11     7       1.3083915889E-004
#     11     8       5.7387633470E-005
#     11     9       3.0472460784E-005
#     11    10       8.2204745111E-005
#     11    11       1.1930551343E-005
#     11    12       7.4425577018E-005
#     11    13       7.4823455476E-006
#     11    14       5.5596494943E-006
#     11    15       3.6341927960E-005
#     11    16       1.6246800856E-005
#     12   -27       4.2497312703E-005
#     12   -26       1.2483199018E-005
#     12   -25       1.6691580855E-004
#     12   -24       6.3303029700E-005
#     12   -23       1.5588336536E-004
#     12   -22       1.7489642266E-005
#     12   -21       2.1339434271E-005
#     12   -20       1.4390355336E-004
#     12   -19       4.0464581725E-005
#     12   -18       3.3919226306E-004
#     12   -17       5.0476187022E-004
#     12   -16       2.1322218663E-006
#     12   -15       8.3007105935E-006
#     12   -14       1.9154294762E-004
#     12   -13       3.6976849718E-005
#     12   -12       6.5106534662E-004
#     12   -11       1.8560655548E-005
#     12   -10       4.9060682747E-005
#     12    -9       1.8274171175E-004
#     12    -8       1.1505351364E-005
#     12    -7       2.5231709896E-004
#     12    -6       8.0179055648E-006
#     12    -5       8.7352613511E-006
#     12    -4       1.1985065196E-004
#     12    -3       2.8335412175E-006
#     12    -2       1.5362403714E-004
#     12    -1       3.9042602508E-005
#     12     0       4.0241729874E-005
#     12     1       1.2470872251E-004
#     12     2       9.2766892205E-005
#     12     3       2.0698084174E-005
#     12     4       1.5751146515E-005
#     12     5       8.6811516178E-005
#     12     6       1.8588518356E-004
#     12     7       9.0370992290E-005
#     12     8       1.3978614932E-005
#     12     9       1.3429130717E-005
#     12    10       4.8394425641E-006
#     12    11       1.2272155191E-004
#     12    12       5.4695635984E-005
#     12    13       1.5634768454E-005
#     12    14       8.7313995392E-007
#     12    15       6.8028351011E-006
#     13   -28       4.8397411121E-005
#     13   -27       3.0103285943E-005
#     13   -26       1.8770319405E-005
#     13   -25       9.3507098649E-005
#     13   -24       1.1461828526E-004
#     13   -23       9.0713403014E-005
#     13   -22       7.0835613510E-005
#     13   -21       4.8446913679E-005
#     13   -20       1.0841968426E-005
#     13   -19       7.5827794021E-005
#     13   -18       4.2162812352E-004
#     13   -17       4.6567422806E-005
#     13   -16       5.8895717073E-004
#     13   -15       1.8452511395E-004
#     13   -14       4.7020600249E-005
#     13   -13       2.4145887195E-004
#     13   -12       2.0399765715E-004
#     13   -11       2.7183573698E-004
#     13   -10       9.3451162606E-005
#     13    -9       7.2423508413E-005
#     13    -8       8.1207755575E-005
#     13    -7       1.1482046850E-004
#     13    -6       1.1062450253E-004
#     13    -5       4.7405435564E-005
#     13    -4       2.1410729128E-005
#     13    -3       4.1278500341E-005
#     13    -2       9.4510283034E-005
#     13    -1       2.1133269810E-006
#     13     0       9.1380000495E-005
#     13     1       5.5238135426E-006
#     13     2       3.3079886697E-005
#     13     3       1.1744494282E-004
#     13     4       1.5922370560E-004
#     13     5       6.4608408799E-005
#     13     6       6.7196482804E-006
#     13     7       5.0497555106E-005
#     13     8       1.1704242970E-004
#     13     9       2.0757512352E-005
#     13    10       1.5134564973E-005
#     13    11       2.6081249918E-005
#     13    12       2.2515316308E-005
#     13    13       4.3876461582E-005
#     13    14       3.0167500755E-006
#     13    15       1.5929085759E-006
#     14   -28       7.0981068055E-006
#     14   -27       1.4952613749E-005
#     14   -26       5.8147160040E-005
#     14   -25       3.0219292779E-005
#     14   -24       9.4108044454E-005
#     14   -23       3.0250482657E-005
#     14   -22       2.8652421583E-004
#     14   -21       8.3609194085E-005
#     14   -20       1.5508447910E-005
#     14   -19       1.1264835314E-005
#     14   -18       3.9921112968E-005
#     14   -17       3.9955112356E-004
#     14   -16       6.5243079626E-004
#     14   -15       9.5915621954E-005
#     14   -14       2.7563684960E-004
#     14   -13       1.0852604282E-004
#     14   -12       3.0256573153E-005
#     14   -11       4.2970634358E-004
#     14   -10       3.4850724712E-005
#     14    -9       7.2812405376E-005
#     14    -8       5.5035886743E-005
#     14    -7       2.1403829249E-005
#     14    -6       2.0202558243E-004
#     14    -5       1.4943326847E-005
#     14    -4       3.8564349020E-005
#     14    -3       2.8768807426E-005
#     14    -2       5.3660112361E-006
#     14    -1       8.0050290911E-005
#     14     0       7.2711864308E-005
#     14     1       4.2839275415E-005
#     14     2       5.1848114751E-005
#     14     3       3.9911287535E-005
#     14     4       5.1993147655E-006
#     14     5       8.0843910487E-005
#     14     6       1.1629025956E-004
#     14     7       1.3167953470E-004
#     14     8       1.0311835561E-005
#     14     9       4.0175914177E-005
#     14    10       1.0526681964E-005
#     14    11       1.4269595787E-005
#     14    12       4.6595824428E-005
#     14    13       3.1111289204E-006
#     14    14       2.3170379005E-006
#     15   -28       7.4845642687E-005
#     15   -27       7.1239937462E-006
#     15   -26       4.8371678424E-005
#     15   -25       9.3542709031E-004
#     15   -24       5.1648872011E-006
#     15   -23       1.1953603911E-004
#     15   -22       4.0449418688E-005
#     15   -21       1.3979753755E-004
#     15   -20       1.2166720820E-002
#     15   -19       2.8851349199E-005
#     15   -18       2.9328670941E-005
#     15   -17       1.1850537512E-004
#     15   -16       1.9585727171E-005
#     15   -15       3.4373842328E-002
#     15   -14       1.0930997927E-004
#     15   -13       1.5900992272E-004
#     15   -12       6.1389911704E-005
#     15   -11       4.1506243997E-005
#     15   -10       1.4837973099E-002
#     15    -9       4.8744020809E-005
#     15    -8       3.4541811918E-005
#     15    -7       5.2818139609E-005
#     15    -6       7.5068717378E-006
#     15    -5       1.3770935302E-002
#     15    -4       7.1644827965E-005
#     15    -3       9.6024106806E-006
#     15    -2       2.6007383685E-005
#     15    -1       8.9326122959E-005
#     15     0       2.6701265289E-002
#     15     1       5.3801308481E-005
#     15     2       1.4097625781E-005
#     15     3       7.4117024052E-005
#     15     4       1.2865672939E-004
#     15     5       8.0856951069E-003
#     15     6       8.6519267042E-006
#     15     7       1.2470066807E-005
#     15     8       6.5375331048E-005
#     15     9       3.1788182685E-005
#     15    10       4.8755040084E-004
#     15    11       6.2301889859E-006
#     15    12       2.3788334905E-006
#     15    13       1.9939836859E-005
#     16   -27       2.6431511892E-005
#     16   -26       3.1505638741E-005
#     16   -25       1.7930161429E-005
#     16   -24       7.9187627826E-005
#     16   -23       4.5443544779E-005
#     16   -22       5.1321976016E-005
#     16   -21       2.2392685804E-004
#     16   -20       3.6210166126E-005
#     16   -19       3.5399801932E-004
#     16   -18       2.1944146815E-004
#     16   -17       9.4736730456E-005
#     16   -16       1.1742582442E-004
#     16   -15       1.8648464607E-004
#     16   -14       2.6493109089E-004
#     16   -13       1.8876540357E-004
#     16   -12       9.0748011526E-005
#     16   -11       1.6585511649E-005
#     16   -10       1.2299726012E-004
#     16    -9       3.1558999999E-005
#     16    -8       1.9931729403E-005
#     16    -7       1.0933617647E-005
#     16    -6       7.2624310437E-005
#     16    -5       1.3929647340E-004
#     16    -4       1.5449592690E-005
#     16    -3       2.8375090530E-005
#     16    -2       2.8154746601E-005
#     16    -1       2.7080996999E-005
#     16     0       1.4217501664E-004
#     16     1       5.2984485809E-005
#     16     2       3.4583712993E-005
#     16     3       8.8536373594E-006
#     16     4       1.7036243912E-005
#     16     5       8.0297109195E-005
#     16     6       6.2722619458E-005
#     16     7       5.9777219782E-005
#     16     8       3.8707914638E-005
#     16     9       5.2501422819E-006
#     16    10       2.1015813057E-005
#     16    11       9.5074526405E-006
#     17   -27       3.4823804567E-005
#     17   -26       1.1150919478E-005
#     17   -25       1.9744677549E-004
#     17   -24       6.5255835603E-005
#     17   -23       6.9181909399E-006
#     17   -22       4.0784721739E-005
#     17   -21       4.1781746620E-006
#     17   -20       1.2765691573E-004
#     17   -19       4.6759334088E-004
#     17   -18       9.9029095105E-005
#     17   -17       3.2157614816E-004
#     17   -16       3.6955754240E-005
#     17   -15       4.4748913056E-006
#     17   -14       2.6456347749E-004
#     17   -13       7.2922928753E-005
#     17   -12       1.0028145052E-004
#     17   -11       1.3190523227E-005
#     17   -10       5.8270313481E-006
#     17    -9       9.9598470909E-005
#     17    -8       5.7425148115E-005
#     17    -7       1.5320456741E-005
#     17    -6       3.5871019778E-005
#     17    -5       8.7424522816E-006
#     17    -4       1.4530884400E-004
#     17    -3       1.0306427929E-004
#     17    -2       1.9305895625E-005
#     17    -1       4.9985585629E-005
#     17     0       3.6746237360E-005
#     17     1       1.1388026498E-004
#     17     2       3.6676123147E-005
#     17     3       2.1294917015E-005
#     17     4       8.5804392356E-005
#     17     5       2.7657527523E-005
#     17     6       4.4873208910E-005
#     17     7       1.1720272249E-006
#     17     8       3.7830785953E-005
#     17     9       2.8918484280E-005
#     17    10       7.8755362759E-006
#     18   -27       2.2772205330E-006
#     18   -26       1.7429189082E-005
#     18   -25       2.3808340314E-005
#     18   -24       5.6962411462E-005
#     18   -23       1.2938302063E-004
#     18   -22       5.1553706459E-005
#     18   -21       4.9668200948E-005
#     18   -20       1.9119205926E-005
#     18   -19       1.9363507948E-006
#     18   -18       6.4952712613E-004
#     18   -17       9.5536361491E-005
#     18   -16       2.5240562964E-004
#     18   -15       1.5753139412E-005
#     18   -14       4.0015705246E-005
#     18   -13       6.4770028767E-005
#     18   -12       3.5377060456E-005
#     18   -11       8.0738848441E-005
#     18   -10       8.0147071102E-005
#     18    -9       2.8103243629E-005
#     18    -8       1.9870846113E-005
#     18    -7       4.1811775459E-005
#     18    -6       4.8406961059E-005
#     18    -5       1.5355230878E-004
#     18    -4       7.3354276724E-005
#     18    -3       1.8375774251E-005
#     18    -2       4.5318485920E-005
#     18    -1       4.8899466414E-005
#     18     0       1.3836857455E-004
#     18     1       7.3840615787E-005
#     18     2       7.6265496870E-005
#     18     3       4.3285674235E-005
#     18     4       2.3598682369E-006
#     18     5       3.5253421281E-005
#     18     6       4.9125403930E-005
#     18     7       2.3329773829E-005
#     18     8       3.0548378036E-005
#     18     9       4.5285877788E-006
#     19   -27       1.3167867408E-005
#     19   -26       2.7199765098E-005
#     19   -25       5.2054411835E-006
#     19   -24       5.6073704307E-005
#     19   -23       3.7510769701E-005
#     19   -22       1.7650272744E-004
#     19   -21       2.0559165224E-004
#     19   -20       2.0081849469E-005
#     19   -19       4.6577997756E-005
#     19   -18       1.0471128216E-004
#     19   -17       2.4459907653E-004
#     19   -16       1.5919776291E-004
#     19   -15       8.9104088745E-005
#     19   -14       7.7949238644E-005
#     19   -13       5.7445534893E-005
#     19   -12       3.7904109064E-005
#     19   -11       7.9259285920E-006
#     19   -10       5.2511146205E-006
#     19    -9       8.2203087248E-005
#     19    -8       1.1934788615E-004
#     19    -7       5.7191345520E-005
#     19    -6       5.1099916336E-006
#     19    -5       1.0818224535E-005
#     19    -4       1.3527046980E-004
#     19    -3       2.0742983746E-004
#     19    -2       1.7415987755E-005
#     19    -1       9.6656239485E-006
#     19     0       2.0702158556E-005
#     19     1       6.2933804063E-005
#     19     2       1.2047670143E-004
#     19     3       1.6717801417E-005
#     19     4       4.8417942776E-005
#     19     5       1.8763110846E-005
#     19     6       1.6700094944E-005
#     19     7       1.8250050450E-005
#     19     8       4.7378955478E-006
#     20   -27       1.5037359081E-005
#     20   -26       1.7282387186E-006
#     20   -25       1.1336110809E-003
#     20   -24       5.0804307342E-007
#     20   -23       6.9858614131E-005
#     20   -22       2.1215363980E-004
#     20   -21       3.7366519225E-005
#     20   -20       7.2979501015E-003
#     20   -19       2.1285258175E-006
#     20   -18       7.6751247192E-006
#     20   -17       1.5200328381E-004
#     20   -16       5.9282397138E-005
#     20   -15       9.8267310914E-003
#     20   -14       9.3796679104E-006
#     20   -13       1.9896019934E-005
#     20   -12       3.1043412688E-005
#     20   -11       4.7544172950E-005
#     20   -10       7.0908404137E-003
#     20    -9       5.3171228652E-005
#     20    -8       9.1622188612E-006
#     20    -7       6.8520139961E-005
#     20    -6       7.2438419561E-005
#     20    -5       7.0545139732E-003
#     20    -4       7.9927964828E-005
#     20    -3       6.7497369982E-006
#     20    -2       1.2677113507E-004
#     20    -1       3.3737260858E-005
#     20     0       2.8861205436E-003
#     20     1       6.7961266273E-005
#     20     2       1.6372007225E-005
#     20     3       4.1552397422E-005
#     20     4       4.2028325820E-006
#     20     5       4.0726932539E-004
#     20     6       2.6498724646E-005
#     20     7       5.4122819360E-006
#     21   -26       3.4865074903E-005
#     21   -25       2.8743935839E-005
#     21   -24       3.1395128528E-005
#     21   -23       3.6376539021E-005
#     21   -22       1.7793354529E-006
#     21   -21       2.1807852458E-004
#     21   -20       6.1366044109E-005
#     21   -19       1.0501774550E-004
#     21   -18       5.4096169153E-005
#     21   -17       7.6959346067E-006
#     21   -16       4.4557800096E-005
#     21   -15       1.8096289982E-005
#     21   -14       6.5998536662E-005
#     21   -13       6.9486899550E-005
#     21   -12       1.8256583121E-005
#     21   -11       3.2301659471E-006
#     21   -10       1.6421873681E-005
#     21    -9       1.8706562986E-005
#     21    -8       7.4705514053E-005
#     21    -7       5.8458323040E-005
#     21    -6       2.1061717552E-006
#     21    -5       1.1689234898E-005
#     21    -4       2.3919320859E-005
#     21    -3       1.3775056172E-004
#     21    -2       6.4232497053E-005
#     21    -1       2.4015301562E-005
#     21     0       4.3933925659E-005
#     21     1       5.5229496183E-006
#     21     2       5.0976759553E-005
#     21     3       7.5542957589E-006
#     21     4       1.1905991959E-005
#     21     5       5.3183495118E-006
#     22   -26       2.7437994347E-005
#     22   -25       3.6880537510E-005
#     22   -24       6.1800478637E-005
#     22   -23       1.9739092341E-005
#     22   -22       7.3412224169E-005
#     22   -21       6.1406970160E-005
#     22   -20       5.1227971184E-005
#     22   -19       7.5733245832E-005
#     22   -18       1.6742371394E-005
#     22   -17       7.0464100161E-005
#     22   -16       4.6054017536E-005
#     22   -15       1.6771993806E-005
#     22   -14       1.0293773362E-005
#     22   -13       9.3280732279E-007
#     22   -12       2.8043432459E-005
#     22   -11       4.5824106643E-005
#     22   -10       3.5185827783E-006
#     22    -9       1.1816259288E-006
#     22    -8       3.4471985009E-006
#     22    -7       2.9625384634E-005
#     22    -6       8.8266261508E-005
#     22    -5       2.0543175238E-005
#     22    -4       3.5681660154E-005
#     22    -3       7.1622112318E-006
#     22    -2       3.0561234316E-005
#     22    -1       6.1457167353E-005
#     22     0       2.2020729642E-005
#     22     1       3.1303930171E-005
#     22     2       1.9173244992E-005
#     22     3       6.2664090946E-006
#     22     4       1.1389874056E-005
#     23   -25       5.7433584403E-005
#     23   -24       1.8929308087E-005
#     23   -23       5.4934347171E-005
#     23   -22       1.3502353826E-005
#     23   -21       8.1369332680E-006
#     23   -20       5.5587588718E-005
#     23   -19       2.0771827377E-005
#     23   -18       1.4109003012E-004
#     23   -17       1.4569145636E-005
#     23   -16       3.6505614374E-005
#     23   -15       2.9550968808E-005
#     23   -14       6.4790690015E-006
#     23   -13       5.4101236337E-006
#     23   -12       1.1693417273E-005
#     23   -11       3.3203310017E-007
#     23   -10       4.5108142882E-005
#     23    -9       2.5056278981E-005
#     23    -8       7.7088489560E-006
#     23    -7       3.7014094250E-005
#     23    -6       7.0292073029E-006
#     23    -5       2.8000246385E-005
#     23    -4       2.6883039088E-005
#     23    -3       2.2501315678E-005
#     23    -2       5.4231326181E-005
#     23    -1       1.1394278933E-005
#     23     0       1.2328971647E-005
#     23     1       1.0608519386E-005
#     23     2       6.2100863058E-005
#     24   -24       3.0388807223E-005
#     24   -23       2.1097522416E-005
#     24   -22       3.2977016296E-005
#     24   -21       3.1353778750E-005
#     24   -20       5.8142920023E-006
#     24   -19       1.7866808523E-005
#     24   -18       8.4170900478E-006
#     24   -17       3.9174437265E-005
#     24   -16       1.2879902865E-004
#     24   -15       1.6072724370E-005
#     24   -14       5.2235290426E-006
#     24   -13       5.8715354135E-006
#     24   -12       1.5456853626E-006
#     24   -11       1.8740434761E-005
#     24   -10       1.9696920138E-005
#     24    -9       2.9925979980E-006
#     24    -8       7.9712503317E-006
#     24    -7       6.2918325706E-006
#     24    -6       1.5980283574E-005
#     24    -5       2.7589666678E-005
#     24    -4       2.1831789257E-005
#     24    -3       8.6184956362E-006
#     24    -2       1.4196602444E-005
#     24    -1       3.0979515519E-005
#     24     0       6.8242694092E-006
#     25   -23       2.2711105575E-005
#     25   -22       6.6938950281E-005
#     25   -21       4.9446210555E-006
#     25   -20       6.8820562213E-004
#     25   -19       1.7728103961E-005
#     25   -18       1.1740676788E-005
#     25   -17       1.5118618766E-006
#     25   -16       3.7846946809E-006
#     25   -15       5.7079571346E-004
#     25   -14       2.8872549906E-005
#     25   -13       9.9065954776E-007
#     25   -12       2.2723133297E-006
#     25   -11       6.2184324390E-006
#     25   -10       3.5392118741E-004
#     25    -9       3.8968733008E-005
#     25    -8       9.7730960844E-006
#     25    -7       8.2452575605E-006
#     25    -6       5.4065352092E-006
#     25    -5       3.3267189519E-004
#     25    -4       1.2828743697E-005
#     25    -3       1.8376871808E-005
#     25    -2       2.1473175432E-005
#     26   -22       9.3665730425E-006
#     26   -21       1.1889632903E-005
#     26   -20       1.5703035578E-005
#     26   -19       3.5427509642E-006
