 Diffraction intensities for potential:gv5x5_01D10008.in                       
#    -28    13       9.2682974741E-008
#    -28    14       5.0349168473E-007
#    -28    15       6.1201693119E-008
#    -27     7       4.7379869227E-007
#    -27     8       4.0188373426E-007
#    -27     9       3.4688387328E-007
#    -27    10       4.0850216291E-007
#    -27    11       2.9362062793E-007
#    -27    12       1.6745715953E-008
#    -27    13       1.4440698102E-007
#    -27    14       2.9696267120E-007
#    -27    15       2.8754460916E-007
#    -27    16       7.5578493305E-007
#    -27    17       6.2292588987E-007
#    -27    18       3.8375783763E-007
#    -27    19       5.2312897505E-007
#    -27    20       5.2081812552E-007
#    -26     4       6.9670627248E-007
#    -26     5       5.9280463589E-007
#    -26     6       1.1162159265E-006
#    -26     7       1.2569732867E-006
#    -26     8       4.6558982243E-007
#    -26     9       8.6148643275E-007
#    -26    10       8.1381233825E-007
#    -26    11       5.3150104966E-007
#    -26    12       4.9268648452E-007
#    -26    13       1.4191645089E-006
#    -26    14       7.1569192301E-007
#    -26    15       1.0080905137E-006
#    -26    16       7.3323395655E-007
#    -26    17       6.5503830152E-007
#    -26    18       7.9995415751E-008
#    -26    19       1.2488133437E-006
#    -26    20       4.5869633718E-007
#    -26    21       7.0767105817E-007
#    -26    22       3.8248944873E-007
#    -25     2       2.8676877444E-006
#    -25     3       9.7955416628E-007
#    -25     4       5.5026963313E-007
#    -25     5       8.1917739298E-004
#    -25     6       6.2734612390E-007
#    -25     7       1.2620351132E-006
#    -25     8       3.1382649926E-006
#    -25     9       6.2724629176E-008
#    -25    10       9.7456740842E-004
#    -25    11       3.0353177277E-008
#    -25    12       1.2492168895E-006
#    -25    13       7.4084192013E-007
#    -25    14       2.8390684915E-006
#    -25    15       3.8161496574E-004
#    -25    16       4.8970312112E-006
#    -25    17       3.9124314462E-006
#    -25    18       2.8656888050E-006
#    -25    19       2.3671208050E-006
#    -25    20       2.6516215339E-004
#    -25    21       9.1263376327E-007
#    -25    22       1.2992234063E-007
#    -25    23       6.9966194314E-007
#    -24     0       9.0886901769E-007
#    -24     1       1.7613631596E-006
#    -24     2       1.1162408226E-006
#    -24     3       1.5767918962E-006
#    -24     4       1.2937524947E-006
#    -24     5       9.8845114184E-007
#    -24     6       9.7509207846E-007
#    -24     7       5.7922641624E-007
#    -24     8       1.0538628723E-006
#    -24     9       5.0118016424E-007
#    -24    10       3.7246557074E-007
#    -24    11       8.8115859888E-007
#    -24    12       1.0951633766E-006
#    -24    13       1.6903466716E-006
#    -24    14       2.0589859374E-006
#    -24    15       2.0704634603E-006
#    -24    16       3.8463802506E-006
#    -24    17       3.8677084020E-006
#    -24    18       2.4401339488E-006
#    -24    19       2.7809608537E-006
#    -24    20       3.0317864320E-006
#    -24    21       1.4035575073E-006
#    -24    22       8.3114912616E-007
#    -24    23       2.3591210263E-006
#    -24    24       1.1182995857E-006
#    -23    -2       2.9374638854E-006
#    -23    -1       1.7452145929E-006
#    -23     0       6.5353061159E-007
#    -23     1       1.2511357714E-006
#    -23     2       1.4598135676E-006
#    -23     3       6.9587527414E-007
#    -23     4       1.1597615372E-006
#    -23     5       1.5163821268E-006
#    -23     6       1.1309469426E-006
#    -23     7       6.2888976876E-007
#    -23     8       2.2398114850E-007
#    -23     9       6.2730188841E-008
#    -23    10       8.4748468442E-007
#    -23    11       6.8387826045E-007
#    -23    12       1.0615221211E-006
#    -23    13       1.8220095868E-006
#    -23    14       3.3380938687E-006
#    -23    15       2.9881248792E-006
#    -23    16       5.1997200842E-006
#    -23    17       4.2969858070E-006
#    -23    18       2.0802180487E-006
#    -23    19       1.9283541122E-006
#    -23    20       1.8997821538E-006
#    -23    21       1.2934346203E-006
#    -23    22       7.3789054445E-007
#    -23    23       1.2308093019E-006
#    -23    24       3.2609739513E-006
#    -23    25       3.4670143378E-006
#    -22    -4       8.3348167667E-007
#    -22    -3       8.8641110787E-007
#    -22    -2       1.3209118504E-006
#    -22    -1       1.2705705868E-006
#    -22     0       1.6704077380E-006
#    -22     1       6.2612866156E-007
#    -22     2       1.2635123041E-006
#    -22     3       1.2651371279E-006
#    -22     4       1.5039968027E-006
#    -22     5       5.7721107613E-007
#    -22     6       3.8725585611E-007
#    -22     7       1.2896258015E-007
#    -22     8       1.1164106604E-007
#    -22     9       2.1087440703E-007
#    -22    10       6.4192048495E-007
#    -22    11       7.4432939775E-007
#    -22    12       6.6100631453E-007
#    -22    13       1.3289525272E-006
#    -22    14       2.2862837939E-006
#    -22    15       3.6529964304E-006
#    -22    16       3.7287434467E-006
#    -22    17       4.2738474072E-006
#    -22    18       3.9105021089E-006
#    -22    19       3.0411695594E-006
#    -22    20       3.2165988665E-006
#    -22    21       1.2880093641E-006
#    -22    22       5.0129040529E-006
#    -22    23       4.3888978777E-006
#    -22    24       5.8121246402E-006
#    -22    25       3.8218206379E-006
#    -22    26       3.3514112242E-006
#    -21    -5       6.4157293148E-007
#    -21    -4       6.5175750291E-007
#    -21    -3       1.9053316770E-006
#    -21    -2       1.5864186211E-006
#    -21    -1       6.0720257714E-007
#    -21     0       1.4231764442E-006
#    -21     1       1.4042726978E-006
#    -21     2       7.5110053696E-007
#    -21     3       1.5454958327E-006
#    -21     4       8.6374314674E-007
#    -21     5       3.6836339172E-008
#    -21     6       1.3726750855E-007
#    -21     7       6.0319655289E-007
#    -21     8       1.1067664172E-006
#    -21     9       3.9057185918E-007
#    -21    10       2.0448561156E-007
#    -21    11       1.9449565188E-007
#    -21    12       1.3152348216E-006
#    -21    13       3.2416062287E-006
#    -21    14       3.9224835169E-006
#    -21    15       6.3704395623E-006
#    -21    16       9.1481583159E-006
#    -21    17       7.1414086686E-006
#    -21    18       8.2299430391E-006
#    -21    19       8.7453356683E-006
#    -21    20       5.9996064182E-006
#    -21    21       3.3124071438E-006
#    -21    22       6.7286136124E-006
#    -21    23       7.5104348894E-006
#    -21    24       4.8835473766E-006
#    -21    25       2.3987413142E-006
#    -21    26       3.5744864324E-006
#    -20    -7       5.6143810972E-007
#    -20    -6       1.2383901169E-006
#    -20    -5       8.1880927519E-004
#    -20    -4       1.3952641032E-006
#    -20    -3       7.1108924501E-007
#    -20    -2       1.1777272058E-006
#    -20    -1       1.2987652901E-006
#    -20     0       8.1638122323E-003
#    -20     1       1.5320192624E-006
#    -20     2       1.0874096550E-006
#    -20     3       1.4865992584E-006
#    -20     4       5.9333973420E-007
#    -20     5       1.2499403513E-002
#    -20     6       1.9524423682E-006
#    -20     7       2.6397001282E-006
#    -20     8       1.1422974517E-006
#    -20     9       8.4385170492E-007
#    -20    10       6.9885810751E-003
#    -20    11       1.6614521195E-006
#    -20    12       6.2830087379E-006
#    -20    13       1.1064933352E-005
#    -20    14       1.2587821629E-005
#    -20    15       7.6739394477E-003
#    -20    16       1.4881487909E-005
#    -20    17       1.3456942013E-005
#    -20    18       9.9257870687E-006
#    -20    19       7.6323443971E-006
#    -20    20       2.1851792055E-003
#    -20    21       6.2158007536E-006
#    -20    22       8.6347628548E-006
#    -20    23       1.8149260165E-005
#    -20    24       8.6860142269E-006
#    -20    25       2.2269844950E-004
#    -20    26       1.0182312911E-005
#    -20    27       7.9563305445E-006
#    -19    -8       4.4542508289E-007
#    -19    -7       1.3534233135E-006
#    -19    -6       6.9177175825E-007
#    -19    -5       1.0168327547E-006
#    -19    -4       1.1728475726E-006
#    -19    -3       1.1171810408E-006
#    -19    -2       6.2982212961E-007
#    -19    -1       1.4242434986E-006
#    -19     0       1.5793202749E-006
#    -19     1       1.2748044489E-006
#    -19     2       8.6821922888E-007
#    -19     3       1.0570571540E-006
#    -19     4       2.4904291496E-006
#    -19     5       3.9751082748E-006
#    -19     6       3.8714972100E-006
#    -19     7       3.8821125831E-006
#    -19     8       1.4923788247E-006
#    -19     9       4.1678344050E-007
#    -19    10       1.4433329649E-006
#    -19    11       3.5610519944E-006
#    -19    12       1.0985778847E-005
#    -19    13       1.7461338675E-005
#    -19    14       2.3734622074E-005
#    -19    15       2.3586157344E-005
#    -19    16       2.4220607600E-005
#    -19    17       1.9578427217E-005
#    -19    18       1.7105478358E-005
#    -19    19       1.1936395320E-005
#    -19    20       1.1745852817E-005
#    -19    21       9.2998823445E-006
#    -19    22       1.4477760359E-005
#    -19    23       1.5799570018E-005
#    -19    24       1.2590256430E-005
#    -19    25       1.9724492889E-005
#    -19    26       2.2611786441E-005
#    -19    27       1.3647857589E-005
#    -18    -9       3.2886345988E-007
#    -18    -8       7.0521190931E-007
#    -18    -7       1.1078369270E-006
#    -18    -6       9.3979237783E-007
#    -18    -5       1.3276371912E-006
#    -18    -4       1.2591870457E-006
#    -18    -3       1.2843645708E-006
#    -18    -2       1.1008725209E-006
#    -18    -1       1.4173799026E-006
#    -18     0       1.9070148701E-006
#    -18     1       1.2633433789E-006
#    -18     2       1.7767307620E-006
#    -18     3       4.2211260362E-006
#    -18     4       6.7809562781E-006
#    -18     5       6.7021085618E-006
#    -18     6       6.5154774133E-006
#    -18     7       3.6291716522E-006
#    -18     8       1.6999373825E-006
#    -18     9       1.8104442697E-006
#    -18    10       4.0047597724E-006
#    -18    11       9.4297403391E-006
#    -18    12       1.8215416517E-005
#    -18    13       2.7515111193E-005
#    -18    14       3.4521611025E-005
#    -18    15       3.5399598448E-005
#    -18    16       3.1695949073E-005
#    -18    17       2.6161964468E-005
#    -18    18       1.8393590172E-005
#    -18    19       1.0928218603E-005
#    -18    20       1.2003293938E-005
#    -18    21       2.0586438058E-005
#    -18    22       2.7591900733E-005
#    -18    23       2.6339093925E-005
#    -18    24       4.3822562755E-005
#    -18    25       3.8553775086E-005
#    -18    26       3.3840229699E-006
#    -18    27       1.0918378568E-005
#    -17   -10       4.9725260552E-007
#    -17    -9       8.4247867605E-007
#    -17    -8       2.8593345801E-006
#    -17    -7       5.5991020406E-007
#    -17    -6       1.2369175028E-006
#    -17    -5       4.1434476998E-007
#    -17    -4       7.7400622995E-007
#    -17    -3       1.9433325976E-006
#    -17    -2       1.1906726347E-006
#    -17    -1       1.4904846568E-006
#    -17     0       1.5015711443E-006
#    -17     1       4.0667675831E-006
#    -17     2       5.5448920531E-006
#    -17     3       8.7806545826E-006
#    -17     4       9.7371389795E-006
#    -17     5       9.2793744417E-006
#    -17     6       6.6600055702E-006
#    -17     7       4.0785304295E-006
#    -17     8       2.5063942178E-006
#    -17     9       4.2201263387E-006
#    -17    10       1.0216537886E-005
#    -17    11       1.8293171621E-005
#    -17    12       3.1186757435E-005
#    -17    13       3.8510640054E-005
#    -17    14       4.2902153623E-005
#    -17    15       3.7364662649E-005
#    -17    16       3.4973042647E-005
#    -17    17       2.0206455539E-005
#    -17    18       1.1771476147E-005
#    -17    19       1.1411525297E-005
#    -17    20       2.2290268990E-005
#    -17    21       2.8297755330E-005
#    -17    22       3.6318963451E-005
#    -17    23       5.8154684722E-005
#    -17    24       5.1996267371E-005
#    -17    25       2.5893830962E-005
#    -17    26       2.8285230089E-005
#    -17    27       2.2364112418E-005
#    -16   -11       4.4102763760E-007
#    -16   -10       9.5034988599E-007
#    -16    -9       8.7949050274E-009
#    -16    -8       1.3868875532E-006
#    -16    -7       6.6469550021E-007
#    -16    -6       3.0863879981E-007
#    -16    -5       1.4092968114E-007
#    -16    -4       9.8615502580E-007
#    -16    -3       1.4298128318E-006
#    -16    -2       2.0280210060E-006
#    -16    -1       4.1856699104E-006
#    -16     0       5.3460673338E-006
#    -16     1       8.3165256361E-006
#    -16     2       1.1990667950E-005
#    -16     3       1.2193969003E-005
#    -16     4       1.1744481546E-005
#    -16     5       1.0039997660E-005
#    -16     6       7.1959239801E-006
#    -16     7       5.4337470894E-006
#    -16     8       6.4032359048E-006
#    -16     9       9.8401140010E-006
#    -16    10       1.9932270936E-005
#    -16    11       3.1012245204E-005
#    -16    12       4.0783624750E-005
#    -16    13       4.7321045253E-005
#    -16    14       4.3297796207E-005
#    -16    15       3.7710353333E-005
#    -16    16       2.7395183407E-005
#    -16    17       1.8563683114E-005
#    -16    18       1.0662451348E-005
#    -16    19       1.9676206298E-005
#    -16    20       3.1209825524E-005
#    -16    21       4.1474527173E-005
#    -16    22       4.1723788347E-005
#    -16    23       6.7804882665E-005
#    -16    24       6.3667843546E-005
#    -16    25       3.6870812313E-005
#    -16    26       4.0092360332E-005
#    -16    27       4.0975218254E-005
#    -15   -13       9.3682032105E-008
#    -15   -12       2.6943942518E-008
#    -15   -11       6.3115697516E-007
#    -15   -10       9.7281188507E-004
#    -15    -9       5.0497889663E-007
#    -15    -8       3.2676850527E-007
#    -15    -7       1.7946191216E-007
#    -15    -6       3.0271428530E-007
#    -15    -5       1.2487430088E-002
#    -15    -4       2.8132151072E-006
#    -15    -3       4.1996025076E-006
#    -15    -2       5.2419919241E-006
#    -15    -1       7.8264188387E-006
#    -15     0       4.4819944233E-002
#    -15     1       1.2689249287E-005
#    -15     2       1.4465104498E-005
#    -15     3       1.5902941740E-005
#    -15     4       1.2428844934E-005
#    -15     5       1.6752007881E-002
#    -15     6       8.1381652333E-006
#    -15     7       8.4115101111E-006
#    -15     8       1.1489834847E-005
#    -15     9       2.0348548640E-005
#    -15    10       1.4860688104E-002
#    -15    11       4.4341678185E-005
#    -15    12       5.1053335993E-005
#    -15    13       5.4084649485E-005
#    -15    14       4.8908970379E-005
#    -15    15       2.7657669293E-002
#    -15    16       2.2151847751E-005
#    -15    17       1.4620751233E-005
#    -15    18       1.3120361211E-005
#    -15    19       2.8298974509E-005
#    -15    20       7.1377578002E-003
#    -15    21       5.9351851075E-005
#    -15    22       7.3699438116E-005
#    -15    23       7.5950058249E-005
#    -15    24       7.1138332977E-005
#    -15    25       2.2394379970E-004
#    -15    26       4.6709902689E-005
#    -15    27       2.4585357431E-005
#    -15    28       1.9958837374E-005
#    -14   -14       7.4875329131E-007
#    -14   -13       2.4646651472E-007
#    -14   -12       5.8712691980E-007
#    -14   -11       5.5905772414E-008
#    -14   -10       4.4577661268E-007
#    -14    -9       1.1948205014E-007
#    -14    -8       1.8889220131E-007
#    -14    -7       7.1759533814E-007
#    -14    -6       2.0350198157E-006
#    -14    -5       3.8359023122E-006
#    -14    -4       6.3667605259E-006
#    -14    -3       7.8093309909E-006
#    -14    -2       1.0590815231E-005
#    -14    -1       1.1867391384E-005
#    -14     0       1.5132894159E-005
#    -14     1       1.6087859092E-005
#    -14     2       1.5486992460E-005
#    -14     3       1.4780244911E-005
#    -14     4       1.3502843562E-005
#    -14     5       1.1895686548E-005
#    -14     6       9.8814558317E-006
#    -14     7       1.2674575875E-005
#    -14     8       1.8808467959E-005
#    -14     9       3.0224808772E-005
#    -14    10       4.2112048294E-005
#    -14    11       5.3975586683E-005
#    -14    12       5.9913066659E-005
#    -14    13       5.3737365295E-005
#    -14    14       4.0694311540E-005
#    -14    15       2.6722665261E-005
#    -14    16       1.5681959896E-005
#    -14    17       1.1864814398E-005
#    -14    18       1.8449257838E-005
#    -14    19       4.3073659390E-005
#    -14    20       6.1019581969E-005
#    -14    21       7.3760894738E-005
#    -14    22       8.5069487566E-005
#    -14    23       1.0710147053E-004
#    -14    24       8.2095768597E-005
#    -14    25       5.8624716752E-005
#    -14    26       5.8556863904E-005
#    -14    27       3.8085373802E-005
#    -14    28       9.7222975640E-006
#    -13   -15       4.4067545984E-008
#    -13   -14       4.0898782234E-007
#    -13   -13       1.2511449796E-006
#    -13   -12       1.3794787283E-006
#    -13   -11       8.6531945064E-007
#    -13   -10       9.4027637027E-007
#    -13    -9       1.8389423488E-007
#    -13    -8       9.1162660159E-007
#    -13    -7       2.6198300578E-006
#    -13    -6       3.6125427311E-006
#    -13    -5       6.0579274811E-006
#    -13    -4       8.4570847001E-006
#    -13    -3       1.0675809120E-005
#    -13    -2       1.2846118569E-005
#    -13    -1       1.5047062710E-005
#    -13     0       1.7080395158E-005
#    -13     1       1.6633489560E-005
#    -13     2       1.5984670135E-005
#    -13     3       1.6101763949E-005
#    -13     4       1.5391064224E-005
#    -13     5       1.3757651458E-005
#    -13     6       1.4709224693E-005
#    -13     7       1.8460236798E-005
#    -13     8       2.9903633419E-005
#    -13     9       3.9822336285E-005
#    -13    10       5.2246982186E-005
#    -13    11       6.2182422562E-005
#    -13    12       5.8969549324E-005
#    -13    13       4.2878568623E-005
#    -13    14       3.1131726387E-005
#    -13    15       1.5213877717E-005
#    -13    16       6.1393864545E-006
#    -13    17       1.3443816628E-005
#    -13    18       3.3652152699E-005
#    -13    19       5.1599598935E-005
#    -13    20       7.8808368250E-005
#    -13    21       1.1750555640E-004
#    -13    22       1.1025237918E-004
#    -13    23       1.1248286004E-004
#    -13    24       1.0877130398E-004
#    -13    25       8.2200048165E-005
#    -13    26       3.3332285068E-005
#    -13    27       3.3529646765E-005
#    -13    28       2.1769632183E-005
#    -12   -15       4.2436285842E-007
#    -12   -14       7.0307917045E-007
#    -12   -13       7.2367858387E-007
#    -12   -12       1.1074717523E-006
#    -12   -11       9.5330391372E-007
#    -12   -10       4.4770261151E-007
#    -12    -9       3.3948093715E-007
#    -12    -8       1.2016830986E-006
#    -12    -7       3.6681589886E-006
#    -12    -6       5.9085724179E-006
#    -12    -5       8.2958400270E-006
#    -12    -4       9.9736736291E-006
#    -12    -3       1.3817809091E-005
#    -12    -2       1.3927161333E-005
#    -12    -1       1.5679180452E-005
#    -12     0       1.6900100691E-005
#    -12     1       1.9360239322E-005
#    -12     2       1.8867139275E-005
#    -12     3       1.9832664490E-005
#    -12     4       1.9684575387E-005
#    -12     5       1.9779314415E-005
#    -12     6       2.1221726780E-005
#    -12     7       2.7919828256E-005
#    -12     8       3.7770514163E-005
#    -12     9       4.6125015258E-005
#    -12    10       5.6613449502E-005
#    -12    11       5.5004890710E-005
#    -12    12       4.6420964322E-005
#    -12    13       3.1747889331E-005
#    -12    14       1.4821981601E-005
#    -12    15       5.2592081057E-006
#    -12    16       8.7760051618E-006
#    -12    17       2.8534892979E-005
#    -12    18       5.5123134212E-005
#    -12    19       7.8312535968E-005
#    -12    20       1.0151106606E-004
#    -12    21       1.2341075881E-004
#    -12    22       1.1953225477E-004
#    -12    23       1.2099290814E-004
#    -12    24       9.7430484926E-005
#    -12    25       8.1981958801E-005
#    -12    26       4.5355047818E-005
#    -12    27       2.2576137483E-005
#    -11   -16       8.8504612308E-007
#    -11   -15       9.7778048197E-007
#    -11   -14       2.5369006251E-006
#    -11   -13       1.4972681900E-006
#    -11   -12       8.1099431230E-007
#    -11   -11       4.6993964546E-007
#    -11   -10       8.6108243488E-008
#    -11    -9       1.1333640836E-006
#    -11    -8       1.5737789733E-006
#    -11    -7       3.6678279906E-006
#    -11    -6       6.1371022933E-006
#    -11    -5       8.9227629629E-006
#    -11    -4       1.0622838725E-005
#    -11    -3       1.2969586196E-005
#    -11    -2       1.4451792359E-005
#    -11    -1       1.8521616048E-005
#    -11     0       2.1938029066E-005
#    -11     1       2.3067043639E-005
#    -11     2       2.6211503787E-005
#    -11     3       2.7028017592E-005
#    -11     4       2.7481860734E-005
#    -11     5       2.6751398450E-005
#    -11     6       2.8808697371E-005
#    -11     7       3.4810668193E-005
#    -11     8       4.0348626828E-005
#    -11     9       4.4158480525E-005
#    -11    10       4.8120656060E-005
#    -11    11       4.0618529170E-005
#    -11    12       2.4650596121E-005
#    -11    13       1.3786658192E-005
#    -11    14       4.5965468988E-006
#    -11    15       4.2521144067E-006
#    -11    16       2.1635185935E-005
#    -11    17       4.3937295099E-005
#    -11    18       7.2887412887E-005
#    -11    19       8.2492346284E-005
#    -11    20       1.5116291540E-004
#    -11    21       1.2324572304E-004
#    -11    22       1.2025079721E-004
#    -11    23       1.1965061139E-004
#    -11    24       1.0465177406E-004
#    -11    25       2.8829034431E-005
#    -11    26       3.2776536960E-005
#    -11    27       1.5497823162E-005
#    -10   -17       6.1260372544E-007
#    -10   -16       7.4080584673E-007
#    -10   -15       3.8671781471E-004
#    -10   -14       1.7671788654E-006
#    -10   -13       1.2687550230E-006
#    -10   -12       4.8968398583E-007
#    -10   -11       1.0923737046E-007
#    -10   -10       6.9951649724E-003
#    -10    -9       1.2142805129E-006
#    -10    -8       2.4251790786E-006
#    -10    -7       4.7217133465E-006
#    -10    -6       7.2254434453E-006
#    -10    -5       1.6696788985E-002
#    -10    -4       1.2276505558E-005
#    -10    -3       1.4633207281E-005
#    -10    -2       1.7481322659E-005
#    -10    -1       2.2191973211E-005
#    -10     0       1.6238248830E-002
#    -10     1       3.0809674369E-005
#    -10     2       3.3130671654E-005
#    -10     3       3.3809419051E-005
#    -10     4       3.3903363408E-005
#    -10     5       4.0565199357E-003
#    -10     6       3.4440049742E-005
#    -10     7       3.4792979559E-005
#    -10     8       3.9272665991E-005
#    -10     9       3.7761792425E-005
#    -10    10       4.8909453217E-002
#    -10    11       2.0981941172E-005
#    -10    12       9.4307862990E-006
#    -10    13       2.0963892780E-006
#    -10    14       1.8285915392E-006
#    -10    15       1.5588423019E-002
#    -10    16       3.7254494841E-005
#    -10    17       5.8910112355E-005
#    -10    18       8.1521652747E-005
#    -10    19       1.4166910605E-004
#    -10    20       5.3458095606E-003
#    -10    21       1.1365752015E-004
#    -10    22       1.0833704850E-004
#    -10    23       8.8841739240E-005
#    -10    24       4.5123055804E-005
#    -10    25       7.4477372602E-004
#    -10    26       2.3008265873E-005
#    -10    27       1.0712457619E-005
#     -9   -18       3.3874819200E-007
#     -9   -17       6.1952860118E-007
#     -9   -16       4.2663961827E-006
#     -9   -15       1.6743979872E-006
#     -9   -14       2.8405857741E-006
#     -9   -13       9.1417652680E-007
#     -9   -12       1.0454694296E-006
#     -9   -11       2.0933805570E-006
#     -9   -10       2.1212494037E-006
#     -9    -9       3.4399805062E-006
#     -9    -8       4.0310029488E-006
#     -9    -7       6.7131877396E-006
#     -9    -6       8.5286232541E-006
#     -9    -5       1.1478015977E-005
#     -9    -4       1.4594836101E-005
#     -9    -3       1.8639253035E-005
#     -9    -2       2.4835407972E-005
#     -9    -1       2.9895372443E-005
#     -9     0       3.6032544333E-005
#     -9     1       3.8550394896E-005
#     -9     2       3.8712753406E-005
#     -9     3       3.8139994398E-005
#     -9     4       3.5312806942E-005
#     -9     5       3.3633048053E-005
#     -9     6       3.2932516965E-005
#     -9     7       3.0451790718E-005
#     -9     8       2.7118415337E-005
#     -9     9       2.1656905180E-005
#     -9    10       1.4402198328E-005
#     -9    11       5.1200339814E-006
#     -9    12       7.6020375911E-007
#     -9    13       1.9117436179E-006
#     -9    14       1.0120741970E-005
#     -9    15       2.7614364178E-005
#     -9    16       5.0892417934E-005
#     -9    17       7.1576887121E-005
#     -9    18       9.9420026875E-005
#     -9    19       1.2755953646E-004
#     -9    20       1.2432661025E-004
#     -9    21       8.8182006570E-005
#     -9    22       7.1004034039E-005
#     -9    23       5.6656629999E-005
#     -9    24       3.5276017437E-005
#     -9    25       1.4329960139E-005
#     -9    26       1.4569744056E-005
#     -9    27       6.8718762223E-006
#     -8   -19       4.8882646235E-007
#     -8   -18       1.0089754591E-007
#     -8   -17       3.8258037102E-006
#     -8   -16       3.0300517424E-006
#     -8   -15       2.5888217424E-006
#     -8   -14       1.7621610734E-006
#     -8   -13       2.5769791485E-006
#     -8   -12       6.1906049098E-006
#     -8   -11       3.9966389278E-006
#     -8   -10       5.4414845935E-006
#     -8    -9       6.0658834746E-006
#     -8    -8       8.3376934053E-006
#     -8    -7       1.0217876111E-005
#     -8    -6       1.0784602793E-005
#     -8    -5       1.3863375386E-005
#     -8    -4       1.9143981240E-005
#     -8    -3       2.5938760811E-005
#     -8    -2       3.1686362100E-005
#     -8    -1       3.7596322999E-005
#     -8     0       4.1091365401E-005
#     -8     1       4.2200359393E-005
#     -8     2       4.0554558325E-005
#     -8     3       3.8849957238E-005
#     -8     4       3.4167289335E-005
#     -8     5       2.9727890269E-005
#     -8     6       2.4598094640E-005
#     -8     7       1.8451264040E-005
#     -8     8       1.3037481529E-005
#     -8     9       6.7405269090E-006
#     -8    10       2.3000420646E-006
#     -8    11       1.2090020558E-007
#     -8    12       2.4009172702E-006
#     -8    13       1.2838619681E-005
#     -8    14       2.5349267706E-005
#     -8    15       3.8722445703E-005
#     -8    16       6.8469434778E-005
#     -8    17       6.9823024361E-005
#     -8    18       6.0033000604E-005
#     -8    19       7.0706426043E-005
#     -8    20       7.4543977148E-005
#     -8    21       5.8975280079E-005
#     -8    22       4.1499448075E-005
#     -8    23       5.0086953775E-005
#     -8    24       2.0642844786E-005
#     -8    25       8.3542116310E-006
#     -8    26       3.4732090463E-006
#     -8    27       4.1711424254E-006
#     -7   -20       3.4537277845E-007
#     -7   -19       1.1703526791E-006
#     -7   -18       2.5666610870E-006
#     -7   -17       3.1368327019E-006
#     -7   -16       4.2300377181E-006
#     -7   -15       2.9195833280E-006
#     -7   -14       3.5812263603E-006
#     -7   -13       9.7429846032E-006
#     -7   -12       1.0205090447E-005
#     -7   -11       9.8125958261E-006
#     -7   -10       1.1390556092E-005
#     -7    -9       1.0991032273E-005
#     -7    -8       1.3381396866E-005
#     -7    -7       1.4383965539E-005
#     -7    -6       1.5802600751E-005
#     -7    -5       2.0365185087E-005
#     -7    -4       2.6566205714E-005
#     -7    -3       3.2787148091E-005
#     -7    -2       3.7283827317E-005
#     -7    -1       4.1085524000E-005
#     -7     0       4.2258460437E-005
#     -7     1       4.0940996385E-005
#     -7     2       3.7235368679E-005
#     -7     3       3.1996609999E-005
#     -7     4       2.6047220502E-005
#     -7     5       2.0226626124E-005
#     -7     6       1.2726033989E-005
#     -7     7       7.2472549639E-006
#     -7     8       2.9660677228E-006
#     -7     9       2.3306991986E-007
#     -7    10       4.9899392427E-007
#     -7    11       3.2564210146E-006
#     -7    12       1.0476596213E-005
#     -7    13       1.7083070439E-005
#     -7    14       3.0453049742E-005
#     -7    15       3.9975515893E-005
#     -7    16       4.7286468153E-005
#     -7    17       4.7492168767E-005
#     -7    18       5.1744640743E-005
#     -7    19       4.3539427102E-005
#     -7    20       3.7787869284E-005
#     -7    21       3.0111428155E-005
#     -7    22       2.5752288506E-005
#     -7    23       2.2698321917E-005
#     -7    24       1.8567748197E-005
#     -7    25       1.8547181618E-005
#     -7    26       4.8497538930E-006
#     -7    27       1.7364068774E-006
#     -6   -20       3.4847912882E-007
#     -6   -19       2.3164420495E-006
#     -6   -18       1.5058877056E-006
#     -6   -17       3.5765228032E-006
#     -6   -16       2.8664582623E-006
#     -6   -15       4.7696830580E-006
#     -6   -14       9.9612236248E-006
#     -6   -13       1.4749834224E-005
#     -6   -12       1.7036837196E-005
#     -6   -11       1.7730049444E-005
#     -6   -10       1.9277195379E-005
#     -6    -9       2.0604043744E-005
#     -6    -8       1.9677923296E-005
#     -6    -7       1.9933062536E-005
#     -6    -6       2.2299691659E-005
#     -6    -5       2.7145157108E-005
#     -6    -4       3.3297725044E-005
#     -6    -3       3.6403548397E-005
#     -6    -2       3.8605798894E-005
#     -6    -1       3.9672624161E-005
#     -6     0       3.7821580637E-005
#     -6     1       3.4170959978E-005
#     -6     2       2.8974399985E-005
#     -6     3       2.2195064338E-005
#     -6     4       1.6207541939E-005
#     -6     5       9.4098303119E-006
#     -6     6       4.0647817684E-006
#     -6     7       9.8614145541E-007
#     -6     8       9.6173640815E-007
#     -6     9       3.0069083980E-006
#     -6    10       4.8545883265E-006
#     -6    11       1.0801343219E-005
#     -6    12       1.7303005558E-005
#     -6    13       1.9122941555E-005
#     -6    14       2.6535703812E-005
#     -6    15       2.6679816123E-005
#     -6    16       2.6016946513E-005
#     -6    17       2.2846637584E-005
#     -6    18       2.6718451398E-005
#     -6    19       1.9146919624E-005
#     -6    20       2.3839826806E-005
#     -6    21       1.6444807030E-005
#     -6    22       1.6719648007E-005
#     -6    23       1.7240978296E-005
#     -6    24       1.5171060446E-005
#     -6    25       5.8363035683E-006
#     -6    26       1.2162529709E-006
#     -5   -21       4.7002982502E-007
#     -5   -20       2.6989021333E-004
#     -5   -19       2.2272570191E-006
#     -5   -18       1.9217785122E-006
#     -5   -17       2.8714363325E-006
#     -5   -16       7.0913377933E-006
#     -5   -15       7.7532165281E-003
#     -5   -14       1.9362013338E-005
#     -5   -13       2.2708591964E-005
#     -5   -12       2.7050911893E-005
#     -5   -11       2.7699811115E-005
#     -5   -10       1.4924135068E-002
#     -5    -9       2.8366772639E-005
#     -5    -8       2.9177604778E-005
#     -5    -7       2.8682144321E-005
#     -5    -6       2.9242239440E-005
#     -5    -5       4.0837204300E-003
#     -5    -4       3.3864977966E-005
#     -5    -3       3.6608213881E-005
#     -5    -2       3.5064521961E-005
#     -5    -1       3.2896282556E-005
#     -5     0       3.2394883349E-002
#     -5     1       2.5454540735E-005
#     -5     2       1.9609160291E-005
#     -5     3       1.3356963260E-005
#     -5     4       7.7594515969E-006
#     -5     5       2.2186442687E-003
#     -5     6       2.6687178417E-006
#     -5     7       4.1555793847E-006
#     -5     8       6.9028322704E-006
#     -5     9       8.3164505938E-006
#     -5    10       4.1728862535E-003
#     -5    11       1.4486465606E-005
#     -5    12       1.4683189155E-005
#     -5    13       1.6094460894E-005
#     -5    14       1.1539819375E-005
#     -5    15       1.5188355433E-002
#     -5    16       9.5804073155E-006
#     -5    17       1.0688612824E-005
#     -5    18       7.9020428320E-006
#     -5    19       1.5733393817E-005
#     -5    20       1.1996281487E-002
#     -5    21       9.5096254157E-006
#     -5    22       9.4211609273E-006
#     -5    23       1.0282478267E-005
#     -5    24       4.2123890447E-007
#     -5    25       8.0108554774E-004
#     -5    26       1.1432401725E-007
#     -4   -22       2.4899294622E-007
#     -4   -21       1.0391410432E-006
#     -4   -20       2.6648895688E-006
#     -4   -19       1.4242815247E-006
#     -4   -18       3.1734929929E-006
#     -4   -17       5.3691816928E-006
#     -4   -16       1.1143728301E-005
#     -4   -15       1.9063990258E-005
#     -4   -14       2.7591598896E-005
#     -4   -13       3.0902068487E-005
#     -4   -12       3.2680970401E-005
#     -4   -11       3.7236560812E-005
#     -4   -10       3.5822931193E-005
#     -4    -9       3.5975894963E-005
#     -4    -8       3.5973218040E-005
#     -4    -7       3.3404330331E-005
#     -4    -6       3.3626146417E-005
#     -4    -5       3.2083629358E-005
#     -4    -4       3.1722604886E-005
#     -4    -3       2.9539387845E-005
#     -4    -2       2.6581241183E-005
#     -4    -1       2.4130679063E-005
#     -4     0       1.9456341618E-005
#     -4     1       1.5303629209E-005
#     -4     2       1.0064111733E-005
#     -4     3       7.0387637402E-006
#     -4     4       5.5255690867E-006
#     -4     5       6.2792794618E-006
#     -4     6       8.0051042817E-006
#     -4     7       1.1157033853E-005
#     -4     8       1.2863348612E-005
#     -4     9       1.3603149196E-005
#     -4    10       1.2122572231E-005
#     -4    11       1.1247702914E-005
#     -4    12       8.6839719667E-006
#     -4    13       3.9436395076E-006
#     -4    14       1.1253209657E-006
#     -4    15       8.3591407942E-007
#     -4    16       3.6311927507E-006
#     -4    17       6.8189719306E-006
#     -4    18       8.6726455101E-006
#     -4    19       9.9894127356E-006
#     -4    20       1.2565114548E-005
#     -4    21       1.2260857452E-005
#     -4    22       8.6086088044E-006
#     -4    23       1.8499689567E-006
#     -4    24       3.3383120358E-006
#     -4    25       3.2540731191E-007
#     -4    26       5.5198096711E-007
#     -3   -22       3.0630392584E-007
#     -3   -21       1.2188583000E-006
#     -3   -20       1.5484436755E-006
#     -3   -19       2.3248907420E-006
#     -3   -18       6.2320583463E-006
#     -3   -17       9.3057380487E-006
#     -3   -16       1.9387702927E-005
#     -3   -15       2.7121298157E-005
#     -3   -14       3.3399708118E-005
#     -3   -13       3.6608294951E-005
#     -3   -12       4.0090883034E-005
#     -3   -11       4.2759250461E-005
#     -3   -10       4.3704088275E-005
#     -3    -9       4.0331088120E-005
#     -3    -8       3.7116010235E-005
#     -3    -7       3.2751837498E-005
#     -3    -6       3.0805376474E-005
#     -3    -5       2.7531964941E-005
#     -3    -4       2.3422220202E-005
#     -3    -3       1.9688706576E-005
#     -3    -2       1.7245115619E-005
#     -3    -1       1.4129574763E-005
#     -3     0       1.0219794835E-005
#     -3     1       8.0517275813E-006
#     -3     2       6.3715710177E-006
#     -3     3       6.5633345577E-006
#     -3     4       9.1460531200E-006
#     -3     5       1.2985177021E-005
#     -3     6       1.4513034936E-005
#     -3     7       1.6924901001E-005
#     -3     8       1.8202692323E-005
#     -3     9       1.3247233265E-005
#     -3    10       7.6431045954E-006
#     -3    11       3.9994451630E-006
#     -3    12       9.0810462494E-007
#     -3    13       1.0442096814E-006
#     -3    14       2.4216385027E-006
#     -3    15       6.4788765193E-006
#     -3    16       1.0677928965E-005
#     -3    17       1.5194609365E-005
#     -3    18       1.5434533839E-005
#     -3    19       2.5263534369E-005
#     -3    20       2.1259426762E-005
#     -3    21       1.8402641138E-005
#     -3    22       8.4052189962E-006
#     -3    23       9.7908214034E-006
#     -3    24       6.7267512357E-007
#     -3    25       4.1616061035E-007
#     -2   -23       3.9565247261E-007
#     -2   -22       9.9526610536E-007
#     -2   -21       1.3710274572E-006
#     -2   -20       2.9035372559E-006
#     -2   -19       6.4743915663E-006
#     -2   -18       7.1322410178E-006
#     -2   -17       1.4576823014E-005
#     -2   -16       2.3067032654E-005
#     -2   -15       2.7000389083E-005
#     -2   -14       3.3052167638E-005
#     -2   -13       3.9399117950E-005
#     -2   -12       4.4497164878E-005
#     -2   -11       4.8701633996E-005
#     -2   -10       4.4963174135E-005
#     -2    -9       3.6429427464E-005
#     -2    -8       3.4744650077E-005
#     -2    -7       2.7790405114E-005
#     -2    -6       2.2977160963E-005
#     -2    -5       1.7835015623E-005
#     -2    -4       1.3465852112E-005
#     -2    -3       1.0988774974E-005
#     -2    -2       8.3419840264E-006
#     -2    -1       7.2892982593E-006
#     -2     0       6.8210262040E-006
#     -2     1       6.9732003283E-006
#     -2     2       8.8615564128E-006
#     -2     3       1.2728544801E-005
#     -2     4       1.6620982726E-005
#     -2     5       1.9101080770E-005
#     -2     6       2.0044348369E-005
#     -2     7       1.7847724826E-005
#     -2     8       1.2630677109E-005
#     -2     9       6.5723012891E-006
#     -2    10       1.7228039228E-006
#     -2    11       9.2086052310E-009
#     -2    12       2.4542998385E-006
#     -2    13       1.0499637063E-005
#     -2    14       1.8631046932E-005
#     -2    15       2.7816851143E-005
#     -2    16       2.9294382078E-005
#     -2    17       3.1009118194E-005
#     -2    18       2.6215540798E-005
#     -2    19       2.8756081147E-005
#     -2    20       2.1562571710E-005
#     -2    21       1.5752412750E-005
#     -2    22       7.9122558878E-006
#     -2    23       5.1978387280E-006
#     -2    24       3.8396056491E-006
#     -2    25       3.4955352550E-006
#     -1   -23       2.7485757801E-006
#     -1   -22       1.1801823401E-006
#     -1   -21       1.4500276158E-006
#     -1   -20       5.9031612197E-006
#     -1   -19       6.7911650544E-006
#     -1   -18       1.3345734705E-005
#     -1   -17       1.8137097712E-005
#     -1   -16       2.4311306719E-005
#     -1   -15       2.5410832386E-005
#     -1   -14       3.2904779232E-005
#     -1   -13       3.7539123487E-005
#     -1   -12       4.2941842897E-005
#     -1   -11       4.1489686114E-005
#     -1   -10       3.7921807749E-005
#     -1    -9       3.1539132808E-005
#     -1    -8       2.3572024621E-005
#     -1    -7       1.6573876350E-005
#     -1    -6       1.1270330390E-005
#     -1    -5       8.1337572092E-006
#     -1    -4       6.1437787066E-006
#     -1    -3       5.2642130964E-006
#     -1    -2       4.8592003941E-006
#     -1    -1       6.2061531486E-006
#     -1     0       7.9880513584E-006
#     -1     1       1.0992693491E-005
#     -1     2       1.5470632565E-005
#     -1     3       1.9953832285E-005
#     -1     4       2.1724376392E-005
#     -1     5       2.3051269076E-005
#     -1     6       1.9043319698E-005
#     -1     7       1.2372817634E-005
#     -1     8       5.0621420225E-006
#     -1     9       1.0225870064E-006
#     -1    10       1.0940791075E-006
#     -1    11       6.2138730868E-006
#     -1    12       1.7483788925E-005
#     -1    13       3.1647978035E-005
#     -1    14       4.5642785588E-005
#     -1    15       4.5596773622E-005
#     -1    16       4.5416882002E-005
#     -1    17       4.3125525204E-005
#     -1    18       3.6401970349E-005
#     -1    19       3.3235554457E-005
#     -1    20       2.9350071372E-005
#     -1    21       1.2557947071E-005
#     -1    22       7.7380440113E-006
#     -1    23       5.6851325140E-006
#     -1    24       3.7432992263E-006
#      0   -24       1.2747952410E-006
#      0   -23       1.2038129127E-006
#      0   -22       5.7094665887E-006
#      0   -21       4.1684236454E-006
#      0   -20       2.2231804112E-003
#      0   -19       1.0493948107E-005
#      0   -18       1.5116205414E-005
#      0   -17       1.3402482102E-005
#      0   -16       1.7030017605E-005
#      0   -15       2.7908085095E-002
#      0   -14       2.5386027400E-005
#      0   -13       2.7154267341E-005
#      0   -12       3.1178045320E-005
#      0   -11       2.8694150410E-005
#      0   -10       4.9170251011E-002
#      0    -9       1.7169906971E-005
#      0    -8       1.0376078552E-005
#      0    -7       6.0120067026E-006
#      0    -6       3.1392681898E-006
#      0    -5       2.2283127403E-003
#      0    -4       3.7774940279E-006
#      0    -3       4.5328082490E-006
#      0    -2       7.1090416704E-006
#      0    -1       9.8247976668E-006
#      0     0       3.2460048151E-002
#      0     1       1.7443586050E-005
#      0     2       2.0788258349E-005
#      0     3       2.2608050371E-005
#      0     4       2.3807736834E-005
#      0     5       3.3096346521E-002
#      0     6       1.2309077387E-005
#      0     7       5.1347596378E-006
#      0     8       1.2298830945E-006
#      0     9       3.4635782219E-006
#      0    10       1.6059636763E-002
#      0    11       2.2905521292E-005
#      0    12       3.8835639635E-005
#      0    13       5.2172897280E-005
#      0    14       5.5828448615E-005
#      0    15       4.3828335995E-002
#      0    16       5.3282033780E-005
#      0    17       5.1077151479E-005
#      0    18       5.1037572105E-005
#      0    19       4.0656478498E-005
#      0    20       7.5327399890E-003
#      0    21       1.0377543733E-005
#      0    22       6.7897135892E-006
#      0    23       2.2362314686E-006
#      0    24       1.2264444440E-006
#      1   -24       3.4116527710E-006
#      1   -23       4.6567918236E-006
#      1   -22       6.8755528305E-006
#      1   -21       6.5821322508E-006
#      1   -20       9.9584441716E-006
#      1   -19       8.9067538234E-006
#      1   -18       8.6203955872E-006
#      1   -17       1.2834097449E-005
#      1   -16       1.2915829032E-005
#      1   -15       1.5707446629E-005
#      1   -14       1.8157585138E-005
#      1   -13       1.8205866032E-005
#      1   -12       1.4791169690E-005
#      1   -11       1.3288521009E-005
#      1   -10       9.9851340174E-006
#      1    -9       4.6770276036E-006
#      1    -8       2.2306574188E-006
#      1    -7       6.2981678673E-007
#      1    -6       1.8013494128E-006
#      1    -5       4.5799319723E-006
#      1    -4       6.9173749335E-006
#      1    -3       1.0422271317E-005
#      1    -2       1.3377621231E-005
#      1    -1       1.6205321546E-005
#      1     0       2.0003735220E-005
#      1     1       2.1246218704E-005
#      1     2       2.1315273474E-005
#      1     3       2.1306130251E-005
#      1     4       1.7844565850E-005
#      1     5       1.1869082854E-005
#      1     6       5.9590672107E-006
#      1     7       3.3464470315E-006
#      1     8       6.2566688375E-006
#      1     9       1.6057269325E-005
#      1    10       2.8200119174E-005
#      1    11       4.3264287271E-005
#      1    12       5.7757835435E-005
#      1    13       6.4269296969E-005
#      1    14       6.2380625081E-005
#      1    15       5.6337185723E-005
#      1    16       5.6913931842E-005
#      1    17       5.3117083538E-005
#      1    18       4.7819664696E-005
#      1    19       2.6496437768E-005
#      1    20       1.5144973024E-005
#      1    21       5.9309670200E-006
#      1    22       6.1827613398E-006
#      1    23       4.1645797811E-006
#      2   -25       3.1303283332E-006
#      2   -24       6.1234931308E-006
#      2   -23       8.1942481281E-006
#      2   -22       9.2418779779E-006
#      2   -21       9.4142773021E-006
#      2   -20       1.1609940100E-005
#      2   -19       9.8984819729E-006
#      2   -18       8.0248116473E-006
#      2   -17       8.9778382974E-006
#      2   -16       8.7907324022E-006
#      2   -15       7.4671990119E-006
#      2   -14       6.7241006805E-006
#      2   -13       6.0953112643E-006
#      2   -12       4.3132266078E-006
#      2   -11       2.1768601261E-006
#      2   -10       9.5969917859E-007
#      2    -9       4.6464745592E-008
#      2    -8       8.7995542624E-007
#      2    -7       3.5987293686E-006
#      2    -6       6.5968323634E-006
#      2    -5       1.0453542229E-005
#      2    -4       1.3591858715E-005
#      2    -3       1.7306565681E-005
#      2    -2       1.9054501022E-005
#      2    -1       2.0441727031E-005
#      2     0       2.0831922799E-005
#      2     1       2.0149655499E-005
#      2     2       1.7404794561E-005
#      2     3       1.3338908389E-005
#      2     4       9.2156838416E-006
#      2     5       7.6221464003E-006
#      2     6       7.5311513967E-006
#      2     7       1.0512875291E-005
#      2     8       1.7245494023E-005
#      2     9       2.7220211695E-005
#      2    10       4.3369487146E-005
#      2    11       5.5397909680E-005
#      2    12       6.4524905817E-005
#      2    13       6.3700810716E-005
#      2    14       5.5583704212E-005
#      2    15       5.0854593134E-005
#      2    16       4.8682996866E-005
#      2    17       4.3375243633E-005
#      2    18       2.6707045434E-005
#      2    19       1.8815523336E-005
#      2    20       7.1946195231E-006
#      2    21       5.1126812919E-006
#      2    22       2.7955477718E-006
#      2    23       1.3158866219E-006
#      3   -25       4.3684265320E-006
#      3   -24       5.5092553159E-006
#      3   -23       1.8947778745E-005
#      3   -22       1.4827956499E-005
#      3   -21       2.2190513496E-005
#      3   -20       2.0571156576E-005
#      3   -19       1.4745344424E-005
#      3   -18       1.1688397171E-005
#      3   -17       9.8613260588E-006
#      3   -16       5.7078840363E-006
#      3   -15       4.2278712326E-006
#      3   -14       3.2154154659E-006
#      3   -13       8.2644788562E-007
#      3   -12       2.5634470738E-007
#      3   -11       2.6677761195E-007
#      3   -10       1.5001903342E-006
#      3    -9       4.0276822200E-006
#      3    -8       7.0943895872E-006
#      3    -7       9.9674627413E-006
#      3    -6       1.1532498992E-005
#      3    -5       1.6058628037E-005
#      3    -4       1.8798375653E-005
#      3    -3       2.0225650481E-005
#      3    -2       1.9635659470E-005
#      3    -1       1.9195571121E-005
#      3     0       1.7066235728E-005
#      3     1       1.3801424729E-005
#      3     2       1.0397703877E-005
#      3     3       8.5400548664E-006
#      3     4       8.5824772885E-006
#      3     5       1.1559445286E-005
#      3     6       1.6611849705E-005
#      3     7       2.2774663859E-005
#      3     8       3.2037468391E-005
#      3     9       4.1623817753E-005
#      3    10       5.3206222896E-005
#      3    11       5.6584449605E-005
#      3    12       5.4070431875E-005
#      3    13       5.0769773104E-005
#      3    14       4.7481962218E-005
#      3    15       4.3114341277E-005
#      3    16       4.0251043749E-005
#      3    17       3.0343346193E-005
#      3    18       1.5662502949E-005
#      3    19       3.9612480114E-006
#      3    20       3.5580366119E-006
#      3    21       2.2588407064E-006
#      3    22       3.5788091694E-007
#      4   -26       3.4131850897E-006
#      4   -25       2.8626628325E-006
#      4   -24       8.4982182486E-006
#      4   -23       1.6160971226E-005
#      4   -22       2.8530046456E-005
#      4   -21       2.9823763098E-005
#      4   -20       3.1419469786E-005
#      4   -19       3.0103945393E-005
#      4   -18       1.9536771345E-005
#      4   -17       1.5319363877E-005
#      4   -16       1.1097671272E-005
#      4   -15       7.9939077954E-006
#      4   -14       4.7295644098E-006
#      4   -13       4.4374452985E-006
#      4   -12       5.1510234917E-006
#      4   -11       5.6280448223E-006
#      4   -10       6.3351984559E-006
#      4    -9       8.4008852506E-006
#      4    -8       1.1751499844E-005
#      4    -7       1.4758621543E-005
#      4    -6       1.6961108708E-005
#      4    -5       1.9196804957E-005
#      4    -4       2.0457409114E-005
#      4    -3       1.9142730347E-005
#      4    -2       1.6151448489E-005
#      4    -1       1.3359670642E-005
#      4     0       1.0229597936E-005
#      4     1       8.7086952308E-006
#      4     2       8.2917802186E-006
#      4     3       1.1341252018E-005
#      4     4       1.6024963716E-005
#      4     5       2.3594586190E-005
#      4     6       3.1507360492E-005
#      4     7       3.6479328194E-005
#      4     8       4.4818642513E-005
#      4     9       4.6972899180E-005
#      4    10       4.7914632741E-005
#      4    11       4.4321004803E-005
#      4    12       4.0958415549E-005
#      4    13       3.3362014327E-005
#      4    14       3.3899991535E-005
#      4    15       3.1763058029E-005
#      4    16       2.2480719706E-005
#      4    17       1.0573286771E-005
#      4    18       4.2244164059E-006
#      4    19       2.0254533246E-006
#      4    20       2.6191566713E-006
#      4    21       1.3596046152E-006
#      4    22       1.1582259176E-007
#      5   -26       3.3601566772E-006
#      5   -25       2.1078193848E-004
#      5   -24       1.2174769026E-005
#      5   -23       2.4788483852E-005
#      5   -22       3.4935234055E-005
#      5   -21       4.0536700333E-005
#      5   -20       7.1408864021E-003
#      5   -19       4.3730823298E-005
#      5   -18       3.3541760812E-005
#      5   -17       3.2242368872E-005
#      5   -16       2.6941690479E-005
#      5   -15       1.5513842584E-002
#      5   -14       1.6775190774E-005
#      5   -13       1.7410231386E-005
#      5   -12       1.4951270012E-005
#      5   -11       1.4034326352E-005
#      5   -10       4.1489972036E-003
#      5    -9       1.3197730680E-005
#      5    -8       1.7260639804E-005
#      5    -7       1.5729780795E-005
#      5    -6       1.6205459003E-005
#      5    -5       3.3202013020E-002
#      5    -4       1.5732251703E-005
#      5    -3       1.2406264744E-005
#      5    -2       9.7718913141E-006
#      5    -1       8.2614976317E-006
#      5     0       2.3344911273E-003
#      5     1       1.0216009567E-005
#      5     2       1.5457373930E-005
#      5     3       2.2833038634E-005
#      5     4       3.1796832060E-005
#      5     5       3.6595766419E-003
#      5     6       4.3829881099E-005
#      5     7       4.7374315630E-005
#      5     8       4.6370448816E-005
#      5     9       4.2913202091E-005
#      5    10       1.4968558473E-002
#      5    11       2.9638119173E-005
#      5    12       2.1701389272E-005
#      5    13       2.0891502379E-005
#      5    14       1.9943591439E-005
#      5    15       1.1909789409E-002
#      5    16       7.6612188604E-006
#      5    17       2.5942907583E-006
#      5    18       5.6397224708E-007
#      5    19       1.5248167832E-006
#      5    20       7.6872698021E-004
#      5    21       2.7599378366E-008
#      6   -26       9.4649697337E-006
#      6   -25       2.0190889735E-005
#      6   -24       4.1318773592E-005
#      6   -23       5.3236323455E-005
#      6   -22       4.1198336764E-005
#      6   -21       5.7259088487E-005
#      6   -20       5.9625857901E-005
#      6   -19       5.3355125902E-005
#      6   -18       6.0745374717E-005
#      6   -17       4.6708758936E-005
#      6   -16       4.4429740386E-005
#      6   -15       3.7067810222E-005
#      6   -14       3.2032631309E-005
#      6   -13       2.3621282517E-005
#      6   -12       2.1506511024E-005
#      6   -11       1.7648684126E-005
#      6   -10       1.3168842293E-005
#      6    -9       1.3624176907E-005
#      6    -8       1.1052871685E-005
#      6    -7       1.0795802066E-005
#      6    -6       1.0535493488E-005
#      6    -5       1.0083290591E-005
#      6    -4       8.1443959443E-006
#      6    -3       7.8908461382E-006
#      6    -2       7.5315728872E-006
#      6    -1       9.5177135886E-006
#      6     0       1.3950274990E-005
#      6     1       2.1683318840E-005
#      6     2       3.1195029567E-005
#      6     3       4.0480215149E-005
#      6     4       4.8679252564E-005
#      6     5       5.1999122154E-005
#      6     6       5.2410594628E-005
#      6     7       4.7365973148E-005
#      6     8       4.0835053850E-005
#      6     9       3.2016095563E-005
#      6    10       2.3572359174E-005
#      6    11       1.5218845117E-005
#      6    12       1.1459628999E-005
#      6    13       9.6727546930E-006
#      6    14       8.6590425776E-006
#      6    15       4.9127224450E-006
#      6    16       1.1862460883E-006
#      6    17       2.7054899613E-007
#      6    18       5.5758431470E-007
#      6    19       7.5333645794E-007
#      6    20       8.5269835933E-009
#      7   -27       6.8844760912E-006
#      7   -26       2.0763662580E-005
#      7   -25       3.7428266591E-005
#      7   -24       4.7278727647E-005
#      7   -23       6.2810066860E-005
#      7   -22       7.0029145456E-005
#      7   -21       7.0773006567E-005
#      7   -20       7.6920132723E-005
#      7   -19       7.8665272256E-005
#      7   -18       7.9025693403E-005
#      7   -17       6.6368362001E-005
#      7   -16       5.8503896242E-005
#      7   -15       4.7073775693E-005
#      7   -14       3.7745145448E-005
#      7   -13       2.5611624902E-005
#      7   -12       1.9322993154E-005
#      7   -11       1.3874853217E-005
#      7   -10       8.7066864177E-006
#      7    -9       6.5669521275E-006
#      7    -8       4.2800611306E-006
#      7    -7       4.4731305504E-006
#      7    -6       5.3272043502E-006
#      7    -5       6.7922228178E-006
#      7    -4       7.5855731126E-006
#      7    -3       1.0236047463E-005
#      7    -2       1.4288073135E-005
#      7    -1       2.0718426019E-005
#      7     0       2.9945907205E-005
#      7     1       4.0862531204E-005
#      7     2       4.8665616116E-005
#      7     3       5.2453291551E-005
#      7     4       5.7729457699E-005
#      7     5       5.4454315693E-005
#      7     6       4.8654039158E-005
#      7     7       3.9774792100E-005
#      7     8       3.2488482918E-005
#      7     9       1.8901046688E-005
#      7    10       1.2188346328E-005
#      7    11       7.1326384916E-006
#      7    12       5.1309285612E-006
#      7    13       4.8261340102E-006
#      7    14       3.6040873171E-006
#      7    15       3.9686485809E-007
#      7    16       2.8881864890E-007
#      7    17       8.3885821009E-007
#      7    18       1.0381131248E-006
#      7    19       9.6782930469E-008
#      7    20       1.7643790759E-007
#      8   -27       1.2017918447E-005
#      8   -26       3.2867790218E-006
#      8   -25       2.6377776668E-005
#      8   -24       6.2092789380E-005
#      8   -23       7.1202170093E-005
#      8   -22       7.9156742444E-005
#      8   -21       1.0011173071E-004
#      8   -20       9.2696119621E-005
#      8   -19       8.0967904668E-005
#      8   -18       8.3277780838E-005
#      8   -17       7.7845919514E-005
#      8   -16       7.9377317353E-005
#      8   -15       4.7447998216E-005
#      8   -14       3.2502484701E-005
#      8   -13       2.1049974454E-005
#      8   -12       1.2312901672E-005
#      8   -11       6.7146039426E-006
#      8   -10       2.2532815421E-006
#      8    -9       1.1151296393E-006
#      8    -8       1.3435514940E-006
#      8    -7       3.4180127429E-006
#      8    -6       7.0089289483E-006
#      8    -5       1.0915964591E-005
#      8    -4       1.4440531986E-005
#      8    -3       2.0708301529E-005
#      8    -2       2.9000557172E-005
#      8    -1       3.9575773884E-005
#      8     0       4.5925459891E-005
#      8     1       5.5495457083E-005
#      8     2       5.9298723917E-005
#      8     3       5.9805754793E-005
#      8     4       5.4162233597E-005
#      8     5       4.8879643778E-005
#      8     6       3.7951654230E-005
#      8     7       2.9935497176E-005
#      8     8       1.9468769485E-005
#      8     9       1.2115189283E-005
#      8    10       6.2568450229E-006
#      8    11       3.6621672548E-006
#      8    12       1.6203291515E-006
#      8    13       1.2422711866E-006
#      8    14       4.8976393625E-007
#      8    15       8.0744760428E-007
#      8    16       7.2956184069E-007
#      8    17       2.6059006274E-006
#      8    18       1.7543438900E-006
#      8    19       2.8066107344E-007
#      9   -27       9.0390638269E-006
#      9   -26       2.3625954071E-005
#      9   -25       2.7746350477E-005
#      9   -24       5.8596645581E-005
#      9   -23       9.5244682714E-005
#      9   -22       9.9919891898E-005
#      9   -21       1.1434542367E-004
#      9   -20       1.4062136064E-004
#      9   -19       1.3979712238E-004
#      9   -18       1.0594786348E-004
#      9   -17       7.7339654049E-005
#      9   -16       5.7021646877E-005
#      9   -15       3.8421506726E-005
#      9   -14       2.0566436396E-005
#      9   -13       8.4933709245E-006
#      9   -12       2.7211902193E-006
#      9   -11       1.7656854739E-007
#      9   -10       5.8841863727E-007
#      9    -9       2.9589120592E-006
#      9    -8       6.2203718124E-006
#      9    -7       1.0575375915E-005
#      9    -6       1.5881930079E-005
#      9    -5       2.1930240284E-005
#      9    -4       2.9284156666E-005
#      9    -3       3.7678770826E-005
#      9    -2       4.5921705765E-005
#      9    -1       5.3872722866E-005
#      9     0       6.0351063266E-005
#      9     1       6.1614235436E-005
#      9     2       5.8183015001E-005
#      9     3       5.2689737491E-005
#      9     4       4.5883556153E-005
#      9     5       3.6135845213E-005
#      9     6       2.8571307989E-005
#      9     7       1.9775874688E-005
#      9     8       1.1678748998E-005
#      9     9       5.4998170594E-006
#      9    10       3.0753571700E-006
#      9    11       1.8556914911E-006
#      9    12       1.9889367692E-006
#      9    13       2.1665560044E-006
#      9    14       3.8384449204E-006
#      9    15       1.3324903441E-006
#      9    16       3.5849978180E-006
#      9    17       2.1366238322E-007
#      9    18       2.8543513772E-007
#     10   -27       1.8742424304E-005
#     10   -26       3.4613039753E-005
#     10   -25       3.0847375809E-004
#     10   -24       6.8866862367E-005
#     10   -23       1.0627351192E-004
#     10   -22       1.1082624487E-004
#     10   -21       1.1615998701E-004
#     10   -20       5.5853878203E-003
#     10   -19       1.2914592005E-004
#     10   -18       6.5957601154E-005
#     10   -17       5.5597570645E-005
#     10   -16       3.4381406142E-005
#     10   -15       1.4950636865E-002
#     10   -14       5.3751909057E-006
#     10   -13       7.2817093642E-007
#     10   -12       7.7044904461E-007
#     10   -11       3.8798553597E-006
#     10   -10       1.6132115697E-002
#     10    -9       1.4813739610E-005
#     10    -8       1.7701719238E-005
#     10    -7       2.2626528697E-005
#     10    -6       3.0399854020E-005
#     10    -5       3.6864572745E-003
#     10    -4       4.6040820692E-005
#     10    -3       4.9601210390E-005
#     10    -2       5.6691979364E-005
#     10    -1       6.0010385570E-005
#     10     0       4.6908475545E-002
#     10     1       5.2819561129E-005
#     10     2       4.7300115230E-005
#     10     3       3.7998736628E-005
#     10     4       3.0789221691E-005
#     10     5       1.5427350932E-002
#     10     6       1.7699686143E-005
#     10     7       1.2137366048E-005
#     10     8       7.7561044235E-006
#     10     9       4.0434356509E-006
#     10    10       7.0981786505E-003
#     10    11       3.4869930684E-006
#     10    12       3.4086270243E-006
#     10    13       3.5126216258E-006
#     10    14       2.8342701494E-006
#     10    15       8.7932456305E-004
#     10    16       6.7526968535E-007
#     10    17       6.7783713887E-007
#     11   -27       3.4313535645E-005
#     11   -26       3.9960489588E-005
#     11   -25       4.7168028033E-005
#     11   -24       9.8814353041E-005
#     11   -23       1.0838841486E-004
#     11   -22       1.1525155586E-004
#     11   -21       1.0850281182E-004
#     11   -20       1.2126180659E-004
#     11   -19       7.1557353055E-005
#     11   -18       6.0119365329E-005
#     11   -17       2.9960799129E-005
#     11   -16       1.4776607593E-005
#     11   -15       3.8693380800E-006
#     11   -14       9.6311311213E-007
#     11   -13       4.8293110288E-006
#     11   -12       1.1627081275E-005
#     11   -11       1.7816222048E-005
#     11   -10       2.4255665793E-005
#     11    -9       2.5372402377E-005
#     11    -8       3.2048099886E-005
#     11    -7       3.6399646640E-005
#     11    -6       4.2657609880E-005
#     11    -5       4.9820660469E-005
#     11    -4       5.4219767925E-005
#     11    -3       5.7249815763E-005
#     11    -2       5.6442685588E-005
#     11    -1       5.1726351870E-005
#     11     0       4.6456061605E-005
#     11     1       3.6559399351E-005
#     11     2       3.0282183837E-005
#     11     3       2.3089615409E-005
#     11     4       2.0731828914E-005
#     11     5       1.3663501365E-005
#     11     6       1.0861816954E-005
#     11     7       7.9863052972E-006
#     11     8       6.7765776212E-006
#     11     9       3.2453768580E-006
#     11    10       5.9147544531E-006
#     11    11       6.0987774484E-006
#     11    12       5.0237788619E-006
#     11    13       3.4188579659E-006
#     11    14       4.4847358144E-006
#     11    15       1.2689903433E-006
#     11    16       1.2470371492E-006
#     12   -27       2.1012606710E-005
#     12   -26       5.0369392344E-005
#     12   -25       7.3158715617E-005
#     12   -24       8.8443554748E-005
#     12   -23       1.0734389234E-004
#     12   -22       1.0139604228E-004
#     12   -21       8.7010500373E-005
#     12   -20       7.4224429715E-005
#     12   -19       4.8427091381E-005
#     12   -18       3.4680020214E-005
#     12   -17       1.4832990840E-005
#     12   -16       3.3654856629E-006
#     12   -15       1.9180968619E-006
#     12   -14       9.9811015663E-006
#     12   -13       2.0356154995E-005
#     12   -12       2.9297931110E-005
#     12   -11       3.6271999692E-005
#     12   -10       3.8779174163E-005
#     12    -9       4.0811323107E-005
#     12    -8       4.4617582638E-005
#     12    -7       4.7205767318E-005
#     12    -6       5.1472561802E-005
#     12    -5       5.2296895419E-005
#     12    -4       5.2056557651E-005
#     12    -3       5.0750644027E-005
#     12    -2       4.5912322735E-005
#     12    -1       3.6033275058E-005
#     12     0       2.9723086630E-005
#     12     1       2.1396538581E-005
#     12     2       1.7550991107E-005
#     12     3       1.3749124759E-005
#     12     4       1.1035946484E-005
#     12     5       8.1498487453E-006
#     12     6       7.4192902739E-006
#     12     7       6.0412850889E-006
#     12     8       5.1784560732E-006
#     12     9       6.8477620915E-006
#     12    10       7.9591988464E-006
#     12    11       6.8527089411E-006
#     12    12       5.3637432209E-006
#     12    13       2.4291004211E-006
#     12    14       1.4939686904E-006
#     12    15       6.9684313885E-007
#     13   -28       1.7647028538E-005
#     13   -27       3.2099292130E-005
#     13   -26       3.2850022655E-005
#     13   -25       7.4570888487E-005
#     13   -24       9.6797037861E-005
#     13   -23       8.6276334055E-005
#     13   -22       7.0597375736E-005
#     13   -21       5.3499838903E-005
#     13   -20       4.3862176897E-005
#     13   -19       2.5143481033E-005
#     13   -18       8.9695203583E-006
#     13   -17       3.9732853895E-006
#     13   -16       5.3347969185E-006
#     13   -15       1.5269162020E-005
#     13   -14       3.0253227721E-005
#     13   -13       3.9107034718E-005
#     13   -12       4.7464989760E-005
#     13   -11       4.8445649678E-005
#     13   -10       5.0648102831E-005
#     13    -9       4.6914114304E-005
#     13    -8       4.7444934167E-005
#     13    -7       4.7659549481E-005
#     13    -6       4.7679856076E-005
#     13    -5       4.7417190321E-005
#     13    -4       4.4420118040E-005
#     13    -3       3.6815586230E-005
#     13    -2       2.9374873206E-005
#     13    -1       2.1019825107E-005
#     13     0       1.5793793555E-005
#     13     1       1.1225958318E-005
#     13     2       9.9418513540E-006
#     13     3       8.0612473811E-006
#     13     4       7.4651542135E-006
#     13     5       6.4839639631E-006
#     13     6       6.6168727059E-006
#     13     7       5.0006119246E-006
#     13     8       7.3844960503E-006
#     13     9       7.4445226545E-006
#     13    10       9.1870480140E-006
#     13    11       5.5645697811E-006
#     13    12       4.1946066663E-006
#     13    13       1.7995763337E-006
#     13    14       1.0444316742E-006
#     13    15       3.5752782273E-008
#     14   -28       7.9283603227E-006
#     14   -27       2.9441919849E-005
#     14   -26       4.0779158767E-005
#     14   -25       2.4865415934E-005
#     14   -24       3.9299345650E-005
#     14   -23       5.3626092706E-005
#     14   -22       4.2482203270E-005
#     14   -21       3.1702333762E-005
#     14   -20       2.4153406355E-005
#     14   -19       1.5816443187E-005
#     14   -18       5.7229296528E-006
#     14   -17       7.2113512499E-006
#     14   -16       1.6880893098E-005
#     14   -15       3.1245132062E-005
#     14   -14       4.0991237205E-005
#     14   -13       5.1870677380E-005
#     14   -12       5.5395503136E-005
#     14   -11       5.1955371510E-005
#     14   -10       4.6763833989E-005
#     14    -9       4.2869267645E-005
#     14    -8       4.1707104189E-005
#     14    -7       3.9658785013E-005
#     14    -6       3.6982977476E-005
#     14    -5       3.4622362700E-005
#     14    -4       2.9327389207E-005
#     14    -3       2.1889369690E-005
#     14    -2       1.7173014722E-005
#     14    -1       1.1130442921E-005
#     14     0       8.8259278231E-006
#     14     1       7.7250697565E-006
#     14     2       6.5666072258E-006
#     14     3       6.5327856921E-006
#     14     4       6.8131678255E-006
#     14     5       7.2479573330E-006
#     14     6       8.5553694334E-006
#     14     7       9.3120266024E-006
#     14     8       9.4306240603E-006
#     14     9       6.9680160765E-006
#     14    10       5.0308098149E-006
#     14    11       1.6439918196E-006
#     14    12       2.2154919845E-006
#     14    13       8.3038446129E-007
#     14    14       1.3490902241E-006
#     15   -28       1.7748509453E-005
#     15   -27       1.9863049083E-005
#     15   -26       2.9529271107E-005
#     15   -25       8.3275093762E-004
#     15   -24       2.9920022984E-005
#     15   -23       5.2482371769E-005
#     15   -22       2.8633129980E-005
#     15   -21       1.8357362887E-005
#     15   -20       1.2006676203E-002
#     15   -19       8.9552465658E-006
#     15   -18       6.3059079781E-006
#     15   -17       1.8696394065E-005
#     15   -16       3.0692875692E-005
#     15   -15       4.4316271032E-002
#     15   -14       4.8316723283E-005
#     15   -13       5.3679077262E-005
#     15   -12       4.8865907760E-005
#     15   -11       4.2482392282E-005
#     15   -10       1.4885891389E-002
#     15    -9       3.2343648691E-005
#     15    -8       3.2891542978E-005
#     15    -7       2.9494110237E-005
#     15    -6       2.7249498058E-005
#     15    -5       1.5502031247E-002
#     15    -4       1.9380021134E-005
#     15    -3       1.3136189074E-005
#     15    -2       9.7581650286E-006
#     15    -1       7.7360971553E-006
#     15     0       2.8691093736E-002
#     15     1       6.8174559218E-006
#     15     2       7.6864247327E-006
#     15     3       8.4264711355E-006
#     15     4       8.7963900601E-006
#     15     5       8.8375620745E-003
#     15     6       9.8976852075E-006
#     15     7       1.0669846301E-005
#     15     8       7.4475738185E-006
#     15     9       4.3648722750E-006
#     15    10       4.9884333531E-004
#     15    11       2.0300323773E-006
#     15    12       2.7984833953E-007
#     15    13       2.7351695459E-007
#     16   -27       1.4548945512E-005
#     16   -26       2.1567892002E-005
#     16   -25       1.0442414468E-005
#     16   -24       2.4590116385E-005
#     16   -23       2.4477733649E-005
#     16   -22       1.8070059174E-005
#     16   -21       9.4369698440E-006
#     16   -20       1.0790326142E-005
#     16   -19       1.5953398809E-005
#     16   -18       1.6289137057E-005
#     16   -17       2.9923008491E-005
#     16   -16       4.0078657060E-005
#     16   -15       4.4932337081E-005
#     16   -14       4.9644280857E-005
#     16   -13       4.5904211433E-005
#     16   -12       3.8846790666E-005
#     16   -11       3.0388941787E-005
#     16   -10       2.4770533305E-005
#     16    -9       2.0147107323E-005
#     16    -8       1.9266452694E-005
#     16    -7       1.8606241059E-005
#     16    -6       1.6132470096E-005
#     16    -5       1.2330827183E-005
#     16    -4       1.0346501495E-005
#     16    -3       7.6875443481E-006
#     16    -2       6.4879784686E-006
#     16    -1       6.8421262641E-006
#     16     0       8.2898573029E-006
#     16     1       7.5098986774E-006
#     16     2       9.5577108529E-006
#     16     3       9.4992051903E-006
#     16     4       1.2365757161E-005
#     16     5       9.6527557612E-006
#     16     6       9.6672465002E-006
#     16     7       7.5345112554E-006
#     16     8       7.6240481876E-006
#     16     9       6.2968184976E-007
#     16    10       2.3348753701E-006
#     16    11       1.1309109879E-006
#     17   -27       1.0069872966E-005
#     17   -26       1.3510469665E-005
#     17   -25       8.6963086474E-006
#     17   -24       2.0329208243E-005
#     17   -23       1.7549794901E-005
#     17   -22       9.4119358677E-006
#     17   -21       1.0193390965E-005
#     17   -20       1.6321068285E-005
#     17   -19       1.9283742866E-005
#     17   -18       2.7080562451E-005
#     17   -17       3.9701592402E-005
#     17   -16       4.6467786756E-005
#     17   -15       4.4097369580E-005
#     17   -14       4.3359754591E-005
#     17   -13       3.2203662174E-005
#     17   -12       2.3109118638E-005
#     17   -11       1.7380988601E-005
#     17   -10       1.3735681441E-005
#     17    -9       1.2495984532E-005
#     17    -8       1.0873728511E-005
#     17    -7       1.0766904158E-005
#     17    -6       9.7132082042E-006
#     17    -5       7.2170321555E-006
#     17    -4       6.9742801835E-006
#     17    -3       6.2190226133E-006
#     17    -2       7.5121011598E-006
#     17    -1       7.2826401552E-006
#     17     0       1.1125584207E-005
#     17     1       1.0820999551E-005
#     17     2       1.2373473868E-005
#     17     3       1.0635389077E-005
#     17     4       1.3343626633E-005
#     17     5       8.7903685240E-006
#     17     6       8.0076900447E-006
#     17     7       4.1639216039E-006
#     17     8       3.5489958634E-006
#     17     9       1.7729038583E-006
#     17    10       8.7379461186E-007
#     18   -27       6.1945126213E-006
#     18   -26       3.6410053171E-006
#     18   -25       1.8047465549E-005
#     18   -24       1.5171662189E-005
#     18   -23       1.1420146997E-005
#     18   -22       8.0165995377E-006
#     18   -21       1.3745896990E-005
#     18   -20       1.5440771265E-005
#     18   -19       2.4869559195E-005
#     18   -18       4.0054833556E-005
#     18   -17       4.4319465398E-005
#     18   -16       4.2062196177E-005
#     18   -15       3.8822671096E-005
#     18   -14       3.3222298636E-005
#     18   -13       2.2419563282E-005
#     18   -12       1.4011466172E-005
#     18   -11       9.7455276486E-006
#     18   -10       7.6248245897E-006
#     18    -9       5.3857566194E-006
#     18    -8       6.7021328370E-006
#     18    -7       6.9144793844E-006
#     18    -6       6.6418295085E-006
#     18    -5       5.6187904223E-006
#     18    -4       6.4446787260E-006
#     18    -3       8.2532685405E-006
#     18    -2       9.3208312840E-006
#     18    -1       1.0676049553E-005
#     18     0       1.2424941445E-005
#     18     1       1.4092838785E-005
#     18     2       1.3617615244E-005
#     18     3       1.2856436297E-005
#     18     4       1.0753916315E-005
#     18     5       7.5790948702E-006
#     18     6       4.1576706092E-006
#     18     7       1.6385115947E-006
#     18     8       1.4680379265E-006
#     18     9       6.2407626287E-007
#     19   -27       4.3342368646E-006
#     19   -26       5.7436820554E-006
#     19   -25       8.7411374465E-006
#     19   -24       9.5522750862E-007
#     19   -23       2.4453153581E-006
#     19   -22       6.6602270503E-006
#     19   -21       1.1675556636E-005
#     19   -20       2.0303861956E-005
#     19   -19       3.2471558492E-005
#     19   -18       3.9611222391E-005
#     19   -17       3.7629625122E-005
#     19   -16       3.7566665269E-005
#     19   -15       3.2294365198E-005
#     19   -14       2.2058399903E-005
#     19   -13       1.2174038085E-005
#     19   -12       7.6682133212E-006
#     19   -11       5.2186465365E-006
#     19   -10       3.4902804722E-006
#     19    -9       3.5705191738E-006
#     19    -8       5.9774941635E-006
#     19    -7       5.2364107179E-006
#     19    -6       6.0167597660E-006
#     19    -5       7.0601944392E-006
#     19    -4       8.7185752025E-006
#     19    -3       9.1823412429E-006
#     19    -2       1.2180962835E-005
#     19    -1       1.3993052401E-005
#     19     0       1.3669022002E-005
#     19     1       1.2867552342E-005
#     19     2       9.4935993305E-006
#     19     3       8.7379488608E-006
#     19     4       5.8138491604E-006
#     19     5       3.8682845708E-006
#     19     6       1.7629178727E-006
#     19     7       2.3221460180E-006
#     19     8       7.9248232143E-007
#     20   -27       1.9253006917E-006
#     20   -26       1.6666460836E-006
#     20   -25       7.7184655234E-004
#     20   -24       1.8864013952E-006
#     20   -23       1.0022711371E-005
#     20   -22       5.8396768164E-006
#     20   -21       9.5889662972E-006
#     20   -20       7.7094644135E-003
#     20   -19       2.2589123094E-005
#     20   -18       2.2785598009E-005
#     20   -17       2.7502223127E-005
#     20   -16       2.1608688872E-005
#     20   -15       1.1843717746E-002
#     20   -14       1.0766022215E-005
#     20   -13       6.6045962169E-006
#     20   -12       3.0049296902E-006
#     20   -11       2.8064799282E-006
#     20   -10       7.1886533169E-003
#     20    -9       3.0192141999E-006
#     20    -8       4.4141916217E-006
#     20    -7       4.5097292995E-006
#     20    -6       8.4494533348E-006
#     20    -5       8.8467590327E-003
#     20    -4       1.2419681540E-005
#     20    -3       1.0605651485E-005
#     20    -2       1.3394096627E-005
#     20    -1       1.2715881503E-005
#     20     0       2.6574666826E-003
#     20     1       1.0413122305E-005
#     20     2       7.9105427974E-006
#     20     3       4.2615331406E-006
#     20     4       4.3851363644E-006
#     20     5       3.0934295447E-004
#     20     6       1.9877558115E-006
#     20     7       1.0415933524E-006
#     21   -26       2.5147785997E-007
#     21   -25       2.5988286408E-008
#     21   -24       2.5315019214E-007
#     21   -23       4.5767804590E-006
#     21   -22       6.8705676567E-006
#     21   -21       8.6880861958E-006
#     21   -20       1.3174964097E-005
#     21   -19       1.5438451485E-005
#     21   -18       1.4111092413E-005
#     21   -17       1.0658425647E-005
#     21   -16       8.3808433019E-006
#     21   -15       6.4567751451E-006
#     21   -14       5.4063355670E-006
#     21   -13       2.1273282320E-006
#     21   -12       2.1500136727E-006
#     21   -11       3.2609191455E-006
#     21   -10       5.4646280913E-006
#     21    -9       6.2410058090E-006
#     21    -8       7.2071203107E-006
#     21    -7       9.3732199513E-006
#     21    -6       1.0018851636E-005
#     21    -5       9.6936087638E-006
#     21    -4       1.3332560486E-005
#     21    -3       1.2764278163E-005
#     21    -2       9.6054627026E-006
#     21    -1       1.0375812161E-005
#     21     0       9.7446949594E-006
#     21     1       5.4844625928E-006
#     21     2       5.9670089636E-006
#     21     3       3.4080737309E-006
#     21     4       1.3822330654E-006
#     21     5       9.2836469797E-007
#     22   -26       6.0087715791E-007
#     22   -25       1.6820615296E-007
#     22   -24       3.5422961703E-006
#     22   -23       4.6830899276E-006
#     22   -22       6.3563989414E-006
#     22   -21       5.4473277952E-006
#     22   -20       6.8808384248E-006
#     22   -19       4.1107146540E-006
#     22   -18       4.7978918648E-006
#     22   -17       3.1700332645E-006
#     22   -16       1.7920844121E-006
#     22   -15       8.3931283718E-007
#     22   -14       7.1161366638E-007
#     22   -13       1.9016980796E-006
#     22   -12       2.6842417058E-006
#     22   -11       5.3111207876E-006
#     22   -10       7.2829578597E-006
#     22    -9       7.0307995666E-006
#     22    -8       9.3636219965E-006
#     22    -7       1.0888903880E-005
#     22    -6       9.8492915984E-006
#     22    -5       8.6330564705E-006
#     22    -4       1.0776924067E-005
#     22    -3       8.7690303021E-006
#     22    -2       7.9151348629E-006
#     22    -1       5.3373924871E-006
#     22     0       6.5093908491E-006
#     22     1       3.7607303381E-006
#     22     2       2.5099187790E-006
#     22     3       1.2449924592E-006
#     22     4       1.2838885453E-006
#     23   -25       1.9597895360E-006
#     23   -24       2.9863214950E-006
#     23   -23       2.3610023786E-006
#     23   -22       5.7132759247E-006
#     23   -21       4.8620713856E-006
#     23   -20       4.7523725081E-006
#     23   -19       2.5755310369E-006
#     23   -18       7.3642591965E-007
#     23   -17       5.2646571253E-007
#     23   -16       3.1776955121E-007
#     23   -15       2.6218180522E-007
#     23   -14       2.7363842498E-006
#     23   -13       2.3957223045E-006
#     23   -12       4.2030515207E-006
#     23   -11       6.1485754005E-006
#     23   -10       9.1084631860E-006
#     23    -9       6.7991938905E-006
#     23    -8       7.5466249328E-006
#     23    -7       7.8243478264E-006
#     23    -6       8.3864915794E-006
#     23    -5       7.2101058411E-006
#     23    -4       6.0073240192E-006
#     23    -3       4.4025060052E-006
#     23    -2       6.0605867819E-006
#     23    -1       3.7925735317E-006
#     23     0       1.7828028028E-006
#     23     1       3.3879770307E-006
#     23     2       3.5695826265E-006
#     24   -24       1.3041662455E-006
#     24   -23       4.1822118835E-006
#     24   -22       2.6626938306E-006
#     24   -21       2.0029168985E-006
#     24   -20       2.2992532613E-006
#     24   -19       1.4938173116E-006
#     24   -18       8.8038769369E-007
#     24   -17       5.5105855158E-007
#     24   -16       2.6393467851E-007
#     24   -15       7.4832337881E-007
#     24   -14       2.0282734131E-006
#     24   -13       2.3635079324E-006
#     24   -12       4.6553866411E-006
#     24   -11       5.2690724698E-006
#     24   -10       4.7512130419E-006
#     24    -9       4.2303569515E-006
#     24    -8       8.5886797803E-006
#     24    -7       4.3957674777E-006
#     24    -6       4.4540422775E-006
#     24    -5       4.0121204331E-006
#     24    -4       4.5392263332E-006
#     24    -3       3.6872049860E-006
#     24    -2       2.7115408533E-006
#     24    -1       3.3268158442E-006
#     24     0       1.3296932534E-006
#     25   -23       9.3415092093E-007
#     25   -22       5.9632982470E-007
#     25   -21       1.4661301373E-006
#     25   -20       7.7023815622E-004
#     25   -19       7.2960997490E-007
#     25   -18       8.2865770066E-007
#     25   -17       2.5348920420E-006
#     25   -16       2.5261061573E-006
#     25   -15       9.0149748590E-004
#     25   -14       3.6923333177E-006
#     25   -13       2.4118610967E-006
#     25   -12       4.0951981060E-006
#     25   -11       1.7395446028E-006
#     25   -10       4.9623697212E-004
#     25    -9       8.2572597369E-007
#     25    -8       3.3495147500E-006
#     25    -7       1.6066311593E-006
#     25    -6       1.9896563698E-006
#     25    -5       3.0731648474E-004
#     25    -4       1.4487006625E-006
#     25    -3       1.1130601655E-006
#     25    -2       3.7987856541E-006
#     26   -22       9.5100413771E-008
#     26   -21       4.0096595467E-008
#     26   -20       7.5632123293E-009
#     26   -19       4.5532421427E-008
