 Diffraction intensities for potential:gv5x5_02D10001.in                       
#    -28    13       8.9283353395E-007
#    -28    14       1.2689562947E-006
#    -28    15       9.6851586910E-006
#    -27     7       1.0423680727E-006
#    -27     8       2.1104598374E-006
#    -27     9       2.2165524710E-006
#    -27    10       2.8434405686E-006
#    -27    11       6.2582421357E-006
#    -27    12       6.9471697373E-006
#    -27    13       3.8486175386E-005
#    -27    14       2.7413485012E-005
#    -27    15       1.9952541211E-006
#    -27    16       1.4787711500E-005
#    -27    17       4.2439456613E-005
#    -27    18       1.6628698220E-005
#    -27    19       3.1839714965E-005
#    -27    20       6.3410414270E-006
#    -26     4       3.1082498464E-006
#    -26     5       6.1660522264E-007
#    -26     6       2.7942239915E-007
#    -26     7       2.1531424764E-006
#    -26     8       6.0787456472E-006
#    -26     9       3.9434529250E-006
#    -26    10       1.1964483194E-005
#    -26    11       1.3846600432E-005
#    -26    12       6.3225623074E-006
#    -26    13       1.1863843947E-007
#    -26    14       3.8654216906E-005
#    -26    15       6.5058642512E-005
#    -26    16       5.1197101201E-005
#    -26    17       3.8116227077E-006
#    -26    18       1.2180681396E-006
#    -26    19       9.3730863354E-005
#    -26    20       6.5472926935E-005
#    -26    21       9.4797857555E-006
#    -26    22       9.8230645556E-006
#    -25     2       9.1522379918E-007
#    -25     3       6.0692787042E-007
#    -25     4       2.7108344732E-006
#    -25     5       8.2013538309E-004
#    -25     6       1.5062841614E-005
#    -25     7       7.0641375773E-006
#    -25     8       2.3616739410E-006
#    -25     9       7.4318336081E-006
#    -25    10       1.1039987228E-003
#    -25    11       8.5307485322E-006
#    -25    12       8.3019101353E-005
#    -25    13       4.9479223090E-005
#    -25    14       3.0179906780E-006
#    -25    15       5.0973875057E-004
#    -25    16       5.0826702050E-005
#    -25    17       1.2561720589E-004
#    -25    18       4.8202169424E-005
#    -25    19       1.3626891199E-005
#    -25    20       2.7917979479E-004
#    -25    21       5.4478017984E-005
#    -25    22       3.6070973391E-005
#    -25    23       2.5499677341E-005
#    -24     0       9.5467578604E-007
#    -24     1       5.9747922190E-007
#    -24     2       3.7799182584E-006
#    -24     3       6.8591146255E-007
#    -24     4       5.1841160601E-007
#    -24     5       3.0984739511E-006
#    -24     6       1.1976235190E-005
#    -24     7       1.0881470209E-005
#    -24     8       8.6005362365E-006
#    -24     9       2.8332785920E-006
#    -24    10       9.8485095276E-006
#    -24    11       4.2922143128E-006
#    -24    12       1.3019189372E-005
#    -24    13       1.0299098613E-004
#    -24    14       1.0045005910E-004
#    -24    15       3.7682395608E-005
#    -24    16       1.5135413887E-005
#    -24    17       7.3617174306E-005
#    -24    18       1.4388068903E-004
#    -24    19       8.5441710310E-005
#    -24    20       3.6032254734E-005
#    -24    21       8.0228104032E-006
#    -24    22       3.6826560770E-005
#    -24    23       4.8186482418E-005
#    -24    24       1.8907614973E-005
#    -23    -2       3.5796664440E-006
#    -23    -1       7.9445640428E-007
#    -23     0       4.6974213244E-006
#    -23     1       5.7335523006E-006
#    -23     2       3.5151157283E-006
#    -23     3       8.0328572689E-006
#    -23     4       1.3543216899E-005
#    -23     5       1.8226694622E-005
#    -23     6       2.4542051319E-006
#    -23     7       8.4977725219E-006
#    -23     8       9.2666104118E-006
#    -23     9       1.6435625089E-005
#    -23    10       6.0977503157E-005
#    -23    11       8.5310807581E-005
#    -23    12       4.8022837207E-005
#    -23    13       4.1198850920E-006
#    -23    14       6.6030200795E-005
#    -23    15       1.6947091617E-004
#    -23    16       1.8919190736E-004
#    -23    17       7.5224964358E-005
#    -23    18       1.6669387770E-005
#    -23    19       7.5150697804E-005
#    -23    20       1.2153147640E-004
#    -23    21       8.6975841896E-005
#    -23    22       1.9945442715E-005
#    -23    23       1.1261756319E-005
#    -23    24       2.9546579543E-005
#    -23    25       4.5817714911E-006
#    -22    -4       1.1065785010E-006
#    -22    -3       8.4367630789E-007
#    -22    -2       2.9627010963E-006
#    -22    -1       2.6995815264E-006
#    -22     0       1.1745126077E-008
#    -22     1       2.7107629785E-006
#    -22     2       1.0170002338E-005
#    -22     3       4.7967462028E-006
#    -22     4       7.1102124088E-006
#    -22     5       2.8828805805E-005
#    -22     6       3.5265973039E-005
#    -22     7       1.6974226549E-005
#    -22     8       1.8990865336E-005
#    -22     9       2.8323523791E-005
#    -22    10       2.1261492863E-006
#    -22    11       4.7598872240E-005
#    -22    12       1.2724432971E-004
#    -22    13       1.3329169744E-004
#    -22    14       5.8959793969E-005
#    -22    15       1.3694109304E-005
#    -22    16       9.1102196728E-005
#    -22    17       1.7389640194E-004
#    -22    18       1.7870591639E-004
#    -22    19       3.6266097038E-005
#    -22    20       2.9218600875E-005
#    -22    21       4.7002026421E-005
#    -22    22       7.6239419317E-005
#    -22    23       3.4926775208E-005
#    -22    24       6.5433944474E-006
#    -22    25       4.3588531605E-006
#    -22    26       2.2424317806E-006
#    -21    -5       6.8868448561E-007
#    -21    -4       1.4872073312E-007
#    -21    -3       3.6913249809E-007
#    -21    -2       6.0102203683E-007
#    -21    -1       1.3524572858E-006
#    -21     0       7.9729342989E-006
#    -21     1       6.8746390329E-006
#    -21     2       1.3475815212E-005
#    -21     3       4.1413501570E-005
#    -21     4       2.6612154166E-005
#    -21     5       1.1868169843E-006
#    -21     6       1.3620661356E-005
#    -21     7       2.6080489983E-005
#    -21     8       2.6661438506E-005
#    -21     9       5.2633965693E-005
#    -21    10       8.5571521483E-005
#    -21    11       4.2690313290E-005
#    -21    12       4.1349855929E-006
#    -21    13       9.4486424545E-005
#    -21    14       2.2341486238E-004
#    -21    15       1.8787855800E-004
#    -21    16       5.3749085298E-005
#    -21    17       3.4403975244E-005
#    -21    18       1.4634056957E-004
#    -21    19       1.0886361102E-004
#    -21    20       6.7419550493E-005
#    -21    21       2.8696882250E-005
#    -21    22       1.2347241502E-005
#    -21    23       3.4933625780E-005
#    -21    24       1.1325916867E-005
#    -21    25       9.5418513419E-006
#    -21    26       3.9222558148E-007
#    -20    -7       1.5950102126E-006
#    -20    -6       9.2205315897E-007
#    -20    -5       7.7756153332E-004
#    -20    -4       8.2060548054E-007
#    -20    -3       1.9027414158E-006
#    -20    -2       6.2284105410E-006
#    -20    -1       4.4719516242E-006
#    -20     0       7.5851173731E-003
#    -20     1       1.9193005750E-005
#    -20     2       2.0219725335E-005
#    -20     3       1.5982773076E-005
#    -20     4       3.5759495453E-005
#    -20     5       1.3073014090E-002
#    -20     6       8.1520215473E-006
#    -20     7       2.4052427509E-005
#    -20     8       2.0925417175E-005
#    -20     9       7.1133533756E-006
#    -20    10       7.1490258776E-003
#    -20    11       1.6317871478E-004
#    -20    12       1.2275144324E-004
#    -20    13       4.2337967606E-005
#    -20    14       2.4733265550E-005
#    -20    15       6.8918344056E-003
#    -20    16       2.1385277872E-004
#    -20    17       1.1498258768E-004
#    -20    18       3.2286011139E-005
#    -20    19       2.2069569807E-005
#    -20    20       1.9442084203E-003
#    -20    21       4.8300129070E-005
#    -20    22       2.3950935503E-005
#    -20    23       1.6682355499E-006
#    -20    24       5.9204505578E-006
#    -20    25       2.2708778908E-004
#    -20    26       2.0346930136E-006
#    -20    27       2.0772829947E-006
#    -19    -8       8.7249251686E-007
#    -19    -7       4.1238046040E-007
#    -19    -6       1.0430831633E-006
#    -19    -5       2.7301372471E-006
#    -19    -4       5.1005066898E-006
#    -19    -3       2.1294305192E-006
#    -19    -2       6.0002365018E-006
#    -19    -1       1.8222199151E-005
#    -19     0       1.5070723033E-005
#    -19     1       2.0178781489E-005
#    -19     2       3.9573767397E-005
#    -19     3       2.6594934664E-005
#    -19     4       4.5863492245E-006
#    -19     5       2.3407235481E-005
#    -19     6       4.4093513988E-005
#    -19     7       3.6678427402E-005
#    -19     8       4.5955894106E-005
#    -19     9       9.1435154842E-005
#    -19    10       2.9868434424E-005
#    -19    11       7.5155788046E-006
#    -19    12       1.2475965176E-004
#    -19    13       2.0796239839E-004
#    -19    14       1.6496574542E-004
#    -19    15       5.1838850103E-005
#    -19    16       3.2240952946E-005
#    -19    17       9.8637275535E-005
#    -19    18       1.2296462971E-004
#    -19    19       6.2442695624E-005
#    -19    20       1.1405539818E-005
#    -19    21       9.1282214808E-006
#    -19    22       1.3244334997E-005
#    -19    23       1.0774523251E-005
#    -19    24       2.7296446832E-006
#    -19    25       1.1325025416E-006
#    -19    26       4.9961725558E-007
#    -19    27       3.8323125490E-007
#    -18    -9       2.6869313062E-006
#    -18    -8       1.2928139334E-006
#    -18    -7       9.4274764135E-006
#    -18    -6       4.2534406724E-006
#    -18    -5       5.0479714527E-006
#    -18    -4       5.0246761181E-006
#    -18    -3       8.8815136826E-006
#    -18    -2       5.1356197737E-006
#    -18    -1       2.5099923402E-005
#    -18     0       3.6309669186E-005
#    -18     1       2.8147706135E-005
#    -18     2       2.3324462990E-005
#    -18     3       4.7384948333E-005
#    -18     4       4.5742704066E-005
#    -18     5       4.5772836206E-006
#    -18     6       1.3767187597E-005
#    -18     7       3.3434852237E-005
#    -18     8       3.1629337687E-005
#    -18     9       7.6733858665E-005
#    -18    10       1.4361896832E-004
#    -18    11       1.3305915739E-004
#    -18    12       2.7296521394E-005
#    -18    13       3.0622746073E-005
#    -18    14       1.3385720129E-004
#    -18    15       1.8092923371E-004
#    -18    16       9.3219788068E-005
#    -18    17       1.3636483188E-005
#    -18    18       2.3598140826E-005
#    -18    19       4.9276213968E-005
#    -18    20       4.1103690121E-005
#    -18    21       1.5383937654E-005
#    -18    22       2.4494236538E-006
#    -18    23       1.0597083463E-006
#    -18    24       1.9659717034E-006
#    -18    25       9.4243036588E-007
#    -18    26       2.3231709407E-006
#    -18    27       1.0930983269E-006
#    -17   -10       4.4082423378E-007
#    -17    -9       7.0732885106E-007
#    -17    -8       4.6999985180E-006
#    -17    -7       2.6663221157E-007
#    -17    -6       1.1464145825E-005
#    -17    -5       8.6715975763E-006
#    -17    -4       8.3515067651E-007
#    -17    -3       1.7974173883E-005
#    -17    -2       2.0591228746E-005
#    -17    -1       1.2018075710E-005
#    -17     0       2.0393384502E-005
#    -17     1       3.8314682555E-005
#    -17     2       3.0359474726E-005
#    -17     3       1.6987960803E-005
#    -17     4       5.1779321289E-005
#    -17     5       7.3690622424E-005
#    -17     6       4.0812854882E-005
#    -17     7       5.2353660696E-005
#    -17     8       6.4065819760E-005
#    -17     9       2.0389825053E-005
#    -17    10       2.2552673937E-005
#    -17    11       1.2347391690E-004
#    -17    12       2.0648115150E-004
#    -17    13       1.2321466438E-004
#    -17    14       1.0191650064E-005
#    -17    15       2.6686591403E-005
#    -17    16       9.1001380246E-005
#    -17    17       8.3541400456E-005
#    -17    18       2.2568392620E-005
#    -17    19       1.7131592265E-006
#    -17    20       3.4496741567E-006
#    -17    21       9.6114666107E-006
#    -17    22       2.5041442219E-006
#    -17    23       5.0902621805E-008
#    -17    24       2.5873395432E-007
#    -17    25       3.5902875102E-006
#    -17    26       5.9264832004E-007
#    -17    27       6.1302546746E-007
#    -16   -11       1.9205961773E-006
#    -16   -10       2.6658768102E-006
#    -16    -9       1.3036839447E-005
#    -16    -8       2.1345671211E-005
#    -16    -7       1.0570490280E-005
#    -16    -6       2.5789939161E-006
#    -16    -5       6.3616459844E-006
#    -16    -4       1.0459333776E-005
#    -16    -3       1.1914030119E-006
#    -16    -2       1.2140916271E-005
#    -16    -1       3.9736138634E-005
#    -16     0       3.3591981955E-005
#    -16     1       3.5042625939E-005
#    -16     2       7.9035473060E-005
#    -16     3       5.7306922911E-005
#    -16     4       4.4251734939E-006
#    -16     5       1.9645462369E-005
#    -16     6       5.4016208661E-005
#    -16     7       4.9592229394E-005
#    -16     8       1.1903187293E-004
#    -16     9       1.6640702044E-004
#    -16    10       1.0236307815E-004
#    -16    11       5.0710070493E-006
#    -16    12       3.7736872826E-005
#    -16    13       1.4564362278E-004
#    -16    14       1.1036683322E-004
#    -16    15       4.0280524146E-005
#    -16    16       1.3909309260E-006
#    -16    17       1.1485357032E-005
#    -16    18       1.9246991151E-005
#    -16    19       2.1187826433E-005
#    -16    20       4.6666877212E-006
#    -16    21       2.4162313223E-006
#    -16    22       1.3731335245E-006
#    -16    23       2.0737160427E-006
#    -16    24       7.2044287664E-007
#    -16    25       4.5173777297E-007
#    -16    26       3.6739287518E-009
#    -16    27       1.8034064032E-006
#    -15   -13       6.1734855833E-007
#    -15   -12       5.2368383226E-006
#    -15   -11       2.6920752775E-006
#    -15   -10       8.3275546971E-004
#    -15    -9       5.2683102415E-006
#    -15    -8       1.0708696040E-006
#    -15    -7       1.2220299780E-005
#    -15    -6       1.0311469112E-005
#    -15    -5       1.2659446510E-002
#    -15    -4       6.9105546073E-006
#    -15    -3       1.6235282372E-005
#    -15    -2       1.2650708691E-005
#    -15    -1       2.0221669601E-005
#    -15     0       4.2735133786E-002
#    -15     1       4.8971434454E-005
#    -15     2       2.4456611420E-005
#    -15     3       6.6592280229E-005
#    -15     4       8.1705325696E-005
#    -15     5       1.5063393554E-002
#    -15     6       7.0394570618E-005
#    -15     7       5.6539109745E-005
#    -15     8       2.2663780267E-005
#    -15     9       5.5337054227E-005
#    -15    10       1.3131879677E-002
#    -15    11       1.7702557774E-004
#    -15    12       6.0516842593E-005
#    -15    13       5.8905414820E-007
#    -15    14       3.2538534325E-005
#    -15    15       2.6028932089E-002
#    -15    16       3.0235685589E-005
#    -15    17       7.2130768868E-006
#    -15    18       3.3598086934E-006
#    -15    19       6.3219102925E-006
#    -15    20       8.0415507900E-003
#    -15    21       1.8623492610E-006
#    -15    22       5.6784611375E-006
#    -15    23       3.4996783383E-006
#    -15    24       3.3754774400E-006
#    -15    25       4.4871022248E-004
#    -15    26       1.5144387769E-006
#    -15    27       8.7060312234E-007
#    -15    28       4.0154841155E-008
#    -14   -14       2.5229780300E-006
#    -14   -13       1.7864622324E-006
#    -14   -12       4.4874333942E-006
#    -14   -11       1.6624513343E-005
#    -14   -10       1.2344393291E-005
#    -14    -9       1.8003654750E-005
#    -14    -8       5.0042834100E-006
#    -14    -7       3.4118281462E-007
#    -14    -6       9.6417568226E-006
#    -14    -5       1.2096650850E-005
#    -14    -4       4.7091941810E-006
#    -14    -3       5.9507308185E-006
#    -14    -2       3.9596593923E-005
#    -14    -1       3.8163431709E-005
#    -14     0       4.2805901649E-005
#    -14     1       8.3995917760E-005
#    -14     2       5.4333824484E-005
#    -14     3       1.9834982282E-006
#    -14     4       3.2772259261E-005
#    -14     5       5.5111368565E-005
#    -14     6       7.6231844059E-005
#    -14     7       1.4085807875E-004
#    -14     8       1.5927062993E-004
#    -14     9       6.8082110923E-005
#    -14    10       1.0455812809E-005
#    -14    11       7.3381790152E-005
#    -14    12       1.1027450255E-004
#    -14    13       6.5827652415E-005
#    -14    14       1.0460037735E-005
#    -14    15       8.4065103557E-006
#    -14    16       1.3050626106E-005
#    -14    17       7.5366129831E-006
#    -14    18       2.9694981682E-008
#    -14    19       4.0383702130E-006
#    -14    20       6.7676469267E-006
#    -14    21       2.8088884110E-006
#    -14    22       5.2599069274E-006
#    -14    23       7.9940768256E-006
#    -14    24       2.8943672900E-006
#    -14    25       1.1188884218E-006
#    -14    26       2.0317457970E-006
#    -14    27       1.6832179184E-006
#    -14    28       3.4667654231E-007
#    -13   -15       2.1433623907E-006
#    -13   -14       5.5310965384E-006
#    -13   -13       1.1500855613E-005
#    -13   -12       3.1306136954E-006
#    -13   -11       2.8882596822E-006
#    -13   -10       4.3146890252E-006
#    -13    -9       7.2083186439E-006
#    -13    -8       1.6902824762E-005
#    -13    -7       1.4917630925E-005
#    -13    -6       5.1799095870E-006
#    -13    -5       2.9901458158E-006
#    -13    -4       1.6735205864E-005
#    -13    -3       2.0131341722E-005
#    -13    -2       2.4816206879E-005
#    -13    -1       5.5094920132E-005
#    -13     0       4.5681454956E-005
#    -13     1       2.5710680094E-005
#    -13     2       6.2393361379E-005
#    -13     3       7.2466282425E-005
#    -13     4       4.7792461955E-005
#    -13     5       6.0729273934E-005
#    -13     6       4.5450462001E-005
#    -13     7       2.6857457822E-005
#    -13     8       1.0389483237E-004
#    -13     9       1.7565215960E-004
#    -13    10       1.2238436969E-004
#    -13    11       1.8856341002E-005
#    -13    12       1.4796811745E-005
#    -13    13       3.5360122665E-005
#    -13    14       2.6074434597E-005
#    -13    15       1.7529301254E-006
#    -13    16       7.3734288967E-006
#    -13    17       1.3360504861E-005
#    -13    18       1.2984357718E-005
#    -13    19       6.0681148909E-006
#    -13    20       3.6406316903E-006
#    -13    21       1.4696427817E-005
#    -13    22       9.1707018488E-006
#    -13    23       7.3397628340E-006
#    -13    24       7.0245215370E-006
#    -13    25       4.2794850140E-006
#    -13    26       1.0190950740E-006
#    -13    27       9.1796851460E-007
#    -13    28       1.2672191288E-007
#    -12   -15       5.6347597386E-007
#    -12   -14       1.9794129978E-006
#    -12   -13       1.2162929476E-005
#    -12   -12       2.2108262735E-005
#    -12   -11       1.6594454456E-005
#    -12   -10       1.1428670452E-005
#    -12    -9       7.1056710722E-006
#    -12    -8       8.6459571505E-007
#    -12    -7       7.9484093442E-006
#    -12    -6       1.7239149931E-005
#    -12    -5       1.0488831851E-005
#    -12    -4       4.3169837709E-006
#    -12    -3       3.0828376740E-005
#    -12    -2       4.3227371783E-005
#    -12    -1       3.6719813165E-005
#    -12     0       5.7101167185E-005
#    -12     1       3.7936461006E-005
#    -12     2       1.3561615996E-006
#    -12     3       1.6429480680E-005
#    -12     4       3.9332529004E-005
#    -12     5       8.1885886705E-005
#    -12     6       1.4491879669E-004
#    -12     7       1.3644947872E-004
#    -12     8       3.6812476490E-005
#    -12     9       1.7380780971E-005
#    -12    10       9.0749417745E-005
#    -12    11       9.9254874236E-005
#    -12    12       2.3614509688E-005
#    -12    13       4.3896131796E-006
#    -12    14       1.8643864775E-005
#    -12    15       1.2995188395E-005
#    -12    16       3.4059927784E-006
#    -12    17       1.1794788677E-005
#    -12    18       1.0475338016E-005
#    -12    19       1.5230363844E-005
#    -12    20       1.1997773497E-005
#    -12    21       1.2982025088E-005
#    -12    22       1.2839760707E-005
#    -12    23       6.8681139562E-006
#    -12    24       2.4778250087E-006
#    -12    25       2.2227996415E-006
#    -12    26       1.2234668840E-006
#    -12    27       3.5248775461E-009
#    -11   -16       1.0623665652E-005
#    -11   -15       1.3119879176E-005
#    -11   -14       8.9040214281E-006
#    -11   -13       7.5969763839E-006
#    -11   -12       6.7456728177E-006
#    -11   -11       7.8203501327E-006
#    -11   -10       1.0315106072E-005
#    -11    -9       1.6375377626E-005
#    -11    -8       1.9646103005E-005
#    -11    -7       6.4740072581E-006
#    -11    -6       3.0064585321E-006
#    -11    -5       2.3669242417E-005
#    -11    -4       1.7796240805E-005
#    -11    -3       1.2792964856E-005
#    -11    -2       4.1468297191E-005
#    -11    -1       3.3179744724E-005
#    -11     0       1.8874759480E-005
#    -11     1       3.7456309895E-005
#    -11     2       4.3550619118E-005
#    -11     3       4.2174073137E-005
#    -11     4       4.9561229665E-005
#    -11     5       2.5737787298E-005
#    -11     6       2.3618746058E-005
#    -11     7       1.1454069440E-004
#    -11     8       1.5685757509E-004
#    -11     9       8.1575588907E-005
#    -11    10       5.8600017576E-006
#    -11    11       2.6588642556E-005
#    -11    12       4.6059663406E-005
#    -11    13       1.2724375525E-005
#    -11    14       4.9649285780E-007
#    -11    15       1.6361883019E-005
#    -11    16       2.0353710195E-005
#    -11    17       2.0406834885E-005
#    -11    18       1.7764226070E-005
#    -11    19       1.3705609258E-005
#    -11    20       1.1863775075E-005
#    -11    21       8.1834587677E-006
#    -11    22       9.6610156695E-006
#    -11    23       2.0729921428E-005
#    -11    24       8.5130534827E-006
#    -11    25       4.6189907773E-007
#    -11    26       7.6079000957E-007
#    -11    27       6.6937988829E-007
#    -10   -17       9.7279191296E-006
#    -10   -16       2.7198122802E-006
#    -10   -15       4.7638116766E-004
#    -10   -14       1.5174556365E-005
#    -10   -13       3.6244813151E-005
#    -10   -12       2.3217927263E-005
#    -10   -11       1.7630787125E-005
#    -10   -10       6.7533072539E-003
#    -10    -9       1.8371831327E-007
#    -10    -8       1.5629123369E-005
#    -10    -7       2.5229170698E-005
#    -10    -6       7.8294023772E-006
#    -10    -5       1.5650486420E-002
#    -10    -4       3.4965321289E-005
#    -10    -3       3.7092375530E-005
#    -10    -2       1.8893102888E-005
#    -10    -1       3.3705996988E-005
#    -10     0       1.5277524867E-002
#    -10     1       3.2770288826E-006
#    -10     2       5.2155798857E-006
#    -10     3       2.5361233421E-005
#    -10     4       7.5471118931E-005
#    -10     5       4.9855649443E-003
#    -10     6       1.0445209312E-004
#    -10     7       1.9151015799E-005
#    -10     8       2.7623805001E-005
#    -10     9       9.9469581498E-005
#    -10    10       4.6364814098E-002
#    -10    11       1.2692311496E-005
#    -10    12       7.6387535130E-006
#    -10    13       2.6434889871E-005
#    -10    14       1.9402858912E-005
#    -10    15       1.5698148343E-002
#    -10    16       1.9966965936E-005
#    -10    17       1.8539329102E-005
#    -10    18       1.7139915535E-005
#    -10    19       1.9579295883E-005
#    -10    20       7.0069262040E-003
#    -10    21       1.5139598783E-005
#    -10    22       7.4532681143E-006
#    -10    23       4.4120790197E-006
#    -10    24       6.2135314859E-006
#    -10    25       8.3022797376E-004
#    -10    26       4.2394118526E-007
#    -10    27       1.0918467575E-007
#     -9   -18       5.8157613835E-006
#     -9   -17       1.0768825950E-005
#     -9   -16       8.2060483559E-006
#     -9   -15       1.6719647292E-005
#     -9   -14       9.4956500559E-006
#     -9   -13       9.3663659161E-006
#     -9   -12       8.0784183224E-006
#     -9   -11       9.6129673678E-006
#     -9   -10       3.0289344124E-005
#     -9    -9       2.2495455495E-005
#     -9    -8       3.6950253062E-006
#     -9    -7       9.0467261240E-006
#     -9    -6       2.5047019393E-005
#     -9    -5       1.3769835884E-005
#     -9    -4       2.5136909706E-006
#     -9    -3       2.5026800478E-005
#     -9    -2       2.4209274997E-005
#     -9    -1       7.3684370663E-006
#     -9     0       2.0079613800E-005
#     -9     1       3.8688745914E-005
#     -9     2       5.1111880163E-005
#     -9     3       5.4517015957E-005
#     -9     4       1.2932018060E-005
#     -9     5       2.7744732226E-005
#     -9     6       1.1907223602E-004
#     -9     7       1.5670787119E-004
#     -9     8       6.9852057799E-005
#     -9     9       3.8633714757E-006
#     -9    10       3.7921161313E-005
#     -9    11       5.0132940069E-005
#     -9    12       1.6459504254E-005
#     -9    13       3.8096125898E-006
#     -9    14       2.0728633675E-005
#     -9    15       2.1692875962E-005
#     -9    16       2.4437085929E-005
#     -9    17       2.4650872464E-005
#     -9    18       9.5271001091E-006
#     -9    19       1.1777069679E-005
#     -9    20       9.8068881660E-006
#     -9    21       7.6383548371E-006
#     -9    22       1.2805206383E-005
#     -9    23       7.7856510126E-006
#     -9    24       2.5577521122E-007
#     -9    25       2.2241352459E-006
#     -9    26       5.6597182720E-007
#     -9    27       3.8976171510E-007
#     -8   -19       1.2488345035E-005
#     -8   -18       4.8932856156E-006
#     -8   -17       1.7638409742E-005
#     -8   -16       1.9819644327E-005
#     -8   -15       3.0082552749E-005
#     -8   -14       3.7566069208E-005
#     -8   -13       2.6991979702E-005
#     -8   -12       3.2808298834E-005
#     -8   -11       1.3046125858E-005
#     -8   -10       2.0310449610E-006
#     -8    -9       2.1797515168E-005
#     -8    -8       2.3021770970E-005
#     -8    -7       3.8039688771E-006
#     -8    -6       1.4253024371E-005
#     -8    -5       3.9219370222E-005
#     -8    -4       2.4437045780E-005
#     -8    -3       5.7482902949E-006
#     -8    -2       1.8940819518E-005
#     -8    -1       2.5850084995E-005
#     -8     0       1.3994203035E-005
#     -8     1       2.1292228370E-006
#     -8     2       1.8062070378E-005
#     -8     3       8.6605764787E-005
#     -8     4       1.5069986887E-004
#     -8     5       1.0166087972E-004
#     -8     6       9.4706629317E-006
#     -8     7       3.6026070355E-005
#     -8     8       9.9332171351E-005
#     -8     9       7.9747928504E-005
#     -8    10       1.0001635889E-005
#     -8    11       1.1142321433E-005
#     -8    12       3.2906439952E-005
#     -8    13       2.3421356512E-005
#     -8    14       1.4767529258E-005
#     -8    15       2.1815566889E-005
#     -8    16       1.5610751303E-005
#     -8    17       1.4612423089E-005
#     -8    18       1.3048760691E-005
#     -8    19       5.2474783005E-006
#     -8    20       8.9021843606E-006
#     -8    21       6.9933339623E-006
#     -8    22       3.6701804567E-006
#     -8    23       8.1606039030E-006
#     -8    24       9.1551720437E-006
#     -8    25       6.7190034535E-007
#     -8    26       1.8179263949E-007
#     -8    27       3.9305987979E-008
#     -7   -20       6.7394545130E-006
#     -7   -19       1.3956379878E-005
#     -7   -18       2.5958848174E-005
#     -7   -17       3.6532520978E-005
#     -7   -16       3.1057614452E-005
#     -7   -15       2.0349924025E-005
#     -7   -14       1.2088149080E-005
#     -7   -13       1.2442868879E-005
#     -7   -12       2.3964187663E-005
#     -7   -11       4.3847561612E-005
#     -7   -10       2.1359970480E-005
#     -7    -9       1.8941316333E-006
#     -7    -8       2.8611406999E-005
#     -7    -7       3.0503563685E-005
#     -7    -6       7.3251039666E-006
#     -7    -5       3.7185493815E-006
#     -7    -4       1.7723498889E-005
#     -7    -3       1.3624932688E-005
#     -7    -2       1.2315866995E-006
#     -7    -1       1.1763812600E-005
#     -7     0       4.8458448739E-005
#     -7     1       8.9525143526E-005
#     -7     2       7.0119315741E-005
#     -7     3       9.6893984820E-006
#     -7     4       3.0366411255E-005
#     -7     5       1.3778899408E-004
#     -7     6       1.5887390763E-004
#     -7     7       5.5212125911E-005
#     -7     8       4.2985697773E-006
#     -7     9       4.0757664900E-005
#     -7    10       5.0115083081E-005
#     -7    11       1.0007729494E-005
#     -7    12       3.1502330194E-006
#     -7    13       1.9487003252E-005
#     -7    14       1.9277628375E-005
#     -7    15       1.7627843376E-005
#     -7    16       2.1961604028E-005
#     -7    17       9.2334190834E-006
#     -7    18       7.9370770500E-006
#     -7    19       6.9036423687E-006
#     -7    20       9.5689140328E-007
#     -7    21       1.2062093694E-005
#     -7    22       7.0715684417E-006
#     -7    23       4.6231215683E-007
#     -7    24       2.3194427150E-006
#     -7    25       3.7793433730E-007
#     -7    26       1.0137574948E-006
#     -7    27       6.6633898933E-007
#     -6   -20       2.2627949561E-005
#     -6   -19       1.1650869881E-005
#     -6   -18       7.5957334702E-006
#     -6   -17       2.2484119802E-005
#     -6   -16       4.7023944865E-005
#     -6   -15       5.4302345806E-005
#     -6   -14       4.5478894307E-005
#     -6   -13       2.9288918085E-005
#     -6   -12       6.1277196040E-006
#     -6   -11       9.8669026533E-006
#     -6   -10       3.3056973374E-005
#     -6    -9       1.8363732594E-005
#     -6    -8       5.9498396134E-006
#     -6    -7       3.6249894265E-005
#     -6    -6       4.2533041775E-005
#     -6    -5       1.4329424842E-005
#     -6    -4       2.2594592640E-006
#     -6    -3       1.0358201519E-005
#     -6    -2       2.5551300917E-005
#     -6    -1       2.5613296808E-005
#     -6     0       4.9176639739E-006
#     -6     1       2.2530588684E-005
#     -6     2       1.1979486293E-004
#     -6     3       1.6102660771E-004
#     -6     4       8.0969441859E-005
#     -6     5       2.9401503533E-006
#     -6     6       4.8566776743E-005
#     -6     7       1.0389361540E-004
#     -6     8       6.5715524945E-005
#     -6     9       1.0327145315E-005
#     -6    10       1.2225354693E-005
#     -6    11       2.7644598954E-005
#     -6    12       1.1299803751E-005
#     -6    13       8.3457367514E-006
#     -6    14       2.7897627315E-005
#     -6    15       1.4969561627E-005
#     -6    16       5.9324264375E-006
#     -6    17       5.9171517880E-006
#     -6    18       2.0663372334E-006
#     -6    19       1.0058500037E-005
#     -6    20       1.1653660566E-005
#     -6    21       2.2353807264E-006
#     -6    22       5.9760665831E-006
#     -6    23       1.2417409901E-005
#     -6    24       1.2379258572E-006
#     -6    25       7.8633782327E-008
#     -6    26       6.1138404398E-008
#     -5   -21       6.1621886666E-006
#     -5   -20       4.7305282070E-004
#     -5   -19       3.5795876685E-005
#     -5   -18       4.3889330226E-005
#     -5   -17       2.7251045287E-005
#     -5   -16       1.8065926245E-005
#     -5   -15       8.1435915700E-003
#     -5   -14       2.6187965678E-005
#     -5   -13       3.4683271850E-005
#     -5   -12       3.7402304253E-005
#     -5   -11       9.3415983176E-006
#     -5   -10       1.5849979046E-002
#     -5    -9       4.1909802524E-005
#     -5    -8       2.6291152529E-005
#     -5    -7       1.4159995844E-006
#     -5    -6       9.4042001577E-006
#     -5    -5       4.0629753203E-003
#     -5    -4       2.7255170556E-006
#     -5    -3       1.2342197177E-007
#     -5    -2       1.0703017478E-005
#     -5    -1       6.9650318469E-005
#     -5     0       3.1677302003E-002
#     -5     1       7.5805021224E-005
#     -5     2       2.1377553312E-006
#     -5     3       5.0082376383E-005
#     -5     4       1.4471274641E-004
#     -5     5       1.5478641237E-003
#     -5     6       2.7501013605E-005
#     -5     7       6.6917066527E-006
#     -5     8       3.7461720879E-005
#     -5     9       3.6460257828E-005
#     -5    10       4.0826548271E-003
#     -5    11       3.5281584802E-006
#     -5    12       1.7892046512E-005
#     -5    13       8.8253505605E-006
#     -5    14       1.1317473157E-005
#     -5    15       1.4912907043E-002
#     -5    16       1.8796409136E-005
#     -5    17       5.8253624474E-006
#     -5    18       3.1101829670E-006
#     -5    19       8.6863273926E-007
#     -5    20       1.2780407257E-002
#     -5    21       1.5102278906E-005
#     -5    22       2.7568893148E-006
#     -5    23       2.5897748139E-006
#     -5    24       3.3231441489E-006
#     -5    25       7.8192119505E-004
#     -5    26       5.1014616115E-007
#     -4   -22       2.1784725331E-005
#     -4   -21       1.9188436921E-005
#     -4   -20       2.3491976257E-005
#     -4   -19       1.5126805790E-005
#     -4   -18       3.4325097225E-005
#     -4   -17       6.7199492265E-005
#     -4   -16       7.5045039745E-005
#     -4   -15       5.7614574044E-005
#     -4   -14       3.0243745579E-005
#     -4   -13       6.3810417311E-006
#     -4   -12       2.1398114915E-005
#     -4   -11       3.8585873905E-005
#     -4   -10       9.9668730565E-006
#     -4    -9       9.5957939849E-006
#     -4    -8       5.8324199905E-005
#     -4    -7       5.2278041378E-005
#     -4    -6       1.5804153443E-005
#     -4    -5       8.3862329422E-007
#     -4    -4       3.5787195637E-006
#     -4    -3       2.4002507306E-005
#     -4    -2       3.3088653807E-005
#     -4    -1       2.4027873441E-006
#     -4     0       3.9975439284E-005
#     -4     1       1.4636246623E-004
#     -4     2       1.5470804688E-004
#     -4     3       4.4633013577E-005
#     -4     4       1.5858053956E-006
#     -4     5       5.2204565300E-005
#     -4     6       7.1735643533E-005
#     -4     7       3.3489565224E-005
#     -4     8       1.8025981240E-006
#     -4     9       8.0925177334E-006
#     -4    10       1.4710100712E-005
#     -4    11       4.3344320512E-006
#     -4    12       1.0324602927E-005
#     -4    13       2.8438523581E-005
#     -4    14       1.8153215403E-005
#     -4    15       2.0535942355E-006
#     -4    16       9.9416388416E-006
#     -4    17       7.0857531521E-006
#     -4    18       1.1742757343E-005
#     -4    19       1.2757272327E-005
#     -4    20       1.3435526238E-006
#     -4    21       8.9862080115E-006
#     -4    22       1.1233042726E-005
#     -4    23       6.3718721460E-007
#     -4    24       4.1467643835E-007
#     -4    25       4.3239313346E-007
#     -4    26       6.4239453427E-007
#     -3   -22       1.3009216323E-005
#     -3   -21       2.7580054978E-005
#     -3   -20       4.3519865984E-005
#     -3   -19       6.0170451429E-005
#     -3   -18       4.7854668035E-005
#     -3   -17       1.6126412510E-005
#     -3   -16       2.0355728795E-005
#     -3   -15       4.0686833700E-005
#     -3   -14       4.8433964015E-005
#     -3   -13       3.9947191204E-005
#     -3   -12       3.4127948479E-006
#     -3   -11       1.2115368828E-005
#     -3   -10       5.0579878918E-005
#     -3    -9       3.0646233983E-005
#     -3    -8       7.7601390715E-007
#     -3    -7       2.2083454780E-005
#     -3    -6       2.5276936874E-005
#     -3    -5       4.8989637031E-006
#     -3    -4       3.5894663451E-007
#     -3    -3       1.1871488387E-005
#     -3    -2       7.5419625403E-005
#     -3    -1       1.3488946999E-004
#     -3     0       7.1274489839E-005
#     -3     1       2.3479397756E-006
#     -3     2       5.9396746999E-005
#     -3     3       1.1261668993E-004
#     -3     4       6.1182594058E-005
#     -3     5       4.8917985404E-006
#     -3     6       7.3654812195E-006
#     -3     7       2.3576419085E-005
#     -3     8       1.8608552867E-005
#     -3     9       2.9508213552E-006
#     -3    10       2.6081739094E-006
#     -3    11       9.1010727583E-006
#     -3    12       2.9016003247E-006
#     -3    13       1.5975589647E-005
#     -3    14       5.3657520243E-005
#     -3    15       4.2154700367E-005
#     -3    16       1.1164309494E-005
#     -3    17       1.6636006621E-006
#     -3    18       3.7860846054E-006
#     -3    19       2.6495885661E-005
#     -3    20       3.8917189276E-005
#     -3    21       5.6774987309E-006
#     -3    22       3.4341509352E-006
#     -3    23       4.6468065963E-006
#     -3    24       1.6815771420E-006
#     -3    25       4.1945890174E-007
#     -2   -23       3.5982667664E-005
#     -2   -22       2.9435160675E-005
#     -2   -21       2.6754066643E-005
#     -2   -20       1.7384266548E-005
#     -2   -19       3.5391602413E-005
#     -2   -18       6.8204482446E-005
#     -2   -17       8.1958373148E-005
#     -2   -16       4.8014998388E-005
#     -2   -15       2.0633676860E-005
#     -2   -14       1.3810041223E-005
#     -2   -13       2.1730822314E-005
#     -2   -12       3.2808707829E-005
#     -2   -11       6.5705964161E-006
#     -2   -10       1.5353040346E-005
#     -2    -9       7.9395776398E-005
#     -2    -8       7.8065219103E-005
#     -2    -7       1.9132331805E-005
#     -2    -6       1.6844335961E-006
#     -2    -5       3.7989408785E-006
#     -2    -4       1.7280711340E-005
#     -2    -3       2.4219322392E-005
#     -2    -2       2.5555590787E-006
#     -2    -1       4.3363617647E-005
#     -2     0       1.4193916429E-004
#     -2     1       1.3168554194E-004
#     -2     2       3.3192650858E-005
#     -2     3       7.9485603367E-006
#     -2     4       3.6946693015E-005
#     -2     5       3.2653090881E-005
#     -2     6       8.4635080676E-006
#     -2     7       7.1301204311E-007
#     -2     8       4.0165237577E-006
#     -2     9       5.5787849687E-006
#     -2    10       3.1323053854E-006
#     -2    11       1.6463280930E-005
#     -2    12       3.1600091686E-005
#     -2    13       1.5928652301E-005
#     -2    14       3.0243841461E-006
#     -2    15       2.8484731150E-005
#     -2    16       3.0440907396E-005
#     -2    17       2.0579918775E-005
#     -2    18       1.1265607233E-005
#     -2    19       1.0489641811E-006
#     -2    20       2.2133047596E-005
#     -2    21       1.6066640673E-005
#     -2    22       3.1925253273E-006
#     -2    23       1.0157391498E-006
#     -2    24       2.4554935724E-007
#     -2    25       3.3113760197E-006
#     -1   -23       1.4793242888E-005
#     -1   -22       3.2172219092E-005
#     -1   -21       4.4562953670E-005
#     -1   -20       6.6596422271E-005
#     -1   -19       4.9038897828E-005
#     -1   -18       2.0018372815E-005
#     -1   -17       2.8872284228E-005
#     -1   -16       4.3760171124E-005
#     -1   -15       4.9063402061E-005
#     -1   -14       3.1779167262E-005
#     -1   -13       5.5377184726E-006
#     -1   -12       9.0344067098E-006
#     -1   -11       6.0858225718E-005
#     -1   -10       3.8449115124E-005
#     -1    -9       3.2839721550E-006
#     -1    -8       4.8373397779E-005
#     -1    -7       5.7797667129E-005
#     -1    -6       1.4765500537E-005
#     -1    -5       1.9244154367E-006
#     -1    -4       1.3334440485E-005
#     -1    -3       6.3526711699E-005
#     -1    -2       1.1593743524E-004
#     -1    -1       7.7729178215E-005
#     -1     0       9.8593184385E-006
#     -1     1       4.4933598749E-005
#     -1     2       8.6472191076E-005
#     -1     3       4.8345287529E-005
#     -1     4       8.9741972380E-006
#     -1     5       6.5883359270E-006
#     -1     6       9.1416758454E-006
#     -1     7       6.6858634327E-006
#     -1     8       4.4550883827E-006
#     -1     9       4.5224698095E-006
#     -1    10       3.8947274108E-006
#     -1    11       3.0867484710E-006
#     -1    12       3.3415578239E-005
#     -1    13       8.5143458145E-005
#     -1    14       6.5855683225E-005
#     -1    15       1.1667599958E-005
#     -1    16       2.1744274476E-006
#     -1    17       1.2049018162E-005
#     -1    18       3.9650229041E-005
#     -1    19       3.9639215593E-005
#     -1    20       4.9630884011E-006
#     -1    21       3.5624007880E-006
#     -1    22       3.1150324039E-006
#     -1    23       3.6980769176E-007
#     -1    24       1.3351030363E-006
#      0   -24       1.8725032247E-005
#      0   -23       2.5870216141E-005
#      0   -22       3.6619664496E-005
#      0   -21       2.5689249732E-005
#      0   -20       2.9855000340E-003
#      0   -19       7.9637842547E-005
#      0   -18       8.9300700092E-005
#      0   -17       4.7570460075E-005
#      0   -16       2.0395238598E-005
#      0   -15       2.7099622773E-002
#      0   -14       2.0695520073E-005
#      0   -13       3.9817793167E-005
#      0   -12       1.3318213168E-005
#      0   -11       2.2769501720E-005
#      0   -10       4.6056662394E-002
#      0    -9       1.0835639017E-004
#      0    -8       2.4866865611E-005
#      0    -7       8.7150318269E-006
#      0    -6       1.2200558643E-005
#      0    -5       2.3499747988E-003
#      0    -4       2.0496765293E-005
#      0    -3       8.7607837891E-006
#      0    -2       3.2451289311E-005
#      0    -1       1.3435186086E-004
#      0     0       2.9766037464E-002
#      0     1       6.7129035797E-005
#      0     2       7.1633615476E-006
#      0     3       1.8836986428E-005
#      0     4       2.1983529644E-005
#      0     5       3.3188446285E-002
#      0     6       6.5654272512E-006
#      0     7       2.7669294925E-006
#      0     8       2.8647674770E-006
#      0     9       8.8234207169E-006
#      0    10       1.7368484724E-002
#      0    11       2.6580437606E-005
#      0    12       6.7108586550E-006
#      0    13       1.5667322621E-005
#      0    14       5.8535319557E-005
#      0    15       4.3196985060E-002
#      0    16       2.0610687850E-005
#      0    17       2.5882322963E-006
#      0    18       5.9464382278E-006
#      0    19       4.2994779437E-005
#      0    20       7.3795313627E-003
#      0    21       3.8142813033E-006
#      0    22       6.8116806358E-007
#      0    23       4.2861787313E-008
#      0    24       9.3799777829E-007
#      1   -24       1.5028270267E-005
#      1   -23       4.1945055565E-005
#      1   -22       5.3095820872E-005
#      1   -21       6.2960682130E-005
#      1   -20       4.1722576624E-005
#      1   -19       1.7554836342E-005
#      1   -18       4.1310476984E-005
#      1   -17       5.5968567659E-005
#      1   -16       4.2747790269E-005
#      1   -15       3.3303977961E-005
#      1   -14       6.0976429178E-006
#      1   -13       1.3322364156E-005
#      1   -12       7.8124669611E-005
#      1   -11       4.6325467478E-005
#      1   -10       1.1167056111E-005
#      1    -9       7.7700151713E-005
#      1    -8       8.6007385013E-005
#      1    -7       2.2558213910E-005
#      1    -6       6.7923334930E-006
#      1    -5       9.7364526446E-006
#      1    -4       4.8176026687E-005
#      1    -3       1.3001314808E-004
#      1    -2       1.1063966030E-004
#      1    -1       1.2437061159E-005
#      1     0       3.7126130274E-005
#      1     1       1.1336578349E-004
#      1     2       9.1509986489E-005
#      1     3       2.4813751428E-005
#      1     4       2.9294861450E-006
#      1     5       5.4722044507E-006
#      1     6       1.0622473756E-005
#      1     7       9.0800781848E-006
#      1     8       2.9893084661E-006
#      1     9       1.3357993023E-006
#      1    10       1.0459411603E-005
#      1    11       4.1707121571E-005
#      1    12       7.1096507848E-005
#      1    13       4.0592176222E-005
#      1    14       1.5518681185E-006
#      1    15       1.0529713380E-005
#      1    16       2.2786018984E-005
#      1    17       3.5097494967E-005
#      1    18       2.7250464169E-005
#      1    19       1.7222027934E-006
#      1    20       6.2034241671E-006
#      1    21       3.1572204120E-006
#      1    22       2.0558699056E-006
#      1    23       1.1868935930E-006
#      2   -25       2.5659387056E-005
#      2   -24       2.0117406766E-005
#      2   -23       2.5374947549E-005
#      2   -22       1.5402126701E-005
#      2   -21       3.9175458755E-005
#      2   -20       8.0920695266E-005
#      2   -19       7.0815741312E-005
#      2   -18       2.7745389391E-005
#      2   -17       1.6930892563E-005
#      2   -16       1.4107043265E-005
#      2   -15       2.1356104774E-005
#      2   -14       4.6885354354E-005
#      2   -13       1.6503946334E-005
#      2   -12       3.8764543076E-005
#      2   -11       1.3785186160E-004
#      2   -10       1.1512250991E-004
#      2    -9       2.6739590210E-005
#      2    -8       1.5746493007E-005
#      2    -7       1.1068662937E-005
#      2    -6       1.9323227578E-006
#      2    -5       2.6165603054E-005
#      2    -4       9.9023522593E-006
#      2    -3       2.7761959638E-005
#      2    -2       1.7142005503E-004
#      2    -1       2.3530933539E-004
#      2     0       1.0221805056E-004
#      2     1       2.7401295825E-006
#      2     2       2.7768384680E-005
#      2     3       5.1440168339E-005
#      2     4       2.8487503798E-005
#      2     5       7.3546184614E-006
#      2     6       9.2779211861E-007
#      2     7       6.8880091087E-006
#      2     8       9.6078314060E-006
#      2     9       7.8683444967E-006
#      2    10       3.6375303157E-006
#      2    11       4.3572672471E-006
#      2    12       3.0153008101E-005
#      2    13       6.0108813675E-005
#      2    14       3.9944763888E-005
#      2    15       7.3781797550E-006
#      2    16       4.6782354987E-007
#      2    17       1.5550283019E-005
#      2    18       4.7797298281E-005
#      2    19       2.7015754823E-005
#      2    20       5.5452757889E-006
#      2    21       3.4749269374E-007
#      2    22       8.0376902649E-007
#      2    23       3.5673477060E-006
#      3   -25       1.1866304381E-005
#      3   -24       2.2738421937E-005
#      3   -23       3.5375308576E-005
#      3   -22       4.5737762256E-005
#      3   -21       3.1876563395E-005
#      3   -20       1.1503247009E-005
#      3   -19       4.2211976041E-005
#      3   -18       5.2129756271E-005
#      3   -17       4.1291676529E-005
#      3   -16       3.8414102339E-005
#      3   -15       4.4697858454E-006
#      3   -14       2.8899621233E-005
#      3   -13       8.4749109082E-005
#      3   -12       4.4987376774E-005
#      3   -11       1.7286567768E-005
#      3   -10       8.4182696412E-005
#      3    -9       8.5455374961E-005
#      3    -8       2.4576735464E-005
#      3    -7       6.1448472681E-006
#      3    -6       3.0342761390E-006
#      3    -5       5.3226675462E-005
#      3    -4       1.6483241538E-004
#      3    -3       1.2532643570E-004
#      3    -2       6.9776831152E-006
#      3    -1       6.0720730407E-005
#      3     0       1.8452593057E-004
#      3     1       1.3945586071E-004
#      3     2       3.1844830731E-005
#      3     3       1.5257796510E-006
#      3     4       1.5011681066E-005
#      3     5       1.5457447956E-005
#      3     6       3.4124093414E-006
#      3     7       1.3163493589E-006
#      3     8       9.7697394285E-006
#      3     9       1.3691221413E-005
#      3    10       1.6190247455E-005
#      3    11       1.6849496272E-005
#      3    12       2.9860810742E-006
#      3    13       2.9283833653E-006
#      3    14       1.2888730015E-005
#      3    15       1.3657557629E-005
#      3    16       2.3105126874E-005
#      3    17       1.1923280901E-005
#      3    18       7.6082075982E-007
#      3    19       8.0288177660E-006
#      3    20       8.4272339484E-006
#      3    21       3.4941522359E-007
#      3    22       2.6867024367E-006
#      4   -26       1.7163043772E-005
#      4   -25       1.5169929704E-005
#      4   -24       1.8993412491E-005
#      4   -23       1.7134745760E-005
#      4   -22       4.8420097617E-005
#      4   -21       7.8993519341E-005
#      4   -20       5.2244646688E-005
#      4   -19       2.5319584921E-005
#      4   -18       1.8208972355E-005
#      4   -17       1.0657846825E-005
#      4   -16       3.5294965147E-005
#      4   -15       5.6567776050E-005
#      4   -14       2.0296266681E-005
#      4   -13       3.8847487619E-005
#      4   -12       1.1970041253E-004
#      4   -11       9.9588756566E-005
#      4   -10       2.4437039018E-005
#      4    -9       8.1017619833E-006
#      4    -8       4.8176580800E-006
#      4    -7       3.5023451529E-006
#      4    -6       1.8708035675E-005
#      4    -5       2.8192865021E-006
#      4    -4       4.9137901909E-005
#      4    -3       2.2907162449E-004
#      4    -2       2.8557243375E-004
#      4    -1       1.0511803186E-004
#      4     0       5.7069578923E-008
#      4     1       5.1108585690E-005
#      4     2       7.1979665003E-005
#      4     3       2.4573249386E-005
#      4     4       3.3800912843E-006
#      4     5       9.8168238323E-006
#      4     6       8.3167927729E-006
#      4     7       5.4425173198E-007
#      4     8       6.1428987904E-006
#      4     9       1.4063248949E-005
#      4    10       1.8128588704E-005
#      4    11       2.0816600925E-005
#      4    12       1.8781576508E-005
#      4    13       4.5723555796E-006
#      4    14       2.6688747729E-007
#      4    15       2.7766122990E-006
#      4    16       1.8406407241E-005
#      4    17       3.4736258049E-005
#      4    18       1.9577407854E-005
#      4    19       2.0116663373E-006
#      4    20       2.3931185618E-007
#      4    21       1.6618044326E-008
#      4    22       1.4497523794E-006
#      5   -26       6.8446799462E-006
#      5   -25       4.6677071976E-004
#      5   -24       3.0355202292E-005
#      5   -23       3.3124813494E-005
#      5   -22       1.2080371049E-005
#      5   -21       1.3444250011E-005
#      5   -20       7.8927331970E-003
#      5   -19       4.3914481004E-005
#      5   -18       4.2250480347E-005
#      5   -17       3.1773246055E-005
#      5   -16       5.0574287540E-006
#      5   -15       1.5177975856E-002
#      5   -14       6.7087599736E-005
#      5   -13       3.6283243143E-005
#      5   -12       1.6021874411E-005
#      5   -11       5.0974947609E-005
#      5   -10       3.5068123841E-003
#      5    -9       2.4909754632E-005
#      5    -8       4.8538338053E-006
#      5    -7       9.4944805344E-006
#      5    -6       6.8521744551E-005
#      5    -5       3.0448728950E-002
#      5    -4       9.4559967835E-005
#      5    -3       3.6691894119E-006
#      5    -2       9.8773910035E-005
#      5    -1       2.2404151047E-004
#      5     0       1.4832548158E-003
#      5     1       1.6659814136E-005
#      5     2       1.2600954554E-005
#      5     3       2.1962953401E-005
#      5     4       2.7114881859E-006
#      5     5       4.7495525851E-003
#      5     6       3.1080203059E-005
#      5     7       2.7958787403E-005
#      5     8       3.6615067052E-006
#      5     9       1.4605352646E-006
#      5    10       1.5341607554E-002
#      5    11       8.9761888181E-006
#      5    12       9.2996543048E-006
#      5    13       6.1991947924E-006
#      5    14       9.5892934647E-007
#      5    15       1.3179585748E-002
#      5    16       8.0851805928E-007
#      5    17       2.7310285571E-006
#      5    18       8.9263836914E-006
#      5    19       2.0656751305E-006
#      5    20       7.6935869337E-004
#      5    21       2.1098326970E-007
#      6   -26       1.4947169755E-005
#      6   -25       7.9243243220E-006
#      6   -24       9.4895472607E-006
#      6   -23       2.9036478881E-005
#      6   -22       4.5482252278E-005
#      6   -21       3.7131708577E-005
#      6   -20       1.8576766248E-005
#      6   -19       9.5530197894E-006
#      6   -18       1.0127446968E-005
#      6   -17       4.1633843794E-005
#      6   -16       5.4318398263E-005
#      6   -15       1.8781600196E-005
#      6   -14       2.7802073572E-005
#      6   -13       7.0967427705E-005
#      6   -12       6.7048426822E-005
#      6   -11       2.1472267284E-005
#      6   -10       1.3793838015E-006
#      6    -9       1.9609256360E-006
#      6    -8       7.4048493695E-007
#      6    -7       2.3510936913E-006
#      6    -6       3.0365794491E-006
#      6    -5       6.9541825706E-005
#      6    -4       2.2507310021E-004
#      6    -3       2.3540965010E-004
#      6    -2       7.0157772540E-005
#      6    -1       3.7822837336E-006
#      6     0       7.2438414759E-005
#      6     1       5.7616230245E-005
#      6     2       7.7611392213E-006
#      6     3       2.0848178998E-005
#      6     4       3.1549539324E-005
#      6     5       4.3753156025E-006
#      6     6       2.0534333411E-005
#      6     7       6.5899084559E-005
#      6     8       6.8735321263E-005
#      6     9       2.0448752901E-005
#      6    10       1.9202085596E-006
#      6    11       1.5917420525E-006
#      6    12       9.0869920089E-006
#      6    13       7.9251050606E-006
#      6    14       5.6733919700E-006
#      6    15       1.0878933968E-005
#      6    16       1.2102171403E-005
#      6    17       8.2127810478E-006
#      6    18       5.9349465342E-007
#      6    19       3.2821271323E-007
#      6    20       1.4435186029E-007
#      7   -27       9.9764705659E-006
#      7   -26       1.2685225394E-005
#      7   -25       1.9205396171E-005
#      7   -24       2.0028623109E-005
#      7   -23       1.3523608621E-005
#      7   -22       1.7642400104E-005
#      7   -21       2.1985864114E-005
#      7   -20       3.3571721293E-005
#      7   -19       4.3759351955E-005
#      7   -18       2.8176799115E-005
#      7   -17       7.2624485962E-007
#      7   -16       2.0793970499E-005
#      7   -15       4.4612015209E-005
#      7   -14       2.7307732769E-005
#      7   -13       7.2920576007E-006
#      7   -12       2.5833252314E-005
#      7   -11       4.7778020114E-005
#      7   -10       3.9561855547E-005
#      7    -9       1.9872877476E-005
#      7    -8       1.9659660253E-005
#      7    -7       4.5579272670E-005
#      7    -6       7.8795762926E-005
#      7    -5       4.2557143187E-005
#      7    -4       5.8830121608E-006
#      7    -3       1.0130709256E-004
#      7    -2       1.7903626030E-004
#      7    -1       8.5677506847E-005
#      7     0       9.2620920286E-006
#      7     1       3.4664238205E-005
#      7     2       1.6174841518E-005
#      7     3       6.3184345447E-006
#      7     4       7.2044673276E-005
#      7     5       9.0973568218E-005
#      7     6       2.5609502418E-005
#      7     7       5.0854391823E-006
#      7     8       4.7664323055E-005
#      7     9       6.7113512298E-005
#      7    10       4.1127442136E-005
#      7    11       9.7339655034E-006
#      7    12       1.2685583712E-007
#      7    13       7.5181946354E-006
#      7    14       6.2332911236E-006
#      7    15       1.7650513760E-006
#      7    16       3.4911119932E-006
#      7    17       2.2392174563E-006
#      7    18       3.8621738004E-007
#      7    19       9.1291982621E-007
#      7    20       6.2904931685E-008
#      8   -27       7.5839187686E-006
#      8   -26       3.7370296308E-006
#      8   -25       1.6203561579E-005
#      8   -24       2.2610837441E-005
#      8   -23       2.5556326009E-005
#      8   -22       2.7338740110E-005
#      8   -21       1.4214869917E-005
#      8   -20       7.8264343506E-006
#      8   -19       1.9294958297E-005
#      8   -18       4.7422044952E-005
#      8   -17       4.5335536188E-005
#      8   -16       1.4559831121E-005
#      8   -15       7.5369439949E-006
#      8   -14       3.7067188888E-005
#      8   -13       6.1179465023E-005
#      8   -12       4.1322304375E-005
#      8   -11       7.8236950276E-006
#      8   -10       4.5716577233E-006
#      8    -9       1.0599896876E-005
#      8    -8       8.4755464892E-006
#      8    -7       1.8069485847E-005
#      8    -6       6.3305341572E-005
#      8    -5       1.3735248078E-004
#      8    -4       1.3185847226E-004
#      8    -3       2.8340626872E-005
#      8    -2       1.2300692847E-005
#      8    -1       5.4042080313E-005
#      8     0       1.8564073763E-005
#      8     1       2.3957961948E-005
#      8     2       8.0479674283E-005
#      8     3       4.2611033119E-005
#      8     4       1.1312746530E-005
#      8     5       1.0477415260E-004
#      8     6       1.7520546313E-004
#      8     7       9.8774469748E-005
#      8     8       1.2640033222E-005
#      8     9       7.7831445682E-006
#      8    10       3.9800248585E-005
#      8    11       5.1352934979E-005
#      8    12       1.6324989470E-005
#      8    13       2.7180144216E-006
#      8    14       3.7920526167E-006
#      8    15       1.8673755754E-006
#      8    16       1.3398782538E-006
#      8    17       3.9631819179E-006
#      8    18       1.3307297467E-006
#      8    19       2.1176634304E-008
#      9   -27       1.3559036054E-005
#      9   -26       1.2071867085E-005
#      9   -25       7.4055177118E-006
#      9   -24       7.0736937244E-006
#      9   -23       6.6510518022E-006
#      9   -22       1.3573087017E-005
#      9   -21       3.1537718534E-005
#      9   -20       3.3131352076E-005
#      9   -19       1.4135141107E-005
#      9   -18       5.3097562571E-007
#      9   -17       1.4503016910E-005
#      9   -16       2.4773726766E-005
#      9   -15       2.3691451228E-005
#      9   -14       1.1052393074E-005
#      9   -13       2.2040757477E-005
#      9   -12       7.7166173143E-005
#      9   -11       9.6358688907E-005
#      9   -10       5.9315521517E-005
#      9    -9       1.5686694188E-005
#      9    -8       1.1100077966E-005
#      9    -7       1.2315262676E-005
#      9    -6       5.6610115828E-006
#      9    -5       9.1353044451E-006
#      9    -4       7.5334617609E-005
#      9    -3       9.2264199946E-005
#      9    -2       4.5922183312E-005
#      9    -1       3.2169252232E-005
#      9     0       4.2312778866E-005
#      9     1       4.5505627515E-006
#      9     2       5.8130411128E-005
#      9     3       1.7066447616E-004
#      9     4       1.4030202508E-004
#      9     5       2.1138410536E-005
#      9     6       4.2820568915E-005
#      9     7       1.5163133673E-004
#      9     8       1.5291577833E-004
#      9     9       5.9355923360E-005
#      9    10       1.2083677728E-006
#      9    11       1.7691284529E-005
#      9    12       3.0668713931E-005
#      9    13       1.6787834844E-005
#      9    14       6.5636109290E-006
#      9    15       3.0834072914E-006
#      9    16       3.5596485022E-006
#      9    17       5.7340115165E-008
#      9    18       5.4482422790E-007
#     10   -27       4.7877511483E-006
#     10   -26       4.4442564216E-006
#     10   -25       4.3190587548E-004
#     10   -24       1.8594513072E-005
#     10   -23       2.9486957580E-005
#     10   -22       8.6091501095E-006
#     10   -21       2.9230720196E-006
#     10   -20       6.3368688939E-003
#     10   -19       4.2916495805E-005
#     10   -18       3.0658178947E-005
#     10   -17       8.9775367490E-006
#     10   -16       1.0641399725E-006
#     10   -15       1.5487934550E-002
#     10   -14       9.7589672323E-005
#     10   -13       8.7584047465E-005
#     10   -12       1.7131918143E-005
#     10   -11       3.5760024602E-005
#     10   -10       1.5446647900E-002
#     10    -9       5.1976106381E-005
#     10    -8       2.5607063003E-005
#     10    -7       2.4902439522E-005
#     10    -6       4.9139033012E-005
#     10    -5       4.1856162144E-003
#     10    -4       1.8452863141E-005
#     10    -3       1.1776080088E-005
#     10    -2       1.9023200621E-005
#     10    -1       2.0280555056E-005
#     10     0       4.6725847430E-002
#     10     1       1.2020878932E-004
#     10     2       3.2663558201E-005
#     10     3       4.5136197676E-005
#     10     4       1.9354708296E-004
#     10     5       1.3098564108E-002
#     10     6       9.5667581581E-005
#     10     7       2.8525045983E-006
#     10     8       5.1172406470E-005
#     10     9       1.3103394823E-004
#     10    10       6.0806192380E-003
#     10    11       2.0449559336E-005
#     10    12       5.4103563541E-007
#     10    13       1.0143646698E-005
#     10    14       3.4552852681E-006
#     10    15       8.6491699838E-004
#     10    16       3.9777455530E-008
#     10    17       2.4177468618E-007
#     11   -27       1.7730810641E-006
#     11   -26       5.9386663663E-006
#     11   -25       3.9439914773E-006
#     11   -24       1.7533366756E-006
#     11   -23       1.5641850084E-005
#     11   -22       2.5881768226E-005
#     11   -21       2.3582394066E-005
#     11   -20       5.8171967480E-006
#     11   -19       5.6137532778E-006
#     11   -18       1.3556311029E-005
#     11   -17       1.0461093825E-005
#     11   -16       3.7058997933E-005
#     11   -15       2.3499196967E-005
#     11   -14       4.7052538116E-005
#     11   -13       1.8601082077E-004
#     11   -12       2.0946711742E-004
#     11   -11       8.3145992195E-005
#     11   -10       8.5645343001E-006
#     11    -9       1.0366229075E-005
#     11    -8       4.6765742158E-006
#     11    -7       2.2503809485E-006
#     11    -6       3.2740030796E-006
#     11    -5       2.3674499167E-005
#     11    -4       6.4707042724E-005
#     11    -3       6.7603697247E-005
#     11    -2       7.1194948114E-005
#     11    -1       3.1704829682E-005
#     11     0       7.5575763569E-006
#     11     1       1.0988398689E-004
#     11     2       2.2255944552E-004
#     11     3       1.1782273895E-004
#     11     4       1.3846504360E-005
#     11     5       7.8603111946E-005
#     11     6       1.9813974816E-004
#     11     7       1.7546068961E-004
#     11     8       4.9266865754E-005
#     11     9       3.3543147587E-006
#     11    10       4.3918357157E-005
#     11    11       5.6507084897E-005
#     11    12       3.3667092146E-005
#     11    13       8.6937050531E-006
#     11    14       1.8696585785E-006
#     11    15       8.1311824431E-007
#     11    16       2.6493757012E-008
#     12   -27       1.7447308598E-006
#     12   -26       5.3007192958E-006
#     12   -25       1.4873678274E-005
#     12   -24       2.0693900214E-005
#     12   -23       2.7130866049E-006
#     12   -22       1.4757399494E-006
#     12   -21       2.0342433948E-005
#     12   -20       2.3976842332E-005
#     12   -19       1.0472154399E-005
#     12   -18       1.4883606025E-005
#     12   -17       1.0007119076E-005
#     12   -16       2.9593457822E-005
#     12   -15       1.4592387307E-004
#     12   -14       1.2238013645E-004
#     12   -13       2.5272366557E-005
#     12   -12       1.1856829014E-004
#     12   -11       2.0326613920E-004
#     12   -10       1.0732975701E-004
#     12    -9       1.4699187557E-005
#     12    -8       1.2673019125E-006
#     12    -7       2.0333120328E-005
#     12    -6       5.1492013709E-005
#     12    -5       4.4274560607E-005
#     12    -4       4.4213285487E-006
#     12    -3       8.8866812316E-006
#     12    -2       6.3746117401E-005
#     12    -1       1.3695259320E-004
#     12     0       1.1213680296E-004
#     12     1       3.0263083130E-005
#     12     2       6.5523518005E-005
#     12     3       1.9761339714E-004
#     12     4       1.8932124829E-004
#     12     5       7.7620121051E-005
#     12     6       9.4745519491E-006
#     12     7       8.1368568698E-005
#     12     8       1.2522568780E-004
#     12     9       8.0248332735E-005
#     12    10       8.3880666198E-006
#     12    11       2.2363969761E-006
#     12    12       1.5658543934E-005
#     12    13       9.0849453739E-006
#     12    14       1.8541803958E-006
#     12    15       6.5113258755E-007
#     13   -28       1.3329840509E-006
#     13   -27       1.4128156052E-006
#     13   -26       1.1506575378E-006
#     13   -25       7.4743656055E-007
#     13   -24       1.5255169989E-005
#     13   -23       3.3752086642E-005
#     13   -22       1.4889046948E-005
#     13   -21       4.3458529591E-006
#     13   -20       1.6071636197E-005
#     13   -19       1.5060440862E-005
#     13   -18       1.6386260624E-006
#     13   -17       3.9483929904E-005
#     13   -16       3.0551459042E-005
#     13   -15       6.7638700894E-005
#     13   -14       2.8233749427E-004
#     13   -13       3.0284863778E-004
#     13   -12       7.0060808779E-005
#     13   -11       1.7899743570E-005
#     13   -10       5.3860739035E-005
#     13    -9       4.1561881253E-005
#     13    -8       1.4838212067E-005
#     13    -7       6.6136716678E-007
#     13    -6       2.2804753647E-005
#     13    -5       9.4912334038E-005
#     13    -4       1.3675241870E-004
#     13    -3       9.2800100281E-005
#     13    -2       1.7819481653E-005
#     13    -1       1.8789057934E-005
#     13     0       1.1714010848E-004
#     13     1       1.7549403639E-004
#     13     2       8.2892545908E-005
#     13     3       1.6392030840E-005
#     13     4       8.1901355436E-005
#     13     5       1.8346804551E-004
#     13     6       1.3032254947E-004
#     13     7       3.2398298189E-005
#     13     8       4.1948801347E-006
#     13     9       4.3001586453E-005
#     13    10       5.7110035604E-005
#     13    11       2.5511076407E-005
#     13    12       1.3077320179E-006
#     13    13       1.7632105844E-006
#     13    14       5.4026455209E-007
#     13    15       6.8067698402E-007
#     14   -28       9.0776205761E-006
#     14   -27       2.2819103586E-008
#     14   -26       3.4032058716E-006
#     14   -25       1.4607486158E-005
#     14   -24       2.9196110368E-006
#     14   -23       7.6580161723E-006
#     14   -22       1.3704646705E-005
#     14   -21       5.6498215524E-006
#     14   -20       6.1210524864E-006
#     14   -19       2.8125363373E-005
#     14   -18       2.2410909969E-005
#     14   -17       4.1011327158E-005
#     14   -16       1.6048871922E-004
#     14   -15       1.0729973016E-004
#     14   -14       3.2470295869E-005
#     14   -13       2.3172537765E-004
#     14   -12       3.0968389826E-004
#     14   -11       1.2238021804E-004
#     14   -10       1.5998769668E-006
#     14    -9       1.9832423335E-005
#     14    -8       4.5096817854E-005
#     14    -7       8.1678812452E-005
#     14    -6       6.5530817650E-005
#     14    -5       7.9668671727E-006
#     14    -4       4.2479892477E-005
#     14    -3       1.1767711790E-004
#     14    -2       1.6326226918E-004
#     14    -1       1.0459972235E-004
#     14     0       1.8906571529E-005
#     14     1       3.9897999309E-005
#     14     2       1.0739880699E-004
#     14     3       1.1983788538E-004
#     14     4       4.5344105744E-005
#     14     5       1.1859431838E-005
#     14     6       6.1002050265E-005
#     14     7       7.6300868718E-005
#     14     8       3.5404157999E-005
#     14     9       7.2253869694E-006
#     14    10       4.3792099232E-006
#     14    11       1.4158771300E-005
#     14    12       1.0326927059E-005
#     14    13       3.1860919088E-006
#     14    14       1.4142030056E-007
#     15   -28       6.6706110856E-007
#     15   -27       2.4119198350E-006
#     15   -26       3.9470937042E-007
#     15   -25       7.6803480562E-004
#     15   -24       2.5359880686E-005
#     15   -23       7.5746533689E-006
#     15   -22       4.4635557381E-006
#     15   -21       1.1620635638E-005
#     15   -20       1.2150874891E-002
#     15   -19       1.2013033769E-005
#     15   -18       4.1426467937E-005
#     15   -17       3.3649729097E-005
#     15   -16       8.5923098188E-005
#     15   -15       3.8770845591E-002
#     15   -14       3.0017113819E-004
#     15   -13       3.8055289683E-005
#     15   -12       5.3628185512E-005
#     15   -11       1.4949886201E-004
#     15   -10       1.5708352538E-002
#     15    -9       1.3479769254E-005
#     15    -8       8.2489038669E-006
#     15    -7       4.7824334431E-005
#     15    -6       1.4681568748E-004
#     15    -5       1.3265505376E-002
#     15    -4       9.8334513878E-005
#     15    -3       1.2157502588E-005
#     15    -2       2.7307682303E-005
#     15    -1       1.0305535540E-004
#     15     0       2.5009522001E-002
#     15     1       6.5022769039E-005
#     15     2       2.0619853647E-005
#     15     3       2.8006100189E-005
#     15     4       7.1816886593E-005
#     15     5       7.2285618362E-003
#     15     6       1.0543376094E-005
#     15     7       1.0655739404E-005
#     15     8       2.8453680524E-005
#     15     9       3.9177450454E-005
#     15    10       3.1595237806E-004
#     15    11       1.9132201981E-007
#     15    12       1.6181162989E-006
#     15    13       8.6266253115E-007
#     16   -27       1.8248864639E-006
#     16   -26       2.4657583010E-006
#     16   -25       3.2355604050E-006
#     16   -24       2.7255373142E-005
#     16   -23       2.6334391084E-005
#     16   -22       8.0929555931E-006
#     16   -21       7.1729572293E-006
#     16   -20       2.4217624838E-005
#     16   -19       2.2624219633E-005
#     16   -18       6.5870134554E-005
#     16   -17       1.3795265299E-004
#     16   -16       7.1447800349E-005
#     16   -15       3.2991094559E-005
#     16   -14       2.5308948934E-004
#     16   -13       3.0666141491E-004
#     16   -12       9.6831919667E-005
#     16   -11       1.0336653033E-006
#     16   -10       5.2096074061E-005
#     16    -9       6.3013202851E-005
#     16    -8       1.0084928854E-004
#     16    -7       7.5930699889E-005
#     16    -6       1.5186195469E-005
#     16    -5       6.9266920916E-005
#     16    -4       1.7483957646E-004
#     16    -3       1.8889382035E-004
#     16    -2       6.9725377118E-005
#     16    -1       6.5366726708E-006
#     16     0       9.8362539662E-006
#     16     1       4.9558031850E-005
#     16     2       5.1055597349E-005
#     16     3       5.2558559288E-005
#     16     4       1.4474091713E-005
#     16     5       1.4266270284E-005
#     16     6       2.5153236754E-005
#     16     7       2.2878057118E-005
#     16     8       5.0262794421E-006
#     16     9       6.4789468950E-007
#     16    10       5.4446251345E-006
#     16    11       3.2904870985E-006
#     17   -27       7.2298933300E-007
#     17   -26       3.6363316886E-006
#     17   -25       8.4059517329E-006
#     17   -24       4.5076590820E-006
#     17   -23       7.9920992986E-006
#     17   -22       4.5589790748E-006
#     17   -21       1.8813107098E-006
#     17   -20       3.1768241401E-005
#     17   -19       3.5224534497E-005
#     17   -18       2.7096151206E-005
#     17   -17       1.0240563170E-004
#     17   -16       2.4532081667E-004
#     17   -15       1.8239131063E-004
#     17   -14       1.7449156550E-005
#     17   -13       6.8596008437E-005
#     17   -12       1.6605316061E-004
#     17   -11       6.9825203836E-005
#     17   -10       6.8573588812E-006
#     17    -9       1.8867254157E-005
#     17    -8       7.8937503550E-005
#     17    -7       1.8088498463E-004
#     17    -6       2.0880333669E-004
#     17    -5       8.8055193332E-005
#     17    -4       1.4416896579E-006
#     17    -3       6.4349725876E-005
#     17    -2       1.2079795894E-004
#     17    -1       1.0246482645E-004
#     17     0       5.4431242823E-005
#     17     1       4.5597597912E-006
#     17     2       3.7870566229E-007
#     17     3       1.2556239028E-005
#     17     4       1.5906115391E-005
#     17     5       8.0753631277E-006
#     17     6       6.9657270834E-006
#     17     7       1.4082888566E-005
#     17     8       1.7477642370E-005
#     17     9       1.1024677376E-006
#     17    10       2.8924111511E-006
#     18   -27       1.9999260852E-006
#     18   -26       2.4520125558E-007
#     18   -25       9.9379408673E-006
#     18   -24       1.4540162618E-005
#     18   -23       8.3763328652E-006
#     18   -22       8.6334568766E-006
#     18   -21       8.4261625009E-006
#     18   -20       2.0908266781E-005
#     18   -19       1.0250697246E-004
#     18   -18       1.0739537271E-004
#     18   -17       3.8982178689E-005
#     18   -16       3.3816845453E-005
#     18   -15       2.1438471747E-004
#     18   -14       2.0922350806E-004
#     18   -13       4.9708235736E-005
#     18   -12       5.8408554379E-006
#     18   -11       5.6368615362E-005
#     18   -10       8.6550525541E-005
#     18    -9       9.3748597875E-005
#     18    -8       5.6093373039E-005
#     18    -7       1.4493029951E-005
#     18    -6       1.0206429117E-004
#     18    -5       2.7261372452E-004
#     18    -4       1.8820613599E-004
#     18    -3       5.3200747254E-005
#     18    -2       1.1503688632E-005
#     18    -1       3.5120850156E-005
#     18     0       4.4880893340E-005
#     18     1       4.1273696066E-005
#     18     2       3.1466290554E-005
#     18     3       1.9478762558E-005
#     18     4       1.0038761738E-005
#     18     5       4.8662649691E-006
#     18     6       1.0044044805E-005
#     18     7       5.7115140594E-006
#     18     8       4.6502317123E-006
#     18     9       9.2047337747E-006
#     19   -27       1.7911809240E-006
#     19   -26       1.2988591244E-006
#     19   -25       1.7534679190E-006
#     19   -24       3.8496867403E-006
#     19   -23       8.0815529850E-006
#     19   -22       1.1426722575E-007
#     19   -21       2.0388791383E-005
#     19   -20       2.6949446366E-005
#     19   -19       1.3257819335E-005
#     19   -18       9.9061611939E-005
#     19   -17       1.8615216459E-004
#     19   -16       1.1170997867E-004
#     19   -15       7.8247151000E-006
#     19   -14       3.9329596904E-005
#     19   -13       9.4883366583E-005
#     19   -12       3.2782501511E-005
#     19   -11       4.9274798750E-006
#     19   -10       1.5731338815E-005
#     19    -9       7.5355162678E-005
#     19    -8       2.1068522858E-004
#     19    -7       2.1995883993E-004
#     19    -6       4.5524252664E-005
#     19    -5       1.6223176976E-005
#     19    -4       1.3324860436E-004
#     19    -3       1.9899572673E-004
#     19    -2       8.3887445668E-005
#     19    -1       3.9502635066E-005
#     19     0       4.1647723326E-005
#     19     1       2.1355712200E-005
#     19     2       9.0766211789E-006
#     19     3       9.2293311365E-006
#     19     4       1.9103739869E-005
#     19     5       1.3360654455E-005
#     19     6       1.8433361312E-006
#     19     7       7.7748362901E-007
#     19     8       3.1903134996E-006
#     20   -27       1.4307238630E-007
#     20   -26       6.9569829472E-007
#     20   -25       7.2318281810E-004
#     20   -24       7.6128877291E-007
#     20   -23       2.4940388685E-006
#     20   -22       6.4393486107E-006
#     20   -21       5.0827365932E-006
#     20   -20       6.8387404348E-003
#     20   -19       6.5902407920E-005
#     20   -18       1.9278172457E-005
#     20   -17       2.7659387695E-005
#     20   -16       1.0933371752E-004
#     20   -15       1.2038736662E-002
#     20   -14       1.7348408413E-005
#     20   -13       9.7752818619E-006
#     20   -12       2.7117206019E-005
#     20   -11       4.8735791917E-005
#     20   -10       5.6269414213E-003
#     20    -9       2.9640794981E-005
#     20    -8       3.9085283753E-005
#     20    -7       1.9667748572E-004
#     20    -6       2.9362921480E-004
#     20    -5       6.8097337704E-003
#     20    -4       2.3622118826E-005
#     20    -3       1.0384627390E-004
#     20    -2       1.1297865107E-004
#     20    -1       7.6560749303E-005
#     20     0       1.9993665003E-003
#     20     1       3.7752304635E-005
#     20     2       5.5494815709E-005
#     20     3       6.3765694106E-006
#     20     4       4.5755176909E-007
#     20     5       2.0186552249E-004
#     20     6       1.2396662595E-005
#     20     7       1.0829764943E-005
#     21   -26       7.6361123277E-007
#     21   -25       1.4479807165E-006
#     21   -24       7.5758395423E-006
#     21   -23       7.4973154524E-007
#     21   -22       5.8034437986E-006
#     21   -21       1.1086598287E-005
#     21   -20       4.3654227736E-006
#     21   -19       5.4248317325E-005
#     21   -18       1.3193373593E-004
#     21   -17       6.3804125567E-005
#     21   -16       8.1658806536E-007
#     21   -15       1.9127391523E-005
#     21   -14       2.6859409106E-005
#     21   -13       7.4905735635E-006
#     21   -12       3.9369044537E-006
#     21   -11       1.8669789583E-005
#     21   -10       8.7858129830E-005
#     21    -9       2.3215696663E-004
#     21    -8       1.3719638896E-004
#     21    -7       1.3715835142E-005
#     21    -6       7.3865868890E-005
#     21    -5       2.6607925001E-004
#     21    -4       1.9824029815E-004
#     21    -3       6.1141503973E-005
#     21    -2       2.3896684508E-005
#     21    -1       8.8805836912E-005
#     21     0       8.1097004911E-005
#     21     1       8.5098995388E-006
#     21     2       2.3214122093E-005
#     21     3       2.8198317995E-005
#     21     4       3.1479630206E-005
#     21     5       2.8360142998E-006
#     22   -26       8.6237577475E-007
#     22   -25       4.3786460570E-008
#     22   -24       9.1653871410E-007
#     22   -23       7.9233385055E-007
#     22   -22       7.3232777844E-006
#     22   -21       1.8870178276E-005
#     22   -20       3.5684226321E-005
#     22   -19       6.4954284361E-006
#     22   -18       1.9834354030E-005
#     22   -17       7.1026889522E-005
#     22   -16       4.8501759331E-005
#     22   -15       1.3303127332E-005
#     22   -14       6.1697614747E-006
#     22   -13       5.0893244280E-006
#     22   -12       4.8744476008E-005
#     22   -11       6.6877494653E-005
#     22   -10       1.1075611887E-005
#     22    -9       7.5878447123E-005
#     22    -8       1.9889558521E-004
#     22    -7       2.4106557728E-004
#     22    -6       7.6827253405E-005
#     22    -5       1.8713376044E-005
#     22    -4       1.9082461046E-004
#     22    -3       1.7129574484E-004
#     22    -2       7.0609873521E-005
#     22    -1       1.4030094941E-005
#     22     0       6.9008281002E-005
#     22     1       4.6520850219E-005
#     22     2       2.5099729993E-005
#     22     3       6.1901934101E-006
#     22     4       4.7871958852E-006
#     23   -25       3.2921622409E-007
#     23   -24       2.4771939713E-006
#     23   -23       4.1641679218E-006
#     23   -22       3.0879974321E-006
#     23   -21       1.3233730760E-006
#     23   -20       1.7720955008E-005
#     23   -19       4.4407186878E-005
#     23   -18       3.0546725808E-005
#     23   -17       1.6052675379E-006
#     23   -16       1.1197285824E-005
#     23   -15       4.3422214989E-006
#     23   -14       1.8616937358E-006
#     23   -13       1.0690458252E-006
#     23   -12       1.8144458373E-005
#     23   -11       1.0454914238E-004
#     23   -10       1.4014667133E-004
#     23    -9       7.1193559419E-005
#     23    -8       1.0036049638E-006
#     23    -7       1.7392217829E-004
#     23    -6       2.8906903988E-004
#     23    -5       1.3002986749E-004
#     23    -4       1.7017240085E-005
#     23    -3       7.7116358781E-005
#     23    -2       1.3680326713E-004
#     23    -1       6.4948514880E-005
#     23     0       7.2932131550E-006
#     23     1       1.6666726147E-005
#     23     2       1.0915581028E-005
#     24   -24       5.7671434122E-007
#     24   -23       8.6786313499E-006
#     24   -22       1.2193171064E-005
#     24   -21       5.9760444496E-006
#     24   -20       1.0289135527E-006
#     24   -19       1.3714322257E-005
#     24   -18       1.8784124144E-005
#     24   -17       1.3930141170E-005
#     24   -16       1.7443278314E-006
#     24   -15       1.5664617209E-005
#     24   -14       8.6024314710E-006
#     24   -13       4.8240334377E-005
#     24   -12       2.7193263480E-005
#     24   -11       3.9040629920E-007
#     24   -10       8.8813489451E-005
#     24    -9       2.1174927543E-004
#     24    -8       1.5166788748E-004
#     24    -7       2.8085135887E-005
#     24    -6       4.0580468955E-005
#     24    -5       1.3712827213E-004
#     24    -4       1.5625080645E-004
#     24    -3       2.4738663301E-005
#     24    -2       1.2911936320E-005
#     24    -1       5.3319396579E-005
#     24     0       5.0089586663E-005
#     25   -23       9.6673282945E-006
#     25   -22       4.6108084522E-006
#     25   -21       1.4131257563E-005
#     25   -20       6.5576571333E-004
#     25   -19       1.8169262511E-005
#     25   -18       1.8728728827E-005
#     25   -17       5.4052805851E-006
#     25   -16       1.6150246156E-006
#     25   -15       1.0028569205E-003
#     25   -14       3.8553326480E-006
#     25   -13       3.0939040637E-005
#     25   -12       6.9019271148E-005
#     25   -11       9.7102529132E-005
#     25   -10       3.4098411498E-004
#     25    -9       7.8528215189E-006
#     25    -8       5.3594919393E-005
#     25    -7       1.3832453152E-004
#     25    -6       7.2260139147E-005
#     25    -5       2.0869877499E-004
#     25    -4       4.1443042582E-005
#     25    -3       3.2909299033E-005
#     25    -2       7.6291358677E-005
#     26   -22       3.1795790074E-006
#     26   -21       4.5815469103E-007
#     26   -20       2.4314581726E-006
#     26   -19       9.3386873439E-006
#     26   -18       1.3380340298E-005
#     26   -17       2.6226011037E-006
#     26   -16       1.7418341295E-006
