 Diffraction intensities for potential:gv5x5_07D10002.in                       
#    -28    13       2.8820558923E-005
#    -28    14       1.2438211441E-005
#    -28    15       7.4810600560E-006
#    -27     7       3.1123622650E-006
#    -27     8       2.4704983701E-007
#    -27     9       7.9342572456E-006
#    -27    10       2.3701487714E-005
#    -27    11       3.2683952859E-006
#    -27    12       7.8874984791E-006
#    -27    13       2.5676725872E-005
#    -27    14       2.8386083958E-005
#    -27    15       1.3355208158E-005
#    -27    16       4.9598758792E-005
#    -27    17       4.9880711492E-005
#    -27    18       1.4400113735E-005
#    -27    19       3.5070076559E-005
#    -27    20       7.7242454396E-005
#    -26     4       1.7616650538E-006
#    -26     5       6.8977214416E-006
#    -26     6       5.8019847088E-006
#    -26     7       7.5883856407E-007
#    -26     8       1.8555157840E-006
#    -26     9       4.1192708430E-006
#    -26    10       3.2125550338E-006
#    -26    11       1.1503735714E-005
#    -26    12       2.5804797193E-006
#    -26    13       2.6616570732E-005
#    -26    14       2.2356912115E-005
#    -26    15       2.2025056301E-005
#    -26    16       1.5827652508E-004
#    -26    17       1.5908500034E-005
#    -26    18       1.7149529656E-005
#    -26    19       3.9523862302E-005
#    -26    20       1.2019795064E-005
#    -26    21       6.1311832747E-005
#    -26    22       1.7640955465E-004
#    -25     2       6.2423893361E-006
#    -25     3       2.7132289570E-006
#    -25     4       7.6484464587E-006
#    -25     5       6.3007822172E-004
#    -25     6       8.9681641319E-006
#    -25     7       9.2138395631E-007
#    -25     8       1.9447814926E-005
#    -25     9       5.3459868270E-005
#    -25    10       5.9366594814E-004
#    -25    11       3.4466979058E-006
#    -25    12       7.8597886094E-006
#    -25    13       7.1870539345E-005
#    -25    14       6.8401931839E-006
#    -25    15       2.8013994873E-004
#    -25    16       2.5828531434E-005
#    -25    17       6.7974130926E-005
#    -25    18       2.2143864667E-004
#    -25    19       2.7028709112E-005
#    -25    20       5.0090839909E-004
#    -25    21       2.9013908695E-005
#    -25    22       3.7943763229E-005
#    -25    23       2.3868859721E-004
#    -24     0       4.8162292533E-006
#    -24     1       4.8261619556E-006
#    -24     2       1.8918604042E-005
#    -24     3       3.6670349125E-005
#    -24     4       6.7738501216E-006
#    -24     5       2.0575504829E-005
#    -24     6       1.9592410210E-005
#    -24     7       3.7441164011E-005
#    -24     8       5.1710829190E-006
#    -24     9       2.4691002470E-007
#    -24    10       9.6558643102E-006
#    -24    11       2.2546398213E-005
#    -24    12       8.9153176280E-005
#    -24    13       5.7114827422E-005
#    -24    14       1.0711806559E-004
#    -24    15       5.4167180581E-005
#    -24    16       5.7378825289E-005
#    -24    17       2.9501942807E-005
#    -24    18       2.7396296688E-004
#    -24    19       1.3356671371E-004
#    -24    20       2.4657186115E-004
#    -24    21       8.9728360738E-005
#    -24    22       3.8055194322E-005
#    -24    23       1.2403684257E-004
#    -24    24       6.3599226446E-005
#    -23    -2       7.4142236999E-006
#    -23    -1       7.9473473646E-006
#    -23     0       5.7510256803E-006
#    -23     1       4.3171599722E-005
#    -23     2       6.7571416444E-006
#    -23     3       2.5133475342E-005
#    -23     4       1.6307642062E-005
#    -23     5       3.1731725282E-006
#    -23     6       1.0417541846E-006
#    -23     7       8.6839722004E-005
#    -23     8       3.1255196235E-005
#    -23     9       1.7303284439E-005
#    -23    10       2.0391575773E-005
#    -23    11       1.1184228292E-004
#    -23    12       2.0264100287E-005
#    -23    13       3.8282936924E-005
#    -23    14       2.0175540583E-004
#    -23    15       1.5574051513E-004
#    -23    16       1.5375167300E-004
#    -23    17       8.1681687707E-005
#    -23    18       1.7131549727E-004
#    -23    19       1.2933676790E-004
#    -23    20       3.4117231351E-004
#    -23    21       1.0519964043E-004
#    -23    22       1.0593396107E-004
#    -23    23       2.2230443598E-004
#    -23    24       1.8410816492E-006
#    -23    25       8.9058674615E-005
#    -22    -4       8.1813904947E-006
#    -22    -3       1.6467412612E-005
#    -22    -2       2.0433495207E-005
#    -22    -1       1.3619258801E-005
#    -22     0       6.2135948101E-006
#    -22     1       1.2661194491E-005
#    -22     2       7.9236128330E-006
#    -22     3       3.5769160086E-005
#    -22     4       7.7317882373E-005
#    -22     5       2.5431591283E-006
#    -22     6       8.4542992965E-005
#    -22     7       3.5418617511E-005
#    -22     8       1.2568630907E-006
#    -22     9       4.7158689806E-005
#    -22    10       1.9395743427E-005
#    -22    11       1.5375823845E-004
#    -22    12       6.5390936581E-005
#    -22    13       7.6232870590E-005
#    -22    14       1.6231718308E-004
#    -22    15       2.0271647452E-005
#    -22    16       3.6301380958E-004
#    -22    17       5.8244474198E-005
#    -22    18       8.5417839550E-005
#    -22    19       2.1913579228E-004
#    -22    20       3.3992601298E-004
#    -22    21       2.7940375221E-004
#    -22    22       1.6849052645E-004
#    -22    23       1.6613008080E-005
#    -22    24       2.8457250359E-005
#    -22    25       1.8024861620E-004
#    -22    26       9.4062721520E-006
#    -21    -5       2.4205834953E-005
#    -21    -4       3.2337269111E-006
#    -21    -3       4.2902459687E-006
#    -21    -2       1.1067028870E-005
#    -21    -1       1.1466588450E-005
#    -21     0       2.3621676229E-006
#    -21     1       4.5914582866E-005
#    -21     2       4.5507101402E-005
#    -21     3       3.7107995546E-005
#    -21     4       2.5939394040E-005
#    -21     5       1.0145153529E-004
#    -21     6       8.8878323331E-005
#    -21     7       3.6335051815E-006
#    -21     8       5.9288376628E-005
#    -21     9       2.7753481842E-005
#    -21    10       2.1605974286E-006
#    -21    11       3.0266087948E-005
#    -21    12       3.5223414225E-005
#    -21    13       1.6301316584E-004
#    -21    14       1.8755017590E-004
#    -21    15       1.6282554290E-004
#    -21    16       4.5471787288E-004
#    -21    17       4.6904224510E-005
#    -21    18       2.4709374056E-004
#    -21    19       9.0832088596E-005
#    -21    20       2.2318282544E-004
#    -21    21       5.1406710813E-004
#    -21    22       8.7189501899E-005
#    -21    23       1.0574951004E-004
#    -21    24       1.1007195934E-005
#    -21    25       6.5051306030E-005
#    -21    26       1.4191762298E-005
#    -20    -7       1.4507989554E-007
#    -20    -6       2.6072435247E-006
#    -20    -5       5.3761494716E-004
#    -20    -4       8.6298057251E-006
#    -20    -3       2.6805100276E-005
#    -20    -2       8.7204764479E-006
#    -20    -1       2.0355177653E-005
#    -20     0       6.4930228392E-003
#    -20     1       5.7271577364E-005
#    -20     2       3.4372852255E-005
#    -20     3       7.1287864048E-005
#    -20     4       4.8922193757E-005
#    -20     5       1.1258440674E-002
#    -20     6       1.2406574507E-004
#    -20     7       3.3483828227E-005
#    -20     8       7.5419839789E-005
#    -20     9       2.3056086923E-004
#    -20    10       5.8562243012E-003
#    -20    11       4.7723493800E-005
#    -20    12       1.4279885074E-005
#    -20    13       6.7403077800E-005
#    -20    14       4.1686401417E-005
#    -20    15       5.8333303436E-003
#    -20    16       4.8292392043E-004
#    -20    17       1.8680297352E-004
#    -20    18       1.5904280028E-004
#    -20    19       1.6816566190E-004
#    -20    20       2.5028360850E-003
#    -20    21       2.3594926037E-004
#    -20    22       1.3727352834E-004
#    -20    23       2.3656168833E-004
#    -20    24       2.6351433816E-005
#    -20    25       6.1359191606E-004
#    -20    26       5.6042159757E-007
#    -20    27       2.5563390991E-005
#    -19    -8       7.9218438552E-006
#    -19    -7       1.5554468090E-005
#    -19    -6       2.0861792109E-006
#    -19    -5       1.6443414153E-005
#    -19    -4       1.5032624803E-005
#    -19    -3       3.8469292888E-005
#    -19    -2       6.7987987303E-006
#    -19    -1       4.3998653665E-005
#    -19     0       6.6418672946E-005
#    -19     1       2.2393182022E-005
#    -19     2       2.3774778148E-004
#    -19     3       7.7753642653E-005
#    -19     4       3.9705906527E-005
#    -19     5       2.7513452193E-004
#    -19     6       4.7855055494E-005
#    -19     7       9.3237013356E-005
#    -19     8       1.0873147734E-004
#    -19     9       1.1588618967E-004
#    -19    10       5.0555230150E-005
#    -19    11       1.1146270414E-004
#    -19    12       2.7090163818E-004
#    -19    13       4.2684461105E-005
#    -19    14       3.1073384674E-005
#    -19    15       1.1605559995E-004
#    -19    16       1.2097101626E-004
#    -19    17       5.1477535213E-004
#    -19    18       2.9593158588E-004
#    -19    19       6.7929011495E-005
#    -19    20       1.8132888000E-005
#    -19    21       1.5836728074E-004
#    -19    22       3.8362474282E-005
#    -19    23       1.2218980911E-004
#    -19    24       9.3931711352E-006
#    -19    25       6.1459324894E-005
#    -19    26       7.7395000198E-005
#    -19    27       3.2979877203E-005
#    -18    -9       1.7659572715E-005
#    -18    -8       3.4934721006E-005
#    -18    -7       5.5772885036E-005
#    -18    -6       1.6298533057E-005
#    -18    -5       4.2724008397E-005
#    -18    -4       1.5283021729E-005
#    -18    -3       2.5980685225E-005
#    -18    -2       1.6297238118E-004
#    -18    -1       1.5782828826E-004
#    -18     0       4.4847518722E-005
#    -18     1       1.3608005541E-004
#    -18     2       1.4654741573E-004
#    -18     3       8.1435288806E-005
#    -18     4       2.0116853912E-004
#    -18     5       2.7963665564E-006
#    -18     6       1.5134166841E-005
#    -18     7       2.5438063693E-004
#    -18     8       1.2216586401E-004
#    -18     9       2.5014981416E-005
#    -18    10       3.7943730380E-005
#    -18    11       2.4414862540E-004
#    -18    12       8.2691920622E-005
#    -18    13       3.4042641678E-005
#    -18    14       6.8903023660E-004
#    -18    15       3.1757628218E-005
#    -18    16       1.1590072831E-004
#    -18    17       1.5496307497E-004
#    -18    18       1.9718068048E-004
#    -18    19       5.9752224876E-004
#    -18    20       2.3090169866E-005
#    -18    21       1.3664521902E-005
#    -18    22       4.7852708122E-006
#    -18    23       2.6568093607E-004
#    -18    24       6.7587295807E-005
#    -18    25       6.2797783074E-006
#    -18    26       1.0059334632E-006
#    -18    27       2.6015994106E-005
#    -17   -10       8.8313365298E-006
#    -17    -9       1.0859305012E-005
#    -17    -8       2.5583662891E-006
#    -17    -7       7.8184334618E-005
#    -17    -6       7.2248983984E-006
#    -17    -5       9.7329075565E-008
#    -17    -4       8.0734179881E-005
#    -17    -3       1.6108127663E-005
#    -17    -2       6.6856232681E-005
#    -17    -1       1.8266442994E-005
#    -17     0       1.3038856850E-004
#    -17     1       4.0643362585E-005
#    -17     2       1.2548947062E-004
#    -17     3       3.3869409360E-004
#    -17     4       4.3826177528E-004
#    -17     5       6.7628865437E-006
#    -17     6       9.4519296801E-005
#    -17     7       1.5149515350E-004
#    -17     8       4.9017926072E-005
#    -17     9       4.7885038073E-005
#    -17    10       1.0197973935E-004
#    -17    11       2.5007014974E-004
#    -17    12       5.0584898391E-005
#    -17    13       3.7397732304E-004
#    -17    14       1.4529327215E-004
#    -17    15       7.1865333106E-005
#    -17    16       4.4516518628E-004
#    -17    17       2.2874222890E-004
#    -17    18       1.5887838832E-004
#    -17    19       5.7727098337E-005
#    -17    20       1.0495647943E-004
#    -17    21       4.0290474188E-004
#    -17    22       3.2650346791E-006
#    -17    23       4.6665088910E-005
#    -17    24       2.9366960529E-006
#    -17    25       1.5417694420E-004
#    -17    26       6.5685420385E-005
#    -17    27       6.9692694742E-007
#    -16   -11       2.1743810202E-005
#    -16   -10       7.3493039278E-006
#    -16    -9       5.6875241459E-005
#    -16    -8       5.1108200672E-005
#    -16    -7       1.8718783963E-004
#    -16    -6       5.6063024417E-007
#    -16    -5       7.9553315494E-005
#    -16    -4       1.6445129887E-005
#    -16    -3       6.5574347871E-005
#    -16    -2       1.6981645946E-004
#    -16    -1       7.2266411088E-005
#    -16     0       1.1473478702E-004
#    -16     1       6.5972332649E-005
#    -16     2       1.1792587752E-004
#    -16     3       1.0924084428E-004
#    -16     4       2.8244069417E-004
#    -16     5       1.9303017273E-004
#    -16     6       2.1273366338E-004
#    -16     7       1.5369405655E-004
#    -16     8       6.7675925316E-005
#    -16     9       2.2526957118E-004
#    -16    10       3.5900079507E-005
#    -16    11       1.2206655830E-005
#    -16    12       7.8059013290E-005
#    -16    13       3.6692922269E-004
#    -16    14       1.5585155724E-004
#    -16    15       2.3372475362E-004
#    -16    16       2.6416648790E-005
#    -16    17       1.4610095423E-004
#    -16    18       6.8144919168E-005
#    -16    19       9.4504116660E-005
#    -16    20       8.1346951888E-006
#    -16    21       2.8886106344E-005
#    -16    22       1.4388921943E-004
#    -16    23       2.5864322354E-004
#    -16    24       1.2812632075E-006
#    -16    25       5.2680831900E-006
#    -16    26       1.2797382046E-005
#    -16    27       6.7958847122E-006
#    -15   -13       1.2762950470E-005
#    -15   -12       1.3501629859E-005
#    -15   -11       1.5842005460E-005
#    -15   -10       7.2530984119E-004
#    -15    -9       4.4278833047E-005
#    -15    -8       5.8108998010E-005
#    -15    -7       6.3381414943E-005
#    -15    -6       3.8274548829E-005
#    -15    -5       1.2411907041E-002
#    -15    -4       3.4055677263E-005
#    -15    -3       3.9029072826E-006
#    -15    -2       2.3121404235E-005
#    -15    -1       9.4976053482E-005
#    -15     0       3.5805794979E-002
#    -15     1       3.2042159424E-004
#    -15     2       7.5517589144E-005
#    -15     3       9.9334079517E-005
#    -15     4       1.2859524514E-004
#    -15     5       1.5523391706E-002
#    -15     6       1.1807441181E-004
#    -15     7       1.8695356005E-005
#    -15     8       1.1153855218E-006
#    -15     9       7.5662370499E-005
#    -15    10       1.0744924973E-002
#    -15    11       3.2667215350E-005
#    -15    12       2.8245165491E-005
#    -15    13       1.5625101401E-004
#    -15    14       3.0596654459E-005
#    -15    15       2.1931270035E-002
#    -15    16       1.0570634176E-004
#    -15    17       5.6375196892E-005
#    -15    18       5.6104693220E-005
#    -15    19       1.7189597831E-004
#    -15    20       6.4526798776E-003
#    -15    21       3.0280301774E-006
#    -15    22       7.2617068418E-006
#    -15    23       1.2844192336E-005
#    -15    24       1.1898917116E-005
#    -15    25       3.2143786099E-004
#    -15    26       5.1630685456E-005
#    -15    27       1.1525180448E-005
#    -15    28       1.1942240579E-005
#    -14   -14       9.4157767493E-006
#    -14   -13       9.7318594206E-005
#    -14   -12       3.5519181184E-006
#    -14   -11       1.3361171275E-004
#    -14   -10       1.6582934648E-005
#    -14    -9       8.8940407959E-005
#    -14    -8       9.6091160970E-005
#    -14    -7       3.9498003804E-005
#    -14    -6       1.4619418561E-004
#    -14    -5       2.9810670800E-004
#    -14    -4       5.9993530913E-005
#    -14    -3       1.8170285833E-005
#    -14    -2       1.0090443015E-005
#    -14    -1       4.2403009215E-006
#    -14     0       2.0147309993E-004
#    -14     1       3.7579100972E-005
#    -14     2       9.1632746892E-004
#    -14     3       1.3127338003E-005
#    -14     4       1.4255116449E-005
#    -14     5       1.6034104350E-004
#    -14     6       2.7578000846E-004
#    -14     7       6.2127368701E-005
#    -14     8       3.1528076327E-005
#    -14     9       1.9682660613E-004
#    -14    10       8.6516906875E-005
#    -14    11       1.0490623585E-004
#    -14    12       8.4017944815E-004
#    -14    13       1.6540154011E-004
#    -14    14       9.4012284012E-007
#    -14    15       9.3691915507E-005
#    -14    16       9.0237930176E-005
#    -14    17       4.3075928342E-004
#    -14    18       3.7953464623E-005
#    -14    19       1.8943045497E-005
#    -14    20       3.1702200560E-005
#    -14    21       1.1329362492E-004
#    -14    22       3.7801908008E-004
#    -14    23       4.9326831001E-005
#    -14    24       9.5347313603E-005
#    -14    25       4.4632972122E-005
#    -14    26       7.5029527235E-006
#    -14    27       8.8697789555E-005
#    -14    28       9.7522804670E-005
#    -13   -15       6.6835394416E-006
#    -13   -14       4.1328667462E-005
#    -13   -13       7.5108031463E-005
#    -13   -12       1.5191650856E-004
#    -13   -11       1.4535877321E-004
#    -13   -10       4.1323728493E-005
#    -13    -9       1.7298076110E-004
#    -13    -8       1.4141384360E-005
#    -13    -7       1.0396640196E-004
#    -13    -6       7.1709128682E-005
#    -13    -5       8.0449405528E-005
#    -13    -4       7.5229963030E-006
#    -13    -3       2.1045242830E-005
#    -13    -2       3.3377937373E-004
#    -13    -1       2.7499880372E-004
#    -13     0       7.8744750170E-005
#    -13     1       2.4955099972E-004
#    -13     2       3.5302646347E-004
#    -13     3       1.5288991086E-005
#    -13     4       2.3528396430E-004
#    -13     5       1.2594774701E-004
#    -13     6       8.5230844543E-005
#    -13     7       1.5436995873E-004
#    -13     8       3.1421820208E-004
#    -13     9       2.0589134712E-004
#    -13    10       9.6973509310E-006
#    -13    11       3.8869974292E-004
#    -13    12       1.6835594142E-004
#    -13    13       4.3237811410E-005
#    -13    14       3.6642387789E-004
#    -13    15       2.0689213648E-004
#    -13    16       9.1190380696E-005
#    -13    17       5.1394476531E-005
#    -13    18       1.2504372347E-004
#    -13    19       1.6467194798E-004
#    -13    20       2.0382668981E-004
#    -13    21       4.7748916811E-005
#    -13    22       2.9198131319E-004
#    -13    23       6.4792687910E-005
#    -13    24       2.2249891626E-004
#    -13    25       1.4071623140E-004
#    -13    26       6.5884414705E-005
#    -13    27       1.4587859765E-004
#    -13    28       2.4382959185E-005
#    -12   -15       6.9784295564E-005
#    -12   -14       4.3329978095E-006
#    -12   -13       1.1558829469E-004
#    -12   -12       4.2427163201E-006
#    -12   -11       1.2271031458E-004
#    -12   -10       1.0228609929E-004
#    -12    -9       1.9970748191E-005
#    -12    -8       4.9146995833E-005
#    -12    -7       2.1181257699E-004
#    -12    -6       1.2946499464E-004
#    -12    -5       6.3367034253E-005
#    -12    -4       1.4475887160E-004
#    -12    -3       2.8438281120E-005
#    -12    -2       6.7026365289E-005
#    -12    -1       1.0243125484E-004
#    -12     0       2.3729497654E-004
#    -12     1       1.7440316620E-004
#    -12     2       2.4361286847E-004
#    -12     3       1.8600381213E-004
#    -12     4       2.9691005122E-005
#    -12     5       6.9701145263E-005
#    -12     6       6.7094418216E-005
#    -12     7       7.9896561398E-005
#    -12     8       5.5011985309E-005
#    -12     9       1.1486197751E-004
#    -12    10       5.9666734431E-005
#    -12    11       7.3487648386E-005
#    -12    12       2.7189727575E-004
#    -12    13       6.8392044942E-005
#    -12    14       1.9842086906E-004
#    -12    15       3.2221370293E-004
#    -12    16       9.0454198011E-005
#    -12    17       7.8502670545E-007
#    -12    18       2.5205557083E-005
#    -12    19       2.9512844580E-004
#    -12    20       2.3147809531E-004
#    -12    21       2.8936763055E-004
#    -12    22       5.4262517393E-005
#    -12    23       1.4308101144E-004
#    -12    24       1.1019935270E-004
#    -12    25       5.2542337876E-005
#    -12    26       2.2927296915E-005
#    -12    27       1.6997925671E-005
#    -11   -16       6.8523418847E-005
#    -11   -15       6.1092040755E-005
#    -11   -14       6.5029749507E-005
#    -11   -13       5.0383597384E-005
#    -11   -12       1.4083724972E-004
#    -11   -11       2.9666991492E-004
#    -11   -10       1.1539010567E-004
#    -11    -9       1.5372158257E-004
#    -11    -8       6.5097530330E-005
#    -11    -7       2.4115705238E-004
#    -11    -6       2.0790219943E-004
#    -11    -5       2.1201488589E-005
#    -11    -4       3.8802518936E-005
#    -11    -3       1.4813894881E-004
#    -11    -2       3.4795544569E-004
#    -11    -1       5.5584257296E-005
#    -11     0       6.3005719803E-005
#    -11     1       2.8397245928E-005
#    -11     2       6.8873798405E-005
#    -11     3       1.6056978382E-005
#    -11     4       1.1077266025E-004
#    -11     5       2.3692094131E-005
#    -11     6       6.7247953940E-005
#    -11     7       1.4715857115E-005
#    -11     8       5.5601335860E-004
#    -11     9       8.1961495875E-005
#    -11    10       3.4032348286E-004
#    -11    11       1.4502420106E-004
#    -11    12       5.1266239529E-005
#    -11    13       3.6204467649E-005
#    -11    14       1.1222842178E-004
#    -11    15       3.6405139321E-004
#    -11    16       5.5483674381E-005
#    -11    17       2.5183223558E-005
#    -11    18       3.7762077457E-004
#    -11    19       1.2886361230E-004
#    -11    20       1.4932067041E-005
#    -11    21       3.1724523070E-004
#    -11    22       3.2383782676E-005
#    -11    23       4.6461876701E-004
#    -11    24       3.6552315451E-005
#    -11    25       1.9615470046E-005
#    -11    26       8.7673481111E-005
#    -11    27       6.6981813367E-006
#    -10   -17       9.1499703237E-006
#    -10   -16       1.9795827526E-005
#    -10   -15       4.0498275082E-004
#    -10   -14       2.6949132942E-005
#    -10   -13       1.1945729117E-004
#    -10   -12       7.6653854731E-005
#    -10   -11       2.1037033567E-005
#    -10   -10       5.3220085611E-003
#    -10    -9       1.9940773986E-004
#    -10    -8       1.6445121593E-004
#    -10    -7       2.0402474911E-004
#    -10    -6       9.3825037226E-005
#    -10    -5       1.5613174170E-002
#    -10    -4       8.2666115388E-006
#    -10    -3       2.5606312773E-005
#    -10    -2       1.1104176872E-005
#    -10    -1       5.5518712634E-005
#    -10     0       1.2383977055E-002
#    -10     1       6.6444447608E-006
#    -10     2       2.8908848044E-005
#    -10     3       2.5582171511E-004
#    -10     4       9.1626911621E-005
#    -10     5       3.0803992273E-003
#    -10     6       4.2230324652E-005
#    -10     7       5.2798993166E-005
#    -10     8       1.9174212984E-004
#    -10     9       3.3457213573E-005
#    -10    10       3.6153739349E-002
#    -10    11       7.2800663570E-005
#    -10    12       7.3433364260E-006
#    -10    13       1.3073778996E-004
#    -10    14       4.1936189364E-005
#    -10    15       1.1697446412E-002
#    -10    16       1.5091558405E-004
#    -10    17       1.1227548581E-005
#    -10    18       4.7220075978E-005
#    -10    19       1.1732791198E-004
#    -10    20       4.9528379398E-003
#    -10    21       5.1016060694E-004
#    -10    22       1.2692248320E-004
#    -10    23       7.0284706397E-005
#    -10    24       1.3919099180E-004
#    -10    25       6.8157333707E-004
#    -10    26       7.7674876788E-005
#    -10    27       1.0803098804E-005
#     -9   -18       8.4058879569E-005
#     -9   -17       2.2039189553E-005
#     -9   -16       8.0134397110E-005
#     -9   -15       2.9879104155E-005
#     -9   -14       2.7321705066E-004
#     -9   -13       4.1382520660E-004
#     -9   -12       1.3935789634E-005
#     -9   -11       1.1422672644E-004
#     -9   -10       5.1000156837E-005
#     -9    -9       6.5915293202E-005
#     -9    -8       3.3650626327E-004
#     -9    -7       2.6719315352E-005
#     -9    -6       1.5883770719E-004
#     -9    -5       1.3398255728E-005
#     -9    -4       3.6533488586E-005
#     -9    -3       7.8238566525E-005
#     -9    -2       1.7479537222E-004
#     -9    -1       3.4070252359E-005
#     -9     0       1.1507473522E-005
#     -9     1       8.0562825906E-005
#     -9     2       5.6071500125E-005
#     -9     3       2.2783579852E-004
#     -9     4       1.1320807381E-005
#     -9     5       1.2044708050E-004
#     -9     6       2.7270252033E-007
#     -9     7       3.3134805848E-004
#     -9     8       2.8913876668E-005
#     -9     9       3.9994199162E-006
#     -9    10       2.1023732425E-004
#     -9    11       4.8678126437E-005
#     -9    12       2.1598007592E-004
#     -9    13       1.4296586752E-004
#     -9    14       8.4854593152E-005
#     -9    15       5.1949291674E-004
#     -9    16       1.0671199164E-004
#     -9    17       1.9876083449E-004
#     -9    18       4.6083764770E-004
#     -9    19       4.2308824187E-004
#     -9    20       3.0888829138E-004
#     -9    21       4.6689974651E-005
#     -9    22       1.5216745891E-004
#     -9    23       7.4120772620E-005
#     -9    24       7.3711478114E-005
#     -9    25       1.2332987149E-005
#     -9    26       1.6465397916E-005
#     -9    27       3.1038490935E-006
#     -8   -19       3.0938543904E-006
#     -8   -18       1.3497297139E-005
#     -8   -17       4.6244821499E-004
#     -8   -16       2.8293309146E-004
#     -8   -15       8.6155996854E-005
#     -8   -14       2.6533883954E-005
#     -8   -13       1.3576441740E-004
#     -8   -12       5.7328264276E-004
#     -8   -11       9.1728547066E-005
#     -8   -10       1.4312913240E-004
#     -8    -9       2.2462003970E-004
#     -8    -8       2.7197016772E-004
#     -8    -7       1.6050145174E-004
#     -8    -6       3.8823391784E-005
#     -8    -5       8.3869404028E-005
#     -8    -4       3.4162478727E-004
#     -8    -3       1.7016592089E-004
#     -8    -2       1.3886194277E-005
#     -8    -1       3.0028380377E-005
#     -8     0       2.2184673399E-004
#     -8     1       1.2159109237E-004
#     -8     2       1.1371634087E-004
#     -8     3       1.1901869593E-006
#     -8     4       2.2058425021E-004
#     -8     5       1.5179126906E-005
#     -8     6       4.0853243300E-005
#     -8     7       2.0855364033E-005
#     -8     8       1.8184034466E-004
#     -8     9       8.2681151525E-005
#     -8    10       1.9362467650E-004
#     -8    11       3.3536294519E-005
#     -8    12       1.1878686712E-004
#     -8    13       3.1313939578E-004
#     -8    14       5.7542689364E-005
#     -8    15       8.2533385580E-005
#     -8    16       1.4528700856E-004
#     -8    17       6.6538002201E-004
#     -8    18       2.7547386035E-005
#     -8    19       7.3984408887E-005
#     -8    20       1.6364461980E-004
#     -8    21       2.4904379087E-004
#     -8    22       1.8512225421E-004
#     -8    23       1.1724189156E-004
#     -8    24       9.3728057972E-006
#     -8    25       7.8791191782E-005
#     -8    26       4.5364714124E-006
#     -8    27       1.5978990702E-005
#     -7   -20       6.5976317629E-005
#     -7   -19       7.6934239075E-005
#     -7   -18       6.9719035978E-005
#     -7   -17       1.4803233417E-004
#     -7   -16       6.0049878968E-005
#     -7   -15       2.7420255313E-004
#     -7   -14       1.1843736848E-004
#     -7   -13       3.6024034506E-004
#     -7   -12       4.8590090566E-005
#     -7   -11       2.1486865848E-005
#     -7   -10       2.4655816214E-004
#     -7    -9       8.9934940681E-006
#     -7    -8       4.3267209639E-004
#     -7    -7       2.1067676372E-005
#     -7    -6       4.8936888843E-005
#     -7    -5       8.3781460873E-005
#     -7    -4       8.7852080656E-005
#     -7    -3       3.6412786024E-007
#     -7    -2       6.0841956179E-005
#     -7    -1       1.8476559469E-004
#     -7     0       3.2523710222E-005
#     -7     1       1.4425650499E-006
#     -7     2       2.8480143610E-005
#     -7     3       1.1881135691E-004
#     -7     4       3.9000126721E-004
#     -7     5       1.6527981455E-005
#     -7     6       8.3291638793E-005
#     -7     7       4.2208253251E-004
#     -7     8       1.1385142080E-004
#     -7     9       6.2606860437E-005
#     -7    10       2.5597677997E-004
#     -7    11       1.4525502159E-004
#     -7    12       1.4717256909E-004
#     -7    13       1.2296424564E-004
#     -7    14       1.4617078240E-004
#     -7    15       1.1491631858E-006
#     -7    16       1.7961319519E-004
#     -7    17       1.2660545941E-004
#     -7    18       1.6199046699E-004
#     -7    19       1.5157102559E-004
#     -7    20       2.7832694202E-004
#     -7    21       8.7378759019E-006
#     -7    22       9.4469931147E-006
#     -7    23       1.6210521525E-004
#     -7    24       2.7666696986E-005
#     -7    25       7.9441284119E-005
#     -7    26       1.1034134339E-005
#     -7    27       1.5273784485E-005
#     -6   -20       9.7417667851E-006
#     -6   -19       7.8982526398E-005
#     -6   -18       1.6303347798E-004
#     -6   -17       6.4928052956E-004
#     -6   -16       8.3503712108E-005
#     -6   -15       1.0305577140E-004
#     -6   -14       1.8439004348E-004
#     -6   -13       8.9938655890E-005
#     -6   -12       4.6415137940E-004
#     -6   -11       6.9494127040E-005
#     -6   -10       1.6223998545E-004
#     -6    -9       5.1739131455E-005
#     -6    -8       1.4425911136E-004
#     -6    -7       8.3269813829E-005
#     -6    -6       1.1748591939E-004
#     -6    -5       1.0335816450E-004
#     -6    -4       6.0622472502E-005
#     -6    -3       2.2918160364E-004
#     -6    -2       8.5433804681E-005
#     -6    -1       2.0551417987E-005
#     -6     0       7.7175135302E-005
#     -6     1       6.1601985652E-005
#     -6     2       1.4299011610E-004
#     -6     3       6.9129062894E-005
#     -6     4       1.5683927928E-004
#     -6     5       2.8146569132E-004
#     -6     6       7.3559862142E-005
#     -6     7       6.4143945501E-005
#     -6     8       8.6179230053E-005
#     -6     9       9.8453154000E-005
#     -6    10       6.8880959479E-005
#     -6    11       1.3385210181E-004
#     -6    12       1.7403139949E-004
#     -6    13       2.0036436303E-004
#     -6    14       3.2454234941E-004
#     -6    15       6.4200381476E-006
#     -6    16       4.9775693082E-005
#     -6    17       6.0820894303E-004
#     -6    18       9.5637331424E-005
#     -6    19       9.4749307215E-006
#     -6    20       1.5367250961E-005
#     -6    21       1.1338106586E-004
#     -6    22       1.3086868417E-004
#     -6    23       7.2418902685E-005
#     -6    24       2.6070291056E-006
#     -6    25       5.1033826765E-006
#     -6    26       5.1200385786E-006
#     -5   -21       5.0207800869E-005
#     -5   -20       4.6620960161E-004
#     -5   -19       5.6928017298E-005
#     -5   -18       4.6552549960E-007
#     -5   -17       4.4528470661E-007
#     -5   -16       1.4909719727E-004
#     -5   -15       3.8733699321E-003
#     -5   -14       1.1902208704E-004
#     -5   -13       1.3626358469E-004
#     -5   -12       1.1302705056E-004
#     -5   -11       1.2006062250E-004
#     -5   -10       8.5499786394E-003
#     -5    -9       4.4909412396E-008
#     -5    -8       1.8105210351E-004
#     -5    -7       3.5880821385E-005
#     -5    -6       4.7201894719E-004
#     -5    -5       2.9448655170E-003
#     -5    -4       4.2672705289E-006
#     -5    -3       5.8162062509E-005
#     -5    -2       2.3054041648E-004
#     -5    -1       2.0855639076E-004
#     -5     0       2.5910513562E-002
#     -5     1       4.0971757223E-005
#     -5     2       2.5124684795E-005
#     -5     3       8.2482966152E-006
#     -5     4       1.4014024556E-004
#     -5     5       1.7131993035E-003
#     -5     6       1.2600739516E-004
#     -5     7       2.4838275375E-005
#     -5     8       1.0099549021E-005
#     -5     9       1.4668223261E-004
#     -5    10       3.4698077495E-003
#     -5    11       5.3961674896E-005
#     -5    12       2.9545022694E-004
#     -5    13       2.0664755669E-004
#     -5    14       2.5598551116E-005
#     -5    15       1.3509928162E-002
#     -5    16       2.9668932278E-004
#     -5    17       3.1672009242E-004
#     -5    18       2.1301257151E-005
#     -5    19       4.2756202136E-004
#     -5    20       1.0461250694E-002
#     -5    21       6.5603819248E-005
#     -5    22       7.5435599113E-006
#     -5    23       9.6952601065E-006
#     -5    24       4.1374213261E-005
#     -5    25       5.7684705173E-004
#     -5    26       2.3033896380E-006
#     -4   -22       6.5569425304E-006
#     -4   -21       2.8875012833E-006
#     -4   -20       4.2375807531E-006
#     -4   -19       5.1802892157E-004
#     -4   -18       4.5023495683E-004
#     -4   -17       9.3161734641E-006
#     -4   -16       6.2278293698E-005
#     -4   -15       2.5068154787E-004
#     -4   -14       5.2225700779E-005
#     -4   -13       4.2256897503E-004
#     -4   -12       1.8448757805E-004
#     -4   -11       2.7371328329E-005
#     -4   -10       3.2856437228E-004
#     -4    -9       3.9711970620E-005
#     -4    -8       4.8683417421E-004
#     -4    -7       2.3325794141E-005
#     -4    -6       2.9139245080E-004
#     -4    -5       4.5926203589E-005
#     -4    -4       2.0766047011E-004
#     -4    -3       1.8396027558E-004
#     -4    -2       7.0606875129E-005
#     -4    -1       2.2552909984E-006
#     -4     0       2.8736616561E-004
#     -4     1       4.5292667293E-006
#     -4     2       6.5690170188E-004
#     -4     3       3.9488100159E-005
#     -4     4       8.1814896492E-006
#     -4     5       1.9912713146E-004
#     -4     6       2.0955369827E-004
#     -4     7       6.4225767468E-005
#     -4     8       2.6394062358E-005
#     -4     9       1.3460571419E-004
#     -4    10       1.4181316810E-004
#     -4    11       7.3621836264E-005
#     -4    12       3.6297533433E-004
#     -4    13       4.7243382909E-005
#     -4    14       9.5009585179E-005
#     -4    15       1.4629906234E-004
#     -4    16       9.8123833146E-005
#     -4    17       1.3152399408E-005
#     -4    18       5.0301456734E-005
#     -4    19       1.7107530057E-004
#     -4    20       2.9313040878E-005
#     -4    21       5.2620770833E-005
#     -4    22       1.2205131344E-004
#     -4    23       6.2745215105E-007
#     -4    24       1.6550505649E-006
#     -4    25       1.4320865481E-006
#     -4    26       3.8353338784E-006
#     -3   -22       2.2379030369E-004
#     -3   -21       8.1481603427E-005
#     -3   -20       2.8533259925E-005
#     -3   -19       4.2782886498E-005
#     -3   -18       1.6675354111E-005
#     -3   -17       8.0923558131E-004
#     -3   -16       7.6786880374E-004
#     -3   -15       2.5772765504E-004
#     -3   -14       2.2824434341E-004
#     -3   -13       3.6916494986E-005
#     -3   -12       3.5016256029E-004
#     -3   -11       3.0984339451E-004
#     -3   -10       4.5720060950E-005
#     -3    -9       2.3665251508E-004
#     -3    -8       1.8760971099E-004
#     -3    -7       2.3206666786E-005
#     -3    -6       2.3722895667E-004
#     -3    -5       1.2470569359E-004
#     -3    -4       4.3983474606E-005
#     -3    -3       1.0709249668E-005
#     -3    -2       1.9842385120E-004
#     -3    -1       4.1627695941E-004
#     -3     0       2.2141589767E-004
#     -3     1       1.0775242371E-004
#     -3     2       3.3815332568E-004
#     -3     3       1.8668095689E-004
#     -3     4       2.6763412118E-004
#     -3     5       4.9852065429E-006
#     -3     6       2.3792756945E-004
#     -3     7       1.1852073995E-004
#     -3     8       1.1469439959E-004
#     -3     9       2.4193021657E-006
#     -3    10       1.3182869456E-004
#     -3    11       2.6979750571E-004
#     -3    12       3.0782322506E-006
#     -3    13       3.0364579881E-004
#     -3    14       3.7284273436E-004
#     -3    15       9.8180184655E-005
#     -3    16       2.3515197778E-004
#     -3    17       2.3236706654E-005
#     -3    18       4.8641797910E-005
#     -3    19       1.0032655518E-004
#     -3    20       1.9974109097E-004
#     -3    21       1.2805965069E-004
#     -3    22       3.4904037439E-005
#     -3    23       3.0316794029E-005
#     -3    24       6.0085761418E-006
#     -3    25       5.0453702916E-006
#     -2   -23       8.6726731282E-006
#     -2   -22       8.5365596475E-005
#     -2   -21       3.2711461700E-005
#     -2   -20       1.9234983764E-004
#     -2   -19       2.7831077737E-004
#     -2   -18       8.2315252677E-006
#     -2   -17       2.7853791507E-004
#     -2   -16       1.5192136020E-004
#     -2   -15       9.7791608333E-005
#     -2   -14       7.6722061172E-004
#     -2   -13       6.5376047010E-004
#     -2   -12       2.2579456757E-005
#     -2   -11       6.2851373926E-004
#     -2   -10       7.1626119700E-005
#     -2    -9       5.5972437520E-004
#     -2    -8       5.9263731532E-004
#     -2    -7       2.5879041251E-004
#     -2    -6       4.5698383657E-005
#     -2    -5       5.5415385688E-005
#     -2    -4       2.1752270131E-004
#     -2    -3       1.7491420110E-004
#     -2    -2       1.9222668610E-004
#     -2    -1       1.1690161841E-004
#     -2     0       5.9525428718E-005
#     -2     1       2.3403671182E-004
#     -2     2       5.9170738226E-004
#     -2     3       5.1373181700E-005
#     -2     4       1.4309197987E-004
#     -2     5       1.0095020347E-004
#     -2     6       5.1609234275E-005
#     -2     7       5.2172809464E-005
#     -2     8       1.4765283913E-004
#     -2     9       6.0866605876E-006
#     -2    10       4.0414264125E-005
#     -2    11       1.6961741732E-004
#     -2    12       2.6495956744E-005
#     -2    13       1.1473037158E-004
#     -2    14       2.1959667444E-004
#     -2    15       5.1548047343E-004
#     -2    16       8.5569957174E-005
#     -2    17       1.2478507108E-005
#     -2    18       5.0310251280E-005
#     -2    19       6.3221980400E-005
#     -2    20       1.1021366200E-004
#     -2    21       7.0793044697E-005
#     -2    22       1.2519093588E-006
#     -2    23       3.1998067545E-005
#     -2    24       4.2060061157E-006
#     -2    25       5.7313887427E-007
#     -1   -23       1.5548388505E-004
#     -1   -22       2.7400865421E-004
#     -1   -21       1.8248057267E-005
#     -1   -20       2.4217761635E-005
#     -1   -19       3.4546593131E-005
#     -1   -18       1.1737282340E-004
#     -1   -17       8.0598495540E-004
#     -1   -16       1.0823223527E-005
#     -1   -15       3.4896776752E-004
#     -1   -14       2.1050293887E-005
#     -1   -13       3.3058347537E-004
#     -1   -12       6.4446558568E-005
#     -1   -11       1.3284809764E-004
#     -1   -10       4.7015510448E-004
#     -1    -9       1.0493582379E-004
#     -1    -8       8.0529761000E-005
#     -1    -7       3.9782624957E-004
#     -1    -6       2.1604695189E-004
#     -1    -5       4.2185179299E-005
#     -1    -4       4.1825634831E-005
#     -1    -3       2.4202123047E-004
#     -1    -2       6.1242210497E-004
#     -1    -1       7.4722689817E-005
#     -1     0       2.4411597892E-004
#     -1     1       6.5161926228E-006
#     -1     2       1.8752655969E-004
#     -1     3       3.2770458050E-004
#     -1     4       1.2014954305E-004
#     -1     5       1.8741461771E-004
#     -1     6       2.4544153059E-005
#     -1     7       9.7830365836E-005
#     -1     8       4.5176469489E-005
#     -1     9       1.3170697944E-004
#     -1    10       2.4275317502E-005
#     -1    11       2.7822358771E-004
#     -1    12       9.1203183581E-005
#     -1    13       2.5918594162E-004
#     -1    14       1.0782737602E-004
#     -1    15       4.9967944534E-004
#     -1    16       4.5399643643E-005
#     -1    17       9.8847603945E-005
#     -1    18       7.0308887281E-005
#     -1    19       3.6878192995E-005
#     -1    20       1.6026544745E-004
#     -1    21       7.3452102216E-006
#     -1    22       5.8561589174E-005
#     -1    23       3.0929304292E-007
#     -1    24       6.4105217687E-006
#      0   -24       3.3220514506E-005
#      0   -23       1.3661859453E-005
#      0   -22       4.8178186491E-005
#      0   -21       5.3782666349E-004
#      0   -20       2.2429237518E-003
#      0   -19       1.8028083470E-004
#      0   -18       1.6128482865E-005
#      0   -17       1.5905854021E-004
#      0   -16       3.5112289029E-004
#      0   -15       2.0565602769E-002
#      0   -14       2.0154255194E-004
#      0   -13       1.3834245462E-004
#      0   -12       2.1230048017E-004
#      0   -11       1.1201061156E-006
#      0   -10       3.8518634403E-002
#      0    -9       6.3596814207E-006
#      0    -8       6.1180055487E-005
#      0    -7       4.6000766038E-005
#      0    -6       6.2988374423E-006
#      0    -5       1.5336964951E-003
#      0    -4       4.9201042436E-005
#      0    -3       1.0445501365E-004
#      0    -2       3.6189263486E-005
#      0    -1       2.3216261103E-004
#      0     0       2.1391122217E-002
#      0     1       8.3495122393E-005
#      0     2       1.0415823876E-004
#      0     3       2.3984374809E-005
#      0     4       1.8216818805E-004
#      0     5       2.6163274260E-002
#      0     6       4.9150390939E-005
#      0     7       2.1531676490E-004
#      0     8       2.2661793460E-005
#      0     9       8.8790664328E-005
#      0    10       1.2471279435E-002
#      0    11       1.7204817819E-004
#      0    12       1.0919585417E-005
#      0    13       5.2388846425E-004
#      0    14       5.5340907159E-007
#      0    15       3.4936892413E-002
#      0    16       1.7072877732E-004
#      0    17       2.7136661089E-004
#      0    18       1.4902172095E-004
#      0    19       5.3684657520E-005
#      0    20       5.6989781745E-003
#      0    21       4.7513841049E-005
#      0    22       3.7426390499E-005
#      0    23       7.4501509867E-006
#      0    24       1.1843564093E-005
#      1   -24       1.8574527433E-004
#      1   -23       6.4914621192E-005
#      1   -22       5.9684572157E-005
#      1   -21       5.2047719431E-005
#      1   -20       1.2688642436E-004
#      1   -19       1.6778029120E-004
#      1   -18       9.3065501686E-005
#      1   -17       2.8132121382E-004
#      1   -16       1.5047015474E-004
#      1   -15       3.5801608349E-004
#      1   -14       2.8510191282E-004
#      1   -13       4.3778530901E-005
#      1   -12       5.4475393882E-004
#      1   -11       4.6535664847E-006
#      1   -10       6.6871634085E-005
#      1    -9       1.6699908956E-004
#      1    -8       3.7444800012E-004
#      1    -7       7.3531917921E-005
#      1    -6       1.6293228370E-005
#      1    -5       5.0719643579E-005
#      1    -4       1.1314978471E-005
#      1    -3       1.0272557794E-004
#      1    -2       9.8842788980E-005
#      1    -1       4.6329918837E-005
#      1     0       2.6211994264E-004
#      1     1       1.1977763129E-004
#      1     2       7.3270045305E-004
#      1     3       1.1675449905E-004
#      1     4       8.2107613680E-005
#      1     5       1.1767626627E-005
#      1     6       2.5081712326E-005
#      1     7       1.5898899984E-004
#      1     8       1.7728164389E-004
#      1     9       1.2667244433E-005
#      1    10       6.4218672129E-005
#      1    11       3.1099791206E-005
#      1    12       2.6924721775E-004
#      1    13       2.5650685632E-004
#      1    14       2.1405618639E-005
#      1    15       1.2830512728E-004
#      1    16       1.0825274014E-004
#      1    17       1.1552988582E-004
#      1    18       3.4492344101E-005
#      1    19       2.9110257912E-005
#      1    20       6.6749373251E-006
#      1    21       7.0116292964E-006
#      1    22       2.8078123419E-006
#      1    23       3.7346626753E-006
#      2   -25       2.6885408592E-005
#      2   -24       1.5502310784E-005
#      2   -23       3.8023774104E-005
#      2   -22       3.2302215459E-004
#      2   -21       1.2869459765E-004
#      2   -20       1.9730344793E-005
#      2   -19       1.0152620032E-004
#      2   -18       4.5542855951E-005
#      2   -17       1.1062863704E-004
#      2   -16       6.6530384823E-005
#      2   -15       4.6594383620E-005
#      2   -14       2.9091530485E-004
#      2   -13       4.5697737103E-005
#      2   -12       8.9160131854E-005
#      2   -11       4.2564221191E-005
#      2   -10       6.3234130545E-005
#      2    -9       1.4925756386E-005
#      2    -8       5.3207073090E-005
#      2    -7       2.5469041137E-004
#      2    -6       1.4101487281E-004
#      2    -5       2.2217010843E-006
#      2    -4       8.5172684723E-005
#      2    -3       3.8217125036E-006
#      2    -2       3.9966535087E-004
#      2    -1       4.3649556052E-004
#      2     0       8.5453905593E-005
#      2     1       9.3974331702E-005
#      2     2       1.6913225787E-004
#      2     3       4.1985804019E-005
#      2     4       5.0748595085E-005
#      2     5       5.3119731983E-005
#      2     6       1.6472775762E-004
#      2     7       1.2858958982E-004
#      2     8       9.2476848528E-005
#      2     9       9.3547321955E-005
#      2    10       3.0456763650E-005
#      2    11       1.1976284274E-004
#      2    12       5.3754655056E-005
#      2    13       3.7894797456E-004
#      2    14       2.9226581955E-005
#      2    15       8.0264685501E-005
#      2    16       4.6088137291E-004
#      2    17       1.9571647243E-005
#      2    18       1.9775781669E-004
#      2    19       4.6083819452E-005
#      2    20       2.4520432560E-005
#      2    21       2.5632722162E-005
#      2    22       1.9771472936E-006
#      2    23       6.6143227388E-006
#      3   -25       1.8908963476E-004
#      3   -24       9.4733062967E-005
#      3   -23       3.1783273209E-005
#      3   -22       6.8796376478E-005
#      3   -21       1.3236488780E-004
#      3   -20       9.9947828514E-005
#      3   -19       3.0176580634E-004
#      3   -18       1.0596927990E-005
#      3   -17       8.5624363336E-005
#      3   -16       1.1348817721E-004
#      3   -15       3.6142774261E-005
#      3   -14       7.5664984393E-005
#      3   -13       2.5141013574E-004
#      3   -12       1.4704676702E-004
#      3   -11       1.5353082654E-005
#      3   -10       4.2375343834E-005
#      3    -9       1.1324411243E-004
#      3    -8       7.6174733740E-005
#      3    -7       1.4475621127E-004
#      3    -6       1.5341769056E-004
#      3    -5       1.0326296303E-004
#      3    -4       3.4563799748E-004
#      3    -3       1.7824880684E-004
#      3    -2       1.7828365944E-005
#      3    -1       1.0958348805E-004
#      3     0       2.9484643928E-004
#      3     1       6.5428510182E-004
#      3     2       6.6307552672E-004
#      3     3       2.1490548280E-005
#      3     4       1.8009307604E-004
#      3     5       9.5903029491E-005
#      3     6       1.4554001573E-004
#      3     7       3.0291006070E-005
#      3     8       2.7992852229E-005
#      3     9       3.4771157694E-004
#      3    10       2.0870282759E-004
#      3    11       1.4121167026E-004
#      3    12       4.0186338862E-004
#      3    13       2.4329031664E-004
#      3    14       2.7246037763E-004
#      3    15       4.4872950773E-004
#      3    16       3.9956868738E-005
#      3    17       3.8661990691E-005
#      3    18       1.5489906041E-004
#      3    19       3.8411768257E-005
#      3    20       3.9718240693E-005
#      3    21       8.9708582186E-006
#      3    22       6.2051542138E-006
#      4   -26       7.1459902179E-005
#      4   -25       5.1021700516E-005
#      4   -24       2.2408745073E-006
#      4   -23       5.5016423769E-005
#      4   -22       5.7854924343E-005
#      4   -21       2.7252036938E-004
#      4   -20       2.8176247706E-005
#      4   -19       2.7965414184E-005
#      4   -18       1.3625387457E-004
#      4   -17       7.5379489384E-005
#      4   -16       5.3947583537E-005
#      4   -15       6.5920037674E-005
#      4   -14       4.3517901926E-005
#      4   -13       1.6428244192E-004
#      4   -12       9.9476763172E-005
#      4   -11       4.7732971321E-005
#      4   -10       8.7297214961E-005
#      4    -9       5.0223178527E-005
#      4    -8       1.1525352941E-004
#      4    -7       3.8013623619E-005
#      4    -6       1.9780887520E-004
#      4    -5       3.6279224244E-004
#      4    -4       1.7723155025E-006
#      4    -3       5.9861774291E-005
#      4    -2       2.4782347957E-004
#      4    -1       1.9516193992E-004
#      4     0       1.6450759359E-004
#      4     1       5.0242221235E-005
#      4     2       1.2405062492E-004
#      4     3       3.0838177206E-004
#      4     4       3.6215119707E-004
#      4     5       3.4752591647E-005
#      4     6       7.4933076293E-005
#      4     7       1.3824066513E-004
#      4     8       8.0485538558E-005
#      4     9       1.5341955727E-004
#      4    10       2.5535422002E-004
#      4    11       9.4566670441E-005
#      4    12       3.1710726916E-004
#      4    13       2.3264090713E-004
#      4    14       2.2243474189E-004
#      4    15       1.5997319497E-005
#      4    16       1.4049112765E-005
#      4    17       1.8088133158E-004
#      4    18       7.3542524621E-005
#      4    19       2.2950502839E-005
#      4    20       3.2372113608E-006
#      4    21       1.3282383803E-005
#      4    22       2.0297801860E-006
#      5   -26       4.8512065381E-005
#      5   -25       3.3120032914E-004
#      5   -24       1.4469948637E-005
#      5   -23       2.1112304817E-005
#      5   -22       9.6189170674E-005
#      5   -21       3.7609389830E-005
#      5   -20       6.9685667557E-003
#      5   -19       4.9933076735E-005
#      5   -18       1.2060723234E-004
#      5   -17       8.6507131096E-005
#      5   -16       1.3470065735E-005
#      5   -15       1.2676033516E-002
#      5   -14       7.2775885669E-006
#      5   -13       1.2848104460E-004
#      5   -12       3.6180118129E-006
#      5   -11       3.1128461936E-008
#      5   -10       3.5605106214E-003
#      5    -9       5.8920964228E-005
#      5    -8       1.5083648919E-004
#      5    -7       1.8244038530E-004
#      5    -6       1.1972991356E-004
#      5    -5       2.5445307331E-002
#      5    -4       1.6782688079E-006
#      5    -3       1.3821016567E-004
#      5    -2       8.9381884783E-005
#      5    -1       8.1763585428E-006
#      5     0       1.6672380345E-003
#      5     1       7.1177267313E-005
#      5     2       1.1737547265E-004
#      5     3       3.9615231448E-005
#      5     4       2.1105565892E-004
#      5     5       2.6498407969E-003
#      5     6       1.5419476915E-005
#      5     7       9.6691650501E-006
#      5     8       3.0483561082E-004
#      5     9       8.3487886821E-005
#      5    10       1.3801672807E-002
#      5    11       7.3653905865E-006
#      5    12       3.4385764853E-004
#      5    13       5.2775207560E-006
#      5    14       2.4119649602E-004
#      5    15       9.3284659642E-003
#      5    16       6.6422575227E-006
#      5    17       6.1896564275E-005
#      5    18       2.3116198636E-006
#      5    19       1.0943342405E-005
#      5    20       5.8754440788E-004
#      5    21       4.6173088141E-006
#      6   -26       4.6950893983E-005
#      6   -25       1.0400714814E-004
#      6   -24       1.0012594700E-004
#      6   -23       1.1072321844E-004
#      6   -22       6.6460896733E-005
#      6   -21       6.7106356377E-005
#      6   -20       2.9295112060E-004
#      6   -19       5.3189238640E-005
#      6   -18       1.6052619042E-005
#      6   -17       2.9552131222E-005
#      6   -16       1.0221056909E-004
#      6   -15       5.4645413943E-004
#      6   -14       5.0241599082E-005
#      6   -13       1.0023726353E-007
#      6   -12       9.8705242016E-005
#      6   -11       1.9269053554E-005
#      6   -10       1.9798922598E-004
#      6    -9       2.0286136449E-005
#      6    -8       1.4777951501E-004
#      6    -7       2.3681404340E-004
#      6    -6       2.4587061933E-005
#      6    -5       2.2245706409E-004
#      6    -4       3.4362351548E-004
#      6    -3       4.7164571714E-004
#      6    -2       6.0902212487E-005
#      6    -1       6.6780302649E-005
#      6     0       1.5557786046E-004
#      6     1       1.2931043729E-004
#      6     2       6.1100739519E-004
#      6     3       5.2179512849E-005
#      6     4       7.4124586663E-005
#      6     5       4.7341001917E-005
#      6     6       1.7066837564E-004
#      6     7       2.0173446679E-004
#      6     8       1.6149352834E-004
#      6     9       8.2242643491E-005
#      6    10       1.2761180555E-004
#      6    11       2.9632572676E-004
#      6    12       7.0313865266E-005
#      6    13       4.5298489189E-005
#      6    14       2.0531344039E-004
#      6    15       2.0140226577E-005
#      6    16       8.5768230945E-005
#      6    17       4.7521043126E-005
#      6    18       4.8474829608E-005
#      6    19       9.7661559791E-006
#      6    20       5.5474082790E-006
#      7   -27       2.1470176094E-005
#      7   -26       1.2909170489E-006
#      7   -25       1.8819264203E-004
#      7   -24       2.6240602792E-005
#      7   -23       2.0078847982E-004
#      7   -22       1.1864284134E-005
#      7   -21       1.4306119280E-004
#      7   -20       4.3956055310E-005
#      7   -19       4.0269608150E-005
#      7   -18       7.5431176558E-005
#      7   -17       1.7458707961E-004
#      7   -16       6.0269049812E-005
#      7   -15       2.4888864357E-004
#      7   -14       1.9455458005E-004
#      7   -13       3.2568104350E-005
#      7   -12       1.7320109822E-004
#      7   -11       2.9656968236E-005
#      7   -10       9.2856052826E-006
#      7    -9       2.2232204380E-005
#      7    -8       1.2787140002E-004
#      7    -7       5.4949313059E-005
#      7    -6       7.7334894555E-005
#      7    -5       4.9390559857E-005
#      7    -4       1.5559376582E-004
#      7    -3       3.2826946013E-004
#      7    -2       3.7461533367E-004
#      7    -1       2.0773139275E-004
#      7     0       9.7765557896E-005
#      7     1       1.3294296259E-004
#      7     2       1.7691638425E-004
#      7     3       1.7593458068E-004
#      7     4       5.7275447793E-004
#      7     5       2.8345599851E-005
#      7     6       4.6028765522E-005
#      7     7       8.2730952874E-006
#      7     8       5.9431522064E-006
#      7     9       1.3483547176E-004
#      7    10       3.3348980385E-004
#      7    11       1.0893225366E-005
#      7    12       5.1556579908E-005
#      7    13       1.0701974231E-005
#      7    14       6.2799686904E-005
#      7    15       1.8036459020E-004
#      7    16       2.5773414048E-005
#      7    17       2.1997312970E-005
#      7    18       4.4588184447E-006
#      7    19       1.1855475608E-005
#      7    20       7.0649080287E-006
#      8   -27       4.3666211080E-005
#      8   -26       2.8240212784E-006
#      8   -25       7.3782156384E-005
#      8   -24       1.1617179192E-004
#      8   -23       3.7119816129E-004
#      8   -22       4.9603647659E-005
#      8   -21       7.5089312557E-005
#      8   -20       3.4671176578E-004
#      8   -19       5.2053823109E-005
#      8   -18       2.1909046570E-005
#      8   -17       2.2032043488E-006
#      8   -16       1.5416561725E-004
#      8   -15       1.1559389215E-004
#      8   -14       2.2396182949E-004
#      8   -13       2.4553599804E-004
#      8   -12       2.0257305271E-005
#      8   -11       9.2610575191E-005
#      8   -10       3.5772325636E-006
#      8    -9       3.3604342540E-005
#      8    -8       7.9404666118E-005
#      8    -7       2.9521134502E-005
#      8    -6       1.5352023823E-004
#      8    -5       1.7568805709E-004
#      8    -4       1.8199294388E-005
#      8    -3       2.6432210395E-004
#      8    -2       1.0232643336E-004
#      8    -1       2.4728545776E-004
#      8     0       3.5301548967E-004
#      8     1       2.0279415338E-004
#      8     2       9.9715220972E-005
#      8     3       5.4498346948E-005
#      8     4       1.7541241198E-004
#      8     5       8.3233838136E-005
#      8     6       3.2190439413E-004
#      8     7       1.3591003324E-004
#      8     8       9.1701201717E-005
#      8     9       4.3136007547E-005
#      8    10       1.4334306887E-004
#      8    11       5.9391977739E-004
#      8    12       1.8784830265E-004
#      8    13       5.6089584587E-005
#      8    14       7.5321914309E-005
#      8    15       7.0206435913E-005
#      8    16       8.9196861240E-005
#      8    17       3.3223076229E-005
#      8    18       1.5680185459E-005
#      8    19       6.7731005690E-006
#      9   -27       3.2916402971E-005
#      9   -26       6.7990811757E-005
#      9   -25       1.5226657743E-005
#      9   -24       1.9838943411E-004
#      9   -23       1.8809944511E-006
#      9   -22       3.1787485969E-004
#      9   -21       2.4148153609E-005
#      9   -20       5.4035878374E-004
#      9   -19       4.1987469930E-005
#      9   -18       4.6421201603E-004
#      9   -17       3.4828833099E-004
#      9   -16       1.0774153276E-004
#      9   -15       1.0381919020E-004
#      9   -14       2.9550899532E-005
#      9   -13       2.7463205711E-004
#      9   -12       4.9753987417E-005
#      9   -11       9.9539310798E-005
#      9   -10       1.0296724748E-005
#      9    -9       1.1918370338E-005
#      9    -8       5.3463270965E-006
#      9    -7       2.7305505162E-005
#      9    -6       2.3547915700E-005
#      9    -5       4.8429790504E-005
#      9    -4       3.1349021000E-005
#      9    -3       1.0832992448E-005
#      9    -2       4.7110252594E-004
#      9    -1       1.2967830850E-004
#      9     0       1.5487953000E-004
#      9     1       4.6115254098E-005
#      9     2       1.0181821688E-004
#      9     3       3.0029556618E-004
#      9     4       1.1218500529E-004
#      9     5       1.5764107207E-004
#      9     6       1.7554586373E-004
#      9     7       8.3732411247E-006
#      9     8       4.1368149920E-004
#      9     9       9.0257666015E-005
#      9    10       2.5206356655E-004
#      9    11       1.9071831506E-004
#      9    12       3.6073088873E-005
#      9    13       2.2842374236E-004
#      9    14       1.4696513836E-005
#      9    15       8.3610559824E-005
#      9    16       5.3278453002E-006
#      9    17       1.6808895282E-005
#      9    18       2.1783210549E-005
#     10   -27       1.5240013856E-005
#     10   -26       8.3342458577E-005
#     10   -25       5.0774418247E-004
#     10   -24       1.3529414481E-004
#     10   -23       1.1666149568E-004
#     10   -22       5.0264370126E-004
#     10   -21       1.1216617006E-004
#     10   -20       5.0981385304E-003
#     10   -19       1.4133069202E-004
#     10   -18       3.2512624894E-004
#     10   -17       4.1069771844E-005
#     10   -16       3.2567768007E-005
#     10   -15       1.1710830063E-002
#     10   -14       4.0670707018E-005
#     10   -13       1.1376044981E-004
#     10   -12       1.2332049477E-004
#     10   -11       1.0537517307E-004
#     10   -10       1.5798269196E-002
#     10    -9       4.2197384225E-005
#     10    -8       7.5392743968E-005
#     10    -7       5.7619093848E-005
#     10    -6       7.7462081748E-005
#     10    -5       4.2537069336E-003
#     10    -4       1.9813712047E-004
#     10    -3       3.1935546822E-005
#     10    -2       2.6599787968E-005
#     10    -1       1.0335116630E-004
#     10     0       3.5595055861E-002
#     10     1       1.1062436745E-004
#     10     2       6.5475426069E-005
#     10     3       1.8556152653E-004
#     10     4       2.1069691787E-006
#     10     5       1.1144146305E-002
#     10     6       7.5634836041E-006
#     10     7       2.9688039384E-006
#     10     8       1.2056114444E-004
#     10     9       1.5564211916E-004
#     10    10       4.9332656931E-003
#     10    11       8.0013229582E-005
#     10    12       5.3268957013E-005
#     10    13       1.3307552588E-004
#     10    14       9.0658315052E-005
#     10    15       5.9734404142E-004
#     10    16       1.4863516641E-005
#     10    17       1.6969059969E-005
#     11   -27       3.6884490718E-006
#     11   -26       5.9377896208E-005
#     11   -25       9.3125370867E-005
#     11   -24       2.2549828840E-004
#     11   -23       2.7661910157E-004
#     11   -22       2.8024521098E-005
#     11   -21       3.6501363515E-004
#     11   -20       4.7029596273E-005
#     11   -19       3.3169827032E-004
#     11   -18       1.6818209733E-005
#     11   -17       1.7538251850E-004
#     11   -16       1.0347464853E-006
#     11   -15       5.2322625093E-007
#     11   -14       8.9066789680E-005
#     11   -13       1.3380782850E-004
#     11   -12       7.4146772483E-005
#     11   -11       1.2276554288E-004
#     11   -10       9.2541671713E-005
#     11    -9       7.6266864784E-005
#     11    -8       1.8144940417E-005
#     11    -7       5.6492423588E-005
#     11    -6       8.1137216599E-005
#     11    -5       2.9878863973E-004
#     11    -4       1.0070486809E-004
#     11    -3       6.2404693151E-004
#     11    -2       1.8844207481E-004
#     11    -1       2.7969810916E-004
#     11     0       8.4177480910E-005
#     11     1       1.2291136294E-005
#     11     2       8.4853585938E-004
#     11     3       1.1862732223E-004
#     11     4       2.1646489188E-005
#     11     5       3.4016807587E-006
#     11     6       2.1444125192E-004
#     11     7       6.9804266227E-005
#     11     8       1.4443349504E-004
#     11     9       2.5079479390E-004
#     11    10       8.8148455466E-005
#     11    11       2.6478308816E-004
#     11    12       7.1146507505E-005
#     11    13       5.7715588469E-005
#     11    14       1.8561630743E-005
#     11    15       2.0618318736E-005
#     11    16       3.2676334898E-006
#     12   -27       5.0998866598E-005
#     12   -26       8.3428065541E-005
#     12   -25       4.1812857229E-005
#     12   -24       2.0724287322E-005
#     12   -23       1.6977992215E-004
#     12   -22       1.1643240976E-004
#     12   -21       3.7482459366E-004
#     12   -20       6.8138646596E-005
#     12   -19       1.9247899976E-004
#     12   -18       8.9861798542E-005
#     12   -17       1.0752156037E-004
#     12   -16       1.1491171101E-005
#     12   -15       1.2728134958E-004
#     12   -14       5.2832512952E-007
#     12   -13       6.2615024289E-005
#     12   -12       2.8341751155E-005
#     12   -11       7.5489003231E-005
#     12   -10       4.0177135511E-005
#     12    -9       2.8040451776E-005
#     12    -8       8.8476388517E-006
#     12    -7       1.6547837501E-004
#     12    -6       7.3294299914E-005
#     12    -5       3.3080755853E-005
#     12    -4       1.3580010700E-004
#     12    -3       2.2476485990E-004
#     12    -2       3.0243096485E-004
#     12    -1       8.8575433309E-005
#     12     0       7.9087765535E-005
#     12     1       2.6442499766E-005
#     12     2       2.0606775701E-005
#     12     3       5.1214935163E-004
#     12     4       6.9030805103E-005
#     12     5       1.6381917290E-004
#     12     6       1.5086594300E-004
#     12     7       6.8230007325E-005
#     12     8       5.3374857850E-004
#     12     9       3.0561473950E-005
#     12    10       1.5633338180E-004
#     12    11       2.9622541394E-004
#     12    12       9.9940147501E-005
#     12    13       1.9143393635E-004
#     12    14       3.6019991010E-005
#     12    15       2.0619158365E-005
#     13   -28       4.2165188103E-006
#     13   -27       4.2692082530E-005
#     13   -26       3.4520718220E-005
#     13   -25       1.0848443917E-004
#     13   -24       3.2340880064E-004
#     13   -23       5.3566253914E-005
#     13   -22       6.3788090240E-005
#     13   -21       2.0335063509E-005
#     13   -20       1.3612710846E-004
#     13   -19       1.4952884693E-004
#     13   -18       7.1679602248E-005
#     13   -17       5.4564054480E-006
#     13   -16       4.5764609247E-005
#     13   -15       1.5586430616E-005
#     13   -14       2.1615812189E-004
#     13   -13       1.6330830424E-004
#     13   -12       4.8488104955E-005
#     13   -11       7.3141251735E-005
#     13   -10       1.5083798776E-004
#     13    -9       1.6046619403E-004
#     13    -8       4.0652360948E-006
#     13    -7       5.9821193073E-005
#     13    -6       1.3244331158E-004
#     13    -5       9.1564845569E-005
#     13    -4       2.0439150882E-004
#     13    -3       7.3548468555E-004
#     13    -2       2.4121528158E-004
#     13    -1       1.1038101472E-004
#     13     0       1.9881113019E-004
#     13     1       1.8991085820E-006
#     13     2       3.4849192770E-004
#     13     3       2.7151645181E-004
#     13     4       3.7705987824E-005
#     13     5       2.5652748215E-004
#     13     6       7.8525815635E-005
#     13     7       3.5607221696E-004
#     13     8       2.3333771470E-004
#     13     9       1.2079738735E-004
#     13    10       1.1580842937E-004
#     13    11       6.7678895887E-005
#     13    12       1.6921525211E-004
#     13    13       1.2460408492E-004
#     13    14       5.2694594340E-006
#     13    15       2.1557872692E-006
#     14   -28       8.3327427339E-006
#     14   -27       7.1194868124E-005
#     14   -26       6.3173078373E-005
#     14   -25       7.4886643225E-005
#     14   -24       4.6589424999E-006
#     14   -23       8.5298943838E-005
#     14   -22       2.6922165059E-004
#     14   -21       1.0239184703E-004
#     14   -20       1.2514609910E-005
#     14   -19       8.0655956900E-005
#     14   -18       1.1572593008E-005
#     14   -17       8.8490557118E-005
#     14   -16       7.1433601353E-005
#     14   -15       1.7984635247E-004
#     14   -14       2.8582761066E-005
#     14   -13       2.9306552809E-004
#     14   -12       1.9864802585E-004
#     14   -11       2.1008810942E-004
#     14   -10       3.1454068294E-005
#     14    -9       2.0549188102E-005
#     14    -8       2.0462923055E-004
#     14    -7       5.2075002714E-004
#     14    -6       1.9775604362E-005
#     14    -5       7.5989557231E-005
#     14    -4       2.7256256073E-004
#     14    -3       2.1095993177E-004
#     14    -2       5.8806967289E-004
#     14    -1       5.4397543011E-004
#     14     0       1.9677136897E-004
#     14     1       3.7212924973E-004
#     14     2       3.1630716548E-005
#     14     3       2.1952763777E-004
#     14     4       1.4661910067E-004
#     14     5       1.3283437236E-004
#     14     6       1.0071845775E-004
#     14     7       6.4748117381E-005
#     14     8       2.5416181797E-004
#     14     9       2.2887350804E-004
#     14    10       8.3400005808E-006
#     14    11       6.5496833178E-005
#     14    12       1.0173264610E-005
#     14    13       1.2424516990E-004
#     14    14       2.7949872013E-005
#     15   -28       2.0755135627E-005
#     15   -27       5.1359702320E-005
#     15   -26       2.5561433913E-005
#     15   -25       5.5801134928E-004
#     15   -24       1.2138708632E-004
#     15   -23       1.0644365771E-004
#     15   -22       1.7980945558E-005
#     15   -21       3.2661134033E-006
#     15   -20       1.1222764256E-002
#     15   -19       7.8125147049E-005
#     15   -18       1.6678893137E-005
#     15   -17       7.2317634560E-005
#     15   -16       3.0835732757E-005
#     15   -15       3.8866961399E-002
#     15   -14       1.4769787977E-004
#     15   -13       2.8987341504E-004
#     15   -12       3.7665474089E-005
#     15   -11       7.6183930837E-005
#     15   -10       1.2694973914E-002
#     15    -9       3.0787984043E-006
#     15    -8       6.3010299841E-005
#     15    -7       2.6391481003E-005
#     15    -6       4.1726221403E-005
#     15    -5       1.0358476792E-002
#     15    -4       1.1708559694E-005
#     15    -3       1.1195182395E-004
#     15    -2       1.7033184198E-007
#     15    -1       6.5297054811E-005
#     15     0       2.1367974817E-002
#     15     1       2.4913977922E-004
#     15     2       3.1360161618E-005
#     15     3       1.5367356570E-005
#     15     4       1.5242543947E-004
#     15     5       5.5696738644E-003
#     15     6       1.2788083476E-004
#     15     7       2.9124076050E-004
#     15     8       3.9655118008E-005
#     15     9       1.6574770939E-004
#     15    10       8.0382705449E-005
#     15    11       3.1636985529E-005
#     15    12       4.0780524318E-005
#     15    13       3.8641708748E-005
#     16   -27       1.2675458309E-005
#     16   -26       3.6323246191E-005
#     16   -25       7.4401617728E-006
#     16   -24       5.9599231300E-005
#     16   -23       1.1835615328E-005
#     16   -22       1.6223487750E-004
#     16   -21       4.4622633642E-006
#     16   -20       8.2307249909E-005
#     16   -19       1.4759221106E-004
#     16   -18       4.6508204163E-005
#     16   -17       7.8955157151E-006
#     16   -16       8.3982437016E-005
#     16   -15       1.0108703084E-004
#     16   -14       2.8049819972E-004
#     16   -13       6.2148634844E-005
#     16   -12       5.0214454306E-004
#     16   -11       1.5001608337E-006
#     16   -10       8.0495797444E-005
#     16    -9       3.9780866233E-005
#     16    -8       4.2578231697E-004
#     16    -7       2.3451732442E-004
#     16    -6       1.3101478483E-004
#     16    -5       1.6239777018E-004
#     16    -4       1.7012806346E-004
#     16    -3       1.9559458971E-004
#     16    -2       2.4237397672E-005
#     16    -1       1.2987793695E-004
#     16     0       2.1989598525E-004
#     16     1       2.7114194374E-004
#     16     2       2.5703976657E-004
#     16     3       2.1076678112E-004
#     16     4       1.1494194467E-004
#     16     5       9.7730423728E-005
#     16     6       2.9634059953E-004
#     16     7       1.0672837627E-004
#     16     8       4.7761445369E-005
#     16     9       2.0586556278E-004
#     16    10       7.3571052833E-005
#     16    11       1.5665609429E-004
#     17   -27       3.2192145430E-005
#     17   -26       2.8079527142E-005
#     17   -25       5.6281926225E-005
#     17   -24       4.0127133642E-005
#     17   -23       3.5114934770E-005
#     17   -22       7.6895227025E-005
#     17   -21       7.6808247617E-005
#     17   -20       1.7126786107E-004
#     17   -19       6.7534317728E-005
#     17   -18       5.4213616053E-006
#     17   -17       1.2937239328E-004
#     17   -16       2.3482271042E-004
#     17   -15       6.2059205241E-005
#     17   -14       3.3709506204E-004
#     17   -13       2.6038382102E-005
#     17   -12       4.4557594147E-004
#     17   -11       3.9693712755E-005
#     17   -10       6.9892317679E-005
#     17    -9       3.3022423086E-005
#     17    -8       2.7392552017E-005
#     17    -7       4.8985650394E-005
#     17    -6       7.4057275252E-005
#     17    -5       8.1992206846E-004
#     17    -4       1.2608329375E-005
#     17    -3       1.1428237033E-004
#     17    -2       3.5515012729E-004
#     17    -1       2.2920437468E-004
#     17     0       2.2764686397E-004
#     17     1       7.0785423861E-005
#     17     2       6.7924696286E-005
#     17     3       3.3562284157E-004
#     17     4       3.9066522892E-004
#     17     5       5.7210469231E-004
#     17     6       2.7355669145E-004
#     17     7       2.2154201235E-005
#     17     8       1.5167555385E-004
#     17     9       9.8108632296E-006
#     17    10       1.1886155920E-004
#     18   -27       1.3932763233E-005
#     18   -26       7.1738773683E-006
#     18   -25       2.0570263434E-005
#     18   -24       8.8303004988E-006
#     18   -23       4.0982906575E-006
#     18   -22       1.6329910377E-005
#     18   -21       9.3812932667E-005
#     18   -20       1.3455305399E-006
#     18   -19       3.5600805832E-004
#     18   -18       1.7157507471E-004
#     18   -17       3.8658412960E-006
#     18   -16       9.2417094797E-005
#     18   -15       1.7866791304E-005
#     18   -14       1.0387292294E-004
#     18   -13       7.4517035428E-005
#     18   -12       2.9125866813E-005
#     18   -11       9.6950981274E-005
#     18   -10       1.3336006475E-004
#     18    -9       1.9293803231E-004
#     18    -8       3.7402513212E-004
#     18    -7       6.2004971137E-005
#     18    -6       9.0546445990E-005
#     18    -5       3.8421908808E-005
#     18    -4       7.5807678242E-005
#     18    -3       5.0607187795E-004
#     18    -2       2.3392865763E-004
#     18    -1       8.6575145484E-005
#     18     0       2.4925420745E-004
#     18     1       4.1857755636E-004
#     18     2       8.1618152753E-005
#     18     3       2.9099286533E-004
#     18     4       2.8057649240E-006
#     18     5       2.3532747385E-005
#     18     6       2.9392312474E-004
#     18     7       2.5363904830E-004
#     18     8       2.4062941198E-005
#     18     9       2.9623865441E-006
#     19   -27       4.8947334096E-007
#     19   -26       2.8525224333E-005
#     19   -25       1.8520565318E-005
#     19   -24       1.1778066496E-005
#     19   -23       9.5347954197E-005
#     19   -22       1.6764009707E-005
#     19   -21       4.3545528694E-005
#     19   -20       1.0720777087E-004
#     19   -19       3.7924214304E-005
#     19   -18       1.4426484644E-004
#     19   -17       7.0893633381E-005
#     19   -16       2.6884845954E-004
#     19   -15       6.3644548013E-005
#     19   -14       9.6245421863E-006
#     19   -13       5.7175635353E-005
#     19   -12       8.2583162164E-005
#     19   -11       1.5122825565E-004
#     19   -10       2.8745669203E-005
#     19    -9       4.3485719315E-005
#     19    -8       1.2192178808E-005
#     19    -7       5.5897639903E-004
#     19    -6       1.4937593760E-004
#     19    -5       6.4040251080E-005
#     19    -4       9.0586282942E-005
#     19    -3       3.0302301596E-004
#     19    -2       2.6815444991E-004
#     19    -1       4.6392523482E-005
#     19     0       7.1210703340E-005
#     19     1       2.4592134088E-005
#     19     2       1.2171314058E-004
#     19     3       5.0886732322E-004
#     19     4       1.1034117714E-004
#     19     5       8.4448423972E-005
#     19     6       1.0010863816E-004
#     19     7       6.7887529613E-005
#     19     8       2.0032304430E-004
#     20   -27       3.4961739145E-006
#     20   -26       8.6187835725E-006
#     20   -25       4.5022456071E-004
#     20   -24       2.3715420703E-005
#     20   -23       4.3698281153E-005
#     20   -22       1.9173100947E-005
#     20   -21       7.5060910043E-005
#     20   -20       5.6595282363E-003
#     20   -19       5.2687294263E-005
#     20   -18       8.6434223213E-005
#     20   -17       1.2255319556E-004
#     20   -16       3.1494438621E-005
#     20   -15       1.0954369133E-002
#     20   -14       6.6403115199E-005
#     20   -13       1.0842070924E-005
#     20   -12       2.8149453136E-005
#     20   -11       2.1724147771E-005
#     20   -10       6.8328877973E-003
#     20    -9       1.3495885391E-004
#     20    -8       7.7640782989E-005
#     20    -7       1.4348118880E-004
#     20    -6       7.9750900818E-005
#     20    -5       6.3951927519E-003
#     20    -4       1.4244562112E-005
#     20    -3       1.3987482574E-004
#     20    -2       2.0863260283E-004
#     20    -1       1.7116894904E-004
#     20     0       1.2887171219E-003
#     20     1       2.1399750536E-004
#     20     2       7.7501124929E-005
#     20     3       9.9925598634E-005
#     20     4       1.3361850583E-004
#     20     5       1.1296613942E-004
#     20     6       9.2802660029E-005
#     20     7       3.1286411913E-005
#     21   -26       7.1593818054E-006
#     21   -25       1.4890149582E-005
#     21   -24       6.5080034007E-005
#     21   -23       7.3863653235E-006
#     21   -22       6.6254727840E-005
#     21   -21       5.9773850648E-005
#     21   -20       2.3656118286E-005
#     21   -19       1.4622721374E-004
#     21   -18       1.2099892523E-004
#     21   -17       3.2386140454E-004
#     21   -16       9.5413709162E-006
#     21   -15       7.6040290423E-005
#     21   -14       6.0099180990E-005
#     21   -13       5.5896158608E-005
#     21   -12       1.3624146408E-004
#     21   -11       1.2444289382E-005
#     21   -10       4.2240544687E-005
#     21    -9       6.6414891272E-005
#     21    -8       6.4467852310E-005
#     21    -7       3.5864571888E-004
#     21    -6       8.4517295218E-005
#     21    -5       2.9614577879E-004
#     21    -4       1.7472921886E-004
#     21    -3       3.2519569317E-004
#     21    -2       3.9999017846E-005
#     21    -1       1.0046146666E-004
#     21     0       1.1717738020E-004
#     21     1       1.1734072621E-004
#     21     2       3.1305335877E-004
#     21     3       1.6703909634E-004
#     21     4       9.2058223407E-005
#     21     5       1.2948121262E-005
#     22   -26       2.5094733858E-005
#     22   -25       3.5236729494E-007
#     22   -24       3.1677452998E-005
#     22   -23       3.5105334035E-006
#     22   -22       7.1205898462E-005
#     22   -21       1.9049911828E-005
#     22   -20       9.3002627366E-006
#     22   -19       7.7714184039E-005
#     22   -18       3.4708434404E-005
#     22   -17       7.3098281957E-005
#     22   -16       2.7405786431E-005
#     22   -15       4.1164969449E-005
#     22   -14       3.8489893640E-005
#     22   -13       1.1104452163E-005
#     22   -12       2.4415577938E-005
#     22   -11       1.2065522340E-004
#     22   -10       3.7545520213E-004
#     22    -9       6.0684023044E-005
#     22    -8       1.2254210610E-005
#     22    -7       5.5320543926E-005
#     22    -6       5.3712622458E-005
#     22    -5       2.9158236249E-004
#     22    -4       2.4926971896E-004
#     22    -3       8.1871465030E-005
#     22    -2       1.4012589268E-004
#     22    -1       3.0784105556E-004
#     22     0       1.6540714963E-005
#     22     1       1.2461939197E-004
#     22     2       3.8940060569E-005
#     22     3       9.5171469656E-006
#     22     4       1.8970276451E-004
#     23   -25       1.0329010673E-005
#     23   -24       9.6075107490E-006
#     23   -23       3.0045613691E-005
#     23   -22       5.0022186978E-006
#     23   -21       2.8568319180E-005
#     23   -20       5.6094760809E-006
#     23   -19       2.7772543719E-006
#     23   -18       7.8276838307E-007
#     23   -17       1.4998936610E-005
#     23   -16       5.0967890782E-005
#     23   -15       5.9958288049E-006
#     23   -14       4.1214619741E-005
#     23   -13       1.9954497249E-005
#     23   -12       1.0062597684E-005
#     23   -11       5.1047231686E-006
#     23   -10       1.1123473962E-004
#     23    -9       2.0751958545E-004
#     23    -8       2.0887515130E-004
#     23    -7       3.8090084085E-005
#     23    -6       5.0151085250E-005
#     23    -5       1.3556271765E-004
#     23    -4       7.0755913783E-005
#     23    -3       3.1023529612E-005
#     23    -2       2.3495195559E-004
#     23    -1       6.8250774980E-005
#     23     0       5.6040362921E-005
#     23     1       3.1730128185E-004
#     23     2       1.2018502303E-004
#     24   -24       4.7887865500E-007
#     24   -23       1.8517160623E-005
#     24   -22       4.4732892034E-006
#     24   -21       8.9064383918E-006
#     24   -20       1.2611694274E-005
#     24   -19       8.6053188055E-006
#     24   -18       1.2916731350E-005
#     24   -17       3.4473707178E-007
#     24   -16       1.1844292571E-005
#     24   -15       3.5406378690E-005
#     24   -14       1.4202027929E-006
#     24   -13       1.7042954060E-005
#     24   -12       1.4149890848E-004
#     24   -11       2.7842017122E-005
#     24   -10       1.2299327194E-005
#     24    -9       5.2049755571E-005
#     24    -8       1.5098897698E-004
#     24    -7       1.0501856181E-004
#     24    -6       6.1919659808E-006
#     24    -5       6.7078288834E-005
#     24    -4       7.2060810799E-005
#     24    -3       1.4602255933E-004
#     24    -2       9.0834547987E-005
#     24    -1       9.0333960993E-005
#     24     0       5.0703144837E-005
#     25   -23       9.0870510649E-007
#     25   -22       8.1266436160E-007
#     25   -21       2.6644543606E-006
#     25   -20       5.8175960835E-004
#     25   -19       7.8193722478E-006
#     25   -18       5.9182034929E-006
#     25   -17       6.2591036308E-007
#     25   -16       1.6966131047E-006
#     25   -15       6.7451119609E-004
#     25   -14       9.5559004757E-005
#     25   -13       1.4743097596E-005
#     25   -12       3.1046264299E-005
#     25   -11       5.0299930242E-005
#     25   -10       2.8844248205E-004
#     25    -9       1.1530675332E-005
#     25    -8       9.0166628238E-005
#     25    -7       1.0442513761E-004
#     25    -6       8.1359160853E-005
#     25    -5       7.9942719989E-005
#     25    -4       1.3199471259E-005
#     25    -3       1.0067924166E-004
#     25    -2       8.7737650268E-005
#     26   -22       8.3448776779E-006
#     26   -21       1.1140379219E-006
#     26   -20       6.3353712383E-007
#     26   -19       1.3914606783E-005
