 Diffraction intensities for potential:gv5x5_05D10001.in                       
#    -28    13       1.2798254925E-005
#    -28    14       2.0270654454E-005
#    -28    15       1.0735986861E-005
#    -27     7       1.6545716480E-005
#    -27     8       1.4785797700E-005
#    -27     9       8.1305864628E-006
#    -27    10       9.0020317797E-006
#    -27    11       5.7570338908E-006
#    -27    12       6.0658335502E-006
#    -27    13       4.4728761011E-005
#    -27    14       1.7200072917E-006
#    -27    15       4.4456513196E-005
#    -27    16       1.3447881984E-005
#    -27    17       3.5315414734E-005
#    -27    18       1.6133206594E-005
#    -27    19       1.5880926413E-005
#    -27    20       2.3876938686E-005
#    -26     4       6.9480243635E-005
#    -26     5       4.9273771208E-006
#    -26     6       7.0550509363E-005
#    -26     7       7.7743827894E-005
#    -26     8       3.1462883026E-005
#    -26     9       4.2337839098E-005
#    -26    10       4.2916495571E-005
#    -26    11       1.8648467602E-005
#    -26    12       3.9131053094E-005
#    -26    13       9.7357494558E-006
#    -26    14       4.4275004785E-005
#    -26    15       4.1404639906E-005
#    -26    16       3.4939794099E-005
#    -26    17       6.9128265554E-005
#    -26    18       2.7493771230E-007
#    -26    19       1.2612885516E-004
#    -26    20       5.9907454441E-006
#    -26    21       1.7902987286E-005
#    -26    22       9.9384772131E-006
#    -25     2       7.5565862402E-005
#    -25     3       3.6425742944E-005
#    -25     4       2.9958284330E-005
#    -25     5       3.7592516880E-004
#    -25     6       3.0484912451E-005
#    -25     7       2.0620887952E-005
#    -25     8       4.9235319754E-007
#    -25     9       3.4932105992E-006
#    -25    10       8.6685782158E-004
#    -25    11       3.5298972656E-005
#    -25    12       3.2384446106E-005
#    -25    13       3.3422370331E-005
#    -25    14       1.4243482696E-005
#    -25    15       4.6101505693E-004
#    -25    16       2.9771346308E-006
#    -25    17       1.9102594075E-005
#    -25    18       3.1392658624E-006
#    -25    19       2.8278028333E-006
#    -25    20       3.6797884933E-004
#    -25    21       2.7162223392E-006
#    -25    22       8.2636240850E-006
#    -25    23       1.6493365808E-005
#    -24     0       3.2824751395E-005
#    -24     1       9.0527966519E-005
#    -24     2       9.4904260143E-005
#    -24     3       5.1080022899E-005
#    -24     4       1.6035323951E-004
#    -24     5       8.1547075862E-005
#    -24     6       5.6075680405E-005
#    -24     7       7.7535012824E-005
#    -24     8       4.2052630990E-005
#    -24     9       1.5442299183E-005
#    -24    10       7.2613332833E-006
#    -24    11       7.7281807793E-005
#    -24    12       1.9835337568E-005
#    -24    13       9.0303732543E-005
#    -24    14       7.9791473549E-005
#    -24    15       4.4676361228E-005
#    -24    16       2.5710873079E-004
#    -24    17       2.5085071437E-006
#    -24    18       1.2656624567E-004
#    -24    19       2.0939255937E-006
#    -24    20       5.7098976001E-005
#    -24    21       1.9586314596E-005
#    -24    22       1.9156718194E-005
#    -24    23       3.6932902134E-005
#    -24    24       4.2228674719E-006
#    -23    -2       8.8756434992E-005
#    -23    -1       4.2064605305E-005
#    -23     0       9.0027205109E-005
#    -23     1       1.0701461944E-004
#    -23     2       5.6206142913E-005
#    -23     3       1.4859082253E-004
#    -23     4       2.1593827411E-005
#    -23     5       2.4953861835E-005
#    -23     6       4.7418206888E-005
#    -23     7       1.4329340259E-005
#    -23     8       8.5612774048E-005
#    -23     9       3.2175327286E-006
#    -23    10       1.8222203898E-004
#    -23    11       7.3457318619E-006
#    -23    12       1.5249976231E-004
#    -23    13       2.4645363832E-005
#    -23    14       5.4283950199E-005
#    -23    15       8.6181207919E-005
#    -23    16       4.0419775096E-005
#    -23    17       1.6837352867E-004
#    -23    18       3.8962296025E-005
#    -23    19       1.2598711590E-004
#    -23    20       9.5866941513E-005
#    -23    21       8.2189579145E-005
#    -23    22       6.7852688864E-005
#    -23    23       3.5964139093E-005
#    -23    24       4.6225810221E-005
#    -23    25       2.4937981194E-005
#    -22    -4       2.0924847240E-005
#    -22    -3       4.8282804914E-005
#    -22    -2       2.9325528443E-005
#    -22    -1       9.9378969537E-005
#    -22     0       1.4174153197E-004
#    -22     1       3.8669626187E-005
#    -22     2       2.4820573580E-004
#    -22     3       5.4349868029E-005
#    -22     4       2.3169585556E-004
#    -22     5       9.0601665328E-005
#    -22     6       3.2360066788E-005
#    -22     7       7.7695941688E-005
#    -22     8       1.3929904377E-005
#    -22     9       4.0244185018E-005
#    -22    10       5.7930167904E-005
#    -22    11       4.3594230526E-005
#    -22    12       7.9998834973E-005
#    -22    13       8.0508741453E-005
#    -22    14       8.7488383852E-005
#    -22    15       8.0503326672E-005
#    -22    16       4.1543037198E-005
#    -22    17       2.9287261293E-005
#    -22    18       2.7292946463E-005
#    -22    19       5.5566563751E-006
#    -22    20       1.3143647300E-005
#    -22    21       2.4886995076E-005
#    -22    22       2.6540923163E-006
#    -22    23       3.0512012386E-005
#    -22    24       7.3763757012E-007
#    -22    25       1.1911096525E-005
#    -22    26       2.3823604527E-006
#    -21    -5       2.5962394559E-006
#    -21    -4       4.4221808756E-005
#    -21    -3       5.7420759951E-005
#    -21    -2       1.4058165195E-004
#    -21    -1       8.1076988807E-005
#    -21     0       8.1867084614E-005
#    -21     1       1.6180882413E-004
#    -21     2       3.2693060183E-005
#    -21     3       1.0602950957E-004
#    -21     4       1.4899716316E-004
#    -21     5       1.9067196561E-005
#    -21     6       8.3101304202E-005
#    -21     7       1.8540396327E-005
#    -21     8       3.4222948016E-005
#    -21     9       6.1662339756E-005
#    -21    10       1.5501422503E-005
#    -21    11       8.9829116480E-005
#    -21    12       8.7850229203E-005
#    -21    13       2.5156217019E-005
#    -21    14       1.2889972966E-004
#    -21    15       2.2929067776E-005
#    -21    16       9.3251866776E-005
#    -21    17       2.2525443252E-005
#    -21    18       1.0098485546E-004
#    -21    19       1.4530578865E-005
#    -21    20       4.7663438184E-005
#    -21    21       6.0425609510E-005
#    -21    22       3.1000022936E-005
#    -21    23       2.3029363509E-005
#    -21    24       5.0736559916E-005
#    -21    25       8.6238336681E-006
#    -21    26       3.1811819506E-006
#    -20    -7       1.6905745169E-005
#    -20    -6       2.5652087467E-005
#    -20    -5       3.3765443255E-004
#    -20    -4       1.1601059640E-005
#    -20    -3       1.6160055942E-004
#    -20    -2       8.8874275367E-005
#    -20    -1       8.7494712018E-005
#    -20     0       5.5258375787E-003
#    -20     1       3.5466281666E-006
#    -20     2       2.0289779611E-004
#    -20     3       1.9460082190E-004
#    -20     4       3.6352279765E-006
#    -20     5       9.3196285543E-003
#    -20     6       1.4149503211E-004
#    -20     7       7.2513684195E-005
#    -20     8       3.6539813942E-004
#    -20     9       9.6282855270E-005
#    -20    10       7.2817812765E-003
#    -20    11       2.2463577321E-004
#    -20    12       1.2530263171E-004
#    -20    13       2.2090485632E-004
#    -20    14       5.6234748709E-005
#    -20    15       7.9838266876E-003
#    -20    16       3.5971765959E-005
#    -20    17       5.7222312386E-005
#    -20    18       9.5167025460E-005
#    -20    19       3.1555055257E-005
#    -20    20       3.1264404853E-003
#    -20    21       3.1186996352E-005
#    -20    22       1.2919840211E-004
#    -20    23       5.5009428586E-005
#    -20    24       6.9024217369E-005
#    -20    25       3.2300090874E-004
#    -20    26       2.1277099682E-005
#    -20    27       8.8295953229E-006
#    -19    -8       1.6190581591E-005
#    -19    -7       3.4546509981E-005
#    -19    -6       1.0052857852E-004
#    -19    -5       2.8196329130E-005
#    -19    -4       9.7023660778E-005
#    -19    -3       6.4097516863E-005
#    -19    -2       6.7274085833E-005
#    -19    -1       1.8614300853E-004
#    -19     0       5.8042514228E-006
#    -19     1       3.5992463502E-004
#    -19     2       5.8936832805E-005
#    -19     3       1.3267984205E-004
#    -19     4       1.2761011446E-004
#    -19     5       1.8722280108E-005
#    -19     6       9.5982703626E-005
#    -19     7       3.1169416007E-005
#    -19     8       1.4735882551E-005
#    -19     9       2.5024201129E-005
#    -19    10       2.3538806628E-005
#    -19    11       1.9175745181E-005
#    -19    12       3.0798621597E-005
#    -19    13       8.1458355824E-005
#    -19    14       1.1224661877E-004
#    -19    15       5.8873277987E-005
#    -19    16       1.2884697401E-004
#    -19    17       1.8493044383E-005
#    -19    18       7.0209817489E-005
#    -19    19       5.7169103768E-005
#    -19    20       2.7182737638E-005
#    -19    21       2.1587227870E-005
#    -19    22       3.2787288312E-005
#    -19    23       7.3639879457E-006
#    -19    24       2.6744168896E-005
#    -19    25       1.2493320669E-006
#    -19    26       8.4669425143E-006
#    -19    27       1.1229067005E-006
#    -18    -9       6.7471322828E-006
#    -18    -8       1.6729444069E-005
#    -18    -7       2.7588051830E-005
#    -18    -6       3.2327833627E-007
#    -18    -5       5.9730284729E-005
#    -18    -4       3.0194331437E-005
#    -18    -3       5.6266600892E-005
#    -18    -2       1.2520735658E-004
#    -18    -1       4.3767406924E-005
#    -18     0       3.0262644247E-004
#    -18     1       3.2940773118E-004
#    -18     2       5.5947442133E-005
#    -18     3       3.4751014614E-004
#    -18     4       9.6849825859E-005
#    -18     5       1.6346001762E-005
#    -18     6       1.9906972397E-004
#    -18     7       2.9757122281E-004
#    -18     8       2.2871551604E-005
#    -18     9       5.0519612122E-004
#    -18    10       1.1080632337E-004
#    -18    11       2.3169600188E-004
#    -18    12       2.6481200758E-004
#    -18    13       3.8731057208E-005
#    -18    14       1.2409718795E-004
#    -18    15       6.0816733052E-005
#    -18    16       2.1971129629E-005
#    -18    17       1.3176252032E-004
#    -18    18       1.8132153788E-005
#    -18    19       1.2672438678E-004
#    -18    20       1.9113976293E-006
#    -18    21       5.4140679749E-005
#    -18    22       1.9964567596E-005
#    -18    23       2.5573090617E-005
#    -18    24       1.4057423760E-005
#    -18    25       4.0087094808E-005
#    -18    26       3.4604413506E-006
#    -18    27       1.0751595607E-005
#    -17   -10       2.7699462191E-006
#    -17    -9       2.6720870540E-005
#    -17    -8       2.4359822020E-005
#    -17    -7       2.2653399059E-005
#    -17    -6       1.3545344973E-004
#    -17    -5       1.0409611022E-005
#    -17    -4       1.8208593401E-004
#    -17    -3       2.0753164643E-004
#    -17    -2       4.5015919360E-005
#    -17    -1       2.3663807724E-004
#    -17     0       1.0722213633E-004
#    -17     1       6.1353570910E-005
#    -17     2       4.6879941058E-004
#    -17     3       2.1561028956E-005
#    -17     4       5.7421162656E-004
#    -17     5       7.6765554571E-005
#    -17     6       2.9024039292E-004
#    -17     7       1.7722370680E-004
#    -17     8       6.1485872967E-005
#    -17     9       2.7178870596E-004
#    -17    10       1.1132295226E-005
#    -17    11       2.3960718370E-004
#    -17    12       8.9118933103E-005
#    -17    13       1.2351328295E-004
#    -17    14       5.9829805327E-005
#    -17    15       6.5475803071E-005
#    -17    16       7.3344199485E-006
#    -17    17       2.3407236350E-005
#    -17    18       1.1541536650E-004
#    -17    19       2.3688366949E-005
#    -17    20       1.7833160665E-004
#    -17    21       8.4672474830E-005
#    -17    22       8.1976042326E-005
#    -17    23       6.9921452790E-005
#    -17    24       3.2926041355E-005
#    -17    25       4.9678886166E-005
#    -17    26       1.7516401598E-005
#    -17    27       4.7074208522E-006
#    -16   -11       6.2280978264E-006
#    -16   -10       1.6641963360E-005
#    -16    -9       2.6243159998E-005
#    -16    -8       7.1811295184E-006
#    -16    -7       1.6777028892E-005
#    -16    -6       6.4227216958E-006
#    -16    -5       3.5489155323E-005
#    -16    -4       3.9000448146E-005
#    -16    -3       4.0157935305E-006
#    -16    -2       1.2301226902E-004
#    -16    -1       4.0269560144E-005
#    -16     0       7.1467273248E-005
#    -16     1       7.1351418310E-005
#    -16     2       1.1630919791E-004
#    -16     3       7.6721069201E-006
#    -16     4       1.2327260504E-004
#    -16     5       1.1599459279E-004
#    -16     6       6.6718612731E-006
#    -16     7       1.1003375237E-004
#    -16     8       7.3086021107E-005
#    -16     9       6.4999477475E-005
#    -16    10       2.1395085282E-005
#    -16    11       1.1202527463E-004
#    -16    12       3.0034867491E-005
#    -16    13       6.6214902784E-005
#    -16    14       1.2083687257E-004
#    -16    15       4.0611485857E-005
#    -16    16       2.0944959208E-004
#    -16    17       9.5294097974E-005
#    -16    18       1.0790541248E-004
#    -16    19       5.1928734411E-005
#    -16    20       4.2399934393E-005
#    -16    21       2.2802194088E-005
#    -16    22       3.0082564735E-005
#    -16    23       2.8475140206E-005
#    -16    24       3.6626632273E-006
#    -16    25       4.2379859386E-005
#    -16    26       1.4268762347E-006
#    -16    27       1.0389931209E-005
#    -15   -13       3.2389807014E-005
#    -15   -12       4.4197698321E-005
#    -15   -11       1.7107055627E-005
#    -15   -10       8.2468528574E-004
#    -15    -9       3.8472645428E-005
#    -15    -8       1.1562110185E-005
#    -15    -7       2.1972364201E-006
#    -15    -6       1.0488108215E-005
#    -15    -5       1.0616698713E-002
#    -15    -4       2.3463673989E-005
#    -15    -3       2.4333613723E-004
#    -15    -2       2.0877622914E-004
#    -15    -1       9.0640334690E-005
#    -15     0       3.7894324567E-002
#    -15     1       8.1627526437E-006
#    -15     2       5.1360034219E-004
#    -15     3       2.8167017090E-004
#    -15     4       9.5301695870E-005
#    -15     5       1.2269101939E-002
#    -15     6       1.0435158543E-004
#    -15     7       3.8559356558E-004
#    -15     8       5.6832787294E-004
#    -15     9       3.7179868560E-005
#    -15    10       1.0633657367E-002
#    -15    11       1.4523449872E-004
#    -15    12       3.4739533436E-004
#    -15    13       3.9165289272E-004
#    -15    14       4.5121796304E-005
#    -15    15       2.4007987633E-002
#    -15    16       6.1975317286E-005
#    -15    17       1.3883406869E-005
#    -15    18       1.0498199475E-004
#    -15    19       6.6355465174E-006
#    -15    20       7.0215231211E-003
#    -15    21       3.1354937726E-005
#    -15    22       6.9508560140E-006
#    -15    23       1.9411791855E-005
#    -15    24       7.2084209582E-006
#    -15    25       4.4468652368E-004
#    -15    26       1.0793968874E-005
#    -15    27       1.5349363473E-005
#    -15    28       7.2044538561E-006
#    -14   -14       1.9774349282E-005
#    -14   -13       1.0811714231E-006
#    -14   -12       1.8732229318E-005
#    -14   -11       3.5250584675E-006
#    -14   -10       2.9827447197E-005
#    -14    -9       3.2731276315E-005
#    -14    -8       7.4660760093E-005
#    -14    -7       1.5961716397E-005
#    -14    -6       1.0350112839E-005
#    -14    -5       1.8339778483E-005
#    -14    -4       7.1389989517E-006
#    -14    -3       8.3390064534E-005
#    -14    -2       8.6381344182E-006
#    -14    -1       2.4966348032E-004
#    -14     0       1.4792402337E-006
#    -14     1       2.2102722348E-004
#    -14     2       1.5307968370E-005
#    -14     3       8.8751589305E-005
#    -14     4       2.9660629642E-005
#    -14     5       4.4163646221E-005
#    -14     6       7.9170885070E-005
#    -14     7       9.0514540285E-005
#    -14     8       2.1248048586E-005
#    -14     9       4.7591251868E-005
#    -14    10       3.2496762819E-005
#    -14    11       1.1785620148E-005
#    -14    12       2.4622105805E-005
#    -14    13       7.3816931305E-005
#    -14    14       7.0320964306E-006
#    -14    15       7.3095481580E-005
#    -14    16       2.3450972325E-005
#    -14    17       9.9827459257E-005
#    -14    18       3.0897083979E-005
#    -14    19       1.6195597751E-004
#    -14    20       1.9155689720E-005
#    -14    21       9.4837442442E-005
#    -14    22       1.0991067188E-005
#    -14    23       4.6382138164E-005
#    -14    24       4.8875999516E-006
#    -14    25       3.4022851281E-005
#    -14    26       1.4481060238E-006
#    -14    27       1.1406451825E-005
#    -14    28       1.5089655777E-005
#    -13   -15       3.3509237946E-005
#    -13   -14       1.1346638596E-005
#    -13   -13       9.5040609278E-006
#    -13   -12       7.2803202102E-006
#    -13   -11       1.6906981602E-005
#    -13   -10       5.7890594299E-006
#    -13    -9       3.9635377712E-005
#    -13    -8       3.2876029521E-006
#    -13    -7       2.1705236600E-005
#    -13    -6       3.9356259871E-005
#    -13    -5       1.7026458012E-005
#    -13    -4       6.1674857563E-005
#    -13    -3       2.5724392135E-005
#    -13    -2       1.3307319144E-004
#    -13    -1       2.2109283127E-004
#    -13     0       1.6253108571E-004
#    -13     1       6.6770815684E-004
#    -13     2       6.2351800970E-005
#    -13     3       7.0431412931E-004
#    -13     4       6.3101061292E-005
#    -13     5       1.8655355650E-004
#    -13     6       1.7757680936E-004
#    -13     7       8.5927544399E-005
#    -13     8       5.7628881962E-005
#    -13     9       3.0636742444E-004
#    -13    10       5.8311886604E-005
#    -13    11       2.4232522545E-004
#    -13    12       2.6469246185E-004
#    -13    13       8.0956326326E-005
#    -13    14       3.1225971811E-004
#    -13    15       1.6068774486E-004
#    -13    16       1.1553356373E-004
#    -13    17       2.2986373383E-004
#    -13    18       6.4877299246E-006
#    -13    19       1.1692767692E-004
#    -13    20       2.2721199008E-006
#    -13    21       5.2303963163E-005
#    -13    22       1.8096270707E-006
#    -13    23       9.8772917029E-006
#    -13    24       1.6661742916E-005
#    -13    25       9.3685502393E-007
#    -13    26       6.4108234947E-007
#    -13    27       1.4324667471E-006
#    -13    28       3.5809966667E-006
#    -12   -15       3.8983566611E-005
#    -12   -14       2.3638956453E-005
#    -12   -13       6.2294543739E-005
#    -12   -12       8.2882624451E-006
#    -12   -11       8.4412305576E-005
#    -12   -10       5.6508888661E-006
#    -12    -9       3.1295257497E-005
#    -12    -8       9.2383787760E-006
#    -12    -7       1.2593523296E-005
#    -12    -6       2.5798473491E-005
#    -12    -5       4.0930118246E-005
#    -12    -4       4.0856309456E-006
#    -12    -3       1.6246959115E-004
#    -12    -2       2.0706105679E-006
#    -12    -1       2.2215516645E-004
#    -12     0       6.1314363902E-006
#    -12     1       1.7793467187E-004
#    -12     2       4.7665343906E-005
#    -12     3       1.8178636910E-004
#    -12     4       1.8165584607E-004
#    -12     5       1.7539928114E-004
#    -12     6       4.3466749406E-004
#    -12     7       6.3365852212E-005
#    -12     8       4.3360822438E-004
#    -12     9       2.4827284939E-004
#    -12    10       1.3489141795E-004
#    -12    11       3.1561336609E-004
#    -12    12       1.1581055839E-004
#    -12    13       1.8479162956E-004
#    -12    14       1.3775319717E-004
#    -12    15       1.1936845746E-004
#    -12    16       5.5346756228E-005
#    -12    17       1.4972073059E-004
#    -12    18       1.2622847792E-005
#    -12    19       1.1702397389E-004
#    -12    20       4.1943807083E-007
#    -12    21       1.3882479417E-005
#    -12    22       3.0326562532E-005
#    -12    23       1.1168869195E-006
#    -12    24       2.5372232624E-005
#    -12    25       9.3410925932E-008
#    -12    26       3.5760472931E-005
#    -12    27       1.0834240989E-006
#    -11   -16       6.9531953389E-006
#    -11   -15       8.8577909639E-006
#    -11   -14       4.0641367704E-005
#    -11   -13       3.1910323630E-005
#    -11   -12       6.2954158272E-005
#    -11   -11       4.1410418046E-005
#    -11   -10       1.0540296417E-004
#    -11    -9       2.2050153429E-005
#    -11    -8       2.0831126880E-004
#    -11    -7       7.1253856504E-005
#    -11    -6       1.8584947726E-004
#    -11    -5       5.6005134879E-005
#    -11    -4       9.8939428401E-005
#    -11    -3       4.2184873561E-005
#    -11    -2       7.5227593654E-005
#    -11    -1       1.0077845771E-004
#    -11     0       5.7879486692E-005
#    -11     1       6.1669518199E-005
#    -11     2       1.0261552610E-004
#    -11     3       4.1620098142E-006
#    -11     4       8.4690959752E-005
#    -11     5       5.5551700677E-005
#    -11     6       1.1174754260E-004
#    -11     7       1.6289737202E-004
#    -11     8       1.1782452212E-004
#    -11     9       2.1690394557E-004
#    -11    10       3.7811064235E-005
#    -11    11       9.2318072816E-005
#    -11    12       3.1746675523E-005
#    -11    13       1.1590469457E-004
#    -11    14       6.3178719377E-005
#    -11    15       1.0625901552E-004
#    -11    16       6.6011964765E-005
#    -11    17       4.3518039721E-005
#    -11    18       6.4443731187E-005
#    -11    19       3.3812931060E-006
#    -11    20       4.4015573650E-005
#    -11    21       2.8869694370E-006
#    -11    22       2.2611483435E-005
#    -11    23       2.4656103797E-006
#    -11    24       3.3344008505E-005
#    -11    25       2.0590749803E-007
#    -11    26       2.8972193126E-005
#    -11    27       1.2777519724E-005
#    -10   -17       4.2633979974E-005
#    -10   -16       2.0150520343E-005
#    -10   -15       3.1984804190E-004
#    -10   -14       1.3245516649E-005
#    -10   -13       3.9406857378E-006
#    -10   -12       5.7691155434E-005
#    -10   -11       7.5573603534E-006
#    -10   -10       7.3361922358E-003
#    -10    -9       1.7582975585E-005
#    -10    -8       6.8847764372E-006
#    -10    -7       1.0973159703E-004
#    -10    -6       6.7016877928E-005
#    -10    -5       1.2275552030E-002
#    -10    -4       1.7420034974E-004
#    -10    -3       2.4263059292E-004
#    -10    -2       2.8911428205E-004
#    -10    -1       2.0831907730E-004
#    -10     0       1.2693630457E-002
#    -10     1       2.1449456181E-004
#    -10     2       3.4210255688E-004
#    -10     3       1.7398680492E-004
#    -10     4       3.2495419033E-004
#    -10     5       4.1108904634E-003
#    -10     6       6.4871163579E-005
#    -10     7       9.6245329836E-005
#    -10     8       1.3558584558E-004
#    -10     9       1.1514753544E-004
#    -10    10       3.9988800161E-002
#    -10    11       1.4617225974E-004
#    -10    12       3.8457443098E-004
#    -10    13       2.2951752478E-004
#    -10    14       1.5305904905E-004
#    -10    15       1.3585902614E-002
#    -10    16       1.3490402475E-004
#    -10    17       9.2483708256E-005
#    -10    18       8.3758272952E-005
#    -10    19       7.6997532258E-005
#    -10    20       6.7879866867E-003
#    -10    21       1.3785805435E-005
#    -10    22       2.4990442502E-005
#    -10    23       3.6947732034E-005
#    -10    24       1.4586259807E-005
#    -10    25       6.7622386259E-004
#    -10    26       1.0469066259E-005
#    -10    27       1.2179537969E-005
#     -9   -18       2.9882889263E-006
#     -9   -17       1.4231695024E-005
#     -9   -16       5.0950440782E-005
#     -9   -15       3.8030102170E-005
#     -9   -14       1.1952130916E-004
#     -9   -13       1.4989023165E-005
#     -9   -12       8.2922813096E-005
#     -9   -11       6.0794918516E-005
#     -9   -10       1.0824481854E-004
#     -9    -9       3.3712438098E-005
#     -9    -8       3.3320641910E-005
#     -9    -7       1.5965726032E-004
#     -9    -6       9.9516737918E-005
#     -9    -5       1.6787412018E-004
#     -9    -4       1.4903723714E-004
#     -9    -3       1.0576264397E-004
#     -9    -2       3.6423181858E-006
#     -9    -1       6.7852147458E-005
#     -9     0       5.0628383608E-005
#     -9     1       2.8242497888E-005
#     -9     2       5.2846863416E-005
#     -9     3       1.2038586503E-005
#     -9     4       1.8184115927E-004
#     -9     5       5.4503877402E-005
#     -9     6       1.8443583650E-004
#     -9     7       1.7655316529E-004
#     -9     8       2.7713648343E-005
#     -9     9       6.5304998916E-005
#     -9    10       4.8279871793E-006
#     -9    11       2.8104576367E-005
#     -9    12       7.9646650233E-005
#     -9    13       7.4148680090E-005
#     -9    14       1.2670538055E-004
#     -9    15       9.3143484207E-005
#     -9    16       7.8496178711E-005
#     -9    17       6.0180548963E-005
#     -9    18       2.5237773462E-005
#     -9    19       7.4102132961E-005
#     -9    20       6.3685677216E-006
#     -9    21       9.3400340431E-005
#     -9    22       2.4930485810E-006
#     -9    23       2.7723430886E-005
#     -9    24       2.6955525353E-006
#     -9    25       3.4201094348E-005
#     -9    26       1.6027951356E-006
#     -9    27       3.3159622780E-005
#     -8   -19       1.3267438173E-006
#     -8   -18       1.6748434624E-005
#     -8   -17       5.5125855650E-006
#     -8   -16       7.7282922145E-006
#     -8   -15       1.2501254562E-004
#     -8   -14       6.5951139280E-005
#     -8   -13       1.1646897259E-004
#     -8   -12       7.2811952786E-005
#     -8   -11       1.6080249105E-004
#     -8   -10       9.3309214775E-005
#     -8    -9       3.7812403643E-004
#     -8    -8       1.0276225234E-004
#     -8    -7       2.4628315570E-004
#     -8    -6       5.4772974198E-005
#     -8    -5       5.3793561710E-005
#     -8    -4       1.3608882584E-004
#     -8    -3       1.8278748711E-005
#     -8    -2       2.7084353497E-004
#     -8    -1       3.3387738918E-005
#     -8     0       1.7527941579E-004
#     -8     1       1.0272494587E-004
#     -8     2       2.3079687522E-004
#     -8     3       3.4488092029E-006
#     -8     4       3.2110739348E-004
#     -8     5       2.9193104369E-004
#     -8     6       9.3624466927E-005
#     -8     7       3.5832089924E-004
#     -8     8       8.8509927760E-005
#     -8     9       1.6877601288E-004
#     -8    10       7.0389988535E-006
#     -8    11       1.7461139804E-004
#     -8    12       7.6611111611E-005
#     -8    13       4.9338216624E-005
#     -8    14       3.8592871198E-005
#     -8    15       1.0767352034E-006
#     -8    16       7.0843690563E-006
#     -8    17       2.0191313697E-005
#     -8    18       1.3606466754E-005
#     -8    19       8.7772431857E-005
#     -8    20       1.2941381235E-005
#     -8    21       9.8518119447E-005
#     -8    22       4.3266930298E-006
#     -8    23       1.6351594335E-004
#     -8    24       1.1619149156E-005
#     -8    25       5.0883236329E-005
#     -8    26       5.5915275396E-006
#     -8    27       2.1129250548E-005
#     -7   -20       4.3440191339E-006
#     -7   -19       4.9039633869E-005
#     -7   -18       2.1837887962E-005
#     -7   -17       1.5510957423E-005
#     -7   -16       3.3002849077E-006
#     -7   -15       7.7172370722E-006
#     -7   -14       1.4839917719E-005
#     -7   -13       8.4693675195E-005
#     -7   -12       1.5073895202E-005
#     -7   -11       9.7181446201E-005
#     -7   -10       1.9152883576E-005
#     -7    -9       2.4521469785E-004
#     -7    -8       1.1992937424E-004
#     -7    -7       3.2208199605E-004
#     -7    -6       3.0004016026E-004
#     -7    -5       9.5149580535E-005
#     -7    -4       1.7890610020E-004
#     -7    -3       9.9736362700E-005
#     -7    -2       4.2501979554E-005
#     -7    -1       1.1633745710E-005
#     -7     0       3.1862171088E-004
#     -7     1       7.8015799474E-006
#     -7     2       6.6243222862E-004
#     -7     3       7.0068322334E-005
#     -7     4       2.3933697210E-004
#     -7     5       1.7245831122E-004
#     -7     6       6.5191659072E-005
#     -7     7       1.3322041872E-004
#     -7     8       2.2013194403E-004
#     -7     9       2.2299438616E-004
#     -7    10       1.0798325626E-004
#     -7    11       1.8663120734E-004
#     -7    12       1.0228935293E-004
#     -7    13       1.4727069876E-004
#     -7    14       1.8533146612E-004
#     -7    15       6.2881456895E-005
#     -7    16       1.2254585357E-004
#     -7    17       3.0001414244E-006
#     -7    18       3.8438166678E-005
#     -7    19       2.2680301882E-005
#     -7    20       2.5037912077E-006
#     -7    21       4.7552742001E-005
#     -7    22       1.1056354051E-005
#     -7    23       2.9602202614E-005
#     -7    24       1.6497089722E-005
#     -7    25       1.7580506584E-005
#     -7    26       1.2685270346E-005
#     -7    27       3.5676835766E-005
#     -6   -20       2.0595473650E-005
#     -6   -19       1.8940189392E-005
#     -6   -18       9.5106562633E-005
#     -6   -17       1.1328551921E-004
#     -6   -16       7.5298443010E-005
#     -6   -15       8.8403135660E-005
#     -6   -14       1.6355688870E-005
#     -6   -13       2.1741091740E-005
#     -6   -12       2.5332720806E-005
#     -6   -11       1.4570821919E-005
#     -6   -10       1.5334192104E-005
#     -6    -9       1.0183576667E-004
#     -6    -8       3.5853732299E-004
#     -6    -7       3.1276044007E-004
#     -6    -6       4.4770765951E-004
#     -6    -5       2.4019840710E-004
#     -6    -4       6.7370628186E-005
#     -6    -3       4.8026925438E-006
#     -6    -2       1.4406299091E-004
#     -6    -1       2.4057452084E-004
#     -6     0       8.6893575965E-006
#     -6     1       5.2804655637E-005
#     -6     2       3.9409415864E-005
#     -6     3       1.1644659187E-004
#     -6     4       1.0121732229E-004
#     -6     5       1.6667542281E-004
#     -6     6       3.1324299940E-004
#     -6     7       6.5528111204E-006
#     -6     8       1.5108405045E-004
#     -6     9       9.0685721207E-005
#     -6    10       8.2526357581E-007
#     -6    11       6.2649967209E-005
#     -6    12       2.6566391414E-005
#     -6    13       2.2136175199E-005
#     -6    14       8.1181850442E-006
#     -6    15       1.5387299598E-005
#     -6    16       6.0489510851E-005
#     -6    17       4.9212984328E-005
#     -6    18       1.2644882081E-004
#     -6    19       2.5632131215E-005
#     -6    20       8.5204325919E-005
#     -6    21       1.4864767557E-005
#     -6    22       4.4983509286E-005
#     -6    23       5.9471105944E-005
#     -6    24       5.6476836178E-005
#     -6    25       1.1838992876E-005
#     -6    26       2.9262947767E-005
#     -5   -21       6.3602365317E-006
#     -5   -20       3.8024035416E-004
#     -5   -19       9.1818310791E-006
#     -5   -18       4.8591251191E-005
#     -5   -17       1.0376278780E-004
#     -5   -16       2.0578286421E-004
#     -5   -15       8.3706448632E-003
#     -5   -14       1.9840881899E-004
#     -5   -13       7.2194465272E-005
#     -5   -12       1.7549560066E-004
#     -5   -11       1.9592178635E-004
#     -5   -10       1.2895566834E-002
#     -5    -9       1.9840951376E-004
#     -5    -8       3.7278905308E-006
#     -5    -7       6.0128873687E-006
#     -5    -6       1.5407672232E-004
#     -5    -5       3.9972990853E-003
#     -5    -4       1.2600152310E-004
#     -5    -3       2.0752847076E-004
#     -5    -2       7.8574056712E-005
#     -5    -1       2.6340798879E-005
#     -5     0       2.7520787650E-002
#     -5     1       2.7730469838E-004
#     -5     2       5.7354063647E-004
#     -5     3       7.2421360431E-004
#     -5     4       1.1993668424E-004
#     -5     5       8.3582053309E-004
#     -5     6       6.5513749649E-005
#     -5     7       6.0714939662E-005
#     -5     8       1.9900093537E-004
#     -5     9       3.0681424958E-005
#     -5    10       2.6670855466E-003
#     -5    11       1.7703966732E-005
#     -5    12       4.0809500900E-005
#     -5    13       3.4115392789E-005
#     -5    14       7.0636970910E-005
#     -5    15       1.5017184888E-002
#     -5    16       1.3043064596E-004
#     -5    17       6.1259158650E-005
#     -5    18       2.3357120546E-004
#     -5    19       9.4238565231E-005
#     -5    20       9.5080189935E-003
#     -5    21       7.0519376401E-005
#     -5    22       9.7470974684E-005
#     -5    23       3.6537274633E-005
#     -5    24       5.5524801231E-005
#     -5    25       7.2211722068E-004
#     -5    26       5.5429479427E-006
#     -4   -22       1.9694364380E-005
#     -4   -21       1.4507494272E-005
#     -4   -20       3.4880744532E-005
#     -4   -19       6.6285478746E-006
#     -4   -18       1.1743916720E-005
#     -4   -17       8.1120703642E-006
#     -4   -16       3.3692853998E-005
#     -4   -15       5.8702836633E-005
#     -4   -14       4.2548258752E-005
#     -4   -13       3.6400767472E-005
#     -4   -12       2.9620103014E-005
#     -4   -11       9.3770403733E-005
#     -4   -10       1.8479110717E-004
#     -4    -9       1.1298523150E-004
#     -4    -8       2.9619900881E-004
#     -4    -7       1.4633280134E-004
#     -4    -6       1.8896381946E-005
#     -4    -5       1.2920980838E-004
#     -4    -4       1.0388874470E-004
#     -4    -3       4.0184833268E-005
#     -4    -2       2.2958535184E-005
#     -4    -1       2.0137785732E-004
#     -4     0       1.8745162175E-004
#     -4     1       1.6999124602E-004
#     -4     2       7.0841674584E-006
#     -4     3       2.1873227336E-005
#     -4     4       2.3412085448E-004
#     -4     5       4.9297046380E-005
#     -4     6       3.7880182996E-004
#     -4     7       8.1758569903E-005
#     -4     8       1.2059473848E-004
#     -4     9       8.3281649041E-007
#     -4    10       6.0600296730E-005
#     -4    11       5.2573516031E-005
#     -4    12       6.9855190344E-005
#     -4    13       1.1430838827E-005
#     -4    14       2.1877768042E-005
#     -4    15       1.0548230037E-005
#     -4    16       1.2704315370E-004
#     -4    17       1.7295929767E-005
#     -4    18       1.3990043583E-004
#     -4    19       1.0917015678E-005
#     -4    20       1.3646599863E-004
#     -4    21       1.1458472915E-005
#     -4    22       8.5443419048E-005
#     -4    23       3.3853111910E-005
#     -4    24       5.5623096128E-005
#     -4    25       3.3584311218E-005
#     -4    26       2.0914160176E-005
#     -3   -22       5.5983409420E-006
#     -3   -21       3.2254196908E-005
#     -3   -20       8.4606337679E-005
#     -3   -19       1.2935329805E-004
#     -3   -18       1.5663986244E-005
#     -3   -17       6.7634614067E-005
#     -3   -16       3.9862474617E-006
#     -3   -15       7.3191796976E-005
#     -3   -14       8.4801392074E-005
#     -3   -13       3.1709095074E-005
#     -3   -12       4.5777181071E-005
#     -3   -11       5.3167953848E-005
#     -3   -10       1.7380981880E-004
#     -3    -9       2.7308892961E-004
#     -3    -8       4.8088258654E-004
#     -3    -7       1.7434030133E-004
#     -3    -6       8.5023796887E-005
#     -3    -5       8.7336475968E-005
#     -3    -4       3.6734550456E-005
#     -3    -3       2.9169044508E-004
#     -3    -2       2.4750931140E-004
#     -3    -1       9.9096128458E-005
#     -3     0       6.4894415901E-005
#     -3     1       7.7490364257E-004
#     -3     2       2.5172002487E-004
#     -3     3       6.4798783716E-004
#     -3     4       3.6620913484E-004
#     -3     5       1.4835620424E-004
#     -3     6       8.6885653402E-005
#     -3     7       3.6569712502E-005
#     -3     8       7.0666999502E-005
#     -3     9       4.2958150342E-005
#     -3    10       7.1670964398E-006
#     -3    11       1.0525671347E-004
#     -3    12       4.9843878751E-005
#     -3    13       2.6467057618E-004
#     -3    14       7.2600452706E-005
#     -3    15       2.1702010667E-004
#     -3    16       9.0381705687E-005
#     -3    17       2.9699245150E-005
#     -3    18       1.0164295280E-004
#     -3    19       5.6507764505E-006
#     -3    20       1.8075452424E-004
#     -3    21       2.2639887471E-005
#     -3    22       1.0475255813E-004
#     -3    23       2.8774539569E-005
#     -3    24       3.7378287583E-006
#     -3    25       2.4458528309E-005
#     -2   -23       1.7183637054E-005
#     -2   -22       4.7190325663E-006
#     -2   -21       2.0174364964E-005
#     -2   -20       4.7517729267E-005
#     -2   -19       1.1294913032E-004
#     -2   -18       2.1482739076E-004
#     -2   -17       1.8509866325E-004
#     -2   -16       1.4449979554E-004
#     -2   -15       5.5862356787E-005
#     -2   -14       3.9576208553E-005
#     -2   -13       1.3551331136E-004
#     -2   -12       1.5606315260E-004
#     -2   -11       2.4106969701E-004
#     -2   -10       4.9370587565E-005
#     -2    -9       1.6830055790E-004
#     -2    -8       1.5748780453E-006
#     -2    -7       4.4646147779E-004
#     -2    -6       1.5178093116E-004
#     -2    -5       6.8343312473E-005
#     -2    -4       1.7421806464E-005
#     -2    -3       7.7443615301E-005
#     -2    -2       2.1525829616E-004
#     -2    -1       5.2278417832E-004
#     -2     0       1.7000846305E-004
#     -2     1       4.7417978548E-004
#     -2     2       4.0532210328E-005
#     -2     3       1.4825057190E-004
#     -2     4       8.4601503407E-006
#     -2     5       2.3040915385E-004
#     -2     6       6.4181132762E-005
#     -2     7       3.4201610044E-004
#     -2     8       5.0786657555E-005
#     -2     9       3.0370643542E-004
#     -2    10       6.5916202145E-005
#     -2    11       1.0611390279E-004
#     -2    12       6.6271522418E-005
#     -2    13       3.4041956774E-005
#     -2    14       1.3010844204E-004
#     -2    15       1.2819456762E-004
#     -2    16       1.6875315145E-004
#     -2    17       2.0535648562E-004
#     -2    18       7.3110266847E-005
#     -2    19       5.0554944417E-005
#     -2    20       6.4889817685E-005
#     -2    21       8.2816704588E-006
#     -2    22       5.9556581170E-005
#     -2    23       2.5694202598E-005
#     -2    24       3.9191316225E-005
#     -2    25       1.7762656596E-005
#     -1   -23       2.4078798475E-005
#     -1   -22       1.1569370723E-005
#     -1   -21       7.1297687847E-006
#     -1   -20       9.8186976551E-006
#     -1   -19       2.6775147207E-005
#     -1   -18       1.3217963212E-004
#     -1   -17       3.4000738468E-005
#     -1   -16       9.2022395839E-005
#     -1   -15       4.3860758789E-005
#     -1   -14       3.7939939827E-005
#     -1   -13       4.1303466755E-005
#     -1   -12       1.7820822380E-005
#     -1   -11       1.2153968570E-004
#     -1   -10       1.0651222464E-004
#     -1    -9       4.2231363068E-005
#     -1    -8       1.1324970669E-005
#     -1    -7       2.0114489073E-005
#     -1    -6       6.8588856653E-005
#     -1    -5       7.4883551152E-005
#     -1    -4       1.1473451853E-004
#     -1    -3       2.1940097245E-005
#     -1    -2       3.6157941833E-004
#     -1    -1       1.5419062193E-004
#     -1     0       2.4492132053E-005
#     -1     1       1.2523571797E-005
#     -1     2       7.1436156351E-005
#     -1     3       1.9035934186E-004
#     -1     4       9.4926375639E-005
#     -1     5       2.1811383857E-004
#     -1     6       1.3048157754E-005
#     -1     7       6.9678310660E-005
#     -1     8       1.5945490661E-005
#     -1     9       5.2170229703E-005
#     -1    10       5.5115093855E-006
#     -1    11       6.6552584220E-005
#     -1    12       3.4196577061E-005
#     -1    13       1.4579510685E-004
#     -1    14       8.7851396261E-005
#     -1    15       8.7902361614E-005
#     -1    16       4.5134704811E-005
#     -1    17       9.0590300386E-005
#     -1    18       2.1379544116E-004
#     -1    19       1.6112671678E-004
#     -1    20       1.7999837311E-004
#     -1    21       6.3498025248E-005
#     -1    22       8.1977238201E-005
#     -1    23       3.3722548568E-005
#     -1    24       6.1306681888E-005
#      0   -24       2.6753677427E-005
#      0   -23       2.2852413944E-005
#      0   -22       1.2402173344E-004
#      0   -21       6.4093907461E-005
#      0   -20       2.1565625131E-003
#      0   -19       1.0521986468E-005
#      0   -18       1.1299112238E-006
#      0   -17       1.6993978283E-004
#      0   -16       1.3318646949E-004
#      0   -15       2.5598801145E-002
#      0   -14       7.1061466317E-005
#      0   -13       5.4447709517E-005
#      0   -12       1.1123189639E-004
#      0   -11       1.5486285401E-005
#      0   -10       4.0582878110E-002
#      0    -9       1.4855693367E-004
#      0    -8       3.8699104530E-004
#      0    -7       8.0475272612E-005
#      0    -6       2.8443584830E-004
#      0    -5       1.5439784017E-003
#      0    -4       2.3670524053E-004
#      0    -3       8.1691077488E-005
#      0    -2       2.2483996551E-005
#      0    -1       3.9616937464E-004
#      0     0       2.6928687700E-002
#      0     1       3.2994920090E-004
#      0     2       5.8116504177E-004
#      0     3       2.0592651777E-004
#      0     4       1.1688963856E-004
#      0     5       2.9666962836E-002
#      0     6       5.4657713332E-005
#      0     7       2.1606444827E-004
#      0     8       1.7627117142E-004
#      0     9       6.8524809698E-005
#      0    10       1.5076719731E-002
#      0    11       1.9485596313E-004
#      0    12       1.6246032585E-004
#      0    13       4.5515013710E-004
#      0    14       5.1131348792E-005
#      0    15       3.7338732206E-002
#      0    16       2.4009892531E-005
#      0    17       1.8859769680E-004
#      0    18       6.8114631136E-005
#      0    19       4.2029214594E-005
#      0    20       6.7797578147E-003
#      0    21       4.6982944951E-005
#      0    22       1.2741019483E-004
#      0    23       1.6253171778E-005
#      0    24       1.7867427267E-005
#      1   -24       2.5471423703E-006
#      1   -23       1.0364377728E-005
#      1   -22       7.5151115919E-006
#      1   -21       1.3843310627E-004
#      1   -20       1.2052315225E-004
#      1   -19       1.7432543869E-004
#      1   -18       1.7617710859E-004
#      1   -17       2.5374988786E-005
#      1   -16       3.7941135717E-006
#      1   -15       1.2681200402E-004
#      1   -14       9.9943946166E-005
#      1   -13       3.4767387799E-004
#      1   -12       1.0637899731E-004
#      1   -11       4.3588467812E-005
#      1   -10       4.6643099207E-005
#      1    -9       1.1265012106E-004
#      1    -8       2.8191701710E-004
#      1    -7       1.3362022461E-005
#      1    -6       1.1647956159E-004
#      1    -5       1.7947585926E-005
#      1    -4       1.3073393640E-004
#      1    -3       2.0589762761E-004
#      1    -2       9.0626520772E-005
#      1    -1       9.6639968599E-005
#      1     0       1.6930537270E-005
#      1     1       9.4439030081E-005
#      1     2       4.1919977115E-005
#      1     3       1.5119227168E-004
#      1     4       1.0796949543E-004
#      1     5       3.5378081163E-005
#      1     6       1.1003540615E-004
#      1     7       1.2885759467E-005
#      1     8       1.3643738360E-004
#      1     9       3.2521163612E-005
#      1    10       1.8559793336E-004
#      1    11       1.4896590464E-004
#      1    12       3.0212186101E-004
#      1    13       1.9614901016E-004
#      1    14       1.4782185945E-004
#      1    15       1.9701705899E-004
#      1    16       1.9886076138E-005
#      1    17       1.5863601456E-004
#      1    18       1.0139534691E-004
#      1    19       1.4802335533E-004
#      1    20       5.5474115091E-005
#      1    21       4.0860406422E-005
#      1    22       4.7813267928E-005
#      1    23       5.4186592837E-005
#      2   -25       1.2237430217E-005
#      2   -24       5.6670200627E-007
#      2   -23       1.7302148603E-006
#      2   -22       5.9630764437E-006
#      2   -21       2.6256979736E-006
#      2   -20       8.6519483121E-005
#      2   -19       1.4708648032E-004
#      2   -18       4.0542277166E-005
#      2   -17       1.3606949683E-004
#      2   -16       3.8563045286E-005
#      2   -15       6.6007775396E-005
#      2   -14       3.4955320042E-005
#      2   -13       1.1964029710E-004
#      2   -12       2.5721035763E-004
#      2   -11       5.2621274269E-006
#      2   -10       1.3730478433E-004
#      2    -9       4.4185915310E-005
#      2    -8       2.8653510950E-005
#      2    -7       2.3618894856E-006
#      2    -6       1.6201584745E-004
#      2    -5       1.1006065445E-004
#      2    -4       1.6273774341E-004
#      2    -3       4.4148849177E-004
#      2    -2       1.7594814139E-005
#      2    -1       1.1661355138E-004
#      2     0       3.7112522035E-005
#      2     1       8.0695027242E-005
#      2     2       4.0041113670E-005
#      2     3       6.3910080607E-006
#      2     4       4.5124904386E-005
#      2     5       4.5435286695E-005
#      2     6       4.1153730214E-005
#      2     7       3.1073931726E-005
#      2     8       1.0443695037E-004
#      2     9       4.0706374814E-006
#      2    10       3.4413259931E-005
#      2    11       2.6555768396E-005
#      2    12       1.4778601435E-005
#      2    13       1.1357886990E-004
#      2    14       2.0842223921E-005
#      2    15       1.0700073022E-004
#      2    16       9.8724659308E-006
#      2    17       7.8271447050E-005
#      2    18       2.8689469929E-005
#      2    19       7.6344738769E-005
#      2    20       9.3436370721E-005
#      2    21       3.1580841950E-005
#      2    22       3.5915133981E-005
#      2    23       4.0737510765E-005
#      3   -25       1.7996017788E-005
#      3   -24       3.6003629629E-005
#      3   -23       4.6347484178E-005
#      3   -22       9.5190416890E-006
#      3   -21       2.7144357733E-005
#      3   -20       3.8705983614E-005
#      3   -19       4.1256222054E-005
#      3   -18       2.2506514460E-004
#      3   -17       1.0575138803E-004
#      3   -16       1.9462267632E-004
#      3   -15       1.0349015774E-004
#      3   -14       1.1692391368E-005
#      3   -13       4.5004049555E-006
#      3   -12       3.1745666168E-004
#      3   -11       2.6655838873E-004
#      3   -10       1.7311011417E-004
#      3    -9       4.1658896834E-004
#      3    -8       6.6074295909E-005
#      3    -7       2.9274370143E-004
#      3    -6       4.5522230676E-005
#      3    -5       7.3269586953E-005
#      3    -4       7.4508956166E-005
#      3    -3       5.7216142363E-005
#      3    -2       6.1993605653E-004
#      3    -1       8.2092683425E-005
#      3     0       4.2101890730E-004
#      3     1       9.9825183323E-005
#      3     2       1.7064254433E-004
#      3     3       9.1166643894E-005
#      3     4       1.5469263503E-004
#      3     5       3.6385654507E-005
#      3     6       9.1675455405E-005
#      3     7       5.2927553375E-005
#      3     8       6.7347485521E-005
#      3     9       7.1642795974E-005
#      3    10       1.0974139623E-004
#      3    11       9.2536030066E-005
#      3    12       1.2476177181E-004
#      3    13       1.1034890852E-004
#      3    14       9.9142930920E-005
#      3    15       6.2324171091E-005
#      3    16       9.8012368930E-005
#      3    17       7.9829570567E-005
#      3    18       5.6450242838E-005
#      3    19       5.2225970647E-005
#      3    20       3.4517742746E-005
#      3    21       3.8386751960E-005
#      3    22       4.5523026637E-005
#      4   -26       1.7532744130E-006
#      4   -25       1.3084018835E-006
#      4   -24       1.0069538184E-005
#      4   -23       1.2493405817E-005
#      4   -22       1.2007263803E-004
#      4   -21       1.9691318117E-005
#      4   -20       1.6421089361E-004
#      4   -19       4.4854804697E-005
#      4   -18       6.2785017463E-006
#      4   -17       3.2363234781E-005
#      4   -16       6.0148343204E-005
#      4   -15       2.5224277329E-004
#      4   -14       2.1209554342E-004
#      4   -13       8.8239125182E-005
#      4   -12       1.2810312045E-004
#      4   -11       2.4659622902E-005
#      4   -10       1.2910180318E-005
#      4    -9       4.8269317320E-005
#      4    -8       4.5724961124E-005
#      4    -7       1.1008712640E-004
#      4    -6       9.2168173998E-005
#      4    -5       3.4360888663E-004
#      4    -4       1.0292399481E-005
#      4    -3       1.2515674691E-004
#      4    -2       7.2555900974E-005
#      4    -1       1.3683508049E-004
#      4     0       5.1925882847E-006
#      4     1       1.2031161974E-004
#      4     2       3.7352126142E-005
#      4     3       1.4406471139E-005
#      4     4       1.4963716781E-006
#      4     5       4.0052646213E-005
#      4     6       1.4924049368E-006
#      4     7       7.0032877488E-005
#      4     8       7.1079673280E-005
#      4     9       1.8040507388E-004
#      4    10       2.2344916192E-004
#      4    11       1.1309282164E-004
#      4    12       2.8398235792E-004
#      4    13       5.5996557137E-005
#      4    14       1.1117758906E-004
#      4    15       1.2419915301E-004
#      4    16       1.5162328044E-005
#      4    17       1.7151779547E-004
#      4    18       5.0661353181E-005
#      4    19       6.3163201896E-005
#      4    20       5.1998380590E-005
#      4    21       2.3850177509E-005
#      4    22       2.6547195380E-005
#      5   -26       3.5675570349E-006
#      5   -25       3.7856622158E-004
#      5   -24       6.5369812173E-007
#      5   -23       2.4492591369E-005
#      5   -22       1.5681906495E-005
#      5   -21       4.4206011990E-005
#      5   -20       6.8064770750E-003
#      5   -19       3.6660461823E-005
#      5   -18       1.4668476683E-004
#      5   -17       6.1972895404E-005
#      5   -16       1.8129251452E-005
#      5   -15       1.3636570880E-002
#      5   -14       1.2211110302E-004
#      5   -13       3.6806823521E-006
#      5   -12       1.5565594248E-004
#      5   -11       9.8483930891E-005
#      5   -10       3.5067977211E-003
#      5    -9       1.6014958571E-004
#      5    -8       2.8498593398E-005
#      5    -7       2.5459879931E-004
#      5    -6       1.7944890560E-005
#      5    -5       2.7871929327E-002
#      5    -4       6.4309110258E-005
#      5    -3       2.7335296771E-004
#      5    -2       1.2109145134E-004
#      5    -1       1.2349265273E-004
#      5     0       1.4356456596E-003
#      5     1       6.3549032486E-005
#      5     2       1.2550375990E-004
#      5     3       5.0170324102E-005
#      5     4       2.5978708461E-005
#      5     5       4.6593484331E-003
#      5     6       3.3805510839E-007
#      5     7       1.8956844123E-005
#      5     8       2.6848766343E-005
#      5     9       3.5175703798E-005
#      5    10       1.4601343308E-002
#      5    11       1.1505647398E-004
#      5    12       8.4784776210E-005
#      5    13       2.5592836806E-004
#      5    14       4.5207933449E-005
#      5    15       1.0623905201E-002
#      5    16       7.9811522618E-006
#      5    17       9.3778049338E-005
#      5    18       3.7526724739E-006
#      5    19       7.1037708449E-005
#      5    20       8.7412223864E-004
#      5    21       1.0177207561E-005
#      6   -26       7.1732095868E-006
#      6   -25       2.7156156649E-005
#      6   -24       1.2986518933E-005
#      6   -23       1.8037032583E-005
#      6   -22       4.9464184531E-006
#      6   -21       9.7972596722E-005
#      6   -20       3.6992051975E-005
#      6   -19       1.6360014359E-004
#      6   -18       1.1199612377E-004
#      6   -17       1.1102314186E-004
#      6   -16       3.2230861210E-008
#      6   -15       2.5364930790E-005
#      6   -14       1.3235577617E-004
#      6   -13       8.6554787524E-005
#      6   -12       7.3300592940E-005
#      6   -11       1.6278386693E-004
#      6   -10       8.7483870660E-005
#      6    -9       8.6599318589E-005
#      6    -8       1.5617423949E-004
#      6    -7       2.0102448482E-005
#      6    -6       1.1094870512E-005
#      6    -5       6.1236530033E-005
#      6    -4       2.5052306525E-004
#      6    -3       4.7280407440E-005
#      6    -2       1.5661983969E-004
#      6    -1       6.5141616507E-005
#      6     0       5.3933618256E-005
#      6     1       1.4791768013E-005
#      6     2       4.8725811689E-005
#      6     3       2.5976671411E-005
#      6     4       3.3003996188E-006
#      6     5       4.4095925388E-005
#      6     6       5.3386324506E-005
#      6     7       1.6328136018E-006
#      6     8       6.0789864475E-005
#      6     9       2.4048985890E-005
#      6    10       3.5076907953E-005
#      6    11       1.7816744815E-004
#      6    12       1.6194298504E-005
#      6    13       1.5371421298E-004
#      6    14       4.1272631136E-006
#      6    15       1.0020311998E-004
#      6    16       4.6354300183E-005
#      6    17       9.8335902629E-005
#      6    18       4.5573731496E-005
#      6    19       4.0911130401E-005
#      6    20       2.2041582810E-005
#      7   -27       7.3495636160E-006
#      7   -26       4.3379136352E-008
#      7   -25       1.2362474112E-005
#      7   -24       1.2457779358E-005
#      7   -23       5.3534366346E-005
#      7   -22       1.3644914538E-005
#      7   -21       7.0361912805E-005
#      7   -20       2.8546584835E-005
#      7   -19       2.2880572176E-005
#      7   -18       4.3505571045E-005
#      7   -17       2.0583863073E-004
#      7   -16       8.6522983818E-005
#      7   -15       1.2055704886E-004
#      7   -14       2.2226210325E-004
#      7   -13       1.5446251586E-005
#      7   -12       8.0704429149E-005
#      7   -11       1.9962424956E-005
#      7   -10       6.3356200804E-006
#      7    -9       1.2909262075E-004
#      7    -8       1.5934345785E-005
#      7    -7       4.6398126217E-004
#      7    -6       9.1533826254E-005
#      7    -5       2.5925668957E-004
#      7    -4       1.6284410372E-004
#      7    -3       1.1562143896E-004
#      7    -2       1.3700946926E-005
#      7    -1       3.0370580207E-005
#      7     0       2.5452239918E-006
#      7     1       4.6817142338E-005
#      7     2       1.0133202953E-004
#      7     3       1.1173202702E-004
#      7     4       7.7842336639E-005
#      7     5       1.1772201195E-004
#      7     6       8.1886840153E-005
#      7     7       1.8759591706E-004
#      7     8       5.4516793766E-005
#      7     9       1.4053258434E-004
#      7    10       8.1701227378E-005
#      7    11       3.3661540418E-005
#      7    12       6.1573445415E-005
#      7    13       1.4033159544E-005
#      7    14       6.3560306571E-005
#      7    15       3.6474389649E-005
#      7    16       2.4962070827E-005
#      7    17       3.0030122651E-005
#      7    18       1.3721464165E-005
#      7    19       1.8968323336E-005
#      7    20       2.8118942389E-005
#      8   -27       5.4138868040E-007
#      8   -26       8.1998061408E-006
#      8   -25       5.3867395424E-006
#      8   -24       3.5553646175E-005
#      8   -23       1.0649166003E-006
#      8   -22       2.4619956899E-005
#      8   -21       3.7646946472E-005
#      8   -20       3.5259625669E-005
#      8   -19       5.5309103098E-005
#      8   -18       1.2290028095E-005
#      8   -17       1.2117082216E-004
#      8   -16       5.3269044759E-005
#      8   -15       5.8047712241E-006
#      8   -14       6.2060132419E-005
#      8   -13       9.9014053507E-005
#      8   -12       9.7934019756E-006
#      8   -11       1.9024615948E-004
#      8   -10       1.6119265754E-004
#      8    -9       4.5301336173E-005
#      8    -8       1.4095600436E-004
#      8    -7       4.4582198984E-006
#      8    -6       1.3827117404E-006
#      8    -5       3.0802944270E-005
#      8    -4       2.5738435603E-005
#      8    -3       7.7097942223E-005
#      8    -2       1.4434799119E-004
#      8    -1       1.3294965680E-004
#      8     0       1.1263051457E-004
#      8     1       1.3357380621E-004
#      8     2       6.7766273628E-005
#      8     3       8.9226559230E-005
#      8     4       1.1566766203E-004
#      8     5       1.4005900923E-005
#      8     6       1.3472022795E-004
#      8     7       1.8707800378E-005
#      8     8       1.4805734198E-004
#      8     9       1.2983010131E-006
#      8    10       1.8891195428E-004
#      8    11       6.0828625400E-006
#      8    12       1.1731664254E-004
#      8    13       2.5795137601E-006
#      8    14       6.8218597712E-005
#      8    15       2.6292879234E-005
#      8    16       7.6587405586E-005
#      8    17       4.3943734567E-005
#      8    18       3.5445686053E-005
#      8    19       1.5555252662E-005
#      9   -27       5.9034943970E-007
#      9   -26       1.1303668141E-005
#      9   -25       3.8643749184E-006
#      9   -24       8.3717039715E-006
#      9   -23       3.5949395638E-005
#      9   -22       5.2288314146E-005
#      9   -21       2.1924610198E-005
#      9   -20       1.9980196876E-004
#      9   -19       2.7743457424E-005
#      9   -18       5.9679594399E-005
#      9   -17       2.6626165350E-005
#      9   -16       1.4331340242E-005
#      9   -15       2.4718692676E-005
#      9   -14       1.8125317644E-005
#      9   -13       1.3530326330E-004
#      9   -12       2.1643877652E-005
#      9   -11       3.6910329728E-005
#      9   -10       6.7475649306E-005
#      9    -9       5.0862432735E-005
#      9    -8       4.8338383434E-005
#      9    -7       9.1430041193E-005
#      9    -6       1.7181063512E-004
#      9    -5       2.6470247648E-005
#      9    -4       3.1203877788E-005
#      9    -3       1.6353692394E-005
#      9    -2       1.7874339914E-005
#      9    -1       6.6129711772E-006
#      9     0       3.1313617096E-005
#      9     1       2.6835084464E-005
#      9     2       5.9138847345E-005
#      9     3       1.3256683518E-004
#      9     4       1.3799322384E-004
#      9     5       5.2247565672E-005
#      9     6       7.9532399117E-005
#      9     7       3.4884676459E-006
#      9     8       2.3695821462E-005
#      9     9       7.9579887897E-005
#      9    10       2.5009191250E-005
#      9    11       1.4765970941E-004
#      9    12       5.4353125656E-005
#      9    13       5.2327808969E-005
#      9    14       4.3673269518E-005
#      9    15       2.1167517363E-005
#      9    16       5.5524967786E-006
#      9    17       3.8452215084E-005
#      9    18       4.0802475805E-006
#     10   -27       2.9169154603E-007
#     10   -26       9.6021531451E-006
#     10   -25       3.2249672842E-004
#     10   -24       1.9426192416E-005
#     10   -23       1.6076724247E-005
#     10   -22       3.6387734436E-005
#     10   -21       1.3674917008E-005
#     10   -20       7.0013193047E-003
#     10   -19       1.2143082949E-004
#     10   -18       6.0399001660E-005
#     10   -17       9.1041379447E-005
#     10   -16       1.9649469535E-004
#     10   -15       1.4399606625E-002
#     10   -14       7.8131849951E-005
#     10   -13       2.3294191067E-004
#     10   -12       1.1166992626E-004
#     10   -11       4.2271365195E-005
#     10   -10       1.4113362457E-002
#     10    -9       3.1096731096E-005
#     10    -8       1.3480154554E-004
#     10    -7       1.3812073471E-005
#     10    -6       5.5536647689E-005
#     10    -5       4.1287236422E-003
#     10    -4       1.9269038255E-005
#     10    -3       8.8730337908E-006
#     10    -2       3.6673051332E-005
#     10    -1       4.3993661823E-005
#     10     0       4.4490638660E-002
#     10     1       3.9301750877E-005
#     10     2       2.3721236670E-004
#     10     3       2.1440036599E-004
#     10     4       3.7104755610E-005
#     10     5       1.2095373189E-002
#     10     6       2.6991392598E-005
#     10     7       3.6897730975E-004
#     10     8       1.4559201559E-004
#     10     9       9.1915576205E-005
#     10    10       5.8553541135E-003
#     10    11       2.6630962174E-005
#     10    12       2.9416971162E-005
#     10    13       4.4068341427E-005
#     10    14       1.5609380597E-005
#     10    15       6.6315953724E-004
#     10    16       3.6823572479E-006
#     10    17       3.8908348048E-005
#     11   -27       8.0079894123E-006
#     11   -26       8.1213193951E-006
#     11   -25       8.8787047817E-006
#     11   -24       1.2762019237E-005
#     11   -23       1.2331156712E-005
#     11   -22       3.5436685904E-005
#     11   -21       5.9462246343E-006
#     11   -20       5.8744559534E-005
#     11   -19       6.6707382254E-007
#     11   -18       1.8115903468E-005
#     11   -17       1.5639955892E-006
#     11   -16       3.3393105011E-005
#     11   -15       7.4380566931E-005
#     11   -14       4.5391224126E-005
#     11   -13       1.2360043740E-004
#     11   -12       1.4143666469E-004
#     11   -11       3.9489835148E-005
#     11   -10       1.1307860865E-004
#     11    -9       3.3894489981E-005
#     11    -8       7.2403494939E-005
#     11    -7       2.1782953026E-006
#     11    -6       2.1337022396E-005
#     11    -5       3.4539565021E-005
#     11    -4       5.4920939974E-005
#     11    -3       3.1157118431E-005
#     11    -2       2.6996941118E-005
#     11    -1       1.0840061228E-004
#     11     0       5.0859227971E-005
#     11     1       3.3469874394E-004
#     11     2       2.8790755255E-004
#     11     3       2.3446972922E-004
#     11     4       3.6602135349E-004
#     11     5       1.2956830775E-005
#     11     6       1.1918310889E-004
#     11     7       4.0494327873E-005
#     11     8       4.8804979686E-005
#     11     9       6.3992261557E-005
#     11    10       2.0382228850E-005
#     11    11       2.6880772495E-005
#     11    12       1.6090226710E-005
#     11    13       2.8782170554E-005
#     11    14       8.3132338822E-007
#     11    15       1.1507186813E-005
#     11    16       2.5935529884E-006
#     12   -27       7.7133303960E-006
#     12   -26       1.4440909492E-006
#     12   -25       1.1922745932E-006
#     12   -24       1.6877637931E-005
#     12   -23       4.3893881149E-006
#     12   -22       3.3994769393E-005
#     12   -21       3.9879388353E-005
#     12   -20       1.9472266443E-005
#     12   -19       5.1037699026E-005
#     12   -18       1.9953946583E-005
#     12   -17       8.3056848395E-007
#     12   -16       5.0113886226E-005
#     12   -15       1.5067129350E-004
#     12   -14       1.8003616420E-005
#     12   -13       2.8593656710E-004
#     12   -12       5.2805016651E-005
#     12   -11       6.5296072374E-005
#     12   -10       5.7982456547E-005
#     12    -9       1.6798392603E-005
#     12    -8       3.7110072965E-005
#     12    -7       3.8543070431E-005
#     12    -6       1.4028429340E-004
#     12    -5       1.0066339936E-005
#     12    -4       1.2414345823E-004
#     12    -3       2.0253555935E-004
#     12    -2       2.2558119186E-005
#     12    -1       1.0148522746E-004
#     12     0       1.8701827365E-004
#     12     1       5.3261169573E-006
#     12     2       1.5399340363E-004
#     12     3       1.9400805140E-004
#     12     4       9.1416824351E-005
#     12     5       3.6021904897E-004
#     12     6       7.1879067676E-005
#     12     7       1.4472641060E-004
#     12     8       2.1410074311E-005
#     12     9       1.4519537354E-005
#     12    10       4.6440717384E-007
#     12    11       1.6915234653E-006
#     12    12       8.7103549450E-006
#     12    13       5.3254579816E-006
#     12    14       2.4194060742E-005
#     12    15       8.7198391502E-006
#     13   -28       7.9155496563E-008
#     13   -27       1.8488379435E-006
#     13   -26       7.0821302842E-006
#     13   -25       3.1186453538E-005
#     13   -24       7.3152921709E-007
#     13   -23       3.2826046361E-005
#     13   -22       1.4053202694E-005
#     13   -21       1.5404233840E-005
#     13   -20       5.6489373154E-005
#     13   -19       5.0856641652E-005
#     13   -18       1.1432227824E-004
#     13   -17       1.2710348209E-004
#     13   -16       1.0319890938E-004
#     13   -15       2.6316683048E-004
#     13   -14       1.9603579824E-004
#     13   -13       1.6185358484E-004
#     13   -12       3.3915708289E-004
#     13   -11       6.6173660885E-005
#     13   -10       1.0853233733E-004
#     13    -9       6.0316633291E-005
#     13    -8       1.3623752313E-005
#     13    -7       3.0263459669E-005
#     13    -6       6.0667947570E-006
#     13    -5       5.5427214433E-005
#     13    -4       2.3096845590E-005
#     13    -3       3.0743000797E-005
#     13    -2       2.8508531619E-004
#     13    -1       8.8822041289E-005
#     13     0       2.5380325754E-004
#     13     1       3.6207431924E-004
#     13     2       4.1565048869E-005
#     13     3       2.2377033724E-004
#     13     4       1.1738298367E-005
#     13     5       3.8062029027E-005
#     13     6       1.7742196381E-004
#     13     7       2.5102172200E-005
#     13     8       1.0548664861E-004
#     13     9       3.1000748663E-005
#     13    10       5.9604336939E-005
#     13    11       2.6888065419E-006
#     13    12       1.7582472639E-005
#     13    13       1.2532893663E-005
#     13    14       5.3629734708E-006
#     13    15       1.9668598730E-006
#     14   -28       7.7090636270E-006
#     14   -27       8.6637371551E-006
#     14   -26       2.3829222624E-007
#     14   -25       8.2422524192E-006
#     14   -24       8.6402436135E-006
#     14   -23       1.2590691389E-005
#     14   -22       1.4915371892E-005
#     14   -21       1.1194076795E-005
#     14   -20       1.2243596341E-005
#     14   -19       2.9315608451E-005
#     14   -18       8.1720643517E-006
#     14   -17       2.8828349907E-005
#     14   -16       2.6392073607E-005
#     14   -15       9.0607858313E-005
#     14   -14       3.8162682595E-005
#     14   -13       7.6157069339E-005
#     14   -12       2.4773038538E-005
#     14   -11       3.9948264495E-005
#     14   -10       1.4072400229E-005
#     14    -9       8.5102353750E-005
#     14    -8       4.8627420463E-006
#     14    -7       1.3178027346E-004
#     14    -6       1.6565526331E-004
#     14    -5       2.4696374827E-005
#     14    -4       1.9262607168E-004
#     14    -3       7.3814672522E-005
#     14    -2       4.0889949581E-005
#     14    -1       1.7285184083E-004
#     14     0       1.1559686587E-004
#     14     1       4.8316869880E-005
#     14     2       4.8007235103E-004
#     14     3       4.7428728101E-005
#     14     4       2.8378839945E-004
#     14     5       9.4567840977E-005
#     14     6       6.1466388282E-005
#     14     7       4.5040612840E-005
#     14     8       5.5924927534E-007
#     14     9       1.0428017758E-006
#     14    10       2.1880889744E-005
#     14    11       7.6613337922E-006
#     14    12       2.2564682802E-006
#     14    13       6.9374781908E-007
#     14    14       8.2510439922E-006
#     15   -28       6.6857402244E-006
#     15   -27       9.1929107055E-006
#     15   -26       1.1628083258E-005
#     15   -25       7.9773652543E-004
#     15   -24       8.2629784839E-006
#     15   -23       2.9491975219E-005
#     15   -22       8.3400659403E-006
#     15   -21       4.9569834831E-005
#     15   -20       1.0347803827E-002
#     15   -19       2.7445546491E-005
#     15   -18       2.8014078771E-004
#     15   -17       1.4592127024E-004
#     15   -16       2.1868214772E-004
#     15   -15       3.8021530084E-002
#     15   -14       1.3041019680E-004
#     15   -13       2.7392293108E-004
#     15   -12       2.5235391825E-004
#     15   -11       5.3872134888E-005
#     15   -10       1.3961931194E-002
#     15    -9       3.2508879559E-005
#     15    -8       2.7780069768E-004
#     15    -7       3.9413348252E-005
#     15    -6       2.1702049081E-004
#     15    -5       1.2694525288E-002
#     15    -4       9.9395661446E-006
#     15    -3       1.9698611887E-004
#     15    -2       2.8588668700E-004
#     15    -1       1.7207103819E-005
#     15     0       2.2583731933E-002
#     15     1       3.3947556543E-005
#     15     2       7.6573890325E-005
#     15     3       1.4516891384E-004
#     15     4       5.2407569852E-005
#     15     5       6.9600337081E-003
#     15     6       1.2759948995E-004
#     15     7       2.5790367694E-005
#     15     8       6.0848947679E-005
#     15     9       1.0536495584E-005
#     15    10       4.0493033297E-004
#     15    11       7.5779121512E-006
#     15    12       2.5093501705E-006
#     15    13       1.9141132951E-006
#     16   -27       1.3859573161E-006
#     16   -26       2.4108611205E-006
#     16   -25       1.4008684542E-005
#     16   -24       1.2862232431E-005
#     16   -23       3.4653773924E-005
#     16   -22       1.1552487162E-005
#     16   -21       1.7394533125E-005
#     16   -20       1.2271940968E-006
#     16   -19       2.1097446508E-005
#     16   -18       1.3288896498E-005
#     16   -17       9.1822233949E-005
#     16   -16       5.5407375764E-005
#     16   -15       8.9442189287E-005
#     16   -14       1.3588391916E-004
#     16   -13       1.2235369888E-004
#     16   -12       5.2603768423E-005
#     16   -11       1.0307319801E-004
#     16   -10       2.8016493285E-005
#     16    -9       1.5534646408E-004
#     16    -8       3.6195292165E-005
#     16    -7       3.6051130684E-004
#     16    -6       2.1386244783E-005
#     16    -5       2.6485896515E-004
#     16    -4       1.0924667101E-004
#     16    -3       3.8171320881E-005
#     16    -2       6.6200726812E-005
#     16    -1       1.8667065060E-004
#     16     0       1.6883599779E-005
#     16     1       1.8733614493E-004
#     16     2       1.2989037597E-004
#     16     3       7.1718052566E-005
#     16     4       1.4880537149E-004
#     16     5       3.1175889674E-005
#     16     6       2.2637016938E-005
#     16     7       3.9893795819E-005
#     16     8       1.3346930455E-005
#     16     9       7.2278898011E-005
#     16    10       1.8557002950E-005
#     16    11       1.7133808718E-005
#     17   -27       4.8410465820E-006
#     17   -26       1.0496315106E-005
#     17   -25       1.4001834108E-006
#     17   -24       1.4465150696E-005
#     17   -23       2.3166575856E-005
#     17   -22       1.6223481881E-005
#     17   -21       1.9330506529E-004
#     17   -20       1.4026600955E-004
#     17   -19       1.7609897750E-004
#     17   -18       2.1596880337E-004
#     17   -17       1.4249285061E-004
#     17   -16       1.5969441226E-004
#     17   -15       2.3514488948E-004
#     17   -14       1.6670431053E-005
#     17   -13       2.4377058901E-004
#     17   -12       3.2372102188E-006
#     17   -11       1.8742466167E-004
#     17   -10       1.4789776729E-005
#     17    -9       1.3158754323E-004
#     17    -8       1.6424018129E-004
#     17    -7       3.1925473748E-006
#     17    -6       1.9751364285E-004
#     17    -5       1.5613090348E-004
#     17    -4       7.5175266037E-005
#     17    -3       2.6732080519E-004
#     17    -2       1.1864679980E-005
#     17    -1       1.2119645879E-004
#     17     0       1.2335953654E-004
#     17     1       9.6196732553E-005
#     17     2       2.4117660989E-005
#     17     3       1.9549963923E-004
#     17     4       1.9983427260E-005
#     17     5       1.3677073462E-004
#     17     6       6.0854255979E-005
#     17     7       2.7153396447E-005
#     17     8       3.6270333807E-005
#     17     9       3.2387837898E-007
#     17    10       9.9610233077E-006
#     18   -27       1.7883851783E-005
#     18   -26       3.4808722251E-005
#     18   -25       4.2188281926E-006
#     18   -24       4.5816659027E-005
#     18   -23       8.6103752403E-006
#     18   -22       5.7512599681E-005
#     18   -21       2.3162052283E-005
#     18   -20       9.8390087911E-005
#     18   -19       1.9231271622E-004
#     18   -18       1.0122942327E-004
#     18   -17       3.9026700602E-004
#     18   -16       1.0840525787E-004
#     18   -15       2.0714291905E-004
#     18   -14       2.3024907408E-004
#     18   -13       1.5558946213E-005
#     18   -12       2.9957650602E-004
#     18   -11       1.8390198350E-005
#     18   -10       4.3463677708E-004
#     18    -9       4.6116303325E-007
#     18    -8       4.7790193118E-004
#     18    -7       7.2863853777E-005
#     18    -6       1.1959214907E-004
#     18    -5       7.0974225667E-005
#     18    -4       2.3589468455E-006
#     18    -3       1.0089762027E-006
#     18    -2       3.3643234627E-005
#     18    -1       5.6734684317E-005
#     18     0       6.7544948673E-006
#     18     1       1.3327904878E-004
#     18     2       1.3023056589E-005
#     18     3       4.8431567795E-005
#     18     4       4.1112014704E-005
#     18     5       2.7582948479E-005
#     18     6       1.9353967280E-005
#     18     7       7.8192693822E-005
#     18     8       1.6208228305E-005
#     18     9       1.1086769389E-005
#     19   -27       6.4980503735E-006
#     19   -26       8.6982755214E-006
#     19   -25       1.6942098650E-005
#     19   -24       3.4339507150E-005
#     19   -23       1.3244567900E-005
#     19   -22       4.3776005038E-005
#     19   -21       5.5715984298E-005
#     19   -20       6.1806790890E-005
#     19   -19       5.2992563433E-005
#     19   -18       6.1127836418E-005
#     19   -17       2.3898098731E-005
#     19   -16       1.9536654013E-005
#     19   -15       5.7811214517E-006
#     19   -14       3.8597002778E-005
#     19   -13       1.0202939601E-005
#     19   -12       6.8779752996E-005
#     19   -11       6.0766388324E-005
#     19   -10       4.1606974995E-005
#     19    -9       2.0709230872E-004
#     19    -8       2.5731398035E-005
#     19    -7       2.7297539209E-004
#     19    -6       2.0585468930E-004
#     19    -5       5.3525527354E-005
#     19    -4       1.8237757585E-004
#     19    -3       6.4298324521E-005
#     19    -2       5.2616917116E-005
#     19    -1       4.1845794111E-005
#     19     0       6.3659544039E-005
#     19     1       3.9588931764E-005
#     19     2       6.7157224317E-005
#     19     3       1.2727026259E-004
#     19     4       2.9659914147E-005
#     19     5       8.7901211834E-005
#     19     6       2.5935901939E-005
#     19     7       1.8362884504E-005
#     19     8       1.8080651521E-005
#     20   -27       1.2795164585E-005
#     20   -26       2.3747658251E-005
#     20   -25       6.7442539557E-004
#     20   -24       4.2883437420E-005
#     20   -23       6.0433187115E-005
#     20   -22       1.0589804508E-004
#     20   -21       4.4987821215E-005
#     20   -20       5.8621475184E-003
#     20   -19       1.5220641129E-004
#     20   -18       2.4480867744E-004
#     20   -17       2.7445672756E-004
#     20   -16       1.2583456104E-004
#     20   -15       1.0193624633E-002
#     20   -14       6.9034152025E-005
#     20   -13       1.8606585002E-004
#     20   -12       4.3965872067E-005
#     20   -11       1.4470525197E-004
#     20   -10       5.3378166741E-003
#     20    -9       1.0100813344E-004
#     20    -8       1.5510015550E-004
#     20    -7       1.8837566376E-005
#     20    -6       3.8453815793E-005
#     20    -5       8.0457941748E-003
#     20    -4       2.3353536164E-005
#     20    -3       4.4498215543E-005
#     20    -2       1.0340278589E-004
#     20    -1       4.6875735501E-005
#     20     0       2.7372916158E-003
#     20     1       5.2268418697E-005
#     20     2       1.0430185561E-004
#     20     3       3.6467426567E-005
#     20     4       1.2644176942E-004
#     20     5       3.5855488511E-004
#     20     6       5.7012013840E-005
#     20     7       5.6477532456E-006
#     21   -26       4.8543414489E-006
#     21   -25       2.8255397617E-005
#     21   -24       2.3140232799E-005
#     21   -23       3.6410326707E-005
#     21   -22       3.4853691144E-005
#     21   -21       3.3483766654E-005
#     21   -20       2.6527083497E-005
#     21   -19       7.1096136052E-006
#     21   -18       2.8367317228E-005
#     21   -17       6.9367015167E-006
#     21   -16       2.9316601049E-005
#     21   -15       6.2696408658E-005
#     21   -14       9.1038462485E-007
#     21   -13       7.0715753964E-005
#     21   -12       8.3148603713E-005
#     21   -11       5.3914050688E-006
#     21   -10       2.2219309067E-004
#     21    -9       8.9873584269E-005
#     21    -8       1.6409920366E-004
#     21    -7       1.2461887622E-004
#     21    -6       1.2687387442E-004
#     21    -5       8.8744157452E-005
#     21    -4       8.9784422316E-005
#     21    -3       9.8464658502E-006
#     21    -2       7.6344749341E-005
#     21    -1       4.2142415093E-006
#     21     0       1.5686445617E-004
#     21     1       9.9083004754E-006
#     21     2       7.9401614877E-005
#     21     3       4.2113990089E-005
#     21     4       3.4045780775E-005
#     21     5       1.4201673543E-008
#     22   -26       4.3156108447E-006
#     22   -25       5.7123865803E-005
#     22   -24       2.8616316809E-005
#     22   -23       1.1324495284E-004
#     22   -22       1.1680889877E-004
#     22   -21       8.9697099900E-005
#     22   -20       1.3994300425E-004
#     22   -19       1.4027126408E-004
#     22   -18       1.8759150822E-004
#     22   -17       8.2704870949E-005
#     22   -16       4.1664487044E-005
#     22   -15       5.5467787522E-005
#     22   -14       5.1776631292E-005
#     22   -13       5.0363681291E-005
#     22   -12       8.7689360048E-005
#     22   -11       1.3495022996E-004
#     22   -10       2.9173114606E-005
#     22    -9       1.1879709597E-004
#     22    -8       2.8013357683E-005
#     22    -7       6.5277969677E-006
#     22    -6       1.8316918758E-005
#     22    -5       2.3370226667E-005
#     22    -4       1.8882714730E-005
#     22    -3       7.8771457171E-005
#     22    -2       2.0078855724E-005
#     22    -1       1.0964029844E-004
#     22     0       2.7807421723E-005
#     22     1       9.3314815939E-005
#     22     2       3.8958398971E-005
#     22     3       3.4376177261E-005
#     22     4       2.0054859586E-005
#     23   -25       7.5785527512E-006
#     23   -24       4.7278177649E-005
#     23   -23       1.4582142589E-005
#     23   -22       4.6814104091E-005
#     23   -21       5.2440286955E-005
#     23   -20       5.7809180181E-005
#     23   -19       5.8062998040E-005
#     23   -18       3.5950935843E-005
#     23   -17       7.0594512659E-005
#     23   -16       8.6996169380E-005
#     23   -15       2.1315997396E-005
#     23   -14       3.7156299190E-005
#     23   -13       3.0703542939E-005
#     23   -12       1.4531446527E-006
#     23   -11       7.6484529105E-005
#     23   -10       5.6712610224E-005
#     23    -9       1.4823195315E-004
#     23    -8       9.0018494269E-005
#     23    -7       1.1400725114E-004
#     23    -6       4.3988590171E-005
#     23    -5       8.8474452280E-005
#     23    -4       1.3968204117E-005
#     23    -3       1.1133644124E-004
#     23    -2       3.3765760535E-005
#     23    -1       2.3485407633E-005
#     23     0       4.5793474527E-005
#     23     1       2.2520610397E-005
#     23     2       2.4014624372E-005
#     24   -24       2.7724966242E-005
#     24   -23       5.6335460264E-005
#     24   -22       6.9412618364E-005
#     24   -21       7.6591437422E-005
#     24   -20       1.0406286895E-004
#     24   -19       3.7080375179E-005
#     24   -18       4.1268553036E-005
#     24   -17       1.3038536624E-005
#     24   -16       5.1156745384E-005
#     24   -15       1.7383565570E-005
#     24   -14       6.9384015164E-005
#     24   -13       5.0096019240E-005
#     24   -12       1.2866851984E-004
#     24   -11       8.5678725520E-006
#     24   -10       6.0956499795E-005
#     24    -9       2.3800661417E-005
#     24    -8       1.0640182832E-005
#     24    -7       2.2472406122E-005
#     24    -6       1.4862755554E-005
#     24    -5       9.0519923749E-007
#     24    -4       7.4018787543E-005
#     24    -3       6.4480027363E-006
#     24    -2       3.4498361504E-005
#     24    -1       3.1586027474E-005
#     24     0       2.1138869598E-005
#     25   -23       2.7331028632E-005
#     25   -22       1.8428664581E-005
#     25   -21       3.8181762514E-005
#     25   -20       7.9054484180E-004
#     25   -19       1.0417279716E-004
#     25   -18       6.8623861380E-005
#     25   -17       3.9640345735E-005
#     25   -16       3.7491140604E-006
#     25   -15       7.7721368400E-004
#     25   -14       1.9495633690E-006
#     25   -13       1.6940679451E-005
#     25   -12       1.8525560278E-005
#     25   -11       9.4483772616E-005
#     25   -10       7.1260785630E-004
#     25    -9       4.6155305462E-005
#     25    -8       6.1399668394E-005
#     25    -7       2.1796123392E-005
#     25    -6       5.9121475995E-005
#     25    -5       5.4183265163E-004
#     25    -4       1.4550544249E-005
#     25    -3       1.4700450344E-005
#     25    -2       1.0795220369E-005
#     26   -22       2.2937300226E-005
#     26   -21       4.7067897748E-006
#     26   -20       1.6598714658E-005
#     26   -19       2.9356445334E-005
#     26   -18       2.5881594252E-005
#     26   -17       1.2203007264E-005
#     26   -16       3.6316706014E-005
