 Diffraction intensities for potential:gv5x5_01D10001.in                       
#    -28    13       5.1497425600E-006
#    -28    14       3.2731133770E-006
#    -28    15       2.5662309201E-006
#    -27     7       4.7267764134E-006
#    -27     8       1.2779228185E-005
#    -27     9       1.1579149733E-006
#    -27    10       5.8451161991E-006
#    -27    11       1.4380114168E-005
#    -27    12       1.9691093752E-006
#    -27    13       1.4766328042E-006
#    -27    14       1.0705156854E-005
#    -27    15       3.1984204019E-006
#    -27    16       5.1789458408E-006
#    -27    17       3.8121556209E-006
#    -27    18       2.3404967261E-006
#    -27    19       5.5275841069E-007
#    -27    20       1.2606204403E-006
#    -26     4       3.3156074406E-005
#    -26     5       3.9006759330E-006
#    -26     6       1.8189930148E-005
#    -26     7       2.5479978236E-005
#    -26     8       2.6892084961E-007
#    -26     9       1.4316841935E-007
#    -26    10       6.4210320488E-006
#    -26    11       1.2805629268E-006
#    -26    12       1.0544803378E-006
#    -26    13       8.1569055204E-008
#    -26    14       8.4733875087E-006
#    -26    15       3.8626261855E-006
#    -26    16       6.3822362702E-006
#    -26    17       7.8108497618E-006
#    -26    18       8.6367241606E-007
#    -26    19       1.8918293868E-006
#    -26    20       1.3161700799E-006
#    -26    21       7.8082508760E-007
#    -26    22       8.6969858862E-008
#    -25     2       2.6209049929E-005
#    -25     3       2.1098087994E-006
#    -25     4       2.3947450769E-005
#    -25     5       1.0430370861E-003
#    -25     6       2.7846148296E-005
#    -25     7       1.0903856089E-005
#    -25     8       2.6359373042E-007
#    -25     9       6.4264161343E-006
#    -25    10       1.0257608415E-003
#    -25    11       1.4581369982E-006
#    -25    12       3.1084182926E-006
#    -25    13       7.4563369586E-006
#    -25    14       5.8630796586E-006
#    -25    15       3.5034661526E-004
#    -25    16       1.1884661585E-005
#    -25    17       1.0463946639E-005
#    -25    18       9.9209163699E-006
#    -25    19       5.9483015502E-006
#    -25    20       2.9865271305E-004
#    -25    21       3.1481421123E-007
#    -25    22       4.8712695455E-007
#    -25    23       3.5947251943E-006
#    -24     0       3.0075508903E-005
#    -24     1       2.9912431206E-005
#    -24     2       2.6443931665E-005
#    -24     3       2.8019369416E-005
#    -24     4       4.4353340955E-005
#    -24     5       2.3105253133E-005
#    -24     6       5.9186584080E-006
#    -24     7       6.7606781917E-006
#    -24     8       1.2999658656E-006
#    -24     9       2.6702106495E-006
#    -24    10       3.9019289430E-006
#    -24    11       3.6773387012E-006
#    -24    12       7.1647241235E-006
#    -24    13       1.8980931471E-005
#    -24    14       1.4992064655E-005
#    -24    15       1.8690197887E-005
#    -24    16       7.3518463047E-006
#    -24    17       1.6082481883E-005
#    -24    18       5.9492828775E-006
#    -24    19       4.3287318021E-006
#    -24    20       8.6607168983E-007
#    -24    21       1.9069360394E-006
#    -24    22       1.1187275322E-007
#    -24    23       1.6523646915E-007
#    -24    24       1.2000966955E-007
#    -23    -2       9.5695821204E-006
#    -23    -1       2.6845341294E-005
#    -23     0       4.8287091277E-005
#    -23     1       1.2972836960E-005
#    -23     2       2.6339826786E-005
#    -23     3       2.8220791382E-005
#    -23     4       1.5423870661E-005
#    -23     5       1.3683031180E-005
#    -23     6       1.0855507790E-005
#    -23     7       6.4589440382E-006
#    -23     8       3.1772638414E-006
#    -23     9       1.3479387726E-006
#    -23    10       5.5152471250E-006
#    -23    11       4.7074572349E-006
#    -23    12       1.2454279580E-005
#    -23    13       1.9842727050E-005
#    -23    14       2.3302424361E-005
#    -23    15       4.3202714809E-005
#    -23    16       2.2936111566E-005
#    -23    17       2.4803579225E-005
#    -23    18       2.3485604914E-005
#    -23    19       6.6358140334E-006
#    -23    20       2.6522243532E-006
#    -23    21       1.4367641517E-006
#    -23    22       1.7751283674E-007
#    -23    23       3.4163416139E-007
#    -23    24       3.3072748011E-007
#    -23    25       9.7138214063E-008
#    -22    -4       1.2809287992E-005
#    -22    -3       7.3717882018E-006
#    -22    -2       1.9167601618E-005
#    -22    -1       1.0978381379E-005
#    -22     0       3.5662874748E-005
#    -22     1       2.6109752753E-005
#    -22     2       2.2259158304E-005
#    -22     3       1.6848077003E-005
#    -22     4       1.2389499254E-005
#    -22     5       1.1173415456E-005
#    -22     6       5.6741271647E-006
#    -22     7       4.0351671835E-006
#    -22     8       1.2850910595E-006
#    -22     9       9.2245752270E-007
#    -22    10       2.0348567286E-006
#    -22    11       9.2799763336E-006
#    -22    12       1.6935555130E-005
#    -22    13       2.7456258691E-005
#    -22    14       2.6791860429E-005
#    -22    15       3.4785705699E-005
#    -22    16       3.5780546513E-005
#    -22    17       2.5585764089E-005
#    -22    18       1.5823673515E-005
#    -22    19       1.0427109758E-005
#    -22    20       2.9367392839E-006
#    -22    21       4.1876541035E-007
#    -22    22       5.4137433274E-008
#    -22    23       6.9962494110E-007
#    -22    24       2.1149847634E-007
#    -22    25       6.2060563471E-007
#    -22    26       8.7690261932E-007
#    -21    -5       4.7432959896E-007
#    -21    -4       2.0245275962E-005
#    -21    -3       1.8766923041E-005
#    -21    -2       2.2527792789E-005
#    -21    -1       1.6785669040E-005
#    -21     0       1.8301059667E-005
#    -21     1       1.1213810801E-005
#    -21     2       4.9880751996E-006
#    -21     3       7.2192811924E-006
#    -21     4       3.2314159983E-006
#    -21     5       1.0130076829E-005
#    -21     6       8.9406770978E-006
#    -21     7       5.3647746502E-006
#    -21     8       1.7814340939E-006
#    -21     9       3.8111076684E-008
#    -21    10       1.9701763277E-006
#    -21    11       1.0331847993E-005
#    -21    12       2.2927344076E-005
#    -21    13       4.3604442010E-005
#    -21    14       3.6796849087E-005
#    -21    15       4.7539209760E-005
#    -21    16       3.6993517186E-005
#    -21    17       2.6877093436E-005
#    -21    18       1.8212323538E-005
#    -21    19       1.0632219481E-005
#    -21    20       3.1246582112E-006
#    -21    21       2.6313025649E-007
#    -21    22       3.3259905643E-007
#    -21    23       8.3478485896E-007
#    -21    24       8.8370723499E-008
#    -21    25       1.0547573433E-006
#    -21    26       3.7272159232E-007
#    -20    -7       6.4117769674E-006
#    -20    -6       1.0231840706E-005
#    -20    -5       8.1452468698E-004
#    -20    -4       2.5935597402E-005
#    -20    -3       1.5747211064E-005
#    -20    -2       2.0681188062E-005
#    -20    -1       7.4569110277E-006
#    -20     0       8.4596268011E-003
#    -20     1       3.6893482048E-006
#    -20     2       5.0400684599E-006
#    -20     3       6.8906075642E-006
#    -20     4       1.4103910185E-005
#    -20     5       1.2093563383E-002
#    -20     6       1.6935576887E-005
#    -20     7       1.0531571313E-005
#    -20     8       4.8559739301E-006
#    -20     9       3.5169149505E-006
#    -20    10       6.9273877450E-003
#    -20    11       1.7172421301E-005
#    -20    12       3.1409285270E-005
#    -20    13       4.6049582205E-005
#    -20    14       5.6174088159E-005
#    -20    15       7.1056580713E-003
#    -20    16       4.4900211788E-005
#    -20    17       2.8571201900E-005
#    -20    18       1.8441218109E-005
#    -20    19       7.9789000123E-006
#    -20    20       2.3319059657E-003
#    -20    21       3.1032699622E-007
#    -20    22       7.1556994545E-007
#    -20    23       1.3825448430E-006
#    -20    24       1.6481379354E-006
#    -20    25       2.7735385148E-004
#    -20    26       5.1752604473E-007
#    -20    27       2.8550852017E-007
#    -19    -8       6.3312107307E-006
#    -19    -7       9.3001982056E-006
#    -19    -6       1.1829462341E-005
#    -19    -5       8.5578635460E-006
#    -19    -4       5.5034491631E-006
#    -19    -3       6.7538467750E-006
#    -19    -2       7.0901272649E-007
#    -19    -1       8.7378362711E-007
#    -19     0       2.0214649580E-006
#    -19     1       4.3207480457E-006
#    -19     2       1.5206900950E-005
#    -19     3       1.7506968812E-005
#    -19     4       3.3207052727E-005
#    -19     5       3.5461319741E-005
#    -19     6       2.5841650392E-005
#    -19     7       1.6416012584E-005
#    -19     8       6.1926400425E-006
#    -19     9       3.5119366950E-006
#    -19    10       8.7381386225E-006
#    -19    11       3.0467621869E-005
#    -19    12       4.7436732671E-005
#    -19    13       6.1608911975E-005
#    -19    14       6.9881907872E-005
#    -19    15       6.3538191441E-005
#    -19    16       5.6564919570E-005
#    -19    17       2.9090612948E-005
#    -19    18       1.8100425844E-005
#    -19    19       8.2615152513E-006
#    -19    20       3.3847500026E-006
#    -19    21       2.3739377393E-007
#    -19    22       8.2357676112E-007
#    -19    23       1.8414143957E-006
#    -19    24       1.9329277829E-006
#    -19    25       1.4702032586E-006
#    -19    26       3.8218801616E-007
#    -19    27       3.2854027395E-007
#    -18    -9       9.6875482064E-006
#    -18    -8       2.5049089235E-006
#    -18    -7       5.8276754188E-006
#    -18    -6       5.0965630029E-006
#    -18    -5       7.3288390169E-006
#    -18    -4       1.1506045456E-005
#    -18    -3       4.0298892571E-006
#    -18    -2       4.3282756156E-006
#    -18    -1       4.0100946713E-006
#    -18     0       1.3525550938E-005
#    -18     1       2.0467703312E-005
#    -18     2       3.9965701831E-005
#    -18     3       4.2239842292E-005
#    -18     4       5.5584444097E-005
#    -18     5       3.7838761688E-005
#    -18     6       4.3827901250E-005
#    -18     7       2.3372221609E-005
#    -18     8       5.0210754827E-006
#    -18     9       3.7601915365E-006
#    -18    10       9.5880156088E-006
#    -18    11       4.2723322018E-005
#    -18    12       6.4367477250E-005
#    -18    13       7.3030186430E-005
#    -18    14       8.2007201295E-005
#    -18    15       5.9936595441E-005
#    -18    16       4.1835254420E-005
#    -18    17       2.3073842153E-005
#    -18    18       1.1229889405E-005
#    -18    19       5.6773047064E-006
#    -18    20       1.6855743590E-006
#    -18    21       2.1595632752E-007
#    -18    22       1.2629249027E-006
#    -18    23       1.6911150162E-006
#    -18    24       2.0216736398E-006
#    -18    25       1.2076578368E-006
#    -18    26       4.8551129818E-007
#    -18    27       1.8321567701E-007
#    -17   -10       6.4725866180E-006
#    -17    -9       6.0455143366E-006
#    -17    -8       9.0774391547E-007
#    -17    -7       1.2072102874E-005
#    -17    -6       1.4249951410E-005
#    -17    -5       4.2903856482E-006
#    -17    -4       1.4549560815E-005
#    -17    -3       9.6850792548E-006
#    -17    -2       1.3307750341E-005
#    -17    -1       1.5078264726E-005
#    -17     0       3.3153698238E-005
#    -17     1       3.1535760754E-005
#    -17     2       6.0611726227E-005
#    -17     3       7.1423103064E-005
#    -17     4       8.7735107031E-005
#    -17     5       5.6778736178E-005
#    -17     6       4.1529121884E-005
#    -17     7       1.9004087339E-005
#    -17     8       2.4525964223E-006
#    -17     9       7.4725231879E-006
#    -17    10       2.5476271985E-005
#    -17    11       5.4975728292E-005
#    -17    12       8.4788672076E-005
#    -17    13       9.6823116440E-005
#    -17    14       9.2549750966E-005
#    -17    15       6.7429457137E-005
#    -17    16       3.9902090978E-005
#    -17    17       2.0334405258E-005
#    -17    18       8.2383750772E-006
#    -17    19       2.1921511815E-006
#    -17    20       1.0921386341E-006
#    -17    21       2.0772068668E-007
#    -17    22       1.1821559875E-006
#    -17    23       2.4026799356E-006
#    -17    24       2.3274885840E-006
#    -17    25       3.3243726110E-007
#    -17    26       4.7413865807E-007
#    -17    27       3.0893887760E-007
#    -16   -11       3.7184901684E-006
#    -16   -10       1.1267412999E-005
#    -16    -9       9.0931190076E-006
#    -16    -8       2.0678742607E-005
#    -16    -7       1.2401562465E-005
#    -16    -6       1.0599683641E-005
#    -16    -5       8.2043322985E-006
#    -16    -4       2.0961999560E-005
#    -16    -3       2.4311245770E-005
#    -16    -2       2.8449708759E-005
#    -16    -1       3.2385784565E-005
#    -16     0       6.2198045085E-005
#    -16     1       6.7434365840E-005
#    -16     2       8.7950946749E-005
#    -16     3       1.1089865420E-004
#    -16     4       9.9251987968E-005
#    -16     5       6.9903940062E-005
#    -16     6       4.3183533876E-005
#    -16     7       1.6189464472E-005
#    -16     8       9.7218796397E-007
#    -16     9       1.2156630261E-005
#    -16    10       4.1258781853E-005
#    -16    11       7.9073995617E-005
#    -16    12       1.0681014579E-004
#    -16    13       1.0982942440E-004
#    -16    14       9.8649070458E-005
#    -16    15       6.3314090289E-005
#    -16    16       3.4326915185E-005
#    -16    17       1.3791697847E-005
#    -16    18       2.9885131085E-006
#    -16    19       1.4125955028E-006
#    -16    20       8.9698269890E-007
#    -16    21       6.0269705847E-007
#    -16    22       1.1289483117E-006
#    -16    23       3.2332035595E-006
#    -16    24       3.1919176399E-006
#    -16    25       2.3800955224E-006
#    -16    26       2.5798674266E-007
#    -16    27       1.0931795607E-007
#    -15   -13       1.2479392291E-006
#    -15   -12       8.8393325948E-007
#    -15   -11       5.6398825732E-006
#    -15   -10       7.3366675651E-004
#    -15    -9       2.0503596081E-005
#    -15    -8       2.3090859248E-005
#    -15    -7       2.0395155478E-005
#    -15    -6       2.7686552083E-005
#    -15    -5       1.1437464757E-002
#    -15    -4       3.9416700241E-005
#    -15    -3       3.5207603946E-005
#    -15    -2       4.4312658299E-005
#    -15    -1       4.6359273745E-005
#    -15     0       4.2451410983E-002
#    -15     1       8.4431361418E-005
#    -15     2       1.1044504967E-004
#    -15     3       1.2464164875E-004
#    -15     4       1.0559950970E-004
#    -15     5       1.3916128017E-002
#    -15     6       3.8312055267E-005
#    -15     7       8.9200565514E-006
#    -15     8       1.1536107848E-006
#    -15     9       1.7096518380E-005
#    -15    10       1.5721457591E-002
#    -15    11       9.4420242694E-005
#    -15    12       1.2150298229E-004
#    -15    13       1.1824142822E-004
#    -15    14       9.7015825236E-005
#    -15    15       2.5702939827E-002
#    -15    16       2.5161958315E-005
#    -15    17       6.7551907649E-006
#    -15    18       9.0231774359E-007
#    -15    19       1.9126117417E-006
#    -15    20       8.0379541428E-003
#    -15    21       1.8244447061E-006
#    -15    22       1.4092173718E-006
#    -15    23       1.5030997227E-006
#    -15    24       1.9285410322E-006
#    -15    25       3.9826862933E-004
#    -15    26       3.7431789740E-007
#    -15    27       1.4774155346E-007
#    -15    28       5.7491096697E-007
#    -14   -14       4.8259847066E-006
#    -14   -13       2.5986207127E-006
#    -14   -12       8.4842675902E-006
#    -14   -11       1.5564876341E-005
#    -14   -10       2.6064464236E-005
#    -14    -9       2.9951787328E-005
#    -14    -8       2.8569569452E-005
#    -14    -7       4.0475899809E-005
#    -14    -6       4.7298400808E-005
#    -14    -5       4.0056213410E-005
#    -14    -4       3.8371825818E-005
#    -14    -3       3.9868671937E-005
#    -14    -2       4.6216710808E-005
#    -14    -1       5.4385697958E-005
#    -14     0       8.6131380824E-005
#    -14     1       1.1715928092E-004
#    -14     2       1.2428643456E-004
#    -14     3       1.2445865165E-004
#    -14     4       1.0044100824E-004
#    -14     5       5.8303428476E-005
#    -14     6       2.5580458959E-005
#    -14     7       2.8399603298E-006
#    -14     8       5.9917172103E-006
#    -14     9       3.2302619958E-005
#    -14    10       7.1800746501E-005
#    -14    11       1.0068156185E-004
#    -14    12       1.2545216624E-004
#    -14    13       1.1414086469E-004
#    -14    14       8.4907958767E-005
#    -14    15       4.4880786620E-005
#    -14    16       1.5882201847E-005
#    -14    17       1.9549900562E-006
#    -14    18       9.3801034673E-007
#    -14    19       4.2002008117E-006
#    -14    20       5.4607896033E-006
#    -14    21       2.9188114997E-006
#    -14    22       2.1554581539E-006
#    -14    23       1.8444631763E-006
#    -14    24       1.4718667515E-006
#    -14    25       1.5778196073E-006
#    -14    26       3.1087200158E-007
#    -14    27       2.3528337848E-008
#    -14    28       3.4049501155E-007
#    -13   -15       4.0155119369E-007
#    -13   -14       3.6072626467E-006
#    -13   -13       1.8577580839E-006
#    -13   -12       1.1684064775E-005
#    -13   -11       2.1482685164E-005
#    -13   -10       2.8897898187E-005
#    -13    -9       2.3020062771E-005
#    -13    -8       3.9588486104E-005
#    -13    -7       4.9999320843E-005
#    -13    -6       4.3308585882E-005
#    -13    -5       3.4646657907E-005
#    -13    -4       4.1536600477E-005
#    -13    -3       4.1974174077E-005
#    -13    -2       4.8777110339E-005
#    -13    -1       7.8616718640E-005
#    -13     0       1.0594055112E-004
#    -13     1       1.0964766830E-004
#    -13     2       1.1580282554E-004
#    -13     3       1.1788053897E-004
#    -13     4       7.8744607775E-005
#    -13     5       4.3629457810E-005
#    -13     6       1.1558936303E-005
#    -13     7       9.3477516140E-008
#    -13     8       1.5686160437E-005
#    -13     9       4.7940349000E-005
#    -13    10       9.4221970926E-005
#    -13    11       1.1342780062E-004
#    -13    12       1.1761676196E-004
#    -13    13       1.0171052361E-004
#    -13    14       6.8478403773E-005
#    -13    15       3.1760841729E-005
#    -13    16       1.0112745596E-005
#    -13    17       1.7332672434E-007
#    -13    18       3.8939212122E-006
#    -13    19       7.7673947616E-006
#    -13    20       9.5200144421E-006
#    -13    21       5.0840037672E-006
#    -13    22       1.7995415502E-006
#    -13    23       2.7871008285E-006
#    -13    24       1.3198364354E-006
#    -13    25       4.9503078353E-007
#    -13    26       1.8056386961E-006
#    -13    27       1.8579495719E-007
#    -13    28       1.4572552356E-007
#    -12   -15       9.1837256488E-007
#    -12   -14       4.1581889882E-006
#    -12   -13       1.0955600679E-005
#    -12   -12       1.6570643053E-005
#    -12   -11       2.2094007606E-005
#    -12   -10       3.1351921799E-005
#    -12    -9       3.2888978900E-005
#    -12    -8       5.0854907000E-005
#    -12    -7       4.8647642597E-005
#    -12    -6       4.7263688092E-005
#    -12    -5       3.3787784517E-005
#    -12    -4       2.9703690925E-005
#    -12    -3       3.9342722406E-005
#    -12    -2       5.3754881091E-005
#    -12    -1       6.7427553667E-005
#    -12     0       9.4579424446E-005
#    -12     1       1.1379253657E-004
#    -12     2       1.0792433128E-004
#    -12     3       9.3731009127E-005
#    -12     4       6.1667802418E-005
#    -12     5       2.6333350236E-005
#    -12     6       1.9971235703E-006
#    -12     7       3.9708175267E-006
#    -12     8       2.7937238368E-005
#    -12     9       6.1660882415E-005
#    -12    10       9.7661470764E-005
#    -12    11       1.0988936866E-004
#    -12    12       1.0132940755E-004
#    -12    13       7.8319488718E-005
#    -12    14       4.6595233555E-005
#    -12    15       1.7364314434E-005
#    -12    16       2.5122529021E-006
#    -12    17       9.0708950094E-007
#    -12    18       6.6024805317E-006
#    -12    19       1.1026593044E-005
#    -12    20       1.0983275544E-005
#    -12    21       4.9793545886E-006
#    -12    22       1.9668691537E-006
#    -12    23       1.1483336326E-006
#    -12    24       6.4229819058E-007
#    -12    25       6.9233738254E-007
#    -12    26       4.7771313098E-009
#    -12    27       6.9560748815E-008
#    -11   -16       1.7949047676E-006
#    -11   -15       1.1805173109E-006
#    -11   -14       4.4324872231E-006
#    -11   -13       1.4869588921E-005
#    -11   -12       2.6940810754E-005
#    -11   -11       3.3853322542E-005
#    -11   -10       3.4427677617E-005
#    -11    -9       4.6093014929E-005
#    -11    -8       3.9631043189E-005
#    -11    -7       4.2817571106E-005
#    -11    -6       2.9786544815E-005
#    -11    -5       2.4363187605E-005
#    -11    -4       1.9339011547E-005
#    -11    -3       3.6385207019E-005
#    -11    -2       3.9566345797E-005
#    -11    -1       6.4960689897E-005
#    -11     0       7.9392688356E-005
#    -11     1       9.2759631139E-005
#    -11     2       7.9623440146E-005
#    -11     3       6.6332222880E-005
#    -11     4       3.7308964132E-005
#    -11     5       1.1317493523E-005
#    -11     6       8.9160839734E-007
#    -11     7       1.4101531208E-005
#    -11     8       4.4781880081E-005
#    -11     9       7.4909025930E-005
#    -11    10       9.6196078249E-005
#    -11    11       9.5450015392E-005
#    -11    12       7.8375655969E-005
#    -11    13       5.3330856068E-005
#    -11    14       2.8372273769E-005
#    -11    15       7.1707696338E-006
#    -11    16       3.2854018741E-007
#    -11    17       3.8774886103E-006
#    -11    18       1.0652303444E-005
#    -11    19       1.1685738329E-005
#    -11    20       9.8588290192E-006
#    -11    21       5.0542271692E-006
#    -11    22       2.3355275087E-006
#    -11    23       3.9077958182E-007
#    -11    24       6.3573119016E-007
#    -11    25       1.3521837349E-007
#    -11    26       4.0647833719E-009
#    -11    27       1.1382742948E-008
#    -10   -17       7.4401653209E-007
#    -10   -16       5.5528092900E-007
#    -10   -15       3.9483153288E-004
#    -10   -14       4.6069335226E-006
#    -10   -13       1.2401227445E-005
#    -10   -12       1.9238484555E-005
#    -10   -11       2.2535615526E-005
#    -10   -10       6.4479269262E-003
#    -10    -9       3.3448430095E-005
#    -10    -8       3.1537635774E-005
#    -10    -7       2.6061253732E-005
#    -10    -6       1.8477437600E-005
#    -10    -5       1.5305921866E-002
#    -10    -4       1.6137425980E-005
#    -10    -3       2.2784740559E-005
#    -10    -2       3.0663605407E-005
#    -10    -1       4.4006283314E-005
#    -10     0       1.4925375931E-002
#    -10     1       6.0765009567E-005
#    -10     2       5.3686968004E-005
#    -10     3       3.8565696172E-005
#    -10     4       1.8065517276E-005
#    -10     5       4.1554802511E-003
#    -10     6       7.7389835887E-006
#    -10     7       2.6425426186E-005
#    -10     8       5.4618511594E-005
#    -10     9       7.8010182090E-005
#    -10    10       4.7554693431E-002
#    -10    11       7.7181924160E-005
#    -10    12       5.5154077416E-005
#    -10    13       3.1537884336E-005
#    -10    14       1.1843064107E-005
#    -10    15       1.6279978178E-002
#    -10    16       1.0221236314E-006
#    -10    17       6.4003870307E-006
#    -10    18       1.3388058263E-005
#    -10    19       1.4609717392E-005
#    -10    20       6.5290949152E-003
#    -10    21       4.1448397761E-006
#    -10    22       1.1912115818E-006
#    -10    23       2.1250115360E-007
#    -10    24       1.7547407225E-008
#    -10    25       9.2248063245E-004
#    -10    26       3.9743822190E-008
#    -10    27       3.6767112088E-007
#     -9   -18       3.0467154650E-007
#     -9   -17       2.7290305610E-007
#     -9   -16       1.4226394891E-006
#     -9   -15       2.3814286409E-006
#     -9   -14       4.7410172834E-006
#     -9   -13       9.9883697733E-006
#     -9   -12       1.5605303029E-005
#     -9   -11       2.1905830095E-005
#     -9   -10       2.9736510570E-005
#     -9    -9       3.2743359150E-005
#     -9    -8       3.0379765905E-005
#     -9    -7       1.9467489812E-005
#     -9    -6       1.0853072367E-005
#     -9    -5       7.0255576043E-006
#     -9    -4       4.8063940811E-006
#     -9    -3       1.0046230951E-005
#     -9    -2       1.6872149398E-005
#     -9    -1       2.9820950252E-005
#     -9     0       4.3507341081E-005
#     -9     1       4.8611894450E-005
#     -9     2       4.2365106565E-005
#     -9     3       3.2656939855E-005
#     -9     4       1.5071688230E-005
#     -9     5       7.7527370310E-006
#     -9     6       1.6749484476E-005
#     -9     7       3.5842834691E-005
#     -9     8       5.8121497202E-005
#     -9     9       7.1268183675E-005
#     -9    10       7.2849269404E-005
#     -9    11       5.5873652831E-005
#     -9    12       3.3428433462E-005
#     -9    13       1.5273830273E-005
#     -9    14       3.7057865225E-006
#     -9    15       5.9046975775E-007
#     -9    16       3.3099648483E-006
#     -9    17       8.6563923827E-006
#     -9    18       1.3274258862E-005
#     -9    19       1.2788205349E-005
#     -9    20       6.5779673657E-006
#     -9    21       2.7263776110E-006
#     -9    22       4.1250498386E-007
#     -9    23       8.5072910202E-008
#     -9    24       3.7586312027E-007
#     -9    25       9.0040913683E-007
#     -9    26       1.7572971667E-007
#     -9    27       2.9411178000E-007
#     -8   -19       2.1690627696E-007
#     -8   -18       1.6243852480E-006
#     -8   -17       3.7042495889E-006
#     -8   -16       3.4832004952E-008
#     -8   -15       4.1271306259E-006
#     -8   -14       4.8126339398E-006
#     -8   -13       1.3924190781E-005
#     -8   -12       1.4680362217E-005
#     -8   -11       3.0693779951E-005
#     -8   -10       3.5670621041E-005
#     -8    -9       4.0040702523E-005
#     -8    -8       2.7374474203E-005
#     -8    -7       1.9007698261E-005
#     -8    -6       9.2371048375E-006
#     -8    -5       3.8545943537E-006
#     -8    -4       1.1382478249E-007
#     -8    -3       3.7642019267E-006
#     -8    -2       1.1663377223E-005
#     -8    -1       2.6911029354E-005
#     -8     0       3.8396581483E-005
#     -8     1       4.4093203951E-005
#     -8     2       4.1909454770E-005
#     -8     3       3.0819976374E-005
#     -8     4       1.6354081475E-005
#     -8     5       1.3743578385E-005
#     -8     6       2.2840085347E-005
#     -8     7       4.0507358664E-005
#     -8     8       5.4690081677E-005
#     -8     9       6.1145748905E-005
#     -8    10       5.4140905268E-005
#     -8    11       3.4961997800E-005
#     -8    12       1.7770638322E-005
#     -8    13       6.2961782664E-006
#     -8    14       1.2403392645E-006
#     -8    15       2.2694323390E-006
#     -8    16       5.6990848865E-006
#     -8    17       1.1444832288E-005
#     -8    18       1.0802476644E-005
#     -8    19       9.5610840876E-006
#     -8    20       4.7422863536E-006
#     -8    21       8.8151075834E-007
#     -8    22       3.9431393621E-007
#     -8    23       7.5227797232E-007
#     -8    24       4.6001697324E-007
#     -8    25       1.2170763930E-006
#     -8    26       1.5668723472E-006
#     -8    27       2.5983936018E-007
#     -7   -20       7.8582949277E-008
#     -7   -19       3.5222417586E-007
#     -7   -18       1.7511723544E-006
#     -7   -17       3.3046211249E-007
#     -7   -16       5.5983115089E-007
#     -7   -15       2.9494103586E-006
#     -7   -14       4.8530659065E-006
#     -7   -13       1.1079449347E-005
#     -7   -12       2.5286720764E-005
#     -7   -11       3.8649064745E-005
#     -7   -10       4.0485903845E-005
#     -7    -9       4.4100848607E-005
#     -7    -8       3.2995774210E-005
#     -7    -7       2.2191589515E-005
#     -7    -6       1.2934490533E-005
#     -7    -5       5.6504728558E-006
#     -7    -4       5.1901725085E-006
#     -7    -3       8.0445260974E-006
#     -7    -2       1.9021296905E-005
#     -7    -1       3.2865164356E-005
#     -7     0       4.5094133992E-005
#     -7     1       5.1025188512E-005
#     -7     2       4.3635563229E-005
#     -7     3       3.1379748509E-005
#     -7     4       2.0027850470E-005
#     -7     5       1.8021274945E-005
#     -7     6       2.3900921650E-005
#     -7     7       3.7797677725E-005
#     -7     8       4.7435832501E-005
#     -7     9       4.7702804946E-005
#     -7    10       3.6920383691E-005
#     -7    11       2.3385733182E-005
#     -7    12       9.6315172248E-006
#     -7    13       3.2888964834E-006
#     -7    14       2.6700978806E-006
#     -7    15       4.6551636582E-006
#     -7    16       8.6344767986E-006
#     -7    17       1.0438125258E-005
#     -7    18       9.9008299291E-006
#     -7    19       6.1785386977E-006
#     -7    20       2.6591734178E-006
#     -7    21       1.0717904612E-006
#     -7    22       7.4597546500E-007
#     -7    23       8.6175772847E-007
#     -7    24       1.4538385587E-006
#     -7    25       1.1999899400E-006
#     -7    26       3.5398988604E-007
#     -7    27       3.6629149965E-007
#     -6   -20       1.5497403702E-007
#     -6   -19       4.2911678539E-007
#     -6   -18       5.2769488076E-007
#     -6   -17       9.4711306854E-007
#     -6   -16       1.6926345412E-006
#     -6   -15       3.0541587212E-006
#     -6   -14       7.2693214946E-006
#     -6   -13       1.6736208264E-005
#     -6   -12       3.1883578571E-005
#     -6   -11       4.3762135584E-005
#     -6   -10       5.1013303114E-005
#     -6    -9       4.8588819245E-005
#     -6    -8       4.5240776295E-005
#     -6    -7       3.4193406607E-005
#     -6    -6       2.6919905058E-005
#     -6    -5       1.7890760750E-005
#     -6    -4       1.6427055271E-005
#     -6    -3       2.3896176806E-005
#     -6    -2       3.2022972145E-005
#     -6    -1       4.6521888682E-005
#     -6     0       5.5532233976E-005
#     -6     1       5.5834475690E-005
#     -6     2       4.5063213568E-005
#     -6     3       3.1342417288E-005
#     -6     4       1.9780846045E-005
#     -6     5       1.7809125589E-005
#     -6     6       2.2541985559E-005
#     -6     7       3.2475553088E-005
#     -6     8       3.6934461761E-005
#     -6     9       3.4277679731E-005
#     -6    10       2.5889569468E-005
#     -6    11       1.4704515848E-005
#     -6    12       7.1086637903E-006
#     -6    13       4.7032400433E-006
#     -6    14       5.6169670220E-006
#     -6    15       7.5543733557E-006
#     -6    16       8.5927222312E-006
#     -6    17       8.3597160353E-006
#     -6    18       6.6830814880E-006
#     -6    19       4.0335436640E-006
#     -6    20       1.3695220679E-006
#     -6    21       8.0794269081E-007
#     -6    22       1.2713124543E-006
#     -6    23       1.5872425272E-006
#     -6    24       8.0518478000E-007
#     -6    25       7.5877780958E-007
#     -6    26       4.7760587782E-007
#     -5   -21       2.4171116437E-007
#     -5   -20       3.0096197441E-004
#     -5   -19       8.1948835371E-007
#     -5   -18       7.4889512402E-007
#     -5   -17       5.5335027150E-007
#     -5   -16       1.1926021444E-006
#     -5   -15       7.9022915400E-003
#     -5   -14       1.5871843451E-005
#     -5   -13       3.0568576885E-005
#     -5   -12       5.1366688947E-005
#     -5   -11       6.9207014423E-005
#     -5   -10       1.5038643158E-002
#     -5    -9       7.1674720832E-005
#     -5    -8       6.4273453929E-005
#     -5    -7       5.1196086201E-005
#     -5    -6       4.2838504487E-005
#     -5    -5       4.0675083528E-003
#     -5    -4       3.2762790044E-005
#     -5    -3       3.7324683023E-005
#     -5    -2       4.3696181344E-005
#     -5    -1       5.2639263210E-005
#     -5     0       3.2943478692E-002
#     -5     1       5.3012689766E-005
#     -5     2       4.0989521355E-005
#     -5     3       2.8244925813E-005
#     -5     4       1.8701693453E-005
#     -5     5       2.2320040977E-003
#     -5     6       2.2010717200E-005
#     -5     7       2.8014959192E-005
#     -5     8       2.9137117489E-005
#     -5     9       2.5796596745E-005
#     -5    10       4.1352109660E-003
#     -5    11       1.2280357791E-005
#     -5    12       8.1000290621E-006
#     -5    13       6.9037375704E-006
#     -5    14       6.3552937333E-006
#     -5    15       1.5559126474E-002
#     -5    16       5.5222272297E-006
#     -5    17       4.6571708330E-006
#     -5    18       2.9984406781E-006
#     -5    19       1.0964794951E-006
#     -5    20       1.2772629668E-002
#     -5    21       9.9996120372E-007
#     -5    22       2.0635731636E-006
#     -5    23       2.7046537376E-006
#     -5    24       1.4676627543E-006
#     -5    25       8.6055711923E-004
#     -5    26       2.9652036133E-007
#     -4   -22       6.3432957169E-007
#     -4   -21       1.2577653188E-006
#     -4   -20       1.3121577301E-006
#     -4   -19       5.1233157372E-007
#     -4   -18       6.8770187185E-007
#     -4   -17       6.8265932726E-007
#     -4   -16       1.3653589732E-006
#     -4   -15       7.1595149547E-006
#     -4   -14       2.2555810896E-005
#     -4   -13       3.9842936907E-005
#     -4   -12       6.1898891277E-005
#     -4   -11       7.8121179354E-005
#     -4   -10       8.1757879567E-005
#     -4    -9       7.8769593827E-005
#     -4    -8       7.4400113917E-005
#     -4    -7       6.6488682809E-005
#     -4    -6       5.8172866082E-005
#     -4    -5       4.8215959410E-005
#     -4    -4       4.3524481534E-005
#     -4    -3       4.8631593236E-005
#     -4    -2       5.1840152818E-005
#     -4    -1       5.9780219076E-005
#     -4     0       5.9452497324E-005
#     -4     1       5.0078739551E-005
#     -4     2       3.7236205352E-005
#     -4     3       2.4906261667E-005
#     -4     4       1.5252017794E-005
#     -4     5       1.2819209854E-005
#     -4     6       1.5862435114E-005
#     -4     7       1.9716119269E-005
#     -4     8       2.0551495354E-005
#     -4     9       1.8809312312E-005
#     -4    10       1.5968557376E-005
#     -4    11       1.2876047482E-005
#     -4    12       9.4141501909E-006
#     -4    13       8.1769861163E-006
#     -4    14       7.0188997275E-006
#     -4    15       5.9851819825E-006
#     -4    16       4.0837766095E-006
#     -4    17       2.2196542877E-006
#     -4    18       7.8991214689E-007
#     -4    19       6.0413952488E-007
#     -4    20       8.2511140041E-007
#     -4    21       2.6007332721E-006
#     -4    22       3.6039536320E-006
#     -4    23       2.8927573204E-006
#     -4    24       1.0914213346E-006
#     -4    25       6.3576165490E-007
#     -4    26       1.1645077724E-007
#     -3   -22       2.0578648800E-006
#     -3   -21       2.4128129139E-006
#     -3   -20       1.2847366869E-006
#     -3   -19       3.9243093714E-007
#     -3   -18       1.2479588728E-006
#     -3   -17       3.6399397641E-007
#     -3   -16       3.0128986264E-006
#     -3   -15       8.2301126454E-006
#     -3   -14       2.5230492110E-005
#     -3   -13       4.5030217342E-005
#     -3   -12       7.0587454239E-005
#     -3   -11       7.3306540680E-005
#     -3   -10       8.0656667521E-005
#     -3    -9       8.0333806021E-005
#     -3    -8       8.1625298497E-005
#     -3    -7       7.2518691203E-005
#     -3    -6       6.5212981519E-005
#     -3    -5       5.6611326985E-005
#     -3    -4       5.3676648355E-005
#     -3    -3       5.2032212868E-005
#     -3    -2       5.5428124343E-005
#     -3    -1       5.7539505177E-005
#     -3     0       5.2586493334E-005
#     -3     1       4.5402525786E-005
#     -3     2       3.1886911481E-005
#     -3     3       1.7796878309E-005
#     -3     4       1.0163726704E-005
#     -3     5       7.9427595016E-006
#     -3     6       9.9209255332E-006
#     -3     7       1.3218324179E-005
#     -3     8       1.5980763128E-005
#     -3     9       1.6811284948E-005
#     -3    10       1.5037836224E-005
#     -3    11       1.2745217622E-005
#     -3    12       1.0311430558E-005
#     -3    13       9.1361528110E-006
#     -3    14       5.7554511240E-006
#     -3    15       3.8109157084E-006
#     -3    16       1.6782484325E-006
#     -3    17       6.5957349350E-007
#     -3    18       5.2457032753E-007
#     -3    19       1.1953101069E-006
#     -3    20       8.1808567896E-007
#     -3    21       3.9068560801E-006
#     -3    22       2.9676587936E-006
#     -3    23       1.3479044007E-006
#     -3    24       8.0983673864E-007
#     -3    25       2.6860344508E-006
#     -2   -23       1.7007377636E-006
#     -2   -22       1.1887641942E-006
#     -2   -21       3.8017246107E-007
#     -2   -20       5.7355748935E-007
#     -2   -19       6.5444193434E-007
#     -2   -18       1.0430630690E-006
#     -2   -17       8.9964061889E-007
#     -2   -16       1.6870594598E-006
#     -2   -15       8.9715326224E-006
#     -2   -14       2.8678316313E-005
#     -2   -13       4.6130412003E-005
#     -2   -12       5.8966051192E-005
#     -2   -11       6.5668386527E-005
#     -2   -10       7.5786521366E-005
#     -2    -9       7.6132340415E-005
#     -2    -8       7.8254666390E-005
#     -2    -7       7.3867815009E-005
#     -2    -6       6.6579584428E-005
#     -2    -5       5.6944211171E-005
#     -2    -4       4.8811046056E-005
#     -2    -3       4.9066796424E-005
#     -2    -2       4.8667561067E-005
#     -2    -1       4.8930293525E-005
#     -2     0       4.3923370668E-005
#     -2     1       3.6339819901E-005
#     -2     2       2.2370434176E-005
#     -2     3       1.0902524699E-005
#     -2     4       4.6437245229E-006
#     -2     5       3.8464579214E-006
#     -2     6       6.5785726389E-006
#     -2     7       1.1338986562E-005
#     -2     8       1.5483882713E-005
#     -2     9       1.7246651726E-005
#     -2    10       1.5987296596E-005
#     -2    11       1.3411578301E-005
#     -2    12       1.0780469639E-005
#     -2    13       6.3398720991E-006
#     -2    14       3.6475268089E-006
#     -2    15       1.6417617691E-006
#     -2    16       6.4819586613E-007
#     -2    17       3.2545836279E-007
#     -2    18       9.3638651125E-007
#     -2    19       1.6614629600E-006
#     -2    20       2.2797092185E-006
#     -2    21       1.9866568369E-006
#     -2    22       3.0140328951E-006
#     -2    23       1.6502628981E-006
#     -2    24       4.9577300235E-007
#     -2    25       9.9638577244E-007
#     -1   -23       8.6338542552E-007
#     -1   -22       8.7492367937E-007
#     -1   -21       9.6216910789E-007
#     -1   -20       4.5763177953E-007
#     -1   -19       1.5657796004E-006
#     -1   -18       1.7144606379E-006
#     -1   -17       2.2610737975E-007
#     -1   -16       1.4487872412E-006
#     -1   -15       9.5828303840E-006
#     -1   -14       2.4673693208E-005
#     -1   -13       3.8957642945E-005
#     -1   -12       4.6136049269E-005
#     -1   -11       5.3870480531E-005
#     -1   -10       6.1906756684E-005
#     -1    -9       6.8517728187E-005
#     -1    -8       6.7973525592E-005
#     -1    -7       6.6139979816E-005
#     -1    -6       5.6369816849E-005
#     -1    -5       4.8581815462E-005
#     -1    -4       4.3040061020E-005
#     -1    -3       4.0772232984E-005
#     -1    -2       3.9560949107E-005
#     -1    -1       3.7795125757E-005
#     -1     0       3.1584412983E-005
#     -1     1       2.3439533033E-005
#     -1     2       1.4079508754E-005
#     -1     3       5.2811657601E-006
#     -1     4       1.2675682941E-006
#     -1     5       2.3863422443E-006
#     -1     6       7.0902461108E-006
#     -1     7       1.2479290433E-005
#     -1     8       1.6368130950E-005
#     -1     9       1.6970052426E-005
#     -1    10       1.5500652002E-005
#     -1    11       1.2211298674E-005
#     -1    12       7.9754529699E-006
#     -1    13       3.9789635798E-006
#     -1    14       1.4359550191E-006
#     -1    15       4.2974397089E-007
#     -1    16       1.2526327327E-008
#     -1    17       2.7618350723E-007
#     -1    18       1.4536649442E-006
#     -1    19       2.7917804075E-006
#     -1    20       2.8622496717E-006
#     -1    21       3.3375687891E-006
#     -1    22       2.2370129519E-006
#     -1    23       1.8898525335E-006
#     -1    24       6.4503484348E-007
#      0   -24       2.6108119523E-007
#      0   -23       1.3262655180E-007
#      0   -22       1.3446741042E-006
#      0   -21       7.7230128083E-007
#      0   -20       2.3283668278E-003
#      0   -19       3.3837362831E-006
#      0   -18       5.9744603430E-006
#      0   -17       6.9054276948E-007
#      0   -16       3.7079886116E-007
#      0   -15       2.7518247855E-002
#      0   -14       1.4246410891E-005
#      0   -13       2.3893108546E-005
#      0   -12       2.9526001335E-005
#      0   -11       3.9403520999E-005
#      0   -10       4.7399458781E-002
#      0    -9       6.0156322112E-005
#      0    -8       6.3250110473E-005
#      0    -7       6.0521825903E-005
#      0    -6       5.1980645033E-005
#      0    -5       2.4362553285E-003
#      0    -4       3.5924517046E-005
#      0    -3       3.0889349567E-005
#      0    -2       2.8274985580E-005
#      0    -1       2.5045762075E-005
#      0     0       3.2436790757E-002
#      0     1       1.2811637395E-005
#      0     2       5.7940602486E-006
#      0     3       1.5518938138E-006
#      0     4       1.2143035531E-006
#      0     5       3.4117269351E-002
#      0     6       1.0234045083E-005
#      0     7       1.4663187304E-005
#      0     8       1.6714792661E-005
#      0     9       1.5365349370E-005
#      0    10       1.6235006866E-002
#      0    11       7.3600219493E-006
#      0    12       3.0411715991E-006
#      0    13       1.2051352042E-006
#      0    14       2.8539878749E-007
#      0    15       4.5329106197E-002
#      0    16       9.8328881390E-007
#      0    17       2.3174198807E-006
#      0    18       2.9223122250E-006
#      0    19       4.0705139859E-006
#      0    20       8.4759992344E-003
#      0    21       4.2356250796E-006
#      0    22       1.8096541657E-006
#      0    23       2.3924716679E-007
#      0    24       5.0353836766E-007
#      1   -24       8.9823289421E-007
#      1   -23       1.0703952715E-006
#      1   -22       6.6446955356E-007
#      1   -21       6.8213837653E-007
#      1   -20       1.8669832166E-006
#      1   -19       5.1587129656E-006
#      1   -18       4.3392857433E-006
#      1   -17       1.9969500271E-006
#      1   -16       2.8337816867E-007
#      1   -15       3.0078396225E-006
#      1   -14       8.1715457751E-006
#      1   -13       1.3160557945E-005
#      1   -12       1.9145447667E-005
#      1   -11       2.8329217314E-005
#      1   -10       4.0360302555E-005
#      1    -9       4.9070058431E-005
#      1    -8       5.1123324856E-005
#      1    -7       4.7687987591E-005
#      1    -6       4.0504925470E-005
#      1    -5       3.2694037426E-005
#      1    -4       2.5536219396E-005
#      1    -3       2.0253671137E-005
#      1    -2       1.7921544992E-005
#      1    -1       1.5459019365E-005
#      1     0       1.1693219208E-005
#      1     1       7.2934516790E-006
#      1     2       2.6350916558E-006
#      1     3       2.3030342930E-007
#      1     4       1.1082315043E-006
#      1     5       4.5267421273E-006
#      1     6       8.9289894033E-006
#      1     7       1.2187836044E-005
#      1     8       1.3256904738E-005
#      1     9       1.1112479863E-005
#      1    10       6.9744651327E-006
#      1    11       3.7238958457E-006
#      1    12       7.1960229575E-007
#      1    13       3.8426059929E-007
#      1    14       5.1904169497E-007
#      1    15       7.0590615964E-007
#      1    16       8.2062357690E-007
#      1    17       3.3910477403E-006
#      1    18       4.1158599442E-006
#      1    19       3.5485659447E-006
#      1    20       3.1998613362E-006
#      1    21       1.1997392082E-006
#      1    22       4.5758860173E-007
#      1    23       7.5055235887E-007
#      2   -25       9.4304986071E-007
#      2   -24       9.8452310533E-007
#      2   -23       1.5442784729E-006
#      2   -22       8.3702133647E-007
#      2   -21       1.2770125534E-006
#      2   -20       2.9245181538E-006
#      2   -19       6.5848215647E-006
#      2   -18       6.6136814846E-006
#      2   -17       2.8501562262E-006
#      2   -16       1.0125913845E-006
#      2   -15       1.5719967553E-006
#      2   -14       3.3627007059E-006
#      2   -13       5.7461519850E-006
#      2   -12       1.0951678343E-005
#      2   -11       2.1213315004E-005
#      2   -10       3.1926713192E-005
#      2    -9       3.8018489955E-005
#      2    -8       3.9701944386E-005
#      2    -7       3.7562212346E-005
#      2    -6       3.1249926085E-005
#      2    -5       2.5205864438E-005
#      2    -4       1.8230614998E-005
#      2    -3       1.3241748124E-005
#      2    -2       1.0202030767E-005
#      2    -1       8.4764639046E-006
#      2     0       6.1907991671E-006
#      2     1       3.8960441019E-006
#      2     2       1.1371659239E-006
#      2     3       2.9455222587E-010
#      2     4       1.2799929096E-006
#      2     5       4.5914265311E-006
#      2     6       7.6337471096E-006
#      2     7       1.0016997996E-005
#      2     8       9.7771596544E-006
#      2     9       7.1083474159E-006
#      2    10       3.4799741679E-006
#      2    11       9.8876027190E-007
#      2    12       3.2385967456E-007
#      2    13       6.1709365731E-007
#      2    14       9.0367287053E-007
#      2    15       9.4340977150E-007
#      2    16       2.1632441184E-006
#      2    17       3.7704364684E-006
#      2    18       3.8742362766E-006
#      2    19       1.9258499654E-006
#      2    20       1.8856167729E-006
#      2    21       1.2433994491E-006
#      2    22       1.5964730354E-006
#      2    23       2.1421379097E-006
#      3   -25       2.2705217799E-008
#      3   -24       1.1673799769E-006
#      3   -23       7.9075311388E-007
#      3   -22       8.1894673056E-007
#      3   -21       1.3132927688E-006
#      3   -20       5.2252586584E-006
#      3   -19       1.0106702340E-005
#      3   -18       9.6144096104E-006
#      3   -17       4.9821928536E-006
#      3   -16       2.1557599956E-006
#      3   -15       9.0977710845E-007
#      3   -14       1.2506871334E-006
#      3   -13       3.5329885941E-006
#      3   -12       9.0208254416E-006
#      3   -11       1.6897779702E-005
#      3   -10       2.6413697633E-005
#      3    -9       3.2212198215E-005
#      3    -8       3.2752081031E-005
#      3    -7       3.1313533153E-005
#      3    -6       2.7182061562E-005
#      3    -5       2.0906609409E-005
#      3    -4       1.4274130280E-005
#      3    -3       9.7243896236E-006
#      3    -2       5.9157165859E-006
#      3    -1       4.5746520585E-006
#      3     0       3.4409103293E-006
#      3     1       1.7388682258E-006
#      3     2       5.6622647161E-007
#      3     3       7.0805597379E-008
#      3     4       1.3946530158E-006
#      3     5       3.9326357599E-006
#      3     6       6.0297956812E-006
#      3     7       7.5935507822E-006
#      3     8       6.9283885456E-006
#      3     9       3.6957425060E-006
#      3    10       1.3667306245E-006
#      3    11       2.3087676813E-007
#      3    12       3.5670246255E-007
#      3    13       4.4400337033E-007
#      3    14       5.4482711430E-007
#      3    15       1.0715642501E-006
#      3    16       2.6790896727E-006
#      3    17       3.6367254820E-006
#      3    18       4.0499348364E-006
#      3    19       1.7115494468E-006
#      3    20       5.3420798022E-007
#      3    21       3.3636240163E-006
#      3    22       7.6825799809E-007
#      4   -26       1.2168323212E-008
#      4   -25       2.7743508575E-007
#      4   -24       1.2748023101E-006
#      4   -23       1.2478487590E-006
#      4   -22       9.4747206890E-007
#      4   -21       2.0368697085E-006
#      4   -20       6.0076428173E-006
#      4   -19       1.0682537026E-005
#      4   -18       1.1886966157E-005
#      4   -17       7.2312216304E-006
#      4   -16       4.2123850555E-006
#      4   -15       2.5291137539E-006
#      4   -14       3.3080434017E-006
#      4   -13       6.7281404082E-006
#      4   -12       1.2513917029E-005
#      4   -11       2.0426683575E-005
#      4   -10       2.7947782251E-005
#      4    -9       3.0458489409E-005
#      4    -8       3.1908380713E-005
#      4    -7       3.1775184209E-005
#      4    -6       2.7511063354E-005
#      4    -5       2.0175535708E-005
#      4    -4       1.3824450037E-005
#      4    -3       7.7524201918E-006
#      4    -2       4.0164888053E-006
#      4    -1       2.5088894072E-006
#      4     0       1.6556772366E-006
#      4     1       1.0113737858E-006
#      4     2       3.4562004182E-007
#      4     3       1.9266743613E-007
#      4     4       1.3320156106E-006
#      4     5       3.2471909935E-006
#      4     6       4.8446301944E-006
#      4     7       5.1275068730E-006
#      4     8       3.8096980539E-006
#      4     9       1.6814235515E-006
#      4    10       3.0043724020E-007
#      4    11       6.8648860238E-008
#      4    12       3.9121631007E-007
#      4    13       2.7279697369E-007
#      4    14       5.8187619978E-007
#      4    15       2.3623572543E-006
#      4    16       4.2195632952E-006
#      4    17       3.8800712430E-006
#      4    18       2.8971113871E-006
#      4    19       1.0537201981E-006
#      4    20       9.0767366455E-007
#      4    21       1.2245645940E-006
#      4    22       1.7180490410E-006
#      5   -26       4.8397104534E-008
#      5   -25       2.9009234746E-004
#      5   -24       8.1227309266E-007
#      5   -23       6.3476736521E-007
#      5   -22       3.5480837100E-007
#      5   -21       2.3473041565E-006
#      5   -20       7.8057508941E-003
#      5   -19       1.2326945529E-005
#      5   -18       1.1914496535E-005
#      5   -17       9.2448550961E-006
#      5   -16       6.2147707493E-006
#      5   -15       1.6343419711E-002
#      5   -14       8.4945854177E-006
#      5   -13       1.3411180853E-005
#      5   -12       2.0620151334E-005
#      5   -11       2.7963113335E-005
#      5   -10       3.6915237365E-003
#      5    -9       3.8166015543E-005
#      5    -8       4.2671021773E-005
#      5    -7       4.1141525308E-005
#      5    -6       3.5867316878E-005
#      5    -5       3.3897403794E-002
#      5    -4       1.8608353858E-005
#      5    -3       9.8890016110E-006
#      5    -2       5.1571960826E-006
#      5    -1       2.8202717837E-006
#      5     0       2.1383727960E-003
#      5     1       8.3635383297E-007
#      5     2       2.1533950479E-007
#      5     3       7.3188124321E-008
#      5     4       1.0889355240E-006
#      5     5       4.6012051382E-003
#      5     6       3.2383697952E-006
#      5     7       3.1403042743E-006
#      5     8       1.5052739326E-006
#      5     9       7.8995439895E-007
#      5    10       1.5778109636E-002
#      5    11       1.8959778199E-006
#      5    12       1.7440118157E-006
#      5    13       1.4790114142E-006
#      5    14       2.5130995323E-006
#      5    15       1.3116065543E-002
#      5    16       4.8416586307E-006
#      5    17       2.6542073168E-006
#      5    18       1.6319379099E-007
#      5    19       5.1079538650E-007
#      5    20       8.8630201861E-004
#      5    21       4.0957000777E-007
#      6   -26       5.5139381112E-008
#      6   -25       3.7985542893E-007
#      6   -24       1.2010564043E-006
#      6   -23       8.7297468854E-007
#      6   -22       7.6216901869E-007
#      6   -21       3.0226033184E-006
#      6   -20       8.7721702636E-006
#      6   -19       1.2987807008E-005
#      6   -18       1.3385191912E-005
#      6   -17       1.0579182934E-005
#      6   -16       9.0921584078E-006
#      6   -15       1.0963595010E-005
#      6   -14       1.5675694925E-005
#      6   -13       2.1752377042E-005
#      6   -12       2.9594812394E-005
#      6   -11       3.5792133820E-005
#      6   -10       4.2197157378E-005
#      6    -9       4.7315407653E-005
#      6    -8       4.7421057504E-005
#      6    -7       4.4150307328E-005
#      6    -6       3.8752257303E-005
#      6    -5       2.9283157915E-005
#      6    -4       1.9174650187E-005
#      6    -3       1.1073845488E-005
#      6    -2       5.8015021695E-006
#      6    -1       3.2836870084E-006
#      6     0       2.4881273022E-006
#      6     1       1.8298275673E-006
#      6     2       1.0461822758E-006
#      6     3       2.4329699876E-007
#      6     4       8.9165729026E-008
#      6     5       6.0353920666E-007
#      6     6       8.0436213157E-007
#      6     7       6.5331089914E-007
#      6     8       3.3312665255E-007
#      6     9       3.9030440015E-007
#      6    10       1.2058304138E-006
#      6    11       1.9419407458E-006
#      6    12       1.1242453827E-006
#      6    13       1.8494228340E-006
#      6    14       4.1046182323E-006
#      6    15       4.6855188901E-006
#      6    16       2.0628221792E-006
#      6    17       1.6549788837E-006
#      6    18       9.9087723355E-007
#      6    19       1.8125405585E-006
#      6    20       2.3338699092E-006
#      7   -27       4.7906538261E-008
#      7   -26       2.4038928134E-007
#      7   -25       1.6929507022E-008
#      7   -24       5.2442634298E-007
#      7   -23       6.1671367547E-007
#      7   -22       6.8574785306E-007
#      7   -21       2.9948901704E-006
#      7   -20       1.1213384924E-005
#      7   -19       1.4424703499E-005
#      7   -18       1.3588608321E-005
#      7   -17       1.2471572229E-005
#      7   -16       1.2573084132E-005
#      7   -15       1.5972530662E-005
#      7   -14       2.1923406882E-005
#      7   -13       2.8777057578E-005
#      7   -12       3.6070284626E-005
#      7   -11       4.4110123108E-005
#      7   -10       4.7599511249E-005
#      7    -9       5.1049073792E-005
#      7    -8       4.9526362635E-005
#      7    -7       4.5153951160E-005
#      7    -6       3.7935309883E-005
#      7    -5       2.7803372867E-005
#      7    -4       1.7688870213E-005
#      7    -3       1.0054047354E-005
#      7    -2       5.5166451291E-006
#      7    -1       3.9185098096E-006
#      7     0       3.9948203318E-006
#      7     1       3.5053378953E-006
#      7     2       2.4968105078E-006
#      7     3       8.3814348154E-007
#      7     4       9.1090160688E-008
#      7     5       2.3058933944E-008
#      7     6       6.0739193938E-008
#      7     7       7.6112042063E-009
#      7     8       6.2780625711E-008
#      7     9       4.9186238958E-007
#      7    10       8.0440297348E-007
#      7    11       7.1336221608E-007
#      7    12       8.3051665060E-007
#      7    13       1.8881453116E-006
#      7    14       4.6887357389E-006
#      7    15       2.6815462251E-006
#      7    16       1.3123596765E-006
#      7    17       4.2931328013E-007
#      7    18       2.0246351969E-006
#      7    19       3.7546230693E-006
#      7    20       1.3262880075E-006
#      8   -27       8.0290313343E-008
#      8   -26       1.2274747625E-006
#      8   -25       3.1442345507E-008
#      8   -24       1.8233656833E-006
#      8   -23       5.1319869391E-008
#      8   -22       8.2475201772E-007
#      8   -21       5.6708585553E-006
#      8   -20       1.0408261847E-005
#      8   -19       1.0916486157E-005
#      8   -18       1.4548210584E-005
#      8   -17       1.2725804843E-005
#      8   -16       1.3139457199E-005
#      8   -15       1.9414821492E-005
#      8   -14       2.7380076813E-005
#      8   -13       3.4760711846E-005
#      8   -12       4.0265182924E-005
#      8   -11       4.5895588162E-005
#      8   -10       4.9017184269E-005
#      8    -9       4.9141547885E-005
#      8    -8       4.7399548492E-005
#      8    -7       4.1438790706E-005
#      8    -6       3.2881675189E-005
#      8    -5       2.3630278585E-005
#      8    -4       1.4287300874E-005
#      8    -3       7.4426545822E-006
#      8    -2       5.0710390033E-006
#      8    -1       5.1706981582E-006
#      8     0       5.8166374273E-006
#      8     1       5.4402466957E-006
#      8     2       3.5911644353E-006
#      8     3       1.9419850740E-006
#      8     4       6.7001525315E-007
#      8     5       2.9782487490E-007
#      8     6       2.2293313428E-007
#      8     7       1.5184705625E-007
#      8     8       1.7876637893E-007
#      8     9       2.9458645389E-007
#      8    10       3.5706525959E-007
#      8    11       6.8517207648E-007
#      8    12       1.0607523881E-006
#      8    13       1.6538997512E-006
#      8    14       2.0867034641E-006
#      8    15       5.0172871371E-007
#      8    16       1.7132689569E-006
#      8    17       2.1453066461E-006
#      8    18       3.6493316216E-006
#      8    19       2.2588802240E-006
#      9   -27       6.2143385726E-009
#      9   -26       7.5087414557E-008
#      9   -25       5.0776485218E-007
#      9   -24       8.6208658450E-008
#      9   -23       5.3966439909E-009
#      9   -22       9.0851482173E-007
#      9   -21       4.3820751314E-006
#      9   -20       9.9288957986E-006
#      9   -19       1.4251679157E-005
#      9   -18       1.3710161284E-005
#      9   -17       1.3622942422E-005
#      9   -16       1.6837481610E-005
#      9   -15       2.1278689382E-005
#      9   -14       2.6951129838E-005
#      9   -13       3.4219798377E-005
#      9   -12       3.9526331608E-005
#      9   -11       4.3260983897E-005
#      9   -10       4.5080005444E-005
#      9    -9       4.4856344581E-005
#      9    -8       4.1438478730E-005
#      9    -7       3.5017494937E-005
#      9    -6       2.6129675727E-005
#      9    -5       1.7785584053E-005
#      9    -4       1.0187402931E-005
#      9    -3       6.2514210508E-006
#      9    -2       5.5537272319E-006
#      9    -1       6.6896067351E-006
#      9     0       7.5958433466E-006
#      9     1       6.6610757145E-006
#      9     2       4.8568990707E-006
#      9     3       2.7101155770E-006
#      9     4       1.2938977852E-006
#      9     5       7.3921853699E-007
#      9     6       6.4194226863E-007
#      9     7       3.8676203297E-007
#      9     8       1.0972108680E-007
#      9     9       1.1029584512E-007
#      9    10       3.4602038045E-007
#      9    11       1.5201220979E-006
#      9    12       2.1113795760E-006
#      9    13       1.4547215801E-006
#      9    14       7.5193068485E-007
#      9    15       7.6149030270E-008
#      9    16       1.2076245767E-007
#      9    17       1.3959336626E-006
#      9    18       9.4600394172E-007
#     10   -27       7.1207712401E-008
#     10   -26       4.5065834279E-008
#     10   -25       4.2719955255E-004
#     10   -24       1.7620233907E-007
#     10   -23       2.1242306637E-007
#     10   -22       7.5057351657E-007
#     10   -21       3.8079770402E-006
#     10   -20       6.7519484455E-003
#     10   -19       1.1650083702E-005
#     10   -18       1.0841528951E-005
#     10   -17       1.3028621082E-005
#     10   -16       1.5787722300E-005
#     10   -15       1.4811274220E-002
#     10   -14       2.6319166028E-005
#     10   -13       3.2659585580E-005
#     10   -12       3.7644027907E-005
#     10   -11       3.9267410977E-005
#     10   -10       1.5270290611E-002
#     10    -9       3.9727896765E-005
#     10    -8       3.6106430551E-005
#     10    -7       3.0176563534E-005
#     10    -6       2.2722487642E-005
#     10    -5       4.9438161412E-003
#     10    -4       8.9944712658E-006
#     10    -3       5.9880732762E-006
#     10    -2       4.9567000641E-006
#     10    -1       5.8783478412E-006
#     10     0       4.9180716621E-002
#     10     1       4.7269763121E-006
#     10     2       2.8807803561E-006
#     10     3       1.3149200100E-006
#     10     4       3.1082272750E-007
#     10     5       1.6190663908E-002
#     10     6       4.5753701791E-008
#     10     7       7.5825770655E-009
#     10     8       1.2397144115E-007
#     10     9       1.2374645963E-008
#     10    10       7.1161894873E-003
#     10    11       1.0922161517E-006
#     10    12       1.3866544044E-006
#     10    13       2.1967141862E-006
#     10    14       3.9951287936E-008
#     10    15       9.6934326743E-004
#     10    16       2.7871016353E-006
#     10    17       2.8770192451E-006
#     11   -27       2.2081992221E-007
#     11   -26       3.7689181541E-008
#     11   -25       3.9169417499E-007
#     11   -24       1.0415531313E-007
#     11   -23       3.4874455051E-008
#     11   -22       7.4823036390E-007
#     11   -21       3.2941047537E-006
#     11   -20       6.7649899747E-006
#     11   -19       7.6247197765E-006
#     11   -18       8.7850752420E-006
#     11   -17       1.0658388404E-005
#     11   -16       1.2970759578E-005
#     11   -15       1.7576448498E-005
#     11   -14       2.2962076672E-005
#     11   -13       2.6009651525E-005
#     11   -12       2.8437332187E-005
#     11   -11       3.0401804159E-005
#     11   -10       2.9781889312E-005
#     11    -9       2.8298725634E-005
#     11    -8       2.6053831088E-005
#     11    -7       2.0295867942E-005
#     11    -6       1.4989020316E-005
#     11    -5       9.8850123925E-006
#     11    -4       6.2781353571E-006
#     11    -3       5.3152012620E-006
#     11    -2       5.8902015646E-006
#     11    -1       6.7425870182E-006
#     11     0       6.8845905863E-006
#     11     1       5.3230721399E-006
#     11     2       3.5294486652E-006
#     11     3       2.1869990576E-006
#     11     4       7.6120877435E-007
#     11     5       4.7454040131E-007
#     11     6       2.2483919756E-007
#     11     7       1.3003589536E-007
#     11     8       7.8891616153E-008
#     11     9       6.0014430680E-007
#     11    10       8.1722958155E-007
#     11    11       1.3664227590E-006
#     11    12       7.5420568339E-007
#     11    13       4.9054357444E-007
#     11    14       1.8479955291E-007
#     11    15       1.6955331956E-006
#     11    16       4.0103240197E-006
#     12   -27       2.3654978639E-007
#     12   -26       3.2464441221E-008
#     12   -25       5.4765748127E-008
#     12   -24       4.7821158400E-008
#     12   -23       3.2049138780E-007
#     12   -22       1.2348115431E-006
#     12   -21       3.2381796139E-006
#     12   -20       5.0769674379E-006
#     12   -19       6.2631831805E-006
#     12   -18       7.0954957237E-006
#     12   -17       8.4245212256E-006
#     12   -16       1.1695916875E-005
#     12   -15       1.2712084204E-005
#     12   -14       1.6520009313E-005
#     12   -13       1.8659603419E-005
#     12   -12       1.9867985833E-005
#     12   -11       2.0083106469E-005
#     12   -10       1.9366904454E-005
#     12    -9       1.7357566291E-005
#     12    -8       1.5203840469E-005
#     12    -7       1.1908020987E-005
#     12    -6       8.0466631425E-006
#     12    -5       5.6828432570E-006
#     12    -4       4.2245938090E-006
#     12    -3       4.3557859939E-006
#     12    -2       5.5813904457E-006
#     12    -1       6.5442628005E-006
#     12     0       6.3775627970E-006
#     12     1       5.2371070279E-006
#     12     2       3.7738226740E-006
#     12     3       1.9462342706E-006
#     12     4       1.3050062196E-006
#     12     5       7.2899027464E-007
#     12     6       5.3847039655E-007
#     12     7       5.4428240991E-007
#     12     8       5.7714993539E-007
#     12     9       7.2942817148E-007
#     12    10       8.1936974638E-007
#     12    11       5.3032163452E-007
#     12    12       2.8556931274E-007
#     12    13       6.1090127924E-007
#     12    14       1.2485852889E-006
#     12    15       1.4820694666E-006
#     13   -28       5.8983705867E-007
#     13   -27       1.1022185138E-007
#     13   -26       9.8796643693E-007
#     13   -25       2.5678551008E-007
#     13   -24       9.0908542152E-007
#     13   -23       8.9547014110E-007
#     13   -22       1.6633628557E-006
#     13   -21       2.0541235023E-006
#     13   -20       4.6951518639E-006
#     13   -19       5.6022493113E-006
#     13   -18       7.9866009513E-006
#     13   -17       8.0840322004E-006
#     13   -16       1.0094177912E-005
#     13   -15       1.0147577659E-005
#     13   -14       1.1204529454E-005
#     13   -13       1.2375464870E-005
#     13   -12       1.1928321339E-005
#     13   -11       1.0810562422E-005
#     13   -10       1.0180638014E-005
#     13    -9       9.0788366398E-006
#     13    -8       6.4244352738E-006
#     13    -7       5.4487611836E-006
#     13    -6       3.5948462098E-006
#     13    -5       2.6604287445E-006
#     13    -4       2.4249962536E-006
#     13    -3       2.8243297374E-006
#     13    -2       4.3949219092E-006
#     13    -1       5.4605362575E-006
#     13     0       4.8839434386E-006
#     13     1       5.1076618705E-006
#     13     2       3.4253815584E-006
#     13     3       3.0946243180E-006
#     13     4       1.9432186354E-006
#     13     5       1.2253536207E-006
#     13     6       7.8840708468E-007
#     13     7       8.9512225890E-007
#     13     8       7.9300367765E-007
#     13     9       6.6093436626E-007
#     13    10       4.0952839676E-007
#     13    11       2.7202105174E-007
#     13    12       4.4653099510E-007
#     13    13       3.5951041920E-006
#     13    14       1.9113087593E-006
#     13    15       1.6824877577E-006
#     14   -28       1.0620956589E-006
#     14   -27       2.9340739705E-007
#     14   -26       6.6555281438E-009
#     14   -25       5.0507353101E-007
#     14   -24       5.7721712505E-007
#     14   -23       1.1348318203E-006
#     14   -22       2.2758146121E-006
#     14   -21       3.3043699792E-006
#     14   -20       4.3240489273E-006
#     14   -19       5.8072662880E-006
#     14   -18       6.6914200480E-006
#     14   -17       7.6153705125E-006
#     14   -16       7.0144483183E-006
#     14   -15       8.9891255993E-006
#     14   -14       9.0288403158E-006
#     14   -13       7.8357581746E-006
#     14   -12       6.8137237327E-006
#     14   -11       5.4079092726E-006
#     14   -10       5.6817326260E-006
#     14    -9       4.2959332961E-006
#     14    -8       2.5154176423E-006
#     14    -7       1.7995761952E-006
#     14    -6       1.0467591435E-006
#     14    -5       1.0050519955E-006
#     14    -4       1.2151559616E-006
#     14    -3       2.7152209988E-006
#     14    -2       3.5909383205E-006
#     14    -1       4.5994510716E-006
#     14     0       5.6134377651E-006
#     14     1       5.0285759754E-006
#     14     2       4.3338933754E-006
#     14     3       2.8862810246E-006
#     14     4       1.8075840025E-006
#     14     5       9.4246785804E-007
#     14     6       5.7596621353E-007
#     14     7       4.7111644346E-007
#     14     8       3.1665482836E-007
#     14     9       1.8891402835E-007
#     14    10       1.1840722767E-007
#     14    11       3.9559375268E-007
#     14    12       1.7952491704E-006
#     14    13       2.7287805965E-006
#     14    14       1.3245249153E-006
#     15   -28       3.3812850096E-008
#     15   -27       8.8814234187E-008
#     15   -26       4.6617804101E-008
#     15   -25       8.9937937784E-004
#     15   -24       1.3721482494E-006
#     15   -23       3.4936759309E-006
#     15   -22       3.6722633786E-006
#     15   -21       4.7255025647E-006
#     15   -20       1.2445768521E-002
#     15   -19       6.6344714200E-006
#     15   -18       7.2671307950E-006
#     15   -17       9.4561510199E-006
#     15   -16       8.8190231519E-006
#     15   -15       4.5705736417E-002
#     15   -14       7.3892139923E-006
#     15   -13       6.0610602265E-006
#     15   -12       5.1939620086E-006
#     15   -11       4.7096557579E-006
#     15   -10       1.6157799078E-002
#     15    -9       2.3033731802E-006
#     15    -8       1.3634754139E-006
#     15    -7       6.7870402480E-007
#     15    -6       4.3226659527E-007
#     15    -5       1.6278275446E-002
#     15    -4       2.5402182387E-007
#     15    -3       8.1594429066E-007
#     15    -2       1.6331841767E-006
#     15    -1       2.9937555490E-006
#     15     0       2.8657036736E-002
#     15     1       2.8460586351E-006
#     15     2       2.0867900537E-006
#     15     3       9.5019693055E-007
#     15     4       2.6119912665E-007
#     15     5       8.2678260221E-003
#     15     6       2.6813809744E-007
#     15     7       3.6912339854E-007
#     15     8       7.1167351646E-007
#     15     9       3.6462665047E-007
#     15    10       4.5562003502E-004
#     15    11       9.5130093773E-007
#     15    12       9.6566145295E-007
#     15    13       5.3231194753E-007
#     16   -27       7.6607876394E-008
#     16   -26       2.2621682190E-008
#     16   -25       1.4011181928E-006
#     16   -24       2.2170363397E-006
#     16   -23       3.2528910910E-006
#     16   -22       3.7399534433E-006
#     16   -21       4.4548287834E-006
#     16   -20       5.1161959796E-006
#     16   -19       8.6035524196E-006
#     16   -18       9.3010448595E-006
#     16   -17       9.0480799605E-006
#     16   -16       9.4405781439E-006
#     16   -15       7.8698860726E-006
#     16   -14       5.0498192847E-006
#     16   -13       5.2384699760E-006
#     16   -12       4.0718767535E-006
#     16   -11       2.5933732944E-006
#     16   -10       1.7631297896E-006
#     16    -9       1.3358152931E-006
#     16    -8       4.7905239268E-007
#     16    -7       3.8810149328E-007
#     16    -6       7.3877511838E-008
#     16    -5       1.4991667721E-009
#     16    -4       2.3875098991E-007
#     16    -3       9.1756113024E-007
#     16    -2       1.8141228904E-006
#     16    -1       2.3552729400E-006
#     16     0       2.5427417667E-006
#     16     1       2.0377899433E-006
#     16     2       9.1221573958E-007
#     16     3       5.1938439073E-007
#     16     4       8.5277438835E-009
#     16     5       2.0911253912E-007
#     16     6       5.3462822936E-007
#     16     7       1.3254421990E-007
#     16     8       1.8887089628E-007
#     16     9       1.3912485813E-007
#     16    10       6.5105479091E-007
#     16    11       7.1821915552E-007
#     17   -27       3.0809337916E-007
#     17   -26       1.3925784080E-007
#     17   -25       6.2456889768E-007
#     17   -24       3.4254681934E-006
#     17   -23       3.4257288577E-006
#     17   -22       4.8242892163E-006
#     17   -21       6.1259665353E-006
#     17   -20       4.9320968567E-006
#     17   -19       7.5106678623E-006
#     17   -18       9.1068033352E-006
#     17   -17       9.5910411650E-006
#     17   -16       7.6555754005E-006
#     17   -15       7.2583287353E-006
#     17   -14       5.2668126142E-006
#     17   -13       4.5150622517E-006
#     17   -12       2.9446329370E-006
#     17   -11       1.5572112830E-006
#     17   -10       1.2857451976E-006
#     17    -9       7.8607224307E-007
#     17    -8       3.5282287556E-007
#     17    -7       2.5232219126E-007
#     17    -6       1.7266315446E-007
#     17    -5       1.7704026054E-008
#     17    -4       2.2574109998E-007
#     17    -3       7.6635409460E-007
#     17    -2       1.3756256141E-006
#     17    -1       1.8098633364E-006
#     17     0       1.6823654249E-006
#     17     1       1.0008247183E-006
#     17     2       2.3206482772E-007
#     17     3       2.4344001531E-007
#     17     4       1.5049473211E-007
#     17     5       3.0677505530E-007
#     17     6       1.8948734748E-007
#     17     7       2.0963576709E-008
#     17     8       5.4652577863E-007
#     17     9       3.9628486042E-007
#     17    10       6.3153162994E-007
#     18   -27       2.6571036375E-007
#     18   -26       1.0613677291E-006
#     18   -25       9.9119938500E-007
#     18   -24       2.3699877769E-006
#     18   -23       3.9481278757E-006
#     18   -22       6.2279909426E-006
#     18   -21       6.3634929252E-006
#     18   -20       5.8067701259E-006
#     18   -19       8.0812975284E-006
#     18   -18       8.1658891098E-006
#     18   -17       9.5442058287E-006
#     18   -16       8.0590307394E-006
#     18   -15       6.2098086776E-006
#     18   -14       4.9157069439E-006
#     18   -13       3.0101890799E-006
#     18   -12       3.0105015555E-006
#     18   -11       2.0846760779E-006
#     18   -10       8.5093203412E-007
#     18    -9       9.1340184535E-007
#     18    -8       9.1303681624E-007
#     18    -7       4.8382099608E-007
#     18    -6       3.1778086718E-007
#     18    -5       6.1302462384E-008
#     18    -4       1.1349614816E-007
#     18    -3       2.1414318151E-007
#     18    -2       6.5030017438E-007
#     18    -1       1.0478388025E-006
#     18     0       9.8836039142E-007
#     18     1       4.8678880428E-007
#     18     2       5.1363228599E-007
#     18     3       4.6773690516E-007
#     18     4       2.1507116785E-007
#     18     5       4.0521973680E-007
#     18     6       3.1822749353E-007
#     18     7       3.4918761960E-008
#     18     8       8.7346159322E-009
#     18     9       7.5161098135E-008
#     19   -27       2.2342207365E-007
#     19   -26       2.4172509403E-007
#     19   -25       1.1994515992E-006
#     19   -24       2.8702750580E-006
#     19   -23       5.0727356627E-006
#     19   -22       5.0330762253E-006
#     19   -21       3.4336833978E-006
#     19   -20       4.4563529029E-006
#     19   -19       5.9694511786E-006
#     19   -18       7.4859501726E-006
#     19   -17       7.8940693783E-006
#     19   -16       6.3464871050E-006
#     19   -15       7.2857058310E-006
#     19   -14       5.1910540739E-006
#     19   -13       3.6643648425E-006
#     19   -12       2.4216368957E-006
#     19   -11       1.7060917593E-006
#     19   -10       1.4746236338E-006
#     19    -9       1.2296703745E-006
#     19    -8       4.6991107765E-007
#     19    -7       6.5262835811E-007
#     19    -6       4.0877143458E-007
#     19    -5       3.0203416696E-008
#     19    -4       1.2335360693E-007
#     19    -3       2.4951334954E-007
#     19    -2       5.3984564361E-007
#     19    -1       7.6940102140E-007
#     19     0       4.5410767763E-007
#     19     1       3.5388074187E-007
#     19     2       6.3558998261E-007
#     19     3       2.6227317380E-007
#     19     4       1.6693005397E-008
#     19     5       6.5574539255E-008
#     19     6       1.8706060739E-007
#     19     7       8.1276700464E-008
#     19     8       3.7484916505E-008
#     20   -27       3.9416121467E-007
#     20   -26       4.0637201479E-007
#     20   -25       8.4697639671E-004
#     20   -24       2.2721692883E-006
#     20   -23       3.4611597331E-006
#     20   -22       4.5197046312E-006
#     20   -21       4.2715742613E-006
#     20   -20       8.5486112851E-003
#     20   -19       4.1018781656E-006
#     20   -18       5.8391331199E-006
#     20   -17       5.9322195164E-006
#     20   -16       7.5209514950E-006
#     20   -15       1.3187722931E-002
#     20   -14       5.0878689229E-006
#     20   -13       3.1068621247E-006
#     20   -12       1.9136521160E-006
#     20   -11       2.4636425832E-006
#     20   -10       7.2263273207E-003
#     20    -9       1.6948920487E-006
#     20    -8       9.3774092518E-007
#     20    -7       8.3262135646E-007
#     20    -6       2.9474135561E-007
#     20    -5       8.3552196969E-003
#     20    -4       4.4859387723E-007
#     20    -3       8.2144711410E-007
#     20    -2       9.1389240944E-007
#     20    -1       4.9396452378E-007
#     20     0       2.4386105161E-003
#     20     1       4.8549498486E-007
#     20     2       3.4958655530E-007
#     20     3       7.1837671561E-007
#     20     4       3.9585672263E-007
#     20     5       2.8737447024E-004
#     20     6       5.6214526527E-008
#     20     7       1.1730805545E-008
#     21   -26       3.0095281646E-007
#     21   -25       1.1815044851E-006
#     21   -24       1.0001176553E-006
#     21   -23       2.7931961737E-006
#     21   -22       3.6987428186E-006
#     21   -21       5.1789837005E-006
#     21   -20       3.5912119057E-006
#     21   -19       2.9157324829E-006
#     21   -18       5.4282771763E-006
#     21   -17       5.8500316995E-006
#     21   -16       5.1705023004E-006
#     21   -15       4.9315936055E-006
#     21   -14       5.1695874425E-006
#     21   -13       2.2318235007E-006
#     21   -12       2.9080558251E-006
#     21   -11       2.0099401149E-006
#     21   -10       1.9048934478E-006
#     21    -9       1.5612524125E-006
#     21    -8       9.3450393603E-007
#     21    -7       6.8098205693E-007
#     21    -6       7.4893975195E-007
#     21    -5       7.9078710772E-007
#     21    -4       7.6194767198E-007
#     21    -3       1.1177003705E-006
#     21    -2       1.0670442260E-006
#     21    -1       7.2510587907E-007
#     21     0       5.6093959144E-007
#     21     1       7.6919610121E-007
#     21     2       7.1602033494E-007
#     21     3       3.5825163345E-008
#     21     4       3.1850127227E-007
#     21     5       2.6168009452E-008
#     22   -26       1.4713637459E-007
#     22   -25       3.2710246586E-006
#     22   -24       1.0950829932E-006
#     22   -23       2.8300668560E-006
#     22   -22       3.2549275116E-006
#     22   -21       1.9554759234E-006
#     22   -20       2.2336682116E-006
#     22   -19       2.2181084237E-006
#     22   -18       3.8995391813E-006
#     22   -17       2.7905494862E-006
#     22   -16       2.7349583940E-006
#     22   -15       3.4124711960E-006
#     22   -14       2.6529011909E-006
#     22   -13       2.0844744563E-006
#     22   -12       1.9586826465E-006
#     22   -11       2.0126595821E-006
#     22   -10       1.6117383616E-006
#     22    -9       1.3114702998E-006
#     22    -8       6.4192888558E-007
#     22    -7       1.0588348658E-006
#     22    -6       1.1485465851E-006
#     22    -5       9.2407138827E-007
#     22    -4       8.0578582175E-007
#     22    -3       6.2437634144E-007
#     22    -2       5.2869437367E-007
#     22    -1       9.4517433609E-007
#     22     0       1.1070421763E-006
#     22     1       5.1647573257E-007
#     22     2       3.7834790519E-007
#     22     3       3.0661819597E-007
#     22     4       2.1495318725E-008
#     23   -25       5.9373352755E-007
#     23   -24       6.8540988950E-007
#     23   -23       8.6753574726E-007
#     23   -22       1.0257506004E-006
#     23   -21       2.1167509130E-006
#     23   -20       1.8689777852E-006
#     23   -19       2.3216850024E-006
#     23   -18       6.0829512070E-007
#     23   -17       2.1612398245E-006
#     23   -16       2.2567436925E-006
#     23   -15       1.7553066773E-006
#     23   -14       1.4092669140E-006
#     23   -13       2.8559398423E-006
#     23   -12       1.5021798748E-006
#     23   -11       1.1118933809E-006
#     23   -10       1.0048823982E-006
#     23    -9       5.2189278880E-007
#     23    -8       1.9142686230E-006
#     23    -7       5.6965676943E-007
#     23    -6       6.5806447924E-007
#     23    -5       7.7585711213E-007
#     23    -4       2.9833577438E-007
#     23    -3       7.7725356471E-007
#     23    -2       6.9799869539E-007
#     23    -1       4.9198254529E-007
#     23     0       8.8363784134E-007
#     23     1       8.5368083552E-008
#     23     2       3.2186655307E-007
#     24   -24       6.4402357105E-007
#     24   -23       8.6648225122E-007
#     24   -22       2.0364860138E-006
#     24   -21       4.2005427439E-006
#     24   -20       1.5277666167E-006
#     24   -19       1.3970501900E-006
#     24   -18       2.5963567693E-006
#     24   -17       1.7136085025E-006
#     24   -16       3.2154412739E-006
#     24   -15       8.0761432111E-008
#     24   -14       1.4759547271E-007
#     24   -13       1.2809393861E-006
#     24   -12       1.0297814360E-006
#     24   -11       1.0744989408E-006
#     24   -10       8.1778695034E-009
#     24    -9       1.2593480882E-007
#     24    -8       3.9039167099E-007
#     24    -7       2.0952391300E-007
#     24    -6       2.4716140649E-007
#     24    -5       3.7827608368E-009
#     24    -4       1.4751760305E-007
#     24    -3       3.8307350827E-008
#     24    -2       2.9600086982E-007
#     24    -1       6.2819510794E-008
#     24     0       7.3461341696E-008
#     25   -23       1.3938546045E-006
#     25   -22       9.3408426196E-007
#     25   -21       1.4871068706E-006
#     25   -20       9.1287683838E-004
#     25   -19       3.2856983467E-006
#     25   -18       3.4456147313E-006
#     25   -17       2.9207958042E-006
#     25   -16       4.1695460172E-007
#     25   -15       9.8915147775E-004
#     25   -14       5.3161405183E-007
#     25   -13       1.3854406125E-006
#     25   -12       1.2724890657E-006
#     25   -11       3.5046976745E-007
#     25   -10       4.6223534985E-004
#     25    -9       6.0618720934E-008
#     25    -8       1.8325655669E-007
#     25    -7       5.8493247282E-008
#     25    -6       2.1267355226E-007
#     25    -5       2.9448174492E-004
#     25    -4       1.3880947193E-007
#     25    -3       5.7973686153E-008
#     25    -2       2.9314830311E-007
#     26   -22       1.7808293233E-006
#     26   -21       5.9710575884E-007
#     26   -20       2.5925247246E-006
#     26   -19       4.1118013067E-006
#     26   -18       3.2450722772E-006
#     26   -17       1.6293060815E-006
#     26   -16       3.5251573552E-006
