 Diffraction intensities for potential:gv5x5_20D10009.in                       
#    -28    13       6.2827104456E-005
#    -28    14       1.6676492923E-006
#    -28    15       3.1798957593E-006
#    -27     7       1.2008534069E-004
#    -27     8       1.0826683436E-004
#    -27     9       1.7784635747E-004
#    -27    10       3.0746750165E-005
#    -27    11       2.5313390302E-005
#    -27    12       2.5609722640E-005
#    -27    13       5.2251898481E-005
#    -27    14       1.7217102397E-004
#    -27    15       1.7717865885E-004
#    -27    16       3.8177440256E-005
#    -27    17       1.3779146302E-004
#    -27    18       3.4942134516E-005
#    -27    19       3.8016118480E-005
#    -27    20       3.0963015830E-005
#    -26     4       1.4207910756E-004
#    -26     5       7.1468210457E-005
#    -26     6       2.9627943973E-004
#    -26     7       2.8390600920E-004
#    -26     8       1.0206419867E-004
#    -26     9       2.8848079556E-004
#    -26    10       1.9973768819E-004
#    -26    11       1.1673501608E-004
#    -26    12       1.2031249603E-004
#    -26    13       1.6732792826E-004
#    -26    14       9.4219482728E-005
#    -26    15       3.9658629103E-005
#    -26    16       2.4164408691E-005
#    -26    17       3.4132990325E-004
#    -26    18       5.9115402754E-007
#    -26    19       2.2082310566E-005
#    -26    20       4.1033798432E-005
#    -26    21       1.8156292473E-005
#    -26    22       1.4628881995E-004
#    -25     2       1.0260014714E-004
#    -25     3       3.4606184537E-005
#    -25     4       1.7495883406E-004
#    -25     5       8.4514402599E-004
#    -25     6       8.0235010669E-005
#    -25     7       4.0655650721E-005
#    -25     8       2.0551686157E-004
#    -25     9       5.8336758839E-004
#    -25    10       4.8431124945E-004
#    -25    11       1.0400175063E-004
#    -25    12       1.2254577719E-004
#    -25    13       2.9648871213E-004
#    -25    14       3.4569219907E-005
#    -25    15       2.4765825468E-004
#    -25    16       2.8319931135E-005
#    -25    17       5.2832297409E-006
#    -25    18       1.2733646835E-004
#    -25    19       1.1597886645E-004
#    -25    20       3.1592924658E-004
#    -25    21       6.6997148326E-007
#    -25    22       4.0267669331E-006
#    -25    23       4.6914435443E-005
#    -24     0       9.5678248393E-005
#    -24     1       1.2099292255E-004
#    -24     2       6.1652724554E-005
#    -24     3       1.7447087690E-004
#    -24     4       9.1328284877E-004
#    -24     5       2.3401537555E-004
#    -24     6       1.6393101097E-004
#    -24     7       3.4226178940E-005
#    -24     8       2.4287622642E-006
#    -24     9       1.3906240783E-003
#    -24    10       2.9522201564E-004
#    -24    11       1.1560957378E-006
#    -24    12       3.5732319766E-004
#    -24    13       5.2864707582E-005
#    -24    14       9.6658408649E-005
#    -24    15       3.3135792301E-005
#    -24    16       4.4312597143E-005
#    -24    17       4.6691346973E-004
#    -24    18       9.3271376450E-005
#    -24    19       3.5488367522E-004
#    -24    20       2.4915969301E-006
#    -24    21       1.5749769801E-005
#    -24    22       2.4621310791E-004
#    -24    23       5.6779170593E-005
#    -24    24       7.1544105371E-005
#    -23    -2       5.6283890740E-005
#    -23    -1       1.8645278790E-005
#    -23     0       4.3640134546E-005
#    -23     1       2.6586572303E-004
#    -23     2       4.4491236886E-004
#    -23     3       1.9467680046E-004
#    -23     4       1.5968954784E-004
#    -23     5       6.5811834460E-005
#    -23     6       8.6084276590E-004
#    -23     7       3.2565443290E-004
#    -23     8       1.8901944034E-004
#    -23     9       3.8768867946E-004
#    -23    10       4.9246098848E-004
#    -23    11       3.8718718002E-004
#    -23    12       2.8173326363E-005
#    -23    13       6.0592663939E-005
#    -23    14       1.7092997338E-004
#    -23    15       2.3540379792E-004
#    -23    16       6.4749134070E-005
#    -23    17       2.4479852800E-004
#    -23    18       5.5962663580E-005
#    -23    19       3.4469152788E-005
#    -23    20       3.6093154109E-004
#    -23    21       2.1155149999E-006
#    -23    22       1.3753163626E-004
#    -23    23       5.6982217844E-005
#    -23    24       6.8498044889E-005
#    -23    25       6.5575758528E-005
#    -22    -4       5.0474659100E-005
#    -22    -3       4.5261873863E-005
#    -22    -2       2.4013999156E-004
#    -22    -1       1.2289426396E-004
#    -22     0       1.3402362374E-005
#    -22     1       1.6998616375E-004
#    -22     2       4.8238817867E-004
#    -22     3       5.2207134440E-004
#    -22     4       5.0255072095E-005
#    -22     5       1.1125685221E-004
#    -22     6       5.6049922742E-004
#    -22     7       2.1138357488E-004
#    -22     8       5.1387348528E-004
#    -22     9       5.3685576859E-005
#    -22    10       5.5495924268E-004
#    -22    11       2.6247595606E-004
#    -22    12       4.4686172768E-004
#    -22    13       1.1711890176E-004
#    -22    14       5.1617482756E-004
#    -22    15       3.1591027524E-004
#    -22    16       2.9303221867E-004
#    -22    17       3.0927361538E-005
#    -22    18       5.4745148547E-006
#    -22    19       1.7488339320E-004
#    -22    20       1.0561505178E-004
#    -22    21       8.7746032938E-005
#    -22    22       2.4691610946E-005
#    -22    23       5.0272046052E-005
#    -22    24       1.1056146527E-004
#    -22    25       4.6631003013E-005
#    -22    26       2.3420234050E-005
#    -21    -5       7.9308940451E-005
#    -21    -4       1.2011914589E-004
#    -21    -3       2.5086339489E-004
#    -21    -2       6.2541602817E-006
#    -21    -1       1.7698834999E-005
#    -21     0       4.2751398869E-005
#    -21     1       2.5538747285E-005
#    -21     2       2.2504553256E-004
#    -21     3       4.8533896759E-005
#    -21     4       2.4115187000E-004
#    -21     5       9.1499271126E-004
#    -21     6       7.4622233153E-004
#    -21     7       9.7651051730E-005
#    -21     8       2.3496859387E-004
#    -21     9       2.5009644804E-004
#    -21    10       3.9011513667E-004
#    -21    11       9.5494079933E-005
#    -21    12       3.5958085540E-004
#    -21    13       3.6883752155E-004
#    -21    14       4.7531999548E-004
#    -21    15       5.8629469054E-004
#    -21    16       1.2563538095E-004
#    -21    17       7.0260125239E-004
#    -21    18       7.3911296576E-005
#    -21    19       2.8660653945E-004
#    -21    20       1.0509751793E-004
#    -21    21       7.1526843938E-006
#    -21    22       2.4455042658E-004
#    -21    23       3.2940132836E-005
#    -21    24       3.6844865416E-005
#    -21    25       1.2323359756E-004
#    -21    26       7.7004236194E-006
#    -20    -7       4.6113540037E-005
#    -20    -6       3.2349740172E-005
#    -20    -5       6.2117030143E-004
#    -20    -4       3.0665706156E-006
#    -20    -3       3.6364034616E-005
#    -20    -2       1.3235838997E-004
#    -20    -1       6.0246389418E-004
#    -20     0       4.7615970898E-003
#    -20     1       2.1820504268E-004
#    -20     2       1.4400438439E-004
#    -20     3       8.3452114653E-005
#    -20     4       5.4821968855E-004
#    -20     5       5.3804533669E-003
#    -20     6       1.0370194972E-004
#    -20     7       8.2883549347E-005
#    -20     8       1.7394294026E-003
#    -20     9       3.8726451084E-005
#    -20    10       4.0351688981E-003
#    -20    11       2.5084812588E-004
#    -20    12       3.4228104112E-005
#    -20    13       1.2157222605E-004
#    -20    14       9.4153195664E-005
#    -20    15       4.8664022367E-003
#    -20    16       1.2141265488E-004
#    -20    17       4.2792529489E-004
#    -20    18       1.2932321691E-004
#    -20    19       8.8975542978E-005
#    -20    20       6.5535062568E-004
#    -20    21       3.9870698925E-005
#    -20    22       9.4368634038E-005
#    -20    23       4.1514776057E-005
#    -20    24       1.7592400863E-005
#    -20    25       1.6037186905E-004
#    -20    26       4.6380059147E-005
#    -20    27       2.2670340294E-005
#    -19    -8       1.7490308586E-005
#    -19    -7       4.4371396612E-005
#    -19    -6       2.3154948936E-004
#    -19    -5       1.3026498716E-004
#    -19    -4       1.8115149823E-004
#    -19    -3       2.0715970220E-004
#    -19    -2       8.2343813445E-005
#    -19    -1       5.5961157479E-005
#    -19     0       5.1254466536E-004
#    -19     1       1.5345264310E-004
#    -19     2       6.8182167583E-004
#    -19     3       8.5942585622E-005
#    -19     4       1.0597092218E-003
#    -19     5       7.2820789554E-004
#    -19     6       1.6610916233E-004
#    -19     7       2.6278895148E-004
#    -19     8       1.4809397104E-004
#    -19     9       7.9977414685E-004
#    -19    10       3.0962969421E-004
#    -19    11       5.1944596968E-005
#    -19    12       1.8206710311E-004
#    -19    13       6.8209001912E-004
#    -19    14       3.5339717491E-004
#    -19    15       1.0832804711E-004
#    -19    16       1.4358121211E-004
#    -19    17       3.4866711675E-004
#    -19    18       1.5969399329E-004
#    -19    19       7.0941773170E-004
#    -19    20       2.7786168049E-005
#    -19    21       1.4780890300E-004
#    -19    22       2.9681386407E-005
#    -19    23       8.6416488673E-005
#    -19    24       3.8928864155E-005
#    -19    25       3.5054676089E-005
#    -19    26       3.9300339822E-005
#    -19    27       1.3500864920E-005
#    -18    -9       3.1044409552E-005
#    -18    -8       2.6565337062E-004
#    -18    -7       5.0538235872E-005
#    -18    -6       1.2882995688E-004
#    -18    -5       2.6653373766E-004
#    -18    -4       1.0970558537E-005
#    -18    -3       9.8277691578E-004
#    -18    -2       1.2073220046E-004
#    -18    -1       2.1959146910E-004
#    -18     0       2.4028477734E-004
#    -18     1       3.6807353714E-004
#    -18     2       2.9776610432E-004
#    -18     3       1.9929389538E-003
#    -18     4       2.8046312598E-005
#    -18     5       7.6002829102E-005
#    -18     6       3.9959353007E-005
#    -18     7       8.5966431592E-004
#    -18     8       8.4778736612E-004
#    -18     9       2.8136098050E-004
#    -18    10       3.9236673409E-004
#    -18    11       2.1017393702E-004
#    -18    12       1.3367775485E-004
#    -18    13       1.4284329453E-004
#    -18    14       5.5715991321E-005
#    -18    15       8.2076526296E-004
#    -18    16       1.7540987647E-004
#    -18    17       4.8435233955E-004
#    -18    18       3.1530737339E-004
#    -18    19       2.1049793506E-004
#    -18    20       3.8840739357E-004
#    -18    21       1.7625042132E-004
#    -18    22       2.1058371450E-004
#    -18    23       2.9612549634E-005
#    -18    24       4.1860132364E-005
#    -18    25       8.8202231107E-006
#    -18    26       6.1116851310E-006
#    -18    27       2.2512403129E-006
#    -17   -10       3.1693932185E-005
#    -17    -9       7.5717344327E-005
#    -17    -8       4.6278850879E-004
#    -17    -7       1.9602754420E-004
#    -17    -6       4.3511858663E-004
#    -17    -5       5.6208998225E-005
#    -17    -4       4.7100621447E-004
#    -17    -3       3.7697031208E-004
#    -17    -2       1.5175561906E-004
#    -17    -1       3.5244527195E-004
#    -17     0       5.2550861647E-004
#    -17     1       2.8907567999E-004
#    -17     2       2.3598247859E-004
#    -17     3       1.2287183092E-004
#    -17     4       1.9228346696E-004
#    -17     5       4.3233449670E-004
#    -17     6       8.2206976608E-004
#    -17     7       1.5549419630E-004
#    -17     8       3.2869340475E-004
#    -17     9       1.1618774151E-004
#    -17    10       2.3541828737E-004
#    -17    11       4.5916812238E-004
#    -17    12       3.5959805629E-004
#    -17    13       7.2082728686E-004
#    -17    14       2.4175805159E-004
#    -17    15       1.5829054362E-004
#    -17    16       4.4515247193E-004
#    -17    17       2.0393747575E-004
#    -17    18       9.2366185133E-005
#    -17    19       4.1237328009E-005
#    -17    20       1.1424923324E-004
#    -17    21       1.5233325572E-004
#    -17    22       8.1671435066E-005
#    -17    23       2.6324346752E-004
#    -17    24       7.4598164217E-005
#    -17    25       2.2325423737E-005
#    -17    26       1.0563318463E-005
#    -17    27       2.2566203687E-007
#    -16   -11       6.4155200239E-005
#    -16   -10       2.8011954754E-004
#    -16    -9       4.4734372605E-005
#    -16    -8       2.6252114337E-004
#    -16    -7       4.6674369340E-005
#    -16    -6       5.4418609868E-005
#    -16    -5       6.9088344629E-004
#    -16    -4       1.9759013271E-004
#    -16    -3       7.6665989962E-005
#    -16    -2       1.8737465067E-004
#    -16    -1       5.7828108766E-005
#    -16     0       6.6700116371E-004
#    -16     1       4.0071643687E-004
#    -16     2       7.9075336125E-004
#    -16     3       1.0154542406E-004
#    -16     4       7.1322209309E-005
#    -16     5       3.6798331948E-004
#    -16     6       4.4987541555E-004
#    -16     7       4.3074977586E-004
#    -16     8       3.5678761621E-004
#    -16     9       1.4990777333E-005
#    -16    10       3.0610330691E-004
#    -16    11       1.9388964857E-004
#    -16    12       1.0598138384E-003
#    -16    13       3.4049914493E-005
#    -16    14       2.5283673927E-004
#    -16    15       4.9398974879E-004
#    -16    16       1.3777745942E-004
#    -16    17       3.0644112078E-005
#    -16    18       2.6166111562E-004
#    -16    19       6.8688058838E-005
#    -16    20       5.3831263887E-006
#    -16    21       1.8032636263E-004
#    -16    22       1.2052411434E-004
#    -16    23       3.9656454912E-005
#    -16    24       5.2489608014E-005
#    -16    25       2.0577948252E-005
#    -16    26       3.3549275175E-005
#    -16    27       3.8689577508E-005
#    -15   -13       1.5710758556E-005
#    -15   -12       1.1776610352E-005
#    -15   -11       4.0322503319E-005
#    -15   -10       4.6338346231E-004
#    -15    -9       4.9238480333E-005
#    -15    -8       2.4094348063E-004
#    -15    -7       1.2456638546E-004
#    -15    -6       3.1552247591E-005
#    -15    -5       7.0493271408E-003
#    -15    -4       1.8837760139E-004
#    -15    -3       3.2899275041E-004
#    -15    -2       2.7007471937E-004
#    -15    -1       1.3404440733E-003
#    -15     0       2.2892784285E-002
#    -15     1       3.0266945375E-004
#    -15     2       2.0139554040E-004
#    -15     3       2.3395897227E-005
#    -15     4       2.4584282888E-006
#    -15     5       5.2271368007E-003
#    -15     6       3.5805732922E-004
#    -15     7       2.7480049018E-004
#    -15     8       1.0354026996E-004
#    -15     9       7.1185627112E-005
#    -15    10       8.5506366445E-003
#    -15    11       5.7388735684E-005
#    -15    12       2.5932112617E-004
#    -15    13       1.0622427193E-003
#    -15    14       1.0915839019E-004
#    -15    15       1.4761740337E-002
#    -15    16       9.8107611451E-005
#    -15    17       4.2143719228E-006
#    -15    18       1.0190725335E-004
#    -15    19       3.0821471377E-004
#    -15    20       4.4771284147E-003
#    -15    21       2.5571744399E-005
#    -15    22       2.5350789982E-004
#    -15    23       1.4603076658E-004
#    -15    24       5.0280063829E-005
#    -15    25       4.4781210468E-004
#    -15    26       2.3798553105E-005
#    -15    27       4.4953014987E-005
#    -15    28       4.4170943911E-007
#    -14   -14       3.7181670336E-006
#    -14   -13       8.5264336920E-005
#    -14   -12       1.4800568497E-004
#    -14   -11       8.8347706081E-006
#    -14   -10       2.4860797123E-004
#    -14    -9       3.1780494047E-005
#    -14    -8       8.1210112652E-005
#    -14    -7       2.8878146722E-004
#    -14    -6       4.0859737334E-004
#    -14    -5       8.9873314888E-004
#    -14    -4       3.5939674589E-004
#    -14    -3       6.9418392018E-005
#    -14    -2       3.1996535114E-004
#    -14    -1       1.9804527018E-004
#    -14     0       2.5009116485E-004
#    -14     1       1.3800008163E-003
#    -14     2       3.8739781456E-005
#    -14     3       4.0805062748E-004
#    -14     4       2.6442001341E-004
#    -14     5       1.4721369250E-003
#    -14     6       3.3464516571E-004
#    -14     7       2.6593234309E-004
#    -14     8       1.0582721905E-004
#    -14     9       2.2022376190E-006
#    -14    10       3.0297605526E-004
#    -14    11       1.1205795022E-004
#    -14    12       7.2073394675E-004
#    -14    13       6.7031000848E-004
#    -14    14       1.1530445962E-004
#    -14    15       7.1883312729E-004
#    -14    16       4.3629831552E-005
#    -14    17       1.2577841119E-004
#    -14    18       9.3855091796E-005
#    -14    19       1.2900362683E-004
#    -14    20       1.2414435037E-004
#    -14    21       3.3895908664E-004
#    -14    22       5.1316404114E-005
#    -14    23       1.0146411414E-004
#    -14    24       2.0723942981E-004
#    -14    25       2.6754467285E-006
#    -14    26       2.5974322903E-005
#    -14    27       1.8482980227E-004
#    -14    28       1.3650223586E-004
#    -13   -15       5.6210775699E-005
#    -13   -14       1.3723041267E-004
#    -13   -13       1.0603283062E-004
#    -13   -12       1.2629492255E-004
#    -13   -11       8.3624124931E-005
#    -13   -10       9.2514751502E-005
#    -13    -9       7.5727550934E-007
#    -13    -8       3.4260278079E-004
#    -13    -7       7.6532426057E-005
#    -13    -6       1.5564030480E-004
#    -13    -5       1.1049812746E-004
#    -13    -4       2.6375889369E-005
#    -13    -3       1.8742506185E-004
#    -13    -2       1.3330754904E-004
#    -13    -1       7.7118119885E-004
#    -13     0       7.1178544151E-004
#    -13     1       3.7455735936E-004
#    -13     2       2.4630080494E-004
#    -13     3       1.2449290572E-003
#    -13     4       7.0992171853E-004
#    -13     5       1.2075889700E-004
#    -13     6       6.6823756213E-004
#    -13     7       1.4973806927E-004
#    -13     8       3.1704548127E-005
#    -13     9       1.2341824391E-004
#    -13    10       1.1516169297E-003
#    -13    11       2.8005114306E-004
#    -13    12       6.9692230070E-004
#    -13    13       5.2026934093E-004
#    -13    14       5.0235632894E-004
#    -13    15       8.3337685347E-005
#    -13    16       2.6635766821E-005
#    -13    17       4.4935261313E-004
#    -13    18       2.5545332820E-005
#    -13    19       5.0363262392E-006
#    -13    20       1.6223783603E-004
#    -13    21       1.2145678621E-004
#    -13    22       5.4881672985E-005
#    -13    23       3.2358490690E-004
#    -13    24       1.6790151076E-004
#    -13    25       2.1285301135E-004
#    -13    26       6.2416428249E-005
#    -13    27       4.5135775882E-005
#    -13    28       6.4628189325E-005
#    -12   -15       2.9257318082E-005
#    -12   -14       1.3141250380E-004
#    -12   -13       7.7400516155E-006
#    -12   -12       4.2057153997E-004
#    -12   -11       6.7388700450E-005
#    -12   -10       3.1089422869E-004
#    -12    -9       1.0545120700E-004
#    -12    -8       8.8319199002E-004
#    -12    -7       2.4600033206E-006
#    -12    -6       2.7743267437E-004
#    -12    -5       4.8067851709E-004
#    -12    -4       1.7870775728E-003
#    -12    -3       2.3054338633E-004
#    -12    -2       3.6198455555E-004
#    -12    -1       9.6973292691E-005
#    -12     0       2.5836785421E-004
#    -12     1       4.6701439926E-004
#    -12     2       2.8247859616E-004
#    -12     3       3.0983444327E-004
#    -12     4       1.7756209398E-004
#    -12     5       7.9199978334E-005
#    -12     6       2.0093252624E-005
#    -12     7       9.8229973028E-005
#    -12     8       1.2814699476E-003
#    -12     9       2.9220178986E-006
#    -12    10       2.3083125717E-004
#    -12    11       1.2071177867E-003
#    -12    12       4.7096657761E-005
#    -12    13       3.1310487686E-004
#    -12    14       7.4073279505E-004
#    -12    15       3.7049660435E-004
#    -12    16       1.3613616180E-004
#    -12    17       9.2981101333E-005
#    -12    18       4.4588212103E-004
#    -12    19       6.9691152545E-005
#    -12    20       3.3449457203E-004
#    -12    21       2.9726984596E-004
#    -12    22       1.6401275882E-004
#    -12    23       1.5492942939E-005
#    -12    24       1.3501568315E-005
#    -12    25       2.1922924005E-004
#    -12    26       3.7652861189E-004
#    -12    27       3.2161555723E-005
#    -11   -16       1.4736824064E-004
#    -11   -15       2.5744530358E-006
#    -11   -14       1.3163724927E-004
#    -11   -13       9.4247137643E-005
#    -11   -12       1.3785728317E-004
#    -11   -11       3.2360757641E-004
#    -11   -10       6.9642990587E-004
#    -11    -9       2.5278620897E-004
#    -11    -8       5.1852623403E-004
#    -11    -7       6.5455687717E-005
#    -11    -6       1.5044631581E-004
#    -11    -5       7.6641564591E-004
#    -11    -4       4.8729796745E-004
#    -11    -3       3.2219428013E-004
#    -11    -2       1.6646321217E-004
#    -11    -1       9.9974115642E-005
#    -11     0       6.6333690056E-005
#    -11     1       2.7321840015E-005
#    -11     2       1.0991652880E-004
#    -11     3       1.1095006888E-004
#    -11     4       1.1791485987E-004
#    -11     5       2.2511244296E-004
#    -11     6       4.3095381201E-005
#    -11     7       1.0090151709E-004
#    -11     8       4.0874967328E-004
#    -11     9       2.1741256210E-004
#    -11    10       1.8098969521E-003
#    -11    11       5.0976846963E-004
#    -11    12       1.6058246765E-004
#    -11    13       6.3996233633E-004
#    -11    14       1.0976368994E-004
#    -11    15       1.7320653626E-004
#    -11    16       9.3525137365E-006
#    -11    17       1.1181834233E-004
#    -11    18       1.2602446892E-005
#    -11    19       2.1294608244E-004
#    -11    20       6.7301719694E-005
#    -11    21       2.5595529039E-004
#    -11    22       3.3787315925E-004
#    -11    23       1.2381241540E-004
#    -11    24       3.7574757358E-005
#    -11    25       4.5943446532E-005
#    -11    26       6.3433247317E-005
#    -11    27       3.1090561908E-006
#    -10   -17       4.8340470546E-005
#    -10   -16       7.1882005120E-006
#    -10   -15       2.1580022305E-004
#    -10   -14       1.0619979787E-004
#    -10   -13       8.1003605066E-005
#    -10   -12       3.0708414056E-004
#    -10   -11       2.1435735442E-005
#    -10   -10       3.5848996964E-003
#    -10    -9       5.0494354382E-004
#    -10    -8       2.2632590304E-004
#    -10    -7       3.7586164101E-004
#    -10    -6       3.4935694462E-004
#    -10    -5       9.0029864716E-003
#    -10    -4       9.6960252670E-004
#    -10    -3       2.7045288520E-005
#    -10    -2       8.2406490422E-005
#    -10    -1       2.6670572243E-004
#    -10     0       7.7242832084E-003
#    -10     1       1.1495865307E-004
#    -10     2       1.0272932958E-004
#    -10     3       5.7613677987E-004
#    -10     4       6.9951550057E-004
#    -10     5       2.1682978467E-003
#    -10     6       2.3565776272E-004
#    -10     7       1.7716960789E-004
#    -10     8       9.1351592658E-005
#    -10     9       5.9720050013E-005
#    -10    10       2.0737595233E-002
#    -10    11       1.4586678523E-004
#    -10    12       4.2184602291E-005
#    -10    13       8.1532458472E-004
#    -10    14       1.7840858710E-004
#    -10    15       1.0130359485E-002
#    -10    16       1.7721043760E-004
#    -10    17       9.6486039711E-005
#    -10    18       4.6438772951E-004
#    -10    19       3.6639358376E-004
#    -10    20       4.4738186635E-003
#    -10    21       1.6014948090E-005
#    -10    22       8.7757981885E-005
#    -10    23       1.4986286704E-004
#    -10    24       3.5779759124E-004
#    -10    25       7.1539212774E-004
#    -10    26       7.8520401999E-005
#    -10    27       1.8672996097E-005
#     -9   -18       6.2759903350E-005
#     -9   -17       7.0887768471E-005
#     -9   -16       8.7138691763E-005
#     -9   -15       2.6568212552E-004
#     -9   -14       5.3588725525E-005
#     -9   -13       4.1059186753E-004
#     -9   -12       8.0668053385E-005
#     -9   -11       1.5191303947E-004
#     -9   -10       1.4528226448E-005
#     -9    -9       3.7449391678E-004
#     -9    -8       6.9463865150E-006
#     -9    -7       1.4094461981E-004
#     -9    -6       1.0063293369E-004
#     -9    -5       7.0232005190E-004
#     -9    -4       1.3115309561E-004
#     -9    -3       7.8776301235E-005
#     -9    -2       1.5796000512E-004
#     -9    -1       3.5819352220E-004
#     -9     0       2.1853926209E-004
#     -9     1       3.7199001942E-004
#     -9     2       1.1135466680E-004
#     -9     3       1.7566331533E-004
#     -9     4       4.1196291378E-004
#     -9     5       4.3062589716E-004
#     -9     6       8.7063245530E-005
#     -9     7       2.7932485766E-005
#     -9     8       2.1773455459E-004
#     -9     9       5.9256166638E-005
#     -9    10       2.7306319055E-003
#     -9    11       1.7815067492E-004
#     -9    12       2.6022057508E-004
#     -9    13       1.8430232223E-004
#     -9    14       2.3917067407E-004
#     -9    15       2.0065975380E-004
#     -9    16       1.3231800570E-004
#     -9    17       4.6890575452E-004
#     -9    18       1.3557503556E-004
#     -9    19       1.3280301218E-003
#     -9    20       1.3915815924E-004
#     -9    21       1.4866548821E-004
#     -9    22       2.6811056601E-004
#     -9    23       6.7467816189E-004
#     -9    24       1.3435375419E-004
#     -9    25       4.5429421302E-005
#     -9    26       4.5761326955E-005
#     -9    27       2.3327887698E-006
#     -8   -19       2.9140662846E-005
#     -8   -18       6.5957309898E-005
#     -8   -17       8.5326640992E-006
#     -8   -16       2.2842184945E-005
#     -8   -15       2.3363772888E-004
#     -8   -14       2.6775253834E-004
#     -8   -13       2.7214732788E-004
#     -8   -12       1.7658824218E-004
#     -8   -11       2.9442816188E-004
#     -8   -10       7.3333508304E-005
#     -8    -9       1.9826896523E-004
#     -8    -8       7.4736202356E-004
#     -8    -7       1.8111910897E-004
#     -8    -6       6.4467112345E-004
#     -8    -5       1.8578058957E-004
#     -8    -4       3.0816119579E-004
#     -8    -3       3.1266936244E-004
#     -8    -2       1.1050146293E-003
#     -8    -1       3.5069774192E-004
#     -8     0       3.7267469358E-004
#     -8     1       2.1342701639E-004
#     -8     2       7.6813021975E-004
#     -8     3       1.0024994996E-003
#     -8     4       6.7971904358E-005
#     -8     5       2.1412719279E-004
#     -8     6       6.2952670904E-005
#     -8     7       6.8600421530E-005
#     -8     8       4.2903857340E-005
#     -8     9       4.7434864653E-004
#     -8    10       4.5982849664E-004
#     -8    11       6.1919867743E-004
#     -8    12       6.1863142902E-005
#     -8    13       4.8532649751E-004
#     -8    14       1.9857926573E-004
#     -8    15       8.4122498381E-005
#     -8    16       2.3813733138E-005
#     -8    17       7.3454649316E-004
#     -8    18       1.9138521061E-004
#     -8    19       4.0360076905E-004
#     -8    20       3.1354977930E-004
#     -8    21       9.5329027935E-005
#     -8    22       2.2127240349E-004
#     -8    23       7.0713495342E-006
#     -8    24       1.0186015875E-004
#     -8    25       1.7518484285E-004
#     -8    26       5.8849052698E-005
#     -8    27       3.6472740546E-005
#     -7   -20       3.0483010501E-007
#     -7   -19       1.4915741276E-004
#     -7   -18       2.2731871499E-005
#     -7   -17       4.6757084847E-005
#     -7   -16       2.3837935317E-005
#     -7   -15       8.6775816789E-005
#     -7   -14       1.7175410023E-004
#     -7   -13       2.0146425299E-004
#     -7   -12       1.6353108311E-005
#     -7   -11       3.4808200971E-004
#     -7   -10       5.3471916420E-004
#     -7    -9       2.7196384974E-004
#     -7    -8       3.9587881798E-004
#     -7    -7       9.9856661430E-005
#     -7    -6       4.9311813287E-005
#     -7    -5       1.9597664824E-004
#     -7    -4       3.0694450996E-004
#     -7    -3       3.5172234881E-004
#     -7    -2       1.1009613123E-004
#     -7    -1       3.8659714110E-004
#     -7     0       1.2594193389E-004
#     -7     1       1.0730423103E-003
#     -7     2       4.8000853958E-004
#     -7     3       2.1674431785E-005
#     -7     4       3.5847376918E-005
#     -7     5       7.4373076174E-005
#     -7     6       3.9565065625E-004
#     -7     7       9.7472910045E-004
#     -7     8       1.3152942110E-003
#     -7     9       1.4148632110E-004
#     -7    10       7.8811883247E-004
#     -7    11       5.3481160808E-004
#     -7    12       7.3897022446E-005
#     -7    13       5.6836158974E-004
#     -7    14       7.4829421592E-004
#     -7    15       2.9317933396E-005
#     -7    16       7.5211135666E-004
#     -7    17       7.0538543168E-006
#     -7    18       1.7934446708E-004
#     -7    19       3.8881826458E-004
#     -7    20       4.2861751189E-004
#     -7    21       3.8589909649E-004
#     -7    22       1.9112987058E-004
#     -7    23       2.9016644130E-004
#     -7    24       2.5569121512E-004
#     -7    25       8.8511831675E-005
#     -7    26       3.9302426285E-005
#     -7    27       9.0403025180E-005
#     -6   -20       9.5832238345E-005
#     -6   -19       2.0335930731E-005
#     -6   -18       1.8611056951E-004
#     -6   -17       4.9373914846E-005
#     -6   -16       2.0419595476E-004
#     -6   -15       2.2485159674E-004
#     -6   -14       2.1415580500E-004
#     -6   -13       4.4482223242E-004
#     -6   -12       3.7054213916E-005
#     -6   -11       2.2750871707E-004
#     -6   -10       1.5643200240E-005
#     -6    -9       2.1554593276E-004
#     -6    -8       6.6568276226E-004
#     -6    -7       6.5487981165E-004
#     -6    -6       1.9033565423E-004
#     -6    -5       3.5169302454E-004
#     -6    -4       6.9891748777E-004
#     -6    -3       9.9168150345E-005
#     -6    -2       1.7751301380E-004
#     -6    -1       2.5222585363E-004
#     -6     0       5.1913671546E-004
#     -6     1       1.9005866268E-004
#     -6     2       5.1714841347E-004
#     -6     3       1.5909359625E-004
#     -6     4       3.6673514905E-005
#     -6     5       4.4516408708E-004
#     -6     6       2.1447044297E-004
#     -6     7       5.0035267207E-005
#     -6     8       4.4309050758E-004
#     -6     9       5.3845351201E-004
#     -6    10       9.2026276954E-005
#     -6    11       2.7577565719E-005
#     -6    12       3.8456771936E-004
#     -6    13       9.2809134619E-006
#     -6    14       2.0425653780E-004
#     -6    15       3.3564724323E-004
#     -6    16       7.6699755442E-005
#     -6    17       6.9297202887E-004
#     -6    18       1.6756631364E-004
#     -6    19       2.1633524371E-004
#     -6    20       6.6716643589E-006
#     -6    21       3.7483851679E-004
#     -6    22       2.7528295005E-005
#     -6    23       7.2836504239E-006
#     -6    24       1.9821446736E-005
#     -6    25       1.7215201985E-004
#     -6    26       2.3429539296E-004
#     -5   -21       2.8062133499E-005
#     -5   -20       5.1470881033E-004
#     -5   -19       9.1229297945E-005
#     -5   -18       2.8182002175E-005
#     -5   -17       2.1779496143E-004
#     -5   -16       3.6310559225E-006
#     -5   -15       5.8346561106E-003
#     -5   -14       3.4012250700E-005
#     -5   -13       9.1118402495E-006
#     -5   -12       4.3577980610E-004
#     -5   -11       3.9244938740E-005
#     -5   -10       8.2707715404E-003
#     -5    -9       1.7938016556E-005
#     -5    -8       7.9540898964E-004
#     -5    -7       3.6196889148E-004
#     -5    -6       6.4350087925E-004
#     -5    -5       3.7201337269E-003
#     -5    -4       8.3883140225E-006
#     -5    -3       9.4869200286E-005
#     -5    -2       3.1596439091E-004
#     -5    -1       4.0623540185E-005
#     -5     0       1.3838899892E-002
#     -5     1       1.1793530593E-005
#     -5     2       1.4980139312E-004
#     -5     3       8.8683919472E-005
#     -5     4       1.8076127643E-004
#     -5     5       2.7316998353E-003
#     -5     6       4.2579897210E-005
#     -5     7       2.4200771639E-004
#     -5     8       7.3986059418E-004
#     -5     9       1.4619437212E-004
#     -5    10       4.5522157431E-004
#     -5    11       1.2435212870E-004
#     -5    12       7.8491625938E-005
#     -5    13       2.2735949403E-004
#     -5    14       9.7421013900E-005
#     -5    15       5.9400363245E-003
#     -5    16       6.2973919133E-004
#     -5    17       4.8123388938E-005
#     -5    18       4.3818477372E-004
#     -5    19       5.1281456888E-004
#     -5    20       4.2116797722E-003
#     -5    21       1.1725126171E-004
#     -5    22       3.4889045609E-004
#     -5    23       1.4197845809E-004
#     -5    24       5.4282533899E-005
#     -5    25       6.1063464506E-004
#     -5    26       4.1327666688E-005
#     -4   -22       5.0678569241E-006
#     -4   -21       6.4322559364E-005
#     -4   -20       1.3023743915E-005
#     -4   -19       2.7790853876E-007
#     -4   -18       3.1581888017E-005
#     -4   -17       5.8061557792E-005
#     -4   -16       1.8911623107E-004
#     -4   -15       2.5190426464E-004
#     -4   -14       4.0592529814E-004
#     -4   -13       2.0731236208E-004
#     -4   -12       4.9362249466E-004
#     -4   -11       2.0969637010E-004
#     -4   -10       1.0424457612E-003
#     -4    -9       5.6712500866E-004
#     -4    -8       3.1681674956E-004
#     -4    -7       5.6049194977E-004
#     -4    -6       1.9025393075E-005
#     -4    -5       3.5910566002E-004
#     -4    -4       8.7033814943E-004
#     -4    -3       1.2118240484E-004
#     -4    -2       1.4594222543E-004
#     -4    -1       1.4216200446E-004
#     -4     0       3.3498641050E-004
#     -4     1       2.9437738443E-004
#     -4     2       8.9637760295E-005
#     -4     3       4.0447951857E-004
#     -4     4       4.2416691701E-004
#     -4     5       1.0792036298E-004
#     -4     6       2.2445526233E-004
#     -4     7       2.5386965248E-004
#     -4     8       6.0159195204E-005
#     -4     9       3.6283110539E-006
#     -4    10       9.3315524888E-004
#     -4    11       5.4166166101E-004
#     -4    12       5.4072099230E-004
#     -4    13       2.4538532992E-004
#     -4    14       1.2230410873E-004
#     -4    15       7.3639914827E-004
#     -4    16       5.8341207282E-004
#     -4    17       2.7516899173E-004
#     -4    18       7.7009204120E-004
#     -4    19       1.1465622753E-004
#     -4    20       8.6936109766E-006
#     -4    21       7.0758783324E-005
#     -4    22       3.1801949491E-004
#     -4    23       3.1620391339E-005
#     -4    24       2.8481055700E-005
#     -4    25       1.7997783491E-005
#     -4    26       7.8601942912E-005
#     -3   -22       4.9089322599E-006
#     -3   -21       2.3365538540E-007
#     -3   -20       2.0188651143E-004
#     -3   -19       6.0672107538E-006
#     -3   -18       5.2764609167E-004
#     -3   -17       1.9108362426E-004
#     -3   -16       9.2546783117E-005
#     -3   -15       3.9574944560E-004
#     -3   -14       4.4057030753E-004
#     -3   -13       1.0753412177E-003
#     -3   -12       1.3944191226E-004
#     -3   -11       5.2447359895E-004
#     -3   -10       8.2015701453E-005
#     -3    -9       5.2256052613E-004
#     -3    -8       4.1724909296E-004
#     -3    -7       7.0943315475E-004
#     -3    -6       1.5390253983E-003
#     -3    -5       8.3467049666E-005
#     -3    -4       1.5133717171E-004
#     -3    -3       3.9069924472E-004
#     -3    -2       1.3731378606E-004
#     -3    -1       6.0559439428E-004
#     -3     0       5.0119351874E-004
#     -3     1       6.6097246805E-006
#     -3     2       1.1036353459E-003
#     -3     3       6.5840610159E-004
#     -3     4       5.9501738408E-004
#     -3     5       6.9329840266E-004
#     -3     6       1.9697811725E-005
#     -3     7       3.1057930332E-004
#     -3     8       7.4011359252E-004
#     -3     9       1.7115597171E-004
#     -3    10       6.2227765166E-005
#     -3    11       7.4476767075E-005
#     -3    12       1.5242163758E-004
#     -3    13       5.6746596610E-005
#     -3    14       9.8732356731E-005
#     -3    15       6.9356773178E-004
#     -3    16       3.0727669663E-005
#     -3    17       1.1893698382E-004
#     -3    18       4.3894633939E-005
#     -3    19       7.1525353160E-005
#     -3    20       3.2298278478E-004
#     -3    21       6.4201300123E-004
#     -3    22       1.5521116262E-006
#     -3    23       8.7832074930E-005
#     -3    24       7.1816649004E-005
#     -3    25       1.1357516796E-004
#     -2   -23       7.3922573726E-006
#     -2   -22       9.5044150104E-006
#     -2   -21       1.0358300713E-004
#     -2   -20       3.6332456492E-005
#     -2   -19       4.2288981547E-004
#     -2   -18       2.1804923201E-005
#     -2   -17       1.0368836040E-004
#     -2   -16       1.0621635288E-004
#     -2   -15       1.7868936709E-004
#     -2   -14       4.0108619613E-004
#     -2   -13       1.2536459673E-003
#     -2   -12       1.0450840237E-003
#     -2   -11       6.3823500281E-005
#     -2   -10       4.8653717796E-004
#     -2    -9       4.9662857619E-004
#     -2    -8       1.3689059918E-004
#     -2    -7       5.5617634495E-004
#     -2    -6       2.1572142701E-005
#     -2    -5       1.3069382648E-005
#     -2    -4       4.4115222136E-004
#     -2    -3       2.1387788568E-004
#     -2    -2       5.4706086817E-004
#     -2    -1       2.7889593309E-004
#     -2     0       1.4607668796E-004
#     -2     1       2.5764462496E-004
#     -2     2       5.1502248283E-005
#     -2     3       1.0843259716E-004
#     -2     4       2.9614024428E-004
#     -2     5       1.5238777336E-004
#     -2     6       4.2004306595E-004
#     -2     7       3.7194439951E-004
#     -2     8       1.1819801703E-004
#     -2     9       1.9035036441E-004
#     -2    10       5.9979540143E-004
#     -2    11       6.0944732886E-004
#     -2    12       6.9564191959E-004
#     -2    13       6.3179061164E-004
#     -2    14       6.3728000028E-004
#     -2    15       5.6615754174E-004
#     -2    16       8.4118406781E-004
#     -2    17       5.3281680438E-004
#     -2    18       1.6334359668E-003
#     -2    19       7.1134114835E-005
#     -2    20       3.1148748149E-005
#     -2    21       2.3336739670E-004
#     -2    22       6.6357991693E-004
#     -2    23       8.0444148438E-005
#     -2    24       6.7250510336E-006
#     -2    25       3.4087823945E-005
#     -1   -23       1.5275909672E-004
#     -1   -22       2.0196813574E-005
#     -1   -21       2.1033003880E-004
#     -1   -20       6.4826581052E-005
#     -1   -19       1.8675581562E-004
#     -1   -18       6.6672582003E-005
#     -1   -17       2.0013454715E-005
#     -1   -16       1.7848180494E-004
#     -1   -15       1.7943007616E-005
#     -1   -14       6.1644480667E-004
#     -1   -13       5.4471058984E-004
#     -1   -12       4.8455275527E-005
#     -1   -11       3.7365525791E-004
#     -1   -10       1.9817176710E-004
#     -1    -9       5.2321035232E-004
#     -1    -8       4.0329839543E-004
#     -1    -7       3.6147608519E-005
#     -1    -6       2.4612996100E-004
#     -1    -5       3.2987768096E-004
#     -1    -4       1.0950231716E-004
#     -1    -3       7.8550702829E-005
#     -1    -2       2.6261613352E-004
#     -1    -1       2.2109766177E-004
#     -1     0       8.3026215696E-004
#     -1     1       1.2352831742E-004
#     -1     2       2.7089333586E-004
#     -1     3       1.2349660661E-004
#     -1     4       8.5485093533E-005
#     -1     5       2.8930502610E-004
#     -1     6       1.6253856552E-005
#     -1     7       7.9797847498E-004
#     -1     8       1.5077372122E-004
#     -1     9       9.4280297264E-004
#     -1    10       2.8894755328E-004
#     -1    11       3.5311148126E-004
#     -1    12       1.0524467673E-004
#     -1    13       2.5086978662E-005
#     -1    14       1.8722098209E-004
#     -1    15       3.9522588026E-004
#     -1    16       1.6169020851E-004
#     -1    17       3.6331791156E-004
#     -1    18       1.8262408494E-004
#     -1    19       3.0042558520E-004
#     -1    20       4.1095288084E-004
#     -1    21       2.3360389952E-004
#     -1    22       8.6135851315E-005
#     -1    23       7.1705334479E-005
#     -1    24       3.3373502872E-004
#      0   -24       7.3635953676E-005
#      0   -23       1.0485874288E-004
#      0   -22       4.7749995321E-004
#      0   -21       2.7425803969E-005
#      0   -20       1.3073122217E-003
#      0   -19       1.2605162244E-004
#      0   -18       1.0461083503E-004
#      0   -17       4.7260574768E-004
#      0   -16       3.3764337739E-005
#      0   -15       1.5759357084E-002
#      0   -14       5.5550550818E-005
#      0   -13       6.2159773224E-004
#      0   -12       3.8647563003E-004
#      0   -11       6.2560859946E-004
#      0   -10       2.2567132644E-002
#      0    -9       2.1145316657E-004
#      0    -8       1.0231606339E-003
#      0    -7       2.2502661973E-005
#      0    -6       3.7661168991E-004
#      0    -5       3.2363817814E-003
#      0    -4       2.7889028003E-005
#      0    -3       2.1543114449E-004
#      0    -2       8.5598354458E-004
#      0    -1       3.5564091465E-005
#      0     0       1.4745614367E-002
#      0     1       3.9987793393E-004
#      0     2       8.6454434352E-005
#      0     3       2.9914883567E-004
#      0     4       9.6129481723E-005
#      0     5       1.0534413092E-002
#      0     6       4.7753700335E-004
#      0     7       2.4184210426E-004
#      0     8       3.2766360974E-004
#      0     9       3.4203503154E-005
#      0    10       8.2765544430E-003
#      0    11       1.8075720206E-004
#      0    12       3.6632103199E-005
#      0    13       1.0018863690E-003
#      0    14       2.4476150219E-004
#      0    15       2.3139648059E-002
#      0    16       3.0935342407E-005
#      0    17       2.5684375851E-004
#      0    18       3.4963752868E-004
#      0    19       1.0302495269E-004
#      0    20       4.8748895901E-003
#      0    21       1.6119645311E-004
#      0    22       2.8759748226E-004
#      0    23       8.3978918921E-005
#      0    24       5.1949391404E-005
#      1   -24       3.7244389269E-005
#      1   -23       3.3880879773E-005
#      1   -22       4.9276143827E-005
#      1   -21       1.5280799234E-004
#      1   -20       2.5376140730E-005
#      1   -19       2.2966174702E-005
#      1   -18       6.6000137193E-005
#      1   -17       9.4562772345E-006
#      1   -16       1.0916381435E-004
#      1   -15       1.0046985497E-004
#      1   -14       9.9566749908E-004
#      1   -13       2.9749432220E-004
#      1   -12       1.4301404993E-004
#      1   -11       8.4452342297E-004
#      1   -10       1.1937709854E-003
#      1    -9       4.4609135677E-004
#      1    -8       3.5383424470E-004
#      1    -7       4.1760054841E-005
#      1    -6       1.7236939317E-005
#      1    -5       1.7789313743E-005
#      1    -4       1.0954516556E-004
#      1    -3       7.4724368968E-004
#      1    -2       8.9501610302E-005
#      1    -1       5.8585156579E-004
#      1     0       4.4418782003E-005
#      1     1       2.7396213467E-004
#      1     2       3.4561030813E-004
#      1     3       4.2857493954E-004
#      1     4       5.2942926312E-004
#      1     5       3.6667330160E-004
#      1     6       1.1830343524E-004
#      1     7       4.6227478318E-005
#      1     8       4.9728654074E-004
#      1     9       3.4383376138E-005
#      1    10       1.0926785018E-003
#      1    11       2.6109630888E-004
#      1    12       1.6304563765E-004
#      1    13       7.0475817586E-004
#      1    14       2.7850813635E-005
#      1    15       5.5075274656E-004
#      1    16       4.6473772962E-005
#      1    17       1.9533478812E-004
#      1    18       7.6523536011E-005
#      1    19       1.5387631550E-004
#      1    20       3.6512814550E-004
#      1    21       1.1547193033E-004
#      1    22       3.9832584944E-004
#      1    23       4.7441584176E-004
#      2   -25       1.0448068933E-004
#      2   -24       1.6953407243E-005
#      2   -23       1.6471615722E-004
#      2   -22       7.3187666492E-005
#      2   -21       1.3572743015E-004
#      2   -20       1.3882673475E-004
#      2   -19       1.1960024080E-004
#      2   -18       8.5598857646E-004
#      2   -17       8.5415898825E-005
#      2   -16       5.2503387047E-004
#      2   -15       7.4779693290E-004
#      2   -14       1.1127134263E-004
#      2   -13       2.5590722323E-004
#      2   -12       6.6258012682E-005
#      2   -11       1.0149783148E-004
#      2   -10       6.2405166871E-005
#      2    -9       8.5825714894E-005
#      2    -8       2.4060450445E-004
#      2    -7       1.6205589568E-003
#      2    -6       3.8606267255E-004
#      2    -5       5.9723232167E-005
#      2    -4       9.3819813591E-005
#      2    -3       1.1600718424E-004
#      2    -2       4.9226191449E-005
#      2    -1       1.2809360537E-004
#      2     0       4.8631016908E-004
#      2     1       1.4144921220E-004
#      2     2       1.1029821093E-004
#      2     3       2.2385179232E-005
#      2     4       4.5599796099E-004
#      2     5       7.7158830216E-004
#      2     6       7.3538140230E-006
#      2     7       3.7327408248E-006
#      2     8       5.7135546782E-004
#      2     9       5.6502977036E-004
#      2    10       2.3522859761E-004
#      2    11       3.3938298664E-004
#      2    12       6.0415065424E-004
#      2    13       2.4258777694E-004
#      2    14       9.4528084707E-004
#      2    15       2.2862800195E-004
#      2    16       9.1363188313E-004
#      2    17       2.8786044665E-005
#      2    18       2.9806885608E-004
#      2    19       5.3553129320E-005
#      2    20       2.4562088885E-004
#      2    21       1.0101582263E-003
#      2    22       4.5087456373E-004
#      2    23       1.7017675895E-004
#      3   -25       2.0889372907E-005
#      3   -24       1.6202768993E-004
#      3   -23       6.1877208537E-005
#      3   -22       1.0803079629E-004
#      3   -21       8.1031145715E-006
#      3   -20       2.6743958036E-005
#      3   -19       5.3515411992E-004
#      3   -18       2.1055613646E-004
#      3   -17       6.5525719599E-004
#      3   -16       7.3843506254E-005
#      3   -15       1.4977120760E-004
#      3   -14       4.9347060416E-006
#      3   -13       9.1732562628E-004
#      3   -12       9.0619031434E-005
#      3   -11       3.0381036058E-004
#      3   -10       3.1239215964E-004
#      3    -9       1.0330039173E-003
#      3    -8       1.4922944858E-004
#      3    -7       8.3639500061E-004
#      3    -6       1.2862939665E-004
#      3    -5       2.1315586209E-004
#      3    -4       1.2301472552E-004
#      3    -3       3.0646803628E-004
#      3    -2       1.1034708530E-003
#      3    -1       2.2633426431E-004
#      3     0       4.3367379621E-004
#      3     1       1.0354525117E-004
#      3     2       2.8928837046E-004
#      3     3       1.0821402025E-003
#      3     4       5.0540820725E-004
#      3     5       9.4757024304E-004
#      3     6       9.0187473467E-005
#      3     7       1.1692876006E-003
#      3     8       4.8899407851E-006
#      3     9       2.2693773658E-004
#      3    10       5.5414483895E-004
#      3    11       3.3871860596E-004
#      3    12       3.7722454742E-004
#      3    13       2.3952975098E-004
#      3    14       4.3131555900E-005
#      3    15       2.2232854191E-004
#      3    16       5.3516817207E-004
#      3    17       7.7977100568E-004
#      3    18       9.7427894317E-005
#      3    19       6.0334363882E-005
#      3    20       2.0685017768E-006
#      3    21       1.2628892360E-004
#      3    22       4.0946874281E-005
#      4   -26       2.6219928219E-005
#      4   -25       1.1046371165E-005
#      4   -24       1.7970279939E-005
#      4   -23       1.2173184496E-004
#      4   -22       4.5041745528E-005
#      4   -21       1.0897026446E-004
#      4   -20       7.7366700892E-005
#      4   -19       4.9480859612E-006
#      4   -18       2.5993909704E-005
#      4   -17       1.3271580115E-004
#      4   -16       2.6364225396E-004
#      4   -15       7.8343920914E-005
#      4   -14       1.8010755994E-004
#      4   -13       6.4770344809E-004
#      4   -12       2.0240353380E-004
#      4   -11       6.0283284720E-006
#      4   -10       1.6329027904E-004
#      4    -9       1.3955074380E-004
#      4    -8       6.3093227014E-004
#      4    -7       1.2491116625E-004
#      4    -6       8.0922318952E-004
#      4    -5       2.9591670959E-004
#      4    -4       3.8248402612E-005
#      4    -3       1.0650299957E-004
#      4    -2       5.8291571753E-004
#      4    -1       6.5076935944E-005
#      4     0       5.3278170355E-005
#      4     1       1.2717833808E-004
#      4     2       5.3312728701E-004
#      4     3       2.8667564765E-004
#      4     4       1.3851790991E-004
#      4     5       1.6484009414E-004
#      4     6       5.0979808174E-004
#      4     7       1.8690191474E-004
#      4     8       9.6645661965E-007
#      4     9       6.2836786132E-004
#      4    10       2.7147390349E-004
#      4    11       2.9711813336E-004
#      4    12       1.3964251799E-004
#      4    13       7.6230213262E-005
#      4    14       1.1363513560E-003
#      4    15       8.9695301538E-004
#      4    16       2.4315969623E-005
#      4    17       4.3333623821E-005
#      4    18       2.3158348373E-005
#      4    19       9.7534186210E-004
#      4    20       1.0703742090E-004
#      4    21       4.9221436434E-005
#      4    22       6.2872534499E-006
#      5   -26       2.2439572247E-006
#      5   -25       2.8244992763E-004
#      5   -24       5.9891785285E-005
#      5   -23       1.1435813126E-004
#      5   -22       2.9997632892E-004
#      5   -21       3.2060371504E-005
#      5   -20       4.1025856486E-003
#      5   -19       6.0135527320E-005
#      5   -18       1.8602994753E-005
#      5   -17       4.3155193183E-005
#      5   -16       3.0965601838E-006
#      5   -15       9.8439546042E-003
#      5   -14       4.6724297006E-005
#      5   -13       8.9215245687E-004
#      5   -12       1.1530142447E-004
#      5   -11       2.7233055538E-004
#      5   -10       4.7426506660E-004
#      5    -9       1.3655427817E-004
#      5    -8       8.3910899049E-004
#      5    -7       2.0105275000E-004
#      5    -6       1.6050189348E-004
#      5    -5       1.0334871460E-002
#      5    -4       1.1291220749E-004
#      5    -3       1.2880178480E-004
#      5    -2       5.2998720869E-005
#      5    -1       7.1272781466E-005
#      5     0       1.3344437834E-003
#      5     1       7.5900766741E-005
#      5     2       1.8671497317E-005
#      5     3       2.1241837696E-004
#      5     4       1.8259187281E-004
#      5     5       2.1974561875E-003
#      5     6       2.5699746414E-004
#      5     7       4.1131228955E-005
#      5     8       7.7416470346E-004
#      5     9       2.9746587869E-004
#      5    10       5.5696954434E-003
#      5    11       2.3641028336E-004
#      5    12       3.6024245745E-004
#      5    13       3.2777785027E-004
#      5    14       1.3949228262E-004
#      5    15       8.7489249753E-003
#      5    16       1.1080768487E-004
#      5    17       5.5220448431E-005
#      5    18       6.1962224061E-005
#      5    19       2.1804835257E-005
#      5    20       1.0808723994E-003
#      5    21       3.0287642111E-005
#      6   -26       5.8617567948E-005
#      6   -25       5.7748304464E-005
#      6   -24       4.4241569173E-005
#      6   -23       7.1095315763E-005
#      6   -22       1.3304591225E-004
#      6   -21       2.7939995558E-004
#      6   -20       1.7804054940E-005
#      6   -19       2.5355800477E-004
#      6   -18       1.0617532642E-004
#      6   -17       4.2188976517E-004
#      6   -16       1.9129905226E-004
#      6   -15       1.5180303076E-004
#      6   -14       1.5254823120E-004
#      6   -13       1.5324372432E-005
#      6   -12       7.2621460031E-004
#      6   -11       1.3996263582E-004
#      6   -10       2.0975251562E-003
#      6    -9       9.8178938631E-004
#      6    -8       4.8154660170E-005
#      6    -7       2.2422400161E-004
#      6    -6       5.3755203287E-005
#      6    -5       3.0260949032E-004
#      6    -4       6.4597504131E-004
#      6    -3       1.8488582718E-004
#      6    -2       3.2250507768E-004
#      6    -1       2.6876110152E-004
#      6     0       1.5897927999E-004
#      6     1       5.5480020674E-004
#      6     2       1.6749486593E-004
#      6     3       2.2915420329E-004
#      6     4       2.2836090759E-004
#      6     5       1.1065742986E-004
#      6     6       9.2842395195E-004
#      6     7       7.4939906731E-005
#      6     8       2.2546365611E-004
#      6     9       4.5134513649E-004
#      6    10       4.6156169795E-004
#      6    11       4.0682435507E-004
#      6    12       4.5528276467E-004
#      6    13       9.3769953156E-005
#      6    14       2.6681801582E-004
#      6    15       1.4338144825E-004
#      6    16       1.7204571298E-004
#      6    17       1.2268062206E-004
#      6    18       2.4023490774E-004
#      6    19       1.4030915995E-005
#      6    20       8.9984398167E-005
#      7   -27       1.6168997014E-006
#      7   -26       4.4728753883E-005
#      7   -25       7.8588824113E-005
#      7   -24       5.3507094997E-005
#      7   -23       1.8489613893E-004
#      7   -22       8.3406105072E-005
#      7   -21       1.3125998508E-004
#      7   -20       8.8142710627E-005
#      7   -19       1.4661939287E-004
#      7   -18       2.2150085587E-004
#      7   -17       3.4625260796E-005
#      7   -16       8.7044096413E-004
#      7   -15       1.9919301667E-004
#      7   -14       3.4096170618E-004
#      7   -13       2.4083321662E-006
#      7   -12       7.5166920321E-005
#      7   -11       4.9667905223E-005
#      7   -10       1.3472192088E-004
#      7    -9       1.0916687263E-004
#      7    -8       7.1741035583E-005
#      7    -7       6.3472903462E-004
#      7    -6       1.4522005590E-003
#      7    -5       5.6679928879E-006
#      7    -4       1.4847145067E-004
#      7    -3       5.5019905931E-005
#      7    -2       1.6637445659E-004
#      7    -1       3.3318945669E-006
#      7     0       1.3916701319E-004
#      7     1       3.5963653139E-005
#      7     2       3.0624750438E-004
#      7     3       2.1287884270E-004
#      7     4       3.3899653851E-004
#      7     5       4.6011773436E-004
#      7     6       1.1355493078E-004
#      7     7       4.0017128696E-006
#      7     8       2.0493522106E-004
#      7     9       1.2315610130E-003
#      7    10       2.2920231575E-004
#      7    11       5.3032539843E-005
#      7    12       2.1943792762E-005
#      7    13       9.7862917592E-005
#      7    14       2.0671395524E-004
#      7    15       2.5246359744E-005
#      7    16       1.2774984909E-003
#      7    17       1.4812318711E-004
#      7    18       7.5609503494E-005
#      7    19       8.0918002517E-005
#      7    20       7.2932147162E-005
#      8   -27       2.3353962308E-005
#      8   -26       2.5548419891E-005
#      8   -25       1.1525335214E-004
#      8   -24       3.3944203678E-004
#      8   -23       1.6156975395E-005
#      8   -22       7.0445946481E-005
#      8   -21       2.9890468268E-004
#      8   -20       6.9837020435E-005
#      8   -19       1.5202818216E-005
#      8   -18       1.0486621287E-004
#      8   -17       4.3072672174E-004
#      8   -16       1.3880212882E-004
#      8   -15       1.6953794774E-004
#      8   -14       5.4121395268E-005
#      8   -13       4.9553836682E-004
#      8   -12       1.5168820284E-004
#      8   -11       8.7248766876E-004
#      8   -10       1.0374608953E-004
#      8    -9       5.3400489566E-004
#      8    -8       1.2051021567E-004
#      8    -7       1.2698077963E-003
#      8    -6       2.1350073278E-004
#      8    -5       6.5581477620E-004
#      8    -4       1.5925169544E-005
#      8    -3       7.5239677940E-006
#      8    -2       3.2104157322E-004
#      8    -1       1.9320683645E-004
#      8     0       2.1936759152E-004
#      8     1       1.0017727455E-004
#      8     2       6.8711811277E-004
#      8     3       2.3785227634E-004
#      8     4       1.3932163606E-004
#      8     5       2.2637451722E-004
#      8     6       4.9749080955E-005
#      8     7       1.5514064069E-003
#      8     8       6.6475379247E-004
#      8     9       3.8089863530E-004
#      8    10       3.8059272796E-004
#      8    11       1.4951810574E-005
#      8    12       9.0547867540E-004
#      8    13       1.7483187981E-004
#      8    14       4.0919486165E-006
#      8    15       6.9318596120E-005
#      8    16       2.1946358499E-004
#      8    17       4.4558247377E-004
#      8    18       7.6860249715E-005
#      8    19       1.2825921545E-004
#      9   -27       1.9915067568E-006
#      9   -26       6.6795805756E-005
#      9   -25       5.2038048118E-005
#      9   -24       1.1695220168E-004
#      9   -23       2.1181925522E-004
#      9   -22       8.3985906892E-005
#      9   -21       3.5468028362E-005
#      9   -20       1.1259142324E-004
#      9   -19       1.7737279226E-004
#      9   -18       5.4792522688E-004
#      9   -17       2.7623367259E-005
#      9   -16       5.0043020725E-004
#      9   -15       1.2414407862E-004
#      9   -14       3.2515819969E-004
#      9   -13       2.1436009559E-004
#      9   -12       3.0095418569E-004
#      9   -11       7.7785279328E-004
#      9   -10       1.1349915457E-003
#      9    -9       2.0368259120E-004
#      9    -8       5.1404832692E-004
#      9    -7       2.8165267432E-004
#      9    -6       7.2947577977E-004
#      9    -5       8.0515930890E-004
#      9    -4       1.2168265749E-003
#      9    -3       1.9720153405E-004
#      9    -2       5.0859843338E-004
#      9    -1       6.8873956922E-004
#      9     0       2.3063924012E-004
#      9     1       1.5601845888E-004
#      9     2       2.9926726041E-004
#      9     3       3.7759407390E-006
#      9     4       8.5912725982E-005
#      9     5       4.0594120789E-004
#      9     6       6.9865687352E-005
#      9     7       5.2442961492E-004
#      9     8       1.8216501579E-004
#      9     9       6.3790521947E-004
#      9    10       3.2672033137E-004
#      9    11       9.4329236400E-004
#      9    12       2.7540003042E-005
#      9    13       4.4164966411E-005
#      9    14       3.9738239683E-005
#      9    15       3.2878884583E-004
#      9    16       1.0144090877E-004
#      9    17       2.6913395510E-004
#      9    18       7.8104663194E-005
#     10   -27       6.7400061555E-005
#     10   -26       1.2395192686E-004
#     10   -25       3.6808550118E-005
#     10   -24       6.9432656253E-005
#     10   -23       4.2688210795E-005
#     10   -22       7.8670107425E-005
#     10   -21       9.0911629626E-005
#     10   -20       3.4681436216E-003
#     10   -19       3.5680695959E-004
#     10   -18       2.2420050350E-006
#     10   -17       8.2939452240E-004
#     10   -16       3.0941705596E-004
#     10   -15       7.6436508128E-003
#     10   -14       5.3534779677E-004
#     10   -13       1.5071191140E-004
#     10   -12       1.3640521371E-004
#     10   -11       4.2314936421E-005
#     10   -10       6.5161259086E-003
#     10    -9       2.0026202390E-005
#     10    -8       9.0669118083E-004
#     10    -7       2.9570382483E-004
#     10    -6       3.8168489841E-005
#     10    -5       3.5818710868E-003
#     10    -4       1.1438655184E-005
#     10    -3       3.0574870763E-005
#     10    -2       3.4402502956E-004
#     10    -1       4.6607513150E-006
#     10     0       1.9784569812E-002
#     10     1       2.4666079932E-004
#     10     2       3.1709756007E-006
#     10     3       1.5369410437E-004
#     10     4       3.4719424735E-004
#     10     5       8.0964865216E-003
#     10     6       1.2231477091E-004
#     10     7       4.7844080790E-004
#     10     8       4.6358024879E-005
#     10     9       2.0294134058E-004
#     10    10       3.5356520672E-003
#     10    11       5.5005948050E-004
#     10    12       2.1990940565E-004
#     10    13       4.2394164148E-004
#     10    14       3.2303629757E-005
#     10    15       1.3707942577E-003
#     10    16       1.8750391381E-005
#     10    17       2.6779975485E-004
#     11   -27       3.9315105103E-005
#     11   -26       1.4885375723E-004
#     11   -25       4.8764174340E-005
#     11   -24       2.5198346605E-005
#     11   -23       1.5587462251E-004
#     11   -22       8.2186247495E-005
#     11   -21       1.1405188610E-004
#     11   -20       1.1813290656E-004
#     11   -19       1.2958544702E-003
#     11   -18       9.1158704382E-004
#     11   -17       1.7914982602E-005
#     11   -16       4.8653116320E-004
#     11   -15       3.6404615245E-004
#     11   -14       2.3652890727E-004
#     11   -13       1.4394233096E-005
#     11   -12       5.7265691729E-005
#     11   -11       2.1998990471E-004
#     11   -10       8.3998525760E-004
#     11    -9       2.8024843931E-004
#     11    -8       2.1826990325E-005
#     11    -7       4.4728172821E-005
#     11    -6       1.5822919915E-004
#     11    -5       1.2517400835E-004
#     11    -4       5.0572750275E-004
#     11    -3       8.1689726787E-005
#     11    -2       7.3842172543E-004
#     11    -1       4.0876832218E-004
#     11     0       1.6091318565E-004
#     11     1       4.8847174528E-004
#     11     2       8.0581615259E-004
#     11     3       6.9454036424E-004
#     11     4       5.6917432524E-004
#     11     5       4.9288789908E-004
#     11     6       8.9569248131E-004
#     11     7       6.9486286635E-004
#     11     8       9.9782519793E-004
#     11     9       2.0350515888E-004
#     11    10       9.6272503244E-004
#     11    11       3.8228757985E-004
#     11    12       1.4080208035E-005
#     11    13       1.7124342969E-005
#     11    14       3.8811851460E-005
#     11    15       8.0886256696E-005
#     11    16       1.2112300863E-004
#     12   -27       3.8752320116E-005
#     12   -26       3.7077716390E-005
#     12   -25       1.2788369895E-004
#     12   -24       6.4440603931E-005
#     12   -23       1.8088341080E-004
#     12   -22       1.7604957372E-004
#     12   -21       2.1655461784E-004
#     12   -20       5.7789924818E-004
#     12   -19       9.8835157800E-006
#     12   -18       4.4228053006E-004
#     12   -17       5.3805822075E-004
#     12   -16       4.4327112122E-004
#     12   -15       5.0110423959E-005
#     12   -14       4.5218650634E-004
#     12   -13       1.9933258900E-003
#     12   -12       5.0291238848E-004
#     12   -11       3.5591151935E-004
#     12   -10       8.7396934723E-005
#     12    -9       1.0249940090E-004
#     12    -8       8.7520760734E-005
#     12    -7       7.5915560598E-004
#     12    -6       3.8890913074E-004
#     12    -5       1.2970991113E-004
#     12    -4       2.2665588361E-005
#     12    -3       1.1009440699E-003
#     12    -2       4.8585644448E-004
#     12    -1       3.1570840735E-004
#     12     0       1.3855426377E-003
#     12     1       5.9999546588E-006
#     12     2       4.8698995945E-004
#     12     3       6.5867468748E-005
#     12     4       4.7571728725E-004
#     12     5       9.5632597709E-005
#     12     6       9.6568342980E-005
#     12     7       2.4262127768E-004
#     12     8       1.1099648171E-004
#     12     9       2.5871873306E-004
#     12    10       4.2656055815E-006
#     12    11       2.8117315898E-005
#     12    12       3.5382316751E-004
#     12    13       2.4590851271E-004
#     12    14       8.7778644768E-005
#     12    15       2.3797535562E-005
#     13   -28       1.7203957140E-005
#     13   -27       1.2285807565E-005
#     13   -26       2.7951941480E-005
#     13   -25       2.3740222953E-005
#     13   -24       1.5472784892E-004
#     13   -23       3.1706402956E-004
#     13   -22       5.8837025926E-005
#     13   -21       3.9644848411E-005
#     13   -20       2.8365534237E-004
#     13   -19       4.5999563422E-005
#     13   -18       1.0224461257E-004
#     13   -17       2.4945102414E-004
#     13   -16       5.6198374846E-004
#     13   -15       5.2029920715E-004
#     13   -14       9.5675780674E-004
#     13   -13       6.5275730274E-004
#     13   -12       2.6317142760E-004
#     13   -11       8.5907229186E-004
#     13   -10       5.1765656768E-006
#     13    -9       3.0081519276E-004
#     13    -8       1.2979068062E-003
#     13    -7       2.8983359931E-004
#     13    -6       1.1053937498E-004
#     13    -5       8.0393505675E-004
#     13    -4       1.3637787737E-004
#     13    -3       1.7347325390E-003
#     13    -2       8.2890397962E-004
#     13    -1       1.7847273623E-005
#     13     0       6.6951041491E-004
#     13     1       6.8715487771E-004
#     13     2       1.2033700259E-003
#     13     3       2.1733423873E-004
#     13     4       5.2466591505E-004
#     13     5       2.2914922581E-005
#     13     6       1.3648800224E-004
#     13     7       3.6760978898E-004
#     13     8       4.5929676112E-005
#     13     9       6.3183323167E-005
#     13    10       3.1198092637E-005
#     13    11       4.8902247114E-005
#     13    12       8.4341980060E-005
#     13    13       1.9968041299E-006
#     13    14       2.7307063390E-005
#     13    15       3.3168162679E-006
#     14   -28       1.5235113253E-005
#     14   -27       7.6266815291E-005
#     14   -26       2.7820408666E-005
#     14   -25       5.8915707909E-005
#     14   -24       5.9231699073E-005
#     14   -23       3.4781290805E-004
#     14   -22       1.6601979081E-004
#     14   -21       3.2934547762E-004
#     14   -20       1.4625665848E-004
#     14   -19       8.1901134200E-005
#     14   -18       3.6854171572E-004
#     14   -17       5.6001252771E-004
#     14   -16       9.4779353684E-004
#     14   -15       3.5807617838E-004
#     14   -14       1.8079054043E-005
#     14   -13       3.2370334947E-004
#     14   -12       1.6310002797E-003
#     14   -11       7.8673893778E-004
#     14   -10       2.6558858064E-004
#     14    -9       3.5507549751E-004
#     14    -8       2.6797255162E-004
#     14    -7       2.7213893995E-004
#     14    -6       4.2843405283E-005
#     14    -5       1.3191799721E-004
#     14    -4       1.3509965369E-004
#     14    -3       3.3349450908E-004
#     14    -2       1.8059437277E-003
#     14    -1       1.7337116695E-003
#     14     0       1.5110917437E-004
#     14     1       7.0203630939E-004
#     14     2       1.4644321454E-004
#     14     3       7.8129154798E-004
#     14     4       4.4247502803E-005
#     14     5       7.4652846145E-005
#     14     6       5.1214945916E-006
#     14     7       9.7312175647E-005
#     14     8       1.3714589193E-004
#     14     9       1.1512192753E-004
#     14    10       9.2059354955E-006
#     14    11       4.9673520339E-005
#     14    12       7.3659101209E-005
#     14    13       1.1407309154E-004
#     14    14       2.3650857434E-005
#     15   -28       1.7220747425E-005
#     15   -27       2.7011126799E-005
#     15   -26       1.1615444953E-004
#     15   -25       4.7916094232E-004
#     15   -24       1.8117858457E-005
#     15   -23       1.4365064354E-004
#     15   -22       2.1591958516E-004
#     15   -21       1.2071487065E-004
#     15   -20       5.2615253419E-003
#     15   -19       1.4916012420E-004
#     15   -18       1.8835040107E-005
#     15   -17       1.1042962173E-004
#     15   -16       4.8124954129E-006
#     15   -15       2.0105883738E-002
#     15   -14       9.8280336831E-005
#     15   -13       9.6522704982E-004
#     15   -12       8.1414460135E-005
#     15   -11       1.3611612273E-004
#     15   -10       6.1899780969E-003
#     15    -9       5.2154254571E-004
#     15    -8       8.5003490659E-005
#     15    -7       3.2657252400E-005
#     15    -6       2.0911666850E-004
#     15    -5       5.0173632186E-003
#     15    -4       1.4711872148E-004
#     15    -3       3.5629638027E-004
#     15    -2       5.6261195320E-005
#     15    -1       1.3488894812E-004
#     15     0       9.7794334267E-003
#     15     1       1.1970328799E-003
#     15     2       5.2423505883E-004
#     15     3       3.6083476250E-005
#     15     4       1.1053819579E-004
#     15     5       5.7722919703E-003
#     15     6       6.9338359882E-005
#     15     7       3.2009671450E-004
#     15     8       1.6163414841E-005
#     15     9       1.0774314807E-004
#     15    10       3.0005677396E-004
#     15    11       2.4080208949E-005
#     15    12       8.8639834090E-006
#     15    13       6.8882897107E-005
#     16   -27       5.1120379672E-005
#     16   -26       1.0078668952E-004
#     16   -25       2.3991232065E-004
#     16   -24       1.4119337820E-004
#     16   -23       3.9499247423E-004
#     16   -22       8.9235511459E-006
#     16   -21       1.4563393315E-004
#     16   -20       2.1582103690E-004
#     16   -19       1.1080549809E-003
#     16   -18       5.2327787031E-004
#     16   -17       3.1880160285E-004
#     16   -16       9.5868640282E-005
#     16   -15       4.1903070342E-004
#     16   -14       1.4204138109E-003
#     16   -13       6.4412228915E-004
#     16   -12       8.5839072846E-004
#     16   -11       1.0858235234E-003
#     16   -10       6.1505796968E-004
#     16    -9       9.0196839378E-005
#     16    -8       1.2020314033E-004
#     16    -7       3.4163030778E-004
#     16    -6       3.4157936243E-005
#     16    -5       9.6026866269E-005
#     16    -4       2.8981320751E-005
#     16    -3       7.5662809493E-004
#     16    -2       1.4415599080E-003
#     16    -1       7.2726105440E-005
#     16     0       5.6687442333E-005
#     16     1       2.5372828501E-004
#     16     2       2.7800666765E-004
#     16     3       3.2134693371E-004
#     16     4       3.5836207355E-005
#     16     5       1.0394114559E-004
#     16     6       1.0913179145E-004
#     16     7       4.1211495902E-004
#     16     8       5.4194230833E-005
#     16     9       3.8809412275E-004
#     16    10       1.4621383562E-005
#     16    11       2.1005476001E-005
#     17   -27       1.8694249450E-005
#     17   -26       1.0739033056E-005
#     17   -25       7.0731088747E-005
#     17   -24       1.7695865840E-004
#     17   -23       1.1916028248E-004
#     17   -22       1.2464236523E-004
#     17   -21       4.0145265186E-004
#     17   -20       2.2429417114E-004
#     17   -19       1.1073934286E-004
#     17   -18       3.8425806985E-004
#     17   -17       2.4428017020E-006
#     17   -16       1.1886269656E-004
#     17   -15       3.5403231106E-004
#     17   -14       1.9252024937E-004
#     17   -13       1.1681503455E-003
#     17   -12       2.6517427856E-004
#     17   -11       4.0572141253E-005
#     17   -10       1.0426017792E-003
#     17    -9       1.7274365490E-004
#     17    -8       1.4786428393E-004
#     17    -7       7.4052438997E-006
#     17    -6       7.8158935083E-005
#     17    -5       9.2058795354E-004
#     17    -4       7.2956618337E-004
#     17    -3       1.3339864779E-003
#     17    -2       4.9824197341E-004
#     17    -1       5.6141208175E-005
#     17     0       2.0037572214E-004
#     17     1       1.7985309758E-005
#     17     2       1.4357835003E-004
#     17     3       2.5079669124E-005
#     17     4       3.0599019646E-005
#     17     5       7.6007897857E-005
#     17     6       3.1767059630E-004
#     17     7       5.9943376822E-006
#     17     8       2.2452644681E-005
#     17     9       8.4815963735E-005
#     17    10       1.7592769200E-005
#     18   -27       1.4278576654E-005
#     18   -26       2.3280286283E-006
#     18   -25       3.9240717830E-005
#     18   -24       6.2836948652E-005
#     18   -23       9.2636935870E-005
#     18   -22       2.8055316336E-004
#     18   -21       1.6030483651E-004
#     18   -20       2.5901409847E-004
#     18   -19       5.8898444937E-005
#     18   -18       1.4007591020E-004
#     18   -17       1.2795286998E-003
#     18   -16       4.3611986329E-004
#     18   -15       8.0913221898E-004
#     18   -14       2.3822663025E-005
#     18   -13       8.7057710183E-004
#     18   -12       1.2892186463E-003
#     18   -11       1.5135283991E-004
#     18   -10       3.3210812798E-004
#     18    -9       7.0961107918E-004
#     18    -8       4.5893916735E-004
#     18    -7       5.6163123854E-004
#     18    -6       2.5460744785E-004
#     18    -5       1.3728043557E-003
#     18    -4       2.2323692276E-004
#     18    -3       1.4692523479E-003
#     18    -2       1.5099548909E-004
#     18    -1       2.3523890846E-004
#     18     0       3.3899755749E-004
#     18     1       3.0794502580E-006
#     18     2       9.0443964504E-004
#     18     3       6.3167451600E-005
#     18     4       1.2823325530E-004
#     18     5       3.1709417667E-005
#     18     6       4.2823530873E-005
#     18     7       3.5296084876E-005
#     18     8       1.1352127967E-005
#     18     9       2.0945051670E-006
#     19   -27       2.2227935765E-005
#     19   -26       3.9028539449E-005
#     19   -25       1.6742120683E-005
#     19   -24       2.8514582295E-005
#     19   -23       5.0517872868E-005
#     19   -22       1.4458505142E-004
#     19   -21       1.0574562131E-004
#     19   -20       1.9393429556E-004
#     19   -19       5.5208226775E-005
#     19   -18       2.0365770555E-005
#     19   -17       4.8662985033E-004
#     19   -16       1.4692204915E-003
#     19   -15       4.2779627485E-004
#     19   -14       1.0688213158E-003
#     19   -13       4.4403723259E-004
#     19   -12       8.9343724047E-005
#     19   -11       2.8429975280E-004
#     19   -10       3.4915342491E-004
#     19    -9       1.2266668659E-004
#     19    -8       1.0949901810E-004
#     19    -7       1.8727058335E-004
#     19    -6       1.8921946776E-004
#     19    -5       8.8467389664E-004
#     19    -4       7.1035599761E-005
#     19    -3       1.6802280136E-004
#     19    -2       6.3684069407E-004
#     19    -1       1.2157474707E-003
#     19     0       7.6388038701E-005
#     19     1       5.7486192024E-004
#     19     2       1.0873263759E-004
#     19     3       5.2790151847E-004
#     19     4       2.6277150489E-006
#     19     5       7.4855225153E-005
#     19     6       8.7736819999E-005
#     19     7       7.2764919492E-006
#     19     8       7.4257450727E-005
#     20   -27       1.9587066238E-005
#     20   -26       6.5730587566E-005
#     20   -25       5.4053331547E-004
#     20   -24       7.3410328611E-005
#     20   -23       5.6409174763E-005
#     20   -22       2.4842095699E-005
#     20   -21       1.7346277323E-006
#     20   -20       4.1298917998E-003
#     20   -19       7.2413267075E-005
#     20   -18       1.7242104319E-005
#     20   -17       1.5591307924E-005
#     20   -16       7.3157266995E-004
#     20   -15       3.9101682708E-003
#     20   -14       4.5283488638E-005
#     20   -13       6.7810783223E-004
#     20   -12       2.7599539134E-004
#     20   -11       4.3012706350E-004
#     20   -10       2.3839696995E-003
#     20    -9       1.3932006921E-004
#     20    -8       6.8512561713E-007
#     20    -7       3.8218807760E-004
#     20    -6       4.3529355050E-005
#     20    -5       3.1179622553E-003
#     20    -4       2.7145048329E-004
#     20    -3       2.8197962373E-004
#     20    -2       2.2897836313E-004
#     20    -1       2.8764747928E-005
#     20     0       2.2679655066E-004
#     20     1       3.7907176470E-004
#     20     2       9.1951718333E-004
#     20     3       8.1924319542E-005
#     20     4       6.3903310153E-005
#     20     5       8.2296351952E-005
#     20     6       1.9212914746E-006
#     20     7       6.9003922939E-006
#     21   -26       4.8844078716E-005
#     21   -25       1.0071905349E-007
#     21   -24       1.8781299487E-004
#     21   -23       3.3571745892E-005
#     21   -22       1.6743276745E-004
#     21   -21       2.8019410874E-005
#     21   -20       2.2514402976E-004
#     21   -19       3.3536115991E-004
#     21   -18       9.7637357713E-004
#     21   -17       1.4431357212E-004
#     21   -16       2.2263355372E-004
#     21   -15       6.1967320941E-004
#     21   -14       4.4265726145E-004
#     21   -13       6.6698655231E-004
#     21   -12       1.0014134882E-004
#     21   -11       7.7529862427E-004
#     21   -10       2.5356277747E-004
#     21    -9       3.3211520966E-005
#     21    -8       5.7703318890E-005
#     21    -7       8.0510953657E-005
#     21    -6       1.2723213173E-004
#     21    -5       3.1829766382E-005
#     21    -4       8.7230400693E-006
#     21    -3       7.7276063964E-004
#     21    -2       3.1049998428E-005
#     21    -1       3.0690178346E-004
#     21     0       2.5060516817E-005
#     21     1       2.8065337290E-005
#     21     2       4.7838431306E-005
#     21     3       1.9469875382E-004
#     21     4       5.9552669896E-005
#     21     5       7.5395237559E-006
#     22   -26       1.5660760764E-005
#     22   -25       1.3143125122E-004
#     22   -24       2.1153094416E-005
#     22   -23       4.5625802535E-005
#     22   -22       2.2157405643E-004
#     22   -21       2.5584683817E-004
#     22   -20       5.1991981062E-004
#     22   -19       1.4117046910E-005
#     22   -18       2.8761536516E-005
#     22   -17       1.2985502100E-003
#     22   -16       1.5879071093E-004
#     22   -15       6.8413567780E-004
#     22   -14       4.4186915560E-004
#     22   -13       7.8449213257E-004
#     22   -12       1.1831643192E-003
#     22   -11       3.0063731126E-005
#     22   -10       6.8819990964E-004
#     22    -9       8.9412420908E-005
#     22    -8       3.4098062707E-004
#     22    -7       3.5884936842E-005
#     22    -6       2.1518659973E-004
#     22    -5       2.1916108848E-004
#     22    -4       7.3100088068E-004
#     22    -3       1.1498897246E-004
#     22    -2       4.5285902355E-004
#     22    -1       5.5257762593E-004
#     22     0       1.5227383433E-004
#     22     1       1.2114266990E-004
#     22     2       7.8104741693E-005
#     22     3       6.7903756387E-005
#     22     4       7.1375800277E-005
#     23   -25       1.5163084535E-006
#     23   -24       4.0865217222E-005
#     23   -23       2.4007546419E-005
#     23   -22       9.0935854184E-005
#     23   -21       2.4159111126E-004
#     23   -20       2.9759264816E-005
#     23   -19       1.7079497021E-004
#     23   -18       1.7008472486E-004
#     23   -17       5.4774949708E-005
#     23   -16       4.8759274403E-005
#     23   -15       4.3120471550E-004
#     23   -14       7.6576734480E-005
#     23   -13       5.2288083297E-004
#     23   -12       3.5842097687E-005
#     23   -11       9.8735055333E-005
#     23   -10       2.8064034760E-004
#     23    -9       3.3354635988E-004
#     23    -8       5.5853868260E-005
#     23    -7       2.0421767377E-005
#     23    -6       2.4974391284E-004
#     23    -5       4.3290593120E-004
#     23    -4       1.6696128900E-004
#     23    -3       3.1673278211E-004
#     23    -2       1.2979694485E-005
#     23    -1       2.2772272598E-004
#     23     0       1.7695014497E-004
#     23     1       1.3428655373E-007
#     23     2       1.6495888556E-005
#     24   -24       8.0551855322E-006
#     24   -23       1.1684973851E-005
#     24   -22       4.1740519736E-006
#     24   -21       3.7837695266E-005
#     24   -20       3.1670466726E-004
#     24   -19       4.9360991113E-004
#     24   -18       4.7024337054E-004
#     24   -17       1.4875506479E-004
#     24   -16       1.5948679202E-004
#     24   -15       3.9481473774E-004
#     24   -14       6.2930376223E-004
#     24   -13       8.3201350741E-004
#     24   -12       2.1041914693E-004
#     24   -11       7.6781908639E-005
#     24   -10       1.1582148731E-004
#     24    -9       1.2952185381E-004
#     24    -8       3.5295679495E-005
#     24    -7       1.4707564387E-004
#     24    -6       1.1804490911E-004
#     24    -5       1.6281590566E-004
#     24    -4       3.4184554139E-004
#     24    -3       4.6248437390E-005
#     24    -2       3.5100980481E-005
#     24    -1       3.4139056224E-005
#     24     0       1.2546258072E-004
#     25   -23       7.2747974218E-006
#     25   -22       8.6271878845E-005
#     25   -21       2.1850222469E-005
#     25   -20       3.6673509402E-004
#     25   -19       6.3221710874E-004
#     25   -18       1.8614644547E-005
#     25   -17       2.8625457130E-004
#     25   -16       7.9377581487E-004
#     25   -15       1.4463655836E-004
#     25   -14       7.3885386569E-005
#     25   -13       5.6034853730E-004
#     25   -12       2.9873025410E-004
#     25   -11       1.3711495893E-004
#     25   -10       1.1889832958E-004
#     25    -9       3.7089024292E-005
#     25    -8       3.5196517971E-004
#     25    -7       1.0173548495E-004
#     25    -6       1.7930000381E-004
#     25    -5       5.8094066533E-006
#     25    -4       3.0222409167E-004
#     25    -3       2.0555410781E-004
#     25    -2       2.2871449180E-005
#     26   -22       6.5457009993E-005
#     26   -21       5.1392629407E-006
#     26   -20       2.2896155605E-004
#     26   -19       3.4448037472E-004
