 Diffraction intensities for potential:gv5x5_06D10004.in                       
#    -28    13       1.6782187130E-006
#    -28    14       2.0813978115E-005
#    -28    15       1.0465701690E-006
#    -27     7       3.7462273596E-005
#    -27     8       2.7654949231E-005
#    -27     9       5.8798243374E-006
#    -27    10       2.4611459039E-005
#    -27    11       3.7316961402E-006
#    -27    12       1.9503047254E-005
#    -27    13       5.1519161772E-006
#    -27    14       3.5713225876E-006
#    -27    15       1.1349281087E-005
#    -27    16       1.4006141383E-005
#    -27    17       1.6258331683E-005
#    -27    18       3.1518768986E-005
#    -27    19       1.9629386685E-005
#    -27    20       2.2220595869E-005
#    -26     4       2.7525142727E-005
#    -26     5       2.2938930361E-005
#    -26     6       3.0639146750E-005
#    -26     7       1.2670262442E-004
#    -26     8       2.7077745071E-005
#    -26     9       1.5153446655E-005
#    -26    10       4.7567348812E-005
#    -26    11       1.0307842043E-004
#    -26    12       4.3207982659E-005
#    -26    13       7.1734681394E-006
#    -26    14       1.2257328848E-005
#    -26    15       1.5972939067E-005
#    -26    16       2.0656409369E-005
#    -26    17       1.1402439177E-005
#    -26    18       2.0742931552E-005
#    -26    19       2.7023958729E-005
#    -26    20       5.9614350278E-005
#    -26    21       5.2686945773E-006
#    -26    22       2.8575536527E-005
#    -25     2       9.0185240891E-005
#    -25     3       1.0460085772E-004
#    -25     4       4.2145505972E-005
#    -25     5       1.0771066467E-003
#    -25     6       1.1404090588E-004
#    -25     7       9.3666310993E-005
#    -25     8       3.4859338836E-006
#    -25     9       2.9047277595E-005
#    -25    10       8.3931050666E-004
#    -25    11       2.8053819531E-005
#    -25    12       3.4719065373E-005
#    -25    13       1.9752575931E-005
#    -25    14       1.3952130005E-005
#    -25    15       3.5555424513E-004
#    -25    16       2.2512424762E-005
#    -25    17       1.6505721251E-005
#    -25    18       5.4753229361E-006
#    -25    19       2.1656250856E-005
#    -25    20       1.9813283538E-004
#    -25    21       8.5594754423E-005
#    -25    22       1.9767351277E-005
#    -25    23       2.0354526920E-005
#    -24     0       2.7463301012E-005
#    -24     1       6.1212059468E-005
#    -24     2       4.1577387147E-005
#    -24     3       4.1557691412E-006
#    -24     4       7.1396843462E-005
#    -24     5       1.0859494098E-004
#    -24     6       9.0842372370E-005
#    -24     7       6.1789635824E-005
#    -24     8       8.0059576224E-005
#    -24     9       8.2956410318E-006
#    -24    10       6.5747731449E-005
#    -24    11       3.3508354038E-005
#    -24    12       8.0168098866E-005
#    -24    13       5.5066727768E-006
#    -24    14       3.0428808588E-005
#    -24    15       8.0057422397E-006
#    -24    16       2.1841436656E-004
#    -24    17       1.7496484965E-005
#    -24    18       1.1679379048E-005
#    -24    19       3.6540116260E-005
#    -24    20       4.3419313147E-005
#    -24    21       4.3181808307E-005
#    -24    22       3.8671612648E-005
#    -24    23       4.5883449219E-005
#    -24    24       4.1692861567E-005
#    -23    -2       6.3017813856E-005
#    -23    -1       8.1482610151E-006
#    -23     0       3.7164084516E-005
#    -23     1       9.3277228608E-006
#    -23     2       6.8150980479E-006
#    -23     3       3.6278886507E-005
#    -23     4       1.0049695324E-004
#    -23     5       1.8505495616E-004
#    -23     6       3.4452340891E-005
#    -23     7       1.1657754614E-004
#    -23     8       1.8036639274E-004
#    -23     9       1.1633859476E-004
#    -23    10       6.8650267474E-006
#    -23    11       2.6999267608E-006
#    -23    12       3.1546000246E-006
#    -23    13       3.3669273499E-005
#    -23    14       5.1573174816E-005
#    -23    15       3.8568874424E-005
#    -23    16       2.8220336979E-005
#    -23    17       2.2373336564E-004
#    -23    18       7.8636500288E-005
#    -23    19       7.6095127962E-006
#    -23    20       5.0919029636E-005
#    -23    21       7.5206634431E-005
#    -23    22       5.8687340630E-005
#    -23    23       3.6818928725E-005
#    -23    24       3.3372585106E-005
#    -23    25       1.7630922543E-005
#    -22    -4       2.8788592624E-005
#    -22    -3       6.2940414100E-005
#    -22    -2       8.0013279674E-005
#    -22    -1       1.0412337513E-004
#    -22     0       2.6453705891E-004
#    -22     1       1.0318869514E-004
#    -22     2       5.1812050212E-005
#    -22     3       2.6791553008E-004
#    -22     4       3.0654625424E-004
#    -22     5       5.8052549819E-005
#    -22     6       4.0187926428E-005
#    -22     7       1.0836782263E-004
#    -22     8       6.0999316679E-005
#    -22     9       6.2727341352E-005
#    -22    10       1.0855865973E-005
#    -22    11       4.5653245493E-005
#    -22    12       2.8028750618E-005
#    -22    13       2.1202073806E-005
#    -22    14       5.4862181334E-007
#    -22    15       1.1000128089E-005
#    -22    16       1.1293140762E-006
#    -22    17       6.0330595018E-006
#    -22    18       1.4783265959E-004
#    -22    19       6.9680809021E-005
#    -22    20       2.1982302302E-005
#    -22    21       6.2485108142E-005
#    -22    22       8.6047766842E-005
#    -22    23       2.8024360656E-005
#    -22    24       4.5502140640E-005
#    -22    25       2.4075438860E-005
#    -22    26       4.4580540903E-005
#    -21    -5       1.5438745605E-006
#    -21    -4       1.9020363196E-005
#    -21    -3       2.6966201602E-005
#    -21    -2       1.6495181687E-005
#    -21    -1       1.8118438078E-005
#    -21     0       8.0024573196E-006
#    -21     1       8.3731390718E-005
#    -21     2       2.6789277351E-004
#    -21     3       3.3420494335E-004
#    -21     4       2.0076254022E-004
#    -21     5       1.4314089767E-004
#    -21     6       2.4016402169E-004
#    -21     7       3.4027801790E-004
#    -21     8       2.7761744354E-004
#    -21     9       4.5471804344E-005
#    -21    10       2.8483525902E-007
#    -21    11       2.4444708503E-005
#    -21    12       7.4781532917E-005
#    -21    13       2.6261174573E-005
#    -21    14       1.0297908918E-004
#    -21    15       9.4937234619E-007
#    -21    16       2.8935887069E-005
#    -21    17       1.1131611866E-004
#    -21    18       1.0974042468E-004
#    -21    19       4.8296796967E-005
#    -21    20       4.7328799896E-005
#    -21    21       1.2486190904E-004
#    -21    22       5.1627561321E-005
#    -21    23       4.2407609629E-005
#    -21    24       2.9743631428E-005
#    -21    25       3.6876756549E-005
#    -21    26       1.0036035381E-005
#    -20    -7       1.8949969091E-005
#    -20    -6       5.6349640860E-005
#    -20    -5       1.3993814417E-003
#    -20    -4       3.1363541975E-005
#    -20    -3       3.0518186603E-005
#    -20    -2       6.9701037361E-005
#    -20    -1       2.6339792769E-005
#    -20     0       8.3590629723E-003
#    -20     1       4.5029826955E-006
#    -20     2       2.1858475977E-005
#    -20     3       1.1143651052E-005
#    -20     4       9.7890614567E-005
#    -20     5       8.7817306543E-003
#    -20     6       2.4123509634E-004
#    -20     7       2.5980420526E-005
#    -20     8       6.8964831245E-005
#    -20     9       4.5320753356E-005
#    -20    10       6.5309231272E-003
#    -20    11       5.3443434858E-005
#    -20    12       6.9629650216E-006
#    -20    13       1.4558863224E-004
#    -20    14       1.4489869055E-004
#    -20    15       5.7851919230E-003
#    -20    16       3.2716013467E-005
#    -20    17       1.6362839139E-005
#    -20    18       6.5194896173E-005
#    -20    19       2.0454018290E-005
#    -20    20       1.8164198108E-003
#    -20    21       2.8390956531E-005
#    -20    22       1.0380667097E-004
#    -20    23       8.1632277772E-005
#    -20    24       1.4662259447E-005
#    -20    25       1.9797447412E-004
#    -20    26       3.4012169706E-005
#    -20    27       1.5002341198E-005
#    -19    -8       2.8205024685E-005
#    -19    -7       1.0480278251E-005
#    -19    -6       6.9649963198E-006
#    -19    -5       6.2243787402E-007
#    -19    -4       5.9113542364E-005
#    -19    -3       7.5336839120E-005
#    -19    -2       9.0019532626E-005
#    -19    -1       1.0649751925E-004
#    -19     0       1.0886424750E-004
#    -19     1       2.1573580867E-004
#    -19     2       2.8451281137E-005
#    -19     3       9.8113803294E-005
#    -19     4       1.1884296062E-004
#    -19     5       7.8869488829E-005
#    -19     6       2.4096105314E-005
#    -19     7       3.2395167966E-005
#    -19     8       1.2242915163E-004
#    -19     9       2.2845975152E-004
#    -19    10       1.8175059548E-005
#    -19    11       1.3985513699E-004
#    -19    12       4.1054422937E-005
#    -19    13       4.1513264309E-005
#    -19    14       4.0135183459E-005
#    -19    15       2.1552131566E-005
#    -19    16       1.0722619363E-004
#    -19    17       1.9601407277E-006
#    -19    18       4.9428672774E-005
#    -19    19       1.4218730068E-004
#    -19    20       1.0804598234E-004
#    -19    21       1.0586015468E-004
#    -19    22       4.5229398972E-005
#    -19    23       4.8249342190E-005
#    -19    24       6.9546470182E-005
#    -19    25       1.8464441187E-005
#    -19    26       2.7650860982E-005
#    -19    27       1.3222186935E-005
#    -18    -9       4.9790244426E-005
#    -18    -8       9.2363009277E-006
#    -18    -7       7.8108194546E-005
#    -18    -6       7.8694999652E-005
#    -18    -5       4.2937649517E-005
#    -18    -4       1.1517782649E-005
#    -18    -3       2.1883312646E-005
#    -18    -2       1.4751154951E-004
#    -18    -1       2.1548323280E-004
#    -18     0       2.1304031715E-004
#    -18     1       1.7689800831E-004
#    -18     2       3.2153030030E-004
#    -18     3       4.8145286436E-004
#    -18     4       8.7244319796E-004
#    -18     5       5.4178035691E-004
#    -18     6       7.6587858259E-005
#    -18     7       1.5179302039E-004
#    -18     8       1.1704924686E-004
#    -18     9       1.9872350369E-005
#    -18    10       1.5986203455E-004
#    -18    11       4.6083923987E-005
#    -18    12       2.5305376307E-004
#    -18    13       1.9979570562E-004
#    -18    14       2.6724692477E-004
#    -18    15       1.2289407135E-004
#    -18    16       1.3188975255E-005
#    -18    17       1.5505719882E-004
#    -18    18       5.2837616844E-005
#    -18    19       2.4302596998E-005
#    -18    20       3.9519154495E-005
#    -18    21       7.9856688152E-005
#    -18    22       1.8126705259E-004
#    -18    23       9.7465414589E-006
#    -18    24       8.9200520802E-006
#    -18    25       2.7460471685E-005
#    -18    26       2.7272422786E-005
#    -18    27       1.5846650936E-005
#    -17   -10       2.9556071992E-006
#    -17    -9       1.3326007568E-005
#    -17    -8       2.6481460192E-005
#    -17    -7       9.2952591400E-005
#    -17    -6       1.0791159171E-004
#    -17    -5       4.7953364117E-005
#    -17    -4       1.5921982325E-005
#    -17    -3       2.3762605289E-005
#    -17    -2       3.7985224202E-005
#    -17    -1       1.9825397200E-005
#    -17     0       3.0128966517E-005
#    -17     1       5.5560551471E-005
#    -17     2       2.1085973063E-004
#    -17     3       3.5234387154E-004
#    -17     4       1.2196462581E-004
#    -17     5       1.3031041485E-005
#    -17     6       2.0978779260E-004
#    -17     7       1.7369675150E-004
#    -17     8       5.5272035944E-005
#    -17     9       3.4127405369E-005
#    -17    10       3.5578244519E-006
#    -17    11       8.7293471363E-005
#    -17    12       1.0837152870E-004
#    -17    13       2.5521970160E-004
#    -17    14       3.8952691816E-005
#    -17    15       5.0525589441E-005
#    -17    16       1.4666998219E-004
#    -17    17       3.3532794795E-005
#    -17    18       1.4469310058E-004
#    -17    19       9.3853883098E-005
#    -17    20       1.6299569674E-005
#    -17    21       2.9185482840E-005
#    -17    22       1.1918594430E-004
#    -17    23       2.6028151166E-004
#    -17    24       1.8246925036E-005
#    -17    25       5.0825112993E-008
#    -17    26       2.7193679035E-005
#    -17    27       4.3943227717E-005
#    -16   -11       5.6599969781E-005
#    -16   -10       4.9422003393E-005
#    -16    -9       3.9866559140E-005
#    -16    -8       2.1389606997E-005
#    -16    -7       1.3559450733E-004
#    -16    -6       1.5817567731E-004
#    -16    -5       9.7151601987E-005
#    -16    -4       2.1754275957E-005
#    -16    -3       1.7509275257E-005
#    -16    -2       2.4394772474E-005
#    -16    -1       5.6020670901E-007
#    -16     0       1.2144071822E-005
#    -16     1       1.0027081887E-004
#    -16     2       1.1075021064E-004
#    -16     3       1.1037179297E-004
#    -16     4       5.6426003562E-005
#    -16     5       1.2576986878E-004
#    -16     6       1.1420786068E-004
#    -16     7       4.0136491897E-005
#    -16     8       5.8917503200E-005
#    -16     9       3.0598111885E-004
#    -16    10       8.7948605510E-005
#    -16    11       1.1265714345E-004
#    -16    12       2.7724240164E-004
#    -16    13       4.2492931933E-006
#    -16    14       1.0918046415E-004
#    -16    15       4.6911267708E-006
#    -16    16       2.8711871610E-005
#    -16    17       1.7829542571E-005
#    -16    18       1.3724756450E-004
#    -16    19       3.4337060356E-004
#    -16    20       1.9574981554E-005
#    -16    21       5.3520362283E-006
#    -16    22       2.0296848246E-005
#    -16    23       7.8268629478E-005
#    -16    24       1.7006309477E-004
#    -16    25       1.4107546404E-006
#    -16    26       3.9988677454E-006
#    -16    27       1.5717071830E-006
#    -15   -13       8.0277422093E-005
#    -15   -12       2.1031250653E-005
#    -15   -11       2.6426012888E-005
#    -15   -10       1.0358053557E-003
#    -15    -9       3.9136355791E-005
#    -15    -8       6.8761334531E-005
#    -15    -7       1.8828990176E-004
#    -15    -6       2.0990934407E-004
#    -15    -5       1.0159028669E-002
#    -15    -4       3.6623030283E-005
#    -15    -3       7.1620666269E-005
#    -15    -2       3.3631839393E-004
#    -15    -1       4.3341060004E-004
#    -15     0       3.5710334849E-002
#    -15     1       6.6147137824E-004
#    -15     2       3.6934013235E-004
#    -15     3       4.3393957469E-005
#    -15     4       2.0871320514E-004
#    -15     5       1.2329788961E-002
#    -15     6       7.2777280664E-005
#    -15     7       3.6161810398E-005
#    -15     8       7.8463771539E-005
#    -15     9       8.5508009637E-005
#    -15    10       1.3813845415E-002
#    -15    11       3.3943013641E-004
#    -15    12       1.2368055840E-004
#    -15    13       2.4880526037E-004
#    -15    14       5.8076627657E-006
#    -15    15       2.0956226925E-002
#    -15    16       1.3393232158E-004
#    -15    17       2.2930341340E-005
#    -15    18       8.5357865192E-005
#    -15    19       1.8865364438E-004
#    -15    20       4.8822213625E-003
#    -15    21       9.1324690611E-006
#    -15    22       8.1337596274E-005
#    -15    23       3.5396419324E-005
#    -15    24       4.7795591929E-005
#    -15    25       2.3142214230E-004
#    -15    26       4.3120033336E-005
#    -15    27       4.6526220138E-006
#    -15    28       1.4403944281E-005
#    -14   -14       2.6348520287E-005
#    -14   -13       2.7174910615E-005
#    -14   -12       2.3913375025E-005
#    -14   -11       6.3213593078E-006
#    -14   -10       6.4579532790E-005
#    -14    -9       8.4954760675E-005
#    -14    -8       7.8210418536E-005
#    -14    -7       1.1912181857E-004
#    -14    -6       1.9821109804E-004
#    -14    -5       1.2960654138E-004
#    -14    -4       3.9457593322E-005
#    -14    -3       4.5046260295E-005
#    -14    -2       8.2615064034E-005
#    -14    -1       1.5296495554E-004
#    -14     0       2.3494076221E-004
#    -14     1       8.8995974161E-005
#    -14     2       2.5429673189E-005
#    -14     3       2.5527408128E-004
#    -14     4       3.5249823158E-004
#    -14     5       3.4934830404E-004
#    -14     6       1.5943810913E-004
#    -14     7       3.4524804189E-005
#    -14     8       4.7458303514E-005
#    -14     9       1.1381243666E-004
#    -14    10       1.3523876028E-005
#    -14    11       4.3979650193E-004
#    -14    12       1.2456696200E-005
#    -14    13       5.5302483314E-005
#    -14    14       2.6731854885E-004
#    -14    15       5.0024369599E-005
#    -14    16       4.2716565389E-004
#    -14    17       6.8137612706E-005
#    -14    18       5.0230679094E-005
#    -14    19       4.6829962737E-005
#    -14    20       7.4491498393E-005
#    -14    21       2.9835662299E-004
#    -14    22       1.1494838190E-005
#    -14    23       3.3220878650E-005
#    -14    24       6.0885221984E-006
#    -14    25       3.8889102105E-005
#    -14    26       2.9061825811E-005
#    -14    27       3.6789813343E-005
#    -14    28       6.4749826349E-005
#    -13   -15       1.4748389008E-006
#    -13   -14       3.1956673279E-005
#    -13   -13       2.7305106284E-005
#    -13   -12       5.4936544358E-005
#    -13   -11       4.6407687072E-006
#    -13   -10       1.7668733309E-004
#    -13    -9       2.3584490225E-004
#    -13    -8       1.9941234650E-004
#    -13    -7       7.8812675119E-005
#    -13    -6       3.8135655027E-005
#    -13    -5       3.9314567490E-006
#    -13    -4       1.3121421583E-005
#    -13    -3       7.6212901869E-005
#    -13    -2       9.6470102768E-005
#    -13    -1       2.3207588355E-004
#    -13     0       2.0886489902E-004
#    -13     1       1.8967279167E-004
#    -13     2       2.8935511429E-006
#    -13     3       1.5271023530E-005
#    -13     4       1.8293792637E-004
#    -13     5       1.3944085459E-004
#    -13     6       3.8593730827E-005
#    -13     7       6.6903458279E-005
#    -13     8       2.9172366150E-005
#    -13     9       1.2388432227E-004
#    -13    10       3.0211943566E-004
#    -13    11       3.6644543166E-005
#    -13    12       6.0193781099E-004
#    -13    13       3.9571052887E-005
#    -13    14       3.6026030301E-004
#    -13    15       1.9352315055E-004
#    -13    16       9.2048354338E-005
#    -13    17       4.0620037491E-004
#    -13    18       3.9330625411E-006
#    -13    19       2.3651447323E-004
#    -13    20       1.9434783332E-005
#    -13    21       2.2818686762E-005
#    -13    22       5.2418828039E-005
#    -13    23       3.5942419413E-005
#    -13    24       1.0579037289E-005
#    -13    25       9.6821426511E-006
#    -13    26       7.9066619230E-006
#    -13    27       3.1734605535E-005
#    -13    28       1.0880920691E-005
#    -12   -15       2.6634075551E-005
#    -12   -14       3.8294437602E-005
#    -12   -13       2.2019619557E-005
#    -12   -12       2.5568901619E-005
#    -12   -11       1.5942461676E-004
#    -12   -10       2.2872487158E-004
#    -12    -9       3.1720277416E-004
#    -12    -8       1.6977884314E-004
#    -12    -7       2.6769135150E-005
#    -12    -6       2.3030468388E-004
#    -12    -5       5.7363323626E-004
#    -12    -4       7.0255093358E-004
#    -12    -3       2.7358078472E-004
#    -12    -2       1.2337076682E-004
#    -12    -1       5.1601623484E-006
#    -12     0       2.2908615294E-005
#    -12     1       1.1564201881E-004
#    -12     2       9.1262522229E-005
#    -12     3       5.0218104722E-005
#    -12     4       4.8262858375E-005
#    -12     5       1.3800864270E-005
#    -12     6       2.4213827343E-005
#    -12     7       1.1459429909E-004
#    -12     8       1.8341868127E-004
#    -12     9       4.5419890956E-005
#    -12    10       5.4178027717E-005
#    -12    11       2.5734738178E-004
#    -12    12       1.9854933915E-005
#    -12    13       6.9821724234E-004
#    -12    14       2.8208042595E-004
#    -12    15       1.2704615239E-004
#    -12    16       2.7322898178E-004
#    -12    17       1.7446780285E-004
#    -12    18       5.0455783915E-004
#    -12    19       1.6358023239E-005
#    -12    20       2.0490872182E-004
#    -12    21       1.9107106286E-005
#    -12    22       1.0730126385E-005
#    -12    23       3.4175514522E-005
#    -12    24       1.5693316376E-004
#    -12    25       8.0909525148E-006
#    -12    26       7.0233342478E-005
#    -12    27       2.5434653487E-005
#    -11   -16       3.3737283496E-005
#    -11   -15       5.7714040147E-005
#    -11   -14       7.0003367862E-005
#    -11   -13       5.1195657110E-006
#    -11   -12       2.2569004561E-005
#    -11   -11       8.6520189177E-005
#    -11   -10       2.4284454884E-004
#    -11    -9       1.6553496343E-004
#    -11    -8       8.6784029177E-005
#    -11    -7       1.4171643770E-004
#    -11    -6       2.4496950955E-004
#    -11    -5       1.6319093439E-004
#    -11    -4       1.4118948022E-004
#    -11    -3       2.2122517983E-005
#    -11    -2       1.1778244313E-005
#    -11    -1       1.3145157086E-004
#    -11     0       7.5712105365E-005
#    -11     1       1.5866294081E-004
#    -11     2       6.2731042543E-005
#    -11     3       1.3711588340E-004
#    -11     4       1.0213366832E-005
#    -11     5       6.5053537183E-005
#    -11     6       2.2476707825E-004
#    -11     7       1.0766993045E-004
#    -11     8       6.4162460247E-006
#    -11     9       4.0940170381E-004
#    -11    10       1.2091077914E-004
#    -11    11       1.4387044827E-004
#    -11    12       5.5441319309E-005
#    -11    13       9.7390191225E-005
#    -11    14       4.8150805700E-004
#    -11    15       2.9507976227E-005
#    -11    16       7.2658040010E-005
#    -11    17       9.5915911790E-005
#    -11    18       2.0061660219E-005
#    -11    19       8.4612133313E-005
#    -11    20       1.3515425210E-005
#    -11    21       5.9952426487E-005
#    -11    22       1.3895345502E-005
#    -11    23       2.8059389569E-006
#    -11    24       4.6081067840E-005
#    -11    25       1.6144416136E-005
#    -11    26       5.9328394863E-006
#    -11    27       8.5848295503E-005
#    -10   -17       1.6067581049E-006
#    -10   -16       9.4555855118E-006
#    -10   -15       3.1698090367E-004
#    -10   -14       1.9528264469E-005
#    -10   -13       1.1236255990E-005
#    -10   -12       1.2066111548E-004
#    -10   -11       1.6732787983E-004
#    -10   -10       5.1184226073E-003
#    -10    -9       6.1751016093E-005
#    -10    -8       5.3553957531E-006
#    -10    -7       6.0066714762E-005
#    -10    -6       2.5008651295E-004
#    -10    -5       1.1301533620E-002
#    -10    -4       2.2939156567E-004
#    -10    -3       4.0710755868E-005
#    -10    -2       5.2961039337E-005
#    -10    -1       1.0933165658E-004
#    -10     0       1.4373836791E-002
#    -10     1       1.8803493728E-004
#    -10     2       2.6213850060E-004
#    -10     3       1.4810691207E-004
#    -10     4       1.3996753568E-005
#    -10     5       4.4976533354E-003
#    -10     6       5.1124361251E-005
#    -10     7       1.7965310880E-004
#    -10     8       7.0045434531E-005
#    -10     9       1.7503226391E-005
#    -10    10       3.9957435185E-002
#    -10    11       2.7608363823E-004
#    -10    12       1.9844896852E-004
#    -10    13       1.5139321747E-004
#    -10    14       7.4011051255E-005
#    -10    15       1.4036563846E-002
#    -10    16       2.5134003360E-005
#    -10    17       2.0058077704E-004
#    -10    18       1.8919348294E-005
#    -10    19       4.2473705711E-005
#    -10    20       5.9329447997E-003
#    -10    21       3.1223808623E-005
#    -10    22       4.7643046286E-006
#    -10    23       9.3611388857E-005
#    -10    24       5.5374373460E-005
#    -10    25       5.1533790724E-004
#    -10    26       5.6581238794E-005
#    -10    27       8.2480793181E-006
#     -9   -18       1.8778837080E-005
#     -9   -17       2.1858888584E-005
#     -9   -16       5.4207539195E-006
#     -9   -15       2.5814735372E-005
#     -9   -14       6.0830027547E-005
#     -9   -13       7.5004436921E-005
#     -9   -12       1.1048641107E-004
#     -9   -11       9.8188046145E-005
#     -9   -10       2.8760888003E-005
#     -9    -9       1.1505166451E-004
#     -9    -8       4.4514678628E-004
#     -9    -7       3.8900313796E-004
#     -9    -6       4.4851080886E-005
#     -9    -5       1.5313988192E-005
#     -9    -4       2.7587672401E-005
#     -9    -3       5.8949682602E-006
#     -9    -2       1.1879568269E-005
#     -9    -1       3.9944392373E-005
#     -9     0       1.0368145113E-004
#     -9     1       1.3007989830E-005
#     -9     2       2.4291047402E-004
#     -9     3       8.5008537924E-005
#     -9     4       5.4142622474E-005
#     -9     5       1.6862553847E-005
#     -9     6       1.4286309245E-004
#     -9     7       2.3080831106E-004
#     -9     8       2.0859516956E-004
#     -9     9       6.7320009537E-006
#     -9    10       4.0466283105E-005
#     -9    11       3.2327957570E-004
#     -9    12       3.4704163155E-004
#     -9    13       3.1542040207E-005
#     -9    14       1.0906562287E-004
#     -9    15       6.1625610337E-005
#     -9    16       1.1623029245E-004
#     -9    17       5.1335657568E-005
#     -9    18       5.7613421943E-005
#     -9    19       2.1520202088E-006
#     -9    20       2.1765896030E-006
#     -9    21       6.4533889915E-006
#     -9    22       6.0838779928E-005
#     -9    23       3.2061117410E-005
#     -9    24       1.9337233345E-004
#     -9    25       5.1618207355E-005
#     -9    26       5.2786718286E-005
#     -9    27       3.1010017285E-005
#     -8   -19       3.9188077822E-005
#     -8   -18       4.6090513812E-005
#     -8   -17       2.6630676155E-005
#     -8   -16       2.9999004245E-006
#     -8   -15       3.2916497601E-006
#     -8   -14       1.5422007552E-005
#     -8   -13       1.7547903870E-005
#     -8   -12       1.0807261771E-005
#     -8   -11       2.3378263832E-005
#     -8   -10       4.6443297079E-005
#     -8    -9       4.2011048533E-005
#     -8    -8       1.0322749710E-004
#     -8    -7       9.0082342994E-005
#     -8    -6       3.3075451549E-005
#     -8    -5       1.2513617885E-004
#     -8    -4       2.2211486605E-004
#     -8    -3       7.5520600076E-005
#     -8    -2       9.8865036800E-005
#     -8    -1       1.1395353007E-004
#     -8     0       1.0073161608E-004
#     -8     1       5.5215601247E-005
#     -8     2       4.8649691042E-004
#     -8     3       2.0445637235E-004
#     -8     4       2.7758016217E-005
#     -8     5       2.6870062762E-005
#     -8     6       1.3088868355E-006
#     -8     7       8.4215652739E-005
#     -8     8       1.8036353638E-004
#     -8     9       1.6820513070E-004
#     -8    10       2.0570537004E-004
#     -8    11       2.9372889531E-005
#     -8    12       5.3717169174E-005
#     -8    13       4.5237203928E-005
#     -8    14       1.3218793707E-005
#     -8    15       6.4416691577E-006
#     -8    16       3.8096838941E-005
#     -8    17       4.9362439279E-005
#     -8    18       6.0603478024E-005
#     -8    19       1.3572277022E-004
#     -8    20       8.4417695170E-005
#     -8    21       5.9138868194E-005
#     -8    22       2.8466770746E-005
#     -8    23       6.4175966536E-005
#     -8    24       1.0373142007E-005
#     -8    25       5.2976242875E-005
#     -8    26       5.2587777797E-005
#     -8    27       2.3804574244E-005
#     -7   -20       4.8539784604E-006
#     -7   -19       3.1338284191E-005
#     -7   -18       3.2597434858E-005
#     -7   -17       3.9276564774E-005
#     -7   -16       2.2191508690E-006
#     -7   -15       7.8869940675E-006
#     -7   -14       4.5409872241E-005
#     -7   -13       9.1926362069E-005
#     -7   -12       1.3454139273E-004
#     -7   -11       6.6919533938E-005
#     -7   -10       1.3954416781E-006
#     -7    -9       1.5917452693E-004
#     -7    -8       3.6450305834E-004
#     -7    -7       1.0866202855E-004
#     -7    -6       9.4546657993E-006
#     -7    -5       2.4973846084E-004
#     -7    -4       1.3202535975E-004
#     -7    -3       6.2996881301E-006
#     -7    -2       1.5504171666E-004
#     -7    -1       1.1068878962E-004
#     -7     0       8.5312038736E-005
#     -7     1       8.3853934944E-005
#     -7     2       2.2031053532E-005
#     -7     3       1.8280814493E-005
#     -7     4       1.0559425627E-005
#     -7     5       3.7518779101E-005
#     -7     6       1.4910916418E-004
#     -7     7       2.1028527906E-004
#     -7     8       6.5717226804E-005
#     -7     9       9.2064477456E-005
#     -7    10       1.4081659305E-004
#     -7    11       2.4148415232E-004
#     -7    12       1.8162950338E-004
#     -7    13       1.2803419061E-004
#     -7    14       3.0480813316E-005
#     -7    15       1.2879389431E-005
#     -7    16       6.5068898556E-005
#     -7    17       3.1980817641E-006
#     -7    18       6.9310358146E-005
#     -7    19       7.6772529208E-005
#     -7    20       2.0515359586E-004
#     -7    21       2.2890292600E-004
#     -7    22       1.6521740773E-004
#     -7    23       1.6484186452E-004
#     -7    24       1.8638744835E-004
#     -7    25       1.1068150697E-004
#     -7    26       1.2595302278E-004
#     -7    27       1.4287005784E-005
#     -6   -20       3.0288435568E-005
#     -6   -19       2.8714560412E-005
#     -6   -18       1.1098130370E-004
#     -6   -17       8.2088385445E-005
#     -6   -16       2.3116944096E-005
#     -6   -15       1.1501294519E-005
#     -6   -14       3.5547067920E-005
#     -6   -13       7.4638718646E-006
#     -6   -12       1.1270142566E-006
#     -6   -11       2.5427799175E-005
#     -6   -10       1.6170636641E-005
#     -6    -9       5.9489519025E-006
#     -6    -8       2.1281936844E-005
#     -6    -7       1.7261460609E-005
#     -6    -6       1.1265232924E-005
#     -6    -5       1.5895798688E-005
#     -6    -4       1.2620663119E-005
#     -6    -3       2.9431526787E-005
#     -6    -2       4.4195410486E-005
#     -6    -1       6.4347065033E-005
#     -6     0       3.7618041510E-004
#     -6     1       7.5432427739E-005
#     -6     2       1.5331705570E-005
#     -6     3       3.0048421955E-004
#     -6     4       1.4566650128E-004
#     -6     5       2.4366497517E-005
#     -6     6       2.4998754623E-004
#     -6     7       1.9587943301E-004
#     -6     8       1.1549977002E-004
#     -6     9       6.9584266020E-005
#     -6    10       1.7072256173E-004
#     -6    11       1.0163087776E-005
#     -6    12       1.8801941871E-005
#     -6    13       6.6886524006E-005
#     -6    14       1.5728914716E-004
#     -6    15       6.4868064069E-005
#     -6    16       3.1041081667E-004
#     -6    17       1.6782476364E-006
#     -6    18       4.6356071372E-005
#     -6    19       1.4188855008E-005
#     -6    20       2.9856273519E-005
#     -6    21       4.5102676005E-005
#     -6    22       8.4735623258E-005
#     -6    23       7.0908582502E-005
#     -6    24       8.6457528878E-005
#     -6    25       2.3907110619E-004
#     -6    26       3.8223731188E-005
#     -5   -21       2.9385954407E-005
#     -5   -20       1.1240219301E-004
#     -5   -19       8.1530006998E-005
#     -5   -18       1.2539543017E-005
#     -5   -17       1.3756236044E-004
#     -5   -16       1.0601776976E-004
#     -5   -15       7.5297326644E-003
#     -5   -14       2.4672455848E-005
#     -5   -13       2.0281818296E-005
#     -5   -12       1.0063503070E-004
#     -5   -11       2.0868507591E-004
#     -5   -10       1.3938825799E-002
#     -5    -9       5.0762887456E-005
#     -5    -8       4.1499662621E-005
#     -5    -7       3.3206766889E-004
#     -5    -6       9.8447469193E-005
#     -5    -5       3.1736983733E-003
#     -5    -4       4.3887461609E-004
#     -5    -3       2.0426724872E-004
#     -5    -2       1.0956352084E-004
#     -5    -1       4.9680349199E-004
#     -5     0       2.6740233287E-002
#     -5     1       4.7040430225E-005
#     -5     2       6.6635353040E-005
#     -5     3       3.0975732828E-004
#     -5     4       6.6355406901E-006
#     -5     5       1.6117876475E-003
#     -5     6       8.7734395459E-005
#     -5     7       2.8437044397E-005
#     -5     8       1.0808141793E-004
#     -5     9       2.3961272398E-005
#     -5    10       3.3145369763E-003
#     -5    11       9.3343964861E-005
#     -5    12       6.1846952184E-005
#     -5    13       1.6804842633E-004
#     -5    14       6.0892320943E-005
#     -5    15       1.1601064897E-002
#     -5    16       4.3393521189E-006
#     -5    17       4.2957380337E-004
#     -5    18       9.1302543221E-005
#     -5    19       2.0327839170E-004
#     -5    20       9.6512676727E-003
#     -5    21       2.6177117002E-004
#     -5    22       3.0782116356E-005
#     -5    23       2.8162012917E-005
#     -5    24       3.9772538189E-006
#     -5    25       4.7212967550E-004
#     -5    26       1.7364861000E-005
#     -4   -22       1.7838879210E-005
#     -4   -21       2.3396855089E-005
#     -4   -20       6.5850426189E-005
#     -4   -19       1.5033513361E-006
#     -4   -18       2.1283524670E-005
#     -4   -17       3.8892982008E-006
#     -4   -16       2.1061248156E-005
#     -4   -15       8.3433634513E-006
#     -4   -14       5.3815425047E-005
#     -4   -13       2.5336521849E-005
#     -4   -12       9.4796308697E-006
#     -4   -11       6.1589061064E-005
#     -4   -10       1.0862789321E-004
#     -4    -9       3.8228866731E-005
#     -4    -8       8.1209938061E-005
#     -4    -7       3.0952459247E-005
#     -4    -6       5.8388656762E-005
#     -4    -5       2.3546833662E-004
#     -4    -4       1.3119169133E-004
#     -4    -3       4.5821021890E-006
#     -4    -2       1.4867181645E-004
#     -4    -1       2.7935909476E-004
#     -4     0       1.2175766713E-004
#     -4     1       8.5523357817E-005
#     -4     2       2.1871361883E-005
#     -4     3       8.2366158171E-005
#     -4     4       1.2953319293E-005
#     -4     5       1.7344840148E-004
#     -4     6       2.8742947977E-004
#     -4     7       1.2699210525E-005
#     -4     8       6.2657870533E-005
#     -4     9       1.9000779134E-004
#     -4    10       9.8460274292E-005
#     -4    11       1.2790671057E-004
#     -4    12       1.8801217642E-004
#     -4    13       1.7944410568E-004
#     -4    14       5.5837406882E-005
#     -4    15       2.1324874052E-004
#     -4    16       2.1325526264E-004
#     -4    17       3.1072409114E-005
#     -4    18       2.7335999313E-004
#     -4    19       1.2590212298E-004
#     -4    20       1.4175750217E-004
#     -4    21       2.5252168974E-004
#     -4    22       5.2775067067E-004
#     -4    23       9.4517055872E-005
#     -4    24       2.7710212779E-004
#     -4    25       4.8623237226E-005
#     -4    26       7.2036702269E-005
#     -3   -22       3.9367277316E-005
#     -3   -21       2.8984705971E-005
#     -3   -20       1.0674665703E-004
#     -3   -19       6.1567268935E-005
#     -3   -18       1.3742597091E-004
#     -3   -17       3.0746272129E-004
#     -3   -16       1.8964242532E-004
#     -3   -15       3.3573754966E-005
#     -3   -14       7.9320651651E-005
#     -3   -13       2.2766478298E-004
#     -3   -12       3.7100999259E-004
#     -3   -11       2.8859989871E-004
#     -3   -10       1.3008624950E-004
#     -3    -9       1.3916694537E-004
#     -3    -8       1.6542550172E-004
#     -3    -7       2.1719799940E-004
#     -3    -6       1.7237045592E-004
#     -3    -5       2.5055844454E-005
#     -3    -4       1.2494138625E-004
#     -3    -3       8.4253027045E-005
#     -3    -2       6.4136221945E-005
#     -3    -1       8.6044283522E-005
#     -3     0       3.6606813490E-005
#     -3     1       1.6960157719E-004
#     -3     2       3.9539502695E-004
#     -3     3       8.0890481617E-005
#     -3     4       4.9294469254E-007
#     -3     5       1.1662620762E-004
#     -3     6       2.1572408474E-004
#     -3     7       6.3519218333E-004
#     -3     8       2.9194836486E-004
#     -3     9       1.0327989291E-004
#     -3    10       1.5159994885E-004
#     -3    11       1.4320626360E-004
#     -3    12       5.7328701215E-004
#     -3    13       4.7279636433E-007
#     -3    14       6.1632214611E-004
#     -3    15       1.3409249740E-004
#     -3    16       3.7527930308E-004
#     -3    17       1.7940521496E-004
#     -3    18       5.1796634338E-005
#     -3    19       2.4201633475E-005
#     -3    20       6.6682293757E-005
#     -3    21       9.6990358569E-005
#     -3    22       4.0872457049E-005
#     -3    23       1.7587608457E-004
#     -3    24       9.9673756582E-006
#     -3    25       4.9605987911E-005
#     -2   -23       3.2725349395E-005
#     -2   -22       6.4544573387E-005
#     -2   -21       9.1973077631E-005
#     -2   -20       1.1308838769E-004
#     -2   -19       7.5361927987E-005
#     -2   -18       5.1039311414E-005
#     -2   -17       5.5323860636E-005
#     -2   -16       7.6814492844E-005
#     -2   -15       1.6985625016E-004
#     -2   -14       3.2430227501E-004
#     -2   -13       2.1609149192E-004
#     -2   -12       1.2459882147E-004
#     -2   -11       2.0970049915E-004
#     -2   -10       2.1544085460E-004
#     -2    -9       1.8911810349E-004
#     -2    -8       1.9730638426E-006
#     -2    -7       1.6603363120E-004
#     -2    -6       5.5434816827E-005
#     -2    -5       1.0438890163E-005
#     -2    -4       1.8921825791E-004
#     -2    -3       2.0209818411E-004
#     -2    -2       1.0456081796E-004
#     -2    -1       1.5748814853E-004
#     -2     0       1.0423857461E-004
#     -2     1       1.7357646896E-004
#     -2     2       7.3017513253E-005
#     -2     3       5.5509268805E-004
#     -2     4       2.1427174963E-005
#     -2     5       1.9203566983E-004
#     -2     6       7.9566918689E-005
#     -2     7       1.5443262575E-005
#     -2     8       1.4199220354E-006
#     -2     9       1.6094913522E-005
#     -2    10       1.5481873658E-004
#     -2    11       5.3755545281E-004
#     -2    12       8.0857775912E-005
#     -2    13       2.9345902384E-004
#     -2    14       1.5688866726E-005
#     -2    15       5.5256277298E-004
#     -2    16       1.7517199483E-004
#     -2    17       3.1181381693E-004
#     -2    18       2.8604148937E-004
#     -2    19       1.6000187972E-004
#     -2    20       5.2854832882E-005
#     -2    21       2.1515930309E-004
#     -2    22       8.4892954421E-005
#     -2    23       1.2379457847E-004
#     -2    24       7.1414393764E-005
#     -2    25       1.7019592648E-006
#     -1   -23       2.5937740575E-005
#     -1   -22       1.5892293546E-005
#     -1   -21       4.4968697588E-005
#     -1   -20       2.6195734437E-005
#     -1   -19       4.0200315675E-005
#     -1   -18       4.7050614876E-005
#     -1   -17       3.1034331219E-005
#     -1   -16       3.8072253562E-005
#     -1   -15       3.1561331015E-005
#     -1   -14       5.8230052938E-005
#     -1   -13       9.3990305430E-005
#     -1   -12       1.5273543746E-004
#     -1   -11       1.7250111314E-004
#     -1   -10       1.8652194585E-004
#     -1    -9       1.5185706525E-004
#     -1    -8       6.1727473878E-005
#     -1    -7       8.6248690599E-005
#     -1    -6       2.3306669860E-004
#     -1    -5       1.6656797489E-004
#     -1    -4       1.2310883863E-004
#     -1    -3       8.9930770459E-005
#     -1    -2       6.3738554199E-005
#     -1    -1       9.6616547236E-005
#     -1     0       3.9433457752E-005
#     -1     1       8.1189245929E-005
#     -1     2       1.4164676784E-004
#     -1     3       1.4715015514E-005
#     -1     4       3.5716758442E-004
#     -1     5       9.3855658445E-005
#     -1     6       3.8865571020E-004
#     -1     7       1.5995314336E-004
#     -1     8       4.7556763404E-005
#     -1     9       9.0087826931E-005
#     -1    10       1.2205780799E-004
#     -1    11       5.2926362085E-004
#     -1    12       1.4907221029E-004
#     -1    13       3.2943935805E-004
#     -1    14       2.6699796477E-004
#     -1    15       1.4636634552E-004
#     -1    16       5.9607329505E-006
#     -1    17       1.3282781155E-005
#     -1    18       1.2120001819E-004
#     -1    19       1.8864404567E-004
#     -1    20       2.7300284195E-004
#     -1    21       1.6485441871E-005
#     -1    22       1.7292045697E-004
#     -1    23       7.1082668648E-005
#     -1    24       9.7770772579E-005
#      0   -24       7.0763220401E-005
#      0   -23       5.7526687299E-005
#      0   -22       1.0284616162E-004
#      0   -21       1.1068130883E-004
#      0   -20       1.0749987972E-003
#      0   -19       3.2896863898E-004
#      0   -18       7.6830306015E-005
#      0   -17       1.5196493117E-004
#      0   -16       3.5224256126E-004
#      0   -15       2.1409315753E-002
#      0   -14       6.2005428817E-004
#      0   -13       1.4240111886E-004
#      0   -12       1.4157776963E-004
#      0   -11       3.0964520798E-004
#      0   -10       3.9688757293E-002
#      0    -9       5.7459006405E-004
#      0    -8       5.4834404526E-005
#      0    -7       6.8373876022E-005
#      0    -6       2.0622510540E-004
#      0    -5       2.2021042348E-003
#      0    -4       1.1876316100E-004
#      0    -3       1.8071674282E-004
#      0    -2       5.1835990123E-006
#      0    -1       1.2286336524E-004
#      0     0       2.7438629069E-002
#      0     1       1.4206702121E-004
#      0     2       3.3709215420E-004
#      0     3       2.8618339228E-005
#      0     4       1.3188663090E-004
#      0     5       2.5883452234E-002
#      0     6       3.0870829666E-004
#      0     7       8.4684981674E-005
#      0     8       2.1751738240E-004
#      0     9       1.7381933204E-004
#      0    10       1.0750236356E-002
#      0    11       1.7608838032E-004
#      0    12       1.3263727382E-004
#      0    13       3.1626043745E-005
#      0    14       7.9499541186E-004
#      0    15       3.4692107498E-002
#      0    16       3.7520629257E-005
#      0    17       1.2520830914E-005
#      0    18       2.5480379965E-006
#      0    19       2.4712593178E-006
#      0    20       7.5765992921E-003
#      0    21       1.1219904012E-004
#      0    22       5.4305506749E-006
#      0    23       6.7304835010E-005
#      0    24       4.4560946062E-005
#      1   -24       4.1094338708E-005
#      1   -23       7.5079769808E-005
#      1   -22       4.2346167445E-005
#      1   -21       4.0806687080E-005
#      1   -20       1.0875638140E-005
#      1   -19       2.2720563134E-005
#      1   -18       5.3699070216E-005
#      1   -17       8.2524269791E-005
#      1   -16       4.5370971430E-005
#      1   -15       2.5346297945E-005
#      1   -14       8.4391904486E-005
#      1   -13       2.5760141392E-004
#      1   -12       9.8062399050E-005
#      1   -11       2.7595063284E-005
#      1   -10       7.4958768391E-006
#      1    -9       6.9476840834E-006
#      1    -8       1.6160122083E-004
#      1    -7       4.9830032610E-006
#      1    -6       7.3996172347E-005
#      1    -5       2.4713617383E-004
#      1    -4       2.4241387063E-004
#      1    -3       6.5196808568E-005
#      1    -2       7.4883408789E-005
#      1    -1       6.4881412873E-005
#      1     0       1.2538881785E-006
#      1     1       4.1891529039E-004
#      1     2       2.6706638695E-004
#      1     3       1.6669837559E-004
#      1     4       1.5056736670E-005
#      1     5       2.3343235793E-004
#      1     6       3.6514235349E-005
#      1     7       1.7799959726E-005
#      1     8       2.9417071458E-005
#      1     9       2.6621117639E-004
#      1    10       2.9801410149E-004
#      1    11       3.9240558042E-004
#      1    12       6.2326288957E-005
#      1    13       1.0582338029E-004
#      1    14       1.2547201039E-004
#      1    15       2.6846642618E-006
#      1    16       6.6476440542E-005
#      1    17       1.0952456419E-004
#      1    18       1.6761803701E-004
#      1    19       3.2480750342E-004
#      1    20       1.0901911948E-004
#      1    21       2.9235224443E-005
#      1    22       6.4704273505E-006
#      1    23       4.4208878824E-005
#      2   -25       1.0997959622E-005
#      2   -24       4.8197047835E-005
#      2   -23       7.8308061827E-005
#      2   -22       6.8683777939E-005
#      2   -21       4.7923339554E-005
#      2   -20       1.2273198833E-004
#      2   -19       1.1842241687E-004
#      2   -18       5.9515421463E-005
#      2   -17       3.5325460701E-005
#      2   -16       6.2667833025E-005
#      2   -15       1.3249261904E-004
#      2   -14       3.0798196707E-004
#      2   -13       3.8208789045E-004
#      2   -12       1.6703689443E-004
#      2   -11       2.6670409260E-005
#      2   -10       4.2105996350E-004
#      2    -9       3.7353840143E-004
#      2    -8       2.0008817570E-004
#      2    -7       3.8490073731E-005
#      2    -6       1.9588784320E-004
#      2    -5       6.3624736843E-005
#      2    -4       2.0293269118E-005
#      2    -3       1.9729140851E-004
#      2    -2       2.7189669250E-004
#      2    -1       1.8227401117E-005
#      2     0       3.0064214128E-004
#      2     1       2.2354741542E-005
#      2     2       1.1256464518E-004
#      2     3       5.7503455516E-005
#      2     4       4.5837604835E-004
#      2     5       5.7545204823E-004
#      2     6       1.1504399306E-004
#      2     7       1.4260340797E-005
#      2     8       4.9244468604E-005
#      2     9       4.3429973180E-004
#      2    10       2.9067195468E-004
#      2    11       1.4846734366E-004
#      2    12       6.8125034781E-005
#      2    13       3.7806607431E-004
#      2    14       5.4377203271E-004
#      2    15       9.5914031939E-005
#      2    16       1.3477030315E-005
#      2    17       3.0129953858E-005
#      2    18       8.0007191363E-005
#      2    19       5.3690206724E-005
#      2    20       1.3543246772E-004
#      2    21       1.0767331073E-004
#      2    22       9.5365632304E-005
#      2    23       4.6753634290E-005
#      3   -25       5.0767315578E-005
#      3   -24       7.6747317151E-005
#      3   -23       1.2409723744E-004
#      3   -22       1.2291597536E-004
#      3   -21       2.7739778381E-005
#      3   -20       4.2375124743E-005
#      3   -19       2.6987287528E-004
#      3   -18       2.3082412154E-004
#      3   -17       2.5147904260E-004
#      3   -16       1.0459143920E-004
#      3   -15       9.3100154091E-006
#      3   -14       2.6135527600E-004
#      3   -13       4.3785632488E-004
#      3   -12       2.0993350265E-004
#      3   -11       3.7407588551E-005
#      3   -10       9.7406277959E-005
#      3    -9       8.2292203332E-005
#      3    -8       1.0272092052E-005
#      3    -7       8.9278873939E-005
#      3    -6       1.4634867294E-004
#      3    -5       3.3621099853E-005
#      3    -4       8.3308712889E-005
#      3    -3       2.2013837334E-004
#      3    -2       6.7010117929E-005
#      3    -1       1.3817363440E-005
#      3     0       4.7919443499E-004
#      3     1       2.6908113201E-004
#      3     2       3.7181137383E-005
#      3     3       1.8693816264E-004
#      3     4       1.2400480417E-004
#      3     5       2.2434595960E-004
#      3     6       1.1238512826E-004
#      3     7       3.2348239930E-005
#      3     8       5.6455154911E-006
#      3     9       2.1354987255E-004
#      3    10       3.4992174744E-004
#      3    11       2.2007048048E-004
#      3    12       1.2687694605E-004
#      3    13       2.5352252801E-004
#      3    14       4.6271565906E-005
#      3    15       2.2727164554E-004
#      3    16       1.3886484563E-004
#      3    17       1.2531097366E-005
#      3    18       2.8075438535E-005
#      3    19       3.4567883280E-005
#      3    20       2.7058261454E-005
#      3    21       8.2909793185E-006
#      3    22       1.9266347190E-005
#      4   -26       3.3884669133E-005
#      4   -25       2.6228445785E-005
#      4   -24       4.0104130086E-005
#      4   -23       3.7674532068E-005
#      4   -22       3.8008278623E-005
#      4   -21       3.0416685222E-005
#      4   -20       3.4162399135E-007
#      4   -19       3.9567382556E-005
#      4   -18       4.7020726930E-005
#      4   -17       7.6771666507E-006
#      4   -16       2.3961184070E-005
#      4   -15       3.2737125796E-005
#      4   -14       3.6437399291E-005
#      4   -13       4.2657884364E-006
#      4   -12       2.2496065253E-005
#      4   -11       6.5873710611E-005
#      4   -10       7.5604230295E-005
#      4    -9       1.1716511090E-004
#      4    -8       4.1331833295E-004
#      4    -7       9.5926197046E-005
#      4    -6       5.3113609319E-005
#      4    -5       2.4121452076E-004
#      4    -4       1.3522671104E-004
#      4    -3       2.6670094543E-006
#      4    -2       2.8661882563E-004
#      4    -1       1.2690530176E-004
#      4     0       1.5928835715E-004
#      4     1       2.0776565926E-004
#      4     2       2.3857379834E-004
#      4     3       8.3618509822E-005
#      4     4       5.4889218066E-005
#      4     5       1.5191379990E-005
#      4     6       8.1438284358E-005
#      4     7       4.9614698983E-005
#      4     8       1.9682270918E-005
#      4     9       1.2698613240E-004
#      4    10       1.4062142781E-004
#      4    11       1.4030202965E-004
#      4    12       4.1980270178E-005
#      4    13       1.2013974463E-004
#      4    14       4.5472087827E-005
#      4    15       9.5914735256E-005
#      4    16       4.2664531365E-005
#      4    17       8.6798136025E-005
#      4    18       2.9493909650E-005
#      4    19       1.3514446534E-004
#      4    20       1.0426400804E-004
#      4    21       2.0837599436E-005
#      4    22       1.8676495852E-005
#      5   -26       1.1724120118E-005
#      5   -25       1.1070128501E-004
#      5   -24       2.0352119356E-005
#      5   -23       1.6656846711E-005
#      5   -22       1.1165461664E-004
#      5   -21       5.6106715815E-005
#      5   -20       7.6482614521E-003
#      5   -19       9.4299202608E-006
#      5   -18       1.7916219196E-005
#      5   -17       7.8286340514E-005
#      5   -16       1.1181102114E-004
#      5   -15       1.3572953679E-002
#      5   -14       1.0880520643E-005
#      5   -13       1.3829852623E-004
#      5   -12       3.7216328721E-004
#      5   -11       1.1924622589E-004
#      5   -10       3.6978445042E-003
#      5    -9       3.7291840858E-004
#      5    -8       2.4269830461E-004
#      5    -7       1.3287532230E-004
#      5    -6       4.1416671362E-004
#      5    -5       2.6443672092E-002
#      5    -4       1.3625793669E-004
#      5    -3       1.7118769192E-004
#      5    -2       3.7358502895E-004
#      5    -1       6.0013550909E-005
#      5     0       1.6890542974E-003
#      5     1       4.6362709893E-006
#      5     2       4.3776305950E-004
#      5     3       6.3311596505E-004
#      5     4       1.7914566355E-005
#      5     5       3.4474078603E-003
#      5     6       2.6279398151E-004
#      5     7       9.6591115136E-005
#      5     8       3.0604669057E-006
#      5     9       2.0783892077E-004
#      5    10       1.3082094700E-002
#      5    11       1.8680323938E-004
#      5    12       1.3193775287E-004
#      5    13       2.3703884785E-006
#      5    14       2.3432997642E-004
#      5    15       1.3475055638E-002
#      5    16       6.5332109463E-005
#      5    17       1.6969706205E-005
#      5    18       5.6408730193E-005
#      5    19       1.5685072288E-004
#      5    20       8.1441481138E-004
#      5    21       2.2991839844E-005
#      6   -26       2.7222351073E-005
#      6   -25       6.3538582855E-005
#      6   -24       3.4339528853E-006
#      6   -23       1.9869774344E-006
#      6   -22       5.2350489307E-005
#      6   -21       3.3677187408E-005
#      6   -20       1.2409805320E-005
#      6   -19       2.9143249827E-005
#      6   -18       2.8564663416E-005
#      6   -17       3.9039356339E-005
#      6   -16       6.6841240092E-005
#      6   -15       4.2612638734E-005
#      6   -14       9.4748970132E-006
#      6   -13       8.7128506074E-005
#      6   -12       4.0177288199E-005
#      6   -11       1.3875247095E-005
#      6   -10       8.4207575549E-005
#      6    -9       2.0120291416E-004
#      6    -8       8.2661706604E-005
#      6    -7       1.0489240926E-004
#      6    -6       1.9400549790E-005
#      6    -5       1.0815110285E-004
#      6    -4       2.7622986157E-005
#      6    -3       3.5042353221E-005
#      6    -2       4.0443267948E-005
#      6    -1       1.1578079304E-004
#      6     0       2.5664318589E-004
#      6     1       7.8269059555E-005
#      6     2       1.1684652998E-004
#      6     3       5.6074272702E-005
#      6     4       3.2786829652E-004
#      6     5       2.6914401511E-005
#      6     6       1.4374368986E-004
#      6     7       5.5268881064E-005
#      6     8       7.9163333522E-006
#      6     9       1.0790962573E-004
#      6    10       2.4254173577E-004
#      6    11       6.9525359737E-005
#      6    12       5.9641885831E-005
#      6    13       1.2106316641E-004
#      6    14       1.3852992056E-004
#      6    15       1.2666889869E-005
#      6    16       3.5234602508E-005
#      6    17       1.3138872188E-005
#      6    18       6.4124759360E-005
#      6    19       6.3679953463E-005
#      6    20       6.4966039919E-006
#      7   -27       2.5453231596E-005
#      7   -26       3.0821997403E-005
#      7   -25       4.5308859884E-005
#      7   -24       2.7635852034E-005
#      7   -23       2.3414323740E-005
#      7   -22       1.6396911507E-005
#      7   -21       4.3065255213E-005
#      7   -20       3.8847240890E-005
#      7   -19       1.5135576932E-006
#      7   -18       1.1494711820E-005
#      7   -17       2.0900175915E-005
#      7   -16       2.4769834635E-005
#      7   -15       2.5290531472E-006
#      7   -14       1.8511673621E-006
#      7   -13       5.4285744932E-005
#      7   -12       5.3670380129E-005
#      7   -11       7.5662589540E-005
#      7   -10       1.0838016878E-004
#      7    -9       4.6127989696E-005
#      7    -8       6.1460673021E-005
#      7    -7       1.7531662058E-006
#      7    -6       1.1537668182E-004
#      7    -5       3.7348763955E-004
#      7    -4       1.7062940747E-004
#      7    -3       1.3344334931E-005
#      7    -2       2.0751470823E-004
#      7    -1       2.0127682696E-004
#      7     0       5.3529814324E-004
#      7     1       4.2113800518E-005
#      7     2       7.3481861465E-004
#      7     3       1.7182300758E-005
#      7     4       8.8322468301E-005
#      7     5       1.0713311203E-004
#      7     6       1.3941831144E-004
#      7     7       4.9505342751E-005
#      7     8       3.0182974345E-005
#      7     9       2.1923857151E-004
#      7    10       2.9412585210E-004
#      7    11       6.6256963471E-005
#      7    12       5.7288882155E-005
#      7    13       6.1885216297E-005
#      7    14       1.6345193452E-004
#      7    15       6.3794939970E-005
#      7    16       1.4867132125E-005
#      7    17       6.0733261318E-005
#      7    18       1.6844135125E-004
#      7    19       1.6010289293E-006
#      7    20       5.2800126266E-006
#      8   -27       1.2881237044E-005
#      8   -26       1.3287011363E-006
#      8   -25       4.2871377459E-005
#      8   -24       3.0775888688E-005
#      8   -23       5.0388940200E-006
#      8   -22       1.7077282070E-005
#      8   -21       7.1760643573E-006
#      8   -20       8.1475569911E-006
#      8   -19       6.2220411076E-006
#      8   -18       3.3615906963E-006
#      8   -17       4.4199970590E-005
#      8   -16       4.0080870946E-005
#      8   -15       5.8962632536E-005
#      8   -14       3.9723525343E-005
#      8   -13       1.9788740766E-005
#      8   -12       9.2106255957E-005
#      8   -11       1.0187087716E-004
#      8   -10       1.3174112624E-005
#      8    -9       2.5884980763E-004
#      8    -8       2.2949423933E-004
#      8    -7       1.1684537587E-004
#      8    -6       1.2730394489E-005
#      8    -5       2.3721860103E-004
#      8    -4       9.6181718274E-005
#      8    -3       3.5698429907E-005
#      8    -2       1.9221442752E-004
#      8    -1       5.6277183867E-005
#      8     0       2.0205373917E-005
#      8     1       1.5881655508E-004
#      8     2       3.1514773941E-004
#      8     3       2.5839083836E-004
#      8     4       5.9007747468E-005
#      8     5       1.3286271560E-004
#      8     6       1.1751649180E-004
#      8     7       1.1297478745E-004
#      8     8       3.4797205069E-005
#      8     9       2.4661685001E-005
#      8    10       1.3252251419E-004
#      8    11       1.8550630370E-004
#      8    12       1.0536693138E-004
#      8    13       2.8146056658E-004
#      8    14       1.7561903497E-005
#      8    15       1.2870629594E-004
#      8    16       5.7650864179E-005
#      8    17       1.0702294849E-004
#      8    18       1.4678870485E-005
#      8    19       1.6304694980E-005
#      9   -27       1.5298120956E-005
#      9   -26       5.3719499556E-006
#      9   -25       1.0192791645E-005
#      9   -24       6.9451874573E-006
#      9   -23       2.8101360835E-005
#      9   -22       2.4089571021E-006
#      9   -21       3.1157129852E-005
#      9   -20       2.6881367672E-005
#      9   -19       5.4676853460E-006
#      9   -18       7.6288843403E-006
#      9   -17       6.6762112385E-005
#      9   -16       1.2739066624E-004
#      9   -15       2.3649868690E-004
#      9   -14       3.4160550683E-005
#      9   -13       6.8137821131E-005
#      9   -12       1.4851862866E-004
#      9   -11       6.7323660013E-005
#      9   -10       4.0517566582E-005
#      9    -9       7.0844674825E-005
#      9    -8       9.0801135060E-006
#      9    -7       9.6183144150E-005
#      9    -6       1.2100594165E-005
#      9    -5       3.2622579484E-005
#      9    -4       6.3530118786E-006
#      9    -3       3.4738087384E-006
#      9    -2       1.2275031421E-004
#      9    -1       9.6445486130E-005
#      9     0       3.1989774922E-004
#      9     1       3.2328221665E-005
#      9     2       1.8143986394E-004
#      9     3       6.3914673253E-005
#      9     4       1.6180832038E-004
#      9     5       1.1762683285E-004
#      9     6       6.2094407101E-005
#      9     7       8.3504748538E-005
#      9     8       6.1436484256E-005
#      9     9       1.3349641207E-004
#      9    10       1.0601092896E-004
#      9    11       5.5217265218E-006
#      9    12       2.4466658361E-005
#      9    13       4.4681734023E-005
#      9    14       5.0401494740E-005
#      9    15       8.0702011811E-007
#      9    16       2.1577620657E-005
#      9    17       4.4439239873E-005
#      9    18       5.8446849279E-008
#     10   -27       9.0264917125E-006
#     10   -26       2.1881786746E-005
#     10   -25       2.7096836225E-004
#     10   -24       1.5127829016E-005
#     10   -23       9.8350236486E-007
#     10   -22       2.3662509872E-005
#     10   -21       3.5361286357E-005
#     10   -20       6.0089357553E-003
#     10   -19       1.4983186274E-004
#     10   -18       1.3071924848E-004
#     10   -17       8.4116705916E-006
#     10   -16       2.0279687243E-005
#     10   -15       1.4161932102E-002
#     10   -14       1.1310668938E-004
#     10   -13       1.2827285405E-004
#     10   -12       9.0712344369E-005
#     10   -11       4.6812122677E-005
#     10   -10       1.4128142508E-002
#     10    -9       3.3273889535E-004
#     10    -8       1.2788707075E-004
#     10    -7       1.5481797303E-004
#     10    -6       3.0312298300E-005
#     10    -5       3.3505311300E-003
#     10    -4       1.8526693877E-004
#     10    -3       1.4032327270E-004
#     10    -2       1.5832862603E-004
#     10    -1       1.8512545569E-004
#     10     0       3.9728534949E-002
#     10     1       9.3531339511E-006
#     10     2       7.8435659401E-004
#     10     3       6.1721994780E-005
#     10     4       1.3369834462E-004
#     10     5       1.3131042338E-002
#     10     6       2.6594525872E-004
#     10     7       8.4707210614E-005
#     10     8       1.3754411888E-004
#     10     9       3.7896483475E-006
#     10    10       6.1141660973E-003
#     10    11       1.0950220158E-004
#     10    12       2.1608542333E-004
#     10    13       6.8767655015E-005
#     10    14       3.9236393568E-005
#     10    15       8.5585787185E-004
#     10    16       6.1758818712E-005
#     10    17       2.8443869663E-005
#     11   -27       1.1756853669E-005
#     11   -26       8.8348508642E-006
#     11   -25       1.9132023342E-005
#     11   -24       1.3358635188E-006
#     11   -23       3.6585144327E-005
#     11   -22       5.2566779286E-005
#     11   -21       1.5030353719E-005
#     11   -20       6.0139257494E-005
#     11   -19       6.8887610527E-005
#     11   -18       8.4831584666E-005
#     11   -17       5.4490305260E-006
#     11   -16       1.6507248318E-005
#     11   -15       6.8753092838E-006
#     11   -14       4.2111990085E-005
#     11   -13       8.0789924427E-005
#     11   -12       2.9938888504E-005
#     11   -11       1.8775583234E-005
#     11   -10       1.6113243279E-004
#     11    -9       8.0204519226E-005
#     11    -8       9.0399641109E-005
#     11    -7       6.7212928118E-006
#     11    -6       1.2220435105E-004
#     11    -5       2.0410439982E-005
#     11    -4       6.3377707525E-005
#     11    -3       4.0398814263E-006
#     11    -2       3.2630765442E-004
#     11    -1       7.1762973862E-005
#     11     0       3.4944329816E-004
#     11     1       1.7875994359E-004
#     11     2       5.8069971518E-004
#     11     3       1.4191194507E-004
#     11     4       1.2794225407E-004
#     11     5       1.3333990131E-004
#     11     6       6.3493620939E-005
#     11     7       1.6203975591E-005
#     11     8       1.2050949269E-004
#     11     9       1.0014250281E-004
#     11    10       3.9908014286E-005
#     11    11       2.3515263789E-005
#     11    12       1.4255790695E-005
#     11    13       1.3183256345E-004
#     11    14       5.3051378301E-005
#     11    15       9.8648927373E-006
#     11    16       9.7209144687E-006
#     12   -27       1.7818422900E-006
#     12   -26       7.5729422268E-006
#     12   -25       1.2823594203E-005
#     12   -24       8.2844178983E-006
#     12   -23       9.6583711100E-006
#     12   -22       1.2546251060E-005
#     12   -21       6.0756073161E-005
#     12   -20       8.5322239623E-005
#     12   -19       1.4124983966E-004
#     12   -18       3.3244908747E-004
#     12   -17       4.4834348816E-004
#     12   -16       2.4072963493E-004
#     12   -15       3.0059540152E-004
#     12   -14       2.8245825242E-004
#     12   -13       3.2768636393E-004
#     12   -12       2.2774871427E-004
#     12   -11       5.5174238076E-005
#     12   -10       1.2711545213E-004
#     12    -9       3.8456729792E-005
#     12    -8       1.1809835469E-004
#     12    -7       8.9019924386E-006
#     12    -6       5.5937618246E-005
#     12    -5       1.5976017875E-005
#     12    -4       2.2356565331E-007
#     12    -3       2.7988802894E-005
#     12    -2       1.6514982451E-004
#     12    -1       1.1964375568E-004
#     12     0       5.7520410024E-004
#     12     1       4.3725404334E-005
#     12     2       1.7539639704E-004
#     12     3       3.3851982659E-004
#     12     4       1.9258734276E-004
#     12     5       1.7994043413E-004
#     12     6       4.8041239630E-005
#     12     7       2.4563211809E-007
#     12     8       5.9504453066E-005
#     12     9       5.4918936071E-005
#     12    10       5.9982439909E-005
#     12    11       2.5720461202E-005
#     12    12       5.5338020501E-005
#     12    13       1.5157341353E-005
#     12    14       3.0798428853E-007
#     12    15       1.6893050534E-005
#     13   -28       5.8067256817E-006
#     13   -27       4.7226311135E-006
#     13   -26       1.8113434688E-005
#     13   -25       6.4698570774E-005
#     13   -24       7.2391692729E-005
#     13   -23       1.6082064495E-004
#     13   -22       1.5984673158E-004
#     13   -21       2.1567658785E-004
#     13   -20       5.8388673441E-005
#     13   -19       1.2055298659E-004
#     13   -18       1.7247686487E-004
#     13   -17       8.5690383217E-005
#     13   -16       6.3070629904E-005
#     13   -15       2.1817789432E-006
#     13   -14       3.3585702623E-005
#     13   -13       3.2770123506E-005
#     13   -12       3.1448485263E-005
#     13   -11       5.8507637912E-005
#     13   -10       1.5365053287E-005
#     13    -9       4.5846991998E-005
#     13    -8       7.7860652224E-005
#     13    -7       2.4237119184E-005
#     13    -6       8.1467415571E-005
#     13    -5       3.7405828730E-005
#     13    -4       5.6313533677E-005
#     13    -3       2.1204876235E-004
#     13    -2       1.9933461402E-004
#     13    -1       9.4583413547E-005
#     13     0       7.9696291165E-004
#     13     1       2.9163750508E-005
#     13     2       2.0082699230E-004
#     13     3       1.9321450706E-005
#     13     4       4.4878060783E-005
#     13     5       2.0337090114E-004
#     13     6       1.0094316967E-005
#     13     7       4.0513550142E-005
#     13     8       9.7401738108E-005
#     13     9       7.7014973159E-005
#     13    10       4.0812033940E-005
#     13    11       4.6228210028E-005
#     13    12       4.7651167523E-005
#     13    13       2.2263265167E-005
#     13    14       1.9515847589E-005
#     13    15       2.3001644063E-006
#     14   -28       4.8418825282E-005
#     14   -27       1.3220136831E-005
#     14   -26       1.0903631468E-006
#     14   -25       2.1955989695E-005
#     14   -24       8.2106751719E-006
#     14   -23       1.4047145066E-005
#     14   -22       3.6162676165E-005
#     14   -21       5.6130747039E-005
#     14   -20       4.2024713470E-005
#     14   -19       4.0076232414E-006
#     14   -18       5.1814869515E-005
#     14   -17       6.4519372946E-005
#     14   -16       7.9061227513E-006
#     14   -15       3.3846575596E-005
#     14   -14       1.0974610249E-004
#     14   -13       1.0741979212E-004
#     14   -12       1.7960422854E-004
#     14   -11       3.3020932620E-004
#     14   -10       3.0306383032E-004
#     14    -9       2.3265090586E-004
#     14    -8       2.2307587016E-004
#     14    -7       2.0811516270E-005
#     14    -6       2.0492501800E-005
#     14    -5       6.9131615095E-005
#     14    -4       1.8420852251E-004
#     14    -3       1.1696767539E-004
#     14    -2       5.6359176412E-004
#     14    -1       1.0759789751E-004
#     14     0       1.9389676662E-004
#     14     1       1.5256645864E-004
#     14     2       2.1944283692E-004
#     14     3       1.5016408116E-004
#     14     4       1.0254805284E-004
#     14     5       1.3005581399E-005
#     14     6       2.4098261783E-005
#     14     7       4.1073062200E-005
#     14     8       1.3365166002E-004
#     14     9       2.3219454659E-005
#     14    10       1.0286476034E-005
#     14    11       5.7151091340E-005
#     14    12       7.6907618615E-005
#     14    13       7.9237063379E-006
#     14    14       2.0668989887E-005
#     15   -28       2.4107904958E-005
#     15   -27       9.3136007042E-006
#     15   -26       6.0275119837E-006
#     15   -25       8.7577791006E-004
#     15   -24       6.7821351630E-005
#     15   -23       4.2110384216E-005
#     15   -22       5.7744679384E-005
#     15   -21       2.8347783363E-004
#     15   -20       9.0262865332E-003
#     15   -19       4.1701137134E-004
#     15   -18       2.9025474378E-004
#     15   -17       4.9924352205E-004
#     15   -16       5.4375907088E-004
#     15   -15       3.6513031894E-002
#     15   -14       3.8196424811E-004
#     15   -13       3.4237962885E-004
#     15   -12       4.3612648118E-004
#     15   -11       2.8889073462E-004
#     15   -10       1.1877407110E-002
#     15    -9       1.7240898429E-004
#     15    -8       2.7904924567E-004
#     15    -7       4.4111123841E-005
#     15    -6       1.8675116965E-005
#     15    -5       1.4692993969E-002
#     15    -4       1.4943425532E-005
#     15    -3       2.4472466554E-004
#     15    -2       4.2142501485E-004
#     15    -1       1.8192161582E-004
#     15     0       2.0306491934E-002
#     15     1       1.4454649568E-004
#     15     2       7.1219165866E-005
#     15     3       1.3794018232E-004
#     15     4       1.1791664074E-004
#     15     5       6.8117053260E-003
#     15     6       1.6296044222E-005
#     15     7       5.3855468794E-005
#     15     8       1.2916426477E-004
#     15     9       6.9946263314E-006
#     15    10       1.9777321875E-004
#     15    11       1.5290074924E-006
#     15    12       7.7850131784E-006
#     15    13       1.5274793275E-006
#     16   -27       2.4319126854E-005
#     16   -26       5.7249387731E-005
#     16   -25       2.5306163987E-005
#     16   -24       1.9918710131E-004
#     16   -23       1.7692673145E-004
#     16   -22       4.9511094241E-005
#     16   -21       1.3431457815E-004
#     16   -20       4.2285530255E-005
#     16   -19       3.9556312762E-005
#     16   -18       3.3972540328E-005
#     16   -17       2.3173404476E-005
#     16   -16       2.0877845630E-005
#     16   -15       7.6055038263E-005
#     16   -14       6.8126386551E-005
#     16   -13       8.9739346085E-005
#     16   -12       8.1196366349E-005
#     16   -11       1.2228321442E-004
#     16   -10       2.4212059347E-004
#     16    -9       3.4687540755E-005
#     16    -8       1.7593331084E-004
#     16    -7       5.5948407769E-006
#     16    -6       1.7917676889E-005
#     16    -5       3.8008672584E-005
#     16    -4       9.1642810444E-005
#     16    -3       7.0083610278E-005
#     16    -2       7.0100619278E-005
#     16    -1       3.9191498494E-005
#     16     0       6.0996427035E-006
#     16     1       1.5938248560E-004
#     16     2       7.8682629069E-005
#     16     3       4.3071064342E-005
#     16     4       1.3459313849E-004
#     16     5       7.2903082021E-005
#     16     6       1.3468625064E-005
#     16     7       4.6863912503E-005
#     16     8       3.8240212155E-005
#     16     9       2.1771282191E-005
#     16    10       1.4411657413E-005
#     16    11       2.7320527874E-005
#     17   -27       1.9125703373E-005
#     17   -26       2.5308688466E-006
#     17   -25       2.1230120829E-005
#     17   -24       1.0794759581E-004
#     17   -23       1.3990562659E-004
#     17   -22       9.1178261066E-005
#     17   -21       1.1971473199E-004
#     17   -20       3.0578118015E-004
#     17   -19       3.3001885477E-004
#     17   -18       4.6168586216E-005
#     17   -17       5.2991476675E-005
#     17   -16       1.3660796308E-005
#     17   -15       5.8847519808E-006
#     17   -14       8.3355067170E-005
#     17   -13       7.1551029366E-005
#     17   -12       3.8526421014E-005
#     17   -11       1.1273647863E-004
#     17   -10       2.3447321320E-005
#     17    -9       1.0116457097E-005
#     17    -8       5.5380738604E-005
#     17    -7       1.4861979382E-005
#     17    -6       4.9931201424E-005
#     17    -5       7.7917446273E-005
#     17    -4       4.9390553917E-005
#     17    -3       2.9111895545E-005
#     17    -2       1.5838435615E-004
#     17    -1       3.6076821124E-005
#     17     0       1.5113483538E-004
#     17     1       1.3221155700E-004
#     17     2       2.5901560685E-005
#     17     3       1.2786195793E-004
#     17     4       1.5708803050E-004
#     17     5       6.0846087687E-005
#     17     6       8.7221811443E-005
#     17     7       6.0915786128E-005
#     17     8       7.8526704800E-005
#     17     9       1.9323779651E-005
#     17    10       2.3428496502E-005
#     18   -27       5.5145229435E-006
#     18   -26       5.2268377412E-006
#     18   -25       5.3124262773E-005
#     18   -24       8.8050734294E-005
#     18   -23       1.1795211773E-004
#     18   -22       1.3192471565E-004
#     18   -21       1.1394793950E-004
#     18   -20       1.2667156619E-004
#     18   -19       1.3930053374E-004
#     18   -18       1.1676840487E-004
#     18   -17       1.4173372067E-004
#     18   -16       4.3072224709E-004
#     18   -15       3.9593082029E-004
#     18   -14       2.9084646459E-004
#     18   -13       1.4690238150E-004
#     18   -12       3.0423676364E-004
#     18   -11       2.0754286848E-004
#     18   -10       1.7204236133E-004
#     18    -9       1.1964335622E-004
#     18    -8       6.0521112424E-005
#     18    -7       1.6734518169E-005
#     18    -6       5.5388795997E-006
#     18    -5       1.4567738729E-004
#     18    -4       6.3549685524E-005
#     18    -3       3.6519947391E-004
#     18    -2       1.1630635310E-004
#     18    -1       8.0166310182E-005
#     18     0       3.2957383505E-004
#     18     1       1.2308483522E-004
#     18     2       9.9481656359E-006
#     18     3       2.2722961951E-005
#     18     4       1.1079067768E-004
#     18     5       6.9053896180E-005
#     18     6       2.0244892229E-006
#     18     7       1.0648273264E-005
#     18     8       1.1890793036E-005
#     18     9       1.2697874278E-005
#     19   -27       2.7561823584E-005
#     19   -26       2.4967138775E-005
#     19   -25       3.1787463000E-005
#     19   -24       2.5799959869E-005
#     19   -23       2.6151733637E-005
#     19   -22       4.6988926569E-006
#     19   -21       1.7499174491E-006
#     19   -20       2.0193162310E-005
#     19   -19       7.9855792135E-006
#     19   -18       7.4651835775E-006
#     19   -17       7.4513014127E-005
#     19   -16       8.9452716637E-005
#     19   -15       9.7744608582E-005
#     19   -14       2.2647646103E-004
#     19   -13       3.0852757630E-004
#     19   -12       1.7736175368E-004
#     19   -11       2.1491956069E-004
#     19   -10       2.7703577516E-004
#     19    -9       5.4558289518E-005
#     19    -8       1.6558197066E-005
#     19    -7       2.1067578615E-005
#     19    -6       1.9604052395E-007
#     19    -5       1.6119067528E-004
#     19    -4       9.3927515537E-005
#     19    -3       1.6883932735E-005
#     19    -2       1.9883025899E-004
#     19    -1       1.8675018524E-004
#     19     0       8.4655637499E-006
#     19     1       1.5751400557E-004
#     19     2       1.2449666177E-004
#     19     3       2.3570041541E-005
#     19     4       4.5915965652E-005
#     19     5       5.8269505119E-005
#     19     6       5.7584443385E-005
#     19     7       1.8055730071E-005
#     19     8       3.5231134832E-005
#     20   -27       1.1301654234E-005
#     20   -26       5.3002787766E-005
#     20   -25       6.0026037834E-004
#     20   -24       1.5032480972E-004
#     20   -23       2.3250038025E-004
#     20   -22       3.9502837016E-004
#     20   -21       2.1846240899E-004
#     20   -20       7.4291979914E-003
#     20   -19       1.3175134716E-004
#     20   -18       8.1749188310E-005
#     20   -17       6.1997720683E-005
#     20   -16       1.2500928450E-005
#     20   -15       1.1471353746E-002
#     20   -14       3.0801286301E-005
#     20   -13       1.4135645208E-006
#     20   -12       6.0711356854E-005
#     20   -11       2.8837902738E-005
#     20   -10       6.5480635820E-003
#     20    -9       1.6183450085E-005
#     20    -8       4.0646776318E-005
#     20    -7       5.6949003986E-006
#     20    -6       3.6609724427E-005
#     20    -5       6.9060920984E-003
#     20    -4       4.9662996500E-005
#     20    -3       2.4132123727E-004
#     20    -2       1.9841964935E-004
#     20    -1       1.5428670452E-007
#     20     0       1.5045589103E-003
#     20     1       1.4402433919E-004
#     20     2       7.4172648485E-005
#     20     3       6.2461798464E-005
#     20     4       6.7164440911E-005
#     20     5       3.0220068383E-004
#     20     6       2.9200293137E-005
#     20     7       3.0406947963E-005
#     21   -26       3.0730463075E-006
#     21   -25       1.2109308731E-006
#     21   -24       2.1571671667E-005
#     21   -23       1.3667258886E-005
#     21   -22       4.4185908148E-006
#     21   -21       3.9808541387E-005
#     21   -20       7.9613100010E-005
#     21   -19       9.5395349365E-005
#     21   -18       2.2416077695E-004
#     21   -17       1.4657219618E-004
#     21   -16       1.1973915764E-004
#     21   -15       1.2920863025E-004
#     21   -14       9.6987618367E-005
#     21   -13       1.1318776656E-005
#     21   -12       1.1101466759E-004
#     21   -11       8.3279845265E-005
#     21   -10       6.6040197193E-006
#     21    -9       2.1384598280E-005
#     21    -8       1.5459675380E-005
#     21    -7       8.4883540657E-005
#     21    -6       3.3788456725E-005
#     21    -5       1.9216371066E-005
#     21    -4       5.1774766264E-005
#     21    -3       1.5222369479E-004
#     21    -2       3.6663290324E-005
#     21    -1       3.5413177634E-005
#     21     0       4.2103415453E-005
#     21     1       4.7681234785E-005
#     21     2       9.8522827361E-005
#     21     3       3.0472870451E-005
#     21     4       2.0957944753E-005
#     21     5       5.4853979049E-006
#     22   -26       2.9301184664E-005
#     22   -25       4.4227306376E-005
#     22   -24       3.3607415046E-005
#     22   -23       1.1373584202E-005
#     22   -22       8.1957426983E-005
#     22   -21       4.2765535517E-005
#     22   -20       2.5757583357E-005
#     22   -19       1.6389681065E-005
#     22   -18       3.7418207887E-005
#     22   -17       2.6294328221E-005
#     22   -16       2.3300656103E-004
#     22   -15       9.2042561108E-005
#     22   -14       1.5992016611E-004
#     22   -13       2.7116566788E-004
#     22   -12       1.5465774515E-004
#     22   -11       4.7662642740E-005
#     22   -10       2.0232540608E-005
#     22    -9       4.7894442023E-005
#     22    -8       1.5838130331E-005
#     22    -7       5.6924714355E-005
#     22    -6       9.3254366350E-006
#     22    -5       5.4122713477E-005
#     22    -4       7.7846692608E-005
#     22    -3       5.4835740635E-006
#     22    -2       1.0170342755E-004
#     22    -1       1.3663913635E-004
#     22     0       5.2975314343E-005
#     22     1       3.5640470155E-005
#     22     2       6.5955226536E-005
#     22     3       2.2174784417E-005
#     22     4       1.6354085795E-005
#     23   -25       3.7636028401E-005
#     23   -24       5.8002924020E-005
#     23   -23       1.7020718329E-005
#     23   -22       8.9558476778E-005
#     23   -21       1.2874380298E-004
#     23   -20       1.9863678701E-005
#     23   -19       2.2193201438E-005
#     23   -18       9.5104055632E-005
#     23   -17       3.8948680717E-005
#     23   -16       2.3744477610E-005
#     23   -15       4.1145890747E-005
#     23   -14       5.8211792180E-005
#     23   -13       4.6288499659E-006
#     23   -12       2.1635242539E-005
#     23   -11       5.1140826347E-005
#     23   -10       2.9195218912E-005
#     23    -9       2.2033961940E-005
#     23    -8       1.2566363025E-005
#     23    -7       2.8900016919E-005
#     23    -6       1.0565455987E-004
#     23    -5       1.5609405078E-004
#     23    -4       6.3354591131E-006
#     23    -3       7.1778842860E-005
#     23    -2       9.2203138732E-005
#     23    -1       1.8523875894E-005
#     23     0       1.0910699686E-005
#     23     1       5.3695782521E-005
#     23     2       3.8274507144E-005
#     24   -24       8.4284271343E-006
#     24   -23       2.2490250293E-005
#     24   -22       5.6015384267E-005
#     24   -21       4.2816567763E-005
#     24   -20       8.2723320677E-005
#     24   -19       5.4400117096E-005
#     24   -18       8.3442019875E-005
#     24   -17       7.4824583054E-005
#     24   -16       5.0064792786E-005
#     24   -15       5.3647600352E-006
#     24   -14       3.1464494023E-005
#     24   -13       1.3860581915E-005
#     24   -12       5.7493047348E-006
#     24   -11       3.2104337429E-005
#     24   -10       4.8529800070E-005
#     24    -9       2.4190169404E-005
#     24    -8       3.3635564774E-006
#     24    -7       7.0747985395E-005
#     24    -6       8.5461239998E-006
#     24    -5       7.9350541579E-007
#     24    -4       4.9575225136E-005
#     24    -3       7.3207485388E-005
#     24    -2       1.6615173610E-005
#     24    -1       4.5168566840E-005
#     24     0       3.4211249919E-005
#     25   -23       6.7153127513E-005
#     25   -22       7.0799656409E-005
#     25   -21       5.1644713246E-005
#     25   -20       1.0315763039E-003
#     25   -19       1.0954215649E-004
#     25   -18       1.9174935599E-004
#     25   -17       5.4963775269E-005
#     25   -16       3.9553130414E-005
#     25   -15       1.4800846284E-003
#     25   -14       2.6496644919E-005
#     25   -13       1.7454774462E-005
#     25   -12       1.6942603494E-005
#     25   -11       3.7740887329E-005
#     25   -10       2.7184010576E-004
#     25    -9       5.1522723737E-006
#     25    -8       4.5215449117E-008
#     25    -7       1.9442793494E-005
#     25    -6       1.0667823699E-005
#     25    -5       1.2422827320E-004
#     25    -4       5.9253173964E-005
#     25    -3       3.2387988629E-006
#     25    -2       5.5026275275E-005
#     26   -22       1.3942454016E-005
#     26   -21       2.1588518537E-005
#     26   -20       6.9913778462E-005
#     26   -19       4.5843559494E-005
