 Diffraction intensities for potential:gv5x5_30D10002.in                       
#    -28    13       8.8356903167E-005
#    -28    14       5.7257933011E-005
#    -28    15       2.7905393045E-004
#    -27     7       1.8487586323E-005
#    -27     8       2.1638412721E-005
#    -27     9       3.4381015906E-005
#    -27    10       3.8470813862E-005
#    -27    11       1.3716516395E-004
#    -27    12       1.4546480761E-004
#    -27    13       1.1126859923E-004
#    -27    14       2.9354610953E-005
#    -27    15       7.5705914051E-007
#    -27    16       7.1087137140E-005
#    -27    17       7.2760249401E-005
#    -27    18       1.6950877447E-004
#    -27    19       1.3045969972E-004
#    -27    20       1.6059766841E-004
#    -26     4       1.2869338584E-005
#    -26     5       2.3423439161E-004
#    -26     6       5.3535461402E-005
#    -26     7       8.3992022863E-005
#    -26     8       1.5367998082E-005
#    -26     9       5.1976364921E-005
#    -26    10       3.4535551636E-005
#    -26    11       1.6000757863E-004
#    -26    12       1.1778416540E-004
#    -26    13       2.1382719777E-004
#    -26    14       1.4616511167E-005
#    -26    15       6.4719475729E-004
#    -26    16       1.5009145383E-004
#    -26    17       1.4539782482E-004
#    -26    18       6.0210317579E-005
#    -26    19       1.6709824717E-004
#    -26    20       1.4600990540E-004
#    -26    21       2.7599483997E-004
#    -26    22       6.5463238042E-004
#    -25     2       1.8379929699E-005
#    -25     3       1.2122033357E-004
#    -25     4       9.1048096680E-005
#    -25     5       3.6583053099E-004
#    -25     6       2.5074160232E-004
#    -25     7       4.4967603828E-006
#    -25     8       5.9711502668E-004
#    -25     9       1.1260126234E-004
#    -25    10       6.4499712211E-004
#    -25    11       6.0241632544E-005
#    -25    12       1.5772279574E-004
#    -25    13       1.2260741139E-004
#    -25    14       1.5490041437E-004
#    -25    15       7.3615277132E-005
#    -25    16       5.9540426197E-004
#    -25    17       1.9748563993E-004
#    -25    18       9.4895024207E-006
#    -25    19       9.8828269459E-004
#    -25    20       3.2833831855E-004
#    -25    21       7.3180350809E-004
#    -25    22       2.6153978858E-004
#    -25    23       2.7034911004E-004
#    -24     0       4.5249647469E-005
#    -24     1       3.4737169017E-005
#    -24     2       8.3566403161E-005
#    -24     3       2.7309265235E-005
#    -24     4       1.9847983829E-004
#    -24     5       2.2679324103E-004
#    -24     6       1.2804218559E-004
#    -24     7       5.6998039408E-005
#    -24     8       4.4044377399E-005
#    -24     9       3.1251412316E-005
#    -24    10       8.0273462820E-006
#    -24    11       1.5547893782E-004
#    -24    12       7.9216940604E-005
#    -24    13       6.0378610029E-005
#    -24    14       1.7524874143E-004
#    -24    15       6.6150871899E-005
#    -24    16       5.6307567486E-004
#    -24    17       5.9873814261E-004
#    -24    18       4.2277674323E-006
#    -24    19       2.9306752819E-004
#    -24    20       3.7483266632E-004
#    -24    21       8.4047310036E-005
#    -24    22       2.8799243906E-004
#    -24    23       1.1006554255E-004
#    -24    24       1.2451067518E-004
#    -23    -2       3.4988948666E-005
#    -23    -1       3.4028176545E-005
#    -23     0       5.5720680099E-005
#    -23     1       6.0703452656E-005
#    -23     2       8.7838136237E-006
#    -23     3       1.2661255102E-004
#    -23     4       4.0559731304E-005
#    -23     5       6.0284094222E-004
#    -23     6       1.0994644046E-004
#    -23     7       8.4492606256E-005
#    -23     8       6.0699886917E-005
#    -23     9       2.2889678766E-004
#    -23    10       2.8400240445E-004
#    -23    11       1.4338275332E-004
#    -23    12       1.9900617216E-004
#    -23    13       1.3602333302E-004
#    -23    14       7.2519021961E-005
#    -23    15       6.6711712102E-004
#    -23    16       1.6530830886E-004
#    -23    17       2.0728388921E-004
#    -23    18       2.2959901733E-004
#    -23    19       3.0271151962E-004
#    -23    20       2.1946022734E-004
#    -23    21       4.7474260680E-005
#    -23    22       1.5105236285E-004
#    -23    23       2.1207861992E-004
#    -23    24       1.6801444361E-004
#    -23    25       3.7726120692E-005
#    -22    -4       4.4980944054E-006
#    -22    -3       3.7907136647E-005
#    -22    -2       5.0119845586E-005
#    -22    -1       1.8172293431E-005
#    -22     0       2.1378275316E-004
#    -22     1       7.6652614368E-005
#    -22     2       1.6969310732E-004
#    -22     3       1.5388926042E-004
#    -22     4       3.1564945942E-006
#    -22     5       1.3447756075E-004
#    -22     6       2.2715627896E-004
#    -22     7       1.3356642776E-004
#    -22     8       1.6869074266E-004
#    -22     9       2.1870815277E-004
#    -22    10       4.9848836777E-004
#    -22    11       3.2066787449E-004
#    -22    12       1.0302323809E-004
#    -22    13       3.2406039025E-004
#    -22    14       2.9710105807E-005
#    -22    15       5.7743150831E-004
#    -22    16       5.5608743065E-004
#    -22    17       3.6449415139E-005
#    -22    18       2.8516244907E-004
#    -22    19       1.2807323961E-004
#    -22    20       1.6609286870E-004
#    -22    21       4.5229228599E-005
#    -22    22       8.3054685754E-004
#    -22    23       3.1205338030E-004
#    -22    24       5.1804770450E-005
#    -22    25       2.0456865267E-004
#    -22    26       1.3548429244E-004
#    -21    -5       3.2702578336E-005
#    -21    -4       1.9872884432E-005
#    -21    -3       1.3725141865E-004
#    -21    -2       4.8803628462E-005
#    -21    -1       2.1067565453E-006
#    -21     0       8.8619050988E-005
#    -21     1       5.8849806255E-005
#    -21     2       1.9210967523E-004
#    -21     3       8.4687825315E-005
#    -21     4       2.0462838089E-005
#    -21     5       1.4507062709E-003
#    -21     6       3.5038605858E-004
#    -21     7       3.8070854119E-004
#    -21     8       1.0395504661E-004
#    -21     9       5.9927937023E-004
#    -21    10       9.0184834301E-004
#    -21    11       9.4779703994E-005
#    -21    12       4.7951556598E-004
#    -21    13       2.9892528626E-004
#    -21    14       8.1326162667E-005
#    -21    15       4.7910134394E-004
#    -21    16       5.1007672872E-005
#    -21    17       2.6323409010E-004
#    -21    18       4.1776632790E-004
#    -21    19       5.2330201063E-004
#    -21    20       2.8276924223E-004
#    -21    21       1.4471867434E-005
#    -21    22       3.9165379293E-004
#    -21    23       1.6092916740E-004
#    -21    24       4.2477122028E-004
#    -21    25       1.3469265769E-004
#    -21    26       1.0379396991E-004
#    -20    -7       7.0848331753E-005
#    -20    -6       2.1167685279E-005
#    -20    -5       5.3396572137E-004
#    -20    -4       6.8558396466E-006
#    -20    -3       1.9859456075E-004
#    -20    -2       3.9267581488E-005
#    -20    -1       8.7577803580E-007
#    -20     0       3.8199373136E-003
#    -20     1       4.8039384935E-006
#    -20     2       5.1454601661E-005
#    -20     3       6.6508148382E-005
#    -20     4       1.4987015827E-005
#    -20     5       6.1061904944E-003
#    -20     6       3.8643984243E-004
#    -20     7       2.1153186783E-004
#    -20     8       1.7517067584E-004
#    -20     9       7.2497199991E-005
#    -20    10       2.0880614196E-003
#    -20    11       1.1154478178E-005
#    -20    12       7.4651612255E-004
#    -20    13       8.9165928873E-005
#    -20    14       1.7523100008E-004
#    -20    15       1.5586823704E-003
#    -20    16       3.2241457831E-004
#    -20    17       6.7124504519E-005
#    -20    18       3.5872632543E-004
#    -20    19       1.1417548333E-003
#    -20    20       5.0323522028E-004
#    -20    21       4.4532021980E-004
#    -20    22       1.6086443475E-004
#    -20    23       1.7482672255E-004
#    -20    24       6.8617584803E-005
#    -20    25       1.9538696068E-004
#    -20    26       6.1012198330E-006
#    -20    27       1.6032780165E-004
#    -19    -8       4.2344936902E-005
#    -19    -7       5.3867629343E-005
#    -19    -6       5.2248118234E-005
#    -19    -5       1.0418456983E-006
#    -19    -4       6.4038669541E-005
#    -19    -3       7.8189709333E-005
#    -19    -2       5.0001816696E-004
#    -19    -1       4.0396914693E-004
#    -19     0       2.4306292595E-004
#    -19     1       3.1755385594E-004
#    -19     2       2.3913113180E-004
#    -19     3       1.6728908000E-004
#    -19     4       8.2761693860E-004
#    -19     5       5.4876261029E-004
#    -19     6       5.4942489155E-004
#    -19     7       6.8020201839E-005
#    -19     8       4.6506740486E-005
#    -19     9       1.4727285807E-004
#    -19    10       4.5126308910E-004
#    -19    11       2.3204230107E-004
#    -19    12       6.8263159109E-004
#    -19    13       6.6671317951E-004
#    -19    14       1.1775123629E-004
#    -19    15       1.0211671090E-004
#    -19    16       5.8307275222E-004
#    -19    17       1.5312144778E-005
#    -19    18       2.9811620707E-004
#    -19    19       2.8722305145E-004
#    -19    20       1.8055582207E-004
#    -19    21       4.3521369564E-004
#    -19    22       3.7719851538E-004
#    -19    23       3.8857100556E-004
#    -19    24       2.0418137770E-004
#    -19    25       1.6052656597E-004
#    -19    26       1.3814225812E-004
#    -19    27       1.3538974113E-004
#    -18    -9       1.2264403718E-005
#    -18    -8       1.4993972292E-005
#    -18    -7       1.2809900835E-005
#    -18    -6       6.7264384553E-005
#    -18    -5       5.0482063711E-004
#    -18    -4       1.5886163316E-004
#    -18    -3       2.6256500386E-005
#    -18    -2       2.5951789139E-004
#    -18    -1       1.2422352888E-004
#    -18     0       5.5936982300E-004
#    -18     1       9.2837800808E-004
#    -18     2       9.1591403566E-004
#    -18     3       2.3722635189E-004
#    -18     4       4.9544000560E-004
#    -18     5       3.9061516614E-004
#    -18     6       3.2166908354E-004
#    -18     7       4.7219731683E-004
#    -18     8       4.5711390802E-005
#    -18     9       1.7153798339E-006
#    -18    10       1.2814345958E-003
#    -18    11       1.0637006388E-004
#    -18    12       6.4228931813E-005
#    -18    13       5.3549279863E-005
#    -18    14       2.0328694864E-004
#    -18    15       6.4886790026E-005
#    -18    16       1.2229260465E-003
#    -18    17       1.4770161447E-005
#    -18    18       8.0425065802E-005
#    -18    19       1.4158706962E-004
#    -18    20       7.8805730768E-005
#    -18    21       1.0740193321E-003
#    -18    22       7.0275136345E-005
#    -18    23       2.9260248611E-004
#    -18    24       1.8515534004E-004
#    -18    25       4.9800497179E-005
#    -18    26       1.2610341121E-004
#    -18    27       1.0037457022E-005
#    -17   -10       1.6277570345E-004
#    -17    -9       2.1728756826E-005
#    -17    -8       2.6174512226E-004
#    -17    -7       3.1163531541E-005
#    -17    -6       1.5531452210E-004
#    -17    -5       6.1504769687E-004
#    -17    -4       1.7593850181E-005
#    -17    -3       2.0502592150E-005
#    -17    -2       1.5985836515E-004
#    -17    -1       4.7354491190E-004
#    -17     0       1.2526383156E-003
#    -17     1       3.3786139802E-004
#    -17     2       9.8707198443E-005
#    -17     3       3.3593879072E-004
#    -17     4       1.2323538452E-004
#    -17     5       7.3024331885E-004
#    -17     6       1.5175616573E-004
#    -17     7       1.9902053292E-004
#    -17     8       5.3516600082E-004
#    -17     9       6.0516539803E-004
#    -17    10       7.5738473645E-004
#    -17    11       5.0060054780E-005
#    -17    12       6.7241344751E-004
#    -17    13       1.1161526853E-005
#    -17    14       6.3971065612E-004
#    -17    15       3.7827946687E-004
#    -17    16       4.9298004389E-005
#    -17    17       2.9345837797E-004
#    -17    18       9.9513341143E-004
#    -17    19       4.4579296795E-005
#    -17    20       1.6018952552E-004
#    -17    21       1.2819952310E-004
#    -17    22       9.9762690449E-004
#    -17    23       6.7315551408E-005
#    -17    24       6.3862301136E-005
#    -17    25       6.7148957177E-005
#    -17    26       3.3983278708E-004
#    -17    27       3.3395514193E-004
#    -16   -11       1.2666918513E-004
#    -16   -10       9.3042916271E-006
#    -16    -9       1.0231084316E-005
#    -16    -8       2.4338150217E-005
#    -16    -7       2.8934610512E-004
#    -16    -6       5.9625430589E-006
#    -16    -5       1.0637237111E-004
#    -16    -4       2.7871328022E-004
#    -16    -3       2.8025558692E-004
#    -16    -2       2.6947031426E-004
#    -16    -1       8.9583909442E-004
#    -16     0       1.1033687408E-003
#    -16     1       1.8171983914E-004
#    -16     2       3.1159737252E-004
#    -16     3       5.4533897965E-004
#    -16     4       2.0644484009E-004
#    -16     5       5.4762687534E-005
#    -16     6       8.6436927730E-004
#    -16     7       9.0509818200E-005
#    -16     8       1.1387863443E-004
#    -16     9       2.0166871211E-005
#    -16    10       3.1507391111E-004
#    -16    11       2.6007774072E-004
#    -16    12       1.0999311374E-003
#    -16    13       5.1951325719E-006
#    -16    14       5.5040937538E-004
#    -16    15       7.5184658704E-005
#    -16    16       1.3924245703E-004
#    -16    17       2.2732500150E-003
#    -16    18       4.4803205364E-004
#    -16    19       3.7266132766E-004
#    -16    20       3.3918879196E-005
#    -16    21       1.4604917380E-004
#    -16    22       5.4903225570E-006
#    -16    23       3.3368077385E-004
#    -16    24       7.8226126225E-005
#    -16    25       1.0819606378E-004
#    -16    26       7.2803563021E-005
#    -16    27       3.3980621763E-005
#    -15   -13       2.7798513684E-005
#    -15   -12       5.3667460028E-006
#    -15   -11       7.8586388659E-005
#    -15   -10       3.9158221134E-004
#    -15    -9       7.3963657910E-005
#    -15    -8       1.9327406732E-005
#    -15    -7       6.0074804984E-005
#    -15    -6       1.8168825774E-004
#    -15    -5       4.9114622810E-003
#    -15    -4       2.2629194559E-004
#    -15    -3       1.0414703134E-005
#    -15    -2       5.0950498033E-006
#    -15    -1       2.0942839122E-004
#    -15     0       1.6144033537E-002
#    -15     1       7.4656005620E-005
#    -15     2       3.0675739361E-004
#    -15     3       5.3070519018E-005
#    -15     4       5.5377091135E-005
#    -15     5       6.5500380283E-003
#    -15     6       2.6242703232E-004
#    -15     7       3.2295092893E-004
#    -15     8       1.8888745568E-005
#    -15     9       6.4253932998E-004
#    -15    10       6.7414543174E-003
#    -15    11       5.4306951404E-004
#    -15    12       1.2733657257E-004
#    -15    13       6.0514545229E-004
#    -15    14       3.3864792283E-004
#    -15    15       9.5243323269E-003
#    -15    16       3.0223080358E-004
#    -15    17       4.7928522025E-004
#    -15    18       6.1972178821E-004
#    -15    19       2.6126923062E-005
#    -15    20       8.4689524971E-004
#    -15    21       9.2739399715E-005
#    -15    22       1.6211225399E-004
#    -15    23       1.6713251968E-004
#    -15    24       6.7797097307E-005
#    -15    25       2.2973110251E-004
#    -15    26       1.4698066435E-005
#    -15    27       2.0147444365E-004
#    -15    28       2.1237238056E-005
#    -14   -14       6.3392288633E-006
#    -14   -13       3.5600691142E-005
#    -14   -12       1.7850107965E-006
#    -14   -11       2.3688607131E-004
#    -14   -10       9.1125676683E-005
#    -14    -9       1.8611240057E-004
#    -14    -8       6.6049038252E-005
#    -14    -7       1.0668652546E-004
#    -14    -6       2.9069644671E-004
#    -14    -5       3.0965918944E-004
#    -14    -4       6.4595926384E-004
#    -14    -3       5.2527456883E-004
#    -14    -2       1.4547631188E-004
#    -14    -1       1.0367542274E-003
#    -14     0       1.1206941571E-004
#    -14     1       6.4044416500E-004
#    -14     2       6.2075320296E-005
#    -14     3       9.7173864041E-004
#    -14     4       2.6507998354E-005
#    -14     5       2.9933599584E-005
#    -14     6       6.7791888237E-004
#    -14     7       5.1700827781E-004
#    -14     8       1.7328638982E-003
#    -14     9       2.1872097240E-005
#    -14    10       1.7227322387E-004
#    -14    11       1.9040361997E-004
#    -14    12       4.9827902865E-005
#    -14    13       1.0804459609E-004
#    -14    14       1.4188588202E-004
#    -14    15       2.1612279600E-004
#    -14    16       5.3550282849E-004
#    -14    17       1.5264259255E-004
#    -14    18       2.9151522528E-004
#    -14    19       3.4924637444E-004
#    -14    20       3.0702962818E-004
#    -14    21       3.8448048105E-004
#    -14    22       1.3649367067E-004
#    -14    23       6.9166524930E-005
#    -14    24       6.7718783892E-005
#    -14    25       3.8775499091E-004
#    -14    26       2.0023127823E-004
#    -14    27       4.4247618703E-005
#    -14    28       1.5241599870E-005
#    -13   -15       1.0778391605E-005
#    -13   -14       7.9124101901E-006
#    -13   -13       4.5119253530E-005
#    -13   -12       3.5472504307E-005
#    -13   -11       2.8602106371E-004
#    -13   -10       2.4071003324E-004
#    -13    -9       9.5456617055E-005
#    -13    -8       6.4478094187E-004
#    -13    -7       6.0770306982E-005
#    -13    -6       5.5317096667E-004
#    -13    -5       5.1072016722E-004
#    -13    -4       6.4343526163E-004
#    -13    -3       3.6084502494E-004
#    -13    -2       7.5243905570E-004
#    -13    -1       2.6608851577E-004
#    -13     0       1.5341414958E-003
#    -13     1       6.7158222289E-004
#    -13     2       6.1486315052E-004
#    -13     3       2.1426318288E-004
#    -13     4       3.2219401097E-004
#    -13     5       3.7144758615E-004
#    -13     6       4.2327853496E-005
#    -13     7       1.3656324860E-004
#    -13     8       2.1646145204E-004
#    -13     9       3.8328420014E-005
#    -13    10       1.8920931897E-004
#    -13    11       1.8490233954E-004
#    -13    12       1.9998912801E-004
#    -13    13       1.8463251623E-004
#    -13    14       6.8122048647E-004
#    -13    15       1.0357170544E-003
#    -13    16       1.9297403912E-004
#    -13    17       1.0284514604E-003
#    -13    18       8.8191710534E-004
#    -13    19       3.9067159463E-004
#    -13    20       2.0538514999E-004
#    -13    21       6.1711505113E-004
#    -13    22       3.4338154775E-004
#    -13    23       2.9240203026E-004
#    -13    24       3.6483746492E-004
#    -13    25       2.6266895074E-004
#    -13    26       5.1619798976E-005
#    -13    27       3.2737577223E-005
#    -13    28       1.8046704755E-005
#    -12   -15       2.6491129284E-004
#    -12   -14       2.1799552041E-005
#    -12   -13       2.7285482186E-005
#    -12   -12       6.3123032881E-005
#    -12   -11       4.1270964459E-004
#    -12   -10       5.7294562081E-004
#    -12    -9       3.0407266051E-004
#    -12    -8       2.4492992934E-004
#    -12    -7       4.5338424221E-004
#    -12    -6       2.3978796511E-004
#    -12    -5       2.0456582573E-003
#    -12    -4       2.8899386253E-005
#    -12    -3       4.7421841915E-004
#    -12    -2       8.7701072149E-004
#    -12    -1       1.1238606390E-003
#    -12     0       5.1950674498E-004
#    -12     1       4.9802980019E-004
#    -12     2       2.8592202236E-004
#    -12     3       2.1632629950E-004
#    -12     4       6.3654762179E-005
#    -12     5       1.9645386528E-004
#    -12     6       1.6992299644E-005
#    -12     7       1.9788959561E-004
#    -12     8       1.5063303076E-004
#    -12     9       5.1677544890E-004
#    -12    10       2.1983651717E-005
#    -12    11       3.6741927313E-005
#    -12    12       1.1134181797E-003
#    -12    13       4.9336112050E-004
#    -12    14       6.4763418206E-004
#    -12    15       1.3052522846E-003
#    -12    16       1.4045560682E-004
#    -12    17       3.1409267213E-004
#    -12    18       2.4908934720E-004
#    -12    19       6.0351654473E-004
#    -12    20       1.3794484512E-003
#    -12    21       1.3032811474E-004
#    -12    22       1.4805816302E-005
#    -12    23       3.5013291240E-004
#    -12    24       6.9900839596E-005
#    -12    25       1.4475716781E-004
#    -12    26       2.6595098680E-006
#    -12    27       5.5534730965E-005
#    -11   -16       8.4401172980E-005
#    -11   -15       4.3053521623E-005
#    -11   -14       1.4648704322E-004
#    -11   -13       4.4401170319E-005
#    -11   -12       5.9701379406E-005
#    -11   -11       1.2238470764E-004
#    -11   -10       4.4853918650E-005
#    -11    -9       4.8749900802E-005
#    -11    -8       7.5046576699E-004
#    -11    -7       2.6523595303E-004
#    -11    -6       6.7356836628E-004
#    -11    -5       9.1415308680E-005
#    -11    -4       5.7725009847E-004
#    -11    -3       1.5664569537E-004
#    -11    -2       6.3072501881E-004
#    -11    -1       4.7596980823E-004
#    -11     0       1.5207459381E-004
#    -11     1       3.4126885830E-005
#    -11     2       5.8375296769E-004
#    -11     3       1.8499435757E-004
#    -11     4       2.7699278162E-004
#    -11     5       4.3076143341E-004
#    -11     6       1.4784956020E-004
#    -11     7       3.2407900219E-004
#    -11     8       2.3848080755E-005
#    -11     9       3.9572888586E-004
#    -11    10       9.6020355819E-005
#    -11    11       1.2811895110E-004
#    -11    12       4.6031422572E-004
#    -11    13       3.4187603069E-004
#    -11    14       3.0939506872E-004
#    -11    15       1.1458828542E-003
#    -11    16       5.1463059926E-006
#    -11    17       7.0359021026E-005
#    -11    18       1.1140145306E-004
#    -11    19       4.0235090641E-004
#    -11    20       7.3887770644E-005
#    -11    21       3.4758592509E-004
#    -11    22       1.4311325428E-004
#    -11    23       6.8598431359E-005
#    -11    24       1.0811241249E-004
#    -11    25       2.4621409777E-004
#    -11    26       4.1378970611E-005
#    -11    27       4.1854754443E-005
#    -10   -17       3.0339338331E-004
#    -10   -16       1.4019211641E-004
#    -10   -15       2.0273848388E-004
#    -10   -14       1.2835248656E-004
#    -10   -13       4.2393119189E-005
#    -10   -12       5.4292403719E-006
#    -10   -11       1.6649833904E-004
#    -10   -10       3.1738654647E-003
#    -10    -9       2.2598489354E-004
#    -10    -8       2.3463400942E-005
#    -10    -7       3.9072595184E-004
#    -10    -6       3.0900036746E-005
#    -10    -5       7.6638193551E-003
#    -10    -4       6.4236850332E-005
#    -10    -3       9.0651240210E-005
#    -10    -2       3.1324013757E-005
#    -10    -1       7.5502798056E-007
#    -10     0       5.3701431103E-003
#    -10     1       7.1991975750E-004
#    -10     2       4.6520845337E-005
#    -10     3       6.1297287076E-004
#    -10     4       1.9690931215E-004
#    -10     5       1.6133998482E-003
#    -10     6       2.7972066386E-004
#    -10     7       3.1539342453E-004
#    -10     8       3.6920350244E-004
#    -10     9       4.1105498735E-004
#    -10    10       1.9219719027E-002
#    -10    11       1.4474097987E-004
#    -10    12       3.7572500532E-004
#    -10    13       2.5969640721E-004
#    -10    14       2.6295944664E-004
#    -10    15       4.2348663681E-003
#    -10    16       1.7131869560E-004
#    -10    17       3.7683082000E-004
#    -10    18       6.9753144646E-005
#    -10    19       1.3186313020E-004
#    -10    20       3.4594149787E-003
#    -10    21       2.0976681273E-004
#    -10    22       2.5431637221E-004
#    -10    23       1.3025668715E-004
#    -10    24       1.8387866019E-004
#    -10    25       1.0822125175E-003
#    -10    26       2.0883373653E-004
#    -10    27       7.7253786123E-007
#     -9   -18       3.5601607944E-004
#     -9   -17       8.7408086233E-005
#     -9   -16       3.4933384867E-005
#     -9   -15       1.3546631485E-005
#     -9   -14       9.5506957591E-005
#     -9   -13       3.4959931212E-004
#     -9   -12       4.1275900216E-005
#     -9   -11       1.8852387308E-004
#     -9   -10       4.6740308100E-004
#     -9    -9       6.5627482439E-005
#     -9    -8       2.9970821489E-004
#     -9    -7       9.2275008056E-005
#     -9    -6       1.3188312890E-004
#     -9    -5       5.9376591867E-004
#     -9    -4       2.3174245180E-004
#     -9    -3       2.0701646424E-004
#     -9    -2       3.6810580264E-004
#     -9    -1       1.4925880268E-005
#     -9     0       6.6181253714E-004
#     -9     1       8.0621842742E-005
#     -9     2       1.4515259971E-004
#     -9     3       2.4684172391E-004
#     -9     4       4.7161030904E-004
#     -9     5       4.4701647494E-004
#     -9     6       1.2717332092E-004
#     -9     7       5.6942006505E-004
#     -9     8       1.8767920219E-004
#     -9     9       2.6989618338E-005
#     -9    10       9.2028075850E-004
#     -9    11       9.2616107373E-004
#     -9    12       2.7825336498E-004
#     -9    13       1.3058719751E-003
#     -9    14       6.5411265420E-004
#     -9    15       1.1677759209E-005
#     -9    16       2.5245640131E-004
#     -9    17       5.9481530084E-004
#     -9    18       6.6955970413E-005
#     -9    19       1.7197004100E-005
#     -9    20       1.3226085567E-004
#     -9    21       4.3182798551E-004
#     -9    22       6.5538616114E-004
#     -9    23       1.0977048908E-004
#     -9    24       8.0230553677E-005
#     -9    25       1.7861563935E-004
#     -9    26       1.6301032618E-004
#     -9    27       3.2356269393E-005
#     -8   -19       1.6875240706E-004
#     -8   -18       9.1036386699E-005
#     -8   -17       2.0651107993E-005
#     -8   -16       4.3318513362E-004
#     -8   -15       7.5327486051E-005
#     -8   -14       7.2140934695E-005
#     -8   -13       9.7788452481E-005
#     -8   -12       3.9930383315E-005
#     -8   -11       3.8953279637E-005
#     -8   -10       1.0191820730E-004
#     -8    -9       1.4797438874E-004
#     -8    -8       6.6813717550E-004
#     -8    -7       3.9420760637E-005
#     -8    -6       1.1162940216E-006
#     -8    -5       6.3180006113E-004
#     -8    -4       2.8212514711E-005
#     -8    -3       3.5972347771E-004
#     -8    -2       1.4190358901E-004
#     -8    -1       3.1338860335E-004
#     -8     0       2.0188462778E-004
#     -8     1       1.2121643855E-003
#     -8     2       3.6744598779E-004
#     -8     3       5.6608382179E-004
#     -8     4       1.7005658544E-004
#     -8     5       4.4702437868E-005
#     -8     6       1.0533423771E-005
#     -8     7       5.9985011530E-004
#     -8     8       1.4209489643E-003
#     -8     9       1.8882598511E-004
#     -8    10       9.1228621466E-004
#     -8    11       2.4141865833E-004
#     -8    12       4.3248206121E-004
#     -8    13       2.3728238363E-004
#     -8    14       2.2770146249E-004
#     -8    15       3.0582372536E-004
#     -8    16       2.4973322064E-004
#     -8    17       4.3474661519E-004
#     -8    18       3.6586095730E-005
#     -8    19       9.9555533652E-005
#     -8    20       3.2022071284E-004
#     -8    21       3.9896924026E-005
#     -8    22       9.0595866984E-005
#     -8    23       1.5895454186E-004
#     -8    24       1.4048125285E-004
#     -8    25       3.4843441587E-005
#     -8    26       6.6731046562E-005
#     -8    27       1.3794780608E-005
#     -7   -20       4.6163957852E-005
#     -7   -19       6.5297722679E-005
#     -7   -18       4.1593209834E-004
#     -7   -17       8.8099882487E-005
#     -7   -16       6.7473861920E-004
#     -7   -15       7.3959279395E-005
#     -7   -14       5.8416204400E-006
#     -7   -13       5.6796281211E-005
#     -7   -12       2.2476122671E-004
#     -7   -11       6.7666946383E-004
#     -7   -10       7.4832708443E-005
#     -7    -9       2.7544165468E-005
#     -7    -8       1.0635238112E-005
#     -7    -7       3.3280563179E-005
#     -7    -6       1.9554843944E-005
#     -7    -5       4.6794662417E-004
#     -7    -4       1.7736015922E-006
#     -7    -3       9.6824007050E-004
#     -7    -2       6.9983421452E-004
#     -7    -1       7.7570060145E-005
#     -7     0       6.5111469609E-004
#     -7     1       3.6341424596E-004
#     -7     2       7.8838980687E-004
#     -7     3       2.8891540357E-004
#     -7     4       2.1062446099E-004
#     -7     5       5.5911355615E-004
#     -7     6       9.4825670134E-004
#     -7     7       4.5429972795E-004
#     -7     8       4.3681594104E-004
#     -7     9       1.0133246802E-004
#     -7    10       5.9462796690E-004
#     -7    11       2.5458562881E-004
#     -7    12       4.1805353201E-004
#     -7    13       1.9997044296E-004
#     -7    14       4.9935209595E-004
#     -7    15       3.4694381687E-004
#     -7    16       1.8794404823E-006
#     -7    17       1.0275804648E-003
#     -7    18       4.8858803234E-004
#     -7    19       7.3327300202E-005
#     -7    20       3.0283743853E-004
#     -7    21       2.5624789600E-004
#     -7    22       2.7535588517E-004
#     -7    23       2.2923935084E-004
#     -7    24       3.2061479774E-004
#     -7    25       3.1649533977E-005
#     -7    26       1.5993700451E-004
#     -7    27       9.5093369794E-006
#     -6   -20       3.0760148595E-004
#     -6   -19       7.8149137553E-005
#     -6   -18       3.0941434782E-004
#     -6   -17       2.1741485929E-004
#     -6   -16       1.1525300951E-004
#     -6   -15       1.4560443729E-004
#     -6   -14       1.3306832766E-004
#     -6   -13       5.7322743046E-005
#     -6   -12       3.3341687216E-004
#     -6   -11       8.1263255940E-006
#     -6   -10       2.9605260183E-004
#     -6    -9       4.7057753275E-004
#     -6    -8       1.3995728110E-003
#     -6    -7       9.7521715013E-005
#     -6    -6       6.4516014640E-004
#     -6    -5       3.7749205911E-004
#     -6    -4       1.1819474914E-004
#     -6    -3       7.6011683951E-004
#     -6    -2       3.9044100637E-004
#     -6    -1       6.7490912755E-005
#     -6     0       1.1657400765E-003
#     -6     1       3.2939310088E-005
#     -6     2       3.5048546037E-004
#     -6     3       1.4934493615E-004
#     -6     4       6.2301630926E-005
#     -6     5       9.1711042990E-005
#     -6     6       9.0386375221E-005
#     -6     7       7.7170422508E-004
#     -6     8       6.3807359620E-004
#     -6     9       2.1595528660E-004
#     -6    10       2.5498110232E-005
#     -6    11       1.7449636388E-004
#     -6    12       2.4868971331E-004
#     -6    13       7.4889915652E-006
#     -6    14       3.4101938353E-004
#     -6    15       5.0490543342E-005
#     -6    16       2.0750146808E-004
#     -6    17       5.7560125372E-004
#     -6    18       2.0025690828E-004
#     -6    19       5.9414685305E-005
#     -6    20       5.1367076382E-004
#     -6    21       3.5653002494E-004
#     -6    22       1.7931174271E-004
#     -6    23       1.9987639911E-004
#     -6    24       5.5809520703E-005
#     -6    25       2.5942042355E-005
#     -6    26       8.0637177482E-005
#     -5   -21       1.3824968257E-004
#     -5   -20       7.6373752990E-005
#     -5   -19       7.2464191453E-006
#     -5   -18       1.7318699357E-004
#     -5   -17       4.1276386636E-004
#     -5   -16       6.9243575838E-005
#     -5   -15       2.2385627427E-003
#     -5   -14       7.6485396494E-005
#     -5   -13       1.9951971172E-004
#     -5   -12       5.7751680859E-005
#     -5   -11       2.4710780212E-005
#     -5   -10       6.3718475339E-003
#     -5    -9       2.1368037243E-004
#     -5    -8       3.3177422219E-004
#     -5    -7       4.0610192210E-005
#     -5    -6       1.0605425889E-006
#     -5    -5       1.5285002225E-003
#     -5    -4       5.7874454459E-005
#     -5    -3       1.9490396847E-004
#     -5    -2       1.0838493818E-003
#     -5    -1       1.4288384639E-004
#     -5     0       1.2958936069E-002
#     -5     1       5.0141882536E-005
#     -5     2       2.7939235348E-004
#     -5     3       1.0568186020E-004
#     -5     4       2.4984351187E-004
#     -5     5       1.0667417551E-003
#     -5     6       2.7991022600E-004
#     -5     7       1.5986668511E-004
#     -5     8       2.5440205424E-004
#     -5     9       2.5076209833E-004
#     -5    10       5.3660299838E-003
#     -5    11       5.7042594008E-004
#     -5    12       6.0272052056E-004
#     -5    13       2.6184637510E-004
#     -5    14       3.4952149148E-004
#     -5    15       1.1119438897E-002
#     -5    16       1.3071459567E-004
#     -5    17       4.4344891373E-004
#     -5    18       6.1668285290E-004
#     -5    19       5.8901073674E-004
#     -5    20       8.1647461088E-003
#     -5    21       6.7198032942E-005
#     -5    22       1.7157040837E-005
#     -5    23       5.8569355837E-005
#     -5    24       2.5067520399E-005
#     -5    25       8.2125970334E-004
#     -5    26       2.7498320821E-005
#     -4   -22       4.9787499042E-004
#     -4   -21       4.2937556491E-004
#     -4   -20       2.5426604766E-004
#     -4   -19       7.2390265143E-006
#     -4   -18       8.7038993979E-004
#     -4   -17       6.7647899482E-004
#     -4   -16       7.3222302616E-005
#     -4   -15       1.4223712307E-004
#     -4   -14       5.1643881480E-004
#     -4   -13       1.0332675352E-004
#     -4   -12       3.1115549001E-004
#     -4   -11       3.7671498442E-005
#     -4   -10       1.5283974651E-004
#     -4    -9       8.4721983734E-005
#     -4    -8       2.4006956200E-004
#     -4    -7       9.8547238221E-004
#     -4    -6       8.2462785044E-004
#     -4    -5       5.2139811206E-004
#     -4    -4       1.6913910992E-004
#     -4    -3       5.2100271046E-004
#     -4    -2       5.1143434637E-004
#     -4    -1       1.7162497444E-004
#     -4     0       1.3127570446E-004
#     -4     1       2.1749873729E-004
#     -4     2       3.5063009503E-004
#     -4     3       1.7628048692E-003
#     -4     4       4.4482255090E-004
#     -4     5       5.0046691199E-005
#     -4     6       2.9479117836E-004
#     -4     7       1.2914850764E-004
#     -4     8       3.2720166840E-004
#     -4     9       4.6077769246E-004
#     -4    10       2.2922476350E-004
#     -4    11       5.5594351740E-004
#     -4    12       4.6468952778E-004
#     -4    13       6.3128826123E-004
#     -4    14       6.2201032646E-005
#     -4    15       1.5955671267E-004
#     -4    16       4.2821916308E-004
#     -4    17       3.0275512894E-004
#     -4    18       8.6305480504E-005
#     -4    19       1.9203823262E-004
#     -4    20       1.8882907999E-004
#     -4    21       2.1241742923E-004
#     -4    22       1.7566226227E-005
#     -4    23       1.4504957023E-004
#     -4    24       4.8057107049E-005
#     -4    25       1.2391058992E-004
#     -4    26       8.7149696250E-005
#     -3   -22       7.9629038135E-006
#     -3   -21       7.3980378345E-005
#     -3   -20       8.6367740978E-005
#     -3   -19       1.1994692794E-004
#     -3   -18       5.9668694167E-004
#     -3   -17       1.1807483357E-004
#     -3   -16       1.0314924881E-004
#     -3   -15       1.7450516198E-004
#     -3   -14       1.3061149155E-003
#     -3   -13       8.2939689319E-005
#     -3   -12       1.9156319953E-004
#     -3   -11       1.7434480391E-004
#     -3   -10       1.2226559492E-003
#     -3    -9       1.5338026047E-003
#     -3    -8       4.6954317438E-005
#     -3    -7       2.8788774289E-004
#     -3    -6       3.0913028196E-004
#     -3    -5       1.1226970165E-003
#     -3    -4       3.1567192750E-005
#     -3    -3       1.5635578831E-004
#     -3    -2       2.8516053799E-004
#     -3    -1       9.0963895486E-004
#     -3     0       9.5477454366E-005
#     -3     1       1.7711334139E-003
#     -3     2       2.4477545159E-006
#     -3     3       4.7982146218E-004
#     -3     4       1.1707097955E-004
#     -3     5       2.7122374188E-004
#     -3     6       3.6872071955E-004
#     -3     7       3.7788764037E-004
#     -3     8       4.4296697561E-004
#     -3     9       1.0202283796E-003
#     -3    10       1.5499293166E-004
#     -3    11       4.2490457837E-004
#     -3    12       3.4305838890E-004
#     -3    13       7.2793558807E-005
#     -3    14       2.8566684305E-005
#     -3    15       1.1349327055E-004
#     -3    16       1.3514486440E-003
#     -3    17       3.4266815104E-004
#     -3    18       1.7482863497E-004
#     -3    19       3.1632043126E-004
#     -3    20       4.7733788630E-004
#     -3    21       9.1805062044E-005
#     -3    22       4.1329208762E-005
#     -3    23       2.4819980010E-004
#     -3    24       4.4228481647E-004
#     -3    25       5.3561097812E-005
#     -2   -23       7.1503042038E-004
#     -2   -22       1.9602509099E-004
#     -2   -21       3.5698903088E-004
#     -2   -20       4.5661832756E-004
#     -2   -19       2.4191924946E-004
#     -2   -18       2.6414806046E-004
#     -2   -17       3.6510970130E-004
#     -2   -16       1.6086309907E-003
#     -2   -15       4.8625947078E-004
#     -2   -14       1.2921920090E-004
#     -2   -13       1.4211520089E-003
#     -2   -12       1.5550287708E-005
#     -2   -11       5.7366142622E-004
#     -2   -10       7.4568949693E-004
#     -2    -9       8.5353543622E-004
#     -2    -8       5.2903786311E-005
#     -2    -7       1.0927729114E-003
#     -2    -6       2.4612435432E-004
#     -2    -5       9.3402513612E-004
#     -2    -4       1.1290942689E-003
#     -2    -3       3.5177143124E-005
#     -2    -2       9.5334306222E-004
#     -2    -1       1.0094298120E-003
#     -2     0       8.4060431350E-004
#     -2     1       5.3939791646E-005
#     -2     2       2.4852293558E-005
#     -2     3       7.8813498475E-004
#     -2     4       7.3808503169E-004
#     -2     5       1.0046912161E-003
#     -2     6       3.2433541723E-004
#     -2     7       1.6669369902E-004
#     -2     8       7.6094379296E-005
#     -2     9       1.8535755417E-004
#     -2    10       2.2571761809E-004
#     -2    11       8.2437547420E-004
#     -2    12       7.6532348932E-005
#     -2    13       3.9743637489E-004
#     -2    14       2.6860631551E-004
#     -2    15       9.5712949346E-004
#     -2    16       1.1836948826E-004
#     -2    17       4.2665189611E-004
#     -2    18       5.9918281251E-004
#     -2    19       9.7186564199E-004
#     -2    20       1.2350524478E-004
#     -2    21       1.1963530793E-004
#     -2    22       3.1840589730E-004
#     -2    23       2.2933936802E-004
#     -2    24       9.9976904425E-005
#     -2    25       3.8517960891E-006
#     -1   -23       4.4591322455E-004
#     -1   -22       1.3135340738E-004
#     -1   -21       1.9205804291E-004
#     -1   -20       2.5953280761E-004
#     -1   -19       6.4378658049E-004
#     -1   -18       3.4281945810E-004
#     -1   -17       5.8550300437E-004
#     -1   -16       1.5567459228E-004
#     -1   -15       3.9507640962E-004
#     -1   -14       1.6742042429E-004
#     -1   -13       6.5095584839E-004
#     -1   -12       1.0325907518E-004
#     -1   -11       1.8685796058E-003
#     -1   -10       2.3675983970E-004
#     -1    -9       7.0528782006E-004
#     -1    -8       4.9812241326E-004
#     -1    -7       4.4339552465E-004
#     -1    -6       3.3988479217E-004
#     -1    -5       6.9039067386E-004
#     -1    -4       1.5534693002E-004
#     -1    -3       1.9960236833E-004
#     -1    -2       2.0233922431E-003
#     -1    -1       1.5047710363E-004
#     -1     0       2.1631492845E-004
#     -1     1       3.6863443800E-004
#     -1     2       1.5131677262E-003
#     -1     3       2.7017564957E-004
#     -1     4       1.6475198261E-004
#     -1     5       4.7804636007E-005
#     -1     6       3.3212154562E-005
#     -1     7       7.3938895107E-005
#     -1     8       2.5923040024E-004
#     -1     9       7.4651852865E-004
#     -1    10       5.0982042733E-006
#     -1    11       1.5400856108E-004
#     -1    12       8.9995364051E-004
#     -1    13       1.9663317302E-004
#     -1    14       1.8882356015E-004
#     -1    15       6.2754648468E-005
#     -1    16       1.0862728983E-003
#     -1    17       5.3101501098E-004
#     -1    18       1.0222444294E-003
#     -1    19       9.8591664535E-005
#     -1    20       1.9457610493E-005
#     -1    21       4.4367222653E-005
#     -1    22       4.5672429951E-004
#     -1    23       5.8149452016E-005
#     -1    24       1.7622645082E-005
#      0   -24       1.0477008853E-004
#      0   -23       1.8670568608E-004
#      0   -22       2.0197701945E-004
#      0   -21       1.4988400790E-003
#      0   -20       9.9753784729E-004
#      0   -19       2.2621954029E-004
#      0   -18       4.0667714063E-004
#      0   -17       1.5368270369E-004
#      0   -16       4.8250344403E-004
#      0   -15       9.4594745565E-003
#      0   -14       4.4439067385E-004
#      0   -13       6.6832939952E-004
#      0   -12       4.8730739897E-004
#      0   -11       8.4596646941E-004
#      0   -10       1.0123075112E-002
#      0    -9       1.8694143318E-004
#      0    -8       2.9623167820E-004
#      0    -7       1.2337926783E-003
#      0    -6       4.0253354104E-005
#      0    -5       9.7221847899E-004
#      0    -4       2.8014439877E-005
#      0    -3       1.8823692901E-004
#      0    -2       3.4008615547E-004
#      0    -1       5.5599052297E-004
#      0     0       8.5157916196E-003
#      0     1       2.2849348490E-003
#      0     2       1.0722566411E-003
#      0     3       1.5772245002E-003
#      0     4       1.6734561970E-003
#      0     5       1.4044855238E-002
#      0     6       3.9037423256E-004
#      0     7       7.8983624547E-005
#      0     8       1.0613752607E-003
#      0     9       4.8056695939E-005
#      0    10       7.6858019926E-003
#      0    11       4.2591049443E-004
#      0    12       9.6645341883E-004
#      0    13       2.5415949665E-003
#      0    14       1.1195785917E-003
#      0    15       1.7765298229E-002
#      0    16       4.1079235763E-004
#      0    17       1.6351363028E-004
#      0    18       1.7482122869E-004
#      0    19       7.9947525198E-005
#      0    20       4.9977210882E-003
#      0    21       3.0625394204E-006
#      0    22       6.2621118344E-005
#      0    23       4.6768141211E-005
#      0    24       4.8810516844E-005
#      1   -24       1.6749425878E-005
#      1   -23       5.8406335180E-004
#      1   -22       2.1678906886E-004
#      1   -21       3.0239195693E-005
#      1   -20       4.6125833586E-004
#      1   -19       1.0767028405E-004
#      1   -18       2.2737017133E-005
#      1   -17       3.9043976877E-004
#      1   -16       1.3715752063E-004
#      1   -15       4.5967822878E-004
#      1   -14       5.9312469635E-004
#      1   -13       3.0289687014E-004
#      1   -12       3.3225062199E-004
#      1   -11       3.0783140695E-004
#      1   -10       8.1920224975E-004
#      1    -9       1.0569505856E-003
#      1    -8       9.3519520676E-004
#      1    -7       9.0377912245E-004
#      1    -6       5.1722892401E-004
#      1    -5       1.0001080353E-003
#      1    -4       4.0464569667E-005
#      1    -3       1.3236731196E-004
#      1    -2       2.1552374238E-004
#      1    -1       4.0203072390E-004
#      1     0       5.0610668938E-004
#      1     1       1.4229673995E-003
#      1     2       1.0395837191E-003
#      1     3       6.6641402005E-005
#      1     4       1.5023392941E-004
#      1     5       1.4802311508E-003
#      1     6       1.0275011287E-003
#      1     7       6.5991689824E-004
#      1     8       6.0437512832E-004
#      1     9       2.2315058381E-004
#      1    10       9.6207617274E-004
#      1    11       3.5397533832E-004
#      1    12       1.2420724607E-004
#      1    13       4.0731423538E-005
#      1    14       1.8853420817E-003
#      1    15       4.9459109992E-004
#      1    16       3.1606634822E-004
#      1    17       1.5037395165E-004
#      1    18       3.2209168892E-004
#      1    19       2.6495990863E-004
#      1    20       3.8171152757E-005
#      1    21       8.6823280875E-005
#      1    22       3.3254181286E-005
#      1    23       1.8195466103E-004
#      2   -25       1.0517654568E-004
#      2   -24       8.7270741273E-005
#      2   -23       1.4957168692E-004
#      2   -22       1.4320603079E-004
#      2   -21       4.6268424072E-005
#      2   -20       1.3403250114E-004
#      2   -19       6.0665635589E-004
#      2   -18       8.0695790805E-004
#      2   -17       4.0670755588E-004
#      2   -16       6.7925179249E-005
#      2   -15       3.1029461453E-004
#      2   -14       4.7604354319E-005
#      2   -13       7.4780582602E-005
#      2   -12       2.2701536726E-004
#      2   -11       8.5604092511E-004
#      2   -10       1.1222639266E-003
#      2    -9       4.0465571648E-005
#      2    -8       3.4489669527E-004
#      2    -7       1.5064221143E-003
#      2    -6       3.3499665071E-004
#      2    -5       2.0804062496E-004
#      2    -4       6.0885444763E-004
#      2    -3       5.1222602104E-004
#      2    -2       3.8454908885E-004
#      2    -1       1.5108413117E-004
#      2     0       8.3939237812E-004
#      2     1       1.9108792898E-004
#      2     2       4.8653451521E-004
#      2     3       7.7566827113E-004
#      2     4       1.0605249792E-003
#      2     5       4.4304949287E-004
#      2     6       2.9040733226E-004
#      2     7       1.8113257330E-004
#      2     8       2.7575062183E-004
#      2     9       6.4295550561E-004
#      2    10       1.3654131728E-003
#      2    11       9.8179012339E-004
#      2    12       5.6623593706E-004
#      2    13       2.6487787471E-004
#      2    14       2.4018097199E-006
#      2    15       1.9305977251E-004
#      2    16       2.2196340149E-006
#      2    17       1.0260535606E-004
#      2    18       1.5726750886E-004
#      2    19       1.2644546771E-004
#      2    20       2.1173328670E-005
#      2    21       2.2003017050E-004
#      2    22       7.7764734695E-008
#      2    23       1.7670500335E-005
#      3   -25       5.7460313137E-005
#      3   -24       3.8118887512E-004
#      3   -23       2.1180956155E-004
#      3   -22       9.3090347248E-005
#      3   -21       1.6984561663E-003
#      3   -20       2.4583893482E-005
#      3   -19       1.2643187889E-004
#      3   -18       8.0449038475E-004
#      3   -17       6.3450229795E-004
#      3   -16       3.6575808349E-004
#      3   -15       1.2145239065E-004
#      3   -14       1.4911418161E-004
#      3   -13       4.2880656573E-005
#      3   -12       7.3460746320E-004
#      3   -11       3.0552422262E-004
#      3   -10       1.1678487901E-003
#      3    -9       2.1676328187E-004
#      3    -8       4.4593275976E-004
#      3    -7       5.1512073570E-004
#      3    -6       1.6881416862E-004
#      3    -5       2.5625969626E-005
#      3    -4       9.1108743472E-004
#      3    -3       1.8335889856E-003
#      3    -2       1.1221151866E-004
#      3    -1       9.8650327010E-005
#      3     0       6.9327615806E-004
#      3     1       6.9887509945E-004
#      3     2       8.7760301518E-005
#      3     3       2.7077466030E-004
#      3     4       6.7473058367E-004
#      3     5       1.3711795680E-004
#      3     6       2.5569468153E-004
#      3     7       3.6263024922E-004
#      3     8       3.1784443233E-004
#      3     9       5.5698900783E-004
#      3    10       4.2306327352E-005
#      3    11       1.0272472406E-003
#      3    12       5.4083102857E-004
#      3    13       1.0067796658E-004
#      3    14       1.0347950629E-004
#      3    15       2.4257262336E-004
#      3    16       4.2140091248E-005
#      3    17       2.1303839741E-004
#      3    18       1.9202841008E-004
#      3    19       1.6511365460E-004
#      3    20       1.6049779964E-005
#      3    21       5.9877630188E-005
#      3    22       1.4664863175E-004
#      4   -26       2.1072757213E-004
#      4   -25       6.6385286003E-004
#      4   -24       3.6585954961E-004
#      4   -23       9.3417753397E-004
#      4   -22       4.6200496701E-004
#      4   -21       1.7753721129E-003
#      4   -20       1.0555562321E-003
#      4   -19       2.3837863630E-004
#      4   -18       1.4170609268E-004
#      4   -17       2.1066035628E-004
#      4   -16       6.0209221382E-005
#      4   -15       1.2597525642E-004
#      4   -14       3.7766270864E-004
#      4   -13       3.9167530038E-004
#      4   -12       1.0334223933E-004
#      4   -11       1.3706727200E-004
#      4   -10       2.0273600808E-004
#      4    -9       2.7667517668E-004
#      4    -8       1.5781233405E-004
#      4    -7       1.0943181859E-003
#      4    -6       8.5848295839E-004
#      4    -5       1.6857525131E-003
#      4    -4       2.3670651796E-004
#      4    -3       2.0876521735E-003
#      4    -2       2.0380360500E-005
#      4    -1       2.4322478499E-004
#      4     0       3.7227355567E-004
#      4     1       1.4680512977E-004
#      4     2       4.8443552406E-004
#      4     3       1.6164673410E-003
#      4     4       1.8933427208E-003
#      4     5       3.8498398468E-004
#      4     6       1.8151778824E-005
#      4     7       1.4618148597E-004
#      4     8       1.5387305329E-004
#      4     9       6.2173968657E-005
#      4    10       7.6766499240E-005
#      4    11       1.0093581038E-005
#      4    12       1.8101906471E-004
#      4    13       5.8046477592E-004
#      4    14       2.8797701816E-004
#      4    15       5.4829385698E-004
#      4    16       1.8423091462E-005
#      4    17       1.7392945146E-006
#      4    18       6.9427460318E-005
#      4    19       1.3595137919E-004
#      4    20       6.1878744837E-005
#      4    21       5.4972463783E-006
#      4    22       4.1533447331E-006
#      5   -26       1.1385985960E-004
#      5   -25       3.1781708916E-004
#      5   -24       4.3525037327E-004
#      5   -23       3.5721585971E-005
#      5   -22       5.0810832411E-006
#      5   -21       4.7402160907E-004
#      5   -20       1.4296526796E-003
#      5   -19       9.6250619969E-004
#      5   -18       5.5191587833E-004
#      5   -17       1.5609048823E-004
#      5   -16       2.5159054468E-004
#      5   -15       3.5692106375E-003
#      5   -14       1.0321631951E-003
#      5   -13       1.0719308825E-003
#      5   -12       3.8913684234E-005
#      5   -11       4.7045786909E-005
#      5   -10       1.5891175889E-003
#      5    -9       6.1258001893E-006
#      5    -8       4.1610762877E-005
#      5    -7       1.0916215127E-004
#      5    -6       4.2676273922E-004
#      5    -5       8.8361681994E-003
#      5    -4       1.1631763675E-003
#      5    -3       3.7468879204E-004
#      5    -2       1.3114970524E-004
#      5    -1       5.9603932949E-004
#      5     0       1.3052184036E-003
#      5     1       1.1875438487E-003
#      5     2       1.2491821717E-004
#      5     3       4.7403965668E-004
#      5     4       1.4063006118E-004
#      5     5       1.7579993596E-003
#      5     6       7.7205686525E-006
#      5     7       2.7854942097E-005
#      5     8       1.3046957486E-005
#      5     9       1.8949285009E-004
#      5    10       1.0023814121E-002
#      5    11       1.1361784652E-004
#      5    12       2.0966097034E-004
#      5    13       1.6344152852E-005
#      5    14       6.0168279908E-004
#      5    15       4.3521890963E-003
#      5    16       5.0788874861E-004
#      5    17       6.0253386865E-005
#      5    18       2.3626850937E-004
#      5    19       1.5333880465E-004
#      5    20       3.9217017577E-004
#      5    21       1.5441896067E-005
#      6   -26       1.3996719396E-005
#      6   -25       1.3810162865E-004
#      6   -24       2.9274323111E-005
#      6   -23       4.6725297361E-004
#      6   -22       1.4532244975E-004
#      6   -21       5.4965646153E-004
#      6   -20       1.1044129083E-004
#      6   -19       1.0324494711E-003
#      6   -18       5.9987893429E-004
#      6   -17       7.0845184139E-005
#      6   -16       5.7863198342E-004
#      6   -15       7.7877737644E-004
#      6   -14       4.9768378931E-005
#      6   -13       1.8496575240E-004
#      6   -12       1.1080503757E-004
#      6   -11       6.3557843793E-004
#      6   -10       2.0523720082E-004
#      6    -9       5.6032371704E-004
#      6    -8       4.8592212884E-006
#      6    -7       8.9005978758E-005
#      6    -6       6.0710370611E-005
#      6    -5       1.1004686430E-003
#      6    -4       2.1563372097E-003
#      6    -3       1.1379684607E-003
#      6    -2       4.0838664455E-004
#      6    -1       1.8472787331E-003
#      6     0       8.5051908802E-005
#      6     1       3.4759391414E-004
#      6     2       6.8087911846E-005
#      6     3       2.1048786604E-004
#      6     4       4.5122368196E-004
#      6     5       7.7036321255E-005
#      6     6       1.6529538593E-004
#      6     7       1.1399169208E-004
#      6     8       2.2215087079E-004
#      6     9       2.7261195386E-005
#      6    10       4.4722309295E-004
#      6    11       3.9767279619E-004
#      6    12       1.4309783472E-004
#      6    13       9.3587112909E-004
#      6    14       2.5004073665E-004
#      6    15       1.6429362258E-004
#      6    16       8.3146337373E-005
#      6    17       7.7498806429E-005
#      6    18       2.6283834995E-004
#      6    19       5.5907121293E-005
#      6    20       2.3974020419E-005
#      7   -27       6.5168197756E-005
#      7   -26       1.9334371433E-004
#      7   -25       4.2731334427E-004
#      7   -24       1.8398027398E-004
#      7   -23       1.8885660607E-004
#      7   -22       1.4419430018E-003
#      7   -21       7.6448823918E-004
#      7   -20       1.3553143564E-004
#      7   -19       4.4941908868E-005
#      7   -18       5.4616527343E-004
#      7   -17       2.8275851113E-005
#      7   -16       1.9322440098E-004
#      7   -15       3.8617578388E-004
#      7   -14       1.9947308823E-004
#      7   -13       1.0129130042E-003
#      7   -12       5.2150685208E-005
#      7   -11       1.1692016069E-004
#      7   -10       1.9636931233E-004
#      7    -9       9.5892116120E-005
#      7    -8       3.2741875512E-006
#      7    -7       1.8766194767E-004
#      7    -6       8.9126583631E-004
#      7    -5       1.2529343076E-004
#      7    -4       2.2405518558E-004
#      7    -3       5.3350522863E-005
#      7    -2       8.1480963544E-005
#      7    -1       2.9575504513E-004
#      7     0       6.3888313687E-004
#      7     1       2.1932396385E-004
#      7     2       5.2843382091E-004
#      7     3       1.4213396002E-004
#      7     4       5.9776801572E-004
#      7     5       1.3580464441E-004
#      7     6       2.7835369724E-004
#      7     7       1.5690094883E-004
#      7     8       3.6890754439E-005
#      7     9       1.7648421372E-004
#      7    10       1.0051959816E-003
#      7    11       7.0401722978E-004
#      7    12       3.1083321903E-004
#      7    13       4.9566833824E-004
#      7    14       1.3442807723E-004
#      7    15       1.9398494995E-004
#      7    16       1.4568403983E-004
#      7    17       1.4581319631E-005
#      7    18       7.2003072113E-005
#      7    19       4.1083978870E-005
#      7    20       2.5467765830E-005
#      8   -27       9.3159821844E-005
#      8   -26       1.0008675885E-004
#      8   -25       1.1720982905E-004
#      8   -24       6.0354054565E-004
#      8   -23       1.5110443881E-004
#      8   -22       8.1817252658E-005
#      8   -21       5.2134237134E-005
#      8   -20       7.9546168513E-005
#      8   -19       7.6348767936E-005
#      8   -18       8.1423968626E-004
#      8   -17       2.7488442310E-004
#      8   -16       1.9254748029E-005
#      8   -15       6.0568499344E-004
#      8   -14       6.3046505710E-004
#      8   -13       4.8250619524E-004
#      8   -12       8.6529304838E-004
#      8   -11       1.3535350027E-004
#      8   -10       2.3623924618E-004
#      8    -9       1.5967099860E-004
#      8    -8       4.1596174537E-004
#      8    -7       3.6006238682E-004
#      8    -6       2.6703221151E-004
#      8    -5       5.5115249184E-006
#      8    -4       5.9762263010E-005
#      8    -3       2.6375732604E-004
#      8    -2       3.7713600286E-004
#      8    -1       6.6386727998E-004
#      8     0       4.2082771158E-006
#      8     1       4.1004808824E-005
#      8     2       4.8212483106E-004
#      8     3       3.3253499523E-004
#      8     4       1.0885873145E-003
#      8     5       2.6225914264E-004
#      8     6       1.6531217425E-004
#      8     7       1.8484634663E-005
#      8     8       1.5197105825E-004
#      8     9       5.1419486666E-004
#      8    10       6.5440166708E-005
#      8    11       5.2121760861E-004
#      8    12       9.3960345722E-005
#      8    13       2.7809542027E-004
#      8    14       2.1374673692E-004
#      8    15       1.0346813246E-004
#      8    16       2.7143525669E-005
#      8    17       1.3203865608E-005
#      8    18       6.2446028363E-005
#      8    19       6.3616618517E-005
#      9   -27       1.2037124022E-004
#      9   -26       2.3150403976E-004
#      9   -25       3.3735984927E-004
#      9   -24       4.6014898655E-005
#      9   -23       1.0229294111E-004
#      9   -22       1.8829137098E-004
#      9   -21       9.0689844376E-006
#      9   -20       6.0868083142E-005
#      9   -19       5.6475383863E-005
#      9   -18       4.4681613636E-004
#      9   -17       8.6896417789E-005
#      9   -16       7.4882083250E-004
#      9   -15       2.1770776188E-003
#      9   -14       7.7254070721E-004
#      9   -13       2.8766849451E-004
#      9   -12       2.4619136715E-004
#      9   -11       1.3794611885E-003
#      9   -10       1.8023460673E-005
#      9    -9       6.4265548238E-004
#      9    -8       3.4681026010E-004
#      9    -7       1.7713012842E-004
#      9    -6       6.1705748992E-004
#      9    -5       5.2666147821E-005
#      9    -4       1.4919138137E-004
#      9    -3       1.2386294306E-003
#      9    -2       1.0118874893E-004
#      9    -1       3.1050016910E-004
#      9     0       1.2088437531E-003
#      9     1       7.6878456684E-005
#      9     2       8.2414146106E-004
#      9     3       1.7655194368E-004
#      9     4       1.2679272498E-004
#      9     5       3.1112387465E-004
#      9     6       2.2240729462E-004
#      9     7       1.3552795723E-003
#      9     8       7.8576435767E-004
#      9     9       7.9504934660E-005
#      9    10       4.2844707029E-004
#      9    11       1.6323092600E-004
#      9    12       5.5811988129E-004
#      9    13       9.7731719056E-005
#      9    14       1.0008467819E-005
#      9    15       7.4195246335E-005
#      9    16       2.1819684979E-005
#      9    17       1.0313093534E-004
#      9    18       1.9507873238E-005
#     10   -27       3.4688963477E-006
#     10   -26       2.8257325450E-004
#     10   -25       5.1788807459E-004
#     10   -24       2.5191790214E-005
#     10   -23       3.8114661655E-004
#     10   -22       3.6443396365E-005
#     10   -21       4.4319634075E-005
#     10   -20       3.4772440730E-003
#     10   -19       7.2283687466E-004
#     10   -18       4.4037609317E-004
#     10   -17       9.5551051021E-005
#     10   -16       1.4636228759E-004
#     10   -15       4.6060692683E-003
#     10   -14       1.8451644549E-004
#     10   -13       8.1877255030E-004
#     10   -12       2.9268197550E-004
#     10   -11       6.4518885365E-005
#     10   -10       6.4548610668E-003
#     10    -9       3.7645160095E-004
#     10    -8       2.5945374975E-004
#     10    -7       5.1942903399E-005
#     10    -6       5.2975548564E-005
#     10    -5       2.3774064725E-003
#     10    -4       3.6152703147E-004
#     10    -3       3.8971409927E-004
#     10    -2       2.2438130133E-003
#     10    -1       3.6014092476E-004
#     10     0       1.7783928561E-002
#     10     1       1.0281715058E-003
#     10     2       2.7164183261E-004
#     10     3       3.7628513925E-004
#     10     4       7.8126440710E-005
#     10     5       4.4538260452E-003
#     10     6       1.4110199027E-004
#     10     7       1.4747623395E-004
#     10     8       2.8041045889E-004
#     10     9       1.5503974354E-004
#     10    10       2.2573391757E-003
#     10    11       2.2361436194E-005
#     10    12       9.4496601998E-005
#     10    13       1.8303388529E-005
#     10    14       1.1825064697E-004
#     10    15       5.7187539513E-004
#     10    16       2.4949646942E-005
#     10    17       5.0662253078E-005
#     11   -27       3.0679552029E-005
#     11   -26       1.0858034121E-004
#     11   -25       1.2956785429E-005
#     11   -24       1.7216486613E-005
#     11   -23       3.2033606663E-005
#     11   -22       7.3854580411E-006
#     11   -21       2.9121322973E-004
#     11   -20       3.5149410970E-004
#     11   -19       1.1300045740E-003
#     11   -18       1.2300659010E-003
#     11   -17       7.4673770498E-005
#     11   -16       1.0407348165E-003
#     11   -15       5.4478556905E-004
#     11   -14       6.9489199001E-004
#     11   -13       1.6976075069E-005
#     11   -12       1.1710606299E-003
#     11   -11       4.2897054752E-004
#     11   -10       5.8327657972E-004
#     11    -9       3.6422456512E-004
#     11    -8       6.8242735811E-004
#     11    -7       1.3484555176E-005
#     11    -6       5.6874057371E-004
#     11    -5       1.1424961884E-003
#     11    -4       5.9080487942E-004
#     11    -3       1.3451033373E-004
#     11    -2       8.8688355916E-004
#     11    -1       2.5407169334E-004
#     11     0       1.5675147667E-004
#     11     1       1.9820756012E-005
#     11     2       7.9009116731E-005
#     11     3       1.0618905021E-003
#     11     4       5.3130504716E-004
#     11     5       3.1903973431E-004
#     11     6       2.5993214099E-004
#     11     7       1.5712118957E-004
#     11     8       8.9147466508E-005
#     11     9       1.6885047590E-004
#     11    10       7.4945404236E-004
#     11    11       2.3886419840E-004
#     11    12       2.2321380545E-004
#     11    13       2.2247632760E-004
#     11    14       2.0671933163E-005
#     11    15       4.6368146040E-006
#     11    16       6.7780134649E-006
#     12   -27       6.1448200963E-005
#     12   -26       2.0773218590E-004
#     12   -25       1.4032073300E-005
#     12   -24       1.8744963004E-004
#     12   -23       4.0334172018E-004
#     12   -22       3.1646725105E-004
#     12   -21       2.7878556207E-005
#     12   -20       5.2177981653E-005
#     12   -19       8.2371471171E-004
#     12   -18       6.7154080445E-005
#     12   -17       2.1395645372E-004
#     12   -16       2.3396096012E-003
#     12   -15       4.6509008162E-005
#     12   -14       5.6479499522E-005
#     12   -13       2.1669489978E-004
#     12   -12       2.7334339777E-005
#     12   -11       1.2840355646E-004
#     12   -10       1.3971651375E-003
#     12    -9       4.7364561139E-004
#     12    -8       2.4156295197E-004
#     12    -7       1.7640536551E-004
#     12    -6       3.1175964484E-004
#     12    -5       1.1775513278E-005
#     12    -4       4.2811057199E-005
#     12    -3       9.5027231913E-004
#     12    -2       7.9500217795E-005
#     12    -1       5.2819445569E-004
#     12     0       9.6113699999E-004
#     12     1       4.6983080120E-004
#     12     2       2.8865953434E-004
#     12     3       1.1408460973E-004
#     12     4       2.4575230642E-004
#     12     5       7.7097061885E-004
#     12     6       4.7679072715E-004
#     12     7       2.7689575858E-004
#     12     8       5.5720209632E-005
#     12     9       2.2868328600E-004
#     12    10       3.5727622352E-005
#     12    11       2.2779516297E-005
#     12    12       2.9725726515E-005
#     12    13       1.7963972106E-005
#     12    14       3.5410497147E-005
#     12    15       7.2133838256E-006
#     13   -28       1.9557885316E-005
#     13   -27       3.6921235010E-005
#     13   -26       1.6335290034E-004
#     13   -25       2.6032946184E-005
#     13   -24       1.0037061651E-004
#     13   -23       2.0093224890E-004
#     13   -22       2.9170951162E-004
#     13   -21       1.6799680777E-004
#     13   -20       5.6521893944E-004
#     13   -19       1.7608351236E-005
#     13   -18       2.4199079418E-004
#     13   -17       1.7623361292E-004
#     13   -16       1.1622829237E-004
#     13   -15       8.0677611790E-004
#     13   -14       5.1867653604E-004
#     13   -13       3.5622103983E-004
#     13   -12       1.2217391424E-004
#     13   -11       3.3192322325E-004
#     13   -10       1.0872697553E-003
#     13    -9       5.1147614637E-004
#     13    -8       1.7166404092E-004
#     13    -7       4.0036788990E-005
#     13    -6       2.4012087711E-004
#     13    -5       4.8961827458E-005
#     13    -4       9.4037171245E-005
#     13    -3       7.1243779376E-004
#     13    -2       6.8449127193E-004
#     13    -1       4.7949827356E-004
#     13     0       2.9174602893E-004
#     13     1       3.5965701585E-004
#     13     2       4.2078898306E-004
#     13     3       4.2348188090E-004
#     13     4       7.1769130925E-004
#     13     5       1.4041317959E-003
#     13     6       2.3544616325E-005
#     13     7       3.8707007392E-004
#     13     8       7.0218164136E-005
#     13     9       5.7987281553E-006
#     13    10       1.3168810844E-004
#     13    11       3.9205425325E-005
#     13    12       2.6568172183E-006
#     13    13       2.5284192293E-005
#     13    14       4.7402528819E-006
#     13    15       6.6018642545E-005
#     14   -28       1.1589196153E-004
#     14   -27       7.9924700322E-005
#     14   -26       2.2811183540E-005
#     14   -25       1.4893111227E-004
#     14   -24       1.3872928901E-004
#     14   -23       2.4761499668E-004
#     14   -22       5.2016830907E-004
#     14   -21       2.3454238808E-004
#     14   -20       6.4833452689E-004
#     14   -19       8.5229131053E-004
#     14   -18       2.3785067609E-004
#     14   -17       2.3257101667E-004
#     14   -16       1.0572167581E-003
#     14   -15       5.2095431710E-004
#     14   -14       1.4706670277E-004
#     14   -13       4.1292141714E-004
#     14   -12       8.4201862203E-004
#     14   -11       3.7989441014E-004
#     14   -10       3.0505910381E-004
#     14    -9       1.4551644440E-004
#     14    -8       3.9125454817E-004
#     14    -7       1.6324628162E-004
#     14    -6       1.1973664451E-004
#     14    -5       4.6875002388E-004
#     14    -4       5.3244533504E-004
#     14    -3       2.4460229966E-004
#     14    -2       1.1570383234E-003
#     14    -1       9.9171510432E-004
#     14     0       5.3058827996E-004
#     14     1       2.0448370313E-004
#     14     2       2.1000958559E-004
#     14     3       1.7625958589E-004
#     14     4       5.2077674968E-004
#     14     5       1.3169016384E-004
#     14     6       2.9076316614E-005
#     14     7       7.5611349035E-004
#     14     8       5.2196736878E-004
#     14     9       4.5937396860E-006
#     14    10       2.4091852304E-004
#     14    11       4.6954502763E-005
#     14    12       1.0885039051E-004
#     14    13       5.5430135804E-005
#     14    14       5.4123572159E-005
#     15   -28       6.0647310385E-006
#     15   -27       2.9456617031E-005
#     15   -26       1.3373310165E-004
#     15   -25       4.9430693436E-004
#     15   -24       6.8345807378E-006
#     15   -23       4.6004459306E-005
#     15   -22       4.8392848645E-004
#     15   -21       3.4693552184E-004
#     15   -20       3.5872406656E-003
#     15   -19       6.0918022455E-004
#     15   -18       1.6282313018E-003
#     15   -17       2.6108311830E-004
#     15   -16       1.3805668560E-003
#     15   -15       1.1658823269E-002
#     15   -14       1.0292733409E-003
#     15   -13       7.4697373489E-004
#     15   -12       4.5185414968E-006
#     15   -11       4.4033985016E-004
#     15   -10       5.8174308849E-003
#     15    -9       2.4042398722E-005
#     15    -8       2.2055867355E-004
#     15    -7       3.6243896467E-004
#     15    -6       2.6984073931E-004
#     15    -5       3.3953120551E-003
#     15    -4       1.7193981472E-004
#     15    -3       1.9288201594E-004
#     15    -2       4.0121013911E-004
#     15    -1       1.9162786918E-004
#     15     0       1.0142126247E-002
#     15     1       2.5316414409E-004
#     15     2       2.2760694485E-004
#     15     3       6.7069443525E-004
#     15     4       7.5364648462E-004
#     15     5       1.4995878577E-003
#     15     6       6.7886771357E-005
#     15     7       4.5663007037E-005
#     15     8       6.0341087788E-005
#     15     9       2.8631802434E-004
#     15    10       1.0394584722E-005
#     15    11       2.9327145838E-006
#     15    12       1.7831216113E-005
#     15    13       1.3238510321E-005
#     16   -27       1.7510344901E-004
#     16   -26       3.6592001894E-006
#     16   -25       1.3643571102E-004
#     16   -24       2.0820127225E-004
#     16   -23       3.7060965480E-004
#     16   -22       1.0548339563E-004
#     16   -21       4.5412565698E-004
#     16   -20       1.0079671153E-004
#     16   -19       3.4307872256E-004
#     16   -18       2.8936358566E-004
#     16   -17       9.4779530661E-004
#     16   -16       1.0532041564E-004
#     16   -15       2.0516002132E-003
#     16   -14       1.8696661589E-004
#     16   -13       9.5794510520E-005
#     16   -12       1.0789560248E-003
#     16   -11       9.3891447048E-004
#     16   -10       5.4555763440E-005
#     16    -9       2.9826311442E-005
#     16    -8       7.5716471669E-004
#     16    -7       1.2986195463E-003
#     16    -6       5.3992394289E-004
#     16    -5       7.9025645123E-005
#     16    -4       4.5151549025E-004
#     16    -3       2.4807531267E-004
#     16    -2       5.0798734765E-004
#     16    -1       3.7468036690E-004
#     16     0       2.4447887197E-004
#     16     1       2.8776402505E-004
#     16     2       1.1271122190E-004
#     16     3       1.3112310519E-004
#     16     4       6.5285804821E-004
#     16     5       1.9880702070E-004
#     16     6       3.5526216889E-005
#     16     7       3.5229096058E-004
#     16     8       1.7983736215E-004
#     16     9       9.3691429394E-005
#     16    10       5.2799257062E-005
#     16    11       2.6627879734E-005
#     17   -27       1.0583483316E-004
#     17   -26       2.4670243355E-005
#     17   -25       7.5681115131E-005
#     17   -24       4.3873649555E-004
#     17   -23       7.1309081855E-005
#     17   -22       7.5294371099E-005
#     17   -21       1.8638095122E-004
#     17   -20       1.7003433897E-004
#     17   -19       1.7313284191E-004
#     17   -18       1.7674233727E-004
#     17   -17       4.1236969787E-004
#     17   -16       9.8686394894E-005
#     17   -15       1.6916096553E-004
#     17   -14       8.8108724563E-005
#     17   -13       2.7050315301E-004
#     17   -12       4.1667040860E-004
#     17   -11       1.1088803091E-003
#     17   -10       3.3383488502E-004
#     17    -9       1.6073885692E-004
#     17    -8       2.5120488854E-004
#     17    -7       5.4093798617E-004
#     17    -6       7.9806951522E-004
#     17    -5       7.8906001236E-004
#     17    -4       2.5311507183E-005
#     17    -3       4.3512118996E-004
#     17    -2       1.9856427790E-004
#     17    -1       1.0889315521E-005
#     17     0       1.2541568158E-003
#     17     1       6.0262327562E-005
#     17     2       5.9752721300E-004
#     17     3       2.7195722351E-005
#     17     4       7.0604779762E-005
#     17     5       2.9010122256E-004
#     17     6       7.7732165578E-005
#     17     7       2.1033956089E-004
#     17     8       4.1169336371E-005
#     17     9       2.9681616412E-005
#     17    10       1.2593091013E-004
#     18   -27       1.6795311609E-005
#     18   -26       1.9311136640E-004
#     18   -25       7.8715046797E-005
#     18   -24       1.3789466615E-004
#     18   -23       5.4383680455E-004
#     18   -22       1.1140202156E-004
#     18   -21       2.9691715914E-004
#     18   -20       4.0772843623E-004
#     18   -19       3.2319964959E-004
#     18   -18       4.4494026266E-004
#     18   -17       1.3839038276E-004
#     18   -16       5.8019627820E-004
#     18   -15       2.8319855980E-004
#     18   -14       6.2532698693E-005
#     18   -13       1.5187744206E-004
#     18   -12       2.9930581769E-004
#     18   -11       3.2357710895E-004
#     18   -10       4.7061364534E-004
#     18    -9       6.3512511415E-004
#     18    -8       7.1173256416E-004
#     18    -7       1.0160259796E-004
#     18    -6       1.4385848051E-003
#     18    -5       1.6904850391E-003
#     18    -4       7.1667671749E-004
#     18    -3       3.6281236911E-004
#     18    -2       2.8732808239E-004
#     18    -1       1.4969007150E-005
#     18     0       8.2200277751E-004
#     18     1       5.5695656292E-005
#     18     2       1.6066852670E-004
#     18     3       4.3274156541E-005
#     18     4       1.6990219850E-004
#     18     5       1.1490844467E-005
#     18     6       4.4764958659E-005
#     18     7       2.2672664403E-004
#     18     8       2.8463094687E-004
#     18     9       1.9079889278E-004
#     19   -27       1.4385923245E-004
#     19   -26       4.2636408017E-005
#     19   -25       3.2137349657E-005
#     19   -24       3.3000436325E-005
#     19   -23       7.9946460579E-004
#     19   -22       3.3721080270E-004
#     19   -21       4.2655924965E-004
#     19   -20       6.4417975222E-005
#     19   -19       2.4080319951E-004
#     19   -18       3.9950490422E-005
#     19   -17       3.7223911430E-005
#     19   -16       1.5520782618E-003
#     19   -15       4.5813413738E-004
#     19   -14       1.1409952824E-004
#     19   -13       2.0667407793E-004
#     19   -12       3.1870830874E-004
#     19   -11       1.5710022232E-004
#     19   -10       3.8493148056E-004
#     19    -9       1.1384442170E-005
#     19    -8       1.8487455693E-004
#     19    -7       7.4531481866E-004
#     19    -6       1.8293089278E-004
#     19    -5       1.2943246992E-003
#     19    -4       1.0612069387E-004
#     19    -3       7.4582283523E-004
#     19    -2       1.1005888150E-006
#     19    -1       6.6079045522E-004
#     19     0       2.3329203202E-004
#     19     1       5.6578497137E-004
#     19     2       4.1771298702E-004
#     19     3       7.2482447953E-005
#     19     4       5.7325311037E-004
#     19     5       3.2715538591E-005
#     19     6       9.5324773139E-005
#     19     7       1.6527480571E-004
#     19     8       3.4851872948E-006
#     20   -27       1.5062686205E-004
#     20   -26       3.1362702996E-005
#     20   -25       1.1556364438E-004
#     20   -24       9.3705590915E-005
#     20   -23       2.2260526652E-005
#     20   -22       1.0809489786E-004
#     20   -21       6.0704247618E-004
#     20   -20       1.8996038678E-003
#     20   -19       3.0002945598E-004
#     20   -18       9.7917887931E-004
#     20   -17       1.1085120231E-004
#     20   -16       2.7515773062E-004
#     20   -15       3.5680728721E-003
#     20   -14       1.8454277897E-004
#     20   -13       5.4848103755E-004
#     20   -12       5.9334416793E-005
#     20   -11       4.2958857832E-004
#     20   -10       1.1694559867E-003
#     20    -9       8.8176947775E-004
#     20    -8       1.0426512692E-005
#     20    -7       3.0590300664E-004
#     20    -6       5.8985998639E-004
#     20    -5       1.5523463523E-003
#     20    -4       1.6082692043E-004
#     20    -3       1.0405163531E-003
#     20    -2       5.4235358700E-004
#     20    -1       6.0495328427E-005
#     20     0       5.4844095445E-004
#     20     1       2.5553699481E-004
#     20     2       2.5324156714E-004
#     20     3       1.2219709730E-004
#     20     4       1.3371887772E-004
#     20     5       1.5409040328E-005
#     20     6       6.4525607419E-006
#     20     7       1.2786687589E-004
#     21   -26       1.4738393445E-004
#     21   -25       9.3676582040E-007
#     21   -24       9.5470706279E-005
#     21   -23       8.5303800558E-006
#     21   -22       2.4858290879E-004
#     21   -21       2.8206292781E-004
#     21   -20       5.2944008453E-004
#     21   -19       5.5588702387E-005
#     21   -18       3.3185796467E-004
#     21   -17       3.9239135534E-004
#     21   -16       5.4024746315E-004
#     21   -15       9.6121613186E-004
#     21   -14       1.6903843729E-004
#     21   -13       1.5990637943E-004
#     21   -12       2.7183152483E-004
#     21   -11       6.0751178396E-004
#     21   -10       3.2616114632E-004
#     21    -9       5.2568302815E-004
#     21    -8       2.3996223864E-004
#     21    -7       1.8980543139E-004
#     21    -6       5.4055253996E-004
#     21    -5       1.2086169340E-004
#     21    -4       8.8427501215E-004
#     21    -3       7.0003490314E-004
#     21    -2       5.4855965155E-004
#     21    -1       8.1572970021E-005
#     21     0       8.7893738000E-006
#     21     1       1.7778184188E-004
#     21     2       4.9760678857E-006
#     21     3       8.5835746120E-005
#     21     4       7.9492176467E-005
#     21     5       1.6680059867E-004
#     22   -26       2.1019973102E-005
#     22   -25       1.5974320124E-004
#     22   -24       3.1003466860E-005
#     22   -23       2.0030875890E-004
#     22   -22       2.8148168513E-005
#     22   -21       2.3665695156E-004
#     22   -20       1.0829226024E-004
#     22   -19       2.4771159787E-005
#     22   -18       1.4707378551E-004
#     22   -17       2.2868239389E-004
#     22   -16       2.5206053146E-004
#     22   -15       1.1168507004E-004
#     22   -14       6.9272624360E-005
#     22   -13       4.3614626033E-004
#     22   -12       5.8578257033E-004
#     22   -11       2.3880169658E-004
#     22   -10       4.8041943127E-004
#     22    -9       1.9950557926E-004
#     22    -8       2.3289938685E-004
#     22    -7       8.6782391587E-005
#     22    -6       2.6525852700E-004
#     22    -5       5.8831406923E-004
#     22    -4       5.4101010863E-004
#     22    -3       4.1823520152E-004
#     22    -2       1.6984783700E-004
#     22    -1       5.2178944935E-005
#     22     0       4.6889349541E-004
#     22     1       1.0584645342E-004
#     22     2       1.1940267014E-004
#     22     3       4.3422997613E-004
#     22     4       2.8612914333E-004
#     23   -25       2.8051824219E-005
#     23   -24       1.3263465241E-004
#     23   -23       8.2868336225E-005
#     23   -22       1.7833835531E-005
#     23   -21       1.3750385086E-004
#     23   -20       2.0599159889E-004
#     23   -19       2.3306513469E-005
#     23   -18       2.1631713053E-004
#     23   -17       1.9445621900E-004
#     23   -16       3.1701344570E-004
#     23   -15       3.5268943620E-004
#     23   -14       2.3207925194E-004
#     23   -13       3.4741684343E-004
#     23   -12       1.4438555354E-004
#     23   -11       3.5915507429E-004
#     23   -10       1.3570770959E-003
#     23    -9       2.2346894015E-004
#     23    -8       9.3478068478E-004
#     23    -7       8.5145328717E-005
#     23    -6       7.9139093883E-005
#     23    -5       8.2437349736E-005
#     23    -4       1.0249547110E-004
#     23    -3       3.6745630919E-004
#     23    -2       1.3098133942E-004
#     23    -1       2.0739935681E-005
#     23     0       6.3687479930E-005
#     23     1       8.2536033171E-005
#     23     2       6.0914486050E-004
#     24   -24       2.1442083173E-005
#     24   -23       1.2484132445E-004
#     24   -22       7.2088445435E-005
#     24   -21       7.7388206019E-005
#     24   -20       2.9297297060E-005
#     24   -19       7.4195220426E-005
#     24   -18       1.7417965524E-004
#     24   -17       2.9130597685E-004
#     24   -16       1.2814627944E-004
#     24   -15       1.8242528397E-004
#     24   -14       1.0464072028E-004
#     24   -13       1.4780737000E-004
#     24   -12       1.1671608996E-003
#     24   -11       4.2785410663E-004
#     24   -10       1.6764607345E-004
#     24    -9       6.5140308646E-005
#     24    -8       9.9111008589E-006
#     24    -7       1.1222711068E-004
#     24    -6       4.0673750573E-004
#     24    -5       5.0475649792E-005
#     24    -4       6.8584218305E-004
#     24    -3       2.5971889771E-004
#     24    -2       1.7836761812E-004
#     24    -1       2.8319353320E-004
#     24     0       1.1800981448E-004
#     25   -23       5.4944942899E-005
#     25   -22       5.1674667037E-005
#     25   -21       1.2091207952E-004
#     25   -20       3.5360461881E-004
#     25   -19       2.1628228287E-004
#     25   -18       3.8957701629E-005
#     25   -17       4.9335201845E-005
#     25   -16       1.6173625958E-005
#     25   -15       6.0754207572E-004
#     25   -14       4.3980522095E-004
#     25   -13       6.1562302337E-005
#     25   -12       4.4608619407E-005
#     25   -11       2.1432867901E-004
#     25   -10       4.2193625811E-005
#     25    -9       3.7318382764E-004
#     25    -8       5.3292323838E-004
#     25    -7       3.8423038810E-004
#     25    -6       4.7737735796E-005
#     25    -5       8.6054945727E-004
#     25    -4       3.0122373700E-004
#     25    -3       2.1336169497E-005
#     25    -2       7.2512251039E-005
#     26   -22       2.0903422456E-005
#     26   -21       1.2316405813E-004
#     26   -20       2.0447046595E-004
#     26   -19       5.2813903807E-005
