 Diffraction intensities for potential:gv5x5_06D10001.in                       
#    -28    13       1.2236937060E-006
#    -28    14       2.5355858036E-005
#    -28    15       4.7398775827E-005
#    -27     7       3.3459776678E-006
#    -27     8       2.6673076486E-005
#    -27     9       4.7500287453E-006
#    -27    10       1.0296072322E-005
#    -27    11       5.7514499043E-007
#    -27    12       1.2857183506E-005
#    -27    13       1.5276553380E-006
#    -27    14       2.4106390510E-005
#    -27    15       3.9440536606E-005
#    -27    16       4.2687620068E-006
#    -27    17       1.6219333460E-004
#    -27    18       1.0715290722E-005
#    -27    19       9.3756385017E-006
#    -27    20       2.9450226064E-005
#    -26     4       9.3446688489E-006
#    -26     5       1.0059428203E-005
#    -26     6       1.7156014238E-005
#    -26     7       2.4604262284E-006
#    -26     8       1.3958155090E-006
#    -26     9       7.7327598570E-006
#    -26    10       4.9564015028E-005
#    -26    11       1.6914108294E-005
#    -26    12       3.5198299948E-005
#    -26    13       2.6317311863E-006
#    -26    14       3.3000395791E-005
#    -26    15       4.7560735522E-005
#    -26    16       3.4823556078E-005
#    -26    17       4.0729351040E-005
#    -26    18       1.0827383186E-005
#    -26    19       3.1110420734E-004
#    -26    20       3.3115548533E-005
#    -26    21       6.0413472281E-006
#    -26    22       9.3354268413E-005
#    -25     2       4.1377903439E-006
#    -25     3       2.2876951513E-005
#    -25     4       9.0962346851E-006
#    -25     5       5.9740521335E-004
#    -25     6       1.0821097940E-006
#    -25     7       4.3474630978E-005
#    -25     8       4.0889428180E-005
#    -25     9       8.4866469251E-005
#    -25    10       1.0366296780E-003
#    -25    11       2.2030867970E-005
#    -25    12       9.3371675481E-005
#    -25    13       3.1254140560E-005
#    -25    14       1.1736786150E-004
#    -25    15       3.9979632374E-004
#    -25    16       1.6447740030E-004
#    -25    17       2.2028376347E-004
#    -25    18       8.7399541189E-005
#    -25    19       2.2420537403E-004
#    -25    20       3.5248556901E-004
#    -25    21       2.0949907863E-004
#    -25    22       3.6372683454E-005
#    -25    23       9.7401710287E-005
#    -24     0       3.9828479893E-006
#    -24     1       6.4939875587E-005
#    -24     2       4.9690734843E-006
#    -24     3       5.2640217080E-006
#    -24     4       3.4672589704E-006
#    -24     5       8.6274959499E-005
#    -24     6       2.2285147043E-005
#    -24     7       4.2136799479E-005
#    -24     8       3.0901035008E-005
#    -24     9       2.0092124848E-005
#    -24    10       6.9687359183E-006
#    -24    11       9.9517616835E-005
#    -24    12       8.6624212890E-005
#    -24    13       9.9889122350E-006
#    -24    14       3.1157033325E-004
#    -24    15       9.2628120807E-006
#    -24    16       7.4703700845E-005
#    -24    17       1.1569731010E-004
#    -24    18       1.5526507813E-004
#    -24    19       2.7576752025E-004
#    -24    20       1.7355263076E-004
#    -24    21       4.0031093701E-005
#    -24    22       1.3122924385E-004
#    -24    23       1.1910541521E-004
#    -24    24       4.6052068166E-005
#    -23    -2       1.0569078752E-005
#    -23    -1       3.0065181659E-006
#    -23     0       1.2519000054E-005
#    -23     1       3.1591362289E-006
#    -23     2       2.1187901925E-005
#    -23     3       2.7196245450E-005
#    -23     4       4.1867964000E-006
#    -23     5       3.2029385232E-005
#    -23     6       9.6986126148E-005
#    -23     7       4.6709123470E-005
#    -23     8       1.2731156439E-005
#    -23     9       3.5786028233E-005
#    -23    10       8.3022467755E-005
#    -23    11       5.7568046460E-005
#    -23    12       2.0926762277E-004
#    -23    13       1.0610985726E-004
#    -23    14       5.5580455524E-005
#    -23    15       1.3421508579E-004
#    -23    16       3.9860709137E-004
#    -23    17       1.7487812401E-005
#    -23    18       1.0064172633E-005
#    -23    19       5.5866165975E-005
#    -23    20       3.9063464599E-004
#    -23    21       1.8478433347E-004
#    -23    22       2.3858998499E-005
#    -23    23       5.0065571709E-006
#    -23    24       3.4790286203E-005
#    -23    25       3.1676020629E-005
#    -22    -4       3.9890289178E-006
#    -22    -3       4.1058136614E-006
#    -22    -2       1.3186417720E-005
#    -22    -1       4.4079376750E-006
#    -22     0       1.3338967461E-005
#    -22     1       2.5513963066E-005
#    -22     2       7.1492015296E-006
#    -22     3       2.5874524736E-005
#    -22     4       1.0383085700E-004
#    -22     5       1.4561047271E-005
#    -22     6       5.7741858734E-006
#    -22     7       4.1744823550E-005
#    -22     8       1.6922885696E-004
#    -22     9       1.5147721529E-004
#    -22    10       2.0870683805E-005
#    -22    11       6.1081384788E-005
#    -22    12       5.7528688512E-005
#    -22    13       9.7705461552E-005
#    -22    14       1.8527280046E-004
#    -22    15       6.4206054287E-006
#    -22    16       5.1340320205E-005
#    -22    17       4.4672417372E-004
#    -22    18       3.6848081745E-004
#    -22    19       2.7486813753E-007
#    -22    20       3.1827289947E-005
#    -22    21       2.5689503952E-005
#    -22    22       4.6128276616E-004
#    -22    23       1.3671272417E-004
#    -22    24       7.8319532627E-005
#    -22    25       9.3559679295E-006
#    -22    26       3.4742169952E-005
#    -21    -5       2.7351201902E-006
#    -21    -4       2.3169523567E-006
#    -21    -3       1.2389492968E-006
#    -21    -2       1.4789904057E-005
#    -21    -1       8.0592358935E-006
#    -21     0       5.9120839176E-005
#    -21     1       1.0461452818E-004
#    -21     2       2.4701606579E-005
#    -21     3       5.8843255453E-005
#    -21     4       3.7380702575E-005
#    -21     5       1.8273797238E-004
#    -21     6       2.0439577562E-005
#    -21     7       2.9766853579E-007
#    -21     8       3.2941710767E-005
#    -21     9       2.0970937785E-005
#    -21    10       3.1546038966E-005
#    -21    11       2.8792513445E-004
#    -21    12       1.7434024964E-005
#    -21    13       2.7547721700E-004
#    -21    14       3.8196799404E-004
#    -21    15       1.5244960802E-004
#    -21    16       1.6508548842E-004
#    -21    17       8.4185747551E-005
#    -21    18       6.6080398386E-005
#    -21    19       4.5678999895E-004
#    -21    20       2.5777999631E-004
#    -21    21       5.7411929630E-005
#    -21    22       2.2009842867E-005
#    -21    23       7.9197445262E-005
#    -21    24       2.6453508003E-004
#    -21    25       4.5777423915E-005
#    -21    26       6.1682363006E-006
#    -20    -7       5.9188202470E-007
#    -20    -6       5.7395068870E-006
#    -20    -5       6.3622572326E-004
#    -20    -4       1.6963505791E-005
#    -20    -3       3.3281968248E-005
#    -20    -2       9.2165084213E-007
#    -20    -1       4.1537409033E-005
#    -20     0       7.5041593223E-003
#    -20     1       3.1328267524E-005
#    -20     2       2.1072197547E-005
#    -20     3       1.7899522167E-004
#    -20     4       3.6216160860E-005
#    -20     5       1.2318899743E-002
#    -20     6       1.7481105966E-006
#    -20     7       1.3926294949E-004
#    -20     8       6.9063406276E-006
#    -20     9       5.7665682182E-005
#    -20    10       5.8327512449E-003
#    -20    11       1.7877468797E-004
#    -20    12       3.4657885495E-005
#    -20    13       2.6720664733E-004
#    -20    14       2.8990931745E-004
#    -20    15       5.3649882842E-003
#    -20    16       3.5874153395E-004
#    -20    17       2.5635735981E-004
#    -20    18       9.7615932569E-005
#    -20    19       1.9020933737E-004
#    -20    20       1.3278808612E-003
#    -20    21       3.9464932726E-004
#    -20    22       7.1718167387E-005
#    -20    23       6.1096897835E-005
#    -20    24       2.0844425150E-005
#    -20    25       2.0623175864E-004
#    -20    26       2.4633727255E-005
#    -20    27       1.5454506547E-005
#    -19    -8       3.2981187694E-006
#    -19    -7       8.1162210351E-006
#    -19    -6       8.0759767757E-006
#    -19    -5       2.7297735460E-005
#    -19    -4       2.9202274745E-005
#    -19    -3       3.4905529439E-005
#    -19    -2       3.8230337149E-005
#    -19    -1       3.7375468947E-006
#    -19     0       5.4876146923E-005
#    -19     1       2.5070501633E-004
#    -19     2       6.2125604041E-005
#    -19     3       6.4954442609E-005
#    -19     4       1.0716640718E-004
#    -19     5       1.4626897059E-004
#    -19     6       3.5143390872E-005
#    -19     7       3.0374205965E-004
#    -19     8       2.9058145405E-004
#    -19     9       1.3201927949E-005
#    -19    10       1.9217387995E-005
#    -19    11       4.9255827211E-004
#    -19    12       7.9378263259E-005
#    -19    13       5.9142091326E-005
#    -19    14       2.6331703622E-004
#    -19    15       5.6067428198E-005
#    -19    16       6.4318243900E-004
#    -19    17       2.5736758331E-004
#    -19    18       1.3385507992E-004
#    -19    19       3.0371515759E-004
#    -19    20       4.0147955552E-005
#    -19    21       5.3691014035E-005
#    -19    22       7.8933487814E-005
#    -19    23       1.3045713389E-004
#    -19    24       2.5882061113E-005
#    -19    25       8.2663647076E-005
#    -19    26       2.6658840605E-007
#    -19    27       1.5613673313E-005
#    -18    -9       6.7778326799E-006
#    -18    -8       3.0897076311E-005
#    -18    -7       4.1985373027E-007
#    -18    -6       1.3018208642E-005
#    -18    -5       3.8270334972E-005
#    -18    -4       1.8455243328E-005
#    -18    -3       4.2042417334E-005
#    -18    -2       1.8545824500E-004
#    -18    -1       1.1844518326E-005
#    -18     0       1.2029093905E-004
#    -18     1       4.8936554027E-005
#    -18     2       1.6373309787E-004
#    -18     3       3.8918973063E-005
#    -18     4       2.2280264029E-004
#    -18     5       3.9571346899E-005
#    -18     6       9.0245434211E-005
#    -18     7       1.1140020330E-004
#    -18     8       2.3831639588E-004
#    -18     9       7.5841726848E-006
#    -18    10       2.0473858034E-004
#    -18    11       1.0573251166E-004
#    -18    12       3.3160941055E-006
#    -18    13       6.5402169648E-004
#    -18    14       1.9635811164E-005
#    -18    15       2.3431290255E-005
#    -18    16       9.1449545569E-005
#    -18    17       1.3233963147E-004
#    -18    18       4.3192156448E-005
#    -18    19       8.7439196391E-005
#    -18    20       9.7185747611E-005
#    -18    21       3.8955306206E-005
#    -18    22       2.2388716372E-005
#    -18    23       2.0503882709E-005
#    -18    24       1.5913127648E-004
#    -18    25       9.0516480299E-005
#    -18    26       1.3653734532E-005
#    -18    27       1.1121012200E-005
#    -17   -10       7.0849175165E-007
#    -17    -9       5.6150342003E-007
#    -17    -8       2.1579203797E-005
#    -17    -7       4.1606083802E-006
#    -17    -6       5.1503046650E-005
#    -17    -5       8.2011315735E-006
#    -17    -4       2.8335132198E-005
#    -17    -3       1.9297889030E-005
#    -17    -2       1.8508023182E-004
#    -17    -1       9.5311250937E-005
#    -17     0       8.8998708432E-005
#    -17     1       1.9628477962E-004
#    -17     2       8.3935424847E-005
#    -17     3       1.8705311180E-004
#    -17     4       1.2422329557E-004
#    -17     5       1.1501060414E-004
#    -17     6       1.5199743000E-005
#    -17     7       7.9645892037E-005
#    -17     8       1.8638518070E-004
#    -17     9       6.9545932451E-005
#    -17    10       4.2545973781E-004
#    -17    11       2.0440491196E-004
#    -17    12       8.6864655852E-005
#    -17    13       1.2643577619E-004
#    -17    14       9.1699686401E-005
#    -17    15       1.0216745791E-004
#    -17    16       7.1883655130E-005
#    -17    17       2.7136363433E-004
#    -17    18       2.8394450926E-004
#    -17    19       6.2526538704E-005
#    -17    20       2.7055704200E-005
#    -17    21       6.2835424958E-005
#    -17    22       5.9164218564E-005
#    -17    23       6.2466840411E-006
#    -17    24       6.9069035150E-006
#    -17    25       3.0457098648E-005
#    -17    26       2.0681122453E-005
#    -17    27       1.9161282820E-006
#    -16   -11       7.5960169634E-006
#    -16   -10       1.6276399890E-005
#    -16    -9       8.0867357055E-006
#    -16    -8       3.6717892227E-006
#    -16    -7       8.3080135605E-006
#    -16    -6       9.1383702221E-005
#    -16    -5       1.2903252490E-004
#    -16    -4       4.5191856494E-006
#    -16    -3       2.2372111346E-006
#    -16    -2       1.1532580218E-004
#    -16    -1       8.6535111223E-005
#    -16     0       3.1142674644E-005
#    -16     1       1.8239578032E-004
#    -16     2       1.0740565926E-004
#    -16     3       3.2944861530E-004
#    -16     4       3.9067050832E-005
#    -16     5       2.3796048387E-004
#    -16     6       1.3759261375E-004
#    -16     7       1.0714177413E-004
#    -16     8       3.1149844992E-004
#    -16     9       1.6867479470E-005
#    -16    10       2.3658099156E-004
#    -16    11       5.8741303646E-005
#    -16    12       9.3827109377E-005
#    -16    13       6.2419627588E-004
#    -16    14       3.5883337638E-004
#    -16    15       4.4178622584E-004
#    -16    16       7.6351013390E-006
#    -16    17       1.8724422446E-005
#    -16    18       6.1279062272E-004
#    -16    19       5.2705238485E-004
#    -16    20       8.8982459510E-006
#    -16    21       3.6762547841E-007
#    -16    22       1.2478504093E-005
#    -16    23       2.6120265483E-005
#    -16    24       9.6201306686E-005
#    -16    25       1.2328262818E-005
#    -16    26       4.9560410427E-005
#    -16    27       8.8919099993E-005
#    -15   -13       9.9116383266E-007
#    -15   -12       5.5976455404E-006
#    -15   -11       1.6844001578E-005
#    -15   -10       7.9390036119E-004
#    -15    -9       9.3389486907E-005
#    -15    -8       4.8743193230E-006
#    -15    -7       1.6805381455E-005
#    -15    -6       5.6787643729E-006
#    -15    -5       1.2241443862E-002
#    -15    -4       2.4837524330E-005
#    -15    -3       1.7891015739E-004
#    -15    -2       4.4487019773E-005
#    -15    -1       2.6317271619E-005
#    -15     0       3.7832522358E-002
#    -15     1       1.4419533640E-004
#    -15     2       9.4703440820E-005
#    -15     3       1.8026318977E-004
#    -15     4       8.9530162340E-005
#    -15     5       1.4295331024E-002
#    -15     6       1.0091166196E-004
#    -15     7       2.1682029676E-004
#    -15     8       7.7452963740E-005
#    -15     9       7.3247202628E-006
#    -15    10       1.0638979909E-002
#    -15    11       1.1886252892E-004
#    -15    12       3.2958034148E-004
#    -15    13       4.1597306688E-005
#    -15    14       3.8354814289E-004
#    -15    15       1.8953872836E-002
#    -15    16       9.2177983360E-005
#    -15    17       1.3565922842E-005
#    -15    18       1.5297609439E-004
#    -15    19       1.3884459341E-004
#    -15    20       5.6944108238E-003
#    -15    21       7.0730189159E-005
#    -15    22       4.3648920783E-005
#    -15    23       1.3375728621E-004
#    -15    24       4.6586608850E-005
#    -15    25       5.6980297406E-005
#    -15    26       1.6232992492E-005
#    -15    27       1.3971234601E-005
#    -15    28       7.8079994347E-005
#    -14   -14       6.9617353958E-006
#    -14   -13       2.8733387682E-006
#    -14   -12       1.4560913118E-005
#    -14   -11       6.2769284218E-006
#    -14   -10       2.3157284574E-005
#    -14    -9       5.2792174841E-006
#    -14    -8       2.6062414667E-007
#    -14    -7       3.4862578198E-005
#    -14    -6       4.2158262726E-005
#    -14    -5       6.0022787026E-005
#    -14    -4       5.0900754919E-005
#    -14    -3       2.6878724989E-005
#    -14    -2       5.0989582056E-004
#    -14    -1       3.8377460281E-006
#    -14     0       8.3255620878E-005
#    -14     1       2.5425155861E-004
#    -14     2       4.8265342419E-004
#    -14     3       6.9249502424E-006
#    -14     4       1.2738928620E-004
#    -14     5       2.4796922285E-005
#    -14     6       5.0300824470E-006
#    -14     7       2.8600915861E-004
#    -14     8       4.0449256985E-005
#    -14     9       3.9037121715E-005
#    -14    10       1.6266297484E-004
#    -14    11       6.4042231691E-004
#    -14    12       6.3131496604E-004
#    -14    13       4.4307819941E-005
#    -14    14       2.0308401566E-004
#    -14    15       2.6602994800E-004
#    -14    16       6.0682430031E-004
#    -14    17       4.8546991254E-005
#    -14    18       7.8719795067E-005
#    -14    19       5.4800201521E-005
#    -14    20       7.4624458773E-005
#    -14    21       7.5357630159E-005
#    -14    22       5.1604432246E-005
#    -14    23       8.2612641777E-005
#    -14    24       6.9343203510E-005
#    -14    25       1.5980692764E-004
#    -14    26       1.2948456803E-004
#    -14    27       1.4457526436E-005
#    -14    28       9.8801437600E-006
#    -13   -15       1.2711716678E-005
#    -13   -14       2.7551985292E-006
#    -13   -13       4.8953023265E-006
#    -13   -12       1.5387258476E-005
#    -13   -11       2.6584492081E-006
#    -13   -10       4.9806887073E-005
#    -13    -9       1.7330987525E-006
#    -13    -8       6.2610376098E-005
#    -13    -7       5.8343617618E-005
#    -13    -6       1.1470744008E-004
#    -13    -5       4.7632211816E-005
#    -13    -4       4.7396916049E-005
#    -13    -3       1.0229079331E-005
#    -13    -2       8.2417721883E-005
#    -13    -1       2.7955616131E-004
#    -13     0       2.6440828239E-004
#    -13     1       2.2438566647E-005
#    -13     2       4.4952371942E-005
#    -13     3       1.8555742440E-004
#    -13     4       4.3825281660E-005
#    -13     5       2.4017632641E-005
#    -13     6       4.8004327725E-005
#    -13     7       2.6924293720E-004
#    -13     8       5.2334275590E-004
#    -13     9       1.4305768357E-004
#    -13    10       4.5894629412E-005
#    -13    11       1.4674573008E-004
#    -13    12       1.0368170855E-004
#    -13    13       1.9091309723E-004
#    -13    14       1.9212201951E-004
#    -13    15       6.3563939837E-005
#    -13    16       2.8208193196E-004
#    -13    17       2.3509726809E-005
#    -13    18       9.3694983046E-005
#    -13    19       3.3979815509E-005
#    -13    20       3.1811576086E-005
#    -13    21       4.5691526787E-004
#    -13    22       2.0159485318E-004
#    -13    23       9.4650105113E-005
#    -13    24       9.0053342265E-005
#    -13    25       1.6119395673E-004
#    -13    26       1.1382629913E-004
#    -13    27       3.6344884157E-005
#    -13    28       2.8521152062E-006
#    -12   -15       8.1948349125E-006
#    -12   -14       2.9179698206E-005
#    -12   -13       1.6514495629E-005
#    -12   -12       4.5040179561E-005
#    -12   -11       5.2265727907E-005
#    -12   -10       1.0559267225E-005
#    -12    -9       2.1850346167E-005
#    -12    -8       4.3642826886E-005
#    -12    -7       6.3749121622E-005
#    -12    -6       3.0153918397E-005
#    -12    -5       8.2159112241E-006
#    -12    -4       2.0466443118E-005
#    -12    -3       2.2983434109E-004
#    -12    -2       8.8773971135E-005
#    -12    -1       1.8927643590E-005
#    -12     0       2.6640754055E-004
#    -12     1       2.6028877345E-004
#    -12     2       6.0405471039E-005
#    -12     3       6.4278241117E-005
#    -12     4       3.2505005454E-004
#    -12     5       1.2858316519E-004
#    -12     6       5.4040879441E-006
#    -12     7       3.2608627991E-005
#    -12     8       1.2150118511E-006
#    -12     9       1.2008987014E-004
#    -12    10       2.6080984621E-005
#    -12    11       1.9041847920E-004
#    -12    12       4.0002826146E-004
#    -12    13       9.8162863068E-005
#    -12    14       4.2372723155E-004
#    -12    15       7.5701957034E-006
#    -12    16       8.2196982931E-005
#    -12    17       1.5648267531E-004
#    -12    18       1.4002085004E-004
#    -12    19       1.1357812360E-006
#    -12    20       9.3506344060E-005
#    -12    21       1.0532787485E-004
#    -12    22       6.0942748151E-004
#    -12    23       2.3993136249E-004
#    -12    24       6.4721136198E-006
#    -12    25       1.6424849155E-004
#    -12    26       1.7557789018E-004
#    -12    27       1.3724112724E-004
#    -11   -16       4.1665084678E-006
#    -11   -15       5.5799654308E-005
#    -11   -14       3.3062071485E-005
#    -11   -13       7.3476250044E-006
#    -11   -12       2.1696735267E-005
#    -11   -11       5.3861572959E-005
#    -11   -10       8.6644350955E-006
#    -11    -9       4.1324771739E-005
#    -11    -8       2.5654742427E-005
#    -11    -7       1.5067524248E-005
#    -11    -6       7.2595963800E-006
#    -11    -5       1.7640014316E-004
#    -11    -4       3.9196769463E-005
#    -11    -3       8.5576472634E-005
#    -11    -2       4.3273246775E-004
#    -11    -1       1.1783372606E-004
#    -11     0       2.8254508007E-005
#    -11     1       1.0305922284E-004
#    -11     2       3.3952253864E-005
#    -11     3       3.4623437184E-005
#    -11     4       4.4904073127E-005
#    -11     5       2.4873003240E-006
#    -11     6       3.4970203239E-006
#    -11     7       8.3573136343E-005
#    -11     8       1.3223664502E-004
#    -11     9       7.4979561065E-004
#    -11    10       4.9927750036E-004
#    -11    11       2.6144170536E-004
#    -11    12       4.9022087207E-006
#    -11    13       7.8597447140E-004
#    -11    14       2.5236672028E-004
#    -11    15       3.0472302308E-004
#    -11    16       8.7084655321E-005
#    -11    17       4.5975906445E-005
#    -11    18       4.1641908796E-005
#    -11    19       2.2609113134E-004
#    -11    20       5.3299105680E-005
#    -11    21       2.6059612609E-006
#    -11    22       3.5698477490E-004
#    -11    23       4.1086708230E-004
#    -11    24       1.8347503000E-004
#    -11    25       1.1753579426E-005
#    -11    26       3.5957513939E-005
#    -11    27       1.0010726211E-004
#    -10   -17       2.3646624117E-006
#    -10   -16       9.2675157823E-006
#    -10   -15       2.7183889275E-004
#    -10   -14       5.0624730944E-005
#    -10   -13       6.8933485551E-005
#    -10   -12       2.0619909420E-005
#    -10   -11       3.4682818084E-006
#    -10   -10       6.9295866682E-003
#    -10    -9       7.3003063243E-005
#    -10    -8       1.0766088277E-004
#    -10    -7       9.9605100568E-005
#    -10    -6       1.6641150680E-005
#    -10    -5       1.3897957367E-002
#    -10    -4       1.1392806329E-004
#    -10    -3       6.0844014267E-005
#    -10    -2       6.8459379922E-005
#    -10    -1       4.2361232105E-006
#    -10     0       1.3050730215E-002
#    -10     1       6.2666420258E-005
#    -10     2       7.8530707853E-005
#    -10     3       2.7121287974E-005
#    -10     4       8.6797604479E-005
#    -10     5       2.7598291200E-003
#    -10     6       4.2940833867E-004
#    -10     7       1.8841370009E-004
#    -10     8       1.8125331779E-006
#    -10     9       2.2619446267E-004
#    -10    10       3.7723374995E-002
#    -10    11       1.0671734767E-004
#    -10    12       1.2670385678E-004
#    -10    13       2.5206144739E-004
#    -10    14       1.1328793733E-004
#    -10    15       1.2235670164E-002
#    -10    16       1.2490291218E-006
#    -10    17       2.7012363284E-004
#    -10    18       1.3897215173E-004
#    -10    19       2.0932851653E-004
#    -10    20       4.0305717024E-003
#    -10    21       9.9675346368E-005
#    -10    22       1.8178001018E-005
#    -10    23       2.9997019389E-004
#    -10    24       3.1376237131E-004
#    -10    25       4.1637772262E-004
#    -10    26       4.1467622343E-006
#    -10    27       2.6391564552E-005
#     -9   -18       2.0061149433E-005
#     -9   -17       5.5296490381E-005
#     -9   -16       6.8937376317E-005
#     -9   -15       8.4385194150E-006
#     -9   -14       7.3184612773E-005
#     -9   -13       6.7062110927E-007
#     -9   -12       1.5466714501E-004
#     -9   -11       2.7989039809E-005
#     -9   -10       6.0328399769E-006
#     -9    -9       9.0133219166E-005
#     -9    -8       1.8087587615E-005
#     -9    -7       8.9609992955E-005
#     -9    -6       5.5823872716E-006
#     -9    -5       7.1846408077E-005
#     -9    -4       1.0986001892E-005
#     -9    -3       2.6478549304E-004
#     -9    -2       5.2788458634E-005
#     -9    -1       8.6030539458E-005
#     -9     0       1.0493051488E-004
#     -9     1       1.6484144974E-004
#     -9     2       1.5606302888E-004
#     -9     3       1.3275488187E-004
#     -9     4       3.6130750982E-005
#     -9     5       1.4386776357E-004
#     -9     6       5.8613206528E-004
#     -9     7       2.5904412692E-004
#     -9     8       8.4375727858E-006
#     -9     9       7.5119286802E-006
#     -9    10       1.8896475788E-004
#     -9    11       1.6769752732E-004
#     -9    12       8.7571699395E-005
#     -9    13       7.4104724745E-005
#     -9    14       1.2145773938E-004
#     -9    15       2.2705702311E-004
#     -9    16       1.1558704376E-004
#     -9    17       5.3780681035E-004
#     -9    18       8.3862872819E-005
#     -9    19       3.7185430832E-004
#     -9    20       6.6900626788E-004
#     -9    21       5.2617435582E-004
#     -9    22       1.4253279813E-004
#     -9    23       7.8911845544E-005
#     -9    24       3.3157834158E-004
#     -9    25       2.8793932414E-004
#     -9    26       4.9640059443E-005
#     -9    27       2.8696764430E-006
#     -8   -19       7.8930804779E-006
#     -8   -18       1.1936945610E-005
#     -8   -17       3.0371652191E-005
#     -8   -16       9.8809856498E-005
#     -8   -15       1.7031520041E-004
#     -8   -14       1.8588663233E-005
#     -8   -13       4.3800066700E-005
#     -8   -12       9.1021249509E-006
#     -8   -11       5.2857391616E-005
#     -8   -10       2.5116532752E-005
#     -8    -9       4.3155848542E-005
#     -8    -8       7.5632057865E-008
#     -8    -7       1.0934408209E-004
#     -8    -6       6.3348596755E-005
#     -8    -5       1.3834618962E-004
#     -8    -4       3.5435291930E-005
#     -8    -3       1.3863978653E-004
#     -8    -2       1.3502964941E-004
#     -8    -1       1.5771574702E-005
#     -8     0       3.0429608581E-005
#     -8     1       3.4304545491E-004
#     -8     2       9.8417948957E-005
#     -8     3       4.3574240330E-004
#     -8     4       7.6903013183E-006
#     -8     5       5.7264015814E-007
#     -8     6       3.4153008382E-005
#     -8     7       5.8701241973E-005
#     -8     8       3.4927485505E-005
#     -8     9       2.0975704511E-004
#     -8    10       1.4209584558E-004
#     -8    11       3.6993861947E-005
#     -8    12       8.3332350644E-005
#     -8    13       3.0863944313E-005
#     -8    14       1.2229131836E-004
#     -8    15       1.8185014343E-005
#     -8    16       3.4035924833E-004
#     -8    17       9.9370892970E-005
#     -8    18       3.7091373621E-004
#     -8    19       1.2545324993E-004
#     -8    20       4.4506767858E-004
#     -8    21       7.0456271110E-004
#     -8    22       2.1377985275E-004
#     -8    23       1.6002392827E-005
#     -8    24       6.9259817566E-005
#     -8    25       2.2659272017E-004
#     -8    26       2.7642156806E-005
#     -8    27       1.1740511803E-005
#     -7   -20       2.0961432081E-005
#     -7   -19       9.8201371089E-005
#     -7   -18       6.2288574763E-005
#     -7   -17       4.8888546806E-005
#     -7   -16       7.1004560854E-005
#     -7   -15       3.3587469211E-006
#     -7   -14       1.2416732595E-004
#     -7   -13       8.5249319140E-005
#     -7   -12       6.7992665366E-005
#     -7   -11       1.8303131196E-005
#     -7   -10       7.8347979640E-005
#     -7    -9       1.1242779447E-005
#     -7    -8       7.3701343110E-005
#     -7    -7       1.5256001225E-004
#     -7    -6       6.9630151219E-005
#     -7    -5       2.4770681898E-004
#     -7    -4       2.0963457823E-005
#     -7    -3       7.0209327080E-005
#     -7    -2       5.0961571888E-005
#     -7    -1       2.2199176188E-004
#     -7     0       1.2267845176E-004
#     -7     1       3.3454948315E-005
#     -7     2       4.9253385706E-005
#     -7     3       1.7045282712E-005
#     -7     4       2.3273188137E-004
#     -7     5       2.1667816713E-004
#     -7     6       1.3075562906E-004
#     -7     7       4.4006779189E-005
#     -7     8       1.5546126929E-004
#     -7     9       1.4492659130E-004
#     -7    10       6.4129501068E-005
#     -7    11       3.6930088625E-005
#     -7    12       1.4397031024E-004
#     -7    13       5.9022287619E-005
#     -7    14       3.6048842605E-005
#     -7    15       6.8146178534E-005
#     -7    16       2.0174543915E-004
#     -7    17       2.7332157401E-004
#     -7    18       1.6430512431E-004
#     -7    19       3.0179531044E-004
#     -7    20       4.6869942115E-005
#     -7    21       2.4237618853E-004
#     -7    22       2.1687652197E-004
#     -7    23       1.7788329056E-004
#     -7    24       2.8782942686E-005
#     -7    25       4.4065933804E-005
#     -7    26       6.4717818833E-005
#     -7    27       2.8502574180E-005
#     -6   -20       4.9700843029E-005
#     -6   -19       1.4556350619E-006
#     -6   -18       3.9360569914E-005
#     -6   -17       1.4525346814E-004
#     -6   -16       1.2861009208E-004
#     -6   -15       1.4701120212E-004
#     -6   -14       2.6736735072E-005
#     -6   -13       6.6999805665E-006
#     -6   -12       1.1178130102E-004
#     -6   -11       6.4829054982E-005
#     -6   -10       1.4891416795E-004
#     -6    -9       7.6287939193E-005
#     -6    -8       3.3246800101E-005
#     -6    -7       1.7380557409E-004
#     -6    -6       3.4733347629E-005
#     -6    -5       6.6012752935E-005
#     -6    -4       5.8686403038E-005
#     -6    -3       3.1371528163E-005
#     -6    -2       5.5293835185E-005
#     -6    -1       1.0737160509E-004
#     -6     0       1.3539379661E-004
#     -6     1       1.8374969620E-004
#     -6     2       9.9767622283E-005
#     -6     3       3.5059901186E-004
#     -6     4       2.6323540103E-004
#     -6     5       5.7826728945E-004
#     -6     6       1.6699683196E-005
#     -6     7       9.9479188846E-005
#     -6     8       1.4898617244E-004
#     -6     9       6.5304192304E-005
#     -6    10       1.2930284624E-005
#     -6    11       6.1300602532E-005
#     -6    12       3.3337704769E-005
#     -6    13       1.5686142822E-006
#     -6    14       2.9907246677E-004
#     -6    15       1.0603975842E-004
#     -6    16       1.4556374787E-004
#     -6    17       1.5735970347E-004
#     -6    18       1.8224385389E-005
#     -6    19       4.0640176785E-004
#     -6    20       2.5896821804E-004
#     -6    21       1.5462830950E-005
#     -6    22       1.0868840859E-004
#     -6    23       1.2788878069E-004
#     -6    24       1.0951415216E-004
#     -6    25       4.3426468512E-006
#     -6    26       2.1672033351E-005
#     -5   -21       1.5682998141E-005
#     -5   -20       4.2143029167E-004
#     -5   -19       1.3769076807E-004
#     -5   -18       9.5002033505E-005
#     -5   -17       3.5067346518E-006
#     -5   -16       3.8911430762E-005
#     -5   -15       7.0872582218E-003
#     -5   -14       2.2760871126E-004
#     -5   -13       4.6116348825E-005
#     -5   -12       1.6856206788E-005
#     -5   -11       1.7958473589E-005
#     -5   -10       1.2973437634E-002
#     -5    -9       7.1949843703E-005
#     -5    -8       4.9797908168E-005
#     -5    -7       5.9707363671E-005
#     -5    -6       4.0931088415E-006
#     -5    -5       2.3515830363E-003
#     -5    -4       2.5740822074E-004
#     -5    -3       1.6503469344E-004
#     -5    -2       1.0841994333E-005
#     -5    -1       1.1722748885E-005
#     -5     0       2.5337500696E-002
#     -5     1       2.2362320406E-004
#     -5     2       2.8153991563E-004
#     -5     3       1.6066767897E-004
#     -5     4       1.2121555855E-004
#     -5     5       1.5823535218E-003
#     -5     6       2.1386234987E-005
#     -5     7       5.0183363113E-005
#     -5     8       5.4415228007E-006
#     -5     9       1.8301347349E-004
#     -5    10       3.8864623139E-003
#     -5    11       8.8675850964E-005
#     -5    12       7.2388916305E-005
#     -5    13       6.0307701078E-006
#     -5    14       8.2523322912E-005
#     -5    15       1.1863296239E-002
#     -5    16       2.5549374041E-004
#     -5    17       3.8204499927E-005
#     -5    18       8.5595387502E-005
#     -5    19       2.3258178386E-004
#     -5    20       8.2751590285E-003
#     -5    21       3.0697010390E-005
#     -5    22       5.3052300475E-005
#     -5    23       7.6181951522E-005
#     -5    24       5.9507507443E-005
#     -5    25       5.7723343199E-004
#     -5    26       2.2275427911E-006
#     -4   -22       7.5428335550E-005
#     -4   -21       5.1292706373E-005
#     -4   -20       2.9161669529E-005
#     -4   -19       4.7321459555E-005
#     -4   -18       1.4485947396E-004
#     -4   -17       4.2268452699E-004
#     -4   -16       6.1440537707E-005
#     -4   -15       3.3006248735E-005
#     -4   -14       1.3130939617E-004
#     -4   -13       1.1045948717E-004
#     -4   -12       3.4597613541E-005
#     -4   -11       5.5912174758E-005
#     -4   -10       1.3033865137E-004
#     -4    -9       2.5413649979E-004
#     -4    -8       8.4920586921E-004
#     -4    -7       9.5314271382E-005
#     -4    -6       2.6046336165E-007
#     -4    -5       5.6175797098E-005
#     -4    -4       2.1023791117E-004
#     -4    -3       1.4542135090E-004
#     -4    -2       2.7235084341E-007
#     -4    -1       2.1643408052E-005
#     -4     0       2.0333565578E-004
#     -4     1       4.1479352151E-004
#     -4     2       4.7535752378E-004
#     -4     3       3.8530555373E-007
#     -4     4       2.2636751264E-004
#     -4     5       4.1329156612E-005
#     -4     6       2.1844515739E-004
#     -4     7       1.0055719885E-004
#     -4     8       1.0549191188E-005
#     -4     9       2.8771128158E-005
#     -4    10       1.0302818156E-004
#     -4    11       1.0273055782E-004
#     -4    12       1.2663262029E-004
#     -4    13       2.1685938370E-006
#     -4    14       2.8513920154E-005
#     -4    15       6.8197797082E-005
#     -4    16       1.7794266023E-004
#     -4    17       1.4256437786E-004
#     -4    18       7.4107616497E-005
#     -4    19       5.1190040999E-005
#     -4    20       1.7869731830E-004
#     -4    21       1.0008635004E-004
#     -4    22       3.7284418369E-005
#     -4    23       5.6124273431E-005
#     -4    24       6.3775445689E-007
#     -4    25       2.1687291645E-005
#     -4    26       3.7168069510E-006
#     -3   -22       1.6516993094E-005
#     -3   -21       7.3876075396E-005
#     -3   -20       1.9703378954E-004
#     -3   -19       1.5562143275E-005
#     -3   -18       4.5426793691E-005
#     -3   -17       1.0423908818E-005
#     -3   -16       8.8631910665E-005
#     -3   -15       3.2265774278E-004
#     -3   -14       9.4044128656E-007
#     -3   -13       1.8033663635E-004
#     -3   -12       1.0339315977E-004
#     -3   -11       5.5440296276E-006
#     -3   -10       2.8669709814E-004
#     -3    -9       6.7884151174E-005
#     -3    -8       5.0505146019E-005
#     -3    -7       4.0664720219E-004
#     -3    -6       7.4395468145E-005
#     -3    -5       4.7309653264E-006
#     -3    -4       2.3771563994E-005
#     -3    -3       1.2251872123E-004
#     -3    -2       1.8533583330E-004
#     -3    -1       8.0296569004E-005
#     -3     0       1.3603217718E-004
#     -3     1       7.7755672629E-005
#     -3     2       7.6904571631E-005
#     -3     3       1.4273186875E-004
#     -3     4       2.9361169062E-004
#     -3     5       1.9709541059E-005
#     -3     6       9.2914641733E-005
#     -3     7       4.0006516246E-005
#     -3     8       2.6059121581E-005
#     -3     9       1.7713892247E-005
#     -3    10       9.8795070850E-006
#     -3    11       1.2070755739E-005
#     -3    12       3.3822723925E-006
#     -3    13       6.2323515888E-005
#     -3    14       2.3554903653E-005
#     -3    15       5.3553344285E-005
#     -3    16       8.9022282671E-005
#     -3    17       1.0179591247E-004
#     -3    18       6.0719750804E-005
#     -3    19       5.8032913817E-005
#     -3    20       5.4031992219E-006
#     -3    21       1.8154057890E-004
#     -3    22       2.0788858781E-005
#     -3    23       5.6829426334E-006
#     -3    24       3.9018259140E-005
#     -3    25       1.5475124971E-005
#     -2   -23       8.2246681706E-005
#     -2   -22       4.8462321611E-006
#     -2   -21       4.6032041182E-006
#     -2   -20       7.1437774569E-005
#     -2   -19       3.3049325590E-004
#     -2   -18       1.8676691042E-004
#     -2   -17       1.8147255677E-004
#     -2   -16       2.4833187221E-005
#     -2   -15       8.9300534579E-005
#     -2   -14       1.6210915400E-004
#     -2   -13       3.0562449313E-005
#     -2   -12       1.6450277948E-004
#     -2   -11       8.9925143966E-006
#     -2   -10       7.8412938111E-006
#     -2    -9       2.1620274425E-004
#     -2    -8       2.1021336462E-004
#     -2    -7       6.5281554126E-005
#     -2    -6       1.9317029086E-004
#     -2    -5       1.7417659947E-004
#     -2    -4       1.1606406560E-004
#     -2    -3       3.1450603693E-005
#     -2    -2       2.4351972069E-006
#     -2    -1       5.3956621541E-005
#     -2     0       1.5488803502E-004
#     -2     1       3.7367714020E-004
#     -2     2       7.3184176128E-005
#     -2     3       5.5340798203E-005
#     -2     4       1.0989530413E-004
#     -2     5       2.5368970324E-005
#     -2     6       3.0323320244E-005
#     -2     7       5.0015124166E-005
#     -2     8       6.9302908597E-005
#     -2     9       2.5424772212E-006
#     -2    10       6.1165215041E-006
#     -2    11       7.2477936599E-005
#     -2    12       1.5989054400E-005
#     -2    13       7.2839487093E-005
#     -2    14       1.0863809580E-004
#     -2    15       1.3018203562E-004
#     -2    16       4.0714739372E-005
#     -2    17       9.7276746235E-005
#     -2    18       9.1274372161E-005
#     -2    19       8.3572498805E-005
#     -2    20       2.3822686038E-005
#     -2    21       1.0515211977E-005
#     -2    22       7.1557121169E-005
#     -2    23       1.4845955863E-005
#     -2    24       2.4086215965E-005
#     -2    25       2.9191552401E-006
#     -1   -23       9.3042199597E-005
#     -1   -22       1.7017085485E-004
#     -1   -21       1.0524642228E-004
#     -1   -20       1.6415022533E-004
#     -1   -19       5.3016491322E-005
#     -1   -18       2.1993470241E-004
#     -1   -17       1.4809687968E-004
#     -1   -16       3.4597374508E-004
#     -1   -15       2.7650199831E-005
#     -1   -14       1.0628076790E-004
#     -1   -13       1.5431998076E-005
#     -1   -12       6.1017599482E-005
#     -1   -11       5.5441501111E-004
#     -1   -10       2.4094502808E-004
#     -1    -9       1.2263108036E-004
#     -1    -8       1.5506736026E-004
#     -1    -7       3.4591844708E-004
#     -1    -6       2.8376871055E-004
#     -1    -5       1.6009100689E-004
#     -1    -4       2.7323494997E-005
#     -1    -3       2.9361250431E-005
#     -1    -2       2.4620840982E-004
#     -1    -1       3.4321819409E-004
#     -1     0       1.4715237088E-004
#     -1     1       5.7025346799E-006
#     -1     2       1.0759181137E-004
#     -1     3       3.1503043086E-004
#     -1     4       2.2118817810E-004
#     -1     5       1.4677152186E-004
#     -1     6       2.0089075276E-005
#     -1     7       3.6720694210E-005
#     -1     8       2.2033035192E-004
#     -1     9       6.8193324322E-005
#     -1    10       2.7893030677E-005
#     -1    11       3.9816229270E-005
#     -1    12       2.5752415475E-005
#     -1    13       1.5121290175E-004
#     -1    14       7.9594631650E-005
#     -1    15       3.2911492760E-005
#     -1    16       3.9709428674E-005
#     -1    17       2.5483374401E-005
#     -1    18       2.5559311817E-007
#     -1    19       6.1788639615E-005
#     -1    20       1.1896704536E-004
#     -1    21       1.9329160302E-005
#     -1    22       1.4719636350E-005
#     -1    23       1.4347548365E-006
#     -1    24       7.9553584604E-006
#      0   -24       6.0312782266E-005
#      0   -23       2.7904165180E-005
#      0   -22       8.2418269446E-005
#      0   -21       2.2067711174E-004
#      0   -20       2.2352121242E-003
#      0   -19       2.8182337872E-004
#      0   -18       4.6089431392E-005
#      0   -17       2.2023119009E-005
#      0   -16       3.1011813828E-004
#      0   -15       2.4380255515E-002
#      0   -14       9.8721169405E-005
#      0   -13       2.2727607978E-004
#      0   -12       1.8033248063E-005
#      0   -11       2.2270509331E-004
#      0   -10       3.6609480719E-002
#      0    -9       1.4226827932E-004
#      0    -8       2.1367113335E-004
#      0    -7       1.4087140204E-005
#      0    -6       4.6618769880E-005
#      0    -5       2.2016481264E-003
#      0    -4       2.2653048592E-005
#      0    -3       2.2763925381E-005
#      0    -2       3.8926882699E-005
#      0    -1       4.7967003198E-005
#      0     0       2.4099466528E-002
#      0     1       1.8553861304E-004
#      0     2       2.5378118206E-005
#      0     3       2.7384937394E-005
#      0     4       2.2851836230E-004
#      0     5       2.7508098864E-002
#      0     6       7.1424211969E-005
#      0     7       5.4626482799E-007
#      0     8       1.3603112535E-005
#      0     9       4.6047086501E-005
#      0    10       1.6727460755E-002
#      0    11       2.1178311254E-005
#      0    12       3.9656283484E-005
#      0    13       3.4402174308E-005
#      0    14       8.6792311588E-005
#      0    15       4.0577659129E-002
#      0    16       8.7190759509E-005
#      0    17       1.4178202582E-004
#      0    18       2.0087608758E-005
#      0    19       2.6349408606E-005
#      0    20       6.2371856583E-003
#      0    21       2.2981667474E-005
#      0    22       4.0782137215E-006
#      0    23       1.0431009401E-005
#      0    24       2.7117238079E-006
#      1   -24       1.0905025778E-004
#      1   -23       1.4773407636E-004
#      1   -22       8.9921422354E-005
#      1   -21       4.1009649473E-005
#      1   -20       1.6964664649E-004
#      1   -19       3.3587887323E-004
#      1   -18       6.3104270789E-006
#      1   -17       1.8321958282E-004
#      1   -16       9.9345219705E-005
#      1   -15       2.6776193200E-004
#      1   -14       2.1776826483E-004
#      1   -13       1.6128227264E-004
#      1   -12       1.5484702095E-004
#      1   -11       1.1365544196E-005
#      1   -10       1.7115640532E-004
#      1    -9       1.2712413417E-004
#      1    -8       2.9042334619E-004
#      1    -7       3.6662569557E-005
#      1    -6       3.2125286770E-005
#      1    -5       8.8313994247E-005
#      1    -4       1.8726321296E-004
#      1    -3       3.0340508371E-004
#      1    -2       6.1661569265E-005
#      1    -1       3.6510333323E-005
#      1     0       3.2318422070E-005
#      1     1       4.4064487424E-004
#      1     2       2.2845573750E-004
#      1     3       3.2619715615E-005
#      1     4       2.7923310851E-005
#      1     5       1.5119764475E-005
#      1     6       3.4697358372E-005
#      1     7       1.4263890999E-006
#      1     8       2.4265271424E-005
#      1     9       3.5476140987E-007
#      1    10       5.1906166904E-005
#      1    11       1.3275237257E-004
#      1    12       1.7523197458E-004
#      1    13       1.0865289583E-004
#      1    14       3.1837429102E-004
#      1    15       1.1658678908E-004
#      1    16       1.8962180755E-004
#      1    17       1.7160785987E-004
#      1    18       2.7386627614E-005
#      1    19       6.0659077340E-005
#      1    20       2.8883187565E-005
#      1    21       4.6074260963E-005
#      1    22       1.7495558926E-005
#      1    23       3.5769214466E-006
#      2   -25       9.0094280944E-005
#      2   -24       2.4311656400E-006
#      2   -23       1.2094499626E-004
#      2   -22       5.2764174349E-005
#      2   -21       1.9996019968E-004
#      2   -20       3.3992922158E-004
#      2   -19       1.5997691446E-005
#      2   -18       1.7387040495E-004
#      2   -17       4.2706249208E-005
#      2   -16       1.8727575577E-004
#      2   -15       8.7213578216E-005
#      2   -14       7.5281796278E-005
#      2   -13       3.3838963704E-005
#      2   -12       4.6417883346E-006
#      2   -11       2.5056642873E-004
#      2   -10       2.2190970934E-005
#      2    -9       1.7993996218E-005
#      2    -8       4.2584192930E-005
#      2    -7       6.3077243019E-005
#      2    -6       1.4703198475E-004
#      2    -5       1.0965194832E-004
#      2    -4       1.4979458482E-004
#      2    -3       1.0433573181E-004
#      2    -2       3.3797182047E-004
#      2    -1       3.3299519306E-004
#      2     0       3.8366012846E-005
#      2     1       1.5391137278E-005
#      2     2       6.6211694237E-005
#      2     3       7.8655660355E-005
#      2     4       4.1202430689E-005
#      2     5       4.0640311009E-005
#      2     6       1.4333739232E-004
#      2     7       1.5788300544E-005
#      2     8       9.8325082358E-006
#      2     9       3.4180180728E-005
#      2    10       8.0801906594E-005
#      2    11       1.5602397458E-004
#      2    12       2.2825571717E-005
#      2    13       3.9025760809E-005
#      2    14       1.6047787378E-005
#      2    15       1.6222920419E-004
#      2    16       2.1427229221E-004
#      2    17       5.3945981030E-005
#      2    18       1.2046294131E-005
#      2    19       1.0566850244E-005
#      2    20       4.4753810471E-006
#      2    21       1.4460579682E-005
#      2    22       3.4379482175E-006
#      2    23       5.0570162060E-006
#      3   -25       2.9016848716E-005
#      3   -24       1.2970239633E-004
#      3   -23       5.1488768932E-005
#      3   -22       2.3348339687E-005
#      3   -21       2.0735365072E-006
#      3   -20       3.0443282847E-004
#      3   -19       1.5079313481E-004
#      3   -18       3.1319491603E-005
#      3   -17       4.9064505445E-005
#      3   -16       8.9328216319E-005
#      3   -15       2.9208950902E-005
#      3   -14       1.6249548238E-005
#      3   -13       1.2504421680E-004
#      3   -12       7.5879804467E-005
#      3   -11       3.6359349714E-004
#      3   -10       2.7979624078E-004
#      3    -9       3.0024829099E-005
#      3    -8       7.2998546593E-005
#      3    -7       6.9265370669E-005
#      3    -6       1.5556496767E-006
#      3    -5       1.1471707810E-005
#      3    -4       1.1314921209E-004
#      3    -3       1.2733030317E-004
#      3    -2       2.7319334636E-005
#      3    -1       8.8168171288E-006
#      3     0       3.4983991670E-004
#      3     1       1.7532362893E-004
#      3     2       1.9775685207E-004
#      3     3       1.6054058161E-004
#      3     4       3.6650607441E-005
#      3     5       3.7697067609E-005
#      3     6       3.0018414966E-005
#      3     7       9.6089548338E-007
#      3     8       2.2513862277E-005
#      3     9       5.5846149150E-005
#      3    10       1.6952044782E-005
#      3    11       1.0566662942E-004
#      3    12       2.6838489289E-004
#      3    13       1.1939219951E-004
#      3    14       2.9062987723E-004
#      3    15       2.1339550959E-005
#      3    16       1.6420063122E-006
#      3    17       9.5236136635E-005
#      3    18       5.5228108395E-005
#      3    19       2.8590219686E-005
#      3    20       6.8523956551E-006
#      3    21       2.0856972456E-006
#      3    22       1.4279542261E-006
#      4   -26       2.6624134107E-005
#      4   -25       3.8187579953E-006
#      4   -24       6.6805283760E-005
#      4   -23       1.7285194307E-004
#      4   -22       1.0775209535E-004
#      4   -21       1.3944971443E-004
#      4   -20       1.9941044447E-005
#      4   -19       5.0543994438E-005
#      4   -18       1.1965606597E-004
#      4   -17       1.6796126631E-004
#      4   -16       9.5693831662E-005
#      4   -15       7.6092100293E-005
#      4   -14       3.1517522254E-005
#      4   -13       1.7363521211E-004
#      4   -12       1.8720549389E-004
#      4   -11       2.0403829987E-004
#      4   -10       6.5628878386E-005
#      4    -9       6.5182864299E-005
#      4    -8       5.7879909545E-006
#      4    -7       4.0831284669E-006
#      4    -6       1.2453419573E-004
#      4    -5       2.2555698031E-005
#      4    -4       4.5446511976E-006
#      4    -3       3.6374102996E-005
#      4    -2       7.0116178846E-004
#      4    -1       2.9702665554E-004
#      4     0       7.6009174840E-005
#      4     1       5.4535923469E-005
#      4     2       1.8236538893E-004
#      4     3       2.2984619718E-004
#      4     4       8.9044626588E-006
#      4     5       3.5588483080E-005
#      4     6       1.3337898326E-005
#      4     7       6.4833924883E-006
#      4     8       5.0999936467E-005
#      4     9       1.6166140096E-004
#      4    10       2.8600617131E-004
#      4    11       1.2541596729E-004
#      4    12       2.7614554047E-005
#      4    13       4.1359955445E-005
#      4    14       2.7592099198E-004
#      4    15       1.7012075213E-004
#      4    16       1.1739388006E-004
#      4    17       3.2026119479E-005
#      4    18       4.4093601518E-005
#      4    19       5.3810512441E-005
#      4    20       2.4758922714E-005
#      4    21       8.6149830834E-007
#      4    22       7.0411639939E-006
#      5   -26       4.7604345265E-005
#      5   -25       4.1136226628E-004
#      5   -24       4.5990894921E-005
#      5   -23       3.1542947014E-005
#      5   -22       9.3274895504E-005
#      5   -21       3.5839968104E-004
#      5   -20       6.6129023824E-003
#      5   -19       1.8216279831E-005
#      5   -18       3.6365908861E-005
#      5   -17       1.0189132248E-004
#      5   -16       2.2215564819E-004
#      5   -15       1.4142933538E-002
#      5   -14       4.3233408622E-005
#      5   -13       4.3670984425E-005
#      5   -12       2.4894425818E-005
#      5   -11       4.6722587135E-005
#      5   -10       3.1456451797E-003
#      5    -9       1.4286869803E-004
#      5    -8       3.0285924906E-005
#      5    -7       1.0041291933E-004
#      5    -6       1.2582131770E-004
#      5    -5       2.6243921202E-002
#      5    -4       4.7759210562E-005
#      5    -3       8.5444645657E-005
#      5    -2       7.2484132668E-007
#      5    -1       2.4946317630E-004
#      5     0       1.6073226916E-003
#      5     1       5.8038175640E-005
#      5     2       4.6443246793E-005
#      5     3       7.5874728572E-005
#      5     4       7.2055373384E-005
#      5     5       3.2107389395E-003
#      5     6       1.4757042168E-004
#      5     7       7.6207118335E-006
#      5     8       9.5548608890E-006
#      5     9       1.6241551731E-005
#      5    10       1.2967063265E-002
#      5    11       1.4783814557E-004
#      5    12       7.6497976934E-005
#      5    13       9.5583806302E-005
#      5    14       2.4296500655E-004
#      5    15       9.0917129654E-003
#      5    16       1.3836452802E-005
#      5    17       2.6553175771E-005
#      5    18       6.2755483908E-006
#      5    19       2.3528516907E-005
#      5    20       6.1383955926E-004
#      5    21       2.6505895011E-006
#      6   -26       5.8928575120E-006
#      6   -25       1.1114285916E-004
#      6   -24       1.7178463444E-004
#      6   -23       2.4224638547E-005
#      6   -22       6.2234969084E-006
#      6   -21       4.3416331904E-005
#      6   -20       2.6095544166E-004
#      6   -19       1.3713401797E-004
#      6   -18       1.7749377557E-005
#      6   -17       4.1274642108E-006
#      6   -16       2.8392672784E-006
#      6   -15       1.7622028799E-004
#      6   -14       1.0281212905E-004
#      6   -13       4.9841453942E-004
#      6   -12       9.5017291388E-005
#      6   -11       1.1231172034E-004
#      6   -10       2.6428833635E-005
#      6    -9       3.5938755548E-005
#      6    -8       4.8683908026E-005
#      6    -7       2.8720440519E-006
#      6    -6       2.2176466071E-005
#      6    -5       9.5137586565E-005
#      6    -4       1.4727352893E-004
#      6    -3       4.3033459763E-004
#      6    -2       8.5350969940E-006
#      6    -1       1.8599709687E-005
#      6     0       3.9094057141E-005
#      6     1       3.9692345177E-004
#      6     2       3.8940273722E-004
#      6     3       6.5940484636E-006
#      6     4       1.5391430052E-004
#      6     5       3.8000752690E-005
#      6     6       2.8206735503E-004
#      6     7       1.4135052375E-004
#      6     8       5.3337402924E-005
#      6     9       4.4804733493E-005
#      6    10       8.6517192466E-005
#      6    11       3.4873082523E-004
#      6    12       1.0743638975E-004
#      6    13       7.2055728256E-005
#      6    14       1.0426716302E-005
#      6    15       3.8714431153E-005
#      6    16       5.9879687393E-005
#      6    17       5.4531857892E-006
#      6    18       1.2492610260E-005
#      6    19       7.3872214336E-006
#      6    20       6.2307653469E-006
#      7   -27       2.9075107632E-005
#      7   -26       7.1404625843E-007
#      7   -25       2.3725727427E-005
#      7   -24       2.2100194930E-005
#      7   -23       1.1593116010E-004
#      7   -22       1.2330571332E-006
#      7   -21       5.4102014307E-005
#      7   -20       3.3121429344E-006
#      7   -19       1.7990813554E-005
#      7   -18       6.8712644216E-005
#      7   -17       6.5011031778E-005
#      7   -16       2.3617308673E-004
#      7   -15       1.4150318247E-005
#      7   -14       4.6404154987E-005
#      7   -13       4.2866995011E-006
#      7   -12       5.4423226288E-005
#      7   -11       2.0498744650E-005
#      7   -10       8.6364865724E-005
#      7    -9       1.3624383441E-004
#      7    -8       7.0372812993E-005
#      7    -7       5.8587185383E-005
#      7    -6       4.3993599027E-005
#      7    -5       1.2215020375E-004
#      7    -4       2.4089657308E-005
#      7    -3       1.4512691903E-004
#      7    -2       3.2570949214E-004
#      7    -1       3.3717070269E-004
#      7     0       9.6902287909E-005
#      7     1       1.7455309780E-004
#      7     2       1.2551938925E-004
#      7     3       3.1721673900E-004
#      7     4       1.7229115936E-005
#      7     5       5.0132302708E-006
#      7     6       5.7405983043E-006
#      7     7       7.0921048408E-005
#      7     8       8.8506737115E-006
#      7     9       1.0189299496E-004
#      7    10       5.1117196195E-005
#      7    11       7.9686114105E-005
#      7    12       5.4573499129E-005
#      7    13       8.1902809755E-006
#      7    14       9.7154879674E-005
#      7    15       2.4133456842E-005
#      7    16       6.2055992429E-005
#      7    17       1.4182082597E-005
#      7    18       1.3325651141E-005
#      7    19       4.5490615707E-006
#      7    20       2.6240811385E-006
#      8   -27       2.1425665954E-006
#      8   -26       1.6807850858E-005
#      8   -25       8.0600168447E-005
#      8   -24       5.8717577552E-005
#      8   -23       2.4948356766E-005
#      8   -22       1.0681566066E-005
#      8   -21       9.3548713072E-005
#      8   -20       2.1130733959E-004
#      8   -19       1.1581669451E-004
#      8   -18       5.5546325019E-005
#      8   -17       1.6101071960E-004
#      8   -16       9.0771095402E-005
#      8   -15       1.1272859763E-004
#      8   -14       5.4899088886E-005
#      8   -13       2.8108251223E-004
#      8   -12       2.1814751045E-004
#      8   -11       1.4446225524E-004
#      8   -10       2.8362163862E-005
#      8    -9       1.7266594706E-005
#      8    -8       2.6893586767E-005
#      8    -7       1.4612243014E-006
#      8    -6       9.9688192165E-005
#      8    -5       6.1446654748E-005
#      8    -4       1.4166927865E-004
#      8    -3       1.1851118521E-004
#      8    -2       3.5871744632E-005
#      8    -1       3.8916719419E-005
#      8     0       5.8720450713E-005
#      8     1       3.6030771818E-004
#      8     2       6.2503606107E-005
#      8     3       5.9739458805E-005
#      8     4       2.2006991421E-005
#      8     5       9.2333747315E-005
#      8     6       1.7369609443E-005
#      8     7       1.4196712589E-004
#      8     8       1.9756385241E-004
#      8     9       1.3203441422E-005
#      8    10       1.4748998566E-004
#      8    11       6.2014578440E-005
#      8    12       1.9960817374E-004
#      8    13       3.7036075186E-005
#      8    14       4.2968361596E-006
#      8    15       2.0297739319E-005
#      8    16       3.3354624412E-005
#      8    17       4.0095846767E-005
#      8    18       9.2067120259E-006
#      8    19       6.8501790805E-008
#      9   -27       2.7280951780E-005
#      9   -26       7.3379616588E-006
#      9   -25       3.2723140079E-005
#      9   -24       7.1236263605E-005
#      9   -23       1.0259905633E-004
#      9   -22       5.1900911484E-005
#      9   -21       1.4201559846E-004
#      9   -20       3.3171458273E-004
#      9   -19       1.0629270142E-004
#      9   -18       6.2362383862E-005
#      9   -17       1.6659645510E-004
#      9   -16       4.4899351146E-004
#      9   -15       2.0375331165E-004
#      9   -14       5.6688212494E-005
#      9   -13       2.8326137032E-005
#      9   -12       1.1235254375E-004
#      9   -11       1.0970932143E-004
#      9   -10       6.1403460510E-005
#      9    -9       4.5288645794E-005
#      9    -8       3.9516865637E-006
#      9    -7       4.1633859578E-005
#      9    -6       4.1538902243E-005
#      9    -5       6.3088928685E-005
#      9    -4       5.8405549157E-005
#      9    -3       1.2524073455E-004
#      9    -2       2.6922526381E-004
#      9    -1       3.2097738320E-004
#      9     0       1.4682832815E-004
#      9     1       1.5126611115E-006
#      9     2       2.4630534337E-005
#      9     3       8.7504839179E-004
#      9     4       5.1017934974E-004
#      9     5       1.3495322929E-004
#      9     6       1.3354757427E-004
#      9     7       5.0199667357E-006
#      9     8       1.5863999607E-004
#      9     9       1.4162096306E-004
#      9    10       1.7742930638E-007
#      9    11       5.9652492257E-005
#      9    12       9.4526892715E-005
#      9    13       8.4335371687E-005
#      9    14       3.5916226294E-006
#      9    15       2.1036122671E-005
#      9    16       1.4387427060E-006
#      9    17       6.7265169858E-006
#      9    18       4.9379295820E-006
#     10   -27       5.1868717783E-005
#     10   -26       5.3267479540E-005
#     10   -25       3.8042100077E-004
#     10   -24       1.2669455618E-004
#     10   -23       1.1087904235E-004
#     10   -22       4.8120511471E-006
#     10   -21       2.1552527620E-004
#     10   -20       5.4364328849E-003
#     10   -19       6.6124925938E-004
#     10   -18       1.0234036835E-004
#     10   -17       8.4941702220E-006
#     10   -16       5.9842097795E-005
#     10   -15       1.1280402314E-002
#     10   -14       2.3020794562E-004
#     10   -13       1.3149588371E-004
#     10   -12       9.2410012098E-005
#     10   -11       3.9630970557E-005
#     10   -10       1.4862076079E-002
#     10    -9       2.2147595330E-006
#     10    -8       3.3183717724E-005
#     10    -7       3.7675451324E-006
#     10    -6       4.1467173836E-005
#     10    -5       4.5309613461E-003
#     10    -4       1.4517502427E-004
#     10    -3       1.6635224022E-004
#     10    -2       4.6417398130E-005
#     10    -1       3.5989734039E-004
#     10     0       3.7039991020E-002
#     10     1       1.1186392946E-004
#     10     2       7.8682742936E-005
#     10     3       3.0908775678E-005
#     10     4       3.2256599348E-004
#     10     5       1.3863661614E-002
#     10     6       5.9417236434E-005
#     10     7       1.5903950976E-005
#     10     8       1.3113347705E-004
#     10     9       1.2891154748E-004
#     10    10       7.8235135495E-003
#     10    11       5.0516650599E-005
#     10    12       1.8157692889E-005
#     10    13       7.1710510442E-006
#     10    14       2.2854844733E-005
#     10    15       6.8529689455E-004
#     10    16       5.7407704256E-006
#     10    17       3.2595744835E-006
#     11   -27       4.2043274470E-005
#     11   -26       1.2653610462E-005
#     11   -25       1.8323172007E-005
#     11   -24       1.3803269516E-004
#     11   -23       3.7651474437E-004
#     11   -22       1.9586509735E-004
#     11   -21       7.3763647737E-005
#     11   -20       3.1245209019E-005
#     11   -19       2.1304429159E-004
#     11   -18       7.4282165540E-004
#     11   -17       9.2396259383E-005
#     11   -16       6.5962082455E-005
#     11   -15       6.8530046327E-005
#     11   -14       7.8465230202E-005
#     11   -13       1.3404243572E-005
#     11   -12       1.2240993805E-005
#     11   -11       8.5364524935E-005
#     11   -10       2.7805796075E-005
#     11    -9       4.0230556439E-005
#     11    -8       6.5338847868E-005
#     11    -7       3.0212343751E-006
#     11    -6       1.7531130804E-005
#     11    -5       1.7062923785E-004
#     11    -4       2.7977267029E-004
#     11    -3       2.8902364871E-004
#     11    -2       1.4662036857E-004
#     11    -1       3.7038944440E-005
#     11     0       3.1414493329E-005
#     11     1       3.7673007764E-004
#     11     2       3.4706349463E-005
#     11     3       9.1991359833E-005
#     11     4       1.6954106908E-004
#     11     5       1.5659899362E-004
#     11     6       5.9380709494E-006
#     11     7       8.1967098467E-005
#     11     8       4.6807513857E-005
#     11     9       1.1097079505E-004
#     11    10       7.2707278182E-005
#     11    11       1.8964342242E-006
#     11    12       6.5305296456E-005
#     11    13       4.4421059373E-006
#     11    14       1.3684569083E-005
#     11    15       4.8374938202E-006
#     11    16       6.8655432247E-006
#     12   -27       4.1807517580E-005
#     12   -26       1.6150051397E-004
#     12   -25       7.8424220350E-005
#     12   -24       2.2153736536E-005
#     12   -23       1.2983229782E-004
#     12   -22       4.2948801774E-004
#     12   -21       2.4750947504E-004
#     12   -20       1.0707246886E-005
#     12   -19       1.6712935919E-004
#     12   -18       5.2740183310E-004
#     12   -17       3.4267348886E-004
#     12   -16       1.0553761729E-005
#     12   -15       1.5468143293E-004
#     12   -14       4.0887021308E-004
#     12   -13       2.3956737812E-004
#     12   -12       1.4206568738E-004
#     12   -11       1.5483183408E-005
#     12   -10       2.8228108926E-005
#     12    -9       6.6092446113E-005
#     12    -8       1.4270005780E-005
#     12    -7       1.7308202361E-004
#     12    -6       1.2497569874E-004
#     12    -5       4.9290841062E-005
#     12    -4       6.2939493358E-005
#     12    -3       3.9956035038E-005
#     12    -2       3.2015794012E-005
#     12    -1       3.6276653189E-004
#     12     0       2.8954974708E-004
#     12     1       2.0788536992E-004
#     12     2       1.0809196496E-004
#     12     3       4.7037316508E-004
#     12     4       6.0043473456E-006
#     12     5       2.3948581855E-004
#     12     6       2.6728191323E-004
#     12     7       5.6201671047E-005
#     12     8       1.1403080408E-004
#     12     9       4.7238349077E-005
#     12    10       7.1747280504E-007
#     12    11       9.3232047645E-006
#     12    12       3.1232543876E-006
#     12    13       3.1583813508E-006
#     12    14       6.6826916335E-006
#     12    15       8.1564114327E-006
#     13   -28       4.0089864983E-006
#     13   -27       2.0013602563E-005
#     13   -26       7.2966365115E-005
#     13   -25       2.2899363761E-004
#     13   -24       2.9584707415E-005
#     13   -23       2.7527363968E-005
#     13   -22       5.0861005330E-004
#     13   -21       4.5995496428E-004
#     13   -20       7.2046757044E-005
#     13   -19       7.4019874064E-005
#     13   -18       1.7325732342E-004
#     13   -17       3.2541520719E-004
#     13   -16       1.5498530970E-004
#     13   -15       6.4317375682E-005
#     13   -14       2.1607418418E-005
#     13   -13       1.2016547058E-004
#     13   -12       2.3014151497E-004
#     13   -11       1.3942041059E-004
#     13   -10       7.5392092280E-005
#     13    -9       1.3971882815E-004
#     13    -8       2.6038795667E-005
#     13    -7       3.7624564492E-006
#     13    -6       1.9631141273E-004
#     13    -5       1.2918935807E-004
#     13    -4       1.9416416153E-004
#     13    -3       4.7165536763E-004
#     13    -2       2.2341971786E-004
#     13    -1       1.8055582659E-004
#     13     0       2.2268760855E-004
#     13     1       3.9247654012E-004
#     13     2       3.6187794487E-004
#     13     3       2.2642388604E-004
#     13     4       2.4236780845E-004
#     13     5       1.3065184822E-004
#     13     6       3.3715786178E-005
#     13     7       4.8826063323E-006
#     13     8       1.7325875096E-006
#     13     9       4.5336986467E-005
#     13    10       1.4170852755E-005
#     13    11       1.7862495644E-005
#     13    12       7.6072625360E-006
#     13    13       1.2569301449E-006
#     13    14       2.9383505789E-006
#     13    15       1.0186042017E-005
#     14   -28       3.0211783763E-005
#     14   -27       1.4221344037E-005
#     14   -26       6.1221543682E-005
#     14   -25       2.0184969607E-004
#     14   -24       1.2488349974E-004
#     14   -23       1.0473417395E-004
#     14   -22       5.8525060540E-005
#     14   -21       4.6943064400E-004
#     14   -20       1.6696304717E-004
#     14   -19       1.7524919212E-004
#     14   -18       1.4408764923E-004
#     14   -17       3.8783680280E-005
#     14   -16       2.0963945303E-005
#     14   -15       2.8449068947E-005
#     14   -14       6.1680595981E-005
#     14   -13       9.5338636316E-005
#     14   -12       3.6394320152E-004
#     14   -11       5.4857782360E-005
#     14   -10       5.0795042235E-006
#     14    -9       1.8036903651E-005
#     14    -8       1.8732605523E-004
#     14    -7       1.9631772703E-004
#     14    -6       4.5752428035E-004
#     14    -5       2.6145064588E-004
#     14    -4       4.9102591593E-006
#     14    -3       1.2727571557E-005
#     14    -2       7.6205907305E-004
#     14    -1       1.9830413348E-005
#     14     0       1.7897201319E-004
#     14     1       1.0759417676E-004
#     14     2       2.7039028510E-005
#     14     3       1.6050136624E-004
#     14     4       4.5481370779E-005
#     14     5       1.7743305052E-005
#     14     6       2.9832952025E-005
#     14     7       9.0916188573E-006
#     14     8       5.1047839322E-005
#     14     9       4.6366388549E-006
#     14    10       1.5039529497E-005
#     14    11       8.2552794569E-006
#     14    12       6.3683935817E-006
#     14    13       3.6221924112E-007
#     14    14       9.4721301200E-006
#     15   -28       5.6153455010E-005
#     15   -27       4.7957499141E-005
#     15   -26       1.6993503807E-005
#     15   -25       8.6671641757E-004
#     15   -24       1.3740424161E-004
#     15   -23       1.9582323747E-004
#     15   -22       1.0043007726E-004
#     15   -21       3.4944874894E-005
#     15   -20       8.5545962778E-003
#     15   -19       1.4449021594E-004
#     15   -18       1.4866828807E-004
#     15   -17       1.5557588400E-004
#     15   -16       3.1940464704E-004
#     15   -15       3.8719822401E-002
#     15   -14       7.1999892193E-005
#     15   -13       1.0647925722E-005
#     15   -12       4.2396061271E-006
#     15   -11       7.1209161471E-006
#     15   -10       1.3306844239E-002
#     15    -9       3.0733940983E-005
#     15    -8       1.3678567406E-004
#     15    -7       3.4340762101E-005
#     15    -6       5.5066156528E-005
#     15    -5       1.3081489004E-002
#     15    -4       1.3946278312E-004
#     15    -3       7.8621823104E-006
#     15    -2       1.5016622174E-006
#     15    -1       5.8899898746E-006
#     15     0       2.1814451193E-002
#     15     1       1.1108590375E-004
#     15     2       8.8294024800E-005
#     15     3       3.9610530727E-005
#     15     4       1.1857296076E-004
#     15     5       5.6048849371E-003
#     15     6       4.6602533750E-006
#     15     7       2.9641740823E-005
#     15     8       1.5745726267E-005
#     15     9       1.0922329675E-005
#     15    10       2.6476925325E-004
#     15    11       5.0646728466E-006
#     15    12       1.2140619394E-005
#     15    13       1.3927522238E-006
#     16   -27       1.2713167103E-004
#     16   -26       7.4266822577E-005
#     16   -25       1.8454947991E-005
#     16   -24       1.0663696371E-004
#     16   -23       4.3966530505E-004
#     16   -22       1.6373318050E-004
#     16   -21       4.0826832211E-005
#     16   -20       1.3254324296E-004
#     16   -19       8.0764764466E-005
#     16   -18       1.1225781671E-004
#     16   -17       2.0397018097E-005
#     16   -16       8.0369703220E-005
#     16   -15       9.7442067093E-005
#     16   -14       1.7308398877E-004
#     16   -13       3.4354149073E-004
#     16   -12       8.1317514488E-005
#     16   -11       1.4307054228E-005
#     16   -10       1.0181119232E-005
#     16    -9       2.0928445178E-004
#     16    -8       1.5655088029E-004
#     16    -7       9.5663875390E-005
#     16    -6       9.5935114817E-005
#     16    -5       9.7132402390E-005
#     16    -4       6.2472639499E-005
#     16    -3       6.6114040416E-004
#     16    -2       5.5153357772E-005
#     16    -1       9.3358362203E-005
#     16     0       2.6085835594E-004
#     16     1       4.2970776229E-004
#     16     2       2.6009063723E-004
#     16     3       1.4794766459E-004
#     16     4       4.6158158284E-005
#     16     5       2.6386297546E-005
#     16     6       3.8205340353E-005
#     16     7       2.3004847170E-005
#     16     8       5.7986592904E-005
#     16     9       1.3893072808E-005
#     16    10       3.5852406261E-006
#     16    11       1.6097714584E-005
#     17   -27       5.9553602632E-005
#     17   -26       5.8222830215E-005
#     17   -25       1.6943130507E-005
#     17   -24       7.4267338013E-005
#     17   -23       2.7447851349E-004
#     17   -22       1.7910941369E-004
#     17   -21       7.8185168611E-005
#     17   -20       7.9363507910E-005
#     17   -19       2.0767279748E-004
#     17   -18       7.1850619094E-005
#     17   -17       1.7269940113E-005
#     17   -16       3.6250800464E-005
#     17   -15       1.2283926389E-004
#     17   -14       2.1354002962E-004
#     17   -13       3.5893151992E-004
#     17   -12       3.3708268074E-004
#     17   -11       9.4124727642E-005
#     17   -10       4.5296923318E-005
#     17    -9       2.3051822383E-004
#     17    -8       2.7363328642E-004
#     17    -7       8.6874492649E-005
#     17    -6       4.6261212475E-004
#     17    -5       1.5740610305E-004
#     17    -4       8.0525495930E-005
#     17    -3       3.6888895695E-004
#     17    -2       1.9047238802E-004
#     17    -1       1.3027529813E-004
#     17     0       2.9465739747E-004
#     17     1       3.7190573317E-007
#     17     2       2.1198150902E-004
#     17     3       8.9446376715E-005
#     17     4       1.3427874653E-004
#     17     5       1.4200633395E-004
#     17     6       1.2531486342E-006
#     17     7       6.5786145344E-005
#     17     8       6.0507034438E-005
#     17     9       4.0828880270E-006
#     17    10       1.2783492357E-005
#     18   -27       3.3757605874E-005
#     18   -26       1.3901855248E-005
#     18   -25       1.0258118456E-004
#     18   -24       8.5060488617E-005
#     18   -23       1.9623229563E-005
#     18   -22       5.3213865016E-005
#     18   -21       1.7456258178E-004
#     18   -20       1.1885935357E-004
#     18   -19       1.4826312448E-006
#     18   -18       1.3735999285E-004
#     18   -17       2.8173643871E-004
#     18   -16       2.5099888519E-004
#     18   -15       7.2367299615E-005
#     18   -14       9.0377339830E-005
#     18   -13       4.5115029171E-005
#     18   -12       3.5355064420E-005
#     18   -11       7.2123168079E-005
#     18   -10       3.5858756827E-004
#     18    -9       1.1124611800E-004
#     18    -8       3.6363374082E-004
#     18    -7       4.5101099095E-005
#     18    -6       1.5769465977E-004
#     18    -5       7.9287727831E-005
#     18    -4       1.1003025625E-004
#     18    -3       1.2897192604E-004
#     18    -2       1.3369266034E-005
#     18    -1       1.6305659681E-004
#     18     0       1.6092159591E-004
#     18     1       1.6531580282E-004
#     18     2       1.5824296668E-004
#     18     3       3.2984130618E-005
#     18     4       2.0576783266E-004
#     18     5       2.3783240923E-005
#     18     6       1.1368386100E-004
#     18     7       2.9515740319E-005
#     18     8       1.6040220126E-005
#     18     9       5.4148743689E-006
#     19   -27       6.3993111063E-006
#     19   -26       2.9699760266E-005
#     19   -25       5.7899066466E-005
#     19   -24       8.2857877464E-005
#     19   -23       1.0756683092E-005
#     19   -22       1.5256828945E-005
#     19   -21       1.8299191177E-005
#     19   -20       3.7072763617E-005
#     19   -19       3.7106594071E-005
#     19   -18       1.1335221330E-004
#     19   -17       1.2677928580E-004
#     19   -16       5.9138063695E-005
#     19   -15       1.2689428056E-005
#     19   -14       1.2118529319E-004
#     19   -13       5.6777589866E-005
#     19   -12       2.0879817965E-004
#     19   -11       1.6119814244E-004
#     19   -10       1.7978243870E-005
#     19    -9       1.0288466133E-004
#     19    -8       2.5002234158E-004
#     19    -7       6.6458427703E-006
#     19    -6       3.6067516607E-004
#     19    -5       3.6226991608E-005
#     19    -4       3.1885386973E-004
#     19    -3       2.1256800238E-005
#     19    -2       1.0240819665E-004
#     19    -1       2.1228830215E-004
#     19     0       3.6965344530E-005
#     19     1       1.4992821572E-004
#     19     2       9.7876820600E-005
#     19     3       1.5882841831E-004
#     19     4       2.2312493057E-005
#     19     5       3.9108600770E-005
#     19     6       8.6971074866E-005
#     19     7       7.1000451001E-005
#     19     8       2.4887935664E-005
#     20   -27       8.6096634944E-006
#     20   -26       5.9602426819E-006
#     20   -25       4.7444028907E-004
#     20   -24       3.3601941530E-005
#     20   -23       4.2764597057E-005
#     20   -22       1.1484646237E-005
#     20   -21       7.5563616744E-005
#     20   -20       6.0226534272E-003
#     20   -19       6.8336111318E-005
#     20   -18       6.5396066327E-006
#     20   -17       2.7322445760E-006
#     20   -16       5.9504833350E-005
#     20   -15       1.0588913081E-002
#     20   -14       3.9606597499E-005
#     20   -13       1.5617813739E-004
#     20   -12       1.1445870445E-004
#     20   -11       2.5082521475E-004
#     20   -10       6.2352288563E-003
#     20    -9       5.1633725444E-004
#     20    -8       3.4298399721E-005
#     20    -7       2.9198344237E-005
#     20    -6       1.8222725171E-004
#     20    -5       5.5315836271E-003
#     20    -4       3.7452221317E-004
#     20    -3       1.2703168745E-004
#     20    -2       1.7967923527E-004
#     20    -1       1.5068610257E-004
#     20     0       1.1875289710E-003
#     20     1       8.7793005833E-005
#     20     2       5.0211953746E-005
#     20     3       1.6022629205E-004
#     20     4       1.7550896432E-004
#     20     5       6.6198189587E-005
#     20     6       4.4186866241E-006
#     20     7       3.5135692101E-005
#     21   -26       5.8954208756E-007
#     21   -25       2.2798599805E-006
#     21   -24       4.2733433015E-006
#     21   -23       5.3317564554E-005
#     21   -22       8.0150905981E-006
#     21   -21       3.2514426072E-005
#     21   -20       8.7315688219E-006
#     21   -19       2.3438467945E-005
#     21   -18       1.5446582967E-004
#     21   -17       2.8676714797E-005
#     21   -16       2.3863929232E-006
#     21   -15       9.1241012720E-005
#     21   -14       4.7464727228E-005
#     21   -13       9.0415178250E-005
#     21   -12       5.0774179069E-005
#     21   -11       2.2810571901E-004
#     21   -10       1.6265097490E-004
#     21    -9       2.3827275056E-004
#     21    -8       4.9046384111E-004
#     21    -7       2.1740489052E-004
#     21    -6       7.1281789592E-005
#     21    -5       3.9919065546E-005
#     21    -4       3.7299984921E-004
#     21    -3       2.9437014266E-004
#     21    -2       4.7772053360E-005
#     21    -1       9.6512294366E-005
#     21     0       3.5668385763E-004
#     21     1       1.7933966762E-004
#     21     2       1.3800848029E-004
#     21     3       2.0877952722E-006
#     21     4       6.0288957588E-005
#     21     5       1.7426351415E-005
#     22   -26       5.2420917130E-006
#     22   -25       8.2772068295E-007
#     22   -24       6.9024917299E-006
#     22   -23       1.2277001831E-005
#     22   -22       2.2759072676E-005
#     22   -21       1.5021069002E-006
#     22   -20       2.6298835987E-005
#     22   -19       6.5791710629E-005
#     22   -18       1.1935223919E-004
#     22   -17       2.9309589473E-005
#     22   -16       2.8857485079E-005
#     22   -15       1.3312358345E-005
#     22   -14       1.4704960941E-004
#     22   -13       1.2788249386E-005
#     22   -12       4.4806271162E-005
#     22   -11       3.0226244503E-004
#     22   -10       4.3860012211E-006
#     22    -9       2.0118325146E-004
#     22    -8       1.8923564952E-004
#     22    -7       2.4043590365E-004
#     22    -6       1.7000390521E-004
#     22    -5       1.2487795951E-005
#     22    -4       7.8884325890E-005
#     22    -3       2.4159405725E-004
#     22    -2       3.6512133655E-004
#     22    -1       9.3489204479E-005
#     22     0       3.8584435614E-006
#     22     1       6.2371376995E-005
#     22     2       1.8295659547E-004
#     22     3       5.8080286451E-005
#     22     4       2.2153298329E-005
#     23   -25       4.4982645578E-006
#     23   -24       4.6968844307E-006
#     23   -23       1.0075507682E-005
#     23   -22       4.4567006145E-005
#     23   -21       1.4735207905E-005
#     23   -20       1.0320245392E-006
#     23   -19       7.9053914200E-006
#     23   -18       7.9702699742E-006
#     23   -17       2.4375428404E-006
#     23   -16       1.0393872042E-004
#     23   -15       1.5633483373E-005
#     23   -14       3.8945215503E-005
#     23   -13       4.2807391491E-005
#     23   -12       2.0050709475E-004
#     23   -11       1.0531194493E-004
#     23   -10       5.7383628267E-005
#     23    -9       1.3857075799E-004
#     23    -8       3.6641444545E-005
#     23    -7       6.5319650278E-005
#     23    -6       4.9723749180E-004
#     23    -5       1.7496826111E-004
#     23    -4       6.1385856604E-005
#     23    -3       1.0948359008E-006
#     23    -2       1.0678333262E-004
#     23    -1       2.5873627247E-004
#     23     0       1.4626642059E-004
#     23     1       4.4604431260E-005
#     23     2       1.0032863207E-005
#     24   -24       8.7892726713E-006
#     24   -23       6.7352598100E-006
#     24   -22       2.9470872799E-006
#     24   -21       3.0457088368E-006
#     24   -20       1.6698430094E-006
#     24   -19       1.2711107720E-005
#     24   -18       4.3214445072E-007
#     24   -17       3.9608904465E-005
#     24   -16       3.2811661826E-006
#     24   -15       3.9242269816E-005
#     24   -14       1.9151515771E-005
#     24   -13       2.4711348930E-005
#     24   -12       6.6138569202E-005
#     24   -11       2.5942738664E-004
#     24   -10       1.1226293523E-004
#     24    -9       1.8586084870E-004
#     24    -8       1.6290353789E-005
#     24    -7       2.1693466114E-005
#     24    -6       5.6635926753E-005
#     24    -5       3.0480024595E-005
#     24    -4       4.9823222277E-004
#     24    -3       1.7678925665E-004
#     24    -2       3.6931617367E-006
#     24    -1       9.8913206579E-006
#     24     0       5.8362778899E-005
#     25   -23       2.6999475562E-005
#     25   -22       9.6627424045E-006
#     25   -21       8.3793524662E-006
#     25   -20       6.5662575364E-004
#     25   -19       3.9994674678E-007
#     25   -18       4.4588589865E-005
#     25   -17       1.5868041004E-005
#     25   -16       1.3650160750E-005
#     25   -15       7.3248143249E-004
#     25   -14       8.0824973114E-005
#     25   -13       1.5585088717E-005
#     25   -12       8.9249111032E-005
#     25   -11       6.1145439069E-005
#     25   -10       2.1562928821E-004
#     25    -9       1.1325837801E-004
#     25    -8       2.5570152001E-005
#     25    -7       2.9678792867E-004
#     25    -6       2.6563627973E-005
#     25    -5       2.5150136857E-004
#     25    -4       2.9796042493E-006
#     25    -3       3.0183178888E-005
#     25    -2       2.0392630765E-004
#     26   -22       2.2104633872E-006
#     26   -21       4.0634068208E-006
#     26   -20       9.9447121154E-006
#     26   -19       4.5640141288E-007
